[2023-05-07T17:55:10.302+0000] {taskinstance.py:1125} INFO - Dependencies all met for dep_context=non-requeueable deps ti=<TaskInstance: Summer_Warped_ETL.TransformData manual__2023-05-07T17:48:23.448865+00:00 [queued]>
[2023-05-07T17:55:10.307+0000] {taskinstance.py:1125} INFO - Dependencies all met for dep_context=requeueable deps ti=<TaskInstance: Summer_Warped_ETL.TransformData manual__2023-05-07T17:48:23.448865+00:00 [queued]>
[2023-05-07T17:55:10.307+0000] {taskinstance.py:1331} INFO - Starting attempt 4 of 4
[2023-05-07T17:55:10.315+0000] {taskinstance.py:1350} INFO - Executing <Task(PythonOperator): TransformData> on 2023-05-07 17:48:23.448865+00:00
[2023-05-07T17:55:10.320+0000] {standard_task_runner.py:57} INFO - Started process 417 to run task
[2023-05-07T17:55:10.324+0000] {standard_task_runner.py:84} INFO - Running: ['***', 'tasks', 'run', 'Summer_Warped_ETL', 'TransformData', 'manual__2023-05-07T17:48:23.448865+00:00', '--job-id', '919', '--raw', '--subdir', 'DAGS_FOLDER/warped-dag.py', '--cfg-path', '/tmp/tmpp9qxjryo']
[2023-05-07T17:55:10.325+0000] {standard_task_runner.py:85} INFO - Job 919: Subtask TransformData
[2023-05-07T17:55:10.361+0000] {task_command.py:410} INFO - Running <TaskInstance: Summer_Warped_ETL.TransformData manual__2023-05-07T17:48:23.448865+00:00 [running]> on host f67ce86ae01d
[2023-05-07T17:55:10.414+0000] {taskinstance.py:1570} INFO - Exporting env vars: AIRFLOW_CTX_DAG_OWNER='Ananta Moharana' AIRFLOW_CTX_DAG_ID='Summer_Warped_ETL' AIRFLOW_CTX_TASK_ID='TransformData' AIRFLOW_CTX_EXECUTION_DATE='2023-05-07T17:48:23.448865+00:00' AIRFLOW_CTX_TRY_NUMBER='4' AIRFLOW_CTX_DAG_RUN_ID='manual__2023-05-07T17:48:23.448865+00:00'
[2023-05-07T17:55:10.453+0000] {warnings.py:110} WARNING - /opt/***/dags/src/transform.py:28: SettingWithCopyWarning: 
A value is trying to be set on a copy of a slice from a DataFrame.
Try using .loc[row_indexer,col_indexer] = value instead

See the caveats in the documentation: https://pandas.pydata.org/pandas-docs/stable/user_guide/indexing.html#returning-a-view-versus-a-copy
  song_fact['date']=today

[2023-05-07T17:55:10.456+0000] {warnings.py:110} WARNING - /home/***/.local/lib/python3.7/site-packages/pandas/util/_decorators.py:311: SettingWithCopyWarning: 
A value is trying to be set on a copy of a slice from a DataFrame

See the caveats in the documentation: https://pandas.pydata.org/pandas-docs/stable/user_guide/indexing.html#returning-a-view-versus-a-copy
  return func(*args, **kwargs)

[2023-05-07T17:55:10.462+0000] {taskinstance.py:1847} ERROR - Task failed with exception
Traceback (most recent call last):
  File "/home/airflow/.local/lib/python3.7/site-packages/airflow/operators/python.py", line 181, in execute
    return_value = self.execute_callable()
  File "/home/airflow/.local/lib/python3.7/site-packages/airflow/operators/python.py", line 198, in execute_callable
    return self.python_callable(*self.op_args, **self.op_kwargs)
  File "/opt/airflow/dags/src/transform.py", line 39, in transform_data
    artist_dim=artist_dim[['artist_name','artist_id','genre']]
  File "/home/airflow/.local/lib/python3.7/site-packages/pandas/core/frame.py", line 3464, in __getitem__
    indexer = self.loc._get_listlike_indexer(key, axis=1)[1]
  File "/home/airflow/.local/lib/python3.7/site-packages/pandas/core/indexing.py", line 1314, in _get_listlike_indexer
    self._validate_read_indexer(keyarr, indexer, axis)
  File "/home/airflow/.local/lib/python3.7/site-packages/pandas/core/indexing.py", line 1377, in _validate_read_indexer
    raise KeyError(f"{not_found} not in index")
KeyError: "['genre'] not in index"
[2023-05-07T17:55:10.475+0000] {taskinstance.py:1373} INFO - Marking task as FAILED. dag_id=Summer_Warped_ETL, task_id=TransformData, execution_date=20230507T174823, start_date=20230507T175510, end_date=20230507T175510
[2023-05-07T17:55:10.481+0000] {standard_task_runner.py:109} ERROR - Failed to execute job 919 for task TransformData ("['genre'] not in index"; 417)
[2023-05-07T17:55:10.495+0000] {local_task_job_runner.py:232} INFO - Task exited with return code 1
[2023-05-07T17:55:10.516+0000] {taskinstance.py:2674} INFO - 0 downstream tasks scheduled from follow-on schedule check
