[2023-05-08T00:55:34.985+0000] {taskinstance.py:1125} INFO - Dependencies all met for dep_context=non-requeueable deps ti=<TaskInstance: Summer_Warped_ETL.LoadData.LoadSongDim manual__2023-05-08T00:07:39.219723+00:00 [queued]>
[2023-05-08T00:55:34.992+0000] {taskinstance.py:1125} INFO - Dependencies all met for dep_context=requeueable deps ti=<TaskInstance: Summer_Warped_ETL.LoadData.LoadSongDim manual__2023-05-08T00:07:39.219723+00:00 [queued]>
[2023-05-08T00:55:34.992+0000] {taskinstance.py:1331} INFO - Starting attempt 4 of 6
[2023-05-08T00:55:35.000+0000] {taskinstance.py:1350} INFO - Executing <Task(PythonOperator): LoadData.LoadSongDim> on 2023-05-08 00:07:39.219723+00:00
[2023-05-08T00:55:35.005+0000] {standard_task_runner.py:57} INFO - Started process 293 to run task
[2023-05-08T00:55:35.009+0000] {standard_task_runner.py:84} INFO - Running: ['***', 'tasks', 'run', 'Summer_Warped_ETL', 'LoadData.LoadSongDim', 'manual__2023-05-08T00:07:39.219723+00:00', '--job-id', '1668', '--raw', '--subdir', 'DAGS_FOLDER/warped-dag.py', '--cfg-path', '/tmp/tmpzdzzm0if']
[2023-05-08T00:55:35.009+0000] {standard_task_runner.py:85} INFO - Job 1668: Subtask LoadData.LoadSongDim
[2023-05-08T00:55:35.045+0000] {task_command.py:410} INFO - Running <TaskInstance: Summer_Warped_ETL.LoadData.LoadSongDim manual__2023-05-08T00:07:39.219723+00:00 [running]> on host a40687a10d43
[2023-05-08T00:55:35.100+0000] {taskinstance.py:1570} INFO - Exporting env vars: AIRFLOW_CTX_DAG_OWNER='Ananta Moharana' AIRFLOW_CTX_DAG_ID='Summer_Warped_ETL' AIRFLOW_CTX_TASK_ID='LoadData.LoadSongDim' AIRFLOW_CTX_EXECUTION_DATE='2023-05-08T00:07:39.219723+00:00' AIRFLOW_CTX_TRY_NUMBER='4' AIRFLOW_CTX_DAG_RUN_ID='manual__2023-05-08T00:07:39.219723+00:00'
[2023-05-08T00:55:35.103+0000] {logging_mixin.py:149} INFO - 2023-05/song_dim.csv
[2023-05-08T00:55:35.109+0000] {base.py:73} INFO - Using connection ID 'aws_connection' for task execution.
[2023-05-08T00:55:35.110+0000] {connection_wrapper.py:337} INFO - AWS Connection (conn_id='aws_connection', conn_type='aws') credentials retrieved from login and password.
[2023-05-08T00:55:35.317+0000] {logging_mixin.py:149} INFO -        song_name                 song_id  explicit  ...    tempo  valence  mode
0          WINGZ  7evQqGTWfKz8hIHzLVzneT     False  ...  170.025    0.120     0
1  lights (4444)  3PDNGdhCtiQemL14eKhCup      True  ...   89.982    0.428     1
2         softie  1bLEa8W1VVMFBIwp9hKYTL      True  ...  119.063    0.498     0
3    do me wrong  7H74AdiJYM7hh4SYGrq9xe     False  ...  174.960    0.396     0
4            HMU  2SWK4LJWLyev4yVYIVhjEV     False  ...   72.993    0.389     1

[5 rows x 15 columns]
[2023-05-08T00:55:35.318+0000] {logging_mixin.py:149} INFO - ['song_name', 'song_id', 'explicit', 'acousticness', 'danceability', 'duration_ms', 'energy', 'instrumentalness', 'key', 'liveness', 'loudness', 'speechiness', 'tempo', 'valence', 'mode']
[2023-05-08T00:55:35.324+0000] {base.py:73} INFO - Using connection ID '***' for task execution.
[2023-05-08T00:55:35.352+0000] {python.py:183} INFO - Done. Returned value was: None
[2023-05-08T00:55:35.361+0000] {taskinstance.py:1373} INFO - Marking task as SUCCESS. dag_id=Summer_Warped_ETL, task_id=LoadData.LoadSongDim, execution_date=20230508T000739, start_date=20230508T005534, end_date=20230508T005535
[2023-05-08T00:55:35.384+0000] {local_task_job_runner.py:232} INFO - Task exited with return code 0
[2023-05-08T00:55:35.403+0000] {taskinstance.py:2674} INFO - 1 downstream tasks scheduled from follow-on schedule check
