[2023-05-07T22:54:31.421+0000] {taskinstance.py:1125} INFO - Dependencies all met for dep_context=non-requeueable deps ti=<TaskInstance: Summer_Warped_ETL.GetSongsFromPlaylist manual__2023-05-07T22:50:54.990520+00:00 [queued]>
[2023-05-07T22:54:31.426+0000] {taskinstance.py:1125} INFO - Dependencies all met for dep_context=requeueable deps ti=<TaskInstance: Summer_Warped_ETL.GetSongsFromPlaylist manual__2023-05-07T22:50:54.990520+00:00 [queued]>
[2023-05-07T22:54:31.427+0000] {taskinstance.py:1331} INFO - Starting attempt 2 of 4
[2023-05-07T22:54:31.434+0000] {taskinstance.py:1350} INFO - Executing <Task(PythonOperator): GetSongsFromPlaylist> on 2023-05-07 22:50:54.990520+00:00
[2023-05-07T22:54:31.440+0000] {standard_task_runner.py:57} INFO - Started process 71 to run task
[2023-05-07T22:54:31.444+0000] {standard_task_runner.py:84} INFO - Running: ['***', 'tasks', 'run', 'Summer_Warped_ETL', 'GetSongsFromPlaylist', 'manual__2023-05-07T22:50:54.990520+00:00', '--job-id', '1473', '--raw', '--subdir', 'DAGS_FOLDER/warped-dag.py', '--cfg-path', '/tmp/tmpo4dm546v']
[2023-05-07T22:54:31.445+0000] {standard_task_runner.py:85} INFO - Job 1473: Subtask GetSongsFromPlaylist
[2023-05-07T22:54:31.488+0000] {task_command.py:410} INFO - Running <TaskInstance: Summer_Warped_ETL.GetSongsFromPlaylist manual__2023-05-07T22:50:54.990520+00:00 [running]> on host fa349db4fc2f
[2023-05-07T22:54:31.546+0000] {taskinstance.py:1570} INFO - Exporting env vars: AIRFLOW_CTX_DAG_OWNER='Ananta Moharana' AIRFLOW_CTX_DAG_ID='Summer_Warped_ETL' AIRFLOW_CTX_TASK_ID='GetSongsFromPlaylist' AIRFLOW_CTX_EXECUTION_DATE='2023-05-07T22:50:54.990520+00:00' AIRFLOW_CTX_TRY_NUMBER='2' AIRFLOW_CTX_DAG_RUN_ID='manual__2023-05-07T22:50:54.990520+00:00'
[2023-05-07T22:54:31.917+0000] {logging_mixin.py:149} INFO - 100
[2023-05-07T22:54:31.917+0000] {logging_mixin.py:149} INFO - 0
[2023-05-07T22:54:31.920+0000] {logging_mixin.py:149} INFO - 1
[2023-05-07T22:54:31.922+0000] {logging_mixin.py:149} INFO - 2
[2023-05-07T22:54:31.923+0000] {logging_mixin.py:149} INFO - 3
[2023-05-07T22:54:31.925+0000] {logging_mixin.py:149} INFO - 4
[2023-05-07T22:54:31.926+0000] {logging_mixin.py:149} INFO - 5
[2023-05-07T22:54:31.928+0000] {logging_mixin.py:149} INFO - 6
[2023-05-07T22:54:31.929+0000] {logging_mixin.py:149} INFO - 7
[2023-05-07T22:54:31.931+0000] {logging_mixin.py:149} INFO - 8
[2023-05-07T22:54:31.932+0000] {logging_mixin.py:149} INFO - 9
[2023-05-07T22:54:31.933+0000] {logging_mixin.py:149} INFO - 10
[2023-05-07T22:54:31.935+0000] {logging_mixin.py:149} INFO - 11
[2023-05-07T22:54:31.936+0000] {logging_mixin.py:149} INFO - 12
[2023-05-07T22:54:31.937+0000] {logging_mixin.py:149} INFO - 13
[2023-05-07T22:54:31.938+0000] {logging_mixin.py:149} INFO - 14
[2023-05-07T22:54:31.939+0000] {logging_mixin.py:149} INFO - 15
[2023-05-07T22:54:31.940+0000] {logging_mixin.py:149} INFO - 16
[2023-05-07T22:54:31.942+0000] {logging_mixin.py:149} INFO - 17
[2023-05-07T22:54:31.943+0000] {logging_mixin.py:149} INFO - 18
[2023-05-07T22:54:31.945+0000] {logging_mixin.py:149} INFO - 19
[2023-05-07T22:54:31.946+0000] {logging_mixin.py:149} INFO - 20
[2023-05-07T22:54:31.947+0000] {logging_mixin.py:149} INFO - 21
[2023-05-07T22:54:31.948+0000] {logging_mixin.py:149} INFO - 22
[2023-05-07T22:54:31.949+0000] {logging_mixin.py:149} INFO - 23
[2023-05-07T22:54:31.950+0000] {logging_mixin.py:149} INFO - 24
[2023-05-07T22:54:31.951+0000] {logging_mixin.py:149} INFO - 25
[2023-05-07T22:54:31.952+0000] {logging_mixin.py:149} INFO - 26
[2023-05-07T22:54:31.953+0000] {logging_mixin.py:149} INFO - 27
[2023-05-07T22:54:31.956+0000] {logging_mixin.py:149} INFO - 28
[2023-05-07T22:54:31.958+0000] {logging_mixin.py:149} INFO - 29
[2023-05-07T22:54:31.959+0000] {logging_mixin.py:149} INFO - 30
[2023-05-07T22:54:31.960+0000] {logging_mixin.py:149} INFO - 31
[2023-05-07T22:54:31.961+0000] {logging_mixin.py:149} INFO - 32
[2023-05-07T22:54:31.962+0000] {logging_mixin.py:149} INFO - 33
[2023-05-07T22:54:31.963+0000] {logging_mixin.py:149} INFO - 34
[2023-05-07T22:54:31.964+0000] {logging_mixin.py:149} INFO - 35
[2023-05-07T22:54:31.965+0000] {logging_mixin.py:149} INFO - 36
[2023-05-07T22:54:31.967+0000] {logging_mixin.py:149} INFO - 37
[2023-05-07T22:54:31.968+0000] {logging_mixin.py:149} INFO - 38
[2023-05-07T22:54:31.969+0000] {logging_mixin.py:149} INFO - 39
[2023-05-07T22:54:31.971+0000] {logging_mixin.py:149} INFO - 40
[2023-05-07T22:54:31.973+0000] {logging_mixin.py:149} INFO - 41
[2023-05-07T22:54:31.974+0000] {logging_mixin.py:149} INFO - 42
[2023-05-07T22:54:31.975+0000] {logging_mixin.py:149} INFO - 43
[2023-05-07T22:54:31.976+0000] {logging_mixin.py:149} INFO - 44
[2023-05-07T22:54:31.977+0000] {logging_mixin.py:149} INFO - 45
[2023-05-07T22:54:31.978+0000] {logging_mixin.py:149} INFO - 46
[2023-05-07T22:54:31.979+0000] {logging_mixin.py:149} INFO - 47
[2023-05-07T22:54:31.981+0000] {logging_mixin.py:149} INFO - 48
[2023-05-07T22:54:31.982+0000] {logging_mixin.py:149} INFO - 49
[2023-05-07T22:54:31.983+0000] {logging_mixin.py:149} INFO - 50
[2023-05-07T22:54:31.984+0000] {logging_mixin.py:149} INFO - 51
[2023-05-07T22:54:31.985+0000] {logging_mixin.py:149} INFO - 52
[2023-05-07T22:54:31.986+0000] {logging_mixin.py:149} INFO - 53
[2023-05-07T22:54:31.987+0000] {logging_mixin.py:149} INFO - 54
[2023-05-07T22:54:31.988+0000] {logging_mixin.py:149} INFO - 55
[2023-05-07T22:54:31.989+0000] {logging_mixin.py:149} INFO - 56
[2023-05-07T22:54:31.990+0000] {logging_mixin.py:149} INFO - 57
[2023-05-07T22:54:31.991+0000] {logging_mixin.py:149} INFO - 58
[2023-05-07T22:54:31.992+0000] {logging_mixin.py:149} INFO - 59
[2023-05-07T22:54:31.993+0000] {logging_mixin.py:149} INFO - 60
[2023-05-07T22:54:31.994+0000] {logging_mixin.py:149} INFO - 61
[2023-05-07T22:54:31.995+0000] {logging_mixin.py:149} INFO - 62
[2023-05-07T22:54:31.996+0000] {logging_mixin.py:149} INFO - 63
[2023-05-07T22:54:31.997+0000] {logging_mixin.py:149} INFO - 64
[2023-05-07T22:54:31.998+0000] {logging_mixin.py:149} INFO - 65
[2023-05-07T22:54:31.999+0000] {logging_mixin.py:149} INFO - 66
[2023-05-07T22:54:32.001+0000] {logging_mixin.py:149} INFO - 67
[2023-05-07T22:54:32.002+0000] {logging_mixin.py:149} INFO - 68
[2023-05-07T22:54:32.003+0000] {logging_mixin.py:149} INFO - 69
[2023-05-07T22:54:32.004+0000] {logging_mixin.py:149} INFO - 70
[2023-05-07T22:54:32.005+0000] {logging_mixin.py:149} INFO - 71
[2023-05-07T22:54:32.006+0000] {logging_mixin.py:149} INFO - 72
[2023-05-07T22:54:32.008+0000] {logging_mixin.py:149} INFO - 73
[2023-05-07T22:54:32.009+0000] {logging_mixin.py:149} INFO - 74
[2023-05-07T22:54:32.010+0000] {logging_mixin.py:149} INFO - 75
[2023-05-07T22:54:32.011+0000] {logging_mixin.py:149} INFO - 76
[2023-05-07T22:54:32.012+0000] {logging_mixin.py:149} INFO - 77
[2023-05-07T22:54:32.013+0000] {logging_mixin.py:149} INFO - 78
[2023-05-07T22:54:32.014+0000] {logging_mixin.py:149} INFO - 79
[2023-05-07T22:54:32.015+0000] {logging_mixin.py:149} INFO - 80
[2023-05-07T22:54:32.017+0000] {logging_mixin.py:149} INFO - 81
[2023-05-07T22:54:32.018+0000] {logging_mixin.py:149} INFO - 82
[2023-05-07T22:54:32.019+0000] {logging_mixin.py:149} INFO - 83
[2023-05-07T22:54:32.021+0000] {logging_mixin.py:149} INFO - 84
[2023-05-07T22:54:32.022+0000] {logging_mixin.py:149} INFO - 85
[2023-05-07T22:54:32.024+0000] {logging_mixin.py:149} INFO - 86
[2023-05-07T22:54:32.025+0000] {logging_mixin.py:149} INFO - 87
[2023-05-07T22:54:32.026+0000] {logging_mixin.py:149} INFO - 88
[2023-05-07T22:54:32.027+0000] {logging_mixin.py:149} INFO - 89
[2023-05-07T22:54:32.029+0000] {logging_mixin.py:149} INFO - 90
[2023-05-07T22:54:32.031+0000] {logging_mixin.py:149} INFO - 91
[2023-05-07T22:54:32.032+0000] {logging_mixin.py:149} INFO - 92
[2023-05-07T22:54:32.034+0000] {logging_mixin.py:149} INFO - 93
[2023-05-07T22:54:32.036+0000] {logging_mixin.py:149} INFO - 94
[2023-05-07T22:54:32.038+0000] {logging_mixin.py:149} INFO - 95
[2023-05-07T22:54:32.039+0000] {logging_mixin.py:149} INFO - 96
[2023-05-07T22:54:32.040+0000] {logging_mixin.py:149} INFO - 97
[2023-05-07T22:54:32.041+0000] {logging_mixin.py:149} INFO - 98
[2023-05-07T22:54:32.042+0000] {logging_mixin.py:149} INFO - 99
[2023-05-07T22:54:32.056+0000] {python.py:183} INFO - Done. Returned value was: None
[2023-05-07T22:54:32.063+0000] {taskinstance.py:1373} INFO - Marking task as SUCCESS. dag_id=Summer_Warped_ETL, task_id=GetSongsFromPlaylist, execution_date=20230507T225054, start_date=20230507T225431, end_date=20230507T225432
[2023-05-07T22:54:32.097+0000] {local_task_job_runner.py:232} INFO - Task exited with return code 0
[2023-05-07T22:54:32.117+0000] {taskinstance.py:2674} INFO - 2 downstream tasks scheduled from follow-on schedule check
