[2023-05-07T22:57:02.912+0000] {taskinstance.py:1125} INFO - Dependencies all met for dep_context=non-requeueable deps ti=<TaskInstance: Summer_Warped_ETL.LoadData.Load manual__2023-05-07T22:54:30.361863+00:00 [queued]>
[2023-05-07T22:57:02.920+0000] {taskinstance.py:1125} INFO - Dependencies all met for dep_context=requeueable deps ti=<TaskInstance: Summer_Warped_ETL.LoadData.Load manual__2023-05-07T22:54:30.361863+00:00 [queued]>
[2023-05-07T22:57:02.921+0000] {taskinstance.py:1331} INFO - Starting attempt 2 of 4
[2023-05-07T22:57:02.953+0000] {taskinstance.py:1350} INFO - Executing <Task(PythonOperator): LoadData.Load> on 2023-05-07 22:54:30.361863+00:00
[2023-05-07T22:57:02.964+0000] {standard_task_runner.py:57} INFO - Started process 369 to run task
[2023-05-07T22:57:02.976+0000] {standard_task_runner.py:84} INFO - Running: ['***', 'tasks', 'run', 'Summer_Warped_ETL', 'LoadData.Load', 'manual__2023-05-07T22:54:30.361863+00:00', '--job-id', '1529', '--raw', '--subdir', 'DAGS_FOLDER/warped-dag.py', '--cfg-path', '/tmp/tmp8w60ynnn']
[2023-05-07T22:57:02.978+0000] {standard_task_runner.py:85} INFO - Job 1529: Subtask LoadData.Load
[2023-05-07T22:57:03.041+0000] {task_command.py:410} INFO - Running <TaskInstance: Summer_Warped_ETL.LoadData.Load manual__2023-05-07T22:54:30.361863+00:00 [running]> on host fa349db4fc2f
[2023-05-07T22:57:03.120+0000] {taskinstance.py:1570} INFO - Exporting env vars: AIRFLOW_CTX_DAG_OWNER='Ananta Moharana' AIRFLOW_CTX_DAG_ID='Summer_Warped_ETL' AIRFLOW_CTX_TASK_ID='LoadData.Load' AIRFLOW_CTX_EXECUTION_DATE='2023-05-07T22:54:30.361863+00:00' AIRFLOW_CTX_TRY_NUMBER='2' AIRFLOW_CTX_DAG_RUN_ID='manual__2023-05-07T22:54:30.361863+00:00'
[2023-05-07T22:57:03.122+0000] {logging_mixin.py:149} INFO - 2023-05/song_dim.csv
[2023-05-07T22:57:03.130+0000] {base.py:73} INFO - Using connection ID 'aws_connection' for task execution.
[2023-05-07T22:57:03.131+0000] {connection_wrapper.py:337} INFO - AWS Connection (conn_id='aws_connection', conn_type='aws') credentials retrieved from login and password.
[2023-05-07T22:57:03.410+0000] {logging_mixin.py:149} INFO -        song_name                 song_id  explicit  ...    tempo  valence  mode
0          WINGZ  7evQqGTWfKz8hIHzLVzneT     False  ...  170.025    0.120     0
1  lights (4444)  3PDNGdhCtiQemL14eKhCup      True  ...   89.982    0.428     1
2         softie  1bLEa8W1VVMFBIwp9hKYTL      True  ...  119.063    0.498     0
3    do me wrong  7H74AdiJYM7hh4SYGrq9xe     False  ...  174.960    0.396     0
4            HMU  2SWK4LJWLyev4yVYIVhjEV     False  ...   72.993    0.389     1

[5 rows x 15 columns]
[2023-05-07T22:57:03.411+0000] {logging_mixin.py:149} INFO - ['song_name', 'song_id', 'explicit', 'acousticness', 'danceability', 'duration_ms', 'energy', 'instrumentalness', 'key', 'liveness', 'loudness', 'speechiness', 'tempo', 'valence', 'mode']
[2023-05-07T22:57:03.411+0000] {python.py:183} INFO - Done. Returned value was: None
[2023-05-07T22:57:03.422+0000] {taskinstance.py:1373} INFO - Marking task as SUCCESS. dag_id=Summer_Warped_ETL, task_id=LoadData.Load, execution_date=20230507T225430, start_date=20230507T225702, end_date=20230507T225703
[2023-05-07T22:57:03.466+0000] {local_task_job_runner.py:232} INFO - Task exited with return code 0
[2023-05-07T22:57:03.482+0000] {taskinstance.py:2674} INFO - 0 downstream tasks scheduled from follow-on schedule check
