[2023-05-07T22:31:23.743+0000] {taskinstance.py:1125} INFO - Dependencies all met for dep_context=non-requeueable deps ti=<TaskInstance: Summer_Warped_ETL.GetSongsFromPlaylist manual__2023-05-07T22:31:20.455930+00:00 [queued]>
[2023-05-07T22:31:23.751+0000] {taskinstance.py:1125} INFO - Dependencies all met for dep_context=requeueable deps ti=<TaskInstance: Summer_Warped_ETL.GetSongsFromPlaylist manual__2023-05-07T22:31:20.455930+00:00 [queued]>
[2023-05-07T22:31:23.751+0000] {taskinstance.py:1331} INFO - Starting attempt 1 of 3
[2023-05-07T22:31:23.769+0000] {taskinstance.py:1350} INFO - Executing <Task(PythonOperator): GetSongsFromPlaylist> on 2023-05-07 22:31:20.455930+00:00
[2023-05-07T22:31:23.778+0000] {standard_task_runner.py:57} INFO - Started process 1808 to run task
[2023-05-07T22:31:23.785+0000] {standard_task_runner.py:84} INFO - Running: ['***', 'tasks', 'run', 'Summer_Warped_ETL', 'GetSongsFromPlaylist', 'manual__2023-05-07T22:31:20.455930+00:00', '--job-id', '1183', '--raw', '--subdir', 'DAGS_FOLDER/warped-dag.py', '--cfg-path', '/tmp/tmp59zapjy5']
[2023-05-07T22:31:23.786+0000] {standard_task_runner.py:85} INFO - Job 1183: Subtask GetSongsFromPlaylist
[2023-05-07T22:31:23.840+0000] {task_command.py:410} INFO - Running <TaskInstance: Summer_Warped_ETL.GetSongsFromPlaylist manual__2023-05-07T22:31:20.455930+00:00 [running]> on host 31774baccecb
[2023-05-07T22:31:23.917+0000] {taskinstance.py:1570} INFO - Exporting env vars: AIRFLOW_CTX_DAG_OWNER='Ananta Moharana' AIRFLOW_CTX_DAG_ID='Summer_Warped_ETL' AIRFLOW_CTX_TASK_ID='GetSongsFromPlaylist' AIRFLOW_CTX_EXECUTION_DATE='2023-05-07T22:31:20.455930+00:00' AIRFLOW_CTX_TRY_NUMBER='1' AIRFLOW_CTX_DAG_RUN_ID='manual__2023-05-07T22:31:20.455930+00:00'
[2023-05-07T22:31:24.406+0000] {logging_mixin.py:149} INFO - 100
[2023-05-07T22:31:24.406+0000] {logging_mixin.py:149} INFO - 0
[2023-05-07T22:31:24.410+0000] {logging_mixin.py:149} INFO - 1
[2023-05-07T22:31:24.412+0000] {logging_mixin.py:149} INFO - 2
[2023-05-07T22:31:24.413+0000] {logging_mixin.py:149} INFO - 3
[2023-05-07T22:31:24.414+0000] {logging_mixin.py:149} INFO - 4
[2023-05-07T22:31:24.416+0000] {logging_mixin.py:149} INFO - 5
[2023-05-07T22:31:24.418+0000] {logging_mixin.py:149} INFO - 6
[2023-05-07T22:31:24.419+0000] {logging_mixin.py:149} INFO - 7
[2023-05-07T22:31:24.421+0000] {logging_mixin.py:149} INFO - 8
[2023-05-07T22:31:24.423+0000] {logging_mixin.py:149} INFO - 9
[2023-05-07T22:31:24.424+0000] {logging_mixin.py:149} INFO - 10
[2023-05-07T22:31:24.426+0000] {logging_mixin.py:149} INFO - 11
[2023-05-07T22:31:24.427+0000] {logging_mixin.py:149} INFO - 12
[2023-05-07T22:31:24.428+0000] {logging_mixin.py:149} INFO - 13
[2023-05-07T22:31:24.430+0000] {logging_mixin.py:149} INFO - 14
[2023-05-07T22:31:24.431+0000] {logging_mixin.py:149} INFO - 15
[2023-05-07T22:31:24.432+0000] {logging_mixin.py:149} INFO - 16
[2023-05-07T22:31:24.433+0000] {logging_mixin.py:149} INFO - 17
[2023-05-07T22:31:24.434+0000] {logging_mixin.py:149} INFO - 18
[2023-05-07T22:31:24.436+0000] {logging_mixin.py:149} INFO - 19
[2023-05-07T22:31:24.437+0000] {logging_mixin.py:149} INFO - 20
[2023-05-07T22:31:24.438+0000] {logging_mixin.py:149} INFO - 21
[2023-05-07T22:31:24.439+0000] {logging_mixin.py:149} INFO - 22
[2023-05-07T22:31:24.440+0000] {logging_mixin.py:149} INFO - 23
[2023-05-07T22:31:24.441+0000] {logging_mixin.py:149} INFO - 24
[2023-05-07T22:31:24.442+0000] {logging_mixin.py:149} INFO - 25
[2023-05-07T22:31:24.443+0000] {logging_mixin.py:149} INFO - 26
[2023-05-07T22:31:24.444+0000] {logging_mixin.py:149} INFO - 27
[2023-05-07T22:31:24.447+0000] {logging_mixin.py:149} INFO - 28
[2023-05-07T22:31:24.448+0000] {logging_mixin.py:149} INFO - 29
[2023-05-07T22:31:24.449+0000] {logging_mixin.py:149} INFO - 30
[2023-05-07T22:31:24.450+0000] {logging_mixin.py:149} INFO - 31
[2023-05-07T22:31:24.451+0000] {logging_mixin.py:149} INFO - 32
[2023-05-07T22:31:24.452+0000] {logging_mixin.py:149} INFO - 33
[2023-05-07T22:31:24.453+0000] {logging_mixin.py:149} INFO - 34
[2023-05-07T22:31:24.454+0000] {logging_mixin.py:149} INFO - 35
[2023-05-07T22:31:24.456+0000] {logging_mixin.py:149} INFO - 36
[2023-05-07T22:31:24.458+0000] {logging_mixin.py:149} INFO - 37
[2023-05-07T22:31:24.459+0000] {logging_mixin.py:149} INFO - 38
[2023-05-07T22:31:24.460+0000] {logging_mixin.py:149} INFO - 39
[2023-05-07T22:31:24.462+0000] {logging_mixin.py:149} INFO - 40
[2023-05-07T22:31:24.464+0000] {logging_mixin.py:149} INFO - 41
[2023-05-07T22:31:24.465+0000] {logging_mixin.py:149} INFO - 42
[2023-05-07T22:31:24.467+0000] {logging_mixin.py:149} INFO - 43
[2023-05-07T22:31:24.468+0000] {logging_mixin.py:149} INFO - 44
[2023-05-07T22:31:24.469+0000] {logging_mixin.py:149} INFO - 45
[2023-05-07T22:31:24.470+0000] {logging_mixin.py:149} INFO - 46
[2023-05-07T22:31:24.472+0000] {logging_mixin.py:149} INFO - 47
[2023-05-07T22:31:24.474+0000] {logging_mixin.py:149} INFO - 48
[2023-05-07T22:31:24.476+0000] {logging_mixin.py:149} INFO - 49
[2023-05-07T22:31:24.477+0000] {logging_mixin.py:149} INFO - 50
[2023-05-07T22:31:24.478+0000] {logging_mixin.py:149} INFO - 51
[2023-05-07T22:31:24.479+0000] {logging_mixin.py:149} INFO - 52
[2023-05-07T22:31:24.480+0000] {logging_mixin.py:149} INFO - 53
[2023-05-07T22:31:24.481+0000] {logging_mixin.py:149} INFO - 54
[2023-05-07T22:31:24.482+0000] {logging_mixin.py:149} INFO - 55
[2023-05-07T22:31:24.484+0000] {logging_mixin.py:149} INFO - 56
[2023-05-07T22:31:24.485+0000] {logging_mixin.py:149} INFO - 57
[2023-05-07T22:31:24.486+0000] {logging_mixin.py:149} INFO - 58
[2023-05-07T22:31:24.488+0000] {logging_mixin.py:149} INFO - 59
[2023-05-07T22:31:24.489+0000] {logging_mixin.py:149} INFO - 60
[2023-05-07T22:31:24.490+0000] {logging_mixin.py:149} INFO - 61
[2023-05-07T22:31:24.492+0000] {logging_mixin.py:149} INFO - 62
[2023-05-07T22:31:24.493+0000] {logging_mixin.py:149} INFO - 63
[2023-05-07T22:31:24.495+0000] {logging_mixin.py:149} INFO - 64
[2023-05-07T22:31:24.496+0000] {logging_mixin.py:149} INFO - 65
[2023-05-07T22:31:24.498+0000] {logging_mixin.py:149} INFO - 66
[2023-05-07T22:31:24.500+0000] {logging_mixin.py:149} INFO - 67
[2023-05-07T22:31:24.501+0000] {logging_mixin.py:149} INFO - 68
[2023-05-07T22:31:24.502+0000] {logging_mixin.py:149} INFO - 69
[2023-05-07T22:31:24.504+0000] {logging_mixin.py:149} INFO - 70
[2023-05-07T22:31:24.506+0000] {logging_mixin.py:149} INFO - 71
[2023-05-07T22:31:24.508+0000] {logging_mixin.py:149} INFO - 72
[2023-05-07T22:31:24.511+0000] {logging_mixin.py:149} INFO - 73
[2023-05-07T22:31:24.512+0000] {logging_mixin.py:149} INFO - 74
[2023-05-07T22:31:24.513+0000] {logging_mixin.py:149} INFO - 75
[2023-05-07T22:31:24.514+0000] {logging_mixin.py:149} INFO - 76
[2023-05-07T22:31:24.515+0000] {logging_mixin.py:149} INFO - 77
[2023-05-07T22:31:24.517+0000] {logging_mixin.py:149} INFO - 78
[2023-05-07T22:31:24.518+0000] {logging_mixin.py:149} INFO - 79
[2023-05-07T22:31:24.519+0000] {logging_mixin.py:149} INFO - 80
[2023-05-07T22:31:24.521+0000] {logging_mixin.py:149} INFO - 81
[2023-05-07T22:31:24.523+0000] {logging_mixin.py:149} INFO - 82
[2023-05-07T22:31:24.524+0000] {logging_mixin.py:149} INFO - 83
[2023-05-07T22:31:24.525+0000] {logging_mixin.py:149} INFO - 84
[2023-05-07T22:31:24.527+0000] {logging_mixin.py:149} INFO - 85
[2023-05-07T22:31:24.529+0000] {logging_mixin.py:149} INFO - 86
[2023-05-07T22:31:24.529+0000] {logging_mixin.py:149} INFO - 87
[2023-05-07T22:31:24.530+0000] {logging_mixin.py:149} INFO - 88
[2023-05-07T22:31:24.531+0000] {logging_mixin.py:149} INFO - 89
[2023-05-07T22:31:24.534+0000] {logging_mixin.py:149} INFO - 90
[2023-05-07T22:31:24.535+0000] {logging_mixin.py:149} INFO - 91
[2023-05-07T22:31:24.536+0000] {logging_mixin.py:149} INFO - 92
[2023-05-07T22:31:24.538+0000] {logging_mixin.py:149} INFO - 93
[2023-05-07T22:31:24.540+0000] {logging_mixin.py:149} INFO - 94
[2023-05-07T22:31:24.542+0000] {logging_mixin.py:149} INFO - 95
[2023-05-07T22:31:24.543+0000] {logging_mixin.py:149} INFO - 96
[2023-05-07T22:31:24.544+0000] {logging_mixin.py:149} INFO - 97
[2023-05-07T22:31:24.545+0000] {logging_mixin.py:149} INFO - 98
[2023-05-07T22:31:24.546+0000] {logging_mixin.py:149} INFO - 99
[2023-05-07T22:31:24.561+0000] {python.py:183} INFO - Done. Returned value was: None
[2023-05-07T22:31:24.569+0000] {taskinstance.py:1373} INFO - Marking task as SUCCESS. dag_id=Summer_Warped_ETL, task_id=GetSongsFromPlaylist, execution_date=20230507T223120, start_date=20230507T223123, end_date=20230507T223124
[2023-05-07T22:31:24.615+0000] {local_task_job_runner.py:232} INFO - Task exited with return code 0
[2023-05-07T22:31:24.638+0000] {taskinstance.py:2674} INFO - 2 downstream tasks scheduled from follow-on schedule check
