[2023-05-08T04:26:13.111+0000] {taskinstance.py:1125} INFO - Dependencies all met for dep_context=non-requeueable deps ti=<TaskInstance: Summer_Warped_ETL.GetArtistInfo manual__2023-05-08T04:26:07.718018+00:00 [queued]>
[2023-05-08T04:26:13.118+0000] {taskinstance.py:1125} INFO - Dependencies all met for dep_context=requeueable deps ti=<TaskInstance: Summer_Warped_ETL.GetArtistInfo manual__2023-05-08T04:26:07.718018+00:00 [queued]>
[2023-05-08T04:26:13.119+0000] {taskinstance.py:1331} INFO - Starting attempt 1 of 3
[2023-05-08T04:26:13.134+0000] {taskinstance.py:1350} INFO - Executing <Task(PythonOperator): GetArtistInfo> on 2023-05-08 04:26:07.718018+00:00
[2023-05-08T04:26:13.140+0000] {standard_task_runner.py:57} INFO - Started process 4015 to run task
[2023-05-08T04:26:13.146+0000] {standard_task_runner.py:84} INFO - Running: ['***', 'tasks', 'run', 'Summer_Warped_ETL', 'GetArtistInfo', 'manual__2023-05-08T04:26:07.718018+00:00', '--job-id', '2166', '--raw', '--subdir', 'DAGS_FOLDER/warped-dag.py', '--cfg-path', '/tmp/tmplmvmb9ci']
[2023-05-08T04:26:13.147+0000] {standard_task_runner.py:85} INFO - Job 2166: Subtask GetArtistInfo
[2023-05-08T04:26:13.222+0000] {task_command.py:410} INFO - Running <TaskInstance: Summer_Warped_ETL.GetArtistInfo manual__2023-05-08T04:26:07.718018+00:00 [running]> on host a40687a10d43
[2023-05-08T04:26:13.295+0000] {taskinstance.py:1570} INFO - Exporting env vars: AIRFLOW_CTX_DAG_OWNER='Ananta Moharana' AIRFLOW_CTX_DAG_ID='Summer_Warped_ETL' AIRFLOW_CTX_TASK_ID='GetArtistInfo' AIRFLOW_CTX_EXECUTION_DATE='2023-05-08T04:26:07.718018+00:00' AIRFLOW_CTX_TRY_NUMBER='1' AIRFLOW_CTX_DAG_RUN_ID='manual__2023-05-08T04:26:07.718018+00:00'
[2023-05-08T04:26:13.434+0000] {logging_mixin.py:149} INFO - cloud rap
[2023-05-08T04:26:13.627+0000] {logging_mixin.py:149} INFO - cloud rap
[2023-05-08T04:26:13.836+0000] {logging_mixin.py:149} INFO - la pop
[2023-05-08T04:26:13.935+0000] {logging_mixin.py:149} INFO - indie hip hop
[2023-05-08T04:26:14.134+0000] {logging_mixin.py:149} INFO - cloud rap
[2023-05-08T04:26:14.319+0000] {logging_mixin.py:149} INFO - aesthetic rap
[2023-05-08T04:26:14.408+0000] {logging_mixin.py:149} INFO - emo rap
[2023-05-08T04:26:14.512+0000] {logging_mixin.py:149} INFO - canadian contemporary r&b
[2023-05-08T04:26:14.867+0000] {logging_mixin.py:149} INFO - deep underground hip hop
[2023-05-08T04:26:15.061+0000] {logging_mixin.py:149} INFO - cloud rap
[2023-05-08T04:26:15.157+0000] {logging_mixin.py:149} INFO - underground hip hop
[2023-05-08T04:26:15.360+0000] {logging_mixin.py:149} INFO - st louis rap
[2023-05-08T04:26:15.443+0000] {logging_mixin.py:149} INFO - cloud rap
[2023-05-08T04:26:15.638+0000] {logging_mixin.py:149} INFO - canadian contemporary r&b
[2023-05-08T04:26:15.829+0000] {logging_mixin.py:149} INFO - asian american hip hop
[2023-05-08T04:26:16.026+0000] {logging_mixin.py:149} INFO - nyc rap
[2023-05-08T04:26:16.240+0000] {logging_mixin.py:149} INFO - indie pop rap
[2023-05-08T04:26:16.336+0000] {logging_mixin.py:149} INFO - bedroom soul
[2023-05-08T04:26:16.429+0000] {logging_mixin.py:149} INFO - cloud rap
[2023-05-08T04:26:16.523+0000] {logging_mixin.py:149} INFO - glitchcore
[2023-05-08T04:26:16.790+0000] {logging_mixin.py:149} INFO - glitchcore
[2023-05-08T04:26:16.907+0000] {logging_mixin.py:149} INFO - hyperpop
[2023-05-08T04:26:17.007+0000] {logging_mixin.py:149} INFO - glitchcore
[2023-05-08T04:26:17.099+0000] {logging_mixin.py:149} INFO - cali rap
[2023-05-08T04:26:17.191+0000] {logging_mixin.py:149} INFO - sad rap
[2023-05-08T04:26:17.384+0000] {logging_mixin.py:149} INFO - emo rap
[2023-05-08T04:26:17.502+0000] {logging_mixin.py:149} INFO - indonesian hip hop
[2023-05-08T04:26:17.710+0000] {logging_mixin.py:149} INFO - pop edm
[2023-05-08T04:26:17.802+0000] {logging_mixin.py:149} INFO - upstate ny rap
[2023-05-08T04:26:17.911+0000] {logging_mixin.py:149} INFO - hyperpop
[2023-05-08T04:26:18.222+0000] {logging_mixin.py:149} INFO - cloud rap
[2023-05-08T04:26:18.410+0000] {logging_mixin.py:149} INFO - emoplugg
[2023-05-08T04:26:18.507+0000] {logging_mixin.py:149} INFO - emo rap
[2023-05-08T04:26:18.602+0000] {logging_mixin.py:149} INFO - hyperpop
[2023-05-08T04:26:18.699+0000] {logging_mixin.py:149} INFO - pittsburgh rap
[2023-05-08T04:26:18.786+0000] {logging_mixin.py:149} INFO - alt z
[2023-05-08T04:26:18.890+0000] {logging_mixin.py:149} INFO - canadian hip hop
[2023-05-08T04:26:18.985+0000] {logging_mixin.py:149} INFO - canadian hip hop
[2023-05-08T04:26:19.155+0000] {logging_mixin.py:149} INFO - aesthetic rap
[2023-05-08T04:26:19.263+0000] {logging_mixin.py:149} INFO - cloud rap
[2023-05-08T04:26:19.356+0000] {logging_mixin.py:149} INFO - cloud rap
[2023-05-08T04:26:19.671+0000] {logging_mixin.py:149} INFO - alt z
[2023-05-08T04:26:19.864+0000] {logging_mixin.py:149} INFO - emo rap
[2023-05-08T04:26:19.954+0000] {logging_mixin.py:149} INFO - atl hip hop
[2023-05-08T04:26:20.161+0000] {logging_mixin.py:149} INFO - hyperpop
[2023-05-08T04:26:20.349+0000] {logging_mixin.py:149} INFO - meme rap
[2023-05-08T04:26:20.446+0000] {logging_mixin.py:149} INFO - indie pop rap
[2023-05-08T04:26:20.543+0000] {logging_mixin.py:149} INFO - emo rap
[2023-05-08T04:26:20.640+0000] {logging_mixin.py:149} INFO - melodic rap
[2023-05-08T04:26:20.739+0000] {logging_mixin.py:149} INFO - future bass
[2023-05-08T04:26:20.842+0000] {logging_mixin.py:149} INFO - emo rap
[2023-05-08T04:26:20.929+0000] {logging_mixin.py:149} INFO - glitchcore
[2023-05-08T04:26:21.444+0000] {logging_mixin.py:149} INFO - sad rap
[2023-05-08T04:26:21.532+0000] {logging_mixin.py:149} INFO - emo rap
[2023-05-08T04:26:21.874+0000] {logging_mixin.py:149} INFO - vapor trap
[2023-05-08T04:26:21.974+0000] {logging_mixin.py:149} INFO - hyperpop
[2023-05-08T04:26:22.158+0000] {logging_mixin.py:149} INFO - lo-fi rap
[2023-05-08T04:26:22.588+0000] {logging_mixin.py:149} INFO - sad rap
[2023-05-08T04:26:22.683+0000] {python.py:183} INFO - Done. Returned value was: None
[2023-05-08T04:26:22.691+0000] {taskinstance.py:1373} INFO - Marking task as SUCCESS. dag_id=Summer_Warped_ETL, task_id=GetArtistInfo, execution_date=20230508T042607, start_date=20230508T042613, end_date=20230508T042622
[2023-05-08T04:26:22.710+0000] {local_task_job_runner.py:232} INFO - Task exited with return code 0
[2023-05-08T04:26:22.730+0000] {taskinstance.py:2674} INFO - 0 downstream tasks scheduled from follow-on schedule check
