[2023-05-08T03:40:07.400+0000] {taskinstance.py:1125} INFO - Dependencies all met for dep_context=non-requeueable deps ti=<TaskInstance: Summer_Warped_ETL.GetArtistInfo manual__2023-05-08T03:40:02.272858+00:00 [queued]>
[2023-05-08T03:40:07.406+0000] {taskinstance.py:1125} INFO - Dependencies all met for dep_context=requeueable deps ti=<TaskInstance: Summer_Warped_ETL.GetArtistInfo manual__2023-05-08T03:40:02.272858+00:00 [queued]>
[2023-05-08T03:40:07.407+0000] {taskinstance.py:1331} INFO - Starting attempt 1 of 3
[2023-05-08T03:40:07.422+0000] {taskinstance.py:1350} INFO - Executing <Task(PythonOperator): GetArtistInfo> on 2023-05-08 03:40:02.272858+00:00
[2023-05-08T03:40:07.429+0000] {standard_task_runner.py:57} INFO - Started process 2092 to run task
[2023-05-08T03:40:07.435+0000] {standard_task_runner.py:84} INFO - Running: ['***', 'tasks', 'run', 'Summer_Warped_ETL', 'GetArtistInfo', 'manual__2023-05-08T03:40:02.272858+00:00', '--job-id', '1843', '--raw', '--subdir', 'DAGS_FOLDER/warped-dag.py', '--cfg-path', '/tmp/tmp2uj8vsms']
[2023-05-08T03:40:07.437+0000] {standard_task_runner.py:85} INFO - Job 1843: Subtask GetArtistInfo
[2023-05-08T03:40:07.495+0000] {task_command.py:410} INFO - Running <TaskInstance: Summer_Warped_ETL.GetArtistInfo manual__2023-05-08T03:40:02.272858+00:00 [running]> on host a40687a10d43
[2023-05-08T03:40:07.568+0000] {taskinstance.py:1570} INFO - Exporting env vars: AIRFLOW_CTX_DAG_OWNER='Ananta Moharana' AIRFLOW_CTX_DAG_ID='Summer_Warped_ETL' AIRFLOW_CTX_TASK_ID='GetArtistInfo' AIRFLOW_CTX_EXECUTION_DATE='2023-05-08T03:40:02.272858+00:00' AIRFLOW_CTX_TRY_NUMBER='1' AIRFLOW_CTX_DAG_RUN_ID='manual__2023-05-08T03:40:02.272858+00:00'
[2023-05-08T03:40:07.721+0000] {logging_mixin.py:149} INFO - cloud rap
[2023-05-08T03:40:07.913+0000] {logging_mixin.py:149} INFO - cloud rap
[2023-05-08T03:40:08.116+0000] {logging_mixin.py:149} INFO - la pop
[2023-05-08T03:40:08.221+0000] {logging_mixin.py:149} INFO - indie hip hop
[2023-05-08T03:40:08.423+0000] {logging_mixin.py:149} INFO - cloud rap
[2023-05-08T03:40:08.625+0000] {logging_mixin.py:149} INFO - aesthetic rap
[2023-05-08T03:40:08.725+0000] {logging_mixin.py:149} INFO - emo rap
[2023-05-08T03:40:08.818+0000] {logging_mixin.py:149} INFO - canadian contemporary r&b
[2023-05-08T03:40:08.984+0000] {logging_mixin.py:149} INFO - deep underground hip hop
[2023-05-08T03:40:09.242+0000] {logging_mixin.py:149} INFO - cloud rap
[2023-05-08T03:40:09.337+0000] {logging_mixin.py:149} INFO - underground hip hop
[2023-05-08T03:40:09.529+0000] {logging_mixin.py:149} INFO - st louis rap
[2023-05-08T03:40:09.629+0000] {logging_mixin.py:149} INFO - cloud rap
[2023-05-08T03:40:09.825+0000] {logging_mixin.py:149} INFO - canadian contemporary r&b
[2023-05-08T03:40:10.000+0000] {logging_mixin.py:149} INFO - asian american hip hop
[2023-05-08T03:40:10.199+0000] {logging_mixin.py:149} INFO - nyc rap
[2023-05-08T03:40:10.394+0000] {logging_mixin.py:149} INFO - indie pop rap
[2023-05-08T03:40:10.495+0000] {logging_mixin.py:149} INFO - bedroom soul
[2023-05-08T03:40:10.588+0000] {logging_mixin.py:149} INFO - cloud rap
[2023-05-08T03:40:10.686+0000] {logging_mixin.py:149} INFO - glitchcore
[2023-05-08T03:40:10.842+0000] {logging_mixin.py:149} INFO - glitchcore
[2023-05-08T03:40:10.961+0000] {logging_mixin.py:149} INFO - hyperpop
[2023-05-08T03:40:11.060+0000] {logging_mixin.py:149} INFO - glitchcore
[2023-05-08T03:40:11.166+0000] {logging_mixin.py:149} INFO - cali rap
[2023-05-08T03:40:11.263+0000] {logging_mixin.py:149} INFO - sad rap
[2023-05-08T03:40:11.453+0000] {logging_mixin.py:149} INFO - emo rap
[2023-05-08T03:40:11.545+0000] {logging_mixin.py:149} INFO - indonesian hip hop
[2023-05-08T03:40:11.734+0000] {logging_mixin.py:149} INFO - pop edm
[2023-05-08T03:40:11.832+0000] {logging_mixin.py:149} INFO - upstate ny rap
[2023-05-08T03:40:11.913+0000] {logging_mixin.py:149} INFO - hyperpop
[2023-05-08T03:40:12.185+0000] {logging_mixin.py:149} INFO - cloud rap
[2023-05-08T03:40:12.371+0000] {logging_mixin.py:149} INFO - emoplugg
[2023-05-08T03:40:12.467+0000] {logging_mixin.py:149} INFO - emo rap
[2023-05-08T03:40:12.563+0000] {logging_mixin.py:149} INFO - hyperpop
[2023-05-08T03:40:12.665+0000] {logging_mixin.py:149} INFO - pittsburgh rap
[2023-05-08T03:40:12.765+0000] {logging_mixin.py:149} INFO - alt z
[2023-05-08T03:40:12.862+0000] {logging_mixin.py:149} INFO - canadian hip hop
[2023-05-08T03:40:12.979+0000] {logging_mixin.py:149} INFO - canadian hip hop
[2023-05-08T03:40:13.160+0000] {logging_mixin.py:149} INFO - aesthetic rap
[2023-05-08T03:40:13.259+0000] {logging_mixin.py:149} INFO - cloud rap
[2023-05-08T03:40:13.350+0000] {logging_mixin.py:149} INFO - cloud rap
[2023-05-08T03:40:13.662+0000] {logging_mixin.py:149} INFO - alt z
[2023-05-08T03:40:13.869+0000] {logging_mixin.py:149} INFO - emo rap
[2023-05-08T03:40:13.968+0000] {logging_mixin.py:149} INFO - atl hip hop
[2023-05-08T03:40:14.165+0000] {logging_mixin.py:149} INFO - hyperpop
[2023-05-08T03:40:14.346+0000] {logging_mixin.py:149} INFO - meme rap
[2023-05-08T03:40:14.434+0000] {logging_mixin.py:149} INFO - indie pop rap
[2023-05-08T03:40:14.519+0000] {logging_mixin.py:149} INFO - emo rap
[2023-05-08T03:40:14.613+0000] {logging_mixin.py:149} INFO - melodic rap
[2023-05-08T03:40:14.721+0000] {logging_mixin.py:149} INFO - future bass
[2023-05-08T03:40:14.837+0000] {logging_mixin.py:149} INFO - emo rap
[2023-05-08T03:40:14.955+0000] {logging_mixin.py:149} INFO - glitchcore
[2023-05-08T03:40:15.435+0000] {logging_mixin.py:149} INFO - sad rap
[2023-05-08T03:40:15.525+0000] {logging_mixin.py:149} INFO - emo rap
[2023-05-08T03:40:15.815+0000] {logging_mixin.py:149} INFO - vapor trap
[2023-05-08T03:40:15.910+0000] {logging_mixin.py:149} INFO - hyperpop
[2023-05-08T03:40:16.092+0000] {logging_mixin.py:149} INFO - lo-fi rap
[2023-05-08T03:40:16.278+0000] {logging_mixin.py:149} INFO - sad rap
[2023-05-08T03:40:16.389+0000] {python.py:183} INFO - Done. Returned value was: None
[2023-05-08T03:40:16.400+0000] {taskinstance.py:1373} INFO - Marking task as SUCCESS. dag_id=Summer_Warped_ETL, task_id=GetArtistInfo, execution_date=20230508T034002, start_date=20230508T034007, end_date=20230508T034016
[2023-05-08T03:40:16.433+0000] {local_task_job_runner.py:232} INFO - Task exited with return code 0
[2023-05-08T03:40:16.452+0000] {taskinstance.py:2674} INFO - 0 downstream tasks scheduled from follow-on schedule check
