[2023-05-09T19:10:12.124+0000] {taskinstance.py:1125} INFO - Dependencies all met for dep_context=non-requeueable deps ti=<TaskInstance: Summer_Warped_ETL.GetArtistInfo manual__2023-05-09T18:56:12.065687+00:00 [queued]>
[2023-05-09T19:10:12.130+0000] {taskinstance.py:1125} INFO - Dependencies all met for dep_context=requeueable deps ti=<TaskInstance: Summer_Warped_ETL.GetArtistInfo manual__2023-05-09T18:56:12.065687+00:00 [queued]>
[2023-05-09T19:10:12.131+0000] {taskinstance.py:1331} INFO - Starting attempt 3 of 5
[2023-05-09T19:10:12.141+0000] {taskinstance.py:1350} INFO - Executing <Task(PythonOperator): GetArtistInfo> on 2023-05-09 18:56:12.065687+00:00
[2023-05-09T19:10:12.149+0000] {standard_task_runner.py:57} INFO - Started process 84 to run task
[2023-05-09T19:10:12.156+0000] {standard_task_runner.py:84} INFO - Running: ['***', 'tasks', 'run', 'Summer_Warped_ETL', 'GetArtistInfo', 'manual__2023-05-09T18:56:12.065687+00:00', '--job-id', '2950', '--raw', '--subdir', 'DAGS_FOLDER/warped-dag.py', '--cfg-path', '/tmp/tmpf4ivr4qt']
[2023-05-09T19:10:12.157+0000] {standard_task_runner.py:85} INFO - Job 2950: Subtask GetArtistInfo
[2023-05-09T19:10:12.216+0000] {task_command.py:410} INFO - Running <TaskInstance: Summer_Warped_ETL.GetArtistInfo manual__2023-05-09T18:56:12.065687+00:00 [running]> on host 4b5a01a6ab5f
[2023-05-09T19:10:12.305+0000] {taskinstance.py:1570} INFO - Exporting env vars: AIRFLOW_CTX_DAG_OWNER='Ananta Moharana' AIRFLOW_CTX_DAG_ID='Summer_Warped_ETL' AIRFLOW_CTX_TASK_ID='GetArtistInfo' AIRFLOW_CTX_EXECUTION_DATE='2023-05-09T18:56:12.065687+00:00' AIRFLOW_CTX_TRY_NUMBER='3' AIRFLOW_CTX_DAG_RUN_ID='manual__2023-05-09T18:56:12.065687+00:00'
[2023-05-09T19:10:12.467+0000] {logging_mixin.py:149} INFO - nyc rap
[2023-05-09T19:10:12.573+0000] {logging_mixin.py:149} INFO - emo rap
[2023-05-09T19:10:13.095+0000] {logging_mixin.py:149} INFO - glitchcore
[2023-05-09T19:10:13.196+0000] {logging_mixin.py:149} INFO - underground hip hop
[2023-05-09T19:10:13.404+0000] {logging_mixin.py:149} INFO - indonesian hip hop
[2023-05-09T19:10:13.628+0000] {logging_mixin.py:149} INFO - sad rap
[2023-05-09T19:10:13.849+0000] {logging_mixin.py:149} INFO - hyperpop
[2023-05-09T19:10:13.953+0000] {logging_mixin.py:149} INFO - hyperpop
[2023-05-09T19:10:14.053+0000] {logging_mixin.py:149} INFO - cloud rap
[2023-05-09T19:10:14.155+0000] {logging_mixin.py:149} INFO - cloud rap
[2023-05-09T19:10:14.363+0000] {logging_mixin.py:149} INFO - cloud rap
[2023-05-09T19:10:14.468+0000] {logging_mixin.py:149} INFO - emo rap
[2023-05-09T19:10:14.575+0000] {logging_mixin.py:149} INFO - vapor trap
[2023-05-09T19:10:14.790+0000] {logging_mixin.py:149} INFO - hyperpop
[2023-05-09T19:10:15.081+0000] {logging_mixin.py:149} INFO - hyperpop
[2023-05-09T19:10:15.180+0000] {logging_mixin.py:149} INFO - sad rap
[2023-05-09T19:10:15.310+0000] {logging_mixin.py:149} INFO - cali rap
[2023-05-09T19:10:15.412+0000] {logging_mixin.py:149} INFO - emo rap
[2023-05-09T19:10:15.624+0000] {logging_mixin.py:149} INFO - lo-fi rap
[2023-05-09T19:10:15.950+0000] {logging_mixin.py:149} INFO - alt z
[2023-05-09T19:10:16.148+0000] {logging_mixin.py:149} INFO - glitchcore
[2023-05-09T19:10:16.571+0000] {logging_mixin.py:149} INFO - canadian contemporary r&b
[2023-05-09T19:10:16.816+0000] {logging_mixin.py:149} INFO - emoplugg
[2023-05-09T19:10:17.070+0000] {logging_mixin.py:149} INFO - emo rap
[2023-05-09T19:10:17.173+0000] {logging_mixin.py:149} INFO - meme rap
[2023-05-09T19:10:17.285+0000] {logging_mixin.py:149} INFO - pittsburgh rap
[2023-05-09T19:10:17.521+0000] {logging_mixin.py:149} INFO - upstate ny rap
[2023-05-09T19:10:17.632+0000] {logging_mixin.py:149} INFO - melodic rap
[2023-05-09T19:10:17.975+0000] {logging_mixin.py:149} INFO - aesthetic rap
[2023-05-09T19:10:18.073+0000] {logging_mixin.py:149} INFO - indie pop rap
[2023-05-09T19:10:18.516+0000] {logging_mixin.py:149} INFO - sad rap
[2023-05-09T19:10:18.615+0000] {logging_mixin.py:149} INFO - st louis rap
[2023-05-09T19:10:18.733+0000] {logging_mixin.py:149} INFO - asian american hip hop
[2023-05-09T19:10:18.834+0000] {logging_mixin.py:149} INFO - emo rap
[2023-05-09T19:10:19.045+0000] {logging_mixin.py:149} INFO - cloud rap
[2023-05-09T19:10:19.237+0000] {logging_mixin.py:149} INFO - bedroom soul
[2023-05-09T19:10:19.337+0000] {logging_mixin.py:149} INFO - glitchcore
[2023-05-09T19:10:19.546+0000] {logging_mixin.py:149} INFO - canadian hip hop
[2023-05-09T19:10:19.743+0000] {logging_mixin.py:149} INFO - canadian hip hop
[2023-05-09T19:10:19.841+0000] {logging_mixin.py:149} INFO - canadian contemporary r&b
[2023-05-09T19:10:19.953+0000] {logging_mixin.py:149} INFO - glitchcore
[2023-05-09T19:10:20.212+0000] {logging_mixin.py:149} INFO - alt z
[2023-05-09T19:10:20.332+0000] {logging_mixin.py:149} INFO - hyperpop
[2023-05-09T19:10:20.526+0000] {logging_mixin.py:149} INFO - cloud rap
[2023-05-09T19:10:20.630+0000] {logging_mixin.py:149} INFO - cloud rap
[2023-05-09T19:10:20.888+0000] {logging_mixin.py:149} INFO - indie pop rap
[2023-05-09T19:10:20.993+0000] {logging_mixin.py:149} INFO - la pop
[2023-05-09T19:10:21.096+0000] {logging_mixin.py:149} INFO - pop edm
[2023-05-09T19:10:21.200+0000] {logging_mixin.py:149} INFO - future bass
[2023-05-09T19:10:21.302+0000] {logging_mixin.py:149} INFO - indie hip hop
[2023-05-09T19:10:21.411+0000] {logging_mixin.py:149} INFO - emo rap
[2023-05-09T19:10:21.512+0000] {logging_mixin.py:149} INFO - indie pop rap
[2023-05-09T19:10:21.610+0000] {logging_mixin.py:149} INFO - cloud rap
[2023-05-09T19:10:21.623+0000] {python.py:183} INFO - Done. Returned value was: None
[2023-05-09T19:10:21.630+0000] {taskinstance.py:1373} INFO - Marking task as SUCCESS. dag_id=Summer_Warped_ETL, task_id=GetArtistInfo, execution_date=20230509T185612, start_date=20230509T191012, end_date=20230509T191021
[2023-05-09T19:10:21.679+0000] {local_task_job_runner.py:232} INFO - Task exited with return code 0
[2023-05-09T19:10:21.701+0000] {taskinstance.py:2674} INFO - 0 downstream tasks scheduled from follow-on schedule check
