[2023-05-09T15:57:51.132+0000] {taskinstance.py:1125} INFO - Dependencies all met for dep_context=non-requeueable deps ti=<TaskInstance: Summer_Warped_ETL.LoadData.LoadArtistDim manual__2023-05-09T15:57:15.457413+00:00 [queued]>
[2023-05-09T15:57:51.138+0000] {taskinstance.py:1125} INFO - Dependencies all met for dep_context=requeueable deps ti=<TaskInstance: Summer_Warped_ETL.LoadData.LoadArtistDim manual__2023-05-09T15:57:15.457413+00:00 [queued]>
[2023-05-09T15:57:51.138+0000] {taskinstance.py:1331} INFO - Starting attempt 1 of 3
[2023-05-09T15:57:51.147+0000] {taskinstance.py:1350} INFO - Executing <Task(PythonOperator): LoadData.LoadArtistDim> on 2023-05-09 15:57:15.457413+00:00
[2023-05-09T15:57:51.152+0000] {standard_task_runner.py:57} INFO - Started process 6380 to run task
[2023-05-09T15:57:51.155+0000] {standard_task_runner.py:84} INFO - Running: ['***', 'tasks', 'run', 'Summer_Warped_ETL', 'LoadData.LoadArtistDim', 'manual__2023-05-09T15:57:15.457413+00:00', '--job-id', '2705', '--raw', '--subdir', 'DAGS_FOLDER/warped-dag.py', '--cfg-path', '/tmp/tmphmfs919a']
[2023-05-09T15:57:51.156+0000] {standard_task_runner.py:85} INFO - Job 2705: Subtask LoadData.LoadArtistDim
[2023-05-09T15:57:51.194+0000] {task_command.py:410} INFO - Running <TaskInstance: Summer_Warped_ETL.LoadData.LoadArtistDim manual__2023-05-09T15:57:15.457413+00:00 [running]> on host 7b4753e133cb
[2023-05-09T15:57:51.252+0000] {taskinstance.py:1570} INFO - Exporting env vars: AIRFLOW_CTX_DAG_OWNER='Ananta Moharana' AIRFLOW_CTX_DAG_ID='Summer_Warped_ETL' AIRFLOW_CTX_TASK_ID='LoadData.LoadArtistDim' AIRFLOW_CTX_EXECUTION_DATE='2023-05-09T15:57:15.457413+00:00' AIRFLOW_CTX_TRY_NUMBER='1' AIRFLOW_CTX_DAG_RUN_ID='manual__2023-05-09T15:57:15.457413+00:00'
[2023-05-09T15:57:51.254+0000] {logging_mixin.py:149} INFO - 2023-05/artist_dim.csv
[2023-05-09T15:57:51.262+0000] {base.py:73} INFO - Using connection ID 'aws_connection' for task execution.
[2023-05-09T15:57:51.262+0000] {connection_wrapper.py:337} INFO - AWS Connection (conn_id='aws_connection', conn_type='aws') credentials retrieved from login and password.
[2023-05-09T15:57:51.445+0000] {logging_mixin.py:149} INFO -    artist_name               artist_id           genre
0    50landing  5aTRa02UP1y6PW5klZiTt0             NaN
1       SypSki  3XOHHfvBYKCMo1h0DFY27z             NaN
2        raspy  1trffosn0Alk3IlloOD5O8  pittsburgh rap
3  Landon Cube  04ei5kNgmDuNAydFhhIHnD      vapor trap
4     brakence  4kqFrZkeqDfOIEqTWqbOOV      glitchcore
[2023-05-09T15:57:51.446+0000] {logging_mixin.py:149} INFO - INSERT INTO artist_dim (artist_name,artist_id,genre) VALUES (%s,%s,%s) ON CONFLICT (artist_id) DO UPDATE SET artist_name=EXCLUDED.artist_name,artist_id=EXCLUDED.artist_id,genre=EXCLUDED.genre
[2023-05-09T15:57:51.452+0000] {base.py:73} INFO - Using connection ID '***' for task execution.
[2023-05-09T15:57:51.458+0000] {sql.py:375} INFO - Running statement: INSERT INTO artist_dim (artist_name,artist_id,genre) VALUES (%s,%s,%s) ON CONFLICT (artist_id) DO UPDATE SET artist_name=EXCLUDED.artist_name,artist_id=EXCLUDED.artist_id,genre=EXCLUDED.genre, parameters: ('50landing', '5aTRa02UP1y6PW5klZiTt0', nan)
[2023-05-09T15:57:51.460+0000] {sql.py:384} INFO - Rows affected: 1
[2023-05-09T15:57:51.466+0000] {base.py:73} INFO - Using connection ID '***' for task execution.
[2023-05-09T15:57:51.473+0000] {sql.py:375} INFO - Running statement: INSERT INTO artist_dim (artist_name,artist_id,genre) VALUES (%s,%s,%s) ON CONFLICT (artist_id) DO UPDATE SET artist_name=EXCLUDED.artist_name,artist_id=EXCLUDED.artist_id,genre=EXCLUDED.genre, parameters: ('SypSki', '3XOHHfvBYKCMo1h0DFY27z', nan)
[2023-05-09T15:57:51.475+0000] {sql.py:384} INFO - Rows affected: 1
[2023-05-09T15:57:51.481+0000] {base.py:73} INFO - Using connection ID '***' for task execution.
[2023-05-09T15:57:51.488+0000] {sql.py:375} INFO - Running statement: INSERT INTO artist_dim (artist_name,artist_id,genre) VALUES (%s,%s,%s) ON CONFLICT (artist_id) DO UPDATE SET artist_name=EXCLUDED.artist_name,artist_id=EXCLUDED.artist_id,genre=EXCLUDED.genre, parameters: ('raspy', '1trffosn0Alk3IlloOD5O8', 'pittsburgh rap')
[2023-05-09T15:57:51.490+0000] {sql.py:384} INFO - Rows affected: 1
[2023-05-09T15:57:51.496+0000] {base.py:73} INFO - Using connection ID '***' for task execution.
[2023-05-09T15:57:51.502+0000] {sql.py:375} INFO - Running statement: INSERT INTO artist_dim (artist_name,artist_id,genre) VALUES (%s,%s,%s) ON CONFLICT (artist_id) DO UPDATE SET artist_name=EXCLUDED.artist_name,artist_id=EXCLUDED.artist_id,genre=EXCLUDED.genre, parameters: ('Landon Cube', '04ei5kNgmDuNAydFhhIHnD', 'vapor trap')
[2023-05-09T15:57:51.503+0000] {sql.py:384} INFO - Rows affected: 1
[2023-05-09T15:57:51.509+0000] {base.py:73} INFO - Using connection ID '***' for task execution.
[2023-05-09T15:57:51.516+0000] {sql.py:375} INFO - Running statement: INSERT INTO artist_dim (artist_name,artist_id,genre) VALUES (%s,%s,%s) ON CONFLICT (artist_id) DO UPDATE SET artist_name=EXCLUDED.artist_name,artist_id=EXCLUDED.artist_id,genre=EXCLUDED.genre, parameters: ('brakence', '4kqFrZkeqDfOIEqTWqbOOV', 'glitchcore')
[2023-05-09T15:57:51.517+0000] {sql.py:384} INFO - Rows affected: 1
[2023-05-09T15:57:51.524+0000] {base.py:73} INFO - Using connection ID '***' for task execution.
[2023-05-09T15:57:51.531+0000] {sql.py:375} INFO - Running statement: INSERT INTO artist_dim (artist_name,artist_id,genre) VALUES (%s,%s,%s) ON CONFLICT (artist_id) DO UPDATE SET artist_name=EXCLUDED.artist_name,artist_id=EXCLUDED.artist_id,genre=EXCLUDED.genre, parameters: ('Oliver Francis', '0WvTK38rXqPCD5pZMDuX20', 'cloud rap')
[2023-05-09T15:57:51.533+0000] {sql.py:384} INFO - Rows affected: 1
[2023-05-09T15:57:51.539+0000] {base.py:73} INFO - Using connection ID '***' for task execution.
[2023-05-09T15:57:51.546+0000] {sql.py:375} INFO - Running statement: INSERT INTO artist_dim (artist_name,artist_id,genre) VALUES (%s,%s,%s) ON CONFLICT (artist_id) DO UPDATE SET artist_name=EXCLUDED.artist_name,artist_id=EXCLUDED.artist_id,genre=EXCLUDED.genre, parameters: ('Aries', '3hOdow4ZPmrby7Q1wfPLEy', nan)
[2023-05-09T15:57:51.547+0000] {sql.py:384} INFO - Rows affected: 1
[2023-05-09T15:57:51.553+0000] {base.py:73} INFO - Using connection ID '***' for task execution.
[2023-05-09T15:57:51.560+0000] {sql.py:375} INFO - Running statement: INSERT INTO artist_dim (artist_name,artist_id,genre) VALUES (%s,%s,%s) ON CONFLICT (artist_id) DO UPDATE SET artist_name=EXCLUDED.artist_name,artist_id=EXCLUDED.artist_id,genre=EXCLUDED.genre, parameters: ('elias', '7eRBEVzcZk4XyIdF0Btfg4', 'lo-fi rap')
[2023-05-09T15:57:51.561+0000] {sql.py:384} INFO - Rows affected: 1
[2023-05-09T15:57:51.567+0000] {base.py:73} INFO - Using connection ID '***' for task execution.
[2023-05-09T15:57:51.574+0000] {sql.py:375} INFO - Running statement: INSERT INTO artist_dim (artist_name,artist_id,genre) VALUES (%s,%s,%s) ON CONFLICT (artist_id) DO UPDATE SET artist_name=EXCLUDED.artist_name,artist_id=EXCLUDED.artist_id,genre=EXCLUDED.genre, parameters: ('MostlyEverything', '3Ae7AQITxFS0r3yGQHYDJI', 'upstate ny rap')
[2023-05-09T15:57:51.576+0000] {sql.py:384} INFO - Rows affected: 1
[2023-05-09T15:57:51.582+0000] {base.py:73} INFO - Using connection ID '***' for task execution.
[2023-05-09T15:57:51.588+0000] {sql.py:375} INFO - Running statement: INSERT INTO artist_dim (artist_name,artist_id,genre) VALUES (%s,%s,%s) ON CONFLICT (artist_id) DO UPDATE SET artist_name=EXCLUDED.artist_name,artist_id=EXCLUDED.artist_id,genre=EXCLUDED.genre, parameters: ('Foreign Forest', '7C4ztJMkuGRy0qkU6dG5hU', 'emo rap')
[2023-05-09T15:57:51.590+0000] {sql.py:384} INFO - Rows affected: 1
[2023-05-09T15:57:51.597+0000] {base.py:73} INFO - Using connection ID '***' for task execution.
[2023-05-09T15:57:51.603+0000] {sql.py:375} INFO - Running statement: INSERT INTO artist_dim (artist_name,artist_id,genre) VALUES (%s,%s,%s) ON CONFLICT (artist_id) DO UPDATE SET artist_name=EXCLUDED.artist_name,artist_id=EXCLUDED.artist_id,genre=EXCLUDED.genre, parameters: ('Ashes', '0vUk0rbl0BkFjmeFvjOvoj', nan)
[2023-05-09T15:57:51.605+0000] {sql.py:384} INFO - Rows affected: 1
[2023-05-09T15:57:51.611+0000] {base.py:73} INFO - Using connection ID '***' for task execution.
[2023-05-09T15:57:51.617+0000] {sql.py:375} INFO - Running statement: INSERT INTO artist_dim (artist_name,artist_id,genre) VALUES (%s,%s,%s) ON CONFLICT (artist_id) DO UPDATE SET artist_name=EXCLUDED.artist_name,artist_id=EXCLUDED.artist_id,genre=EXCLUDED.genre, parameters: ('blackbear', '2cFrymmkijnjDg9SS92EPM', 'alt z')
[2023-05-09T15:57:51.619+0000] {sql.py:384} INFO - Rows affected: 1
[2023-05-09T15:57:51.625+0000] {base.py:73} INFO - Using connection ID '***' for task execution.
[2023-05-09T15:57:51.632+0000] {sql.py:375} INFO - Running statement: INSERT INTO artist_dim (artist_name,artist_id,genre) VALUES (%s,%s,%s) ON CONFLICT (artist_id) DO UPDATE SET artist_name=EXCLUDED.artist_name,artist_id=EXCLUDED.artist_id,genre=EXCLUDED.genre, parameters: ('6 Dogs', '3Ps6le7tj5BdNtdnfNgTU4', 'cloud rap')
[2023-05-09T15:57:51.633+0000] {sql.py:384} INFO - Rows affected: 1
[2023-05-09T15:57:51.640+0000] {base.py:73} INFO - Using connection ID '***' for task execution.
[2023-05-09T15:57:51.646+0000] {sql.py:375} INFO - Running statement: INSERT INTO artist_dim (artist_name,artist_id,genre) VALUES (%s,%s,%s) ON CONFLICT (artist_id) DO UPDATE SET artist_name=EXCLUDED.artist_name,artist_id=EXCLUDED.artist_id,genre=EXCLUDED.genre, parameters: ('Pretty Pacc', '2QuPPChZpqAai29uqulNFe', nan)
[2023-05-09T15:57:51.648+0000] {sql.py:384} INFO - Rows affected: 1
[2023-05-09T15:57:51.655+0000] {base.py:73} INFO - Using connection ID '***' for task execution.
[2023-05-09T15:57:51.661+0000] {sql.py:375} INFO - Running statement: INSERT INTO artist_dim (artist_name,artist_id,genre) VALUES (%s,%s,%s) ON CONFLICT (artist_id) DO UPDATE SET artist_name=EXCLUDED.artist_name,artist_id=EXCLUDED.artist_id,genre=EXCLUDED.genre, parameters: ('SAIAH', '5ZPYeVqoWNuukwfarvkyJX', nan)
[2023-05-09T15:57:51.663+0000] {sql.py:384} INFO - Rows affected: 1
[2023-05-09T15:57:51.668+0000] {base.py:73} INFO - Using connection ID '***' for task execution.
[2023-05-09T15:57:51.675+0000] {sql.py:375} INFO - Running statement: INSERT INTO artist_dim (artist_name,artist_id,genre) VALUES (%s,%s,%s) ON CONFLICT (artist_id) DO UPDATE SET artist_name=EXCLUDED.artist_name,artist_id=EXCLUDED.artist_id,genre=EXCLUDED.genre, parameters: ('Lucy Fer', '0BxHc5dN9BSfLZ8PCch9wT', nan)
[2023-05-09T15:57:51.676+0000] {sql.py:384} INFO - Rows affected: 1
[2023-05-09T15:57:51.683+0000] {base.py:73} INFO - Using connection ID '***' for task execution.
[2023-05-09T15:57:51.690+0000] {sql.py:375} INFO - Running statement: INSERT INTO artist_dim (artist_name,artist_id,genre) VALUES (%s,%s,%s) ON CONFLICT (artist_id) DO UPDATE SET artist_name=EXCLUDED.artist_name,artist_id=EXCLUDED.artist_id,genre=EXCLUDED.genre, parameters: ('Sleepa', '1iT8Vbd7KhZiBji3G72zDW', nan)
[2023-05-09T15:57:51.692+0000] {sql.py:384} INFO - Rows affected: 1
[2023-05-09T15:57:51.698+0000] {base.py:73} INFO - Using connection ID '***' for task execution.
[2023-05-09T15:57:51.707+0000] {sql.py:375} INFO - Running statement: INSERT INTO artist_dim (artist_name,artist_id,genre) VALUES (%s,%s,%s) ON CONFLICT (artist_id) DO UPDATE SET artist_name=EXCLUDED.artist_name,artist_id=EXCLUDED.artist_id,genre=EXCLUDED.genre, parameters: ('glaive', '4cJKDGSv4Dz9QycXYmo565', 'glitchcore')
[2023-05-09T15:57:51.709+0000] {sql.py:384} INFO - Rows affected: 1
[2023-05-09T15:57:51.716+0000] {base.py:73} INFO - Using connection ID '***' for task execution.
[2023-05-09T15:57:51.722+0000] {sql.py:375} INFO - Running statement: INSERT INTO artist_dim (artist_name,artist_id,genre) VALUES (%s,%s,%s) ON CONFLICT (artist_id) DO UPDATE SET artist_name=EXCLUDED.artist_name,artist_id=EXCLUDED.artist_id,genre=EXCLUDED.genre, parameters: ('kaido', '0UENogXhLeGTZjub4eejjX', 'hyperpop')
[2023-05-09T15:57:51.724+0000] {sql.py:384} INFO - Rows affected: 1
[2023-05-09T15:57:51.730+0000] {base.py:73} INFO - Using connection ID '***' for task execution.
[2023-05-09T15:57:51.738+0000] {sql.py:375} INFO - Running statement: INSERT INTO artist_dim (artist_name,artist_id,genre) VALUES (%s,%s,%s) ON CONFLICT (artist_id) DO UPDATE SET artist_name=EXCLUDED.artist_name,artist_id=EXCLUDED.artist_id,genre=EXCLUDED.genre, parameters: ('kurtains', '7b2FbxYmnpGMPqDe04QmyP', 'emoplugg')
[2023-05-09T15:57:51.740+0000] {sql.py:384} INFO - Rows affected: 1
[2023-05-09T15:57:51.746+0000] {base.py:73} INFO - Using connection ID '***' for task execution.
[2023-05-09T15:57:51.753+0000] {sql.py:375} INFO - Running statement: INSERT INTO artist_dim (artist_name,artist_id,genre) VALUES (%s,%s,%s) ON CONFLICT (artist_id) DO UPDATE SET artist_name=EXCLUDED.artist_name,artist_id=EXCLUDED.artist_id,genre=EXCLUDED.genre, parameters: ('Numl6ck', '2anlj4dNUn9I1VxxmjRHRx', 'glitchcore')
[2023-05-09T15:57:51.755+0000] {sql.py:384} INFO - Rows affected: 1
[2023-05-09T15:57:51.761+0000] {base.py:73} INFO - Using connection ID '***' for task execution.
[2023-05-09T15:57:51.767+0000] {sql.py:375} INFO - Running statement: INSERT INTO artist_dim (artist_name,artist_id,genre) VALUES (%s,%s,%s) ON CONFLICT (artist_id) DO UPDATE SET artist_name=EXCLUDED.artist_name,artist_id=EXCLUDED.artist_id,genre=EXCLUDED.genre, parameters: ('Deadman Era', '4FI4qPOnjt3D8DnJQrNWps', nan)
[2023-05-09T15:57:51.769+0000] {sql.py:384} INFO - Rows affected: 1
[2023-05-09T15:57:51.776+0000] {base.py:73} INFO - Using connection ID '***' for task execution.
[2023-05-09T15:57:51.782+0000] {sql.py:375} INFO - Running statement: INSERT INTO artist_dim (artist_name,artist_id,genre) VALUES (%s,%s,%s) ON CONFLICT (artist_id) DO UPDATE SET artist_name=EXCLUDED.artist_name,artist_id=EXCLUDED.artist_id,genre=EXCLUDED.genre, parameters: ('Lund', '5uLkZ7FWMTBUg1corQqdkR', 'cloud rap')
[2023-05-09T15:57:51.784+0000] {sql.py:384} INFO - Rows affected: 1
[2023-05-09T15:57:51.790+0000] {base.py:73} INFO - Using connection ID '***' for task execution.
[2023-05-09T15:57:51.797+0000] {sql.py:375} INFO - Running statement: INSERT INTO artist_dim (artist_name,artist_id,genre) VALUES (%s,%s,%s) ON CONFLICT (artist_id) DO UPDATE SET artist_name=EXCLUDED.artist_name,artist_id=EXCLUDED.artist_id,genre=EXCLUDED.genre, parameters: ('Lil Cobaine', '0ILo2K3FmfIh4ICcbHE7RK', nan)
[2023-05-09T15:57:51.798+0000] {sql.py:384} INFO - Rows affected: 1
[2023-05-09T15:57:51.804+0000] {base.py:73} INFO - Using connection ID '***' for task execution.
[2023-05-09T15:57:51.810+0000] {sql.py:375} INFO - Running statement: INSERT INTO artist_dim (artist_name,artist_id,genre) VALUES (%s,%s,%s) ON CONFLICT (artist_id) DO UPDATE SET artist_name=EXCLUDED.artist_name,artist_id=EXCLUDED.artist_id,genre=EXCLUDED.genre, parameters: ('ilham', '0r7PsZB4ePA6vHrW4agoGN', nan)
[2023-05-09T15:57:51.812+0000] {sql.py:384} INFO - Rows affected: 1
[2023-05-09T15:57:51.818+0000] {base.py:73} INFO - Using connection ID '***' for task execution.
[2023-05-09T15:57:51.827+0000] {sql.py:375} INFO - Running statement: INSERT INTO artist_dim (artist_name,artist_id,genre) VALUES (%s,%s,%s) ON CONFLICT (artist_id) DO UPDATE SET artist_name=EXCLUDED.artist_name,artist_id=EXCLUDED.artist_id,genre=EXCLUDED.genre, parameters: ('Angelo Mota', '1PpFka2STGQ57kJcgYBgEF', 'indie hip hop')
[2023-05-09T15:57:51.828+0000] {sql.py:384} INFO - Rows affected: 1
[2023-05-09T15:57:51.835+0000] {base.py:73} INFO - Using connection ID '***' for task execution.
[2023-05-09T15:57:51.842+0000] {sql.py:375} INFO - Running statement: INSERT INTO artist_dim (artist_name,artist_id,genre) VALUES (%s,%s,%s) ON CONFLICT (artist_id) DO UPDATE SET artist_name=EXCLUDED.artist_name,artist_id=EXCLUDED.artist_id,genre=EXCLUDED.genre, parameters: ('Xuitcasecity', '6YxrfNCKBcQlbITpmDLErL', 'indie pop rap')
[2023-05-09T15:57:51.843+0000] {sql.py:384} INFO - Rows affected: 1
[2023-05-09T15:57:51.850+0000] {base.py:73} INFO - Using connection ID '***' for task execution.
[2023-05-09T15:57:51.858+0000] {sql.py:375} INFO - Running statement: INSERT INTO artist_dim (artist_name,artist_id,genre) VALUES (%s,%s,%s) ON CONFLICT (artist_id) DO UPDATE SET artist_name=EXCLUDED.artist_name,artist_id=EXCLUDED.artist_id,genre=EXCLUDED.genre, parameters: ('benny mayne', '2R2Yg2qPloNOTOfqxfXX7l', 'canadian contemporary r&b')
[2023-05-09T15:57:51.860+0000] {sql.py:384} INFO - Rows affected: 1
[2023-05-09T15:57:51.866+0000] {base.py:73} INFO - Using connection ID '***' for task execution.
[2023-05-09T15:57:51.873+0000] {sql.py:375} INFO - Running statement: INSERT INTO artist_dim (artist_name,artist_id,genre) VALUES (%s,%s,%s) ON CONFLICT (artist_id) DO UPDATE SET artist_name=EXCLUDED.artist_name,artist_id=EXCLUDED.artist_id,genre=EXCLUDED.genre, parameters: ('Isekai', '4yOY5zmuuTlS1DbG3yZGki', nan)
[2023-05-09T15:57:51.875+0000] {sql.py:384} INFO - Rows affected: 1
[2023-05-09T15:57:51.881+0000] {base.py:73} INFO - Using connection ID '***' for task execution.
[2023-05-09T15:57:51.888+0000] {sql.py:375} INFO - Running statement: INSERT INTO artist_dim (artist_name,artist_id,genre) VALUES (%s,%s,%s) ON CONFLICT (artist_id) DO UPDATE SET artist_name=EXCLUDED.artist_name,artist_id=EXCLUDED.artist_id,genre=EXCLUDED.genre, parameters: ('Lil Rae', '7iVscW49OWowl9SoLmWzfy', nan)
[2023-05-09T15:57:51.889+0000] {sql.py:384} INFO - Rows affected: 1
[2023-05-09T15:57:51.896+0000] {base.py:73} INFO - Using connection ID '***' for task execution.
[2023-05-09T15:57:51.902+0000] {sql.py:375} INFO - Running statement: INSERT INTO artist_dim (artist_name,artist_id,genre) VALUES (%s,%s,%s) ON CONFLICT (artist_id) DO UPDATE SET artist_name=EXCLUDED.artist_name,artist_id=EXCLUDED.artist_id,genre=EXCLUDED.genre, parameters: ('916frosty', '6c0lj01vVpHsCH7Z5CfJ9K', 'emo rap')
[2023-05-09T15:57:51.904+0000] {sql.py:384} INFO - Rows affected: 1
[2023-05-09T15:57:51.910+0000] {base.py:73} INFO - Using connection ID '***' for task execution.
[2023-05-09T15:57:51.917+0000] {sql.py:375} INFO - Running statement: INSERT INTO artist_dim (artist_name,artist_id,genre) VALUES (%s,%s,%s) ON CONFLICT (artist_id) DO UPDATE SET artist_name=EXCLUDED.artist_name,artist_id=EXCLUDED.artist_id,genre=EXCLUDED.genre, parameters: ('Marco Luka', '4tjqHer0BFQbJ1FVyWhffM', nan)
[2023-05-09T15:57:51.919+0000] {sql.py:384} INFO - Rows affected: 1
[2023-05-09T15:57:51.925+0000] {base.py:73} INFO - Using connection ID '***' for task execution.
[2023-05-09T15:57:51.932+0000] {sql.py:375} INFO - Running statement: INSERT INTO artist_dim (artist_name,artist_id,genre) VALUES (%s,%s,%s) ON CONFLICT (artist_id) DO UPDATE SET artist_name=EXCLUDED.artist_name,artist_id=EXCLUDED.artist_id,genre=EXCLUDED.genre, parameters: ('COTIS', '63CZNEytugjFnZBdjBmWc8', 'canadian contemporary r&b')
[2023-05-09T15:57:51.933+0000] {sql.py:384} INFO - Rows affected: 1
[2023-05-09T15:57:51.940+0000] {base.py:73} INFO - Using connection ID '***' for task execution.
[2023-05-09T15:57:51.947+0000] {sql.py:375} INFO - Running statement: INSERT INTO artist_dim (artist_name,artist_id,genre) VALUES (%s,%s,%s) ON CONFLICT (artist_id) DO UPDATE SET artist_name=EXCLUDED.artist_name,artist_id=EXCLUDED.artist_id,genre=EXCLUDED.genre, parameters: ('diveliner', '0be7y7HUvSBf8uG1X7pK8f', nan)
[2023-05-09T15:57:51.948+0000] {sql.py:384} INFO - Rows affected: 1
[2023-05-09T15:57:51.954+0000] {base.py:73} INFO - Using connection ID '***' for task execution.
[2023-05-09T15:57:51.961+0000] {sql.py:375} INFO - Running statement: INSERT INTO artist_dim (artist_name,artist_id,genre) VALUES (%s,%s,%s) ON CONFLICT (artist_id) DO UPDATE SET artist_name=EXCLUDED.artist_name,artist_id=EXCLUDED.artist_id,genre=EXCLUDED.genre, parameters: ('Young Lungs', '2trvlbfMS5zVozEmrFNDTJ', 'canadian hip hop')
[2023-05-09T15:57:51.962+0000] {sql.py:384} INFO - Rows affected: 1
[2023-05-09T15:57:51.969+0000] {base.py:73} INFO - Using connection ID '***' for task execution.
[2023-05-09T15:57:51.976+0000] {sql.py:375} INFO - Running statement: INSERT INTO artist_dim (artist_name,artist_id,genre) VALUES (%s,%s,%s) ON CONFLICT (artist_id) DO UPDATE SET artist_name=EXCLUDED.artist_name,artist_id=EXCLUDED.artist_id,genre=EXCLUDED.genre, parameters: ('Darko', '63dmB3SM4vOZ8rK1EX5IkU', 'sad rap')
[2023-05-09T15:57:51.978+0000] {sql.py:384} INFO - Rows affected: 1
[2023-05-09T15:57:51.984+0000] {base.py:73} INFO - Using connection ID '***' for task execution.
[2023-05-09T15:57:51.991+0000] {sql.py:375} INFO - Running statement: INSERT INTO artist_dim (artist_name,artist_id,genre) VALUES (%s,%s,%s) ON CONFLICT (artist_id) DO UPDATE SET artist_name=EXCLUDED.artist_name,artist_id=EXCLUDED.artist_id,genre=EXCLUDED.genre, parameters: ('24kGoldn', '6fWVd57NKTalqvmjRd2t8Z', 'cali rap')
[2023-05-09T15:57:51.992+0000] {sql.py:384} INFO - Rows affected: 1
[2023-05-09T15:57:51.999+0000] {base.py:73} INFO - Using connection ID '***' for task execution.
[2023-05-09T15:57:52.005+0000] {sql.py:375} INFO - Running statement: INSERT INTO artist_dim (artist_name,artist_id,genre) VALUES (%s,%s,%s) ON CONFLICT (artist_id) DO UPDATE SET artist_name=EXCLUDED.artist_name,artist_id=EXCLUDED.artist_id,genre=EXCLUDED.genre, parameters: ('convolk', '3ddT1Q3KQAm1G7UcIfz5KJ', 'cloud rap')
[2023-05-09T15:57:52.007+0000] {sql.py:384} INFO - Rows affected: 1
[2023-05-09T15:57:52.013+0000] {base.py:73} INFO - Using connection ID '***' for task execution.
[2023-05-09T15:57:52.021+0000] {sql.py:375} INFO - Running statement: INSERT INTO artist_dim (artist_name,artist_id,genre) VALUES (%s,%s,%s) ON CONFLICT (artist_id) DO UPDATE SET artist_name=EXCLUDED.artist_name,artist_id=EXCLUDED.artist_id,genre=EXCLUDED.genre, parameters: ('Sevant', '47SwNXPh17mIDcZwsCr6hX', nan)
[2023-05-09T15:57:52.023+0000] {sql.py:384} INFO - Rows affected: 1
[2023-05-09T15:57:52.029+0000] {base.py:73} INFO - Using connection ID '***' for task execution.
[2023-05-09T15:57:52.035+0000] {sql.py:375} INFO - Running statement: INSERT INTO artist_dim (artist_name,artist_id,genre) VALUES (%s,%s,%s) ON CONFLICT (artist_id) DO UPDATE SET artist_name=EXCLUDED.artist_name,artist_id=EXCLUDED.artist_id,genre=EXCLUDED.genre, parameters: ('Lui Joseph', '7MS7B4QRp1n6c5H8N7s3wB', 'sad rap')
[2023-05-09T15:57:52.037+0000] {sql.py:384} INFO - Rows affected: 1
[2023-05-09T15:57:52.043+0000] {base.py:73} INFO - Using connection ID '***' for task execution.
[2023-05-09T15:57:52.050+0000] {sql.py:375} INFO - Running statement: INSERT INTO artist_dim (artist_name,artist_id,genre) VALUES (%s,%s,%s) ON CONFLICT (artist_id) DO UPDATE SET artist_name=EXCLUDED.artist_name,artist_id=EXCLUDED.artist_id,genre=EXCLUDED.genre, parameters: ('Josh Golden', '6wUAn24MOirNVNqQM47fda', 'la pop')
[2023-05-09T15:57:52.051+0000] {sql.py:384} INFO - Rows affected: 1
[2023-05-09T15:57:52.062+0000] {base.py:73} INFO - Using connection ID '***' for task execution.
[2023-05-09T15:57:52.068+0000] {sql.py:375} INFO - Running statement: INSERT INTO artist_dim (artist_name,artist_id,genre) VALUES (%s,%s,%s) ON CONFLICT (artist_id) DO UPDATE SET artist_name=EXCLUDED.artist_name,artist_id=EXCLUDED.artist_id,genre=EXCLUDED.genre, parameters: ('ATO', '4KoNbDwbCK9D04dSmYG93E', nan)
[2023-05-09T15:57:52.070+0000] {sql.py:384} INFO - Rows affected: 1
[2023-05-09T15:57:52.077+0000] {base.py:73} INFO - Using connection ID '***' for task execution.
[2023-05-09T15:57:52.085+0000] {sql.py:375} INFO - Running statement: INSERT INTO artist_dim (artist_name,artist_id,genre) VALUES (%s,%s,%s) ON CONFLICT (artist_id) DO UPDATE SET artist_name=EXCLUDED.artist_name,artist_id=EXCLUDED.artist_id,genre=EXCLUDED.genre, parameters: ('Felly', '2848adRcxvgWNRcz1g1tQD', 'indie pop rap')
[2023-05-09T15:57:52.086+0000] {sql.py:384} INFO - Rows affected: 1
[2023-05-09T15:57:52.093+0000] {base.py:73} INFO - Using connection ID '***' for task execution.
[2023-05-09T15:57:52.100+0000] {sql.py:375} INFO - Running statement: INSERT INTO artist_dim (artist_name,artist_id,genre) VALUES (%s,%s,%s) ON CONFLICT (artist_id) DO UPDATE SET artist_name=EXCLUDED.artist_name,artist_id=EXCLUDED.artist_id,genre=EXCLUDED.genre, parameters: ('RIZ LA VIE', '0QkgnHpxSCOYdTnhUR9S5k', 'bedroom soul')
[2023-05-09T15:57:52.102+0000] {sql.py:384} INFO - Rows affected: 1
[2023-05-09T15:57:52.108+0000] {base.py:73} INFO - Using connection ID '***' for task execution.
[2023-05-09T15:57:52.114+0000] {sql.py:375} INFO - Running statement: INSERT INTO artist_dim (artist_name,artist_id,genre) VALUES (%s,%s,%s) ON CONFLICT (artist_id) DO UPDATE SET artist_name=EXCLUDED.artist_name,artist_id=EXCLUDED.artist_id,genre=EXCLUDED.genre, parameters: ('Tommy Ice', '3AUIYVmhwrsw8UOPHEv91Z', 'emo rap')
[2023-05-09T15:57:52.116+0000] {sql.py:384} INFO - Rows affected: 1
[2023-05-09T15:57:52.123+0000] {base.py:73} INFO - Using connection ID '***' for task execution.
[2023-05-09T15:57:52.130+0000] {sql.py:375} INFO - Running statement: INSERT INTO artist_dim (artist_name,artist_id,genre) VALUES (%s,%s,%s) ON CONFLICT (artist_id) DO UPDATE SET artist_name=EXCLUDED.artist_name,artist_id=EXCLUDED.artist_id,genre=EXCLUDED.genre, parameters: ('Andrew Spacey', '71EAlWYAa5jb4phZIOlp7u', 'st louis rap')
[2023-05-09T15:57:52.131+0000] {sql.py:384} INFO - Rows affected: 1
[2023-05-09T15:57:52.137+0000] {base.py:73} INFO - Using connection ID '***' for task execution.
[2023-05-09T15:57:52.143+0000] {sql.py:375} INFO - Running statement: INSERT INTO artist_dim (artist_name,artist_id,genre) VALUES (%s,%s,%s) ON CONFLICT (artist_id) DO UPDATE SET artist_name=EXCLUDED.artist_name,artist_id=EXCLUDED.artist_id,genre=EXCLUDED.genre, parameters: ('aldn', '2GUw9Wzha61PkZoRVv1PDD', 'glitchcore')
[2023-05-09T15:57:52.145+0000] {sql.py:384} INFO - Rows affected: 1
[2023-05-09T15:57:52.151+0000] {base.py:73} INFO - Using connection ID '***' for task execution.
[2023-05-09T15:57:52.157+0000] {sql.py:375} INFO - Running statement: INSERT INTO artist_dim (artist_name,artist_id,genre) VALUES (%s,%s,%s) ON CONFLICT (artist_id) DO UPDATE SET artist_name=EXCLUDED.artist_name,artist_id=EXCLUDED.artist_id,genre=EXCLUDED.genre, parameters: ('RONEN', '3wDeS1sr05fxaOeiJJrOnL', 'aesthetic rap')
[2023-05-09T15:57:52.159+0000] {sql.py:384} INFO - Rows affected: 1
[2023-05-09T15:57:52.165+0000] {base.py:73} INFO - Using connection ID '***' for task execution.
[2023-05-09T15:57:52.172+0000] {sql.py:375} INFO - Running statement: INSERT INTO artist_dim (artist_name,artist_id,genre) VALUES (%s,%s,%s) ON CONFLICT (artist_id) DO UPDATE SET artist_name=EXCLUDED.artist_name,artist_id=EXCLUDED.artist_id,genre=EXCLUDED.genre, parameters: ('Elroy', '1OP39gZ2SXVnwg4NrARmsu', 'hyperpop')
[2023-05-09T15:57:52.174+0000] {sql.py:384} INFO - Rows affected: 1
[2023-05-09T15:57:52.180+0000] {base.py:73} INFO - Using connection ID '***' for task execution.
[2023-05-09T15:57:52.186+0000] {sql.py:375} INFO - Running statement: INSERT INTO artist_dim (artist_name,artist_id,genre) VALUES (%s,%s,%s) ON CONFLICT (artist_id) DO UPDATE SET artist_name=EXCLUDED.artist_name,artist_id=EXCLUDED.artist_id,genre=EXCLUDED.genre, parameters: ('44phantom', '1vwwjIPFeYoRfAUCqqO6cZ', nan)
[2023-05-09T15:57:52.188+0000] {sql.py:384} INFO - Rows affected: 1
[2023-05-09T15:57:52.194+0000] {base.py:73} INFO - Using connection ID '***' for task execution.
[2023-05-09T15:57:52.200+0000] {sql.py:375} INFO - Running statement: INSERT INTO artist_dim (artist_name,artist_id,genre) VALUES (%s,%s,%s) ON CONFLICT (artist_id) DO UPDATE SET artist_name=EXCLUDED.artist_name,artist_id=EXCLUDED.artist_id,genre=EXCLUDED.genre, parameters: ('Ramzoid', '2Ci3Sflo2BfC77wTwn2hbH', 'future bass')
[2023-05-09T15:57:52.202+0000] {sql.py:384} INFO - Rows affected: 1
[2023-05-09T15:57:52.208+0000] {base.py:73} INFO - Using connection ID '***' for task execution.
[2023-05-09T15:57:52.214+0000] {sql.py:375} INFO - Running statement: INSERT INTO artist_dim (artist_name,artist_id,genre) VALUES (%s,%s,%s) ON CONFLICT (artist_id) DO UPDATE SET artist_name=EXCLUDED.artist_name,artist_id=EXCLUDED.artist_id,genre=EXCLUDED.genre, parameters: ('GOLDHOUSE', '670UISOh9XV1zlq5z5IfoY', 'pop edm')
[2023-05-09T15:57:52.215+0000] {sql.py:384} INFO - Rows affected: 1
[2023-05-09T15:57:52.221+0000] {base.py:73} INFO - Using connection ID '***' for task execution.
[2023-05-09T15:57:52.227+0000] {sql.py:375} INFO - Running statement: INSERT INTO artist_dim (artist_name,artist_id,genre) VALUES (%s,%s,%s) ON CONFLICT (artist_id) DO UPDATE SET artist_name=EXCLUDED.artist_name,artist_id=EXCLUDED.artist_id,genre=EXCLUDED.genre, parameters: ('dying in designer', '3QZxOYl5zlZtfigtXOZsfT', 'emo rap')
[2023-05-09T15:57:52.229+0000] {sql.py:384} INFO - Rows affected: 1
[2023-05-09T15:57:52.235+0000] {base.py:73} INFO - Using connection ID '***' for task execution.
[2023-05-09T15:57:52.242+0000] {sql.py:375} INFO - Running statement: INSERT INTO artist_dim (artist_name,artist_id,genre) VALUES (%s,%s,%s) ON CONFLICT (artist_id) DO UPDATE SET artist_name=EXCLUDED.artist_name,artist_id=EXCLUDED.artist_id,genre=EXCLUDED.genre, parameters: ('Kota the Friend', '2AfU5LYBVCiCtuCCfM7uVX', 'underground hip hop')
[2023-05-09T15:57:52.244+0000] {sql.py:384} INFO - Rows affected: 1
[2023-05-09T15:57:52.250+0000] {base.py:73} INFO - Using connection ID '***' for task execution.
[2023-05-09T15:57:52.256+0000] {sql.py:375} INFO - Running statement: INSERT INTO artist_dim (artist_name,artist_id,genre) VALUES (%s,%s,%s) ON CONFLICT (artist_id) DO UPDATE SET artist_name=EXCLUDED.artist_name,artist_id=EXCLUDED.artist_id,genre=EXCLUDED.genre, parameters: ('Marlon Craft', '7MigDh04CCntQbsBvugEmb', 'nyc rap')
[2023-05-09T15:57:52.258+0000] {sql.py:384} INFO - Rows affected: 1
[2023-05-09T15:57:52.264+0000] {base.py:73} INFO - Using connection ID '***' for task execution.
[2023-05-09T15:57:52.270+0000] {sql.py:375} INFO - Running statement: INSERT INTO artist_dim (artist_name,artist_id,genre) VALUES (%s,%s,%s) ON CONFLICT (artist_id) DO UPDATE SET artist_name=EXCLUDED.artist_name,artist_id=EXCLUDED.artist_id,genre=EXCLUDED.genre, parameters: ('SEBASTIAN PAUL', '1tQu5TjcAK68fx8qrc8ZgF', nan)
[2023-05-09T15:57:52.271+0000] {sql.py:384} INFO - Rows affected: 1
[2023-05-09T15:57:52.277+0000] {base.py:73} INFO - Using connection ID '***' for task execution.
[2023-05-09T15:57:52.285+0000] {sql.py:375} INFO - Running statement: INSERT INTO artist_dim (artist_name,artist_id,genre) VALUES (%s,%s,%s) ON CONFLICT (artist_id) DO UPDATE SET artist_name=EXCLUDED.artist_name,artist_id=EXCLUDED.artist_id,genre=EXCLUDED.genre, parameters: ('Max Wells', '0Kx7qYhFiv0YD5lxEG1nsz', nan)
[2023-05-09T15:57:52.287+0000] {sql.py:384} INFO - Rows affected: 1
[2023-05-09T15:57:52.293+0000] {base.py:73} INFO - Using connection ID '***' for task execution.
[2023-05-09T15:57:52.299+0000] {sql.py:375} INFO - Running statement: INSERT INTO artist_dim (artist_name,artist_id,genre) VALUES (%s,%s,%s) ON CONFLICT (artist_id) DO UPDATE SET artist_name=EXCLUDED.artist_name,artist_id=EXCLUDED.artist_id,genre=EXCLUDED.genre, parameters: ('Gomey', '5ibWbhA0IkPT3xCN0YicRL', nan)
[2023-05-09T15:57:52.301+0000] {sql.py:384} INFO - Rows affected: 1
[2023-05-09T15:57:52.307+0000] {base.py:73} INFO - Using connection ID '***' for task execution.
[2023-05-09T15:57:52.314+0000] {sql.py:375} INFO - Running statement: INSERT INTO artist_dim (artist_name,artist_id,genre) VALUES (%s,%s,%s) ON CONFLICT (artist_id) DO UPDATE SET artist_name=EXCLUDED.artist_name,artist_id=EXCLUDED.artist_id,genre=EXCLUDED.genre, parameters: ('Christian French', '7naAJDAh7AZnf18YYfQruM', 'alt z')
[2023-05-09T15:57:52.316+0000] {sql.py:384} INFO - Rows affected: 1
[2023-05-09T15:57:52.321+0000] {base.py:73} INFO - Using connection ID '***' for task execution.
[2023-05-09T15:57:52.328+0000] {sql.py:375} INFO - Running statement: INSERT INTO artist_dim (artist_name,artist_id,genre) VALUES (%s,%s,%s) ON CONFLICT (artist_id) DO UPDATE SET artist_name=EXCLUDED.artist_name,artist_id=EXCLUDED.artist_id,genre=EXCLUDED.genre, parameters: ('tsubi club', '6fHEaFnFgMxMAtDt7mFoQ3', 'hyperpop')
[2023-05-09T15:57:52.329+0000] {sql.py:384} INFO - Rows affected: 1
[2023-05-09T15:57:52.336+0000] {base.py:73} INFO - Using connection ID '***' for task execution.
[2023-05-09T15:57:52.342+0000] {sql.py:375} INFO - Running statement: INSERT INTO artist_dim (artist_name,artist_id,genre) VALUES (%s,%s,%s) ON CONFLICT (artist_id) DO UPDATE SET artist_name=EXCLUDED.artist_name,artist_id=EXCLUDED.artist_id,genre=EXCLUDED.genre, parameters: ('Vwillz', '0S7eN9KAsbAaIZtFyCn1q1', nan)
[2023-05-09T15:57:52.344+0000] {sql.py:384} INFO - Rows affected: 1
[2023-05-09T15:57:52.351+0000] {base.py:73} INFO - Using connection ID '***' for task execution.
[2023-05-09T15:57:52.357+0000] {sql.py:375} INFO - Running statement: INSERT INTO artist_dim (artist_name,artist_id,genre) VALUES (%s,%s,%s) ON CONFLICT (artist_id) DO UPDATE SET artist_name=EXCLUDED.artist_name,artist_id=EXCLUDED.artist_id,genre=EXCLUDED.genre, parameters: ('Kevin Powers', '4X8TR9pBFyewFlIDYt1o2s', nan)
[2023-05-09T15:57:52.359+0000] {sql.py:384} INFO - Rows affected: 1
[2023-05-09T15:57:52.364+0000] {base.py:73} INFO - Using connection ID '***' for task execution.
[2023-05-09T15:57:52.370+0000] {sql.py:375} INFO - Running statement: INSERT INTO artist_dim (artist_name,artist_id,genre) VALUES (%s,%s,%s) ON CONFLICT (artist_id) DO UPDATE SET artist_name=EXCLUDED.artist_name,artist_id=EXCLUDED.artist_id,genre=EXCLUDED.genre, parameters: ('Brennan', '5UrcghjIlj83Jf7QjZfBhZ', nan)
[2023-05-09T15:57:52.372+0000] {sql.py:384} INFO - Rows affected: 1
[2023-05-09T15:57:52.378+0000] {base.py:73} INFO - Using connection ID '***' for task execution.
[2023-05-09T15:57:52.386+0000] {sql.py:375} INFO - Running statement: INSERT INTO artist_dim (artist_name,artist_id,genre) VALUES (%s,%s,%s) ON CONFLICT (artist_id) DO UPDATE SET artist_name=EXCLUDED.artist_name,artist_id=EXCLUDED.artist_id,genre=EXCLUDED.genre, parameters: ('Rawska', '3pob90yrusjcbgSYFKaeAk', 'cloud rap')
[2023-05-09T15:57:52.388+0000] {sql.py:384} INFO - Rows affected: 1
[2023-05-09T15:57:52.394+0000] {base.py:73} INFO - Using connection ID '***' for task execution.
[2023-05-09T15:57:52.400+0000] {sql.py:375} INFO - Running statement: INSERT INTO artist_dim (artist_name,artist_id,genre) VALUES (%s,%s,%s) ON CONFLICT (artist_id) DO UPDATE SET artist_name=EXCLUDED.artist_name,artist_id=EXCLUDED.artist_id,genre=EXCLUDED.genre, parameters: ('Ghostrage', '7BoBxrm9jJ7us6U92oqr4N', nan)
[2023-05-09T15:57:52.401+0000] {sql.py:384} INFO - Rows affected: 1
[2023-05-09T15:57:52.407+0000] {base.py:73} INFO - Using connection ID '***' for task execution.
[2023-05-09T15:57:52.415+0000] {sql.py:375} INFO - Running statement: INSERT INTO artist_dim (artist_name,artist_id,genre) VALUES (%s,%s,%s) ON CONFLICT (artist_id) DO UPDATE SET artist_name=EXCLUDED.artist_name,artist_id=EXCLUDED.artist_id,genre=EXCLUDED.genre, parameters: ('Cold Hart', '1fsCfvdiomqjKJFR6xI8e4', 'cloud rap')
[2023-05-09T15:57:52.417+0000] {sql.py:384} INFO - Rows affected: 1
[2023-05-09T15:57:52.424+0000] {base.py:73} INFO - Using connection ID '***' for task execution.
[2023-05-09T15:57:52.429+0000] {sql.py:375} INFO - Running statement: INSERT INTO artist_dim (artist_name,artist_id,genre) VALUES (%s,%s,%s) ON CONFLICT (artist_id) DO UPDATE SET artist_name=EXCLUDED.artist_name,artist_id=EXCLUDED.artist_id,genre=EXCLUDED.genre, parameters: ('Yung Pinch', '61qMnYXa1GxSBoV3IiYKjZ', 'melodic rap')
[2023-05-09T15:57:52.431+0000] {sql.py:384} INFO - Rows affected: 1
[2023-05-09T15:57:52.436+0000] {base.py:73} INFO - Using connection ID '***' for task execution.
[2023-05-09T15:57:52.443+0000] {sql.py:375} INFO - Running statement: INSERT INTO artist_dim (artist_name,artist_id,genre) VALUES (%s,%s,%s) ON CONFLICT (artist_id) DO UPDATE SET artist_name=EXCLUDED.artist_name,artist_id=EXCLUDED.artist_id,genre=EXCLUDED.genre, parameters: ('Johan Lenox', '1KuV6xtFnLPsneN3yBrjFj', nan)
[2023-05-09T15:57:52.444+0000] {sql.py:384} INFO - Rows affected: 1
[2023-05-09T15:57:52.450+0000] {base.py:73} INFO - Using connection ID '***' for task execution.
[2023-05-09T15:57:52.456+0000] {sql.py:375} INFO - Running statement: INSERT INTO artist_dim (artist_name,artist_id,genre) VALUES (%s,%s,%s) ON CONFLICT (artist_id) DO UPDATE SET artist_name=EXCLUDED.artist_name,artist_id=EXCLUDED.artist_id,genre=EXCLUDED.genre, parameters: ('Hovey Benjamin', '7wSr4otUV4ytUvHE4w3rBe', 'meme rap')
[2023-05-09T15:57:52.457+0000] {sql.py:384} INFO - Rows affected: 1
[2023-05-09T15:57:52.463+0000] {base.py:73} INFO - Using connection ID '***' for task execution.
[2023-05-09T15:57:52.468+0000] {sql.py:375} INFO - Running statement: INSERT INTO artist_dim (artist_name,artist_id,genre) VALUES (%s,%s,%s) ON CONFLICT (artist_id) DO UPDATE SET artist_name=EXCLUDED.artist_name,artist_id=EXCLUDED.artist_id,genre=EXCLUDED.genre, parameters: ('underscores', '7HfUJxeVTgrvhk0eWHFzV7', 'hyperpop')
[2023-05-09T15:57:52.470+0000] {sql.py:384} INFO - Rows affected: 1
[2023-05-09T15:57:52.477+0000] {base.py:73} INFO - Using connection ID '***' for task execution.
[2023-05-09T15:57:52.484+0000] {sql.py:375} INFO - Running statement: INSERT INTO artist_dim (artist_name,artist_id,genre) VALUES (%s,%s,%s) ON CONFLICT (artist_id) DO UPDATE SET artist_name=EXCLUDED.artist_name,artist_id=EXCLUDED.artist_id,genre=EXCLUDED.genre, parameters: ('MASN', '4HAfqyKr4Sqtab6ttHWXgE', 'sad rap')
[2023-05-09T15:57:52.486+0000] {sql.py:384} INFO - Rows affected: 1
[2023-05-09T15:57:52.492+0000] {base.py:73} INFO - Using connection ID '***' for task execution.
[2023-05-09T15:57:52.498+0000] {sql.py:375} INFO - Running statement: INSERT INTO artist_dim (artist_name,artist_id,genre) VALUES (%s,%s,%s) ON CONFLICT (artist_id) DO UPDATE SET artist_name=EXCLUDED.artist_name,artist_id=EXCLUDED.artist_id,genre=EXCLUDED.genre, parameters: ('VIC MENSA', '27w1NoOLMX7tJMYqcetPyG', 'canadian hip hop')
[2023-05-09T15:57:52.500+0000] {sql.py:384} INFO - Rows affected: 1
[2023-05-09T15:57:52.505+0000] {base.py:73} INFO - Using connection ID '***' for task execution.
[2023-05-09T15:57:52.513+0000] {sql.py:375} INFO - Running statement: INSERT INTO artist_dim (artist_name,artist_id,genre) VALUES (%s,%s,%s) ON CONFLICT (artist_id) DO UPDATE SET artist_name=EXCLUDED.artist_name,artist_id=EXCLUDED.artist_id,genre=EXCLUDED.genre, parameters: ('mike.', '5G9kmDLg3OeUyj8KVBLzbu', 'indie pop rap')
[2023-05-09T15:57:52.515+0000] {sql.py:384} INFO - Rows affected: 1
[2023-05-09T15:57:52.521+0000] {base.py:73} INFO - Using connection ID '***' for task execution.
[2023-05-09T15:57:52.526+0000] {sql.py:375} INFO - Running statement: INSERT INTO artist_dim (artist_name,artist_id,genre) VALUES (%s,%s,%s) ON CONFLICT (artist_id) DO UPDATE SET artist_name=EXCLUDED.artist_name,artist_id=EXCLUDED.artist_id,genre=EXCLUDED.genre, parameters: ('POORSTACY', '7vSY9HEreOqb1Llar3UC38', 'emo rap')
[2023-05-09T15:57:52.528+0000] {sql.py:384} INFO - Rows affected: 1
[2023-05-09T15:57:52.533+0000] {base.py:73} INFO - Using connection ID '***' for task execution.
[2023-05-09T15:57:52.540+0000] {sql.py:375} INFO - Running statement: INSERT INTO artist_dim (artist_name,artist_id,genre) VALUES (%s,%s,%s) ON CONFLICT (artist_id) DO UPDATE SET artist_name=EXCLUDED.artist_name,artist_id=EXCLUDED.artist_id,genre=EXCLUDED.genre, parameters: ('nothing,nowhere.', '7FngGIEGgN3Iwauw1MvO4P', 'cloud rap')
[2023-05-09T15:57:52.542+0000] {sql.py:384} INFO - Rows affected: 1
[2023-05-09T15:57:52.548+0000] {base.py:73} INFO - Using connection ID '***' for task execution.
[2023-05-09T15:57:52.554+0000] {sql.py:375} INFO - Running statement: INSERT INTO artist_dim (artist_name,artist_id,genre) VALUES (%s,%s,%s) ON CONFLICT (artist_id) DO UPDATE SET artist_name=EXCLUDED.artist_name,artist_id=EXCLUDED.artist_id,genre=EXCLUDED.genre, parameters: ('Atlas in Motion', '1N9JxmOPJqhMCw219uoEi8', nan)
[2023-05-09T15:57:52.555+0000] {sql.py:384} INFO - Rows affected: 1
[2023-05-09T15:57:52.561+0000] {base.py:73} INFO - Using connection ID '***' for task execution.
[2023-05-09T15:57:52.566+0000] {sql.py:375} INFO - Running statement: INSERT INTO artist_dim (artist_name,artist_id,genre) VALUES (%s,%s,%s) ON CONFLICT (artist_id) DO UPDATE SET artist_name=EXCLUDED.artist_name,artist_id=EXCLUDED.artist_id,genre=EXCLUDED.genre, parameters: ('han.irl <3', '5VfSeZYcDwD8WQVwbaoL6z', nan)
[2023-05-09T15:57:52.568+0000] {sql.py:384} INFO - Rows affected: 1
[2023-05-09T15:57:52.573+0000] {base.py:73} INFO - Using connection ID '***' for task execution.
[2023-05-09T15:57:52.579+0000] {sql.py:375} INFO - Running statement: INSERT INTO artist_dim (artist_name,artist_id,genre) VALUES (%s,%s,%s) ON CONFLICT (artist_id) DO UPDATE SET artist_name=EXCLUDED.artist_name,artist_id=EXCLUDED.artist_id,genre=EXCLUDED.genre, parameters: ('login', '5JZPSVFMUk4HGDdx68lN77', 'hyperpop')
[2023-05-09T15:57:52.582+0000] {sql.py:384} INFO - Rows affected: 1
[2023-05-09T15:57:52.587+0000] {base.py:73} INFO - Using connection ID '***' for task execution.
[2023-05-09T15:57:52.595+0000] {sql.py:375} INFO - Running statement: INSERT INTO artist_dim (artist_name,artist_id,genre) VALUES (%s,%s,%s) ON CONFLICT (artist_id) DO UPDATE SET artist_name=EXCLUDED.artist_name,artist_id=EXCLUDED.artist_id,genre=EXCLUDED.genre, parameters: ('静的 Static', '6rEjEIfp3NSRteU3kJGSET', 'emo rap')
[2023-05-09T15:57:52.597+0000] {sql.py:384} INFO - Rows affected: 1
[2023-05-09T15:57:52.603+0000] {base.py:73} INFO - Using connection ID '***' for task execution.
[2023-05-09T15:57:52.609+0000] {sql.py:375} INFO - Running statement: INSERT INTO artist_dim (artist_name,artist_id,genre) VALUES (%s,%s,%s) ON CONFLICT (artist_id) DO UPDATE SET artist_name=EXCLUDED.artist_name,artist_id=EXCLUDED.artist_id,genre=EXCLUDED.genre, parameters: ('Rich Brian', '2IDLDx25HU1nQMKde4n61a', 'indonesian hip hop')
[2023-05-09T15:57:52.611+0000] {sql.py:384} INFO - Rows affected: 1
[2023-05-09T15:57:52.617+0000] {base.py:73} INFO - Using connection ID '***' for task execution.
[2023-05-09T15:57:52.622+0000] {sql.py:375} INFO - Running statement: INSERT INTO artist_dim (artist_name,artist_id,genre) VALUES (%s,%s,%s) ON CONFLICT (artist_id) DO UPDATE SET artist_name=EXCLUDED.artist_name,artist_id=EXCLUDED.artist_id,genre=EXCLUDED.genre, parameters: ('88rising', '1AhjOkOLkbHUfcHDSErXQs', 'asian american hip hop')
[2023-05-09T15:57:52.624+0000] {sql.py:384} INFO - Rows affected: 1
[2023-05-09T15:57:52.625+0000] {python.py:183} INFO - Done. Returned value was: None
[2023-05-09T15:57:52.635+0000] {taskinstance.py:1373} INFO - Marking task as SUCCESS. dag_id=Summer_Warped_ETL, task_id=LoadData.LoadArtistDim, execution_date=20230509T155715, start_date=20230509T155751, end_date=20230509T155752
[2023-05-09T15:57:52.691+0000] {local_task_job_runner.py:232} INFO - Task exited with return code 0
[2023-05-09T15:57:52.710+0000] {taskinstance.py:2674} INFO - 0 downstream tasks scheduled from follow-on schedule check
