[2023-05-08T16:03:14.494+0000] {taskinstance.py:1125} INFO - Dependencies all met for dep_context=non-requeueable deps ti=<TaskInstance: Summer_Warped_ETL.LoadData.LoadArtistDim manual__2023-05-08T16:02:34.709403+00:00 [queued]>
[2023-05-08T16:03:14.500+0000] {taskinstance.py:1125} INFO - Dependencies all met for dep_context=requeueable deps ti=<TaskInstance: Summer_Warped_ETL.LoadData.LoadArtistDim manual__2023-05-08T16:02:34.709403+00:00 [queued]>
[2023-05-08T16:03:14.500+0000] {taskinstance.py:1331} INFO - Starting attempt 1 of 3
[2023-05-08T16:03:14.509+0000] {taskinstance.py:1350} INFO - Executing <Task(PythonOperator): LoadData.LoadArtistDim> on 2023-05-08 16:02:34.709403+00:00
[2023-05-08T16:03:14.514+0000] {standard_task_runner.py:57} INFO - Started process 578 to run task
[2023-05-08T16:03:14.520+0000] {standard_task_runner.py:84} INFO - Running: ['***', 'tasks', 'run', 'Summer_Warped_ETL', 'LoadData.LoadArtistDim', 'manual__2023-05-08T16:02:34.709403+00:00', '--job-id', '2421', '--raw', '--subdir', 'DAGS_FOLDER/warped-dag.py', '--cfg-path', '/tmp/tmpwn_kxn35']
[2023-05-08T16:03:14.521+0000] {standard_task_runner.py:85} INFO - Job 2421: Subtask LoadData.LoadArtistDim
[2023-05-08T16:03:14.569+0000] {task_command.py:410} INFO - Running <TaskInstance: Summer_Warped_ETL.LoadData.LoadArtistDim manual__2023-05-08T16:02:34.709403+00:00 [running]> on host 7b4753e133cb
[2023-05-08T16:03:14.634+0000] {taskinstance.py:1570} INFO - Exporting env vars: AIRFLOW_CTX_DAG_OWNER='Ananta Moharana' AIRFLOW_CTX_DAG_ID='Summer_Warped_ETL' AIRFLOW_CTX_TASK_ID='LoadData.LoadArtistDim' AIRFLOW_CTX_EXECUTION_DATE='2023-05-08T16:02:34.709403+00:00' AIRFLOW_CTX_TRY_NUMBER='1' AIRFLOW_CTX_DAG_RUN_ID='manual__2023-05-08T16:02:34.709403+00:00'
[2023-05-08T16:03:14.637+0000] {logging_mixin.py:149} INFO - 2023-05/artist_dim.csv
[2023-05-08T16:03:14.644+0000] {base.py:73} INFO - Using connection ID 'aws_connection' for task execution.
[2023-05-08T16:03:14.645+0000] {connection_wrapper.py:337} INFO - AWS Connection (conn_id='aws_connection', conn_type='aws') credentials retrieved from login and password.
[2023-05-08T16:03:14.849+0000] {logging_mixin.py:149} INFO -         artist_name               artist_id        genre
0              Zaia  1m0t5VYISq6TcyMo7UqLMz  atl hip hop
1  nothing,nowhere.  7FngGIEGgN3Iwauw1MvO4P    cloud rap
2          brakence  4kqFrZkeqDfOIEqTWqbOOV   glitchcore
3        Marco Luka  4tjqHer0BFQbJ1FVyWhffM          NaN
4               Sky  62UdSpLGWjDU75OAFKLxWV          NaN
[2023-05-08T16:03:14.850+0000] {logging_mixin.py:149} INFO - INSERT INTO artist_dim (artist_name,artist_id,genre) VALUES (%s,%s,%s) ON CONFLICT (artist_id) DO UPDATE SET artist_name=EXCLUDED.artist_name,artist_id=EXCLUDED.artist_id,genre=EXCLUDED.genre
[2023-05-08T16:03:14.858+0000] {base.py:73} INFO - Using connection ID '***' for task execution.
[2023-05-08T16:03:14.866+0000] {sql.py:375} INFO - Running statement: INSERT INTO artist_dim (artist_name,artist_id,genre) VALUES (%s,%s,%s) ON CONFLICT (artist_id) DO UPDATE SET artist_name=EXCLUDED.artist_name,artist_id=EXCLUDED.artist_id,genre=EXCLUDED.genre, parameters: ('Zaia', '1m0t5VYISq6TcyMo7UqLMz', 'atl hip hop')
[2023-05-08T16:03:14.868+0000] {sql.py:384} INFO - Rows affected: 1
[2023-05-08T16:03:14.874+0000] {base.py:73} INFO - Using connection ID '***' for task execution.
[2023-05-08T16:03:14.881+0000] {sql.py:375} INFO - Running statement: INSERT INTO artist_dim (artist_name,artist_id,genre) VALUES (%s,%s,%s) ON CONFLICT (artist_id) DO UPDATE SET artist_name=EXCLUDED.artist_name,artist_id=EXCLUDED.artist_id,genre=EXCLUDED.genre, parameters: ('nothing,nowhere.', '7FngGIEGgN3Iwauw1MvO4P', 'cloud rap')
[2023-05-08T16:03:14.883+0000] {sql.py:384} INFO - Rows affected: 1
[2023-05-08T16:03:14.891+0000] {base.py:73} INFO - Using connection ID '***' for task execution.
[2023-05-08T16:03:14.899+0000] {sql.py:375} INFO - Running statement: INSERT INTO artist_dim (artist_name,artist_id,genre) VALUES (%s,%s,%s) ON CONFLICT (artist_id) DO UPDATE SET artist_name=EXCLUDED.artist_name,artist_id=EXCLUDED.artist_id,genre=EXCLUDED.genre, parameters: ('brakence', '4kqFrZkeqDfOIEqTWqbOOV', 'glitchcore')
[2023-05-08T16:03:14.901+0000] {sql.py:384} INFO - Rows affected: 1
[2023-05-08T16:03:14.907+0000] {base.py:73} INFO - Using connection ID '***' for task execution.
[2023-05-08T16:03:14.913+0000] {sql.py:375} INFO - Running statement: INSERT INTO artist_dim (artist_name,artist_id,genre) VALUES (%s,%s,%s) ON CONFLICT (artist_id) DO UPDATE SET artist_name=EXCLUDED.artist_name,artist_id=EXCLUDED.artist_id,genre=EXCLUDED.genre, parameters: ('Marco Luka', '4tjqHer0BFQbJ1FVyWhffM', nan)
[2023-05-08T16:03:14.915+0000] {sql.py:384} INFO - Rows affected: 1
[2023-05-08T16:03:14.921+0000] {base.py:73} INFO - Using connection ID '***' for task execution.
[2023-05-08T16:03:14.928+0000] {sql.py:375} INFO - Running statement: INSERT INTO artist_dim (artist_name,artist_id,genre) VALUES (%s,%s,%s) ON CONFLICT (artist_id) DO UPDATE SET artist_name=EXCLUDED.artist_name,artist_id=EXCLUDED.artist_id,genre=EXCLUDED.genre, parameters: ('Sky', '62UdSpLGWjDU75OAFKLxWV', nan)
[2023-05-08T16:03:14.929+0000] {sql.py:384} INFO - Rows affected: 1
[2023-05-08T16:03:14.937+0000] {base.py:73} INFO - Using connection ID '***' for task execution.
[2023-05-08T16:03:14.944+0000] {sql.py:375} INFO - Running statement: INSERT INTO artist_dim (artist_name,artist_id,genre) VALUES (%s,%s,%s) ON CONFLICT (artist_id) DO UPDATE SET artist_name=EXCLUDED.artist_name,artist_id=EXCLUDED.artist_id,genre=EXCLUDED.genre, parameters: ('abbot', '0Ro9LZA0sRl1FG66KgsA1u', nan)
[2023-05-08T16:03:14.945+0000] {sql.py:384} INFO - Rows affected: 1
[2023-05-08T16:03:14.952+0000] {base.py:73} INFO - Using connection ID '***' for task execution.
[2023-05-08T16:03:14.958+0000] {sql.py:375} INFO - Running statement: INSERT INTO artist_dim (artist_name,artist_id,genre) VALUES (%s,%s,%s) ON CONFLICT (artist_id) DO UPDATE SET artist_name=EXCLUDED.artist_name,artist_id=EXCLUDED.artist_id,genre=EXCLUDED.genre, parameters: ('guardin', '6zqcGQ6MH6yetBUoquMnL7', 'cloud rap')
[2023-05-08T16:03:14.960+0000] {sql.py:384} INFO - Rows affected: 1
[2023-05-08T16:03:14.966+0000] {base.py:73} INFO - Using connection ID '***' for task execution.
[2023-05-08T16:03:14.972+0000] {sql.py:375} INFO - Running statement: INSERT INTO artist_dim (artist_name,artist_id,genre) VALUES (%s,%s,%s) ON CONFLICT (artist_id) DO UPDATE SET artist_name=EXCLUDED.artist_name,artist_id=EXCLUDED.artist_id,genre=EXCLUDED.genre, parameters: ('gravehours', '5cwtCGap3COvJNt1yineor', nan)
[2023-05-08T16:03:14.974+0000] {sql.py:384} INFO - Rows affected: 1
[2023-05-08T16:03:14.980+0000] {base.py:73} INFO - Using connection ID '***' for task execution.
[2023-05-08T16:03:14.987+0000] {sql.py:375} INFO - Running statement: INSERT INTO artist_dim (artist_name,artist_id,genre) VALUES (%s,%s,%s) ON CONFLICT (artist_id) DO UPDATE SET artist_name=EXCLUDED.artist_name,artist_id=EXCLUDED.artist_id,genre=EXCLUDED.genre, parameters: ('50landing', '5aTRa02UP1y6PW5klZiTt0', nan)
[2023-05-08T16:03:14.989+0000] {sql.py:384} INFO - Rows affected: 1
[2023-05-08T16:03:14.995+0000] {base.py:73} INFO - Using connection ID '***' for task execution.
[2023-05-08T16:03:15.002+0000] {sql.py:375} INFO - Running statement: INSERT INTO artist_dim (artist_name,artist_id,genre) VALUES (%s,%s,%s) ON CONFLICT (artist_id) DO UPDATE SET artist_name=EXCLUDED.artist_name,artist_id=EXCLUDED.artist_id,genre=EXCLUDED.genre, parameters: ('Atlas in Motion', '1N9JxmOPJqhMCw219uoEi8', nan)
[2023-05-08T16:03:15.003+0000] {sql.py:384} INFO - Rows affected: 1
[2023-05-08T16:03:15.010+0000] {base.py:73} INFO - Using connection ID '***' for task execution.
[2023-05-08T16:03:15.016+0000] {sql.py:375} INFO - Running statement: INSERT INTO artist_dim (artist_name,artist_id,genre) VALUES (%s,%s,%s) ON CONFLICT (artist_id) DO UPDATE SET artist_name=EXCLUDED.artist_name,artist_id=EXCLUDED.artist_id,genre=EXCLUDED.genre, parameters: ('93FEETOFSMOKE', '0plNgbIlOc13T8ot3vyK79', 'cloud rap')
[2023-05-08T16:03:15.017+0000] {sql.py:384} INFO - Rows affected: 1
[2023-05-08T16:03:15.024+0000] {base.py:73} INFO - Using connection ID '***' for task execution.
[2023-05-08T16:03:15.030+0000] {sql.py:375} INFO - Running statement: INSERT INTO artist_dim (artist_name,artist_id,genre) VALUES (%s,%s,%s) ON CONFLICT (artist_id) DO UPDATE SET artist_name=EXCLUDED.artist_name,artist_id=EXCLUDED.artist_id,genre=EXCLUDED.genre, parameters: ('brody', '0t7bbGUdyq3urfDddwXhdY', 'emo rap')
[2023-05-08T16:03:15.032+0000] {sql.py:384} INFO - Rows affected: 1
[2023-05-08T16:03:15.039+0000] {base.py:73} INFO - Using connection ID '***' for task execution.
[2023-05-08T16:03:15.045+0000] {sql.py:375} INFO - Running statement: INSERT INTO artist_dim (artist_name,artist_id,genre) VALUES (%s,%s,%s) ON CONFLICT (artist_id) DO UPDATE SET artist_name=EXCLUDED.artist_name,artist_id=EXCLUDED.artist_id,genre=EXCLUDED.genre, parameters: ('Roderick Porter', '7Lcln0AXqNHMahrca8KVpy', 'aesthetic rap')
[2023-05-08T16:03:15.046+0000] {sql.py:384} INFO - Rows affected: 1
[2023-05-08T16:03:15.053+0000] {base.py:73} INFO - Using connection ID '***' for task execution.
[2023-05-08T16:03:15.059+0000] {sql.py:375} INFO - Running statement: INSERT INTO artist_dim (artist_name,artist_id,genre) VALUES (%s,%s,%s) ON CONFLICT (artist_id) DO UPDATE SET artist_name=EXCLUDED.artist_name,artist_id=EXCLUDED.artist_id,genre=EXCLUDED.genre, parameters: ('SypSki', '3XOHHfvBYKCMo1h0DFY27z', nan)
[2023-05-08T16:03:15.061+0000] {sql.py:384} INFO - Rows affected: 1
[2023-05-08T16:03:15.069+0000] {base.py:73} INFO - Using connection ID '***' for task execution.
[2023-05-08T16:03:15.075+0000] {sql.py:375} INFO - Running statement: INSERT INTO artist_dim (artist_name,artist_id,genre) VALUES (%s,%s,%s) ON CONFLICT (artist_id) DO UPDATE SET artist_name=EXCLUDED.artist_name,artist_id=EXCLUDED.artist_id,genre=EXCLUDED.genre, parameters: ('raspy', '1trffosn0Alk3IlloOD5O8', 'pittsburgh rap')
[2023-05-08T16:03:15.077+0000] {sql.py:384} INFO - Rows affected: 1
[2023-05-08T16:03:15.084+0000] {base.py:73} INFO - Using connection ID '***' for task execution.
[2023-05-08T16:03:15.091+0000] {sql.py:375} INFO - Running statement: INSERT INTO artist_dim (artist_name,artist_id,genre) VALUES (%s,%s,%s) ON CONFLICT (artist_id) DO UPDATE SET artist_name=EXCLUDED.artist_name,artist_id=EXCLUDED.artist_id,genre=EXCLUDED.genre, parameters: ('Landon Cube', '04ei5kNgmDuNAydFhhIHnD', 'vapor trap')
[2023-05-08T16:03:15.093+0000] {sql.py:384} INFO - Rows affected: 1
[2023-05-08T16:03:15.108+0000] {base.py:73} INFO - Using connection ID '***' for task execution.
[2023-05-08T16:03:15.117+0000] {sql.py:375} INFO - Running statement: INSERT INTO artist_dim (artist_name,artist_id,genre) VALUES (%s,%s,%s) ON CONFLICT (artist_id) DO UPDATE SET artist_name=EXCLUDED.artist_name,artist_id=EXCLUDED.artist_id,genre=EXCLUDED.genre, parameters: ('Oliver Francis', '0WvTK38rXqPCD5pZMDuX20', 'cloud rap')
[2023-05-08T16:03:15.119+0000] {sql.py:384} INFO - Rows affected: 1
[2023-05-08T16:03:15.129+0000] {base.py:73} INFO - Using connection ID '***' for task execution.
[2023-05-08T16:03:15.136+0000] {sql.py:375} INFO - Running statement: INSERT INTO artist_dim (artist_name,artist_id,genre) VALUES (%s,%s,%s) ON CONFLICT (artist_id) DO UPDATE SET artist_name=EXCLUDED.artist_name,artist_id=EXCLUDED.artist_id,genre=EXCLUDED.genre, parameters: ('Aries', '3hOdow4ZPmrby7Q1wfPLEy', nan)
[2023-05-08T16:03:15.138+0000] {sql.py:384} INFO - Rows affected: 1
[2023-05-08T16:03:15.148+0000] {base.py:73} INFO - Using connection ID '***' for task execution.
[2023-05-08T16:03:15.161+0000] {sql.py:375} INFO - Running statement: INSERT INTO artist_dim (artist_name,artist_id,genre) VALUES (%s,%s,%s) ON CONFLICT (artist_id) DO UPDATE SET artist_name=EXCLUDED.artist_name,artist_id=EXCLUDED.artist_id,genre=EXCLUDED.genre, parameters: ('elias', '7eRBEVzcZk4XyIdF0Btfg4', 'lo-fi rap')
[2023-05-08T16:03:15.163+0000] {sql.py:384} INFO - Rows affected: 1
[2023-05-08T16:03:15.172+0000] {base.py:73} INFO - Using connection ID '***' for task execution.
[2023-05-08T16:03:15.180+0000] {sql.py:375} INFO - Running statement: INSERT INTO artist_dim (artist_name,artist_id,genre) VALUES (%s,%s,%s) ON CONFLICT (artist_id) DO UPDATE SET artist_name=EXCLUDED.artist_name,artist_id=EXCLUDED.artist_id,genre=EXCLUDED.genre, parameters: ('MostlyEverything', '3Ae7AQITxFS0r3yGQHYDJI', 'upstate ny rap')
[2023-05-08T16:03:15.182+0000] {sql.py:384} INFO - Rows affected: 1
[2023-05-08T16:03:15.188+0000] {base.py:73} INFO - Using connection ID '***' for task execution.
[2023-05-08T16:03:15.198+0000] {sql.py:375} INFO - Running statement: INSERT INTO artist_dim (artist_name,artist_id,genre) VALUES (%s,%s,%s) ON CONFLICT (artist_id) DO UPDATE SET artist_name=EXCLUDED.artist_name,artist_id=EXCLUDED.artist_id,genre=EXCLUDED.genre, parameters: ('Foreign Forest', '7C4ztJMkuGRy0qkU6dG5hU', 'emo rap')
[2023-05-08T16:03:15.199+0000] {sql.py:384} INFO - Rows affected: 1
[2023-05-08T16:03:15.206+0000] {base.py:73} INFO - Using connection ID '***' for task execution.
[2023-05-08T16:03:15.212+0000] {sql.py:375} INFO - Running statement: INSERT INTO artist_dim (artist_name,artist_id,genre) VALUES (%s,%s,%s) ON CONFLICT (artist_id) DO UPDATE SET artist_name=EXCLUDED.artist_name,artist_id=EXCLUDED.artist_id,genre=EXCLUDED.genre, parameters: ('Ashes', '0vUk0rbl0BkFjmeFvjOvoj', nan)
[2023-05-08T16:03:15.214+0000] {sql.py:384} INFO - Rows affected: 1
[2023-05-08T16:03:15.221+0000] {base.py:73} INFO - Using connection ID '***' for task execution.
[2023-05-08T16:03:15.230+0000] {sql.py:375} INFO - Running statement: INSERT INTO artist_dim (artist_name,artist_id,genre) VALUES (%s,%s,%s) ON CONFLICT (artist_id) DO UPDATE SET artist_name=EXCLUDED.artist_name,artist_id=EXCLUDED.artist_id,genre=EXCLUDED.genre, parameters: ('blackbear', '2cFrymmkijnjDg9SS92EPM', 'alt z')
[2023-05-08T16:03:15.232+0000] {sql.py:384} INFO - Rows affected: 1
[2023-05-08T16:03:15.238+0000] {base.py:73} INFO - Using connection ID '***' for task execution.
[2023-05-08T16:03:15.245+0000] {sql.py:375} INFO - Running statement: INSERT INTO artist_dim (artist_name,artist_id,genre) VALUES (%s,%s,%s) ON CONFLICT (artist_id) DO UPDATE SET artist_name=EXCLUDED.artist_name,artist_id=EXCLUDED.artist_id,genre=EXCLUDED.genre, parameters: ('6 Dogs', '3Ps6le7tj5BdNtdnfNgTU4', 'cloud rap')
[2023-05-08T16:03:15.247+0000] {sql.py:384} INFO - Rows affected: 1
[2023-05-08T16:03:15.254+0000] {base.py:73} INFO - Using connection ID '***' for task execution.
[2023-05-08T16:03:15.260+0000] {sql.py:375} INFO - Running statement: INSERT INTO artist_dim (artist_name,artist_id,genre) VALUES (%s,%s,%s) ON CONFLICT (artist_id) DO UPDATE SET artist_name=EXCLUDED.artist_name,artist_id=EXCLUDED.artist_id,genre=EXCLUDED.genre, parameters: ('Pretty Pacc', '2QuPPChZpqAai29uqulNFe', nan)
[2023-05-08T16:03:15.263+0000] {sql.py:384} INFO - Rows affected: 1
[2023-05-08T16:03:15.270+0000] {base.py:73} INFO - Using connection ID '***' for task execution.
[2023-05-08T16:03:15.277+0000] {sql.py:375} INFO - Running statement: INSERT INTO artist_dim (artist_name,artist_id,genre) VALUES (%s,%s,%s) ON CONFLICT (artist_id) DO UPDATE SET artist_name=EXCLUDED.artist_name,artist_id=EXCLUDED.artist_id,genre=EXCLUDED.genre, parameters: ('SAIAH', '5ZPYeVqoWNuukwfarvkyJX', nan)
[2023-05-08T16:03:15.279+0000] {sql.py:384} INFO - Rows affected: 1
[2023-05-08T16:03:15.285+0000] {base.py:73} INFO - Using connection ID '***' for task execution.
[2023-05-08T16:03:15.293+0000] {sql.py:375} INFO - Running statement: INSERT INTO artist_dim (artist_name,artist_id,genre) VALUES (%s,%s,%s) ON CONFLICT (artist_id) DO UPDATE SET artist_name=EXCLUDED.artist_name,artist_id=EXCLUDED.artist_id,genre=EXCLUDED.genre, parameters: ('Lucy Fer', '0BxHc5dN9BSfLZ8PCch9wT', nan)
[2023-05-08T16:03:15.295+0000] {sql.py:384} INFO - Rows affected: 1
[2023-05-08T16:03:15.303+0000] {base.py:73} INFO - Using connection ID '***' for task execution.
[2023-05-08T16:03:15.310+0000] {sql.py:375} INFO - Running statement: INSERT INTO artist_dim (artist_name,artist_id,genre) VALUES (%s,%s,%s) ON CONFLICT (artist_id) DO UPDATE SET artist_name=EXCLUDED.artist_name,artist_id=EXCLUDED.artist_id,genre=EXCLUDED.genre, parameters: ('Sleepa', '1iT8Vbd7KhZiBji3G72zDW', nan)
[2023-05-08T16:03:15.312+0000] {sql.py:384} INFO - Rows affected: 1
[2023-05-08T16:03:15.320+0000] {base.py:73} INFO - Using connection ID '***' for task execution.
[2023-05-08T16:03:15.327+0000] {sql.py:375} INFO - Running statement: INSERT INTO artist_dim (artist_name,artist_id,genre) VALUES (%s,%s,%s) ON CONFLICT (artist_id) DO UPDATE SET artist_name=EXCLUDED.artist_name,artist_id=EXCLUDED.artist_id,genre=EXCLUDED.genre, parameters: ('glaive', '4cJKDGSv4Dz9QycXYmo565', 'glitchcore')
[2023-05-08T16:03:15.328+0000] {sql.py:384} INFO - Rows affected: 1
[2023-05-08T16:03:15.339+0000] {base.py:73} INFO - Using connection ID '***' for task execution.
[2023-05-08T16:03:15.351+0000] {sql.py:375} INFO - Running statement: INSERT INTO artist_dim (artist_name,artist_id,genre) VALUES (%s,%s,%s) ON CONFLICT (artist_id) DO UPDATE SET artist_name=EXCLUDED.artist_name,artist_id=EXCLUDED.artist_id,genre=EXCLUDED.genre, parameters: ('kaido', '0UENogXhLeGTZjub4eejjX', 'hyperpop')
[2023-05-08T16:03:15.352+0000] {sql.py:384} INFO - Rows affected: 1
[2023-05-08T16:03:15.359+0000] {base.py:73} INFO - Using connection ID '***' for task execution.
[2023-05-08T16:03:15.367+0000] {sql.py:375} INFO - Running statement: INSERT INTO artist_dim (artist_name,artist_id,genre) VALUES (%s,%s,%s) ON CONFLICT (artist_id) DO UPDATE SET artist_name=EXCLUDED.artist_name,artist_id=EXCLUDED.artist_id,genre=EXCLUDED.genre, parameters: ('kurtains', '7b2FbxYmnpGMPqDe04QmyP', 'emoplugg')
[2023-05-08T16:03:15.369+0000] {sql.py:384} INFO - Rows affected: 1
[2023-05-08T16:03:15.375+0000] {base.py:73} INFO - Using connection ID '***' for task execution.
[2023-05-08T16:03:15.382+0000] {sql.py:375} INFO - Running statement: INSERT INTO artist_dim (artist_name,artist_id,genre) VALUES (%s,%s,%s) ON CONFLICT (artist_id) DO UPDATE SET artist_name=EXCLUDED.artist_name,artist_id=EXCLUDED.artist_id,genre=EXCLUDED.genre, parameters: ('Numl6ck', '2anlj4dNUn9I1VxxmjRHRx', 'glitchcore')
[2023-05-08T16:03:15.384+0000] {sql.py:384} INFO - Rows affected: 1
[2023-05-08T16:03:15.391+0000] {base.py:73} INFO - Using connection ID '***' for task execution.
[2023-05-08T16:03:15.399+0000] {sql.py:375} INFO - Running statement: INSERT INTO artist_dim (artist_name,artist_id,genre) VALUES (%s,%s,%s) ON CONFLICT (artist_id) DO UPDATE SET artist_name=EXCLUDED.artist_name,artist_id=EXCLUDED.artist_id,genre=EXCLUDED.genre, parameters: ('Deadman Era', '4FI4qPOnjt3D8DnJQrNWps', nan)
[2023-05-08T16:03:15.400+0000] {sql.py:384} INFO - Rows affected: 1
[2023-05-08T16:03:15.407+0000] {base.py:73} INFO - Using connection ID '***' for task execution.
[2023-05-08T16:03:15.415+0000] {sql.py:375} INFO - Running statement: INSERT INTO artist_dim (artist_name,artist_id,genre) VALUES (%s,%s,%s) ON CONFLICT (artist_id) DO UPDATE SET artist_name=EXCLUDED.artist_name,artist_id=EXCLUDED.artist_id,genre=EXCLUDED.genre, parameters: ('Lund', '5uLkZ7FWMTBUg1corQqdkR', 'cloud rap')
[2023-05-08T16:03:15.417+0000] {sql.py:384} INFO - Rows affected: 1
[2023-05-08T16:03:15.425+0000] {base.py:73} INFO - Using connection ID '***' for task execution.
[2023-05-08T16:03:15.432+0000] {sql.py:375} INFO - Running statement: INSERT INTO artist_dim (artist_name,artist_id,genre) VALUES (%s,%s,%s) ON CONFLICT (artist_id) DO UPDATE SET artist_name=EXCLUDED.artist_name,artist_id=EXCLUDED.artist_id,genre=EXCLUDED.genre, parameters: ('Lil Cobaine', '0ILo2K3FmfIh4ICcbHE7RK', nan)
[2023-05-08T16:03:15.433+0000] {sql.py:384} INFO - Rows affected: 1
[2023-05-08T16:03:15.441+0000] {base.py:73} INFO - Using connection ID '***' for task execution.
[2023-05-08T16:03:15.447+0000] {sql.py:375} INFO - Running statement: INSERT INTO artist_dim (artist_name,artist_id,genre) VALUES (%s,%s,%s) ON CONFLICT (artist_id) DO UPDATE SET artist_name=EXCLUDED.artist_name,artist_id=EXCLUDED.artist_id,genre=EXCLUDED.genre, parameters: ('ilham', '0r7PsZB4ePA6vHrW4agoGN', nan)
[2023-05-08T16:03:15.449+0000] {sql.py:384} INFO - Rows affected: 1
[2023-05-08T16:03:15.459+0000] {base.py:73} INFO - Using connection ID '***' for task execution.
[2023-05-08T16:03:15.465+0000] {sql.py:375} INFO - Running statement: INSERT INTO artist_dim (artist_name,artist_id,genre) VALUES (%s,%s,%s) ON CONFLICT (artist_id) DO UPDATE SET artist_name=EXCLUDED.artist_name,artist_id=EXCLUDED.artist_id,genre=EXCLUDED.genre, parameters: ('Angelo Mota', '1PpFka2STGQ57kJcgYBgEF', 'indie hip hop')
[2023-05-08T16:03:15.467+0000] {sql.py:384} INFO - Rows affected: 1
[2023-05-08T16:03:15.481+0000] {base.py:73} INFO - Using connection ID '***' for task execution.
[2023-05-08T16:03:15.489+0000] {sql.py:375} INFO - Running statement: INSERT INTO artist_dim (artist_name,artist_id,genre) VALUES (%s,%s,%s) ON CONFLICT (artist_id) DO UPDATE SET artist_name=EXCLUDED.artist_name,artist_id=EXCLUDED.artist_id,genre=EXCLUDED.genre, parameters: ('Xuitcasecity', '6YxrfNCKBcQlbITpmDLErL', 'indie pop rap')
[2023-05-08T16:03:15.490+0000] {sql.py:384} INFO - Rows affected: 1
[2023-05-08T16:03:15.499+0000] {base.py:73} INFO - Using connection ID '***' for task execution.
[2023-05-08T16:03:15.507+0000] {sql.py:375} INFO - Running statement: INSERT INTO artist_dim (artist_name,artist_id,genre) VALUES (%s,%s,%s) ON CONFLICT (artist_id) DO UPDATE SET artist_name=EXCLUDED.artist_name,artist_id=EXCLUDED.artist_id,genre=EXCLUDED.genre, parameters: ('benny mayne', '2R2Yg2qPloNOTOfqxfXX7l', 'canadian contemporary r&b')
[2023-05-08T16:03:15.509+0000] {sql.py:384} INFO - Rows affected: 1
[2023-05-08T16:03:15.523+0000] {base.py:73} INFO - Using connection ID '***' for task execution.
[2023-05-08T16:03:15.531+0000] {sql.py:375} INFO - Running statement: INSERT INTO artist_dim (artist_name,artist_id,genre) VALUES (%s,%s,%s) ON CONFLICT (artist_id) DO UPDATE SET artist_name=EXCLUDED.artist_name,artist_id=EXCLUDED.artist_id,genre=EXCLUDED.genre, parameters: ('Isekai', '4yOY5zmuuTlS1DbG3yZGki', nan)
[2023-05-08T16:03:15.532+0000] {sql.py:384} INFO - Rows affected: 1
[2023-05-08T16:03:15.545+0000] {base.py:73} INFO - Using connection ID '***' for task execution.
[2023-05-08T16:03:15.551+0000] {sql.py:375} INFO - Running statement: INSERT INTO artist_dim (artist_name,artist_id,genre) VALUES (%s,%s,%s) ON CONFLICT (artist_id) DO UPDATE SET artist_name=EXCLUDED.artist_name,artist_id=EXCLUDED.artist_id,genre=EXCLUDED.genre, parameters: ('Lil Rae', '7iVscW49OWowl9SoLmWzfy', nan)
[2023-05-08T16:03:15.553+0000] {sql.py:384} INFO - Rows affected: 1
[2023-05-08T16:03:15.564+0000] {base.py:73} INFO - Using connection ID '***' for task execution.
[2023-05-08T16:03:15.584+0000] {sql.py:375} INFO - Running statement: INSERT INTO artist_dim (artist_name,artist_id,genre) VALUES (%s,%s,%s) ON CONFLICT (artist_id) DO UPDATE SET artist_name=EXCLUDED.artist_name,artist_id=EXCLUDED.artist_id,genre=EXCLUDED.genre, parameters: ('916frosty', '6c0lj01vVpHsCH7Z5CfJ9K', 'emo rap')
[2023-05-08T16:03:15.596+0000] {sql.py:384} INFO - Rows affected: 1
[2023-05-08T16:03:15.609+0000] {base.py:73} INFO - Using connection ID '***' for task execution.
[2023-05-08T16:03:15.615+0000] {sql.py:375} INFO - Running statement: INSERT INTO artist_dim (artist_name,artist_id,genre) VALUES (%s,%s,%s) ON CONFLICT (artist_id) DO UPDATE SET artist_name=EXCLUDED.artist_name,artist_id=EXCLUDED.artist_id,genre=EXCLUDED.genre, parameters: ('COTIS', '63CZNEytugjFnZBdjBmWc8', 'canadian contemporary r&b')
[2023-05-08T16:03:15.616+0000] {sql.py:384} INFO - Rows affected: 1
[2023-05-08T16:03:15.625+0000] {base.py:73} INFO - Using connection ID '***' for task execution.
[2023-05-08T16:03:15.632+0000] {sql.py:375} INFO - Running statement: INSERT INTO artist_dim (artist_name,artist_id,genre) VALUES (%s,%s,%s) ON CONFLICT (artist_id) DO UPDATE SET artist_name=EXCLUDED.artist_name,artist_id=EXCLUDED.artist_id,genre=EXCLUDED.genre, parameters: ('diveliner', '0be7y7HUvSBf8uG1X7pK8f', nan)
[2023-05-08T16:03:15.634+0000] {sql.py:384} INFO - Rows affected: 1
[2023-05-08T16:03:15.642+0000] {base.py:73} INFO - Using connection ID '***' for task execution.
[2023-05-08T16:03:15.648+0000] {sql.py:375} INFO - Running statement: INSERT INTO artist_dim (artist_name,artist_id,genre) VALUES (%s,%s,%s) ON CONFLICT (artist_id) DO UPDATE SET artist_name=EXCLUDED.artist_name,artist_id=EXCLUDED.artist_id,genre=EXCLUDED.genre, parameters: ('Young Lungs', '2trvlbfMS5zVozEmrFNDTJ', 'canadian hip hop')
[2023-05-08T16:03:15.650+0000] {sql.py:384} INFO - Rows affected: 1
[2023-05-08T16:03:15.658+0000] {base.py:73} INFO - Using connection ID '***' for task execution.
[2023-05-08T16:03:15.665+0000] {sql.py:375} INFO - Running statement: INSERT INTO artist_dim (artist_name,artist_id,genre) VALUES (%s,%s,%s) ON CONFLICT (artist_id) DO UPDATE SET artist_name=EXCLUDED.artist_name,artist_id=EXCLUDED.artist_id,genre=EXCLUDED.genre, parameters: ('Darko', '63dmB3SM4vOZ8rK1EX5IkU', 'sad rap')
[2023-05-08T16:03:15.667+0000] {sql.py:384} INFO - Rows affected: 1
[2023-05-08T16:03:15.675+0000] {base.py:73} INFO - Using connection ID '***' for task execution.
[2023-05-08T16:03:15.682+0000] {sql.py:375} INFO - Running statement: INSERT INTO artist_dim (artist_name,artist_id,genre) VALUES (%s,%s,%s) ON CONFLICT (artist_id) DO UPDATE SET artist_name=EXCLUDED.artist_name,artist_id=EXCLUDED.artist_id,genre=EXCLUDED.genre, parameters: ('24kGoldn', '6fWVd57NKTalqvmjRd2t8Z', 'cali rap')
[2023-05-08T16:03:15.684+0000] {sql.py:384} INFO - Rows affected: 1
[2023-05-08T16:03:15.691+0000] {base.py:73} INFO - Using connection ID '***' for task execution.
[2023-05-08T16:03:15.697+0000] {sql.py:375} INFO - Running statement: INSERT INTO artist_dim (artist_name,artist_id,genre) VALUES (%s,%s,%s) ON CONFLICT (artist_id) DO UPDATE SET artist_name=EXCLUDED.artist_name,artist_id=EXCLUDED.artist_id,genre=EXCLUDED.genre, parameters: ('convolk', '3ddT1Q3KQAm1G7UcIfz5KJ', 'cloud rap')
[2023-05-08T16:03:15.698+0000] {sql.py:384} INFO - Rows affected: 1
[2023-05-08T16:03:15.706+0000] {base.py:73} INFO - Using connection ID '***' for task execution.
[2023-05-08T16:03:15.714+0000] {sql.py:375} INFO - Running statement: INSERT INTO artist_dim (artist_name,artist_id,genre) VALUES (%s,%s,%s) ON CONFLICT (artist_id) DO UPDATE SET artist_name=EXCLUDED.artist_name,artist_id=EXCLUDED.artist_id,genre=EXCLUDED.genre, parameters: ('Sevant', '47SwNXPh17mIDcZwsCr6hX', nan)
[2023-05-08T16:03:15.715+0000] {sql.py:384} INFO - Rows affected: 1
[2023-05-08T16:03:15.725+0000] {base.py:73} INFO - Using connection ID '***' for task execution.
[2023-05-08T16:03:15.731+0000] {sql.py:375} INFO - Running statement: INSERT INTO artist_dim (artist_name,artist_id,genre) VALUES (%s,%s,%s) ON CONFLICT (artist_id) DO UPDATE SET artist_name=EXCLUDED.artist_name,artist_id=EXCLUDED.artist_id,genre=EXCLUDED.genre, parameters: ('Lui Joseph', '7MS7B4QRp1n6c5H8N7s3wB', 'sad rap')
[2023-05-08T16:03:15.732+0000] {sql.py:384} INFO - Rows affected: 1
[2023-05-08T16:03:15.741+0000] {base.py:73} INFO - Using connection ID '***' for task execution.
[2023-05-08T16:03:15.747+0000] {sql.py:375} INFO - Running statement: INSERT INTO artist_dim (artist_name,artist_id,genre) VALUES (%s,%s,%s) ON CONFLICT (artist_id) DO UPDATE SET artist_name=EXCLUDED.artist_name,artist_id=EXCLUDED.artist_id,genre=EXCLUDED.genre, parameters: ('Josh Golden', '6wUAn24MOirNVNqQM47fda', 'la pop')
[2023-05-08T16:03:15.749+0000] {sql.py:384} INFO - Rows affected: 1
[2023-05-08T16:03:15.757+0000] {base.py:73} INFO - Using connection ID '***' for task execution.
[2023-05-08T16:03:15.764+0000] {sql.py:375} INFO - Running statement: INSERT INTO artist_dim (artist_name,artist_id,genre) VALUES (%s,%s,%s) ON CONFLICT (artist_id) DO UPDATE SET artist_name=EXCLUDED.artist_name,artist_id=EXCLUDED.artist_id,genre=EXCLUDED.genre, parameters: ('ATO', '4KoNbDwbCK9D04dSmYG93E', nan)
[2023-05-08T16:03:15.767+0000] {sql.py:384} INFO - Rows affected: 1
[2023-05-08T16:03:15.778+0000] {base.py:73} INFO - Using connection ID '***' for task execution.
[2023-05-08T16:03:15.785+0000] {sql.py:375} INFO - Running statement: INSERT INTO artist_dim (artist_name,artist_id,genre) VALUES (%s,%s,%s) ON CONFLICT (artist_id) DO UPDATE SET artist_name=EXCLUDED.artist_name,artist_id=EXCLUDED.artist_id,genre=EXCLUDED.genre, parameters: ('Felly', '2848adRcxvgWNRcz1g1tQD', 'indie pop rap')
[2023-05-08T16:03:15.788+0000] {sql.py:384} INFO - Rows affected: 1
[2023-05-08T16:03:15.805+0000] {base.py:73} INFO - Using connection ID '***' for task execution.
[2023-05-08T16:03:15.812+0000] {sql.py:375} INFO - Running statement: INSERT INTO artist_dim (artist_name,artist_id,genre) VALUES (%s,%s,%s) ON CONFLICT (artist_id) DO UPDATE SET artist_name=EXCLUDED.artist_name,artist_id=EXCLUDED.artist_id,genre=EXCLUDED.genre, parameters: ('RIZ LA VIE', '0QkgnHpxSCOYdTnhUR9S5k', 'bedroom soul')
[2023-05-08T16:03:15.816+0000] {sql.py:384} INFO - Rows affected: 1
[2023-05-08T16:03:15.823+0000] {base.py:73} INFO - Using connection ID '***' for task execution.
[2023-05-08T16:03:15.832+0000] {sql.py:375} INFO - Running statement: INSERT INTO artist_dim (artist_name,artist_id,genre) VALUES (%s,%s,%s) ON CONFLICT (artist_id) DO UPDATE SET artist_name=EXCLUDED.artist_name,artist_id=EXCLUDED.artist_id,genre=EXCLUDED.genre, parameters: ('Tommy Ice', '3AUIYVmhwrsw8UOPHEv91Z', 'emo rap')
[2023-05-08T16:03:15.834+0000] {sql.py:384} INFO - Rows affected: 1
[2023-05-08T16:03:15.843+0000] {base.py:73} INFO - Using connection ID '***' for task execution.
[2023-05-08T16:03:15.850+0000] {sql.py:375} INFO - Running statement: INSERT INTO artist_dim (artist_name,artist_id,genre) VALUES (%s,%s,%s) ON CONFLICT (artist_id) DO UPDATE SET artist_name=EXCLUDED.artist_name,artist_id=EXCLUDED.artist_id,genre=EXCLUDED.genre, parameters: ('Andrew Spacey', '71EAlWYAa5jb4phZIOlp7u', 'st louis rap')
[2023-05-08T16:03:15.852+0000] {sql.py:384} INFO - Rows affected: 1
[2023-05-08T16:03:15.862+0000] {base.py:73} INFO - Using connection ID '***' for task execution.
[2023-05-08T16:03:15.870+0000] {sql.py:375} INFO - Running statement: INSERT INTO artist_dim (artist_name,artist_id,genre) VALUES (%s,%s,%s) ON CONFLICT (artist_id) DO UPDATE SET artist_name=EXCLUDED.artist_name,artist_id=EXCLUDED.artist_id,genre=EXCLUDED.genre, parameters: ('aldn', '2GUw9Wzha61PkZoRVv1PDD', 'glitchcore')
[2023-05-08T16:03:15.872+0000] {sql.py:384} INFO - Rows affected: 1
[2023-05-08T16:03:15.886+0000] {base.py:73} INFO - Using connection ID '***' for task execution.
[2023-05-08T16:03:15.893+0000] {sql.py:375} INFO - Running statement: INSERT INTO artist_dim (artist_name,artist_id,genre) VALUES (%s,%s,%s) ON CONFLICT (artist_id) DO UPDATE SET artist_name=EXCLUDED.artist_name,artist_id=EXCLUDED.artist_id,genre=EXCLUDED.genre, parameters: ('RONEN', '3wDeS1sr05fxaOeiJJrOnL', 'aesthetic rap')
[2023-05-08T16:03:15.894+0000] {sql.py:384} INFO - Rows affected: 1
[2023-05-08T16:03:15.907+0000] {base.py:73} INFO - Using connection ID '***' for task execution.
[2023-05-08T16:03:15.914+0000] {sql.py:375} INFO - Running statement: INSERT INTO artist_dim (artist_name,artist_id,genre) VALUES (%s,%s,%s) ON CONFLICT (artist_id) DO UPDATE SET artist_name=EXCLUDED.artist_name,artist_id=EXCLUDED.artist_id,genre=EXCLUDED.genre, parameters: ('Elroy', '1OP39gZ2SXVnwg4NrARmsu', 'hyperpop')
[2023-05-08T16:03:15.916+0000] {sql.py:384} INFO - Rows affected: 1
[2023-05-08T16:03:15.930+0000] {base.py:73} INFO - Using connection ID '***' for task execution.
[2023-05-08T16:03:15.949+0000] {sql.py:375} INFO - Running statement: INSERT INTO artist_dim (artist_name,artist_id,genre) VALUES (%s,%s,%s) ON CONFLICT (artist_id) DO UPDATE SET artist_name=EXCLUDED.artist_name,artist_id=EXCLUDED.artist_id,genre=EXCLUDED.genre, parameters: ('44phantom', '1vwwjIPFeYoRfAUCqqO6cZ', nan)
[2023-05-08T16:03:15.953+0000] {sql.py:384} INFO - Rows affected: 1
[2023-05-08T16:03:15.967+0000] {base.py:73} INFO - Using connection ID '***' for task execution.
[2023-05-08T16:03:15.980+0000] {sql.py:375} INFO - Running statement: INSERT INTO artist_dim (artist_name,artist_id,genre) VALUES (%s,%s,%s) ON CONFLICT (artist_id) DO UPDATE SET artist_name=EXCLUDED.artist_name,artist_id=EXCLUDED.artist_id,genre=EXCLUDED.genre, parameters: ('Ramzoid', '2Ci3Sflo2BfC77wTwn2hbH', 'future bass')
[2023-05-08T16:03:15.984+0000] {sql.py:384} INFO - Rows affected: 1
[2023-05-08T16:03:16.000+0000] {base.py:73} INFO - Using connection ID '***' for task execution.
[2023-05-08T16:03:16.011+0000] {sql.py:375} INFO - Running statement: INSERT INTO artist_dim (artist_name,artist_id,genre) VALUES (%s,%s,%s) ON CONFLICT (artist_id) DO UPDATE SET artist_name=EXCLUDED.artist_name,artist_id=EXCLUDED.artist_id,genre=EXCLUDED.genre, parameters: ('GOLDHOUSE', '670UISOh9XV1zlq5z5IfoY', 'pop edm')
[2023-05-08T16:03:16.013+0000] {sql.py:384} INFO - Rows affected: 1
[2023-05-08T16:03:16.024+0000] {base.py:73} INFO - Using connection ID '***' for task execution.
[2023-05-08T16:03:16.032+0000] {sql.py:375} INFO - Running statement: INSERT INTO artist_dim (artist_name,artist_id,genre) VALUES (%s,%s,%s) ON CONFLICT (artist_id) DO UPDATE SET artist_name=EXCLUDED.artist_name,artist_id=EXCLUDED.artist_id,genre=EXCLUDED.genre, parameters: ('dying in designer', '3QZxOYl5zlZtfigtXOZsfT', 'emo rap')
[2023-05-08T16:03:16.034+0000] {sql.py:384} INFO - Rows affected: 1
[2023-05-08T16:03:16.048+0000] {base.py:73} INFO - Using connection ID '***' for task execution.
[2023-05-08T16:03:16.055+0000] {sql.py:375} INFO - Running statement: INSERT INTO artist_dim (artist_name,artist_id,genre) VALUES (%s,%s,%s) ON CONFLICT (artist_id) DO UPDATE SET artist_name=EXCLUDED.artist_name,artist_id=EXCLUDED.artist_id,genre=EXCLUDED.genre, parameters: ('Kota the Friend', '2AfU5LYBVCiCtuCCfM7uVX', 'underground hip hop')
[2023-05-08T16:03:16.060+0000] {sql.py:384} INFO - Rows affected: 1
[2023-05-08T16:03:16.068+0000] {base.py:73} INFO - Using connection ID '***' for task execution.
[2023-05-08T16:03:16.075+0000] {sql.py:375} INFO - Running statement: INSERT INTO artist_dim (artist_name,artist_id,genre) VALUES (%s,%s,%s) ON CONFLICT (artist_id) DO UPDATE SET artist_name=EXCLUDED.artist_name,artist_id=EXCLUDED.artist_id,genre=EXCLUDED.genre, parameters: ('Marlon Craft', '7MigDh04CCntQbsBvugEmb', 'nyc rap')
[2023-05-08T16:03:16.077+0000] {sql.py:384} INFO - Rows affected: 1
[2023-05-08T16:03:16.088+0000] {base.py:73} INFO - Using connection ID '***' for task execution.
[2023-05-08T16:03:16.096+0000] {sql.py:375} INFO - Running statement: INSERT INTO artist_dim (artist_name,artist_id,genre) VALUES (%s,%s,%s) ON CONFLICT (artist_id) DO UPDATE SET artist_name=EXCLUDED.artist_name,artist_id=EXCLUDED.artist_id,genre=EXCLUDED.genre, parameters: ('SEBASTIAN PAUL', '1tQu5TjcAK68fx8qrc8ZgF', nan)
[2023-05-08T16:03:16.098+0000] {sql.py:384} INFO - Rows affected: 1
[2023-05-08T16:03:16.118+0000] {base.py:73} INFO - Using connection ID '***' for task execution.
[2023-05-08T16:03:16.129+0000] {sql.py:375} INFO - Running statement: INSERT INTO artist_dim (artist_name,artist_id,genre) VALUES (%s,%s,%s) ON CONFLICT (artist_id) DO UPDATE SET artist_name=EXCLUDED.artist_name,artist_id=EXCLUDED.artist_id,genre=EXCLUDED.genre, parameters: ('Max Wells', '0Kx7qYhFiv0YD5lxEG1nsz', nan)
[2023-05-08T16:03:16.133+0000] {sql.py:384} INFO - Rows affected: 1
[2023-05-08T16:03:16.145+0000] {base.py:73} INFO - Using connection ID '***' for task execution.
[2023-05-08T16:03:16.153+0000] {sql.py:375} INFO - Running statement: INSERT INTO artist_dim (artist_name,artist_id,genre) VALUES (%s,%s,%s) ON CONFLICT (artist_id) DO UPDATE SET artist_name=EXCLUDED.artist_name,artist_id=EXCLUDED.artist_id,genre=EXCLUDED.genre, parameters: ('Gomey', '5ibWbhA0IkPT3xCN0YicRL', nan)
[2023-05-08T16:03:16.156+0000] {sql.py:384} INFO - Rows affected: 1
[2023-05-08T16:03:16.166+0000] {base.py:73} INFO - Using connection ID '***' for task execution.
[2023-05-08T16:03:16.174+0000] {sql.py:375} INFO - Running statement: INSERT INTO artist_dim (artist_name,artist_id,genre) VALUES (%s,%s,%s) ON CONFLICT (artist_id) DO UPDATE SET artist_name=EXCLUDED.artist_name,artist_id=EXCLUDED.artist_id,genre=EXCLUDED.genre, parameters: ('Christian French', '7naAJDAh7AZnf18YYfQruM', 'alt z')
[2023-05-08T16:03:16.177+0000] {sql.py:384} INFO - Rows affected: 1
[2023-05-08T16:03:16.185+0000] {base.py:73} INFO - Using connection ID '***' for task execution.
[2023-05-08T16:03:16.195+0000] {sql.py:375} INFO - Running statement: INSERT INTO artist_dim (artist_name,artist_id,genre) VALUES (%s,%s,%s) ON CONFLICT (artist_id) DO UPDATE SET artist_name=EXCLUDED.artist_name,artist_id=EXCLUDED.artist_id,genre=EXCLUDED.genre, parameters: ('tsubi club', '6fHEaFnFgMxMAtDt7mFoQ3', 'hyperpop')
[2023-05-08T16:03:16.199+0000] {sql.py:384} INFO - Rows affected: 1
[2023-05-08T16:03:16.211+0000] {base.py:73} INFO - Using connection ID '***' for task execution.
[2023-05-08T16:03:16.228+0000] {sql.py:375} INFO - Running statement: INSERT INTO artist_dim (artist_name,artist_id,genre) VALUES (%s,%s,%s) ON CONFLICT (artist_id) DO UPDATE SET artist_name=EXCLUDED.artist_name,artist_id=EXCLUDED.artist_id,genre=EXCLUDED.genre, parameters: ('Vwillz', '0S7eN9KAsbAaIZtFyCn1q1', nan)
[2023-05-08T16:03:16.231+0000] {sql.py:384} INFO - Rows affected: 1
[2023-05-08T16:03:16.244+0000] {base.py:73} INFO - Using connection ID '***' for task execution.
[2023-05-08T16:03:16.256+0000] {sql.py:375} INFO - Running statement: INSERT INTO artist_dim (artist_name,artist_id,genre) VALUES (%s,%s,%s) ON CONFLICT (artist_id) DO UPDATE SET artist_name=EXCLUDED.artist_name,artist_id=EXCLUDED.artist_id,genre=EXCLUDED.genre, parameters: ('Kevin Powers', '4X8TR9pBFyewFlIDYt1o2s', nan)
[2023-05-08T16:03:16.262+0000] {sql.py:384} INFO - Rows affected: 1
[2023-05-08T16:03:16.280+0000] {base.py:73} INFO - Using connection ID '***' for task execution.
[2023-05-08T16:03:16.289+0000] {sql.py:375} INFO - Running statement: INSERT INTO artist_dim (artist_name,artist_id,genre) VALUES (%s,%s,%s) ON CONFLICT (artist_id) DO UPDATE SET artist_name=EXCLUDED.artist_name,artist_id=EXCLUDED.artist_id,genre=EXCLUDED.genre, parameters: ('Brennan', '5UrcghjIlj83Jf7QjZfBhZ', nan)
[2023-05-08T16:03:16.290+0000] {sql.py:384} INFO - Rows affected: 1
[2023-05-08T16:03:16.301+0000] {base.py:73} INFO - Using connection ID '***' for task execution.
[2023-05-08T16:03:16.308+0000] {sql.py:375} INFO - Running statement: INSERT INTO artist_dim (artist_name,artist_id,genre) VALUES (%s,%s,%s) ON CONFLICT (artist_id) DO UPDATE SET artist_name=EXCLUDED.artist_name,artist_id=EXCLUDED.artist_id,genre=EXCLUDED.genre, parameters: ('Rawska', '3pob90yrusjcbgSYFKaeAk', 'cloud rap')
[2023-05-08T16:03:16.310+0000] {sql.py:384} INFO - Rows affected: 1
[2023-05-08T16:03:16.331+0000] {base.py:73} INFO - Using connection ID '***' for task execution.
[2023-05-08T16:03:16.339+0000] {sql.py:375} INFO - Running statement: INSERT INTO artist_dim (artist_name,artist_id,genre) VALUES (%s,%s,%s) ON CONFLICT (artist_id) DO UPDATE SET artist_name=EXCLUDED.artist_name,artist_id=EXCLUDED.artist_id,genre=EXCLUDED.genre, parameters: ('Ghostrage', '7BoBxrm9jJ7us6U92oqr4N', nan)
[2023-05-08T16:03:16.341+0000] {sql.py:384} INFO - Rows affected: 1
[2023-05-08T16:03:16.354+0000] {base.py:73} INFO - Using connection ID '***' for task execution.
[2023-05-08T16:03:16.361+0000] {sql.py:375} INFO - Running statement: INSERT INTO artist_dim (artist_name,artist_id,genre) VALUES (%s,%s,%s) ON CONFLICT (artist_id) DO UPDATE SET artist_name=EXCLUDED.artist_name,artist_id=EXCLUDED.artist_id,genre=EXCLUDED.genre, parameters: ('Cold Hart', '1fsCfvdiomqjKJFR6xI8e4', 'cloud rap')
[2023-05-08T16:03:16.363+0000] {sql.py:384} INFO - Rows affected: 1
[2023-05-08T16:03:16.380+0000] {base.py:73} INFO - Using connection ID '***' for task execution.
[2023-05-08T16:03:16.386+0000] {sql.py:375} INFO - Running statement: INSERT INTO artist_dim (artist_name,artist_id,genre) VALUES (%s,%s,%s) ON CONFLICT (artist_id) DO UPDATE SET artist_name=EXCLUDED.artist_name,artist_id=EXCLUDED.artist_id,genre=EXCLUDED.genre, parameters: ('Hovey Benjamin', '7wSr4otUV4ytUvHE4w3rBe', 'meme rap')
[2023-05-08T16:03:16.388+0000] {sql.py:384} INFO - Rows affected: 1
[2023-05-08T16:03:16.413+0000] {base.py:73} INFO - Using connection ID '***' for task execution.
[2023-05-08T16:03:16.420+0000] {sql.py:375} INFO - Running statement: INSERT INTO artist_dim (artist_name,artist_id,genre) VALUES (%s,%s,%s) ON CONFLICT (artist_id) DO UPDATE SET artist_name=EXCLUDED.artist_name,artist_id=EXCLUDED.artist_id,genre=EXCLUDED.genre, parameters: ('Yung Pinch', '61qMnYXa1GxSBoV3IiYKjZ', 'melodic rap')
[2023-05-08T16:03:16.422+0000] {sql.py:384} INFO - Rows affected: 1
[2023-05-08T16:03:16.431+0000] {base.py:73} INFO - Using connection ID '***' for task execution.
[2023-05-08T16:03:16.438+0000] {sql.py:375} INFO - Running statement: INSERT INTO artist_dim (artist_name,artist_id,genre) VALUES (%s,%s,%s) ON CONFLICT (artist_id) DO UPDATE SET artist_name=EXCLUDED.artist_name,artist_id=EXCLUDED.artist_id,genre=EXCLUDED.genre, parameters: ('underscores', '7HfUJxeVTgrvhk0eWHFzV7', 'hyperpop')
[2023-05-08T16:03:16.440+0000] {sql.py:384} INFO - Rows affected: 1
[2023-05-08T16:03:16.454+0000] {base.py:73} INFO - Using connection ID '***' for task execution.
[2023-05-08T16:03:16.462+0000] {sql.py:375} INFO - Running statement: INSERT INTO artist_dim (artist_name,artist_id,genre) VALUES (%s,%s,%s) ON CONFLICT (artist_id) DO UPDATE SET artist_name=EXCLUDED.artist_name,artist_id=EXCLUDED.artist_id,genre=EXCLUDED.genre, parameters: ('MASN', '4HAfqyKr4Sqtab6ttHWXgE', 'sad rap')
[2023-05-08T16:03:16.464+0000] {sql.py:384} INFO - Rows affected: 1
[2023-05-08T16:03:16.472+0000] {base.py:73} INFO - Using connection ID '***' for task execution.
[2023-05-08T16:03:16.478+0000] {sql.py:375} INFO - Running statement: INSERT INTO artist_dim (artist_name,artist_id,genre) VALUES (%s,%s,%s) ON CONFLICT (artist_id) DO UPDATE SET artist_name=EXCLUDED.artist_name,artist_id=EXCLUDED.artist_id,genre=EXCLUDED.genre, parameters: ('VIC MENSA', '27w1NoOLMX7tJMYqcetPyG', 'canadian hip hop')
[2023-05-08T16:03:16.480+0000] {sql.py:384} INFO - Rows affected: 1
[2023-05-08T16:03:16.489+0000] {base.py:73} INFO - Using connection ID '***' for task execution.
[2023-05-08T16:03:16.496+0000] {sql.py:375} INFO - Running statement: INSERT INTO artist_dim (artist_name,artist_id,genre) VALUES (%s,%s,%s) ON CONFLICT (artist_id) DO UPDATE SET artist_name=EXCLUDED.artist_name,artist_id=EXCLUDED.artist_id,genre=EXCLUDED.genre, parameters: ('mike.', '5G9kmDLg3OeUyj8KVBLzbu', 'indie pop rap')
[2023-05-08T16:03:16.498+0000] {sql.py:384} INFO - Rows affected: 1
[2023-05-08T16:03:16.510+0000] {base.py:73} INFO - Using connection ID '***' for task execution.
[2023-05-08T16:03:16.517+0000] {sql.py:375} INFO - Running statement: INSERT INTO artist_dim (artist_name,artist_id,genre) VALUES (%s,%s,%s) ON CONFLICT (artist_id) DO UPDATE SET artist_name=EXCLUDED.artist_name,artist_id=EXCLUDED.artist_id,genre=EXCLUDED.genre, parameters: ('POORSTACY', '7vSY9HEreOqb1Llar3UC38', 'emo rap')
[2023-05-08T16:03:16.519+0000] {sql.py:384} INFO - Rows affected: 1
[2023-05-08T16:03:16.526+0000] {base.py:73} INFO - Using connection ID '***' for task execution.
[2023-05-08T16:03:16.533+0000] {sql.py:375} INFO - Running statement: INSERT INTO artist_dim (artist_name,artist_id,genre) VALUES (%s,%s,%s) ON CONFLICT (artist_id) DO UPDATE SET artist_name=EXCLUDED.artist_name,artist_id=EXCLUDED.artist_id,genre=EXCLUDED.genre, parameters: ('han.irl <3', '5VfSeZYcDwD8WQVwbaoL6z', nan)
[2023-05-08T16:03:16.534+0000] {sql.py:384} INFO - Rows affected: 1
[2023-05-08T16:03:16.541+0000] {base.py:73} INFO - Using connection ID '***' for task execution.
[2023-05-08T16:03:16.547+0000] {sql.py:375} INFO - Running statement: INSERT INTO artist_dim (artist_name,artist_id,genre) VALUES (%s,%s,%s) ON CONFLICT (artist_id) DO UPDATE SET artist_name=EXCLUDED.artist_name,artist_id=EXCLUDED.artist_id,genre=EXCLUDED.genre, parameters: ('login', '5JZPSVFMUk4HGDdx68lN77', 'hyperpop')
[2023-05-08T16:03:16.548+0000] {sql.py:384} INFO - Rows affected: 1
[2023-05-08T16:03:16.556+0000] {base.py:73} INFO - Using connection ID '***' for task execution.
[2023-05-08T16:03:16.563+0000] {sql.py:375} INFO - Running statement: INSERT INTO artist_dim (artist_name,artist_id,genre) VALUES (%s,%s,%s) ON CONFLICT (artist_id) DO UPDATE SET artist_name=EXCLUDED.artist_name,artist_id=EXCLUDED.artist_id,genre=EXCLUDED.genre, parameters: ('静的 Static', '6rEjEIfp3NSRteU3kJGSET', 'emo rap')
[2023-05-08T16:03:16.564+0000] {sql.py:384} INFO - Rows affected: 1
[2023-05-08T16:03:16.572+0000] {base.py:73} INFO - Using connection ID '***' for task execution.
[2023-05-08T16:03:21.607+0000] {sql.py:375} INFO - Running statement: INSERT INTO artist_dim (artist_name,artist_id,genre) VALUES (%s,%s,%s) ON CONFLICT (artist_id) DO UPDATE SET artist_name=EXCLUDED.artist_name,artist_id=EXCLUDED.artist_id,genre=EXCLUDED.genre, parameters: ('Rich Brian', '2IDLDx25HU1nQMKde4n61a', 'indonesian hip hop')
[2023-05-08T16:03:21.613+0000] {sql.py:384} INFO - Rows affected: 1
[2023-05-08T16:03:21.631+0000] {base.py:73} INFO - Using connection ID '***' for task execution.
[2023-05-08T16:03:21.649+0000] {sql.py:375} INFO - Running statement: INSERT INTO artist_dim (artist_name,artist_id,genre) VALUES (%s,%s,%s) ON CONFLICT (artist_id) DO UPDATE SET artist_name=EXCLUDED.artist_name,artist_id=EXCLUDED.artist_id,genre=EXCLUDED.genre, parameters: ('88rising', '1AhjOkOLkbHUfcHDSErXQs', 'asian american hip hop')
[2023-05-08T16:03:21.651+0000] {sql.py:384} INFO - Rows affected: 1
[2023-05-08T16:03:21.653+0000] {python.py:183} INFO - Done. Returned value was: None
[2023-05-08T16:03:21.665+0000] {taskinstance.py:1373} INFO - Marking task as SUCCESS. dag_id=Summer_Warped_ETL, task_id=LoadData.LoadArtistDim, execution_date=20230508T160234, start_date=20230508T160314, end_date=20230508T160321
[2023-05-08T16:03:21.710+0000] {local_task_job_runner.py:232} INFO - Task exited with return code 0
[2023-05-08T16:03:21.731+0000] {taskinstance.py:2674} INFO - 1 downstream tasks scheduled from follow-on schedule check
