[2023-05-09T19:39:46.182+0000] {taskinstance.py:1125} INFO - Dependencies all met for dep_context=non-requeueable deps ti=<TaskInstance: Summer_Warped_ETL.GetSongsFromPlaylist manual__2023-05-09T19:25:39.396890+00:00 [queued]>
[2023-05-09T19:39:46.187+0000] {taskinstance.py:1125} INFO - Dependencies all met for dep_context=requeueable deps ti=<TaskInstance: Summer_Warped_ETL.GetSongsFromPlaylist manual__2023-05-09T19:25:39.396890+00:00 [queued]>
[2023-05-09T19:39:46.188+0000] {taskinstance.py:1331} INFO - Starting attempt 2 of 4
[2023-05-09T19:39:46.196+0000] {taskinstance.py:1350} INFO - Executing <Task(PythonOperator): GetSongsFromPlaylist> on 2023-05-09 19:25:39.396890+00:00
[2023-05-09T19:39:46.202+0000] {standard_task_runner.py:57} INFO - Started process 1009 to run task
[2023-05-09T19:39:46.209+0000] {standard_task_runner.py:84} INFO - Running: ['***', 'tasks', 'run', 'Summer_Warped_ETL', 'GetSongsFromPlaylist', 'manual__2023-05-09T19:25:39.396890+00:00', '--job-id', '3067', '--raw', '--subdir', 'DAGS_FOLDER/warped-dag.py', '--cfg-path', '/tmp/tmprvzwxt44']
[2023-05-09T19:39:46.212+0000] {standard_task_runner.py:85} INFO - Job 3067: Subtask GetSongsFromPlaylist
[2023-05-09T19:39:46.254+0000] {task_command.py:410} INFO - Running <TaskInstance: Summer_Warped_ETL.GetSongsFromPlaylist manual__2023-05-09T19:25:39.396890+00:00 [running]> on host 4b5a01a6ab5f
[2023-05-09T19:39:46.316+0000] {taskinstance.py:1570} INFO - Exporting env vars: AIRFLOW_CTX_DAG_OWNER='Ananta Moharana' AIRFLOW_CTX_DAG_ID='Summer_Warped_ETL' AIRFLOW_CTX_TASK_ID='GetSongsFromPlaylist' AIRFLOW_CTX_EXECUTION_DATE='2023-05-09T19:25:39.396890+00:00' AIRFLOW_CTX_TRY_NUMBER='2' AIRFLOW_CTX_DAG_RUN_ID='manual__2023-05-09T19:25:39.396890+00:00'
[2023-05-09T19:39:46.793+0000] {logging_mixin.py:149} INFO - 92
[2023-05-09T19:39:46.793+0000] {logging_mixin.py:149} INFO - 0
[2023-05-09T19:39:46.797+0000] {logging_mixin.py:149} INFO - 1
[2023-05-09T19:39:46.798+0000] {logging_mixin.py:149} INFO - 2
[2023-05-09T19:39:46.801+0000] {logging_mixin.py:149} INFO - 3
[2023-05-09T19:39:46.802+0000] {logging_mixin.py:149} INFO - 4
[2023-05-09T19:39:46.804+0000] {logging_mixin.py:149} INFO - 5
[2023-05-09T19:39:46.805+0000] {logging_mixin.py:149} INFO - 6
[2023-05-09T19:39:46.807+0000] {logging_mixin.py:149} INFO - 7
[2023-05-09T19:39:46.808+0000] {logging_mixin.py:149} INFO - 8
[2023-05-09T19:39:46.809+0000] {logging_mixin.py:149} INFO - 9
[2023-05-09T19:39:46.810+0000] {logging_mixin.py:149} INFO - 10
[2023-05-09T19:39:46.811+0000] {logging_mixin.py:149} INFO - 11
[2023-05-09T19:39:46.813+0000] {logging_mixin.py:149} INFO - 12
[2023-05-09T19:39:46.814+0000] {logging_mixin.py:149} INFO - 13
[2023-05-09T19:39:46.816+0000] {logging_mixin.py:149} INFO - 14
[2023-05-09T19:39:46.817+0000] {logging_mixin.py:149} INFO - 15
[2023-05-09T19:39:46.819+0000] {logging_mixin.py:149} INFO - 16
[2023-05-09T19:39:46.820+0000] {logging_mixin.py:149} INFO - 17
[2023-05-09T19:39:46.821+0000] {logging_mixin.py:149} INFO - 18
[2023-05-09T19:39:46.823+0000] {logging_mixin.py:149} INFO - 19
[2023-05-09T19:39:46.824+0000] {logging_mixin.py:149} INFO - 20
[2023-05-09T19:39:46.826+0000] {logging_mixin.py:149} INFO - 21
[2023-05-09T19:39:46.827+0000] {logging_mixin.py:149} INFO - 22
[2023-05-09T19:39:46.829+0000] {logging_mixin.py:149} INFO - 23
[2023-05-09T19:39:46.831+0000] {logging_mixin.py:149} INFO - 24
[2023-05-09T19:39:46.832+0000] {logging_mixin.py:149} INFO - 25
[2023-05-09T19:39:46.834+0000] {logging_mixin.py:149} INFO - 26
[2023-05-09T19:39:46.835+0000] {logging_mixin.py:149} INFO - 27
[2023-05-09T19:39:46.837+0000] {logging_mixin.py:149} INFO - 28
[2023-05-09T19:39:46.839+0000] {logging_mixin.py:149} INFO - 29
[2023-05-09T19:39:46.840+0000] {logging_mixin.py:149} INFO - 30
[2023-05-09T19:39:46.841+0000] {logging_mixin.py:149} INFO - 31
[2023-05-09T19:39:46.843+0000] {logging_mixin.py:149} INFO - 32
[2023-05-09T19:39:46.845+0000] {logging_mixin.py:149} INFO - 33
[2023-05-09T19:39:46.846+0000] {logging_mixin.py:149} INFO - 34
[2023-05-09T19:39:46.849+0000] {logging_mixin.py:149} INFO - 35
[2023-05-09T19:39:46.851+0000] {logging_mixin.py:149} INFO - 36
[2023-05-09T19:39:46.852+0000] {logging_mixin.py:149} INFO - 37
[2023-05-09T19:39:46.854+0000] {logging_mixin.py:149} INFO - 38
[2023-05-09T19:39:46.855+0000] {logging_mixin.py:149} INFO - 39
[2023-05-09T19:39:46.858+0000] {logging_mixin.py:149} INFO - 40
[2023-05-09T19:39:46.859+0000] {logging_mixin.py:149} INFO - 41
[2023-05-09T19:39:46.860+0000] {logging_mixin.py:149} INFO - 42
[2023-05-09T19:39:46.862+0000] {logging_mixin.py:149} INFO - 43
[2023-05-09T19:39:46.865+0000] {logging_mixin.py:149} INFO - 44
[2023-05-09T19:39:46.866+0000] {logging_mixin.py:149} INFO - 45
[2023-05-09T19:39:46.867+0000] {logging_mixin.py:149} INFO - 46
[2023-05-09T19:39:46.869+0000] {logging_mixin.py:149} INFO - 47
[2023-05-09T19:39:46.870+0000] {logging_mixin.py:149} INFO - 48
[2023-05-09T19:39:46.873+0000] {logging_mixin.py:149} INFO - 49
[2023-05-09T19:39:46.875+0000] {logging_mixin.py:149} INFO - 50
[2023-05-09T19:39:46.876+0000] {logging_mixin.py:149} INFO - 51
[2023-05-09T19:39:46.878+0000] {logging_mixin.py:149} INFO - 52
[2023-05-09T19:39:46.880+0000] {logging_mixin.py:149} INFO - 53
[2023-05-09T19:39:46.881+0000] {logging_mixin.py:149} INFO - 54
[2023-05-09T19:39:46.883+0000] {logging_mixin.py:149} INFO - 55
[2023-05-09T19:39:46.884+0000] {logging_mixin.py:149} INFO - 56
[2023-05-09T19:39:46.885+0000] {logging_mixin.py:149} INFO - 57
[2023-05-09T19:39:46.888+0000] {logging_mixin.py:149} INFO - 58
[2023-05-09T19:39:46.889+0000] {logging_mixin.py:149} INFO - 59
[2023-05-09T19:39:46.890+0000] {logging_mixin.py:149} INFO - 60
[2023-05-09T19:39:46.891+0000] {logging_mixin.py:149} INFO - 61
[2023-05-09T19:39:46.892+0000] {logging_mixin.py:149} INFO - 62
[2023-05-09T19:39:46.893+0000] {logging_mixin.py:149} INFO - 63
[2023-05-09T19:39:46.895+0000] {logging_mixin.py:149} INFO - 64
[2023-05-09T19:39:46.896+0000] {logging_mixin.py:149} INFO - 65
[2023-05-09T19:39:46.897+0000] {logging_mixin.py:149} INFO - 66
[2023-05-09T19:39:46.898+0000] {logging_mixin.py:149} INFO - 67
[2023-05-09T19:39:46.900+0000] {logging_mixin.py:149} INFO - 68
[2023-05-09T19:39:46.902+0000] {logging_mixin.py:149} INFO - 69
[2023-05-09T19:39:46.903+0000] {logging_mixin.py:149} INFO - 70
[2023-05-09T19:39:46.904+0000] {logging_mixin.py:149} INFO - 71
[2023-05-09T19:39:46.906+0000] {logging_mixin.py:149} INFO - 72
[2023-05-09T19:39:46.907+0000] {logging_mixin.py:149} INFO - 73
[2023-05-09T19:39:46.909+0000] {logging_mixin.py:149} INFO - 74
[2023-05-09T19:39:46.910+0000] {logging_mixin.py:149} INFO - 75
[2023-05-09T19:39:46.911+0000] {logging_mixin.py:149} INFO - 76
[2023-05-09T19:39:46.913+0000] {logging_mixin.py:149} INFO - 77
[2023-05-09T19:39:46.914+0000] {logging_mixin.py:149} INFO - 78
[2023-05-09T19:39:46.915+0000] {logging_mixin.py:149} INFO - 79
[2023-05-09T19:39:46.917+0000] {logging_mixin.py:149} INFO - 80
[2023-05-09T19:39:46.918+0000] {logging_mixin.py:149} INFO - 81
[2023-05-09T19:39:46.919+0000] {logging_mixin.py:149} INFO - 82
[2023-05-09T19:39:46.920+0000] {logging_mixin.py:149} INFO - 83
[2023-05-09T19:39:46.921+0000] {logging_mixin.py:149} INFO - 84
[2023-05-09T19:39:46.922+0000] {logging_mixin.py:149} INFO - 85
[2023-05-09T19:39:46.925+0000] {logging_mixin.py:149} INFO - 86
[2023-05-09T19:39:46.927+0000] {logging_mixin.py:149} INFO - 87
[2023-05-09T19:39:46.928+0000] {logging_mixin.py:149} INFO - 88
[2023-05-09T19:39:46.929+0000] {logging_mixin.py:149} INFO - 89
[2023-05-09T19:39:46.931+0000] {logging_mixin.py:149} INFO - 90
[2023-05-09T19:39:46.932+0000] {logging_mixin.py:149} INFO - 91
[2023-05-09T19:39:46.950+0000] {python.py:183} INFO - Done. Returned value was: None
[2023-05-09T19:39:46.959+0000] {taskinstance.py:1373} INFO - Marking task as SUCCESS. dag_id=Summer_Warped_ETL, task_id=GetSongsFromPlaylist, execution_date=20230509T192539, start_date=20230509T193946, end_date=20230509T193946
[2023-05-09T19:39:47.025+0000] {local_task_job_runner.py:232} INFO - Task exited with return code 0
[2023-05-09T19:39:47.054+0000] {taskinstance.py:2674} INFO - 2 downstream tasks scheduled from follow-on schedule check
