[2023-05-07T21:54:31.140+0000] {taskinstance.py:1125} INFO - Dependencies all met for dep_context=non-requeueable deps ti=<TaskInstance: Summer_Warped_ETL.GetArtistInfo manual__2023-05-07T21:49:51.443299+00:00 [queued]>
[2023-05-07T21:54:31.151+0000] {taskinstance.py:1125} INFO - Dependencies all met for dep_context=requeueable deps ti=<TaskInstance: Summer_Warped_ETL.GetArtistInfo manual__2023-05-07T21:49:51.443299+00:00 [queued]>
[2023-05-07T21:54:31.151+0000] {taskinstance.py:1331} INFO - Starting attempt 2 of 4
[2023-05-07T21:54:31.161+0000] {taskinstance.py:1350} INFO - Executing <Task(PythonOperator): GetArtistInfo> on 2023-05-07 21:49:51.443299+00:00
[2023-05-07T21:54:31.167+0000] {standard_task_runner.py:57} INFO - Started process 326 to run task
[2023-05-07T21:54:31.171+0000] {standard_task_runner.py:84} INFO - Running: ['***', 'tasks', 'run', 'Summer_Warped_ETL', 'GetArtistInfo', 'manual__2023-05-07T21:49:51.443299+00:00', '--job-id', '999', '--raw', '--subdir', 'DAGS_FOLDER/warped-dag.py', '--cfg-path', '/tmp/tmpxpggz64a']
[2023-05-07T21:54:31.172+0000] {standard_task_runner.py:85} INFO - Job 999: Subtask GetArtistInfo
[2023-05-07T21:54:31.241+0000] {task_command.py:410} INFO - Running <TaskInstance: Summer_Warped_ETL.GetArtistInfo manual__2023-05-07T21:49:51.443299+00:00 [running]> on host 31774baccecb
[2023-05-07T21:54:31.314+0000] {taskinstance.py:1570} INFO - Exporting env vars: AIRFLOW_CTX_DAG_OWNER='Ananta Moharana' AIRFLOW_CTX_DAG_ID='Summer_Warped_ETL' AIRFLOW_CTX_TASK_ID='GetArtistInfo' AIRFLOW_CTX_EXECUTION_DATE='2023-05-07T21:49:51.443299+00:00' AIRFLOW_CTX_TRY_NUMBER='2' AIRFLOW_CTX_DAG_RUN_ID='manual__2023-05-07T21:49:51.443299+00:00'
[2023-05-07T21:54:31.449+0000] {logging_mixin.py:149} INFO - emo rap
[2023-05-07T21:54:31.941+0000] {logging_mixin.py:149} INFO - hyperpop
[2023-05-07T21:54:32.038+0000] {logging_mixin.py:149} INFO - underground hip hop
[2023-05-07T21:54:32.150+0000] {logging_mixin.py:149} INFO - sad rap
[2023-05-07T21:54:32.364+0000] {logging_mixin.py:149} INFO - emo rap
[2023-05-07T21:54:32.498+0000] {logging_mixin.py:149} INFO - cloud rap
[2023-05-07T21:54:32.598+0000] {logging_mixin.py:149} INFO - cloud rap
[2023-05-07T21:54:32.698+0000] {logging_mixin.py:149} INFO - emo rap
[2023-05-07T21:54:32.797+0000] {logging_mixin.py:149} INFO - indie pop rap
[2023-05-07T21:54:32.898+0000] {logging_mixin.py:149} INFO - indonesian hip hop
[2023-05-07T21:54:33.003+0000] {logging_mixin.py:149} INFO - canadian hip hop
[2023-05-07T21:54:33.103+0000] {logging_mixin.py:149} INFO - glitchcore
[2023-05-07T21:54:33.190+0000] {logging_mixin.py:149} INFO - emoplugg
[2023-05-07T21:54:33.287+0000] {logging_mixin.py:149} INFO - glitchcore
[2023-05-07T21:54:33.394+0000] {logging_mixin.py:149} INFO - pittsburgh rap
[2023-05-07T21:54:33.474+0000] {logging_mixin.py:149} INFO - emo rap
[2023-05-07T21:54:33.719+0000] {logging_mixin.py:149} INFO - indie hip hop
[2023-05-07T21:54:33.828+0000] {logging_mixin.py:149} INFO - aesthetic rap
[2023-05-07T21:54:33.930+0000] {logging_mixin.py:149} INFO - nyc rap
[2023-05-07T21:54:34.057+0000] {logging_mixin.py:149} INFO - cloud rap
[2023-05-07T21:54:34.157+0000] {logging_mixin.py:149} INFO - future bass
[2023-05-07T21:54:34.357+0000] {logging_mixin.py:149} INFO - sad rap
[2023-05-07T21:54:34.935+0000] {logging_mixin.py:149} INFO - alt z
[2023-05-07T21:54:35.033+0000] {logging_mixin.py:149} INFO - sad rap
[2023-05-07T21:54:35.169+0000] {logging_mixin.py:149} INFO - vapor trap
[2023-05-07T21:54:35.264+0000] {logging_mixin.py:149} INFO - glitchcore
[2023-05-07T21:54:35.478+0000] {logging_mixin.py:149} INFO - cloud rap
[2023-05-07T21:54:35.595+0000] {logging_mixin.py:149} INFO - canadian contemporary r&b
[2023-05-07T21:54:36.204+0000] {logging_mixin.py:149} INFO - deep underground hip hop
[2023-05-07T21:54:36.313+0000] {logging_mixin.py:149} INFO - bedroom soul
[2023-05-07T21:54:36.424+0000] {logging_mixin.py:149} INFO - canadian hip hop
[2023-05-07T21:54:36.561+0000] {logging_mixin.py:149} INFO - la pop
[2023-05-07T21:54:36.665+0000] {logging_mixin.py:149} INFO - emo rap
[2023-05-07T21:54:36.864+0000] {logging_mixin.py:149} INFO - indie pop rap
[2023-05-07T21:54:36.972+0000] {logging_mixin.py:149} INFO - cloud rap
[2023-05-07T21:54:37.077+0000] {logging_mixin.py:149} INFO - canadian contemporary r&b
[2023-05-07T21:54:37.374+0000] {logging_mixin.py:149} INFO - st louis rap
[2023-05-07T21:54:37.565+0000] {logging_mixin.py:149} INFO - atl hip hop
[2023-05-07T21:54:37.755+0000] {logging_mixin.py:149} INFO - emo rap
[2023-05-07T21:54:37.849+0000] {logging_mixin.py:149} INFO - cloud rap
[2023-05-07T21:54:37.945+0000] {logging_mixin.py:149} INFO - aesthetic rap
[2023-05-07T21:54:38.227+0000] {logging_mixin.py:149} INFO - melodic rap
[2023-05-07T21:54:38.326+0000] {logging_mixin.py:149} INFO - cloud rap
[2023-05-07T21:54:38.608+0000] {logging_mixin.py:149} INFO - hyperpop
[2023-05-07T21:54:38.708+0000] {logging_mixin.py:149} INFO - cloud rap
[2023-05-07T21:54:38.816+0000] {logging_mixin.py:149} INFO - hyperpop
[2023-05-07T21:54:39.012+0000] {logging_mixin.py:149} INFO - cali rap
[2023-05-07T21:54:39.379+0000] {logging_mixin.py:149} INFO - emo rap
[2023-05-07T21:54:39.495+0000] {logging_mixin.py:149} INFO - alt z
[2023-05-07T21:54:39.702+0000] {logging_mixin.py:149} INFO - meme rap
[2023-05-07T21:54:39.823+0000] {logging_mixin.py:149} INFO - lo-fi rap
[2023-05-07T21:54:39.926+0000] {logging_mixin.py:149} INFO - glitchcore
[2023-05-07T21:54:40.145+0000] {logging_mixin.py:149} INFO - cloud rap
[2023-05-07T21:54:40.457+0000] {logging_mixin.py:149} INFO - hyperpop
[2023-05-07T21:54:40.581+0000] {logging_mixin.py:149} INFO - asian american hip hop
[2023-05-07T21:54:40.716+0000] {logging_mixin.py:149} INFO - pop edm
[2023-05-07T21:54:40.807+0000] {logging_mixin.py:149} INFO - hyperpop
[2023-05-07T21:54:40.924+0000] {logging_mixin.py:149} INFO - upstate ny rap
[2023-05-07T21:54:40.944+0000] {python.py:183} INFO - Done. Returned value was: None
[2023-05-07T21:54:40.963+0000] {taskinstance.py:1373} INFO - Marking task as SUCCESS. dag_id=Summer_Warped_ETL, task_id=GetArtistInfo, execution_date=20230507T214951, start_date=20230507T215431, end_date=20230507T215440
[2023-05-07T21:54:41.007+0000] {local_task_job_runner.py:232} INFO - Task exited with return code 0
[2023-05-07T21:54:41.038+0000] {taskinstance.py:2674} INFO - 0 downstream tasks scheduled from follow-on schedule check
