[2023-05-08T15:48:43.689+0000] {taskinstance.py:1125} INFO - Dependencies all met for dep_context=non-requeueable deps ti=<TaskInstance: Summer_Warped_ETL.GetSongsFromPlaylist manual__2023-05-08T15:48:40.629167+00:00 [queued]>
[2023-05-08T15:48:43.696+0000] {taskinstance.py:1125} INFO - Dependencies all met for dep_context=requeueable deps ti=<TaskInstance: Summer_Warped_ETL.GetSongsFromPlaylist manual__2023-05-08T15:48:40.629167+00:00 [queued]>
[2023-05-08T15:48:43.697+0000] {taskinstance.py:1331} INFO - Starting attempt 1 of 3
[2023-05-08T15:48:43.704+0000] {taskinstance.py:1350} INFO - Executing <Task(PythonOperator): GetSongsFromPlaylist> on 2023-05-08 15:48:40.629167+00:00
[2023-05-08T15:48:43.710+0000] {standard_task_runner.py:57} INFO - Started process 77 to run task
[2023-05-08T15:48:43.715+0000] {standard_task_runner.py:84} INFO - Running: ['***', 'tasks', 'run', 'Summer_Warped_ETL', 'GetSongsFromPlaylist', 'manual__2023-05-08T15:48:40.629167+00:00', '--job-id', '2352', '--raw', '--subdir', 'DAGS_FOLDER/warped-dag.py', '--cfg-path', '/tmp/tmp3s1xkieg']
[2023-05-08T15:48:43.716+0000] {standard_task_runner.py:85} INFO - Job 2352: Subtask GetSongsFromPlaylist
[2023-05-08T15:48:43.759+0000] {task_command.py:410} INFO - Running <TaskInstance: Summer_Warped_ETL.GetSongsFromPlaylist manual__2023-05-08T15:48:40.629167+00:00 [running]> on host 7b4753e133cb
[2023-05-08T15:48:43.825+0000] {taskinstance.py:1570} INFO - Exporting env vars: AIRFLOW_CTX_DAG_OWNER='Ananta Moharana' AIRFLOW_CTX_DAG_ID='Summer_Warped_ETL' AIRFLOW_CTX_TASK_ID='GetSongsFromPlaylist' AIRFLOW_CTX_EXECUTION_DATE='2023-05-08T15:48:40.629167+00:00' AIRFLOW_CTX_TRY_NUMBER='1' AIRFLOW_CTX_DAG_RUN_ID='manual__2023-05-08T15:48:40.629167+00:00'
[2023-05-08T15:48:44.222+0000] {logging_mixin.py:149} INFO - 100
[2023-05-08T15:48:44.222+0000] {logging_mixin.py:149} INFO - 0
[2023-05-08T15:48:44.225+0000] {logging_mixin.py:149} INFO - 1
[2023-05-08T15:48:44.228+0000] {logging_mixin.py:149} INFO - 2
[2023-05-08T15:48:44.229+0000] {logging_mixin.py:149} INFO - 3
[2023-05-08T15:48:44.231+0000] {logging_mixin.py:149} INFO - 4
[2023-05-08T15:48:44.234+0000] {logging_mixin.py:149} INFO - 5
[2023-05-08T15:48:44.236+0000] {logging_mixin.py:149} INFO - 6
[2023-05-08T15:48:44.238+0000] {logging_mixin.py:149} INFO - 7
[2023-05-08T15:48:44.240+0000] {logging_mixin.py:149} INFO - 8
[2023-05-08T15:48:44.241+0000] {logging_mixin.py:149} INFO - 9
[2023-05-08T15:48:44.245+0000] {logging_mixin.py:149} INFO - 10
[2023-05-08T15:48:44.247+0000] {logging_mixin.py:149} INFO - 11
[2023-05-08T15:48:44.249+0000] {logging_mixin.py:149} INFO - 12
[2023-05-08T15:48:44.250+0000] {logging_mixin.py:149} INFO - 13
[2023-05-08T15:48:44.253+0000] {logging_mixin.py:149} INFO - 14
[2023-05-08T15:48:44.255+0000] {logging_mixin.py:149} INFO - 15
[2023-05-08T15:48:44.256+0000] {logging_mixin.py:149} INFO - 16
[2023-05-08T15:48:44.258+0000] {logging_mixin.py:149} INFO - 17
[2023-05-08T15:48:44.260+0000] {logging_mixin.py:149} INFO - 18
[2023-05-08T15:48:44.262+0000] {logging_mixin.py:149} INFO - 19
[2023-05-08T15:48:44.263+0000] {logging_mixin.py:149} INFO - 20
[2023-05-08T15:48:44.264+0000] {logging_mixin.py:149} INFO - 21
[2023-05-08T15:48:44.266+0000] {logging_mixin.py:149} INFO - 22
[2023-05-08T15:48:44.267+0000] {logging_mixin.py:149} INFO - 23
[2023-05-08T15:48:44.269+0000] {logging_mixin.py:149} INFO - 24
[2023-05-08T15:48:44.270+0000] {logging_mixin.py:149} INFO - 25
[2023-05-08T15:48:44.272+0000] {logging_mixin.py:149} INFO - 26
[2023-05-08T15:48:44.273+0000] {logging_mixin.py:149} INFO - 27
[2023-05-08T15:48:44.278+0000] {logging_mixin.py:149} INFO - 28
[2023-05-08T15:48:44.280+0000] {logging_mixin.py:149} INFO - 29
[2023-05-08T15:48:44.281+0000] {logging_mixin.py:149} INFO - 30
[2023-05-08T15:48:44.283+0000] {logging_mixin.py:149} INFO - 31
[2023-05-08T15:48:44.284+0000] {logging_mixin.py:149} INFO - 32
[2023-05-08T15:48:44.285+0000] {logging_mixin.py:149} INFO - 33
[2023-05-08T15:48:44.287+0000] {logging_mixin.py:149} INFO - 34
[2023-05-08T15:48:44.289+0000] {logging_mixin.py:149} INFO - 35
[2023-05-08T15:48:44.290+0000] {logging_mixin.py:149} INFO - 36
[2023-05-08T15:48:44.293+0000] {logging_mixin.py:149} INFO - 37
[2023-05-08T15:48:44.296+0000] {logging_mixin.py:149} INFO - 38
[2023-05-08T15:48:44.298+0000] {logging_mixin.py:149} INFO - 39
[2023-05-08T15:48:44.300+0000] {logging_mixin.py:149} INFO - 40
[2023-05-08T15:48:44.302+0000] {logging_mixin.py:149} INFO - 41
[2023-05-08T15:48:44.303+0000] {logging_mixin.py:149} INFO - 42
[2023-05-08T15:48:44.305+0000] {logging_mixin.py:149} INFO - 43
[2023-05-08T15:48:44.306+0000] {logging_mixin.py:149} INFO - 44
[2023-05-08T15:48:44.308+0000] {logging_mixin.py:149} INFO - 45
[2023-05-08T15:48:44.309+0000] {logging_mixin.py:149} INFO - 46
[2023-05-08T15:48:44.312+0000] {logging_mixin.py:149} INFO - 47
[2023-05-08T15:48:44.314+0000] {logging_mixin.py:149} INFO - 48
[2023-05-08T15:48:44.315+0000] {logging_mixin.py:149} INFO - 49
[2023-05-08T15:48:44.316+0000] {logging_mixin.py:149} INFO - 50
[2023-05-08T15:48:44.318+0000] {logging_mixin.py:149} INFO - 51
[2023-05-08T15:48:44.319+0000] {logging_mixin.py:149} INFO - 52
[2023-05-08T15:48:44.320+0000] {logging_mixin.py:149} INFO - 53
[2023-05-08T15:48:44.321+0000] {logging_mixin.py:149} INFO - 54
[2023-05-08T15:48:44.322+0000] {logging_mixin.py:149} INFO - 55
[2023-05-08T15:48:44.323+0000] {logging_mixin.py:149} INFO - 56
[2023-05-08T15:48:44.324+0000] {logging_mixin.py:149} INFO - 57
[2023-05-08T15:48:44.326+0000] {logging_mixin.py:149} INFO - 58
[2023-05-08T15:48:44.329+0000] {logging_mixin.py:149} INFO - 59
[2023-05-08T15:48:44.331+0000] {logging_mixin.py:149} INFO - 60
[2023-05-08T15:48:44.332+0000] {logging_mixin.py:149} INFO - 61
[2023-05-08T15:48:44.334+0000] {logging_mixin.py:149} INFO - 62
[2023-05-08T15:48:44.335+0000] {logging_mixin.py:149} INFO - 63
[2023-05-08T15:48:44.337+0000] {logging_mixin.py:149} INFO - 64
[2023-05-08T15:48:44.338+0000] {logging_mixin.py:149} INFO - 65
[2023-05-08T15:48:44.340+0000] {logging_mixin.py:149} INFO - 66
[2023-05-08T15:48:44.342+0000] {logging_mixin.py:149} INFO - 67
[2023-05-08T15:48:44.343+0000] {logging_mixin.py:149} INFO - 68
[2023-05-08T15:48:44.345+0000] {logging_mixin.py:149} INFO - 69
[2023-05-08T15:48:44.346+0000] {logging_mixin.py:149} INFO - 70
[2023-05-08T15:48:44.349+0000] {logging_mixin.py:149} INFO - 71
[2023-05-08T15:48:44.350+0000] {logging_mixin.py:149} INFO - 72
[2023-05-08T15:48:44.354+0000] {logging_mixin.py:149} INFO - 73
[2023-05-08T15:48:44.357+0000] {logging_mixin.py:149} INFO - 74
[2023-05-08T15:48:44.359+0000] {logging_mixin.py:149} INFO - 75
[2023-05-08T15:48:44.361+0000] {logging_mixin.py:149} INFO - 76
[2023-05-08T15:48:44.362+0000] {logging_mixin.py:149} INFO - 77
[2023-05-08T15:48:44.366+0000] {logging_mixin.py:149} INFO - 78
[2023-05-08T15:48:44.368+0000] {logging_mixin.py:149} INFO - 79
[2023-05-08T15:48:44.369+0000] {logging_mixin.py:149} INFO - 80
[2023-05-08T15:48:44.371+0000] {logging_mixin.py:149} INFO - 81
[2023-05-08T15:48:44.373+0000] {logging_mixin.py:149} INFO - 82
[2023-05-08T15:48:44.374+0000] {logging_mixin.py:149} INFO - 83
[2023-05-08T15:48:44.376+0000] {logging_mixin.py:149} INFO - 84
[2023-05-08T15:48:44.377+0000] {logging_mixin.py:149} INFO - 85
[2023-05-08T15:48:44.379+0000] {logging_mixin.py:149} INFO - 86
[2023-05-08T15:48:44.381+0000] {logging_mixin.py:149} INFO - 87
[2023-05-08T15:48:44.382+0000] {logging_mixin.py:149} INFO - 88
[2023-05-08T15:48:44.383+0000] {logging_mixin.py:149} INFO - 89
[2023-05-08T15:48:44.388+0000] {logging_mixin.py:149} INFO - 90
[2023-05-08T15:48:44.391+0000] {logging_mixin.py:149} INFO - 91
[2023-05-08T15:48:44.392+0000] {logging_mixin.py:149} INFO - 92
[2023-05-08T15:48:44.394+0000] {logging_mixin.py:149} INFO - 93
[2023-05-08T15:48:44.397+0000] {logging_mixin.py:149} INFO - 94
[2023-05-08T15:48:44.400+0000] {logging_mixin.py:149} INFO - 95
[2023-05-08T15:48:44.402+0000] {logging_mixin.py:149} INFO - 96
[2023-05-08T15:48:44.403+0000] {logging_mixin.py:149} INFO - 97
[2023-05-08T15:48:44.404+0000] {logging_mixin.py:149} INFO - 98
[2023-05-08T15:48:44.409+0000] {logging_mixin.py:149} INFO - 99
[2023-05-08T15:48:44.430+0000] {python.py:183} INFO - Done. Returned value was: None
[2023-05-08T15:48:44.439+0000] {taskinstance.py:1373} INFO - Marking task as SUCCESS. dag_id=Summer_Warped_ETL, task_id=GetSongsFromPlaylist, execution_date=20230508T154840, start_date=20230508T154843, end_date=20230508T154844
[2023-05-08T15:48:44.488+0000] {local_task_job_runner.py:232} INFO - Task exited with return code 0
[2023-05-08T15:48:44.515+0000] {taskinstance.py:2674} INFO - 2 downstream tasks scheduled from follow-on schedule check
