[2023-05-08T15:48:45.847+0000] {taskinstance.py:1125} INFO - Dependencies all met for dep_context=non-requeueable deps ti=<TaskInstance: Summer_Warped_ETL.GetArtistInfo manual__2023-05-08T04:41:38.915348+00:00 [queued]>
[2023-05-08T15:48:45.853+0000] {taskinstance.py:1125} INFO - Dependencies all met for dep_context=requeueable deps ti=<TaskInstance: Summer_Warped_ETL.GetArtistInfo manual__2023-05-08T04:41:38.915348+00:00 [queued]>
[2023-05-08T15:48:45.853+0000] {taskinstance.py:1331} INFO - Starting attempt 2 of 4
[2023-05-08T15:48:45.862+0000] {taskinstance.py:1350} INFO - Executing <Task(PythonOperator): GetArtistInfo> on 2023-05-08 04:41:38.915348+00:00
[2023-05-08T15:48:45.867+0000] {standard_task_runner.py:57} INFO - Started process 86 to run task
[2023-05-08T15:48:45.872+0000] {standard_task_runner.py:84} INFO - Running: ['***', 'tasks', 'run', 'Summer_Warped_ETL', 'GetArtistInfo', 'manual__2023-05-08T04:41:38.915348+00:00', '--job-id', '2353', '--raw', '--subdir', 'DAGS_FOLDER/warped-dag.py', '--cfg-path', '/tmp/tmp8qakjjss']
[2023-05-08T15:48:45.872+0000] {standard_task_runner.py:85} INFO - Job 2353: Subtask GetArtistInfo
[2023-05-08T15:48:45.914+0000] {task_command.py:410} INFO - Running <TaskInstance: Summer_Warped_ETL.GetArtistInfo manual__2023-05-08T04:41:38.915348+00:00 [running]> on host 7b4753e133cb
[2023-05-08T15:48:45.994+0000] {taskinstance.py:1570} INFO - Exporting env vars: AIRFLOW_CTX_DAG_OWNER='Ananta Moharana' AIRFLOW_CTX_DAG_ID='Summer_Warped_ETL' AIRFLOW_CTX_TASK_ID='GetArtistInfo' AIRFLOW_CTX_EXECUTION_DATE='2023-05-08T04:41:38.915348+00:00' AIRFLOW_CTX_TRY_NUMBER='2' AIRFLOW_CTX_DAG_RUN_ID='manual__2023-05-08T04:41:38.915348+00:00'
[2023-05-08T15:48:46.247+0000] {logging_mixin.py:149} INFO - emo rap
[2023-05-08T15:48:46.368+0000] {logging_mixin.py:149} INFO - cloud rap
[2023-05-08T15:48:46.590+0000] {logging_mixin.py:149} INFO - hyperpop
[2023-05-08T15:48:46.692+0000] {logging_mixin.py:149} INFO - nyc rap
[2023-05-08T15:48:47.223+0000] {logging_mixin.py:149} INFO - upstate ny rap
[2023-05-08T15:48:47.311+0000] {logging_mixin.py:149} INFO - emo rap
[2023-05-08T15:48:47.408+0000] {logging_mixin.py:149} INFO - emo rap
[2023-05-08T15:48:47.502+0000] {logging_mixin.py:149} INFO - hyperpop
[2023-05-08T15:48:47.705+0000] {logging_mixin.py:149} INFO - glitchcore
[2023-05-08T15:48:47.949+0000] {logging_mixin.py:149} INFO - aesthetic rap
[2023-05-08T15:48:48.049+0000] {logging_mixin.py:149} INFO - glitchcore
[2023-05-08T15:48:48.252+0000] {logging_mixin.py:149} INFO - indie pop rap
[2023-05-08T15:48:48.555+0000] {logging_mixin.py:149} INFO - canadian hip hop
[2023-05-08T15:48:48.748+0000] {logging_mixin.py:149} INFO - glitchcore
[2023-05-08T15:48:48.869+0000] {logging_mixin.py:149} INFO - underground hip hop
[2023-05-08T15:48:49.004+0000] {logging_mixin.py:149} INFO - glitchcore
[2023-05-08T15:48:49.117+0000] {logging_mixin.py:149} INFO - asian american hip hop
[2023-05-08T15:48:49.209+0000] {logging_mixin.py:149} INFO - canadian hip hop
[2023-05-08T15:48:49.625+0000] {logging_mixin.py:149} INFO - emo rap
[2023-05-08T15:48:49.724+0000] {logging_mixin.py:149} INFO - sad rap
[2023-05-08T15:48:49.854+0000] {logging_mixin.py:149} INFO - meme rap
[2023-05-08T15:48:49.937+0000] {logging_mixin.py:149} INFO - cloud rap
[2023-05-08T15:48:50.047+0000] {logging_mixin.py:149} INFO - emoplugg
[2023-05-08T15:48:50.210+0000] {logging_mixin.py:149} INFO - alt z
[2023-05-08T15:48:50.515+0000] {logging_mixin.py:149} INFO - cloud rap
[2023-05-08T15:48:50.725+0000] {logging_mixin.py:149} INFO - emo rap
[2023-05-08T15:48:50.930+0000] {logging_mixin.py:149} INFO - canadian contemporary r&b
[2023-05-08T15:48:51.038+0000] {logging_mixin.py:149} INFO - bedroom soul
[2023-05-08T15:48:51.144+0000] {logging_mixin.py:149} INFO - la pop
[2023-05-08T15:48:51.334+0000] {logging_mixin.py:149} INFO - indie pop rap
[2023-05-08T15:48:51.441+0000] {logging_mixin.py:149} INFO - lo-fi rap
[2023-05-08T15:48:51.685+0000] {logging_mixin.py:149} INFO - pop edm
[2023-05-08T15:48:51.792+0000] {logging_mixin.py:149} INFO - indie hip hop
[2023-05-08T15:48:52.110+0000] {logging_mixin.py:149} INFO - emo rap
[2023-05-08T15:48:52.466+0000] {logging_mixin.py:149} INFO - cali rap
[2023-05-08T15:48:52.604+0000] {logging_mixin.py:149} INFO - hyperpop
[2023-05-08T15:48:52.703+0000] {logging_mixin.py:149} INFO - hyperpop
[2023-05-08T15:48:52.814+0000] {logging_mixin.py:149} INFO - pittsburgh rap
[2023-05-08T15:48:52.912+0000] {logging_mixin.py:149} INFO - cloud rap
[2023-05-08T15:48:53.238+0000] {logging_mixin.py:149} INFO - cloud rap
[2023-05-08T15:48:53.354+0000] {logging_mixin.py:149} INFO - alt z
[2023-05-08T15:48:53.591+0000] {logging_mixin.py:149} INFO - cloud rap
[2023-05-08T15:48:53.689+0000] {logging_mixin.py:149} INFO - future bass
[2023-05-08T15:48:53.795+0000] {logging_mixin.py:149} INFO - cloud rap
[2023-05-08T15:48:53.901+0000] {logging_mixin.py:149} INFO - cloud rap
[2023-05-08T15:48:54.256+0000] {logging_mixin.py:149} INFO - st louis rap
[2023-05-08T15:48:54.350+0000] {logging_mixin.py:149} INFO - melodic rap
[2023-05-08T15:48:54.456+0000] {logging_mixin.py:149} INFO - emo rap
[2023-05-08T15:48:54.557+0000] {logging_mixin.py:149} INFO - canadian contemporary r&b
[2023-05-08T15:48:54.655+0000] {logging_mixin.py:149} INFO - sad rap
[2023-05-08T15:48:54.774+0000] {logging_mixin.py:149} INFO - hyperpop
[2023-05-08T15:48:54.882+0000] {logging_mixin.py:149} INFO - aesthetic rap
[2023-05-08T15:48:54.983+0000] {logging_mixin.py:149} INFO - sad rap
[2023-05-08T15:48:55.092+0000] {logging_mixin.py:149} INFO - indonesian hip hop
[2023-05-08T15:48:55.189+0000] {logging_mixin.py:149} INFO - vapor trap
[2023-05-08T15:48:55.297+0000] {logging_mixin.py:149} INFO - indie pop rap
[2023-05-08T15:48:55.402+0000] {logging_mixin.py:149} INFO - cloud rap
[2023-05-08T15:48:55.619+0000] {logging_mixin.py:149} INFO - atl hip hop
[2023-05-08T15:48:55.633+0000] {python.py:183} INFO - Done. Returned value was: None
[2023-05-08T15:48:55.640+0000] {taskinstance.py:1373} INFO - Marking task as SUCCESS. dag_id=Summer_Warped_ETL, task_id=GetArtistInfo, execution_date=20230508T044138, start_date=20230508T154845, end_date=20230508T154855
[2023-05-08T15:48:55.680+0000] {local_task_job_runner.py:232} INFO - Task exited with return code 0
[2023-05-08T15:48:55.703+0000] {taskinstance.py:2674} INFO - 0 downstream tasks scheduled from follow-on schedule check
