[2023-05-08T04:41:44.924+0000] {taskinstance.py:1125} INFO - Dependencies all met for dep_context=non-requeueable deps ti=<TaskInstance: Summer_Warped_ETL.GetArtistInfo manual__2023-05-08T04:41:38.915348+00:00 [queued]>
[2023-05-08T04:41:44.930+0000] {taskinstance.py:1125} INFO - Dependencies all met for dep_context=requeueable deps ti=<TaskInstance: Summer_Warped_ETL.GetArtistInfo manual__2023-05-08T04:41:38.915348+00:00 [queued]>
[2023-05-08T04:41:44.931+0000] {taskinstance.py:1331} INFO - Starting attempt 1 of 3
[2023-05-08T04:41:44.940+0000] {taskinstance.py:1350} INFO - Executing <Task(PythonOperator): GetArtistInfo> on 2023-05-08 04:41:38.915348+00:00
[2023-05-08T04:41:44.945+0000] {standard_task_runner.py:57} INFO - Started process 4700 to run task
[2023-05-08T04:41:44.951+0000] {standard_task_runner.py:84} INFO - Running: ['***', 'tasks', 'run', 'Summer_Warped_ETL', 'GetArtistInfo', 'manual__2023-05-08T04:41:38.915348+00:00', '--job-id', '2284', '--raw', '--subdir', 'DAGS_FOLDER/warped-dag.py', '--cfg-path', '/tmp/tmpntcluc13']
[2023-05-08T04:41:44.952+0000] {standard_task_runner.py:85} INFO - Job 2284: Subtask GetArtistInfo
[2023-05-08T04:41:45.025+0000] {task_command.py:410} INFO - Running <TaskInstance: Summer_Warped_ETL.GetArtistInfo manual__2023-05-08T04:41:38.915348+00:00 [running]> on host a40687a10d43
[2023-05-08T04:41:45.095+0000] {taskinstance.py:1570} INFO - Exporting env vars: AIRFLOW_CTX_DAG_OWNER='Ananta Moharana' AIRFLOW_CTX_DAG_ID='Summer_Warped_ETL' AIRFLOW_CTX_TASK_ID='GetArtistInfo' AIRFLOW_CTX_EXECUTION_DATE='2023-05-08T04:41:38.915348+00:00' AIRFLOW_CTX_TRY_NUMBER='1' AIRFLOW_CTX_DAG_RUN_ID='manual__2023-05-08T04:41:38.915348+00:00'
[2023-05-08T04:41:45.290+0000] {logging_mixin.py:149} INFO - cloud rap
[2023-05-08T04:41:45.484+0000] {logging_mixin.py:149} INFO - cloud rap
[2023-05-08T04:41:45.687+0000] {logging_mixin.py:149} INFO - la pop
[2023-05-08T04:41:45.773+0000] {logging_mixin.py:149} INFO - indie hip hop
[2023-05-08T04:41:45.997+0000] {logging_mixin.py:149} INFO - cloud rap
[2023-05-08T04:41:46.189+0000] {logging_mixin.py:149} INFO - aesthetic rap
[2023-05-08T04:41:46.292+0000] {logging_mixin.py:149} INFO - emo rap
[2023-05-08T04:41:46.392+0000] {logging_mixin.py:149} INFO - canadian contemporary r&b
[2023-05-08T04:41:46.713+0000] {logging_mixin.py:149} INFO - deep underground hip hop
[2023-05-08T04:41:46.897+0000] {logging_mixin.py:149} INFO - cloud rap
[2023-05-08T04:41:46.994+0000] {logging_mixin.py:149} INFO - underground hip hop
[2023-05-08T04:41:47.174+0000] {logging_mixin.py:149} INFO - st louis rap
[2023-05-08T04:41:47.268+0000] {logging_mixin.py:149} INFO - cloud rap
[2023-05-08T04:41:47.460+0000] {logging_mixin.py:149} INFO - canadian contemporary r&b
[2023-05-08T04:41:47.640+0000] {logging_mixin.py:149} INFO - asian american hip hop
[2023-05-08T04:41:47.852+0000] {logging_mixin.py:149} INFO - nyc rap
[2023-05-08T04:41:48.038+0000] {logging_mixin.py:149} INFO - indie pop rap
[2023-05-08T04:41:48.131+0000] {logging_mixin.py:149} INFO - bedroom soul
[2023-05-08T04:41:48.226+0000] {logging_mixin.py:149} INFO - cloud rap
[2023-05-08T04:41:48.326+0000] {logging_mixin.py:149} INFO - glitchcore
[2023-05-08T04:41:48.652+0000] {logging_mixin.py:149} INFO - glitchcore
[2023-05-08T04:41:48.748+0000] {logging_mixin.py:149} INFO - hyperpop
[2023-05-08T04:41:48.841+0000] {logging_mixin.py:149} INFO - glitchcore
[2023-05-08T04:41:48.936+0000] {logging_mixin.py:149} INFO - cali rap
[2023-05-08T04:41:49.032+0000] {logging_mixin.py:149} INFO - sad rap
[2023-05-08T04:41:49.239+0000] {logging_mixin.py:149} INFO - emo rap
[2023-05-08T04:41:49.331+0000] {logging_mixin.py:149} INFO - indonesian hip hop
[2023-05-08T04:41:49.517+0000] {logging_mixin.py:149} INFO - pop edm
[2023-05-08T04:41:49.610+0000] {logging_mixin.py:149} INFO - upstate ny rap
[2023-05-08T04:41:49.690+0000] {logging_mixin.py:149} INFO - hyperpop
[2023-05-08T04:41:49.979+0000] {logging_mixin.py:149} INFO - cloud rap
[2023-05-08T04:41:50.168+0000] {logging_mixin.py:149} INFO - emoplugg
[2023-05-08T04:41:50.305+0000] {logging_mixin.py:149} INFO - emo rap
[2023-05-08T04:41:50.393+0000] {logging_mixin.py:149} INFO - hyperpop
[2023-05-08T04:41:50.494+0000] {logging_mixin.py:149} INFO - pittsburgh rap
[2023-05-08T04:41:50.577+0000] {logging_mixin.py:149} INFO - alt z
[2023-05-08T04:41:50.674+0000] {logging_mixin.py:149} INFO - canadian hip hop
[2023-05-08T04:41:50.786+0000] {logging_mixin.py:149} INFO - canadian hip hop
[2023-05-08T04:41:50.976+0000] {logging_mixin.py:149} INFO - aesthetic rap
[2023-05-08T04:41:51.065+0000] {logging_mixin.py:149} INFO - cloud rap
[2023-05-08T04:41:51.163+0000] {logging_mixin.py:149} INFO - cloud rap
[2023-05-08T04:41:51.490+0000] {logging_mixin.py:149} INFO - alt z
[2023-05-08T04:41:51.680+0000] {logging_mixin.py:149} INFO - emo rap
[2023-05-08T04:41:51.781+0000] {logging_mixin.py:149} INFO - atl hip hop
[2023-05-08T04:41:51.981+0000] {logging_mixin.py:149} INFO - hyperpop
[2023-05-08T04:41:52.167+0000] {logging_mixin.py:149} INFO - meme rap
[2023-05-08T04:41:52.266+0000] {logging_mixin.py:149} INFO - indie pop rap
[2023-05-08T04:41:52.359+0000] {logging_mixin.py:149} INFO - emo rap
[2023-05-08T04:41:52.441+0000] {logging_mixin.py:149} INFO - melodic rap
[2023-05-08T04:41:52.544+0000] {logging_mixin.py:149} INFO - future bass
[2023-05-08T04:41:52.648+0000] {logging_mixin.py:149} INFO - emo rap
[2023-05-08T04:41:52.751+0000] {logging_mixin.py:149} INFO - glitchcore
[2023-05-08T04:41:53.257+0000] {logging_mixin.py:149} INFO - sad rap
[2023-05-08T04:41:53.353+0000] {logging_mixin.py:149} INFO - emo rap
[2023-05-08T04:41:53.656+0000] {logging_mixin.py:149} INFO - vapor trap
[2023-05-08T04:41:53.748+0000] {logging_mixin.py:149} INFO - hyperpop
[2023-05-08T04:41:53.957+0000] {logging_mixin.py:149} INFO - lo-fi rap
[2023-05-08T04:41:54.142+0000] {logging_mixin.py:149} INFO - sad rap
[2023-05-08T04:41:54.245+0000] {python.py:183} INFO - Done. Returned value was: None
[2023-05-08T04:41:54.253+0000] {taskinstance.py:1373} INFO - Marking task as SUCCESS. dag_id=Summer_Warped_ETL, task_id=GetArtistInfo, execution_date=20230508T044138, start_date=20230508T044144, end_date=20230508T044154
[2023-05-08T04:41:54.277+0000] {local_task_job_runner.py:232} INFO - Task exited with return code 0
[2023-05-08T04:41:54.297+0000] {taskinstance.py:2674} INFO - 0 downstream tasks scheduled from follow-on schedule check
