[2023-05-07T17:53:53.492+0000] {taskinstance.py:1125} INFO - Dependencies all met for dep_context=non-requeueable deps ti=<TaskInstance: Summer_Warped_ETL.GetArtistInfo manual__2023-05-07T17:48:23.448865+00:00 [queued]>
[2023-05-07T17:53:53.497+0000] {taskinstance.py:1125} INFO - Dependencies all met for dep_context=requeueable deps ti=<TaskInstance: Summer_Warped_ETL.GetArtistInfo manual__2023-05-07T17:48:23.448865+00:00 [queued]>
[2023-05-07T17:53:53.498+0000] {taskinstance.py:1331} INFO - Starting attempt 2 of 4
[2023-05-07T17:53:53.507+0000] {taskinstance.py:1350} INFO - Executing <Task(PythonOperator): GetArtistInfo> on 2023-05-07 17:48:23.448865+00:00
[2023-05-07T17:53:53.512+0000] {standard_task_runner.py:57} INFO - Started process 366 to run task
[2023-05-07T17:53:53.518+0000] {standard_task_runner.py:84} INFO - Running: ['***', 'tasks', 'run', 'Summer_Warped_ETL', 'GetArtistInfo', 'manual__2023-05-07T17:48:23.448865+00:00', '--job-id', '913', '--raw', '--subdir', 'DAGS_FOLDER/warped-dag.py', '--cfg-path', '/tmp/tmp33f18rwe']
[2023-05-07T17:53:53.519+0000] {standard_task_runner.py:85} INFO - Job 913: Subtask GetArtistInfo
[2023-05-07T17:53:53.579+0000] {task_command.py:410} INFO - Running <TaskInstance: Summer_Warped_ETL.GetArtistInfo manual__2023-05-07T17:48:23.448865+00:00 [running]> on host f67ce86ae01d
[2023-05-07T17:53:53.646+0000] {taskinstance.py:1570} INFO - Exporting env vars: AIRFLOW_CTX_DAG_OWNER='Ananta Moharana' AIRFLOW_CTX_DAG_ID='Summer_Warped_ETL' AIRFLOW_CTX_TASK_ID='GetArtistInfo' AIRFLOW_CTX_EXECUTION_DATE='2023-05-07T17:48:23.448865+00:00' AIRFLOW_CTX_TRY_NUMBER='2' AIRFLOW_CTX_DAG_RUN_ID='manual__2023-05-07T17:48:23.448865+00:00'
[2023-05-07T17:53:53.794+0000] {logging_mixin.py:149} INFO - emo rap
[2023-05-07T17:53:53.897+0000] {logging_mixin.py:149} INFO - hyperpop
[2023-05-07T17:53:54.026+0000] {logging_mixin.py:149} INFO - canadian hip hop
[2023-05-07T17:53:54.129+0000] {logging_mixin.py:149} INFO - lo-fi rap
[2023-05-07T17:53:54.251+0000] {logging_mixin.py:149} INFO - aesthetic rap
[2023-05-07T17:53:54.663+0000] {logging_mixin.py:149} INFO - meme rap
[2023-05-07T17:53:54.858+0000] {logging_mixin.py:149} INFO - deep underground hip hop
[2023-05-07T17:53:55.004+0000] {logging_mixin.py:149} INFO - cali rap
[2023-05-07T17:53:55.122+0000] {logging_mixin.py:149} INFO - sad rap
[2023-05-07T17:53:55.222+0000] {logging_mixin.py:149} INFO - cloud rap
[2023-05-07T17:53:55.374+0000] {logging_mixin.py:149} INFO - melodic rap
[2023-05-07T17:53:55.496+0000] {logging_mixin.py:149} INFO - pittsburgh rap
[2023-05-07T17:53:55.608+0000] {logging_mixin.py:149} INFO - glitchcore
[2023-05-07T17:53:55.832+0000] {logging_mixin.py:149} INFO - cloud rap
[2023-05-07T17:53:56.055+0000] {logging_mixin.py:149} INFO - aesthetic rap
[2023-05-07T17:53:56.183+0000] {logging_mixin.py:149} INFO - glitchcore
[2023-05-07T17:53:56.474+0000] {logging_mixin.py:149} INFO - hyperpop
[2023-05-07T17:53:56.819+0000] {logging_mixin.py:149} INFO - sad rap
[2023-05-07T17:53:57.135+0000] {logging_mixin.py:149} INFO - emo rap
[2023-05-07T17:53:57.332+0000] {logging_mixin.py:149} INFO - st louis rap
[2023-05-07T17:53:57.438+0000] {logging_mixin.py:149} INFO - cloud rap
[2023-05-07T17:53:57.558+0000] {logging_mixin.py:149} INFO - cloud rap
[2023-05-07T17:53:57.661+0000] {logging_mixin.py:149} INFO - alt z
[2023-05-07T17:53:58.240+0000] {logging_mixin.py:149} INFO - indie pop rap
[2023-05-07T17:53:58.343+0000] {logging_mixin.py:149} INFO - nyc rap
[2023-05-07T17:53:58.431+0000] {logging_mixin.py:149} INFO - la pop
[2023-05-07T17:53:58.537+0000] {logging_mixin.py:149} INFO - pop edm
[2023-05-07T17:53:58.637+0000] {logging_mixin.py:149} INFO - bedroom soul
[2023-05-07T17:53:58.739+0000] {logging_mixin.py:149} INFO - emo rap
[2023-05-07T17:53:58.950+0000] {logging_mixin.py:149} INFO - vapor trap
[2023-05-07T17:53:59.144+0000] {logging_mixin.py:149} INFO - indie hip hop
[2023-05-07T17:53:59.247+0000] {logging_mixin.py:149} INFO - glitchcore
[2023-05-07T17:53:59.356+0000] {logging_mixin.py:149} INFO - atl hip hop
[2023-05-07T17:53:59.566+0000] {logging_mixin.py:149} INFO - alt z
[2023-05-07T17:53:59.666+0000] {logging_mixin.py:149} INFO - emo rap
[2023-05-07T17:53:59.857+0000] {logging_mixin.py:149} INFO - canadian contemporary r&b
[2023-05-07T17:54:00.058+0000] {logging_mixin.py:149} INFO - hyperpop
[2023-05-07T17:54:00.270+0000] {logging_mixin.py:149} INFO - canadian contemporary r&b
[2023-05-07T17:54:00.491+0000] {logging_mixin.py:149} INFO - asian american hip hop
[2023-05-07T17:54:00.611+0000] {logging_mixin.py:149} INFO - canadian hip hop
[2023-05-07T17:54:00.742+0000] {logging_mixin.py:149} INFO - emo rap
[2023-05-07T17:54:00.848+0000] {logging_mixin.py:149} INFO - emo rap
[2023-05-07T17:54:01.150+0000] {logging_mixin.py:149} INFO - cloud rap
[2023-05-07T17:54:01.359+0000] {logging_mixin.py:149} INFO - cloud rap
[2023-05-07T17:54:01.585+0000] {logging_mixin.py:149} INFO - cloud rap
[2023-05-07T17:54:01.725+0000] {logging_mixin.py:149} INFO - cloud rap
[2023-05-07T17:54:01.831+0000] {logging_mixin.py:149} INFO - glitchcore
[2023-05-07T17:54:01.941+0000] {logging_mixin.py:149} INFO - underground hip hop
[2023-05-07T17:54:02.069+0000] {logging_mixin.py:149} INFO - upstate ny rap
[2023-05-07T17:54:02.278+0000] {logging_mixin.py:149} INFO - indonesian hip hop
[2023-05-07T17:54:02.707+0000] {logging_mixin.py:149} INFO - hyperpop
[2023-05-07T17:54:02.910+0000] {logging_mixin.py:149} INFO - emo rap
[2023-05-07T17:54:03.016+0000] {logging_mixin.py:149} INFO - emoplugg
[2023-05-07T17:54:03.114+0000] {logging_mixin.py:149} INFO - sad rap
[2023-05-07T17:54:03.262+0000] {logging_mixin.py:149} INFO - hyperpop
[2023-05-07T17:54:03.483+0000] {logging_mixin.py:149} INFO - cloud rap
[2023-05-07T17:54:03.580+0000] {logging_mixin.py:149} INFO - future bass
[2023-05-07T17:54:03.701+0000] {logging_mixin.py:149} INFO - indie pop rap
[2023-05-07T17:54:03.837+0000] {python.py:183} INFO - Done. Returned value was: None
[2023-05-07T17:54:03.845+0000] {taskinstance.py:1373} INFO - Marking task as SUCCESS. dag_id=Summer_Warped_ETL, task_id=GetArtistInfo, execution_date=20230507T174823, start_date=20230507T175353, end_date=20230507T175403
[2023-05-07T17:54:03.869+0000] {local_task_job_runner.py:232} INFO - Task exited with return code 0
[2023-05-07T17:54:03.890+0000] {taskinstance.py:2674} INFO - 0 downstream tasks scheduled from follow-on schedule check
