[2023-05-08T04:24:13.388+0000] {taskinstance.py:1125} INFO - Dependencies all met for dep_context=non-requeueable deps ti=<TaskInstance: Summer_Warped_ETL.GetSongsFromPlaylist manual__2023-05-08T04:24:10.793519+00:00 [queued]>
[2023-05-08T04:24:13.393+0000] {taskinstance.py:1125} INFO - Dependencies all met for dep_context=requeueable deps ti=<TaskInstance: Summer_Warped_ETL.GetSongsFromPlaylist manual__2023-05-08T04:24:10.793519+00:00 [queued]>
[2023-05-08T04:24:13.394+0000] {taskinstance.py:1331} INFO - Starting attempt 1 of 3
[2023-05-08T04:24:13.402+0000] {taskinstance.py:1350} INFO - Executing <Task(PythonOperator): GetSongsFromPlaylist> on 2023-05-08 04:24:10.793519+00:00
[2023-05-08T04:24:13.406+0000] {standard_task_runner.py:57} INFO - Started process 3774 to run task
[2023-05-08T04:24:13.410+0000] {standard_task_runner.py:84} INFO - Running: ['***', 'tasks', 'run', 'Summer_Warped_ETL', 'GetSongsFromPlaylist', 'manual__2023-05-08T04:24:10.793519+00:00', '--job-id', '2107', '--raw', '--subdir', 'DAGS_FOLDER/warped-dag.py', '--cfg-path', '/tmp/tmpgvq2diy5']
[2023-05-08T04:24:13.411+0000] {standard_task_runner.py:85} INFO - Job 2107: Subtask GetSongsFromPlaylist
[2023-05-08T04:24:13.447+0000] {task_command.py:410} INFO - Running <TaskInstance: Summer_Warped_ETL.GetSongsFromPlaylist manual__2023-05-08T04:24:10.793519+00:00 [running]> on host a40687a10d43
[2023-05-08T04:24:13.500+0000] {taskinstance.py:1570} INFO - Exporting env vars: AIRFLOW_CTX_DAG_OWNER='Ananta Moharana' AIRFLOW_CTX_DAG_ID='Summer_Warped_ETL' AIRFLOW_CTX_TASK_ID='GetSongsFromPlaylist' AIRFLOW_CTX_EXECUTION_DATE='2023-05-08T04:24:10.793519+00:00' AIRFLOW_CTX_TRY_NUMBER='1' AIRFLOW_CTX_DAG_RUN_ID='manual__2023-05-08T04:24:10.793519+00:00'
[2023-05-08T04:24:13.785+0000] {logging_mixin.py:149} INFO - 100
[2023-05-08T04:24:13.786+0000] {logging_mixin.py:149} INFO - 0
[2023-05-08T04:24:13.788+0000] {logging_mixin.py:149} INFO - 1
[2023-05-08T04:24:13.790+0000] {logging_mixin.py:149} INFO - 2
[2023-05-08T04:24:13.791+0000] {logging_mixin.py:149} INFO - 3
[2023-05-08T04:24:13.792+0000] {logging_mixin.py:149} INFO - 4
[2023-05-08T04:24:13.794+0000] {logging_mixin.py:149} INFO - 5
[2023-05-08T04:24:13.795+0000] {logging_mixin.py:149} INFO - 6
[2023-05-08T04:24:13.797+0000] {logging_mixin.py:149} INFO - 7
[2023-05-08T04:24:13.798+0000] {logging_mixin.py:149} INFO - 8
[2023-05-08T04:24:13.799+0000] {logging_mixin.py:149} INFO - 9
[2023-05-08T04:24:13.801+0000] {logging_mixin.py:149} INFO - 10
[2023-05-08T04:24:13.803+0000] {logging_mixin.py:149} INFO - 11
[2023-05-08T04:24:13.806+0000] {logging_mixin.py:149} INFO - 12
[2023-05-08T04:24:13.807+0000] {logging_mixin.py:149} INFO - 13
[2023-05-08T04:24:13.809+0000] {logging_mixin.py:149} INFO - 14
[2023-05-08T04:24:13.810+0000] {logging_mixin.py:149} INFO - 15
[2023-05-08T04:24:13.811+0000] {logging_mixin.py:149} INFO - 16
[2023-05-08T04:24:13.813+0000] {logging_mixin.py:149} INFO - 17
[2023-05-08T04:24:13.815+0000] {logging_mixin.py:149} INFO - 18
[2023-05-08T04:24:13.816+0000] {logging_mixin.py:149} INFO - 19
[2023-05-08T04:24:13.818+0000] {logging_mixin.py:149} INFO - 20
[2023-05-08T04:24:13.819+0000] {logging_mixin.py:149} INFO - 21
[2023-05-08T04:24:13.820+0000] {logging_mixin.py:149} INFO - 22
[2023-05-08T04:24:13.821+0000] {logging_mixin.py:149} INFO - 23
[2023-05-08T04:24:13.822+0000] {logging_mixin.py:149} INFO - 24
[2023-05-08T04:24:13.823+0000] {logging_mixin.py:149} INFO - 25
[2023-05-08T04:24:13.824+0000] {logging_mixin.py:149} INFO - 26
[2023-05-08T04:24:13.825+0000] {logging_mixin.py:149} INFO - 27
[2023-05-08T04:24:13.828+0000] {logging_mixin.py:149} INFO - 28
[2023-05-08T04:24:13.830+0000] {logging_mixin.py:149} INFO - 29
[2023-05-08T04:24:13.831+0000] {logging_mixin.py:149} INFO - 30
[2023-05-08T04:24:13.832+0000] {logging_mixin.py:149} INFO - 31
[2023-05-08T04:24:13.833+0000] {logging_mixin.py:149} INFO - 32
[2023-05-08T04:24:13.835+0000] {logging_mixin.py:149} INFO - 33
[2023-05-08T04:24:13.836+0000] {logging_mixin.py:149} INFO - 34
[2023-05-08T04:24:13.837+0000] {logging_mixin.py:149} INFO - 35
[2023-05-08T04:24:13.839+0000] {logging_mixin.py:149} INFO - 36
[2023-05-08T04:24:13.841+0000] {logging_mixin.py:149} INFO - 37
[2023-05-08T04:24:13.842+0000] {logging_mixin.py:149} INFO - 38
[2023-05-08T04:24:13.843+0000] {logging_mixin.py:149} INFO - 39
[2023-05-08T04:24:13.845+0000] {logging_mixin.py:149} INFO - 40
[2023-05-08T04:24:13.847+0000] {logging_mixin.py:149} INFO - 41
[2023-05-08T04:24:13.848+0000] {logging_mixin.py:149} INFO - 42
[2023-05-08T04:24:13.849+0000] {logging_mixin.py:149} INFO - 43
[2023-05-08T04:24:13.850+0000] {logging_mixin.py:149} INFO - 44
[2023-05-08T04:24:13.851+0000] {logging_mixin.py:149} INFO - 45
[2023-05-08T04:24:13.853+0000] {logging_mixin.py:149} INFO - 46
[2023-05-08T04:24:13.854+0000] {logging_mixin.py:149} INFO - 47
[2023-05-08T04:24:13.856+0000] {logging_mixin.py:149} INFO - 48
[2023-05-08T04:24:13.857+0000] {logging_mixin.py:149} INFO - 49
[2023-05-08T04:24:13.859+0000] {logging_mixin.py:149} INFO - 50
[2023-05-08T04:24:13.860+0000] {logging_mixin.py:149} INFO - 51
[2023-05-08T04:24:13.861+0000] {logging_mixin.py:149} INFO - 52
[2023-05-08T04:24:13.862+0000] {logging_mixin.py:149} INFO - 53
[2023-05-08T04:24:13.863+0000] {logging_mixin.py:149} INFO - 54
[2023-05-08T04:24:13.864+0000] {logging_mixin.py:149} INFO - 55
[2023-05-08T04:24:13.866+0000] {logging_mixin.py:149} INFO - 56
[2023-05-08T04:24:13.867+0000] {logging_mixin.py:149} INFO - 57
[2023-05-08T04:24:13.868+0000] {logging_mixin.py:149} INFO - 58
[2023-05-08T04:24:13.870+0000] {logging_mixin.py:149} INFO - 59
[2023-05-08T04:24:13.871+0000] {logging_mixin.py:149} INFO - 60
[2023-05-08T04:24:13.872+0000] {logging_mixin.py:149} INFO - 61
[2023-05-08T04:24:13.873+0000] {logging_mixin.py:149} INFO - 62
[2023-05-08T04:24:13.874+0000] {logging_mixin.py:149} INFO - 63
[2023-05-08T04:24:13.875+0000] {logging_mixin.py:149} INFO - 64
[2023-05-08T04:24:13.876+0000] {logging_mixin.py:149} INFO - 65
[2023-05-08T04:24:13.877+0000] {logging_mixin.py:149} INFO - 66
[2023-05-08T04:24:13.880+0000] {logging_mixin.py:149} INFO - 67
[2023-05-08T04:24:13.881+0000] {logging_mixin.py:149} INFO - 68
[2023-05-08T04:24:13.882+0000] {logging_mixin.py:149} INFO - 69
[2023-05-08T04:24:13.883+0000] {logging_mixin.py:149} INFO - 70
[2023-05-08T04:24:13.885+0000] {logging_mixin.py:149} INFO - 71
[2023-05-08T04:24:13.886+0000] {logging_mixin.py:149} INFO - 72
[2023-05-08T04:24:13.887+0000] {logging_mixin.py:149} INFO - 73
[2023-05-08T04:24:13.889+0000] {logging_mixin.py:149} INFO - 74
[2023-05-08T04:24:13.890+0000] {logging_mixin.py:149} INFO - 75
[2023-05-08T04:24:13.891+0000] {logging_mixin.py:149} INFO - 76
[2023-05-08T04:24:13.892+0000] {logging_mixin.py:149} INFO - 77
[2023-05-08T04:24:13.894+0000] {logging_mixin.py:149} INFO - 78
[2023-05-08T04:24:13.895+0000] {logging_mixin.py:149} INFO - 79
[2023-05-08T04:24:13.896+0000] {logging_mixin.py:149} INFO - 80
[2023-05-08T04:24:13.898+0000] {logging_mixin.py:149} INFO - 81
[2023-05-08T04:24:13.900+0000] {logging_mixin.py:149} INFO - 82
[2023-05-08T04:24:13.901+0000] {logging_mixin.py:149} INFO - 83
[2023-05-08T04:24:13.903+0000] {logging_mixin.py:149} INFO - 84
[2023-05-08T04:24:13.905+0000] {logging_mixin.py:149} INFO - 85
[2023-05-08T04:24:13.907+0000] {logging_mixin.py:149} INFO - 86
[2023-05-08T04:24:13.908+0000] {logging_mixin.py:149} INFO - 87
[2023-05-08T04:24:13.909+0000] {logging_mixin.py:149} INFO - 88
[2023-05-08T04:24:13.911+0000] {logging_mixin.py:149} INFO - 89
[2023-05-08T04:24:13.913+0000] {logging_mixin.py:149} INFO - 90
[2023-05-08T04:24:13.914+0000] {logging_mixin.py:149} INFO - 91
[2023-05-08T04:24:13.916+0000] {logging_mixin.py:149} INFO - 92
[2023-05-08T04:24:13.918+0000] {logging_mixin.py:149} INFO - 93
[2023-05-08T04:24:13.920+0000] {logging_mixin.py:149} INFO - 94
[2023-05-08T04:24:13.923+0000] {logging_mixin.py:149} INFO - 95
[2023-05-08T04:24:13.924+0000] {logging_mixin.py:149} INFO - 96
[2023-05-08T04:24:13.925+0000] {logging_mixin.py:149} INFO - 97
[2023-05-08T04:24:13.927+0000] {logging_mixin.py:149} INFO - 98
[2023-05-08T04:24:13.929+0000] {logging_mixin.py:149} INFO - 99
[2023-05-08T04:24:13.944+0000] {python.py:183} INFO - Done. Returned value was: None
[2023-05-08T04:24:13.952+0000] {taskinstance.py:1373} INFO - Marking task as SUCCESS. dag_id=Summer_Warped_ETL, task_id=GetSongsFromPlaylist, execution_date=20230508T042410, start_date=20230508T042413, end_date=20230508T042413
[2023-05-08T04:24:13.984+0000] {local_task_job_runner.py:232} INFO - Task exited with return code 0
[2023-05-08T04:24:14.007+0000] {taskinstance.py:2674} INFO - 2 downstream tasks scheduled from follow-on schedule check
