[2023-05-09T16:03:35.321+0000] {taskinstance.py:1125} INFO - Dependencies all met for dep_context=non-requeueable deps ti=<TaskInstance: Summer_Warped_ETL.GetSongsFromPlaylist manual__2023-05-09T16:03:30.694888+00:00 [queued]>
[2023-05-09T16:03:35.326+0000] {taskinstance.py:1125} INFO - Dependencies all met for dep_context=requeueable deps ti=<TaskInstance: Summer_Warped_ETL.GetSongsFromPlaylist manual__2023-05-09T16:03:30.694888+00:00 [queued]>
[2023-05-09T16:03:35.326+0000] {taskinstance.py:1331} INFO - Starting attempt 1 of 3
[2023-05-09T16:03:35.334+0000] {taskinstance.py:1350} INFO - Executing <Task(PythonOperator): GetSongsFromPlaylist> on 2023-05-09 16:03:30.694888+00:00
[2023-05-09T16:03:35.339+0000] {standard_task_runner.py:57} INFO - Started process 6509 to run task
[2023-05-09T16:03:35.343+0000] {standard_task_runner.py:84} INFO - Running: ['***', 'tasks', 'run', 'Summer_Warped_ETL', 'GetSongsFromPlaylist', 'manual__2023-05-09T16:03:30.694888+00:00', '--job-id', '2715', '--raw', '--subdir', 'DAGS_FOLDER/warped-dag.py', '--cfg-path', '/tmp/tmpxtrr7svq']
[2023-05-09T16:03:35.344+0000] {standard_task_runner.py:85} INFO - Job 2715: Subtask GetSongsFromPlaylist
[2023-05-09T16:03:35.381+0000] {task_command.py:410} INFO - Running <TaskInstance: Summer_Warped_ETL.GetSongsFromPlaylist manual__2023-05-09T16:03:30.694888+00:00 [running]> on host 7b4753e133cb
[2023-05-09T16:03:35.436+0000] {taskinstance.py:1570} INFO - Exporting env vars: AIRFLOW_CTX_DAG_OWNER='Ananta Moharana' AIRFLOW_CTX_DAG_ID='Summer_Warped_ETL' AIRFLOW_CTX_TASK_ID='GetSongsFromPlaylist' AIRFLOW_CTX_EXECUTION_DATE='2023-05-09T16:03:30.694888+00:00' AIRFLOW_CTX_TRY_NUMBER='1' AIRFLOW_CTX_DAG_RUN_ID='manual__2023-05-09T16:03:30.694888+00:00'
[2023-05-09T16:03:36.266+0000] {logging_mixin.py:149} INFO - 100
[2023-05-09T16:03:36.267+0000] {logging_mixin.py:149} INFO - 0
[2023-05-09T16:03:36.269+0000] {logging_mixin.py:149} INFO - 1
[2023-05-09T16:03:36.272+0000] {logging_mixin.py:149} INFO - 2
[2023-05-09T16:03:36.273+0000] {logging_mixin.py:149} INFO - 3
[2023-05-09T16:03:36.274+0000] {logging_mixin.py:149} INFO - 4
[2023-05-09T16:03:36.277+0000] {logging_mixin.py:149} INFO - 5
[2023-05-09T16:03:36.278+0000] {logging_mixin.py:149} INFO - 6
[2023-05-09T16:03:36.280+0000] {logging_mixin.py:149} INFO - 7
[2023-05-09T16:03:36.281+0000] {logging_mixin.py:149} INFO - 8
[2023-05-09T16:03:36.282+0000] {logging_mixin.py:149} INFO - 9
[2023-05-09T16:03:36.283+0000] {logging_mixin.py:149} INFO - 10
[2023-05-09T16:03:36.284+0000] {logging_mixin.py:149} INFO - 11
[2023-05-09T16:03:36.286+0000] {logging_mixin.py:149} INFO - 12
[2023-05-09T16:03:36.287+0000] {logging_mixin.py:149} INFO - 13
[2023-05-09T16:03:36.288+0000] {logging_mixin.py:149} INFO - 14
[2023-05-09T16:03:36.289+0000] {logging_mixin.py:149} INFO - 15
[2023-05-09T16:03:36.290+0000] {logging_mixin.py:149} INFO - 16
[2023-05-09T16:03:36.291+0000] {logging_mixin.py:149} INFO - 17
[2023-05-09T16:03:36.292+0000] {logging_mixin.py:149} INFO - 18
[2023-05-09T16:03:36.293+0000] {logging_mixin.py:149} INFO - 19
[2023-05-09T16:03:36.295+0000] {logging_mixin.py:149} INFO - 20
[2023-05-09T16:03:36.296+0000] {logging_mixin.py:149} INFO - 21
[2023-05-09T16:03:36.297+0000] {logging_mixin.py:149} INFO - 22
[2023-05-09T16:03:36.298+0000] {logging_mixin.py:149} INFO - 23
[2023-05-09T16:03:36.299+0000] {logging_mixin.py:149} INFO - 24
[2023-05-09T16:03:36.299+0000] {logging_mixin.py:149} INFO - 25
[2023-05-09T16:03:36.301+0000] {logging_mixin.py:149} INFO - 26
[2023-05-09T16:03:36.302+0000] {logging_mixin.py:149} INFO - 27
[2023-05-09T16:03:36.303+0000] {logging_mixin.py:149} INFO - 28
[2023-05-09T16:03:36.304+0000] {logging_mixin.py:149} INFO - 29
[2023-05-09T16:03:36.306+0000] {logging_mixin.py:149} INFO - 30
[2023-05-09T16:03:36.307+0000] {logging_mixin.py:149} INFO - 31
[2023-05-09T16:03:36.308+0000] {logging_mixin.py:149} INFO - 32
[2023-05-09T16:03:36.309+0000] {logging_mixin.py:149} INFO - 33
[2023-05-09T16:03:36.311+0000] {logging_mixin.py:149} INFO - 34
[2023-05-09T16:03:36.312+0000] {logging_mixin.py:149} INFO - 35
[2023-05-09T16:03:36.313+0000] {logging_mixin.py:149} INFO - 36
[2023-05-09T16:03:36.314+0000] {logging_mixin.py:149} INFO - 37
[2023-05-09T16:03:36.316+0000] {logging_mixin.py:149} INFO - 38
[2023-05-09T16:03:36.317+0000] {logging_mixin.py:149} INFO - 39
[2023-05-09T16:03:36.318+0000] {logging_mixin.py:149} INFO - 40
[2023-05-09T16:03:36.319+0000] {logging_mixin.py:149} INFO - 41
[2023-05-09T16:03:36.320+0000] {logging_mixin.py:149} INFO - 42
[2023-05-09T16:03:36.322+0000] {logging_mixin.py:149} INFO - 43
[2023-05-09T16:03:36.323+0000] {logging_mixin.py:149} INFO - 44
[2023-05-09T16:03:36.324+0000] {logging_mixin.py:149} INFO - 45
[2023-05-09T16:03:36.325+0000] {logging_mixin.py:149} INFO - 46
[2023-05-09T16:03:36.326+0000] {logging_mixin.py:149} INFO - 47
[2023-05-09T16:03:36.328+0000] {logging_mixin.py:149} INFO - 48
[2023-05-09T16:03:36.330+0000] {logging_mixin.py:149} INFO - 49
[2023-05-09T16:03:36.331+0000] {logging_mixin.py:149} INFO - 50
[2023-05-09T16:03:36.332+0000] {logging_mixin.py:149} INFO - 51
[2023-05-09T16:03:36.333+0000] {logging_mixin.py:149} INFO - 52
[2023-05-09T16:03:36.334+0000] {logging_mixin.py:149} INFO - 53
[2023-05-09T16:03:36.335+0000] {logging_mixin.py:149} INFO - 54
[2023-05-09T16:03:36.336+0000] {logging_mixin.py:149} INFO - 55
[2023-05-09T16:03:36.338+0000] {logging_mixin.py:149} INFO - 56
[2023-05-09T16:03:36.339+0000] {logging_mixin.py:149} INFO - 57
[2023-05-09T16:03:36.340+0000] {logging_mixin.py:149} INFO - 58
[2023-05-09T16:03:36.341+0000] {logging_mixin.py:149} INFO - 59
[2023-05-09T16:03:36.342+0000] {logging_mixin.py:149} INFO - 60
[2023-05-09T16:03:36.343+0000] {logging_mixin.py:149} INFO - 61
[2023-05-09T16:03:36.344+0000] {logging_mixin.py:149} INFO - 62
[2023-05-09T16:03:36.345+0000] {logging_mixin.py:149} INFO - 63
[2023-05-09T16:03:36.346+0000] {logging_mixin.py:149} INFO - 64
[2023-05-09T16:03:36.347+0000] {logging_mixin.py:149} INFO - 65
[2023-05-09T16:03:36.348+0000] {logging_mixin.py:149} INFO - 66
[2023-05-09T16:03:36.349+0000] {logging_mixin.py:149} INFO - 67
[2023-05-09T16:03:36.350+0000] {logging_mixin.py:149} INFO - 68
[2023-05-09T16:03:36.351+0000] {logging_mixin.py:149} INFO - 69
[2023-05-09T16:03:36.352+0000] {logging_mixin.py:149} INFO - 70
[2023-05-09T16:03:36.353+0000] {logging_mixin.py:149} INFO - 71
[2023-05-09T16:03:36.354+0000] {logging_mixin.py:149} INFO - 72
[2023-05-09T16:03:36.355+0000] {logging_mixin.py:149} INFO - 73
[2023-05-09T16:03:36.357+0000] {logging_mixin.py:149} INFO - 74
[2023-05-09T16:03:36.358+0000] {logging_mixin.py:149} INFO - 75
[2023-05-09T16:03:36.360+0000] {logging_mixin.py:149} INFO - 76
[2023-05-09T16:03:36.361+0000] {logging_mixin.py:149} INFO - 77
[2023-05-09T16:03:36.362+0000] {logging_mixin.py:149} INFO - 78
[2023-05-09T16:03:36.363+0000] {logging_mixin.py:149} INFO - 79
[2023-05-09T16:03:36.365+0000] {logging_mixin.py:149} INFO - 80
[2023-05-09T16:03:36.366+0000] {logging_mixin.py:149} INFO - 81
[2023-05-09T16:03:36.367+0000] {logging_mixin.py:149} INFO - 82
[2023-05-09T16:03:36.368+0000] {logging_mixin.py:149} INFO - 83
[2023-05-09T16:03:36.369+0000] {logging_mixin.py:149} INFO - 84
[2023-05-09T16:03:36.370+0000] {logging_mixin.py:149} INFO - 85
[2023-05-09T16:03:36.371+0000] {logging_mixin.py:149} INFO - 86
[2023-05-09T16:03:36.373+0000] {logging_mixin.py:149} INFO - 87
[2023-05-09T16:03:36.374+0000] {logging_mixin.py:149} INFO - 88
[2023-05-09T16:03:36.375+0000] {logging_mixin.py:149} INFO - 89
[2023-05-09T16:03:36.376+0000] {logging_mixin.py:149} INFO - 90
[2023-05-09T16:03:36.378+0000] {logging_mixin.py:149} INFO - 91
[2023-05-09T16:03:36.379+0000] {logging_mixin.py:149} INFO - 92
[2023-05-09T16:03:36.380+0000] {logging_mixin.py:149} INFO - 93
[2023-05-09T16:03:36.382+0000] {logging_mixin.py:149} INFO - 94
[2023-05-09T16:03:36.384+0000] {logging_mixin.py:149} INFO - 95
[2023-05-09T16:03:36.385+0000] {logging_mixin.py:149} INFO - 96
[2023-05-09T16:03:36.386+0000] {logging_mixin.py:149} INFO - 97
[2023-05-09T16:03:36.387+0000] {logging_mixin.py:149} INFO - 98
[2023-05-09T16:03:36.389+0000] {logging_mixin.py:149} INFO - 99
[2023-05-09T16:03:36.402+0000] {python.py:183} INFO - Done. Returned value was: None
[2023-05-09T16:03:36.409+0000] {taskinstance.py:1373} INFO - Marking task as SUCCESS. dag_id=Summer_Warped_ETL, task_id=GetSongsFromPlaylist, execution_date=20230509T160330, start_date=20230509T160335, end_date=20230509T160336
[2023-05-09T16:03:36.446+0000] {local_task_job_runner.py:232} INFO - Task exited with return code 0
[2023-05-09T16:03:36.468+0000] {taskinstance.py:2674} INFO - 2 downstream tasks scheduled from follow-on schedule check
