[2023-05-07T17:48:29.047+0000] {taskinstance.py:1125} INFO - Dependencies all met for dep_context=non-requeueable deps ti=<TaskInstance: Summer_Warped_ETL.GetArtistInfo manual__2023-05-07T00:27:56.636774+00:00 [queued]>
[2023-05-07T17:48:29.053+0000] {taskinstance.py:1125} INFO - Dependencies all met for dep_context=requeueable deps ti=<TaskInstance: Summer_Warped_ETL.GetArtistInfo manual__2023-05-07T00:27:56.636774+00:00 [queued]>
[2023-05-07T17:48:29.054+0000] {taskinstance.py:1331} INFO - Starting attempt 3 of 5
[2023-05-07T17:48:29.062+0000] {taskinstance.py:1350} INFO - Executing <Task(PythonOperator): GetArtistInfo> on 2023-05-07 00:27:56.636774+00:00
[2023-05-07T17:48:29.068+0000] {standard_task_runner.py:57} INFO - Started process 132 to run task
[2023-05-07T17:48:29.074+0000] {standard_task_runner.py:84} INFO - Running: ['***', 'tasks', 'run', 'Summer_Warped_ETL', 'GetArtistInfo', 'manual__2023-05-07T00:27:56.636774+00:00', '--job-id', '881', '--raw', '--subdir', 'DAGS_FOLDER/warped-dag.py', '--cfg-path', '/tmp/tmprlz1j2sa']
[2023-05-07T17:48:29.075+0000] {standard_task_runner.py:85} INFO - Job 881: Subtask GetArtistInfo
[2023-05-07T17:48:29.119+0000] {task_command.py:410} INFO - Running <TaskInstance: Summer_Warped_ETL.GetArtistInfo manual__2023-05-07T00:27:56.636774+00:00 [running]> on host f67ce86ae01d
[2023-05-07T17:48:29.177+0000] {taskinstance.py:1570} INFO - Exporting env vars: AIRFLOW_CTX_DAG_OWNER='Ananta Moharana' AIRFLOW_CTX_DAG_ID='Summer_Warped_ETL' AIRFLOW_CTX_TASK_ID='GetArtistInfo' AIRFLOW_CTX_EXECUTION_DATE='2023-05-07T00:27:56.636774+00:00' AIRFLOW_CTX_TRY_NUMBER='3' AIRFLOW_CTX_DAG_RUN_ID='manual__2023-05-07T00:27:56.636774+00:00'
[2023-05-07T17:48:29.312+0000] {logging_mixin.py:149} INFO - emo rap
[2023-05-07T17:48:29.415+0000] {logging_mixin.py:149} INFO - hyperpop
[2023-05-07T17:48:29.516+0000] {logging_mixin.py:149} INFO - canadian hip hop
[2023-05-07T17:48:29.614+0000] {logging_mixin.py:149} INFO - lo-fi rap
[2023-05-07T17:48:29.722+0000] {logging_mixin.py:149} INFO - aesthetic rap
[2023-05-07T17:48:30.140+0000] {logging_mixin.py:149} INFO - meme rap
[2023-05-07T17:48:30.501+0000] {logging_mixin.py:149} INFO - deep underground hip hop
[2023-05-07T17:48:30.604+0000] {logging_mixin.py:149} INFO - cali rap
[2023-05-07T17:48:30.698+0000] {logging_mixin.py:149} INFO - sad rap
[2023-05-07T17:48:30.821+0000] {logging_mixin.py:149} INFO - cloud rap
[2023-05-07T17:48:30.929+0000] {logging_mixin.py:149} INFO - melodic rap
[2023-05-07T17:48:31.050+0000] {logging_mixin.py:149} INFO - pittsburgh rap
[2023-05-07T17:48:31.158+0000] {logging_mixin.py:149} INFO - glitchcore
[2023-05-07T17:48:31.390+0000] {logging_mixin.py:149} INFO - cloud rap
[2023-05-07T17:48:31.600+0000] {logging_mixin.py:149} INFO - aesthetic rap
[2023-05-07T17:48:31.736+0000] {logging_mixin.py:149} INFO - glitchcore
[2023-05-07T17:48:32.090+0000] {logging_mixin.py:149} INFO - hyperpop
[2023-05-07T17:48:32.431+0000] {logging_mixin.py:149} INFO - sad rap
[2023-05-07T17:48:32.744+0000] {logging_mixin.py:149} INFO - emo rap
[2023-05-07T17:48:32.849+0000] {logging_mixin.py:149} INFO - st louis rap
[2023-05-07T17:48:32.956+0000] {logging_mixin.py:149} INFO - cloud rap
[2023-05-07T17:48:33.061+0000] {logging_mixin.py:149} INFO - cloud rap
[2023-05-07T17:48:33.172+0000] {logging_mixin.py:149} INFO - alt z
[2023-05-07T17:48:33.630+0000] {logging_mixin.py:149} INFO - indie pop rap
[2023-05-07T17:48:33.733+0000] {logging_mixin.py:149} INFO - nyc rap
[2023-05-07T17:48:33.829+0000] {logging_mixin.py:149} INFO - la pop
[2023-05-07T17:48:33.944+0000] {logging_mixin.py:149} INFO - pop edm
[2023-05-07T17:48:34.049+0000] {logging_mixin.py:149} INFO - bedroom soul
[2023-05-07T17:48:34.152+0000] {logging_mixin.py:149} INFO - emo rap
[2023-05-07T17:48:34.371+0000] {logging_mixin.py:149} INFO - vapor trap
[2023-05-07T17:48:34.577+0000] {logging_mixin.py:149} INFO - indie hip hop
[2023-05-07T17:48:34.685+0000] {logging_mixin.py:149} INFO - glitchcore
[2023-05-07T17:48:34.789+0000] {logging_mixin.py:149} INFO - atl hip hop
[2023-05-07T17:48:35.019+0000] {logging_mixin.py:149} INFO - alt z
[2023-05-07T17:48:35.136+0000] {logging_mixin.py:149} INFO - emo rap
[2023-05-07T17:48:35.326+0000] {logging_mixin.py:149} INFO - canadian contemporary r&b
[2023-05-07T17:48:35.530+0000] {logging_mixin.py:149} INFO - hyperpop
[2023-05-07T17:48:35.738+0000] {logging_mixin.py:149} INFO - canadian contemporary r&b
[2023-05-07T17:48:35.963+0000] {logging_mixin.py:149} INFO - asian american hip hop
[2023-05-07T17:48:36.057+0000] {logging_mixin.py:149} INFO - canadian hip hop
[2023-05-07T17:48:36.183+0000] {logging_mixin.py:149} INFO - emo rap
[2023-05-07T17:48:36.273+0000] {logging_mixin.py:149} INFO - emo rap
[2023-05-07T17:48:36.485+0000] {logging_mixin.py:149} INFO - cloud rap
[2023-05-07T17:48:36.687+0000] {logging_mixin.py:149} INFO - cloud rap
[2023-05-07T17:48:36.882+0000] {logging_mixin.py:149} INFO - cloud rap
[2023-05-07T17:48:36.986+0000] {logging_mixin.py:149} INFO - cloud rap
[2023-05-07T17:48:37.089+0000] {logging_mixin.py:149} INFO - glitchcore
[2023-05-07T17:48:37.186+0000] {logging_mixin.py:149} INFO - underground hip hop
[2023-05-07T17:48:37.301+0000] {logging_mixin.py:149} INFO - upstate ny rap
[2023-05-07T17:48:37.511+0000] {logging_mixin.py:149} INFO - indonesian hip hop
[2023-05-07T17:48:37.856+0000] {logging_mixin.py:149} INFO - hyperpop
[2023-05-07T17:48:38.050+0000] {logging_mixin.py:149} INFO - emo rap
[2023-05-07T17:48:38.148+0000] {logging_mixin.py:149} INFO - emoplugg
[2023-05-07T17:48:38.299+0000] {logging_mixin.py:149} INFO - sad rap
[2023-05-07T17:48:38.420+0000] {logging_mixin.py:149} INFO - hyperpop
[2023-05-07T17:48:38.618+0000] {logging_mixin.py:149} INFO - cloud rap
[2023-05-07T17:48:38.724+0000] {logging_mixin.py:149} INFO - future bass
[2023-05-07T17:48:38.851+0000] {logging_mixin.py:149} INFO - indie pop rap
[2023-05-07T17:48:38.980+0000] {python.py:183} INFO - Done. Returned value was: None
[2023-05-07T17:48:38.990+0000] {taskinstance.py:1373} INFO - Marking task as SUCCESS. dag_id=Summer_Warped_ETL, task_id=GetArtistInfo, execution_date=20230507T002756, start_date=20230507T174829, end_date=20230507T174838
[2023-05-07T17:48:39.052+0000] {local_task_job_runner.py:232} INFO - Task exited with return code 0
[2023-05-07T17:48:39.075+0000] {taskinstance.py:2674} INFO - 0 downstream tasks scheduled from follow-on schedule check
