[2023-05-07T21:54:28.540+0000] {taskinstance.py:1125} INFO - Dependencies all met for dep_context=non-requeueable deps ti=<TaskInstance: Summer_Warped_ETL.GetSongsFromPlaylist manual__2023-05-07T21:49:51.443299+00:00 [queued]>
[2023-05-07T21:54:28.545+0000] {taskinstance.py:1125} INFO - Dependencies all met for dep_context=requeueable deps ti=<TaskInstance: Summer_Warped_ETL.GetSongsFromPlaylist manual__2023-05-07T21:49:51.443299+00:00 [queued]>
[2023-05-07T21:54:28.546+0000] {taskinstance.py:1331} INFO - Starting attempt 2 of 4
[2023-05-07T21:54:28.553+0000] {taskinstance.py:1350} INFO - Executing <Task(PythonOperator): GetSongsFromPlaylist> on 2023-05-07 21:49:51.443299+00:00
[2023-05-07T21:54:28.557+0000] {standard_task_runner.py:57} INFO - Started process 309 to run task
[2023-05-07T21:54:28.561+0000] {standard_task_runner.py:84} INFO - Running: ['***', 'tasks', 'run', 'Summer_Warped_ETL', 'GetSongsFromPlaylist', 'manual__2023-05-07T21:49:51.443299+00:00', '--job-id', '994', '--raw', '--subdir', 'DAGS_FOLDER/warped-dag.py', '--cfg-path', '/tmp/tmpbxewl9dp']
[2023-05-07T21:54:28.562+0000] {standard_task_runner.py:85} INFO - Job 994: Subtask GetSongsFromPlaylist
[2023-05-07T21:54:28.602+0000] {task_command.py:410} INFO - Running <TaskInstance: Summer_Warped_ETL.GetSongsFromPlaylist manual__2023-05-07T21:49:51.443299+00:00 [running]> on host 31774baccecb
[2023-05-07T21:54:28.656+0000] {taskinstance.py:1570} INFO - Exporting env vars: AIRFLOW_CTX_DAG_OWNER='Ananta Moharana' AIRFLOW_CTX_DAG_ID='Summer_Warped_ETL' AIRFLOW_CTX_TASK_ID='GetSongsFromPlaylist' AIRFLOW_CTX_EXECUTION_DATE='2023-05-07T21:49:51.443299+00:00' AIRFLOW_CTX_TRY_NUMBER='2' AIRFLOW_CTX_DAG_RUN_ID='manual__2023-05-07T21:49:51.443299+00:00'
[2023-05-07T21:54:29.080+0000] {logging_mixin.py:149} INFO - 100
[2023-05-07T21:54:29.081+0000] {logging_mixin.py:149} INFO - 0
[2023-05-07T21:54:29.085+0000] {logging_mixin.py:149} INFO - 1
[2023-05-07T21:54:29.087+0000] {logging_mixin.py:149} INFO - 2
[2023-05-07T21:54:29.089+0000] {logging_mixin.py:149} INFO - 3
[2023-05-07T21:54:29.091+0000] {logging_mixin.py:149} INFO - 4
[2023-05-07T21:54:29.093+0000] {logging_mixin.py:149} INFO - 5
[2023-05-07T21:54:29.094+0000] {logging_mixin.py:149} INFO - 6
[2023-05-07T21:54:29.096+0000] {logging_mixin.py:149} INFO - 7
[2023-05-07T21:54:29.098+0000] {logging_mixin.py:149} INFO - 8
[2023-05-07T21:54:29.099+0000] {logging_mixin.py:149} INFO - 9
[2023-05-07T21:54:29.100+0000] {logging_mixin.py:149} INFO - 10
[2023-05-07T21:54:29.102+0000] {logging_mixin.py:149} INFO - 11
[2023-05-07T21:54:29.103+0000] {logging_mixin.py:149} INFO - 12
[2023-05-07T21:54:29.104+0000] {logging_mixin.py:149} INFO - 13
[2023-05-07T21:54:29.106+0000] {logging_mixin.py:149} INFO - 14
[2023-05-07T21:54:29.107+0000] {logging_mixin.py:149} INFO - 15
[2023-05-07T21:54:29.108+0000] {logging_mixin.py:149} INFO - 16
[2023-05-07T21:54:29.109+0000] {logging_mixin.py:149} INFO - 17
[2023-05-07T21:54:29.114+0000] {logging_mixin.py:149} INFO - 18
[2023-05-07T21:54:29.115+0000] {logging_mixin.py:149} INFO - 19
[2023-05-07T21:54:29.116+0000] {logging_mixin.py:149} INFO - 20
[2023-05-07T21:54:29.117+0000] {logging_mixin.py:149} INFO - 21
[2023-05-07T21:54:29.118+0000] {logging_mixin.py:149} INFO - 22
[2023-05-07T21:54:29.119+0000] {logging_mixin.py:149} INFO - 23
[2023-05-07T21:54:29.121+0000] {logging_mixin.py:149} INFO - 24
[2023-05-07T21:54:29.122+0000] {logging_mixin.py:149} INFO - 25
[2023-05-07T21:54:29.123+0000] {logging_mixin.py:149} INFO - 26
[2023-05-07T21:54:29.124+0000] {logging_mixin.py:149} INFO - 27
[2023-05-07T21:54:29.127+0000] {logging_mixin.py:149} INFO - 28
[2023-05-07T21:54:29.128+0000] {logging_mixin.py:149} INFO - 29
[2023-05-07T21:54:29.129+0000] {logging_mixin.py:149} INFO - 30
[2023-05-07T21:54:29.131+0000] {logging_mixin.py:149} INFO - 31
[2023-05-07T21:54:29.132+0000] {logging_mixin.py:149} INFO - 32
[2023-05-07T21:54:29.133+0000] {logging_mixin.py:149} INFO - 33
[2023-05-07T21:54:29.134+0000] {logging_mixin.py:149} INFO - 34
[2023-05-07T21:54:29.135+0000] {logging_mixin.py:149} INFO - 35
[2023-05-07T21:54:29.137+0000] {logging_mixin.py:149} INFO - 36
[2023-05-07T21:54:29.140+0000] {logging_mixin.py:149} INFO - 37
[2023-05-07T21:54:29.141+0000] {logging_mixin.py:149} INFO - 38
[2023-05-07T21:54:29.142+0000] {logging_mixin.py:149} INFO - 39
[2023-05-07T21:54:29.144+0000] {logging_mixin.py:149} INFO - 40
[2023-05-07T21:54:29.145+0000] {logging_mixin.py:149} INFO - 41
[2023-05-07T21:54:29.147+0000] {logging_mixin.py:149} INFO - 42
[2023-05-07T21:54:29.148+0000] {logging_mixin.py:149} INFO - 43
[2023-05-07T21:54:29.149+0000] {logging_mixin.py:149} INFO - 44
[2023-05-07T21:54:29.151+0000] {logging_mixin.py:149} INFO - 45
[2023-05-07T21:54:29.153+0000] {logging_mixin.py:149} INFO - 46
[2023-05-07T21:54:29.154+0000] {logging_mixin.py:149} INFO - 47
[2023-05-07T21:54:29.156+0000] {logging_mixin.py:149} INFO - 48
[2023-05-07T21:54:29.157+0000] {logging_mixin.py:149} INFO - 49
[2023-05-07T21:54:29.159+0000] {logging_mixin.py:149} INFO - 50
[2023-05-07T21:54:29.160+0000] {logging_mixin.py:149} INFO - 51
[2023-05-07T21:54:29.161+0000] {logging_mixin.py:149} INFO - 52
[2023-05-07T21:54:29.162+0000] {logging_mixin.py:149} INFO - 53
[2023-05-07T21:54:29.163+0000] {logging_mixin.py:149} INFO - 54
[2023-05-07T21:54:29.164+0000] {logging_mixin.py:149} INFO - 55
[2023-05-07T21:54:29.165+0000] {logging_mixin.py:149} INFO - 56
[2023-05-07T21:54:29.167+0000] {logging_mixin.py:149} INFO - 57
[2023-05-07T21:54:29.168+0000] {logging_mixin.py:149} INFO - 58
[2023-05-07T21:54:29.170+0000] {logging_mixin.py:149} INFO - 59
[2023-05-07T21:54:29.171+0000] {logging_mixin.py:149} INFO - 60
[2023-05-07T21:54:29.172+0000] {logging_mixin.py:149} INFO - 61
[2023-05-07T21:54:29.173+0000] {logging_mixin.py:149} INFO - 62
[2023-05-07T21:54:29.174+0000] {logging_mixin.py:149} INFO - 63
[2023-05-07T21:54:29.175+0000] {logging_mixin.py:149} INFO - 64
[2023-05-07T21:54:29.176+0000] {logging_mixin.py:149} INFO - 65
[2023-05-07T21:54:29.177+0000] {logging_mixin.py:149} INFO - 66
[2023-05-07T21:54:29.179+0000] {logging_mixin.py:149} INFO - 67
[2023-05-07T21:54:29.181+0000] {logging_mixin.py:149} INFO - 68
[2023-05-07T21:54:29.182+0000] {logging_mixin.py:149} INFO - 69
[2023-05-07T21:54:29.183+0000] {logging_mixin.py:149} INFO - 70
[2023-05-07T21:54:29.185+0000] {logging_mixin.py:149} INFO - 71
[2023-05-07T21:54:29.186+0000] {logging_mixin.py:149} INFO - 72
[2023-05-07T21:54:29.188+0000] {logging_mixin.py:149} INFO - 73
[2023-05-07T21:54:29.189+0000] {logging_mixin.py:149} INFO - 74
[2023-05-07T21:54:29.193+0000] {logging_mixin.py:149} INFO - 75
[2023-05-07T21:54:29.194+0000] {logging_mixin.py:149} INFO - 76
[2023-05-07T21:54:29.196+0000] {logging_mixin.py:149} INFO - 77
[2023-05-07T21:54:29.197+0000] {logging_mixin.py:149} INFO - 78
[2023-05-07T21:54:29.198+0000] {logging_mixin.py:149} INFO - 79
[2023-05-07T21:54:29.199+0000] {logging_mixin.py:149} INFO - 80
[2023-05-07T21:54:29.202+0000] {logging_mixin.py:149} INFO - 81
[2023-05-07T21:54:29.204+0000] {logging_mixin.py:149} INFO - 82
[2023-05-07T21:54:29.205+0000] {logging_mixin.py:149} INFO - 83
[2023-05-07T21:54:29.207+0000] {logging_mixin.py:149} INFO - 84
[2023-05-07T21:54:29.209+0000] {logging_mixin.py:149} INFO - 85
[2023-05-07T21:54:29.211+0000] {logging_mixin.py:149} INFO - 86
[2023-05-07T21:54:29.212+0000] {logging_mixin.py:149} INFO - 87
[2023-05-07T21:54:29.214+0000] {logging_mixin.py:149} INFO - 88
[2023-05-07T21:54:29.215+0000] {logging_mixin.py:149} INFO - 89
[2023-05-07T21:54:29.218+0000] {logging_mixin.py:149} INFO - 90
[2023-05-07T21:54:29.219+0000] {logging_mixin.py:149} INFO - 91
[2023-05-07T21:54:29.220+0000] {logging_mixin.py:149} INFO - 92
[2023-05-07T21:54:29.222+0000] {logging_mixin.py:149} INFO - 93
[2023-05-07T21:54:29.224+0000] {logging_mixin.py:149} INFO - 94
[2023-05-07T21:54:29.226+0000] {logging_mixin.py:149} INFO - 95
[2023-05-07T21:54:29.227+0000] {logging_mixin.py:149} INFO - 96
[2023-05-07T21:54:29.229+0000] {logging_mixin.py:149} INFO - 97
[2023-05-07T21:54:29.230+0000] {logging_mixin.py:149} INFO - 98
[2023-05-07T21:54:29.232+0000] {logging_mixin.py:149} INFO - 99
[2023-05-07T21:54:29.249+0000] {python.py:183} INFO - Done. Returned value was: None
[2023-05-07T21:54:29.260+0000] {taskinstance.py:1373} INFO - Marking task as SUCCESS. dag_id=Summer_Warped_ETL, task_id=GetSongsFromPlaylist, execution_date=20230507T214951, start_date=20230507T215428, end_date=20230507T215429
[2023-05-07T21:54:29.298+0000] {local_task_job_runner.py:232} INFO - Task exited with return code 0
[2023-05-07T21:54:29.322+0000] {taskinstance.py:2674} INFO - 2 downstream tasks scheduled from follow-on schedule check
