[2023-05-07T21:49:56.519+0000] {taskinstance.py:1125} INFO - Dependencies all met for dep_context=non-requeueable deps ti=<TaskInstance: Summer_Warped_ETL.GetSongsFromPlaylist manual__2023-05-07T21:49:51.443299+00:00 [queued]>
[2023-05-07T21:49:56.524+0000] {taskinstance.py:1125} INFO - Dependencies all met for dep_context=requeueable deps ti=<TaskInstance: Summer_Warped_ETL.GetSongsFromPlaylist manual__2023-05-07T21:49:51.443299+00:00 [queued]>
[2023-05-07T21:49:56.525+0000] {taskinstance.py:1331} INFO - Starting attempt 1 of 3
[2023-05-07T21:49:56.531+0000] {taskinstance.py:1350} INFO - Executing <Task(PythonOperator): GetSongsFromPlaylist> on 2023-05-07 21:49:51.443299+00:00
[2023-05-07T21:49:56.536+0000] {standard_task_runner.py:57} INFO - Started process 84 to run task
[2023-05-07T21:49:56.540+0000] {standard_task_runner.py:84} INFO - Running: ['***', 'tasks', 'run', 'Summer_Warped_ETL', 'GetSongsFromPlaylist', 'manual__2023-05-07T21:49:51.443299+00:00', '--job-id', '963', '--raw', '--subdir', 'DAGS_FOLDER/warped-dag.py', '--cfg-path', '/tmp/tmpbnafcar5']
[2023-05-07T21:49:56.541+0000] {standard_task_runner.py:85} INFO - Job 963: Subtask GetSongsFromPlaylist
[2023-05-07T21:49:56.576+0000] {task_command.py:410} INFO - Running <TaskInstance: Summer_Warped_ETL.GetSongsFromPlaylist manual__2023-05-07T21:49:51.443299+00:00 [running]> on host 31774baccecb
[2023-05-07T21:49:56.629+0000] {taskinstance.py:1570} INFO - Exporting env vars: AIRFLOW_CTX_DAG_OWNER='Ananta Moharana' AIRFLOW_CTX_DAG_ID='Summer_Warped_ETL' AIRFLOW_CTX_TASK_ID='GetSongsFromPlaylist' AIRFLOW_CTX_EXECUTION_DATE='2023-05-07T21:49:51.443299+00:00' AIRFLOW_CTX_TRY_NUMBER='1' AIRFLOW_CTX_DAG_RUN_ID='manual__2023-05-07T21:49:51.443299+00:00'
[2023-05-07T21:49:57.115+0000] {logging_mixin.py:149} INFO - 100
[2023-05-07T21:49:57.116+0000] {logging_mixin.py:149} INFO - 0
[2023-05-07T21:49:57.121+0000] {logging_mixin.py:149} INFO - 1
[2023-05-07T21:49:57.124+0000] {logging_mixin.py:149} INFO - 2
[2023-05-07T21:49:57.126+0000] {logging_mixin.py:149} INFO - 3
[2023-05-07T21:49:57.128+0000] {logging_mixin.py:149} INFO - 4
[2023-05-07T21:49:57.131+0000] {logging_mixin.py:149} INFO - 5
[2023-05-07T21:49:57.133+0000] {logging_mixin.py:149} INFO - 6
[2023-05-07T21:49:57.135+0000] {logging_mixin.py:149} INFO - 7
[2023-05-07T21:49:57.138+0000] {logging_mixin.py:149} INFO - 8
[2023-05-07T21:49:57.139+0000] {logging_mixin.py:149} INFO - 9
[2023-05-07T21:49:57.141+0000] {logging_mixin.py:149} INFO - 10
[2023-05-07T21:49:57.143+0000] {logging_mixin.py:149} INFO - 11
[2023-05-07T21:49:57.145+0000] {logging_mixin.py:149} INFO - 12
[2023-05-07T21:49:57.146+0000] {logging_mixin.py:149} INFO - 13
[2023-05-07T21:49:57.150+0000] {logging_mixin.py:149} INFO - 14
[2023-05-07T21:49:57.152+0000] {logging_mixin.py:149} INFO - 15
[2023-05-07T21:49:57.153+0000] {logging_mixin.py:149} INFO - 16
[2023-05-07T21:49:57.155+0000] {logging_mixin.py:149} INFO - 17
[2023-05-07T21:49:57.157+0000] {logging_mixin.py:149} INFO - 18
[2023-05-07T21:49:57.158+0000] {logging_mixin.py:149} INFO - 19
[2023-05-07T21:49:57.159+0000] {logging_mixin.py:149} INFO - 20
[2023-05-07T21:49:57.160+0000] {logging_mixin.py:149} INFO - 21
[2023-05-07T21:49:57.161+0000] {logging_mixin.py:149} INFO - 22
[2023-05-07T21:49:57.162+0000] {logging_mixin.py:149} INFO - 23
[2023-05-07T21:49:57.163+0000] {logging_mixin.py:149} INFO - 24
[2023-05-07T21:49:57.164+0000] {logging_mixin.py:149} INFO - 25
[2023-05-07T21:49:57.165+0000] {logging_mixin.py:149} INFO - 26
[2023-05-07T21:49:57.166+0000] {logging_mixin.py:149} INFO - 27
[2023-05-07T21:49:57.169+0000] {logging_mixin.py:149} INFO - 28
[2023-05-07T21:49:57.171+0000] {logging_mixin.py:149} INFO - 29
[2023-05-07T21:49:57.172+0000] {logging_mixin.py:149} INFO - 30
[2023-05-07T21:49:57.173+0000] {logging_mixin.py:149} INFO - 31
[2023-05-07T21:49:57.174+0000] {logging_mixin.py:149} INFO - 32
[2023-05-07T21:49:57.175+0000] {logging_mixin.py:149} INFO - 33
[2023-05-07T21:49:57.176+0000] {logging_mixin.py:149} INFO - 34
[2023-05-07T21:49:57.177+0000] {logging_mixin.py:149} INFO - 35
[2023-05-07T21:49:57.179+0000] {logging_mixin.py:149} INFO - 36
[2023-05-07T21:49:57.181+0000] {logging_mixin.py:149} INFO - 37
[2023-05-07T21:49:57.182+0000] {logging_mixin.py:149} INFO - 38
[2023-05-07T21:49:57.184+0000] {logging_mixin.py:149} INFO - 39
[2023-05-07T21:49:57.185+0000] {logging_mixin.py:149} INFO - 40
[2023-05-07T21:49:57.187+0000] {logging_mixin.py:149} INFO - 41
[2023-05-07T21:49:57.188+0000] {logging_mixin.py:149} INFO - 42
[2023-05-07T21:49:57.189+0000] {logging_mixin.py:149} INFO - 43
[2023-05-07T21:49:57.191+0000] {logging_mixin.py:149} INFO - 44
[2023-05-07T21:49:57.192+0000] {logging_mixin.py:149} INFO - 45
[2023-05-07T21:49:57.193+0000] {logging_mixin.py:149} INFO - 46
[2023-05-07T21:49:57.195+0000] {logging_mixin.py:149} INFO - 47
[2023-05-07T21:49:57.196+0000] {logging_mixin.py:149} INFO - 48
[2023-05-07T21:49:57.197+0000] {logging_mixin.py:149} INFO - 49
[2023-05-07T21:49:57.198+0000] {logging_mixin.py:149} INFO - 50
[2023-05-07T21:49:57.199+0000] {logging_mixin.py:149} INFO - 51
[2023-05-07T21:49:57.200+0000] {logging_mixin.py:149} INFO - 52
[2023-05-07T21:49:57.202+0000] {logging_mixin.py:149} INFO - 53
[2023-05-07T21:49:57.203+0000] {logging_mixin.py:149} INFO - 54
[2023-05-07T21:49:57.204+0000] {logging_mixin.py:149} INFO - 55
[2023-05-07T21:49:57.205+0000] {logging_mixin.py:149} INFO - 56
[2023-05-07T21:49:57.206+0000] {logging_mixin.py:149} INFO - 57
[2023-05-07T21:49:57.207+0000] {logging_mixin.py:149} INFO - 58
[2023-05-07T21:49:57.209+0000] {logging_mixin.py:149} INFO - 59
[2023-05-07T21:49:57.210+0000] {logging_mixin.py:149} INFO - 60
[2023-05-07T21:49:57.211+0000] {logging_mixin.py:149} INFO - 61
[2023-05-07T21:49:57.212+0000] {logging_mixin.py:149} INFO - 62
[2023-05-07T21:49:57.213+0000] {logging_mixin.py:149} INFO - 63
[2023-05-07T21:49:57.214+0000] {logging_mixin.py:149} INFO - 64
[2023-05-07T21:49:57.215+0000] {logging_mixin.py:149} INFO - 65
[2023-05-07T21:49:57.216+0000] {logging_mixin.py:149} INFO - 66
[2023-05-07T21:49:57.218+0000] {logging_mixin.py:149} INFO - 67
[2023-05-07T21:49:57.220+0000] {logging_mixin.py:149} INFO - 68
[2023-05-07T21:49:57.221+0000] {logging_mixin.py:149} INFO - 69
[2023-05-07T21:49:57.222+0000] {logging_mixin.py:149} INFO - 70
[2023-05-07T21:49:57.224+0000] {logging_mixin.py:149} INFO - 71
[2023-05-07T21:49:57.225+0000] {logging_mixin.py:149} INFO - 72
[2023-05-07T21:49:57.227+0000] {logging_mixin.py:149} INFO - 73
[2023-05-07T21:49:57.228+0000] {logging_mixin.py:149} INFO - 74
[2023-05-07T21:49:57.229+0000] {logging_mixin.py:149} INFO - 75
[2023-05-07T21:49:57.230+0000] {logging_mixin.py:149} INFO - 76
[2023-05-07T21:49:57.231+0000] {logging_mixin.py:149} INFO - 77
[2023-05-07T21:49:57.233+0000] {logging_mixin.py:149} INFO - 78
[2023-05-07T21:49:57.234+0000] {logging_mixin.py:149} INFO - 79
[2023-05-07T21:49:57.235+0000] {logging_mixin.py:149} INFO - 80
[2023-05-07T21:49:57.236+0000] {logging_mixin.py:149} INFO - 81
[2023-05-07T21:49:57.238+0000] {logging_mixin.py:149} INFO - 82
[2023-05-07T21:49:57.239+0000] {logging_mixin.py:149} INFO - 83
[2023-05-07T21:49:57.241+0000] {logging_mixin.py:149} INFO - 84
[2023-05-07T21:49:57.243+0000] {logging_mixin.py:149} INFO - 85
[2023-05-07T21:49:57.245+0000] {logging_mixin.py:149} INFO - 86
[2023-05-07T21:49:57.246+0000] {logging_mixin.py:149} INFO - 87
[2023-05-07T21:49:57.247+0000] {logging_mixin.py:149} INFO - 88
[2023-05-07T21:49:57.248+0000] {logging_mixin.py:149} INFO - 89
[2023-05-07T21:49:57.250+0000] {logging_mixin.py:149} INFO - 90
[2023-05-07T21:49:57.251+0000] {logging_mixin.py:149} INFO - 91
[2023-05-07T21:49:57.252+0000] {logging_mixin.py:149} INFO - 92
[2023-05-07T21:49:57.254+0000] {logging_mixin.py:149} INFO - 93
[2023-05-07T21:49:57.256+0000] {logging_mixin.py:149} INFO - 94
[2023-05-07T21:49:57.258+0000] {logging_mixin.py:149} INFO - 95
[2023-05-07T21:49:57.259+0000] {logging_mixin.py:149} INFO - 96
[2023-05-07T21:49:57.260+0000] {logging_mixin.py:149} INFO - 97
[2023-05-07T21:49:57.262+0000] {logging_mixin.py:149} INFO - 98
[2023-05-07T21:49:57.263+0000] {logging_mixin.py:149} INFO - 99
[2023-05-07T21:49:57.277+0000] {python.py:183} INFO - Done. Returned value was: None
[2023-05-07T21:49:57.285+0000] {taskinstance.py:1373} INFO - Marking task as SUCCESS. dag_id=Summer_Warped_ETL, task_id=GetSongsFromPlaylist, execution_date=20230507T214951, start_date=20230507T214956, end_date=20230507T214957
[2023-05-07T21:49:57.323+0000] {local_task_job_runner.py:232} INFO - Task exited with return code 0
[2023-05-07T21:49:57.344+0000] {taskinstance.py:2674} INFO - 2 downstream tasks scheduled from follow-on schedule check
