[2023-05-09T19:10:58.035+0000] {taskinstance.py:1125} INFO - Dependencies all met for dep_context=non-requeueable deps ti=<TaskInstance: Summer_Warped_ETL.LoadData.LoadCalendar manual__2023-05-09T19:10:05.925903+00:00 [queued]>
[2023-05-09T19:10:58.040+0000] {taskinstance.py:1125} INFO - Dependencies all met for dep_context=requeueable deps ti=<TaskInstance: Summer_Warped_ETL.LoadData.LoadCalendar manual__2023-05-09T19:10:05.925903+00:00 [queued]>
[2023-05-09T19:10:58.041+0000] {taskinstance.py:1331} INFO - Starting attempt 1 of 3
[2023-05-09T19:10:58.049+0000] {taskinstance.py:1350} INFO - Executing <Task(PostgresOperator): LoadData.LoadCalendar> on 2023-05-09 19:10:05.925903+00:00
[2023-05-09T19:10:58.054+0000] {standard_task_runner.py:57} INFO - Started process 201 to run task
[2023-05-09T19:10:58.058+0000] {standard_task_runner.py:84} INFO - Running: ['***', 'tasks', 'run', 'Summer_Warped_ETL', 'LoadData.LoadCalendar', 'manual__2023-05-09T19:10:05.925903+00:00', '--job-id', '2979', '--raw', '--subdir', 'DAGS_FOLDER/warped-dag.py', '--cfg-path', '/tmp/tmp315v16sa']
[2023-05-09T19:10:58.058+0000] {standard_task_runner.py:85} INFO - Job 2979: Subtask LoadData.LoadCalendar
[2023-05-09T19:10:58.092+0000] {task_command.py:410} INFO - Running <TaskInstance: Summer_Warped_ETL.LoadData.LoadCalendar manual__2023-05-09T19:10:05.925903+00:00 [running]> on host 4b5a01a6ab5f
[2023-05-09T19:10:58.146+0000] {taskinstance.py:1570} INFO - Exporting env vars: AIRFLOW_CTX_DAG_OWNER='Ananta Moharana' AIRFLOW_CTX_DAG_ID='Summer_Warped_ETL' AIRFLOW_CTX_TASK_ID='LoadData.LoadCalendar' AIRFLOW_CTX_EXECUTION_DATE='2023-05-09T19:10:05.925903+00:00' AIRFLOW_CTX_TRY_NUMBER='1' AIRFLOW_CTX_DAG_RUN_ID='manual__2023-05-09T19:10:05.925903+00:00'
[2023-05-09T19:10:58.148+0000] {sql.py:262} INFO - Executing: 
                INSERT INTO calendar (date, month, monthname,dayofmonth,dayofweek,dayname,quarter)
                VALUES ('2023-05-09', 5, 'May',9,1,'Tuesday',2)
                ON CONFLICT (date) DO NOTHING;
                 
[2023-05-09T19:10:58.155+0000] {base.py:73} INFO - Using connection ID '***' for task execution.
[2023-05-09T19:10:58.196+0000] {base.py:73} INFO - Using connection ID '***' for task execution.
[2023-05-09T19:10:58.205+0000] {sql.py:375} INFO - Running statement: 
                INSERT INTO calendar (date, month, monthname,dayofmonth,dayofweek,dayname,quarter)
                VALUES ('2023-05-09', 5, 'May',9,1,'Tuesday',2)
                ON CONFLICT (date) DO NOTHING;
                 , parameters: None
[2023-05-09T19:10:58.207+0000] {sql.py:384} INFO - Rows affected: 0
[2023-05-09T19:10:58.214+0000] {taskinstance.py:1373} INFO - Marking task as SUCCESS. dag_id=Summer_Warped_ETL, task_id=LoadData.LoadCalendar, execution_date=20230509T191005, start_date=20230509T191058, end_date=20230509T191058
[2023-05-09T19:10:58.271+0000] {local_task_job_runner.py:232} INFO - Task exited with return code 0
[2023-05-09T19:10:58.292+0000] {taskinstance.py:2674} INFO - 1 downstream tasks scheduled from follow-on schedule check
