[2023-05-09T16:36:35.837+0000] {taskinstance.py:1125} INFO - Dependencies all met for dep_context=non-requeueable deps ti=<TaskInstance: Summer_Warped_ETL.LoadData.LoadArtistFact manual__2023-05-09T16:32:30.374715+00:00 [queued]>
[2023-05-09T16:36:35.843+0000] {taskinstance.py:1125} INFO - Dependencies all met for dep_context=requeueable deps ti=<TaskInstance: Summer_Warped_ETL.LoadData.LoadArtistFact manual__2023-05-09T16:32:30.374715+00:00 [queued]>
[2023-05-09T16:36:35.843+0000] {taskinstance.py:1331} INFO - Starting attempt 2 of 4
[2023-05-09T16:36:35.851+0000] {taskinstance.py:1350} INFO - Executing <Task(PythonOperator): LoadData.LoadArtistFact> on 2023-05-09 16:32:30.374715+00:00
[2023-05-09T16:36:35.856+0000] {standard_task_runner.py:57} INFO - Started process 241 to run task
[2023-05-09T16:36:35.860+0000] {standard_task_runner.py:84} INFO - Running: ['***', 'tasks', 'run', 'Summer_Warped_ETL', 'LoadData.LoadArtistFact', 'manual__2023-05-09T16:32:30.374715+00:00', '--job-id', '2832', '--raw', '--subdir', 'DAGS_FOLDER/warped-dag.py', '--cfg-path', '/tmp/tmpfkzehd1c']
[2023-05-09T16:36:35.860+0000] {standard_task_runner.py:85} INFO - Job 2832: Subtask LoadData.LoadArtistFact
[2023-05-09T16:36:35.898+0000] {task_command.py:410} INFO - Running <TaskInstance: Summer_Warped_ETL.LoadData.LoadArtistFact manual__2023-05-09T16:32:30.374715+00:00 [running]> on host 544e3a3b1eb2
[2023-05-09T16:36:35.959+0000] {taskinstance.py:1570} INFO - Exporting env vars: AIRFLOW_CTX_DAG_OWNER='Ananta Moharana' AIRFLOW_CTX_DAG_ID='Summer_Warped_ETL' AIRFLOW_CTX_TASK_ID='LoadData.LoadArtistFact' AIRFLOW_CTX_EXECUTION_DATE='2023-05-09T16:32:30.374715+00:00' AIRFLOW_CTX_TRY_NUMBER='2' AIRFLOW_CTX_DAG_RUN_ID='manual__2023-05-09T16:32:30.374715+00:00'
[2023-05-09T16:36:35.962+0000] {logging_mixin.py:149} INFO - 2023-05/artist_fact.csv
[2023-05-09T16:36:35.969+0000] {base.py:73} INFO - Using connection ID 'aws_connection' for task execution.
[2023-05-09T16:36:35.970+0000] {connection_wrapper.py:337} INFO - AWS Connection (conn_id='aws_connection', conn_type='aws') credentials retrieved from login and password.
[2023-05-09T16:36:36.173+0000] {logging_mixin.py:149} INFO -                 artist_id  followers  popularity        date
0  5aTRa02UP1y6PW5klZiTt0      15174          40  2023-05-09
1  3XOHHfvBYKCMo1h0DFY27z       5496          36  2023-05-09
2  1trffosn0Alk3IlloOD5O8      16995          44  2023-05-09
3  04ei5kNgmDuNAydFhhIHnD     362020          58  2023-05-09
4  4kqFrZkeqDfOIEqTWqbOOV     193943          61  2023-05-09
[2023-05-09T16:36:36.174+0000] {logging_mixin.py:149} INFO - INSERT INTO artist_fact (artist_id,followers,popularity,date) VALUES (%s,%s,%s,%s) ON CONFLICT (artist_id,date) DO UPDATE SET artist_id=EXCLUDED.artist_id,followers=EXCLUDED.followers,popularity=EXCLUDED.popularity,date=EXCLUDED.date
[2023-05-09T16:36:36.181+0000] {base.py:73} INFO - Using connection ID '***' for task execution.
[2023-05-09T16:36:36.187+0000] {sql.py:375} INFO - Running statement: INSERT INTO artist_fact (artist_id,followers,popularity,date) VALUES (%s,%s,%s,%s) ON CONFLICT (artist_id,date) DO UPDATE SET artist_id=EXCLUDED.artist_id,followers=EXCLUDED.followers,popularity=EXCLUDED.popularity,date=EXCLUDED.date, parameters: ('5aTRa02UP1y6PW5klZiTt0', 15174, 40, '2023-05-09')
[2023-05-09T16:36:36.189+0000] {sql.py:384} INFO - Rows affected: 1
[2023-05-09T16:36:36.197+0000] {base.py:73} INFO - Using connection ID '***' for task execution.
[2023-05-09T16:36:36.204+0000] {sql.py:375} INFO - Running statement: INSERT INTO artist_fact (artist_id,followers,popularity,date) VALUES (%s,%s,%s,%s) ON CONFLICT (artist_id,date) DO UPDATE SET artist_id=EXCLUDED.artist_id,followers=EXCLUDED.followers,popularity=EXCLUDED.popularity,date=EXCLUDED.date, parameters: ('3XOHHfvBYKCMo1h0DFY27z', 5496, 36, '2023-05-09')
[2023-05-09T16:36:36.206+0000] {sql.py:384} INFO - Rows affected: 1
[2023-05-09T16:36:36.212+0000] {base.py:73} INFO - Using connection ID '***' for task execution.
[2023-05-09T16:36:36.219+0000] {sql.py:375} INFO - Running statement: INSERT INTO artist_fact (artist_id,followers,popularity,date) VALUES (%s,%s,%s,%s) ON CONFLICT (artist_id,date) DO UPDATE SET artist_id=EXCLUDED.artist_id,followers=EXCLUDED.followers,popularity=EXCLUDED.popularity,date=EXCLUDED.date, parameters: ('1trffosn0Alk3IlloOD5O8', 16995, 44, '2023-05-09')
[2023-05-09T16:36:36.220+0000] {sql.py:384} INFO - Rows affected: 1
[2023-05-09T16:36:36.227+0000] {base.py:73} INFO - Using connection ID '***' for task execution.
[2023-05-09T16:36:41.235+0000] {sql.py:375} INFO - Running statement: INSERT INTO artist_fact (artist_id,followers,popularity,date) VALUES (%s,%s,%s,%s) ON CONFLICT (artist_id,date) DO UPDATE SET artist_id=EXCLUDED.artist_id,followers=EXCLUDED.followers,popularity=EXCLUDED.popularity,date=EXCLUDED.date, parameters: ('04ei5kNgmDuNAydFhhIHnD', 362020, 58, '2023-05-09')
[2023-05-09T16:36:41.237+0000] {sql.py:384} INFO - Rows affected: 1
[2023-05-09T16:36:41.244+0000] {base.py:73} INFO - Using connection ID '***' for task execution.
[2023-05-09T16:36:41.250+0000] {sql.py:375} INFO - Running statement: INSERT INTO artist_fact (artist_id,followers,popularity,date) VALUES (%s,%s,%s,%s) ON CONFLICT (artist_id,date) DO UPDATE SET artist_id=EXCLUDED.artist_id,followers=EXCLUDED.followers,popularity=EXCLUDED.popularity,date=EXCLUDED.date, parameters: ('4kqFrZkeqDfOIEqTWqbOOV', 193943, 61, '2023-05-09')
[2023-05-09T16:36:41.252+0000] {sql.py:384} INFO - Rows affected: 1
[2023-05-09T16:36:41.259+0000] {base.py:73} INFO - Using connection ID '***' for task execution.
[2023-05-09T16:36:41.266+0000] {sql.py:375} INFO - Running statement: INSERT INTO artist_fact (artist_id,followers,popularity,date) VALUES (%s,%s,%s,%s) ON CONFLICT (artist_id,date) DO UPDATE SET artist_id=EXCLUDED.artist_id,followers=EXCLUDED.followers,popularity=EXCLUDED.popularity,date=EXCLUDED.date, parameters: ('0WvTK38rXqPCD5pZMDuX20', 207485, 52, '2023-05-09')
[2023-05-09T16:36:41.267+0000] {sql.py:384} INFO - Rows affected: 1
[2023-05-09T16:36:41.274+0000] {base.py:73} INFO - Using connection ID '***' for task execution.
[2023-05-09T16:36:41.282+0000] {sql.py:375} INFO - Running statement: INSERT INTO artist_fact (artist_id,followers,popularity,date) VALUES (%s,%s,%s,%s) ON CONFLICT (artist_id,date) DO UPDATE SET artist_id=EXCLUDED.artist_id,followers=EXCLUDED.followers,popularity=EXCLUDED.popularity,date=EXCLUDED.date, parameters: ('3hOdow4ZPmrby7Q1wfPLEy', 331980, 61, '2023-05-09')
[2023-05-09T16:36:41.284+0000] {sql.py:384} INFO - Rows affected: 1
[2023-05-09T16:36:41.291+0000] {base.py:73} INFO - Using connection ID '***' for task execution.
[2023-05-09T16:36:41.303+0000] {sql.py:375} INFO - Running statement: INSERT INTO artist_fact (artist_id,followers,popularity,date) VALUES (%s,%s,%s,%s) ON CONFLICT (artist_id,date) DO UPDATE SET artist_id=EXCLUDED.artist_id,followers=EXCLUDED.followers,popularity=EXCLUDED.popularity,date=EXCLUDED.date, parameters: ('7eRBEVzcZk4XyIdF0Btfg4', 2518, 31, '2023-05-09')
[2023-05-09T16:36:41.304+0000] {sql.py:384} INFO - Rows affected: 1
[2023-05-09T16:36:41.311+0000] {base.py:73} INFO - Using connection ID '***' for task execution.
[2023-05-09T16:36:41.319+0000] {sql.py:375} INFO - Running statement: INSERT INTO artist_fact (artist_id,followers,popularity,date) VALUES (%s,%s,%s,%s) ON CONFLICT (artist_id,date) DO UPDATE SET artist_id=EXCLUDED.artist_id,followers=EXCLUDED.followers,popularity=EXCLUDED.popularity,date=EXCLUDED.date, parameters: ('3Ae7AQITxFS0r3yGQHYDJI', 2104, 25, '2023-05-09')
[2023-05-09T16:36:41.321+0000] {sql.py:384} INFO - Rows affected: 1
[2023-05-09T16:36:41.331+0000] {base.py:73} INFO - Using connection ID '***' for task execution.
[2023-05-09T16:36:41.339+0000] {sql.py:375} INFO - Running statement: INSERT INTO artist_fact (artist_id,followers,popularity,date) VALUES (%s,%s,%s,%s) ON CONFLICT (artist_id,date) DO UPDATE SET artist_id=EXCLUDED.artist_id,followers=EXCLUDED.followers,popularity=EXCLUDED.popularity,date=EXCLUDED.date, parameters: ('7C4ztJMkuGRy0qkU6dG5hU', 26338, 39, '2023-05-09')
[2023-05-09T16:36:41.341+0000] {sql.py:384} INFO - Rows affected: 1
[2023-05-09T16:36:41.347+0000] {base.py:73} INFO - Using connection ID '***' for task execution.
[2023-05-09T16:36:41.357+0000] {sql.py:375} INFO - Running statement: INSERT INTO artist_fact (artist_id,followers,popularity,date) VALUES (%s,%s,%s,%s) ON CONFLICT (artist_id,date) DO UPDATE SET artist_id=EXCLUDED.artist_id,followers=EXCLUDED.followers,popularity=EXCLUDED.popularity,date=EXCLUDED.date, parameters: ('0vUk0rbl0BkFjmeFvjOvoj', 719, 18, '2023-05-09')
[2023-05-09T16:36:41.359+0000] {sql.py:384} INFO - Rows affected: 1
[2023-05-09T16:36:41.365+0000] {base.py:73} INFO - Using connection ID '***' for task execution.
[2023-05-09T16:36:41.373+0000] {sql.py:375} INFO - Running statement: INSERT INTO artist_fact (artist_id,followers,popularity,date) VALUES (%s,%s,%s,%s) ON CONFLICT (artist_id,date) DO UPDATE SET artist_id=EXCLUDED.artist_id,followers=EXCLUDED.followers,popularity=EXCLUDED.popularity,date=EXCLUDED.date, parameters: ('2cFrymmkijnjDg9SS92EPM', 4855844, 78, '2023-05-09')
[2023-05-09T16:36:41.375+0000] {sql.py:384} INFO - Rows affected: 1
[2023-05-09T16:36:41.382+0000] {base.py:73} INFO - Using connection ID '***' for task execution.
[2023-05-09T16:36:41.391+0000] {sql.py:375} INFO - Running statement: INSERT INTO artist_fact (artist_id,followers,popularity,date) VALUES (%s,%s,%s,%s) ON CONFLICT (artist_id,date) DO UPDATE SET artist_id=EXCLUDED.artist_id,followers=EXCLUDED.followers,popularity=EXCLUDED.popularity,date=EXCLUDED.date, parameters: ('3Ps6le7tj5BdNtdnfNgTU4', 290897, 52, '2023-05-09')
[2023-05-09T16:36:41.393+0000] {sql.py:384} INFO - Rows affected: 1
[2023-05-09T16:36:41.400+0000] {base.py:73} INFO - Using connection ID '***' for task execution.
[2023-05-09T16:36:41.409+0000] {sql.py:375} INFO - Running statement: INSERT INTO artist_fact (artist_id,followers,popularity,date) VALUES (%s,%s,%s,%s) ON CONFLICT (artist_id,date) DO UPDATE SET artist_id=EXCLUDED.artist_id,followers=EXCLUDED.followers,popularity=EXCLUDED.popularity,date=EXCLUDED.date, parameters: ('2QuPPChZpqAai29uqulNFe', 3660, 33, '2023-05-09')
[2023-05-09T16:36:41.410+0000] {sql.py:384} INFO - Rows affected: 1
[2023-05-09T16:36:41.417+0000] {base.py:73} INFO - Using connection ID '***' for task execution.
[2023-05-09T16:36:41.425+0000] {sql.py:375} INFO - Running statement: INSERT INTO artist_fact (artist_id,followers,popularity,date) VALUES (%s,%s,%s,%s) ON CONFLICT (artist_id,date) DO UPDATE SET artist_id=EXCLUDED.artist_id,followers=EXCLUDED.followers,popularity=EXCLUDED.popularity,date=EXCLUDED.date, parameters: ('5ZPYeVqoWNuukwfarvkyJX', 22564, 37, '2023-05-09')
[2023-05-09T16:36:41.427+0000] {sql.py:384} INFO - Rows affected: 1
[2023-05-09T16:36:41.433+0000] {base.py:73} INFO - Using connection ID '***' for task execution.
[2023-05-09T16:36:41.442+0000] {sql.py:375} INFO - Running statement: INSERT INTO artist_fact (artist_id,followers,popularity,date) VALUES (%s,%s,%s,%s) ON CONFLICT (artist_id,date) DO UPDATE SET artist_id=EXCLUDED.artist_id,followers=EXCLUDED.followers,popularity=EXCLUDED.popularity,date=EXCLUDED.date, parameters: ('0BxHc5dN9BSfLZ8PCch9wT', 3910, 23, '2023-05-09')
[2023-05-09T16:36:41.443+0000] {sql.py:384} INFO - Rows affected: 1
[2023-05-09T16:36:41.450+0000] {base.py:73} INFO - Using connection ID '***' for task execution.
[2023-05-09T16:36:41.458+0000] {sql.py:375} INFO - Running statement: INSERT INTO artist_fact (artist_id,followers,popularity,date) VALUES (%s,%s,%s,%s) ON CONFLICT (artist_id,date) DO UPDATE SET artist_id=EXCLUDED.artist_id,followers=EXCLUDED.followers,popularity=EXCLUDED.popularity,date=EXCLUDED.date, parameters: ('1iT8Vbd7KhZiBji3G72zDW', 3627, 24, '2023-05-09')
[2023-05-09T16:36:41.460+0000] {sql.py:384} INFO - Rows affected: 1
[2023-05-09T16:36:41.467+0000] {base.py:73} INFO - Using connection ID '***' for task execution.
[2023-05-09T16:36:41.476+0000] {sql.py:375} INFO - Running statement: INSERT INTO artist_fact (artist_id,followers,popularity,date) VALUES (%s,%s,%s,%s) ON CONFLICT (artist_id,date) DO UPDATE SET artist_id=EXCLUDED.artist_id,followers=EXCLUDED.followers,popularity=EXCLUDED.popularity,date=EXCLUDED.date, parameters: ('4cJKDGSv4Dz9QycXYmo565', 231250, 63, '2023-05-09')
[2023-05-09T16:36:41.478+0000] {sql.py:384} INFO - Rows affected: 1
[2023-05-09T16:36:41.485+0000] {base.py:73} INFO - Using connection ID '***' for task execution.
[2023-05-09T16:36:41.492+0000] {sql.py:375} INFO - Running statement: INSERT INTO artist_fact (artist_id,followers,popularity,date) VALUES (%s,%s,%s,%s) ON CONFLICT (artist_id,date) DO UPDATE SET artist_id=EXCLUDED.artist_id,followers=EXCLUDED.followers,popularity=EXCLUDED.popularity,date=EXCLUDED.date, parameters: ('0UENogXhLeGTZjub4eejjX', 4963, 39, '2023-05-09')
[2023-05-09T16:36:41.494+0000] {sql.py:384} INFO - Rows affected: 1
[2023-05-09T16:36:41.501+0000] {base.py:73} INFO - Using connection ID '***' for task execution.
[2023-05-09T16:36:41.509+0000] {sql.py:375} INFO - Running statement: INSERT INTO artist_fact (artist_id,followers,popularity,date) VALUES (%s,%s,%s,%s) ON CONFLICT (artist_id,date) DO UPDATE SET artist_id=EXCLUDED.artist_id,followers=EXCLUDED.followers,popularity=EXCLUDED.popularity,date=EXCLUDED.date, parameters: ('7b2FbxYmnpGMPqDe04QmyP', 33221, 46, '2023-05-09')
[2023-05-09T16:36:41.510+0000] {sql.py:384} INFO - Rows affected: 1
[2023-05-09T16:36:41.517+0000] {base.py:73} INFO - Using connection ID '***' for task execution.
[2023-05-09T16:36:41.524+0000] {sql.py:375} INFO - Running statement: INSERT INTO artist_fact (artist_id,followers,popularity,date) VALUES (%s,%s,%s,%s) ON CONFLICT (artist_id,date) DO UPDATE SET artist_id=EXCLUDED.artist_id,followers=EXCLUDED.followers,popularity=EXCLUDED.popularity,date=EXCLUDED.date, parameters: ('2anlj4dNUn9I1VxxmjRHRx', 12615, 44, '2023-05-09')
[2023-05-09T16:36:41.526+0000] {sql.py:384} INFO - Rows affected: 1
[2023-05-09T16:36:41.533+0000] {base.py:73} INFO - Using connection ID '***' for task execution.
[2023-05-09T16:36:41.540+0000] {sql.py:375} INFO - Running statement: INSERT INTO artist_fact (artist_id,followers,popularity,date) VALUES (%s,%s,%s,%s) ON CONFLICT (artist_id,date) DO UPDATE SET artist_id=EXCLUDED.artist_id,followers=EXCLUDED.followers,popularity=EXCLUDED.popularity,date=EXCLUDED.date, parameters: ('4FI4qPOnjt3D8DnJQrNWps', 8, 0, '2023-05-09')
[2023-05-09T16:36:41.542+0000] {sql.py:384} INFO - Rows affected: 1
[2023-05-09T16:36:41.548+0000] {base.py:73} INFO - Using connection ID '***' for task execution.
[2023-05-09T16:36:41.556+0000] {sql.py:375} INFO - Running statement: INSERT INTO artist_fact (artist_id,followers,popularity,date) VALUES (%s,%s,%s,%s) ON CONFLICT (artist_id,date) DO UPDATE SET artist_id=EXCLUDED.artist_id,followers=EXCLUDED.followers,popularity=EXCLUDED.popularity,date=EXCLUDED.date, parameters: ('5uLkZ7FWMTBUg1corQqdkR', 502311, 60, '2023-05-09')
[2023-05-09T16:36:41.557+0000] {sql.py:384} INFO - Rows affected: 1
[2023-05-09T16:36:41.563+0000] {base.py:73} INFO - Using connection ID '***' for task execution.
[2023-05-09T16:36:41.571+0000] {sql.py:375} INFO - Running statement: INSERT INTO artist_fact (artist_id,followers,popularity,date) VALUES (%s,%s,%s,%s) ON CONFLICT (artist_id,date) DO UPDATE SET artist_id=EXCLUDED.artist_id,followers=EXCLUDED.followers,popularity=EXCLUDED.popularity,date=EXCLUDED.date, parameters: ('0ILo2K3FmfIh4ICcbHE7RK', 30166, 52, '2023-05-09')
[2023-05-09T16:36:41.572+0000] {sql.py:384} INFO - Rows affected: 1
[2023-05-09T16:36:41.579+0000] {base.py:73} INFO - Using connection ID '***' for task execution.
[2023-05-09T16:36:41.586+0000] {sql.py:375} INFO - Running statement: INSERT INTO artist_fact (artist_id,followers,popularity,date) VALUES (%s,%s,%s,%s) ON CONFLICT (artist_id,date) DO UPDATE SET artist_id=EXCLUDED.artist_id,followers=EXCLUDED.followers,popularity=EXCLUDED.popularity,date=EXCLUDED.date, parameters: ('0r7PsZB4ePA6vHrW4agoGN', 30038, 28, '2023-05-09')
[2023-05-09T16:36:41.588+0000] {sql.py:384} INFO - Rows affected: 1
[2023-05-09T16:36:41.595+0000] {base.py:73} INFO - Using connection ID '***' for task execution.
[2023-05-09T16:36:41.601+0000] {sql.py:375} INFO - Running statement: INSERT INTO artist_fact (artist_id,followers,popularity,date) VALUES (%s,%s,%s,%s) ON CONFLICT (artist_id,date) DO UPDATE SET artist_id=EXCLUDED.artist_id,followers=EXCLUDED.followers,popularity=EXCLUDED.popularity,date=EXCLUDED.date, parameters: ('1PpFka2STGQ57kJcgYBgEF', 18135, 41, '2023-05-09')
[2023-05-09T16:36:41.603+0000] {sql.py:384} INFO - Rows affected: 1
[2023-05-09T16:36:41.610+0000] {base.py:73} INFO - Using connection ID '***' for task execution.
[2023-05-09T16:36:41.617+0000] {sql.py:375} INFO - Running statement: INSERT INTO artist_fact (artist_id,followers,popularity,date) VALUES (%s,%s,%s,%s) ON CONFLICT (artist_id,date) DO UPDATE SET artist_id=EXCLUDED.artist_id,followers=EXCLUDED.followers,popularity=EXCLUDED.popularity,date=EXCLUDED.date, parameters: ('6YxrfNCKBcQlbITpmDLErL', 104179, 54, '2023-05-09')
[2023-05-09T16:36:41.619+0000] {sql.py:384} INFO - Rows affected: 1
[2023-05-09T16:36:41.625+0000] {base.py:73} INFO - Using connection ID '***' for task execution.
[2023-05-09T16:36:41.632+0000] {sql.py:375} INFO - Running statement: INSERT INTO artist_fact (artist_id,followers,popularity,date) VALUES (%s,%s,%s,%s) ON CONFLICT (artist_id,date) DO UPDATE SET artist_id=EXCLUDED.artist_id,followers=EXCLUDED.followers,popularity=EXCLUDED.popularity,date=EXCLUDED.date, parameters: ('2R2Yg2qPloNOTOfqxfXX7l', 20622, 44, '2023-05-09')
[2023-05-09T16:36:41.633+0000] {sql.py:384} INFO - Rows affected: 1
[2023-05-09T16:36:41.640+0000] {base.py:73} INFO - Using connection ID '***' for task execution.
[2023-05-09T16:36:41.648+0000] {sql.py:375} INFO - Running statement: INSERT INTO artist_fact (artist_id,followers,popularity,date) VALUES (%s,%s,%s,%s) ON CONFLICT (artist_id,date) DO UPDATE SET artist_id=EXCLUDED.artist_id,followers=EXCLUDED.followers,popularity=EXCLUDED.popularity,date=EXCLUDED.date, parameters: ('4yOY5zmuuTlS1DbG3yZGki', 20, 38, '2023-05-09')
[2023-05-09T16:36:41.649+0000] {sql.py:384} INFO - Rows affected: 1
[2023-05-09T16:36:41.656+0000] {base.py:73} INFO - Using connection ID '***' for task execution.
[2023-05-09T16:36:41.662+0000] {sql.py:375} INFO - Running statement: INSERT INTO artist_fact (artist_id,followers,popularity,date) VALUES (%s,%s,%s,%s) ON CONFLICT (artist_id,date) DO UPDATE SET artist_id=EXCLUDED.artist_id,followers=EXCLUDED.followers,popularity=EXCLUDED.popularity,date=EXCLUDED.date, parameters: ('7iVscW49OWowl9SoLmWzfy', 11647, 44, '2023-05-09')
[2023-05-09T16:36:41.664+0000] {sql.py:384} INFO - Rows affected: 1
[2023-05-09T16:36:41.671+0000] {base.py:73} INFO - Using connection ID '***' for task execution.
[2023-05-09T16:36:41.678+0000] {sql.py:375} INFO - Running statement: INSERT INTO artist_fact (artist_id,followers,popularity,date) VALUES (%s,%s,%s,%s) ON CONFLICT (artist_id,date) DO UPDATE SET artist_id=EXCLUDED.artist_id,followers=EXCLUDED.followers,popularity=EXCLUDED.popularity,date=EXCLUDED.date, parameters: ('6c0lj01vVpHsCH7Z5CfJ9K', 80750, 48, '2023-05-09')
[2023-05-09T16:36:41.679+0000] {sql.py:384} INFO - Rows affected: 1
[2023-05-09T16:36:41.686+0000] {base.py:73} INFO - Using connection ID '***' for task execution.
[2023-05-09T16:36:41.693+0000] {sql.py:375} INFO - Running statement: INSERT INTO artist_fact (artist_id,followers,popularity,date) VALUES (%s,%s,%s,%s) ON CONFLICT (artist_id,date) DO UPDATE SET artist_id=EXCLUDED.artist_id,followers=EXCLUDED.followers,popularity=EXCLUDED.popularity,date=EXCLUDED.date, parameters: ('4tjqHer0BFQbJ1FVyWhffM', 33195, 49, '2023-05-09')
[2023-05-09T16:36:41.695+0000] {sql.py:384} INFO - Rows affected: 1
[2023-05-09T16:36:41.701+0000] {base.py:73} INFO - Using connection ID '***' for task execution.
[2023-05-09T16:36:41.708+0000] {sql.py:375} INFO - Running statement: INSERT INTO artist_fact (artist_id,followers,popularity,date) VALUES (%s,%s,%s,%s) ON CONFLICT (artist_id,date) DO UPDATE SET artist_id=EXCLUDED.artist_id,followers=EXCLUDED.followers,popularity=EXCLUDED.popularity,date=EXCLUDED.date, parameters: ('63CZNEytugjFnZBdjBmWc8', 27353, 49, '2023-05-09')
[2023-05-09T16:36:41.710+0000] {sql.py:384} INFO - Rows affected: 1
[2023-05-09T16:36:41.717+0000] {base.py:73} INFO - Using connection ID '***' for task execution.
[2023-05-09T16:36:41.725+0000] {sql.py:375} INFO - Running statement: INSERT INTO artist_fact (artist_id,followers,popularity,date) VALUES (%s,%s,%s,%s) ON CONFLICT (artist_id,date) DO UPDATE SET artist_id=EXCLUDED.artist_id,followers=EXCLUDED.followers,popularity=EXCLUDED.popularity,date=EXCLUDED.date, parameters: ('0be7y7HUvSBf8uG1X7pK8f', 16927, 43, '2023-05-09')
[2023-05-09T16:36:41.726+0000] {sql.py:384} INFO - Rows affected: 1
[2023-05-09T16:36:41.732+0000] {base.py:73} INFO - Using connection ID '***' for task execution.
[2023-05-09T16:36:41.740+0000] {sql.py:375} INFO - Running statement: INSERT INTO artist_fact (artist_id,followers,popularity,date) VALUES (%s,%s,%s,%s) ON CONFLICT (artist_id,date) DO UPDATE SET artist_id=EXCLUDED.artist_id,followers=EXCLUDED.followers,popularity=EXCLUDED.popularity,date=EXCLUDED.date, parameters: ('2trvlbfMS5zVozEmrFNDTJ', 17905, 39, '2023-05-09')
[2023-05-09T16:36:41.742+0000] {sql.py:384} INFO - Rows affected: 1
[2023-05-09T16:36:41.750+0000] {base.py:73} INFO - Using connection ID '***' for task execution.
[2023-05-09T16:36:41.757+0000] {sql.py:375} INFO - Running statement: INSERT INTO artist_fact (artist_id,followers,popularity,date) VALUES (%s,%s,%s,%s) ON CONFLICT (artist_id,date) DO UPDATE SET artist_id=EXCLUDED.artist_id,followers=EXCLUDED.followers,popularity=EXCLUDED.popularity,date=EXCLUDED.date, parameters: ('63dmB3SM4vOZ8rK1EX5IkU', 17763, 41, '2023-05-09')
[2023-05-09T16:36:41.758+0000] {sql.py:384} INFO - Rows affected: 1
[2023-05-09T16:36:41.764+0000] {base.py:73} INFO - Using connection ID '***' for task execution.
[2023-05-09T16:36:41.771+0000] {sql.py:375} INFO - Running statement: INSERT INTO artist_fact (artist_id,followers,popularity,date) VALUES (%s,%s,%s,%s) ON CONFLICT (artist_id,date) DO UPDATE SET artist_id=EXCLUDED.artist_id,followers=EXCLUDED.followers,popularity=EXCLUDED.popularity,date=EXCLUDED.date, parameters: ('6fWVd57NKTalqvmjRd2t8Z', 2019722, 72, '2023-05-09')
[2023-05-09T16:36:41.773+0000] {sql.py:384} INFO - Rows affected: 1
[2023-05-09T16:36:41.779+0000] {base.py:73} INFO - Using connection ID '***' for task execution.
[2023-05-09T16:36:41.786+0000] {sql.py:375} INFO - Running statement: INSERT INTO artist_fact (artist_id,followers,popularity,date) VALUES (%s,%s,%s,%s) ON CONFLICT (artist_id,date) DO UPDATE SET artist_id=EXCLUDED.artist_id,followers=EXCLUDED.followers,popularity=EXCLUDED.popularity,date=EXCLUDED.date, parameters: ('3ddT1Q3KQAm1G7UcIfz5KJ', 198468, 53, '2023-05-09')
[2023-05-09T16:36:41.788+0000] {sql.py:384} INFO - Rows affected: 1
[2023-05-09T16:36:41.794+0000] {base.py:73} INFO - Using connection ID '***' for task execution.
[2023-05-09T16:36:41.802+0000] {sql.py:375} INFO - Running statement: INSERT INTO artist_fact (artist_id,followers,popularity,date) VALUES (%s,%s,%s,%s) ON CONFLICT (artist_id,date) DO UPDATE SET artist_id=EXCLUDED.artist_id,followers=EXCLUDED.followers,popularity=EXCLUDED.popularity,date=EXCLUDED.date, parameters: ('47SwNXPh17mIDcZwsCr6hX', 112, 0, '2023-05-09')
[2023-05-09T16:36:41.804+0000] {sql.py:384} INFO - Rows affected: 1
[2023-05-09T16:36:41.811+0000] {base.py:73} INFO - Using connection ID '***' for task execution.
[2023-05-09T16:36:41.818+0000] {sql.py:375} INFO - Running statement: INSERT INTO artist_fact (artist_id,followers,popularity,date) VALUES (%s,%s,%s,%s) ON CONFLICT (artist_id,date) DO UPDATE SET artist_id=EXCLUDED.artist_id,followers=EXCLUDED.followers,popularity=EXCLUDED.popularity,date=EXCLUDED.date, parameters: ('7MS7B4QRp1n6c5H8N7s3wB', 7726, 46, '2023-05-09')
[2023-05-09T16:36:41.819+0000] {sql.py:384} INFO - Rows affected: 1
[2023-05-09T16:36:41.826+0000] {base.py:73} INFO - Using connection ID '***' for task execution.
[2023-05-09T16:36:41.833+0000] {sql.py:375} INFO - Running statement: INSERT INTO artist_fact (artist_id,followers,popularity,date) VALUES (%s,%s,%s,%s) ON CONFLICT (artist_id,date) DO UPDATE SET artist_id=EXCLUDED.artist_id,followers=EXCLUDED.followers,popularity=EXCLUDED.popularity,date=EXCLUDED.date, parameters: ('6wUAn24MOirNVNqQM47fda', 35047, 54, '2023-05-09')
[2023-05-09T16:36:41.835+0000] {sql.py:384} INFO - Rows affected: 1
[2023-05-09T16:36:41.843+0000] {base.py:73} INFO - Using connection ID '***' for task execution.
[2023-05-09T16:36:41.850+0000] {sql.py:375} INFO - Running statement: INSERT INTO artist_fact (artist_id,followers,popularity,date) VALUES (%s,%s,%s,%s) ON CONFLICT (artist_id,date) DO UPDATE SET artist_id=EXCLUDED.artist_id,followers=EXCLUDED.followers,popularity=EXCLUDED.popularity,date=EXCLUDED.date, parameters: ('4KoNbDwbCK9D04dSmYG93E', 26956, 39, '2023-05-09')
[2023-05-09T16:36:41.851+0000] {sql.py:384} INFO - Rows affected: 1
[2023-05-09T16:36:41.857+0000] {base.py:73} INFO - Using connection ID '***' for task execution.
[2023-05-09T16:36:41.864+0000] {sql.py:375} INFO - Running statement: INSERT INTO artist_fact (artist_id,followers,popularity,date) VALUES (%s,%s,%s,%s) ON CONFLICT (artist_id,date) DO UPDATE SET artist_id=EXCLUDED.artist_id,followers=EXCLUDED.followers,popularity=EXCLUDED.popularity,date=EXCLUDED.date, parameters: ('2848adRcxvgWNRcz1g1tQD', 149615, 54, '2023-05-09')
[2023-05-09T16:36:41.866+0000] {sql.py:384} INFO - Rows affected: 1
[2023-05-09T16:36:41.873+0000] {base.py:73} INFO - Using connection ID '***' for task execution.
[2023-05-09T16:36:41.880+0000] {sql.py:375} INFO - Running statement: INSERT INTO artist_fact (artist_id,followers,popularity,date) VALUES (%s,%s,%s,%s) ON CONFLICT (artist_id,date) DO UPDATE SET artist_id=EXCLUDED.artist_id,followers=EXCLUDED.followers,popularity=EXCLUDED.popularity,date=EXCLUDED.date, parameters: ('0QkgnHpxSCOYdTnhUR9S5k', 68856, 50, '2023-05-09')
[2023-05-09T16:36:41.881+0000] {sql.py:384} INFO - Rows affected: 1
[2023-05-09T16:36:41.888+0000] {base.py:73} INFO - Using connection ID '***' for task execution.
[2023-05-09T16:36:41.895+0000] {sql.py:375} INFO - Running statement: INSERT INTO artist_fact (artist_id,followers,popularity,date) VALUES (%s,%s,%s,%s) ON CONFLICT (artist_id,date) DO UPDATE SET artist_id=EXCLUDED.artist_id,followers=EXCLUDED.followers,popularity=EXCLUDED.popularity,date=EXCLUDED.date, parameters: ('3AUIYVmhwrsw8UOPHEv91Z', 65309, 51, '2023-05-09')
[2023-05-09T16:36:41.896+0000] {sql.py:384} INFO - Rows affected: 1
[2023-05-09T16:36:41.903+0000] {base.py:73} INFO - Using connection ID '***' for task execution.
[2023-05-09T16:36:41.909+0000] {sql.py:375} INFO - Running statement: INSERT INTO artist_fact (artist_id,followers,popularity,date) VALUES (%s,%s,%s,%s) ON CONFLICT (artist_id,date) DO UPDATE SET artist_id=EXCLUDED.artist_id,followers=EXCLUDED.followers,popularity=EXCLUDED.popularity,date=EXCLUDED.date, parameters: ('71EAlWYAa5jb4phZIOlp7u', 5854, 28, '2023-05-09')
[2023-05-09T16:36:41.911+0000] {sql.py:384} INFO - Rows affected: 1
[2023-05-09T16:36:41.918+0000] {base.py:73} INFO - Using connection ID '***' for task execution.
[2023-05-09T16:36:41.925+0000] {sql.py:375} INFO - Running statement: INSERT INTO artist_fact (artist_id,followers,popularity,date) VALUES (%s,%s,%s,%s) ON CONFLICT (artist_id,date) DO UPDATE SET artist_id=EXCLUDED.artist_id,followers=EXCLUDED.followers,popularity=EXCLUDED.popularity,date=EXCLUDED.date, parameters: ('2GUw9Wzha61PkZoRVv1PDD', 59512, 52, '2023-05-09')
[2023-05-09T16:36:41.926+0000] {sql.py:384} INFO - Rows affected: 1
[2023-05-09T16:36:41.934+0000] {base.py:73} INFO - Using connection ID '***' for task execution.
[2023-05-09T16:36:41.941+0000] {sql.py:375} INFO - Running statement: INSERT INTO artist_fact (artist_id,followers,popularity,date) VALUES (%s,%s,%s,%s) ON CONFLICT (artist_id,date) DO UPDATE SET artist_id=EXCLUDED.artist_id,followers=EXCLUDED.followers,popularity=EXCLUDED.popularity,date=EXCLUDED.date, parameters: ('3wDeS1sr05fxaOeiJJrOnL', 31336, 51, '2023-05-09')
[2023-05-09T16:36:41.943+0000] {sql.py:384} INFO - Rows affected: 1
[2023-05-09T16:36:41.950+0000] {base.py:73} INFO - Using connection ID '***' for task execution.
[2023-05-09T16:36:41.959+0000] {sql.py:375} INFO - Running statement: INSERT INTO artist_fact (artist_id,followers,popularity,date) VALUES (%s,%s,%s,%s) ON CONFLICT (artist_id,date) DO UPDATE SET artist_id=EXCLUDED.artist_id,followers=EXCLUDED.followers,popularity=EXCLUDED.popularity,date=EXCLUDED.date, parameters: ('1OP39gZ2SXVnwg4NrARmsu', 4529, 31, '2023-05-09')
[2023-05-09T16:36:41.963+0000] {sql.py:384} INFO - Rows affected: 1
[2023-05-09T16:36:41.970+0000] {base.py:73} INFO - Using connection ID '***' for task execution.
[2023-05-09T16:36:41.978+0000] {sql.py:375} INFO - Running statement: INSERT INTO artist_fact (artist_id,followers,popularity,date) VALUES (%s,%s,%s,%s) ON CONFLICT (artist_id,date) DO UPDATE SET artist_id=EXCLUDED.artist_id,followers=EXCLUDED.followers,popularity=EXCLUDED.popularity,date=EXCLUDED.date, parameters: ('1vwwjIPFeYoRfAUCqqO6cZ', 43893, 52, '2023-05-09')
[2023-05-09T16:36:41.980+0000] {sql.py:384} INFO - Rows affected: 1
[2023-05-09T16:36:41.986+0000] {base.py:73} INFO - Using connection ID '***' for task execution.
[2023-05-09T16:36:41.996+0000] {sql.py:375} INFO - Running statement: INSERT INTO artist_fact (artist_id,followers,popularity,date) VALUES (%s,%s,%s,%s) ON CONFLICT (artist_id,date) DO UPDATE SET artist_id=EXCLUDED.artist_id,followers=EXCLUDED.followers,popularity=EXCLUDED.popularity,date=EXCLUDED.date, parameters: ('2Ci3Sflo2BfC77wTwn2hbH', 38953, 40, '2023-05-09')
[2023-05-09T16:36:41.998+0000] {sql.py:384} INFO - Rows affected: 1
[2023-05-09T16:36:42.004+0000] {base.py:73} INFO - Using connection ID '***' for task execution.
[2023-05-09T16:36:42.012+0000] {sql.py:375} INFO - Running statement: INSERT INTO artist_fact (artist_id,followers,popularity,date) VALUES (%s,%s,%s,%s) ON CONFLICT (artist_id,date) DO UPDATE SET artist_id=EXCLUDED.artist_id,followers=EXCLUDED.followers,popularity=EXCLUDED.popularity,date=EXCLUDED.date, parameters: ('670UISOh9XV1zlq5z5IfoY', 20692, 49, '2023-05-09')
[2023-05-09T16:36:42.014+0000] {sql.py:384} INFO - Rows affected: 1
[2023-05-09T16:36:42.021+0000] {base.py:73} INFO - Using connection ID '***' for task execution.
[2023-05-09T16:36:42.028+0000] {sql.py:375} INFO - Running statement: INSERT INTO artist_fact (artist_id,followers,popularity,date) VALUES (%s,%s,%s,%s) ON CONFLICT (artist_id,date) DO UPDATE SET artist_id=EXCLUDED.artist_id,followers=EXCLUDED.followers,popularity=EXCLUDED.popularity,date=EXCLUDED.date, parameters: ('3QZxOYl5zlZtfigtXOZsfT', 26532, 36, '2023-05-09')
[2023-05-09T16:36:42.029+0000] {sql.py:384} INFO - Rows affected: 1
[2023-05-09T16:36:42.036+0000] {base.py:73} INFO - Using connection ID '***' for task execution.
[2023-05-09T16:36:42.044+0000] {sql.py:375} INFO - Running statement: INSERT INTO artist_fact (artist_id,followers,popularity,date) VALUES (%s,%s,%s,%s) ON CONFLICT (artist_id,date) DO UPDATE SET artist_id=EXCLUDED.artist_id,followers=EXCLUDED.followers,popularity=EXCLUDED.popularity,date=EXCLUDED.date, parameters: ('2AfU5LYBVCiCtuCCfM7uVX', 597525, 61, '2023-05-09')
[2023-05-09T16:36:42.046+0000] {sql.py:384} INFO - Rows affected: 1
[2023-05-09T16:36:42.053+0000] {base.py:73} INFO - Using connection ID '***' for task execution.
[2023-05-09T16:36:42.062+0000] {sql.py:375} INFO - Running statement: INSERT INTO artist_fact (artist_id,followers,popularity,date) VALUES (%s,%s,%s,%s) ON CONFLICT (artist_id,date) DO UPDATE SET artist_id=EXCLUDED.artist_id,followers=EXCLUDED.followers,popularity=EXCLUDED.popularity,date=EXCLUDED.date, parameters: ('7MigDh04CCntQbsBvugEmb', 113455, 61, '2023-05-09')
[2023-05-09T16:36:42.063+0000] {sql.py:384} INFO - Rows affected: 1
[2023-05-09T16:36:42.071+0000] {base.py:73} INFO - Using connection ID '***' for task execution.
[2023-05-09T16:36:42.079+0000] {sql.py:375} INFO - Running statement: INSERT INTO artist_fact (artist_id,followers,popularity,date) VALUES (%s,%s,%s,%s) ON CONFLICT (artist_id,date) DO UPDATE SET artist_id=EXCLUDED.artist_id,followers=EXCLUDED.followers,popularity=EXCLUDED.popularity,date=EXCLUDED.date, parameters: ('1tQu5TjcAK68fx8qrc8ZgF', 74417, 51, '2023-05-09')
[2023-05-09T16:36:42.080+0000] {sql.py:384} INFO - Rows affected: 1
[2023-05-09T16:36:42.088+0000] {base.py:73} INFO - Using connection ID '***' for task execution.
[2023-05-09T16:36:42.095+0000] {sql.py:375} INFO - Running statement: INSERT INTO artist_fact (artist_id,followers,popularity,date) VALUES (%s,%s,%s,%s) ON CONFLICT (artist_id,date) DO UPDATE SET artist_id=EXCLUDED.artist_id,followers=EXCLUDED.followers,popularity=EXCLUDED.popularity,date=EXCLUDED.date, parameters: ('0Kx7qYhFiv0YD5lxEG1nsz', 5144, 25, '2023-05-09')
[2023-05-09T16:36:42.096+0000] {sql.py:384} INFO - Rows affected: 1
[2023-05-09T16:36:42.103+0000] {base.py:73} INFO - Using connection ID '***' for task execution.
[2023-05-09T16:36:42.111+0000] {sql.py:375} INFO - Running statement: INSERT INTO artist_fact (artist_id,followers,popularity,date) VALUES (%s,%s,%s,%s) ON CONFLICT (artist_id,date) DO UPDATE SET artist_id=EXCLUDED.artist_id,followers=EXCLUDED.followers,popularity=EXCLUDED.popularity,date=EXCLUDED.date, parameters: ('5ibWbhA0IkPT3xCN0YicRL', 6562, 52, '2023-05-09')
[2023-05-09T16:36:42.112+0000] {sql.py:384} INFO - Rows affected: 1
[2023-05-09T16:36:42.119+0000] {base.py:73} INFO - Using connection ID '***' for task execution.
[2023-05-09T16:36:42.130+0000] {sql.py:375} INFO - Running statement: INSERT INTO artist_fact (artist_id,followers,popularity,date) VALUES (%s,%s,%s,%s) ON CONFLICT (artist_id,date) DO UPDATE SET artist_id=EXCLUDED.artist_id,followers=EXCLUDED.followers,popularity=EXCLUDED.popularity,date=EXCLUDED.date, parameters: ('7naAJDAh7AZnf18YYfQruM', 295610, 60, '2023-05-09')
[2023-05-09T16:36:42.132+0000] {sql.py:384} INFO - Rows affected: 1
[2023-05-09T16:36:42.140+0000] {base.py:73} INFO - Using connection ID '***' for task execution.
[2023-05-09T16:36:42.148+0000] {sql.py:375} INFO - Running statement: INSERT INTO artist_fact (artist_id,followers,popularity,date) VALUES (%s,%s,%s,%s) ON CONFLICT (artist_id,date) DO UPDATE SET artist_id=EXCLUDED.artist_id,followers=EXCLUDED.followers,popularity=EXCLUDED.popularity,date=EXCLUDED.date, parameters: ('6fHEaFnFgMxMAtDt7mFoQ3', 13972, 41, '2023-05-09')
[2023-05-09T16:36:42.150+0000] {sql.py:384} INFO - Rows affected: 1
[2023-05-09T16:36:42.157+0000] {base.py:73} INFO - Using connection ID '***' for task execution.
[2023-05-09T16:36:42.168+0000] {sql.py:375} INFO - Running statement: INSERT INTO artist_fact (artist_id,followers,popularity,date) VALUES (%s,%s,%s,%s) ON CONFLICT (artist_id,date) DO UPDATE SET artist_id=EXCLUDED.artist_id,followers=EXCLUDED.followers,popularity=EXCLUDED.popularity,date=EXCLUDED.date, parameters: ('0S7eN9KAsbAaIZtFyCn1q1', 41780, 60, '2023-05-09')
[2023-05-09T16:36:42.170+0000] {sql.py:384} INFO - Rows affected: 1
[2023-05-09T16:36:42.177+0000] {base.py:73} INFO - Using connection ID '***' for task execution.
[2023-05-09T16:36:42.185+0000] {sql.py:375} INFO - Running statement: INSERT INTO artist_fact (artist_id,followers,popularity,date) VALUES (%s,%s,%s,%s) ON CONFLICT (artist_id,date) DO UPDATE SET artist_id=EXCLUDED.artist_id,followers=EXCLUDED.followers,popularity=EXCLUDED.popularity,date=EXCLUDED.date, parameters: ('4X8TR9pBFyewFlIDYt1o2s', 19605, 52, '2023-05-09')
[2023-05-09T16:36:42.186+0000] {sql.py:384} INFO - Rows affected: 1
[2023-05-09T16:36:42.194+0000] {base.py:73} INFO - Using connection ID '***' for task execution.
[2023-05-09T16:36:42.202+0000] {sql.py:375} INFO - Running statement: INSERT INTO artist_fact (artist_id,followers,popularity,date) VALUES (%s,%s,%s,%s) ON CONFLICT (artist_id,date) DO UPDATE SET artist_id=EXCLUDED.artist_id,followers=EXCLUDED.followers,popularity=EXCLUDED.popularity,date=EXCLUDED.date, parameters: ('5UrcghjIlj83Jf7QjZfBhZ', 89, 22, '2023-05-09')
[2023-05-09T16:36:42.203+0000] {sql.py:384} INFO - Rows affected: 1
[2023-05-09T16:36:42.211+0000] {base.py:73} INFO - Using connection ID '***' for task execution.
[2023-05-09T16:36:42.217+0000] {sql.py:375} INFO - Running statement: INSERT INTO artist_fact (artist_id,followers,popularity,date) VALUES (%s,%s,%s,%s) ON CONFLICT (artist_id,date) DO UPDATE SET artist_id=EXCLUDED.artist_id,followers=EXCLUDED.followers,popularity=EXCLUDED.popularity,date=EXCLUDED.date, parameters: ('3pob90yrusjcbgSYFKaeAk', 6148, 32, '2023-05-09')
[2023-05-09T16:36:42.219+0000] {sql.py:384} INFO - Rows affected: 1
[2023-05-09T16:36:42.228+0000] {base.py:73} INFO - Using connection ID '***' for task execution.
[2023-05-09T16:36:42.246+0000] {sql.py:375} INFO - Running statement: INSERT INTO artist_fact (artist_id,followers,popularity,date) VALUES (%s,%s,%s,%s) ON CONFLICT (artist_id,date) DO UPDATE SET artist_id=EXCLUDED.artist_id,followers=EXCLUDED.followers,popularity=EXCLUDED.popularity,date=EXCLUDED.date, parameters: ('7BoBxrm9jJ7us6U92oqr4N', 794, 24, '2023-05-09')
[2023-05-09T16:36:42.248+0000] {sql.py:384} INFO - Rows affected: 1
[2023-05-09T16:36:42.256+0000] {base.py:73} INFO - Using connection ID '***' for task execution.
[2023-05-09T16:36:42.264+0000] {sql.py:375} INFO - Running statement: INSERT INTO artist_fact (artist_id,followers,popularity,date) VALUES (%s,%s,%s,%s) ON CONFLICT (artist_id,date) DO UPDATE SET artist_id=EXCLUDED.artist_id,followers=EXCLUDED.followers,popularity=EXCLUDED.popularity,date=EXCLUDED.date, parameters: ('1fsCfvdiomqjKJFR6xI8e4', 109859, 56, '2023-05-09')
[2023-05-09T16:36:42.267+0000] {sql.py:384} INFO - Rows affected: 1
[2023-05-09T16:36:42.274+0000] {base.py:73} INFO - Using connection ID '***' for task execution.
[2023-05-09T16:36:42.281+0000] {sql.py:375} INFO - Running statement: INSERT INTO artist_fact (artist_id,followers,popularity,date) VALUES (%s,%s,%s,%s) ON CONFLICT (artist_id,date) DO UPDATE SET artist_id=EXCLUDED.artist_id,followers=EXCLUDED.followers,popularity=EXCLUDED.popularity,date=EXCLUDED.date, parameters: ('61qMnYXa1GxSBoV3IiYKjZ', 520620, 55, '2023-05-09')
[2023-05-09T16:36:42.283+0000] {sql.py:384} INFO - Rows affected: 1
[2023-05-09T16:36:42.290+0000] {base.py:73} INFO - Using connection ID '***' for task execution.
[2023-05-09T16:36:42.298+0000] {sql.py:375} INFO - Running statement: INSERT INTO artist_fact (artist_id,followers,popularity,date) VALUES (%s,%s,%s,%s) ON CONFLICT (artist_id,date) DO UPDATE SET artist_id=EXCLUDED.artist_id,followers=EXCLUDED.followers,popularity=EXCLUDED.popularity,date=EXCLUDED.date, parameters: ('1KuV6xtFnLPsneN3yBrjFj', 14595, 41, '2023-05-09')
[2023-05-09T16:36:42.300+0000] {sql.py:384} INFO - Rows affected: 1
[2023-05-09T16:36:42.307+0000] {base.py:73} INFO - Using connection ID '***' for task execution.
[2023-05-09T16:36:42.315+0000] {sql.py:375} INFO - Running statement: INSERT INTO artist_fact (artist_id,followers,popularity,date) VALUES (%s,%s,%s,%s) ON CONFLICT (artist_id,date) DO UPDATE SET artist_id=EXCLUDED.artist_id,followers=EXCLUDED.followers,popularity=EXCLUDED.popularity,date=EXCLUDED.date, parameters: ('7wSr4otUV4ytUvHE4w3rBe', 41548, 31, '2023-05-09')
[2023-05-09T16:36:42.317+0000] {sql.py:384} INFO - Rows affected: 1
[2023-05-09T16:36:42.324+0000] {base.py:73} INFO - Using connection ID '***' for task execution.
[2023-05-09T16:36:42.333+0000] {sql.py:375} INFO - Running statement: INSERT INTO artist_fact (artist_id,followers,popularity,date) VALUES (%s,%s,%s,%s) ON CONFLICT (artist_id,date) DO UPDATE SET artist_id=EXCLUDED.artist_id,followers=EXCLUDED.followers,popularity=EXCLUDED.popularity,date=EXCLUDED.date, parameters: ('7HfUJxeVTgrvhk0eWHFzV7', 56326, 47, '2023-05-09')
[2023-05-09T16:36:42.335+0000] {sql.py:384} INFO - Rows affected: 1
[2023-05-09T16:36:42.343+0000] {base.py:73} INFO - Using connection ID '***' for task execution.
[2023-05-09T16:36:42.351+0000] {sql.py:375} INFO - Running statement: INSERT INTO artist_fact (artist_id,followers,popularity,date) VALUES (%s,%s,%s,%s) ON CONFLICT (artist_id,date) DO UPDATE SET artist_id=EXCLUDED.artist_id,followers=EXCLUDED.followers,popularity=EXCLUDED.popularity,date=EXCLUDED.date, parameters: ('4HAfqyKr4Sqtab6ttHWXgE', 100035, 57, '2023-05-09')
[2023-05-09T16:36:42.352+0000] {sql.py:384} INFO - Rows affected: 1
[2023-05-09T16:36:42.359+0000] {base.py:73} INFO - Using connection ID '***' for task execution.
[2023-05-09T16:36:42.368+0000] {sql.py:375} INFO - Running statement: INSERT INTO artist_fact (artist_id,followers,popularity,date) VALUES (%s,%s,%s,%s) ON CONFLICT (artist_id,date) DO UPDATE SET artist_id=EXCLUDED.artist_id,followers=EXCLUDED.followers,popularity=EXCLUDED.popularity,date=EXCLUDED.date, parameters: ('27w1NoOLMX7tJMYqcetPyG', 606695, 61, '2023-05-09')
[2023-05-09T16:36:42.371+0000] {sql.py:384} INFO - Rows affected: 1
[2023-05-09T16:36:42.378+0000] {base.py:73} INFO - Using connection ID '***' for task execution.
[2023-05-09T16:36:42.385+0000] {sql.py:375} INFO - Running statement: INSERT INTO artist_fact (artist_id,followers,popularity,date) VALUES (%s,%s,%s,%s) ON CONFLICT (artist_id,date) DO UPDATE SET artist_id=EXCLUDED.artist_id,followers=EXCLUDED.followers,popularity=EXCLUDED.popularity,date=EXCLUDED.date, parameters: ('5G9kmDLg3OeUyj8KVBLzbu', 554868, 67, '2023-05-09')
[2023-05-09T16:36:42.387+0000] {sql.py:384} INFO - Rows affected: 1
[2023-05-09T16:36:42.394+0000] {base.py:73} INFO - Using connection ID '***' for task execution.
[2023-05-09T16:36:42.403+0000] {sql.py:375} INFO - Running statement: INSERT INTO artist_fact (artist_id,followers,popularity,date) VALUES (%s,%s,%s,%s) ON CONFLICT (artist_id,date) DO UPDATE SET artist_id=EXCLUDED.artist_id,followers=EXCLUDED.followers,popularity=EXCLUDED.popularity,date=EXCLUDED.date, parameters: ('7vSY9HEreOqb1Llar3UC38', 199990, 55, '2023-05-09')
[2023-05-09T16:36:42.404+0000] {sql.py:384} INFO - Rows affected: 1
[2023-05-09T16:36:42.412+0000] {base.py:73} INFO - Using connection ID '***' for task execution.
[2023-05-09T16:36:42.420+0000] {sql.py:375} INFO - Running statement: INSERT INTO artist_fact (artist_id,followers,popularity,date) VALUES (%s,%s,%s,%s) ON CONFLICT (artist_id,date) DO UPDATE SET artist_id=EXCLUDED.artist_id,followers=EXCLUDED.followers,popularity=EXCLUDED.popularity,date=EXCLUDED.date, parameters: ('7FngGIEGgN3Iwauw1MvO4P', 404376, 60, '2023-05-09')
[2023-05-09T16:36:42.421+0000] {sql.py:384} INFO - Rows affected: 1
[2023-05-09T16:36:42.430+0000] {base.py:73} INFO - Using connection ID '***' for task execution.
[2023-05-09T16:36:42.437+0000] {sql.py:375} INFO - Running statement: INSERT INTO artist_fact (artist_id,followers,popularity,date) VALUES (%s,%s,%s,%s) ON CONFLICT (artist_id,date) DO UPDATE SET artist_id=EXCLUDED.artist_id,followers=EXCLUDED.followers,popularity=EXCLUDED.popularity,date=EXCLUDED.date, parameters: ('1N9JxmOPJqhMCw219uoEi8', 6154, 33, '2023-05-09')
[2023-05-09T16:36:42.439+0000] {sql.py:384} INFO - Rows affected: 1
[2023-05-09T16:36:42.446+0000] {base.py:73} INFO - Using connection ID '***' for task execution.
[2023-05-09T16:36:42.453+0000] {sql.py:375} INFO - Running statement: INSERT INTO artist_fact (artist_id,followers,popularity,date) VALUES (%s,%s,%s,%s) ON CONFLICT (artist_id,date) DO UPDATE SET artist_id=EXCLUDED.artist_id,followers=EXCLUDED.followers,popularity=EXCLUDED.popularity,date=EXCLUDED.date, parameters: ('5VfSeZYcDwD8WQVwbaoL6z', 5324, 29, '2023-05-09')
[2023-05-09T16:36:42.455+0000] {sql.py:384} INFO - Rows affected: 1
[2023-05-09T16:36:42.463+0000] {base.py:73} INFO - Using connection ID '***' for task execution.
[2023-05-09T16:36:42.470+0000] {sql.py:375} INFO - Running statement: INSERT INTO artist_fact (artist_id,followers,popularity,date) VALUES (%s,%s,%s,%s) ON CONFLICT (artist_id,date) DO UPDATE SET artist_id=EXCLUDED.artist_id,followers=EXCLUDED.followers,popularity=EXCLUDED.popularity,date=EXCLUDED.date, parameters: ('5JZPSVFMUk4HGDdx68lN77', 7213, 32, '2023-05-09')
[2023-05-09T16:36:42.472+0000] {sql.py:384} INFO - Rows affected: 1
[2023-05-09T16:36:42.480+0000] {base.py:73} INFO - Using connection ID '***' for task execution.
[2023-05-09T16:36:42.488+0000] {sql.py:375} INFO - Running statement: INSERT INTO artist_fact (artist_id,followers,popularity,date) VALUES (%s,%s,%s,%s) ON CONFLICT (artist_id,date) DO UPDATE SET artist_id=EXCLUDED.artist_id,followers=EXCLUDED.followers,popularity=EXCLUDED.popularity,date=EXCLUDED.date, parameters: ('6rEjEIfp3NSRteU3kJGSET', 10949, 42, '2023-05-09')
[2023-05-09T16:36:42.490+0000] {sql.py:384} INFO - Rows affected: 1
[2023-05-09T16:36:42.498+0000] {base.py:73} INFO - Using connection ID '***' for task execution.
[2023-05-09T16:36:42.505+0000] {sql.py:375} INFO - Running statement: INSERT INTO artist_fact (artist_id,followers,popularity,date) VALUES (%s,%s,%s,%s) ON CONFLICT (artist_id,date) DO UPDATE SET artist_id=EXCLUDED.artist_id,followers=EXCLUDED.followers,popularity=EXCLUDED.popularity,date=EXCLUDED.date, parameters: ('2IDLDx25HU1nQMKde4n61a', 2155829, 69, '2023-05-09')
[2023-05-09T16:36:42.506+0000] {sql.py:384} INFO - Rows affected: 1
[2023-05-09T16:36:42.519+0000] {base.py:73} INFO - Using connection ID '***' for task execution.
[2023-05-09T16:36:42.528+0000] {sql.py:375} INFO - Running statement: INSERT INTO artist_fact (artist_id,followers,popularity,date) VALUES (%s,%s,%s,%s) ON CONFLICT (artist_id,date) DO UPDATE SET artist_id=EXCLUDED.artist_id,followers=EXCLUDED.followers,popularity=EXCLUDED.popularity,date=EXCLUDED.date, parameters: ('1AhjOkOLkbHUfcHDSErXQs', 893241, 67, '2023-05-09')
[2023-05-09T16:36:42.530+0000] {sql.py:384} INFO - Rows affected: 1
[2023-05-09T16:36:42.531+0000] {python.py:183} INFO - Done. Returned value was: None
[2023-05-09T16:36:42.543+0000] {taskinstance.py:1373} INFO - Marking task as SUCCESS. dag_id=Summer_Warped_ETL, task_id=LoadData.LoadArtistFact, execution_date=20230509T163230, start_date=20230509T163635, end_date=20230509T163642
[2023-05-09T16:36:42.595+0000] {local_task_job_runner.py:232} INFO - Task exited with return code 0
[2023-05-09T16:36:42.609+0000] {taskinstance.py:2674} INFO - 0 downstream tasks scheduled from follow-on schedule check
