[2023-05-08T16:29:03.733+0000] {taskinstance.py:1125} INFO - Dependencies all met for dep_context=non-requeueable deps ti=<TaskInstance: Summer_Warped_ETL.LoadData.LoadArtistDim manual__2023-05-08T16:28:14.290927+00:00 [queued]>
[2023-05-08T16:29:03.739+0000] {taskinstance.py:1125} INFO - Dependencies all met for dep_context=requeueable deps ti=<TaskInstance: Summer_Warped_ETL.LoadData.LoadArtistDim manual__2023-05-08T16:28:14.290927+00:00 [queued]>
[2023-05-08T16:29:03.740+0000] {taskinstance.py:1331} INFO - Starting attempt 1 of 3
[2023-05-08T16:29:03.748+0000] {taskinstance.py:1350} INFO - Executing <Task(PythonOperator): LoadData.LoadArtistDim> on 2023-05-08 16:28:14.290927+00:00
[2023-05-08T16:29:03.753+0000] {standard_task_runner.py:57} INFO - Started process 1535 to run task
[2023-05-08T16:29:03.758+0000] {standard_task_runner.py:84} INFO - Running: ['***', 'tasks', 'run', 'Summer_Warped_ETL', 'LoadData.LoadArtistDim', 'manual__2023-05-08T16:28:14.290927+00:00', '--job-id', '2564', '--raw', '--subdir', 'DAGS_FOLDER/warped-dag.py', '--cfg-path', '/tmp/tmpj61cjt2l']
[2023-05-08T16:29:03.759+0000] {standard_task_runner.py:85} INFO - Job 2564: Subtask LoadData.LoadArtistDim
[2023-05-08T16:29:03.803+0000] {task_command.py:410} INFO - Running <TaskInstance: Summer_Warped_ETL.LoadData.LoadArtistDim manual__2023-05-08T16:28:14.290927+00:00 [running]> on host 7b4753e133cb
[2023-05-08T16:29:03.868+0000] {taskinstance.py:1570} INFO - Exporting env vars: AIRFLOW_CTX_DAG_OWNER='Ananta Moharana' AIRFLOW_CTX_DAG_ID='Summer_Warped_ETL' AIRFLOW_CTX_TASK_ID='LoadData.LoadArtistDim' AIRFLOW_CTX_EXECUTION_DATE='2023-05-08T16:28:14.290927+00:00' AIRFLOW_CTX_TRY_NUMBER='1' AIRFLOW_CTX_DAG_RUN_ID='manual__2023-05-08T16:28:14.290927+00:00'
[2023-05-08T16:29:03.870+0000] {logging_mixin.py:149} INFO - 2023-05/artist_dim.csv
[2023-05-08T16:29:03.878+0000] {base.py:73} INFO - Using connection ID 'aws_connection' for task execution.
[2023-05-08T16:29:03.879+0000] {connection_wrapper.py:337} INFO - AWS Connection (conn_id='aws_connection', conn_type='aws') credentials retrieved from login and password.
[2023-05-08T16:29:04.100+0000] {logging_mixin.py:149} INFO -         artist_name               artist_id        genre
0              Zaia  1m0t5VYISq6TcyMo7UqLMz  atl hip hop
1  nothing,nowhere.  7FngGIEGgN3Iwauw1MvO4P    cloud rap
2          brakence  4kqFrZkeqDfOIEqTWqbOOV   glitchcore
3        Marco Luka  4tjqHer0BFQbJ1FVyWhffM          NaN
4               Sky  62UdSpLGWjDU75OAFKLxWV          NaN
[2023-05-08T16:29:04.101+0000] {logging_mixin.py:149} INFO - INSERT INTO artist_dim (artist_name,artist_id,genre) VALUES (%s,%s,%s) ON CONFLICT (artist_id) DO UPDATE SET artist_name=EXCLUDED.artist_name,artist_id=EXCLUDED.artist_id,genre=EXCLUDED.genre
[2023-05-08T16:29:04.108+0000] {base.py:73} INFO - Using connection ID '***' for task execution.
[2023-05-08T16:29:04.115+0000] {sql.py:375} INFO - Running statement: INSERT INTO artist_dim (artist_name,artist_id,genre) VALUES (%s,%s,%s) ON CONFLICT (artist_id) DO UPDATE SET artist_name=EXCLUDED.artist_name,artist_id=EXCLUDED.artist_id,genre=EXCLUDED.genre, parameters: ('Zaia', '1m0t5VYISq6TcyMo7UqLMz', 'atl hip hop')
[2023-05-08T16:29:04.117+0000] {sql.py:384} INFO - Rows affected: 1
[2023-05-08T16:29:04.123+0000] {base.py:73} INFO - Using connection ID '***' for task execution.
[2023-05-08T16:29:04.129+0000] {sql.py:375} INFO - Running statement: INSERT INTO artist_dim (artist_name,artist_id,genre) VALUES (%s,%s,%s) ON CONFLICT (artist_id) DO UPDATE SET artist_name=EXCLUDED.artist_name,artist_id=EXCLUDED.artist_id,genre=EXCLUDED.genre, parameters: ('nothing,nowhere.', '7FngGIEGgN3Iwauw1MvO4P', 'cloud rap')
[2023-05-08T16:29:04.131+0000] {sql.py:384} INFO - Rows affected: 1
[2023-05-08T16:29:04.137+0000] {base.py:73} INFO - Using connection ID '***' for task execution.
[2023-05-08T16:29:04.143+0000] {sql.py:375} INFO - Running statement: INSERT INTO artist_dim (artist_name,artist_id,genre) VALUES (%s,%s,%s) ON CONFLICT (artist_id) DO UPDATE SET artist_name=EXCLUDED.artist_name,artist_id=EXCLUDED.artist_id,genre=EXCLUDED.genre, parameters: ('brakence', '4kqFrZkeqDfOIEqTWqbOOV', 'glitchcore')
[2023-05-08T16:29:04.145+0000] {sql.py:384} INFO - Rows affected: 1
[2023-05-08T16:29:04.152+0000] {base.py:73} INFO - Using connection ID '***' for task execution.
[2023-05-08T16:29:04.159+0000] {sql.py:375} INFO - Running statement: INSERT INTO artist_dim (artist_name,artist_id,genre) VALUES (%s,%s,%s) ON CONFLICT (artist_id) DO UPDATE SET artist_name=EXCLUDED.artist_name,artist_id=EXCLUDED.artist_id,genre=EXCLUDED.genre, parameters: ('Marco Luka', '4tjqHer0BFQbJ1FVyWhffM', nan)
[2023-05-08T16:29:04.161+0000] {sql.py:384} INFO - Rows affected: 1
[2023-05-08T16:29:04.168+0000] {base.py:73} INFO - Using connection ID '***' for task execution.
[2023-05-08T16:29:04.174+0000] {sql.py:375} INFO - Running statement: INSERT INTO artist_dim (artist_name,artist_id,genre) VALUES (%s,%s,%s) ON CONFLICT (artist_id) DO UPDATE SET artist_name=EXCLUDED.artist_name,artist_id=EXCLUDED.artist_id,genre=EXCLUDED.genre, parameters: ('Sky', '62UdSpLGWjDU75OAFKLxWV', nan)
[2023-05-08T16:29:04.176+0000] {sql.py:384} INFO - Rows affected: 1
[2023-05-08T16:29:04.182+0000] {base.py:73} INFO - Using connection ID '***' for task execution.
[2023-05-08T16:29:04.188+0000] {sql.py:375} INFO - Running statement: INSERT INTO artist_dim (artist_name,artist_id,genre) VALUES (%s,%s,%s) ON CONFLICT (artist_id) DO UPDATE SET artist_name=EXCLUDED.artist_name,artist_id=EXCLUDED.artist_id,genre=EXCLUDED.genre, parameters: ('abbot', '0Ro9LZA0sRl1FG66KgsA1u', nan)
[2023-05-08T16:29:04.190+0000] {sql.py:384} INFO - Rows affected: 1
[2023-05-08T16:29:04.196+0000] {base.py:73} INFO - Using connection ID '***' for task execution.
[2023-05-08T16:29:04.202+0000] {sql.py:375} INFO - Running statement: INSERT INTO artist_dim (artist_name,artist_id,genre) VALUES (%s,%s,%s) ON CONFLICT (artist_id) DO UPDATE SET artist_name=EXCLUDED.artist_name,artist_id=EXCLUDED.artist_id,genre=EXCLUDED.genre, parameters: ('guardin', '6zqcGQ6MH6yetBUoquMnL7', 'cloud rap')
[2023-05-08T16:29:04.204+0000] {sql.py:384} INFO - Rows affected: 1
[2023-05-08T16:29:04.210+0000] {base.py:73} INFO - Using connection ID '***' for task execution.
[2023-05-08T16:29:04.216+0000] {sql.py:375} INFO - Running statement: INSERT INTO artist_dim (artist_name,artist_id,genre) VALUES (%s,%s,%s) ON CONFLICT (artist_id) DO UPDATE SET artist_name=EXCLUDED.artist_name,artist_id=EXCLUDED.artist_id,genre=EXCLUDED.genre, parameters: ('gravehours', '5cwtCGap3COvJNt1yineor', nan)
[2023-05-08T16:29:04.218+0000] {sql.py:384} INFO - Rows affected: 1
[2023-05-08T16:29:04.225+0000] {base.py:73} INFO - Using connection ID '***' for task execution.
[2023-05-08T16:29:04.231+0000] {sql.py:375} INFO - Running statement: INSERT INTO artist_dim (artist_name,artist_id,genre) VALUES (%s,%s,%s) ON CONFLICT (artist_id) DO UPDATE SET artist_name=EXCLUDED.artist_name,artist_id=EXCLUDED.artist_id,genre=EXCLUDED.genre, parameters: ('50landing', '5aTRa02UP1y6PW5klZiTt0', nan)
[2023-05-08T16:29:04.233+0000] {sql.py:384} INFO - Rows affected: 1
[2023-05-08T16:29:04.239+0000] {base.py:73} INFO - Using connection ID '***' for task execution.
[2023-05-08T16:29:04.245+0000] {sql.py:375} INFO - Running statement: INSERT INTO artist_dim (artist_name,artist_id,genre) VALUES (%s,%s,%s) ON CONFLICT (artist_id) DO UPDATE SET artist_name=EXCLUDED.artist_name,artist_id=EXCLUDED.artist_id,genre=EXCLUDED.genre, parameters: ('Atlas in Motion', '1N9JxmOPJqhMCw219uoEi8', nan)
[2023-05-08T16:29:04.247+0000] {sql.py:384} INFO - Rows affected: 1
[2023-05-08T16:29:04.253+0000] {base.py:73} INFO - Using connection ID '***' for task execution.
[2023-05-08T16:29:04.259+0000] {sql.py:375} INFO - Running statement: INSERT INTO artist_dim (artist_name,artist_id,genre) VALUES (%s,%s,%s) ON CONFLICT (artist_id) DO UPDATE SET artist_name=EXCLUDED.artist_name,artist_id=EXCLUDED.artist_id,genre=EXCLUDED.genre, parameters: ('93FEETOFSMOKE', '0plNgbIlOc13T8ot3vyK79', 'cloud rap')
[2023-05-08T16:29:04.261+0000] {sql.py:384} INFO - Rows affected: 1
[2023-05-08T16:29:04.267+0000] {base.py:73} INFO - Using connection ID '***' for task execution.
[2023-05-08T16:29:04.274+0000] {sql.py:375} INFO - Running statement: INSERT INTO artist_dim (artist_name,artist_id,genre) VALUES (%s,%s,%s) ON CONFLICT (artist_id) DO UPDATE SET artist_name=EXCLUDED.artist_name,artist_id=EXCLUDED.artist_id,genre=EXCLUDED.genre, parameters: ('brody', '0t7bbGUdyq3urfDddwXhdY', 'emo rap')
[2023-05-08T16:29:04.275+0000] {sql.py:384} INFO - Rows affected: 1
[2023-05-08T16:29:04.282+0000] {base.py:73} INFO - Using connection ID '***' for task execution.
[2023-05-08T16:29:04.288+0000] {sql.py:375} INFO - Running statement: INSERT INTO artist_dim (artist_name,artist_id,genre) VALUES (%s,%s,%s) ON CONFLICT (artist_id) DO UPDATE SET artist_name=EXCLUDED.artist_name,artist_id=EXCLUDED.artist_id,genre=EXCLUDED.genre, parameters: ('Roderick Porter', '7Lcln0AXqNHMahrca8KVpy', 'aesthetic rap')
[2023-05-08T16:29:04.289+0000] {sql.py:384} INFO - Rows affected: 1
[2023-05-08T16:29:04.295+0000] {base.py:73} INFO - Using connection ID '***' for task execution.
[2023-05-08T16:29:04.301+0000] {sql.py:375} INFO - Running statement: INSERT INTO artist_dim (artist_name,artist_id,genre) VALUES (%s,%s,%s) ON CONFLICT (artist_id) DO UPDATE SET artist_name=EXCLUDED.artist_name,artist_id=EXCLUDED.artist_id,genre=EXCLUDED.genre, parameters: ('SypSki', '3XOHHfvBYKCMo1h0DFY27z', nan)
[2023-05-08T16:29:04.303+0000] {sql.py:384} INFO - Rows affected: 1
[2023-05-08T16:29:04.309+0000] {base.py:73} INFO - Using connection ID '***' for task execution.
[2023-05-08T16:29:04.315+0000] {sql.py:375} INFO - Running statement: INSERT INTO artist_dim (artist_name,artist_id,genre) VALUES (%s,%s,%s) ON CONFLICT (artist_id) DO UPDATE SET artist_name=EXCLUDED.artist_name,artist_id=EXCLUDED.artist_id,genre=EXCLUDED.genre, parameters: ('raspy', '1trffosn0Alk3IlloOD5O8', 'pittsburgh rap')
[2023-05-08T16:29:04.316+0000] {sql.py:384} INFO - Rows affected: 1
[2023-05-08T16:29:04.323+0000] {base.py:73} INFO - Using connection ID '***' for task execution.
[2023-05-08T16:29:04.329+0000] {sql.py:375} INFO - Running statement: INSERT INTO artist_dim (artist_name,artist_id,genre) VALUES (%s,%s,%s) ON CONFLICT (artist_id) DO UPDATE SET artist_name=EXCLUDED.artist_name,artist_id=EXCLUDED.artist_id,genre=EXCLUDED.genre, parameters: ('Landon Cube', '04ei5kNgmDuNAydFhhIHnD', 'vapor trap')
[2023-05-08T16:29:04.330+0000] {sql.py:384} INFO - Rows affected: 1
[2023-05-08T16:29:04.336+0000] {base.py:73} INFO - Using connection ID '***' for task execution.
[2023-05-08T16:29:04.342+0000] {sql.py:375} INFO - Running statement: INSERT INTO artist_dim (artist_name,artist_id,genre) VALUES (%s,%s,%s) ON CONFLICT (artist_id) DO UPDATE SET artist_name=EXCLUDED.artist_name,artist_id=EXCLUDED.artist_id,genre=EXCLUDED.genre, parameters: ('Oliver Francis', '0WvTK38rXqPCD5pZMDuX20', 'cloud rap')
[2023-05-08T16:29:04.344+0000] {sql.py:384} INFO - Rows affected: 1
[2023-05-08T16:29:04.349+0000] {base.py:73} INFO - Using connection ID '***' for task execution.
[2023-05-08T16:29:04.355+0000] {sql.py:375} INFO - Running statement: INSERT INTO artist_dim (artist_name,artist_id,genre) VALUES (%s,%s,%s) ON CONFLICT (artist_id) DO UPDATE SET artist_name=EXCLUDED.artist_name,artist_id=EXCLUDED.artist_id,genre=EXCLUDED.genre, parameters: ('Aries', '3hOdow4ZPmrby7Q1wfPLEy', nan)
[2023-05-08T16:29:04.357+0000] {sql.py:384} INFO - Rows affected: 1
[2023-05-08T16:29:04.363+0000] {base.py:73} INFO - Using connection ID '***' for task execution.
[2023-05-08T16:29:04.369+0000] {sql.py:375} INFO - Running statement: INSERT INTO artist_dim (artist_name,artist_id,genre) VALUES (%s,%s,%s) ON CONFLICT (artist_id) DO UPDATE SET artist_name=EXCLUDED.artist_name,artist_id=EXCLUDED.artist_id,genre=EXCLUDED.genre, parameters: ('elias', '7eRBEVzcZk4XyIdF0Btfg4', 'lo-fi rap')
[2023-05-08T16:29:04.370+0000] {sql.py:384} INFO - Rows affected: 1
[2023-05-08T16:29:04.377+0000] {base.py:73} INFO - Using connection ID '***' for task execution.
[2023-05-08T16:29:04.384+0000] {sql.py:375} INFO - Running statement: INSERT INTO artist_dim (artist_name,artist_id,genre) VALUES (%s,%s,%s) ON CONFLICT (artist_id) DO UPDATE SET artist_name=EXCLUDED.artist_name,artist_id=EXCLUDED.artist_id,genre=EXCLUDED.genre, parameters: ('MostlyEverything', '3Ae7AQITxFS0r3yGQHYDJI', 'upstate ny rap')
[2023-05-08T16:29:04.386+0000] {sql.py:384} INFO - Rows affected: 1
[2023-05-08T16:29:04.394+0000] {base.py:73} INFO - Using connection ID '***' for task execution.
[2023-05-08T16:29:04.399+0000] {sql.py:375} INFO - Running statement: INSERT INTO artist_dim (artist_name,artist_id,genre) VALUES (%s,%s,%s) ON CONFLICT (artist_id) DO UPDATE SET artist_name=EXCLUDED.artist_name,artist_id=EXCLUDED.artist_id,genre=EXCLUDED.genre, parameters: ('Foreign Forest', '7C4ztJMkuGRy0qkU6dG5hU', 'emo rap')
[2023-05-08T16:29:04.401+0000] {sql.py:384} INFO - Rows affected: 1
[2023-05-08T16:29:04.407+0000] {base.py:73} INFO - Using connection ID '***' for task execution.
[2023-05-08T16:29:04.413+0000] {sql.py:375} INFO - Running statement: INSERT INTO artist_dim (artist_name,artist_id,genre) VALUES (%s,%s,%s) ON CONFLICT (artist_id) DO UPDATE SET artist_name=EXCLUDED.artist_name,artist_id=EXCLUDED.artist_id,genre=EXCLUDED.genre, parameters: ('Ashes', '0vUk0rbl0BkFjmeFvjOvoj', nan)
[2023-05-08T16:29:04.415+0000] {sql.py:384} INFO - Rows affected: 1
[2023-05-08T16:29:04.421+0000] {base.py:73} INFO - Using connection ID '***' for task execution.
[2023-05-08T16:29:04.428+0000] {sql.py:375} INFO - Running statement: INSERT INTO artist_dim (artist_name,artist_id,genre) VALUES (%s,%s,%s) ON CONFLICT (artist_id) DO UPDATE SET artist_name=EXCLUDED.artist_name,artist_id=EXCLUDED.artist_id,genre=EXCLUDED.genre, parameters: ('blackbear', '2cFrymmkijnjDg9SS92EPM', 'alt z')
[2023-05-08T16:29:04.429+0000] {sql.py:384} INFO - Rows affected: 1
[2023-05-08T16:29:04.436+0000] {base.py:73} INFO - Using connection ID '***' for task execution.
[2023-05-08T16:29:04.442+0000] {sql.py:375} INFO - Running statement: INSERT INTO artist_dim (artist_name,artist_id,genre) VALUES (%s,%s,%s) ON CONFLICT (artist_id) DO UPDATE SET artist_name=EXCLUDED.artist_name,artist_id=EXCLUDED.artist_id,genre=EXCLUDED.genre, parameters: ('6 Dogs', '3Ps6le7tj5BdNtdnfNgTU4', 'cloud rap')
[2023-05-08T16:29:04.443+0000] {sql.py:384} INFO - Rows affected: 1
[2023-05-08T16:29:04.450+0000] {base.py:73} INFO - Using connection ID '***' for task execution.
[2023-05-08T16:29:04.456+0000] {sql.py:375} INFO - Running statement: INSERT INTO artist_dim (artist_name,artist_id,genre) VALUES (%s,%s,%s) ON CONFLICT (artist_id) DO UPDATE SET artist_name=EXCLUDED.artist_name,artist_id=EXCLUDED.artist_id,genre=EXCLUDED.genre, parameters: ('Pretty Pacc', '2QuPPChZpqAai29uqulNFe', nan)
[2023-05-08T16:29:04.458+0000] {sql.py:384} INFO - Rows affected: 1
[2023-05-08T16:29:04.465+0000] {base.py:73} INFO - Using connection ID '***' for task execution.
[2023-05-08T16:29:04.471+0000] {sql.py:375} INFO - Running statement: INSERT INTO artist_dim (artist_name,artist_id,genre) VALUES (%s,%s,%s) ON CONFLICT (artist_id) DO UPDATE SET artist_name=EXCLUDED.artist_name,artist_id=EXCLUDED.artist_id,genre=EXCLUDED.genre, parameters: ('SAIAH', '5ZPYeVqoWNuukwfarvkyJX', nan)
[2023-05-08T16:29:04.473+0000] {sql.py:384} INFO - Rows affected: 1
[2023-05-08T16:29:04.480+0000] {base.py:73} INFO - Using connection ID '***' for task execution.
[2023-05-08T16:29:04.486+0000] {sql.py:375} INFO - Running statement: INSERT INTO artist_dim (artist_name,artist_id,genre) VALUES (%s,%s,%s) ON CONFLICT (artist_id) DO UPDATE SET artist_name=EXCLUDED.artist_name,artist_id=EXCLUDED.artist_id,genre=EXCLUDED.genre, parameters: ('Lucy Fer', '0BxHc5dN9BSfLZ8PCch9wT', nan)
[2023-05-08T16:29:04.488+0000] {sql.py:384} INFO - Rows affected: 1
[2023-05-08T16:29:04.495+0000] {base.py:73} INFO - Using connection ID '***' for task execution.
[2023-05-08T16:29:04.503+0000] {sql.py:375} INFO - Running statement: INSERT INTO artist_dim (artist_name,artist_id,genre) VALUES (%s,%s,%s) ON CONFLICT (artist_id) DO UPDATE SET artist_name=EXCLUDED.artist_name,artist_id=EXCLUDED.artist_id,genre=EXCLUDED.genre, parameters: ('Sleepa', '1iT8Vbd7KhZiBji3G72zDW', nan)
[2023-05-08T16:29:04.505+0000] {sql.py:384} INFO - Rows affected: 1
[2023-05-08T16:29:04.512+0000] {base.py:73} INFO - Using connection ID '***' for task execution.
[2023-05-08T16:29:04.519+0000] {sql.py:375} INFO - Running statement: INSERT INTO artist_dim (artist_name,artist_id,genre) VALUES (%s,%s,%s) ON CONFLICT (artist_id) DO UPDATE SET artist_name=EXCLUDED.artist_name,artist_id=EXCLUDED.artist_id,genre=EXCLUDED.genre, parameters: ('glaive', '4cJKDGSv4Dz9QycXYmo565', 'glitchcore')
[2023-05-08T16:29:04.521+0000] {sql.py:384} INFO - Rows affected: 1
[2023-05-08T16:29:04.528+0000] {base.py:73} INFO - Using connection ID '***' for task execution.
[2023-05-08T16:29:04.535+0000] {sql.py:375} INFO - Running statement: INSERT INTO artist_dim (artist_name,artist_id,genre) VALUES (%s,%s,%s) ON CONFLICT (artist_id) DO UPDATE SET artist_name=EXCLUDED.artist_name,artist_id=EXCLUDED.artist_id,genre=EXCLUDED.genre, parameters: ('kaido', '0UENogXhLeGTZjub4eejjX', 'hyperpop')
[2023-05-08T16:29:04.537+0000] {sql.py:384} INFO - Rows affected: 1
[2023-05-08T16:29:04.543+0000] {base.py:73} INFO - Using connection ID '***' for task execution.
[2023-05-08T16:29:04.551+0000] {sql.py:375} INFO - Running statement: INSERT INTO artist_dim (artist_name,artist_id,genre) VALUES (%s,%s,%s) ON CONFLICT (artist_id) DO UPDATE SET artist_name=EXCLUDED.artist_name,artist_id=EXCLUDED.artist_id,genre=EXCLUDED.genre, parameters: ('kurtains', '7b2FbxYmnpGMPqDe04QmyP', 'emoplugg')
[2023-05-08T16:29:04.552+0000] {sql.py:384} INFO - Rows affected: 1
[2023-05-08T16:29:04.560+0000] {base.py:73} INFO - Using connection ID '***' for task execution.
[2023-05-08T16:29:04.569+0000] {sql.py:375} INFO - Running statement: INSERT INTO artist_dim (artist_name,artist_id,genre) VALUES (%s,%s,%s) ON CONFLICT (artist_id) DO UPDATE SET artist_name=EXCLUDED.artist_name,artist_id=EXCLUDED.artist_id,genre=EXCLUDED.genre, parameters: ('Numl6ck', '2anlj4dNUn9I1VxxmjRHRx', 'glitchcore')
[2023-05-08T16:29:04.570+0000] {sql.py:384} INFO - Rows affected: 1
[2023-05-08T16:29:04.577+0000] {base.py:73} INFO - Using connection ID '***' for task execution.
[2023-05-08T16:29:04.583+0000] {sql.py:375} INFO - Running statement: INSERT INTO artist_dim (artist_name,artist_id,genre) VALUES (%s,%s,%s) ON CONFLICT (artist_id) DO UPDATE SET artist_name=EXCLUDED.artist_name,artist_id=EXCLUDED.artist_id,genre=EXCLUDED.genre, parameters: ('Deadman Era', '4FI4qPOnjt3D8DnJQrNWps', nan)
[2023-05-08T16:29:04.585+0000] {sql.py:384} INFO - Rows affected: 1
[2023-05-08T16:29:04.591+0000] {base.py:73} INFO - Using connection ID '***' for task execution.
[2023-05-08T16:29:04.598+0000] {sql.py:375} INFO - Running statement: INSERT INTO artist_dim (artist_name,artist_id,genre) VALUES (%s,%s,%s) ON CONFLICT (artist_id) DO UPDATE SET artist_name=EXCLUDED.artist_name,artist_id=EXCLUDED.artist_id,genre=EXCLUDED.genre, parameters: ('Lund', '5uLkZ7FWMTBUg1corQqdkR', 'cloud rap')
[2023-05-08T16:29:04.599+0000] {sql.py:384} INFO - Rows affected: 1
[2023-05-08T16:29:04.606+0000] {base.py:73} INFO - Using connection ID '***' for task execution.
[2023-05-08T16:29:04.613+0000] {sql.py:375} INFO - Running statement: INSERT INTO artist_dim (artist_name,artist_id,genre) VALUES (%s,%s,%s) ON CONFLICT (artist_id) DO UPDATE SET artist_name=EXCLUDED.artist_name,artist_id=EXCLUDED.artist_id,genre=EXCLUDED.genre, parameters: ('Lil Cobaine', '0ILo2K3FmfIh4ICcbHE7RK', nan)
[2023-05-08T16:29:04.615+0000] {sql.py:384} INFO - Rows affected: 1
[2023-05-08T16:29:04.623+0000] {base.py:73} INFO - Using connection ID '***' for task execution.
[2023-05-08T16:29:04.630+0000] {sql.py:375} INFO - Running statement: INSERT INTO artist_dim (artist_name,artist_id,genre) VALUES (%s,%s,%s) ON CONFLICT (artist_id) DO UPDATE SET artist_name=EXCLUDED.artist_name,artist_id=EXCLUDED.artist_id,genre=EXCLUDED.genre, parameters: ('ilham', '0r7PsZB4ePA6vHrW4agoGN', nan)
[2023-05-08T16:29:04.632+0000] {sql.py:384} INFO - Rows affected: 1
[2023-05-08T16:29:04.639+0000] {base.py:73} INFO - Using connection ID '***' for task execution.
[2023-05-08T16:29:04.644+0000] {sql.py:375} INFO - Running statement: INSERT INTO artist_dim (artist_name,artist_id,genre) VALUES (%s,%s,%s) ON CONFLICT (artist_id) DO UPDATE SET artist_name=EXCLUDED.artist_name,artist_id=EXCLUDED.artist_id,genre=EXCLUDED.genre, parameters: ('Angelo Mota', '1PpFka2STGQ57kJcgYBgEF', 'indie hip hop')
[2023-05-08T16:29:04.646+0000] {sql.py:384} INFO - Rows affected: 1
[2023-05-08T16:29:04.653+0000] {base.py:73} INFO - Using connection ID '***' for task execution.
[2023-05-08T16:29:04.659+0000] {sql.py:375} INFO - Running statement: INSERT INTO artist_dim (artist_name,artist_id,genre) VALUES (%s,%s,%s) ON CONFLICT (artist_id) DO UPDATE SET artist_name=EXCLUDED.artist_name,artist_id=EXCLUDED.artist_id,genre=EXCLUDED.genre, parameters: ('Xuitcasecity', '6YxrfNCKBcQlbITpmDLErL', 'indie pop rap')
[2023-05-08T16:29:04.661+0000] {sql.py:384} INFO - Rows affected: 1
[2023-05-08T16:29:04.667+0000] {base.py:73} INFO - Using connection ID '***' for task execution.
[2023-05-08T16:29:04.673+0000] {sql.py:375} INFO - Running statement: INSERT INTO artist_dim (artist_name,artist_id,genre) VALUES (%s,%s,%s) ON CONFLICT (artist_id) DO UPDATE SET artist_name=EXCLUDED.artist_name,artist_id=EXCLUDED.artist_id,genre=EXCLUDED.genre, parameters: ('benny mayne', '2R2Yg2qPloNOTOfqxfXX7l', 'canadian contemporary r&b')
[2023-05-08T16:29:04.675+0000] {sql.py:384} INFO - Rows affected: 1
[2023-05-08T16:29:04.682+0000] {base.py:73} INFO - Using connection ID '***' for task execution.
[2023-05-08T16:29:04.688+0000] {sql.py:375} INFO - Running statement: INSERT INTO artist_dim (artist_name,artist_id,genre) VALUES (%s,%s,%s) ON CONFLICT (artist_id) DO UPDATE SET artist_name=EXCLUDED.artist_name,artist_id=EXCLUDED.artist_id,genre=EXCLUDED.genre, parameters: ('Isekai', '4yOY5zmuuTlS1DbG3yZGki', nan)
[2023-05-08T16:29:04.689+0000] {sql.py:384} INFO - Rows affected: 1
[2023-05-08T16:29:04.696+0000] {base.py:73} INFO - Using connection ID '***' for task execution.
[2023-05-08T16:29:04.704+0000] {sql.py:375} INFO - Running statement: INSERT INTO artist_dim (artist_name,artist_id,genre) VALUES (%s,%s,%s) ON CONFLICT (artist_id) DO UPDATE SET artist_name=EXCLUDED.artist_name,artist_id=EXCLUDED.artist_id,genre=EXCLUDED.genre, parameters: ('Lil Rae', '7iVscW49OWowl9SoLmWzfy', nan)
[2023-05-08T16:29:04.706+0000] {sql.py:384} INFO - Rows affected: 1
[2023-05-08T16:29:04.713+0000] {base.py:73} INFO - Using connection ID '***' for task execution.
[2023-05-08T16:29:04.719+0000] {sql.py:375} INFO - Running statement: INSERT INTO artist_dim (artist_name,artist_id,genre) VALUES (%s,%s,%s) ON CONFLICT (artist_id) DO UPDATE SET artist_name=EXCLUDED.artist_name,artist_id=EXCLUDED.artist_id,genre=EXCLUDED.genre, parameters: ('916frosty', '6c0lj01vVpHsCH7Z5CfJ9K', 'emo rap')
[2023-05-08T16:29:04.721+0000] {sql.py:384} INFO - Rows affected: 1
[2023-05-08T16:29:04.728+0000] {base.py:73} INFO - Using connection ID '***' for task execution.
[2023-05-08T16:29:04.734+0000] {sql.py:375} INFO - Running statement: INSERT INTO artist_dim (artist_name,artist_id,genre) VALUES (%s,%s,%s) ON CONFLICT (artist_id) DO UPDATE SET artist_name=EXCLUDED.artist_name,artist_id=EXCLUDED.artist_id,genre=EXCLUDED.genre, parameters: ('COTIS', '63CZNEytugjFnZBdjBmWc8', 'canadian contemporary r&b')
[2023-05-08T16:29:04.735+0000] {sql.py:384} INFO - Rows affected: 1
[2023-05-08T16:29:04.741+0000] {base.py:73} INFO - Using connection ID '***' for task execution.
[2023-05-08T16:29:04.748+0000] {sql.py:375} INFO - Running statement: INSERT INTO artist_dim (artist_name,artist_id,genre) VALUES (%s,%s,%s) ON CONFLICT (artist_id) DO UPDATE SET artist_name=EXCLUDED.artist_name,artist_id=EXCLUDED.artist_id,genre=EXCLUDED.genre, parameters: ('diveliner', '0be7y7HUvSBf8uG1X7pK8f', nan)
[2023-05-08T16:29:04.750+0000] {sql.py:384} INFO - Rows affected: 1
[2023-05-08T16:29:04.756+0000] {base.py:73} INFO - Using connection ID '***' for task execution.
[2023-05-08T16:29:04.763+0000] {sql.py:375} INFO - Running statement: INSERT INTO artist_dim (artist_name,artist_id,genre) VALUES (%s,%s,%s) ON CONFLICT (artist_id) DO UPDATE SET artist_name=EXCLUDED.artist_name,artist_id=EXCLUDED.artist_id,genre=EXCLUDED.genre, parameters: ('Young Lungs', '2trvlbfMS5zVozEmrFNDTJ', 'canadian hip hop')
[2023-05-08T16:29:04.765+0000] {sql.py:384} INFO - Rows affected: 1
[2023-05-08T16:29:04.772+0000] {base.py:73} INFO - Using connection ID '***' for task execution.
[2023-05-08T16:29:04.778+0000] {sql.py:375} INFO - Running statement: INSERT INTO artist_dim (artist_name,artist_id,genre) VALUES (%s,%s,%s) ON CONFLICT (artist_id) DO UPDATE SET artist_name=EXCLUDED.artist_name,artist_id=EXCLUDED.artist_id,genre=EXCLUDED.genre, parameters: ('Darko', '63dmB3SM4vOZ8rK1EX5IkU', 'sad rap')
[2023-05-08T16:29:04.780+0000] {sql.py:384} INFO - Rows affected: 1
[2023-05-08T16:29:04.786+0000] {base.py:73} INFO - Using connection ID '***' for task execution.
[2023-05-08T16:29:04.792+0000] {sql.py:375} INFO - Running statement: INSERT INTO artist_dim (artist_name,artist_id,genre) VALUES (%s,%s,%s) ON CONFLICT (artist_id) DO UPDATE SET artist_name=EXCLUDED.artist_name,artist_id=EXCLUDED.artist_id,genre=EXCLUDED.genre, parameters: ('24kGoldn', '6fWVd57NKTalqvmjRd2t8Z', 'cali rap')
[2023-05-08T16:29:04.793+0000] {sql.py:384} INFO - Rows affected: 1
[2023-05-08T16:29:04.800+0000] {base.py:73} INFO - Using connection ID '***' for task execution.
[2023-05-08T16:29:04.805+0000] {sql.py:375} INFO - Running statement: INSERT INTO artist_dim (artist_name,artist_id,genre) VALUES (%s,%s,%s) ON CONFLICT (artist_id) DO UPDATE SET artist_name=EXCLUDED.artist_name,artist_id=EXCLUDED.artist_id,genre=EXCLUDED.genre, parameters: ('convolk', '3ddT1Q3KQAm1G7UcIfz5KJ', 'cloud rap')
[2023-05-08T16:29:04.807+0000] {sql.py:384} INFO - Rows affected: 1
[2023-05-08T16:29:04.813+0000] {base.py:73} INFO - Using connection ID '***' for task execution.
[2023-05-08T16:29:04.819+0000] {sql.py:375} INFO - Running statement: INSERT INTO artist_dim (artist_name,artist_id,genre) VALUES (%s,%s,%s) ON CONFLICT (artist_id) DO UPDATE SET artist_name=EXCLUDED.artist_name,artist_id=EXCLUDED.artist_id,genre=EXCLUDED.genre, parameters: ('Sevant', '47SwNXPh17mIDcZwsCr6hX', nan)
[2023-05-08T16:29:04.820+0000] {sql.py:384} INFO - Rows affected: 1
[2023-05-08T16:29:04.828+0000] {base.py:73} INFO - Using connection ID '***' for task execution.
[2023-05-08T16:29:04.835+0000] {sql.py:375} INFO - Running statement: INSERT INTO artist_dim (artist_name,artist_id,genre) VALUES (%s,%s,%s) ON CONFLICT (artist_id) DO UPDATE SET artist_name=EXCLUDED.artist_name,artist_id=EXCLUDED.artist_id,genre=EXCLUDED.genre, parameters: ('Lui Joseph', '7MS7B4QRp1n6c5H8N7s3wB', 'sad rap')
[2023-05-08T16:29:04.837+0000] {sql.py:384} INFO - Rows affected: 1
[2023-05-08T16:29:04.842+0000] {base.py:73} INFO - Using connection ID '***' for task execution.
[2023-05-08T16:29:04.848+0000] {sql.py:375} INFO - Running statement: INSERT INTO artist_dim (artist_name,artist_id,genre) VALUES (%s,%s,%s) ON CONFLICT (artist_id) DO UPDATE SET artist_name=EXCLUDED.artist_name,artist_id=EXCLUDED.artist_id,genre=EXCLUDED.genre, parameters: ('Josh Golden', '6wUAn24MOirNVNqQM47fda', 'la pop')
[2023-05-08T16:29:04.850+0000] {sql.py:384} INFO - Rows affected: 1
[2023-05-08T16:29:04.856+0000] {base.py:73} INFO - Using connection ID '***' for task execution.
[2023-05-08T16:29:04.864+0000] {sql.py:375} INFO - Running statement: INSERT INTO artist_dim (artist_name,artist_id,genre) VALUES (%s,%s,%s) ON CONFLICT (artist_id) DO UPDATE SET artist_name=EXCLUDED.artist_name,artist_id=EXCLUDED.artist_id,genre=EXCLUDED.genre, parameters: ('ATO', '4KoNbDwbCK9D04dSmYG93E', nan)
[2023-05-08T16:29:04.865+0000] {sql.py:384} INFO - Rows affected: 1
[2023-05-08T16:29:04.872+0000] {base.py:73} INFO - Using connection ID '***' for task execution.
[2023-05-08T16:29:04.879+0000] {sql.py:375} INFO - Running statement: INSERT INTO artist_dim (artist_name,artist_id,genre) VALUES (%s,%s,%s) ON CONFLICT (artist_id) DO UPDATE SET artist_name=EXCLUDED.artist_name,artist_id=EXCLUDED.artist_id,genre=EXCLUDED.genre, parameters: ('Felly', '2848adRcxvgWNRcz1g1tQD', 'indie pop rap')
[2023-05-08T16:29:04.881+0000] {sql.py:384} INFO - Rows affected: 1
[2023-05-08T16:29:04.887+0000] {base.py:73} INFO - Using connection ID '***' for task execution.
[2023-05-08T16:29:09.900+0000] {sql.py:375} INFO - Running statement: INSERT INTO artist_dim (artist_name,artist_id,genre) VALUES (%s,%s,%s) ON CONFLICT (artist_id) DO UPDATE SET artist_name=EXCLUDED.artist_name,artist_id=EXCLUDED.artist_id,genre=EXCLUDED.genre, parameters: ('RIZ LA VIE', '0QkgnHpxSCOYdTnhUR9S5k', 'bedroom soul')
[2023-05-08T16:29:09.902+0000] {sql.py:384} INFO - Rows affected: 1
[2023-05-08T16:29:09.910+0000] {base.py:73} INFO - Using connection ID '***' for task execution.
[2023-05-08T16:29:09.918+0000] {sql.py:375} INFO - Running statement: INSERT INTO artist_dim (artist_name,artist_id,genre) VALUES (%s,%s,%s) ON CONFLICT (artist_id) DO UPDATE SET artist_name=EXCLUDED.artist_name,artist_id=EXCLUDED.artist_id,genre=EXCLUDED.genre, parameters: ('Tommy Ice', '3AUIYVmhwrsw8UOPHEv91Z', 'emo rap')
[2023-05-08T16:29:09.920+0000] {sql.py:384} INFO - Rows affected: 1
[2023-05-08T16:29:09.926+0000] {base.py:73} INFO - Using connection ID '***' for task execution.
[2023-05-08T16:29:09.934+0000] {sql.py:375} INFO - Running statement: INSERT INTO artist_dim (artist_name,artist_id,genre) VALUES (%s,%s,%s) ON CONFLICT (artist_id) DO UPDATE SET artist_name=EXCLUDED.artist_name,artist_id=EXCLUDED.artist_id,genre=EXCLUDED.genre, parameters: ('Andrew Spacey', '71EAlWYAa5jb4phZIOlp7u', 'st louis rap')
[2023-05-08T16:29:09.935+0000] {sql.py:384} INFO - Rows affected: 1
[2023-05-08T16:29:09.941+0000] {base.py:73} INFO - Using connection ID '***' for task execution.
[2023-05-08T16:29:09.949+0000] {sql.py:375} INFO - Running statement: INSERT INTO artist_dim (artist_name,artist_id,genre) VALUES (%s,%s,%s) ON CONFLICT (artist_id) DO UPDATE SET artist_name=EXCLUDED.artist_name,artist_id=EXCLUDED.artist_id,genre=EXCLUDED.genre, parameters: ('aldn', '2GUw9Wzha61PkZoRVv1PDD', 'glitchcore')
[2023-05-08T16:29:09.951+0000] {sql.py:384} INFO - Rows affected: 1
[2023-05-08T16:29:09.957+0000] {base.py:73} INFO - Using connection ID '***' for task execution.
[2023-05-08T16:29:09.964+0000] {sql.py:375} INFO - Running statement: INSERT INTO artist_dim (artist_name,artist_id,genre) VALUES (%s,%s,%s) ON CONFLICT (artist_id) DO UPDATE SET artist_name=EXCLUDED.artist_name,artist_id=EXCLUDED.artist_id,genre=EXCLUDED.genre, parameters: ('RONEN', '3wDeS1sr05fxaOeiJJrOnL', 'aesthetic rap')
[2023-05-08T16:29:09.966+0000] {sql.py:384} INFO - Rows affected: 1
[2023-05-08T16:29:09.972+0000] {base.py:73} INFO - Using connection ID '***' for task execution.
[2023-05-08T16:29:09.979+0000] {sql.py:375} INFO - Running statement: INSERT INTO artist_dim (artist_name,artist_id,genre) VALUES (%s,%s,%s) ON CONFLICT (artist_id) DO UPDATE SET artist_name=EXCLUDED.artist_name,artist_id=EXCLUDED.artist_id,genre=EXCLUDED.genre, parameters: ('Elroy', '1OP39gZ2SXVnwg4NrARmsu', 'hyperpop')
[2023-05-08T16:29:09.980+0000] {sql.py:384} INFO - Rows affected: 1
[2023-05-08T16:29:09.986+0000] {base.py:73} INFO - Using connection ID '***' for task execution.
[2023-05-08T16:29:09.992+0000] {sql.py:375} INFO - Running statement: INSERT INTO artist_dim (artist_name,artist_id,genre) VALUES (%s,%s,%s) ON CONFLICT (artist_id) DO UPDATE SET artist_name=EXCLUDED.artist_name,artist_id=EXCLUDED.artist_id,genre=EXCLUDED.genre, parameters: ('44phantom', '1vwwjIPFeYoRfAUCqqO6cZ', nan)
[2023-05-08T16:29:09.994+0000] {sql.py:384} INFO - Rows affected: 1
[2023-05-08T16:29:10.000+0000] {base.py:73} INFO - Using connection ID '***' for task execution.
[2023-05-08T16:29:10.007+0000] {sql.py:375} INFO - Running statement: INSERT INTO artist_dim (artist_name,artist_id,genre) VALUES (%s,%s,%s) ON CONFLICT (artist_id) DO UPDATE SET artist_name=EXCLUDED.artist_name,artist_id=EXCLUDED.artist_id,genre=EXCLUDED.genre, parameters: ('Ramzoid', '2Ci3Sflo2BfC77wTwn2hbH', 'future bass')
[2023-05-08T16:29:10.009+0000] {sql.py:384} INFO - Rows affected: 1
[2023-05-08T16:29:10.015+0000] {base.py:73} INFO - Using connection ID '***' for task execution.
[2023-05-08T16:29:10.022+0000] {sql.py:375} INFO - Running statement: INSERT INTO artist_dim (artist_name,artist_id,genre) VALUES (%s,%s,%s) ON CONFLICT (artist_id) DO UPDATE SET artist_name=EXCLUDED.artist_name,artist_id=EXCLUDED.artist_id,genre=EXCLUDED.genre, parameters: ('GOLDHOUSE', '670UISOh9XV1zlq5z5IfoY', 'pop edm')
[2023-05-08T16:29:10.023+0000] {sql.py:384} INFO - Rows affected: 1
[2023-05-08T16:29:10.029+0000] {base.py:73} INFO - Using connection ID '***' for task execution.
[2023-05-08T16:29:10.036+0000] {sql.py:375} INFO - Running statement: INSERT INTO artist_dim (artist_name,artist_id,genre) VALUES (%s,%s,%s) ON CONFLICT (artist_id) DO UPDATE SET artist_name=EXCLUDED.artist_name,artist_id=EXCLUDED.artist_id,genre=EXCLUDED.genre, parameters: ('dying in designer', '3QZxOYl5zlZtfigtXOZsfT', 'emo rap')
[2023-05-08T16:29:10.038+0000] {sql.py:384} INFO - Rows affected: 1
[2023-05-08T16:29:10.044+0000] {base.py:73} INFO - Using connection ID '***' for task execution.
[2023-05-08T16:29:10.051+0000] {sql.py:375} INFO - Running statement: INSERT INTO artist_dim (artist_name,artist_id,genre) VALUES (%s,%s,%s) ON CONFLICT (artist_id) DO UPDATE SET artist_name=EXCLUDED.artist_name,artist_id=EXCLUDED.artist_id,genre=EXCLUDED.genre, parameters: ('Kota the Friend', '2AfU5LYBVCiCtuCCfM7uVX', 'underground hip hop')
[2023-05-08T16:29:10.052+0000] {sql.py:384} INFO - Rows affected: 1
[2023-05-08T16:29:10.058+0000] {base.py:73} INFO - Using connection ID '***' for task execution.
[2023-05-08T16:29:10.066+0000] {sql.py:375} INFO - Running statement: INSERT INTO artist_dim (artist_name,artist_id,genre) VALUES (%s,%s,%s) ON CONFLICT (artist_id) DO UPDATE SET artist_name=EXCLUDED.artist_name,artist_id=EXCLUDED.artist_id,genre=EXCLUDED.genre, parameters: ('Marlon Craft', '7MigDh04CCntQbsBvugEmb', 'nyc rap')
[2023-05-08T16:29:10.067+0000] {sql.py:384} INFO - Rows affected: 1
[2023-05-08T16:29:10.074+0000] {base.py:73} INFO - Using connection ID '***' for task execution.
[2023-05-08T16:29:10.080+0000] {sql.py:375} INFO - Running statement: INSERT INTO artist_dim (artist_name,artist_id,genre) VALUES (%s,%s,%s) ON CONFLICT (artist_id) DO UPDATE SET artist_name=EXCLUDED.artist_name,artist_id=EXCLUDED.artist_id,genre=EXCLUDED.genre, parameters: ('SEBASTIAN PAUL', '1tQu5TjcAK68fx8qrc8ZgF', nan)
[2023-05-08T16:29:10.081+0000] {sql.py:384} INFO - Rows affected: 1
[2023-05-08T16:29:10.088+0000] {base.py:73} INFO - Using connection ID '***' for task execution.
[2023-05-08T16:29:10.095+0000] {sql.py:375} INFO - Running statement: INSERT INTO artist_dim (artist_name,artist_id,genre) VALUES (%s,%s,%s) ON CONFLICT (artist_id) DO UPDATE SET artist_name=EXCLUDED.artist_name,artist_id=EXCLUDED.artist_id,genre=EXCLUDED.genre, parameters: ('Max Wells', '0Kx7qYhFiv0YD5lxEG1nsz', nan)
[2023-05-08T16:29:10.097+0000] {sql.py:384} INFO - Rows affected: 1
[2023-05-08T16:29:10.103+0000] {base.py:73} INFO - Using connection ID '***' for task execution.
[2023-05-08T16:29:10.111+0000] {sql.py:375} INFO - Running statement: INSERT INTO artist_dim (artist_name,artist_id,genre) VALUES (%s,%s,%s) ON CONFLICT (artist_id) DO UPDATE SET artist_name=EXCLUDED.artist_name,artist_id=EXCLUDED.artist_id,genre=EXCLUDED.genre, parameters: ('Gomey', '5ibWbhA0IkPT3xCN0YicRL', nan)
[2023-05-08T16:29:10.112+0000] {sql.py:384} INFO - Rows affected: 1
[2023-05-08T16:29:10.119+0000] {base.py:73} INFO - Using connection ID '***' for task execution.
[2023-05-08T16:29:10.125+0000] {sql.py:375} INFO - Running statement: INSERT INTO artist_dim (artist_name,artist_id,genre) VALUES (%s,%s,%s) ON CONFLICT (artist_id) DO UPDATE SET artist_name=EXCLUDED.artist_name,artist_id=EXCLUDED.artist_id,genre=EXCLUDED.genre, parameters: ('Christian French', '7naAJDAh7AZnf18YYfQruM', 'alt z')
[2023-05-08T16:29:10.127+0000] {sql.py:384} INFO - Rows affected: 1
[2023-05-08T16:29:10.133+0000] {base.py:73} INFO - Using connection ID '***' for task execution.
[2023-05-08T16:29:10.142+0000] {sql.py:375} INFO - Running statement: INSERT INTO artist_dim (artist_name,artist_id,genre) VALUES (%s,%s,%s) ON CONFLICT (artist_id) DO UPDATE SET artist_name=EXCLUDED.artist_name,artist_id=EXCLUDED.artist_id,genre=EXCLUDED.genre, parameters: ('tsubi club', '6fHEaFnFgMxMAtDt7mFoQ3', 'hyperpop')
[2023-05-08T16:29:10.144+0000] {sql.py:384} INFO - Rows affected: 1
[2023-05-08T16:29:10.150+0000] {base.py:73} INFO - Using connection ID '***' for task execution.
[2023-05-08T16:29:10.157+0000] {sql.py:375} INFO - Running statement: INSERT INTO artist_dim (artist_name,artist_id,genre) VALUES (%s,%s,%s) ON CONFLICT (artist_id) DO UPDATE SET artist_name=EXCLUDED.artist_name,artist_id=EXCLUDED.artist_id,genre=EXCLUDED.genre, parameters: ('Vwillz', '0S7eN9KAsbAaIZtFyCn1q1', nan)
[2023-05-08T16:29:10.159+0000] {sql.py:384} INFO - Rows affected: 1
[2023-05-08T16:29:10.165+0000] {base.py:73} INFO - Using connection ID '***' for task execution.
[2023-05-08T16:29:10.172+0000] {sql.py:375} INFO - Running statement: INSERT INTO artist_dim (artist_name,artist_id,genre) VALUES (%s,%s,%s) ON CONFLICT (artist_id) DO UPDATE SET artist_name=EXCLUDED.artist_name,artist_id=EXCLUDED.artist_id,genre=EXCLUDED.genre, parameters: ('Kevin Powers', '4X8TR9pBFyewFlIDYt1o2s', nan)
[2023-05-08T16:29:10.174+0000] {sql.py:384} INFO - Rows affected: 1
[2023-05-08T16:29:10.180+0000] {base.py:73} INFO - Using connection ID '***' for task execution.
[2023-05-08T16:29:10.187+0000] {sql.py:375} INFO - Running statement: INSERT INTO artist_dim (artist_name,artist_id,genre) VALUES (%s,%s,%s) ON CONFLICT (artist_id) DO UPDATE SET artist_name=EXCLUDED.artist_name,artist_id=EXCLUDED.artist_id,genre=EXCLUDED.genre, parameters: ('Brennan', '5UrcghjIlj83Jf7QjZfBhZ', nan)
[2023-05-08T16:29:10.189+0000] {sql.py:384} INFO - Rows affected: 1
[2023-05-08T16:29:10.195+0000] {base.py:73} INFO - Using connection ID '***' for task execution.
[2023-05-08T16:29:10.204+0000] {sql.py:375} INFO - Running statement: INSERT INTO artist_dim (artist_name,artist_id,genre) VALUES (%s,%s,%s) ON CONFLICT (artist_id) DO UPDATE SET artist_name=EXCLUDED.artist_name,artist_id=EXCLUDED.artist_id,genre=EXCLUDED.genre, parameters: ('Rawska', '3pob90yrusjcbgSYFKaeAk', 'cloud rap')
[2023-05-08T16:29:10.206+0000] {sql.py:384} INFO - Rows affected: 1
[2023-05-08T16:29:10.212+0000] {base.py:73} INFO - Using connection ID '***' for task execution.
[2023-05-08T16:29:10.218+0000] {sql.py:375} INFO - Running statement: INSERT INTO artist_dim (artist_name,artist_id,genre) VALUES (%s,%s,%s) ON CONFLICT (artist_id) DO UPDATE SET artist_name=EXCLUDED.artist_name,artist_id=EXCLUDED.artist_id,genre=EXCLUDED.genre, parameters: ('Ghostrage', '7BoBxrm9jJ7us6U92oqr4N', nan)
[2023-05-08T16:29:10.220+0000] {sql.py:384} INFO - Rows affected: 1
[2023-05-08T16:29:10.226+0000] {base.py:73} INFO - Using connection ID '***' for task execution.
[2023-05-08T16:29:10.233+0000] {sql.py:375} INFO - Running statement: INSERT INTO artist_dim (artist_name,artist_id,genre) VALUES (%s,%s,%s) ON CONFLICT (artist_id) DO UPDATE SET artist_name=EXCLUDED.artist_name,artist_id=EXCLUDED.artist_id,genre=EXCLUDED.genre, parameters: ('Cold Hart', '1fsCfvdiomqjKJFR6xI8e4', 'cloud rap')
[2023-05-08T16:29:10.235+0000] {sql.py:384} INFO - Rows affected: 1
[2023-05-08T16:29:10.241+0000] {base.py:73} INFO - Using connection ID '***' for task execution.
[2023-05-08T16:29:10.249+0000] {sql.py:375} INFO - Running statement: INSERT INTO artist_dim (artist_name,artist_id,genre) VALUES (%s,%s,%s) ON CONFLICT (artist_id) DO UPDATE SET artist_name=EXCLUDED.artist_name,artist_id=EXCLUDED.artist_id,genre=EXCLUDED.genre, parameters: ('Hovey Benjamin', '7wSr4otUV4ytUvHE4w3rBe', 'meme rap')
[2023-05-08T16:29:10.250+0000] {sql.py:384} INFO - Rows affected: 1
[2023-05-08T16:29:10.257+0000] {base.py:73} INFO - Using connection ID '***' for task execution.
[2023-05-08T16:29:10.264+0000] {sql.py:375} INFO - Running statement: INSERT INTO artist_dim (artist_name,artist_id,genre) VALUES (%s,%s,%s) ON CONFLICT (artist_id) DO UPDATE SET artist_name=EXCLUDED.artist_name,artist_id=EXCLUDED.artist_id,genre=EXCLUDED.genre, parameters: ('Yung Pinch', '61qMnYXa1GxSBoV3IiYKjZ', 'melodic rap')
[2023-05-08T16:29:10.266+0000] {sql.py:384} INFO - Rows affected: 1
[2023-05-08T16:29:10.272+0000] {base.py:73} INFO - Using connection ID '***' for task execution.
[2023-05-08T16:29:10.281+0000] {sql.py:375} INFO - Running statement: INSERT INTO artist_dim (artist_name,artist_id,genre) VALUES (%s,%s,%s) ON CONFLICT (artist_id) DO UPDATE SET artist_name=EXCLUDED.artist_name,artist_id=EXCLUDED.artist_id,genre=EXCLUDED.genre, parameters: ('underscores', '7HfUJxeVTgrvhk0eWHFzV7', 'hyperpop')
[2023-05-08T16:29:10.286+0000] {sql.py:384} INFO - Rows affected: 1
[2023-05-08T16:29:10.295+0000] {base.py:73} INFO - Using connection ID '***' for task execution.
[2023-05-08T16:29:10.305+0000] {sql.py:375} INFO - Running statement: INSERT INTO artist_dim (artist_name,artist_id,genre) VALUES (%s,%s,%s) ON CONFLICT (artist_id) DO UPDATE SET artist_name=EXCLUDED.artist_name,artist_id=EXCLUDED.artist_id,genre=EXCLUDED.genre, parameters: ('MASN', '4HAfqyKr4Sqtab6ttHWXgE', 'sad rap')
[2023-05-08T16:29:10.306+0000] {sql.py:384} INFO - Rows affected: 1
[2023-05-08T16:29:10.313+0000] {base.py:73} INFO - Using connection ID '***' for task execution.
[2023-05-08T16:29:10.320+0000] {sql.py:375} INFO - Running statement: INSERT INTO artist_dim (artist_name,artist_id,genre) VALUES (%s,%s,%s) ON CONFLICT (artist_id) DO UPDATE SET artist_name=EXCLUDED.artist_name,artist_id=EXCLUDED.artist_id,genre=EXCLUDED.genre, parameters: ('VIC MENSA', '27w1NoOLMX7tJMYqcetPyG', 'canadian hip hop')
[2023-05-08T16:29:10.321+0000] {sql.py:384} INFO - Rows affected: 1
[2023-05-08T16:29:10.327+0000] {base.py:73} INFO - Using connection ID '***' for task execution.
[2023-05-08T16:29:10.336+0000] {sql.py:375} INFO - Running statement: INSERT INTO artist_dim (artist_name,artist_id,genre) VALUES (%s,%s,%s) ON CONFLICT (artist_id) DO UPDATE SET artist_name=EXCLUDED.artist_name,artist_id=EXCLUDED.artist_id,genre=EXCLUDED.genre, parameters: ('mike.', '5G9kmDLg3OeUyj8KVBLzbu', 'indie pop rap')
[2023-05-08T16:29:10.337+0000] {sql.py:384} INFO - Rows affected: 1
[2023-05-08T16:29:10.343+0000] {base.py:73} INFO - Using connection ID '***' for task execution.
[2023-05-08T16:29:10.350+0000] {sql.py:375} INFO - Running statement: INSERT INTO artist_dim (artist_name,artist_id,genre) VALUES (%s,%s,%s) ON CONFLICT (artist_id) DO UPDATE SET artist_name=EXCLUDED.artist_name,artist_id=EXCLUDED.artist_id,genre=EXCLUDED.genre, parameters: ('POORSTACY', '7vSY9HEreOqb1Llar3UC38', 'emo rap')
[2023-05-08T16:29:10.351+0000] {sql.py:384} INFO - Rows affected: 1
[2023-05-08T16:29:10.357+0000] {base.py:73} INFO - Using connection ID '***' for task execution.
[2023-05-08T16:29:10.364+0000] {sql.py:375} INFO - Running statement: INSERT INTO artist_dim (artist_name,artist_id,genre) VALUES (%s,%s,%s) ON CONFLICT (artist_id) DO UPDATE SET artist_name=EXCLUDED.artist_name,artist_id=EXCLUDED.artist_id,genre=EXCLUDED.genre, parameters: ('han.irl <3', '5VfSeZYcDwD8WQVwbaoL6z', nan)
[2023-05-08T16:29:10.365+0000] {sql.py:384} INFO - Rows affected: 1
[2023-05-08T16:29:10.373+0000] {base.py:73} INFO - Using connection ID '***' for task execution.
[2023-05-08T16:29:10.379+0000] {sql.py:375} INFO - Running statement: INSERT INTO artist_dim (artist_name,artist_id,genre) VALUES (%s,%s,%s) ON CONFLICT (artist_id) DO UPDATE SET artist_name=EXCLUDED.artist_name,artist_id=EXCLUDED.artist_id,genre=EXCLUDED.genre, parameters: ('login', '5JZPSVFMUk4HGDdx68lN77', 'hyperpop')
[2023-05-08T16:29:10.381+0000] {sql.py:384} INFO - Rows affected: 1
[2023-05-08T16:29:10.387+0000] {base.py:73} INFO - Using connection ID '***' for task execution.
[2023-05-08T16:29:10.395+0000] {sql.py:375} INFO - Running statement: INSERT INTO artist_dim (artist_name,artist_id,genre) VALUES (%s,%s,%s) ON CONFLICT (artist_id) DO UPDATE SET artist_name=EXCLUDED.artist_name,artist_id=EXCLUDED.artist_id,genre=EXCLUDED.genre, parameters: ('静的 Static', '6rEjEIfp3NSRteU3kJGSET', 'emo rap')
[2023-05-08T16:29:10.397+0000] {sql.py:384} INFO - Rows affected: 1
[2023-05-08T16:29:10.403+0000] {base.py:73} INFO - Using connection ID '***' for task execution.
[2023-05-08T16:29:10.409+0000] {sql.py:375} INFO - Running statement: INSERT INTO artist_dim (artist_name,artist_id,genre) VALUES (%s,%s,%s) ON CONFLICT (artist_id) DO UPDATE SET artist_name=EXCLUDED.artist_name,artist_id=EXCLUDED.artist_id,genre=EXCLUDED.genre, parameters: ('Rich Brian', '2IDLDx25HU1nQMKde4n61a', 'indonesian hip hop')
[2023-05-08T16:29:10.410+0000] {sql.py:384} INFO - Rows affected: 1
[2023-05-08T16:29:10.416+0000] {base.py:73} INFO - Using connection ID '***' for task execution.
[2023-05-08T16:29:10.423+0000] {sql.py:375} INFO - Running statement: INSERT INTO artist_dim (artist_name,artist_id,genre) VALUES (%s,%s,%s) ON CONFLICT (artist_id) DO UPDATE SET artist_name=EXCLUDED.artist_name,artist_id=EXCLUDED.artist_id,genre=EXCLUDED.genre, parameters: ('88rising', '1AhjOkOLkbHUfcHDSErXQs', 'asian american hip hop')
[2023-05-08T16:29:10.424+0000] {sql.py:384} INFO - Rows affected: 1
[2023-05-08T16:29:10.425+0000] {python.py:183} INFO - Done. Returned value was: None
[2023-05-08T16:29:10.433+0000] {taskinstance.py:1373} INFO - Marking task as SUCCESS. dag_id=Summer_Warped_ETL, task_id=LoadData.LoadArtistDim, execution_date=20230508T162814, start_date=20230508T162903, end_date=20230508T162910
[2023-05-08T16:29:10.489+0000] {local_task_job_runner.py:232} INFO - Task exited with return code 0
[2023-05-08T16:29:10.508+0000] {taskinstance.py:2674} INFO - 1 downstream tasks scheduled from follow-on schedule check
