[2023-05-07T22:51:00.657+0000] {taskinstance.py:1125} INFO - Dependencies all met for dep_context=non-requeueable deps ti=<TaskInstance: Summer_Warped_ETL.GetArtistInfo manual__2023-05-07T22:50:54.990520+00:00 [queued]>
[2023-05-07T22:51:00.664+0000] {taskinstance.py:1125} INFO - Dependencies all met for dep_context=requeueable deps ti=<TaskInstance: Summer_Warped_ETL.GetArtistInfo manual__2023-05-07T22:50:54.990520+00:00 [queued]>
[2023-05-07T22:51:00.664+0000] {taskinstance.py:1331} INFO - Starting attempt 1 of 3
[2023-05-07T22:51:00.673+0000] {taskinstance.py:1350} INFO - Executing <Task(PythonOperator): GetArtistInfo> on 2023-05-07 22:50:54.990520+00:00
[2023-05-07T22:51:00.678+0000] {standard_task_runner.py:57} INFO - Started process 3348 to run task
[2023-05-07T22:51:00.683+0000] {standard_task_runner.py:84} INFO - Running: ['***', 'tasks', 'run', 'Summer_Warped_ETL', 'GetArtistInfo', 'manual__2023-05-07T22:50:54.990520+00:00', '--job-id', '1443', '--raw', '--subdir', 'DAGS_FOLDER/warped-dag.py', '--cfg-path', '/tmp/tmpb7_a2n_w']
[2023-05-07T22:51:00.688+0000] {standard_task_runner.py:85} INFO - Job 1443: Subtask GetArtistInfo
[2023-05-07T22:51:00.751+0000] {task_command.py:410} INFO - Running <TaskInstance: Summer_Warped_ETL.GetArtistInfo manual__2023-05-07T22:50:54.990520+00:00 [running]> on host 31774baccecb
[2023-05-07T22:51:00.828+0000] {taskinstance.py:1570} INFO - Exporting env vars: AIRFLOW_CTX_DAG_OWNER='Ananta Moharana' AIRFLOW_CTX_DAG_ID='Summer_Warped_ETL' AIRFLOW_CTX_TASK_ID='GetArtistInfo' AIRFLOW_CTX_EXECUTION_DATE='2023-05-07T22:50:54.990520+00:00' AIRFLOW_CTX_TRY_NUMBER='1' AIRFLOW_CTX_DAG_RUN_ID='manual__2023-05-07T22:50:54.990520+00:00'
[2023-05-07T22:51:00.990+0000] {logging_mixin.py:149} INFO - emo rap
[2023-05-07T22:51:01.428+0000] {logging_mixin.py:149} INFO - hyperpop
[2023-05-07T22:51:01.549+0000] {logging_mixin.py:149} INFO - underground hip hop
[2023-05-07T22:51:01.647+0000] {logging_mixin.py:149} INFO - sad rap
[2023-05-07T22:51:01.842+0000] {logging_mixin.py:149} INFO - emo rap
[2023-05-07T22:51:01.948+0000] {logging_mixin.py:149} INFO - cloud rap
[2023-05-07T22:51:02.049+0000] {logging_mixin.py:149} INFO - cloud rap
[2023-05-07T22:51:02.175+0000] {logging_mixin.py:149} INFO - emo rap
[2023-05-07T22:51:02.281+0000] {logging_mixin.py:149} INFO - indie pop rap
[2023-05-07T22:51:02.382+0000] {logging_mixin.py:149} INFO - indonesian hip hop
[2023-05-07T22:51:02.851+0000] {logging_mixin.py:149} INFO - canadian hip hop
[2023-05-07T22:51:02.977+0000] {logging_mixin.py:149} INFO - glitchcore
[2023-05-07T22:51:03.078+0000] {logging_mixin.py:149} INFO - emoplugg
[2023-05-07T22:51:03.180+0000] {logging_mixin.py:149} INFO - glitchcore
[2023-05-07T22:51:03.278+0000] {logging_mixin.py:149} INFO - pittsburgh rap
[2023-05-07T22:51:03.384+0000] {logging_mixin.py:149} INFO - emo rap
[2023-05-07T22:51:03.590+0000] {logging_mixin.py:149} INFO - indie hip hop
[2023-05-07T22:51:03.718+0000] {logging_mixin.py:149} INFO - aesthetic rap
[2023-05-07T22:51:03.826+0000] {logging_mixin.py:149} INFO - nyc rap
[2023-05-07T22:51:03.943+0000] {logging_mixin.py:149} INFO - cloud rap
[2023-05-07T22:51:04.042+0000] {logging_mixin.py:149} INFO - future bass
[2023-05-07T22:51:04.256+0000] {logging_mixin.py:149} INFO - sad rap
[2023-05-07T22:51:04.778+0000] {logging_mixin.py:149} INFO - alt z
[2023-05-07T22:51:04.889+0000] {logging_mixin.py:149} INFO - sad rap
[2023-05-07T22:51:04.980+0000] {logging_mixin.py:149} INFO - vapor trap
[2023-05-07T22:51:05.073+0000] {logging_mixin.py:149} INFO - glitchcore
[2023-05-07T22:51:05.289+0000] {logging_mixin.py:149} INFO - cloud rap
[2023-05-07T22:51:05.385+0000] {logging_mixin.py:149} INFO - canadian contemporary r&b
[2023-05-07T22:51:05.865+0000] {logging_mixin.py:149} INFO - deep underground hip hop
[2023-05-07T22:51:05.981+0000] {logging_mixin.py:149} INFO - bedroom soul
[2023-05-07T22:51:06.107+0000] {logging_mixin.py:149} INFO - canadian hip hop
[2023-05-07T22:51:06.209+0000] {logging_mixin.py:149} INFO - la pop
[2023-05-07T22:51:06.333+0000] {logging_mixin.py:149} INFO - emo rap
[2023-05-07T22:51:06.526+0000] {logging_mixin.py:149} INFO - indie pop rap
[2023-05-07T22:51:06.617+0000] {logging_mixin.py:149} INFO - cloud rap
[2023-05-07T22:51:06.707+0000] {logging_mixin.py:149} INFO - canadian contemporary r&b
[2023-05-07T22:51:07.025+0000] {logging_mixin.py:149} INFO - st louis rap
[2023-05-07T22:51:07.209+0000] {logging_mixin.py:149} INFO - atl hip hop
[2023-05-07T22:51:07.409+0000] {logging_mixin.py:149} INFO - emo rap
[2023-05-07T22:51:07.516+0000] {logging_mixin.py:149} INFO - cloud rap
[2023-05-07T22:51:07.615+0000] {logging_mixin.py:149} INFO - aesthetic rap
[2023-05-07T22:51:07.925+0000] {logging_mixin.py:149} INFO - melodic rap
[2023-05-07T22:51:08.044+0000] {logging_mixin.py:149} INFO - cloud rap
[2023-05-07T22:51:08.331+0000] {logging_mixin.py:149} INFO - hyperpop
[2023-05-07T22:51:08.430+0000] {logging_mixin.py:149} INFO - cloud rap
[2023-05-07T22:51:08.528+0000] {logging_mixin.py:149} INFO - hyperpop
[2023-05-07T22:51:08.787+0000] {logging_mixin.py:149} INFO - cali rap
[2023-05-07T22:51:09.171+0000] {logging_mixin.py:149} INFO - emo rap
[2023-05-07T22:51:09.266+0000] {logging_mixin.py:149} INFO - alt z
[2023-05-07T22:51:09.464+0000] {logging_mixin.py:149} INFO - meme rap
[2023-05-07T22:51:09.558+0000] {logging_mixin.py:149} INFO - lo-fi rap
[2023-05-07T22:51:09.665+0000] {logging_mixin.py:149} INFO - glitchcore
[2023-05-07T22:51:09.937+0000] {logging_mixin.py:149} INFO - cloud rap
[2023-05-07T22:51:10.237+0000] {logging_mixin.py:149} INFO - hyperpop
[2023-05-07T22:51:10.378+0000] {logging_mixin.py:149} INFO - asian american hip hop
[2023-05-07T22:51:10.494+0000] {logging_mixin.py:149} INFO - pop edm
[2023-05-07T22:51:10.588+0000] {logging_mixin.py:149} INFO - hyperpop
[2023-05-07T22:51:10.694+0000] {logging_mixin.py:149} INFO - upstate ny rap
[2023-05-07T22:51:10.707+0000] {python.py:183} INFO - Done. Returned value was: None
[2023-05-07T22:51:10.715+0000] {taskinstance.py:1373} INFO - Marking task as SUCCESS. dag_id=Summer_Warped_ETL, task_id=GetArtistInfo, execution_date=20230507T225054, start_date=20230507T225100, end_date=20230507T225110
[2023-05-07T22:51:10.771+0000] {local_task_job_runner.py:232} INFO - Task exited with return code 0
[2023-05-07T22:51:10.793+0000] {taskinstance.py:2674} INFO - 0 downstream tasks scheduled from follow-on schedule check
