[2023-05-06T19:00:33.343+0000] {taskinstance.py:1125} INFO - Dependencies all met for dep_context=non-requeueable deps ti=<TaskInstance: Summer_Warped_ETL.GetSongsFromPlaylist manual__2023-05-06T03:40:12.069128+00:00 [queued]>
[2023-05-06T19:00:33.349+0000] {taskinstance.py:1125} INFO - Dependencies all met for dep_context=requeueable deps ti=<TaskInstance: Summer_Warped_ETL.GetSongsFromPlaylist manual__2023-05-06T03:40:12.069128+00:00 [queued]>
[2023-05-06T19:00:33.349+0000] {taskinstance.py:1331} INFO - Starting attempt 38 of 39
[2023-05-06T19:00:33.357+0000] {taskinstance.py:1350} INFO - Executing <Task(PythonOperator): GetSongsFromPlaylist> on 2023-05-06 03:40:12.069128+00:00
[2023-05-06T19:00:33.363+0000] {standard_task_runner.py:57} INFO - Started process 2934 to run task
[2023-05-06T19:00:33.366+0000] {standard_task_runner.py:84} INFO - Running: ['***', 'tasks', 'run', 'Summer_Warped_ETL', 'GetSongsFromPlaylist', 'manual__2023-05-06T03:40:12.069128+00:00', '--job-id', '195', '--raw', '--subdir', 'DAGS_FOLDER/warped-dag.py', '--cfg-path', '/tmp/tmpz9xtcudo']
[2023-05-06T19:00:33.367+0000] {standard_task_runner.py:85} INFO - Job 195: Subtask GetSongsFromPlaylist
[2023-05-06T19:00:33.416+0000] {task_command.py:410} INFO - Running <TaskInstance: Summer_Warped_ETL.GetSongsFromPlaylist manual__2023-05-06T03:40:12.069128+00:00 [running]> on host 49f85d1317d0
[2023-05-06T19:00:33.476+0000] {taskinstance.py:1570} INFO - Exporting env vars: AIRFLOW_CTX_DAG_OWNER='Ananta Moharana' AIRFLOW_CTX_DAG_ID='Summer_Warped_ETL' AIRFLOW_CTX_TASK_ID='GetSongsFromPlaylist' AIRFLOW_CTX_EXECUTION_DATE='2023-05-06T03:40:12.069128+00:00' AIRFLOW_CTX_TRY_NUMBER='38' AIRFLOW_CTX_DAG_RUN_ID='manual__2023-05-06T03:40:12.069128+00:00'
[2023-05-06T19:00:33.935+0000] {logging_mixin.py:149} INFO - 50
[2023-05-06T19:00:33.937+0000] {logging_mixin.py:149} INFO - 0
[2023-05-06T19:00:33.944+0000] {logging_mixin.py:149} INFO - 1
[2023-05-06T19:00:33.948+0000] {logging_mixin.py:149} INFO - 2
[2023-05-06T19:00:33.950+0000] {logging_mixin.py:149} INFO - 3
[2023-05-06T19:00:33.952+0000] {logging_mixin.py:149} INFO - 4
[2023-05-06T19:00:33.955+0000] {logging_mixin.py:149} INFO - 5
[2023-05-06T19:00:33.956+0000] {logging_mixin.py:149} INFO - 6
[2023-05-06T19:00:33.958+0000] {logging_mixin.py:149} INFO - 7
[2023-05-06T19:00:33.961+0000] {logging_mixin.py:149} INFO - 8
[2023-05-06T19:00:33.962+0000] {logging_mixin.py:149} INFO - 9
[2023-05-06T19:00:33.965+0000] {logging_mixin.py:149} INFO - 10
[2023-05-06T19:00:33.967+0000] {logging_mixin.py:149} INFO - 11
[2023-05-06T19:00:33.970+0000] {logging_mixin.py:149} INFO - 12
[2023-05-06T19:00:33.972+0000] {logging_mixin.py:149} INFO - 13
[2023-05-06T19:00:33.974+0000] {logging_mixin.py:149} INFO - 14
[2023-05-06T19:00:33.977+0000] {logging_mixin.py:149} INFO - 15
[2023-05-06T19:00:33.979+0000] {logging_mixin.py:149} INFO - 16
[2023-05-06T19:00:33.981+0000] {logging_mixin.py:149} INFO - 17
[2023-05-06T19:00:33.983+0000] {logging_mixin.py:149} INFO - 18
[2023-05-06T19:00:33.985+0000] {logging_mixin.py:149} INFO - 19
[2023-05-06T19:00:33.987+0000] {logging_mixin.py:149} INFO - 20
[2023-05-06T19:00:33.988+0000] {logging_mixin.py:149} INFO - 21
[2023-05-06T19:00:33.989+0000] {logging_mixin.py:149} INFO - 22
[2023-05-06T19:00:33.990+0000] {logging_mixin.py:149} INFO - 23
[2023-05-06T19:00:33.992+0000] {logging_mixin.py:149} INFO - 24
[2023-05-06T19:00:33.993+0000] {logging_mixin.py:149} INFO - 25
[2023-05-06T19:00:33.994+0000] {logging_mixin.py:149} INFO - 26
[2023-05-06T19:00:33.996+0000] {logging_mixin.py:149} INFO - 27
[2023-05-06T19:00:33.997+0000] {logging_mixin.py:149} INFO - 28
[2023-05-06T19:00:33.999+0000] {logging_mixin.py:149} INFO - 29
[2023-05-06T19:00:34.000+0000] {logging_mixin.py:149} INFO - 30
[2023-05-06T19:00:34.002+0000] {logging_mixin.py:149} INFO - 31
[2023-05-06T19:00:34.003+0000] {logging_mixin.py:149} INFO - 32
[2023-05-06T19:00:34.004+0000] {logging_mixin.py:149} INFO - 33
[2023-05-06T19:00:34.006+0000] {logging_mixin.py:149} INFO - 34
[2023-05-06T19:00:34.008+0000] {logging_mixin.py:149} INFO - 35
[2023-05-06T19:00:34.009+0000] {logging_mixin.py:149} INFO - 36
[2023-05-06T19:00:34.010+0000] {logging_mixin.py:149} INFO - 37
[2023-05-06T19:00:34.011+0000] {logging_mixin.py:149} INFO - 38
[2023-05-06T19:00:34.012+0000] {logging_mixin.py:149} INFO - 39
[2023-05-06T19:00:34.014+0000] {logging_mixin.py:149} INFO - 40
[2023-05-06T19:00:34.015+0000] {logging_mixin.py:149} INFO - 41
[2023-05-06T19:00:34.016+0000] {logging_mixin.py:149} INFO - 42
[2023-05-06T19:00:34.017+0000] {logging_mixin.py:149} INFO - 43
[2023-05-06T19:00:34.018+0000] {logging_mixin.py:149} INFO - 44
[2023-05-06T19:00:34.019+0000] {logging_mixin.py:149} INFO - 45
[2023-05-06T19:00:34.020+0000] {logging_mixin.py:149} INFO - 46
[2023-05-06T19:00:34.022+0000] {logging_mixin.py:149} INFO - 47
[2023-05-06T19:00:34.023+0000] {taskinstance.py:1847} ERROR - Task failed with exception
Traceback (most recent call last):
  File "/home/airflow/.local/lib/python3.7/site-packages/airflow/operators/python.py", line 181, in execute
    return_value = self.execute_callable()
  File "/home/airflow/.local/lib/python3.7/site-packages/airflow/operators/python.py", line 198, in execute_callable
    return self.python_callable(*self.op_args, **self.op_kwargs)
  File "/opt/airflow/dags/src/extract.py", line 64, in get_songs_from_playlist
    song_name=item['track']['name']
TypeError: 'NoneType' object is not subscriptable
[2023-05-06T19:00:34.033+0000] {taskinstance.py:1373} INFO - Marking task as UP_FOR_RETRY. dag_id=Summer_Warped_ETL, task_id=GetSongsFromPlaylist, execution_date=20230506T034012, start_date=20230506T190033, end_date=20230506T190034
[2023-05-06T19:00:34.041+0000] {standard_task_runner.py:109} ERROR - Failed to execute job 195 for task GetSongsFromPlaylist ('NoneType' object is not subscriptable; 2934)
[2023-05-06T19:00:34.074+0000] {local_task_job_runner.py:232} INFO - Task exited with return code 1
[2023-05-06T19:00:34.092+0000] {taskinstance.py:2674} INFO - 0 downstream tasks scheduled from follow-on schedule check
