[2023-05-06T18:43:45.731+0000] {taskinstance.py:1125} INFO - Dependencies all met for dep_context=non-requeueable deps ti=<TaskInstance: Summer_Warped_ETL.GetSongsFromPlaylist manual__2023-05-06T03:40:12.069128+00:00 [queued]>
[2023-05-06T18:43:45.736+0000] {taskinstance.py:1125} INFO - Dependencies all met for dep_context=requeueable deps ti=<TaskInstance: Summer_Warped_ETL.GetSongsFromPlaylist manual__2023-05-06T03:40:12.069128+00:00 [queued]>
[2023-05-06T18:43:45.737+0000] {taskinstance.py:1331} INFO - Starting attempt 12 of 12
[2023-05-06T18:43:45.744+0000] {taskinstance.py:1350} INFO - Executing <Task(PythonOperator): GetSongsFromPlaylist> on 2023-05-06 03:40:12.069128+00:00
[2023-05-06T18:43:45.749+0000] {standard_task_runner.py:57} INFO - Started process 2489 to run task
[2023-05-06T18:43:45.753+0000] {standard_task_runner.py:84} INFO - Running: ['***', 'tasks', 'run', 'Summer_Warped_ETL', 'GetSongsFromPlaylist', 'manual__2023-05-06T03:40:12.069128+00:00', '--job-id', '157', '--raw', '--subdir', 'DAGS_FOLDER/warped-dag.py', '--cfg-path', '/tmp/tmpd55ti_os']
[2023-05-06T18:43:45.754+0000] {standard_task_runner.py:85} INFO - Job 157: Subtask GetSongsFromPlaylist
[2023-05-06T18:43:45.798+0000] {task_command.py:410} INFO - Running <TaskInstance: Summer_Warped_ETL.GetSongsFromPlaylist manual__2023-05-06T03:40:12.069128+00:00 [running]> on host 49f85d1317d0
[2023-05-06T18:43:45.856+0000] {taskinstance.py:1570} INFO - Exporting env vars: AIRFLOW_CTX_DAG_OWNER='Ananta Moharana' AIRFLOW_CTX_DAG_ID='Summer_Warped_ETL' AIRFLOW_CTX_TASK_ID='GetSongsFromPlaylist' AIRFLOW_CTX_EXECUTION_DATE='2023-05-06T03:40:12.069128+00:00' AIRFLOW_CTX_TRY_NUMBER='12' AIRFLOW_CTX_DAG_RUN_ID='manual__2023-05-06T03:40:12.069128+00:00'
[2023-05-06T18:43:46.457+0000] {taskinstance.py:1847} ERROR - Task failed with exception
Traceback (most recent call last):
  File "/home/airflow/.local/lib/python3.7/site-packages/airflow/operators/python.py", line 181, in execute
    return_value = self.execute_callable()
  File "/home/airflow/.local/lib/python3.7/site-packages/airflow/operators/python.py", line 198, in execute_callable
    return self.python_callable(*self.op_args, **self.op_kwargs)
  File "/opt/airflow/dags/src/extract.py", line 62, in get_songs_from_playlist
    song_name=item['track']['name']
TypeError: 'NoneType' object is not subscriptable
[2023-05-06T18:43:46.466+0000] {taskinstance.py:1373} INFO - Marking task as FAILED. dag_id=Summer_Warped_ETL, task_id=GetSongsFromPlaylist, execution_date=20230506T034012, start_date=20230506T184345, end_date=20230506T184346
[2023-05-06T18:43:46.473+0000] {standard_task_runner.py:109} ERROR - Failed to execute job 157 for task GetSongsFromPlaylist ('NoneType' object is not subscriptable; 2489)
[2023-05-06T18:43:46.516+0000] {local_task_job_runner.py:232} INFO - Task exited with return code 1
[2023-05-06T18:43:46.535+0000] {taskinstance.py:2674} INFO - 0 downstream tasks scheduled from follow-on schedule check
