[2023-05-06T18:53:28.743+0000] {taskinstance.py:1125} INFO - Dependencies all met for dep_context=non-requeueable deps ti=<TaskInstance: Summer_Warped_ETL.GetSongsFromPlaylist manual__2023-05-06T03:40:12.069128+00:00 [queued]>
[2023-05-06T18:53:28.748+0000] {taskinstance.py:1125} INFO - Dependencies all met for dep_context=requeueable deps ti=<TaskInstance: Summer_Warped_ETL.GetSongsFromPlaylist manual__2023-05-06T03:40:12.069128+00:00 [queued]>
[2023-05-06T18:53:28.749+0000] {taskinstance.py:1331} INFO - Starting attempt 30 of 30
[2023-05-06T18:53:28.757+0000] {taskinstance.py:1350} INFO - Executing <Task(PythonOperator): GetSongsFromPlaylist> on 2023-05-06 03:40:12.069128+00:00
[2023-05-06T18:53:28.763+0000] {standard_task_runner.py:57} INFO - Started process 2736 to run task
[2023-05-06T18:53:28.768+0000] {standard_task_runner.py:84} INFO - Running: ['***', 'tasks', 'run', 'Summer_Warped_ETL', 'GetSongsFromPlaylist', 'manual__2023-05-06T03:40:12.069128+00:00', '--job-id', '178', '--raw', '--subdir', 'DAGS_FOLDER/warped-dag.py', '--cfg-path', '/tmp/tmpdzqdbl29']
[2023-05-06T18:53:28.769+0000] {standard_task_runner.py:85} INFO - Job 178: Subtask GetSongsFromPlaylist
[2023-05-06T18:53:28.811+0000] {task_command.py:410} INFO - Running <TaskInstance: Summer_Warped_ETL.GetSongsFromPlaylist manual__2023-05-06T03:40:12.069128+00:00 [running]> on host 49f85d1317d0
[2023-05-06T18:53:28.871+0000] {taskinstance.py:1570} INFO - Exporting env vars: AIRFLOW_CTX_DAG_OWNER='Ananta Moharana' AIRFLOW_CTX_DAG_ID='Summer_Warped_ETL' AIRFLOW_CTX_TASK_ID='GetSongsFromPlaylist' AIRFLOW_CTX_EXECUTION_DATE='2023-05-06T03:40:12.069128+00:00' AIRFLOW_CTX_TRY_NUMBER='30' AIRFLOW_CTX_DAG_RUN_ID='manual__2023-05-06T03:40:12.069128+00:00'
[2023-05-06T18:53:29.378+0000] {logging_mixin.py:149} INFO - howdy
[2023-05-06T18:53:29.379+0000] {logging_mixin.py:149} INFO - un x100to
[2023-05-06T18:53:29.380+0000] {logging_mixin.py:149} INFO - un x100to
[2023-05-06T18:53:29.388+0000] {logging_mixin.py:149} INFO - Ella Baila Sola
[2023-05-06T18:53:29.392+0000] {logging_mixin.py:149} INFO - La Bebe - Remix
[2023-05-06T18:53:29.395+0000] {logging_mixin.py:149} INFO - Flowers
[2023-05-06T18:53:29.397+0000] {logging_mixin.py:149} INFO - Cupid - Twin Ver.
[2023-05-06T18:53:29.399+0000] {logging_mixin.py:149} INFO - Kill Bill
[2023-05-06T18:53:29.401+0000] {logging_mixin.py:149} INFO - Daylight
[2023-05-06T18:53:29.402+0000] {logging_mixin.py:149} INFO - TQG
[2023-05-06T18:53:29.405+0000] {logging_mixin.py:149} INFO - As It Was
[2023-05-06T18:53:29.406+0000] {logging_mixin.py:149} INFO - Classy 101
[2023-05-06T18:53:29.409+0000] {logging_mixin.py:149} INFO - PRC
[2023-05-06T18:53:29.411+0000] {logging_mixin.py:149} INFO - Calm Down (with Selena Gomez)
[2023-05-06T18:53:29.413+0000] {logging_mixin.py:149} INFO - BESO
[2023-05-06T18:53:29.415+0000] {logging_mixin.py:149} INFO - Yandel 150
[2023-05-06T18:53:29.417+0000] {logging_mixin.py:149} INFO - Creepin' (with The Weeknd & 21 Savage)
[2023-05-06T18:53:29.419+0000] {logging_mixin.py:149} INFO - El Azul
[2023-05-06T18:53:29.421+0000] {logging_mixin.py:149} INFO - AMG
[2023-05-06T18:53:29.424+0000] {logging_mixin.py:149} INFO - Die For You (with Ariana Grande) - Remix
[2023-05-06T18:53:29.425+0000] {logging_mixin.py:149} INFO - Boy's a liar Pt. 2
[2023-05-06T18:53:29.427+0000] {logging_mixin.py:149} INFO - See You Again (feat. Kali Uchis)
[2023-05-06T18:53:29.429+0000] {logging_mixin.py:149} INFO - Anti-Hero
[2023-05-06T18:53:29.430+0000] {logging_mixin.py:149} INFO - Last Night
[2023-05-06T18:53:29.431+0000] {logging_mixin.py:149} INFO - El Gordo Trae El Mando
[2023-05-06T18:53:29.432+0000] {logging_mixin.py:149} INFO - I'm Good (Blue)
[2023-05-06T18:53:29.434+0000] {logging_mixin.py:149} INFO - Por las Noches
[2023-05-06T18:53:29.435+0000] {logging_mixin.py:149} INFO - Die For You
[2023-05-06T18:53:29.436+0000] {logging_mixin.py:149} INFO - Eyes Closed
[2023-05-06T18:53:29.438+0000] {logging_mixin.py:149} INFO - Shakira: Bzrp Music Sessions, Vol. 53
[2023-05-06T18:53:29.439+0000] {logging_mixin.py:149} INFO - Unholy (feat. Kim Petras)
[2023-05-06T18:53:29.441+0000] {logging_mixin.py:149} INFO - I Wanna Be Yours
[2023-05-06T18:53:29.442+0000] {logging_mixin.py:149} INFO - Starboy
[2023-05-06T18:53:29.444+0000] {logging_mixin.py:149} INFO - I Ain't Worried
[2023-05-06T18:53:29.445+0000] {logging_mixin.py:149} INFO - Here With Me
[2023-05-06T18:53:29.446+0000] {logging_mixin.py:149} INFO - Until I Found You (with Em Beihold) - Em Beihold Version
[2023-05-06T18:53:29.448+0000] {logging_mixin.py:149} INFO - Hey Mor
[2023-05-06T18:53:29.450+0000] {logging_mixin.py:149} INFO - golden hour
[2023-05-06T18:53:29.451+0000] {logging_mixin.py:149} INFO - La Bachata
[2023-05-06T18:53:29.452+0000] {logging_mixin.py:149} INFO - FLOWER
[2023-05-06T18:53:29.453+0000] {logging_mixin.py:149} INFO - Another Love
[2023-05-06T18:53:29.454+0000] {logging_mixin.py:149} INFO - Quevedo: Bzrp Music Sessions, Vol. 52
[2023-05-06T18:53:29.456+0000] {logging_mixin.py:149} INFO - Like Crazy
[2023-05-06T18:53:29.457+0000] {logging_mixin.py:149} INFO - Curtains
[2023-05-06T18:53:29.458+0000] {logging_mixin.py:149} INFO - Chemical
[2023-05-06T18:53:29.459+0000] {logging_mixin.py:149} INFO - Moonlight
[2023-05-06T18:53:29.460+0000] {logging_mixin.py:149} INFO - People
[2023-05-06T18:53:29.461+0000] {logging_mixin.py:149} INFO - Coco Chanel
[2023-05-06T18:53:29.462+0000] {logging_mixin.py:149} INFO - Mockingbird
[2023-05-06T18:53:29.463+0000] {logging_mixin.py:149} INFO - Angels Like You
[2023-05-06T18:53:29.464+0000] {taskinstance.py:1847} ERROR - Task failed with exception
Traceback (most recent call last):
  File "/home/airflow/.local/lib/python3.7/site-packages/airflow/operators/python.py", line 181, in execute
    return_value = self.execute_callable()
  File "/home/airflow/.local/lib/python3.7/site-packages/airflow/operators/python.py", line 198, in execute_callable
    return self.python_callable(*self.op_args, **self.op_kwargs)
  File "/opt/airflow/dags/src/extract.py", line 65, in get_songs_from_playlist
    song_name=item['track']['name']
TypeError: 'NoneType' object is not subscriptable
[2023-05-06T18:53:29.473+0000] {taskinstance.py:1373} INFO - Marking task as FAILED. dag_id=Summer_Warped_ETL, task_id=GetSongsFromPlaylist, execution_date=20230506T034012, start_date=20230506T185328, end_date=20230506T185329
[2023-05-06T18:53:29.480+0000] {standard_task_runner.py:109} ERROR - Failed to execute job 178 for task GetSongsFromPlaylist ('NoneType' object is not subscriptable; 2736)
[2023-05-06T18:53:29.521+0000] {local_task_job_runner.py:232} INFO - Task exited with return code 1
[2023-05-06T18:53:29.540+0000] {taskinstance.py:2674} INFO - 0 downstream tasks scheduled from follow-on schedule check
