[2023-05-06T19:22:21.672+0000] {taskinstance.py:1125} INFO - Dependencies all met for dep_context=non-requeueable deps ti=<TaskInstance: Summer_Warped_ETL.GetSongsFromPlaylist manual__2023-05-06T03:40:12.069128+00:00 [queued]>
[2023-05-06T19:22:21.677+0000] {taskinstance.py:1125} INFO - Dependencies all met for dep_context=requeueable deps ti=<TaskInstance: Summer_Warped_ETL.GetSongsFromPlaylist manual__2023-05-06T03:40:12.069128+00:00 [queued]>
[2023-05-06T19:22:21.677+0000] {taskinstance.py:1331} INFO - Starting attempt 42 of 44
[2023-05-06T19:22:21.685+0000] {taskinstance.py:1350} INFO - Executing <Task(PythonOperator): GetSongsFromPlaylist> on 2023-05-06 03:40:12.069128+00:00
[2023-05-06T19:22:21.689+0000] {standard_task_runner.py:57} INFO - Started process 3435 to run task
[2023-05-06T19:22:21.693+0000] {standard_task_runner.py:84} INFO - Running: ['***', 'tasks', 'run', 'Summer_Warped_ETL', 'GetSongsFromPlaylist', 'manual__2023-05-06T03:40:12.069128+00:00', '--job-id', '217', '--raw', '--subdir', 'DAGS_FOLDER/warped-dag.py', '--cfg-path', '/tmp/tmpsjfut1ir']
[2023-05-06T19:22:21.694+0000] {standard_task_runner.py:85} INFO - Job 217: Subtask GetSongsFromPlaylist
[2023-05-06T19:22:21.726+0000] {task_command.py:410} INFO - Running <TaskInstance: Summer_Warped_ETL.GetSongsFromPlaylist manual__2023-05-06T03:40:12.069128+00:00 [running]> on host 49f85d1317d0
[2023-05-06T19:22:21.778+0000] {taskinstance.py:1570} INFO - Exporting env vars: AIRFLOW_CTX_DAG_OWNER='Ananta Moharana' AIRFLOW_CTX_DAG_ID='Summer_Warped_ETL' AIRFLOW_CTX_TASK_ID='GetSongsFromPlaylist' AIRFLOW_CTX_EXECUTION_DATE='2023-05-06T03:40:12.069128+00:00' AIRFLOW_CTX_TRY_NUMBER='42' AIRFLOW_CTX_DAG_RUN_ID='manual__2023-05-06T03:40:12.069128+00:00'
[2023-05-06T19:22:22.203+0000] {logging_mixin.py:149} INFO - 100
[2023-05-06T19:22:22.204+0000] {logging_mixin.py:149} INFO - 0
[2023-05-06T19:22:22.207+0000] {logging_mixin.py:149} INFO - 1
[2023-05-06T19:22:22.209+0000] {logging_mixin.py:149} INFO - 2
[2023-05-06T19:22:22.211+0000] {logging_mixin.py:149} INFO - 3
[2023-05-06T19:22:22.212+0000] {logging_mixin.py:149} INFO - 4
[2023-05-06T19:22:22.214+0000] {logging_mixin.py:149} INFO - 5
[2023-05-06T19:22:22.215+0000] {logging_mixin.py:149} INFO - 6
[2023-05-06T19:22:22.216+0000] {logging_mixin.py:149} INFO - 7
[2023-05-06T19:22:22.218+0000] {logging_mixin.py:149} INFO - 8
[2023-05-06T19:22:22.219+0000] {logging_mixin.py:149} INFO - 9
[2023-05-06T19:22:22.220+0000] {logging_mixin.py:149} INFO - 10
[2023-05-06T19:22:22.222+0000] {logging_mixin.py:149} INFO - 11
[2023-05-06T19:22:22.223+0000] {logging_mixin.py:149} INFO - 12
[2023-05-06T19:22:22.224+0000] {logging_mixin.py:149} INFO - 13
[2023-05-06T19:22:22.225+0000] {logging_mixin.py:149} INFO - 14
[2023-05-06T19:22:22.226+0000] {logging_mixin.py:149} INFO - 15
[2023-05-06T19:22:22.227+0000] {logging_mixin.py:149} INFO - 16
[2023-05-06T19:22:22.228+0000] {logging_mixin.py:149} INFO - 17
[2023-05-06T19:22:22.230+0000] {logging_mixin.py:149} INFO - 18
[2023-05-06T19:22:22.231+0000] {logging_mixin.py:149} INFO - 19
[2023-05-06T19:22:22.232+0000] {logging_mixin.py:149} INFO - 20
[2023-05-06T19:22:22.233+0000] {logging_mixin.py:149} INFO - 21
[2023-05-06T19:22:22.234+0000] {logging_mixin.py:149} INFO - 22
[2023-05-06T19:22:22.235+0000] {logging_mixin.py:149} INFO - 23
[2023-05-06T19:22:22.237+0000] {logging_mixin.py:149} INFO - 24
[2023-05-06T19:22:22.238+0000] {logging_mixin.py:149} INFO - 25
[2023-05-06T19:22:22.239+0000] {logging_mixin.py:149} INFO - 26
[2023-05-06T19:22:22.240+0000] {logging_mixin.py:149} INFO - 27
[2023-05-06T19:22:22.243+0000] {logging_mixin.py:149} INFO - 28
[2023-05-06T19:22:22.244+0000] {logging_mixin.py:149} INFO - 29
[2023-05-06T19:22:22.245+0000] {logging_mixin.py:149} INFO - 30
[2023-05-06T19:22:22.246+0000] {logging_mixin.py:149} INFO - 31
[2023-05-06T19:22:22.247+0000] {logging_mixin.py:149} INFO - 32
[2023-05-06T19:22:22.248+0000] {logging_mixin.py:149} INFO - 33
[2023-05-06T19:22:22.249+0000] {logging_mixin.py:149} INFO - 34
[2023-05-06T19:22:22.250+0000] {logging_mixin.py:149} INFO - 35
[2023-05-06T19:22:22.252+0000] {logging_mixin.py:149} INFO - 36
[2023-05-06T19:22:22.253+0000] {logging_mixin.py:149} INFO - 37
[2023-05-06T19:22:22.254+0000] {logging_mixin.py:149} INFO - 38
[2023-05-06T19:22:22.255+0000] {logging_mixin.py:149} INFO - 39
[2023-05-06T19:22:22.257+0000] {logging_mixin.py:149} INFO - 40
[2023-05-06T19:22:22.259+0000] {logging_mixin.py:149} INFO - 41
[2023-05-06T19:22:22.260+0000] {logging_mixin.py:149} INFO - 42
[2023-05-06T19:22:22.261+0000] {logging_mixin.py:149} INFO - 43
[2023-05-06T19:22:22.262+0000] {logging_mixin.py:149} INFO - 44
[2023-05-06T19:22:22.263+0000] {logging_mixin.py:149} INFO - 45
[2023-05-06T19:22:22.264+0000] {logging_mixin.py:149} INFO - 46
[2023-05-06T19:22:22.265+0000] {logging_mixin.py:149} INFO - 47
[2023-05-06T19:22:22.267+0000] {logging_mixin.py:149} INFO - 48
[2023-05-06T19:22:22.268+0000] {logging_mixin.py:149} INFO - 49
[2023-05-06T19:22:22.269+0000] {logging_mixin.py:149} INFO - 50
[2023-05-06T19:22:22.270+0000] {logging_mixin.py:149} INFO - 51
[2023-05-06T19:22:22.271+0000] {logging_mixin.py:149} INFO - 52
[2023-05-06T19:22:22.272+0000] {logging_mixin.py:149} INFO - 53
[2023-05-06T19:22:22.273+0000] {logging_mixin.py:149} INFO - 54
[2023-05-06T19:22:22.274+0000] {logging_mixin.py:149} INFO - 55
[2023-05-06T19:22:22.275+0000] {logging_mixin.py:149} INFO - 56
[2023-05-06T19:22:22.276+0000] {logging_mixin.py:149} INFO - 57
[2023-05-06T19:22:22.277+0000] {logging_mixin.py:149} INFO - 58
[2023-05-06T19:22:22.279+0000] {logging_mixin.py:149} INFO - 59
[2023-05-06T19:22:22.280+0000] {logging_mixin.py:149} INFO - 60
[2023-05-06T19:22:22.281+0000] {logging_mixin.py:149} INFO - 61
[2023-05-06T19:22:22.282+0000] {logging_mixin.py:149} INFO - 62
[2023-05-06T19:22:22.283+0000] {logging_mixin.py:149} INFO - 63
[2023-05-06T19:22:22.284+0000] {logging_mixin.py:149} INFO - 64
[2023-05-06T19:22:22.285+0000] {logging_mixin.py:149} INFO - 65
[2023-05-06T19:22:22.286+0000] {logging_mixin.py:149} INFO - 66
[2023-05-06T19:22:22.288+0000] {logging_mixin.py:149} INFO - 67
[2023-05-06T19:22:22.289+0000] {logging_mixin.py:149} INFO - 68
[2023-05-06T19:22:22.290+0000] {logging_mixin.py:149} INFO - 69
[2023-05-06T19:22:22.291+0000] {logging_mixin.py:149} INFO - 70
[2023-05-06T19:22:22.293+0000] {logging_mixin.py:149} INFO - 71
[2023-05-06T19:22:22.294+0000] {logging_mixin.py:149} INFO - 72
[2023-05-06T19:22:22.295+0000] {logging_mixin.py:149} INFO - 73
[2023-05-06T19:22:22.296+0000] {logging_mixin.py:149} INFO - 74
[2023-05-06T19:22:22.297+0000] {logging_mixin.py:149} INFO - 75
[2023-05-06T19:22:22.298+0000] {logging_mixin.py:149} INFO - 76
[2023-05-06T19:22:22.299+0000] {logging_mixin.py:149} INFO - 77
[2023-05-06T19:22:22.301+0000] {logging_mixin.py:149} INFO - 78
[2023-05-06T19:22:22.302+0000] {logging_mixin.py:149} INFO - 79
[2023-05-06T19:22:22.303+0000] {logging_mixin.py:149} INFO - 80
[2023-05-06T19:22:22.305+0000] {logging_mixin.py:149} INFO - 81
[2023-05-06T19:22:22.306+0000] {logging_mixin.py:149} INFO - 82
[2023-05-06T19:22:22.307+0000] {logging_mixin.py:149} INFO - 83
[2023-05-06T19:22:22.309+0000] {logging_mixin.py:149} INFO - 84
[2023-05-06T19:22:22.310+0000] {logging_mixin.py:149} INFO - 85
[2023-05-06T19:22:22.312+0000] {logging_mixin.py:149} INFO - 86
[2023-05-06T19:22:22.313+0000] {logging_mixin.py:149} INFO - 87
[2023-05-06T19:22:22.314+0000] {logging_mixin.py:149} INFO - 88
[2023-05-06T19:22:22.315+0000] {logging_mixin.py:149} INFO - 89
[2023-05-06T19:22:22.318+0000] {logging_mixin.py:149} INFO - 90
[2023-05-06T19:22:22.319+0000] {logging_mixin.py:149} INFO - 91
[2023-05-06T19:22:22.320+0000] {logging_mixin.py:149} INFO - 92
[2023-05-06T19:22:22.322+0000] {logging_mixin.py:149} INFO - 93
[2023-05-06T19:22:22.324+0000] {logging_mixin.py:149} INFO - 94
[2023-05-06T19:22:22.326+0000] {logging_mixin.py:149} INFO - 95
[2023-05-06T19:22:22.327+0000] {logging_mixin.py:149} INFO - 96
[2023-05-06T19:22:22.328+0000] {logging_mixin.py:149} INFO - 97
[2023-05-06T19:22:22.329+0000] {logging_mixin.py:149} INFO - 98
[2023-05-06T19:22:22.330+0000] {logging_mixin.py:149} INFO - 99
[2023-05-06T19:22:22.346+0000] {python.py:183} INFO - Done. Returned value was: None
[2023-05-06T19:22:22.354+0000] {taskinstance.py:1373} INFO - Marking task as SUCCESS. dag_id=Summer_Warped_ETL, task_id=GetSongsFromPlaylist, execution_date=20230506T034012, start_date=20230506T192221, end_date=20230506T192222
[2023-05-06T19:22:22.398+0000] {local_task_job_runner.py:232} INFO - Task exited with return code 0
[2023-05-06T19:22:22.417+0000] {taskinstance.py:2674} INFO - 2 downstream tasks scheduled from follow-on schedule check
