[2023-05-06T18:57:14.071+0000] {taskinstance.py:1125} INFO - Dependencies all met for dep_context=non-requeueable deps ti=<TaskInstance: Summer_Warped_ETL.GetSongsFromPlaylist manual__2023-05-06T03:40:12.069128+00:00 [queued]>
[2023-05-06T18:57:14.076+0000] {taskinstance.py:1125} INFO - Dependencies all met for dep_context=requeueable deps ti=<TaskInstance: Summer_Warped_ETL.GetSongsFromPlaylist manual__2023-05-06T03:40:12.069128+00:00 [queued]>
[2023-05-06T18:57:14.077+0000] {taskinstance.py:1331} INFO - Starting attempt 33 of 35
[2023-05-06T18:57:14.085+0000] {taskinstance.py:1350} INFO - Executing <Task(PythonOperator): GetSongsFromPlaylist> on 2023-05-06 03:40:12.069128+00:00
[2023-05-06T18:57:14.091+0000] {standard_task_runner.py:57} INFO - Started process 2820 to run task
[2023-05-06T18:57:14.097+0000] {standard_task_runner.py:84} INFO - Running: ['***', 'tasks', 'run', 'Summer_Warped_ETL', 'GetSongsFromPlaylist', 'manual__2023-05-06T03:40:12.069128+00:00', '--job-id', '181', '--raw', '--subdir', 'DAGS_FOLDER/warped-dag.py', '--cfg-path', '/tmp/tmpiqdw8qh2']
[2023-05-06T18:57:14.098+0000] {standard_task_runner.py:85} INFO - Job 181: Subtask GetSongsFromPlaylist
[2023-05-06T18:57:14.144+0000] {task_command.py:410} INFO - Running <TaskInstance: Summer_Warped_ETL.GetSongsFromPlaylist manual__2023-05-06T03:40:12.069128+00:00 [running]> on host 49f85d1317d0
[2023-05-06T18:57:14.206+0000] {taskinstance.py:1570} INFO - Exporting env vars: AIRFLOW_CTX_DAG_OWNER='Ananta Moharana' AIRFLOW_CTX_DAG_ID='Summer_Warped_ETL' AIRFLOW_CTX_TASK_ID='GetSongsFromPlaylist' AIRFLOW_CTX_EXECUTION_DATE='2023-05-06T03:40:12.069128+00:00' AIRFLOW_CTX_TRY_NUMBER='33' AIRFLOW_CTX_DAG_RUN_ID='manual__2023-05-06T03:40:12.069128+00:00'
[2023-05-06T18:57:14.654+0000] {logging_mixin.py:149} INFO - howdy
[2023-05-06T18:57:14.656+0000] {logging_mixin.py:149} INFO - 0
[2023-05-06T18:57:14.665+0000] {logging_mixin.py:149} INFO - 1
[2023-05-06T18:57:14.669+0000] {logging_mixin.py:149} INFO - 2
[2023-05-06T18:57:14.673+0000] {logging_mixin.py:149} INFO - 3
[2023-05-06T18:57:14.675+0000] {logging_mixin.py:149} INFO - 4
[2023-05-06T18:57:14.677+0000] {logging_mixin.py:149} INFO - 5
[2023-05-06T18:57:14.679+0000] {logging_mixin.py:149} INFO - 6
[2023-05-06T18:57:14.681+0000] {logging_mixin.py:149} INFO - 7
[2023-05-06T18:57:14.683+0000] {logging_mixin.py:149} INFO - 8
[2023-05-06T18:57:14.685+0000] {logging_mixin.py:149} INFO - 9
[2023-05-06T18:57:14.687+0000] {logging_mixin.py:149} INFO - 10
[2023-05-06T18:57:14.689+0000] {logging_mixin.py:149} INFO - 11
[2023-05-06T18:57:14.692+0000] {logging_mixin.py:149} INFO - 12
[2023-05-06T18:57:14.694+0000] {logging_mixin.py:149} INFO - 13
[2023-05-06T18:57:14.696+0000] {logging_mixin.py:149} INFO - 14
[2023-05-06T18:57:14.698+0000] {logging_mixin.py:149} INFO - 15
[2023-05-06T18:57:14.700+0000] {logging_mixin.py:149} INFO - 16
[2023-05-06T18:57:14.703+0000] {logging_mixin.py:149} INFO - 17
[2023-05-06T18:57:14.705+0000] {logging_mixin.py:149} INFO - 18
[2023-05-06T18:57:14.707+0000] {logging_mixin.py:149} INFO - 19
[2023-05-06T18:57:14.709+0000] {logging_mixin.py:149} INFO - 20
[2023-05-06T18:57:14.710+0000] {logging_mixin.py:149} INFO - 21
[2023-05-06T18:57:14.711+0000] {logging_mixin.py:149} INFO - 22
[2023-05-06T18:57:14.712+0000] {logging_mixin.py:149} INFO - 23
[2023-05-06T18:57:14.714+0000] {logging_mixin.py:149} INFO - 24
[2023-05-06T18:57:14.716+0000] {logging_mixin.py:149} INFO - 25
[2023-05-06T18:57:14.717+0000] {logging_mixin.py:149} INFO - 26
[2023-05-06T18:57:14.718+0000] {logging_mixin.py:149} INFO - 27
[2023-05-06T18:57:14.720+0000] {logging_mixin.py:149} INFO - 28
[2023-05-06T18:57:14.721+0000] {logging_mixin.py:149} INFO - 29
[2023-05-06T18:57:14.723+0000] {logging_mixin.py:149} INFO - 30
[2023-05-06T18:57:14.724+0000] {logging_mixin.py:149} INFO - 31
[2023-05-06T18:57:14.725+0000] {logging_mixin.py:149} INFO - 32
[2023-05-06T18:57:14.727+0000] {logging_mixin.py:149} INFO - 33
[2023-05-06T18:57:14.728+0000] {logging_mixin.py:149} INFO - 34
[2023-05-06T18:57:14.730+0000] {logging_mixin.py:149} INFO - 35
[2023-05-06T18:57:14.731+0000] {logging_mixin.py:149} INFO - 36
[2023-05-06T18:57:14.732+0000] {logging_mixin.py:149} INFO - 37
[2023-05-06T18:57:14.733+0000] {logging_mixin.py:149} INFO - 38
[2023-05-06T18:57:14.734+0000] {logging_mixin.py:149} INFO - 39
[2023-05-06T18:57:14.736+0000] {logging_mixin.py:149} INFO - 40
[2023-05-06T18:57:14.737+0000] {logging_mixin.py:149} INFO - 41
[2023-05-06T18:57:14.739+0000] {logging_mixin.py:149} INFO - 42
[2023-05-06T18:57:14.740+0000] {logging_mixin.py:149} INFO - 43
[2023-05-06T18:57:14.741+0000] {logging_mixin.py:149} INFO - 44
[2023-05-06T18:57:14.742+0000] {logging_mixin.py:149} INFO - 45
[2023-05-06T18:57:14.744+0000] {logging_mixin.py:149} INFO - 46
[2023-05-06T18:57:14.745+0000] {logging_mixin.py:149} INFO - 47
[2023-05-06T18:57:14.746+0000] {taskinstance.py:1847} ERROR - Task failed with exception
Traceback (most recent call last):
  File "/home/airflow/.local/lib/python3.7/site-packages/airflow/operators/python.py", line 181, in execute
    return_value = self.execute_callable()
  File "/home/airflow/.local/lib/python3.7/site-packages/airflow/operators/python.py", line 198, in execute_callable
    return self.python_callable(*self.op_args, **self.op_kwargs)
  File "/opt/airflow/dags/src/extract.py", line 64, in get_songs_from_playlist
    song_name=item['track']['name']
TypeError: 'NoneType' object is not subscriptable
[2023-05-06T18:57:14.754+0000] {taskinstance.py:1373} INFO - Marking task as UP_FOR_RETRY. dag_id=Summer_Warped_ETL, task_id=GetSongsFromPlaylist, execution_date=20230506T034012, start_date=20230506T185714, end_date=20230506T185714
[2023-05-06T18:57:14.760+0000] {standard_task_runner.py:109} ERROR - Failed to execute job 181 for task GetSongsFromPlaylist ('NoneType' object is not subscriptable; 2820)
[2023-05-06T18:57:14.802+0000] {local_task_job_runner.py:232} INFO - Task exited with return code 1
[2023-05-06T18:57:14.826+0000] {taskinstance.py:2674} INFO - 0 downstream tasks scheduled from follow-on schedule check
