[2023-05-06T18:58:18.778+0000] {taskinstance.py:1125} INFO - Dependencies all met for dep_context=non-requeueable deps ti=<TaskInstance: Summer_Warped_ETL.GetSongsFromPlaylist manual__2023-05-06T03:40:12.069128+00:00 [queued]>
[2023-05-06T18:58:18.783+0000] {taskinstance.py:1125} INFO - Dependencies all met for dep_context=requeueable deps ti=<TaskInstance: Summer_Warped_ETL.GetSongsFromPlaylist manual__2023-05-06T03:40:12.069128+00:00 [queued]>
[2023-05-06T18:58:18.783+0000] {taskinstance.py:1331} INFO - Starting attempt 35 of 35
[2023-05-06T18:58:18.791+0000] {taskinstance.py:1350} INFO - Executing <Task(PythonOperator): GetSongsFromPlaylist> on 2023-05-06 03:40:12.069128+00:00
[2023-05-06T18:58:18.797+0000] {standard_task_runner.py:57} INFO - Started process 2846 to run task
[2023-05-06T18:58:18.802+0000] {standard_task_runner.py:84} INFO - Running: ['***', 'tasks', 'run', 'Summer_Warped_ETL', 'GetSongsFromPlaylist', 'manual__2023-05-06T03:40:12.069128+00:00', '--job-id', '183', '--raw', '--subdir', 'DAGS_FOLDER/warped-dag.py', '--cfg-path', '/tmp/tmpky1qif1n']
[2023-05-06T18:58:18.803+0000] {standard_task_runner.py:85} INFO - Job 183: Subtask GetSongsFromPlaylist
[2023-05-06T18:58:18.848+0000] {task_command.py:410} INFO - Running <TaskInstance: Summer_Warped_ETL.GetSongsFromPlaylist manual__2023-05-06T03:40:12.069128+00:00 [running]> on host 49f85d1317d0
[2023-05-06T18:58:18.916+0000] {taskinstance.py:1570} INFO - Exporting env vars: AIRFLOW_CTX_DAG_OWNER='Ananta Moharana' AIRFLOW_CTX_DAG_ID='Summer_Warped_ETL' AIRFLOW_CTX_TASK_ID='GetSongsFromPlaylist' AIRFLOW_CTX_EXECUTION_DATE='2023-05-06T03:40:12.069128+00:00' AIRFLOW_CTX_TRY_NUMBER='35' AIRFLOW_CTX_DAG_RUN_ID='manual__2023-05-06T03:40:12.069128+00:00'
[2023-05-06T18:58:19.296+0000] {logging_mixin.py:149} INFO - howdy
[2023-05-06T18:58:19.297+0000] {logging_mixin.py:149} INFO - 0
[2023-05-06T18:58:19.302+0000] {logging_mixin.py:149} INFO - 1
[2023-05-06T18:58:19.303+0000] {logging_mixin.py:149} INFO - 2
[2023-05-06T18:58:19.305+0000] {logging_mixin.py:149} INFO - 3
[2023-05-06T18:58:19.307+0000] {logging_mixin.py:149} INFO - 4
[2023-05-06T18:58:19.308+0000] {logging_mixin.py:149} INFO - 5
[2023-05-06T18:58:19.310+0000] {logging_mixin.py:149} INFO - 6
[2023-05-06T18:58:19.312+0000] {logging_mixin.py:149} INFO - 7
[2023-05-06T18:58:19.313+0000] {logging_mixin.py:149} INFO - 8
[2023-05-06T18:58:19.315+0000] {logging_mixin.py:149} INFO - 9
[2023-05-06T18:58:19.317+0000] {logging_mixin.py:149} INFO - 10
[2023-05-06T18:58:19.318+0000] {logging_mixin.py:149} INFO - 11
[2023-05-06T18:58:19.320+0000] {logging_mixin.py:149} INFO - 12
[2023-05-06T18:58:19.322+0000] {logging_mixin.py:149} INFO - 13
[2023-05-06T18:58:19.323+0000] {logging_mixin.py:149} INFO - 14
[2023-05-06T18:58:19.324+0000] {logging_mixin.py:149} INFO - 15
[2023-05-06T18:58:19.325+0000] {logging_mixin.py:149} INFO - 16
[2023-05-06T18:58:19.326+0000] {logging_mixin.py:149} INFO - 17
[2023-05-06T18:58:19.327+0000] {logging_mixin.py:149} INFO - 18
[2023-05-06T18:58:19.329+0000] {logging_mixin.py:149} INFO - 19
[2023-05-06T18:58:19.331+0000] {logging_mixin.py:149} INFO - 20
[2023-05-06T18:58:19.333+0000] {logging_mixin.py:149} INFO - 21
[2023-05-06T18:58:19.336+0000] {logging_mixin.py:149} INFO - 22
[2023-05-06T18:58:19.337+0000] {logging_mixin.py:149} INFO - 23
[2023-05-06T18:58:19.339+0000] {logging_mixin.py:149} INFO - 24
[2023-05-06T18:58:19.341+0000] {logging_mixin.py:149} INFO - 25
[2023-05-06T18:58:19.342+0000] {logging_mixin.py:149} INFO - 26
[2023-05-06T18:58:19.343+0000] {logging_mixin.py:149} INFO - 27
[2023-05-06T18:58:19.344+0000] {logging_mixin.py:149} INFO - 28
[2023-05-06T18:58:19.346+0000] {logging_mixin.py:149} INFO - 29
[2023-05-06T18:58:19.347+0000] {logging_mixin.py:149} INFO - 30
[2023-05-06T18:58:19.348+0000] {logging_mixin.py:149} INFO - 31
[2023-05-06T18:58:19.350+0000] {logging_mixin.py:149} INFO - 32
[2023-05-06T18:58:19.351+0000] {logging_mixin.py:149} INFO - 33
[2023-05-06T18:58:19.352+0000] {logging_mixin.py:149} INFO - 34
[2023-05-06T18:58:19.353+0000] {logging_mixin.py:149} INFO - 35
[2023-05-06T18:58:19.356+0000] {logging_mixin.py:149} INFO - 36
[2023-05-06T18:58:19.357+0000] {logging_mixin.py:149} INFO - 37
[2023-05-06T18:58:19.358+0000] {logging_mixin.py:149} INFO - 38
[2023-05-06T18:58:19.359+0000] {logging_mixin.py:149} INFO - 39
[2023-05-06T18:58:19.361+0000] {logging_mixin.py:149} INFO - 40
[2023-05-06T18:58:19.363+0000] {logging_mixin.py:149} INFO - 41
[2023-05-06T18:58:19.364+0000] {logging_mixin.py:149} INFO - 42
[2023-05-06T18:58:19.366+0000] {logging_mixin.py:149} INFO - 43
[2023-05-06T18:58:19.367+0000] {logging_mixin.py:149} INFO - 44
[2023-05-06T18:58:19.369+0000] {logging_mixin.py:149} INFO - 45
[2023-05-06T18:58:19.370+0000] {logging_mixin.py:149} INFO - 46
[2023-05-06T18:58:19.373+0000] {logging_mixin.py:149} INFO - 47
[2023-05-06T18:58:19.377+0000] {logging_mixin.py:149} INFO - 48
[2023-05-06T18:58:19.379+0000] {logging_mixin.py:149} INFO - 49
[2023-05-06T18:58:19.399+0000] {python.py:183} INFO - Done. Returned value was: None
[2023-05-06T18:58:19.408+0000] {taskinstance.py:1373} INFO - Marking task as SUCCESS. dag_id=Summer_Warped_ETL, task_id=GetSongsFromPlaylist, execution_date=20230506T034012, start_date=20230506T185818, end_date=20230506T185819
[2023-05-06T18:58:19.457+0000] {local_task_job_runner.py:232} INFO - Task exited with return code 0
[2023-05-06T18:58:19.480+0000] {taskinstance.py:2674} INFO - 2 downstream tasks scheduled from follow-on schedule check
