[2023-05-06T18:50:57.758+0000] {taskinstance.py:1125} INFO - Dependencies all met for dep_context=non-requeueable deps ti=<TaskInstance: Summer_Warped_ETL.GetSongsFromPlaylist manual__2023-05-06T03:40:12.069128+00:00 [queued]>
[2023-05-06T18:50:57.764+0000] {taskinstance.py:1125} INFO - Dependencies all met for dep_context=requeueable deps ti=<TaskInstance: Summer_Warped_ETL.GetSongsFromPlaylist manual__2023-05-06T03:40:12.069128+00:00 [queued]>
[2023-05-06T18:50:57.765+0000] {taskinstance.py:1331} INFO - Starting attempt 27 of 27
[2023-05-06T18:50:57.773+0000] {taskinstance.py:1350} INFO - Executing <Task(PythonOperator): GetSongsFromPlaylist> on 2023-05-06 03:40:12.069128+00:00
[2023-05-06T18:50:57.780+0000] {standard_task_runner.py:57} INFO - Started process 2688 to run task
[2023-05-06T18:50:57.784+0000] {standard_task_runner.py:84} INFO - Running: ['***', 'tasks', 'run', 'Summer_Warped_ETL', 'GetSongsFromPlaylist', 'manual__2023-05-06T03:40:12.069128+00:00', '--job-id', '175', '--raw', '--subdir', 'DAGS_FOLDER/warped-dag.py', '--cfg-path', '/tmp/tmpas7hbq99']
[2023-05-06T18:50:57.785+0000] {standard_task_runner.py:85} INFO - Job 175: Subtask GetSongsFromPlaylist
[2023-05-06T18:50:57.838+0000] {task_command.py:410} INFO - Running <TaskInstance: Summer_Warped_ETL.GetSongsFromPlaylist manual__2023-05-06T03:40:12.069128+00:00 [running]> on host 49f85d1317d0
[2023-05-06T18:50:57.903+0000] {taskinstance.py:1570} INFO - Exporting env vars: AIRFLOW_CTX_DAG_OWNER='Ananta Moharana' AIRFLOW_CTX_DAG_ID='Summer_Warped_ETL' AIRFLOW_CTX_TASK_ID='GetSongsFromPlaylist' AIRFLOW_CTX_EXECUTION_DATE='2023-05-06T03:40:12.069128+00:00' AIRFLOW_CTX_TRY_NUMBER='27' AIRFLOW_CTX_DAG_RUN_ID='manual__2023-05-06T03:40:12.069128+00:00'
[2023-05-06T18:50:58.427+0000] {logging_mixin.py:149} INFO - howdy
[2023-05-06T18:50:58.427+0000] {logging_mixin.py:149} INFO - un x100to
[2023-05-06T18:50:58.486+0000] {taskinstance.py:1847} ERROR - Task failed with exception
Traceback (most recent call last):
  File "/home/airflow/.local/lib/python3.7/site-packages/airflow/operators/python.py", line 181, in execute
    return_value = self.execute_callable()
  File "/home/airflow/.local/lib/python3.7/site-packages/airflow/operators/python.py", line 198, in execute_callable
    return self.python_callable(*self.op_args, **self.op_kwargs)
  File "/opt/airflow/dags/src/extract.py", line 65, in get_songs_from_playlist
    song_name=item['track']['name']
TypeError: 'NoneType' object is not subscriptable
[2023-05-06T18:50:58.496+0000] {taskinstance.py:1373} INFO - Marking task as FAILED. dag_id=Summer_Warped_ETL, task_id=GetSongsFromPlaylist, execution_date=20230506T034012, start_date=20230506T185057, end_date=20230506T185058
[2023-05-06T18:50:58.503+0000] {standard_task_runner.py:109} ERROR - Failed to execute job 175 for task GetSongsFromPlaylist ('NoneType' object is not subscriptable; 2688)
[2023-05-06T18:50:58.521+0000] {local_task_job_runner.py:232} INFO - Task exited with return code 1
[2023-05-06T18:50:58.547+0000] {taskinstance.py:2674} INFO - 0 downstream tasks scheduled from follow-on schedule check
