[2023-05-06T19:01:05.426+0000] {taskinstance.py:1125} INFO - Dependencies all met for dep_context=non-requeueable deps ti=<TaskInstance: Summer_Warped_ETL.GetSongsFromPlaylist manual__2023-05-06T03:40:12.069128+00:00 [queued]>
[2023-05-06T19:01:05.431+0000] {taskinstance.py:1125} INFO - Dependencies all met for dep_context=requeueable deps ti=<TaskInstance: Summer_Warped_ETL.GetSongsFromPlaylist manual__2023-05-06T03:40:12.069128+00:00 [queued]>
[2023-05-06T19:01:05.432+0000] {taskinstance.py:1331} INFO - Starting attempt 39 of 39
[2023-05-06T19:01:05.439+0000] {taskinstance.py:1350} INFO - Executing <Task(PythonOperator): GetSongsFromPlaylist> on 2023-05-06 03:40:12.069128+00:00
[2023-05-06T19:01:05.445+0000] {standard_task_runner.py:57} INFO - Started process 2947 to run task
[2023-05-06T19:01:05.450+0000] {standard_task_runner.py:84} INFO - Running: ['***', 'tasks', 'run', 'Summer_Warped_ETL', 'GetSongsFromPlaylist', 'manual__2023-05-06T03:40:12.069128+00:00', '--job-id', '196', '--raw', '--subdir', 'DAGS_FOLDER/warped-dag.py', '--cfg-path', '/tmp/tmpx4fsq22x']
[2023-05-06T19:01:05.451+0000] {standard_task_runner.py:85} INFO - Job 196: Subtask GetSongsFromPlaylist
[2023-05-06T19:01:05.502+0000] {task_command.py:410} INFO - Running <TaskInstance: Summer_Warped_ETL.GetSongsFromPlaylist manual__2023-05-06T03:40:12.069128+00:00 [running]> on host 49f85d1317d0
[2023-05-06T19:01:05.562+0000] {taskinstance.py:1570} INFO - Exporting env vars: AIRFLOW_CTX_DAG_OWNER='Ananta Moharana' AIRFLOW_CTX_DAG_ID='Summer_Warped_ETL' AIRFLOW_CTX_TASK_ID='GetSongsFromPlaylist' AIRFLOW_CTX_EXECUTION_DATE='2023-05-06T03:40:12.069128+00:00' AIRFLOW_CTX_TRY_NUMBER='39' AIRFLOW_CTX_DAG_RUN_ID='manual__2023-05-06T03:40:12.069128+00:00'
[2023-05-06T19:01:06.040+0000] {logging_mixin.py:149} INFO - 50
[2023-05-06T19:01:06.041+0000] {logging_mixin.py:149} INFO - 0
[2023-05-06T19:01:06.046+0000] {logging_mixin.py:149} INFO - 1
[2023-05-06T19:01:06.049+0000] {logging_mixin.py:149} INFO - 2
[2023-05-06T19:01:06.054+0000] {logging_mixin.py:149} INFO - 3
[2023-05-06T19:01:06.056+0000] {logging_mixin.py:149} INFO - 4
[2023-05-06T19:01:06.058+0000] {logging_mixin.py:149} INFO - 5
[2023-05-06T19:01:06.059+0000] {logging_mixin.py:149} INFO - 6
[2023-05-06T19:01:06.061+0000] {logging_mixin.py:149} INFO - 7
[2023-05-06T19:01:06.063+0000] {logging_mixin.py:149} INFO - 8
[2023-05-06T19:01:06.065+0000] {logging_mixin.py:149} INFO - 9
[2023-05-06T19:01:06.067+0000] {logging_mixin.py:149} INFO - 10
[2023-05-06T19:01:06.069+0000] {logging_mixin.py:149} INFO - 11
[2023-05-06T19:01:06.071+0000] {logging_mixin.py:149} INFO - 12
[2023-05-06T19:01:06.073+0000] {logging_mixin.py:149} INFO - 13
[2023-05-06T19:01:06.075+0000] {logging_mixin.py:149} INFO - 14
[2023-05-06T19:01:06.078+0000] {logging_mixin.py:149} INFO - 15
[2023-05-06T19:01:06.080+0000] {logging_mixin.py:149} INFO - 16
[2023-05-06T19:01:06.083+0000] {logging_mixin.py:149} INFO - 17
[2023-05-06T19:01:06.089+0000] {logging_mixin.py:149} INFO - 18
[2023-05-06T19:01:06.091+0000] {logging_mixin.py:149} INFO - 19
[2023-05-06T19:01:06.095+0000] {logging_mixin.py:149} INFO - 20
[2023-05-06T19:01:06.097+0000] {logging_mixin.py:149} INFO - 21
[2023-05-06T19:01:06.098+0000] {logging_mixin.py:149} INFO - 22
[2023-05-06T19:01:06.100+0000] {logging_mixin.py:149} INFO - 23
[2023-05-06T19:01:06.102+0000] {logging_mixin.py:149} INFO - 24
[2023-05-06T19:01:06.105+0000] {logging_mixin.py:149} INFO - 25
[2023-05-06T19:01:06.107+0000] {logging_mixin.py:149} INFO - 26
[2023-05-06T19:01:06.108+0000] {logging_mixin.py:149} INFO - 27
[2023-05-06T19:01:06.110+0000] {logging_mixin.py:149} INFO - 28
[2023-05-06T19:01:06.114+0000] {logging_mixin.py:149} INFO - 29
[2023-05-06T19:01:06.115+0000] {logging_mixin.py:149} INFO - 30
[2023-05-06T19:01:06.118+0000] {logging_mixin.py:149} INFO - 31
[2023-05-06T19:01:06.119+0000] {logging_mixin.py:149} INFO - 32
[2023-05-06T19:01:06.121+0000] {logging_mixin.py:149} INFO - 33
[2023-05-06T19:01:06.124+0000] {logging_mixin.py:149} INFO - 34
[2023-05-06T19:01:06.127+0000] {logging_mixin.py:149} INFO - 35
[2023-05-06T19:01:06.131+0000] {logging_mixin.py:149} INFO - 36
[2023-05-06T19:01:06.133+0000] {logging_mixin.py:149} INFO - 37
[2023-05-06T19:01:06.135+0000] {logging_mixin.py:149} INFO - 38
[2023-05-06T19:01:06.136+0000] {logging_mixin.py:149} INFO - 39
[2023-05-06T19:01:06.139+0000] {logging_mixin.py:149} INFO - 40
[2023-05-06T19:01:06.141+0000] {logging_mixin.py:149} INFO - 41
[2023-05-06T19:01:06.143+0000] {logging_mixin.py:149} INFO - 42
[2023-05-06T19:01:06.144+0000] {logging_mixin.py:149} INFO - 43
[2023-05-06T19:01:06.145+0000] {logging_mixin.py:149} INFO - 44
[2023-05-06T19:01:06.146+0000] {logging_mixin.py:149} INFO - 45
[2023-05-06T19:01:06.148+0000] {logging_mixin.py:149} INFO - 46
[2023-05-06T19:01:06.150+0000] {logging_mixin.py:149} INFO - 47
[2023-05-06T19:01:06.151+0000] {taskinstance.py:1847} ERROR - Task failed with exception
Traceback (most recent call last):
  File "/home/airflow/.local/lib/python3.7/site-packages/airflow/operators/python.py", line 181, in execute
    return_value = self.execute_callable()
  File "/home/airflow/.local/lib/python3.7/site-packages/airflow/operators/python.py", line 198, in execute_callable
    return self.python_callable(*self.op_args, **self.op_kwargs)
  File "/opt/airflow/dags/src/extract.py", line 64, in get_songs_from_playlist
    song_name=item['track']['name']
TypeError: 'NoneType' object is not subscriptable
[2023-05-06T19:01:06.160+0000] {taskinstance.py:1373} INFO - Marking task as FAILED. dag_id=Summer_Warped_ETL, task_id=GetSongsFromPlaylist, execution_date=20230506T034012, start_date=20230506T190105, end_date=20230506T190106
[2023-05-06T19:01:06.168+0000] {standard_task_runner.py:109} ERROR - Failed to execute job 196 for task GetSongsFromPlaylist ('NoneType' object is not subscriptable; 2947)
[2023-05-06T19:01:06.199+0000] {local_task_job_runner.py:232} INFO - Task exited with return code 1
[2023-05-06T19:01:06.218+0000] {taskinstance.py:2674} INFO - 0 downstream tasks scheduled from follow-on schedule check
