[2023-05-06T18:59:15.246+0000] {taskinstance.py:1125} INFO - Dependencies all met for dep_context=non-requeueable deps ti=<TaskInstance: Summer_Warped_ETL.GetSongsFromPlaylist manual__2023-05-06T03:40:12.069128+00:00 [queued]>
[2023-05-06T18:59:15.250+0000] {taskinstance.py:1125} INFO - Dependencies all met for dep_context=requeueable deps ti=<TaskInstance: Summer_Warped_ETL.GetSongsFromPlaylist manual__2023-05-06T03:40:12.069128+00:00 [queued]>
[2023-05-06T18:59:15.251+0000] {taskinstance.py:1331} INFO - Starting attempt 36 of 38
[2023-05-06T18:59:15.258+0000] {taskinstance.py:1350} INFO - Executing <Task(PythonOperator): GetSongsFromPlaylist> on 2023-05-06 03:40:12.069128+00:00
[2023-05-06T18:59:15.263+0000] {standard_task_runner.py:57} INFO - Started process 2890 to run task
[2023-05-06T18:59:15.266+0000] {standard_task_runner.py:84} INFO - Running: ['***', 'tasks', 'run', 'Summer_Warped_ETL', 'GetSongsFromPlaylist', 'manual__2023-05-06T03:40:12.069128+00:00', '--job-id', '189', '--raw', '--subdir', 'DAGS_FOLDER/warped-dag.py', '--cfg-path', '/tmp/tmp8059vcxq']
[2023-05-06T18:59:15.267+0000] {standard_task_runner.py:85} INFO - Job 189: Subtask GetSongsFromPlaylist
[2023-05-06T18:59:15.305+0000] {task_command.py:410} INFO - Running <TaskInstance: Summer_Warped_ETL.GetSongsFromPlaylist manual__2023-05-06T03:40:12.069128+00:00 [running]> on host 49f85d1317d0
[2023-05-06T18:59:15.357+0000] {taskinstance.py:1570} INFO - Exporting env vars: AIRFLOW_CTX_DAG_OWNER='Ananta Moharana' AIRFLOW_CTX_DAG_ID='Summer_Warped_ETL' AIRFLOW_CTX_TASK_ID='GetSongsFromPlaylist' AIRFLOW_CTX_EXECUTION_DATE='2023-05-06T03:40:12.069128+00:00' AIRFLOW_CTX_TRY_NUMBER='36' AIRFLOW_CTX_DAG_RUN_ID='manual__2023-05-06T03:40:12.069128+00:00'
[2023-05-06T18:59:15.794+0000] {logging_mixin.py:149} INFO - 50
[2023-05-06T18:59:15.796+0000] {logging_mixin.py:149} INFO - 0
[2023-05-06T18:59:15.803+0000] {logging_mixin.py:149} INFO - 1
[2023-05-06T18:59:15.805+0000] {logging_mixin.py:149} INFO - 2
[2023-05-06T18:59:15.808+0000] {logging_mixin.py:149} INFO - 3
[2023-05-06T18:59:15.811+0000] {logging_mixin.py:149} INFO - 4
[2023-05-06T18:59:15.813+0000] {logging_mixin.py:149} INFO - 5
[2023-05-06T18:59:15.816+0000] {logging_mixin.py:149} INFO - 6
[2023-05-06T18:59:15.818+0000] {logging_mixin.py:149} INFO - 7
[2023-05-06T18:59:15.821+0000] {logging_mixin.py:149} INFO - 8
[2023-05-06T18:59:15.823+0000] {logging_mixin.py:149} INFO - 9
[2023-05-06T18:59:15.824+0000] {logging_mixin.py:149} INFO - 10
[2023-05-06T18:59:15.826+0000] {logging_mixin.py:149} INFO - 11
[2023-05-06T18:59:15.830+0000] {logging_mixin.py:149} INFO - 12
[2023-05-06T18:59:15.831+0000] {logging_mixin.py:149} INFO - 13
[2023-05-06T18:59:15.832+0000] {logging_mixin.py:149} INFO - 14
[2023-05-06T18:59:15.833+0000] {logging_mixin.py:149} INFO - 15
[2023-05-06T18:59:15.835+0000] {logging_mixin.py:149} INFO - 16
[2023-05-06T18:59:15.836+0000] {logging_mixin.py:149} INFO - 17
[2023-05-06T18:59:15.837+0000] {logging_mixin.py:149} INFO - 18
[2023-05-06T18:59:15.838+0000] {logging_mixin.py:149} INFO - 19
[2023-05-06T18:59:15.841+0000] {logging_mixin.py:149} INFO - 20
[2023-05-06T18:59:15.843+0000] {logging_mixin.py:149} INFO - 21
[2023-05-06T18:59:15.845+0000] {logging_mixin.py:149} INFO - 22
[2023-05-06T18:59:15.846+0000] {logging_mixin.py:149} INFO - 23
[2023-05-06T18:59:15.848+0000] {logging_mixin.py:149} INFO - 24
[2023-05-06T18:59:15.849+0000] {logging_mixin.py:149} INFO - 25
[2023-05-06T18:59:15.850+0000] {logging_mixin.py:149} INFO - 26
[2023-05-06T18:59:15.851+0000] {logging_mixin.py:149} INFO - 27
[2023-05-06T18:59:15.853+0000] {logging_mixin.py:149} INFO - 28
[2023-05-06T18:59:15.855+0000] {logging_mixin.py:149} INFO - 29
[2023-05-06T18:59:15.856+0000] {logging_mixin.py:149} INFO - 30
[2023-05-06T18:59:15.857+0000] {logging_mixin.py:149} INFO - 31
[2023-05-06T18:59:15.858+0000] {logging_mixin.py:149} INFO - 32
[2023-05-06T18:59:15.859+0000] {logging_mixin.py:149} INFO - 33
[2023-05-06T18:59:15.860+0000] {logging_mixin.py:149} INFO - 34
[2023-05-06T18:59:15.861+0000] {logging_mixin.py:149} INFO - 35
[2023-05-06T18:59:15.864+0000] {logging_mixin.py:149} INFO - 36
[2023-05-06T18:59:15.865+0000] {logging_mixin.py:149} INFO - 37
[2023-05-06T18:59:15.866+0000] {logging_mixin.py:149} INFO - 38
[2023-05-06T18:59:15.867+0000] {logging_mixin.py:149} INFO - 39
[2023-05-06T18:59:15.869+0000] {logging_mixin.py:149} INFO - 40
[2023-05-06T18:59:15.870+0000] {logging_mixin.py:149} INFO - 41
[2023-05-06T18:59:15.872+0000] {logging_mixin.py:149} INFO - 42
[2023-05-06T18:59:15.873+0000] {logging_mixin.py:149} INFO - 43
[2023-05-06T18:59:15.874+0000] {logging_mixin.py:149} INFO - 44
[2023-05-06T18:59:15.876+0000] {logging_mixin.py:149} INFO - 45
[2023-05-06T18:59:15.876+0000] {logging_mixin.py:149} INFO - 46
[2023-05-06T18:59:15.878+0000] {logging_mixin.py:149} INFO - 47
[2023-05-06T18:59:15.880+0000] {logging_mixin.py:149} INFO - 48
[2023-05-06T18:59:15.882+0000] {logging_mixin.py:149} INFO - 49
[2023-05-06T18:59:15.895+0000] {python.py:183} INFO - Done. Returned value was: None
[2023-05-06T18:59:15.903+0000] {taskinstance.py:1373} INFO - Marking task as SUCCESS. dag_id=Summer_Warped_ETL, task_id=GetSongsFromPlaylist, execution_date=20230506T034012, start_date=20230506T185915, end_date=20230506T185915
[2023-05-06T18:59:15.928+0000] {local_task_job_runner.py:232} INFO - Task exited with return code 0
[2023-05-06T18:59:15.947+0000] {taskinstance.py:2674} INFO - 2 downstream tasks scheduled from follow-on schedule check
