[2023-05-06T19:23:47.151+0000] {taskinstance.py:1125} INFO - Dependencies all met for dep_context=non-requeueable deps ti=<TaskInstance: Summer_Warped_ETL.GetSongsFromPlaylist manual__2023-05-06T03:40:12.069128+00:00 [queued]>
[2023-05-06T19:23:47.156+0000] {taskinstance.py:1125} INFO - Dependencies all met for dep_context=requeueable deps ti=<TaskInstance: Summer_Warped_ETL.GetSongsFromPlaylist manual__2023-05-06T03:40:12.069128+00:00 [queued]>
[2023-05-06T19:23:47.157+0000] {taskinstance.py:1331} INFO - Starting attempt 43 of 45
[2023-05-06T19:23:47.164+0000] {taskinstance.py:1350} INFO - Executing <Task(PythonOperator): GetSongsFromPlaylist> on 2023-05-06 03:40:12.069128+00:00
[2023-05-06T19:23:47.168+0000] {standard_task_runner.py:57} INFO - Started process 3484 to run task
[2023-05-06T19:23:47.172+0000] {standard_task_runner.py:84} INFO - Running: ['***', 'tasks', 'run', 'Summer_Warped_ETL', 'GetSongsFromPlaylist', 'manual__2023-05-06T03:40:12.069128+00:00', '--job-id', '222', '--raw', '--subdir', 'DAGS_FOLDER/warped-dag.py', '--cfg-path', '/tmp/tmpj0b41_ek']
[2023-05-06T19:23:47.172+0000] {standard_task_runner.py:85} INFO - Job 222: Subtask GetSongsFromPlaylist
[2023-05-06T19:23:47.205+0000] {task_command.py:410} INFO - Running <TaskInstance: Summer_Warped_ETL.GetSongsFromPlaylist manual__2023-05-06T03:40:12.069128+00:00 [running]> on host 49f85d1317d0
[2023-05-06T19:23:47.255+0000] {taskinstance.py:1570} INFO - Exporting env vars: AIRFLOW_CTX_DAG_OWNER='Ananta Moharana' AIRFLOW_CTX_DAG_ID='Summer_Warped_ETL' AIRFLOW_CTX_TASK_ID='GetSongsFromPlaylist' AIRFLOW_CTX_EXECUTION_DATE='2023-05-06T03:40:12.069128+00:00' AIRFLOW_CTX_TRY_NUMBER='43' AIRFLOW_CTX_DAG_RUN_ID='manual__2023-05-06T03:40:12.069128+00:00'
[2023-05-06T19:23:47.700+0000] {logging_mixin.py:149} INFO - 100
[2023-05-06T19:23:47.700+0000] {logging_mixin.py:149} INFO - 0
[2023-05-06T19:23:47.704+0000] {logging_mixin.py:149} INFO - 1
[2023-05-06T19:23:47.706+0000] {logging_mixin.py:149} INFO - 2
[2023-05-06T19:23:47.707+0000] {logging_mixin.py:149} INFO - 3
[2023-05-06T19:23:47.709+0000] {logging_mixin.py:149} INFO - 4
[2023-05-06T19:23:47.711+0000] {logging_mixin.py:149} INFO - 5
[2023-05-06T19:23:47.712+0000] {logging_mixin.py:149} INFO - 6
[2023-05-06T19:23:47.714+0000] {logging_mixin.py:149} INFO - 7
[2023-05-06T19:23:47.716+0000] {logging_mixin.py:149} INFO - 8
[2023-05-06T19:23:47.717+0000] {logging_mixin.py:149} INFO - 9
[2023-05-06T19:23:47.719+0000] {logging_mixin.py:149} INFO - 10
[2023-05-06T19:23:47.720+0000] {logging_mixin.py:149} INFO - 11
[2023-05-06T19:23:47.721+0000] {logging_mixin.py:149} INFO - 12
[2023-05-06T19:23:47.722+0000] {logging_mixin.py:149} INFO - 13
[2023-05-06T19:23:47.724+0000] {logging_mixin.py:149} INFO - 14
[2023-05-06T19:23:47.725+0000] {logging_mixin.py:149} INFO - 15
[2023-05-06T19:23:47.726+0000] {logging_mixin.py:149} INFO - 16
[2023-05-06T19:23:47.727+0000] {logging_mixin.py:149} INFO - 17
[2023-05-06T19:23:47.729+0000] {logging_mixin.py:149} INFO - 18
[2023-05-06T19:23:47.730+0000] {logging_mixin.py:149} INFO - 19
[2023-05-06T19:23:47.731+0000] {logging_mixin.py:149} INFO - 20
[2023-05-06T19:23:47.732+0000] {logging_mixin.py:149} INFO - 21
[2023-05-06T19:23:47.733+0000] {logging_mixin.py:149} INFO - 22
[2023-05-06T19:23:47.734+0000] {logging_mixin.py:149} INFO - 23
[2023-05-06T19:23:47.735+0000] {logging_mixin.py:149} INFO - 24
[2023-05-06T19:23:47.736+0000] {logging_mixin.py:149} INFO - 25
[2023-05-06T19:23:47.737+0000] {logging_mixin.py:149} INFO - 26
[2023-05-06T19:23:47.738+0000] {logging_mixin.py:149} INFO - 27
[2023-05-06T19:23:47.741+0000] {logging_mixin.py:149} INFO - 28
[2023-05-06T19:23:47.742+0000] {logging_mixin.py:149} INFO - 29
[2023-05-06T19:23:47.743+0000] {logging_mixin.py:149} INFO - 30
[2023-05-06T19:23:47.744+0000] {logging_mixin.py:149} INFO - 31
[2023-05-06T19:23:47.745+0000] {logging_mixin.py:149} INFO - 32
[2023-05-06T19:23:47.746+0000] {logging_mixin.py:149} INFO - 33
[2023-05-06T19:23:47.747+0000] {logging_mixin.py:149} INFO - 34
[2023-05-06T19:23:47.748+0000] {logging_mixin.py:149} INFO - 35
[2023-05-06T19:23:47.750+0000] {logging_mixin.py:149} INFO - 36
[2023-05-06T19:23:47.751+0000] {logging_mixin.py:149} INFO - 37
[2023-05-06T19:23:47.753+0000] {logging_mixin.py:149} INFO - 38
[2023-05-06T19:23:47.754+0000] {logging_mixin.py:149} INFO - 39
[2023-05-06T19:23:47.755+0000] {logging_mixin.py:149} INFO - 40
[2023-05-06T19:23:47.757+0000] {logging_mixin.py:149} INFO - 41
[2023-05-06T19:23:47.758+0000] {logging_mixin.py:149} INFO - 42
[2023-05-06T19:23:47.759+0000] {logging_mixin.py:149} INFO - 43
[2023-05-06T19:23:47.760+0000] {logging_mixin.py:149} INFO - 44
[2023-05-06T19:23:47.761+0000] {logging_mixin.py:149} INFO - 45
[2023-05-06T19:23:47.762+0000] {logging_mixin.py:149} INFO - 46
[2023-05-06T19:23:47.764+0000] {logging_mixin.py:149} INFO - 47
[2023-05-06T19:23:47.765+0000] {logging_mixin.py:149} INFO - 48
[2023-05-06T19:23:47.766+0000] {logging_mixin.py:149} INFO - 49
[2023-05-06T19:23:47.767+0000] {logging_mixin.py:149} INFO - 50
[2023-05-06T19:23:47.768+0000] {logging_mixin.py:149} INFO - 51
[2023-05-06T19:23:47.769+0000] {logging_mixin.py:149} INFO - 52
[2023-05-06T19:23:47.770+0000] {logging_mixin.py:149} INFO - 53
[2023-05-06T19:23:47.771+0000] {logging_mixin.py:149} INFO - 54
[2023-05-06T19:23:47.772+0000] {logging_mixin.py:149} INFO - 55
[2023-05-06T19:23:47.773+0000] {logging_mixin.py:149} INFO - 56
[2023-05-06T19:23:47.774+0000] {logging_mixin.py:149} INFO - 57
[2023-05-06T19:23:47.775+0000] {logging_mixin.py:149} INFO - 58
[2023-05-06T19:23:47.777+0000] {logging_mixin.py:149} INFO - 59
[2023-05-06T19:23:47.778+0000] {logging_mixin.py:149} INFO - 60
[2023-05-06T19:23:47.779+0000] {logging_mixin.py:149} INFO - 61
[2023-05-06T19:23:47.780+0000] {logging_mixin.py:149} INFO - 62
[2023-05-06T19:23:47.781+0000] {logging_mixin.py:149} INFO - 63
[2023-05-06T19:23:47.782+0000] {logging_mixin.py:149} INFO - 64
[2023-05-06T19:23:47.783+0000] {logging_mixin.py:149} INFO - 65
[2023-05-06T19:23:47.785+0000] {logging_mixin.py:149} INFO - 66
[2023-05-06T19:23:47.786+0000] {logging_mixin.py:149} INFO - 67
[2023-05-06T19:23:47.787+0000] {logging_mixin.py:149} INFO - 68
[2023-05-06T19:23:47.789+0000] {logging_mixin.py:149} INFO - 69
[2023-05-06T19:23:47.790+0000] {logging_mixin.py:149} INFO - 70
[2023-05-06T19:23:47.792+0000] {logging_mixin.py:149} INFO - 71
[2023-05-06T19:23:47.793+0000] {logging_mixin.py:149} INFO - 72
[2023-05-06T19:23:47.794+0000] {logging_mixin.py:149} INFO - 73
[2023-05-06T19:23:47.795+0000] {logging_mixin.py:149} INFO - 74
[2023-05-06T19:23:47.797+0000] {logging_mixin.py:149} INFO - 75
[2023-05-06T19:23:47.798+0000] {logging_mixin.py:149} INFO - 76
[2023-05-06T19:23:47.799+0000] {logging_mixin.py:149} INFO - 77
[2023-05-06T19:23:47.800+0000] {logging_mixin.py:149} INFO - 78
[2023-05-06T19:23:47.802+0000] {logging_mixin.py:149} INFO - 79
[2023-05-06T19:23:47.803+0000] {logging_mixin.py:149} INFO - 80
[2023-05-06T19:23:47.804+0000] {logging_mixin.py:149} INFO - 81
[2023-05-06T19:23:47.806+0000] {logging_mixin.py:149} INFO - 82
[2023-05-06T19:23:47.807+0000] {logging_mixin.py:149} INFO - 83
[2023-05-06T19:23:47.809+0000] {logging_mixin.py:149} INFO - 84
[2023-05-06T19:23:47.810+0000] {logging_mixin.py:149} INFO - 85
[2023-05-06T19:23:47.812+0000] {logging_mixin.py:149} INFO - 86
[2023-05-06T19:23:47.813+0000] {logging_mixin.py:149} INFO - 87
[2023-05-06T19:23:47.814+0000] {logging_mixin.py:149} INFO - 88
[2023-05-06T19:23:47.815+0000] {logging_mixin.py:149} INFO - 89
[2023-05-06T19:23:47.817+0000] {logging_mixin.py:149} INFO - 90
[2023-05-06T19:23:47.818+0000] {logging_mixin.py:149} INFO - 91
[2023-05-06T19:23:47.819+0000] {logging_mixin.py:149} INFO - 92
[2023-05-06T19:23:47.821+0000] {logging_mixin.py:149} INFO - 93
[2023-05-06T19:23:47.823+0000] {logging_mixin.py:149} INFO - 94
[2023-05-06T19:23:47.825+0000] {logging_mixin.py:149} INFO - 95
[2023-05-06T19:23:47.826+0000] {logging_mixin.py:149} INFO - 96
[2023-05-06T19:23:47.827+0000] {logging_mixin.py:149} INFO - 97
[2023-05-06T19:23:47.828+0000] {logging_mixin.py:149} INFO - 98
[2023-05-06T19:23:47.830+0000] {logging_mixin.py:149} INFO - 99
[2023-05-06T19:23:47.842+0000] {python.py:183} INFO - Done. Returned value was: None
[2023-05-06T19:23:47.850+0000] {taskinstance.py:1373} INFO - Marking task as SUCCESS. dag_id=Summer_Warped_ETL, task_id=GetSongsFromPlaylist, execution_date=20230506T034012, start_date=20230506T192347, end_date=20230506T192347
[2023-05-06T19:23:47.876+0000] {local_task_job_runner.py:232} INFO - Task exited with return code 0
[2023-05-06T19:23:47.894+0000] {taskinstance.py:2674} INFO - 2 downstream tasks scheduled from follow-on schedule check
