[2023-05-06T18:50:25.402+0000] {taskinstance.py:1125} INFO - Dependencies all met for dep_context=non-requeueable deps ti=<TaskInstance: Summer_Warped_ETL.GetSongsFromPlaylist manual__2023-05-06T03:40:12.069128+00:00 [queued]>
[2023-05-06T18:50:25.407+0000] {taskinstance.py:1125} INFO - Dependencies all met for dep_context=requeueable deps ti=<TaskInstance: Summer_Warped_ETL.GetSongsFromPlaylist manual__2023-05-06T03:40:12.069128+00:00 [queued]>
[2023-05-06T18:50:25.407+0000] {taskinstance.py:1331} INFO - Starting attempt 26 of 27
[2023-05-06T18:50:25.415+0000] {taskinstance.py:1350} INFO - Executing <Task(PythonOperator): GetSongsFromPlaylist> on 2023-05-06 03:40:12.069128+00:00
[2023-05-06T18:50:25.422+0000] {standard_task_runner.py:57} INFO - Started process 2665 to run task
[2023-05-06T18:50:25.425+0000] {standard_task_runner.py:84} INFO - Running: ['***', 'tasks', 'run', 'Summer_Warped_ETL', 'GetSongsFromPlaylist', 'manual__2023-05-06T03:40:12.069128+00:00', '--job-id', '174', '--raw', '--subdir', 'DAGS_FOLDER/warped-dag.py', '--cfg-path', '/tmp/tmpg8hmczba']
[2023-05-06T18:50:25.426+0000] {standard_task_runner.py:85} INFO - Job 174: Subtask GetSongsFromPlaylist
[2023-05-06T18:50:25.468+0000] {task_command.py:410} INFO - Running <TaskInstance: Summer_Warped_ETL.GetSongsFromPlaylist manual__2023-05-06T03:40:12.069128+00:00 [running]> on host 49f85d1317d0
[2023-05-06T18:50:25.524+0000] {taskinstance.py:1570} INFO - Exporting env vars: AIRFLOW_CTX_DAG_OWNER='Ananta Moharana' AIRFLOW_CTX_DAG_ID='Summer_Warped_ETL' AIRFLOW_CTX_TASK_ID='GetSongsFromPlaylist' AIRFLOW_CTX_EXECUTION_DATE='2023-05-06T03:40:12.069128+00:00' AIRFLOW_CTX_TRY_NUMBER='26' AIRFLOW_CTX_DAG_RUN_ID='manual__2023-05-06T03:40:12.069128+00:00'
[2023-05-06T18:50:26.053+0000] {logging_mixin.py:149} INFO - howdy
[2023-05-06T18:50:26.054+0000] {logging_mixin.py:149} INFO - dict_keys(['album', 'artists', 'available_markets', 'disc_number', 'duration_ms', 'episode', 'explicit', 'external_ids', 'external_urls', 'href', 'id', 'is_local', 'name', 'popularity', 'preview_url', 'track', 'track_number', 'type', 'uri'])
[2023-05-06T18:50:26.107+0000] {taskinstance.py:1847} ERROR - Task failed with exception
Traceback (most recent call last):
  File "/home/airflow/.local/lib/python3.7/site-packages/airflow/operators/python.py", line 181, in execute
    return_value = self.execute_callable()
  File "/home/airflow/.local/lib/python3.7/site-packages/airflow/operators/python.py", line 198, in execute_callable
    return self.python_callable(*self.op_args, **self.op_kwargs)
  File "/opt/airflow/dags/src/extract.py", line 65, in get_songs_from_playlist
    song_name=item['track']['name']
TypeError: 'NoneType' object is not subscriptable
[2023-05-06T18:50:26.116+0000] {taskinstance.py:1373} INFO - Marking task as UP_FOR_RETRY. dag_id=Summer_Warped_ETL, task_id=GetSongsFromPlaylist, execution_date=20230506T034012, start_date=20230506T185025, end_date=20230506T185026
[2023-05-06T18:50:26.123+0000] {standard_task_runner.py:109} ERROR - Failed to execute job 174 for task GetSongsFromPlaylist ('NoneType' object is not subscriptable; 2665)
[2023-05-06T18:50:26.137+0000] {local_task_job_runner.py:232} INFO - Task exited with return code 1
[2023-05-06T18:50:26.155+0000] {taskinstance.py:2674} INFO - 0 downstream tasks scheduled from follow-on schedule check
