[2023-05-09T18:56:54.559+0000] {taskinstance.py:1125} INFO - Dependencies all met for dep_context=non-requeueable deps ti=<TaskInstance: Summer_Warped_ETL.LoadData.LoadArtistDim manual__2023-05-09T17:07:30.625545+00:00 [queued]>
[2023-05-09T18:56:54.565+0000] {taskinstance.py:1125} INFO - Dependencies all met for dep_context=requeueable deps ti=<TaskInstance: Summer_Warped_ETL.LoadData.LoadArtistDim manual__2023-05-09T17:07:30.625545+00:00 [queued]>
[2023-05-09T18:56:54.566+0000] {taskinstance.py:1331} INFO - Starting attempt 2 of 4
[2023-05-09T18:56:54.574+0000] {taskinstance.py:1350} INFO - Executing <Task(PythonOperator): LoadData.LoadArtistDim> on 2023-05-09 17:07:30.625545+00:00
[2023-05-09T18:56:54.579+0000] {standard_task_runner.py:57} INFO - Started process 2978 to run task
[2023-05-09T18:56:54.583+0000] {standard_task_runner.py:84} INFO - Running: ['***', 'tasks', 'run', 'Summer_Warped_ETL', 'LoadData.LoadArtistDim', 'manual__2023-05-09T17:07:30.625545+00:00', '--job-id', '2910', '--raw', '--subdir', 'DAGS_FOLDER/warped-dag.py', '--cfg-path', '/tmp/tmpqelkomq4']
[2023-05-09T18:56:54.584+0000] {standard_task_runner.py:85} INFO - Job 2910: Subtask LoadData.LoadArtistDim
[2023-05-09T18:56:54.624+0000] {task_command.py:410} INFO - Running <TaskInstance: Summer_Warped_ETL.LoadData.LoadArtistDim manual__2023-05-09T17:07:30.625545+00:00 [running]> on host 544e3a3b1eb2
[2023-05-09T18:56:54.683+0000] {taskinstance.py:1570} INFO - Exporting env vars: AIRFLOW_CTX_DAG_OWNER='Ananta Moharana' AIRFLOW_CTX_DAG_ID='Summer_Warped_ETL' AIRFLOW_CTX_TASK_ID='LoadData.LoadArtistDim' AIRFLOW_CTX_EXECUTION_DATE='2023-05-09T17:07:30.625545+00:00' AIRFLOW_CTX_TRY_NUMBER='2' AIRFLOW_CTX_DAG_RUN_ID='manual__2023-05-09T17:07:30.625545+00:00'
[2023-05-09T18:56:54.686+0000] {logging_mixin.py:149} INFO - 2023-05/artist_dim.csv
[2023-05-09T18:56:54.693+0000] {base.py:73} INFO - Using connection ID 'aws_connection' for task execution.
[2023-05-09T18:56:54.694+0000] {connection_wrapper.py:337} INFO - AWS Connection (conn_id='aws_connection', conn_type='aws') credentials retrieved from login and password.
[2023-05-09T18:56:54.869+0000] {logging_mixin.py:149} INFO -    artist_name               artist_id           genre
0    50landing  5aTRa02UP1y6PW5klZiTt0             NaN
1       SypSki  3XOHHfvBYKCMo1h0DFY27z             NaN
2        raspy  1trffosn0Alk3IlloOD5O8  pittsburgh rap
3  Landon Cube  04ei5kNgmDuNAydFhhIHnD      vapor trap
4     brakence  4kqFrZkeqDfOIEqTWqbOOV      glitchcore
[2023-05-09T18:56:54.870+0000] {logging_mixin.py:149} INFO - INSERT INTO artist_dim (artist_name,artist_id,genre) VALUES (%s,%s,%s) ON CONFLICT (artist_id) DO UPDATE SET artist_name=EXCLUDED.artist_name,artist_id=EXCLUDED.artist_id,genre=EXCLUDED.genre
[2023-05-09T18:56:54.876+0000] {base.py:73} INFO - Using connection ID '***' for task execution.
[2023-05-09T18:56:54.884+0000] {sql.py:375} INFO - Running statement: INSERT INTO artist_dim (artist_name,artist_id,genre) VALUES (%s,%s,%s) ON CONFLICT (artist_id) DO UPDATE SET artist_name=EXCLUDED.artist_name,artist_id=EXCLUDED.artist_id,genre=EXCLUDED.genre, parameters: ('50landing', '5aTRa02UP1y6PW5klZiTt0', nan)
[2023-05-09T18:56:54.886+0000] {sql.py:384} INFO - Rows affected: 1
[2023-05-09T18:56:54.893+0000] {base.py:73} INFO - Using connection ID '***' for task execution.
[2023-05-09T18:56:54.900+0000] {sql.py:375} INFO - Running statement: INSERT INTO artist_dim (artist_name,artist_id,genre) VALUES (%s,%s,%s) ON CONFLICT (artist_id) DO UPDATE SET artist_name=EXCLUDED.artist_name,artist_id=EXCLUDED.artist_id,genre=EXCLUDED.genre, parameters: ('SypSki', '3XOHHfvBYKCMo1h0DFY27z', nan)
[2023-05-09T18:56:54.902+0000] {sql.py:384} INFO - Rows affected: 1
[2023-05-09T18:56:54.908+0000] {base.py:73} INFO - Using connection ID '***' for task execution.
[2023-05-09T18:56:54.914+0000] {sql.py:375} INFO - Running statement: INSERT INTO artist_dim (artist_name,artist_id,genre) VALUES (%s,%s,%s) ON CONFLICT (artist_id) DO UPDATE SET artist_name=EXCLUDED.artist_name,artist_id=EXCLUDED.artist_id,genre=EXCLUDED.genre, parameters: ('raspy', '1trffosn0Alk3IlloOD5O8', 'pittsburgh rap')
[2023-05-09T18:56:54.916+0000] {sql.py:384} INFO - Rows affected: 1
[2023-05-09T18:56:54.922+0000] {base.py:73} INFO - Using connection ID '***' for task execution.
[2023-05-09T18:56:54.930+0000] {sql.py:375} INFO - Running statement: INSERT INTO artist_dim (artist_name,artist_id,genre) VALUES (%s,%s,%s) ON CONFLICT (artist_id) DO UPDATE SET artist_name=EXCLUDED.artist_name,artist_id=EXCLUDED.artist_id,genre=EXCLUDED.genre, parameters: ('Landon Cube', '04ei5kNgmDuNAydFhhIHnD', 'vapor trap')
[2023-05-09T18:56:54.932+0000] {sql.py:384} INFO - Rows affected: 1
[2023-05-09T18:56:54.938+0000] {base.py:73} INFO - Using connection ID '***' for task execution.
[2023-05-09T18:56:54.944+0000] {sql.py:375} INFO - Running statement: INSERT INTO artist_dim (artist_name,artist_id,genre) VALUES (%s,%s,%s) ON CONFLICT (artist_id) DO UPDATE SET artist_name=EXCLUDED.artist_name,artist_id=EXCLUDED.artist_id,genre=EXCLUDED.genre, parameters: ('brakence', '4kqFrZkeqDfOIEqTWqbOOV', 'glitchcore')
[2023-05-09T18:56:54.946+0000] {sql.py:384} INFO - Rows affected: 1
[2023-05-09T18:56:54.952+0000] {base.py:73} INFO - Using connection ID '***' for task execution.
[2023-05-09T18:56:54.958+0000] {sql.py:375} INFO - Running statement: INSERT INTO artist_dim (artist_name,artist_id,genre) VALUES (%s,%s,%s) ON CONFLICT (artist_id) DO UPDATE SET artist_name=EXCLUDED.artist_name,artist_id=EXCLUDED.artist_id,genre=EXCLUDED.genre, parameters: ('Oliver Francis', '0WvTK38rXqPCD5pZMDuX20', 'cloud rap')
[2023-05-09T18:56:54.960+0000] {sql.py:384} INFO - Rows affected: 1
[2023-05-09T18:56:54.966+0000] {base.py:73} INFO - Using connection ID '***' for task execution.
[2023-05-09T18:56:54.972+0000] {sql.py:375} INFO - Running statement: INSERT INTO artist_dim (artist_name,artist_id,genre) VALUES (%s,%s,%s) ON CONFLICT (artist_id) DO UPDATE SET artist_name=EXCLUDED.artist_name,artist_id=EXCLUDED.artist_id,genre=EXCLUDED.genre, parameters: ('Aries', '3hOdow4ZPmrby7Q1wfPLEy', nan)
[2023-05-09T18:56:54.974+0000] {sql.py:384} INFO - Rows affected: 1
[2023-05-09T18:56:54.980+0000] {base.py:73} INFO - Using connection ID '***' for task execution.
[2023-05-09T18:56:54.986+0000] {sql.py:375} INFO - Running statement: INSERT INTO artist_dim (artist_name,artist_id,genre) VALUES (%s,%s,%s) ON CONFLICT (artist_id) DO UPDATE SET artist_name=EXCLUDED.artist_name,artist_id=EXCLUDED.artist_id,genre=EXCLUDED.genre, parameters: ('elias', '7eRBEVzcZk4XyIdF0Btfg4', 'lo-fi rap')
[2023-05-09T18:56:54.988+0000] {sql.py:384} INFO - Rows affected: 1
[2023-05-09T18:56:54.994+0000] {base.py:73} INFO - Using connection ID '***' for task execution.
[2023-05-09T18:56:55.000+0000] {sql.py:375} INFO - Running statement: INSERT INTO artist_dim (artist_name,artist_id,genre) VALUES (%s,%s,%s) ON CONFLICT (artist_id) DO UPDATE SET artist_name=EXCLUDED.artist_name,artist_id=EXCLUDED.artist_id,genre=EXCLUDED.genre, parameters: ('MostlyEverything', '3Ae7AQITxFS0r3yGQHYDJI', 'upstate ny rap')
[2023-05-09T18:56:55.001+0000] {sql.py:384} INFO - Rows affected: 1
[2023-05-09T18:56:55.008+0000] {base.py:73} INFO - Using connection ID '***' for task execution.
[2023-05-09T18:56:55.014+0000] {sql.py:375} INFO - Running statement: INSERT INTO artist_dim (artist_name,artist_id,genre) VALUES (%s,%s,%s) ON CONFLICT (artist_id) DO UPDATE SET artist_name=EXCLUDED.artist_name,artist_id=EXCLUDED.artist_id,genre=EXCLUDED.genre, parameters: ('Foreign Forest', '7C4ztJMkuGRy0qkU6dG5hU', 'emo rap')
[2023-05-09T18:56:55.016+0000] {sql.py:384} INFO - Rows affected: 1
[2023-05-09T18:56:55.022+0000] {base.py:73} INFO - Using connection ID '***' for task execution.
[2023-05-09T18:56:55.029+0000] {sql.py:375} INFO - Running statement: INSERT INTO artist_dim (artist_name,artist_id,genre) VALUES (%s,%s,%s) ON CONFLICT (artist_id) DO UPDATE SET artist_name=EXCLUDED.artist_name,artist_id=EXCLUDED.artist_id,genre=EXCLUDED.genre, parameters: ('Ashes', '0vUk0rbl0BkFjmeFvjOvoj', nan)
[2023-05-09T18:56:55.031+0000] {sql.py:384} INFO - Rows affected: 1
[2023-05-09T18:56:55.037+0000] {base.py:73} INFO - Using connection ID '***' for task execution.
[2023-05-09T18:56:55.043+0000] {sql.py:375} INFO - Running statement: INSERT INTO artist_dim (artist_name,artist_id,genre) VALUES (%s,%s,%s) ON CONFLICT (artist_id) DO UPDATE SET artist_name=EXCLUDED.artist_name,artist_id=EXCLUDED.artist_id,genre=EXCLUDED.genre, parameters: ('blackbear', '2cFrymmkijnjDg9SS92EPM', 'alt z')
[2023-05-09T18:56:55.045+0000] {sql.py:384} INFO - Rows affected: 1
[2023-05-09T18:56:55.051+0000] {base.py:73} INFO - Using connection ID '***' for task execution.
[2023-05-09T18:56:55.057+0000] {sql.py:375} INFO - Running statement: INSERT INTO artist_dim (artist_name,artist_id,genre) VALUES (%s,%s,%s) ON CONFLICT (artist_id) DO UPDATE SET artist_name=EXCLUDED.artist_name,artist_id=EXCLUDED.artist_id,genre=EXCLUDED.genre, parameters: ('6 Dogs', '3Ps6le7tj5BdNtdnfNgTU4', 'cloud rap')
[2023-05-09T18:56:55.059+0000] {sql.py:384} INFO - Rows affected: 1
[2023-05-09T18:56:55.065+0000] {base.py:73} INFO - Using connection ID '***' for task execution.
[2023-05-09T18:56:55.071+0000] {sql.py:375} INFO - Running statement: INSERT INTO artist_dim (artist_name,artist_id,genre) VALUES (%s,%s,%s) ON CONFLICT (artist_id) DO UPDATE SET artist_name=EXCLUDED.artist_name,artist_id=EXCLUDED.artist_id,genre=EXCLUDED.genre, parameters: ('Pretty Pacc', '2QuPPChZpqAai29uqulNFe', nan)
[2023-05-09T18:56:55.072+0000] {sql.py:384} INFO - Rows affected: 1
[2023-05-09T18:56:55.078+0000] {base.py:73} INFO - Using connection ID '***' for task execution.
[2023-05-09T18:56:55.086+0000] {sql.py:375} INFO - Running statement: INSERT INTO artist_dim (artist_name,artist_id,genre) VALUES (%s,%s,%s) ON CONFLICT (artist_id) DO UPDATE SET artist_name=EXCLUDED.artist_name,artist_id=EXCLUDED.artist_id,genre=EXCLUDED.genre, parameters: ('SAIAH', '5ZPYeVqoWNuukwfarvkyJX', nan)
[2023-05-09T18:56:55.088+0000] {sql.py:384} INFO - Rows affected: 1
[2023-05-09T18:56:55.096+0000] {base.py:73} INFO - Using connection ID '***' for task execution.
[2023-05-09T18:56:55.102+0000] {sql.py:375} INFO - Running statement: INSERT INTO artist_dim (artist_name,artist_id,genre) VALUES (%s,%s,%s) ON CONFLICT (artist_id) DO UPDATE SET artist_name=EXCLUDED.artist_name,artist_id=EXCLUDED.artist_id,genre=EXCLUDED.genre, parameters: ('Lucy Fer', '0BxHc5dN9BSfLZ8PCch9wT', nan)
[2023-05-09T18:56:55.103+0000] {sql.py:384} INFO - Rows affected: 1
[2023-05-09T18:56:55.109+0000] {base.py:73} INFO - Using connection ID '***' for task execution.
[2023-05-09T18:56:55.116+0000] {sql.py:375} INFO - Running statement: INSERT INTO artist_dim (artist_name,artist_id,genre) VALUES (%s,%s,%s) ON CONFLICT (artist_id) DO UPDATE SET artist_name=EXCLUDED.artist_name,artist_id=EXCLUDED.artist_id,genre=EXCLUDED.genre, parameters: ('Sleepa', '1iT8Vbd7KhZiBji3G72zDW', nan)
[2023-05-09T18:56:55.118+0000] {sql.py:384} INFO - Rows affected: 1
[2023-05-09T18:56:55.125+0000] {base.py:73} INFO - Using connection ID '***' for task execution.
[2023-05-09T18:56:55.132+0000] {sql.py:375} INFO - Running statement: INSERT INTO artist_dim (artist_name,artist_id,genre) VALUES (%s,%s,%s) ON CONFLICT (artist_id) DO UPDATE SET artist_name=EXCLUDED.artist_name,artist_id=EXCLUDED.artist_id,genre=EXCLUDED.genre, parameters: ('glaive', '4cJKDGSv4Dz9QycXYmo565', 'glitchcore')
[2023-05-09T18:56:55.133+0000] {sql.py:384} INFO - Rows affected: 1
[2023-05-09T18:56:55.140+0000] {base.py:73} INFO - Using connection ID '***' for task execution.
[2023-05-09T18:56:55.147+0000] {sql.py:375} INFO - Running statement: INSERT INTO artist_dim (artist_name,artist_id,genre) VALUES (%s,%s,%s) ON CONFLICT (artist_id) DO UPDATE SET artist_name=EXCLUDED.artist_name,artist_id=EXCLUDED.artist_id,genre=EXCLUDED.genre, parameters: ('kaido', '0UENogXhLeGTZjub4eejjX', 'hyperpop')
[2023-05-09T18:56:55.148+0000] {sql.py:384} INFO - Rows affected: 1
[2023-05-09T18:56:55.154+0000] {base.py:73} INFO - Using connection ID '***' for task execution.
[2023-05-09T18:56:55.160+0000] {sql.py:375} INFO - Running statement: INSERT INTO artist_dim (artist_name,artist_id,genre) VALUES (%s,%s,%s) ON CONFLICT (artist_id) DO UPDATE SET artist_name=EXCLUDED.artist_name,artist_id=EXCLUDED.artist_id,genre=EXCLUDED.genre, parameters: ('kurtains', '7b2FbxYmnpGMPqDe04QmyP', 'emoplugg')
[2023-05-09T18:56:55.162+0000] {sql.py:384} INFO - Rows affected: 1
[2023-05-09T18:56:55.168+0000] {base.py:73} INFO - Using connection ID '***' for task execution.
[2023-05-09T18:56:55.173+0000] {sql.py:375} INFO - Running statement: INSERT INTO artist_dim (artist_name,artist_id,genre) VALUES (%s,%s,%s) ON CONFLICT (artist_id) DO UPDATE SET artist_name=EXCLUDED.artist_name,artist_id=EXCLUDED.artist_id,genre=EXCLUDED.genre, parameters: ('Numl6ck', '2anlj4dNUn9I1VxxmjRHRx', 'glitchcore')
[2023-05-09T18:56:55.175+0000] {sql.py:384} INFO - Rows affected: 1
[2023-05-09T18:56:55.181+0000] {base.py:73} INFO - Using connection ID '***' for task execution.
[2023-05-09T18:56:55.186+0000] {sql.py:375} INFO - Running statement: INSERT INTO artist_dim (artist_name,artist_id,genre) VALUES (%s,%s,%s) ON CONFLICT (artist_id) DO UPDATE SET artist_name=EXCLUDED.artist_name,artist_id=EXCLUDED.artist_id,genre=EXCLUDED.genre, parameters: ('Deadman Era', '4FI4qPOnjt3D8DnJQrNWps', nan)
[2023-05-09T18:56:55.188+0000] {sql.py:384} INFO - Rows affected: 1
[2023-05-09T18:56:55.194+0000] {base.py:73} INFO - Using connection ID '***' for task execution.
[2023-05-09T18:56:55.199+0000] {sql.py:375} INFO - Running statement: INSERT INTO artist_dim (artist_name,artist_id,genre) VALUES (%s,%s,%s) ON CONFLICT (artist_id) DO UPDATE SET artist_name=EXCLUDED.artist_name,artist_id=EXCLUDED.artist_id,genre=EXCLUDED.genre, parameters: ('Lund', '5uLkZ7FWMTBUg1corQqdkR', 'cloud rap')
[2023-05-09T18:56:55.201+0000] {sql.py:384} INFO - Rows affected: 1
[2023-05-09T18:56:55.207+0000] {base.py:73} INFO - Using connection ID '***' for task execution.
[2023-05-09T18:56:55.213+0000] {sql.py:375} INFO - Running statement: INSERT INTO artist_dim (artist_name,artist_id,genre) VALUES (%s,%s,%s) ON CONFLICT (artist_id) DO UPDATE SET artist_name=EXCLUDED.artist_name,artist_id=EXCLUDED.artist_id,genre=EXCLUDED.genre, parameters: ('Lil Cobaine', '0ILo2K3FmfIh4ICcbHE7RK', nan)
[2023-05-09T18:56:55.214+0000] {sql.py:384} INFO - Rows affected: 1
[2023-05-09T18:56:55.220+0000] {base.py:73} INFO - Using connection ID '***' for task execution.
[2023-05-09T18:56:55.225+0000] {sql.py:375} INFO - Running statement: INSERT INTO artist_dim (artist_name,artist_id,genre) VALUES (%s,%s,%s) ON CONFLICT (artist_id) DO UPDATE SET artist_name=EXCLUDED.artist_name,artist_id=EXCLUDED.artist_id,genre=EXCLUDED.genre, parameters: ('ilham', '0r7PsZB4ePA6vHrW4agoGN', nan)
[2023-05-09T18:56:55.227+0000] {sql.py:384} INFO - Rows affected: 1
[2023-05-09T18:56:55.232+0000] {base.py:73} INFO - Using connection ID '***' for task execution.
[2023-05-09T18:56:55.238+0000] {sql.py:375} INFO - Running statement: INSERT INTO artist_dim (artist_name,artist_id,genre) VALUES (%s,%s,%s) ON CONFLICT (artist_id) DO UPDATE SET artist_name=EXCLUDED.artist_name,artist_id=EXCLUDED.artist_id,genre=EXCLUDED.genre, parameters: ('Angelo Mota', '1PpFka2STGQ57kJcgYBgEF', 'indie hip hop')
[2023-05-09T18:56:55.239+0000] {sql.py:384} INFO - Rows affected: 1
[2023-05-09T18:56:55.245+0000] {base.py:73} INFO - Using connection ID '***' for task execution.
[2023-05-09T18:56:55.251+0000] {sql.py:375} INFO - Running statement: INSERT INTO artist_dim (artist_name,artist_id,genre) VALUES (%s,%s,%s) ON CONFLICT (artist_id) DO UPDATE SET artist_name=EXCLUDED.artist_name,artist_id=EXCLUDED.artist_id,genre=EXCLUDED.genre, parameters: ('Xuitcasecity', '6YxrfNCKBcQlbITpmDLErL', 'indie pop rap')
[2023-05-09T18:56:55.253+0000] {sql.py:384} INFO - Rows affected: 1
[2023-05-09T18:56:55.259+0000] {base.py:73} INFO - Using connection ID '***' for task execution.
[2023-05-09T18:56:55.264+0000] {sql.py:375} INFO - Running statement: INSERT INTO artist_dim (artist_name,artist_id,genre) VALUES (%s,%s,%s) ON CONFLICT (artist_id) DO UPDATE SET artist_name=EXCLUDED.artist_name,artist_id=EXCLUDED.artist_id,genre=EXCLUDED.genre, parameters: ('benny mayne', '2R2Yg2qPloNOTOfqxfXX7l', 'canadian contemporary r&b')
[2023-05-09T18:56:55.266+0000] {sql.py:384} INFO - Rows affected: 1
[2023-05-09T18:56:55.272+0000] {base.py:73} INFO - Using connection ID '***' for task execution.
[2023-05-09T18:56:55.277+0000] {sql.py:375} INFO - Running statement: INSERT INTO artist_dim (artist_name,artist_id,genre) VALUES (%s,%s,%s) ON CONFLICT (artist_id) DO UPDATE SET artist_name=EXCLUDED.artist_name,artist_id=EXCLUDED.artist_id,genre=EXCLUDED.genre, parameters: ('Isekai', '4yOY5zmuuTlS1DbG3yZGki', nan)
[2023-05-09T18:56:55.278+0000] {sql.py:384} INFO - Rows affected: 1
[2023-05-09T18:56:55.284+0000] {base.py:73} INFO - Using connection ID '***' for task execution.
[2023-05-09T18:56:55.290+0000] {sql.py:375} INFO - Running statement: INSERT INTO artist_dim (artist_name,artist_id,genre) VALUES (%s,%s,%s) ON CONFLICT (artist_id) DO UPDATE SET artist_name=EXCLUDED.artist_name,artist_id=EXCLUDED.artist_id,genre=EXCLUDED.genre, parameters: ('Lil Rae', '7iVscW49OWowl9SoLmWzfy', nan)
[2023-05-09T18:56:55.292+0000] {sql.py:384} INFO - Rows affected: 1
[2023-05-09T18:56:55.298+0000] {base.py:73} INFO - Using connection ID '***' for task execution.
[2023-05-09T18:56:55.305+0000] {sql.py:375} INFO - Running statement: INSERT INTO artist_dim (artist_name,artist_id,genre) VALUES (%s,%s,%s) ON CONFLICT (artist_id) DO UPDATE SET artist_name=EXCLUDED.artist_name,artist_id=EXCLUDED.artist_id,genre=EXCLUDED.genre, parameters: ('916frosty', '6c0lj01vVpHsCH7Z5CfJ9K', 'emo rap')
[2023-05-09T18:56:55.307+0000] {sql.py:384} INFO - Rows affected: 1
[2023-05-09T18:56:55.313+0000] {base.py:73} INFO - Using connection ID '***' for task execution.
[2023-05-09T18:56:55.318+0000] {sql.py:375} INFO - Running statement: INSERT INTO artist_dim (artist_name,artist_id,genre) VALUES (%s,%s,%s) ON CONFLICT (artist_id) DO UPDATE SET artist_name=EXCLUDED.artist_name,artist_id=EXCLUDED.artist_id,genre=EXCLUDED.genre, parameters: ('Marco Luka', '4tjqHer0BFQbJ1FVyWhffM', nan)
[2023-05-09T18:56:55.320+0000] {sql.py:384} INFO - Rows affected: 1
[2023-05-09T18:56:55.327+0000] {base.py:73} INFO - Using connection ID '***' for task execution.
[2023-05-09T18:56:55.333+0000] {sql.py:375} INFO - Running statement: INSERT INTO artist_dim (artist_name,artist_id,genre) VALUES (%s,%s,%s) ON CONFLICT (artist_id) DO UPDATE SET artist_name=EXCLUDED.artist_name,artist_id=EXCLUDED.artist_id,genre=EXCLUDED.genre, parameters: ('COTIS', '63CZNEytugjFnZBdjBmWc8', 'canadian contemporary r&b')
[2023-05-09T18:56:55.335+0000] {sql.py:384} INFO - Rows affected: 1
[2023-05-09T18:56:55.341+0000] {base.py:73} INFO - Using connection ID '***' for task execution.
[2023-05-09T18:56:55.347+0000] {sql.py:375} INFO - Running statement: INSERT INTO artist_dim (artist_name,artist_id,genre) VALUES (%s,%s,%s) ON CONFLICT (artist_id) DO UPDATE SET artist_name=EXCLUDED.artist_name,artist_id=EXCLUDED.artist_id,genre=EXCLUDED.genre, parameters: ('diveliner', '0be7y7HUvSBf8uG1X7pK8f', nan)
[2023-05-09T18:56:55.349+0000] {sql.py:384} INFO - Rows affected: 1
[2023-05-09T18:56:55.354+0000] {base.py:73} INFO - Using connection ID '***' for task execution.
[2023-05-09T18:56:55.360+0000] {sql.py:375} INFO - Running statement: INSERT INTO artist_dim (artist_name,artist_id,genre) VALUES (%s,%s,%s) ON CONFLICT (artist_id) DO UPDATE SET artist_name=EXCLUDED.artist_name,artist_id=EXCLUDED.artist_id,genre=EXCLUDED.genre, parameters: ('Young Lungs', '2trvlbfMS5zVozEmrFNDTJ', 'canadian hip hop')
[2023-05-09T18:56:55.362+0000] {sql.py:384} INFO - Rows affected: 1
[2023-05-09T18:56:55.368+0000] {base.py:73} INFO - Using connection ID '***' for task execution.
[2023-05-09T18:56:55.374+0000] {sql.py:375} INFO - Running statement: INSERT INTO artist_dim (artist_name,artist_id,genre) VALUES (%s,%s,%s) ON CONFLICT (artist_id) DO UPDATE SET artist_name=EXCLUDED.artist_name,artist_id=EXCLUDED.artist_id,genre=EXCLUDED.genre, parameters: ('Darko', '63dmB3SM4vOZ8rK1EX5IkU', 'sad rap')
[2023-05-09T18:56:55.375+0000] {sql.py:384} INFO - Rows affected: 1
[2023-05-09T18:56:55.381+0000] {base.py:73} INFO - Using connection ID '***' for task execution.
[2023-05-09T18:56:55.387+0000] {sql.py:375} INFO - Running statement: INSERT INTO artist_dim (artist_name,artist_id,genre) VALUES (%s,%s,%s) ON CONFLICT (artist_id) DO UPDATE SET artist_name=EXCLUDED.artist_name,artist_id=EXCLUDED.artist_id,genre=EXCLUDED.genre, parameters: ('24kGoldn', '6fWVd57NKTalqvmjRd2t8Z', 'cali rap')
[2023-05-09T18:56:55.389+0000] {sql.py:384} INFO - Rows affected: 1
[2023-05-09T18:56:55.395+0000] {base.py:73} INFO - Using connection ID '***' for task execution.
[2023-05-09T18:56:55.401+0000] {sql.py:375} INFO - Running statement: INSERT INTO artist_dim (artist_name,artist_id,genre) VALUES (%s,%s,%s) ON CONFLICT (artist_id) DO UPDATE SET artist_name=EXCLUDED.artist_name,artist_id=EXCLUDED.artist_id,genre=EXCLUDED.genre, parameters: ('convolk', '3ddT1Q3KQAm1G7UcIfz5KJ', 'cloud rap')
[2023-05-09T18:56:55.403+0000] {sql.py:384} INFO - Rows affected: 1
[2023-05-09T18:56:55.408+0000] {base.py:73} INFO - Using connection ID '***' for task execution.
[2023-05-09T18:56:55.414+0000] {sql.py:375} INFO - Running statement: INSERT INTO artist_dim (artist_name,artist_id,genre) VALUES (%s,%s,%s) ON CONFLICT (artist_id) DO UPDATE SET artist_name=EXCLUDED.artist_name,artist_id=EXCLUDED.artist_id,genre=EXCLUDED.genre, parameters: ('Sevant', '47SwNXPh17mIDcZwsCr6hX', nan)
[2023-05-09T18:56:55.416+0000] {sql.py:384} INFO - Rows affected: 1
[2023-05-09T18:56:55.422+0000] {base.py:73} INFO - Using connection ID '***' for task execution.
[2023-05-09T18:56:55.428+0000] {sql.py:375} INFO - Running statement: INSERT INTO artist_dim (artist_name,artist_id,genre) VALUES (%s,%s,%s) ON CONFLICT (artist_id) DO UPDATE SET artist_name=EXCLUDED.artist_name,artist_id=EXCLUDED.artist_id,genre=EXCLUDED.genre, parameters: ('Lui Joseph', '7MS7B4QRp1n6c5H8N7s3wB', 'sad rap')
[2023-05-09T18:56:55.429+0000] {sql.py:384} INFO - Rows affected: 1
[2023-05-09T18:56:55.436+0000] {base.py:73} INFO - Using connection ID '***' for task execution.
[2023-05-09T18:56:55.444+0000] {sql.py:375} INFO - Running statement: INSERT INTO artist_dim (artist_name,artist_id,genre) VALUES (%s,%s,%s) ON CONFLICT (artist_id) DO UPDATE SET artist_name=EXCLUDED.artist_name,artist_id=EXCLUDED.artist_id,genre=EXCLUDED.genre, parameters: ('Josh Golden', '6wUAn24MOirNVNqQM47fda', 'la pop')
[2023-05-09T18:56:55.446+0000] {sql.py:384} INFO - Rows affected: 1
[2023-05-09T18:56:55.453+0000] {base.py:73} INFO - Using connection ID '***' for task execution.
[2023-05-09T18:56:55.458+0000] {sql.py:375} INFO - Running statement: INSERT INTO artist_dim (artist_name,artist_id,genre) VALUES (%s,%s,%s) ON CONFLICT (artist_id) DO UPDATE SET artist_name=EXCLUDED.artist_name,artist_id=EXCLUDED.artist_id,genre=EXCLUDED.genre, parameters: ('ATO', '4KoNbDwbCK9D04dSmYG93E', nan)
[2023-05-09T18:56:55.460+0000] {sql.py:384} INFO - Rows affected: 1
[2023-05-09T18:56:55.466+0000] {base.py:73} INFO - Using connection ID '***' for task execution.
[2023-05-09T18:56:55.473+0000] {sql.py:375} INFO - Running statement: INSERT INTO artist_dim (artist_name,artist_id,genre) VALUES (%s,%s,%s) ON CONFLICT (artist_id) DO UPDATE SET artist_name=EXCLUDED.artist_name,artist_id=EXCLUDED.artist_id,genre=EXCLUDED.genre, parameters: ('Felly', '2848adRcxvgWNRcz1g1tQD', 'indie pop rap')
[2023-05-09T18:56:55.475+0000] {sql.py:384} INFO - Rows affected: 1
[2023-05-09T18:56:55.482+0000] {base.py:73} INFO - Using connection ID '***' for task execution.
[2023-05-09T18:56:55.489+0000] {sql.py:375} INFO - Running statement: INSERT INTO artist_dim (artist_name,artist_id,genre) VALUES (%s,%s,%s) ON CONFLICT (artist_id) DO UPDATE SET artist_name=EXCLUDED.artist_name,artist_id=EXCLUDED.artist_id,genre=EXCLUDED.genre, parameters: ('RIZ LA VIE', '0QkgnHpxSCOYdTnhUR9S5k', 'bedroom soul')
[2023-05-09T18:56:55.490+0000] {sql.py:384} INFO - Rows affected: 1
[2023-05-09T18:56:55.497+0000] {base.py:73} INFO - Using connection ID '***' for task execution.
[2023-05-09T18:56:55.503+0000] {sql.py:375} INFO - Running statement: INSERT INTO artist_dim (artist_name,artist_id,genre) VALUES (%s,%s,%s) ON CONFLICT (artist_id) DO UPDATE SET artist_name=EXCLUDED.artist_name,artist_id=EXCLUDED.artist_id,genre=EXCLUDED.genre, parameters: ('Tommy Ice', '3AUIYVmhwrsw8UOPHEv91Z', 'emo rap')
[2023-05-09T18:56:55.505+0000] {sql.py:384} INFO - Rows affected: 1
[2023-05-09T18:56:55.511+0000] {base.py:73} INFO - Using connection ID '***' for task execution.
[2023-05-09T18:56:55.516+0000] {sql.py:375} INFO - Running statement: INSERT INTO artist_dim (artist_name,artist_id,genre) VALUES (%s,%s,%s) ON CONFLICT (artist_id) DO UPDATE SET artist_name=EXCLUDED.artist_name,artist_id=EXCLUDED.artist_id,genre=EXCLUDED.genre, parameters: ('Andrew Spacey', '71EAlWYAa5jb4phZIOlp7u', 'st louis rap')
[2023-05-09T18:56:55.518+0000] {sql.py:384} INFO - Rows affected: 1
[2023-05-09T18:56:55.525+0000] {base.py:73} INFO - Using connection ID '***' for task execution.
[2023-05-09T18:56:55.531+0000] {sql.py:375} INFO - Running statement: INSERT INTO artist_dim (artist_name,artist_id,genre) VALUES (%s,%s,%s) ON CONFLICT (artist_id) DO UPDATE SET artist_name=EXCLUDED.artist_name,artist_id=EXCLUDED.artist_id,genre=EXCLUDED.genre, parameters: ('aldn', '2GUw9Wzha61PkZoRVv1PDD', 'glitchcore')
[2023-05-09T18:56:55.533+0000] {sql.py:384} INFO - Rows affected: 1
[2023-05-09T18:56:55.539+0000] {base.py:73} INFO - Using connection ID '***' for task execution.
[2023-05-09T18:56:55.544+0000] {sql.py:375} INFO - Running statement: INSERT INTO artist_dim (artist_name,artist_id,genre) VALUES (%s,%s,%s) ON CONFLICT (artist_id) DO UPDATE SET artist_name=EXCLUDED.artist_name,artist_id=EXCLUDED.artist_id,genre=EXCLUDED.genre, parameters: ('RONEN', '3wDeS1sr05fxaOeiJJrOnL', 'aesthetic rap')
[2023-05-09T18:56:55.546+0000] {sql.py:384} INFO - Rows affected: 1
[2023-05-09T18:56:55.552+0000] {base.py:73} INFO - Using connection ID '***' for task execution.
[2023-05-09T18:56:55.560+0000] {sql.py:375} INFO - Running statement: INSERT INTO artist_dim (artist_name,artist_id,genre) VALUES (%s,%s,%s) ON CONFLICT (artist_id) DO UPDATE SET artist_name=EXCLUDED.artist_name,artist_id=EXCLUDED.artist_id,genre=EXCLUDED.genre, parameters: ('Elroy', '1OP39gZ2SXVnwg4NrARmsu', 'hyperpop')
[2023-05-09T18:56:55.562+0000] {sql.py:384} INFO - Rows affected: 1
[2023-05-09T18:56:55.568+0000] {base.py:73} INFO - Using connection ID '***' for task execution.
[2023-05-09T18:56:55.575+0000] {sql.py:375} INFO - Running statement: INSERT INTO artist_dim (artist_name,artist_id,genre) VALUES (%s,%s,%s) ON CONFLICT (artist_id) DO UPDATE SET artist_name=EXCLUDED.artist_name,artist_id=EXCLUDED.artist_id,genre=EXCLUDED.genre, parameters: ('44phantom', '1vwwjIPFeYoRfAUCqqO6cZ', nan)
[2023-05-09T18:56:55.576+0000] {sql.py:384} INFO - Rows affected: 1
[2023-05-09T18:56:55.582+0000] {base.py:73} INFO - Using connection ID '***' for task execution.
[2023-05-09T18:56:55.590+0000] {sql.py:375} INFO - Running statement: INSERT INTO artist_dim (artist_name,artist_id,genre) VALUES (%s,%s,%s) ON CONFLICT (artist_id) DO UPDATE SET artist_name=EXCLUDED.artist_name,artist_id=EXCLUDED.artist_id,genre=EXCLUDED.genre, parameters: ('Ramzoid', '2Ci3Sflo2BfC77wTwn2hbH', 'future bass')
[2023-05-09T18:56:55.592+0000] {sql.py:384} INFO - Rows affected: 1
[2023-05-09T18:56:55.598+0000] {base.py:73} INFO - Using connection ID '***' for task execution.
[2023-05-09T18:56:55.604+0000] {sql.py:375} INFO - Running statement: INSERT INTO artist_dim (artist_name,artist_id,genre) VALUES (%s,%s,%s) ON CONFLICT (artist_id) DO UPDATE SET artist_name=EXCLUDED.artist_name,artist_id=EXCLUDED.artist_id,genre=EXCLUDED.genre, parameters: ('GOLDHOUSE', '670UISOh9XV1zlq5z5IfoY', 'pop edm')
[2023-05-09T18:56:55.605+0000] {sql.py:384} INFO - Rows affected: 1
[2023-05-09T18:56:55.611+0000] {base.py:73} INFO - Using connection ID '***' for task execution.
[2023-05-09T18:56:55.617+0000] {sql.py:375} INFO - Running statement: INSERT INTO artist_dim (artist_name,artist_id,genre) VALUES (%s,%s,%s) ON CONFLICT (artist_id) DO UPDATE SET artist_name=EXCLUDED.artist_name,artist_id=EXCLUDED.artist_id,genre=EXCLUDED.genre, parameters: ('dying in designer', '3QZxOYl5zlZtfigtXOZsfT', 'emo rap')
[2023-05-09T18:56:55.618+0000] {sql.py:384} INFO - Rows affected: 1
[2023-05-09T18:56:55.624+0000] {base.py:73} INFO - Using connection ID '***' for task execution.
[2023-05-09T18:56:55.633+0000] {sql.py:375} INFO - Running statement: INSERT INTO artist_dim (artist_name,artist_id,genre) VALUES (%s,%s,%s) ON CONFLICT (artist_id) DO UPDATE SET artist_name=EXCLUDED.artist_name,artist_id=EXCLUDED.artist_id,genre=EXCLUDED.genre, parameters: ('Kota the Friend', '2AfU5LYBVCiCtuCCfM7uVX', 'underground hip hop')
[2023-05-09T18:56:55.635+0000] {sql.py:384} INFO - Rows affected: 1
[2023-05-09T18:56:55.641+0000] {base.py:73} INFO - Using connection ID '***' for task execution.
[2023-05-09T18:56:55.646+0000] {sql.py:375} INFO - Running statement: INSERT INTO artist_dim (artist_name,artist_id,genre) VALUES (%s,%s,%s) ON CONFLICT (artist_id) DO UPDATE SET artist_name=EXCLUDED.artist_name,artist_id=EXCLUDED.artist_id,genre=EXCLUDED.genre, parameters: ('Marlon Craft', '7MigDh04CCntQbsBvugEmb', 'nyc rap')
[2023-05-09T18:56:55.648+0000] {sql.py:384} INFO - Rows affected: 1
[2023-05-09T18:56:55.654+0000] {base.py:73} INFO - Using connection ID '***' for task execution.
[2023-05-09T18:56:55.660+0000] {sql.py:375} INFO - Running statement: INSERT INTO artist_dim (artist_name,artist_id,genre) VALUES (%s,%s,%s) ON CONFLICT (artist_id) DO UPDATE SET artist_name=EXCLUDED.artist_name,artist_id=EXCLUDED.artist_id,genre=EXCLUDED.genre, parameters: ('SEBASTIAN PAUL', '1tQu5TjcAK68fx8qrc8ZgF', nan)
[2023-05-09T18:56:55.661+0000] {sql.py:384} INFO - Rows affected: 1
[2023-05-09T18:56:55.668+0000] {base.py:73} INFO - Using connection ID '***' for task execution.
[2023-05-09T18:56:55.674+0000] {sql.py:375} INFO - Running statement: INSERT INTO artist_dim (artist_name,artist_id,genre) VALUES (%s,%s,%s) ON CONFLICT (artist_id) DO UPDATE SET artist_name=EXCLUDED.artist_name,artist_id=EXCLUDED.artist_id,genre=EXCLUDED.genre, parameters: ('Max Wells', '0Kx7qYhFiv0YD5lxEG1nsz', nan)
[2023-05-09T18:56:55.675+0000] {sql.py:384} INFO - Rows affected: 1
[2023-05-09T18:56:55.681+0000] {base.py:73} INFO - Using connection ID '***' for task execution.
[2023-05-09T18:56:55.688+0000] {sql.py:375} INFO - Running statement: INSERT INTO artist_dim (artist_name,artist_id,genre) VALUES (%s,%s,%s) ON CONFLICT (artist_id) DO UPDATE SET artist_name=EXCLUDED.artist_name,artist_id=EXCLUDED.artist_id,genre=EXCLUDED.genre, parameters: ('Gomey', '5ibWbhA0IkPT3xCN0YicRL', nan)
[2023-05-09T18:56:55.690+0000] {sql.py:384} INFO - Rows affected: 1
[2023-05-09T18:56:55.696+0000] {base.py:73} INFO - Using connection ID '***' for task execution.
[2023-05-09T18:56:55.704+0000] {sql.py:375} INFO - Running statement: INSERT INTO artist_dim (artist_name,artist_id,genre) VALUES (%s,%s,%s) ON CONFLICT (artist_id) DO UPDATE SET artist_name=EXCLUDED.artist_name,artist_id=EXCLUDED.artist_id,genre=EXCLUDED.genre, parameters: ('Christian French', '7naAJDAh7AZnf18YYfQruM', 'alt z')
[2023-05-09T18:56:55.706+0000] {sql.py:384} INFO - Rows affected: 1
[2023-05-09T18:56:55.712+0000] {base.py:73} INFO - Using connection ID '***' for task execution.
[2023-05-09T18:56:55.718+0000] {sql.py:375} INFO - Running statement: INSERT INTO artist_dim (artist_name,artist_id,genre) VALUES (%s,%s,%s) ON CONFLICT (artist_id) DO UPDATE SET artist_name=EXCLUDED.artist_name,artist_id=EXCLUDED.artist_id,genre=EXCLUDED.genre, parameters: ('tsubi club', '6fHEaFnFgMxMAtDt7mFoQ3', 'hyperpop')
[2023-05-09T18:56:55.720+0000] {sql.py:384} INFO - Rows affected: 1
[2023-05-09T18:56:55.726+0000] {base.py:73} INFO - Using connection ID '***' for task execution.
[2023-05-09T18:56:55.734+0000] {sql.py:375} INFO - Running statement: INSERT INTO artist_dim (artist_name,artist_id,genre) VALUES (%s,%s,%s) ON CONFLICT (artist_id) DO UPDATE SET artist_name=EXCLUDED.artist_name,artist_id=EXCLUDED.artist_id,genre=EXCLUDED.genre, parameters: ('Vwillz', '0S7eN9KAsbAaIZtFyCn1q1', nan)
[2023-05-09T18:56:55.736+0000] {sql.py:384} INFO - Rows affected: 1
[2023-05-09T18:56:55.742+0000] {base.py:73} INFO - Using connection ID '***' for task execution.
[2023-05-09T18:56:55.748+0000] {sql.py:375} INFO - Running statement: INSERT INTO artist_dim (artist_name,artist_id,genre) VALUES (%s,%s,%s) ON CONFLICT (artist_id) DO UPDATE SET artist_name=EXCLUDED.artist_name,artist_id=EXCLUDED.artist_id,genre=EXCLUDED.genre, parameters: ('Kevin Powers', '4X8TR9pBFyewFlIDYt1o2s', nan)
[2023-05-09T18:56:55.749+0000] {sql.py:384} INFO - Rows affected: 1
[2023-05-09T18:56:55.755+0000] {base.py:73} INFO - Using connection ID '***' for task execution.
[2023-05-09T18:56:55.760+0000] {sql.py:375} INFO - Running statement: INSERT INTO artist_dim (artist_name,artist_id,genre) VALUES (%s,%s,%s) ON CONFLICT (artist_id) DO UPDATE SET artist_name=EXCLUDED.artist_name,artist_id=EXCLUDED.artist_id,genre=EXCLUDED.genre, parameters: ('Brennan', '5UrcghjIlj83Jf7QjZfBhZ', nan)
[2023-05-09T18:56:55.762+0000] {sql.py:384} INFO - Rows affected: 1
[2023-05-09T18:56:55.767+0000] {base.py:73} INFO - Using connection ID '***' for task execution.
[2023-05-09T18:56:55.773+0000] {sql.py:375} INFO - Running statement: INSERT INTO artist_dim (artist_name,artist_id,genre) VALUES (%s,%s,%s) ON CONFLICT (artist_id) DO UPDATE SET artist_name=EXCLUDED.artist_name,artist_id=EXCLUDED.artist_id,genre=EXCLUDED.genre, parameters: ('Rawska', '3pob90yrusjcbgSYFKaeAk', 'cloud rap')
[2023-05-09T18:56:55.774+0000] {sql.py:384} INFO - Rows affected: 1
[2023-05-09T18:56:55.780+0000] {base.py:73} INFO - Using connection ID '***' for task execution.
[2023-05-09T18:56:55.788+0000] {sql.py:375} INFO - Running statement: INSERT INTO artist_dim (artist_name,artist_id,genre) VALUES (%s,%s,%s) ON CONFLICT (artist_id) DO UPDATE SET artist_name=EXCLUDED.artist_name,artist_id=EXCLUDED.artist_id,genre=EXCLUDED.genre, parameters: ('Ghostrage', '7BoBxrm9jJ7us6U92oqr4N', nan)
[2023-05-09T18:56:55.789+0000] {sql.py:384} INFO - Rows affected: 1
[2023-05-09T18:56:55.795+0000] {base.py:73} INFO - Using connection ID '***' for task execution.
[2023-05-09T18:56:55.801+0000] {sql.py:375} INFO - Running statement: INSERT INTO artist_dim (artist_name,artist_id,genre) VALUES (%s,%s,%s) ON CONFLICT (artist_id) DO UPDATE SET artist_name=EXCLUDED.artist_name,artist_id=EXCLUDED.artist_id,genre=EXCLUDED.genre, parameters: ('Cold Hart', '1fsCfvdiomqjKJFR6xI8e4', 'cloud rap')
[2023-05-09T18:56:55.803+0000] {sql.py:384} INFO - Rows affected: 1
[2023-05-09T18:56:55.809+0000] {base.py:73} INFO - Using connection ID '***' for task execution.
[2023-05-09T18:56:55.814+0000] {sql.py:375} INFO - Running statement: INSERT INTO artist_dim (artist_name,artist_id,genre) VALUES (%s,%s,%s) ON CONFLICT (artist_id) DO UPDATE SET artist_name=EXCLUDED.artist_name,artist_id=EXCLUDED.artist_id,genre=EXCLUDED.genre, parameters: ('Yung Pinch', '61qMnYXa1GxSBoV3IiYKjZ', 'melodic rap')
[2023-05-09T18:56:55.816+0000] {sql.py:384} INFO - Rows affected: 1
[2023-05-09T18:56:55.822+0000] {base.py:73} INFO - Using connection ID '***' for task execution.
[2023-05-09T18:56:55.828+0000] {sql.py:375} INFO - Running statement: INSERT INTO artist_dim (artist_name,artist_id,genre) VALUES (%s,%s,%s) ON CONFLICT (artist_id) DO UPDATE SET artist_name=EXCLUDED.artist_name,artist_id=EXCLUDED.artist_id,genre=EXCLUDED.genre, parameters: ('Johan Lenox', '1KuV6xtFnLPsneN3yBrjFj', nan)
[2023-05-09T18:56:55.830+0000] {sql.py:384} INFO - Rows affected: 1
[2023-05-09T18:56:55.837+0000] {base.py:73} INFO - Using connection ID '***' for task execution.
[2023-05-09T18:56:55.843+0000] {sql.py:375} INFO - Running statement: INSERT INTO artist_dim (artist_name,artist_id,genre) VALUES (%s,%s,%s) ON CONFLICT (artist_id) DO UPDATE SET artist_name=EXCLUDED.artist_name,artist_id=EXCLUDED.artist_id,genre=EXCLUDED.genre, parameters: ('Hovey Benjamin', '7wSr4otUV4ytUvHE4w3rBe', 'meme rap')
[2023-05-09T18:56:55.845+0000] {sql.py:384} INFO - Rows affected: 1
[2023-05-09T18:56:55.851+0000] {base.py:73} INFO - Using connection ID '***' for task execution.
[2023-05-09T18:56:55.856+0000] {sql.py:375} INFO - Running statement: INSERT INTO artist_dim (artist_name,artist_id,genre) VALUES (%s,%s,%s) ON CONFLICT (artist_id) DO UPDATE SET artist_name=EXCLUDED.artist_name,artist_id=EXCLUDED.artist_id,genre=EXCLUDED.genre, parameters: ('underscores', '7HfUJxeVTgrvhk0eWHFzV7', 'hyperpop')
[2023-05-09T18:56:55.858+0000] {sql.py:384} INFO - Rows affected: 1
[2023-05-09T18:56:55.864+0000] {base.py:73} INFO - Using connection ID '***' for task execution.
[2023-05-09T18:56:55.869+0000] {sql.py:375} INFO - Running statement: INSERT INTO artist_dim (artist_name,artist_id,genre) VALUES (%s,%s,%s) ON CONFLICT (artist_id) DO UPDATE SET artist_name=EXCLUDED.artist_name,artist_id=EXCLUDED.artist_id,genre=EXCLUDED.genre, parameters: ('MASN', '4HAfqyKr4Sqtab6ttHWXgE', 'sad rap')
[2023-05-09T18:56:55.871+0000] {sql.py:384} INFO - Rows affected: 1
[2023-05-09T18:56:55.876+0000] {base.py:73} INFO - Using connection ID '***' for task execution.
[2023-05-09T18:56:55.882+0000] {sql.py:375} INFO - Running statement: INSERT INTO artist_dim (artist_name,artist_id,genre) VALUES (%s,%s,%s) ON CONFLICT (artist_id) DO UPDATE SET artist_name=EXCLUDED.artist_name,artist_id=EXCLUDED.artist_id,genre=EXCLUDED.genre, parameters: ('VIC MENSA', '27w1NoOLMX7tJMYqcetPyG', 'canadian hip hop')
[2023-05-09T18:56:55.884+0000] {sql.py:384} INFO - Rows affected: 1
[2023-05-09T18:56:55.889+0000] {base.py:73} INFO - Using connection ID '***' for task execution.
[2023-05-09T18:56:55.896+0000] {sql.py:375} INFO - Running statement: INSERT INTO artist_dim (artist_name,artist_id,genre) VALUES (%s,%s,%s) ON CONFLICT (artist_id) DO UPDATE SET artist_name=EXCLUDED.artist_name,artist_id=EXCLUDED.artist_id,genre=EXCLUDED.genre, parameters: ('mike.', '5G9kmDLg3OeUyj8KVBLzbu', 'indie pop rap')
[2023-05-09T18:56:55.898+0000] {sql.py:384} INFO - Rows affected: 1
[2023-05-09T18:56:55.903+0000] {base.py:73} INFO - Using connection ID '***' for task execution.
[2023-05-09T18:56:55.909+0000] {sql.py:375} INFO - Running statement: INSERT INTO artist_dim (artist_name,artist_id,genre) VALUES (%s,%s,%s) ON CONFLICT (artist_id) DO UPDATE SET artist_name=EXCLUDED.artist_name,artist_id=EXCLUDED.artist_id,genre=EXCLUDED.genre, parameters: ('POORSTACY', '7vSY9HEreOqb1Llar3UC38', 'emo rap')
[2023-05-09T18:56:55.910+0000] {sql.py:384} INFO - Rows affected: 1
[2023-05-09T18:56:55.916+0000] {base.py:73} INFO - Using connection ID '***' for task execution.
[2023-05-09T18:56:55.922+0000] {sql.py:375} INFO - Running statement: INSERT INTO artist_dim (artist_name,artist_id,genre) VALUES (%s,%s,%s) ON CONFLICT (artist_id) DO UPDATE SET artist_name=EXCLUDED.artist_name,artist_id=EXCLUDED.artist_id,genre=EXCLUDED.genre, parameters: ('nothing,nowhere.', '7FngGIEGgN3Iwauw1MvO4P', 'cloud rap')
[2023-05-09T18:56:55.924+0000] {sql.py:384} INFO - Rows affected: 1
[2023-05-09T18:56:55.930+0000] {base.py:73} INFO - Using connection ID '***' for task execution.
[2023-05-09T18:56:55.935+0000] {sql.py:375} INFO - Running statement: INSERT INTO artist_dim (artist_name,artist_id,genre) VALUES (%s,%s,%s) ON CONFLICT (artist_id) DO UPDATE SET artist_name=EXCLUDED.artist_name,artist_id=EXCLUDED.artist_id,genre=EXCLUDED.genre, parameters: ('Atlas in Motion', '1N9JxmOPJqhMCw219uoEi8', nan)
[2023-05-09T18:56:55.937+0000] {sql.py:384} INFO - Rows affected: 1
[2023-05-09T18:56:55.943+0000] {base.py:73} INFO - Using connection ID '***' for task execution.
[2023-05-09T18:56:55.948+0000] {sql.py:375} INFO - Running statement: INSERT INTO artist_dim (artist_name,artist_id,genre) VALUES (%s,%s,%s) ON CONFLICT (artist_id) DO UPDATE SET artist_name=EXCLUDED.artist_name,artist_id=EXCLUDED.artist_id,genre=EXCLUDED.genre, parameters: ('han.irl <3', '5VfSeZYcDwD8WQVwbaoL6z', nan)
[2023-05-09T18:56:55.950+0000] {sql.py:384} INFO - Rows affected: 1
[2023-05-09T18:56:55.956+0000] {base.py:73} INFO - Using connection ID '***' for task execution.
[2023-05-09T18:56:55.963+0000] {sql.py:375} INFO - Running statement: INSERT INTO artist_dim (artist_name,artist_id,genre) VALUES (%s,%s,%s) ON CONFLICT (artist_id) DO UPDATE SET artist_name=EXCLUDED.artist_name,artist_id=EXCLUDED.artist_id,genre=EXCLUDED.genre, parameters: ('login', '5JZPSVFMUk4HGDdx68lN77', 'hyperpop')
[2023-05-09T18:56:55.965+0000] {sql.py:384} INFO - Rows affected: 1
[2023-05-09T18:56:55.971+0000] {base.py:73} INFO - Using connection ID '***' for task execution.
[2023-05-09T18:56:55.978+0000] {sql.py:375} INFO - Running statement: INSERT INTO artist_dim (artist_name,artist_id,genre) VALUES (%s,%s,%s) ON CONFLICT (artist_id) DO UPDATE SET artist_name=EXCLUDED.artist_name,artist_id=EXCLUDED.artist_id,genre=EXCLUDED.genre, parameters: ('静的 Static', '6rEjEIfp3NSRteU3kJGSET', 'emo rap')
[2023-05-09T18:56:55.980+0000] {sql.py:384} INFO - Rows affected: 1
[2023-05-09T18:56:55.986+0000] {base.py:73} INFO - Using connection ID '***' for task execution.
[2023-05-09T18:56:55.993+0000] {sql.py:375} INFO - Running statement: INSERT INTO artist_dim (artist_name,artist_id,genre) VALUES (%s,%s,%s) ON CONFLICT (artist_id) DO UPDATE SET artist_name=EXCLUDED.artist_name,artist_id=EXCLUDED.artist_id,genre=EXCLUDED.genre, parameters: ('Rich Brian', '2IDLDx25HU1nQMKde4n61a', 'indonesian hip hop')
[2023-05-09T18:56:55.995+0000] {sql.py:384} INFO - Rows affected: 1
[2023-05-09T18:56:56.001+0000] {base.py:73} INFO - Using connection ID '***' for task execution.
[2023-05-09T18:56:56.007+0000] {sql.py:375} INFO - Running statement: INSERT INTO artist_dim (artist_name,artist_id,genre) VALUES (%s,%s,%s) ON CONFLICT (artist_id) DO UPDATE SET artist_name=EXCLUDED.artist_name,artist_id=EXCLUDED.artist_id,genre=EXCLUDED.genre, parameters: ('88rising', '1AhjOkOLkbHUfcHDSErXQs', 'asian american hip hop')
[2023-05-09T18:56:56.009+0000] {sql.py:384} INFO - Rows affected: 1
[2023-05-09T18:56:56.010+0000] {python.py:183} INFO - Done. Returned value was: None
[2023-05-09T18:56:56.017+0000] {taskinstance.py:1373} INFO - Marking task as SUCCESS. dag_id=Summer_Warped_ETL, task_id=LoadData.LoadArtistDim, execution_date=20230509T170730, start_date=20230509T185654, end_date=20230509T185656
[2023-05-09T18:56:56.039+0000] {local_task_job_runner.py:232} INFO - Task exited with return code 0
[2023-05-09T18:56:56.059+0000] {taskinstance.py:2674} INFO - 1 downstream tasks scheduled from follow-on schedule check
