[2023-05-06T19:52:38.275+0000] {taskinstance.py:1125} INFO - Dependencies all met for dep_context=non-requeueable deps ti=<TaskInstance: Summer_Warped_ETL.GetArtistInfo manual__2023-05-06T19:13:59.513626+00:00 [queued]>
[2023-05-06T19:52:38.281+0000] {taskinstance.py:1125} INFO - Dependencies all met for dep_context=requeueable deps ti=<TaskInstance: Summer_Warped_ETL.GetArtistInfo manual__2023-05-06T19:13:59.513626+00:00 [queued]>
[2023-05-06T19:52:38.281+0000] {taskinstance.py:1331} INFO - Starting attempt 6 of 8
[2023-05-06T19:52:38.289+0000] {taskinstance.py:1350} INFO - Executing <Task(PythonOperator): GetArtistInfo> on 2023-05-06 19:13:59.513626+00:00
[2023-05-06T19:52:38.294+0000] {standard_task_runner.py:57} INFO - Started process 4206 to run task
[2023-05-06T19:52:38.299+0000] {standard_task_runner.py:84} INFO - Running: ['***', 'tasks', 'run', 'Summer_Warped_ETL', 'GetArtistInfo', 'manual__2023-05-06T19:13:59.513626+00:00', '--job-id', '258', '--raw', '--subdir', 'DAGS_FOLDER/warped-dag.py', '--cfg-path', '/tmp/tmp1dbcswyb']
[2023-05-06T19:52:38.299+0000] {standard_task_runner.py:85} INFO - Job 258: Subtask GetArtistInfo
[2023-05-06T19:52:38.341+0000] {task_command.py:410} INFO - Running <TaskInstance: Summer_Warped_ETL.GetArtistInfo manual__2023-05-06T19:13:59.513626+00:00 [running]> on host 49f85d1317d0
[2023-05-06T19:52:38.399+0000] {taskinstance.py:1570} INFO - Exporting env vars: AIRFLOW_CTX_DAG_OWNER='Ananta Moharana' AIRFLOW_CTX_DAG_ID='Summer_Warped_ETL' AIRFLOW_CTX_TASK_ID='GetArtistInfo' AIRFLOW_CTX_EXECUTION_DATE='2023-05-06T19:13:59.513626+00:00' AIRFLOW_CTX_TRY_NUMBER='6' AIRFLOW_CTX_DAG_RUN_ID='manual__2023-05-06T19:13:59.513626+00:00'
[2023-05-06T19:52:38.533+0000] {logging_mixin.py:149} INFO - vapor trap
[2023-05-06T19:52:38.631+0000] {logging_mixin.py:149} INFO - sad rap
[2023-05-06T19:52:38.731+0000] {logging_mixin.py:149} INFO - cloud rap
[2023-05-06T19:52:38.943+0000] {logging_mixin.py:149} INFO - glitchcore
[2023-05-06T19:52:39.292+0000] {logging_mixin.py:149} INFO - emoplugg
[2023-05-06T19:52:39.516+0000] {logging_mixin.py:149} INFO - alt z
[2023-05-06T19:52:39.620+0000] {logging_mixin.py:149} INFO - cloud rap
[2023-05-06T19:52:39.729+0000] {logging_mixin.py:149} INFO - canadian hip hop
[2023-05-06T19:52:39.846+0000] {logging_mixin.py:149} INFO - nyc rap
[2023-05-06T19:52:40.053+0000] {logging_mixin.py:149} INFO - indie pop rap
[2023-05-06T19:52:40.151+0000] {logging_mixin.py:149} INFO - canadian hip hop
[2023-05-06T19:52:40.272+0000] {logging_mixin.py:149} INFO - upstate ny rap
[2023-05-06T19:52:40.623+0000] {logging_mixin.py:149} INFO - emo rap
[2023-05-06T19:52:40.799+0000] {logging_mixin.py:149} INFO - deep underground hip hop
[2023-05-06T19:52:40.912+0000] {logging_mixin.py:149} INFO - sad rap
[2023-05-06T19:52:41.007+0000] {logging_mixin.py:149} INFO - emo rap
[2023-05-06T19:52:41.541+0000] {logging_mixin.py:149} INFO - hyperpop
[2023-05-06T19:52:41.627+0000] {logging_mixin.py:149} INFO - emo rap
[2023-05-06T19:52:41.828+0000] {logging_mixin.py:149} INFO - cali rap
[2023-05-06T19:52:42.041+0000] {logging_mixin.py:149} INFO - canadian contemporary r&b
[2023-05-06T19:52:42.175+0000] {logging_mixin.py:149} INFO - st louis rap
[2023-05-06T19:52:42.256+0000] {logging_mixin.py:149} INFO - melodic rap
[2023-05-06T19:52:42.373+0000] {logging_mixin.py:149} INFO - pop edm
[2023-05-06T19:52:42.603+0000] {logging_mixin.py:149} INFO - cloud rap
[2023-05-06T19:52:42.861+0000] {logging_mixin.py:149} INFO - hyperpop
[2023-05-06T19:52:42.986+0000] {logging_mixin.py:149} INFO - alt z
[2023-05-06T19:52:43.389+0000] {logging_mixin.py:149} INFO - glitchcore
[2023-05-06T19:52:43.742+0000] {logging_mixin.py:149} INFO - atl hip hop
[2023-05-06T19:52:43.855+0000] {logging_mixin.py:149} INFO - indonesian hip hop
[2023-05-06T19:52:43.968+0000] {logging_mixin.py:149} INFO - cloud rap
[2023-05-06T19:52:44.176+0000] {logging_mixin.py:149} INFO - meme rap
[2023-05-06T19:52:44.376+0000] {logging_mixin.py:149} INFO - cloud rap
[2023-05-06T19:52:44.589+0000] {logging_mixin.py:149} INFO - canadian contemporary r&b
[2023-05-06T19:52:44.685+0000] {logging_mixin.py:149} INFO - cloud rap
[2023-05-06T19:52:44.776+0000] {logging_mixin.py:149} INFO - underground hip hop
[2023-05-06T19:52:44.883+0000] {logging_mixin.py:149} INFO - sad rap
[2023-05-06T19:52:44.986+0000] {logging_mixin.py:149} INFO - glitchcore
[2023-05-06T19:52:45.194+0000] {logging_mixin.py:149} INFO - future bass
[2023-05-06T19:52:45.399+0000] {logging_mixin.py:149} INFO - pittsburgh rap
[2023-05-06T19:52:45.513+0000] {logging_mixin.py:149} INFO - glitchcore
[2023-05-06T19:52:45.618+0000] {logging_mixin.py:149} INFO - hyperpop
[2023-05-06T19:52:45.723+0000] {logging_mixin.py:149} INFO - lo-fi rap
[2023-05-06T19:52:45.826+0000] {logging_mixin.py:149} INFO - emo rap
[2023-05-06T19:52:45.932+0000] {logging_mixin.py:149} INFO - cloud rap
[2023-05-06T19:52:51.277+0000] {logging_mixin.py:149} INFO - hyperpop
[2023-05-06T19:52:51.699+0000] {logging_mixin.py:149} INFO - emo rap
[2023-05-06T19:52:51.804+0000] {logging_mixin.py:149} INFO - bedroom soul
[2023-05-06T19:52:51.898+0000] {logging_mixin.py:149} INFO - emo rap
[2023-05-06T19:52:52.017+0000] {logging_mixin.py:149} INFO - cloud rap
[2023-05-06T19:52:52.153+0000] {logging_mixin.py:149} INFO - asian american hip hop
[2023-05-06T19:52:52.452+0000] {logging_mixin.py:149} INFO - cloud rap
[2023-05-06T19:52:52.566+0000] {logging_mixin.py:149} INFO - hyperpop
[2023-05-06T19:52:52.662+0000] {logging_mixin.py:149} INFO - indie hip hop
[2023-05-06T19:52:52.756+0000] {logging_mixin.py:149} INFO - aesthetic rap
[2023-05-06T19:52:52.864+0000] {logging_mixin.py:149} INFO - indie pop rap
[2023-05-06T19:52:52.969+0000] {logging_mixin.py:149} INFO - aesthetic rap
[2023-05-06T19:52:53.074+0000] {logging_mixin.py:149} INFO - la pop
[2023-05-06T19:52:53.213+0000] {logging_mixin.py:149} INFO - emo rap
[2023-05-06T19:52:53.236+0000] {python.py:183} INFO - Done. Returned value was: None
[2023-05-06T19:52:53.248+0000] {taskinstance.py:1373} INFO - Marking task as SUCCESS. dag_id=Summer_Warped_ETL, task_id=GetArtistInfo, execution_date=20230506T191359, start_date=20230506T195238, end_date=20230506T195253
[2023-05-06T19:52:53.285+0000] {local_task_job_runner.py:232} INFO - Task exited with return code 0
[2023-05-06T19:52:53.332+0000] {taskinstance.py:2674} INFO - 1 downstream tasks scheduled from follow-on schedule check
