[2023-05-06T19:55:28.170+0000] {taskinstance.py:1125} INFO - Dependencies all met for dep_context=non-requeueable deps ti=<TaskInstance: Summer_Warped_ETL.GetArtistInfo manual__2023-05-06T19:13:59.513626+00:00 [queued]>
[2023-05-06T19:55:28.175+0000] {taskinstance.py:1125} INFO - Dependencies all met for dep_context=requeueable deps ti=<TaskInstance: Summer_Warped_ETL.GetArtistInfo manual__2023-05-06T19:13:59.513626+00:00 [queued]>
[2023-05-06T19:55:28.175+0000] {taskinstance.py:1331} INFO - Starting attempt 7 of 9
[2023-05-06T19:55:28.183+0000] {taskinstance.py:1350} INFO - Executing <Task(PythonOperator): GetArtistInfo> on 2023-05-06 19:13:59.513626+00:00
[2023-05-06T19:55:28.188+0000] {standard_task_runner.py:57} INFO - Started process 4317 to run task
[2023-05-06T19:55:28.192+0000] {standard_task_runner.py:84} INFO - Running: ['***', 'tasks', 'run', 'Summer_Warped_ETL', 'GetArtistInfo', 'manual__2023-05-06T19:13:59.513626+00:00', '--job-id', '273', '--raw', '--subdir', 'DAGS_FOLDER/warped-dag.py', '--cfg-path', '/tmp/tmptx5p4dog']
[2023-05-06T19:55:28.193+0000] {standard_task_runner.py:85} INFO - Job 273: Subtask GetArtistInfo
[2023-05-06T19:55:28.239+0000] {task_command.py:410} INFO - Running <TaskInstance: Summer_Warped_ETL.GetArtistInfo manual__2023-05-06T19:13:59.513626+00:00 [running]> on host 49f85d1317d0
[2023-05-06T19:55:28.304+0000] {taskinstance.py:1570} INFO - Exporting env vars: AIRFLOW_CTX_DAG_OWNER='Ananta Moharana' AIRFLOW_CTX_DAG_ID='Summer_Warped_ETL' AIRFLOW_CTX_TASK_ID='GetArtistInfo' AIRFLOW_CTX_EXECUTION_DATE='2023-05-06T19:13:59.513626+00:00' AIRFLOW_CTX_TRY_NUMBER='7' AIRFLOW_CTX_DAG_RUN_ID='manual__2023-05-06T19:13:59.513626+00:00'
[2023-05-06T19:55:28.437+0000] {logging_mixin.py:149} INFO - vapor trap
[2023-05-06T19:55:28.539+0000] {logging_mixin.py:149} INFO - sad rap
[2023-05-06T19:55:28.643+0000] {logging_mixin.py:149} INFO - cloud rap
[2023-05-06T19:55:28.849+0000] {logging_mixin.py:149} INFO - glitchcore
[2023-05-06T19:55:29.192+0000] {logging_mixin.py:149} INFO - emoplugg
[2023-05-06T19:55:29.414+0000] {logging_mixin.py:149} INFO - alt z
[2023-05-06T19:55:29.510+0000] {logging_mixin.py:149} INFO - cloud rap
[2023-05-06T19:55:29.620+0000] {logging_mixin.py:149} INFO - canadian hip hop
[2023-05-06T19:55:29.710+0000] {logging_mixin.py:149} INFO - nyc rap
[2023-05-06T19:55:29.911+0000] {logging_mixin.py:149} INFO - indie pop rap
[2023-05-06T19:55:30.016+0000] {logging_mixin.py:149} INFO - canadian hip hop
[2023-05-06T19:55:30.143+0000] {logging_mixin.py:149} INFO - upstate ny rap
[2023-05-06T19:55:30.243+0000] {logging_mixin.py:149} INFO - emo rap
[2023-05-06T19:55:30.503+0000] {logging_mixin.py:149} INFO - deep underground hip hop
[2023-05-06T19:55:30.613+0000] {logging_mixin.py:149} INFO - sad rap
[2023-05-06T19:55:30.717+0000] {logging_mixin.py:149} INFO - emo rap
[2023-05-06T19:55:31.264+0000] {logging_mixin.py:149} INFO - hyperpop
[2023-05-06T19:55:31.360+0000] {logging_mixin.py:149} INFO - emo rap
[2023-05-06T19:55:31.557+0000] {logging_mixin.py:149} INFO - cali rap
[2023-05-06T19:55:31.774+0000] {logging_mixin.py:149} INFO - canadian contemporary r&b
[2023-05-06T19:55:31.880+0000] {logging_mixin.py:149} INFO - st louis rap
[2023-05-06T19:55:31.980+0000] {logging_mixin.py:149} INFO - melodic rap
[2023-05-06T19:55:32.079+0000] {logging_mixin.py:149} INFO - pop edm
[2023-05-06T19:55:32.287+0000] {logging_mixin.py:149} INFO - cloud rap
[2023-05-06T19:55:32.510+0000] {logging_mixin.py:149} INFO - hyperpop
[2023-05-06T19:55:32.668+0000] {logging_mixin.py:149} INFO - alt z
[2023-05-06T19:55:33.094+0000] {logging_mixin.py:149} INFO - glitchcore
[2023-05-06T19:55:33.430+0000] {logging_mixin.py:149} INFO - atl hip hop
[2023-05-06T19:55:33.547+0000] {logging_mixin.py:149} INFO - indonesian hip hop
[2023-05-06T19:55:33.711+0000] {logging_mixin.py:149} INFO - cloud rap
[2023-05-06T19:55:33.903+0000] {logging_mixin.py:149} INFO - meme rap
[2023-05-06T19:55:34.122+0000] {logging_mixin.py:149} INFO - cloud rap
[2023-05-06T19:55:34.343+0000] {logging_mixin.py:149} INFO - canadian contemporary r&b
[2023-05-06T19:55:34.443+0000] {logging_mixin.py:149} INFO - cloud rap
[2023-05-06T19:55:34.546+0000] {logging_mixin.py:149} INFO - underground hip hop
[2023-05-06T19:55:34.645+0000] {logging_mixin.py:149} INFO - sad rap
[2023-05-06T19:55:34.747+0000] {logging_mixin.py:149} INFO - glitchcore
[2023-05-06T19:55:34.955+0000] {logging_mixin.py:149} INFO - future bass
[2023-05-06T19:55:35.155+0000] {logging_mixin.py:149} INFO - pittsburgh rap
[2023-05-06T19:55:35.256+0000] {logging_mixin.py:149} INFO - glitchcore
[2023-05-06T19:55:35.355+0000] {logging_mixin.py:149} INFO - hyperpop
[2023-05-06T19:55:35.455+0000] {logging_mixin.py:149} INFO - lo-fi rap
[2023-05-06T19:55:35.546+0000] {logging_mixin.py:149} INFO - emo rap
[2023-05-06T19:55:35.641+0000] {logging_mixin.py:149} INFO - cloud rap
[2023-05-06T19:55:35.972+0000] {logging_mixin.py:149} INFO - hyperpop
[2023-05-06T19:55:36.375+0000] {logging_mixin.py:149} INFO - emo rap
[2023-05-06T19:55:36.476+0000] {logging_mixin.py:149} INFO - bedroom soul
[2023-05-06T19:55:36.574+0000] {logging_mixin.py:149} INFO - emo rap
[2023-05-06T19:55:36.721+0000] {logging_mixin.py:149} INFO - cloud rap
[2023-05-06T19:55:36.818+0000] {logging_mixin.py:149} INFO - asian american hip hop
[2023-05-06T19:55:37.118+0000] {logging_mixin.py:149} INFO - cloud rap
[2023-05-06T19:55:37.238+0000] {logging_mixin.py:149} INFO - hyperpop
[2023-05-06T19:55:37.330+0000] {logging_mixin.py:149} INFO - indie hip hop
[2023-05-06T19:55:37.466+0000] {logging_mixin.py:149} INFO - aesthetic rap
[2023-05-06T19:55:37.571+0000] {logging_mixin.py:149} INFO - indie pop rap
[2023-05-06T19:55:37.675+0000] {logging_mixin.py:149} INFO - aesthetic rap
[2023-05-06T19:55:37.799+0000] {logging_mixin.py:149} INFO - la pop
[2023-05-06T19:55:37.899+0000] {logging_mixin.py:149} INFO - emo rap
[2023-05-06T19:55:37.917+0000] {python.py:183} INFO - Done. Returned value was: None
[2023-05-06T19:55:37.926+0000] {taskinstance.py:1373} INFO - Marking task as SUCCESS. dag_id=Summer_Warped_ETL, task_id=GetArtistInfo, execution_date=20230506T191359, start_date=20230506T195528, end_date=20230506T195537
[2023-05-06T19:55:37.977+0000] {local_task_job_runner.py:232} INFO - Task exited with return code 0
[2023-05-06T19:55:37.998+0000] {taskinstance.py:2674} INFO - 0 downstream tasks scheduled from follow-on schedule check
