[2023-05-06T20:03:26.912+0000] {taskinstance.py:1125} INFO - Dependencies all met for dep_context=non-requeueable deps ti=<TaskInstance: Summer_Warped_ETL.GetArtistInfo manual__2023-05-06T19:13:59.513626+00:00 [queued]>
[2023-05-06T20:03:26.918+0000] {taskinstance.py:1125} INFO - Dependencies all met for dep_context=requeueable deps ti=<TaskInstance: Summer_Warped_ETL.GetArtistInfo manual__2023-05-06T19:13:59.513626+00:00 [queued]>
[2023-05-06T20:03:26.919+0000] {taskinstance.py:1331} INFO - Starting attempt 8 of 10
[2023-05-06T20:03:26.926+0000] {taskinstance.py:1350} INFO - Executing <Task(PythonOperator): GetArtistInfo> on 2023-05-06 19:13:59.513626+00:00
[2023-05-06T20:03:26.931+0000] {standard_task_runner.py:57} INFO - Started process 67 to run task
[2023-05-06T20:03:26.936+0000] {standard_task_runner.py:84} INFO - Running: ['***', 'tasks', 'run', 'Summer_Warped_ETL', 'GetArtistInfo', 'manual__2023-05-06T19:13:59.513626+00:00', '--job-id', '282', '--raw', '--subdir', 'DAGS_FOLDER/warped-dag.py', '--cfg-path', '/tmp/tmpru2ygmmr']
[2023-05-06T20:03:26.937+0000] {standard_task_runner.py:85} INFO - Job 282: Subtask GetArtistInfo
[2023-05-06T20:03:26.987+0000] {task_command.py:410} INFO - Running <TaskInstance: Summer_Warped_ETL.GetArtistInfo manual__2023-05-06T19:13:59.513626+00:00 [running]> on host 24f14f0e7c77
[2023-05-06T20:03:27.049+0000] {taskinstance.py:1570} INFO - Exporting env vars: AIRFLOW_CTX_DAG_OWNER='Ananta Moharana' AIRFLOW_CTX_DAG_ID='Summer_Warped_ETL' AIRFLOW_CTX_TASK_ID='GetArtistInfo' AIRFLOW_CTX_EXECUTION_DATE='2023-05-06T19:13:59.513626+00:00' AIRFLOW_CTX_TRY_NUMBER='8' AIRFLOW_CTX_DAG_RUN_ID='manual__2023-05-06T19:13:59.513626+00:00'
[2023-05-06T20:03:27.194+0000] {logging_mixin.py:149} INFO - cloud rap
[2023-05-06T20:03:27.291+0000] {logging_mixin.py:149} INFO - alt z
[2023-05-06T20:03:27.385+0000] {logging_mixin.py:149} INFO - cloud rap
[2023-05-06T20:03:27.502+0000] {logging_mixin.py:149} INFO - atl hip hop
[2023-05-06T20:03:27.606+0000] {logging_mixin.py:149} INFO - emo rap
[2023-05-06T20:03:27.714+0000] {logging_mixin.py:149} INFO - canadian hip hop
[2023-05-06T20:03:27.821+0000] {logging_mixin.py:149} INFO - glitchcore
[2023-05-06T20:03:28.057+0000] {logging_mixin.py:149} INFO - alt z
[2023-05-06T20:03:28.273+0000] {logging_mixin.py:149} INFO - indie pop rap
[2023-05-06T20:03:28.387+0000] {logging_mixin.py:149} INFO - emo rap
[2023-05-06T20:03:28.490+0000] {logging_mixin.py:149} INFO - sad rap
[2023-05-06T20:03:28.590+0000] {logging_mixin.py:149} INFO - emo rap
[2023-05-06T20:03:28.693+0000] {logging_mixin.py:149} INFO - st louis rap
[2023-05-06T20:03:28.808+0000] {logging_mixin.py:149} INFO - emoplugg
[2023-05-06T20:03:29.022+0000] {logging_mixin.py:149} INFO - cloud rap
[2023-05-06T20:03:29.471+0000] {logging_mixin.py:149} INFO - asian american hip hop
[2023-05-06T20:03:29.574+0000] {logging_mixin.py:149} INFO - cloud rap
[2023-05-06T20:03:29.676+0000] {logging_mixin.py:149} INFO - hyperpop
[2023-05-06T20:03:29.776+0000] {logging_mixin.py:149} INFO - lo-fi rap
[2023-05-06T20:03:29.976+0000] {logging_mixin.py:149} INFO - sad rap
[2023-05-06T20:03:30.313+0000] {logging_mixin.py:149} INFO - indie pop rap
[2023-05-06T20:03:30.418+0000] {logging_mixin.py:149} INFO - emo rap
[2023-05-06T20:03:30.527+0000] {logging_mixin.py:149} INFO - hyperpop
[2023-05-06T20:03:30.903+0000] {logging_mixin.py:149} INFO - deep underground hip hop
[2023-05-06T20:03:31.027+0000] {logging_mixin.py:149} INFO - pop edm
[2023-05-06T20:03:31.395+0000] {logging_mixin.py:149} INFO - glitchcore
[2023-05-06T20:03:31.677+0000] {logging_mixin.py:149} INFO - indonesian hip hop
[2023-05-06T20:03:31.989+0000] {logging_mixin.py:149} INFO - emo rap
[2023-05-06T20:03:32.094+0000] {logging_mixin.py:149} INFO - la pop
[2023-05-06T20:03:32.504+0000] {logging_mixin.py:149} INFO - meme rap
[2023-05-06T20:03:32.691+0000] {logging_mixin.py:149} INFO - cloud rap
[2023-05-06T20:03:32.908+0000] {logging_mixin.py:149} INFO - glitchcore
[2023-05-06T20:03:33.006+0000] {logging_mixin.py:149} INFO - hyperpop
[2023-05-06T20:03:33.109+0000] {logging_mixin.py:149} INFO - underground hip hop
[2023-05-06T20:03:33.312+0000] {logging_mixin.py:149} INFO - pittsburgh rap
[2023-05-06T20:03:33.878+0000] {logging_mixin.py:149} INFO - aesthetic rap
[2023-05-06T20:03:34.334+0000] {logging_mixin.py:149} INFO - indie hip hop
[2023-05-06T20:03:34.646+0000] {logging_mixin.py:149} INFO - canadian contemporary r&b
[2023-05-06T20:03:34.775+0000] {logging_mixin.py:149} INFO - upstate ny rap
[2023-05-06T20:03:34.873+0000] {logging_mixin.py:149} INFO - cloud rap
[2023-05-06T20:03:34.984+0000] {logging_mixin.py:149} INFO - glitchcore
[2023-05-06T20:03:35.075+0000] {logging_mixin.py:149} INFO - nyc rap
[2023-05-06T20:03:35.182+0000] {logging_mixin.py:149} INFO - emo rap
[2023-05-06T20:03:35.396+0000] {logging_mixin.py:149} INFO - vapor trap
[2023-05-06T20:03:35.581+0000] {logging_mixin.py:149} INFO - aesthetic rap
[2023-05-06T20:03:35.820+0000] {logging_mixin.py:149} INFO - cali rap
[2023-05-06T20:03:35.925+0000] {logging_mixin.py:149} INFO - hyperpop
[2023-05-06T20:03:36.025+0000] {logging_mixin.py:149} INFO - sad rap
[2023-05-06T20:03:36.173+0000] {logging_mixin.py:149} INFO - canadian hip hop
[2023-05-06T20:03:36.280+0000] {logging_mixin.py:149} INFO - emo rap
[2023-05-06T20:03:36.372+0000] {logging_mixin.py:149} INFO - hyperpop
[2023-05-06T20:03:36.477+0000] {logging_mixin.py:149} INFO - cloud rap
[2023-05-06T20:03:36.572+0000] {logging_mixin.py:149} INFO - melodic rap
[2023-05-06T20:03:36.683+0000] {logging_mixin.py:149} INFO - bedroom soul
[2023-05-06T20:03:36.782+0000] {logging_mixin.py:149} INFO - future bass
[2023-05-06T20:03:36.875+0000] {logging_mixin.py:149} INFO - canadian contemporary r&b
[2023-05-06T20:03:36.963+0000] {logging_mixin.py:149} INFO - cloud rap
[2023-05-06T20:03:37.064+0000] {logging_mixin.py:149} INFO - cloud rap
[2023-05-06T20:03:37.078+0000] {python.py:183} INFO - Done. Returned value was: None
[2023-05-06T20:03:37.086+0000] {taskinstance.py:1373} INFO - Marking task as SUCCESS. dag_id=Summer_Warped_ETL, task_id=GetArtistInfo, execution_date=20230506T191359, start_date=20230506T200326, end_date=20230506T200337
[2023-05-06T20:03:37.145+0000] {local_task_job_runner.py:232} INFO - Task exited with return code 0
[2023-05-06T20:03:37.166+0000] {taskinstance.py:2674} INFO - 0 downstream tasks scheduled from follow-on schedule check
