[2023-05-06T19:14:05.688+0000] {taskinstance.py:1125} INFO - Dependencies all met for dep_context=non-requeueable deps ti=<TaskInstance: Summer_Warped_ETL.GetArtistInfo manual__2023-05-06T19:13:59.513626+00:00 [queued]>
[2023-05-06T19:14:05.693+0000] {taskinstance.py:1125} INFO - Dependencies all met for dep_context=requeueable deps ti=<TaskInstance: Summer_Warped_ETL.GetArtistInfo manual__2023-05-06T19:13:59.513626+00:00 [queued]>
[2023-05-06T19:14:05.694+0000] {taskinstance.py:1331} INFO - Starting attempt 1 of 3
[2023-05-06T19:14:05.701+0000] {taskinstance.py:1350} INFO - Executing <Task(PythonOperator): GetArtistInfo> on 2023-05-06 19:13:59.513626+00:00
[2023-05-06T19:14:05.706+0000] {standard_task_runner.py:57} INFO - Started process 3210 to run task
[2023-05-06T19:14:05.711+0000] {standard_task_runner.py:84} INFO - Running: ['***', 'tasks', 'run', 'Summer_Warped_ETL', 'GetArtistInfo', 'manual__2023-05-06T19:13:59.513626+00:00', '--job-id', '205', '--raw', '--subdir', 'DAGS_FOLDER/warped-dag.py', '--cfg-path', '/tmp/tmpr6i4xzxd']
[2023-05-06T19:14:05.712+0000] {standard_task_runner.py:85} INFO - Job 205: Subtask GetArtistInfo
[2023-05-06T19:14:05.767+0000] {task_command.py:410} INFO - Running <TaskInstance: Summer_Warped_ETL.GetArtistInfo manual__2023-05-06T19:13:59.513626+00:00 [running]> on host 49f85d1317d0
[2023-05-06T19:14:05.824+0000] {taskinstance.py:1570} INFO - Exporting env vars: AIRFLOW_CTX_DAG_OWNER='Ananta Moharana' AIRFLOW_CTX_DAG_ID='Summer_Warped_ETL' AIRFLOW_CTX_TASK_ID='GetArtistInfo' AIRFLOW_CTX_EXECUTION_DATE='2023-05-06T19:13:59.513626+00:00' AIRFLOW_CTX_TRY_NUMBER='1' AIRFLOW_CTX_DAG_RUN_ID='manual__2023-05-06T19:13:59.513626+00:00'
[2023-05-06T19:14:05.955+0000] {logging_mixin.py:149} INFO - vapor trap
[2023-05-06T19:14:06.055+0000] {logging_mixin.py:149} INFO - sad rap
[2023-05-06T19:14:06.164+0000] {logging_mixin.py:149} INFO - cloud rap
[2023-05-06T19:14:06.377+0000] {logging_mixin.py:149} INFO - glitchcore
[2023-05-06T19:14:06.793+0000] {logging_mixin.py:149} INFO - emoplugg
[2023-05-06T19:14:07.031+0000] {logging_mixin.py:149} INFO - alt z
[2023-05-06T19:14:07.117+0000] {logging_mixin.py:149} INFO - cloud rap
[2023-05-06T19:14:07.245+0000] {logging_mixin.py:149} INFO - canadian hip hop
[2023-05-06T19:14:07.385+0000] {logging_mixin.py:149} INFO - nyc rap
[2023-05-06T19:14:07.626+0000] {logging_mixin.py:149} INFO - indie pop rap
[2023-05-06T19:14:07.749+0000] {logging_mixin.py:149} INFO - canadian hip hop
[2023-05-06T19:14:07.865+0000] {logging_mixin.py:149} INFO - upstate ny rap
[2023-05-06T19:14:07.973+0000] {logging_mixin.py:149} INFO - emo rap
[2023-05-06T19:14:08.255+0000] {logging_mixin.py:149} INFO - deep underground hip hop
[2023-05-06T19:14:08.362+0000] {logging_mixin.py:149} INFO - sad rap
[2023-05-06T19:14:08.480+0000] {logging_mixin.py:149} INFO - emo rap
[2023-05-06T19:14:09.057+0000] {logging_mixin.py:149} INFO - hyperpop
[2023-05-06T19:14:09.189+0000] {logging_mixin.py:149} INFO - emo rap
[2023-05-06T19:14:09.407+0000] {logging_mixin.py:149} INFO - cali rap
[2023-05-06T19:14:09.607+0000] {logging_mixin.py:149} INFO - canadian contemporary r&b
[2023-05-06T19:14:09.715+0000] {logging_mixin.py:149} INFO - st louis rap
[2023-05-06T19:14:09.842+0000] {logging_mixin.py:149} INFO - melodic rap
[2023-05-06T19:14:09.958+0000] {logging_mixin.py:149} INFO - pop edm
[2023-05-06T19:14:10.156+0000] {logging_mixin.py:149} INFO - cloud rap
[2023-05-06T19:14:10.367+0000] {logging_mixin.py:149} INFO - hyperpop
[2023-05-06T19:14:10.623+0000] {logging_mixin.py:149} INFO - alt z
[2023-05-06T19:14:11.048+0000] {logging_mixin.py:149} INFO - glitchcore
[2023-05-06T19:14:11.443+0000] {logging_mixin.py:149} INFO - atl hip hop
[2023-05-06T19:14:11.556+0000] {logging_mixin.py:149} INFO - indonesian hip hop
[2023-05-06T19:14:11.658+0000] {logging_mixin.py:149} INFO - cloud rap
[2023-05-06T19:14:11.931+0000] {logging_mixin.py:149} INFO - meme rap
[2023-05-06T19:14:12.165+0000] {logging_mixin.py:149} INFO - cloud rap
[2023-05-06T19:14:12.377+0000] {logging_mixin.py:149} INFO - canadian contemporary r&b
[2023-05-06T19:14:12.471+0000] {logging_mixin.py:149} INFO - cloud rap
[2023-05-06T19:14:12.583+0000] {logging_mixin.py:149} INFO - underground hip hop
[2023-05-06T19:14:12.687+0000] {logging_mixin.py:149} INFO - sad rap
[2023-05-06T19:14:12.793+0000] {logging_mixin.py:149} INFO - glitchcore
[2023-05-06T19:14:12.999+0000] {logging_mixin.py:149} INFO - future bass
[2023-05-06T19:14:13.203+0000] {logging_mixin.py:149} INFO - pittsburgh rap
[2023-05-06T19:14:13.303+0000] {logging_mixin.py:149} INFO - glitchcore
[2023-05-06T19:14:13.577+0000] {logging_mixin.py:149} INFO - hyperpop
[2023-05-06T19:14:13.716+0000] {logging_mixin.py:149} INFO - lo-fi rap
[2023-05-06T19:14:13.829+0000] {logging_mixin.py:149} INFO - emo rap
[2023-05-06T19:14:13.919+0000] {logging_mixin.py:149} INFO - cloud rap
[2023-05-06T19:14:14.324+0000] {logging_mixin.py:149} INFO - hyperpop
[2023-05-06T19:14:14.798+0000] {logging_mixin.py:149} INFO - emo rap
[2023-05-06T19:14:14.896+0000] {logging_mixin.py:149} INFO - bedroom soul
[2023-05-06T19:14:14.993+0000] {logging_mixin.py:149} INFO - emo rap
[2023-05-06T19:14:15.095+0000] {logging_mixin.py:149} INFO - cloud rap
[2023-05-06T19:14:15.204+0000] {logging_mixin.py:149} INFO - asian american hip hop
[2023-05-06T19:14:15.536+0000] {logging_mixin.py:149} INFO - cloud rap
[2023-05-06T19:14:15.644+0000] {logging_mixin.py:149} INFO - hyperpop
[2023-05-06T19:14:15.745+0000] {logging_mixin.py:149} INFO - indie hip hop
[2023-05-06T19:14:15.895+0000] {logging_mixin.py:149} INFO - aesthetic rap
[2023-05-06T19:14:16.004+0000] {logging_mixin.py:149} INFO - indie pop rap
[2023-05-06T19:14:16.111+0000] {logging_mixin.py:149} INFO - aesthetic rap
[2023-05-06T19:14:16.214+0000] {logging_mixin.py:149} INFO - la pop
[2023-05-06T19:14:16.328+0000] {logging_mixin.py:149} INFO - emo rap
[2023-05-06T19:14:16.349+0000] {python.py:183} INFO - Done. Returned value was: None
[2023-05-06T19:14:16.359+0000] {taskinstance.py:1373} INFO - Marking task as SUCCESS. dag_id=Summer_Warped_ETL, task_id=GetArtistInfo, execution_date=20230506T191359, start_date=20230506T191405, end_date=20230506T191416
[2023-05-06T19:14:16.387+0000] {local_task_job_runner.py:232} INFO - Task exited with return code 0
[2023-05-06T19:14:16.403+0000] {taskinstance.py:2674} INFO - 0 downstream tasks scheduled from follow-on schedule check
