[2023-05-06T19:31:11.456+0000] {taskinstance.py:1125} INFO - Dependencies all met for dep_context=non-requeueable deps ti=<TaskInstance: Summer_Warped_ETL.GetArtistInfo manual__2023-05-06T19:13:59.513626+00:00 [queued]>
[2023-05-06T19:31:11.462+0000] {taskinstance.py:1125} INFO - Dependencies all met for dep_context=requeueable deps ti=<TaskInstance: Summer_Warped_ETL.GetArtistInfo manual__2023-05-06T19:13:59.513626+00:00 [queued]>
[2023-05-06T19:31:11.462+0000] {taskinstance.py:1331} INFO - Starting attempt 4 of 6
[2023-05-06T19:31:11.470+0000] {taskinstance.py:1350} INFO - Executing <Task(PythonOperator): GetArtistInfo> on 2023-05-06 19:13:59.513626+00:00
[2023-05-06T19:31:11.475+0000] {standard_task_runner.py:57} INFO - Started process 3745 to run task
[2023-05-06T19:31:11.480+0000] {standard_task_runner.py:84} INFO - Running: ['***', 'tasks', 'run', 'Summer_Warped_ETL', 'GetArtistInfo', 'manual__2023-05-06T19:13:59.513626+00:00', '--job-id', '243', '--raw', '--subdir', 'DAGS_FOLDER/warped-dag.py', '--cfg-path', '/tmp/tmpcpag0u6f']
[2023-05-06T19:31:11.481+0000] {standard_task_runner.py:85} INFO - Job 243: Subtask GetArtistInfo
[2023-05-06T19:31:11.551+0000] {task_command.py:410} INFO - Running <TaskInstance: Summer_Warped_ETL.GetArtistInfo manual__2023-05-06T19:13:59.513626+00:00 [running]> on host 49f85d1317d0
[2023-05-06T19:31:11.624+0000] {taskinstance.py:1570} INFO - Exporting env vars: AIRFLOW_CTX_DAG_OWNER='Ananta Moharana' AIRFLOW_CTX_DAG_ID='Summer_Warped_ETL' AIRFLOW_CTX_TASK_ID='GetArtistInfo' AIRFLOW_CTX_EXECUTION_DATE='2023-05-06T19:13:59.513626+00:00' AIRFLOW_CTX_TRY_NUMBER='4' AIRFLOW_CTX_DAG_RUN_ID='manual__2023-05-06T19:13:59.513626+00:00'
[2023-05-06T19:31:11.770+0000] {logging_mixin.py:149} INFO - vapor trap
[2023-05-06T19:31:11.868+0000] {logging_mixin.py:149} INFO - sad rap
[2023-05-06T19:31:11.964+0000] {logging_mixin.py:149} INFO - cloud rap
[2023-05-06T19:31:12.159+0000] {logging_mixin.py:149} INFO - glitchcore
[2023-05-06T19:31:12.572+0000] {logging_mixin.py:149} INFO - emoplugg
[2023-05-06T19:31:12.782+0000] {logging_mixin.py:149} INFO - alt z
[2023-05-06T19:31:12.883+0000] {logging_mixin.py:149} INFO - cloud rap
[2023-05-06T19:31:12.985+0000] {logging_mixin.py:149} INFO - canadian hip hop
[2023-05-06T19:31:13.083+0000] {logging_mixin.py:149} INFO - nyc rap
[2023-05-06T19:31:13.533+0000] {logging_mixin.py:149} INFO - indie pop rap
[2023-05-06T19:31:13.639+0000] {logging_mixin.py:149} INFO - canadian hip hop
[2023-05-06T19:31:13.762+0000] {logging_mixin.py:149} INFO - upstate ny rap
[2023-05-06T19:31:13.864+0000] {logging_mixin.py:149} INFO - emo rap
[2023-05-06T19:31:14.128+0000] {logging_mixin.py:149} INFO - deep underground hip hop
[2023-05-06T19:31:14.229+0000] {logging_mixin.py:149} INFO - sad rap
[2023-05-06T19:31:14.332+0000] {logging_mixin.py:149} INFO - emo rap
[2023-05-06T19:31:14.866+0000] {logging_mixin.py:149} INFO - hyperpop
[2023-05-06T19:31:14.972+0000] {logging_mixin.py:149} INFO - emo rap
[2023-05-06T19:31:15.191+0000] {logging_mixin.py:149} INFO - cali rap
[2023-05-06T19:31:15.398+0000] {logging_mixin.py:149} INFO - canadian contemporary r&b
[2023-05-06T19:31:15.493+0000] {logging_mixin.py:149} INFO - st louis rap
[2023-05-06T19:31:15.595+0000] {logging_mixin.py:149} INFO - melodic rap
[2023-05-06T19:31:15.705+0000] {logging_mixin.py:149} INFO - pop edm
[2023-05-06T19:31:15.898+0000] {logging_mixin.py:149} INFO - cloud rap
[2023-05-06T19:31:16.099+0000] {logging_mixin.py:149} INFO - hyperpop
[2023-05-06T19:31:16.217+0000] {logging_mixin.py:149} INFO - alt z
[2023-05-06T19:31:16.617+0000] {logging_mixin.py:149} INFO - glitchcore
[2023-05-06T19:31:16.940+0000] {logging_mixin.py:149} INFO - atl hip hop
[2023-05-06T19:31:17.050+0000] {logging_mixin.py:149} INFO - indonesian hip hop
[2023-05-06T19:31:17.142+0000] {logging_mixin.py:149} INFO - cloud rap
[2023-05-06T19:31:17.342+0000] {logging_mixin.py:149} INFO - meme rap
[2023-05-06T19:31:17.614+0000] {logging_mixin.py:149} INFO - cloud rap
[2023-05-06T19:31:17.808+0000] {logging_mixin.py:149} INFO - canadian contemporary r&b
[2023-05-06T19:31:17.918+0000] {logging_mixin.py:149} INFO - cloud rap
[2023-05-06T19:31:18.015+0000] {logging_mixin.py:149} INFO - underground hip hop
[2023-05-06T19:31:18.116+0000] {logging_mixin.py:149} INFO - sad rap
[2023-05-06T19:31:18.221+0000] {logging_mixin.py:149} INFO - glitchcore
[2023-05-06T19:31:18.432+0000] {logging_mixin.py:149} INFO - future bass
[2023-05-06T19:31:18.656+0000] {logging_mixin.py:149} INFO - pittsburgh rap
[2023-05-06T19:31:18.775+0000] {logging_mixin.py:149} INFO - glitchcore
[2023-05-06T19:31:18.939+0000] {logging_mixin.py:149} INFO - hyperpop
[2023-05-06T19:31:19.046+0000] {logging_mixin.py:149} INFO - lo-fi rap
[2023-05-06T19:31:19.153+0000] {logging_mixin.py:149} INFO - emo rap
[2023-05-06T19:31:19.251+0000] {logging_mixin.py:149} INFO - cloud rap
[2023-05-06T19:31:19.556+0000] {logging_mixin.py:149} INFO - hyperpop
[2023-05-06T19:31:20.302+0000] {logging_mixin.py:149} INFO - emo rap
[2023-05-06T19:31:20.402+0000] {logging_mixin.py:149} INFO - bedroom soul
[2023-05-06T19:31:20.495+0000] {logging_mixin.py:149} INFO - emo rap
[2023-05-06T19:31:20.632+0000] {logging_mixin.py:149} INFO - cloud rap
[2023-05-06T19:31:20.753+0000] {logging_mixin.py:149} INFO - asian american hip hop
[2023-05-06T19:31:21.141+0000] {logging_mixin.py:149} INFO - cloud rap
[2023-05-06T19:31:21.252+0000] {logging_mixin.py:149} INFO - hyperpop
[2023-05-06T19:31:21.342+0000] {logging_mixin.py:149} INFO - indie hip hop
[2023-05-06T19:31:21.439+0000] {logging_mixin.py:149} INFO - aesthetic rap
[2023-05-06T19:31:21.536+0000] {logging_mixin.py:149} INFO - indie pop rap
[2023-05-06T19:31:21.637+0000] {logging_mixin.py:149} INFO - aesthetic rap
[2023-05-06T19:31:21.739+0000] {logging_mixin.py:149} INFO - la pop
[2023-05-06T19:31:21.854+0000] {logging_mixin.py:149} INFO - emo rap
[2023-05-06T19:31:21.872+0000] {python.py:183} INFO - Done. Returned value was: None
[2023-05-06T19:31:21.882+0000] {taskinstance.py:1373} INFO - Marking task as SUCCESS. dag_id=Summer_Warped_ETL, task_id=GetArtistInfo, execution_date=20230506T191359, start_date=20230506T193111, end_date=20230506T193121
[2023-05-06T19:31:21.905+0000] {local_task_job_runner.py:232} INFO - Task exited with return code 0
[2023-05-06T19:31:21.923+0000] {taskinstance.py:2674} INFO - 0 downstream tasks scheduled from follow-on schedule check
