[2023-05-06T19:33:16.017+0000] {taskinstance.py:1125} INFO - Dependencies all met for dep_context=non-requeueable deps ti=<TaskInstance: Summer_Warped_ETL.GetArtistInfo manual__2023-05-06T19:13:59.513626+00:00 [queued]>
[2023-05-06T19:33:16.022+0000] {taskinstance.py:1125} INFO - Dependencies all met for dep_context=requeueable deps ti=<TaskInstance: Summer_Warped_ETL.GetArtistInfo manual__2023-05-06T19:13:59.513626+00:00 [queued]>
[2023-05-06T19:33:16.022+0000] {taskinstance.py:1331} INFO - Starting attempt 5 of 7
[2023-05-06T19:33:16.031+0000] {taskinstance.py:1350} INFO - Executing <Task(PythonOperator): GetArtistInfo> on 2023-05-06 19:13:59.513626+00:00
[2023-05-06T19:33:16.036+0000] {standard_task_runner.py:57} INFO - Started process 3841 to run task
[2023-05-06T19:33:16.045+0000] {standard_task_runner.py:84} INFO - Running: ['***', 'tasks', 'run', 'Summer_Warped_ETL', 'GetArtistInfo', 'manual__2023-05-06T19:13:59.513626+00:00', '--job-id', '250', '--raw', '--subdir', 'DAGS_FOLDER/warped-dag.py', '--cfg-path', '/tmp/tmp5vqoa0vd']
[2023-05-06T19:33:16.046+0000] {standard_task_runner.py:85} INFO - Job 250: Subtask GetArtistInfo
[2023-05-06T19:33:16.123+0000] {task_command.py:410} INFO - Running <TaskInstance: Summer_Warped_ETL.GetArtistInfo manual__2023-05-06T19:13:59.513626+00:00 [running]> on host 49f85d1317d0
[2023-05-06T19:33:16.223+0000] {taskinstance.py:1570} INFO - Exporting env vars: AIRFLOW_CTX_DAG_OWNER='Ananta Moharana' AIRFLOW_CTX_DAG_ID='Summer_Warped_ETL' AIRFLOW_CTX_TASK_ID='GetArtistInfo' AIRFLOW_CTX_EXECUTION_DATE='2023-05-06T19:13:59.513626+00:00' AIRFLOW_CTX_TRY_NUMBER='5' AIRFLOW_CTX_DAG_RUN_ID='manual__2023-05-06T19:13:59.513626+00:00'
[2023-05-06T19:33:16.496+0000] {logging_mixin.py:149} INFO - vapor trap
[2023-05-06T19:33:16.593+0000] {logging_mixin.py:149} INFO - sad rap
[2023-05-06T19:33:16.689+0000] {logging_mixin.py:149} INFO - cloud rap
[2023-05-06T19:33:16.876+0000] {logging_mixin.py:149} INFO - glitchcore
[2023-05-06T19:33:17.255+0000] {logging_mixin.py:149} INFO - emoplugg
[2023-05-06T19:33:17.447+0000] {logging_mixin.py:149} INFO - alt z
[2023-05-06T19:33:17.539+0000] {logging_mixin.py:149} INFO - cloud rap
[2023-05-06T19:33:17.686+0000] {logging_mixin.py:149} INFO - canadian hip hop
[2023-05-06T19:33:17.796+0000] {logging_mixin.py:149} INFO - nyc rap
[2023-05-06T19:33:18.004+0000] {logging_mixin.py:149} INFO - indie pop rap
[2023-05-06T19:33:18.090+0000] {logging_mixin.py:149} INFO - canadian hip hop
[2023-05-06T19:33:18.254+0000] {logging_mixin.py:149} INFO - upstate ny rap
[2023-05-06T19:33:18.345+0000] {logging_mixin.py:149} INFO - emo rap
[2023-05-06T19:33:18.522+0000] {logging_mixin.py:149} INFO - deep underground hip hop
[2023-05-06T19:33:18.632+0000] {logging_mixin.py:149} INFO - sad rap
[2023-05-06T19:33:18.760+0000] {logging_mixin.py:149} INFO - emo rap
[2023-05-06T19:33:19.403+0000] {logging_mixin.py:149} INFO - hyperpop
[2023-05-06T19:33:19.592+0000] {logging_mixin.py:149} INFO - emo rap
[2023-05-06T19:33:19.792+0000] {logging_mixin.py:149} INFO - cali rap
[2023-05-06T19:33:19.997+0000] {logging_mixin.py:149} INFO - canadian contemporary r&b
[2023-05-06T19:33:20.121+0000] {logging_mixin.py:149} INFO - st louis rap
[2023-05-06T19:33:20.230+0000] {logging_mixin.py:149} INFO - melodic rap
[2023-05-06T19:33:20.341+0000] {logging_mixin.py:149} INFO - pop edm
[2023-05-06T19:33:20.562+0000] {logging_mixin.py:149} INFO - cloud rap
[2023-05-06T19:33:20.788+0000] {logging_mixin.py:149} INFO - hyperpop
[2023-05-06T19:33:20.908+0000] {logging_mixin.py:149} INFO - alt z
[2023-05-06T19:33:21.306+0000] {logging_mixin.py:149} INFO - glitchcore
[2023-05-06T19:33:21.649+0000] {logging_mixin.py:149} INFO - atl hip hop
[2023-05-06T19:33:21.762+0000] {logging_mixin.py:149} INFO - indonesian hip hop
[2023-05-06T19:33:21.859+0000] {logging_mixin.py:149} INFO - cloud rap
[2023-05-06T19:33:22.067+0000] {logging_mixin.py:149} INFO - meme rap
[2023-05-06T19:33:22.258+0000] {logging_mixin.py:149} INFO - cloud rap
[2023-05-06T19:33:22.462+0000] {logging_mixin.py:149} INFO - canadian contemporary r&b
[2023-05-06T19:33:22.569+0000] {logging_mixin.py:149} INFO - cloud rap
[2023-05-06T19:33:22.732+0000] {logging_mixin.py:149} INFO - underground hip hop
[2023-05-06T19:33:22.836+0000] {logging_mixin.py:149} INFO - sad rap
[2023-05-06T19:33:22.941+0000] {logging_mixin.py:149} INFO - glitchcore
[2023-05-06T19:33:23.164+0000] {logging_mixin.py:149} INFO - future bass
[2023-05-06T19:33:23.371+0000] {logging_mixin.py:149} INFO - pittsburgh rap
[2023-05-06T19:33:23.469+0000] {logging_mixin.py:149} INFO - glitchcore
[2023-05-06T19:33:23.661+0000] {logging_mixin.py:149} INFO - hyperpop
[2023-05-06T19:33:23.774+0000] {logging_mixin.py:149} INFO - lo-fi rap
[2023-05-06T19:33:23.873+0000] {logging_mixin.py:149} INFO - emo rap
[2023-05-06T19:33:23.973+0000] {logging_mixin.py:149} INFO - cloud rap
[2023-05-06T19:33:24.276+0000] {logging_mixin.py:149} INFO - hyperpop
[2023-05-06T19:33:24.678+0000] {logging_mixin.py:149} INFO - emo rap
[2023-05-06T19:33:24.779+0000] {logging_mixin.py:149} INFO - bedroom soul
[2023-05-06T19:33:24.891+0000] {logging_mixin.py:149} INFO - emo rap
[2023-05-06T19:33:24.997+0000] {logging_mixin.py:149} INFO - cloud rap
[2023-05-06T19:33:25.112+0000] {logging_mixin.py:149} INFO - asian american hip hop
[2023-05-06T19:33:25.400+0000] {logging_mixin.py:149} INFO - cloud rap
[2023-05-06T19:33:25.526+0000] {logging_mixin.py:149} INFO - hyperpop
[2023-05-06T19:33:25.626+0000] {logging_mixin.py:149} INFO - indie hip hop
[2023-05-06T19:33:25.735+0000] {logging_mixin.py:149} INFO - aesthetic rap
[2023-05-06T19:33:25.846+0000] {logging_mixin.py:149} INFO - indie pop rap
[2023-05-06T19:33:25.943+0000] {logging_mixin.py:149} INFO - aesthetic rap
[2023-05-06T19:33:26.052+0000] {logging_mixin.py:149} INFO - la pop
[2023-05-06T19:33:26.204+0000] {logging_mixin.py:149} INFO - emo rap
[2023-05-06T19:33:26.217+0000] {python.py:183} INFO - Done. Returned value was: None
[2023-05-06T19:33:26.225+0000] {taskinstance.py:1373} INFO - Marking task as SUCCESS. dag_id=Summer_Warped_ETL, task_id=GetArtistInfo, execution_date=20230506T191359, start_date=20230506T193316, end_date=20230506T193326
[2023-05-06T19:33:26.269+0000] {local_task_job_runner.py:232} INFO - Task exited with return code 0
[2023-05-06T19:33:26.286+0000] {taskinstance.py:2674} INFO - 0 downstream tasks scheduled from follow-on schedule check
