[2023-05-08T16:28:18.153+0000] {taskinstance.py:1125} INFO - Dependencies all met for dep_context=non-requeueable deps ti=<TaskInstance: Summer_Warped_ETL.GetSongsFromPlaylist manual__2023-05-08T16:28:14.290927+00:00 [queued]>
[2023-05-08T16:28:18.158+0000] {taskinstance.py:1125} INFO - Dependencies all met for dep_context=requeueable deps ti=<TaskInstance: Summer_Warped_ETL.GetSongsFromPlaylist manual__2023-05-08T16:28:14.290927+00:00 [queued]>
[2023-05-08T16:28:18.159+0000] {taskinstance.py:1331} INFO - Starting attempt 1 of 3
[2023-05-08T16:28:18.166+0000] {taskinstance.py:1350} INFO - Executing <Task(PythonOperator): GetSongsFromPlaylist> on 2023-05-08 16:28:14.290927+00:00
[2023-05-08T16:28:18.171+0000] {standard_task_runner.py:57} INFO - Started process 1407 to run task
[2023-05-08T16:28:18.175+0000] {standard_task_runner.py:84} INFO - Running: ['***', 'tasks', 'run', 'Summer_Warped_ETL', 'GetSongsFromPlaylist', 'manual__2023-05-08T16:28:14.290927+00:00', '--job-id', '2534', '--raw', '--subdir', 'DAGS_FOLDER/warped-dag.py', '--cfg-path', '/tmp/tmpvchpx716']
[2023-05-08T16:28:18.175+0000] {standard_task_runner.py:85} INFO - Job 2534: Subtask GetSongsFromPlaylist
[2023-05-08T16:28:18.214+0000] {task_command.py:410} INFO - Running <TaskInstance: Summer_Warped_ETL.GetSongsFromPlaylist manual__2023-05-08T16:28:14.290927+00:00 [running]> on host 7b4753e133cb
[2023-05-08T16:28:18.267+0000] {taskinstance.py:1570} INFO - Exporting env vars: AIRFLOW_CTX_DAG_OWNER='Ananta Moharana' AIRFLOW_CTX_DAG_ID='Summer_Warped_ETL' AIRFLOW_CTX_TASK_ID='GetSongsFromPlaylist' AIRFLOW_CTX_EXECUTION_DATE='2023-05-08T16:28:14.290927+00:00' AIRFLOW_CTX_TRY_NUMBER='1' AIRFLOW_CTX_DAG_RUN_ID='manual__2023-05-08T16:28:14.290927+00:00'
[2023-05-08T16:28:18.715+0000] {logging_mixin.py:149} INFO - 100
[2023-05-08T16:28:18.716+0000] {logging_mixin.py:149} INFO - 0
[2023-05-08T16:28:18.718+0000] {logging_mixin.py:149} INFO - 1
[2023-05-08T16:28:18.720+0000] {logging_mixin.py:149} INFO - 2
[2023-05-08T16:28:18.722+0000] {logging_mixin.py:149} INFO - 3
[2023-05-08T16:28:18.723+0000] {logging_mixin.py:149} INFO - 4
[2023-05-08T16:28:18.725+0000] {logging_mixin.py:149} INFO - 5
[2023-05-08T16:28:18.726+0000] {logging_mixin.py:149} INFO - 6
[2023-05-08T16:28:18.728+0000] {logging_mixin.py:149} INFO - 7
[2023-05-08T16:28:18.730+0000] {logging_mixin.py:149} INFO - 8
[2023-05-08T16:28:18.731+0000] {logging_mixin.py:149} INFO - 9
[2023-05-08T16:28:18.732+0000] {logging_mixin.py:149} INFO - 10
[2023-05-08T16:28:18.734+0000] {logging_mixin.py:149} INFO - 11
[2023-05-08T16:28:18.735+0000] {logging_mixin.py:149} INFO - 12
[2023-05-08T16:28:18.736+0000] {logging_mixin.py:149} INFO - 13
[2023-05-08T16:28:18.737+0000] {logging_mixin.py:149} INFO - 14
[2023-05-08T16:28:18.738+0000] {logging_mixin.py:149} INFO - 15
[2023-05-08T16:28:18.739+0000] {logging_mixin.py:149} INFO - 16
[2023-05-08T16:28:18.740+0000] {logging_mixin.py:149} INFO - 17
[2023-05-08T16:28:18.742+0000] {logging_mixin.py:149} INFO - 18
[2023-05-08T16:28:18.743+0000] {logging_mixin.py:149} INFO - 19
[2023-05-08T16:28:18.744+0000] {logging_mixin.py:149} INFO - 20
[2023-05-08T16:28:18.745+0000] {logging_mixin.py:149} INFO - 21
[2023-05-08T16:28:18.746+0000] {logging_mixin.py:149} INFO - 22
[2023-05-08T16:28:18.748+0000] {logging_mixin.py:149} INFO - 23
[2023-05-08T16:28:18.749+0000] {logging_mixin.py:149} INFO - 24
[2023-05-08T16:28:18.750+0000] {logging_mixin.py:149} INFO - 25
[2023-05-08T16:28:18.751+0000] {logging_mixin.py:149} INFO - 26
[2023-05-08T16:28:18.752+0000] {logging_mixin.py:149} INFO - 27
[2023-05-08T16:28:18.755+0000] {logging_mixin.py:149} INFO - 28
[2023-05-08T16:28:18.756+0000] {logging_mixin.py:149} INFO - 29
[2023-05-08T16:28:18.757+0000] {logging_mixin.py:149} INFO - 30
[2023-05-08T16:28:18.758+0000] {logging_mixin.py:149} INFO - 31
[2023-05-08T16:28:18.759+0000] {logging_mixin.py:149} INFO - 32
[2023-05-08T16:28:18.761+0000] {logging_mixin.py:149} INFO - 33
[2023-05-08T16:28:18.762+0000] {logging_mixin.py:149} INFO - 34
[2023-05-08T16:28:18.763+0000] {logging_mixin.py:149} INFO - 35
[2023-05-08T16:28:18.765+0000] {logging_mixin.py:149} INFO - 36
[2023-05-08T16:28:18.766+0000] {logging_mixin.py:149} INFO - 37
[2023-05-08T16:28:18.767+0000] {logging_mixin.py:149} INFO - 38
[2023-05-08T16:28:18.769+0000] {logging_mixin.py:149} INFO - 39
[2023-05-08T16:28:18.770+0000] {logging_mixin.py:149} INFO - 40
[2023-05-08T16:28:18.772+0000] {logging_mixin.py:149} INFO - 41
[2023-05-08T16:28:18.773+0000] {logging_mixin.py:149} INFO - 42
[2023-05-08T16:28:18.774+0000] {logging_mixin.py:149} INFO - 43
[2023-05-08T16:28:18.775+0000] {logging_mixin.py:149} INFO - 44
[2023-05-08T16:28:18.776+0000] {logging_mixin.py:149} INFO - 45
[2023-05-08T16:28:18.777+0000] {logging_mixin.py:149} INFO - 46
[2023-05-08T16:28:18.779+0000] {logging_mixin.py:149} INFO - 47
[2023-05-08T16:28:18.780+0000] {logging_mixin.py:149} INFO - 48
[2023-05-08T16:28:18.782+0000] {logging_mixin.py:149} INFO - 49
[2023-05-08T16:28:18.783+0000] {logging_mixin.py:149} INFO - 50
[2023-05-08T16:28:18.784+0000] {logging_mixin.py:149} INFO - 51
[2023-05-08T16:28:18.785+0000] {logging_mixin.py:149} INFO - 52
[2023-05-08T16:28:18.786+0000] {logging_mixin.py:149} INFO - 53
[2023-05-08T16:28:18.787+0000] {logging_mixin.py:149} INFO - 54
[2023-05-08T16:28:18.788+0000] {logging_mixin.py:149} INFO - 55
[2023-05-08T16:28:18.789+0000] {logging_mixin.py:149} INFO - 56
[2023-05-08T16:28:18.790+0000] {logging_mixin.py:149} INFO - 57
[2023-05-08T16:28:18.791+0000] {logging_mixin.py:149} INFO - 58
[2023-05-08T16:28:18.793+0000] {logging_mixin.py:149} INFO - 59
[2023-05-08T16:28:18.794+0000] {logging_mixin.py:149} INFO - 60
[2023-05-08T16:28:18.796+0000] {logging_mixin.py:149} INFO - 61
[2023-05-08T16:28:18.797+0000] {logging_mixin.py:149} INFO - 62
[2023-05-08T16:28:18.798+0000] {logging_mixin.py:149} INFO - 63
[2023-05-08T16:28:18.799+0000] {logging_mixin.py:149} INFO - 64
[2023-05-08T16:28:18.800+0000] {logging_mixin.py:149} INFO - 65
[2023-05-08T16:28:18.801+0000] {logging_mixin.py:149} INFO - 66
[2023-05-08T16:28:18.803+0000] {logging_mixin.py:149} INFO - 67
[2023-05-08T16:28:18.804+0000] {logging_mixin.py:149} INFO - 68
[2023-05-08T16:28:18.805+0000] {logging_mixin.py:149} INFO - 69
[2023-05-08T16:28:18.806+0000] {logging_mixin.py:149} INFO - 70
[2023-05-08T16:28:18.808+0000] {logging_mixin.py:149} INFO - 71
[2023-05-08T16:28:18.809+0000] {logging_mixin.py:149} INFO - 72
[2023-05-08T16:28:18.811+0000] {logging_mixin.py:149} INFO - 73
[2023-05-08T16:28:18.812+0000] {logging_mixin.py:149} INFO - 74
[2023-05-08T16:28:18.813+0000] {logging_mixin.py:149} INFO - 75
[2023-05-08T16:28:18.814+0000] {logging_mixin.py:149} INFO - 76
[2023-05-08T16:28:18.815+0000] {logging_mixin.py:149} INFO - 77
[2023-05-08T16:28:18.817+0000] {logging_mixin.py:149} INFO - 78
[2023-05-08T16:28:18.818+0000] {logging_mixin.py:149} INFO - 79
[2023-05-08T16:28:18.819+0000] {logging_mixin.py:149} INFO - 80
[2023-05-08T16:28:18.823+0000] {logging_mixin.py:149} INFO - 81
[2023-05-08T16:28:18.824+0000] {logging_mixin.py:149} INFO - 82
[2023-05-08T16:28:18.826+0000] {logging_mixin.py:149} INFO - 83
[2023-05-08T16:28:18.827+0000] {logging_mixin.py:149} INFO - 84
[2023-05-08T16:28:18.829+0000] {logging_mixin.py:149} INFO - 85
[2023-05-08T16:28:18.830+0000] {logging_mixin.py:149} INFO - 86
[2023-05-08T16:28:18.831+0000] {logging_mixin.py:149} INFO - 87
[2023-05-08T16:28:18.833+0000] {logging_mixin.py:149} INFO - 88
[2023-05-08T16:28:18.834+0000] {logging_mixin.py:149} INFO - 89
[2023-05-08T16:28:18.841+0000] {logging_mixin.py:149} INFO - 90
[2023-05-08T16:28:18.844+0000] {logging_mixin.py:149} INFO - 91
[2023-05-08T16:28:18.846+0000] {logging_mixin.py:149} INFO - 92
[2023-05-08T16:28:18.849+0000] {logging_mixin.py:149} INFO - 93
[2023-05-08T16:28:18.853+0000] {logging_mixin.py:149} INFO - 94
[2023-05-08T16:28:18.856+0000] {logging_mixin.py:149} INFO - 95
[2023-05-08T16:28:18.858+0000] {logging_mixin.py:149} INFO - 96
[2023-05-08T16:28:18.860+0000] {logging_mixin.py:149} INFO - 97
[2023-05-08T16:28:18.862+0000] {logging_mixin.py:149} INFO - 98
[2023-05-08T16:28:18.864+0000] {logging_mixin.py:149} INFO - 99
[2023-05-08T16:28:18.904+0000] {python.py:183} INFO - Done. Returned value was: None
[2023-05-08T16:28:18.914+0000] {taskinstance.py:1373} INFO - Marking task as SUCCESS. dag_id=Summer_Warped_ETL, task_id=GetSongsFromPlaylist, execution_date=20230508T162814, start_date=20230508T162818, end_date=20230508T162818
[2023-05-08T16:28:18.955+0000] {local_task_job_runner.py:232} INFO - Task exited with return code 0
[2023-05-08T16:28:18.979+0000] {taskinstance.py:2674} INFO - 2 downstream tasks scheduled from follow-on schedule check
