[2023-05-08T16:12:19.854+0000] {taskinstance.py:1125} INFO - Dependencies all met for dep_context=non-requeueable deps ti=<TaskInstance: Summer_Warped_ETL.GetSongsFromPlaylist manual__2023-05-08T16:09:58.195696+00:00 [queued]>
[2023-05-08T16:12:19.859+0000] {taskinstance.py:1125} INFO - Dependencies all met for dep_context=requeueable deps ti=<TaskInstance: Summer_Warped_ETL.GetSongsFromPlaylist manual__2023-05-08T16:09:58.195696+00:00 [queued]>
[2023-05-08T16:12:19.860+0000] {taskinstance.py:1331} INFO - Starting attempt 2 of 4
[2023-05-08T16:12:19.867+0000] {taskinstance.py:1350} INFO - Executing <Task(PythonOperator): GetSongsFromPlaylist> on 2023-05-08 16:09:58.195696+00:00
[2023-05-08T16:12:19.872+0000] {standard_task_runner.py:57} INFO - Started process 911 to run task
[2023-05-08T16:12:19.875+0000] {standard_task_runner.py:84} INFO - Running: ['***', 'tasks', 'run', 'Summer_Warped_ETL', 'GetSongsFromPlaylist', 'manual__2023-05-08T16:09:58.195696+00:00', '--job-id', '2472', '--raw', '--subdir', 'DAGS_FOLDER/warped-dag.py', '--cfg-path', '/tmp/tmpvolo5vhg']
[2023-05-08T16:12:19.876+0000] {standard_task_runner.py:85} INFO - Job 2472: Subtask GetSongsFromPlaylist
[2023-05-08T16:12:19.911+0000] {task_command.py:410} INFO - Running <TaskInstance: Summer_Warped_ETL.GetSongsFromPlaylist manual__2023-05-08T16:09:58.195696+00:00 [running]> on host 7b4753e133cb
[2023-05-08T16:12:19.961+0000] {taskinstance.py:1570} INFO - Exporting env vars: AIRFLOW_CTX_DAG_OWNER='Ananta Moharana' AIRFLOW_CTX_DAG_ID='Summer_Warped_ETL' AIRFLOW_CTX_TASK_ID='GetSongsFromPlaylist' AIRFLOW_CTX_EXECUTION_DATE='2023-05-08T16:09:58.195696+00:00' AIRFLOW_CTX_TRY_NUMBER='2' AIRFLOW_CTX_DAG_RUN_ID='manual__2023-05-08T16:09:58.195696+00:00'
[2023-05-08T16:12:20.341+0000] {logging_mixin.py:149} INFO - 100
[2023-05-08T16:12:20.342+0000] {logging_mixin.py:149} INFO - 0
[2023-05-08T16:12:20.344+0000] {logging_mixin.py:149} INFO - 1
[2023-05-08T16:12:20.346+0000] {logging_mixin.py:149} INFO - 2
[2023-05-08T16:12:20.348+0000] {logging_mixin.py:149} INFO - 3
[2023-05-08T16:12:20.349+0000] {logging_mixin.py:149} INFO - 4
[2023-05-08T16:12:20.351+0000] {logging_mixin.py:149} INFO - 5
[2023-05-08T16:12:20.352+0000] {logging_mixin.py:149} INFO - 6
[2023-05-08T16:12:20.354+0000] {logging_mixin.py:149} INFO - 7
[2023-05-08T16:12:20.355+0000] {logging_mixin.py:149} INFO - 8
[2023-05-08T16:12:20.356+0000] {logging_mixin.py:149} INFO - 9
[2023-05-08T16:12:20.358+0000] {logging_mixin.py:149} INFO - 10
[2023-05-08T16:12:20.359+0000] {logging_mixin.py:149} INFO - 11
[2023-05-08T16:12:20.360+0000] {logging_mixin.py:149} INFO - 12
[2023-05-08T16:12:20.361+0000] {logging_mixin.py:149} INFO - 13
[2023-05-08T16:12:20.363+0000] {logging_mixin.py:149} INFO - 14
[2023-05-08T16:12:20.364+0000] {logging_mixin.py:149} INFO - 15
[2023-05-08T16:12:20.365+0000] {logging_mixin.py:149} INFO - 16
[2023-05-08T16:12:20.366+0000] {logging_mixin.py:149} INFO - 17
[2023-05-08T16:12:20.368+0000] {logging_mixin.py:149} INFO - 18
[2023-05-08T16:12:20.369+0000] {logging_mixin.py:149} INFO - 19
[2023-05-08T16:12:20.370+0000] {logging_mixin.py:149} INFO - 20
[2023-05-08T16:12:20.371+0000] {logging_mixin.py:149} INFO - 21
[2023-05-08T16:12:20.372+0000] {logging_mixin.py:149} INFO - 22
[2023-05-08T16:12:20.373+0000] {logging_mixin.py:149} INFO - 23
[2023-05-08T16:12:20.374+0000] {logging_mixin.py:149} INFO - 24
[2023-05-08T16:12:20.375+0000] {logging_mixin.py:149} INFO - 25
[2023-05-08T16:12:20.377+0000] {logging_mixin.py:149} INFO - 26
[2023-05-08T16:12:20.378+0000] {logging_mixin.py:149} INFO - 27
[2023-05-08T16:12:20.381+0000] {logging_mixin.py:149} INFO - 28
[2023-05-08T16:12:20.382+0000] {logging_mixin.py:149} INFO - 29
[2023-05-08T16:12:20.383+0000] {logging_mixin.py:149} INFO - 30
[2023-05-08T16:12:20.384+0000] {logging_mixin.py:149} INFO - 31
[2023-05-08T16:12:20.385+0000] {logging_mixin.py:149} INFO - 32
[2023-05-08T16:12:20.386+0000] {logging_mixin.py:149} INFO - 33
[2023-05-08T16:12:20.387+0000] {logging_mixin.py:149} INFO - 34
[2023-05-08T16:12:20.388+0000] {logging_mixin.py:149} INFO - 35
[2023-05-08T16:12:20.390+0000] {logging_mixin.py:149} INFO - 36
[2023-05-08T16:12:20.391+0000] {logging_mixin.py:149} INFO - 37
[2023-05-08T16:12:20.393+0000] {logging_mixin.py:149} INFO - 38
[2023-05-08T16:12:20.394+0000] {logging_mixin.py:149} INFO - 39
[2023-05-08T16:12:20.395+0000] {logging_mixin.py:149} INFO - 40
[2023-05-08T16:12:20.397+0000] {logging_mixin.py:149} INFO - 41
[2023-05-08T16:12:20.398+0000] {logging_mixin.py:149} INFO - 42
[2023-05-08T16:12:20.399+0000] {logging_mixin.py:149} INFO - 43
[2023-05-08T16:12:20.401+0000] {logging_mixin.py:149} INFO - 44
[2023-05-08T16:12:20.402+0000] {logging_mixin.py:149} INFO - 45
[2023-05-08T16:12:20.403+0000] {logging_mixin.py:149} INFO - 46
[2023-05-08T16:12:20.404+0000] {logging_mixin.py:149} INFO - 47
[2023-05-08T16:12:20.406+0000] {logging_mixin.py:149} INFO - 48
[2023-05-08T16:12:20.407+0000] {logging_mixin.py:149} INFO - 49
[2023-05-08T16:12:20.408+0000] {logging_mixin.py:149} INFO - 50
[2023-05-08T16:12:20.409+0000] {logging_mixin.py:149} INFO - 51
[2023-05-08T16:12:20.410+0000] {logging_mixin.py:149} INFO - 52
[2023-05-08T16:12:20.411+0000] {logging_mixin.py:149} INFO - 53
[2023-05-08T16:12:20.412+0000] {logging_mixin.py:149} INFO - 54
[2023-05-08T16:12:20.414+0000] {logging_mixin.py:149} INFO - 55
[2023-05-08T16:12:20.415+0000] {logging_mixin.py:149} INFO - 56
[2023-05-08T16:12:20.415+0000] {logging_mixin.py:149} INFO - 57
[2023-05-08T16:12:20.416+0000] {logging_mixin.py:149} INFO - 58
[2023-05-08T16:12:20.418+0000] {logging_mixin.py:149} INFO - 59
[2023-05-08T16:12:20.419+0000] {logging_mixin.py:149} INFO - 60
[2023-05-08T16:12:20.420+0000] {logging_mixin.py:149} INFO - 61
[2023-05-08T16:12:20.421+0000] {logging_mixin.py:149} INFO - 62
[2023-05-08T16:12:20.422+0000] {logging_mixin.py:149} INFO - 63
[2023-05-08T16:12:20.423+0000] {logging_mixin.py:149} INFO - 64
[2023-05-08T16:12:20.424+0000] {logging_mixin.py:149} INFO - 65
[2023-05-08T16:12:20.425+0000] {logging_mixin.py:149} INFO - 66
[2023-05-08T16:12:20.427+0000] {logging_mixin.py:149} INFO - 67
[2023-05-08T16:12:20.428+0000] {logging_mixin.py:149} INFO - 68
[2023-05-08T16:12:20.429+0000] {logging_mixin.py:149} INFO - 69
[2023-05-08T16:12:20.430+0000] {logging_mixin.py:149} INFO - 70
[2023-05-08T16:12:20.432+0000] {logging_mixin.py:149} INFO - 71
[2023-05-08T16:12:20.433+0000] {logging_mixin.py:149} INFO - 72
[2023-05-08T16:12:20.434+0000] {logging_mixin.py:149} INFO - 73
[2023-05-08T16:12:20.435+0000] {logging_mixin.py:149} INFO - 74
[2023-05-08T16:12:20.436+0000] {logging_mixin.py:149} INFO - 75
[2023-05-08T16:12:20.437+0000] {logging_mixin.py:149} INFO - 76
[2023-05-08T16:12:20.438+0000] {logging_mixin.py:149} INFO - 77
[2023-05-08T16:12:20.440+0000] {logging_mixin.py:149} INFO - 78
[2023-05-08T16:12:20.441+0000] {logging_mixin.py:149} INFO - 79
[2023-05-08T16:12:20.442+0000] {logging_mixin.py:149} INFO - 80
[2023-05-08T16:12:20.443+0000] {logging_mixin.py:149} INFO - 81
[2023-05-08T16:12:20.445+0000] {logging_mixin.py:149} INFO - 82
[2023-05-08T16:12:20.446+0000] {logging_mixin.py:149} INFO - 83
[2023-05-08T16:12:20.447+0000] {logging_mixin.py:149} INFO - 84
[2023-05-08T16:12:20.449+0000] {logging_mixin.py:149} INFO - 85
[2023-05-08T16:12:20.450+0000] {logging_mixin.py:149} INFO - 86
[2023-05-08T16:12:20.451+0000] {logging_mixin.py:149} INFO - 87
[2023-05-08T16:12:20.452+0000] {logging_mixin.py:149} INFO - 88
[2023-05-08T16:12:20.453+0000] {logging_mixin.py:149} INFO - 89
[2023-05-08T16:12:20.456+0000] {logging_mixin.py:149} INFO - 90
[2023-05-08T16:12:20.457+0000] {logging_mixin.py:149} INFO - 91
[2023-05-08T16:12:20.458+0000] {logging_mixin.py:149} INFO - 92
[2023-05-08T16:12:20.459+0000] {logging_mixin.py:149} INFO - 93
[2023-05-08T16:12:20.462+0000] {logging_mixin.py:149} INFO - 94
[2023-05-08T16:12:20.464+0000] {logging_mixin.py:149} INFO - 95
[2023-05-08T16:12:20.465+0000] {logging_mixin.py:149} INFO - 96
[2023-05-08T16:12:20.466+0000] {logging_mixin.py:149} INFO - 97
[2023-05-08T16:12:20.467+0000] {logging_mixin.py:149} INFO - 98
[2023-05-08T16:12:20.468+0000] {logging_mixin.py:149} INFO - 99
[2023-05-08T16:12:20.482+0000] {python.py:183} INFO - Done. Returned value was: None
[2023-05-08T16:12:20.489+0000] {taskinstance.py:1373} INFO - Marking task as SUCCESS. dag_id=Summer_Warped_ETL, task_id=GetSongsFromPlaylist, execution_date=20230508T160958, start_date=20230508T161219, end_date=20230508T161220
[2023-05-08T16:12:20.537+0000] {local_task_job_runner.py:232} INFO - Task exited with return code 0
[2023-05-08T16:12:20.559+0000] {taskinstance.py:2674} INFO - 2 downstream tasks scheduled from follow-on schedule check
