[2023-05-08T18:04:15.208+0000] {taskinstance.py:1125} INFO - Dependencies all met for dep_context=non-requeueable deps ti=<TaskInstance: Summer_Warped_ETL.GetSongsFromPlaylist manual__2023-05-08T16:09:58.195696+00:00 [queued]>
[2023-05-08T18:04:15.213+0000] {taskinstance.py:1125} INFO - Dependencies all met for dep_context=requeueable deps ti=<TaskInstance: Summer_Warped_ETL.GetSongsFromPlaylist manual__2023-05-08T16:09:58.195696+00:00 [queued]>
[2023-05-08T18:04:15.214+0000] {taskinstance.py:1331} INFO - Starting attempt 5 of 7
[2023-05-08T18:04:15.223+0000] {taskinstance.py:1350} INFO - Executing <Task(PythonOperator): GetSongsFromPlaylist> on 2023-05-08 16:09:58.195696+00:00
[2023-05-08T18:04:15.229+0000] {standard_task_runner.py:57} INFO - Started process 3216 to run task
[2023-05-08T18:04:15.233+0000] {standard_task_runner.py:84} INFO - Running: ['***', 'tasks', 'run', 'Summer_Warped_ETL', 'GetSongsFromPlaylist', 'manual__2023-05-08T16:09:58.195696+00:00', '--job-id', '2575', '--raw', '--subdir', 'DAGS_FOLDER/warped-dag.py', '--cfg-path', '/tmp/tmp72ynl_90']
[2023-05-08T18:04:15.234+0000] {standard_task_runner.py:85} INFO - Job 2575: Subtask GetSongsFromPlaylist
[2023-05-08T18:04:15.295+0000] {task_command.py:410} INFO - Running <TaskInstance: Summer_Warped_ETL.GetSongsFromPlaylist manual__2023-05-08T16:09:58.195696+00:00 [running]> on host 7b4753e133cb
[2023-05-08T18:04:15.366+0000] {taskinstance.py:1570} INFO - Exporting env vars: AIRFLOW_CTX_DAG_OWNER='Ananta Moharana' AIRFLOW_CTX_DAG_ID='Summer_Warped_ETL' AIRFLOW_CTX_TASK_ID='GetSongsFromPlaylist' AIRFLOW_CTX_EXECUTION_DATE='2023-05-08T16:09:58.195696+00:00' AIRFLOW_CTX_TRY_NUMBER='5' AIRFLOW_CTX_DAG_RUN_ID='manual__2023-05-08T16:09:58.195696+00:00'
[2023-05-08T18:04:15.825+0000] {logging_mixin.py:149} INFO - 100
[2023-05-08T18:04:15.826+0000] {logging_mixin.py:149} INFO - 0
[2023-05-08T18:04:15.829+0000] {logging_mixin.py:149} INFO - 1
[2023-05-08T18:04:15.831+0000] {logging_mixin.py:149} INFO - 2
[2023-05-08T18:04:15.832+0000] {logging_mixin.py:149} INFO - 3
[2023-05-08T18:04:15.834+0000] {logging_mixin.py:149} INFO - 4
[2023-05-08T18:04:15.836+0000] {logging_mixin.py:149} INFO - 5
[2023-05-08T18:04:15.837+0000] {logging_mixin.py:149} INFO - 6
[2023-05-08T18:04:15.838+0000] {logging_mixin.py:149} INFO - 7
[2023-05-08T18:04:15.840+0000] {logging_mixin.py:149} INFO - 8
[2023-05-08T18:04:15.841+0000] {logging_mixin.py:149} INFO - 9
[2023-05-08T18:04:15.843+0000] {logging_mixin.py:149} INFO - 10
[2023-05-08T18:04:15.844+0000] {logging_mixin.py:149} INFO - 11
[2023-05-08T18:04:15.846+0000] {logging_mixin.py:149} INFO - 12
[2023-05-08T18:04:15.848+0000] {logging_mixin.py:149} INFO - 13
[2023-05-08T18:04:15.850+0000] {logging_mixin.py:149} INFO - 14
[2023-05-08T18:04:15.851+0000] {logging_mixin.py:149} INFO - 15
[2023-05-08T18:04:15.853+0000] {logging_mixin.py:149} INFO - 16
[2023-05-08T18:04:15.854+0000] {logging_mixin.py:149} INFO - 17
[2023-05-08T18:04:15.855+0000] {logging_mixin.py:149} INFO - 18
[2023-05-08T18:04:15.857+0000] {logging_mixin.py:149} INFO - 19
[2023-05-08T18:04:15.858+0000] {logging_mixin.py:149} INFO - 20
[2023-05-08T18:04:15.859+0000] {logging_mixin.py:149} INFO - 21
[2023-05-08T18:04:15.860+0000] {logging_mixin.py:149} INFO - 22
[2023-05-08T18:04:15.861+0000] {logging_mixin.py:149} INFO - 23
[2023-05-08T18:04:15.862+0000] {logging_mixin.py:149} INFO - 24
[2023-05-08T18:04:15.864+0000] {logging_mixin.py:149} INFO - 25
[2023-05-08T18:04:15.865+0000] {logging_mixin.py:149} INFO - 26
[2023-05-08T18:04:15.867+0000] {logging_mixin.py:149} INFO - 27
[2023-05-08T18:04:15.870+0000] {logging_mixin.py:149} INFO - 28
[2023-05-08T18:04:15.871+0000] {logging_mixin.py:149} INFO - 29
[2023-05-08T18:04:15.872+0000] {logging_mixin.py:149} INFO - 30
[2023-05-08T18:04:15.873+0000] {logging_mixin.py:149} INFO - 31
[2023-05-08T18:04:15.875+0000] {logging_mixin.py:149} INFO - 32
[2023-05-08T18:04:15.876+0000] {logging_mixin.py:149} INFO - 33
[2023-05-08T18:04:15.877+0000] {logging_mixin.py:149} INFO - 34
[2023-05-08T18:04:15.878+0000] {logging_mixin.py:149} INFO - 35
[2023-05-08T18:04:15.880+0000] {logging_mixin.py:149} INFO - 36
[2023-05-08T18:04:15.882+0000] {logging_mixin.py:149} INFO - 37
[2023-05-08T18:04:15.883+0000] {logging_mixin.py:149} INFO - 38
[2023-05-08T18:04:15.884+0000] {logging_mixin.py:149} INFO - 39
[2023-05-08T18:04:15.886+0000] {logging_mixin.py:149} INFO - 40
[2023-05-08T18:04:15.888+0000] {logging_mixin.py:149} INFO - 41
[2023-05-08T18:04:15.889+0000] {logging_mixin.py:149} INFO - 42
[2023-05-08T18:04:15.890+0000] {logging_mixin.py:149} INFO - 43
[2023-05-08T18:04:15.892+0000] {logging_mixin.py:149} INFO - 44
[2023-05-08T18:04:15.893+0000] {logging_mixin.py:149} INFO - 45
[2023-05-08T18:04:15.894+0000] {logging_mixin.py:149} INFO - 46
[2023-05-08T18:04:15.896+0000] {logging_mixin.py:149} INFO - 47
[2023-05-08T18:04:15.898+0000] {logging_mixin.py:149} INFO - 48
[2023-05-08T18:04:15.899+0000] {logging_mixin.py:149} INFO - 49
[2023-05-08T18:04:15.900+0000] {logging_mixin.py:149} INFO - 50
[2023-05-08T18:04:15.902+0000] {logging_mixin.py:149} INFO - 51
[2023-05-08T18:04:15.904+0000] {logging_mixin.py:149} INFO - 52
[2023-05-08T18:04:15.905+0000] {logging_mixin.py:149} INFO - 53
[2023-05-08T18:04:15.907+0000] {logging_mixin.py:149} INFO - 54
[2023-05-08T18:04:15.909+0000] {logging_mixin.py:149} INFO - 55
[2023-05-08T18:04:15.910+0000] {logging_mixin.py:149} INFO - 56
[2023-05-08T18:04:15.911+0000] {logging_mixin.py:149} INFO - 57
[2023-05-08T18:04:15.913+0000] {logging_mixin.py:149} INFO - 58
[2023-05-08T18:04:15.915+0000] {logging_mixin.py:149} INFO - 59
[2023-05-08T18:04:15.916+0000] {logging_mixin.py:149} INFO - 60
[2023-05-08T18:04:15.917+0000] {logging_mixin.py:149} INFO - 61
[2023-05-08T18:04:15.918+0000] {logging_mixin.py:149} INFO - 62
[2023-05-08T18:04:15.920+0000] {logging_mixin.py:149} INFO - 63
[2023-05-08T18:04:15.923+0000] {logging_mixin.py:149} INFO - 64
[2023-05-08T18:04:15.924+0000] {logging_mixin.py:149} INFO - 65
[2023-05-08T18:04:15.925+0000] {logging_mixin.py:149} INFO - 66
[2023-05-08T18:04:15.927+0000] {logging_mixin.py:149} INFO - 67
[2023-05-08T18:04:15.928+0000] {logging_mixin.py:149} INFO - 68
[2023-05-08T18:04:15.929+0000] {logging_mixin.py:149} INFO - 69
[2023-05-08T18:04:15.931+0000] {logging_mixin.py:149} INFO - 70
[2023-05-08T18:04:15.933+0000] {logging_mixin.py:149} INFO - 71
[2023-05-08T18:04:15.934+0000] {logging_mixin.py:149} INFO - 72
[2023-05-08T18:04:15.936+0000] {logging_mixin.py:149} INFO - 73
[2023-05-08T18:04:15.937+0000] {logging_mixin.py:149} INFO - 74
[2023-05-08T18:04:15.938+0000] {logging_mixin.py:149} INFO - 75
[2023-05-08T18:04:15.940+0000] {logging_mixin.py:149} INFO - 76
[2023-05-08T18:04:15.941+0000] {logging_mixin.py:149} INFO - 77
[2023-05-08T18:04:15.944+0000] {logging_mixin.py:149} INFO - 78
[2023-05-08T18:04:15.945+0000] {logging_mixin.py:149} INFO - 79
[2023-05-08T18:04:15.946+0000] {logging_mixin.py:149} INFO - 80
[2023-05-08T18:04:15.948+0000] {logging_mixin.py:149} INFO - 81
[2023-05-08T18:04:15.950+0000] {logging_mixin.py:149} INFO - 82
[2023-05-08T18:04:15.951+0000] {logging_mixin.py:149} INFO - 83
[2023-05-08T18:04:15.953+0000] {logging_mixin.py:149} INFO - 84
[2023-05-08T18:04:15.955+0000] {logging_mixin.py:149} INFO - 85
[2023-05-08T18:04:15.957+0000] {logging_mixin.py:149} INFO - 86
[2023-05-08T18:04:15.958+0000] {logging_mixin.py:149} INFO - 87
[2023-05-08T18:04:15.959+0000] {logging_mixin.py:149} INFO - 88
[2023-05-08T18:04:15.961+0000] {logging_mixin.py:149} INFO - 89
[2023-05-08T18:04:15.963+0000] {logging_mixin.py:149} INFO - 90
[2023-05-08T18:04:15.964+0000] {logging_mixin.py:149} INFO - 91
[2023-05-08T18:04:15.966+0000] {logging_mixin.py:149} INFO - 92
[2023-05-08T18:04:15.968+0000] {logging_mixin.py:149} INFO - 93
[2023-05-08T18:04:15.970+0000] {logging_mixin.py:149} INFO - 94
[2023-05-08T18:04:15.972+0000] {logging_mixin.py:149} INFO - 95
[2023-05-08T18:04:15.973+0000] {logging_mixin.py:149} INFO - 96
[2023-05-08T18:04:15.974+0000] {logging_mixin.py:149} INFO - 97
[2023-05-08T18:04:15.975+0000] {logging_mixin.py:149} INFO - 98
[2023-05-08T18:04:15.978+0000] {logging_mixin.py:149} INFO - 99
[2023-05-08T18:04:15.996+0000] {python.py:183} INFO - Done. Returned value was: None
[2023-05-08T18:04:16.005+0000] {taskinstance.py:1373} INFO - Marking task as SUCCESS. dag_id=Summer_Warped_ETL, task_id=GetSongsFromPlaylist, execution_date=20230508T160958, start_date=20230508T180415, end_date=20230508T180416
[2023-05-08T18:04:16.045+0000] {local_task_job_runner.py:232} INFO - Task exited with return code 0
[2023-05-08T18:04:16.071+0000] {taskinstance.py:2674} INFO - 2 downstream tasks scheduled from follow-on schedule check
