[2023-05-09T16:03:35.321+0000] {taskinstance.py:1125} INFO - Dependencies all met for dep_context=non-requeueable deps ti=<TaskInstance: Summer_Warped_ETL.GetSongsFromPlaylist manual__2023-05-08T16:09:58.195696+00:00 [queued]>
[2023-05-09T16:03:35.326+0000] {taskinstance.py:1125} INFO - Dependencies all met for dep_context=requeueable deps ti=<TaskInstance: Summer_Warped_ETL.GetSongsFromPlaylist manual__2023-05-08T16:09:58.195696+00:00 [queued]>
[2023-05-09T16:03:35.326+0000] {taskinstance.py:1331} INFO - Starting attempt 9 of 11
[2023-05-09T16:03:35.334+0000] {taskinstance.py:1350} INFO - Executing <Task(PythonOperator): GetSongsFromPlaylist> on 2023-05-08 16:09:58.195696+00:00
[2023-05-09T16:03:35.339+0000] {standard_task_runner.py:57} INFO - Started process 6508 to run task
[2023-05-09T16:03:35.342+0000] {standard_task_runner.py:84} INFO - Running: ['***', 'tasks', 'run', 'Summer_Warped_ETL', 'GetSongsFromPlaylist', 'manual__2023-05-08T16:09:58.195696+00:00', '--job-id', '2714', '--raw', '--subdir', 'DAGS_FOLDER/warped-dag.py', '--cfg-path', '/tmp/tmp8b9ahwfl']
[2023-05-09T16:03:35.343+0000] {standard_task_runner.py:85} INFO - Job 2714: Subtask GetSongsFromPlaylist
[2023-05-09T16:03:35.381+0000] {task_command.py:410} INFO - Running <TaskInstance: Summer_Warped_ETL.GetSongsFromPlaylist manual__2023-05-08T16:09:58.195696+00:00 [running]> on host 7b4753e133cb
[2023-05-09T16:03:35.436+0000] {taskinstance.py:1570} INFO - Exporting env vars: AIRFLOW_CTX_DAG_OWNER='Ananta Moharana' AIRFLOW_CTX_DAG_ID='Summer_Warped_ETL' AIRFLOW_CTX_TASK_ID='GetSongsFromPlaylist' AIRFLOW_CTX_EXECUTION_DATE='2023-05-08T16:09:58.195696+00:00' AIRFLOW_CTX_TRY_NUMBER='9' AIRFLOW_CTX_DAG_RUN_ID='manual__2023-05-08T16:09:58.195696+00:00'
[2023-05-09T16:03:35.878+0000] {logging_mixin.py:149} INFO - 100
[2023-05-09T16:03:35.880+0000] {logging_mixin.py:149} INFO - 0
[2023-05-09T16:03:35.885+0000] {logging_mixin.py:149} INFO - 1
[2023-05-09T16:03:35.888+0000] {logging_mixin.py:149} INFO - 2
[2023-05-09T16:03:35.891+0000] {logging_mixin.py:149} INFO - 3
[2023-05-09T16:03:35.893+0000] {logging_mixin.py:149} INFO - 4
[2023-05-09T16:03:35.896+0000] {logging_mixin.py:149} INFO - 5
[2023-05-09T16:03:35.897+0000] {logging_mixin.py:149} INFO - 6
[2023-05-09T16:03:35.900+0000] {logging_mixin.py:149} INFO - 7
[2023-05-09T16:03:35.903+0000] {logging_mixin.py:149} INFO - 8
[2023-05-09T16:03:35.905+0000] {logging_mixin.py:149} INFO - 9
[2023-05-09T16:03:35.906+0000] {logging_mixin.py:149} INFO - 10
[2023-05-09T16:03:35.908+0000] {logging_mixin.py:149} INFO - 11
[2023-05-09T16:03:35.910+0000] {logging_mixin.py:149} INFO - 12
[2023-05-09T16:03:35.911+0000] {logging_mixin.py:149} INFO - 13
[2023-05-09T16:03:35.913+0000] {logging_mixin.py:149} INFO - 14
[2023-05-09T16:03:35.915+0000] {logging_mixin.py:149} INFO - 15
[2023-05-09T16:03:35.916+0000] {logging_mixin.py:149} INFO - 16
[2023-05-09T16:03:35.918+0000] {logging_mixin.py:149} INFO - 17
[2023-05-09T16:03:35.919+0000] {logging_mixin.py:149} INFO - 18
[2023-05-09T16:03:35.920+0000] {logging_mixin.py:149} INFO - 19
[2023-05-09T16:03:35.922+0000] {logging_mixin.py:149} INFO - 20
[2023-05-09T16:03:35.923+0000] {logging_mixin.py:149} INFO - 21
[2023-05-09T16:03:35.924+0000] {logging_mixin.py:149} INFO - 22
[2023-05-09T16:03:35.925+0000] {logging_mixin.py:149} INFO - 23
[2023-05-09T16:03:35.926+0000] {logging_mixin.py:149} INFO - 24
[2023-05-09T16:03:35.927+0000] {logging_mixin.py:149} INFO - 25
[2023-05-09T16:03:35.928+0000] {logging_mixin.py:149} INFO - 26
[2023-05-09T16:03:35.929+0000] {logging_mixin.py:149} INFO - 27
[2023-05-09T16:03:35.930+0000] {logging_mixin.py:149} INFO - 28
[2023-05-09T16:03:35.932+0000] {logging_mixin.py:149} INFO - 29
[2023-05-09T16:03:35.933+0000] {logging_mixin.py:149} INFO - 30
[2023-05-09T16:03:35.934+0000] {logging_mixin.py:149} INFO - 31
[2023-05-09T16:03:35.935+0000] {logging_mixin.py:149} INFO - 32
[2023-05-09T16:03:35.936+0000] {logging_mixin.py:149} INFO - 33
[2023-05-09T16:03:35.939+0000] {logging_mixin.py:149} INFO - 34
[2023-05-09T16:03:35.940+0000] {logging_mixin.py:149} INFO - 35
[2023-05-09T16:03:35.941+0000] {logging_mixin.py:149} INFO - 36
[2023-05-09T16:03:35.943+0000] {logging_mixin.py:149} INFO - 37
[2023-05-09T16:03:35.944+0000] {logging_mixin.py:149} INFO - 38
[2023-05-09T16:03:35.945+0000] {logging_mixin.py:149} INFO - 39
[2023-05-09T16:03:35.946+0000] {logging_mixin.py:149} INFO - 40
[2023-05-09T16:03:35.947+0000] {logging_mixin.py:149} INFO - 41
[2023-05-09T16:03:35.947+0000] {logging_mixin.py:149} INFO - 42
[2023-05-09T16:03:35.949+0000] {logging_mixin.py:149} INFO - 43
[2023-05-09T16:03:35.951+0000] {logging_mixin.py:149} INFO - 44
[2023-05-09T16:03:35.952+0000] {logging_mixin.py:149} INFO - 45
[2023-05-09T16:03:35.953+0000] {logging_mixin.py:149} INFO - 46
[2023-05-09T16:03:35.954+0000] {logging_mixin.py:149} INFO - 47
[2023-05-09T16:03:35.955+0000] {logging_mixin.py:149} INFO - 48
[2023-05-09T16:03:35.957+0000] {logging_mixin.py:149} INFO - 49
[2023-05-09T16:03:35.958+0000] {logging_mixin.py:149} INFO - 50
[2023-05-09T16:03:35.959+0000] {logging_mixin.py:149} INFO - 51
[2023-05-09T16:03:35.960+0000] {logging_mixin.py:149} INFO - 52
[2023-05-09T16:03:35.961+0000] {logging_mixin.py:149} INFO - 53
[2023-05-09T16:03:35.962+0000] {logging_mixin.py:149} INFO - 54
[2023-05-09T16:03:35.964+0000] {logging_mixin.py:149} INFO - 55
[2023-05-09T16:03:35.966+0000] {logging_mixin.py:149} INFO - 56
[2023-05-09T16:03:35.967+0000] {logging_mixin.py:149} INFO - 57
[2023-05-09T16:03:35.967+0000] {logging_mixin.py:149} INFO - 58
[2023-05-09T16:03:35.968+0000] {logging_mixin.py:149} INFO - 59
[2023-05-09T16:03:35.969+0000] {logging_mixin.py:149} INFO - 60
[2023-05-09T16:03:35.970+0000] {logging_mixin.py:149} INFO - 61
[2023-05-09T16:03:35.971+0000] {logging_mixin.py:149} INFO - 62
[2023-05-09T16:03:35.972+0000] {logging_mixin.py:149} INFO - 63
[2023-05-09T16:03:35.973+0000] {logging_mixin.py:149} INFO - 64
[2023-05-09T16:03:35.974+0000] {logging_mixin.py:149} INFO - 65
[2023-05-09T16:03:35.975+0000] {logging_mixin.py:149} INFO - 66
[2023-05-09T16:03:35.976+0000] {logging_mixin.py:149} INFO - 67
[2023-05-09T16:03:35.978+0000] {logging_mixin.py:149} INFO - 68
[2023-05-09T16:03:35.979+0000] {logging_mixin.py:149} INFO - 69
[2023-05-09T16:03:35.979+0000] {logging_mixin.py:149} INFO - 70
[2023-05-09T16:03:35.980+0000] {logging_mixin.py:149} INFO - 71
[2023-05-09T16:03:35.981+0000] {logging_mixin.py:149} INFO - 72
[2023-05-09T16:03:35.982+0000] {logging_mixin.py:149} INFO - 73
[2023-05-09T16:03:35.984+0000] {logging_mixin.py:149} INFO - 74
[2023-05-09T16:03:35.985+0000] {logging_mixin.py:149} INFO - 75
[2023-05-09T16:03:35.986+0000] {logging_mixin.py:149} INFO - 76
[2023-05-09T16:03:35.987+0000] {logging_mixin.py:149} INFO - 77
[2023-05-09T16:03:35.988+0000] {logging_mixin.py:149} INFO - 78
[2023-05-09T16:03:35.989+0000] {logging_mixin.py:149} INFO - 79
[2023-05-09T16:03:35.990+0000] {logging_mixin.py:149} INFO - 80
[2023-05-09T16:03:35.991+0000] {logging_mixin.py:149} INFO - 81
[2023-05-09T16:03:35.993+0000] {logging_mixin.py:149} INFO - 82
[2023-05-09T16:03:35.994+0000] {logging_mixin.py:149} INFO - 83
[2023-05-09T16:03:35.995+0000] {logging_mixin.py:149} INFO - 84
[2023-05-09T16:03:35.996+0000] {logging_mixin.py:149} INFO - 85
[2023-05-09T16:03:35.997+0000] {logging_mixin.py:149} INFO - 86
[2023-05-09T16:03:35.998+0000] {logging_mixin.py:149} INFO - 87
[2023-05-09T16:03:35.999+0000] {logging_mixin.py:149} INFO - 88
[2023-05-09T16:03:36.000+0000] {logging_mixin.py:149} INFO - 89
[2023-05-09T16:03:36.002+0000] {logging_mixin.py:149} INFO - 90
[2023-05-09T16:03:36.003+0000] {logging_mixin.py:149} INFO - 91
[2023-05-09T16:03:36.004+0000] {logging_mixin.py:149} INFO - 92
[2023-05-09T16:03:36.006+0000] {logging_mixin.py:149} INFO - 93
[2023-05-09T16:03:36.007+0000] {logging_mixin.py:149} INFO - 94
[2023-05-09T16:03:36.009+0000] {logging_mixin.py:149} INFO - 95
[2023-05-09T16:03:36.010+0000] {logging_mixin.py:149} INFO - 96
[2023-05-09T16:03:36.011+0000] {logging_mixin.py:149} INFO - 97
[2023-05-09T16:03:36.012+0000] {logging_mixin.py:149} INFO - 98
[2023-05-09T16:03:36.014+0000] {logging_mixin.py:149} INFO - 99
[2023-05-09T16:03:36.027+0000] {python.py:183} INFO - Done. Returned value was: None
[2023-05-09T16:03:36.034+0000] {taskinstance.py:1373} INFO - Marking task as SUCCESS. dag_id=Summer_Warped_ETL, task_id=GetSongsFromPlaylist, execution_date=20230508T160958, start_date=20230509T160335, end_date=20230509T160336
[2023-05-09T16:03:36.080+0000] {local_task_job_runner.py:232} INFO - Task exited with return code 0
[2023-05-09T16:03:36.103+0000] {taskinstance.py:2674} INFO - 2 downstream tasks scheduled from follow-on schedule check
