[2023-05-09T02:03:32.392+0000] {taskinstance.py:1125} INFO - Dependencies all met for dep_context=non-requeueable deps ti=<TaskInstance: Summer_Warped_ETL.GetSongsFromPlaylist manual__2023-05-08T16:09:58.195696+00:00 [queued]>
[2023-05-09T02:03:32.397+0000] {taskinstance.py:1125} INFO - Dependencies all met for dep_context=requeueable deps ti=<TaskInstance: Summer_Warped_ETL.GetSongsFromPlaylist manual__2023-05-08T16:09:58.195696+00:00 [queued]>
[2023-05-09T02:03:32.397+0000] {taskinstance.py:1331} INFO - Starting attempt 6 of 8
[2023-05-09T02:03:32.405+0000] {taskinstance.py:1350} INFO - Executing <Task(PythonOperator): GetSongsFromPlaylist> on 2023-05-08 16:09:58.195696+00:00
[2023-05-09T02:03:32.410+0000] {standard_task_runner.py:57} INFO - Started process 5664 to run task
[2023-05-09T02:03:32.415+0000] {standard_task_runner.py:84} INFO - Running: ['***', 'tasks', 'run', 'Summer_Warped_ETL', 'GetSongsFromPlaylist', 'manual__2023-05-08T16:09:58.195696+00:00', '--job-id', '2614', '--raw', '--subdir', 'DAGS_FOLDER/warped-dag.py', '--cfg-path', '/tmp/tmp2xdt0hb0']
[2023-05-09T02:03:32.416+0000] {standard_task_runner.py:85} INFO - Job 2614: Subtask GetSongsFromPlaylist
[2023-05-09T02:03:32.454+0000] {task_command.py:410} INFO - Running <TaskInstance: Summer_Warped_ETL.GetSongsFromPlaylist manual__2023-05-08T16:09:58.195696+00:00 [running]> on host 7b4753e133cb
[2023-05-09T02:03:32.511+0000] {taskinstance.py:1570} INFO - Exporting env vars: AIRFLOW_CTX_DAG_OWNER='Ananta Moharana' AIRFLOW_CTX_DAG_ID='Summer_Warped_ETL' AIRFLOW_CTX_TASK_ID='GetSongsFromPlaylist' AIRFLOW_CTX_EXECUTION_DATE='2023-05-08T16:09:58.195696+00:00' AIRFLOW_CTX_TRY_NUMBER='6' AIRFLOW_CTX_DAG_RUN_ID='manual__2023-05-08T16:09:58.195696+00:00'
[2023-05-09T02:03:32.915+0000] {logging_mixin.py:149} INFO - 100
[2023-05-09T02:03:32.916+0000] {logging_mixin.py:149} INFO - 0
[2023-05-09T02:03:32.921+0000] {logging_mixin.py:149} INFO - 1
[2023-05-09T02:03:32.925+0000] {logging_mixin.py:149} INFO - 2
[2023-05-09T02:03:32.928+0000] {logging_mixin.py:149} INFO - 3
[2023-05-09T02:03:32.930+0000] {logging_mixin.py:149} INFO - 4
[2023-05-09T02:03:32.934+0000] {logging_mixin.py:149} INFO - 5
[2023-05-09T02:03:32.937+0000] {logging_mixin.py:149} INFO - 6
[2023-05-09T02:03:32.941+0000] {logging_mixin.py:149} INFO - 7
[2023-05-09T02:03:32.946+0000] {logging_mixin.py:149} INFO - 8
[2023-05-09T02:03:32.948+0000] {logging_mixin.py:149} INFO - 9
[2023-05-09T02:03:32.951+0000] {logging_mixin.py:149} INFO - 10
[2023-05-09T02:03:32.953+0000] {logging_mixin.py:149} INFO - 11
[2023-05-09T02:03:32.954+0000] {logging_mixin.py:149} INFO - 12
[2023-05-09T02:03:32.955+0000] {logging_mixin.py:149} INFO - 13
[2023-05-09T02:03:32.957+0000] {logging_mixin.py:149} INFO - 14
[2023-05-09T02:03:32.959+0000] {logging_mixin.py:149} INFO - 15
[2023-05-09T02:03:32.960+0000] {logging_mixin.py:149} INFO - 16
[2023-05-09T02:03:32.961+0000] {logging_mixin.py:149} INFO - 17
[2023-05-09T02:03:32.963+0000] {logging_mixin.py:149} INFO - 18
[2023-05-09T02:03:32.964+0000] {logging_mixin.py:149} INFO - 19
[2023-05-09T02:03:32.965+0000] {logging_mixin.py:149} INFO - 20
[2023-05-09T02:03:32.966+0000] {logging_mixin.py:149} INFO - 21
[2023-05-09T02:03:32.968+0000] {logging_mixin.py:149} INFO - 22
[2023-05-09T02:03:32.969+0000] {logging_mixin.py:149} INFO - 23
[2023-05-09T02:03:32.970+0000] {logging_mixin.py:149} INFO - 24
[2023-05-09T02:03:32.971+0000] {logging_mixin.py:149} INFO - 25
[2023-05-09T02:03:32.972+0000] {logging_mixin.py:149} INFO - 26
[2023-05-09T02:03:32.973+0000] {logging_mixin.py:149} INFO - 27
[2023-05-09T02:03:32.976+0000] {logging_mixin.py:149} INFO - 28
[2023-05-09T02:03:32.977+0000] {logging_mixin.py:149} INFO - 29
[2023-05-09T02:03:32.979+0000] {logging_mixin.py:149} INFO - 30
[2023-05-09T02:03:32.980+0000] {logging_mixin.py:149} INFO - 31
[2023-05-09T02:03:32.981+0000] {logging_mixin.py:149} INFO - 32
[2023-05-09T02:03:32.982+0000] {logging_mixin.py:149} INFO - 33
[2023-05-09T02:03:32.983+0000] {logging_mixin.py:149} INFO - 34
[2023-05-09T02:03:32.984+0000] {logging_mixin.py:149} INFO - 35
[2023-05-09T02:03:32.986+0000] {logging_mixin.py:149} INFO - 36
[2023-05-09T02:03:32.988+0000] {logging_mixin.py:149} INFO - 37
[2023-05-09T02:03:32.989+0000] {logging_mixin.py:149} INFO - 38
[2023-05-09T02:03:32.990+0000] {logging_mixin.py:149} INFO - 39
[2023-05-09T02:03:32.992+0000] {logging_mixin.py:149} INFO - 40
[2023-05-09T02:03:32.994+0000] {logging_mixin.py:149} INFO - 41
[2023-05-09T02:03:32.995+0000] {logging_mixin.py:149} INFO - 42
[2023-05-09T02:03:32.996+0000] {logging_mixin.py:149} INFO - 43
[2023-05-09T02:03:32.997+0000] {logging_mixin.py:149} INFO - 44
[2023-05-09T02:03:32.998+0000] {logging_mixin.py:149} INFO - 45
[2023-05-09T02:03:32.999+0000] {logging_mixin.py:149} INFO - 46
[2023-05-09T02:03:33.001+0000] {logging_mixin.py:149} INFO - 47
[2023-05-09T02:03:33.003+0000] {logging_mixin.py:149} INFO - 48
[2023-05-09T02:03:33.004+0000] {logging_mixin.py:149} INFO - 49
[2023-05-09T02:03:33.005+0000] {logging_mixin.py:149} INFO - 50
[2023-05-09T02:03:33.007+0000] {logging_mixin.py:149} INFO - 51
[2023-05-09T02:03:33.008+0000] {logging_mixin.py:149} INFO - 52
[2023-05-09T02:03:33.009+0000] {logging_mixin.py:149} INFO - 53
[2023-05-09T02:03:33.010+0000] {logging_mixin.py:149} INFO - 54
[2023-05-09T02:03:33.011+0000] {logging_mixin.py:149} INFO - 55
[2023-05-09T02:03:33.012+0000] {logging_mixin.py:149} INFO - 56
[2023-05-09T02:03:33.013+0000] {logging_mixin.py:149} INFO - 57
[2023-05-09T02:03:33.014+0000] {logging_mixin.py:149} INFO - 58
[2023-05-09T02:03:33.016+0000] {logging_mixin.py:149} INFO - 59
[2023-05-09T02:03:33.017+0000] {logging_mixin.py:149} INFO - 60
[2023-05-09T02:03:33.018+0000] {logging_mixin.py:149} INFO - 61
[2023-05-09T02:03:33.019+0000] {logging_mixin.py:149} INFO - 62
[2023-05-09T02:03:33.020+0000] {logging_mixin.py:149} INFO - 63
[2023-05-09T02:03:33.021+0000] {logging_mixin.py:149} INFO - 64
[2023-05-09T02:03:33.022+0000] {logging_mixin.py:149} INFO - 65
[2023-05-09T02:03:33.024+0000] {logging_mixin.py:149} INFO - 66
[2023-05-09T02:03:33.025+0000] {logging_mixin.py:149} INFO - 67
[2023-05-09T02:03:33.029+0000] {logging_mixin.py:149} INFO - 68
[2023-05-09T02:03:33.031+0000] {logging_mixin.py:149} INFO - 69
[2023-05-09T02:03:33.032+0000] {logging_mixin.py:149} INFO - 70
[2023-05-09T02:03:33.034+0000] {logging_mixin.py:149} INFO - 71
[2023-05-09T02:03:33.035+0000] {logging_mixin.py:149} INFO - 72
[2023-05-09T02:03:33.037+0000] {logging_mixin.py:149} INFO - 73
[2023-05-09T02:03:33.038+0000] {logging_mixin.py:149} INFO - 74
[2023-05-09T02:03:33.039+0000] {logging_mixin.py:149} INFO - 75
[2023-05-09T02:03:33.040+0000] {logging_mixin.py:149} INFO - 76
[2023-05-09T02:03:33.041+0000] {logging_mixin.py:149} INFO - 77
[2023-05-09T02:03:33.043+0000] {logging_mixin.py:149} INFO - 78
[2023-05-09T02:03:33.044+0000] {logging_mixin.py:149} INFO - 79
[2023-05-09T02:03:33.045+0000] {logging_mixin.py:149} INFO - 80
[2023-05-09T02:03:33.047+0000] {logging_mixin.py:149} INFO - 81
[2023-05-09T02:03:33.049+0000] {logging_mixin.py:149} INFO - 82
[2023-05-09T02:03:33.050+0000] {logging_mixin.py:149} INFO - 83
[2023-05-09T02:03:33.052+0000] {logging_mixin.py:149} INFO - 84
[2023-05-09T02:03:33.054+0000] {logging_mixin.py:149} INFO - 85
[2023-05-09T02:03:33.055+0000] {logging_mixin.py:149} INFO - 86
[2023-05-09T02:03:33.057+0000] {logging_mixin.py:149} INFO - 87
[2023-05-09T02:03:33.058+0000] {logging_mixin.py:149} INFO - 88
[2023-05-09T02:03:33.059+0000] {logging_mixin.py:149} INFO - 89
[2023-05-09T02:03:33.061+0000] {logging_mixin.py:149} INFO - 90
[2023-05-09T02:03:33.062+0000] {logging_mixin.py:149} INFO - 91
[2023-05-09T02:03:33.063+0000] {logging_mixin.py:149} INFO - 92
[2023-05-09T02:03:33.065+0000] {logging_mixin.py:149} INFO - 93
[2023-05-09T02:03:33.067+0000] {logging_mixin.py:149} INFO - 94
[2023-05-09T02:03:33.070+0000] {logging_mixin.py:149} INFO - 95
[2023-05-09T02:03:33.071+0000] {logging_mixin.py:149} INFO - 96
[2023-05-09T02:03:33.072+0000] {logging_mixin.py:149} INFO - 97
[2023-05-09T02:03:33.074+0000] {logging_mixin.py:149} INFO - 98
[2023-05-09T02:03:33.075+0000] {logging_mixin.py:149} INFO - 99
[2023-05-09T02:03:33.090+0000] {python.py:183} INFO - Done. Returned value was: None
[2023-05-09T02:03:33.099+0000] {taskinstance.py:1373} INFO - Marking task as SUCCESS. dag_id=Summer_Warped_ETL, task_id=GetSongsFromPlaylist, execution_date=20230508T160958, start_date=20230509T020332, end_date=20230509T020333
[2023-05-09T02:03:33.122+0000] {local_task_job_runner.py:232} INFO - Task exited with return code 0
[2023-05-09T02:03:33.146+0000] {taskinstance.py:2674} INFO - 2 downstream tasks scheduled from follow-on schedule check
