[2023-05-08T16:25:01.422+0000] {taskinstance.py:1125} INFO - Dependencies all met for dep_context=non-requeueable deps ti=<TaskInstance: Summer_Warped_ETL.GetSongsFromPlaylist manual__2023-05-08T16:09:58.195696+00:00 [queued]>
[2023-05-08T16:25:01.427+0000] {taskinstance.py:1125} INFO - Dependencies all met for dep_context=requeueable deps ti=<TaskInstance: Summer_Warped_ETL.GetSongsFromPlaylist manual__2023-05-08T16:09:58.195696+00:00 [queued]>
[2023-05-08T16:25:01.427+0000] {taskinstance.py:1331} INFO - Starting attempt 3 of 5
[2023-05-08T16:25:01.436+0000] {taskinstance.py:1350} INFO - Executing <Task(PythonOperator): GetSongsFromPlaylist> on 2023-05-08 16:09:58.195696+00:00
[2023-05-08T16:25:01.441+0000] {standard_task_runner.py:57} INFO - Started process 1215 to run task
[2023-05-08T16:25:01.445+0000] {standard_task_runner.py:84} INFO - Running: ['***', 'tasks', 'run', 'Summer_Warped_ETL', 'GetSongsFromPlaylist', 'manual__2023-05-08T16:09:58.195696+00:00', '--job-id', '2494', '--raw', '--subdir', 'DAGS_FOLDER/warped-dag.py', '--cfg-path', '/tmp/tmp96mpmm_8']
[2023-05-08T16:25:01.446+0000] {standard_task_runner.py:85} INFO - Job 2494: Subtask GetSongsFromPlaylist
[2023-05-08T16:25:01.482+0000] {task_command.py:410} INFO - Running <TaskInstance: Summer_Warped_ETL.GetSongsFromPlaylist manual__2023-05-08T16:09:58.195696+00:00 [running]> on host 7b4753e133cb
[2023-05-08T16:25:01.568+0000] {taskinstance.py:1570} INFO - Exporting env vars: AIRFLOW_CTX_DAG_OWNER='Ananta Moharana' AIRFLOW_CTX_DAG_ID='Summer_Warped_ETL' AIRFLOW_CTX_TASK_ID='GetSongsFromPlaylist' AIRFLOW_CTX_EXECUTION_DATE='2023-05-08T16:09:58.195696+00:00' AIRFLOW_CTX_TRY_NUMBER='3' AIRFLOW_CTX_DAG_RUN_ID='manual__2023-05-08T16:09:58.195696+00:00'
[2023-05-08T16:25:01.995+0000] {logging_mixin.py:149} INFO - 100
[2023-05-08T16:25:01.996+0000] {logging_mixin.py:149} INFO - 0
[2023-05-08T16:25:01.999+0000] {logging_mixin.py:149} INFO - 1
[2023-05-08T16:25:02.001+0000] {logging_mixin.py:149} INFO - 2
[2023-05-08T16:25:02.002+0000] {logging_mixin.py:149} INFO - 3
[2023-05-08T16:25:02.003+0000] {logging_mixin.py:149} INFO - 4
[2023-05-08T16:25:02.005+0000] {logging_mixin.py:149} INFO - 5
[2023-05-08T16:25:02.006+0000] {logging_mixin.py:149} INFO - 6
[2023-05-08T16:25:02.008+0000] {logging_mixin.py:149} INFO - 7
[2023-05-08T16:25:02.010+0000] {logging_mixin.py:149} INFO - 8
[2023-05-08T16:25:02.011+0000] {logging_mixin.py:149} INFO - 9
[2023-05-08T16:25:02.013+0000] {logging_mixin.py:149} INFO - 10
[2023-05-08T16:25:02.015+0000] {logging_mixin.py:149} INFO - 11
[2023-05-08T16:25:02.016+0000] {logging_mixin.py:149} INFO - 12
[2023-05-08T16:25:02.017+0000] {logging_mixin.py:149} INFO - 13
[2023-05-08T16:25:02.018+0000] {logging_mixin.py:149} INFO - 14
[2023-05-08T16:25:02.020+0000] {logging_mixin.py:149} INFO - 15
[2023-05-08T16:25:02.021+0000] {logging_mixin.py:149} INFO - 16
[2023-05-08T16:25:02.022+0000] {logging_mixin.py:149} INFO - 17
[2023-05-08T16:25:02.024+0000] {logging_mixin.py:149} INFO - 18
[2023-05-08T16:25:02.025+0000] {logging_mixin.py:149} INFO - 19
[2023-05-08T16:25:02.026+0000] {logging_mixin.py:149} INFO - 20
[2023-05-08T16:25:02.028+0000] {logging_mixin.py:149} INFO - 21
[2023-05-08T16:25:02.029+0000] {logging_mixin.py:149} INFO - 22
[2023-05-08T16:25:02.030+0000] {logging_mixin.py:149} INFO - 23
[2023-05-08T16:25:02.031+0000] {logging_mixin.py:149} INFO - 24
[2023-05-08T16:25:02.032+0000] {logging_mixin.py:149} INFO - 25
[2023-05-08T16:25:02.033+0000] {logging_mixin.py:149} INFO - 26
[2023-05-08T16:25:02.035+0000] {logging_mixin.py:149} INFO - 27
[2023-05-08T16:25:02.037+0000] {logging_mixin.py:149} INFO - 28
[2023-05-08T16:25:02.038+0000] {logging_mixin.py:149} INFO - 29
[2023-05-08T16:25:02.040+0000] {logging_mixin.py:149} INFO - 30
[2023-05-08T16:25:02.041+0000] {logging_mixin.py:149} INFO - 31
[2023-05-08T16:25:02.042+0000] {logging_mixin.py:149} INFO - 32
[2023-05-08T16:25:02.043+0000] {logging_mixin.py:149} INFO - 33
[2023-05-08T16:25:02.045+0000] {logging_mixin.py:149} INFO - 34
[2023-05-08T16:25:02.046+0000] {logging_mixin.py:149} INFO - 35
[2023-05-08T16:25:02.048+0000] {logging_mixin.py:149} INFO - 36
[2023-05-08T16:25:02.050+0000] {logging_mixin.py:149} INFO - 37
[2023-05-08T16:25:02.051+0000] {logging_mixin.py:149} INFO - 38
[2023-05-08T16:25:02.052+0000] {logging_mixin.py:149} INFO - 39
[2023-05-08T16:25:02.054+0000] {logging_mixin.py:149} INFO - 40
[2023-05-08T16:25:02.056+0000] {logging_mixin.py:149} INFO - 41
[2023-05-08T16:25:02.057+0000] {logging_mixin.py:149} INFO - 42
[2023-05-08T16:25:02.058+0000] {logging_mixin.py:149} INFO - 43
[2023-05-08T16:25:02.059+0000] {logging_mixin.py:149} INFO - 44
[2023-05-08T16:25:02.060+0000] {logging_mixin.py:149} INFO - 45
[2023-05-08T16:25:02.061+0000] {logging_mixin.py:149} INFO - 46
[2023-05-08T16:25:02.062+0000] {logging_mixin.py:149} INFO - 47
[2023-05-08T16:25:02.064+0000] {logging_mixin.py:149} INFO - 48
[2023-05-08T16:25:02.065+0000] {logging_mixin.py:149} INFO - 49
[2023-05-08T16:25:02.067+0000] {logging_mixin.py:149} INFO - 50
[2023-05-08T16:25:02.068+0000] {logging_mixin.py:149} INFO - 51
[2023-05-08T16:25:02.069+0000] {logging_mixin.py:149} INFO - 52
[2023-05-08T16:25:02.070+0000] {logging_mixin.py:149} INFO - 53
[2023-05-08T16:25:02.071+0000] {logging_mixin.py:149} INFO - 54
[2023-05-08T16:25:02.072+0000] {logging_mixin.py:149} INFO - 55
[2023-05-08T16:25:02.073+0000] {logging_mixin.py:149} INFO - 56
[2023-05-08T16:25:02.074+0000] {logging_mixin.py:149} INFO - 57
[2023-05-08T16:25:02.076+0000] {logging_mixin.py:149} INFO - 58
[2023-05-08T16:25:02.077+0000] {logging_mixin.py:149} INFO - 59
[2023-05-08T16:25:02.079+0000] {logging_mixin.py:149} INFO - 60
[2023-05-08T16:25:02.080+0000] {logging_mixin.py:149} INFO - 61
[2023-05-08T16:25:02.081+0000] {logging_mixin.py:149} INFO - 62
[2023-05-08T16:25:02.082+0000] {logging_mixin.py:149} INFO - 63
[2023-05-08T16:25:02.083+0000] {logging_mixin.py:149} INFO - 64
[2023-05-08T16:25:02.084+0000] {logging_mixin.py:149} INFO - 65
[2023-05-08T16:25:02.085+0000] {logging_mixin.py:149} INFO - 66
[2023-05-08T16:25:02.087+0000] {logging_mixin.py:149} INFO - 67
[2023-05-08T16:25:02.088+0000] {logging_mixin.py:149} INFO - 68
[2023-05-08T16:25:02.089+0000] {logging_mixin.py:149} INFO - 69
[2023-05-08T16:25:02.090+0000] {logging_mixin.py:149} INFO - 70
[2023-05-08T16:25:02.092+0000] {logging_mixin.py:149} INFO - 71
[2023-05-08T16:25:02.093+0000] {logging_mixin.py:149} INFO - 72
[2023-05-08T16:25:02.095+0000] {logging_mixin.py:149} INFO - 73
[2023-05-08T16:25:02.096+0000] {logging_mixin.py:149} INFO - 74
[2023-05-08T16:25:02.097+0000] {logging_mixin.py:149} INFO - 75
[2023-05-08T16:25:02.098+0000] {logging_mixin.py:149} INFO - 76
[2023-05-08T16:25:02.099+0000] {logging_mixin.py:149} INFO - 77
[2023-05-08T16:25:02.101+0000] {logging_mixin.py:149} INFO - 78
[2023-05-08T16:25:02.102+0000] {logging_mixin.py:149} INFO - 79
[2023-05-08T16:25:02.103+0000] {logging_mixin.py:149} INFO - 80
[2023-05-08T16:25:02.105+0000] {logging_mixin.py:149} INFO - 81
[2023-05-08T16:25:02.107+0000] {logging_mixin.py:149} INFO - 82
[2023-05-08T16:25:02.108+0000] {logging_mixin.py:149} INFO - 83
[2023-05-08T16:25:02.109+0000] {logging_mixin.py:149} INFO - 84
[2023-05-08T16:25:02.111+0000] {logging_mixin.py:149} INFO - 85
[2023-05-08T16:25:02.113+0000] {logging_mixin.py:149} INFO - 86
[2023-05-08T16:25:02.114+0000] {logging_mixin.py:149} INFO - 87
[2023-05-08T16:25:02.115+0000] {logging_mixin.py:149} INFO - 88
[2023-05-08T16:25:02.116+0000] {logging_mixin.py:149} INFO - 89
[2023-05-08T16:25:02.118+0000] {logging_mixin.py:149} INFO - 90
[2023-05-08T16:25:02.119+0000] {logging_mixin.py:149} INFO - 91
[2023-05-08T16:25:02.120+0000] {logging_mixin.py:149} INFO - 92
[2023-05-08T16:25:02.122+0000] {logging_mixin.py:149} INFO - 93
[2023-05-08T16:25:02.124+0000] {logging_mixin.py:149} INFO - 94
[2023-05-08T16:25:02.126+0000] {logging_mixin.py:149} INFO - 95
[2023-05-08T16:25:02.128+0000] {logging_mixin.py:149} INFO - 96
[2023-05-08T16:25:02.129+0000] {logging_mixin.py:149} INFO - 97
[2023-05-08T16:25:02.130+0000] {logging_mixin.py:149} INFO - 98
[2023-05-08T16:25:02.131+0000] {logging_mixin.py:149} INFO - 99
[2023-05-08T16:25:02.146+0000] {python.py:183} INFO - Done. Returned value was: None
[2023-05-08T16:25:02.153+0000] {taskinstance.py:1373} INFO - Marking task as SUCCESS. dag_id=Summer_Warped_ETL, task_id=GetSongsFromPlaylist, execution_date=20230508T160958, start_date=20230508T162501, end_date=20230508T162502
[2023-05-08T16:25:02.184+0000] {local_task_job_runner.py:232} INFO - Task exited with return code 0
[2023-05-08T16:25:02.211+0000] {taskinstance.py:2674} INFO - 2 downstream tasks scheduled from follow-on schedule check
