[2023-05-09T16:32:34.239+0000] {taskinstance.py:1125} INFO - Dependencies all met for dep_context=non-requeueable deps ti=<TaskInstance: Summer_Warped_ETL.GetSongsFromPlaylist manual__2023-05-08T16:09:58.195696+00:00 [queued]>
[2023-05-09T16:32:34.245+0000] {taskinstance.py:1125} INFO - Dependencies all met for dep_context=requeueable deps ti=<TaskInstance: Summer_Warped_ETL.GetSongsFromPlaylist manual__2023-05-08T16:09:58.195696+00:00 [queued]>
[2023-05-09T16:32:34.245+0000] {taskinstance.py:1331} INFO - Starting attempt 10 of 12
[2023-05-09T16:32:34.253+0000] {taskinstance.py:1350} INFO - Executing <Task(PythonOperator): GetSongsFromPlaylist> on 2023-05-08 16:09:58.195696+00:00
[2023-05-09T16:32:34.258+0000] {standard_task_runner.py:57} INFO - Started process 7151 to run task
[2023-05-09T16:32:34.262+0000] {standard_task_runner.py:84} INFO - Running: ['***', 'tasks', 'run', 'Summer_Warped_ETL', 'GetSongsFromPlaylist', 'manual__2023-05-08T16:09:58.195696+00:00', '--job-id', '2755', '--raw', '--subdir', 'DAGS_FOLDER/warped-dag.py', '--cfg-path', '/tmp/tmpf2wg0hrc']
[2023-05-09T16:32:34.262+0000] {standard_task_runner.py:85} INFO - Job 2755: Subtask GetSongsFromPlaylist
[2023-05-09T16:32:34.298+0000] {task_command.py:410} INFO - Running <TaskInstance: Summer_Warped_ETL.GetSongsFromPlaylist manual__2023-05-08T16:09:58.195696+00:00 [running]> on host 7b4753e133cb
[2023-05-09T16:32:34.356+0000] {taskinstance.py:1570} INFO - Exporting env vars: AIRFLOW_CTX_DAG_OWNER='Ananta Moharana' AIRFLOW_CTX_DAG_ID='Summer_Warped_ETL' AIRFLOW_CTX_TASK_ID='GetSongsFromPlaylist' AIRFLOW_CTX_EXECUTION_DATE='2023-05-08T16:09:58.195696+00:00' AIRFLOW_CTX_TRY_NUMBER='10' AIRFLOW_CTX_DAG_RUN_ID='manual__2023-05-08T16:09:58.195696+00:00'
[2023-05-09T16:32:34.727+0000] {logging_mixin.py:149} INFO - 100
[2023-05-09T16:32:34.728+0000] {logging_mixin.py:149} INFO - 0
[2023-05-09T16:32:34.730+0000] {logging_mixin.py:149} INFO - 1
[2023-05-09T16:32:34.732+0000] {logging_mixin.py:149} INFO - 2
[2023-05-09T16:32:34.733+0000] {logging_mixin.py:149} INFO - 3
[2023-05-09T16:32:34.735+0000] {logging_mixin.py:149} INFO - 4
[2023-05-09T16:32:34.736+0000] {logging_mixin.py:149} INFO - 5
[2023-05-09T16:32:34.738+0000] {logging_mixin.py:149} INFO - 6
[2023-05-09T16:32:34.740+0000] {logging_mixin.py:149} INFO - 7
[2023-05-09T16:32:34.741+0000] {logging_mixin.py:149} INFO - 8
[2023-05-09T16:32:34.742+0000] {logging_mixin.py:149} INFO - 9
[2023-05-09T16:32:34.744+0000] {logging_mixin.py:149} INFO - 10
[2023-05-09T16:32:34.745+0000] {logging_mixin.py:149} INFO - 11
[2023-05-09T16:32:34.747+0000] {logging_mixin.py:149} INFO - 12
[2023-05-09T16:32:34.748+0000] {logging_mixin.py:149} INFO - 13
[2023-05-09T16:32:34.749+0000] {logging_mixin.py:149} INFO - 14
[2023-05-09T16:32:34.751+0000] {logging_mixin.py:149} INFO - 15
[2023-05-09T16:32:34.752+0000] {logging_mixin.py:149} INFO - 16
[2023-05-09T16:32:34.754+0000] {logging_mixin.py:149} INFO - 17
[2023-05-09T16:32:34.755+0000] {logging_mixin.py:149} INFO - 18
[2023-05-09T16:32:34.756+0000] {logging_mixin.py:149} INFO - 19
[2023-05-09T16:32:34.758+0000] {logging_mixin.py:149} INFO - 20
[2023-05-09T16:32:34.759+0000] {logging_mixin.py:149} INFO - 21
[2023-05-09T16:32:34.760+0000] {logging_mixin.py:149} INFO - 22
[2023-05-09T16:32:34.761+0000] {logging_mixin.py:149} INFO - 23
[2023-05-09T16:32:34.763+0000] {logging_mixin.py:149} INFO - 24
[2023-05-09T16:32:34.764+0000] {logging_mixin.py:149} INFO - 25
[2023-05-09T16:32:34.765+0000] {logging_mixin.py:149} INFO - 26
[2023-05-09T16:32:34.766+0000] {logging_mixin.py:149} INFO - 27
[2023-05-09T16:32:34.767+0000] {logging_mixin.py:149} INFO - 28
[2023-05-09T16:32:34.768+0000] {logging_mixin.py:149} INFO - 29
[2023-05-09T16:32:34.771+0000] {logging_mixin.py:149} INFO - 30
[2023-05-09T16:32:34.772+0000] {logging_mixin.py:149} INFO - 31
[2023-05-09T16:32:34.773+0000] {logging_mixin.py:149} INFO - 32
[2023-05-09T16:32:34.774+0000] {logging_mixin.py:149} INFO - 33
[2023-05-09T16:32:34.777+0000] {logging_mixin.py:149} INFO - 34
[2023-05-09T16:32:34.779+0000] {logging_mixin.py:149} INFO - 35
[2023-05-09T16:32:34.781+0000] {logging_mixin.py:149} INFO - 36
[2023-05-09T16:32:34.782+0000] {logging_mixin.py:149} INFO - 37
[2023-05-09T16:32:34.783+0000] {logging_mixin.py:149} INFO - 38
[2023-05-09T16:32:34.784+0000] {logging_mixin.py:149} INFO - 39
[2023-05-09T16:32:34.785+0000] {logging_mixin.py:149} INFO - 40
[2023-05-09T16:32:34.787+0000] {logging_mixin.py:149} INFO - 41
[2023-05-09T16:32:34.788+0000] {logging_mixin.py:149} INFO - 42
[2023-05-09T16:32:34.790+0000] {logging_mixin.py:149} INFO - 43
[2023-05-09T16:32:34.792+0000] {logging_mixin.py:149} INFO - 44
[2023-05-09T16:32:34.793+0000] {logging_mixin.py:149} INFO - 45
[2023-05-09T16:32:34.794+0000] {logging_mixin.py:149} INFO - 46
[2023-05-09T16:32:34.795+0000] {logging_mixin.py:149} INFO - 47
[2023-05-09T16:32:34.797+0000] {logging_mixin.py:149} INFO - 48
[2023-05-09T16:32:34.799+0000] {logging_mixin.py:149} INFO - 49
[2023-05-09T16:32:34.800+0000] {logging_mixin.py:149} INFO - 50
[2023-05-09T16:32:34.801+0000] {logging_mixin.py:149} INFO - 51
[2023-05-09T16:32:34.802+0000] {logging_mixin.py:149} INFO - 52
[2023-05-09T16:32:34.803+0000] {logging_mixin.py:149} INFO - 53
[2023-05-09T16:32:34.805+0000] {logging_mixin.py:149} INFO - 54
[2023-05-09T16:32:34.806+0000] {logging_mixin.py:149} INFO - 55
[2023-05-09T16:32:34.808+0000] {logging_mixin.py:149} INFO - 56
[2023-05-09T16:32:34.809+0000] {logging_mixin.py:149} INFO - 57
[2023-05-09T16:32:34.811+0000] {logging_mixin.py:149} INFO - 58
[2023-05-09T16:32:34.812+0000] {logging_mixin.py:149} INFO - 59
[2023-05-09T16:32:34.813+0000] {logging_mixin.py:149} INFO - 60
[2023-05-09T16:32:34.815+0000] {logging_mixin.py:149} INFO - 61
[2023-05-09T16:32:34.816+0000] {logging_mixin.py:149} INFO - 62
[2023-05-09T16:32:34.817+0000] {logging_mixin.py:149} INFO - 63
[2023-05-09T16:32:34.818+0000] {logging_mixin.py:149} INFO - 64
[2023-05-09T16:32:34.820+0000] {logging_mixin.py:149} INFO - 65
[2023-05-09T16:32:34.821+0000] {logging_mixin.py:149} INFO - 66
[2023-05-09T16:32:34.822+0000] {logging_mixin.py:149} INFO - 67
[2023-05-09T16:32:34.823+0000] {logging_mixin.py:149} INFO - 68
[2023-05-09T16:32:34.824+0000] {logging_mixin.py:149} INFO - 69
[2023-05-09T16:32:34.826+0000] {logging_mixin.py:149} INFO - 70
[2023-05-09T16:32:34.827+0000] {logging_mixin.py:149} INFO - 71
[2023-05-09T16:32:34.828+0000] {logging_mixin.py:149} INFO - 72
[2023-05-09T16:32:34.829+0000] {logging_mixin.py:149} INFO - 73
[2023-05-09T16:32:34.830+0000] {logging_mixin.py:149} INFO - 74
[2023-05-09T16:32:34.831+0000] {logging_mixin.py:149} INFO - 75
[2023-05-09T16:32:34.833+0000] {logging_mixin.py:149} INFO - 76
[2023-05-09T16:32:34.834+0000] {logging_mixin.py:149} INFO - 77
[2023-05-09T16:32:34.835+0000] {logging_mixin.py:149} INFO - 78
[2023-05-09T16:32:34.836+0000] {logging_mixin.py:149} INFO - 79
[2023-05-09T16:32:34.838+0000] {logging_mixin.py:149} INFO - 80
[2023-05-09T16:32:34.839+0000] {logging_mixin.py:149} INFO - 81
[2023-05-09T16:32:34.841+0000] {logging_mixin.py:149} INFO - 82
[2023-05-09T16:32:34.842+0000] {logging_mixin.py:149} INFO - 83
[2023-05-09T16:32:34.843+0000] {logging_mixin.py:149} INFO - 84
[2023-05-09T16:32:34.844+0000] {logging_mixin.py:149} INFO - 85
[2023-05-09T16:32:34.845+0000] {logging_mixin.py:149} INFO - 86
[2023-05-09T16:32:34.847+0000] {logging_mixin.py:149} INFO - 87
[2023-05-09T16:32:34.848+0000] {logging_mixin.py:149} INFO - 88
[2023-05-09T16:32:34.849+0000] {logging_mixin.py:149} INFO - 89
[2023-05-09T16:32:34.851+0000] {logging_mixin.py:149} INFO - 90
[2023-05-09T16:32:34.853+0000] {logging_mixin.py:149} INFO - 91
[2023-05-09T16:32:34.854+0000] {logging_mixin.py:149} INFO - 92
[2023-05-09T16:32:34.856+0000] {logging_mixin.py:149} INFO - 93
[2023-05-09T16:32:34.857+0000] {logging_mixin.py:149} INFO - 94
[2023-05-09T16:32:34.859+0000] {logging_mixin.py:149} INFO - 95
[2023-05-09T16:32:34.861+0000] {logging_mixin.py:149} INFO - 96
[2023-05-09T16:32:34.862+0000] {logging_mixin.py:149} INFO - 97
[2023-05-09T16:32:34.863+0000] {logging_mixin.py:149} INFO - 98
[2023-05-09T16:32:34.866+0000] {logging_mixin.py:149} INFO - 99
[2023-05-09T16:32:34.879+0000] {python.py:183} INFO - Done. Returned value was: None
[2023-05-09T16:32:34.887+0000] {taskinstance.py:1373} INFO - Marking task as SUCCESS. dag_id=Summer_Warped_ETL, task_id=GetSongsFromPlaylist, execution_date=20230508T160958, start_date=20230509T163234, end_date=20230509T163234
[2023-05-09T16:32:34.927+0000] {local_task_job_runner.py:232} INFO - Task exited with return code 0
[2023-05-09T16:32:34.950+0000] {taskinstance.py:2674} INFO - 2 downstream tasks scheduled from follow-on schedule check
