[2023-05-09T19:10:59.036+0000] {taskinstance.py:1125} INFO - Dependencies all met for dep_context=non-requeueable deps ti=<TaskInstance: Summer_Warped_ETL.LoadData.LoadSongArtistBridge manual__2023-05-09T19:10:05.925903+00:00 [queued]>
[2023-05-09T19:10:59.044+0000] {taskinstance.py:1125} INFO - Dependencies all met for dep_context=requeueable deps ti=<TaskInstance: Summer_Warped_ETL.LoadData.LoadSongArtistBridge manual__2023-05-09T19:10:05.925903+00:00 [queued]>
[2023-05-09T19:10:59.045+0000] {taskinstance.py:1331} INFO - Starting attempt 1 of 3
[2023-05-09T19:10:59.054+0000] {taskinstance.py:1350} INFO - Executing <Task(PythonOperator): LoadData.LoadSongArtistBridge> on 2023-05-09 19:10:05.925903+00:00
[2023-05-09T19:10:59.059+0000] {standard_task_runner.py:57} INFO - Started process 206 to run task
[2023-05-09T19:10:59.063+0000] {standard_task_runner.py:84} INFO - Running: ['***', 'tasks', 'run', 'Summer_Warped_ETL', 'LoadData.LoadSongArtistBridge', 'manual__2023-05-09T19:10:05.925903+00:00', '--job-id', '2980', '--raw', '--subdir', 'DAGS_FOLDER/warped-dag.py', '--cfg-path', '/tmp/tmpm95oohon']
[2023-05-09T19:10:59.064+0000] {standard_task_runner.py:85} INFO - Job 2980: Subtask LoadData.LoadSongArtistBridge
[2023-05-09T19:10:59.104+0000] {task_command.py:410} INFO - Running <TaskInstance: Summer_Warped_ETL.LoadData.LoadSongArtistBridge manual__2023-05-09T19:10:05.925903+00:00 [running]> on host 4b5a01a6ab5f
[2023-05-09T19:10:59.170+0000] {taskinstance.py:1570} INFO - Exporting env vars: AIRFLOW_CTX_DAG_OWNER='Ananta Moharana' AIRFLOW_CTX_DAG_ID='Summer_Warped_ETL' AIRFLOW_CTX_TASK_ID='LoadData.LoadSongArtistBridge' AIRFLOW_CTX_EXECUTION_DATE='2023-05-09T19:10:05.925903+00:00' AIRFLOW_CTX_TRY_NUMBER='1' AIRFLOW_CTX_DAG_RUN_ID='manual__2023-05-09T19:10:05.925903+00:00'
[2023-05-09T19:10:59.173+0000] {logging_mixin.py:149} INFO - 2023-05/song_artist_bridge.csv
[2023-05-09T19:10:59.182+0000] {base.py:73} INFO - Using connection ID 'aws_connection' for task execution.
[2023-05-09T19:10:59.183+0000] {connection_wrapper.py:337} INFO - AWS Connection (conn_id='aws_connection', conn_type='aws') credentials retrieved from login and password.
[2023-05-09T19:10:59.388+0000] {logging_mixin.py:149} INFO -                   song_id               artist_id
0  1LmNhEkyaKl1mSJDNSNwjZ  5aTRa02UP1y6PW5klZiTt0
1  7wIcRhedBpZGpLf9PGKUEh  3XOHHfvBYKCMo1h0DFY27z
2  7wIcRhedBpZGpLf9PGKUEh  1trffosn0Alk3IlloOD5O8
3  7wIcRhedBpZGpLf9PGKUEh  04ei5kNgmDuNAydFhhIHnD
4  1ioQDNCREA6I1BVg8VuD7Z  4kqFrZkeqDfOIEqTWqbOOV
[2023-05-09T19:10:59.389+0000] {logging_mixin.py:149} INFO - INSERT INTO song_artist_bridge (song_id,artist_id) VALUES (%s,%s) ON CONFLICT (song_id,artist_id) DO UPDATE SET song_id=EXCLUDED.song_id,artist_id=EXCLUDED.artist_id
[2023-05-09T19:10:59.398+0000] {base.py:73} INFO - Using connection ID '***' for task execution.
[2023-05-09T19:10:59.416+0000] {sql.py:375} INFO - Running statement: INSERT INTO song_artist_bridge (song_id,artist_id) VALUES (%s,%s) ON CONFLICT (song_id,artist_id) DO UPDATE SET song_id=EXCLUDED.song_id,artist_id=EXCLUDED.artist_id, parameters: ('1LmNhEkyaKl1mSJDNSNwjZ', '5aTRa02UP1y6PW5klZiTt0')
[2023-05-09T19:10:59.418+0000] {sql.py:384} INFO - Rows affected: 1
[2023-05-09T19:10:59.426+0000] {base.py:73} INFO - Using connection ID '***' for task execution.
[2023-05-09T19:10:59.433+0000] {sql.py:375} INFO - Running statement: INSERT INTO song_artist_bridge (song_id,artist_id) VALUES (%s,%s) ON CONFLICT (song_id,artist_id) DO UPDATE SET song_id=EXCLUDED.song_id,artist_id=EXCLUDED.artist_id, parameters: ('7wIcRhedBpZGpLf9PGKUEh', '3XOHHfvBYKCMo1h0DFY27z')
[2023-05-09T19:10:59.434+0000] {sql.py:384} INFO - Rows affected: 1
[2023-05-09T19:10:59.442+0000] {base.py:73} INFO - Using connection ID '***' for task execution.
[2023-05-09T19:10:59.449+0000] {sql.py:375} INFO - Running statement: INSERT INTO song_artist_bridge (song_id,artist_id) VALUES (%s,%s) ON CONFLICT (song_id,artist_id) DO UPDATE SET song_id=EXCLUDED.song_id,artist_id=EXCLUDED.artist_id, parameters: ('7wIcRhedBpZGpLf9PGKUEh', '1trffosn0Alk3IlloOD5O8')
[2023-05-09T19:10:59.450+0000] {sql.py:384} INFO - Rows affected: 1
[2023-05-09T19:10:59.458+0000] {base.py:73} INFO - Using connection ID '***' for task execution.
[2023-05-09T19:11:04.483+0000] {sql.py:375} INFO - Running statement: INSERT INTO song_artist_bridge (song_id,artist_id) VALUES (%s,%s) ON CONFLICT (song_id,artist_id) DO UPDATE SET song_id=EXCLUDED.song_id,artist_id=EXCLUDED.artist_id, parameters: ('7wIcRhedBpZGpLf9PGKUEh', '04ei5kNgmDuNAydFhhIHnD')
[2023-05-09T19:11:04.487+0000] {sql.py:384} INFO - Rows affected: 1
[2023-05-09T19:11:04.500+0000] {base.py:73} INFO - Using connection ID '***' for task execution.
[2023-05-09T19:11:04.509+0000] {sql.py:375} INFO - Running statement: INSERT INTO song_artist_bridge (song_id,artist_id) VALUES (%s,%s) ON CONFLICT (song_id,artist_id) DO UPDATE SET song_id=EXCLUDED.song_id,artist_id=EXCLUDED.artist_id, parameters: ('1ioQDNCREA6I1BVg8VuD7Z', '4kqFrZkeqDfOIEqTWqbOOV')
[2023-05-09T19:11:04.511+0000] {sql.py:384} INFO - Rows affected: 1
[2023-05-09T19:11:04.517+0000] {base.py:73} INFO - Using connection ID '***' for task execution.
[2023-05-09T19:11:04.527+0000] {sql.py:375} INFO - Running statement: INSERT INTO song_artist_bridge (song_id,artist_id) VALUES (%s,%s) ON CONFLICT (song_id,artist_id) DO UPDATE SET song_id=EXCLUDED.song_id,artist_id=EXCLUDED.artist_id, parameters: ('5CsHSdXkw5hxN9LOwHn5mZ', '0WvTK38rXqPCD5pZMDuX20')
[2023-05-09T19:11:04.529+0000] {sql.py:384} INFO - Rows affected: 1
[2023-05-09T19:11:04.535+0000] {base.py:73} INFO - Using connection ID '***' for task execution.
[2023-05-09T19:11:04.543+0000] {sql.py:375} INFO - Running statement: INSERT INTO song_artist_bridge (song_id,artist_id) VALUES (%s,%s) ON CONFLICT (song_id,artist_id) DO UPDATE SET song_id=EXCLUDED.song_id,artist_id=EXCLUDED.artist_id, parameters: ('32FMAbZAzs3D70UuvnN6y4', '3hOdow4ZPmrby7Q1wfPLEy')
[2023-05-09T19:11:04.545+0000] {sql.py:384} INFO - Rows affected: 1
[2023-05-09T19:11:04.551+0000] {base.py:73} INFO - Using connection ID '***' for task execution.
[2023-05-09T19:11:04.558+0000] {sql.py:375} INFO - Running statement: INSERT INTO song_artist_bridge (song_id,artist_id) VALUES (%s,%s) ON CONFLICT (song_id,artist_id) DO UPDATE SET song_id=EXCLUDED.song_id,artist_id=EXCLUDED.artist_id, parameters: ('2fx3JQWD6evgucAoArYojR', '7eRBEVzcZk4XyIdF0Btfg4')
[2023-05-09T19:11:04.560+0000] {sql.py:384} INFO - Rows affected: 1
[2023-05-09T19:11:04.566+0000] {base.py:73} INFO - Using connection ID '***' for task execution.
[2023-05-09T19:11:04.572+0000] {sql.py:375} INFO - Running statement: INSERT INTO song_artist_bridge (song_id,artist_id) VALUES (%s,%s) ON CONFLICT (song_id,artist_id) DO UPDATE SET song_id=EXCLUDED.song_id,artist_id=EXCLUDED.artist_id, parameters: ('2fx3JQWD6evgucAoArYojR', '3Ae7AQITxFS0r3yGQHYDJI')
[2023-05-09T19:11:04.574+0000] {sql.py:384} INFO - Rows affected: 1
[2023-05-09T19:11:04.579+0000] {base.py:73} INFO - Using connection ID '***' for task execution.
[2023-05-09T19:11:04.587+0000] {sql.py:375} INFO - Running statement: INSERT INTO song_artist_bridge (song_id,artist_id) VALUES (%s,%s) ON CONFLICT (song_id,artist_id) DO UPDATE SET song_id=EXCLUDED.song_id,artist_id=EXCLUDED.artist_id, parameters: ('6sLGpYvLDqGCdX9G1sV7rH', '7C4ztJMkuGRy0qkU6dG5hU')
[2023-05-09T19:11:04.589+0000] {sql.py:384} INFO - Rows affected: 1
[2023-05-09T19:11:04.594+0000] {base.py:73} INFO - Using connection ID '***' for task execution.
[2023-05-09T19:11:04.600+0000] {sql.py:375} INFO - Running statement: INSERT INTO song_artist_bridge (song_id,artist_id) VALUES (%s,%s) ON CONFLICT (song_id,artist_id) DO UPDATE SET song_id=EXCLUDED.song_id,artist_id=EXCLUDED.artist_id, parameters: ('6sLGpYvLDqGCdX9G1sV7rH', '0vUk0rbl0BkFjmeFvjOvoj')
[2023-05-09T19:11:04.602+0000] {sql.py:384} INFO - Rows affected: 1
[2023-05-09T19:11:04.608+0000] {base.py:73} INFO - Using connection ID '***' for task execution.
[2023-05-09T19:11:04.615+0000] {sql.py:375} INFO - Running statement: INSERT INTO song_artist_bridge (song_id,artist_id) VALUES (%s,%s) ON CONFLICT (song_id,artist_id) DO UPDATE SET song_id=EXCLUDED.song_id,artist_id=EXCLUDED.artist_id, parameters: ('1hV0Ue00iyNCZvb1n0VyGf', '2cFrymmkijnjDg9SS92EPM')
[2023-05-09T19:11:04.617+0000] {sql.py:384} INFO - Rows affected: 1
[2023-05-09T19:11:04.623+0000] {base.py:73} INFO - Using connection ID '***' for task execution.
[2023-05-09T19:11:04.630+0000] {sql.py:375} INFO - Running statement: INSERT INTO song_artist_bridge (song_id,artist_id) VALUES (%s,%s) ON CONFLICT (song_id,artist_id) DO UPDATE SET song_id=EXCLUDED.song_id,artist_id=EXCLUDED.artist_id, parameters: ('1hV0Ue00iyNCZvb1n0VyGf', '4kqFrZkeqDfOIEqTWqbOOV')
[2023-05-09T19:11:04.632+0000] {sql.py:384} INFO - Rows affected: 1
[2023-05-09T19:11:04.638+0000] {base.py:73} INFO - Using connection ID '***' for task execution.
[2023-05-09T19:11:04.645+0000] {sql.py:375} INFO - Running statement: INSERT INTO song_artist_bridge (song_id,artist_id) VALUES (%s,%s) ON CONFLICT (song_id,artist_id) DO UPDATE SET song_id=EXCLUDED.song_id,artist_id=EXCLUDED.artist_id, parameters: ('1XnnLXcvFd21B25H4IHEIY', '4kqFrZkeqDfOIEqTWqbOOV')
[2023-05-09T19:11:04.646+0000] {sql.py:384} INFO - Rows affected: 1
[2023-05-09T19:11:04.652+0000] {base.py:73} INFO - Using connection ID '***' for task execution.
[2023-05-09T19:11:04.658+0000] {sql.py:375} INFO - Running statement: INSERT INTO song_artist_bridge (song_id,artist_id) VALUES (%s,%s) ON CONFLICT (song_id,artist_id) DO UPDATE SET song_id=EXCLUDED.song_id,artist_id=EXCLUDED.artist_id, parameters: ('5cSg8SdClubjZ32WrKwzAW', '3Ps6le7tj5BdNtdnfNgTU4')
[2023-05-09T19:11:04.659+0000] {sql.py:384} INFO - Rows affected: 1
[2023-05-09T19:11:04.666+0000] {base.py:73} INFO - Using connection ID '***' for task execution.
[2023-05-09T19:11:04.672+0000] {sql.py:375} INFO - Running statement: INSERT INTO song_artist_bridge (song_id,artist_id) VALUES (%s,%s) ON CONFLICT (song_id,artist_id) DO UPDATE SET song_id=EXCLUDED.song_id,artist_id=EXCLUDED.artist_id, parameters: ('5cSg8SdClubjZ32WrKwzAW', '2QuPPChZpqAai29uqulNFe')
[2023-05-09T19:11:04.674+0000] {sql.py:384} INFO - Rows affected: 1
[2023-05-09T19:11:04.679+0000] {base.py:73} INFO - Using connection ID '***' for task execution.
[2023-05-09T19:11:04.687+0000] {sql.py:375} INFO - Running statement: INSERT INTO song_artist_bridge (song_id,artist_id) VALUES (%s,%s) ON CONFLICT (song_id,artist_id) DO UPDATE SET song_id=EXCLUDED.song_id,artist_id=EXCLUDED.artist_id, parameters: ('5vsmYBZnG3kL6RWul1B4c9', '3Ps6le7tj5BdNtdnfNgTU4')
[2023-05-09T19:11:04.689+0000] {sql.py:384} INFO - Rows affected: 1
[2023-05-09T19:11:04.695+0000] {base.py:73} INFO - Using connection ID '***' for task execution.
[2023-05-09T19:11:04.702+0000] {sql.py:375} INFO - Running statement: INSERT INTO song_artist_bridge (song_id,artist_id) VALUES (%s,%s) ON CONFLICT (song_id,artist_id) DO UPDATE SET song_id=EXCLUDED.song_id,artist_id=EXCLUDED.artist_id, parameters: ('5vsmYBZnG3kL6RWul1B4c9', '2QuPPChZpqAai29uqulNFe')
[2023-05-09T19:11:04.704+0000] {sql.py:384} INFO - Rows affected: 1
[2023-05-09T19:11:04.710+0000] {base.py:73} INFO - Using connection ID '***' for task execution.
[2023-05-09T19:11:04.719+0000] {sql.py:375} INFO - Running statement: INSERT INTO song_artist_bridge (song_id,artist_id) VALUES (%s,%s) ON CONFLICT (song_id,artist_id) DO UPDATE SET song_id=EXCLUDED.song_id,artist_id=EXCLUDED.artist_id, parameters: ('14FdeSXWFUosFEevBfOyPb', '5ZPYeVqoWNuukwfarvkyJX')
[2023-05-09T19:11:04.721+0000] {sql.py:384} INFO - Rows affected: 1
[2023-05-09T19:11:04.726+0000] {base.py:73} INFO - Using connection ID '***' for task execution.
[2023-05-09T19:11:04.733+0000] {sql.py:375} INFO - Running statement: INSERT INTO song_artist_bridge (song_id,artist_id) VALUES (%s,%s) ON CONFLICT (song_id,artist_id) DO UPDATE SET song_id=EXCLUDED.song_id,artist_id=EXCLUDED.artist_id, parameters: ('3nIlBeSIVnDbWFO3mExxV2', '3hOdow4ZPmrby7Q1wfPLEy')
[2023-05-09T19:11:04.735+0000] {sql.py:384} INFO - Rows affected: 1
[2023-05-09T19:11:04.741+0000] {base.py:73} INFO - Using connection ID '***' for task execution.
[2023-05-09T19:11:04.747+0000] {sql.py:375} INFO - Running statement: INSERT INTO song_artist_bridge (song_id,artist_id) VALUES (%s,%s) ON CONFLICT (song_id,artist_id) DO UPDATE SET song_id=EXCLUDED.song_id,artist_id=EXCLUDED.artist_id, parameters: ('4zjkYaWZcr6QNr0YkcZQgK', '0BxHc5dN9BSfLZ8PCch9wT')
[2023-05-09T19:11:04.749+0000] {sql.py:384} INFO - Rows affected: 1
[2023-05-09T19:11:04.755+0000] {base.py:73} INFO - Using connection ID '***' for task execution.
[2023-05-09T19:11:04.762+0000] {sql.py:375} INFO - Running statement: INSERT INTO song_artist_bridge (song_id,artist_id) VALUES (%s,%s) ON CONFLICT (song_id,artist_id) DO UPDATE SET song_id=EXCLUDED.song_id,artist_id=EXCLUDED.artist_id, parameters: ('4zjkYaWZcr6QNr0YkcZQgK', '1iT8Vbd7KhZiBji3G72zDW')
[2023-05-09T19:11:04.763+0000] {sql.py:384} INFO - Rows affected: 1
[2023-05-09T19:11:04.769+0000] {base.py:73} INFO - Using connection ID '***' for task execution.
[2023-05-09T19:11:04.775+0000] {sql.py:375} INFO - Running statement: INSERT INTO song_artist_bridge (song_id,artist_id) VALUES (%s,%s) ON CONFLICT (song_id,artist_id) DO UPDATE SET song_id=EXCLUDED.song_id,artist_id=EXCLUDED.artist_id, parameters: ('495p4HdTEzWJ7CkLYD51wO', '4cJKDGSv4Dz9QycXYmo565')
[2023-05-09T19:11:04.777+0000] {sql.py:384} INFO - Rows affected: 1
[2023-05-09T19:11:04.783+0000] {base.py:73} INFO - Using connection ID '***' for task execution.
[2023-05-09T19:11:04.792+0000] {sql.py:375} INFO - Running statement: INSERT INTO song_artist_bridge (song_id,artist_id) VALUES (%s,%s) ON CONFLICT (song_id,artist_id) DO UPDATE SET song_id=EXCLUDED.song_id,artist_id=EXCLUDED.artist_id, parameters: ('2Vgp8Ah9NuTTKDfQykl0f8', '0UENogXhLeGTZjub4eejjX')
[2023-05-09T19:11:04.793+0000] {sql.py:384} INFO - Rows affected: 1
[2023-05-09T19:11:04.800+0000] {base.py:73} INFO - Using connection ID '***' for task execution.
[2023-05-09T19:11:04.806+0000] {sql.py:375} INFO - Running statement: INSERT INTO song_artist_bridge (song_id,artist_id) VALUES (%s,%s) ON CONFLICT (song_id,artist_id) DO UPDATE SET song_id=EXCLUDED.song_id,artist_id=EXCLUDED.artist_id, parameters: ('37y67nNfTNLfMbCh6Mn5PL', '7b2FbxYmnpGMPqDe04QmyP')
[2023-05-09T19:11:04.808+0000] {sql.py:384} INFO - Rows affected: 1
[2023-05-09T19:11:04.815+0000] {base.py:73} INFO - Using connection ID '***' for task execution.
[2023-05-09T19:11:04.821+0000] {sql.py:375} INFO - Running statement: INSERT INTO song_artist_bridge (song_id,artist_id) VALUES (%s,%s) ON CONFLICT (song_id,artist_id) DO UPDATE SET song_id=EXCLUDED.song_id,artist_id=EXCLUDED.artist_id, parameters: ('63PBsYANeKAvmW6vMMus4Y', '2anlj4dNUn9I1VxxmjRHRx')
[2023-05-09T19:11:04.823+0000] {sql.py:384} INFO - Rows affected: 1
[2023-05-09T19:11:04.830+0000] {base.py:73} INFO - Using connection ID '***' for task execution.
[2023-05-09T19:11:04.836+0000] {sql.py:375} INFO - Running statement: INSERT INTO song_artist_bridge (song_id,artist_id) VALUES (%s,%s) ON CONFLICT (song_id,artist_id) DO UPDATE SET song_id=EXCLUDED.song_id,artist_id=EXCLUDED.artist_id, parameters: ('7aGsybFB60iTiG1AyyeVpF', '3hOdow4ZPmrby7Q1wfPLEy')
[2023-05-09T19:11:04.837+0000] {sql.py:384} INFO - Rows affected: 1
[2023-05-09T19:11:04.844+0000] {base.py:73} INFO - Using connection ID '***' for task execution.
[2023-05-09T19:11:04.851+0000] {sql.py:375} INFO - Running statement: INSERT INTO song_artist_bridge (song_id,artist_id) VALUES (%s,%s) ON CONFLICT (song_id,artist_id) DO UPDATE SET song_id=EXCLUDED.song_id,artist_id=EXCLUDED.artist_id, parameters: ('7aGsybFB60iTiG1AyyeVpF', '4FI4qPOnjt3D8DnJQrNWps')
[2023-05-09T19:11:04.852+0000] {sql.py:384} INFO - Rows affected: 1
[2023-05-09T19:11:04.859+0000] {base.py:73} INFO - Using connection ID '***' for task execution.
[2023-05-09T19:11:04.866+0000] {sql.py:375} INFO - Running statement: INSERT INTO song_artist_bridge (song_id,artist_id) VALUES (%s,%s) ON CONFLICT (song_id,artist_id) DO UPDATE SET song_id=EXCLUDED.song_id,artist_id=EXCLUDED.artist_id, parameters: ('6ax40d2A1qCJ0q6v4usuNG', '5uLkZ7FWMTBUg1corQqdkR')
[2023-05-09T19:11:04.867+0000] {sql.py:384} INFO - Rows affected: 1
[2023-05-09T19:11:04.875+0000] {base.py:73} INFO - Using connection ID '***' for task execution.
[2023-05-09T19:11:04.882+0000] {sql.py:375} INFO - Running statement: INSERT INTO song_artist_bridge (song_id,artist_id) VALUES (%s,%s) ON CONFLICT (song_id,artist_id) DO UPDATE SET song_id=EXCLUDED.song_id,artist_id=EXCLUDED.artist_id, parameters: ('5FZ5p7OoluyzZNPEAgkYiV', '0ILo2K3FmfIh4ICcbHE7RK')
[2023-05-09T19:11:04.883+0000] {sql.py:384} INFO - Rows affected: 1
[2023-05-09T19:11:04.890+0000] {base.py:73} INFO - Using connection ID '***' for task execution.
[2023-05-09T19:11:04.896+0000] {sql.py:375} INFO - Running statement: INSERT INTO song_artist_bridge (song_id,artist_id) VALUES (%s,%s) ON CONFLICT (song_id,artist_id) DO UPDATE SET song_id=EXCLUDED.song_id,artist_id=EXCLUDED.artist_id, parameters: ('5FZ5p7OoluyzZNPEAgkYiV', '0r7PsZB4ePA6vHrW4agoGN')
[2023-05-09T19:11:04.900+0000] {sql.py:384} INFO - Rows affected: 1
[2023-05-09T19:11:04.908+0000] {base.py:73} INFO - Using connection ID '***' for task execution.
[2023-05-09T19:11:04.914+0000] {sql.py:375} INFO - Running statement: INSERT INTO song_artist_bridge (song_id,artist_id) VALUES (%s,%s) ON CONFLICT (song_id,artist_id) DO UPDATE SET song_id=EXCLUDED.song_id,artist_id=EXCLUDED.artist_id, parameters: ('03frKXXCZEzd9n9QOEpUQA', '1PpFka2STGQ57kJcgYBgEF')
[2023-05-09T19:11:04.916+0000] {sql.py:384} INFO - Rows affected: 1
[2023-05-09T19:11:04.923+0000] {base.py:73} INFO - Using connection ID '***' for task execution.
[2023-05-09T19:11:04.929+0000] {sql.py:375} INFO - Running statement: INSERT INTO song_artist_bridge (song_id,artist_id) VALUES (%s,%s) ON CONFLICT (song_id,artist_id) DO UPDATE SET song_id=EXCLUDED.song_id,artist_id=EXCLUDED.artist_id, parameters: ('5YLBkEgpKzkPJOu2JZd2Xo', '6YxrfNCKBcQlbITpmDLErL')
[2023-05-09T19:11:04.931+0000] {sql.py:384} INFO - Rows affected: 1
[2023-05-09T19:11:04.938+0000] {base.py:73} INFO - Using connection ID '***' for task execution.
[2023-05-09T19:11:04.944+0000] {sql.py:375} INFO - Running statement: INSERT INTO song_artist_bridge (song_id,artist_id) VALUES (%s,%s) ON CONFLICT (song_id,artist_id) DO UPDATE SET song_id=EXCLUDED.song_id,artist_id=EXCLUDED.artist_id, parameters: ('6Jfd9OQNmtspaEGLI5R5kr', '2R2Yg2qPloNOTOfqxfXX7l')
[2023-05-09T19:11:04.946+0000] {sql.py:384} INFO - Rows affected: 1
[2023-05-09T19:11:04.953+0000] {base.py:73} INFO - Using connection ID '***' for task execution.
[2023-05-09T19:11:04.959+0000] {sql.py:375} INFO - Running statement: INSERT INTO song_artist_bridge (song_id,artist_id) VALUES (%s,%s) ON CONFLICT (song_id,artist_id) DO UPDATE SET song_id=EXCLUDED.song_id,artist_id=EXCLUDED.artist_id, parameters: ('0LHdHYe5ssIheUX5RZw4rN', '4yOY5zmuuTlS1DbG3yZGki')
[2023-05-09T19:11:04.961+0000] {sql.py:384} INFO - Rows affected: 1
[2023-05-09T19:11:04.968+0000] {base.py:73} INFO - Using connection ID '***' for task execution.
[2023-05-09T19:11:04.975+0000] {sql.py:375} INFO - Running statement: INSERT INTO song_artist_bridge (song_id,artist_id) VALUES (%s,%s) ON CONFLICT (song_id,artist_id) DO UPDATE SET song_id=EXCLUDED.song_id,artist_id=EXCLUDED.artist_id, parameters: ('0LHdHYe5ssIheUX5RZw4rN', '7iVscW49OWowl9SoLmWzfy')
[2023-05-09T19:11:04.977+0000] {sql.py:384} INFO - Rows affected: 1
[2023-05-09T19:11:04.983+0000] {base.py:73} INFO - Using connection ID '***' for task execution.
[2023-05-09T19:11:04.989+0000] {sql.py:375} INFO - Running statement: INSERT INTO song_artist_bridge (song_id,artist_id) VALUES (%s,%s) ON CONFLICT (song_id,artist_id) DO UPDATE SET song_id=EXCLUDED.song_id,artist_id=EXCLUDED.artist_id, parameters: ('46s77n3x4XZqUhZfIOCax9', '6c0lj01vVpHsCH7Z5CfJ9K')
[2023-05-09T19:11:04.991+0000] {sql.py:384} INFO - Rows affected: 1
[2023-05-09T19:11:04.997+0000] {base.py:73} INFO - Using connection ID '***' for task execution.
[2023-05-09T19:11:05.005+0000] {sql.py:375} INFO - Running statement: INSERT INTO song_artist_bridge (song_id,artist_id) VALUES (%s,%s) ON CONFLICT (song_id,artist_id) DO UPDATE SET song_id=EXCLUDED.song_id,artist_id=EXCLUDED.artist_id, parameters: ('6XpVAVpg3PfxcoO0tUG8jJ', '4tjqHer0BFQbJ1FVyWhffM')
[2023-05-09T19:11:05.007+0000] {sql.py:384} INFO - Rows affected: 1
[2023-05-09T19:11:05.014+0000] {base.py:73} INFO - Using connection ID '***' for task execution.
[2023-05-09T19:11:05.021+0000] {sql.py:375} INFO - Running statement: INSERT INTO song_artist_bridge (song_id,artist_id) VALUES (%s,%s) ON CONFLICT (song_id,artist_id) DO UPDATE SET song_id=EXCLUDED.song_id,artist_id=EXCLUDED.artist_id, parameters: ('3l9VCXMSoS1KBRhkCU5zuO', '63CZNEytugjFnZBdjBmWc8')
[2023-05-09T19:11:05.022+0000] {sql.py:384} INFO - Rows affected: 1
[2023-05-09T19:11:05.029+0000] {base.py:73} INFO - Using connection ID '***' for task execution.
[2023-05-09T19:11:05.035+0000] {sql.py:375} INFO - Running statement: INSERT INTO song_artist_bridge (song_id,artist_id) VALUES (%s,%s) ON CONFLICT (song_id,artist_id) DO UPDATE SET song_id=EXCLUDED.song_id,artist_id=EXCLUDED.artist_id, parameters: ('1xHtMESwwsyUhV2ezvH7kR', '0ILo2K3FmfIh4ICcbHE7RK')
[2023-05-09T19:11:05.037+0000] {sql.py:384} INFO - Rows affected: 1
[2023-05-09T19:11:05.044+0000] {base.py:73} INFO - Using connection ID '***' for task execution.
[2023-05-09T19:11:05.050+0000] {sql.py:375} INFO - Running statement: INSERT INTO song_artist_bridge (song_id,artist_id) VALUES (%s,%s) ON CONFLICT (song_id,artist_id) DO UPDATE SET song_id=EXCLUDED.song_id,artist_id=EXCLUDED.artist_id, parameters: ('0YRuwU4V9qO0NM4T3mcu0u', '0be7y7HUvSBf8uG1X7pK8f')
[2023-05-09T19:11:05.052+0000] {sql.py:384} INFO - Rows affected: 1
[2023-05-09T19:11:05.058+0000] {base.py:73} INFO - Using connection ID '***' for task execution.
[2023-05-09T19:11:05.065+0000] {sql.py:375} INFO - Running statement: INSERT INTO song_artist_bridge (song_id,artist_id) VALUES (%s,%s) ON CONFLICT (song_id,artist_id) DO UPDATE SET song_id=EXCLUDED.song_id,artist_id=EXCLUDED.artist_id, parameters: ('2nQ8RFX92URyHJeL2Naf3n', '3hOdow4ZPmrby7Q1wfPLEy')
[2023-05-09T19:11:05.066+0000] {sql.py:384} INFO - Rows affected: 1
[2023-05-09T19:11:05.073+0000] {base.py:73} INFO - Using connection ID '***' for task execution.
[2023-05-09T19:11:05.079+0000] {sql.py:375} INFO - Running statement: INSERT INTO song_artist_bridge (song_id,artist_id) VALUES (%s,%s) ON CONFLICT (song_id,artist_id) DO UPDATE SET song_id=EXCLUDED.song_id,artist_id=EXCLUDED.artist_id, parameters: ('3SpRtNO7GKWaFyWydXArvn', '4cJKDGSv4Dz9QycXYmo565')
[2023-05-09T19:11:05.081+0000] {sql.py:384} INFO - Rows affected: 1
[2023-05-09T19:11:05.088+0000] {base.py:73} INFO - Using connection ID '***' for task execution.
[2023-05-09T19:11:05.094+0000] {sql.py:375} INFO - Running statement: INSERT INTO song_artist_bridge (song_id,artist_id) VALUES (%s,%s) ON CONFLICT (song_id,artist_id) DO UPDATE SET song_id=EXCLUDED.song_id,artist_id=EXCLUDED.artist_id, parameters: ('7J66j3JaTRQ3vCxwr4Cwf0', '2trvlbfMS5zVozEmrFNDTJ')
[2023-05-09T19:11:05.095+0000] {sql.py:384} INFO - Rows affected: 1
[2023-05-09T19:11:05.103+0000] {base.py:73} INFO - Using connection ID '***' for task execution.
[2023-05-09T19:11:05.109+0000] {sql.py:375} INFO - Running statement: INSERT INTO song_artist_bridge (song_id,artist_id) VALUES (%s,%s) ON CONFLICT (song_id,artist_id) DO UPDATE SET song_id=EXCLUDED.song_id,artist_id=EXCLUDED.artist_id, parameters: ('7J66j3JaTRQ3vCxwr4Cwf0', '63dmB3SM4vOZ8rK1EX5IkU')
[2023-05-09T19:11:05.111+0000] {sql.py:384} INFO - Rows affected: 1
[2023-05-09T19:11:05.118+0000] {base.py:73} INFO - Using connection ID '***' for task execution.
[2023-05-09T19:11:05.125+0000] {sql.py:375} INFO - Running statement: INSERT INTO song_artist_bridge (song_id,artist_id) VALUES (%s,%s) ON CONFLICT (song_id,artist_id) DO UPDATE SET song_id=EXCLUDED.song_id,artist_id=EXCLUDED.artist_id, parameters: ('2EsyJN3AvC3zBlkQpb119M', '6fWVd57NKTalqvmjRd2t8Z')
[2023-05-09T19:11:05.127+0000] {sql.py:384} INFO - Rows affected: 1
[2023-05-09T19:11:05.134+0000] {base.py:73} INFO - Using connection ID '***' for task execution.
[2023-05-09T19:11:05.141+0000] {sql.py:375} INFO - Running statement: INSERT INTO song_artist_bridge (song_id,artist_id) VALUES (%s,%s) ON CONFLICT (song_id,artist_id) DO UPDATE SET song_id=EXCLUDED.song_id,artist_id=EXCLUDED.artist_id, parameters: ('38Yamwrtcc9Niupl3kH8pH', '3hOdow4ZPmrby7Q1wfPLEy')
[2023-05-09T19:11:05.143+0000] {sql.py:384} INFO - Rows affected: 1
[2023-05-09T19:11:05.150+0000] {base.py:73} INFO - Using connection ID '***' for task execution.
[2023-05-09T19:11:05.158+0000] {sql.py:375} INFO - Running statement: INSERT INTO song_artist_bridge (song_id,artist_id) VALUES (%s,%s) ON CONFLICT (song_id,artist_id) DO UPDATE SET song_id=EXCLUDED.song_id,artist_id=EXCLUDED.artist_id, parameters: ('7qqhkLSwb7910F2LHpYJFo', '3ddT1Q3KQAm1G7UcIfz5KJ')
[2023-05-09T19:11:05.159+0000] {sql.py:384} INFO - Rows affected: 1
[2023-05-09T19:11:05.167+0000] {base.py:73} INFO - Using connection ID '***' for task execution.
[2023-05-09T19:11:05.174+0000] {sql.py:375} INFO - Running statement: INSERT INTO song_artist_bridge (song_id,artist_id) VALUES (%s,%s) ON CONFLICT (song_id,artist_id) DO UPDATE SET song_id=EXCLUDED.song_id,artist_id=EXCLUDED.artist_id, parameters: ('2dkv1xqXpAjP6HtzQLP39Z', '47SwNXPh17mIDcZwsCr6hX')
[2023-05-09T19:11:05.175+0000] {sql.py:384} INFO - Rows affected: 1
[2023-05-09T19:11:05.183+0000] {base.py:73} INFO - Using connection ID '***' for task execution.
[2023-05-09T19:11:05.190+0000] {sql.py:375} INFO - Running statement: INSERT INTO song_artist_bridge (song_id,artist_id) VALUES (%s,%s) ON CONFLICT (song_id,artist_id) DO UPDATE SET song_id=EXCLUDED.song_id,artist_id=EXCLUDED.artist_id, parameters: ('2RJo6RNV5dpjLh6Co4nPsI', '7MS7B4QRp1n6c5H8N7s3wB')
[2023-05-09T19:11:05.191+0000] {sql.py:384} INFO - Rows affected: 1
[2023-05-09T19:11:05.198+0000] {base.py:73} INFO - Using connection ID '***' for task execution.
[2023-05-09T19:11:05.207+0000] {sql.py:375} INFO - Running statement: INSERT INTO song_artist_bridge (song_id,artist_id) VALUES (%s,%s) ON CONFLICT (song_id,artist_id) DO UPDATE SET song_id=EXCLUDED.song_id,artist_id=EXCLUDED.artist_id, parameters: ('703SHNf8XtJnM3gtryjyJ6', '6wUAn24MOirNVNqQM47fda')
[2023-05-09T19:11:05.210+0000] {sql.py:384} INFO - Rows affected: 1
[2023-05-09T19:11:05.216+0000] {base.py:73} INFO - Using connection ID '***' for task execution.
[2023-05-09T19:11:05.224+0000] {sql.py:375} INFO - Running statement: INSERT INTO song_artist_bridge (song_id,artist_id) VALUES (%s,%s) ON CONFLICT (song_id,artist_id) DO UPDATE SET song_id=EXCLUDED.song_id,artist_id=EXCLUDED.artist_id, parameters: ('7fZrKwhsgCM5HzZSpWe2HX', '4tjqHer0BFQbJ1FVyWhffM')
[2023-05-09T19:11:05.225+0000] {sql.py:384} INFO - Rows affected: 1
[2023-05-09T19:11:05.232+0000] {base.py:73} INFO - Using connection ID '***' for task execution.
[2023-05-09T19:11:05.241+0000] {sql.py:375} INFO - Running statement: INSERT INTO song_artist_bridge (song_id,artist_id) VALUES (%s,%s) ON CONFLICT (song_id,artist_id) DO UPDATE SET song_id=EXCLUDED.song_id,artist_id=EXCLUDED.artist_id, parameters: ('0UPPkMYBbotUYqRmekWOqn', '4KoNbDwbCK9D04dSmYG93E')
[2023-05-09T19:11:05.243+0000] {sql.py:384} INFO - Rows affected: 1
[2023-05-09T19:11:05.250+0000] {base.py:73} INFO - Using connection ID '***' for task execution.
[2023-05-09T19:11:05.260+0000] {sql.py:375} INFO - Running statement: INSERT INTO song_artist_bridge (song_id,artist_id) VALUES (%s,%s) ON CONFLICT (song_id,artist_id) DO UPDATE SET song_id=EXCLUDED.song_id,artist_id=EXCLUDED.artist_id, parameters: ('4xalL1bGV2FoRgAVt62mti', '2848adRcxvgWNRcz1g1tQD')
[2023-05-09T19:11:05.262+0000] {sql.py:384} INFO - Rows affected: 1
[2023-05-09T19:11:05.270+0000] {base.py:73} INFO - Using connection ID '***' for task execution.
[2023-05-09T19:11:05.279+0000] {sql.py:375} INFO - Running statement: INSERT INTO song_artist_bridge (song_id,artist_id) VALUES (%s,%s) ON CONFLICT (song_id,artist_id) DO UPDATE SET song_id=EXCLUDED.song_id,artist_id=EXCLUDED.artist_id, parameters: ('7lpUYOCEH6EEOSLF6r1f7r', '0QkgnHpxSCOYdTnhUR9S5k')
[2023-05-09T19:11:05.280+0000] {sql.py:384} INFO - Rows affected: 1
[2023-05-09T19:11:05.289+0000] {base.py:73} INFO - Using connection ID '***' for task execution.
[2023-05-09T19:11:05.299+0000] {sql.py:375} INFO - Running statement: INSERT INTO song_artist_bridge (song_id,artist_id) VALUES (%s,%s) ON CONFLICT (song_id,artist_id) DO UPDATE SET song_id=EXCLUDED.song_id,artist_id=EXCLUDED.artist_id, parameters: ('6MZ91tbZxwwqimJffOoLsW', '7MS7B4QRp1n6c5H8N7s3wB')
[2023-05-09T19:11:05.301+0000] {sql.py:384} INFO - Rows affected: 1
[2023-05-09T19:11:05.308+0000] {base.py:73} INFO - Using connection ID '***' for task execution.
[2023-05-09T19:11:05.326+0000] {sql.py:375} INFO - Running statement: INSERT INTO song_artist_bridge (song_id,artist_id) VALUES (%s,%s) ON CONFLICT (song_id,artist_id) DO UPDATE SET song_id=EXCLUDED.song_id,artist_id=EXCLUDED.artist_id, parameters: ('6UHRvtm1Be1NJOSJMpbGLu', '3AUIYVmhwrsw8UOPHEv91Z')
[2023-05-09T19:11:05.327+0000] {sql.py:384} INFO - Rows affected: 1
[2023-05-09T19:11:05.336+0000] {base.py:73} INFO - Using connection ID '***' for task execution.
[2023-05-09T19:11:05.343+0000] {sql.py:375} INFO - Running statement: INSERT INTO song_artist_bridge (song_id,artist_id) VALUES (%s,%s) ON CONFLICT (song_id,artist_id) DO UPDATE SET song_id=EXCLUDED.song_id,artist_id=EXCLUDED.artist_id, parameters: ('6UHRvtm1Be1NJOSJMpbGLu', '71EAlWYAa5jb4phZIOlp7u')
[2023-05-09T19:11:05.345+0000] {sql.py:384} INFO - Rows affected: 1
[2023-05-09T19:11:05.353+0000] {base.py:73} INFO - Using connection ID '***' for task execution.
[2023-05-09T19:11:05.362+0000] {sql.py:375} INFO - Running statement: INSERT INTO song_artist_bridge (song_id,artist_id) VALUES (%s,%s) ON CONFLICT (song_id,artist_id) DO UPDATE SET song_id=EXCLUDED.song_id,artist_id=EXCLUDED.artist_id, parameters: ('7j8Pum7QmJNtFR5mjniLMu', '4cJKDGSv4Dz9QycXYmo565')
[2023-05-09T19:11:05.363+0000] {sql.py:384} INFO - Rows affected: 1
[2023-05-09T19:11:05.371+0000] {base.py:73} INFO - Using connection ID '***' for task execution.
[2023-05-09T19:11:05.378+0000] {sql.py:375} INFO - Running statement: INSERT INTO song_artist_bridge (song_id,artist_id) VALUES (%s,%s) ON CONFLICT (song_id,artist_id) DO UPDATE SET song_id=EXCLUDED.song_id,artist_id=EXCLUDED.artist_id, parameters: ('7j8Pum7QmJNtFR5mjniLMu', '2GUw9Wzha61PkZoRVv1PDD')
[2023-05-09T19:11:05.380+0000] {sql.py:384} INFO - Rows affected: 1
[2023-05-09T19:11:05.387+0000] {base.py:73} INFO - Using connection ID '***' for task execution.
[2023-05-09T19:11:05.395+0000] {sql.py:375} INFO - Running statement: INSERT INTO song_artist_bridge (song_id,artist_id) VALUES (%s,%s) ON CONFLICT (song_id,artist_id) DO UPDATE SET song_id=EXCLUDED.song_id,artist_id=EXCLUDED.artist_id, parameters: ('06hNKFqaLBZ3FrEKlmwpf7', '3wDeS1sr05fxaOeiJJrOnL')
[2023-05-09T19:11:05.396+0000] {sql.py:384} INFO - Rows affected: 1
[2023-05-09T19:11:05.403+0000] {base.py:73} INFO - Using connection ID '***' for task execution.
[2023-05-09T19:11:05.411+0000] {sql.py:375} INFO - Running statement: INSERT INTO song_artist_bridge (song_id,artist_id) VALUES (%s,%s) ON CONFLICT (song_id,artist_id) DO UPDATE SET song_id=EXCLUDED.song_id,artist_id=EXCLUDED.artist_id, parameters: ('1HIrapG2x5sw0CTJu7VHAH', '7b2FbxYmnpGMPqDe04QmyP')
[2023-05-09T19:11:05.413+0000] {sql.py:384} INFO - Rows affected: 1
[2023-05-09T19:11:05.421+0000] {base.py:73} INFO - Using connection ID '***' for task execution.
[2023-05-09T19:11:05.430+0000] {sql.py:375} INFO - Running statement: INSERT INTO song_artist_bridge (song_id,artist_id) VALUES (%s,%s) ON CONFLICT (song_id,artist_id) DO UPDATE SET song_id=EXCLUDED.song_id,artist_id=EXCLUDED.artist_id, parameters: ('0EnhumMxDBQ6Ap09rluA4k', '1OP39gZ2SXVnwg4NrARmsu')
[2023-05-09T19:11:05.432+0000] {sql.py:384} INFO - Rows affected: 1
[2023-05-09T19:11:05.440+0000] {base.py:73} INFO - Using connection ID '***' for task execution.
[2023-05-09T19:11:05.448+0000] {sql.py:375} INFO - Running statement: INSERT INTO song_artist_bridge (song_id,artist_id) VALUES (%s,%s) ON CONFLICT (song_id,artist_id) DO UPDATE SET song_id=EXCLUDED.song_id,artist_id=EXCLUDED.artist_id, parameters: ('4Ptg6MQDWURiKpXzgnsroE', '1vwwjIPFeYoRfAUCqqO6cZ')
[2023-05-09T19:11:05.449+0000] {sql.py:384} INFO - Rows affected: 1
[2023-05-09T19:11:05.456+0000] {base.py:73} INFO - Using connection ID '***' for task execution.
[2023-05-09T19:11:05.464+0000] {sql.py:375} INFO - Running statement: INSERT INTO song_artist_bridge (song_id,artist_id) VALUES (%s,%s) ON CONFLICT (song_id,artist_id) DO UPDATE SET song_id=EXCLUDED.song_id,artist_id=EXCLUDED.artist_id, parameters: ('7iTWmRy9u5tkXdkxStO4u7', '2Ci3Sflo2BfC77wTwn2hbH')
[2023-05-09T19:11:05.466+0000] {sql.py:384} INFO - Rows affected: 1
[2023-05-09T19:11:05.474+0000] {base.py:73} INFO - Using connection ID '***' for task execution.
[2023-05-09T19:11:05.481+0000] {sql.py:375} INFO - Running statement: INSERT INTO song_artist_bridge (song_id,artist_id) VALUES (%s,%s) ON CONFLICT (song_id,artist_id) DO UPDATE SET song_id=EXCLUDED.song_id,artist_id=EXCLUDED.artist_id, parameters: ('3iYOMRgZVvlmNahSu9hEWi', '670UISOh9XV1zlq5z5IfoY')
[2023-05-09T19:11:05.483+0000] {sql.py:384} INFO - Rows affected: 1
[2023-05-09T19:11:05.491+0000] {base.py:73} INFO - Using connection ID '***' for task execution.
[2023-05-09T19:11:05.498+0000] {sql.py:375} INFO - Running statement: INSERT INTO song_artist_bridge (song_id,artist_id) VALUES (%s,%s) ON CONFLICT (song_id,artist_id) DO UPDATE SET song_id=EXCLUDED.song_id,artist_id=EXCLUDED.artist_id, parameters: ('3iYOMRgZVvlmNahSu9hEWi', '3QZxOYl5zlZtfigtXOZsfT')
[2023-05-09T19:11:05.500+0000] {sql.py:384} INFO - Rows affected: 1
[2023-05-09T19:11:05.508+0000] {base.py:73} INFO - Using connection ID '***' for task execution.
[2023-05-09T19:11:05.517+0000] {sql.py:375} INFO - Running statement: INSERT INTO song_artist_bridge (song_id,artist_id) VALUES (%s,%s) ON CONFLICT (song_id,artist_id) DO UPDATE SET song_id=EXCLUDED.song_id,artist_id=EXCLUDED.artist_id, parameters: ('3ZPqsNlUyRHebbc6r5gSDD', '2AfU5LYBVCiCtuCCfM7uVX')
[2023-05-09T19:11:05.519+0000] {sql.py:384} INFO - Rows affected: 1
[2023-05-09T19:11:05.532+0000] {base.py:73} INFO - Using connection ID '***' for task execution.
[2023-05-09T19:11:05.540+0000] {sql.py:375} INFO - Running statement: INSERT INTO song_artist_bridge (song_id,artist_id) VALUES (%s,%s) ON CONFLICT (song_id,artist_id) DO UPDATE SET song_id=EXCLUDED.song_id,artist_id=EXCLUDED.artist_id, parameters: ('3ZPqsNlUyRHebbc6r5gSDD', '7MigDh04CCntQbsBvugEmb')
[2023-05-09T19:11:05.541+0000] {sql.py:384} INFO - Rows affected: 1
[2023-05-09T19:11:05.556+0000] {base.py:73} INFO - Using connection ID '***' for task execution.
[2023-05-09T19:11:05.565+0000] {sql.py:375} INFO - Running statement: INSERT INTO song_artist_bridge (song_id,artist_id) VALUES (%s,%s) ON CONFLICT (song_id,artist_id) DO UPDATE SET song_id=EXCLUDED.song_id,artist_id=EXCLUDED.artist_id, parameters: ('6ue8qsdLrXbj9UDmhnYkEa', '3ddT1Q3KQAm1G7UcIfz5KJ')
[2023-05-09T19:11:05.567+0000] {sql.py:384} INFO - Rows affected: 1
[2023-05-09T19:11:05.575+0000] {base.py:73} INFO - Using connection ID '***' for task execution.
[2023-05-09T19:11:05.583+0000] {sql.py:375} INFO - Running statement: INSERT INTO song_artist_bridge (song_id,artist_id) VALUES (%s,%s) ON CONFLICT (song_id,artist_id) DO UPDATE SET song_id=EXCLUDED.song_id,artist_id=EXCLUDED.artist_id, parameters: ('0741N487QVIKOvKGJCYGU0', '0QkgnHpxSCOYdTnhUR9S5k')
[2023-05-09T19:11:05.584+0000] {sql.py:384} INFO - Rows affected: 1
[2023-05-09T19:11:05.593+0000] {base.py:73} INFO - Using connection ID '***' for task execution.
[2023-05-09T19:11:05.602+0000] {sql.py:375} INFO - Running statement: INSERT INTO song_artist_bridge (song_id,artist_id) VALUES (%s,%s) ON CONFLICT (song_id,artist_id) DO UPDATE SET song_id=EXCLUDED.song_id,artist_id=EXCLUDED.artist_id, parameters: ('37dVuP5d1BtVDagETMqP3k', '1tQu5TjcAK68fx8qrc8ZgF')
[2023-05-09T19:11:05.604+0000] {sql.py:384} INFO - Rows affected: 1
[2023-05-09T19:11:05.612+0000] {base.py:73} INFO - Using connection ID '***' for task execution.
[2023-05-09T19:11:05.620+0000] {sql.py:375} INFO - Running statement: INSERT INTO song_artist_bridge (song_id,artist_id) VALUES (%s,%s) ON CONFLICT (song_id,artist_id) DO UPDATE SET song_id=EXCLUDED.song_id,artist_id=EXCLUDED.artist_id, parameters: ('0NIVVOcnLUSq73tppaWV9h', '7C4ztJMkuGRy0qkU6dG5hU')
[2023-05-09T19:11:05.622+0000] {sql.py:384} INFO - Rows affected: 1
[2023-05-09T19:11:05.630+0000] {base.py:73} INFO - Using connection ID '***' for task execution.
[2023-05-09T19:11:05.638+0000] {sql.py:375} INFO - Running statement: INSERT INTO song_artist_bridge (song_id,artist_id) VALUES (%s,%s) ON CONFLICT (song_id,artist_id) DO UPDATE SET song_id=EXCLUDED.song_id,artist_id=EXCLUDED.artist_id, parameters: ('0NIVVOcnLUSq73tppaWV9h', '0Kx7qYhFiv0YD5lxEG1nsz')
[2023-05-09T19:11:05.639+0000] {sql.py:384} INFO - Rows affected: 1
[2023-05-09T19:11:05.648+0000] {base.py:73} INFO - Using connection ID '***' for task execution.
[2023-05-09T19:11:05.654+0000] {sql.py:375} INFO - Running statement: INSERT INTO song_artist_bridge (song_id,artist_id) VALUES (%s,%s) ON CONFLICT (song_id,artist_id) DO UPDATE SET song_id=EXCLUDED.song_id,artist_id=EXCLUDED.artist_id, parameters: ('4zp8noasnK5XNuNojkVhiy', '5ibWbhA0IkPT3xCN0YicRL')
[2023-05-09T19:11:05.656+0000] {sql.py:384} INFO - Rows affected: 1
[2023-05-09T19:11:05.663+0000] {base.py:73} INFO - Using connection ID '***' for task execution.
[2023-05-09T19:11:05.669+0000] {sql.py:375} INFO - Running statement: INSERT INTO song_artist_bridge (song_id,artist_id) VALUES (%s,%s) ON CONFLICT (song_id,artist_id) DO UPDATE SET song_id=EXCLUDED.song_id,artist_id=EXCLUDED.artist_id, parameters: ('4zp8noasnK5XNuNojkVhiy', '6YxrfNCKBcQlbITpmDLErL')
[2023-05-09T19:11:05.671+0000] {sql.py:384} INFO - Rows affected: 1
[2023-05-09T19:11:05.679+0000] {base.py:73} INFO - Using connection ID '***' for task execution.
[2023-05-09T19:11:05.686+0000] {sql.py:375} INFO - Running statement: INSERT INTO song_artist_bridge (song_id,artist_id) VALUES (%s,%s) ON CONFLICT (song_id,artist_id) DO UPDATE SET song_id=EXCLUDED.song_id,artist_id=EXCLUDED.artist_id, parameters: ('6wFqLYmiXyGvprbWa4ogm8', '7naAJDAh7AZnf18YYfQruM')
[2023-05-09T19:11:05.688+0000] {sql.py:384} INFO - Rows affected: 1
[2023-05-09T19:11:05.696+0000] {base.py:73} INFO - Using connection ID '***' for task execution.
[2023-05-09T19:11:05.703+0000] {sql.py:375} INFO - Running statement: INSERT INTO song_artist_bridge (song_id,artist_id) VALUES (%s,%s) ON CONFLICT (song_id,artist_id) DO UPDATE SET song_id=EXCLUDED.song_id,artist_id=EXCLUDED.artist_id, parameters: ('7EYpq1ezCFgO8Ioj86mArL', '1OP39gZ2SXVnwg4NrARmsu')
[2023-05-09T19:11:05.704+0000] {sql.py:384} INFO - Rows affected: 1
[2023-05-09T19:11:05.712+0000] {base.py:73} INFO - Using connection ID '***' for task execution.
[2023-05-09T19:11:05.722+0000] {sql.py:375} INFO - Running statement: INSERT INTO song_artist_bridge (song_id,artist_id) VALUES (%s,%s) ON CONFLICT (song_id,artist_id) DO UPDATE SET song_id=EXCLUDED.song_id,artist_id=EXCLUDED.artist_id, parameters: ('0WeFvEY2QEjcKVd8ymli4i', '5aTRa02UP1y6PW5klZiTt0')
[2023-05-09T19:11:05.723+0000] {sql.py:384} INFO - Rows affected: 1
[2023-05-09T19:11:05.732+0000] {base.py:73} INFO - Using connection ID '***' for task execution.
[2023-05-09T19:11:05.739+0000] {sql.py:375} INFO - Running statement: INSERT INTO song_artist_bridge (song_id,artist_id) VALUES (%s,%s) ON CONFLICT (song_id,artist_id) DO UPDATE SET song_id=EXCLUDED.song_id,artist_id=EXCLUDED.artist_id, parameters: ('3DErMJzUrtfGUjet3xpUml', '6fHEaFnFgMxMAtDt7mFoQ3')
[2023-05-09T19:11:05.741+0000] {sql.py:384} INFO - Rows affected: 1
[2023-05-09T19:11:05.748+0000] {base.py:73} INFO - Using connection ID '***' for task execution.
[2023-05-09T19:11:05.755+0000] {sql.py:375} INFO - Running statement: INSERT INTO song_artist_bridge (song_id,artist_id) VALUES (%s,%s) ON CONFLICT (song_id,artist_id) DO UPDATE SET song_id=EXCLUDED.song_id,artist_id=EXCLUDED.artist_id, parameters: ('3tyOS69tgk87QiY3B6TsPY', '3hOdow4ZPmrby7Q1wfPLEy')
[2023-05-09T19:11:05.757+0000] {sql.py:384} INFO - Rows affected: 1
[2023-05-09T19:11:05.764+0000] {base.py:73} INFO - Using connection ID '***' for task execution.
[2023-05-09T19:11:05.772+0000] {sql.py:375} INFO - Running statement: INSERT INTO song_artist_bridge (song_id,artist_id) VALUES (%s,%s) ON CONFLICT (song_id,artist_id) DO UPDATE SET song_id=EXCLUDED.song_id,artist_id=EXCLUDED.artist_id, parameters: ('6nlZ1HZuqOGypB1dEUlO77', '2Ci3Sflo2BfC77wTwn2hbH')
[2023-05-09T19:11:05.774+0000] {sql.py:384} INFO - Rows affected: 1
[2023-05-09T19:11:05.780+0000] {base.py:73} INFO - Using connection ID '***' for task execution.
[2023-05-09T19:11:05.787+0000] {sql.py:375} INFO - Running statement: INSERT INTO song_artist_bridge (song_id,artist_id) VALUES (%s,%s) ON CONFLICT (song_id,artist_id) DO UPDATE SET song_id=EXCLUDED.song_id,artist_id=EXCLUDED.artist_id, parameters: ('3BvqjMhMCLNlluQagWb589', '0S7eN9KAsbAaIZtFyCn1q1')
[2023-05-09T19:11:05.789+0000] {sql.py:384} INFO - Rows affected: 1
[2023-05-09T19:11:05.795+0000] {base.py:73} INFO - Using connection ID '***' for task execution.
[2023-05-09T19:11:05.803+0000] {sql.py:375} INFO - Running statement: INSERT INTO song_artist_bridge (song_id,artist_id) VALUES (%s,%s) ON CONFLICT (song_id,artist_id) DO UPDATE SET song_id=EXCLUDED.song_id,artist_id=EXCLUDED.artist_id, parameters: ('4hOuJIB1norFj3j84oY2Cq', '4X8TR9pBFyewFlIDYt1o2s')
[2023-05-09T19:11:05.805+0000] {sql.py:384} INFO - Rows affected: 1
[2023-05-09T19:11:05.812+0000] {base.py:73} INFO - Using connection ID '***' for task execution.
[2023-05-09T19:11:05.820+0000] {sql.py:375} INFO - Running statement: INSERT INTO song_artist_bridge (song_id,artist_id) VALUES (%s,%s) ON CONFLICT (song_id,artist_id) DO UPDATE SET song_id=EXCLUDED.song_id,artist_id=EXCLUDED.artist_id, parameters: ('2YkOpi22nrGAspbEBX5aU8', '5UrcghjIlj83Jf7QjZfBhZ')
[2023-05-09T19:11:05.822+0000] {sql.py:384} INFO - Rows affected: 1
[2023-05-09T19:11:05.828+0000] {base.py:73} INFO - Using connection ID '***' for task execution.
[2023-05-09T19:11:05.835+0000] {sql.py:375} INFO - Running statement: INSERT INTO song_artist_bridge (song_id,artist_id) VALUES (%s,%s) ON CONFLICT (song_id,artist_id) DO UPDATE SET song_id=EXCLUDED.song_id,artist_id=EXCLUDED.artist_id, parameters: ('2YkOpi22nrGAspbEBX5aU8', '3pob90yrusjcbgSYFKaeAk')
[2023-05-09T19:11:05.837+0000] {sql.py:384} INFO - Rows affected: 1
[2023-05-09T19:11:05.843+0000] {base.py:73} INFO - Using connection ID '***' for task execution.
[2023-05-09T19:11:05.851+0000] {sql.py:375} INFO - Running statement: INSERT INTO song_artist_bridge (song_id,artist_id) VALUES (%s,%s) ON CONFLICT (song_id,artist_id) DO UPDATE SET song_id=EXCLUDED.song_id,artist_id=EXCLUDED.artist_id, parameters: ('2YkOpi22nrGAspbEBX5aU8', '7BoBxrm9jJ7us6U92oqr4N')
[2023-05-09T19:11:05.853+0000] {sql.py:384} INFO - Rows affected: 1
[2023-05-09T19:11:05.859+0000] {base.py:73} INFO - Using connection ID '***' for task execution.
[2023-05-09T19:11:05.866+0000] {sql.py:375} INFO - Running statement: INSERT INTO song_artist_bridge (song_id,artist_id) VALUES (%s,%s) ON CONFLICT (song_id,artist_id) DO UPDATE SET song_id=EXCLUDED.song_id,artist_id=EXCLUDED.artist_id, parameters: ('2YkOpi22nrGAspbEBX5aU8', '1fsCfvdiomqjKJFR6xI8e4')
[2023-05-09T19:11:05.868+0000] {sql.py:384} INFO - Rows affected: 1
[2023-05-09T19:11:05.875+0000] {base.py:73} INFO - Using connection ID '***' for task execution.
[2023-05-09T19:11:05.883+0000] {sql.py:375} INFO - Running statement: INSERT INTO song_artist_bridge (song_id,artist_id) VALUES (%s,%s) ON CONFLICT (song_id,artist_id) DO UPDATE SET song_id=EXCLUDED.song_id,artist_id=EXCLUDED.artist_id, parameters: ('3eZXeTzRtqFrpj5zSfw9V0', '5uLkZ7FWMTBUg1corQqdkR')
[2023-05-09T19:11:05.885+0000] {sql.py:384} INFO - Rows affected: 1
[2023-05-09T19:11:05.894+0000] {base.py:73} INFO - Using connection ID '***' for task execution.
[2023-05-09T19:11:05.901+0000] {sql.py:375} INFO - Running statement: INSERT INTO song_artist_bridge (song_id,artist_id) VALUES (%s,%s) ON CONFLICT (song_id,artist_id) DO UPDATE SET song_id=EXCLUDED.song_id,artist_id=EXCLUDED.artist_id, parameters: ('5l5SMWVPhVlJOmYFzDmJvY', '3hOdow4ZPmrby7Q1wfPLEy')
[2023-05-09T19:11:05.903+0000] {sql.py:384} INFO - Rows affected: 1
[2023-05-09T19:11:05.912+0000] {base.py:73} INFO - Using connection ID '***' for task execution.
[2023-05-09T19:11:05.929+0000] {sql.py:375} INFO - Running statement: INSERT INTO song_artist_bridge (song_id,artist_id) VALUES (%s,%s) ON CONFLICT (song_id,artist_id) DO UPDATE SET song_id=EXCLUDED.song_id,artist_id=EXCLUDED.artist_id, parameters: ('1OQb4VaksoBhhreYGQ3ppU', '61qMnYXa1GxSBoV3IiYKjZ')
[2023-05-09T19:11:05.931+0000] {sql.py:384} INFO - Rows affected: 1
[2023-05-09T19:11:05.941+0000] {base.py:73} INFO - Using connection ID '***' for task execution.
[2023-05-09T19:11:05.947+0000] {sql.py:375} INFO - Running statement: INSERT INTO song_artist_bridge (song_id,artist_id) VALUES (%s,%s) ON CONFLICT (song_id,artist_id) DO UPDATE SET song_id=EXCLUDED.song_id,artist_id=EXCLUDED.artist_id, parameters: ('6ER2Dbq8uoZYd8IQ19OSqS', '61qMnYXa1GxSBoV3IiYKjZ')
[2023-05-09T19:11:05.949+0000] {sql.py:384} INFO - Rows affected: 1
[2023-05-09T19:11:05.957+0000] {base.py:73} INFO - Using connection ID '***' for task execution.
[2023-05-09T19:11:05.963+0000] {sql.py:375} INFO - Running statement: INSERT INTO song_artist_bridge (song_id,artist_id) VALUES (%s,%s) ON CONFLICT (song_id,artist_id) DO UPDATE SET song_id=EXCLUDED.song_id,artist_id=EXCLUDED.artist_id, parameters: ('6ER2Dbq8uoZYd8IQ19OSqS', '1KuV6xtFnLPsneN3yBrjFj')
[2023-05-09T19:11:05.965+0000] {sql.py:384} INFO - Rows affected: 1
[2023-05-09T19:11:05.972+0000] {base.py:73} INFO - Using connection ID '***' for task execution.
[2023-05-09T19:11:05.979+0000] {sql.py:375} INFO - Running statement: INSERT INTO song_artist_bridge (song_id,artist_id) VALUES (%s,%s) ON CONFLICT (song_id,artist_id) DO UPDATE SET song_id=EXCLUDED.song_id,artist_id=EXCLUDED.artist_id, parameters: ('4GRLGjwgWzZ33HQU3BIdH9', '4tjqHer0BFQbJ1FVyWhffM')
[2023-05-09T19:11:05.980+0000] {sql.py:384} INFO - Rows affected: 1
[2023-05-09T19:11:05.989+0000] {base.py:73} INFO - Using connection ID '***' for task execution.
[2023-05-09T19:11:05.998+0000] {sql.py:375} INFO - Running statement: INSERT INTO song_artist_bridge (song_id,artist_id) VALUES (%s,%s) ON CONFLICT (song_id,artist_id) DO UPDATE SET song_id=EXCLUDED.song_id,artist_id=EXCLUDED.artist_id, parameters: ('1JmEymqQwLXvCg3sJ7gz0n', '61qMnYXa1GxSBoV3IiYKjZ')
[2023-05-09T19:11:06.000+0000] {sql.py:384} INFO - Rows affected: 1
[2023-05-09T19:11:06.011+0000] {base.py:73} INFO - Using connection ID '***' for task execution.
[2023-05-09T19:11:06.018+0000] {sql.py:375} INFO - Running statement: INSERT INTO song_artist_bridge (song_id,artist_id) VALUES (%s,%s) ON CONFLICT (song_id,artist_id) DO UPDATE SET song_id=EXCLUDED.song_id,artist_id=EXCLUDED.artist_id, parameters: ('1akuKqHyYofuNsvLfvNPBe', '7wSr4otUV4ytUvHE4w3rBe')
[2023-05-09T19:11:06.019+0000] {sql.py:384} INFO - Rows affected: 1
[2023-05-09T19:11:06.032+0000] {base.py:73} INFO - Using connection ID '***' for task execution.
[2023-05-09T19:11:06.039+0000] {sql.py:375} INFO - Running statement: INSERT INTO song_artist_bridge (song_id,artist_id) VALUES (%s,%s) ON CONFLICT (song_id,artist_id) DO UPDATE SET song_id=EXCLUDED.song_id,artist_id=EXCLUDED.artist_id, parameters: ('2BSICryahPlMusTqQDrsYe', '3QZxOYl5zlZtfigtXOZsfT')
[2023-05-09T19:11:06.040+0000] {sql.py:384} INFO - Rows affected: 1
[2023-05-09T19:11:06.048+0000] {base.py:73} INFO - Using connection ID '***' for task execution.
[2023-05-09T19:11:06.055+0000] {sql.py:375} INFO - Running statement: INSERT INTO song_artist_bridge (song_id,artist_id) VALUES (%s,%s) ON CONFLICT (song_id,artist_id) DO UPDATE SET song_id=EXCLUDED.song_id,artist_id=EXCLUDED.artist_id, parameters: ('6tiENvREXsXPDdnMGoioP0', '61qMnYXa1GxSBoV3IiYKjZ')
[2023-05-09T19:11:06.057+0000] {sql.py:384} INFO - Rows affected: 1
[2023-05-09T19:11:06.066+0000] {base.py:73} INFO - Using connection ID '***' for task execution.
[2023-05-09T19:11:06.072+0000] {sql.py:375} INFO - Running statement: INSERT INTO song_artist_bridge (song_id,artist_id) VALUES (%s,%s) ON CONFLICT (song_id,artist_id) DO UPDATE SET song_id=EXCLUDED.song_id,artist_id=EXCLUDED.artist_id, parameters: ('5oLnXmEdr6h92pFNtBgJVR', '7HfUJxeVTgrvhk0eWHFzV7')
[2023-05-09T19:11:06.074+0000] {sql.py:384} INFO - Rows affected: 1
[2023-05-09T19:11:06.081+0000] {base.py:73} INFO - Using connection ID '***' for task execution.
[2023-05-09T19:11:06.087+0000] {sql.py:375} INFO - Running statement: INSERT INTO song_artist_bridge (song_id,artist_id) VALUES (%s,%s) ON CONFLICT (song_id,artist_id) DO UPDATE SET song_id=EXCLUDED.song_id,artist_id=EXCLUDED.artist_id, parameters: ('1rCdmjQUxxdvcCY92D7UiR', '0be7y7HUvSBf8uG1X7pK8f')
[2023-05-09T19:11:06.089+0000] {sql.py:384} INFO - Rows affected: 1
[2023-05-09T19:11:06.096+0000] {base.py:73} INFO - Using connection ID '***' for task execution.
[2023-05-09T19:11:06.103+0000] {sql.py:375} INFO - Running statement: INSERT INTO song_artist_bridge (song_id,artist_id) VALUES (%s,%s) ON CONFLICT (song_id,artist_id) DO UPDATE SET song_id=EXCLUDED.song_id,artist_id=EXCLUDED.artist_id, parameters: ('1Juo9g0Rjxo6fxOmr8N3wV', '4HAfqyKr4Sqtab6ttHWXgE')
[2023-05-09T19:11:06.105+0000] {sql.py:384} INFO - Rows affected: 1
[2023-05-09T19:11:06.112+0000] {base.py:73} INFO - Using connection ID '***' for task execution.
[2023-05-09T19:11:06.119+0000] {sql.py:375} INFO - Running statement: INSERT INTO song_artist_bridge (song_id,artist_id) VALUES (%s,%s) ON CONFLICT (song_id,artist_id) DO UPDATE SET song_id=EXCLUDED.song_id,artist_id=EXCLUDED.artist_id, parameters: ('6NTD9xwzvTisuBhDxSvldL', '5aTRa02UP1y6PW5klZiTt0')
[2023-05-09T19:11:06.120+0000] {sql.py:384} INFO - Rows affected: 1
[2023-05-09T19:11:06.127+0000] {base.py:73} INFO - Using connection ID '***' for task execution.
[2023-05-09T19:11:06.133+0000] {sql.py:375} INFO - Running statement: INSERT INTO song_artist_bridge (song_id,artist_id) VALUES (%s,%s) ON CONFLICT (song_id,artist_id) DO UPDATE SET song_id=EXCLUDED.song_id,artist_id=EXCLUDED.artist_id, parameters: ('3v61DyG93LsHgpAtCaXMYV', '27w1NoOLMX7tJMYqcetPyG')
[2023-05-09T19:11:06.135+0000] {sql.py:384} INFO - Rows affected: 1
[2023-05-09T19:11:06.142+0000] {base.py:73} INFO - Using connection ID '***' for task execution.
[2023-05-09T19:11:06.148+0000] {sql.py:375} INFO - Running statement: INSERT INTO song_artist_bridge (song_id,artist_id) VALUES (%s,%s) ON CONFLICT (song_id,artist_id) DO UPDATE SET song_id=EXCLUDED.song_id,artist_id=EXCLUDED.artist_id, parameters: ('3v61DyG93LsHgpAtCaXMYV', '4KoNbDwbCK9D04dSmYG93E')
[2023-05-09T19:11:06.150+0000] {sql.py:384} INFO - Rows affected: 1
[2023-05-09T19:11:06.157+0000] {base.py:73} INFO - Using connection ID '***' for task execution.
[2023-05-09T19:11:06.167+0000] {sql.py:375} INFO - Running statement: INSERT INTO song_artist_bridge (song_id,artist_id) VALUES (%s,%s) ON CONFLICT (song_id,artist_id) DO UPDATE SET song_id=EXCLUDED.song_id,artist_id=EXCLUDED.artist_id, parameters: ('5OxGWmF7NIZ1q2JM3bxeOr', '5G9kmDLg3OeUyj8KVBLzbu')
[2023-05-09T19:11:06.168+0000] {sql.py:384} INFO - Rows affected: 1
[2023-05-09T19:11:06.179+0000] {base.py:73} INFO - Using connection ID '***' for task execution.
[2023-05-09T19:11:06.193+0000] {sql.py:375} INFO - Running statement: INSERT INTO song_artist_bridge (song_id,artist_id) VALUES (%s,%s) ON CONFLICT (song_id,artist_id) DO UPDATE SET song_id=EXCLUDED.song_id,artist_id=EXCLUDED.artist_id, parameters: ('0nygzznhANm4uiBwhUkE6o', '7vSY9HEreOqb1Llar3UC38')
[2023-05-09T19:11:06.194+0000] {sql.py:384} INFO - Rows affected: 1
[2023-05-09T19:11:06.202+0000] {base.py:73} INFO - Using connection ID '***' for task execution.
[2023-05-09T19:11:06.210+0000] {sql.py:375} INFO - Running statement: INSERT INTO song_artist_bridge (song_id,artist_id) VALUES (%s,%s) ON CONFLICT (song_id,artist_id) DO UPDATE SET song_id=EXCLUDED.song_id,artist_id=EXCLUDED.artist_id, parameters: ('1I0529lSZwDiYDts9aKaLy', '3QZxOYl5zlZtfigtXOZsfT')
[2023-05-09T19:11:06.211+0000] {sql.py:384} INFO - Rows affected: 1
[2023-05-09T19:11:06.221+0000] {base.py:73} INFO - Using connection ID '***' for task execution.
[2023-05-09T19:11:06.232+0000] {sql.py:375} INFO - Running statement: INSERT INTO song_artist_bridge (song_id,artist_id) VALUES (%s,%s) ON CONFLICT (song_id,artist_id) DO UPDATE SET song_id=EXCLUDED.song_id,artist_id=EXCLUDED.artist_id, parameters: ('2Y4ol1FiPdSPMwaEMJgXMN', '7FngGIEGgN3Iwauw1MvO4P')
[2023-05-09T19:11:06.234+0000] {sql.py:384} INFO - Rows affected: 1
[2023-05-09T19:11:06.242+0000] {base.py:73} INFO - Using connection ID '***' for task execution.
[2023-05-09T19:11:06.250+0000] {sql.py:375} INFO - Running statement: INSERT INTO song_artist_bridge (song_id,artist_id) VALUES (%s,%s) ON CONFLICT (song_id,artist_id) DO UPDATE SET song_id=EXCLUDED.song_id,artist_id=EXCLUDED.artist_id, parameters: ('5ui2l0pTXT0cjHB1gw4MEa', '1N9JxmOPJqhMCw219uoEi8')
[2023-05-09T19:11:06.251+0000] {sql.py:384} INFO - Rows affected: 1
[2023-05-09T19:11:06.258+0000] {base.py:73} INFO - Using connection ID '***' for task execution.
[2023-05-09T19:11:06.266+0000] {sql.py:375} INFO - Running statement: INSERT INTO song_artist_bridge (song_id,artist_id) VALUES (%s,%s) ON CONFLICT (song_id,artist_id) DO UPDATE SET song_id=EXCLUDED.song_id,artist_id=EXCLUDED.artist_id, parameters: ('5ui2l0pTXT0cjHB1gw4MEa', '5VfSeZYcDwD8WQVwbaoL6z')
[2023-05-09T19:11:06.268+0000] {sql.py:384} INFO - Rows affected: 1
[2023-05-09T19:11:06.275+0000] {base.py:73} INFO - Using connection ID '***' for task execution.
[2023-05-09T19:11:06.282+0000] {sql.py:375} INFO - Running statement: INSERT INTO song_artist_bridge (song_id,artist_id) VALUES (%s,%s) ON CONFLICT (song_id,artist_id) DO UPDATE SET song_id=EXCLUDED.song_id,artist_id=EXCLUDED.artist_id, parameters: ('79iuMoPY5U9jVQfLIWN3xO', '1N9JxmOPJqhMCw219uoEi8')
[2023-05-09T19:11:06.284+0000] {sql.py:384} INFO - Rows affected: 1
[2023-05-09T19:11:06.291+0000] {base.py:73} INFO - Using connection ID '***' for task execution.
[2023-05-09T19:11:06.299+0000] {sql.py:375} INFO - Running statement: INSERT INTO song_artist_bridge (song_id,artist_id) VALUES (%s,%s) ON CONFLICT (song_id,artist_id) DO UPDATE SET song_id=EXCLUDED.song_id,artist_id=EXCLUDED.artist_id, parameters: ('7d01oOW0gldyGW8hlUVN1J', '5aTRa02UP1y6PW5klZiTt0')
[2023-05-09T19:11:06.301+0000] {sql.py:384} INFO - Rows affected: 1
[2023-05-09T19:11:06.308+0000] {base.py:73} INFO - Using connection ID '***' for task execution.
[2023-05-09T19:11:06.317+0000] {sql.py:375} INFO - Running statement: INSERT INTO song_artist_bridge (song_id,artist_id) VALUES (%s,%s) ON CONFLICT (song_id,artist_id) DO UPDATE SET song_id=EXCLUDED.song_id,artist_id=EXCLUDED.artist_id, parameters: ('1cOVM7E3WZchifwUBf1FHT', '5aTRa02UP1y6PW5klZiTt0')
[2023-05-09T19:11:06.318+0000] {sql.py:384} INFO - Rows affected: 1
[2023-05-09T19:11:06.325+0000] {base.py:73} INFO - Using connection ID '***' for task execution.
[2023-05-09T19:11:06.332+0000] {sql.py:375} INFO - Running statement: INSERT INTO song_artist_bridge (song_id,artist_id) VALUES (%s,%s) ON CONFLICT (song_id,artist_id) DO UPDATE SET song_id=EXCLUDED.song_id,artist_id=EXCLUDED.artist_id, parameters: ('1cOVM7E3WZchifwUBf1FHT', '4kqFrZkeqDfOIEqTWqbOOV')
[2023-05-09T19:11:06.334+0000] {sql.py:384} INFO - Rows affected: 1
[2023-05-09T19:11:06.341+0000] {base.py:73} INFO - Using connection ID '***' for task execution.
[2023-05-09T19:11:06.349+0000] {sql.py:375} INFO - Running statement: INSERT INTO song_artist_bridge (song_id,artist_id) VALUES (%s,%s) ON CONFLICT (song_id,artist_id) DO UPDATE SET song_id=EXCLUDED.song_id,artist_id=EXCLUDED.artist_id, parameters: ('3leQHWQif6ZH4mKRUk3YkW', '5JZPSVFMUk4HGDdx68lN77')
[2023-05-09T19:11:06.350+0000] {sql.py:384} INFO - Rows affected: 1
[2023-05-09T19:11:06.358+0000] {base.py:73} INFO - Using connection ID '***' for task execution.
[2023-05-09T19:11:06.366+0000] {sql.py:375} INFO - Running statement: INSERT INTO song_artist_bridge (song_id,artist_id) VALUES (%s,%s) ON CONFLICT (song_id,artist_id) DO UPDATE SET song_id=EXCLUDED.song_id,artist_id=EXCLUDED.artist_id, parameters: ('0tBQVOAtBpqdQK2ExkbHZX', '5aTRa02UP1y6PW5klZiTt0')
[2023-05-09T19:11:06.367+0000] {sql.py:384} INFO - Rows affected: 1
[2023-05-09T19:11:06.374+0000] {base.py:73} INFO - Using connection ID '***' for task execution.
[2023-05-09T19:11:06.381+0000] {sql.py:375} INFO - Running statement: INSERT INTO song_artist_bridge (song_id,artist_id) VALUES (%s,%s) ON CONFLICT (song_id,artist_id) DO UPDATE SET song_id=EXCLUDED.song_id,artist_id=EXCLUDED.artist_id, parameters: ('1frV7Du2WwiKx0bHHphYCM', '5JZPSVFMUk4HGDdx68lN77')
[2023-05-09T19:11:06.383+0000] {sql.py:384} INFO - Rows affected: 1
[2023-05-09T19:11:06.390+0000] {base.py:73} INFO - Using connection ID '***' for task execution.
[2023-05-09T19:11:06.398+0000] {sql.py:375} INFO - Running statement: INSERT INTO song_artist_bridge (song_id,artist_id) VALUES (%s,%s) ON CONFLICT (song_id,artist_id) DO UPDATE SET song_id=EXCLUDED.song_id,artist_id=EXCLUDED.artist_id, parameters: ('2UFxllzBQap2AqgpeqHUKX', '5aTRa02UP1y6PW5klZiTt0')
[2023-05-09T19:11:06.400+0000] {sql.py:384} INFO - Rows affected: 1
[2023-05-09T19:11:06.407+0000] {base.py:73} INFO - Using connection ID '***' for task execution.
[2023-05-09T19:11:06.416+0000] {sql.py:375} INFO - Running statement: INSERT INTO song_artist_bridge (song_id,artist_id) VALUES (%s,%s) ON CONFLICT (song_id,artist_id) DO UPDATE SET song_id=EXCLUDED.song_id,artist_id=EXCLUDED.artist_id, parameters: ('2UFxllzBQap2AqgpeqHUKX', '6rEjEIfp3NSRteU3kJGSET')
[2023-05-09T19:11:06.418+0000] {sql.py:384} INFO - Rows affected: 1
[2023-05-09T19:11:06.425+0000] {base.py:73} INFO - Using connection ID '***' for task execution.
[2023-05-09T19:11:06.433+0000] {sql.py:375} INFO - Running statement: INSERT INTO song_artist_bridge (song_id,artist_id) VALUES (%s,%s) ON CONFLICT (song_id,artist_id) DO UPDATE SET song_id=EXCLUDED.song_id,artist_id=EXCLUDED.artist_id, parameters: ('0hBCGjhWa8Z9ou9JLighrR', '4kqFrZkeqDfOIEqTWqbOOV')
[2023-05-09T19:11:06.435+0000] {sql.py:384} INFO - Rows affected: 1
[2023-05-09T19:11:06.441+0000] {base.py:73} INFO - Using connection ID '***' for task execution.
[2023-05-09T19:11:06.448+0000] {sql.py:375} INFO - Running statement: INSERT INTO song_artist_bridge (song_id,artist_id) VALUES (%s,%s) ON CONFLICT (song_id,artist_id) DO UPDATE SET song_id=EXCLUDED.song_id,artist_id=EXCLUDED.artist_id, parameters: ('0hBCGjhWa8Z9ou9JLighrR', '5aTRa02UP1y6PW5klZiTt0')
[2023-05-09T19:11:06.452+0000] {sql.py:384} INFO - Rows affected: 1
[2023-05-09T19:11:06.460+0000] {base.py:73} INFO - Using connection ID '***' for task execution.
[2023-05-09T19:11:06.467+0000] {sql.py:375} INFO - Running statement: INSERT INTO song_artist_bridge (song_id,artist_id) VALUES (%s,%s) ON CONFLICT (song_id,artist_id) DO UPDATE SET song_id=EXCLUDED.song_id,artist_id=EXCLUDED.artist_id, parameters: ('7cELheBXF3jIShGuewCy44', '4kqFrZkeqDfOIEqTWqbOOV')
[2023-05-09T19:11:06.469+0000] {sql.py:384} INFO - Rows affected: 1
[2023-05-09T19:11:06.476+0000] {base.py:73} INFO - Using connection ID '***' for task execution.
[2023-05-09T19:11:06.483+0000] {sql.py:375} INFO - Running statement: INSERT INTO song_artist_bridge (song_id,artist_id) VALUES (%s,%s) ON CONFLICT (song_id,artist_id) DO UPDATE SET song_id=EXCLUDED.song_id,artist_id=EXCLUDED.artist_id, parameters: ('5bwSx1hwmUivlUgY9UhfEB', '4kqFrZkeqDfOIEqTWqbOOV')
[2023-05-09T19:11:06.485+0000] {sql.py:384} INFO - Rows affected: 1
[2023-05-09T19:11:06.492+0000] {base.py:73} INFO - Using connection ID '***' for task execution.
[2023-05-09T19:11:06.498+0000] {sql.py:375} INFO - Running statement: INSERT INTO song_artist_bridge (song_id,artist_id) VALUES (%s,%s) ON CONFLICT (song_id,artist_id) DO UPDATE SET song_id=EXCLUDED.song_id,artist_id=EXCLUDED.artist_id, parameters: ('5bwSx1hwmUivlUgY9UhfEB', '5aTRa02UP1y6PW5klZiTt0')
[2023-05-09T19:11:06.500+0000] {sql.py:384} INFO - Rows affected: 1
[2023-05-09T19:11:06.507+0000] {base.py:73} INFO - Using connection ID '***' for task execution.
[2023-05-09T19:11:06.514+0000] {sql.py:375} INFO - Running statement: INSERT INTO song_artist_bridge (song_id,artist_id) VALUES (%s,%s) ON CONFLICT (song_id,artist_id) DO UPDATE SET song_id=EXCLUDED.song_id,artist_id=EXCLUDED.artist_id, parameters: ('1Sl3gcmaeiU3vOMPpeM98V', '4kqFrZkeqDfOIEqTWqbOOV')
[2023-05-09T19:11:06.516+0000] {sql.py:384} INFO - Rows affected: 1
[2023-05-09T19:11:06.523+0000] {base.py:73} INFO - Using connection ID '***' for task execution.
[2023-05-09T19:11:06.530+0000] {sql.py:375} INFO - Running statement: INSERT INTO song_artist_bridge (song_id,artist_id) VALUES (%s,%s) ON CONFLICT (song_id,artist_id) DO UPDATE SET song_id=EXCLUDED.song_id,artist_id=EXCLUDED.artist_id, parameters: ('7JdarpX08FLhmfNZpxqgUO', '3hOdow4ZPmrby7Q1wfPLEy')
[2023-05-09T19:11:06.532+0000] {sql.py:384} INFO - Rows affected: 1
[2023-05-09T19:11:06.539+0000] {base.py:73} INFO - Using connection ID '***' for task execution.
[2023-05-09T19:11:06.548+0000] {sql.py:375} INFO - Running statement: INSERT INTO song_artist_bridge (song_id,artist_id) VALUES (%s,%s) ON CONFLICT (song_id,artist_id) DO UPDATE SET song_id=EXCLUDED.song_id,artist_id=EXCLUDED.artist_id, parameters: ('4TwVtW8hS5LyLoDtJGpUOg', '2IDLDx25HU1nQMKde4n61a')
[2023-05-09T19:11:06.549+0000] {sql.py:384} INFO - Rows affected: 1
[2023-05-09T19:11:06.557+0000] {base.py:73} INFO - Using connection ID '***' for task execution.
[2023-05-09T19:11:06.565+0000] {sql.py:375} INFO - Running statement: INSERT INTO song_artist_bridge (song_id,artist_id) VALUES (%s,%s) ON CONFLICT (song_id,artist_id) DO UPDATE SET song_id=EXCLUDED.song_id,artist_id=EXCLUDED.artist_id, parameters: ('4TwVtW8hS5LyLoDtJGpUOg', '1AhjOkOLkbHUfcHDSErXQs')
[2023-05-09T19:11:06.567+0000] {sql.py:384} INFO - Rows affected: 1
[2023-05-09T19:11:06.575+0000] {base.py:73} INFO - Using connection ID '***' for task execution.
[2023-05-09T19:11:06.583+0000] {sql.py:375} INFO - Running statement: INSERT INTO song_artist_bridge (song_id,artist_id) VALUES (%s,%s) ON CONFLICT (song_id,artist_id) DO UPDATE SET song_id=EXCLUDED.song_id,artist_id=EXCLUDED.artist_id, parameters: ('30AnNG3dFbHLQuSbIVWEbF', '3hOdow4ZPmrby7Q1wfPLEy')
[2023-05-09T19:11:06.585+0000] {sql.py:384} INFO - Rows affected: 1
[2023-05-09T19:11:06.586+0000] {python.py:183} INFO - Done. Returned value was: None
[2023-05-09T19:11:06.597+0000] {taskinstance.py:1373} INFO - Marking task as SUCCESS. dag_id=Summer_Warped_ETL, task_id=LoadData.LoadSongArtistBridge, execution_date=20230509T191005, start_date=20230509T191059, end_date=20230509T191106
[2023-05-09T19:11:06.656+0000] {local_task_job_runner.py:232} INFO - Task exited with return code 0
[2023-05-09T19:11:06.844+0000] {taskinstance.py:2674} INFO - 0 downstream tasks scheduled from follow-on schedule check
