[2023-05-08T03:48:05.369+0000] {taskinstance.py:1125} INFO - Dependencies all met for dep_context=non-requeueable deps ti=<TaskInstance: Summer_Warped_ETL.GetArtistInfo manual__2023-05-08T03:26:11.627191+00:00 [queued]>
[2023-05-08T03:48:05.374+0000] {taskinstance.py:1125} INFO - Dependencies all met for dep_context=requeueable deps ti=<TaskInstance: Summer_Warped_ETL.GetArtistInfo manual__2023-05-08T03:26:11.627191+00:00 [queued]>
[2023-05-08T03:48:05.374+0000] {taskinstance.py:1331} INFO - Starting attempt 4 of 6
[2023-05-08T03:48:05.382+0000] {taskinstance.py:1350} INFO - Executing <Task(PythonOperator): GetArtistInfo> on 2023-05-08 03:26:11.627191+00:00
[2023-05-08T03:48:05.386+0000] {standard_task_runner.py:57} INFO - Started process 2710 to run task
[2023-05-08T03:48:05.390+0000] {standard_task_runner.py:84} INFO - Running: ['***', 'tasks', 'run', 'Summer_Warped_ETL', 'GetArtistInfo', 'manual__2023-05-08T03:26:11.627191+00:00', '--job-id', '1975', '--raw', '--subdir', 'DAGS_FOLDER/warped-dag.py', '--cfg-path', '/tmp/tmp_ky0z641']
[2023-05-08T03:48:05.391+0000] {standard_task_runner.py:85} INFO - Job 1975: Subtask GetArtistInfo
[2023-05-08T03:48:05.427+0000] {task_command.py:410} INFO - Running <TaskInstance: Summer_Warped_ETL.GetArtistInfo manual__2023-05-08T03:26:11.627191+00:00 [running]> on host a40687a10d43
[2023-05-08T03:48:05.481+0000] {taskinstance.py:1570} INFO - Exporting env vars: AIRFLOW_CTX_DAG_OWNER='Ananta Moharana' AIRFLOW_CTX_DAG_ID='Summer_Warped_ETL' AIRFLOW_CTX_TASK_ID='GetArtistInfo' AIRFLOW_CTX_EXECUTION_DATE='2023-05-08T03:26:11.627191+00:00' AIRFLOW_CTX_TRY_NUMBER='4' AIRFLOW_CTX_DAG_RUN_ID='manual__2023-05-08T03:26:11.627191+00:00'
[2023-05-08T03:48:05.616+0000] {logging_mixin.py:149} INFO - cloud rap
[2023-05-08T03:48:05.817+0000] {logging_mixin.py:149} INFO - cloud rap
[2023-05-08T03:48:06.008+0000] {logging_mixin.py:149} INFO - la pop
[2023-05-08T03:48:06.107+0000] {logging_mixin.py:149} INFO - indie hip hop
[2023-05-08T03:48:06.284+0000] {logging_mixin.py:149} INFO - cloud rap
[2023-05-08T03:48:06.520+0000] {logging_mixin.py:149} INFO - aesthetic rap
[2023-05-08T03:48:06.613+0000] {logging_mixin.py:149} INFO - emo rap
[2023-05-08T03:48:06.712+0000] {logging_mixin.py:149} INFO - canadian contemporary r&b
[2023-05-08T03:48:06.889+0000] {logging_mixin.py:149} INFO - deep underground hip hop
[2023-05-08T03:48:07.138+0000] {logging_mixin.py:149} INFO - cloud rap
[2023-05-08T03:48:07.227+0000] {logging_mixin.py:149} INFO - underground hip hop
[2023-05-08T03:48:07.421+0000] {logging_mixin.py:149} INFO - st louis rap
[2023-05-08T03:48:07.515+0000] {logging_mixin.py:149} INFO - cloud rap
[2023-05-08T03:48:07.718+0000] {logging_mixin.py:149} INFO - canadian contemporary r&b
[2023-05-08T03:48:07.996+0000] {logging_mixin.py:149} INFO - asian american hip hop
[2023-05-08T03:48:08.222+0000] {logging_mixin.py:149} INFO - nyc rap
[2023-05-08T03:48:08.445+0000] {logging_mixin.py:149} INFO - indie pop rap
[2023-05-08T03:48:08.559+0000] {logging_mixin.py:149} INFO - bedroom soul
[2023-05-08T03:48:08.646+0000] {logging_mixin.py:149} INFO - cloud rap
[2023-05-08T03:48:08.737+0000] {logging_mixin.py:149} INFO - glitchcore
[2023-05-08T03:48:08.845+0000] {logging_mixin.py:149} INFO - glitchcore
[2023-05-08T03:48:08.986+0000] {logging_mixin.py:149} INFO - hyperpop
[2023-05-08T03:48:09.086+0000] {logging_mixin.py:149} INFO - glitchcore
[2023-05-08T03:48:09.235+0000] {logging_mixin.py:149} INFO - cali rap
[2023-05-08T03:48:09.329+0000] {logging_mixin.py:149} INFO - sad rap
[2023-05-08T03:48:09.509+0000] {logging_mixin.py:149} INFO - emo rap
[2023-05-08T03:48:09.611+0000] {logging_mixin.py:149} INFO - indonesian hip hop
[2023-05-08T03:48:09.786+0000] {logging_mixin.py:149} INFO - pop edm
[2023-05-08T03:48:09.881+0000] {logging_mixin.py:149} INFO - upstate ny rap
[2023-05-08T03:48:09.972+0000] {logging_mixin.py:149} INFO - hyperpop
[2023-05-08T03:48:10.277+0000] {logging_mixin.py:149} INFO - cloud rap
[2023-05-08T03:48:10.468+0000] {logging_mixin.py:149} INFO - emoplugg
[2023-05-08T03:48:10.561+0000] {logging_mixin.py:149} INFO - emo rap
[2023-05-08T03:48:10.671+0000] {logging_mixin.py:149} INFO - hyperpop
[2023-05-08T03:48:10.777+0000] {logging_mixin.py:149} INFO - pittsburgh rap
[2023-05-08T03:48:10.868+0000] {logging_mixin.py:149} INFO - alt z
[2023-05-08T03:48:10.962+0000] {logging_mixin.py:149} INFO - canadian hip hop
[2023-05-08T03:48:11.112+0000] {logging_mixin.py:149} INFO - canadian hip hop
[2023-05-08T03:48:11.318+0000] {logging_mixin.py:149} INFO - aesthetic rap
[2023-05-08T03:48:11.425+0000] {logging_mixin.py:149} INFO - cloud rap
[2023-05-08T03:48:11.518+0000] {logging_mixin.py:149} INFO - cloud rap
[2023-05-08T03:48:11.814+0000] {logging_mixin.py:149} INFO - alt z
[2023-05-08T03:48:12.008+0000] {logging_mixin.py:149} INFO - emo rap
[2023-05-08T03:48:12.110+0000] {logging_mixin.py:149} INFO - atl hip hop
[2023-05-08T03:48:12.284+0000] {logging_mixin.py:149} INFO - hyperpop
[2023-05-08T03:48:12.478+0000] {logging_mixin.py:149} INFO - meme rap
[2023-05-08T03:48:12.564+0000] {logging_mixin.py:149} INFO - indie pop rap
[2023-05-08T03:48:12.663+0000] {logging_mixin.py:149} INFO - emo rap
[2023-05-08T03:48:12.757+0000] {logging_mixin.py:149} INFO - melodic rap
[2023-05-08T03:48:12.890+0000] {logging_mixin.py:149} INFO - future bass
[2023-05-08T03:48:12.991+0000] {logging_mixin.py:149} INFO - emo rap
[2023-05-08T03:48:13.087+0000] {logging_mixin.py:149} INFO - glitchcore
[2023-05-08T03:48:13.575+0000] {logging_mixin.py:149} INFO - sad rap
[2023-05-08T03:48:13.668+0000] {logging_mixin.py:149} INFO - emo rap
[2023-05-08T03:48:13.985+0000] {logging_mixin.py:149} INFO - vapor trap
[2023-05-08T03:48:14.082+0000] {logging_mixin.py:149} INFO - hyperpop
[2023-05-08T03:48:14.297+0000] {logging_mixin.py:149} INFO - lo-fi rap
[2023-05-08T03:48:14.492+0000] {logging_mixin.py:149} INFO - sad rap
[2023-05-08T03:48:14.611+0000] {python.py:183} INFO - Done. Returned value was: None
[2023-05-08T03:48:14.620+0000] {taskinstance.py:1373} INFO - Marking task as SUCCESS. dag_id=Summer_Warped_ETL, task_id=GetArtistInfo, execution_date=20230508T032611, start_date=20230508T034805, end_date=20230508T034814
[2023-05-08T03:48:14.662+0000] {local_task_job_runner.py:232} INFO - Task exited with return code 0
[2023-05-08T03:48:14.681+0000] {taskinstance.py:2674} INFO - 0 downstream tasks scheduled from follow-on schedule check
