[2023-05-08T03:26:17.783+0000] {taskinstance.py:1125} INFO - Dependencies all met for dep_context=non-requeueable deps ti=<TaskInstance: Summer_Warped_ETL.GetArtistInfo manual__2023-05-08T03:26:11.627191+00:00 [queued]>
[2023-05-08T03:26:17.791+0000] {taskinstance.py:1125} INFO - Dependencies all met for dep_context=requeueable deps ti=<TaskInstance: Summer_Warped_ETL.GetArtistInfo manual__2023-05-08T03:26:11.627191+00:00 [queued]>
[2023-05-08T03:26:17.792+0000] {taskinstance.py:1331} INFO - Starting attempt 1 of 3
[2023-05-08T03:26:17.804+0000] {taskinstance.py:1350} INFO - Executing <Task(PythonOperator): GetArtistInfo> on 2023-05-08 03:26:11.627191+00:00
[2023-05-08T03:26:17.809+0000] {standard_task_runner.py:57} INFO - Started process 1616 to run task
[2023-05-08T03:26:17.815+0000] {standard_task_runner.py:84} INFO - Running: ['***', 'tasks', 'run', 'Summer_Warped_ETL', 'GetArtistInfo', 'manual__2023-05-08T03:26:11.627191+00:00', '--job-id', '1776', '--raw', '--subdir', 'DAGS_FOLDER/warped-dag.py', '--cfg-path', '/tmp/tmpbq99o304']
[2023-05-08T03:26:17.816+0000] {standard_task_runner.py:85} INFO - Job 1776: Subtask GetArtistInfo
[2023-05-08T03:26:17.883+0000] {task_command.py:410} INFO - Running <TaskInstance: Summer_Warped_ETL.GetArtistInfo manual__2023-05-08T03:26:11.627191+00:00 [running]> on host a40687a10d43
[2023-05-08T03:26:17.986+0000] {taskinstance.py:1570} INFO - Exporting env vars: AIRFLOW_CTX_DAG_OWNER='Ananta Moharana' AIRFLOW_CTX_DAG_ID='Summer_Warped_ETL' AIRFLOW_CTX_TASK_ID='GetArtistInfo' AIRFLOW_CTX_EXECUTION_DATE='2023-05-08T03:26:11.627191+00:00' AIRFLOW_CTX_TRY_NUMBER='1' AIRFLOW_CTX_DAG_RUN_ID='manual__2023-05-08T03:26:11.627191+00:00'
[2023-05-08T03:26:18.136+0000] {logging_mixin.py:149} INFO - cloud rap
[2023-05-08T03:26:18.319+0000] {logging_mixin.py:149} INFO - cloud rap
[2023-05-08T03:26:18.516+0000] {logging_mixin.py:149} INFO - la pop
[2023-05-08T03:26:18.612+0000] {logging_mixin.py:149} INFO - indie hip hop
[2023-05-08T03:26:18.793+0000] {logging_mixin.py:149} INFO - cloud rap
[2023-05-08T03:26:19.025+0000] {logging_mixin.py:149} INFO - aesthetic rap
[2023-05-08T03:26:19.198+0000] {logging_mixin.py:149} INFO - emo rap
[2023-05-08T03:26:19.297+0000] {logging_mixin.py:149} INFO - canadian contemporary r&b
[2023-05-08T03:26:19.539+0000] {logging_mixin.py:149} INFO - deep underground hip hop
[2023-05-08T03:26:19.733+0000] {logging_mixin.py:149} INFO - cloud rap
[2023-05-08T03:26:19.837+0000] {logging_mixin.py:149} INFO - underground hip hop
[2023-05-08T03:26:20.089+0000] {logging_mixin.py:149} INFO - st louis rap
[2023-05-08T03:26:20.187+0000] {logging_mixin.py:149} INFO - cloud rap
[2023-05-08T03:26:20.374+0000] {logging_mixin.py:149} INFO - canadian contemporary r&b
[2023-05-08T03:26:20.603+0000] {logging_mixin.py:149} INFO - asian american hip hop
[2023-05-08T03:26:20.790+0000] {logging_mixin.py:149} INFO - nyc rap
[2023-05-08T03:26:20.991+0000] {logging_mixin.py:149} INFO - indie pop rap
[2023-05-08T03:26:21.077+0000] {logging_mixin.py:149} INFO - bedroom soul
[2023-05-08T03:26:21.198+0000] {logging_mixin.py:149} INFO - cloud rap
[2023-05-08T03:26:21.299+0000] {logging_mixin.py:149} INFO - glitchcore
[2023-05-08T03:26:21.409+0000] {logging_mixin.py:149} INFO - glitchcore
[2023-05-08T03:26:21.506+0000] {logging_mixin.py:149} INFO - hyperpop
[2023-05-08T03:26:21.607+0000] {logging_mixin.py:149} INFO - glitchcore
[2023-05-08T03:26:21.705+0000] {logging_mixin.py:149} INFO - cali rap
[2023-05-08T03:26:21.827+0000] {logging_mixin.py:149} INFO - sad rap
[2023-05-08T03:26:22.227+0000] {logging_mixin.py:149} INFO - emo rap
[2023-05-08T03:26:22.333+0000] {logging_mixin.py:149} INFO - indonesian hip hop
[2023-05-08T03:26:22.538+0000] {logging_mixin.py:149} INFO - pop edm
[2023-05-08T03:26:22.634+0000] {logging_mixin.py:149} INFO - upstate ny rap
[2023-05-08T03:26:22.720+0000] {logging_mixin.py:149} INFO - hyperpop
[2023-05-08T03:26:23.012+0000] {logging_mixin.py:149} INFO - cloud rap
[2023-05-08T03:26:23.206+0000] {logging_mixin.py:149} INFO - emoplugg
[2023-05-08T03:26:23.304+0000] {logging_mixin.py:149} INFO - emo rap
[2023-05-08T03:26:23.402+0000] {logging_mixin.py:149} INFO - hyperpop
[2023-05-08T03:26:23.505+0000] {logging_mixin.py:149} INFO - pittsburgh rap
[2023-05-08T03:26:23.608+0000] {logging_mixin.py:149} INFO - alt z
[2023-05-08T03:26:23.701+0000] {logging_mixin.py:149} INFO - canadian hip hop
[2023-05-08T03:26:23.806+0000] {logging_mixin.py:149} INFO - canadian hip hop
[2023-05-08T03:26:24.065+0000] {logging_mixin.py:149} INFO - aesthetic rap
[2023-05-08T03:26:24.150+0000] {logging_mixin.py:149} INFO - cloud rap
[2023-05-08T03:26:24.247+0000] {logging_mixin.py:149} INFO - cloud rap
[2023-05-08T03:26:24.597+0000] {logging_mixin.py:149} INFO - alt z
[2023-05-08T03:26:24.867+0000] {logging_mixin.py:149} INFO - emo rap
[2023-05-08T03:26:24.969+0000] {logging_mixin.py:149} INFO - atl hip hop
[2023-05-08T03:26:25.161+0000] {logging_mixin.py:149} INFO - hyperpop
[2023-05-08T03:26:25.366+0000] {logging_mixin.py:149} INFO - meme rap
[2023-05-08T03:26:25.457+0000] {logging_mixin.py:149} INFO - indie pop rap
[2023-05-08T03:26:25.548+0000] {logging_mixin.py:149} INFO - emo rap
[2023-05-08T03:26:25.643+0000] {logging_mixin.py:149} INFO - melodic rap
[2023-05-08T03:26:25.752+0000] {logging_mixin.py:149} INFO - future bass
[2023-05-08T03:26:25.872+0000] {logging_mixin.py:149} INFO - emo rap
[2023-05-08T03:26:25.975+0000] {logging_mixin.py:149} INFO - glitchcore
[2023-05-08T03:26:26.539+0000] {logging_mixin.py:149} INFO - sad rap
[2023-05-08T03:26:26.642+0000] {logging_mixin.py:149} INFO - emo rap
[2023-05-08T03:26:26.998+0000] {logging_mixin.py:149} INFO - vapor trap
[2023-05-08T03:26:27.106+0000] {logging_mixin.py:149} INFO - hyperpop
[2023-05-08T03:26:27.307+0000] {logging_mixin.py:149} INFO - lo-fi rap
[2023-05-08T03:26:27.506+0000] {logging_mixin.py:149} INFO - sad rap
[2023-05-08T03:26:27.607+0000] {python.py:183} INFO - Done. Returned value was: None
[2023-05-08T03:26:27.615+0000] {taskinstance.py:1373} INFO - Marking task as SUCCESS. dag_id=Summer_Warped_ETL, task_id=GetArtistInfo, execution_date=20230508T032611, start_date=20230508T032617, end_date=20230508T032627
[2023-05-08T03:26:27.668+0000] {local_task_job_runner.py:232} INFO - Task exited with return code 0
[2023-05-08T03:26:27.692+0000] {taskinstance.py:2674} INFO - 0 downstream tasks scheduled from follow-on schedule check
