[2023-05-08T03:28:15.450+0000] {taskinstance.py:1125} INFO - Dependencies all met for dep_context=non-requeueable deps ti=<TaskInstance: Summer_Warped_ETL.GetArtistInfo manual__2023-05-08T03:26:11.627191+00:00 [queued]>
[2023-05-08T03:28:15.456+0000] {taskinstance.py:1125} INFO - Dependencies all met for dep_context=requeueable deps ti=<TaskInstance: Summer_Warped_ETL.GetArtistInfo manual__2023-05-08T03:26:11.627191+00:00 [queued]>
[2023-05-08T03:28:15.457+0000] {taskinstance.py:1331} INFO - Starting attempt 2 of 4
[2023-05-08T03:28:15.467+0000] {taskinstance.py:1350} INFO - Executing <Task(PythonOperator): GetArtistInfo> on 2023-05-08 03:26:11.627191+00:00
[2023-05-08T03:28:15.475+0000] {standard_task_runner.py:57} INFO - Started process 1767 to run task
[2023-05-08T03:28:15.488+0000] {standard_task_runner.py:84} INFO - Running: ['***', 'tasks', 'run', 'Summer_Warped_ETL', 'GetArtistInfo', 'manual__2023-05-08T03:26:11.627191+00:00', '--job-id', '1809', '--raw', '--subdir', 'DAGS_FOLDER/warped-dag.py', '--cfg-path', '/tmp/tmp178novwg']
[2023-05-08T03:28:15.489+0000] {standard_task_runner.py:85} INFO - Job 1809: Subtask GetArtistInfo
[2023-05-08T03:28:15.542+0000] {task_command.py:410} INFO - Running <TaskInstance: Summer_Warped_ETL.GetArtistInfo manual__2023-05-08T03:26:11.627191+00:00 [running]> on host a40687a10d43
[2023-05-08T03:28:15.627+0000] {taskinstance.py:1570} INFO - Exporting env vars: AIRFLOW_CTX_DAG_OWNER='Ananta Moharana' AIRFLOW_CTX_DAG_ID='Summer_Warped_ETL' AIRFLOW_CTX_TASK_ID='GetArtistInfo' AIRFLOW_CTX_EXECUTION_DATE='2023-05-08T03:26:11.627191+00:00' AIRFLOW_CTX_TRY_NUMBER='2' AIRFLOW_CTX_DAG_RUN_ID='manual__2023-05-08T03:26:11.627191+00:00'
[2023-05-08T03:28:15.778+0000] {logging_mixin.py:149} INFO - cloud rap
[2023-05-08T03:28:15.993+0000] {logging_mixin.py:149} INFO - cloud rap
[2023-05-08T03:28:16.182+0000] {logging_mixin.py:149} INFO - la pop
[2023-05-08T03:28:16.276+0000] {logging_mixin.py:149} INFO - indie hip hop
[2023-05-08T03:28:16.470+0000] {logging_mixin.py:149} INFO - cloud rap
[2023-05-08T03:28:16.678+0000] {logging_mixin.py:149} INFO - aesthetic rap
[2023-05-08T03:28:16.778+0000] {logging_mixin.py:149} INFO - emo rap
[2023-05-08T03:28:16.878+0000] {logging_mixin.py:149} INFO - canadian contemporary r&b
[2023-05-08T03:28:17.051+0000] {logging_mixin.py:149} INFO - deep underground hip hop
[2023-05-08T03:28:17.238+0000] {logging_mixin.py:149} INFO - cloud rap
[2023-05-08T03:28:17.332+0000] {logging_mixin.py:149} INFO - underground hip hop
[2023-05-08T03:28:17.520+0000] {logging_mixin.py:149} INFO - st louis rap
[2023-05-08T03:28:17.638+0000] {logging_mixin.py:149} INFO - cloud rap
[2023-05-08T03:28:17.837+0000] {logging_mixin.py:149} INFO - canadian contemporary r&b
[2023-05-08T03:28:18.031+0000] {logging_mixin.py:149} INFO - asian american hip hop
[2023-05-08T03:28:18.233+0000] {logging_mixin.py:149} INFO - nyc rap
[2023-05-08T03:28:18.426+0000] {logging_mixin.py:149} INFO - indie pop rap
[2023-05-08T03:28:18.528+0000] {logging_mixin.py:149} INFO - bedroom soul
[2023-05-08T03:28:18.660+0000] {logging_mixin.py:149} INFO - cloud rap
[2023-05-08T03:28:18.761+0000] {logging_mixin.py:149} INFO - glitchcore
[2023-05-08T03:28:18.855+0000] {logging_mixin.py:149} INFO - glitchcore
[2023-05-08T03:28:18.959+0000] {logging_mixin.py:149} INFO - hyperpop
[2023-05-08T03:28:19.056+0000] {logging_mixin.py:149} INFO - glitchcore
[2023-05-08T03:28:19.143+0000] {logging_mixin.py:149} INFO - cali rap
[2023-05-08T03:28:19.239+0000] {logging_mixin.py:149} INFO - sad rap
[2023-05-08T03:28:19.425+0000] {logging_mixin.py:149} INFO - emo rap
[2023-05-08T03:28:19.529+0000] {logging_mixin.py:149} INFO - indonesian hip hop
[2023-05-08T03:28:19.742+0000] {logging_mixin.py:149} INFO - pop edm
[2023-05-08T03:28:19.847+0000] {logging_mixin.py:149} INFO - upstate ny rap
[2023-05-08T03:28:19.954+0000] {logging_mixin.py:149} INFO - hyperpop
[2023-05-08T03:28:20.349+0000] {logging_mixin.py:149} INFO - cloud rap
[2023-05-08T03:28:20.552+0000] {logging_mixin.py:149} INFO - emoplugg
[2023-05-08T03:28:20.646+0000] {logging_mixin.py:149} INFO - emo rap
[2023-05-08T03:28:20.741+0000] {logging_mixin.py:149} INFO - hyperpop
[2023-05-08T03:28:20.846+0000] {logging_mixin.py:149} INFO - pittsburgh rap
[2023-05-08T03:28:20.945+0000] {logging_mixin.py:149} INFO - alt z
[2023-05-08T03:28:21.069+0000] {logging_mixin.py:149} INFO - canadian hip hop
[2023-05-08T03:28:21.176+0000] {logging_mixin.py:149} INFO - canadian hip hop
[2023-05-08T03:28:21.378+0000] {logging_mixin.py:149} INFO - aesthetic rap
[2023-05-08T03:28:21.477+0000] {logging_mixin.py:149} INFO - cloud rap
[2023-05-08T03:28:21.571+0000] {logging_mixin.py:149} INFO - cloud rap
[2023-05-08T03:28:22.041+0000] {logging_mixin.py:149} INFO - alt z
[2023-05-08T03:28:22.244+0000] {logging_mixin.py:149} INFO - emo rap
[2023-05-08T03:28:22.353+0000] {logging_mixin.py:149} INFO - atl hip hop
[2023-05-08T03:28:22.549+0000] {logging_mixin.py:149} INFO - hyperpop
[2023-05-08T03:28:22.742+0000] {logging_mixin.py:149} INFO - meme rap
[2023-05-08T03:28:22.843+0000] {logging_mixin.py:149} INFO - indie pop rap
[2023-05-08T03:28:22.944+0000] {logging_mixin.py:149} INFO - emo rap
[2023-05-08T03:28:23.038+0000] {logging_mixin.py:149} INFO - melodic rap
[2023-05-08T03:28:23.157+0000] {logging_mixin.py:149} INFO - future bass
[2023-05-08T03:28:23.254+0000] {logging_mixin.py:149} INFO - emo rap
[2023-05-08T03:28:23.345+0000] {logging_mixin.py:149} INFO - glitchcore
[2023-05-08T03:28:23.848+0000] {logging_mixin.py:149} INFO - sad rap
[2023-05-08T03:28:23.944+0000] {logging_mixin.py:149} INFO - emo rap
[2023-05-08T03:28:24.233+0000] {logging_mixin.py:149} INFO - vapor trap
[2023-05-08T03:28:24.325+0000] {logging_mixin.py:149} INFO - hyperpop
[2023-05-08T03:28:24.545+0000] {logging_mixin.py:149} INFO - lo-fi rap
[2023-05-08T03:28:24.723+0000] {logging_mixin.py:149} INFO - sad rap
[2023-05-08T03:28:24.836+0000] {python.py:183} INFO - Done. Returned value was: None
[2023-05-08T03:28:24.844+0000] {taskinstance.py:1373} INFO - Marking task as SUCCESS. dag_id=Summer_Warped_ETL, task_id=GetArtistInfo, execution_date=20230508T032611, start_date=20230508T032815, end_date=20230508T032824
[2023-05-08T03:28:24.867+0000] {local_task_job_runner.py:232} INFO - Task exited with return code 0
[2023-05-08T03:28:24.892+0000] {taskinstance.py:2674} INFO - 0 downstream tasks scheduled from follow-on schedule check
