[2023-05-09T16:34:48.196+0000] {taskinstance.py:1125} INFO - Dependencies all met for dep_context=non-requeueable deps ti=<TaskInstance: Summer_Warped_ETL.LoadData.LoadArtistDim manual__2023-05-09T16:32:30.374715+00:00 [queued]>
[2023-05-09T16:34:48.202+0000] {taskinstance.py:1125} INFO - Dependencies all met for dep_context=requeueable deps ti=<TaskInstance: Summer_Warped_ETL.LoadData.LoadArtistDim manual__2023-05-09T16:32:30.374715+00:00 [queued]>
[2023-05-09T16:34:48.202+0000] {taskinstance.py:1331} INFO - Starting attempt 1 of 3
[2023-05-09T16:34:48.210+0000] {taskinstance.py:1350} INFO - Executing <Task(PythonOperator): LoadData.LoadArtistDim> on 2023-05-09 16:32:30.374715+00:00
[2023-05-09T16:34:48.216+0000] {standard_task_runner.py:57} INFO - Started process 57 to run task
[2023-05-09T16:34:48.219+0000] {standard_task_runner.py:84} INFO - Running: ['***', 'tasks', 'run', 'Summer_Warped_ETL', 'LoadData.LoadArtistDim', 'manual__2023-05-09T16:32:30.374715+00:00', '--job-id', '2786', '--raw', '--subdir', 'DAGS_FOLDER/warped-dag.py', '--cfg-path', '/tmp/tmpskmvbo2c']
[2023-05-09T16:34:48.220+0000] {standard_task_runner.py:85} INFO - Job 2786: Subtask LoadData.LoadArtistDim
[2023-05-09T16:34:48.263+0000] {task_command.py:410} INFO - Running <TaskInstance: Summer_Warped_ETL.LoadData.LoadArtistDim manual__2023-05-09T16:32:30.374715+00:00 [running]> on host 544e3a3b1eb2
[2023-05-09T16:34:48.334+0000] {taskinstance.py:1570} INFO - Exporting env vars: AIRFLOW_CTX_DAG_OWNER='Ananta Moharana' AIRFLOW_CTX_DAG_ID='Summer_Warped_ETL' AIRFLOW_CTX_TASK_ID='LoadData.LoadArtistDim' AIRFLOW_CTX_EXECUTION_DATE='2023-05-09T16:32:30.374715+00:00' AIRFLOW_CTX_TRY_NUMBER='1' AIRFLOW_CTX_DAG_RUN_ID='manual__2023-05-09T16:32:30.374715+00:00'
[2023-05-09T16:34:48.338+0000] {logging_mixin.py:149} INFO - 2023-05/artist_dim.csv
[2023-05-09T16:34:48.346+0000] {base.py:73} INFO - Using connection ID 'aws_connection' for task execution.
[2023-05-09T16:34:48.347+0000] {connection_wrapper.py:337} INFO - AWS Connection (conn_id='aws_connection', conn_type='aws') credentials retrieved from login and password.
[2023-05-09T16:34:48.707+0000] {logging_mixin.py:149} INFO -    artist_name               artist_id           genre
0    50landing  5aTRa02UP1y6PW5klZiTt0             NaN
1       SypSki  3XOHHfvBYKCMo1h0DFY27z             NaN
2        raspy  1trffosn0Alk3IlloOD5O8  pittsburgh rap
3  Landon Cube  04ei5kNgmDuNAydFhhIHnD      vapor trap
4     brakence  4kqFrZkeqDfOIEqTWqbOOV      glitchcore
[2023-05-09T16:34:48.708+0000] {logging_mixin.py:149} INFO - INSERT INTO artist_dim (artist_name,artist_id,genre) VALUES (%s,%s,%s) ON CONFLICT (artist_id) DO UPDATE SET artist_name=EXCLUDED.artist_name,artist_id=EXCLUDED.artist_id,genre=EXCLUDED.genre
[2023-05-09T16:34:48.721+0000] {base.py:73} INFO - Using connection ID '***' for task execution.
[2023-05-09T16:34:48.746+0000] {sql.py:375} INFO - Running statement: INSERT INTO artist_dim (artist_name,artist_id,genre) VALUES (%s,%s,%s) ON CONFLICT (artist_id) DO UPDATE SET artist_name=EXCLUDED.artist_name,artist_id=EXCLUDED.artist_id,genre=EXCLUDED.genre, parameters: ('50landing', '5aTRa02UP1y6PW5klZiTt0', nan)
[2023-05-09T16:34:48.750+0000] {sql.py:384} INFO - Rows affected: 1
[2023-05-09T16:34:48.761+0000] {base.py:73} INFO - Using connection ID '***' for task execution.
[2023-05-09T16:34:48.771+0000] {sql.py:375} INFO - Running statement: INSERT INTO artist_dim (artist_name,artist_id,genre) VALUES (%s,%s,%s) ON CONFLICT (artist_id) DO UPDATE SET artist_name=EXCLUDED.artist_name,artist_id=EXCLUDED.artist_id,genre=EXCLUDED.genre, parameters: ('SypSki', '3XOHHfvBYKCMo1h0DFY27z', nan)
[2023-05-09T16:34:48.773+0000] {sql.py:384} INFO - Rows affected: 1
[2023-05-09T16:34:48.781+0000] {base.py:73} INFO - Using connection ID '***' for task execution.
[2023-05-09T16:34:48.793+0000] {sql.py:375} INFO - Running statement: INSERT INTO artist_dim (artist_name,artist_id,genre) VALUES (%s,%s,%s) ON CONFLICT (artist_id) DO UPDATE SET artist_name=EXCLUDED.artist_name,artist_id=EXCLUDED.artist_id,genre=EXCLUDED.genre, parameters: ('raspy', '1trffosn0Alk3IlloOD5O8', 'pittsburgh rap')
[2023-05-09T16:34:48.795+0000] {sql.py:384} INFO - Rows affected: 1
[2023-05-09T16:34:48.804+0000] {base.py:73} INFO - Using connection ID '***' for task execution.
[2023-05-09T16:34:48.811+0000] {sql.py:375} INFO - Running statement: INSERT INTO artist_dim (artist_name,artist_id,genre) VALUES (%s,%s,%s) ON CONFLICT (artist_id) DO UPDATE SET artist_name=EXCLUDED.artist_name,artist_id=EXCLUDED.artist_id,genre=EXCLUDED.genre, parameters: ('Landon Cube', '04ei5kNgmDuNAydFhhIHnD', 'vapor trap')
[2023-05-09T16:34:48.813+0000] {sql.py:384} INFO - Rows affected: 1
[2023-05-09T16:34:48.822+0000] {base.py:73} INFO - Using connection ID '***' for task execution.
[2023-05-09T16:34:48.829+0000] {sql.py:375} INFO - Running statement: INSERT INTO artist_dim (artist_name,artist_id,genre) VALUES (%s,%s,%s) ON CONFLICT (artist_id) DO UPDATE SET artist_name=EXCLUDED.artist_name,artist_id=EXCLUDED.artist_id,genre=EXCLUDED.genre, parameters: ('brakence', '4kqFrZkeqDfOIEqTWqbOOV', 'glitchcore')
[2023-05-09T16:34:48.831+0000] {sql.py:384} INFO - Rows affected: 1
[2023-05-09T16:34:48.839+0000] {base.py:73} INFO - Using connection ID '***' for task execution.
[2023-05-09T16:34:48.845+0000] {sql.py:375} INFO - Running statement: INSERT INTO artist_dim (artist_name,artist_id,genre) VALUES (%s,%s,%s) ON CONFLICT (artist_id) DO UPDATE SET artist_name=EXCLUDED.artist_name,artist_id=EXCLUDED.artist_id,genre=EXCLUDED.genre, parameters: ('Oliver Francis', '0WvTK38rXqPCD5pZMDuX20', 'cloud rap')
[2023-05-09T16:34:48.847+0000] {sql.py:384} INFO - Rows affected: 1
[2023-05-09T16:34:48.855+0000] {base.py:73} INFO - Using connection ID '***' for task execution.
[2023-05-09T16:34:48.861+0000] {sql.py:375} INFO - Running statement: INSERT INTO artist_dim (artist_name,artist_id,genre) VALUES (%s,%s,%s) ON CONFLICT (artist_id) DO UPDATE SET artist_name=EXCLUDED.artist_name,artist_id=EXCLUDED.artist_id,genre=EXCLUDED.genre, parameters: ('Aries', '3hOdow4ZPmrby7Q1wfPLEy', nan)
[2023-05-09T16:34:48.863+0000] {sql.py:384} INFO - Rows affected: 1
[2023-05-09T16:34:48.872+0000] {base.py:73} INFO - Using connection ID '***' for task execution.
[2023-05-09T16:34:48.880+0000] {sql.py:375} INFO - Running statement: INSERT INTO artist_dim (artist_name,artist_id,genre) VALUES (%s,%s,%s) ON CONFLICT (artist_id) DO UPDATE SET artist_name=EXCLUDED.artist_name,artist_id=EXCLUDED.artist_id,genre=EXCLUDED.genre, parameters: ('elias', '7eRBEVzcZk4XyIdF0Btfg4', 'lo-fi rap')
[2023-05-09T16:34:48.881+0000] {sql.py:384} INFO - Rows affected: 1
[2023-05-09T16:34:48.889+0000] {base.py:73} INFO - Using connection ID '***' for task execution.
[2023-05-09T16:34:48.895+0000] {sql.py:375} INFO - Running statement: INSERT INTO artist_dim (artist_name,artist_id,genre) VALUES (%s,%s,%s) ON CONFLICT (artist_id) DO UPDATE SET artist_name=EXCLUDED.artist_name,artist_id=EXCLUDED.artist_id,genre=EXCLUDED.genre, parameters: ('MostlyEverything', '3Ae7AQITxFS0r3yGQHYDJI', 'upstate ny rap')
[2023-05-09T16:34:48.897+0000] {sql.py:384} INFO - Rows affected: 1
[2023-05-09T16:34:48.905+0000] {base.py:73} INFO - Using connection ID '***' for task execution.
[2023-05-09T16:34:48.911+0000] {sql.py:375} INFO - Running statement: INSERT INTO artist_dim (artist_name,artist_id,genre) VALUES (%s,%s,%s) ON CONFLICT (artist_id) DO UPDATE SET artist_name=EXCLUDED.artist_name,artist_id=EXCLUDED.artist_id,genre=EXCLUDED.genre, parameters: ('Foreign Forest', '7C4ztJMkuGRy0qkU6dG5hU', 'emo rap')
[2023-05-09T16:34:48.913+0000] {sql.py:384} INFO - Rows affected: 1
[2023-05-09T16:34:48.919+0000] {base.py:73} INFO - Using connection ID '***' for task execution.
[2023-05-09T16:34:48.926+0000] {sql.py:375} INFO - Running statement: INSERT INTO artist_dim (artist_name,artist_id,genre) VALUES (%s,%s,%s) ON CONFLICT (artist_id) DO UPDATE SET artist_name=EXCLUDED.artist_name,artist_id=EXCLUDED.artist_id,genre=EXCLUDED.genre, parameters: ('Ashes', '0vUk0rbl0BkFjmeFvjOvoj', nan)
[2023-05-09T16:34:48.927+0000] {sql.py:384} INFO - Rows affected: 1
[2023-05-09T16:34:48.933+0000] {base.py:73} INFO - Using connection ID '***' for task execution.
[2023-05-09T16:34:48.940+0000] {sql.py:375} INFO - Running statement: INSERT INTO artist_dim (artist_name,artist_id,genre) VALUES (%s,%s,%s) ON CONFLICT (artist_id) DO UPDATE SET artist_name=EXCLUDED.artist_name,artist_id=EXCLUDED.artist_id,genre=EXCLUDED.genre, parameters: ('blackbear', '2cFrymmkijnjDg9SS92EPM', 'alt z')
[2023-05-09T16:34:48.941+0000] {sql.py:384} INFO - Rows affected: 1
[2023-05-09T16:34:48.948+0000] {base.py:73} INFO - Using connection ID '***' for task execution.
[2023-05-09T16:34:48.962+0000] {sql.py:375} INFO - Running statement: INSERT INTO artist_dim (artist_name,artist_id,genre) VALUES (%s,%s,%s) ON CONFLICT (artist_id) DO UPDATE SET artist_name=EXCLUDED.artist_name,artist_id=EXCLUDED.artist_id,genre=EXCLUDED.genre, parameters: ('6 Dogs', '3Ps6le7tj5BdNtdnfNgTU4', 'cloud rap')
[2023-05-09T16:34:48.964+0000] {sql.py:384} INFO - Rows affected: 1
[2023-05-09T16:34:48.970+0000] {base.py:73} INFO - Using connection ID '***' for task execution.
[2023-05-09T16:34:48.976+0000] {sql.py:375} INFO - Running statement: INSERT INTO artist_dim (artist_name,artist_id,genre) VALUES (%s,%s,%s) ON CONFLICT (artist_id) DO UPDATE SET artist_name=EXCLUDED.artist_name,artist_id=EXCLUDED.artist_id,genre=EXCLUDED.genre, parameters: ('Pretty Pacc', '2QuPPChZpqAai29uqulNFe', nan)
[2023-05-09T16:34:48.977+0000] {sql.py:384} INFO - Rows affected: 1
[2023-05-09T16:34:48.983+0000] {base.py:73} INFO - Using connection ID '***' for task execution.
[2023-05-09T16:34:48.989+0000] {sql.py:375} INFO - Running statement: INSERT INTO artist_dim (artist_name,artist_id,genre) VALUES (%s,%s,%s) ON CONFLICT (artist_id) DO UPDATE SET artist_name=EXCLUDED.artist_name,artist_id=EXCLUDED.artist_id,genre=EXCLUDED.genre, parameters: ('SAIAH', '5ZPYeVqoWNuukwfarvkyJX', nan)
[2023-05-09T16:34:48.990+0000] {sql.py:384} INFO - Rows affected: 1
[2023-05-09T16:34:48.996+0000] {base.py:73} INFO - Using connection ID '***' for task execution.
[2023-05-09T16:34:49.002+0000] {sql.py:375} INFO - Running statement: INSERT INTO artist_dim (artist_name,artist_id,genre) VALUES (%s,%s,%s) ON CONFLICT (artist_id) DO UPDATE SET artist_name=EXCLUDED.artist_name,artist_id=EXCLUDED.artist_id,genre=EXCLUDED.genre, parameters: ('Lucy Fer', '0BxHc5dN9BSfLZ8PCch9wT', nan)
[2023-05-09T16:34:49.004+0000] {sql.py:384} INFO - Rows affected: 1
[2023-05-09T16:34:49.010+0000] {base.py:73} INFO - Using connection ID '***' for task execution.
[2023-05-09T16:34:49.016+0000] {sql.py:375} INFO - Running statement: INSERT INTO artist_dim (artist_name,artist_id,genre) VALUES (%s,%s,%s) ON CONFLICT (artist_id) DO UPDATE SET artist_name=EXCLUDED.artist_name,artist_id=EXCLUDED.artist_id,genre=EXCLUDED.genre, parameters: ('Sleepa', '1iT8Vbd7KhZiBji3G72zDW', nan)
[2023-05-09T16:34:49.017+0000] {sql.py:384} INFO - Rows affected: 1
[2023-05-09T16:34:49.024+0000] {base.py:73} INFO - Using connection ID '***' for task execution.
[2023-05-09T16:34:49.030+0000] {sql.py:375} INFO - Running statement: INSERT INTO artist_dim (artist_name,artist_id,genre) VALUES (%s,%s,%s) ON CONFLICT (artist_id) DO UPDATE SET artist_name=EXCLUDED.artist_name,artist_id=EXCLUDED.artist_id,genre=EXCLUDED.genre, parameters: ('glaive', '4cJKDGSv4Dz9QycXYmo565', 'glitchcore')
[2023-05-09T16:34:49.031+0000] {sql.py:384} INFO - Rows affected: 1
[2023-05-09T16:34:49.037+0000] {base.py:73} INFO - Using connection ID '***' for task execution.
[2023-05-09T16:34:49.043+0000] {sql.py:375} INFO - Running statement: INSERT INTO artist_dim (artist_name,artist_id,genre) VALUES (%s,%s,%s) ON CONFLICT (artist_id) DO UPDATE SET artist_name=EXCLUDED.artist_name,artist_id=EXCLUDED.artist_id,genre=EXCLUDED.genre, parameters: ('kaido', '0UENogXhLeGTZjub4eejjX', 'hyperpop')
[2023-05-09T16:34:49.045+0000] {sql.py:384} INFO - Rows affected: 1
[2023-05-09T16:34:49.051+0000] {base.py:73} INFO - Using connection ID '***' for task execution.
[2023-05-09T16:34:49.057+0000] {sql.py:375} INFO - Running statement: INSERT INTO artist_dim (artist_name,artist_id,genre) VALUES (%s,%s,%s) ON CONFLICT (artist_id) DO UPDATE SET artist_name=EXCLUDED.artist_name,artist_id=EXCLUDED.artist_id,genre=EXCLUDED.genre, parameters: ('kurtains', '7b2FbxYmnpGMPqDe04QmyP', 'emoplugg')
[2023-05-09T16:34:49.058+0000] {sql.py:384} INFO - Rows affected: 1
[2023-05-09T16:34:49.064+0000] {base.py:73} INFO - Using connection ID '***' for task execution.
[2023-05-09T16:34:49.071+0000] {sql.py:375} INFO - Running statement: INSERT INTO artist_dim (artist_name,artist_id,genre) VALUES (%s,%s,%s) ON CONFLICT (artist_id) DO UPDATE SET artist_name=EXCLUDED.artist_name,artist_id=EXCLUDED.artist_id,genre=EXCLUDED.genre, parameters: ('Numl6ck', '2anlj4dNUn9I1VxxmjRHRx', 'glitchcore')
[2023-05-09T16:34:49.072+0000] {sql.py:384} INFO - Rows affected: 1
[2023-05-09T16:34:49.078+0000] {base.py:73} INFO - Using connection ID '***' for task execution.
[2023-05-09T16:34:49.086+0000] {sql.py:375} INFO - Running statement: INSERT INTO artist_dim (artist_name,artist_id,genre) VALUES (%s,%s,%s) ON CONFLICT (artist_id) DO UPDATE SET artist_name=EXCLUDED.artist_name,artist_id=EXCLUDED.artist_id,genre=EXCLUDED.genre, parameters: ('Deadman Era', '4FI4qPOnjt3D8DnJQrNWps', nan)
[2023-05-09T16:34:49.088+0000] {sql.py:384} INFO - Rows affected: 1
[2023-05-09T16:34:49.095+0000] {base.py:73} INFO - Using connection ID '***' for task execution.
[2023-05-09T16:34:49.101+0000] {sql.py:375} INFO - Running statement: INSERT INTO artist_dim (artist_name,artist_id,genre) VALUES (%s,%s,%s) ON CONFLICT (artist_id) DO UPDATE SET artist_name=EXCLUDED.artist_name,artist_id=EXCLUDED.artist_id,genre=EXCLUDED.genre, parameters: ('Lund', '5uLkZ7FWMTBUg1corQqdkR', 'cloud rap')
[2023-05-09T16:34:49.102+0000] {sql.py:384} INFO - Rows affected: 1
[2023-05-09T16:34:49.109+0000] {base.py:73} INFO - Using connection ID '***' for task execution.
[2023-05-09T16:34:49.115+0000] {sql.py:375} INFO - Running statement: INSERT INTO artist_dim (artist_name,artist_id,genre) VALUES (%s,%s,%s) ON CONFLICT (artist_id) DO UPDATE SET artist_name=EXCLUDED.artist_name,artist_id=EXCLUDED.artist_id,genre=EXCLUDED.genre, parameters: ('Lil Cobaine', '0ILo2K3FmfIh4ICcbHE7RK', nan)
[2023-05-09T16:34:49.116+0000] {sql.py:384} INFO - Rows affected: 1
[2023-05-09T16:34:49.122+0000] {base.py:73} INFO - Using connection ID '***' for task execution.
[2023-05-09T16:34:49.128+0000] {sql.py:375} INFO - Running statement: INSERT INTO artist_dim (artist_name,artist_id,genre) VALUES (%s,%s,%s) ON CONFLICT (artist_id) DO UPDATE SET artist_name=EXCLUDED.artist_name,artist_id=EXCLUDED.artist_id,genre=EXCLUDED.genre, parameters: ('ilham', '0r7PsZB4ePA6vHrW4agoGN', nan)
[2023-05-09T16:34:49.130+0000] {sql.py:384} INFO - Rows affected: 1
[2023-05-09T16:34:49.138+0000] {base.py:73} INFO - Using connection ID '***' for task execution.
[2023-05-09T16:34:49.143+0000] {sql.py:375} INFO - Running statement: INSERT INTO artist_dim (artist_name,artist_id,genre) VALUES (%s,%s,%s) ON CONFLICT (artist_id) DO UPDATE SET artist_name=EXCLUDED.artist_name,artist_id=EXCLUDED.artist_id,genre=EXCLUDED.genre, parameters: ('Angelo Mota', '1PpFka2STGQ57kJcgYBgEF', 'indie hip hop')
[2023-05-09T16:34:49.145+0000] {sql.py:384} INFO - Rows affected: 1
[2023-05-09T16:34:49.151+0000] {base.py:73} INFO - Using connection ID '***' for task execution.
[2023-05-09T16:34:49.158+0000] {sql.py:375} INFO - Running statement: INSERT INTO artist_dim (artist_name,artist_id,genre) VALUES (%s,%s,%s) ON CONFLICT (artist_id) DO UPDATE SET artist_name=EXCLUDED.artist_name,artist_id=EXCLUDED.artist_id,genre=EXCLUDED.genre, parameters: ('Xuitcasecity', '6YxrfNCKBcQlbITpmDLErL', 'indie pop rap')
[2023-05-09T16:34:49.160+0000] {sql.py:384} INFO - Rows affected: 1
[2023-05-09T16:34:49.166+0000] {base.py:73} INFO - Using connection ID '***' for task execution.
[2023-05-09T16:34:49.173+0000] {sql.py:375} INFO - Running statement: INSERT INTO artist_dim (artist_name,artist_id,genre) VALUES (%s,%s,%s) ON CONFLICT (artist_id) DO UPDATE SET artist_name=EXCLUDED.artist_name,artist_id=EXCLUDED.artist_id,genre=EXCLUDED.genre, parameters: ('benny mayne', '2R2Yg2qPloNOTOfqxfXX7l', 'canadian contemporary r&b')
[2023-05-09T16:34:49.174+0000] {sql.py:384} INFO - Rows affected: 1
[2023-05-09T16:34:49.181+0000] {base.py:73} INFO - Using connection ID '***' for task execution.
[2023-05-09T16:34:49.188+0000] {sql.py:375} INFO - Running statement: INSERT INTO artist_dim (artist_name,artist_id,genre) VALUES (%s,%s,%s) ON CONFLICT (artist_id) DO UPDATE SET artist_name=EXCLUDED.artist_name,artist_id=EXCLUDED.artist_id,genre=EXCLUDED.genre, parameters: ('Isekai', '4yOY5zmuuTlS1DbG3yZGki', nan)
[2023-05-09T16:34:49.190+0000] {sql.py:384} INFO - Rows affected: 1
[2023-05-09T16:34:49.196+0000] {base.py:73} INFO - Using connection ID '***' for task execution.
[2023-05-09T16:34:49.202+0000] {sql.py:375} INFO - Running statement: INSERT INTO artist_dim (artist_name,artist_id,genre) VALUES (%s,%s,%s) ON CONFLICT (artist_id) DO UPDATE SET artist_name=EXCLUDED.artist_name,artist_id=EXCLUDED.artist_id,genre=EXCLUDED.genre, parameters: ('Lil Rae', '7iVscW49OWowl9SoLmWzfy', nan)
[2023-05-09T16:34:49.204+0000] {sql.py:384} INFO - Rows affected: 1
[2023-05-09T16:34:49.210+0000] {base.py:73} INFO - Using connection ID '***' for task execution.
[2023-05-09T16:34:49.217+0000] {sql.py:375} INFO - Running statement: INSERT INTO artist_dim (artist_name,artist_id,genre) VALUES (%s,%s,%s) ON CONFLICT (artist_id) DO UPDATE SET artist_name=EXCLUDED.artist_name,artist_id=EXCLUDED.artist_id,genre=EXCLUDED.genre, parameters: ('916frosty', '6c0lj01vVpHsCH7Z5CfJ9K', 'emo rap')
[2023-05-09T16:34:49.218+0000] {sql.py:384} INFO - Rows affected: 1
[2023-05-09T16:34:49.225+0000] {base.py:73} INFO - Using connection ID '***' for task execution.
[2023-05-09T16:34:49.231+0000] {sql.py:375} INFO - Running statement: INSERT INTO artist_dim (artist_name,artist_id,genre) VALUES (%s,%s,%s) ON CONFLICT (artist_id) DO UPDATE SET artist_name=EXCLUDED.artist_name,artist_id=EXCLUDED.artist_id,genre=EXCLUDED.genre, parameters: ('Marco Luka', '4tjqHer0BFQbJ1FVyWhffM', nan)
[2023-05-09T16:34:49.233+0000] {sql.py:384} INFO - Rows affected: 1
[2023-05-09T16:34:49.240+0000] {base.py:73} INFO - Using connection ID '***' for task execution.
[2023-05-09T16:34:49.246+0000] {sql.py:375} INFO - Running statement: INSERT INTO artist_dim (artist_name,artist_id,genre) VALUES (%s,%s,%s) ON CONFLICT (artist_id) DO UPDATE SET artist_name=EXCLUDED.artist_name,artist_id=EXCLUDED.artist_id,genre=EXCLUDED.genre, parameters: ('COTIS', '63CZNEytugjFnZBdjBmWc8', 'canadian contemporary r&b')
[2023-05-09T16:34:49.248+0000] {sql.py:384} INFO - Rows affected: 1
[2023-05-09T16:34:49.254+0000] {base.py:73} INFO - Using connection ID '***' for task execution.
[2023-05-09T16:34:49.260+0000] {sql.py:375} INFO - Running statement: INSERT INTO artist_dim (artist_name,artist_id,genre) VALUES (%s,%s,%s) ON CONFLICT (artist_id) DO UPDATE SET artist_name=EXCLUDED.artist_name,artist_id=EXCLUDED.artist_id,genre=EXCLUDED.genre, parameters: ('diveliner', '0be7y7HUvSBf8uG1X7pK8f', nan)
[2023-05-09T16:34:49.262+0000] {sql.py:384} INFO - Rows affected: 1
[2023-05-09T16:34:49.268+0000] {base.py:73} INFO - Using connection ID '***' for task execution.
[2023-05-09T16:34:49.275+0000] {sql.py:375} INFO - Running statement: INSERT INTO artist_dim (artist_name,artist_id,genre) VALUES (%s,%s,%s) ON CONFLICT (artist_id) DO UPDATE SET artist_name=EXCLUDED.artist_name,artist_id=EXCLUDED.artist_id,genre=EXCLUDED.genre, parameters: ('Young Lungs', '2trvlbfMS5zVozEmrFNDTJ', 'canadian hip hop')
[2023-05-09T16:34:49.277+0000] {sql.py:384} INFO - Rows affected: 1
[2023-05-09T16:34:49.283+0000] {base.py:73} INFO - Using connection ID '***' for task execution.
[2023-05-09T16:34:49.290+0000] {sql.py:375} INFO - Running statement: INSERT INTO artist_dim (artist_name,artist_id,genre) VALUES (%s,%s,%s) ON CONFLICT (artist_id) DO UPDATE SET artist_name=EXCLUDED.artist_name,artist_id=EXCLUDED.artist_id,genre=EXCLUDED.genre, parameters: ('Darko', '63dmB3SM4vOZ8rK1EX5IkU', 'sad rap')
[2023-05-09T16:34:49.291+0000] {sql.py:384} INFO - Rows affected: 1
[2023-05-09T16:34:49.297+0000] {base.py:73} INFO - Using connection ID '***' for task execution.
[2023-05-09T16:34:49.304+0000] {sql.py:375} INFO - Running statement: INSERT INTO artist_dim (artist_name,artist_id,genre) VALUES (%s,%s,%s) ON CONFLICT (artist_id) DO UPDATE SET artist_name=EXCLUDED.artist_name,artist_id=EXCLUDED.artist_id,genre=EXCLUDED.genre, parameters: ('24kGoldn', '6fWVd57NKTalqvmjRd2t8Z', 'cali rap')
[2023-05-09T16:34:49.305+0000] {sql.py:384} INFO - Rows affected: 1
[2023-05-09T16:34:49.312+0000] {base.py:73} INFO - Using connection ID '***' for task execution.
[2023-05-09T16:34:49.335+0000] {sql.py:375} INFO - Running statement: INSERT INTO artist_dim (artist_name,artist_id,genre) VALUES (%s,%s,%s) ON CONFLICT (artist_id) DO UPDATE SET artist_name=EXCLUDED.artist_name,artist_id=EXCLUDED.artist_id,genre=EXCLUDED.genre, parameters: ('convolk', '3ddT1Q3KQAm1G7UcIfz5KJ', 'cloud rap')
[2023-05-09T16:34:49.337+0000] {sql.py:384} INFO - Rows affected: 1
[2023-05-09T16:34:49.346+0000] {base.py:73} INFO - Using connection ID '***' for task execution.
[2023-05-09T16:34:49.353+0000] {sql.py:375} INFO - Running statement: INSERT INTO artist_dim (artist_name,artist_id,genre) VALUES (%s,%s,%s) ON CONFLICT (artist_id) DO UPDATE SET artist_name=EXCLUDED.artist_name,artist_id=EXCLUDED.artist_id,genre=EXCLUDED.genre, parameters: ('Sevant', '47SwNXPh17mIDcZwsCr6hX', nan)
[2023-05-09T16:34:49.355+0000] {sql.py:384} INFO - Rows affected: 1
[2023-05-09T16:34:49.362+0000] {base.py:73} INFO - Using connection ID '***' for task execution.
[2023-05-09T16:34:49.368+0000] {sql.py:375} INFO - Running statement: INSERT INTO artist_dim (artist_name,artist_id,genre) VALUES (%s,%s,%s) ON CONFLICT (artist_id) DO UPDATE SET artist_name=EXCLUDED.artist_name,artist_id=EXCLUDED.artist_id,genre=EXCLUDED.genre, parameters: ('Lui Joseph', '7MS7B4QRp1n6c5H8N7s3wB', 'sad rap')
[2023-05-09T16:34:49.370+0000] {sql.py:384} INFO - Rows affected: 1
[2023-05-09T16:34:49.376+0000] {base.py:73} INFO - Using connection ID '***' for task execution.
[2023-05-09T16:34:49.382+0000] {sql.py:375} INFO - Running statement: INSERT INTO artist_dim (artist_name,artist_id,genre) VALUES (%s,%s,%s) ON CONFLICT (artist_id) DO UPDATE SET artist_name=EXCLUDED.artist_name,artist_id=EXCLUDED.artist_id,genre=EXCLUDED.genre, parameters: ('Josh Golden', '6wUAn24MOirNVNqQM47fda', 'la pop')
[2023-05-09T16:34:49.384+0000] {sql.py:384} INFO - Rows affected: 1
[2023-05-09T16:34:49.390+0000] {base.py:73} INFO - Using connection ID '***' for task execution.
[2023-05-09T16:34:49.397+0000] {sql.py:375} INFO - Running statement: INSERT INTO artist_dim (artist_name,artist_id,genre) VALUES (%s,%s,%s) ON CONFLICT (artist_id) DO UPDATE SET artist_name=EXCLUDED.artist_name,artist_id=EXCLUDED.artist_id,genre=EXCLUDED.genre, parameters: ('ATO', '4KoNbDwbCK9D04dSmYG93E', nan)
[2023-05-09T16:34:49.399+0000] {sql.py:384} INFO - Rows affected: 1
[2023-05-09T16:34:49.405+0000] {base.py:73} INFO - Using connection ID '***' for task execution.
[2023-05-09T16:34:49.414+0000] {sql.py:375} INFO - Running statement: INSERT INTO artist_dim (artist_name,artist_id,genre) VALUES (%s,%s,%s) ON CONFLICT (artist_id) DO UPDATE SET artist_name=EXCLUDED.artist_name,artist_id=EXCLUDED.artist_id,genre=EXCLUDED.genre, parameters: ('Felly', '2848adRcxvgWNRcz1g1tQD', 'indie pop rap')
[2023-05-09T16:34:49.416+0000] {sql.py:384} INFO - Rows affected: 1
[2023-05-09T16:34:49.422+0000] {base.py:73} INFO - Using connection ID '***' for task execution.
[2023-05-09T16:34:49.428+0000] {sql.py:375} INFO - Running statement: INSERT INTO artist_dim (artist_name,artist_id,genre) VALUES (%s,%s,%s) ON CONFLICT (artist_id) DO UPDATE SET artist_name=EXCLUDED.artist_name,artist_id=EXCLUDED.artist_id,genre=EXCLUDED.genre, parameters: ('RIZ LA VIE', '0QkgnHpxSCOYdTnhUR9S5k', 'bedroom soul')
[2023-05-09T16:34:49.430+0000] {sql.py:384} INFO - Rows affected: 1
[2023-05-09T16:34:49.436+0000] {base.py:73} INFO - Using connection ID '***' for task execution.
[2023-05-09T16:34:49.442+0000] {sql.py:375} INFO - Running statement: INSERT INTO artist_dim (artist_name,artist_id,genre) VALUES (%s,%s,%s) ON CONFLICT (artist_id) DO UPDATE SET artist_name=EXCLUDED.artist_name,artist_id=EXCLUDED.artist_id,genre=EXCLUDED.genre, parameters: ('Tommy Ice', '3AUIYVmhwrsw8UOPHEv91Z', 'emo rap')
[2023-05-09T16:34:49.444+0000] {sql.py:384} INFO - Rows affected: 1
[2023-05-09T16:34:49.450+0000] {base.py:73} INFO - Using connection ID '***' for task execution.
[2023-05-09T16:34:49.456+0000] {sql.py:375} INFO - Running statement: INSERT INTO artist_dim (artist_name,artist_id,genre) VALUES (%s,%s,%s) ON CONFLICT (artist_id) DO UPDATE SET artist_name=EXCLUDED.artist_name,artist_id=EXCLUDED.artist_id,genre=EXCLUDED.genre, parameters: ('Andrew Spacey', '71EAlWYAa5jb4phZIOlp7u', 'st louis rap')
[2023-05-09T16:34:49.458+0000] {sql.py:384} INFO - Rows affected: 1
[2023-05-09T16:34:49.463+0000] {base.py:73} INFO - Using connection ID '***' for task execution.
[2023-05-09T16:34:49.469+0000] {sql.py:375} INFO - Running statement: INSERT INTO artist_dim (artist_name,artist_id,genre) VALUES (%s,%s,%s) ON CONFLICT (artist_id) DO UPDATE SET artist_name=EXCLUDED.artist_name,artist_id=EXCLUDED.artist_id,genre=EXCLUDED.genre, parameters: ('aldn', '2GUw9Wzha61PkZoRVv1PDD', 'glitchcore')
[2023-05-09T16:34:49.471+0000] {sql.py:384} INFO - Rows affected: 1
[2023-05-09T16:34:49.477+0000] {base.py:73} INFO - Using connection ID '***' for task execution.
[2023-05-09T16:34:49.485+0000] {sql.py:375} INFO - Running statement: INSERT INTO artist_dim (artist_name,artist_id,genre) VALUES (%s,%s,%s) ON CONFLICT (artist_id) DO UPDATE SET artist_name=EXCLUDED.artist_name,artist_id=EXCLUDED.artist_id,genre=EXCLUDED.genre, parameters: ('RONEN', '3wDeS1sr05fxaOeiJJrOnL', 'aesthetic rap')
[2023-05-09T16:34:49.487+0000] {sql.py:384} INFO - Rows affected: 1
[2023-05-09T16:34:49.494+0000] {base.py:73} INFO - Using connection ID '***' for task execution.
[2023-05-09T16:34:49.501+0000] {sql.py:375} INFO - Running statement: INSERT INTO artist_dim (artist_name,artist_id,genre) VALUES (%s,%s,%s) ON CONFLICT (artist_id) DO UPDATE SET artist_name=EXCLUDED.artist_name,artist_id=EXCLUDED.artist_id,genre=EXCLUDED.genre, parameters: ('Elroy', '1OP39gZ2SXVnwg4NrARmsu', 'hyperpop')
[2023-05-09T16:34:49.503+0000] {sql.py:384} INFO - Rows affected: 1
[2023-05-09T16:34:49.509+0000] {base.py:73} INFO - Using connection ID '***' for task execution.
[2023-05-09T16:34:49.515+0000] {sql.py:375} INFO - Running statement: INSERT INTO artist_dim (artist_name,artist_id,genre) VALUES (%s,%s,%s) ON CONFLICT (artist_id) DO UPDATE SET artist_name=EXCLUDED.artist_name,artist_id=EXCLUDED.artist_id,genre=EXCLUDED.genre, parameters: ('44phantom', '1vwwjIPFeYoRfAUCqqO6cZ', nan)
[2023-05-09T16:34:49.518+0000] {sql.py:384} INFO - Rows affected: 1
[2023-05-09T16:34:49.525+0000] {base.py:73} INFO - Using connection ID '***' for task execution.
[2023-05-09T16:34:54.533+0000] {sql.py:375} INFO - Running statement: INSERT INTO artist_dim (artist_name,artist_id,genre) VALUES (%s,%s,%s) ON CONFLICT (artist_id) DO UPDATE SET artist_name=EXCLUDED.artist_name,artist_id=EXCLUDED.artist_id,genre=EXCLUDED.genre, parameters: ('Ramzoid', '2Ci3Sflo2BfC77wTwn2hbH', 'future bass')
[2023-05-09T16:34:54.534+0000] {sql.py:384} INFO - Rows affected: 1
[2023-05-09T16:34:54.541+0000] {base.py:73} INFO - Using connection ID '***' for task execution.
[2023-05-09T16:34:54.547+0000] {sql.py:375} INFO - Running statement: INSERT INTO artist_dim (artist_name,artist_id,genre) VALUES (%s,%s,%s) ON CONFLICT (artist_id) DO UPDATE SET artist_name=EXCLUDED.artist_name,artist_id=EXCLUDED.artist_id,genre=EXCLUDED.genre, parameters: ('GOLDHOUSE', '670UISOh9XV1zlq5z5IfoY', 'pop edm')
[2023-05-09T16:34:54.549+0000] {sql.py:384} INFO - Rows affected: 1
[2023-05-09T16:34:54.556+0000] {base.py:73} INFO - Using connection ID '***' for task execution.
[2023-05-09T16:34:54.562+0000] {sql.py:375} INFO - Running statement: INSERT INTO artist_dim (artist_name,artist_id,genre) VALUES (%s,%s,%s) ON CONFLICT (artist_id) DO UPDATE SET artist_name=EXCLUDED.artist_name,artist_id=EXCLUDED.artist_id,genre=EXCLUDED.genre, parameters: ('dying in designer', '3QZxOYl5zlZtfigtXOZsfT', 'emo rap')
[2023-05-09T16:34:54.564+0000] {sql.py:384} INFO - Rows affected: 1
[2023-05-09T16:34:54.572+0000] {base.py:73} INFO - Using connection ID '***' for task execution.
[2023-05-09T16:34:54.578+0000] {sql.py:375} INFO - Running statement: INSERT INTO artist_dim (artist_name,artist_id,genre) VALUES (%s,%s,%s) ON CONFLICT (artist_id) DO UPDATE SET artist_name=EXCLUDED.artist_name,artist_id=EXCLUDED.artist_id,genre=EXCLUDED.genre, parameters: ('Kota the Friend', '2AfU5LYBVCiCtuCCfM7uVX', 'underground hip hop')
[2023-05-09T16:34:54.579+0000] {sql.py:384} INFO - Rows affected: 1
[2023-05-09T16:34:54.586+0000] {base.py:73} INFO - Using connection ID '***' for task execution.
[2023-05-09T16:34:54.592+0000] {sql.py:375} INFO - Running statement: INSERT INTO artist_dim (artist_name,artist_id,genre) VALUES (%s,%s,%s) ON CONFLICT (artist_id) DO UPDATE SET artist_name=EXCLUDED.artist_name,artist_id=EXCLUDED.artist_id,genre=EXCLUDED.genre, parameters: ('Marlon Craft', '7MigDh04CCntQbsBvugEmb', 'nyc rap')
[2023-05-09T16:34:54.594+0000] {sql.py:384} INFO - Rows affected: 1
[2023-05-09T16:34:54.601+0000] {base.py:73} INFO - Using connection ID '***' for task execution.
[2023-05-09T16:34:54.607+0000] {sql.py:375} INFO - Running statement: INSERT INTO artist_dim (artist_name,artist_id,genre) VALUES (%s,%s,%s) ON CONFLICT (artist_id) DO UPDATE SET artist_name=EXCLUDED.artist_name,artist_id=EXCLUDED.artist_id,genre=EXCLUDED.genre, parameters: ('SEBASTIAN PAUL', '1tQu5TjcAK68fx8qrc8ZgF', nan)
[2023-05-09T16:34:54.609+0000] {sql.py:384} INFO - Rows affected: 1
[2023-05-09T16:34:54.616+0000] {base.py:73} INFO - Using connection ID '***' for task execution.
[2023-05-09T16:34:54.622+0000] {sql.py:375} INFO - Running statement: INSERT INTO artist_dim (artist_name,artist_id,genre) VALUES (%s,%s,%s) ON CONFLICT (artist_id) DO UPDATE SET artist_name=EXCLUDED.artist_name,artist_id=EXCLUDED.artist_id,genre=EXCLUDED.genre, parameters: ('Max Wells', '0Kx7qYhFiv0YD5lxEG1nsz', nan)
[2023-05-09T16:34:54.624+0000] {sql.py:384} INFO - Rows affected: 1
[2023-05-09T16:34:54.631+0000] {base.py:73} INFO - Using connection ID '***' for task execution.
[2023-05-09T16:34:54.640+0000] {sql.py:375} INFO - Running statement: INSERT INTO artist_dim (artist_name,artist_id,genre) VALUES (%s,%s,%s) ON CONFLICT (artist_id) DO UPDATE SET artist_name=EXCLUDED.artist_name,artist_id=EXCLUDED.artist_id,genre=EXCLUDED.genre, parameters: ('Gomey', '5ibWbhA0IkPT3xCN0YicRL', nan)
[2023-05-09T16:34:54.642+0000] {sql.py:384} INFO - Rows affected: 1
[2023-05-09T16:34:54.649+0000] {base.py:73} INFO - Using connection ID '***' for task execution.
[2023-05-09T16:34:54.657+0000] {sql.py:375} INFO - Running statement: INSERT INTO artist_dim (artist_name,artist_id,genre) VALUES (%s,%s,%s) ON CONFLICT (artist_id) DO UPDATE SET artist_name=EXCLUDED.artist_name,artist_id=EXCLUDED.artist_id,genre=EXCLUDED.genre, parameters: ('Christian French', '7naAJDAh7AZnf18YYfQruM', 'alt z')
[2023-05-09T16:34:54.659+0000] {sql.py:384} INFO - Rows affected: 1
[2023-05-09T16:34:54.666+0000] {base.py:73} INFO - Using connection ID '***' for task execution.
[2023-05-09T16:34:54.672+0000] {sql.py:375} INFO - Running statement: INSERT INTO artist_dim (artist_name,artist_id,genre) VALUES (%s,%s,%s) ON CONFLICT (artist_id) DO UPDATE SET artist_name=EXCLUDED.artist_name,artist_id=EXCLUDED.artist_id,genre=EXCLUDED.genre, parameters: ('tsubi club', '6fHEaFnFgMxMAtDt7mFoQ3', 'hyperpop')
[2023-05-09T16:34:54.673+0000] {sql.py:384} INFO - Rows affected: 1
[2023-05-09T16:34:54.680+0000] {base.py:73} INFO - Using connection ID '***' for task execution.
[2023-05-09T16:34:54.686+0000] {sql.py:375} INFO - Running statement: INSERT INTO artist_dim (artist_name,artist_id,genre) VALUES (%s,%s,%s) ON CONFLICT (artist_id) DO UPDATE SET artist_name=EXCLUDED.artist_name,artist_id=EXCLUDED.artist_id,genre=EXCLUDED.genre, parameters: ('Vwillz', '0S7eN9KAsbAaIZtFyCn1q1', nan)
[2023-05-09T16:34:54.687+0000] {sql.py:384} INFO - Rows affected: 1
[2023-05-09T16:34:54.694+0000] {base.py:73} INFO - Using connection ID '***' for task execution.
[2023-05-09T16:34:54.701+0000] {sql.py:375} INFO - Running statement: INSERT INTO artist_dim (artist_name,artist_id,genre) VALUES (%s,%s,%s) ON CONFLICT (artist_id) DO UPDATE SET artist_name=EXCLUDED.artist_name,artist_id=EXCLUDED.artist_id,genre=EXCLUDED.genre, parameters: ('Kevin Powers', '4X8TR9pBFyewFlIDYt1o2s', nan)
[2023-05-09T16:34:54.702+0000] {sql.py:384} INFO - Rows affected: 1
[2023-05-09T16:34:54.709+0000] {base.py:73} INFO - Using connection ID '***' for task execution.
[2023-05-09T16:34:54.716+0000] {sql.py:375} INFO - Running statement: INSERT INTO artist_dim (artist_name,artist_id,genre) VALUES (%s,%s,%s) ON CONFLICT (artist_id) DO UPDATE SET artist_name=EXCLUDED.artist_name,artist_id=EXCLUDED.artist_id,genre=EXCLUDED.genre, parameters: ('Brennan', '5UrcghjIlj83Jf7QjZfBhZ', nan)
[2023-05-09T16:34:54.717+0000] {sql.py:384} INFO - Rows affected: 1
[2023-05-09T16:34:54.724+0000] {base.py:73} INFO - Using connection ID '***' for task execution.
[2023-05-09T16:34:54.730+0000] {sql.py:375} INFO - Running statement: INSERT INTO artist_dim (artist_name,artist_id,genre) VALUES (%s,%s,%s) ON CONFLICT (artist_id) DO UPDATE SET artist_name=EXCLUDED.artist_name,artist_id=EXCLUDED.artist_id,genre=EXCLUDED.genre, parameters: ('Rawska', '3pob90yrusjcbgSYFKaeAk', 'cloud rap')
[2023-05-09T16:34:54.732+0000] {sql.py:384} INFO - Rows affected: 1
[2023-05-09T16:34:54.738+0000] {base.py:73} INFO - Using connection ID '***' for task execution.
[2023-05-09T16:34:54.744+0000] {sql.py:375} INFO - Running statement: INSERT INTO artist_dim (artist_name,artist_id,genre) VALUES (%s,%s,%s) ON CONFLICT (artist_id) DO UPDATE SET artist_name=EXCLUDED.artist_name,artist_id=EXCLUDED.artist_id,genre=EXCLUDED.genre, parameters: ('Ghostrage', '7BoBxrm9jJ7us6U92oqr4N', nan)
[2023-05-09T16:34:54.746+0000] {sql.py:384} INFO - Rows affected: 1
[2023-05-09T16:34:54.753+0000] {base.py:73} INFO - Using connection ID '***' for task execution.
[2023-05-09T16:34:54.760+0000] {sql.py:375} INFO - Running statement: INSERT INTO artist_dim (artist_name,artist_id,genre) VALUES (%s,%s,%s) ON CONFLICT (artist_id) DO UPDATE SET artist_name=EXCLUDED.artist_name,artist_id=EXCLUDED.artist_id,genre=EXCLUDED.genre, parameters: ('Cold Hart', '1fsCfvdiomqjKJFR6xI8e4', 'cloud rap')
[2023-05-09T16:34:54.761+0000] {sql.py:384} INFO - Rows affected: 1
[2023-05-09T16:34:54.768+0000] {base.py:73} INFO - Using connection ID '***' for task execution.
[2023-05-09T16:34:54.774+0000] {sql.py:375} INFO - Running statement: INSERT INTO artist_dim (artist_name,artist_id,genre) VALUES (%s,%s,%s) ON CONFLICT (artist_id) DO UPDATE SET artist_name=EXCLUDED.artist_name,artist_id=EXCLUDED.artist_id,genre=EXCLUDED.genre, parameters: ('Yung Pinch', '61qMnYXa1GxSBoV3IiYKjZ', 'melodic rap')
[2023-05-09T16:34:54.776+0000] {sql.py:384} INFO - Rows affected: 1
[2023-05-09T16:34:54.782+0000] {base.py:73} INFO - Using connection ID '***' for task execution.
[2023-05-09T16:34:54.790+0000] {sql.py:375} INFO - Running statement: INSERT INTO artist_dim (artist_name,artist_id,genre) VALUES (%s,%s,%s) ON CONFLICT (artist_id) DO UPDATE SET artist_name=EXCLUDED.artist_name,artist_id=EXCLUDED.artist_id,genre=EXCLUDED.genre, parameters: ('Johan Lenox', '1KuV6xtFnLPsneN3yBrjFj', nan)
[2023-05-09T16:34:54.791+0000] {sql.py:384} INFO - Rows affected: 1
[2023-05-09T16:34:54.799+0000] {base.py:73} INFO - Using connection ID '***' for task execution.
[2023-05-09T16:34:54.806+0000] {sql.py:375} INFO - Running statement: INSERT INTO artist_dim (artist_name,artist_id,genre) VALUES (%s,%s,%s) ON CONFLICT (artist_id) DO UPDATE SET artist_name=EXCLUDED.artist_name,artist_id=EXCLUDED.artist_id,genre=EXCLUDED.genre, parameters: ('Hovey Benjamin', '7wSr4otUV4ytUvHE4w3rBe', 'meme rap')
[2023-05-09T16:34:54.808+0000] {sql.py:384} INFO - Rows affected: 1
[2023-05-09T16:34:54.815+0000] {base.py:73} INFO - Using connection ID '***' for task execution.
[2023-05-09T16:34:54.821+0000] {sql.py:375} INFO - Running statement: INSERT INTO artist_dim (artist_name,artist_id,genre) VALUES (%s,%s,%s) ON CONFLICT (artist_id) DO UPDATE SET artist_name=EXCLUDED.artist_name,artist_id=EXCLUDED.artist_id,genre=EXCLUDED.genre, parameters: ('underscores', '7HfUJxeVTgrvhk0eWHFzV7', 'hyperpop')
[2023-05-09T16:34:54.823+0000] {sql.py:384} INFO - Rows affected: 1
[2023-05-09T16:34:54.830+0000] {base.py:73} INFO - Using connection ID '***' for task execution.
[2023-05-09T16:34:54.837+0000] {sql.py:375} INFO - Running statement: INSERT INTO artist_dim (artist_name,artist_id,genre) VALUES (%s,%s,%s) ON CONFLICT (artist_id) DO UPDATE SET artist_name=EXCLUDED.artist_name,artist_id=EXCLUDED.artist_id,genre=EXCLUDED.genre, parameters: ('MASN', '4HAfqyKr4Sqtab6ttHWXgE', 'sad rap')
[2023-05-09T16:34:54.838+0000] {sql.py:384} INFO - Rows affected: 1
[2023-05-09T16:34:54.845+0000] {base.py:73} INFO - Using connection ID '***' for task execution.
[2023-05-09T16:34:54.855+0000] {sql.py:375} INFO - Running statement: INSERT INTO artist_dim (artist_name,artist_id,genre) VALUES (%s,%s,%s) ON CONFLICT (artist_id) DO UPDATE SET artist_name=EXCLUDED.artist_name,artist_id=EXCLUDED.artist_id,genre=EXCLUDED.genre, parameters: ('VIC MENSA', '27w1NoOLMX7tJMYqcetPyG', 'canadian hip hop')
[2023-05-09T16:34:54.856+0000] {sql.py:384} INFO - Rows affected: 1
[2023-05-09T16:34:54.863+0000] {base.py:73} INFO - Using connection ID '***' for task execution.
[2023-05-09T16:34:54.871+0000] {sql.py:375} INFO - Running statement: INSERT INTO artist_dim (artist_name,artist_id,genre) VALUES (%s,%s,%s) ON CONFLICT (artist_id) DO UPDATE SET artist_name=EXCLUDED.artist_name,artist_id=EXCLUDED.artist_id,genre=EXCLUDED.genre, parameters: ('mike.', '5G9kmDLg3OeUyj8KVBLzbu', 'indie pop rap')
[2023-05-09T16:34:54.872+0000] {sql.py:384} INFO - Rows affected: 1
[2023-05-09T16:34:54.879+0000] {base.py:73} INFO - Using connection ID '***' for task execution.
[2023-05-09T16:34:54.887+0000] {sql.py:375} INFO - Running statement: INSERT INTO artist_dim (artist_name,artist_id,genre) VALUES (%s,%s,%s) ON CONFLICT (artist_id) DO UPDATE SET artist_name=EXCLUDED.artist_name,artist_id=EXCLUDED.artist_id,genre=EXCLUDED.genre, parameters: ('POORSTACY', '7vSY9HEreOqb1Llar3UC38', 'emo rap')
[2023-05-09T16:34:54.888+0000] {sql.py:384} INFO - Rows affected: 1
[2023-05-09T16:34:54.895+0000] {base.py:73} INFO - Using connection ID '***' for task execution.
[2023-05-09T16:34:54.901+0000] {sql.py:375} INFO - Running statement: INSERT INTO artist_dim (artist_name,artist_id,genre) VALUES (%s,%s,%s) ON CONFLICT (artist_id) DO UPDATE SET artist_name=EXCLUDED.artist_name,artist_id=EXCLUDED.artist_id,genre=EXCLUDED.genre, parameters: ('nothing,nowhere.', '7FngGIEGgN3Iwauw1MvO4P', 'cloud rap')
[2023-05-09T16:34:54.902+0000] {sql.py:384} INFO - Rows affected: 1
[2023-05-09T16:34:54.910+0000] {base.py:73} INFO - Using connection ID '***' for task execution.
[2023-05-09T16:34:54.916+0000] {sql.py:375} INFO - Running statement: INSERT INTO artist_dim (artist_name,artist_id,genre) VALUES (%s,%s,%s) ON CONFLICT (artist_id) DO UPDATE SET artist_name=EXCLUDED.artist_name,artist_id=EXCLUDED.artist_id,genre=EXCLUDED.genre, parameters: ('Atlas in Motion', '1N9JxmOPJqhMCw219uoEi8', nan)
[2023-05-09T16:34:54.918+0000] {sql.py:384} INFO - Rows affected: 1
[2023-05-09T16:34:54.924+0000] {base.py:73} INFO - Using connection ID '***' for task execution.
[2023-05-09T16:34:54.931+0000] {sql.py:375} INFO - Running statement: INSERT INTO artist_dim (artist_name,artist_id,genre) VALUES (%s,%s,%s) ON CONFLICT (artist_id) DO UPDATE SET artist_name=EXCLUDED.artist_name,artist_id=EXCLUDED.artist_id,genre=EXCLUDED.genre, parameters: ('han.irl <3', '5VfSeZYcDwD8WQVwbaoL6z', nan)
[2023-05-09T16:34:54.932+0000] {sql.py:384} INFO - Rows affected: 1
[2023-05-09T16:34:54.940+0000] {base.py:73} INFO - Using connection ID '***' for task execution.
[2023-05-09T16:34:54.946+0000] {sql.py:375} INFO - Running statement: INSERT INTO artist_dim (artist_name,artist_id,genre) VALUES (%s,%s,%s) ON CONFLICT (artist_id) DO UPDATE SET artist_name=EXCLUDED.artist_name,artist_id=EXCLUDED.artist_id,genre=EXCLUDED.genre, parameters: ('login', '5JZPSVFMUk4HGDdx68lN77', 'hyperpop')
[2023-05-09T16:34:54.948+0000] {sql.py:384} INFO - Rows affected: 1
[2023-05-09T16:34:54.955+0000] {base.py:73} INFO - Using connection ID '***' for task execution.
[2023-05-09T16:34:54.963+0000] {sql.py:375} INFO - Running statement: INSERT INTO artist_dim (artist_name,artist_id,genre) VALUES (%s,%s,%s) ON CONFLICT (artist_id) DO UPDATE SET artist_name=EXCLUDED.artist_name,artist_id=EXCLUDED.artist_id,genre=EXCLUDED.genre, parameters: ('静的 Static', '6rEjEIfp3NSRteU3kJGSET', 'emo rap')
[2023-05-09T16:34:54.964+0000] {sql.py:384} INFO - Rows affected: 1
[2023-05-09T16:34:54.971+0000] {base.py:73} INFO - Using connection ID '***' for task execution.
[2023-05-09T16:34:54.978+0000] {sql.py:375} INFO - Running statement: INSERT INTO artist_dim (artist_name,artist_id,genre) VALUES (%s,%s,%s) ON CONFLICT (artist_id) DO UPDATE SET artist_name=EXCLUDED.artist_name,artist_id=EXCLUDED.artist_id,genre=EXCLUDED.genre, parameters: ('Rich Brian', '2IDLDx25HU1nQMKde4n61a', 'indonesian hip hop')
[2023-05-09T16:34:54.979+0000] {sql.py:384} INFO - Rows affected: 1
[2023-05-09T16:34:54.986+0000] {base.py:73} INFO - Using connection ID '***' for task execution.
[2023-05-09T16:34:54.993+0000] {sql.py:375} INFO - Running statement: INSERT INTO artist_dim (artist_name,artist_id,genre) VALUES (%s,%s,%s) ON CONFLICT (artist_id) DO UPDATE SET artist_name=EXCLUDED.artist_name,artist_id=EXCLUDED.artist_id,genre=EXCLUDED.genre, parameters: ('88rising', '1AhjOkOLkbHUfcHDSErXQs', 'asian american hip hop')
[2023-05-09T16:34:54.994+0000] {sql.py:384} INFO - Rows affected: 1
[2023-05-09T16:34:54.996+0000] {python.py:183} INFO - Done. Returned value was: None
[2023-05-09T16:34:55.004+0000] {taskinstance.py:1373} INFO - Marking task as SUCCESS. dag_id=Summer_Warped_ETL, task_id=LoadData.LoadArtistDim, execution_date=20230509T163230, start_date=20230509T163448, end_date=20230509T163455
[2023-05-09T16:34:55.056+0000] {local_task_job_runner.py:232} INFO - Task exited with return code 0
[2023-05-09T16:34:55.077+0000] {taskinstance.py:2674} INFO - 1 downstream tasks scheduled from follow-on schedule check
