[2023-05-09T19:40:21.720+0000] {taskinstance.py:1125} INFO - Dependencies all met for dep_context=non-requeueable deps ti=<TaskInstance: Summer_Warped_ETL.LoadData.LoadArtistDim manual__2023-05-09T19:25:39.396890+00:00 [queued]>
[2023-05-09T19:40:21.725+0000] {taskinstance.py:1125} INFO - Dependencies all met for dep_context=requeueable deps ti=<TaskInstance: Summer_Warped_ETL.LoadData.LoadArtistDim manual__2023-05-09T19:25:39.396890+00:00 [queued]>
[2023-05-09T19:40:21.725+0000] {taskinstance.py:1331} INFO - Starting attempt 2 of 4
[2023-05-09T19:40:21.733+0000] {taskinstance.py:1350} INFO - Executing <Task(PythonOperator): LoadData.LoadArtistDim> on 2023-05-09 19:25:39.396890+00:00
[2023-05-09T19:40:21.738+0000] {standard_task_runner.py:57} INFO - Started process 1129 to run task
[2023-05-09T19:40:21.741+0000] {standard_task_runner.py:84} INFO - Running: ['***', 'tasks', 'run', 'Summer_Warped_ETL', 'LoadData.LoadArtistDim', 'manual__2023-05-09T19:25:39.396890+00:00', '--job-id', '3097', '--raw', '--subdir', 'DAGS_FOLDER/warped-dag.py', '--cfg-path', '/tmp/tmpac30be28']
[2023-05-09T19:40:21.742+0000] {standard_task_runner.py:85} INFO - Job 3097: Subtask LoadData.LoadArtistDim
[2023-05-09T19:40:21.777+0000] {task_command.py:410} INFO - Running <TaskInstance: Summer_Warped_ETL.LoadData.LoadArtistDim manual__2023-05-09T19:25:39.396890+00:00 [running]> on host 4b5a01a6ab5f
[2023-05-09T19:40:21.830+0000] {taskinstance.py:1570} INFO - Exporting env vars: AIRFLOW_CTX_DAG_OWNER='Ananta Moharana' AIRFLOW_CTX_DAG_ID='Summer_Warped_ETL' AIRFLOW_CTX_TASK_ID='LoadData.LoadArtistDim' AIRFLOW_CTX_EXECUTION_DATE='2023-05-09T19:25:39.396890+00:00' AIRFLOW_CTX_TRY_NUMBER='2' AIRFLOW_CTX_DAG_RUN_ID='manual__2023-05-09T19:25:39.396890+00:00'
[2023-05-09T19:40:21.832+0000] {logging_mixin.py:149} INFO - 2023-05/artist_dim.csv
[2023-05-09T19:40:21.839+0000] {base.py:73} INFO - Using connection ID 'aws_connection' for task execution.
[2023-05-09T19:40:21.840+0000] {connection_wrapper.py:337} INFO - AWS Connection (conn_id='aws_connection', conn_type='aws') credentials retrieved from login and password.
[2023-05-09T19:40:22.013+0000] {logging_mixin.py:149} INFO -              artist_name               artist_id                 genre
0              Clubhouse  1LbK4g8mKezX7iAmpiq3sX   columbus ohio indie
1           Dominic Fike  6USv9qhCn6zfxlBQIYJ9qs  alternative pop rock
2              Remi Wolf  0NB5HROxc8dDBXpkIi1v3d             indie pop
3              boy pablo  7wbkl3zgDZEoZer357mVIw           bedroom pop
4  Fitz and The Tantrums  4AcHt3JxKy59IX7JNNlZn4              la indie
[2023-05-09T19:40:22.014+0000] {logging_mixin.py:149} INFO - INSERT INTO artist_dim (artist_name,artist_id,genre) VALUES (%s,%s,%s) ON CONFLICT (artist_id) DO UPDATE SET artist_name=EXCLUDED.artist_name,artist_id=EXCLUDED.artist_id,genre=EXCLUDED.genre
[2023-05-09T19:40:22.020+0000] {base.py:73} INFO - Using connection ID '***' for task execution.
[2023-05-09T19:40:22.028+0000] {sql.py:375} INFO - Running statement: INSERT INTO artist_dim (artist_name,artist_id,genre) VALUES (%s,%s,%s) ON CONFLICT (artist_id) DO UPDATE SET artist_name=EXCLUDED.artist_name,artist_id=EXCLUDED.artist_id,genre=EXCLUDED.genre, parameters: ('Clubhouse', '1LbK4g8mKezX7iAmpiq3sX', 'columbus ohio indie')
[2023-05-09T19:40:22.030+0000] {sql.py:384} INFO - Rows affected: 1
[2023-05-09T19:40:22.036+0000] {base.py:73} INFO - Using connection ID '***' for task execution.
[2023-05-09T19:40:22.045+0000] {sql.py:375} INFO - Running statement: INSERT INTO artist_dim (artist_name,artist_id,genre) VALUES (%s,%s,%s) ON CONFLICT (artist_id) DO UPDATE SET artist_name=EXCLUDED.artist_name,artist_id=EXCLUDED.artist_id,genre=EXCLUDED.genre, parameters: ('Dominic Fike', '6USv9qhCn6zfxlBQIYJ9qs', 'alternative pop rock')
[2023-05-09T19:40:22.046+0000] {sql.py:384} INFO - Rows affected: 1
[2023-05-09T19:40:22.052+0000] {base.py:73} INFO - Using connection ID '***' for task execution.
[2023-05-09T19:40:22.058+0000] {sql.py:375} INFO - Running statement: INSERT INTO artist_dim (artist_name,artist_id,genre) VALUES (%s,%s,%s) ON CONFLICT (artist_id) DO UPDATE SET artist_name=EXCLUDED.artist_name,artist_id=EXCLUDED.artist_id,genre=EXCLUDED.genre, parameters: ('Remi Wolf', '0NB5HROxc8dDBXpkIi1v3d', 'indie pop')
[2023-05-09T19:40:22.060+0000] {sql.py:384} INFO - Rows affected: 1
[2023-05-09T19:40:22.066+0000] {base.py:73} INFO - Using connection ID '***' for task execution.
[2023-05-09T19:40:22.074+0000] {sql.py:375} INFO - Running statement: INSERT INTO artist_dim (artist_name,artist_id,genre) VALUES (%s,%s,%s) ON CONFLICT (artist_id) DO UPDATE SET artist_name=EXCLUDED.artist_name,artist_id=EXCLUDED.artist_id,genre=EXCLUDED.genre, parameters: ('boy pablo', '7wbkl3zgDZEoZer357mVIw', 'bedroom pop')
[2023-05-09T19:40:22.076+0000] {sql.py:384} INFO - Rows affected: 1
[2023-05-09T19:40:22.082+0000] {base.py:73} INFO - Using connection ID '***' for task execution.
[2023-05-09T19:40:22.088+0000] {sql.py:375} INFO - Running statement: INSERT INTO artist_dim (artist_name,artist_id,genre) VALUES (%s,%s,%s) ON CONFLICT (artist_id) DO UPDATE SET artist_name=EXCLUDED.artist_name,artist_id=EXCLUDED.artist_id,genre=EXCLUDED.genre, parameters: ('Fitz and The Tantrums', '4AcHt3JxKy59IX7JNNlZn4', 'la indie')
[2023-05-09T19:40:22.090+0000] {sql.py:384} INFO - Rows affected: 1
[2023-05-09T19:40:22.096+0000] {base.py:73} INFO - Using connection ID '***' for task execution.
[2023-05-09T19:40:22.103+0000] {sql.py:375} INFO - Running statement: INSERT INTO artist_dim (artist_name,artist_id,genre) VALUES (%s,%s,%s) ON CONFLICT (artist_id) DO UPDATE SET artist_name=EXCLUDED.artist_name,artist_id=EXCLUDED.artist_id,genre=EXCLUDED.genre, parameters: ('SZA', '7tYKF4w9nC0nq9CsPZTHyP', 'pop')
[2023-05-09T19:40:22.104+0000] {sql.py:384} INFO - Rows affected: 1
[2023-05-09T19:40:22.110+0000] {base.py:73} INFO - Using connection ID '***' for task execution.
[2023-05-09T19:40:22.116+0000] {sql.py:375} INFO - Running statement: INSERT INTO artist_dim (artist_name,artist_id,genre) VALUES (%s,%s,%s) ON CONFLICT (artist_id) DO UPDATE SET artist_name=EXCLUDED.artist_name,artist_id=EXCLUDED.artist_id,genre=EXCLUDED.genre, parameters: ('Doja Cat', '5cj0lLjcoR7YOSnhnX0Po5', 'dance pop')
[2023-05-09T19:40:22.117+0000] {sql.py:384} INFO - Rows affected: 1
[2023-05-09T19:40:22.123+0000] {base.py:73} INFO - Using connection ID '***' for task execution.
[2023-05-09T19:40:22.129+0000] {sql.py:375} INFO - Running statement: INSERT INTO artist_dim (artist_name,artist_id,genre) VALUES (%s,%s,%s) ON CONFLICT (artist_id) DO UPDATE SET artist_name=EXCLUDED.artist_name,artist_id=EXCLUDED.artist_id,genre=EXCLUDED.genre, parameters: ('Running Touch', '5bdwzvp6eirvqh0TwOwjgE', 'aussietronica')
[2023-05-09T19:40:22.130+0000] {sql.py:384} INFO - Rows affected: 1
[2023-05-09T19:40:22.136+0000] {base.py:73} INFO - Using connection ID '***' for task execution.
[2023-05-09T19:40:22.142+0000] {sql.py:375} INFO - Running statement: INSERT INTO artist_dim (artist_name,artist_id,genre) VALUES (%s,%s,%s) ON CONFLICT (artist_id) DO UPDATE SET artist_name=EXCLUDED.artist_name,artist_id=EXCLUDED.artist_id,genre=EXCLUDED.genre, parameters: ('Post Malone', '246dkjvS1zLTtiykXe5h60', 'dfw rap')
[2023-05-09T19:40:22.143+0000] {sql.py:384} INFO - Rows affected: 1
[2023-05-09T19:40:22.149+0000] {base.py:73} INFO - Using connection ID '***' for task execution.
[2023-05-09T19:40:22.155+0000] {sql.py:375} INFO - Running statement: INSERT INTO artist_dim (artist_name,artist_id,genre) VALUES (%s,%s,%s) ON CONFLICT (artist_id) DO UPDATE SET artist_name=EXCLUDED.artist_name,artist_id=EXCLUDED.artist_id,genre=EXCLUDED.genre, parameters: ('Khalid', '6LuN9FCkKOj5PcnpouEgny', 'pop')
[2023-05-09T19:40:22.157+0000] {sql.py:384} INFO - Rows affected: 1
[2023-05-09T19:40:22.162+0000] {base.py:73} INFO - Using connection ID '***' for task execution.
[2023-05-09T19:40:22.169+0000] {sql.py:375} INFO - Running statement: INSERT INTO artist_dim (artist_name,artist_id,genre) VALUES (%s,%s,%s) ON CONFLICT (artist_id) DO UPDATE SET artist_name=EXCLUDED.artist_name,artist_id=EXCLUDED.artist_id,genre=EXCLUDED.genre, parameters: ('Lorde', '163tK9Wjr9P9DmM0AVK7lm', 'art pop')
[2023-05-09T19:40:22.171+0000] {sql.py:384} INFO - Rows affected: 1
[2023-05-09T19:40:22.178+0000] {base.py:73} INFO - Using connection ID '***' for task execution.
[2023-05-09T19:40:22.183+0000] {sql.py:375} INFO - Running statement: INSERT INTO artist_dim (artist_name,artist_id,genre) VALUES (%s,%s,%s) ON CONFLICT (artist_id) DO UPDATE SET artist_name=EXCLUDED.artist_name,artist_id=EXCLUDED.artist_id,genre=EXCLUDED.genre, parameters: ('The Jungle Giants', '6wFwvxJkurQPU2UdeD4qVt', 'australian indie')
[2023-05-09T19:40:22.185+0000] {sql.py:384} INFO - Rows affected: 1
[2023-05-09T19:40:22.191+0000] {base.py:73} INFO - Using connection ID '***' for task execution.
[2023-05-09T19:40:22.197+0000] {sql.py:375} INFO - Running statement: INSERT INTO artist_dim (artist_name,artist_id,genre) VALUES (%s,%s,%s) ON CONFLICT (artist_id) DO UPDATE SET artist_name=EXCLUDED.artist_name,artist_id=EXCLUDED.artist_id,genre=EXCLUDED.genre, parameters: ('Twenty One Pilots', '3YQKmKGau1PzlVlkL1iodx', 'modern rock')
[2023-05-09T19:40:22.199+0000] {sql.py:384} INFO - Rows affected: 1
[2023-05-09T19:40:22.206+0000] {base.py:73} INFO - Using connection ID '***' for task execution.
[2023-05-09T19:40:22.212+0000] {sql.py:375} INFO - Running statement: INSERT INTO artist_dim (artist_name,artist_id,genre) VALUES (%s,%s,%s) ON CONFLICT (artist_id) DO UPDATE SET artist_name=EXCLUDED.artist_name,artist_id=EXCLUDED.artist_id,genre=EXCLUDED.genre, parameters: ('Bruno Mars', '0du5cEVh5yTK9QJze8zA0C', 'dance pop')
[2023-05-09T19:40:22.214+0000] {sql.py:384} INFO - Rows affected: 1
[2023-05-09T19:40:22.220+0000] {base.py:73} INFO - Using connection ID '***' for task execution.
[2023-05-09T19:40:22.226+0000] {sql.py:375} INFO - Running statement: INSERT INTO artist_dim (artist_name,artist_id,genre) VALUES (%s,%s,%s) ON CONFLICT (artist_id) DO UPDATE SET artist_name=EXCLUDED.artist_name,artist_id=EXCLUDED.artist_id,genre=EXCLUDED.genre, parameters: ('David Guetta', '1Cs0zKBU1kc0i8ypK3B9ai', 'big room')
[2023-05-09T19:40:22.227+0000] {sql.py:384} INFO - Rows affected: 1
[2023-05-09T19:40:22.234+0000] {base.py:73} INFO - Using connection ID '***' for task execution.
[2023-05-09T19:40:22.240+0000] {sql.py:375} INFO - Running statement: INSERT INTO artist_dim (artist_name,artist_id,genre) VALUES (%s,%s,%s) ON CONFLICT (artist_id) DO UPDATE SET artist_name=EXCLUDED.artist_name,artist_id=EXCLUDED.artist_id,genre=EXCLUDED.genre, parameters: ('Ed Sheeran', '6eUKZXaKkcviH0Ku9w2n3V', 'pop')
[2023-05-09T19:40:22.242+0000] {sql.py:384} INFO - Rows affected: 1
[2023-05-09T19:40:22.248+0000] {base.py:73} INFO - Using connection ID '***' for task execution.
[2023-05-09T19:40:22.253+0000] {sql.py:375} INFO - Running statement: INSERT INTO artist_dim (artist_name,artist_id,genre) VALUES (%s,%s,%s) ON CONFLICT (artist_id) DO UPDATE SET artist_name=EXCLUDED.artist_name,artist_id=EXCLUDED.artist_id,genre=EXCLUDED.genre, parameters: ('Mystic Marley', '5WhXMSMSiOyEhXBNI6Lf2h', nan)
[2023-05-09T19:40:22.255+0000] {sql.py:384} INFO - Rows affected: 1
[2023-05-09T19:40:22.262+0000] {base.py:73} INFO - Using connection ID '***' for task execution.
[2023-05-09T19:40:22.269+0000] {sql.py:375} INFO - Running statement: INSERT INTO artist_dim (artist_name,artist_id,genre) VALUES (%s,%s,%s) ON CONFLICT (artist_id) DO UPDATE SET artist_name=EXCLUDED.artist_name,artist_id=EXCLUDED.artist_id,genre=EXCLUDED.genre, parameters: ('Glass Animals', '4yvcSjfu4PC0CYQyLy4wSq', 'gauze pop')
[2023-05-09T19:40:22.270+0000] {sql.py:384} INFO - Rows affected: 1
[2023-05-09T19:40:22.276+0000] {base.py:73} INFO - Using connection ID '***' for task execution.
[2023-05-09T19:40:22.282+0000] {sql.py:375} INFO - Running statement: INSERT INTO artist_dim (artist_name,artist_id,genre) VALUES (%s,%s,%s) ON CONFLICT (artist_id) DO UPDATE SET artist_name=EXCLUDED.artist_name,artist_id=EXCLUDED.artist_id,genre=EXCLUDED.genre, parameters: ('Saint Motel', '1dWEYMPtNmvSVaDNLgB6NV', 'la indie')
[2023-05-09T19:40:22.284+0000] {sql.py:384} INFO - Rows affected: 1
[2023-05-09T19:40:22.290+0000] {base.py:73} INFO - Using connection ID '***' for task execution.
[2023-05-09T19:40:22.298+0000] {sql.py:375} INFO - Running statement: INSERT INTO artist_dim (artist_name,artist_id,genre) VALUES (%s,%s,%s) ON CONFLICT (artist_id) DO UPDATE SET artist_name=EXCLUDED.artist_name,artist_id=EXCLUDED.artist_id,genre=EXCLUDED.genre, parameters: ('Childish Gambino', '73sIBHcqh3Z3NyqHKZ7FOL', 'atl hip hop')
[2023-05-09T19:40:22.300+0000] {sql.py:384} INFO - Rows affected: 1
[2023-05-09T19:40:22.306+0000] {base.py:73} INFO - Using connection ID '***' for task execution.
[2023-05-09T19:40:22.312+0000] {sql.py:375} INFO - Running statement: INSERT INTO artist_dim (artist_name,artist_id,genre) VALUES (%s,%s,%s) ON CONFLICT (artist_id) DO UPDATE SET artist_name=EXCLUDED.artist_name,artist_id=EXCLUDED.artist_id,genre=EXCLUDED.genre, parameters: ('Anassa', '09p3sjSfBEDE6f9WUwEEgf', nan)
[2023-05-09T19:40:22.314+0000] {sql.py:384} INFO - Rows affected: 1
[2023-05-09T19:40:22.320+0000] {base.py:73} INFO - Using connection ID '***' for task execution.
[2023-05-09T19:40:22.328+0000] {sql.py:375} INFO - Running statement: INSERT INTO artist_dim (artist_name,artist_id,genre) VALUES (%s,%s,%s) ON CONFLICT (artist_id) DO UPDATE SET artist_name=EXCLUDED.artist_name,artist_id=EXCLUDED.artist_id,genre=EXCLUDED.genre, parameters: ('Franc Moody', '10GT4yz8c6xjjnPGtGPI1l', 'indie soul')
[2023-05-09T19:40:22.330+0000] {sql.py:384} INFO - Rows affected: 1
[2023-05-09T19:40:22.336+0000] {base.py:73} INFO - Using connection ID '***' for task execution.
[2023-05-09T19:40:22.343+0000] {sql.py:375} INFO - Running statement: INSERT INTO artist_dim (artist_name,artist_id,genre) VALUES (%s,%s,%s) ON CONFLICT (artist_id) DO UPDATE SET artist_name=EXCLUDED.artist_name,artist_id=EXCLUDED.artist_id,genre=EXCLUDED.genre, parameters: ('ROBI', '4JNTfGIaxV06Lm81hszL56', nan)
[2023-05-09T19:40:22.345+0000] {sql.py:384} INFO - Rows affected: 1
[2023-05-09T19:40:22.351+0000] {base.py:73} INFO - Using connection ID '***' for task execution.
[2023-05-09T19:40:22.357+0000] {sql.py:375} INFO - Running statement: INSERT INTO artist_dim (artist_name,artist_id,genre) VALUES (%s,%s,%s) ON CONFLICT (artist_id) DO UPDATE SET artist_name=EXCLUDED.artist_name,artist_id=EXCLUDED.artist_id,genre=EXCLUDED.genre, parameters: ('Ariana Grande', '66CXWjxzNUsdJxJ2JdwvnR', 'pop')
[2023-05-09T19:40:22.358+0000] {sql.py:384} INFO - Rows affected: 1
[2023-05-09T19:40:22.364+0000] {base.py:73} INFO - Using connection ID '***' for task execution.
[2023-05-09T19:40:22.370+0000] {sql.py:375} INFO - Running statement: INSERT INTO artist_dim (artist_name,artist_id,genre) VALUES (%s,%s,%s) ON CONFLICT (artist_id) DO UPDATE SET artist_name=EXCLUDED.artist_name,artist_id=EXCLUDED.artist_id,genre=EXCLUDED.genre, parameters: ('Christee Palace', '5kFD3vMqMrZc9YdJztJSOw', nan)
[2023-05-09T19:40:22.371+0000] {sql.py:384} INFO - Rows affected: 1
[2023-05-09T19:40:22.377+0000] {base.py:73} INFO - Using connection ID '***' for task execution.
[2023-05-09T19:40:22.383+0000] {sql.py:375} INFO - Running statement: INSERT INTO artist_dim (artist_name,artist_id,genre) VALUES (%s,%s,%s) ON CONFLICT (artist_id) DO UPDATE SET artist_name=EXCLUDED.artist_name,artist_id=EXCLUDED.artist_id,genre=EXCLUDED.genre, parameters: ('Mac Miller', '4LLpKhyESsyAXpc4laK94U', 'hip hop')
[2023-05-09T19:40:22.385+0000] {sql.py:384} INFO - Rows affected: 1
[2023-05-09T19:40:22.391+0000] {base.py:73} INFO - Using connection ID '***' for task execution.
[2023-05-09T19:40:22.396+0000] {sql.py:375} INFO - Running statement: INSERT INTO artist_dim (artist_name,artist_id,genre) VALUES (%s,%s,%s) ON CONFLICT (artist_id) DO UPDATE SET artist_name=EXCLUDED.artist_name,artist_id=EXCLUDED.artist_id,genre=EXCLUDED.genre, parameters: ('Raphael Palacci', '6wj2SK1cy0hNOAdL72U0Av', nan)
[2023-05-09T19:40:22.398+0000] {sql.py:384} INFO - Rows affected: 1
[2023-05-09T19:40:22.404+0000] {base.py:73} INFO - Using connection ID '***' for task execution.
[2023-05-09T19:40:22.409+0000] {sql.py:375} INFO - Running statement: INSERT INTO artist_dim (artist_name,artist_id,genre) VALUES (%s,%s,%s) ON CONFLICT (artist_id) DO UPDATE SET artist_name=EXCLUDED.artist_name,artist_id=EXCLUDED.artist_id,genre=EXCLUDED.genre, parameters: ('Galbinus', '2ZxyfTLryVI4qPDqZCc24v', nan)
[2023-05-09T19:40:22.411+0000] {sql.py:384} INFO - Rows affected: 1
[2023-05-09T19:40:22.417+0000] {base.py:73} INFO - Using connection ID '***' for task execution.
[2023-05-09T19:40:27.429+0000] {sql.py:375} INFO - Running statement: INSERT INTO artist_dim (artist_name,artist_id,genre) VALUES (%s,%s,%s) ON CONFLICT (artist_id) DO UPDATE SET artist_name=EXCLUDED.artist_name,artist_id=EXCLUDED.artist_id,genre=EXCLUDED.genre, parameters: ('Wallows', '0NIPkIjTV8mB795yEIiPYL', 'pov: indie')
[2023-05-09T19:40:27.431+0000] {sql.py:384} INFO - Rows affected: 1
[2023-05-09T19:40:27.439+0000] {base.py:73} INFO - Using connection ID '***' for task execution.
[2023-05-09T19:40:27.446+0000] {sql.py:375} INFO - Running statement: INSERT INTO artist_dim (artist_name,artist_id,genre) VALUES (%s,%s,%s) ON CONFLICT (artist_id) DO UPDATE SET artist_name=EXCLUDED.artist_name,artist_id=EXCLUDED.artist_id,genre=EXCLUDED.genre, parameters: ('Jeremy Zucker', '3gIRvgZssIb9aiirIg0nI3', 'alt z')
[2023-05-09T19:40:27.447+0000] {sql.py:384} INFO - Rows affected: 1
[2023-05-09T19:40:27.454+0000] {base.py:73} INFO - Using connection ID '***' for task execution.
[2023-05-09T19:40:27.461+0000] {sql.py:375} INFO - Running statement: INSERT INTO artist_dim (artist_name,artist_id,genre) VALUES (%s,%s,%s) ON CONFLICT (artist_id) DO UPDATE SET artist_name=EXCLUDED.artist_name,artist_id=EXCLUDED.artist_id,genre=EXCLUDED.genre, parameters: ('Anna Shoemaker', '3STjhKc10jr3X60mDRpHV4', nan)
[2023-05-09T19:40:27.463+0000] {sql.py:384} INFO - Rows affected: 1
[2023-05-09T19:40:27.470+0000] {base.py:73} INFO - Using connection ID '***' for task execution.
[2023-05-09T19:40:27.477+0000] {sql.py:375} INFO - Running statement: INSERT INTO artist_dim (artist_name,artist_id,genre) VALUES (%s,%s,%s) ON CONFLICT (artist_id) DO UPDATE SET artist_name=EXCLUDED.artist_name,artist_id=EXCLUDED.artist_id,genre=EXCLUDED.genre, parameters: ('BENEE', '0Cp8WN4V8Tu4QJQwCN5Md4', 'alt z')
[2023-05-09T19:40:27.479+0000] {sql.py:384} INFO - Rows affected: 1
[2023-05-09T19:40:27.485+0000] {base.py:73} INFO - Using connection ID '***' for task execution.
[2023-05-09T19:40:27.492+0000] {sql.py:375} INFO - Running statement: INSERT INTO artist_dim (artist_name,artist_id,genre) VALUES (%s,%s,%s) ON CONFLICT (artist_id) DO UPDATE SET artist_name=EXCLUDED.artist_name,artist_id=EXCLUDED.artist_id,genre=EXCLUDED.genre, parameters: ('DALE', '06wUJg0I0A4Eda5TxDqxvF', nan)
[2023-05-09T19:40:27.494+0000] {sql.py:384} INFO - Rows affected: 1
[2023-05-09T19:40:27.500+0000] {base.py:73} INFO - Using connection ID '***' for task execution.
[2023-05-09T19:40:27.507+0000] {sql.py:375} INFO - Running statement: INSERT INTO artist_dim (artist_name,artist_id,genre) VALUES (%s,%s,%s) ON CONFLICT (artist_id) DO UPDATE SET artist_name=EXCLUDED.artist_name,artist_id=EXCLUDED.artist_id,genre=EXCLUDED.genre, parameters: ('Current Joys', '0m5FakHKCQdA7UN0PIzMcL', 'lo-fi indie')
[2023-05-09T19:40:27.509+0000] {sql.py:384} INFO - Rows affected: 1
[2023-05-09T19:40:27.515+0000] {base.py:73} INFO - Using connection ID '***' for task execution.
[2023-05-09T19:40:27.522+0000] {sql.py:375} INFO - Running statement: INSERT INTO artist_dim (artist_name,artist_id,genre) VALUES (%s,%s,%s) ON CONFLICT (artist_id) DO UPDATE SET artist_name=EXCLUDED.artist_name,artist_id=EXCLUDED.artist_id,genre=EXCLUDED.genre, parameters: ('Yoshi Flower', '0rAt7V95LWbRPvWQFd21il', 'detroit indie')
[2023-05-09T19:40:27.524+0000] {sql.py:384} INFO - Rows affected: 1
[2023-05-09T19:40:27.531+0000] {base.py:73} INFO - Using connection ID '***' for task execution.
[2023-05-09T19:40:27.538+0000] {sql.py:375} INFO - Running statement: INSERT INTO artist_dim (artist_name,artist_id,genre) VALUES (%s,%s,%s) ON CONFLICT (artist_id) DO UPDATE SET artist_name=EXCLUDED.artist_name,artist_id=EXCLUDED.artist_id,genre=EXCLUDED.genre, parameters: ('Your Neighbors', '6mpyU2azr3zfZDY9k8w5GP', 'nashville indie')
[2023-05-09T19:40:27.540+0000] {sql.py:384} INFO - Rows affected: 1
[2023-05-09T19:40:27.547+0000] {base.py:73} INFO - Using connection ID '***' for task execution.
[2023-05-09T19:40:27.555+0000] {sql.py:375} INFO - Running statement: INSERT INTO artist_dim (artist_name,artist_id,genre) VALUES (%s,%s,%s) ON CONFLICT (artist_id) DO UPDATE SET artist_name=EXCLUDED.artist_name,artist_id=EXCLUDED.artist_id,genre=EXCLUDED.genre, parameters: ('Annie Omalley', '0TEaL7Y50jr7N3mjxqFGBK', nan)
[2023-05-09T19:40:27.557+0000] {sql.py:384} INFO - Rows affected: 1
[2023-05-09T19:40:27.564+0000] {base.py:73} INFO - Using connection ID '***' for task execution.
[2023-05-09T19:40:27.570+0000] {sql.py:375} INFO - Running statement: INSERT INTO artist_dim (artist_name,artist_id,genre) VALUES (%s,%s,%s) ON CONFLICT (artist_id) DO UPDATE SET artist_name=EXCLUDED.artist_name,artist_id=EXCLUDED.artist_id,genre=EXCLUDED.genre, parameters: ('Quinn XCII', '3ApUX1o6oSz321MMECyIYd', 'indie pop rap')
[2023-05-09T19:40:27.572+0000] {sql.py:384} INFO - Rows affected: 1
[2023-05-09T19:40:27.578+0000] {base.py:73} INFO - Using connection ID '***' for task execution.
[2023-05-09T19:40:27.585+0000] {sql.py:375} INFO - Running statement: INSERT INTO artist_dim (artist_name,artist_id,genre) VALUES (%s,%s,%s) ON CONFLICT (artist_id) DO UPDATE SET artist_name=EXCLUDED.artist_name,artist_id=EXCLUDED.artist_id,genre=EXCLUDED.genre, parameters: ('DVBBS', '5X4LWwbUFNzPkEas04uU82', 'canadian electronic')
[2023-05-09T19:40:27.586+0000] {sql.py:384} INFO - Rows affected: 1
[2023-05-09T19:40:27.592+0000] {base.py:73} INFO - Using connection ID '***' for task execution.
[2023-05-09T19:40:27.600+0000] {sql.py:375} INFO - Running statement: INSERT INTO artist_dim (artist_name,artist_id,genre) VALUES (%s,%s,%s) ON CONFLICT (artist_id) DO UPDATE SET artist_name=EXCLUDED.artist_name,artist_id=EXCLUDED.artist_id,genre=EXCLUDED.genre, parameters: ('COIN', '0ZxZlO7oWCSYMXhehpyMvE', 'pov: indie')
[2023-05-09T19:40:27.601+0000] {sql.py:384} INFO - Rows affected: 1
[2023-05-09T19:40:27.608+0000] {base.py:73} INFO - Using connection ID '***' for task execution.
[2023-05-09T19:40:27.616+0000] {sql.py:375} INFO - Running statement: INSERT INTO artist_dim (artist_name,artist_id,genre) VALUES (%s,%s,%s) ON CONFLICT (artist_id) DO UPDATE SET artist_name=EXCLUDED.artist_name,artist_id=EXCLUDED.artist_id,genre=EXCLUDED.genre, parameters: ('J. Cole', '6l3HvQ5sa6mXTsMTB19rO5', 'conscious hip hop')
[2023-05-09T19:40:27.618+0000] {sql.py:384} INFO - Rows affected: 1
[2023-05-09T19:40:27.625+0000] {base.py:73} INFO - Using connection ID '***' for task execution.
[2023-05-09T19:40:27.648+0000] {sql.py:375} INFO - Running statement: INSERT INTO artist_dim (artist_name,artist_id,genre) VALUES (%s,%s,%s) ON CONFLICT (artist_id) DO UPDATE SET artist_name=EXCLUDED.artist_name,artist_id=EXCLUDED.artist_id,genre=EXCLUDED.genre, parameters: ('Interplanetary Criminal', '6uJ51uV5rYzu1MJkC4CceI', 'breaks')
[2023-05-09T19:40:27.651+0000] {sql.py:384} INFO - Rows affected: 1
[2023-05-09T19:40:27.680+0000] {base.py:73} INFO - Using connection ID '***' for task execution.
[2023-05-09T19:40:27.691+0000] {sql.py:375} INFO - Running statement: INSERT INTO artist_dim (artist_name,artist_id,genre) VALUES (%s,%s,%s) ON CONFLICT (artist_id) DO UPDATE SET artist_name=EXCLUDED.artist_name,artist_id=EXCLUDED.artist_id,genre=EXCLUDED.genre, parameters: ('Eliza Rose', '4XC335ouK6pXyq4QiIb8bP', 'house')
[2023-05-09T19:40:27.693+0000] {sql.py:384} INFO - Rows affected: 1
[2023-05-09T19:40:27.701+0000] {base.py:73} INFO - Using connection ID '***' for task execution.
[2023-05-09T19:40:27.710+0000] {sql.py:375} INFO - Running statement: INSERT INTO artist_dim (artist_name,artist_id,genre) VALUES (%s,%s,%s) ON CONFLICT (artist_id) DO UPDATE SET artist_name=EXCLUDED.artist_name,artist_id=EXCLUDED.artist_id,genre=EXCLUDED.genre, parameters: ('BabyJake', '07Asx51VtMw5kbNXKrpZlq', nan)
[2023-05-09T19:40:27.712+0000] {sql.py:384} INFO - Rows affected: 1
[2023-05-09T19:40:27.719+0000] {base.py:73} INFO - Using connection ID '***' for task execution.
[2023-05-09T19:40:27.726+0000] {sql.py:375} INFO - Running statement: INSERT INTO artist_dim (artist_name,artist_id,genre) VALUES (%s,%s,%s) ON CONFLICT (artist_id) DO UPDATE SET artist_name=EXCLUDED.artist_name,artist_id=EXCLUDED.artist_id,genre=EXCLUDED.genre, parameters: ('HUNNY', '5rebfYbZVIhbRVcRKWVOAh', 'indie pop')
[2023-05-09T19:40:27.728+0000] {sql.py:384} INFO - Rows affected: 1
[2023-05-09T19:40:27.734+0000] {base.py:73} INFO - Using connection ID '***' for task execution.
[2023-05-09T19:40:27.741+0000] {sql.py:375} INFO - Running statement: INSERT INTO artist_dim (artist_name,artist_id,genre) VALUES (%s,%s,%s) ON CONFLICT (artist_id) DO UPDATE SET artist_name=EXCLUDED.artist_name,artist_id=EXCLUDED.artist_id,genre=EXCLUDED.genre, parameters: ('Dirty Heads', '6GkJh85o22LfD2vgL9DP6f', 'reggae fusion')
[2023-05-09T19:40:27.743+0000] {sql.py:384} INFO - Rows affected: 1
[2023-05-09T19:40:27.749+0000] {base.py:73} INFO - Using connection ID '***' for task execution.
[2023-05-09T19:40:27.759+0000] {sql.py:375} INFO - Running statement: INSERT INTO artist_dim (artist_name,artist_id,genre) VALUES (%s,%s,%s) ON CONFLICT (artist_id) DO UPDATE SET artist_name=EXCLUDED.artist_name,artist_id=EXCLUDED.artist_id,genre=EXCLUDED.genre, parameters: ('CVBZ', '0pt7PX4Hftlg8mV1ySU84Q', nan)
[2023-05-09T19:40:27.761+0000] {sql.py:384} INFO - Rows affected: 1
[2023-05-09T19:40:27.767+0000] {base.py:73} INFO - Using connection ID '***' for task execution.
[2023-05-09T19:40:27.774+0000] {sql.py:375} INFO - Running statement: INSERT INTO artist_dim (artist_name,artist_id,genre) VALUES (%s,%s,%s) ON CONFLICT (artist_id) DO UPDATE SET artist_name=EXCLUDED.artist_name,artist_id=EXCLUDED.artist_id,genre=EXCLUDED.genre, parameters: ('almost monday', '42FzVuyJH8YbkhzWSR2n8E', 'modern indie pop')
[2023-05-09T19:40:27.776+0000] {sql.py:384} INFO - Rows affected: 1
[2023-05-09T19:40:27.782+0000] {base.py:73} INFO - Using connection ID '***' for task execution.
[2023-05-09T19:40:27.789+0000] {sql.py:375} INFO - Running statement: INSERT INTO artist_dim (artist_name,artist_id,genre) VALUES (%s,%s,%s) ON CONFLICT (artist_id) DO UPDATE SET artist_name=EXCLUDED.artist_name,artist_id=EXCLUDED.artist_id,genre=EXCLUDED.genre, parameters: ('Omar Apollo', '5FxD8fkQZ6KcsSYupDVoSO', 'bedroom pop')
[2023-05-09T19:40:27.790+0000] {sql.py:384} INFO - Rows affected: 1
[2023-05-09T19:40:27.797+0000] {base.py:73} INFO - Using connection ID '***' for task execution.
[2023-05-09T19:40:27.806+0000] {sql.py:375} INFO - Running statement: INSERT INTO artist_dim (artist_name,artist_id,genre) VALUES (%s,%s,%s) ON CONFLICT (artist_id) DO UPDATE SET artist_name=EXCLUDED.artist_name,artist_id=EXCLUDED.artist_id,genre=EXCLUDED.genre, parameters: ('George Ezra', '2ysnwxxNtSgbb9t1m2Ur4j', 'folk-pop')
[2023-05-09T19:40:27.808+0000] {sql.py:384} INFO - Rows affected: 1
[2023-05-09T19:40:27.814+0000] {base.py:73} INFO - Using connection ID '***' for task execution.
[2023-05-09T19:40:27.821+0000] {sql.py:375} INFO - Running statement: INSERT INTO artist_dim (artist_name,artist_id,genre) VALUES (%s,%s,%s) ON CONFLICT (artist_id) DO UPDATE SET artist_name=EXCLUDED.artist_name,artist_id=EXCLUDED.artist_id,genre=EXCLUDED.genre, parameters: ('MAZEMIRROR', '4bpTpEQKjHhs4K04ctIwJA', nan)
[2023-05-09T19:40:27.822+0000] {sql.py:384} INFO - Rows affected: 1
[2023-05-09T19:40:27.829+0000] {base.py:73} INFO - Using connection ID '***' for task execution.
[2023-05-09T19:40:27.836+0000] {sql.py:375} INFO - Running statement: INSERT INTO artist_dim (artist_name,artist_id,genre) VALUES (%s,%s,%s) ON CONFLICT (artist_id) DO UPDATE SET artist_name=EXCLUDED.artist_name,artist_id=EXCLUDED.artist_id,genre=EXCLUDED.genre, parameters: ('Zummer', '5GL9tpTGMrbIjLzpHbZV4d', nan)
[2023-05-09T19:40:27.837+0000] {sql.py:384} INFO - Rows affected: 1
[2023-05-09T19:40:27.843+0000] {base.py:73} INFO - Using connection ID '***' for task execution.
[2023-05-09T19:40:27.850+0000] {sql.py:375} INFO - Running statement: INSERT INTO artist_dim (artist_name,artist_id,genre) VALUES (%s,%s,%s) ON CONFLICT (artist_id) DO UPDATE SET artist_name=EXCLUDED.artist_name,artist_id=EXCLUDED.artist_id,genre=EXCLUDED.genre, parameters: ('ConKi', '2oBcbbUQy8Md3FYXifyPTF', nan)
[2023-05-09T19:40:27.852+0000] {sql.py:384} INFO - Rows affected: 1
[2023-05-09T19:40:27.860+0000] {base.py:73} INFO - Using connection ID '***' for task execution.
[2023-05-09T19:40:27.867+0000] {sql.py:375} INFO - Running statement: INSERT INTO artist_dim (artist_name,artist_id,genre) VALUES (%s,%s,%s) ON CONFLICT (artist_id) DO UPDATE SET artist_name=EXCLUDED.artist_name,artist_id=EXCLUDED.artist_id,genre=EXCLUDED.genre, parameters: ('The Neighbourhood', '77SW9BnxLY8rJ0RciFqkHh', 'modern alternative rock')
[2023-05-09T19:40:27.868+0000] {sql.py:384} INFO - Rows affected: 1
[2023-05-09T19:40:27.875+0000] {base.py:73} INFO - Using connection ID '***' for task execution.
[2023-05-09T19:40:27.882+0000] {sql.py:375} INFO - Running statement: INSERT INTO artist_dim (artist_name,artist_id,genre) VALUES (%s,%s,%s) ON CONFLICT (artist_id) DO UPDATE SET artist_name=EXCLUDED.artist_name,artist_id=EXCLUDED.artist_id,genre=EXCLUDED.genre, parameters: ('Ruff Loaderz', '5JOIrGvup0vD5VjodB62Ui', nan)
[2023-05-09T19:40:27.883+0000] {sql.py:384} INFO - Rows affected: 1
[2023-05-09T19:40:27.890+0000] {base.py:73} INFO - Using connection ID '***' for task execution.
[2023-05-09T19:40:27.896+0000] {sql.py:375} INFO - Running statement: INSERT INTO artist_dim (artist_name,artist_id,genre) VALUES (%s,%s,%s) ON CONFLICT (artist_id) DO UPDATE SET artist_name=EXCLUDED.artist_name,artist_id=EXCLUDED.artist_id,genre=EXCLUDED.genre, parameters: ('Ryan Tedder', '4we5S2VLjgY9KzIzApL1KI', nan)
[2023-05-09T19:40:27.897+0000] {sql.py:384} INFO - Rows affected: 1
[2023-05-09T19:40:27.903+0000] {base.py:73} INFO - Using connection ID '***' for task execution.
[2023-05-09T19:40:27.910+0000] {sql.py:375} INFO - Running statement: INSERT INTO artist_dim (artist_name,artist_id,genre) VALUES (%s,%s,%s) ON CONFLICT (artist_id) DO UPDATE SET artist_name=EXCLUDED.artist_name,artist_id=EXCLUDED.artist_id,genre=EXCLUDED.genre, parameters: ('Far East Movement', '698hF4vcwHwPy8ltmXermq', 'asian american hip hop')
[2023-05-09T19:40:27.912+0000] {sql.py:384} INFO - Rows affected: 1
[2023-05-09T19:40:27.918+0000] {base.py:73} INFO - Using connection ID '***' for task execution.
[2023-05-09T19:40:27.925+0000] {sql.py:375} INFO - Running statement: INSERT INTO artist_dim (artist_name,artist_id,genre) VALUES (%s,%s,%s) ON CONFLICT (artist_id) DO UPDATE SET artist_name=EXCLUDED.artist_name,artist_id=EXCLUDED.artist_id,genre=EXCLUDED.genre, parameters: ('Vanesa Seco', '0S97B7bjeZ49LtU7imdlT7', nan)
[2023-05-09T19:40:27.926+0000] {sql.py:384} INFO - Rows affected: 1
[2023-05-09T19:40:27.933+0000] {base.py:73} INFO - Using connection ID '***' for task execution.
[2023-05-09T19:40:27.939+0000] {sql.py:375} INFO - Running statement: INSERT INTO artist_dim (artist_name,artist_id,genre) VALUES (%s,%s,%s) ON CONFLICT (artist_id) DO UPDATE SET artist_name=EXCLUDED.artist_name,artist_id=EXCLUDED.artist_id,genre=EXCLUDED.genre, parameters: ('THE HOTEL LOBBY', '2bFpvoGZ1lD2HiAfE34Ypl', nan)
[2023-05-09T19:40:27.940+0000] {sql.py:384} INFO - Rows affected: 1
[2023-05-09T19:40:27.947+0000] {base.py:73} INFO - Using connection ID '***' for task execution.
[2023-05-09T19:40:27.955+0000] {sql.py:375} INFO - Running statement: INSERT INTO artist_dim (artist_name,artist_id,genre) VALUES (%s,%s,%s) ON CONFLICT (artist_id) DO UPDATE SET artist_name=EXCLUDED.artist_name,artist_id=EXCLUDED.artist_id,genre=EXCLUDED.genre, parameters: ('Pharrell Williams', '2RdwBSPQiwcmiDo9kixcl8', 'dance pop')
[2023-05-09T19:40:27.957+0000] {sql.py:384} INFO - Rows affected: 1
[2023-05-09T19:40:27.964+0000] {base.py:73} INFO - Using connection ID '***' for task execution.
[2023-05-09T19:40:27.971+0000] {sql.py:375} INFO - Running statement: INSERT INTO artist_dim (artist_name,artist_id,genre) VALUES (%s,%s,%s) ON CONFLICT (artist_id) DO UPDATE SET artist_name=EXCLUDED.artist_name,artist_id=EXCLUDED.artist_id,genre=EXCLUDED.genre, parameters: ('Anthony Ortiz', '7kiCkMJHLchcrQByu2yHDk', nan)
[2023-05-09T19:40:27.972+0000] {sql.py:384} INFO - Rows affected: 1
[2023-05-09T19:40:27.978+0000] {base.py:73} INFO - Using connection ID '***' for task execution.
[2023-05-09T19:40:27.985+0000] {sql.py:375} INFO - Running statement: INSERT INTO artist_dim (artist_name,artist_id,genre) VALUES (%s,%s,%s) ON CONFLICT (artist_id) DO UPDATE SET artist_name=EXCLUDED.artist_name,artist_id=EXCLUDED.artist_id,genre=EXCLUDED.genre, parameters: ('Ecca Vandal', '0NhKCHTPG7Sz62S3zxV1Cf', nan)
[2023-05-09T19:40:27.987+0000] {sql.py:384} INFO - Rows affected: 1
[2023-05-09T19:40:27.993+0000] {base.py:73} INFO - Using connection ID '***' for task execution.
[2023-05-09T19:40:27.999+0000] {sql.py:375} INFO - Running statement: INSERT INTO artist_dim (artist_name,artist_id,genre) VALUES (%s,%s,%s) ON CONFLICT (artist_id) DO UPDATE SET artist_name=EXCLUDED.artist_name,artist_id=EXCLUDED.artist_id,genre=EXCLUDED.genre, parameters: ('Illy', '6NFyaN9PMCDZ3LKxGwHAXt', 'australian hip hop')
[2023-05-09T19:40:28.001+0000] {sql.py:384} INFO - Rows affected: 1
[2023-05-09T19:40:28.007+0000] {base.py:73} INFO - Using connection ID '***' for task execution.
[2023-05-09T19:40:28.013+0000] {sql.py:375} INFO - Running statement: INSERT INTO artist_dim (artist_name,artist_id,genre) VALUES (%s,%s,%s) ON CONFLICT (artist_id) DO UPDATE SET artist_name=EXCLUDED.artist_name,artist_id=EXCLUDED.artist_id,genre=EXCLUDED.genre, parameters: ('Hilltop Hoods', '7dlqUnjoF2U2DkNDMhcgG4', 'australian hip hop')
[2023-05-09T19:40:28.014+0000] {sql.py:384} INFO - Rows affected: 1
[2023-05-09T19:40:28.021+0000] {base.py:73} INFO - Using connection ID '***' for task execution.
[2023-05-09T19:40:28.027+0000] {sql.py:375} INFO - Running statement: INSERT INTO artist_dim (artist_name,artist_id,genre) VALUES (%s,%s,%s) ON CONFLICT (artist_id) DO UPDATE SET artist_name=EXCLUDED.artist_name,artist_id=EXCLUDED.artist_id,genre=EXCLUDED.genre, parameters: ('Paramore', '74XFHRwlV6OrjEM0A2NCMF', 'candy pop')
[2023-05-09T19:40:28.028+0000] {sql.py:384} INFO - Rows affected: 1
[2023-05-09T19:40:28.035+0000] {base.py:73} INFO - Using connection ID '***' for task execution.
[2023-05-09T19:40:28.041+0000] {sql.py:375} INFO - Running statement: INSERT INTO artist_dim (artist_name,artist_id,genre) VALUES (%s,%s,%s) ON CONFLICT (artist_id) DO UPDATE SET artist_name=EXCLUDED.artist_name,artist_id=EXCLUDED.artist_id,genre=EXCLUDED.genre, parameters: ('Lil Yachty', '6icQOAFXDZKsumw3YXyusw', 'atl hip hop')
[2023-05-09T19:40:28.043+0000] {sql.py:384} INFO - Rows affected: 1
[2023-05-09T19:40:28.049+0000] {base.py:73} INFO - Using connection ID '***' for task execution.
[2023-05-09T19:40:28.056+0000] {sql.py:375} INFO - Running statement: INSERT INTO artist_dim (artist_name,artist_id,genre) VALUES (%s,%s,%s) ON CONFLICT (artist_id) DO UPDATE SET artist_name=EXCLUDED.artist_name,artist_id=EXCLUDED.artist_id,genre=EXCLUDED.genre, parameters: ('Social House', '5UjifI1TYefXWn9GdqDOHl', nan)
[2023-05-09T19:40:28.057+0000] {sql.py:384} INFO - Rows affected: 1
[2023-05-09T19:40:28.064+0000] {base.py:73} INFO - Using connection ID '***' for task execution.
[2023-05-09T19:40:28.071+0000] {sql.py:375} INFO - Running statement: INSERT INTO artist_dim (artist_name,artist_id,genre) VALUES (%s,%s,%s) ON CONFLICT (artist_id) DO UPDATE SET artist_name=EXCLUDED.artist_name,artist_id=EXCLUDED.artist_id,genre=EXCLUDED.genre, parameters: ('Nick Luebke', '7q0j7Eg2VkNxT5ci6HbGLy', nan)
[2023-05-09T19:40:28.073+0000] {sql.py:384} INFO - Rows affected: 1
[2023-05-09T19:40:28.079+0000] {base.py:73} INFO - Using connection ID '***' for task execution.
[2023-05-09T19:40:28.086+0000] {sql.py:375} INFO - Running statement: INSERT INTO artist_dim (artist_name,artist_id,genre) VALUES (%s,%s,%s) ON CONFLICT (artist_id) DO UPDATE SET artist_name=EXCLUDED.artist_name,artist_id=EXCLUDED.artist_id,genre=EXCLUDED.genre, parameters: ('Garrett Adair', '3h1Yoz6jZ6kWDRQaA7v1t1', nan)
[2023-05-09T19:40:28.088+0000] {sql.py:384} INFO - Rows affected: 1
[2023-05-09T19:40:28.094+0000] {base.py:73} INFO - Using connection ID '***' for task execution.
[2023-05-09T19:40:28.100+0000] {sql.py:375} INFO - Running statement: INSERT INTO artist_dim (artist_name,artist_id,genre) VALUES (%s,%s,%s) ON CONFLICT (artist_id) DO UPDATE SET artist_name=EXCLUDED.artist_name,artist_id=EXCLUDED.artist_id,genre=EXCLUDED.genre, parameters: ('MØ', '0bdfiayQAKewqEvaU6rXCv', 'danish pop')
[2023-05-09T19:40:28.102+0000] {sql.py:384} INFO - Rows affected: 1
[2023-05-09T19:40:28.108+0000] {base.py:73} INFO - Using connection ID '***' for task execution.
[2023-05-09T19:40:28.114+0000] {sql.py:375} INFO - Running statement: INSERT INTO artist_dim (artist_name,artist_id,genre) VALUES (%s,%s,%s) ON CONFLICT (artist_id) DO UPDATE SET artist_name=EXCLUDED.artist_name,artist_id=EXCLUDED.artist_id,genre=EXCLUDED.genre, parameters: ('M.I.A.', '0QJIPDAEDILuo8AIq3pMuU', 'escape room')
[2023-05-09T19:40:28.116+0000] {sql.py:384} INFO - Rows affected: 1
[2023-05-09T19:40:28.122+0000] {base.py:73} INFO - Using connection ID '***' for task execution.
[2023-05-09T19:40:28.129+0000] {sql.py:375} INFO - Running statement: INSERT INTO artist_dim (artist_name,artist_id,genre) VALUES (%s,%s,%s) ON CONFLICT (artist_id) DO UPDATE SET artist_name=EXCLUDED.artist_name,artist_id=EXCLUDED.artist_id,genre=EXCLUDED.genre, parameters: ('Empire of the Sun', '67hb7towEyKvt5Z8Bx306c', 'australian dance')
[2023-05-09T19:40:28.131+0000] {sql.py:384} INFO - Rows affected: 1
[2023-05-09T19:40:28.137+0000] {base.py:73} INFO - Using connection ID '***' for task execution.
[2023-05-09T19:40:28.143+0000] {sql.py:375} INFO - Running statement: INSERT INTO artist_dim (artist_name,artist_id,genre) VALUES (%s,%s,%s) ON CONFLICT (artist_id) DO UPDATE SET artist_name=EXCLUDED.artist_name,artist_id=EXCLUDED.artist_id,genre=EXCLUDED.genre, parameters: ('Calvin Harris', '7CajNmpbOovFoOoasH2HaY', 'dance pop')
[2023-05-09T19:40:28.145+0000] {sql.py:384} INFO - Rows affected: 1
[2023-05-09T19:40:28.151+0000] {base.py:73} INFO - Using connection ID '***' for task execution.
[2023-05-09T19:40:28.158+0000] {sql.py:375} INFO - Running statement: INSERT INTO artist_dim (artist_name,artist_id,genre) VALUES (%s,%s,%s) ON CONFLICT (artist_id) DO UPDATE SET artist_name=EXCLUDED.artist_name,artist_id=EXCLUDED.artist_id,genre=EXCLUDED.genre, parameters: ('Dujak', '5vNeqphZZDB8susU5xA8mP', nan)
[2023-05-09T19:40:28.159+0000] {sql.py:384} INFO - Rows affected: 1
[2023-05-09T19:40:28.165+0000] {base.py:73} INFO - Using connection ID '***' for task execution.
[2023-05-09T19:40:28.171+0000] {sql.py:375} INFO - Running statement: INSERT INTO artist_dim (artist_name,artist_id,genre) VALUES (%s,%s,%s) ON CONFLICT (artist_id) DO UPDATE SET artist_name=EXCLUDED.artist_name,artist_id=EXCLUDED.artist_id,genre=EXCLUDED.genre, parameters: ('Drake', '3TVXtAsR1Inumwj472S9r4', 'canadian hip hop')
[2023-05-09T19:40:28.173+0000] {sql.py:384} INFO - Rows affected: 1
[2023-05-09T19:40:28.180+0000] {base.py:73} INFO - Using connection ID '***' for task execution.
[2023-05-09T19:40:28.187+0000] {sql.py:375} INFO - Running statement: INSERT INTO artist_dim (artist_name,artist_id,genre) VALUES (%s,%s,%s) ON CONFLICT (artist_id) DO UPDATE SET artist_name=EXCLUDED.artist_name,artist_id=EXCLUDED.artist_id,genre=EXCLUDED.genre, parameters: ('Ramz', '6ywXRaHY7m2DJ0dd7CsLAB', 'afroswing')
[2023-05-09T19:40:28.189+0000] {sql.py:384} INFO - Rows affected: 1
[2023-05-09T19:40:28.197+0000] {base.py:73} INFO - Using connection ID '***' for task execution.
[2023-05-09T19:40:28.205+0000] {sql.py:375} INFO - Running statement: INSERT INTO artist_dim (artist_name,artist_id,genre) VALUES (%s,%s,%s) ON CONFLICT (artist_id) DO UPDATE SET artist_name=EXCLUDED.artist_name,artist_id=EXCLUDED.artist_id,genre=EXCLUDED.genre, parameters: ('RAYE', '5KKpBU5eC2tJDzf0wmlRp2', 'uk contemporary r&b')
[2023-05-09T19:40:28.207+0000] {sql.py:384} INFO - Rows affected: 1
[2023-05-09T19:40:28.214+0000] {base.py:73} INFO - Using connection ID '***' for task execution.
[2023-05-09T19:40:28.223+0000] {sql.py:375} INFO - Running statement: INSERT INTO artist_dim (artist_name,artist_id,genre) VALUES (%s,%s,%s) ON CONFLICT (artist_id) DO UPDATE SET artist_name=EXCLUDED.artist_name,artist_id=EXCLUDED.artist_id,genre=EXCLUDED.genre, parameters: ('LALZIN', '0j4hdmNGBCznlyeFs618eM', nan)
[2023-05-09T19:40:28.225+0000] {sql.py:384} INFO - Rows affected: 1
[2023-05-09T19:40:28.230+0000] {base.py:73} INFO - Using connection ID '***' for task execution.
[2023-05-09T19:40:28.237+0000] {sql.py:375} INFO - Running statement: INSERT INTO artist_dim (artist_name,artist_id,genre) VALUES (%s,%s,%s) ON CONFLICT (artist_id) DO UPDATE SET artist_name=EXCLUDED.artist_name,artist_id=EXCLUDED.artist_id,genre=EXCLUDED.genre, parameters: ('Taylor Swift', '06HL4z0CvFAxyc27GXpf02', 'pop')
[2023-05-09T19:40:28.238+0000] {sql.py:384} INFO - Rows affected: 1
[2023-05-09T19:40:28.244+0000] {base.py:73} INFO - Using connection ID '***' for task execution.
[2023-05-09T19:40:28.250+0000] {sql.py:375} INFO - Running statement: INSERT INTO artist_dim (artist_name,artist_id,genre) VALUES (%s,%s,%s) ON CONFLICT (artist_id) DO UPDATE SET artist_name=EXCLUDED.artist_name,artist_id=EXCLUDED.artist_id,genre=EXCLUDED.genre, parameters: ('Golden Features', '2SrWifjYv7b5tR8EzEmn1x', 'industrial pop')
[2023-05-09T19:40:28.252+0000] {sql.py:384} INFO - Rows affected: 1
[2023-05-09T19:40:28.258+0000] {base.py:73} INFO - Using connection ID '***' for task execution.
[2023-05-09T19:40:28.265+0000] {sql.py:375} INFO - Running statement: INSERT INTO artist_dim (artist_name,artist_id,genre) VALUES (%s,%s,%s) ON CONFLICT (artist_id) DO UPDATE SET artist_name=EXCLUDED.artist_name,artist_id=EXCLUDED.artist_id,genre=EXCLUDED.genre, parameters: ('Tame Impala', '5INjqkS1o8h1imAzPqGZBb', 'australian psych')
[2023-05-09T19:40:28.266+0000] {sql.py:384} INFO - Rows affected: 1
[2023-05-09T19:40:28.273+0000] {base.py:73} INFO - Using connection ID '***' for task execution.
[2023-05-09T19:40:28.281+0000] {sql.py:375} INFO - Running statement: INSERT INTO artist_dim (artist_name,artist_id,genre) VALUES (%s,%s,%s) ON CONFLICT (artist_id) DO UPDATE SET artist_name=EXCLUDED.artist_name,artist_id=EXCLUDED.artist_id,genre=EXCLUDED.genre, parameters: ('Eric Prydz', '5sm0jQ1mq0dusiLtDJ2b4R', 'edm')
[2023-05-09T19:40:28.282+0000] {sql.py:384} INFO - Rows affected: 1
[2023-05-09T19:40:28.289+0000] {base.py:73} INFO - Using connection ID '***' for task execution.
[2023-05-09T19:40:28.295+0000] {sql.py:375} INFO - Running statement: INSERT INTO artist_dim (artist_name,artist_id,genre) VALUES (%s,%s,%s) ON CONFLICT (artist_id) DO UPDATE SET artist_name=EXCLUDED.artist_name,artist_id=EXCLUDED.artist_id,genre=EXCLUDED.genre, parameters: ('Zara Larsson', '1Xylc3o4UrD53lo9CvFvVg', 'pop')
[2023-05-09T19:40:28.297+0000] {sql.py:384} INFO - Rows affected: 1
[2023-05-09T19:40:28.303+0000] {base.py:73} INFO - Using connection ID '***' for task execution.
[2023-05-09T19:40:28.310+0000] {sql.py:375} INFO - Running statement: INSERT INTO artist_dim (artist_name,artist_id,genre) VALUES (%s,%s,%s) ON CONFLICT (artist_id) DO UPDATE SET artist_name=EXCLUDED.artist_name,artist_id=EXCLUDED.artist_id,genre=EXCLUDED.genre, parameters: ('Jay Mason', '0dS5IlInNc5Qq0wIrFTKob', 'covertronica')
[2023-05-09T19:40:28.312+0000] {sql.py:384} INFO - Rows affected: 1
[2023-05-09T19:40:28.319+0000] {base.py:73} INFO - Using connection ID '***' for task execution.
[2023-05-09T19:40:28.326+0000] {sql.py:375} INFO - Running statement: INSERT INTO artist_dim (artist_name,artist_id,genre) VALUES (%s,%s,%s) ON CONFLICT (artist_id) DO UPDATE SET artist_name=EXCLUDED.artist_name,artist_id=EXCLUDED.artist_id,genre=EXCLUDED.genre, parameters: ('Thierry Von Der Warth', '2mF9PcfpN8vxRtCfra8hz1', nan)
[2023-05-09T19:40:28.328+0000] {sql.py:384} INFO - Rows affected: 1
[2023-05-09T19:40:28.335+0000] {base.py:73} INFO - Using connection ID '***' for task execution.
[2023-05-09T19:40:28.341+0000] {sql.py:375} INFO - Running statement: INSERT INTO artist_dim (artist_name,artist_id,genre) VALUES (%s,%s,%s) ON CONFLICT (artist_id) DO UPDATE SET artist_name=EXCLUDED.artist_name,artist_id=EXCLUDED.artist_id,genre=EXCLUDED.genre, parameters: ('Tyler, The Creator', '4V8LLVI7PbaPR0K2TGSxFF', 'hip hop')
[2023-05-09T19:40:28.343+0000] {sql.py:384} INFO - Rows affected: 1
[2023-05-09T19:40:28.350+0000] {base.py:73} INFO - Using connection ID '***' for task execution.
[2023-05-09T19:40:28.356+0000] {sql.py:375} INFO - Running statement: INSERT INTO artist_dim (artist_name,artist_id,genre) VALUES (%s,%s,%s) ON CONFLICT (artist_id) DO UPDATE SET artist_name=EXCLUDED.artist_name,artist_id=EXCLUDED.artist_id,genre=EXCLUDED.genre, parameters: ('Halsey', '26VFTg2z8YR0cCuwLzESi2', 'electropop')
[2023-05-09T19:40:28.358+0000] {sql.py:384} INFO - Rows affected: 1
[2023-05-09T19:40:28.365+0000] {base.py:73} INFO - Using connection ID '***' for task execution.
[2023-05-09T19:40:28.371+0000] {sql.py:375} INFO - Running statement: INSERT INTO artist_dim (artist_name,artist_id,genre) VALUES (%s,%s,%s) ON CONFLICT (artist_id) DO UPDATE SET artist_name=EXCLUDED.artist_name,artist_id=EXCLUDED.artist_id,genre=EXCLUDED.genre, parameters: ('benny blanco', '5CiGnKThu5ctn9pBxv7DGa', 'pop')
[2023-05-09T19:40:28.373+0000] {sql.py:384} INFO - Rows affected: 1
[2023-05-09T19:40:28.379+0000] {base.py:73} INFO - Using connection ID '***' for task execution.
[2023-05-09T19:40:28.386+0000] {sql.py:375} INFO - Running statement: INSERT INTO artist_dim (artist_name,artist_id,genre) VALUES (%s,%s,%s) ON CONFLICT (artist_id) DO UPDATE SET artist_name=EXCLUDED.artist_name,artist_id=EXCLUDED.artist_id,genre=EXCLUDED.genre, parameters: ('Dayglow', '6eJa3zG1QZLRB3xgRuyxbm', 'austindie')
[2023-05-09T19:40:28.387+0000] {sql.py:384} INFO - Rows affected: 1
[2023-05-09T19:40:28.394+0000] {base.py:73} INFO - Using connection ID '***' for task execution.
[2023-05-09T19:40:28.401+0000] {sql.py:375} INFO - Running statement: INSERT INTO artist_dim (artist_name,artist_id,genre) VALUES (%s,%s,%s) ON CONFLICT (artist_id) DO UPDATE SET artist_name=EXCLUDED.artist_name,artist_id=EXCLUDED.artist_id,genre=EXCLUDED.genre, parameters: ('5 Seconds of Summer', '5Rl15oVamLq7FbSb0NNBNy', 'boy band')
[2023-05-09T19:40:28.403+0000] {sql.py:384} INFO - Rows affected: 1
[2023-05-09T19:40:28.409+0000] {base.py:73} INFO - Using connection ID '***' for task execution.
[2023-05-09T19:40:28.416+0000] {sql.py:375} INFO - Running statement: INSERT INTO artist_dim (artist_name,artist_id,genre) VALUES (%s,%s,%s) ON CONFLICT (artist_id) DO UPDATE SET artist_name=EXCLUDED.artist_name,artist_id=EXCLUDED.artist_id,genre=EXCLUDED.genre, parameters: ('Bakar', '3K2Srho6NCF3o9MswGR76H', 'uk alternative hip hop')
[2023-05-09T19:40:28.417+0000] {sql.py:384} INFO - Rows affected: 1
[2023-05-09T19:40:28.424+0000] {base.py:73} INFO - Using connection ID '***' for task execution.
[2023-05-09T19:40:28.431+0000] {sql.py:375} INFO - Running statement: INSERT INTO artist_dim (artist_name,artist_id,genre) VALUES (%s,%s,%s) ON CONFLICT (artist_id) DO UPDATE SET artist_name=EXCLUDED.artist_name,artist_id=EXCLUDED.artist_id,genre=EXCLUDED.genre, parameters: ('Milky Chance', '1hzfo8twXdOegF3xireCYs', 'german pop')
[2023-05-09T19:40:28.432+0000] {sql.py:384} INFO - Rows affected: 1
[2023-05-09T19:40:28.439+0000] {base.py:73} INFO - Using connection ID '***' for task execution.
[2023-05-09T19:40:28.446+0000] {sql.py:375} INFO - Running statement: INSERT INTO artist_dim (artist_name,artist_id,genre) VALUES (%s,%s,%s) ON CONFLICT (artist_id) DO UPDATE SET artist_name=EXCLUDED.artist_name,artist_id=EXCLUDED.artist_id,genre=EXCLUDED.genre, parameters: ('Neon Trees', '0RpddSzUHfncUWNJXKOsjy', 'modern rock')
[2023-05-09T19:40:28.447+0000] {sql.py:384} INFO - Rows affected: 1
[2023-05-09T19:40:28.454+0000] {base.py:73} INFO - Using connection ID '***' for task execution.
[2023-05-09T19:40:28.461+0000] {sql.py:375} INFO - Running statement: INSERT INTO artist_dim (artist_name,artist_id,genre) VALUES (%s,%s,%s) ON CONFLICT (artist_id) DO UPDATE SET artist_name=EXCLUDED.artist_name,artist_id=EXCLUDED.artist_id,genre=EXCLUDED.genre, parameters: ('Ellie Goulding', '0X2BH1fck6amBIoJhDVmmJ', 'indietronica')
[2023-05-09T19:40:28.462+0000] {sql.py:384} INFO - Rows affected: 1
[2023-05-09T19:40:28.469+0000] {base.py:73} INFO - Using connection ID '***' for task execution.
[2023-05-09T19:40:28.476+0000] {sql.py:375} INFO - Running statement: INSERT INTO artist_dim (artist_name,artist_id,genre) VALUES (%s,%s,%s) ON CONFLICT (artist_id) DO UPDATE SET artist_name=EXCLUDED.artist_name,artist_id=EXCLUDED.artist_id,genre=EXCLUDED.genre, parameters: ('GROUPLOVE', '3kVUvbeRdcrqQ3oHk5hPdx', 'indie rock')
[2023-05-09T19:40:28.477+0000] {sql.py:384} INFO - Rows affected: 1
[2023-05-09T19:40:28.484+0000] {base.py:73} INFO - Using connection ID '***' for task execution.
[2023-05-09T19:40:28.490+0000] {sql.py:375} INFO - Running statement: INSERT INTO artist_dim (artist_name,artist_id,genre) VALUES (%s,%s,%s) ON CONFLICT (artist_id) DO UPDATE SET artist_name=EXCLUDED.artist_name,artist_id=EXCLUDED.artist_id,genre=EXCLUDED.genre, parameters: ('Surfaces', '4ETSs924pXMzjIeD6E9b4u', 'bedroom soul')
[2023-05-09T19:40:28.492+0000] {sql.py:384} INFO - Rows affected: 1
[2023-05-09T19:40:28.498+0000] {base.py:73} INFO - Using connection ID '***' for task execution.
[2023-05-09T19:40:28.506+0000] {sql.py:375} INFO - Running statement: INSERT INTO artist_dim (artist_name,artist_id,genre) VALUES (%s,%s,%s) ON CONFLICT (artist_id) DO UPDATE SET artist_name=EXCLUDED.artist_name,artist_id=EXCLUDED.artist_id,genre=EXCLUDED.genre, parameters: ('Miley Cyrus', '5YGY8feqx7naU7z4HrwZM6', 'pop')
[2023-05-09T19:40:28.508+0000] {sql.py:384} INFO - Rows affected: 1
[2023-05-09T19:40:28.514+0000] {base.py:73} INFO - Using connection ID '***' for task execution.
[2023-05-09T19:40:28.521+0000] {sql.py:375} INFO - Running statement: INSERT INTO artist_dim (artist_name,artist_id,genre) VALUES (%s,%s,%s) ON CONFLICT (artist_id) DO UPDATE SET artist_name=EXCLUDED.artist_name,artist_id=EXCLUDED.artist_id,genre=EXCLUDED.genre, parameters: ('Funk Wav', '4A0TivfinfALCAMJqqjZIk', nan)
[2023-05-09T19:40:28.522+0000] {sql.py:384} INFO - Rows affected: 1
[2023-05-09T19:40:28.529+0000] {base.py:73} INFO - Using connection ID '***' for task execution.
[2023-05-09T19:40:28.537+0000] {sql.py:375} INFO - Running statement: INSERT INTO artist_dim (artist_name,artist_id,genre) VALUES (%s,%s,%s) ON CONFLICT (artist_id) DO UPDATE SET artist_name=EXCLUDED.artist_name,artist_id=EXCLUDED.artist_id,genre=EXCLUDED.genre, parameters: ('Migos', '6oMuImdp5ZcFhWP0ESe6mG', 'atl hip hop')
[2023-05-09T19:40:28.538+0000] {sql.py:384} INFO - Rows affected: 1
[2023-05-09T19:40:28.545+0000] {base.py:73} INFO - Using connection ID '***' for task execution.
[2023-05-09T19:40:28.552+0000] {sql.py:375} INFO - Running statement: INSERT INTO artist_dim (artist_name,artist_id,genre) VALUES (%s,%s,%s) ON CONFLICT (artist_id) DO UPDATE SET artist_name=EXCLUDED.artist_name,artist_id=EXCLUDED.artist_id,genre=EXCLUDED.genre, parameters: ('Frank Ocean', '2h93pZq0e7k5yf4dywlkpM', 'lgbtq+ hip hop')
[2023-05-09T19:40:28.553+0000] {sql.py:384} INFO - Rows affected: 1
[2023-05-09T19:40:28.560+0000] {base.py:73} INFO - Using connection ID '***' for task execution.
[2023-05-09T19:40:28.570+0000] {sql.py:375} INFO - Running statement: INSERT INTO artist_dim (artist_name,artist_id,genre) VALUES (%s,%s,%s) ON CONFLICT (artist_id) DO UPDATE SET artist_name=EXCLUDED.artist_name,artist_id=EXCLUDED.artist_id,genre=EXCLUDED.genre, parameters: ('OneRepublic', '5Pwc4xIPtQLFEnJriah9YJ', 'piano rock')
[2023-05-09T19:40:28.572+0000] {sql.py:384} INFO - Rows affected: 1
[2023-05-09T19:40:28.573+0000] {python.py:183} INFO - Done. Returned value was: None
[2023-05-09T19:40:28.582+0000] {taskinstance.py:1373} INFO - Marking task as SUCCESS. dag_id=Summer_Warped_ETL, task_id=LoadData.LoadArtistDim, execution_date=20230509T192539, start_date=20230509T194021, end_date=20230509T194028
[2023-05-09T19:40:28.635+0000] {local_task_job_runner.py:232} INFO - Task exited with return code 0
[2023-05-09T19:40:28.656+0000] {taskinstance.py:2674} INFO - 1 downstream tasks scheduled from follow-on schedule check
