[2023-05-07T00:17:22.207+0000] {taskinstance.py:1125} INFO - Dependencies all met for dep_context=non-requeueable deps ti=<TaskInstance: Summer_Warped_ETL.TransformData manual__2023-05-07T00:17:03.051244+00:00 [queued]>
[2023-05-07T00:17:22.212+0000] {taskinstance.py:1125} INFO - Dependencies all met for dep_context=requeueable deps ti=<TaskInstance: Summer_Warped_ETL.TransformData manual__2023-05-07T00:17:03.051244+00:00 [queued]>
[2023-05-07T00:17:22.212+0000] {taskinstance.py:1331} INFO - Starting attempt 1 of 3
[2023-05-07T00:17:22.220+0000] {taskinstance.py:1350} INFO - Executing <Task(PythonOperator): TransformData> on 2023-05-07 00:17:03.051244+00:00
[2023-05-07T00:17:22.225+0000] {standard_task_runner.py:57} INFO - Started process 126 to run task
[2023-05-07T00:17:22.229+0000] {standard_task_runner.py:84} INFO - Running: ['***', 'tasks', 'run', 'Summer_Warped_ETL', 'TransformData', 'manual__2023-05-07T00:17:03.051244+00:00', '--job-id', '710', '--raw', '--subdir', 'DAGS_FOLDER/warped-dag.py', '--cfg-path', '/tmp/tmp5kf0c_49']
[2023-05-07T00:17:22.229+0000] {standard_task_runner.py:85} INFO - Job 710: Subtask TransformData
[2023-05-07T00:17:22.266+0000] {task_command.py:410} INFO - Running <TaskInstance: Summer_Warped_ETL.TransformData manual__2023-05-07T00:17:03.051244+00:00 [running]> on host 61437508c2dd
[2023-05-07T00:17:22.329+0000] {taskinstance.py:1570} INFO - Exporting env vars: AIRFLOW_CTX_DAG_OWNER='Ananta Moharana' AIRFLOW_CTX_DAG_ID='Summer_Warped_ETL' AIRFLOW_CTX_TASK_ID='TransformData' AIRFLOW_CTX_EXECUTION_DATE='2023-05-07T00:17:03.051244+00:00' AIRFLOW_CTX_TRY_NUMBER='1' AIRFLOW_CTX_DAG_RUN_ID='manual__2023-05-07T00:17:03.051244+00:00'
[2023-05-07T00:17:22.366+0000] {warnings.py:110} WARNING - /opt/***/dags/src/transform.py:28: SettingWithCopyWarning: 
A value is trying to be set on a copy of a slice from a DataFrame.
Try using .loc[row_indexer,col_indexer] = value instead

See the caveats in the documentation: https://pandas.pydata.org/pandas-docs/stable/user_guide/indexing.html#returning-a-view-versus-a-copy
  song_fact['date']=today

[2023-05-07T00:17:22.368+0000] {warnings.py:110} WARNING - /home/***/.local/lib/python3.7/site-packages/pandas/util/_decorators.py:311: SettingWithCopyWarning: 
A value is trying to be set on a copy of a slice from a DataFrame

See the caveats in the documentation: https://pandas.pydata.org/pandas-docs/stable/user_guide/indexing.html#returning-a-view-versus-a-copy
  return func(*args, **kwargs)

[2023-05-07T00:17:22.416+0000] {python.py:183} INFO - Done. Returned value was: None
[2023-05-07T00:17:22.424+0000] {taskinstance.py:1373} INFO - Marking task as SUCCESS. dag_id=Summer_Warped_ETL, task_id=TransformData, execution_date=20230507T001703, start_date=20230507T001722, end_date=20230507T001722
[2023-05-07T00:17:22.484+0000] {local_task_job_runner.py:232} INFO - Task exited with return code 0
[2023-05-07T00:17:22.505+0000] {taskinstance.py:2674} INFO - 2 downstream tasks scheduled from follow-on schedule check
