[2023-05-07T22:56:35.709+0000] {taskinstance.py:1125} INFO - Dependencies all met for dep_context=non-requeueable deps ti=<TaskInstance: Summer_Warped_ETL.GetSongsFromPlaylist manual__2023-05-07T22:54:30.361863+00:00 [queued]>
[2023-05-07T22:56:35.715+0000] {taskinstance.py:1125} INFO - Dependencies all met for dep_context=requeueable deps ti=<TaskInstance: Summer_Warped_ETL.GetSongsFromPlaylist manual__2023-05-07T22:54:30.361863+00:00 [queued]>
[2023-05-07T22:56:35.716+0000] {taskinstance.py:1331} INFO - Starting attempt 2 of 4
[2023-05-07T22:56:35.723+0000] {taskinstance.py:1350} INFO - Executing <Task(PythonOperator): GetSongsFromPlaylist> on 2023-05-07 22:54:30.361863+00:00
[2023-05-07T22:56:35.727+0000] {standard_task_runner.py:57} INFO - Started process 252 to run task
[2023-05-07T22:56:35.732+0000] {standard_task_runner.py:84} INFO - Running: ['***', 'tasks', 'run', 'Summer_Warped_ETL', 'GetSongsFromPlaylist', 'manual__2023-05-07T22:54:30.361863+00:00', '--job-id', '1505', '--raw', '--subdir', 'DAGS_FOLDER/warped-dag.py', '--cfg-path', '/tmp/tmppalbk38d']
[2023-05-07T22:56:35.733+0000] {standard_task_runner.py:85} INFO - Job 1505: Subtask GetSongsFromPlaylist
[2023-05-07T22:56:35.802+0000] {task_command.py:410} INFO - Running <TaskInstance: Summer_Warped_ETL.GetSongsFromPlaylist manual__2023-05-07T22:54:30.361863+00:00 [running]> on host fa349db4fc2f
[2023-05-07T22:56:35.880+0000] {taskinstance.py:1570} INFO - Exporting env vars: AIRFLOW_CTX_DAG_OWNER='Ananta Moharana' AIRFLOW_CTX_DAG_ID='Summer_Warped_ETL' AIRFLOW_CTX_TASK_ID='GetSongsFromPlaylist' AIRFLOW_CTX_EXECUTION_DATE='2023-05-07T22:54:30.361863+00:00' AIRFLOW_CTX_TRY_NUMBER='2' AIRFLOW_CTX_DAG_RUN_ID='manual__2023-05-07T22:54:30.361863+00:00'
[2023-05-07T22:56:36.329+0000] {logging_mixin.py:149} INFO - 100
[2023-05-07T22:56:36.330+0000] {logging_mixin.py:149} INFO - 0
[2023-05-07T22:56:36.335+0000] {logging_mixin.py:149} INFO - 1
[2023-05-07T22:56:36.338+0000] {logging_mixin.py:149} INFO - 2
[2023-05-07T22:56:36.340+0000] {logging_mixin.py:149} INFO - 3
[2023-05-07T22:56:36.342+0000] {logging_mixin.py:149} INFO - 4
[2023-05-07T22:56:36.344+0000] {logging_mixin.py:149} INFO - 5
[2023-05-07T22:56:36.346+0000] {logging_mixin.py:149} INFO - 6
[2023-05-07T22:56:36.348+0000] {logging_mixin.py:149} INFO - 7
[2023-05-07T22:56:36.351+0000] {logging_mixin.py:149} INFO - 8
[2023-05-07T22:56:36.353+0000] {logging_mixin.py:149} INFO - 9
[2023-05-07T22:56:36.354+0000] {logging_mixin.py:149} INFO - 10
[2023-05-07T22:56:36.356+0000] {logging_mixin.py:149} INFO - 11
[2023-05-07T22:56:36.357+0000] {logging_mixin.py:149} INFO - 12
[2023-05-07T22:56:36.359+0000] {logging_mixin.py:149} INFO - 13
[2023-05-07T22:56:36.361+0000] {logging_mixin.py:149} INFO - 14
[2023-05-07T22:56:36.362+0000] {logging_mixin.py:149} INFO - 15
[2023-05-07T22:56:36.363+0000] {logging_mixin.py:149} INFO - 16
[2023-05-07T22:56:36.364+0000] {logging_mixin.py:149} INFO - 17
[2023-05-07T22:56:36.366+0000] {logging_mixin.py:149} INFO - 18
[2023-05-07T22:56:36.367+0000] {logging_mixin.py:149} INFO - 19
[2023-05-07T22:56:36.369+0000] {logging_mixin.py:149} INFO - 20
[2023-05-07T22:56:36.370+0000] {logging_mixin.py:149} INFO - 21
[2023-05-07T22:56:36.371+0000] {logging_mixin.py:149} INFO - 22
[2023-05-07T22:56:36.372+0000] {logging_mixin.py:149} INFO - 23
[2023-05-07T22:56:36.373+0000] {logging_mixin.py:149} INFO - 24
[2023-05-07T22:56:36.374+0000] {logging_mixin.py:149} INFO - 25
[2023-05-07T22:56:36.375+0000] {logging_mixin.py:149} INFO - 26
[2023-05-07T22:56:36.376+0000] {logging_mixin.py:149} INFO - 27
[2023-05-07T22:56:36.379+0000] {logging_mixin.py:149} INFO - 28
[2023-05-07T22:56:36.380+0000] {logging_mixin.py:149} INFO - 29
[2023-05-07T22:56:36.381+0000] {logging_mixin.py:149} INFO - 30
[2023-05-07T22:56:36.382+0000] {logging_mixin.py:149} INFO - 31
[2023-05-07T22:56:36.383+0000] {logging_mixin.py:149} INFO - 32
[2023-05-07T22:56:36.384+0000] {logging_mixin.py:149} INFO - 33
[2023-05-07T22:56:36.385+0000] {logging_mixin.py:149} INFO - 34
[2023-05-07T22:56:36.386+0000] {logging_mixin.py:149} INFO - 35
[2023-05-07T22:56:36.388+0000] {logging_mixin.py:149} INFO - 36
[2023-05-07T22:56:36.390+0000] {logging_mixin.py:149} INFO - 37
[2023-05-07T22:56:36.391+0000] {logging_mixin.py:149} INFO - 38
[2023-05-07T22:56:36.392+0000] {logging_mixin.py:149} INFO - 39
[2023-05-07T22:56:36.393+0000] {logging_mixin.py:149} INFO - 40
[2023-05-07T22:56:36.395+0000] {logging_mixin.py:149} INFO - 41
[2023-05-07T22:56:36.396+0000] {logging_mixin.py:149} INFO - 42
[2023-05-07T22:56:36.397+0000] {logging_mixin.py:149} INFO - 43
[2023-05-07T22:56:36.399+0000] {logging_mixin.py:149} INFO - 44
[2023-05-07T22:56:36.400+0000] {logging_mixin.py:149} INFO - 45
[2023-05-07T22:56:36.401+0000] {logging_mixin.py:149} INFO - 46
[2023-05-07T22:56:36.402+0000] {logging_mixin.py:149} INFO - 47
[2023-05-07T22:56:36.404+0000] {logging_mixin.py:149} INFO - 48
[2023-05-07T22:56:36.405+0000] {logging_mixin.py:149} INFO - 49
[2023-05-07T22:56:36.406+0000] {logging_mixin.py:149} INFO - 50
[2023-05-07T22:56:36.407+0000] {logging_mixin.py:149} INFO - 51
[2023-05-07T22:56:36.408+0000] {logging_mixin.py:149} INFO - 52
[2023-05-07T22:56:36.409+0000] {logging_mixin.py:149} INFO - 53
[2023-05-07T22:56:36.410+0000] {logging_mixin.py:149} INFO - 54
[2023-05-07T22:56:36.411+0000] {logging_mixin.py:149} INFO - 55
[2023-05-07T22:56:36.412+0000] {logging_mixin.py:149} INFO - 56
[2023-05-07T22:56:36.413+0000] {logging_mixin.py:149} INFO - 57
[2023-05-07T22:56:36.414+0000] {logging_mixin.py:149} INFO - 58
[2023-05-07T22:56:36.416+0000] {logging_mixin.py:149} INFO - 59
[2023-05-07T22:56:36.417+0000] {logging_mixin.py:149} INFO - 60
[2023-05-07T22:56:36.418+0000] {logging_mixin.py:149} INFO - 61
[2023-05-07T22:56:36.419+0000] {logging_mixin.py:149} INFO - 62
[2023-05-07T22:56:36.420+0000] {logging_mixin.py:149} INFO - 63
[2023-05-07T22:56:36.421+0000] {logging_mixin.py:149} INFO - 64
[2023-05-07T22:56:36.422+0000] {logging_mixin.py:149} INFO - 65
[2023-05-07T22:56:36.423+0000] {logging_mixin.py:149} INFO - 66
[2023-05-07T22:56:36.425+0000] {logging_mixin.py:149} INFO - 67
[2023-05-07T22:56:36.426+0000] {logging_mixin.py:149} INFO - 68
[2023-05-07T22:56:36.427+0000] {logging_mixin.py:149} INFO - 69
[2023-05-07T22:56:36.428+0000] {logging_mixin.py:149} INFO - 70
[2023-05-07T22:56:36.430+0000] {logging_mixin.py:149} INFO - 71
[2023-05-07T22:56:36.431+0000] {logging_mixin.py:149} INFO - 72
[2023-05-07T22:56:36.432+0000] {logging_mixin.py:149} INFO - 73
[2023-05-07T22:56:36.433+0000] {logging_mixin.py:149} INFO - 74
[2023-05-07T22:56:36.434+0000] {logging_mixin.py:149} INFO - 75
[2023-05-07T22:56:36.435+0000] {logging_mixin.py:149} INFO - 76
[2023-05-07T22:56:36.436+0000] {logging_mixin.py:149} INFO - 77
[2023-05-07T22:56:36.438+0000] {logging_mixin.py:149} INFO - 78
[2023-05-07T22:56:36.439+0000] {logging_mixin.py:149} INFO - 79
[2023-05-07T22:56:36.440+0000] {logging_mixin.py:149} INFO - 80
[2023-05-07T22:56:36.441+0000] {logging_mixin.py:149} INFO - 81
[2023-05-07T22:56:36.443+0000] {logging_mixin.py:149} INFO - 82
[2023-05-07T22:56:36.444+0000] {logging_mixin.py:149} INFO - 83
[2023-05-07T22:56:36.445+0000] {logging_mixin.py:149} INFO - 84
[2023-05-07T22:56:36.447+0000] {logging_mixin.py:149} INFO - 85
[2023-05-07T22:56:36.449+0000] {logging_mixin.py:149} INFO - 86
[2023-05-07T22:56:36.450+0000] {logging_mixin.py:149} INFO - 87
[2023-05-07T22:56:36.451+0000] {logging_mixin.py:149} INFO - 88
[2023-05-07T22:56:36.452+0000] {logging_mixin.py:149} INFO - 89
[2023-05-07T22:56:36.454+0000] {logging_mixin.py:149} INFO - 90
[2023-05-07T22:56:36.455+0000] {logging_mixin.py:149} INFO - 91
[2023-05-07T22:56:36.456+0000] {logging_mixin.py:149} INFO - 92
[2023-05-07T22:56:36.458+0000] {logging_mixin.py:149} INFO - 93
[2023-05-07T22:56:36.460+0000] {logging_mixin.py:149} INFO - 94
[2023-05-07T22:56:36.462+0000] {logging_mixin.py:149} INFO - 95
[2023-05-07T22:56:36.463+0000] {logging_mixin.py:149} INFO - 96
[2023-05-07T22:56:36.464+0000] {logging_mixin.py:149} INFO - 97
[2023-05-07T22:56:36.465+0000] {logging_mixin.py:149} INFO - 98
[2023-05-07T22:56:36.467+0000] {logging_mixin.py:149} INFO - 99
[2023-05-07T22:56:36.484+0000] {python.py:183} INFO - Done. Returned value was: None
[2023-05-07T22:56:36.492+0000] {taskinstance.py:1373} INFO - Marking task as SUCCESS. dag_id=Summer_Warped_ETL, task_id=GetSongsFromPlaylist, execution_date=20230507T225430, start_date=20230507T225635, end_date=20230507T225636
[2023-05-07T22:56:36.521+0000] {local_task_job_runner.py:232} INFO - Task exited with return code 0
[2023-05-07T22:56:36.546+0000] {taskinstance.py:2674} INFO - 2 downstream tasks scheduled from follow-on schedule check
