[2023-05-08T16:25:34.213+0000] {taskinstance.py:1125} INFO - Dependencies all met for dep_context=non-requeueable deps ti=<TaskInstance: Summer_Warped_ETL.LoadData.LoadArtistDim manual__2023-05-08T16:09:58.195696+00:00 [queued]>
[2023-05-08T16:25:34.219+0000] {taskinstance.py:1125} INFO - Dependencies all met for dep_context=requeueable deps ti=<TaskInstance: Summer_Warped_ETL.LoadData.LoadArtistDim manual__2023-05-08T16:09:58.195696+00:00 [queued]>
[2023-05-08T16:25:34.220+0000] {taskinstance.py:1331} INFO - Starting attempt 3 of 5
[2023-05-08T16:25:34.229+0000] {taskinstance.py:1350} INFO - Executing <Task(PythonOperator): LoadData.LoadArtistDim> on 2023-05-08 16:09:58.195696+00:00
[2023-05-08T16:25:34.234+0000] {standard_task_runner.py:57} INFO - Started process 1332 to run task
[2023-05-08T16:25:34.238+0000] {standard_task_runner.py:84} INFO - Running: ['***', 'tasks', 'run', 'Summer_Warped_ETL', 'LoadData.LoadArtistDim', 'manual__2023-05-08T16:09:58.195696+00:00', '--job-id', '2524', '--raw', '--subdir', 'DAGS_FOLDER/warped-dag.py', '--cfg-path', '/tmp/tmp1wx9l181']
[2023-05-08T16:25:34.238+0000] {standard_task_runner.py:85} INFO - Job 2524: Subtask LoadData.LoadArtistDim
[2023-05-08T16:25:34.276+0000] {task_command.py:410} INFO - Running <TaskInstance: Summer_Warped_ETL.LoadData.LoadArtistDim manual__2023-05-08T16:09:58.195696+00:00 [running]> on host 7b4753e133cb
[2023-05-08T16:25:34.333+0000] {taskinstance.py:1570} INFO - Exporting env vars: AIRFLOW_CTX_DAG_OWNER='Ananta Moharana' AIRFLOW_CTX_DAG_ID='Summer_Warped_ETL' AIRFLOW_CTX_TASK_ID='LoadData.LoadArtistDim' AIRFLOW_CTX_EXECUTION_DATE='2023-05-08T16:09:58.195696+00:00' AIRFLOW_CTX_TRY_NUMBER='3' AIRFLOW_CTX_DAG_RUN_ID='manual__2023-05-08T16:09:58.195696+00:00'
[2023-05-08T16:25:34.336+0000] {logging_mixin.py:149} INFO - 2023-05/artist_dim.csv
[2023-05-08T16:25:34.343+0000] {base.py:73} INFO - Using connection ID 'aws_connection' for task execution.
[2023-05-08T16:25:34.344+0000] {connection_wrapper.py:337} INFO - AWS Connection (conn_id='aws_connection', conn_type='aws') credentials retrieved from login and password.
[2023-05-08T16:25:34.611+0000] {logging_mixin.py:149} INFO -         artist_name               artist_id        genre
0              Zaia  1m0t5VYISq6TcyMo7UqLMz  atl hip hop
1  nothing,nowhere.  7FngGIEGgN3Iwauw1MvO4P    cloud rap
2          brakence  4kqFrZkeqDfOIEqTWqbOOV   glitchcore
3        Marco Luka  4tjqHer0BFQbJ1FVyWhffM          NaN
4               Sky  62UdSpLGWjDU75OAFKLxWV          NaN
[2023-05-08T16:25:34.612+0000] {logging_mixin.py:149} INFO - INSERT INTO artist_dim (artist_name,artist_id,genre) VALUES (%s,%s,%s) ON CONFLICT (artist_id) DO UPDATE SET artist_name=EXCLUDED.artist_name,artist_id=EXCLUDED.artist_id,genre=EXCLUDED.genre
[2023-05-08T16:25:34.621+0000] {base.py:73} INFO - Using connection ID '***' for task execution.
[2023-05-08T16:25:34.630+0000] {sql.py:375} INFO - Running statement: INSERT INTO artist_dim (artist_name,artist_id,genre) VALUES (%s,%s,%s) ON CONFLICT (artist_id) DO UPDATE SET artist_name=EXCLUDED.artist_name,artist_id=EXCLUDED.artist_id,genre=EXCLUDED.genre, parameters: ('Zaia', '1m0t5VYISq6TcyMo7UqLMz', 'atl hip hop')
[2023-05-08T16:25:34.632+0000] {sql.py:384} INFO - Rows affected: 1
[2023-05-08T16:25:34.639+0000] {base.py:73} INFO - Using connection ID '***' for task execution.
[2023-05-08T16:25:34.648+0000] {sql.py:375} INFO - Running statement: INSERT INTO artist_dim (artist_name,artist_id,genre) VALUES (%s,%s,%s) ON CONFLICT (artist_id) DO UPDATE SET artist_name=EXCLUDED.artist_name,artist_id=EXCLUDED.artist_id,genre=EXCLUDED.genre, parameters: ('nothing,nowhere.', '7FngGIEGgN3Iwauw1MvO4P', 'cloud rap')
[2023-05-08T16:25:34.650+0000] {sql.py:384} INFO - Rows affected: 1
[2023-05-08T16:25:34.657+0000] {base.py:73} INFO - Using connection ID '***' for task execution.
[2023-05-08T16:25:34.664+0000] {sql.py:375} INFO - Running statement: INSERT INTO artist_dim (artist_name,artist_id,genre) VALUES (%s,%s,%s) ON CONFLICT (artist_id) DO UPDATE SET artist_name=EXCLUDED.artist_name,artist_id=EXCLUDED.artist_id,genre=EXCLUDED.genre, parameters: ('brakence', '4kqFrZkeqDfOIEqTWqbOOV', 'glitchcore')
[2023-05-08T16:25:34.666+0000] {sql.py:384} INFO - Rows affected: 1
[2023-05-08T16:25:34.673+0000] {base.py:73} INFO - Using connection ID '***' for task execution.
[2023-05-08T16:25:34.679+0000] {sql.py:375} INFO - Running statement: INSERT INTO artist_dim (artist_name,artist_id,genre) VALUES (%s,%s,%s) ON CONFLICT (artist_id) DO UPDATE SET artist_name=EXCLUDED.artist_name,artist_id=EXCLUDED.artist_id,genre=EXCLUDED.genre, parameters: ('Marco Luka', '4tjqHer0BFQbJ1FVyWhffM', nan)
[2023-05-08T16:25:34.681+0000] {sql.py:384} INFO - Rows affected: 1
[2023-05-08T16:25:34.687+0000] {base.py:73} INFO - Using connection ID '***' for task execution.
[2023-05-08T16:25:34.694+0000] {sql.py:375} INFO - Running statement: INSERT INTO artist_dim (artist_name,artist_id,genre) VALUES (%s,%s,%s) ON CONFLICT (artist_id) DO UPDATE SET artist_name=EXCLUDED.artist_name,artist_id=EXCLUDED.artist_id,genre=EXCLUDED.genre, parameters: ('Sky', '62UdSpLGWjDU75OAFKLxWV', nan)
[2023-05-08T16:25:34.696+0000] {sql.py:384} INFO - Rows affected: 1
[2023-05-08T16:25:34.702+0000] {base.py:73} INFO - Using connection ID '***' for task execution.
[2023-05-08T16:25:34.709+0000] {sql.py:375} INFO - Running statement: INSERT INTO artist_dim (artist_name,artist_id,genre) VALUES (%s,%s,%s) ON CONFLICT (artist_id) DO UPDATE SET artist_name=EXCLUDED.artist_name,artist_id=EXCLUDED.artist_id,genre=EXCLUDED.genre, parameters: ('abbot', '0Ro9LZA0sRl1FG66KgsA1u', nan)
[2023-05-08T16:25:34.711+0000] {sql.py:384} INFO - Rows affected: 1
[2023-05-08T16:25:34.717+0000] {base.py:73} INFO - Using connection ID '***' for task execution.
[2023-05-08T16:25:34.723+0000] {sql.py:375} INFO - Running statement: INSERT INTO artist_dim (artist_name,artist_id,genre) VALUES (%s,%s,%s) ON CONFLICT (artist_id) DO UPDATE SET artist_name=EXCLUDED.artist_name,artist_id=EXCLUDED.artist_id,genre=EXCLUDED.genre, parameters: ('guardin', '6zqcGQ6MH6yetBUoquMnL7', 'cloud rap')
[2023-05-08T16:25:34.725+0000] {sql.py:384} INFO - Rows affected: 1
[2023-05-08T16:25:34.731+0000] {base.py:73} INFO - Using connection ID '***' for task execution.
[2023-05-08T16:25:34.739+0000] {sql.py:375} INFO - Running statement: INSERT INTO artist_dim (artist_name,artist_id,genre) VALUES (%s,%s,%s) ON CONFLICT (artist_id) DO UPDATE SET artist_name=EXCLUDED.artist_name,artist_id=EXCLUDED.artist_id,genre=EXCLUDED.genre, parameters: ('gravehours', '5cwtCGap3COvJNt1yineor', nan)
[2023-05-08T16:25:34.741+0000] {sql.py:384} INFO - Rows affected: 1
[2023-05-08T16:25:34.747+0000] {base.py:73} INFO - Using connection ID '***' for task execution.
[2023-05-08T16:25:34.753+0000] {sql.py:375} INFO - Running statement: INSERT INTO artist_dim (artist_name,artist_id,genre) VALUES (%s,%s,%s) ON CONFLICT (artist_id) DO UPDATE SET artist_name=EXCLUDED.artist_name,artist_id=EXCLUDED.artist_id,genre=EXCLUDED.genre, parameters: ('50landing', '5aTRa02UP1y6PW5klZiTt0', nan)
[2023-05-08T16:25:34.755+0000] {sql.py:384} INFO - Rows affected: 1
[2023-05-08T16:25:34.762+0000] {base.py:73} INFO - Using connection ID '***' for task execution.
[2023-05-08T16:25:34.769+0000] {sql.py:375} INFO - Running statement: INSERT INTO artist_dim (artist_name,artist_id,genre) VALUES (%s,%s,%s) ON CONFLICT (artist_id) DO UPDATE SET artist_name=EXCLUDED.artist_name,artist_id=EXCLUDED.artist_id,genre=EXCLUDED.genre, parameters: ('Atlas in Motion', '1N9JxmOPJqhMCw219uoEi8', nan)
[2023-05-08T16:25:34.771+0000] {sql.py:384} INFO - Rows affected: 1
[2023-05-08T16:25:34.778+0000] {base.py:73} INFO - Using connection ID '***' for task execution.
[2023-05-08T16:25:34.784+0000] {sql.py:375} INFO - Running statement: INSERT INTO artist_dim (artist_name,artist_id,genre) VALUES (%s,%s,%s) ON CONFLICT (artist_id) DO UPDATE SET artist_name=EXCLUDED.artist_name,artist_id=EXCLUDED.artist_id,genre=EXCLUDED.genre, parameters: ('93FEETOFSMOKE', '0plNgbIlOc13T8ot3vyK79', 'cloud rap')
[2023-05-08T16:25:34.786+0000] {sql.py:384} INFO - Rows affected: 1
[2023-05-08T16:25:34.792+0000] {base.py:73} INFO - Using connection ID '***' for task execution.
[2023-05-08T16:25:34.798+0000] {sql.py:375} INFO - Running statement: INSERT INTO artist_dim (artist_name,artist_id,genre) VALUES (%s,%s,%s) ON CONFLICT (artist_id) DO UPDATE SET artist_name=EXCLUDED.artist_name,artist_id=EXCLUDED.artist_id,genre=EXCLUDED.genre, parameters: ('brody', '0t7bbGUdyq3urfDddwXhdY', 'emo rap')
[2023-05-08T16:25:34.801+0000] {sql.py:384} INFO - Rows affected: 1
[2023-05-08T16:25:34.807+0000] {base.py:73} INFO - Using connection ID '***' for task execution.
[2023-05-08T16:25:34.813+0000] {sql.py:375} INFO - Running statement: INSERT INTO artist_dim (artist_name,artist_id,genre) VALUES (%s,%s,%s) ON CONFLICT (artist_id) DO UPDATE SET artist_name=EXCLUDED.artist_name,artist_id=EXCLUDED.artist_id,genre=EXCLUDED.genre, parameters: ('Roderick Porter', '7Lcln0AXqNHMahrca8KVpy', 'aesthetic rap')
[2023-05-08T16:25:34.815+0000] {sql.py:384} INFO - Rows affected: 1
[2023-05-08T16:25:34.821+0000] {base.py:73} INFO - Using connection ID '***' for task execution.
[2023-05-08T16:25:34.829+0000] {sql.py:375} INFO - Running statement: INSERT INTO artist_dim (artist_name,artist_id,genre) VALUES (%s,%s,%s) ON CONFLICT (artist_id) DO UPDATE SET artist_name=EXCLUDED.artist_name,artist_id=EXCLUDED.artist_id,genre=EXCLUDED.genre, parameters: ('SypSki', '3XOHHfvBYKCMo1h0DFY27z', nan)
[2023-05-08T16:25:34.831+0000] {sql.py:384} INFO - Rows affected: 1
[2023-05-08T16:25:34.837+0000] {base.py:73} INFO - Using connection ID '***' for task execution.
[2023-05-08T16:25:34.845+0000] {sql.py:375} INFO - Running statement: INSERT INTO artist_dim (artist_name,artist_id,genre) VALUES (%s,%s,%s) ON CONFLICT (artist_id) DO UPDATE SET artist_name=EXCLUDED.artist_name,artist_id=EXCLUDED.artist_id,genre=EXCLUDED.genre, parameters: ('raspy', '1trffosn0Alk3IlloOD5O8', 'pittsburgh rap')
[2023-05-08T16:25:34.847+0000] {sql.py:384} INFO - Rows affected: 1
[2023-05-08T16:25:34.853+0000] {base.py:73} INFO - Using connection ID '***' for task execution.
[2023-05-08T16:25:34.860+0000] {sql.py:375} INFO - Running statement: INSERT INTO artist_dim (artist_name,artist_id,genre) VALUES (%s,%s,%s) ON CONFLICT (artist_id) DO UPDATE SET artist_name=EXCLUDED.artist_name,artist_id=EXCLUDED.artist_id,genre=EXCLUDED.genre, parameters: ('Landon Cube', '04ei5kNgmDuNAydFhhIHnD', 'vapor trap')
[2023-05-08T16:25:34.862+0000] {sql.py:384} INFO - Rows affected: 1
[2023-05-08T16:25:34.868+0000] {base.py:73} INFO - Using connection ID '***' for task execution.
[2023-05-08T16:25:34.875+0000] {sql.py:375} INFO - Running statement: INSERT INTO artist_dim (artist_name,artist_id,genre) VALUES (%s,%s,%s) ON CONFLICT (artist_id) DO UPDATE SET artist_name=EXCLUDED.artist_name,artist_id=EXCLUDED.artist_id,genre=EXCLUDED.genre, parameters: ('Oliver Francis', '0WvTK38rXqPCD5pZMDuX20', 'cloud rap')
[2023-05-08T16:25:34.877+0000] {sql.py:384} INFO - Rows affected: 1
[2023-05-08T16:25:34.883+0000] {base.py:73} INFO - Using connection ID '***' for task execution.
[2023-05-08T16:25:34.890+0000] {sql.py:375} INFO - Running statement: INSERT INTO artist_dim (artist_name,artist_id,genre) VALUES (%s,%s,%s) ON CONFLICT (artist_id) DO UPDATE SET artist_name=EXCLUDED.artist_name,artist_id=EXCLUDED.artist_id,genre=EXCLUDED.genre, parameters: ('Aries', '3hOdow4ZPmrby7Q1wfPLEy', nan)
[2023-05-08T16:25:34.892+0000] {sql.py:384} INFO - Rows affected: 1
[2023-05-08T16:25:34.899+0000] {base.py:73} INFO - Using connection ID '***' for task execution.
[2023-05-08T16:25:34.906+0000] {sql.py:375} INFO - Running statement: INSERT INTO artist_dim (artist_name,artist_id,genre) VALUES (%s,%s,%s) ON CONFLICT (artist_id) DO UPDATE SET artist_name=EXCLUDED.artist_name,artist_id=EXCLUDED.artist_id,genre=EXCLUDED.genre, parameters: ('elias', '7eRBEVzcZk4XyIdF0Btfg4', 'lo-fi rap')
[2023-05-08T16:25:34.908+0000] {sql.py:384} INFO - Rows affected: 1
[2023-05-08T16:25:34.914+0000] {base.py:73} INFO - Using connection ID '***' for task execution.
[2023-05-08T16:25:34.921+0000] {sql.py:375} INFO - Running statement: INSERT INTO artist_dim (artist_name,artist_id,genre) VALUES (%s,%s,%s) ON CONFLICT (artist_id) DO UPDATE SET artist_name=EXCLUDED.artist_name,artist_id=EXCLUDED.artist_id,genre=EXCLUDED.genre, parameters: ('MostlyEverything', '3Ae7AQITxFS0r3yGQHYDJI', 'upstate ny rap')
[2023-05-08T16:25:34.923+0000] {sql.py:384} INFO - Rows affected: 1
[2023-05-08T16:25:34.930+0000] {base.py:73} INFO - Using connection ID '***' for task execution.
[2023-05-08T16:25:34.938+0000] {sql.py:375} INFO - Running statement: INSERT INTO artist_dim (artist_name,artist_id,genre) VALUES (%s,%s,%s) ON CONFLICT (artist_id) DO UPDATE SET artist_name=EXCLUDED.artist_name,artist_id=EXCLUDED.artist_id,genre=EXCLUDED.genre, parameters: ('Foreign Forest', '7C4ztJMkuGRy0qkU6dG5hU', 'emo rap')
[2023-05-08T16:25:34.939+0000] {sql.py:384} INFO - Rows affected: 1
[2023-05-08T16:25:34.945+0000] {base.py:73} INFO - Using connection ID '***' for task execution.
[2023-05-08T16:25:34.952+0000] {sql.py:375} INFO - Running statement: INSERT INTO artist_dim (artist_name,artist_id,genre) VALUES (%s,%s,%s) ON CONFLICT (artist_id) DO UPDATE SET artist_name=EXCLUDED.artist_name,artist_id=EXCLUDED.artist_id,genre=EXCLUDED.genre, parameters: ('Ashes', '0vUk0rbl0BkFjmeFvjOvoj', nan)
[2023-05-08T16:25:34.954+0000] {sql.py:384} INFO - Rows affected: 1
[2023-05-08T16:25:34.960+0000] {base.py:73} INFO - Using connection ID '***' for task execution.
[2023-05-08T16:25:34.967+0000] {sql.py:375} INFO - Running statement: INSERT INTO artist_dim (artist_name,artist_id,genre) VALUES (%s,%s,%s) ON CONFLICT (artist_id) DO UPDATE SET artist_name=EXCLUDED.artist_name,artist_id=EXCLUDED.artist_id,genre=EXCLUDED.genre, parameters: ('blackbear', '2cFrymmkijnjDg9SS92EPM', 'alt z')
[2023-05-08T16:25:34.969+0000] {sql.py:384} INFO - Rows affected: 1
[2023-05-08T16:25:34.975+0000] {base.py:73} INFO - Using connection ID '***' for task execution.
[2023-05-08T16:25:34.982+0000] {sql.py:375} INFO - Running statement: INSERT INTO artist_dim (artist_name,artist_id,genre) VALUES (%s,%s,%s) ON CONFLICT (artist_id) DO UPDATE SET artist_name=EXCLUDED.artist_name,artist_id=EXCLUDED.artist_id,genre=EXCLUDED.genre, parameters: ('6 Dogs', '3Ps6le7tj5BdNtdnfNgTU4', 'cloud rap')
[2023-05-08T16:25:34.984+0000] {sql.py:384} INFO - Rows affected: 1
[2023-05-08T16:25:34.990+0000] {base.py:73} INFO - Using connection ID '***' for task execution.
[2023-05-08T16:25:34.997+0000] {sql.py:375} INFO - Running statement: INSERT INTO artist_dim (artist_name,artist_id,genre) VALUES (%s,%s,%s) ON CONFLICT (artist_id) DO UPDATE SET artist_name=EXCLUDED.artist_name,artist_id=EXCLUDED.artist_id,genre=EXCLUDED.genre, parameters: ('Pretty Pacc', '2QuPPChZpqAai29uqulNFe', nan)
[2023-05-08T16:25:34.998+0000] {sql.py:384} INFO - Rows affected: 1
[2023-05-08T16:25:35.005+0000] {base.py:73} INFO - Using connection ID '***' for task execution.
[2023-05-08T16:25:35.012+0000] {sql.py:375} INFO - Running statement: INSERT INTO artist_dim (artist_name,artist_id,genre) VALUES (%s,%s,%s) ON CONFLICT (artist_id) DO UPDATE SET artist_name=EXCLUDED.artist_name,artist_id=EXCLUDED.artist_id,genre=EXCLUDED.genre, parameters: ('SAIAH', '5ZPYeVqoWNuukwfarvkyJX', nan)
[2023-05-08T16:25:35.014+0000] {sql.py:384} INFO - Rows affected: 1
[2023-05-08T16:25:35.020+0000] {base.py:73} INFO - Using connection ID '***' for task execution.
[2023-05-08T16:25:35.027+0000] {sql.py:375} INFO - Running statement: INSERT INTO artist_dim (artist_name,artist_id,genre) VALUES (%s,%s,%s) ON CONFLICT (artist_id) DO UPDATE SET artist_name=EXCLUDED.artist_name,artist_id=EXCLUDED.artist_id,genre=EXCLUDED.genre, parameters: ('Lucy Fer', '0BxHc5dN9BSfLZ8PCch9wT', nan)
[2023-05-08T16:25:35.029+0000] {sql.py:384} INFO - Rows affected: 1
[2023-05-08T16:25:35.035+0000] {base.py:73} INFO - Using connection ID '***' for task execution.
[2023-05-08T16:25:35.042+0000] {sql.py:375} INFO - Running statement: INSERT INTO artist_dim (artist_name,artist_id,genre) VALUES (%s,%s,%s) ON CONFLICT (artist_id) DO UPDATE SET artist_name=EXCLUDED.artist_name,artist_id=EXCLUDED.artist_id,genre=EXCLUDED.genre, parameters: ('Sleepa', '1iT8Vbd7KhZiBji3G72zDW', nan)
[2023-05-08T16:25:35.044+0000] {sql.py:384} INFO - Rows affected: 1
[2023-05-08T16:25:35.051+0000] {base.py:73} INFO - Using connection ID '***' for task execution.
[2023-05-08T16:25:35.058+0000] {sql.py:375} INFO - Running statement: INSERT INTO artist_dim (artist_name,artist_id,genre) VALUES (%s,%s,%s) ON CONFLICT (artist_id) DO UPDATE SET artist_name=EXCLUDED.artist_name,artist_id=EXCLUDED.artist_id,genre=EXCLUDED.genre, parameters: ('glaive', '4cJKDGSv4Dz9QycXYmo565', 'glitchcore')
[2023-05-08T16:25:35.059+0000] {sql.py:384} INFO - Rows affected: 1
[2023-05-08T16:25:35.066+0000] {base.py:73} INFO - Using connection ID '***' for task execution.
[2023-05-08T16:25:35.072+0000] {sql.py:375} INFO - Running statement: INSERT INTO artist_dim (artist_name,artist_id,genre) VALUES (%s,%s,%s) ON CONFLICT (artist_id) DO UPDATE SET artist_name=EXCLUDED.artist_name,artist_id=EXCLUDED.artist_id,genre=EXCLUDED.genre, parameters: ('kaido', '0UENogXhLeGTZjub4eejjX', 'hyperpop')
[2023-05-08T16:25:35.074+0000] {sql.py:384} INFO - Rows affected: 1
[2023-05-08T16:25:35.080+0000] {base.py:73} INFO - Using connection ID '***' for task execution.
[2023-05-08T16:25:35.087+0000] {sql.py:375} INFO - Running statement: INSERT INTO artist_dim (artist_name,artist_id,genre) VALUES (%s,%s,%s) ON CONFLICT (artist_id) DO UPDATE SET artist_name=EXCLUDED.artist_name,artist_id=EXCLUDED.artist_id,genre=EXCLUDED.genre, parameters: ('kurtains', '7b2FbxYmnpGMPqDe04QmyP', 'emoplugg')
[2023-05-08T16:25:35.089+0000] {sql.py:384} INFO - Rows affected: 1
[2023-05-08T16:25:35.095+0000] {base.py:73} INFO - Using connection ID '***' for task execution.
[2023-05-08T16:25:35.101+0000] {sql.py:375} INFO - Running statement: INSERT INTO artist_dim (artist_name,artist_id,genre) VALUES (%s,%s,%s) ON CONFLICT (artist_id) DO UPDATE SET artist_name=EXCLUDED.artist_name,artist_id=EXCLUDED.artist_id,genre=EXCLUDED.genre, parameters: ('Numl6ck', '2anlj4dNUn9I1VxxmjRHRx', 'glitchcore')
[2023-05-08T16:25:35.103+0000] {sql.py:384} INFO - Rows affected: 1
[2023-05-08T16:25:35.110+0000] {base.py:73} INFO - Using connection ID '***' for task execution.
[2023-05-08T16:25:35.131+0000] {sql.py:375} INFO - Running statement: INSERT INTO artist_dim (artist_name,artist_id,genre) VALUES (%s,%s,%s) ON CONFLICT (artist_id) DO UPDATE SET artist_name=EXCLUDED.artist_name,artist_id=EXCLUDED.artist_id,genre=EXCLUDED.genre, parameters: ('Deadman Era', '4FI4qPOnjt3D8DnJQrNWps', nan)
[2023-05-08T16:25:35.133+0000] {sql.py:384} INFO - Rows affected: 1
[2023-05-08T16:25:35.140+0000] {base.py:73} INFO - Using connection ID '***' for task execution.
[2023-05-08T16:25:35.148+0000] {sql.py:375} INFO - Running statement: INSERT INTO artist_dim (artist_name,artist_id,genre) VALUES (%s,%s,%s) ON CONFLICT (artist_id) DO UPDATE SET artist_name=EXCLUDED.artist_name,artist_id=EXCLUDED.artist_id,genre=EXCLUDED.genre, parameters: ('Lund', '5uLkZ7FWMTBUg1corQqdkR', 'cloud rap')
[2023-05-08T16:25:35.150+0000] {sql.py:384} INFO - Rows affected: 1
[2023-05-08T16:25:35.158+0000] {base.py:73} INFO - Using connection ID '***' for task execution.
[2023-05-08T16:25:35.165+0000] {sql.py:375} INFO - Running statement: INSERT INTO artist_dim (artist_name,artist_id,genre) VALUES (%s,%s,%s) ON CONFLICT (artist_id) DO UPDATE SET artist_name=EXCLUDED.artist_name,artist_id=EXCLUDED.artist_id,genre=EXCLUDED.genre, parameters: ('Lil Cobaine', '0ILo2K3FmfIh4ICcbHE7RK', nan)
[2023-05-08T16:25:35.168+0000] {sql.py:384} INFO - Rows affected: 1
[2023-05-08T16:25:35.175+0000] {base.py:73} INFO - Using connection ID '***' for task execution.
[2023-05-08T16:25:35.183+0000] {sql.py:375} INFO - Running statement: INSERT INTO artist_dim (artist_name,artist_id,genre) VALUES (%s,%s,%s) ON CONFLICT (artist_id) DO UPDATE SET artist_name=EXCLUDED.artist_name,artist_id=EXCLUDED.artist_id,genre=EXCLUDED.genre, parameters: ('ilham', '0r7PsZB4ePA6vHrW4agoGN', nan)
[2023-05-08T16:25:35.185+0000] {sql.py:384} INFO - Rows affected: 1
[2023-05-08T16:25:35.193+0000] {base.py:73} INFO - Using connection ID '***' for task execution.
[2023-05-08T16:25:35.205+0000] {sql.py:375} INFO - Running statement: INSERT INTO artist_dim (artist_name,artist_id,genre) VALUES (%s,%s,%s) ON CONFLICT (artist_id) DO UPDATE SET artist_name=EXCLUDED.artist_name,artist_id=EXCLUDED.artist_id,genre=EXCLUDED.genre, parameters: ('Angelo Mota', '1PpFka2STGQ57kJcgYBgEF', 'indie hip hop')
[2023-05-08T16:25:35.210+0000] {sql.py:384} INFO - Rows affected: 1
[2023-05-08T16:25:35.220+0000] {base.py:73} INFO - Using connection ID '***' for task execution.
[2023-05-08T16:25:35.228+0000] {sql.py:375} INFO - Running statement: INSERT INTO artist_dim (artist_name,artist_id,genre) VALUES (%s,%s,%s) ON CONFLICT (artist_id) DO UPDATE SET artist_name=EXCLUDED.artist_name,artist_id=EXCLUDED.artist_id,genre=EXCLUDED.genre, parameters: ('Xuitcasecity', '6YxrfNCKBcQlbITpmDLErL', 'indie pop rap')
[2023-05-08T16:25:35.230+0000] {sql.py:384} INFO - Rows affected: 1
[2023-05-08T16:25:35.237+0000] {base.py:73} INFO - Using connection ID '***' for task execution.
[2023-05-08T16:25:35.246+0000] {sql.py:375} INFO - Running statement: INSERT INTO artist_dim (artist_name,artist_id,genre) VALUES (%s,%s,%s) ON CONFLICT (artist_id) DO UPDATE SET artist_name=EXCLUDED.artist_name,artist_id=EXCLUDED.artist_id,genre=EXCLUDED.genre, parameters: ('benny mayne', '2R2Yg2qPloNOTOfqxfXX7l', 'canadian contemporary r&b')
[2023-05-08T16:25:35.248+0000] {sql.py:384} INFO - Rows affected: 1
[2023-05-08T16:25:35.256+0000] {base.py:73} INFO - Using connection ID '***' for task execution.
[2023-05-08T16:25:35.263+0000] {sql.py:375} INFO - Running statement: INSERT INTO artist_dim (artist_name,artist_id,genre) VALUES (%s,%s,%s) ON CONFLICT (artist_id) DO UPDATE SET artist_name=EXCLUDED.artist_name,artist_id=EXCLUDED.artist_id,genre=EXCLUDED.genre, parameters: ('Isekai', '4yOY5zmuuTlS1DbG3yZGki', nan)
[2023-05-08T16:25:35.265+0000] {sql.py:384} INFO - Rows affected: 1
[2023-05-08T16:25:35.273+0000] {base.py:73} INFO - Using connection ID '***' for task execution.
[2023-05-08T16:25:35.282+0000] {sql.py:375} INFO - Running statement: INSERT INTO artist_dim (artist_name,artist_id,genre) VALUES (%s,%s,%s) ON CONFLICT (artist_id) DO UPDATE SET artist_name=EXCLUDED.artist_name,artist_id=EXCLUDED.artist_id,genre=EXCLUDED.genre, parameters: ('Lil Rae', '7iVscW49OWowl9SoLmWzfy', nan)
[2023-05-08T16:25:35.284+0000] {sql.py:384} INFO - Rows affected: 1
[2023-05-08T16:25:35.291+0000] {base.py:73} INFO - Using connection ID '***' for task execution.
[2023-05-08T16:25:35.298+0000] {sql.py:375} INFO - Running statement: INSERT INTO artist_dim (artist_name,artist_id,genre) VALUES (%s,%s,%s) ON CONFLICT (artist_id) DO UPDATE SET artist_name=EXCLUDED.artist_name,artist_id=EXCLUDED.artist_id,genre=EXCLUDED.genre, parameters: ('916frosty', '6c0lj01vVpHsCH7Z5CfJ9K', 'emo rap')
[2023-05-08T16:25:35.300+0000] {sql.py:384} INFO - Rows affected: 1
[2023-05-08T16:25:35.306+0000] {base.py:73} INFO - Using connection ID '***' for task execution.
[2023-05-08T16:25:35.313+0000] {sql.py:375} INFO - Running statement: INSERT INTO artist_dim (artist_name,artist_id,genre) VALUES (%s,%s,%s) ON CONFLICT (artist_id) DO UPDATE SET artist_name=EXCLUDED.artist_name,artist_id=EXCLUDED.artist_id,genre=EXCLUDED.genre, parameters: ('COTIS', '63CZNEytugjFnZBdjBmWc8', 'canadian contemporary r&b')
[2023-05-08T16:25:35.315+0000] {sql.py:384} INFO - Rows affected: 1
[2023-05-08T16:25:35.322+0000] {base.py:73} INFO - Using connection ID '***' for task execution.
[2023-05-08T16:25:35.329+0000] {sql.py:375} INFO - Running statement: INSERT INTO artist_dim (artist_name,artist_id,genre) VALUES (%s,%s,%s) ON CONFLICT (artist_id) DO UPDATE SET artist_name=EXCLUDED.artist_name,artist_id=EXCLUDED.artist_id,genre=EXCLUDED.genre, parameters: ('diveliner', '0be7y7HUvSBf8uG1X7pK8f', nan)
[2023-05-08T16:25:35.331+0000] {sql.py:384} INFO - Rows affected: 1
[2023-05-08T16:25:35.338+0000] {base.py:73} INFO - Using connection ID '***' for task execution.
[2023-05-08T16:25:35.345+0000] {sql.py:375} INFO - Running statement: INSERT INTO artist_dim (artist_name,artist_id,genre) VALUES (%s,%s,%s) ON CONFLICT (artist_id) DO UPDATE SET artist_name=EXCLUDED.artist_name,artist_id=EXCLUDED.artist_id,genre=EXCLUDED.genre, parameters: ('Young Lungs', '2trvlbfMS5zVozEmrFNDTJ', 'canadian hip hop')
[2023-05-08T16:25:35.347+0000] {sql.py:384} INFO - Rows affected: 1
[2023-05-08T16:25:35.353+0000] {base.py:73} INFO - Using connection ID '***' for task execution.
[2023-05-08T16:25:35.360+0000] {sql.py:375} INFO - Running statement: INSERT INTO artist_dim (artist_name,artist_id,genre) VALUES (%s,%s,%s) ON CONFLICT (artist_id) DO UPDATE SET artist_name=EXCLUDED.artist_name,artist_id=EXCLUDED.artist_id,genre=EXCLUDED.genre, parameters: ('Darko', '63dmB3SM4vOZ8rK1EX5IkU', 'sad rap')
[2023-05-08T16:25:35.361+0000] {sql.py:384} INFO - Rows affected: 1
[2023-05-08T16:25:35.368+0000] {base.py:73} INFO - Using connection ID '***' for task execution.
[2023-05-08T16:25:35.375+0000] {sql.py:375} INFO - Running statement: INSERT INTO artist_dim (artist_name,artist_id,genre) VALUES (%s,%s,%s) ON CONFLICT (artist_id) DO UPDATE SET artist_name=EXCLUDED.artist_name,artist_id=EXCLUDED.artist_id,genre=EXCLUDED.genre, parameters: ('24kGoldn', '6fWVd57NKTalqvmjRd2t8Z', 'cali rap')
[2023-05-08T16:25:35.377+0000] {sql.py:384} INFO - Rows affected: 1
[2023-05-08T16:25:35.383+0000] {base.py:73} INFO - Using connection ID '***' for task execution.
[2023-05-08T16:25:35.389+0000] {sql.py:375} INFO - Running statement: INSERT INTO artist_dim (artist_name,artist_id,genre) VALUES (%s,%s,%s) ON CONFLICT (artist_id) DO UPDATE SET artist_name=EXCLUDED.artist_name,artist_id=EXCLUDED.artist_id,genre=EXCLUDED.genre, parameters: ('convolk', '3ddT1Q3KQAm1G7UcIfz5KJ', 'cloud rap')
[2023-05-08T16:25:35.391+0000] {sql.py:384} INFO - Rows affected: 1
[2023-05-08T16:25:35.397+0000] {base.py:73} INFO - Using connection ID '***' for task execution.
[2023-05-08T16:25:35.406+0000] {sql.py:375} INFO - Running statement: INSERT INTO artist_dim (artist_name,artist_id,genre) VALUES (%s,%s,%s) ON CONFLICT (artist_id) DO UPDATE SET artist_name=EXCLUDED.artist_name,artist_id=EXCLUDED.artist_id,genre=EXCLUDED.genre, parameters: ('Sevant', '47SwNXPh17mIDcZwsCr6hX', nan)
[2023-05-08T16:25:35.408+0000] {sql.py:384} INFO - Rows affected: 1
[2023-05-08T16:25:35.414+0000] {base.py:73} INFO - Using connection ID '***' for task execution.
[2023-05-08T16:25:35.420+0000] {sql.py:375} INFO - Running statement: INSERT INTO artist_dim (artist_name,artist_id,genre) VALUES (%s,%s,%s) ON CONFLICT (artist_id) DO UPDATE SET artist_name=EXCLUDED.artist_name,artist_id=EXCLUDED.artist_id,genre=EXCLUDED.genre, parameters: ('Lui Joseph', '7MS7B4QRp1n6c5H8N7s3wB', 'sad rap')
[2023-05-08T16:25:35.422+0000] {sql.py:384} INFO - Rows affected: 1
[2023-05-08T16:25:35.428+0000] {base.py:73} INFO - Using connection ID '***' for task execution.
[2023-05-08T16:25:35.435+0000] {sql.py:375} INFO - Running statement: INSERT INTO artist_dim (artist_name,artist_id,genre) VALUES (%s,%s,%s) ON CONFLICT (artist_id) DO UPDATE SET artist_name=EXCLUDED.artist_name,artist_id=EXCLUDED.artist_id,genre=EXCLUDED.genre, parameters: ('Josh Golden', '6wUAn24MOirNVNqQM47fda', 'la pop')
[2023-05-08T16:25:35.437+0000] {sql.py:384} INFO - Rows affected: 1
[2023-05-08T16:25:35.444+0000] {base.py:73} INFO - Using connection ID '***' for task execution.
[2023-05-08T16:25:35.452+0000] {sql.py:375} INFO - Running statement: INSERT INTO artist_dim (artist_name,artist_id,genre) VALUES (%s,%s,%s) ON CONFLICT (artist_id) DO UPDATE SET artist_name=EXCLUDED.artist_name,artist_id=EXCLUDED.artist_id,genre=EXCLUDED.genre, parameters: ('ATO', '4KoNbDwbCK9D04dSmYG93E', nan)
[2023-05-08T16:25:35.454+0000] {sql.py:384} INFO - Rows affected: 1
[2023-05-08T16:25:35.463+0000] {base.py:73} INFO - Using connection ID '***' for task execution.
[2023-05-08T16:25:35.470+0000] {sql.py:375} INFO - Running statement: INSERT INTO artist_dim (artist_name,artist_id,genre) VALUES (%s,%s,%s) ON CONFLICT (artist_id) DO UPDATE SET artist_name=EXCLUDED.artist_name,artist_id=EXCLUDED.artist_id,genre=EXCLUDED.genre, parameters: ('Felly', '2848adRcxvgWNRcz1g1tQD', 'indie pop rap')
[2023-05-08T16:25:35.472+0000] {sql.py:384} INFO - Rows affected: 1
[2023-05-08T16:25:35.480+0000] {base.py:73} INFO - Using connection ID '***' for task execution.
[2023-05-08T16:25:35.487+0000] {sql.py:375} INFO - Running statement: INSERT INTO artist_dim (artist_name,artist_id,genre) VALUES (%s,%s,%s) ON CONFLICT (artist_id) DO UPDATE SET artist_name=EXCLUDED.artist_name,artist_id=EXCLUDED.artist_id,genre=EXCLUDED.genre, parameters: ('RIZ LA VIE', '0QkgnHpxSCOYdTnhUR9S5k', 'bedroom soul')
[2023-05-08T16:25:35.489+0000] {sql.py:384} INFO - Rows affected: 1
[2023-05-08T16:25:35.496+0000] {base.py:73} INFO - Using connection ID '***' for task execution.
[2023-05-08T16:25:35.503+0000] {sql.py:375} INFO - Running statement: INSERT INTO artist_dim (artist_name,artist_id,genre) VALUES (%s,%s,%s) ON CONFLICT (artist_id) DO UPDATE SET artist_name=EXCLUDED.artist_name,artist_id=EXCLUDED.artist_id,genre=EXCLUDED.genre, parameters: ('Tommy Ice', '3AUIYVmhwrsw8UOPHEv91Z', 'emo rap')
[2023-05-08T16:25:35.505+0000] {sql.py:384} INFO - Rows affected: 1
[2023-05-08T16:25:35.511+0000] {base.py:73} INFO - Using connection ID '***' for task execution.
[2023-05-08T16:25:40.523+0000] {sql.py:375} INFO - Running statement: INSERT INTO artist_dim (artist_name,artist_id,genre) VALUES (%s,%s,%s) ON CONFLICT (artist_id) DO UPDATE SET artist_name=EXCLUDED.artist_name,artist_id=EXCLUDED.artist_id,genre=EXCLUDED.genre, parameters: ('Andrew Spacey', '71EAlWYAa5jb4phZIOlp7u', 'st louis rap')
[2023-05-08T16:25:40.525+0000] {sql.py:384} INFO - Rows affected: 1
[2023-05-08T16:25:40.532+0000] {base.py:73} INFO - Using connection ID '***' for task execution.
[2023-05-08T16:25:40.540+0000] {sql.py:375} INFO - Running statement: INSERT INTO artist_dim (artist_name,artist_id,genre) VALUES (%s,%s,%s) ON CONFLICT (artist_id) DO UPDATE SET artist_name=EXCLUDED.artist_name,artist_id=EXCLUDED.artist_id,genre=EXCLUDED.genre, parameters: ('aldn', '2GUw9Wzha61PkZoRVv1PDD', 'glitchcore')
[2023-05-08T16:25:40.542+0000] {sql.py:384} INFO - Rows affected: 1
[2023-05-08T16:25:40.548+0000] {base.py:73} INFO - Using connection ID '***' for task execution.
[2023-05-08T16:25:40.556+0000] {sql.py:375} INFO - Running statement: INSERT INTO artist_dim (artist_name,artist_id,genre) VALUES (%s,%s,%s) ON CONFLICT (artist_id) DO UPDATE SET artist_name=EXCLUDED.artist_name,artist_id=EXCLUDED.artist_id,genre=EXCLUDED.genre, parameters: ('RONEN', '3wDeS1sr05fxaOeiJJrOnL', 'aesthetic rap')
[2023-05-08T16:25:40.559+0000] {sql.py:384} INFO - Rows affected: 1
[2023-05-08T16:25:40.566+0000] {base.py:73} INFO - Using connection ID '***' for task execution.
[2023-05-08T16:25:40.574+0000] {sql.py:375} INFO - Running statement: INSERT INTO artist_dim (artist_name,artist_id,genre) VALUES (%s,%s,%s) ON CONFLICT (artist_id) DO UPDATE SET artist_name=EXCLUDED.artist_name,artist_id=EXCLUDED.artist_id,genre=EXCLUDED.genre, parameters: ('Elroy', '1OP39gZ2SXVnwg4NrARmsu', 'hyperpop')
[2023-05-08T16:25:40.576+0000] {sql.py:384} INFO - Rows affected: 1
[2023-05-08T16:25:40.583+0000] {base.py:73} INFO - Using connection ID '***' for task execution.
[2023-05-08T16:25:40.591+0000] {sql.py:375} INFO - Running statement: INSERT INTO artist_dim (artist_name,artist_id,genre) VALUES (%s,%s,%s) ON CONFLICT (artist_id) DO UPDATE SET artist_name=EXCLUDED.artist_name,artist_id=EXCLUDED.artist_id,genre=EXCLUDED.genre, parameters: ('44phantom', '1vwwjIPFeYoRfAUCqqO6cZ', nan)
[2023-05-08T16:25:40.592+0000] {sql.py:384} INFO - Rows affected: 1
[2023-05-08T16:25:40.599+0000] {base.py:73} INFO - Using connection ID '***' for task execution.
[2023-05-08T16:25:40.607+0000] {sql.py:375} INFO - Running statement: INSERT INTO artist_dim (artist_name,artist_id,genre) VALUES (%s,%s,%s) ON CONFLICT (artist_id) DO UPDATE SET artist_name=EXCLUDED.artist_name,artist_id=EXCLUDED.artist_id,genre=EXCLUDED.genre, parameters: ('Ramzoid', '2Ci3Sflo2BfC77wTwn2hbH', 'future bass')
[2023-05-08T16:25:40.609+0000] {sql.py:384} INFO - Rows affected: 1
[2023-05-08T16:25:40.616+0000] {base.py:73} INFO - Using connection ID '***' for task execution.
[2023-05-08T16:25:40.628+0000] {sql.py:375} INFO - Running statement: INSERT INTO artist_dim (artist_name,artist_id,genre) VALUES (%s,%s,%s) ON CONFLICT (artist_id) DO UPDATE SET artist_name=EXCLUDED.artist_name,artist_id=EXCLUDED.artist_id,genre=EXCLUDED.genre, parameters: ('GOLDHOUSE', '670UISOh9XV1zlq5z5IfoY', 'pop edm')
[2023-05-08T16:25:40.630+0000] {sql.py:384} INFO - Rows affected: 1
[2023-05-08T16:25:40.638+0000] {base.py:73} INFO - Using connection ID '***' for task execution.
[2023-05-08T16:25:40.645+0000] {sql.py:375} INFO - Running statement: INSERT INTO artist_dim (artist_name,artist_id,genre) VALUES (%s,%s,%s) ON CONFLICT (artist_id) DO UPDATE SET artist_name=EXCLUDED.artist_name,artist_id=EXCLUDED.artist_id,genre=EXCLUDED.genre, parameters: ('dying in designer', '3QZxOYl5zlZtfigtXOZsfT', 'emo rap')
[2023-05-08T16:25:40.647+0000] {sql.py:384} INFO - Rows affected: 1
[2023-05-08T16:25:40.654+0000] {base.py:73} INFO - Using connection ID '***' for task execution.
[2023-05-08T16:25:40.661+0000] {sql.py:375} INFO - Running statement: INSERT INTO artist_dim (artist_name,artist_id,genre) VALUES (%s,%s,%s) ON CONFLICT (artist_id) DO UPDATE SET artist_name=EXCLUDED.artist_name,artist_id=EXCLUDED.artist_id,genre=EXCLUDED.genre, parameters: ('Kota the Friend', '2AfU5LYBVCiCtuCCfM7uVX', 'underground hip hop')
[2023-05-08T16:25:40.663+0000] {sql.py:384} INFO - Rows affected: 1
[2023-05-08T16:25:40.670+0000] {base.py:73} INFO - Using connection ID '***' for task execution.
[2023-05-08T16:25:40.679+0000] {sql.py:375} INFO - Running statement: INSERT INTO artist_dim (artist_name,artist_id,genre) VALUES (%s,%s,%s) ON CONFLICT (artist_id) DO UPDATE SET artist_name=EXCLUDED.artist_name,artist_id=EXCLUDED.artist_id,genre=EXCLUDED.genre, parameters: ('Marlon Craft', '7MigDh04CCntQbsBvugEmb', 'nyc rap')
[2023-05-08T16:25:40.681+0000] {sql.py:384} INFO - Rows affected: 1
[2023-05-08T16:25:40.688+0000] {base.py:73} INFO - Using connection ID '***' for task execution.
[2023-05-08T16:25:40.696+0000] {sql.py:375} INFO - Running statement: INSERT INTO artist_dim (artist_name,artist_id,genre) VALUES (%s,%s,%s) ON CONFLICT (artist_id) DO UPDATE SET artist_name=EXCLUDED.artist_name,artist_id=EXCLUDED.artist_id,genre=EXCLUDED.genre, parameters: ('SEBASTIAN PAUL', '1tQu5TjcAK68fx8qrc8ZgF', nan)
[2023-05-08T16:25:40.698+0000] {sql.py:384} INFO - Rows affected: 1
[2023-05-08T16:25:40.704+0000] {base.py:73} INFO - Using connection ID '***' for task execution.
[2023-05-08T16:25:40.714+0000] {sql.py:375} INFO - Running statement: INSERT INTO artist_dim (artist_name,artist_id,genre) VALUES (%s,%s,%s) ON CONFLICT (artist_id) DO UPDATE SET artist_name=EXCLUDED.artist_name,artist_id=EXCLUDED.artist_id,genre=EXCLUDED.genre, parameters: ('Max Wells', '0Kx7qYhFiv0YD5lxEG1nsz', nan)
[2023-05-08T16:25:40.716+0000] {sql.py:384} INFO - Rows affected: 1
[2023-05-08T16:25:40.723+0000] {base.py:73} INFO - Using connection ID '***' for task execution.
[2023-05-08T16:25:40.733+0000] {sql.py:375} INFO - Running statement: INSERT INTO artist_dim (artist_name,artist_id,genre) VALUES (%s,%s,%s) ON CONFLICT (artist_id) DO UPDATE SET artist_name=EXCLUDED.artist_name,artist_id=EXCLUDED.artist_id,genre=EXCLUDED.genre, parameters: ('Gomey', '5ibWbhA0IkPT3xCN0YicRL', nan)
[2023-05-08T16:25:40.736+0000] {sql.py:384} INFO - Rows affected: 1
[2023-05-08T16:25:40.743+0000] {base.py:73} INFO - Using connection ID '***' for task execution.
[2023-05-08T16:25:40.753+0000] {sql.py:375} INFO - Running statement: INSERT INTO artist_dim (artist_name,artist_id,genre) VALUES (%s,%s,%s) ON CONFLICT (artist_id) DO UPDATE SET artist_name=EXCLUDED.artist_name,artist_id=EXCLUDED.artist_id,genre=EXCLUDED.genre, parameters: ('Christian French', '7naAJDAh7AZnf18YYfQruM', 'alt z')
[2023-05-08T16:25:40.756+0000] {sql.py:384} INFO - Rows affected: 1
[2023-05-08T16:25:40.763+0000] {base.py:73} INFO - Using connection ID '***' for task execution.
[2023-05-08T16:25:40.772+0000] {sql.py:375} INFO - Running statement: INSERT INTO artist_dim (artist_name,artist_id,genre) VALUES (%s,%s,%s) ON CONFLICT (artist_id) DO UPDATE SET artist_name=EXCLUDED.artist_name,artist_id=EXCLUDED.artist_id,genre=EXCLUDED.genre, parameters: ('tsubi club', '6fHEaFnFgMxMAtDt7mFoQ3', 'hyperpop')
[2023-05-08T16:25:40.777+0000] {sql.py:384} INFO - Rows affected: 1
[2023-05-08T16:25:40.785+0000] {base.py:73} INFO - Using connection ID '***' for task execution.
[2023-05-08T16:25:40.794+0000] {sql.py:375} INFO - Running statement: INSERT INTO artist_dim (artist_name,artist_id,genre) VALUES (%s,%s,%s) ON CONFLICT (artist_id) DO UPDATE SET artist_name=EXCLUDED.artist_name,artist_id=EXCLUDED.artist_id,genre=EXCLUDED.genre, parameters: ('Vwillz', '0S7eN9KAsbAaIZtFyCn1q1', nan)
[2023-05-08T16:25:40.796+0000] {sql.py:384} INFO - Rows affected: 1
[2023-05-08T16:25:40.802+0000] {base.py:73} INFO - Using connection ID '***' for task execution.
[2023-05-08T16:25:40.811+0000] {sql.py:375} INFO - Running statement: INSERT INTO artist_dim (artist_name,artist_id,genre) VALUES (%s,%s,%s) ON CONFLICT (artist_id) DO UPDATE SET artist_name=EXCLUDED.artist_name,artist_id=EXCLUDED.artist_id,genre=EXCLUDED.genre, parameters: ('Kevin Powers', '4X8TR9pBFyewFlIDYt1o2s', nan)
[2023-05-08T16:25:40.813+0000] {sql.py:384} INFO - Rows affected: 1
[2023-05-08T16:25:40.820+0000] {base.py:73} INFO - Using connection ID '***' for task execution.
[2023-05-08T16:25:40.830+0000] {sql.py:375} INFO - Running statement: INSERT INTO artist_dim (artist_name,artist_id,genre) VALUES (%s,%s,%s) ON CONFLICT (artist_id) DO UPDATE SET artist_name=EXCLUDED.artist_name,artist_id=EXCLUDED.artist_id,genre=EXCLUDED.genre, parameters: ('Brennan', '5UrcghjIlj83Jf7QjZfBhZ', nan)
[2023-05-08T16:25:40.832+0000] {sql.py:384} INFO - Rows affected: 1
[2023-05-08T16:25:40.840+0000] {base.py:73} INFO - Using connection ID '***' for task execution.
[2023-05-08T16:25:40.849+0000] {sql.py:375} INFO - Running statement: INSERT INTO artist_dim (artist_name,artist_id,genre) VALUES (%s,%s,%s) ON CONFLICT (artist_id) DO UPDATE SET artist_name=EXCLUDED.artist_name,artist_id=EXCLUDED.artist_id,genre=EXCLUDED.genre, parameters: ('Rawska', '3pob90yrusjcbgSYFKaeAk', 'cloud rap')
[2023-05-08T16:25:40.851+0000] {sql.py:384} INFO - Rows affected: 1
[2023-05-08T16:25:40.858+0000] {base.py:73} INFO - Using connection ID '***' for task execution.
[2023-05-08T16:25:40.867+0000] {sql.py:375} INFO - Running statement: INSERT INTO artist_dim (artist_name,artist_id,genre) VALUES (%s,%s,%s) ON CONFLICT (artist_id) DO UPDATE SET artist_name=EXCLUDED.artist_name,artist_id=EXCLUDED.artist_id,genre=EXCLUDED.genre, parameters: ('Ghostrage', '7BoBxrm9jJ7us6U92oqr4N', nan)
[2023-05-08T16:25:40.869+0000] {sql.py:384} INFO - Rows affected: 1
[2023-05-08T16:25:40.875+0000] {base.py:73} INFO - Using connection ID '***' for task execution.
[2023-05-08T16:25:40.887+0000] {sql.py:375} INFO - Running statement: INSERT INTO artist_dim (artist_name,artist_id,genre) VALUES (%s,%s,%s) ON CONFLICT (artist_id) DO UPDATE SET artist_name=EXCLUDED.artist_name,artist_id=EXCLUDED.artist_id,genre=EXCLUDED.genre, parameters: ('Cold Hart', '1fsCfvdiomqjKJFR6xI8e4', 'cloud rap')
[2023-05-08T16:25:40.889+0000] {sql.py:384} INFO - Rows affected: 1
[2023-05-08T16:25:40.898+0000] {base.py:73} INFO - Using connection ID '***' for task execution.
[2023-05-08T16:25:40.907+0000] {sql.py:375} INFO - Running statement: INSERT INTO artist_dim (artist_name,artist_id,genre) VALUES (%s,%s,%s) ON CONFLICT (artist_id) DO UPDATE SET artist_name=EXCLUDED.artist_name,artist_id=EXCLUDED.artist_id,genre=EXCLUDED.genre, parameters: ('Hovey Benjamin', '7wSr4otUV4ytUvHE4w3rBe', 'meme rap')
[2023-05-08T16:25:40.909+0000] {sql.py:384} INFO - Rows affected: 1
[2023-05-08T16:25:40.918+0000] {base.py:73} INFO - Using connection ID '***' for task execution.
[2023-05-08T16:25:40.928+0000] {sql.py:375} INFO - Running statement: INSERT INTO artist_dim (artist_name,artist_id,genre) VALUES (%s,%s,%s) ON CONFLICT (artist_id) DO UPDATE SET artist_name=EXCLUDED.artist_name,artist_id=EXCLUDED.artist_id,genre=EXCLUDED.genre, parameters: ('Yung Pinch', '61qMnYXa1GxSBoV3IiYKjZ', 'melodic rap')
[2023-05-08T16:25:40.932+0000] {sql.py:384} INFO - Rows affected: 1
[2023-05-08T16:25:40.939+0000] {base.py:73} INFO - Using connection ID '***' for task execution.
[2023-05-08T16:25:40.948+0000] {sql.py:375} INFO - Running statement: INSERT INTO artist_dim (artist_name,artist_id,genre) VALUES (%s,%s,%s) ON CONFLICT (artist_id) DO UPDATE SET artist_name=EXCLUDED.artist_name,artist_id=EXCLUDED.artist_id,genre=EXCLUDED.genre, parameters: ('underscores', '7HfUJxeVTgrvhk0eWHFzV7', 'hyperpop')
[2023-05-08T16:25:40.950+0000] {sql.py:384} INFO - Rows affected: 1
[2023-05-08T16:25:40.956+0000] {base.py:73} INFO - Using connection ID '***' for task execution.
[2023-05-08T16:25:40.964+0000] {sql.py:375} INFO - Running statement: INSERT INTO artist_dim (artist_name,artist_id,genre) VALUES (%s,%s,%s) ON CONFLICT (artist_id) DO UPDATE SET artist_name=EXCLUDED.artist_name,artist_id=EXCLUDED.artist_id,genre=EXCLUDED.genre, parameters: ('MASN', '4HAfqyKr4Sqtab6ttHWXgE', 'sad rap')
[2023-05-08T16:25:40.966+0000] {sql.py:384} INFO - Rows affected: 1
[2023-05-08T16:25:40.973+0000] {base.py:73} INFO - Using connection ID '***' for task execution.
[2023-05-08T16:25:40.980+0000] {sql.py:375} INFO - Running statement: INSERT INTO artist_dim (artist_name,artist_id,genre) VALUES (%s,%s,%s) ON CONFLICT (artist_id) DO UPDATE SET artist_name=EXCLUDED.artist_name,artist_id=EXCLUDED.artist_id,genre=EXCLUDED.genre, parameters: ('VIC MENSA', '27w1NoOLMX7tJMYqcetPyG', 'canadian hip hop')
[2023-05-08T16:25:40.982+0000] {sql.py:384} INFO - Rows affected: 1
[2023-05-08T16:25:40.989+0000] {base.py:73} INFO - Using connection ID '***' for task execution.
[2023-05-08T16:25:40.996+0000] {sql.py:375} INFO - Running statement: INSERT INTO artist_dim (artist_name,artist_id,genre) VALUES (%s,%s,%s) ON CONFLICT (artist_id) DO UPDATE SET artist_name=EXCLUDED.artist_name,artist_id=EXCLUDED.artist_id,genre=EXCLUDED.genre, parameters: ('mike.', '5G9kmDLg3OeUyj8KVBLzbu', 'indie pop rap')
[2023-05-08T16:25:40.998+0000] {sql.py:384} INFO - Rows affected: 1
[2023-05-08T16:25:41.005+0000] {base.py:73} INFO - Using connection ID '***' for task execution.
[2023-05-08T16:25:41.015+0000] {sql.py:375} INFO - Running statement: INSERT INTO artist_dim (artist_name,artist_id,genre) VALUES (%s,%s,%s) ON CONFLICT (artist_id) DO UPDATE SET artist_name=EXCLUDED.artist_name,artist_id=EXCLUDED.artist_id,genre=EXCLUDED.genre, parameters: ('POORSTACY', '7vSY9HEreOqb1Llar3UC38', 'emo rap')
[2023-05-08T16:25:41.017+0000] {sql.py:384} INFO - Rows affected: 1
[2023-05-08T16:25:41.027+0000] {base.py:73} INFO - Using connection ID '***' for task execution.
[2023-05-08T16:25:41.036+0000] {sql.py:375} INFO - Running statement: INSERT INTO artist_dim (artist_name,artist_id,genre) VALUES (%s,%s,%s) ON CONFLICT (artist_id) DO UPDATE SET artist_name=EXCLUDED.artist_name,artist_id=EXCLUDED.artist_id,genre=EXCLUDED.genre, parameters: ('han.irl <3', '5VfSeZYcDwD8WQVwbaoL6z', nan)
[2023-05-08T16:25:41.039+0000] {sql.py:384} INFO - Rows affected: 1
[2023-05-08T16:25:41.046+0000] {base.py:73} INFO - Using connection ID '***' for task execution.
[2023-05-08T16:25:41.054+0000] {sql.py:375} INFO - Running statement: INSERT INTO artist_dim (artist_name,artist_id,genre) VALUES (%s,%s,%s) ON CONFLICT (artist_id) DO UPDATE SET artist_name=EXCLUDED.artist_name,artist_id=EXCLUDED.artist_id,genre=EXCLUDED.genre, parameters: ('login', '5JZPSVFMUk4HGDdx68lN77', 'hyperpop')
[2023-05-08T16:25:41.056+0000] {sql.py:384} INFO - Rows affected: 1
[2023-05-08T16:25:41.063+0000] {base.py:73} INFO - Using connection ID '***' for task execution.
[2023-05-08T16:25:41.070+0000] {sql.py:375} INFO - Running statement: INSERT INTO artist_dim (artist_name,artist_id,genre) VALUES (%s,%s,%s) ON CONFLICT (artist_id) DO UPDATE SET artist_name=EXCLUDED.artist_name,artist_id=EXCLUDED.artist_id,genre=EXCLUDED.genre, parameters: ('静的 Static', '6rEjEIfp3NSRteU3kJGSET', 'emo rap')
[2023-05-08T16:25:41.072+0000] {sql.py:384} INFO - Rows affected: 1
[2023-05-08T16:25:41.079+0000] {base.py:73} INFO - Using connection ID '***' for task execution.
[2023-05-08T16:25:41.087+0000] {sql.py:375} INFO - Running statement: INSERT INTO artist_dim (artist_name,artist_id,genre) VALUES (%s,%s,%s) ON CONFLICT (artist_id) DO UPDATE SET artist_name=EXCLUDED.artist_name,artist_id=EXCLUDED.artist_id,genre=EXCLUDED.genre, parameters: ('Rich Brian', '2IDLDx25HU1nQMKde4n61a', 'indonesian hip hop')
[2023-05-08T16:25:41.089+0000] {sql.py:384} INFO - Rows affected: 1
[2023-05-08T16:25:41.095+0000] {base.py:73} INFO - Using connection ID '***' for task execution.
[2023-05-08T16:25:41.103+0000] {sql.py:375} INFO - Running statement: INSERT INTO artist_dim (artist_name,artist_id,genre) VALUES (%s,%s,%s) ON CONFLICT (artist_id) DO UPDATE SET artist_name=EXCLUDED.artist_name,artist_id=EXCLUDED.artist_id,genre=EXCLUDED.genre, parameters: ('88rising', '1AhjOkOLkbHUfcHDSErXQs', 'asian american hip hop')
[2023-05-08T16:25:41.104+0000] {sql.py:384} INFO - Rows affected: 1
[2023-05-08T16:25:41.106+0000] {python.py:183} INFO - Done. Returned value was: None
[2023-05-08T16:25:41.116+0000] {taskinstance.py:1373} INFO - Marking task as SUCCESS. dag_id=Summer_Warped_ETL, task_id=LoadData.LoadArtistDim, execution_date=20230508T160958, start_date=20230508T162534, end_date=20230508T162541
[2023-05-08T16:25:41.178+0000] {local_task_job_runner.py:232} INFO - Task exited with return code 0
[2023-05-08T16:25:41.200+0000] {taskinstance.py:2674} INFO - 1 downstream tasks scheduled from follow-on schedule check
