[2023-05-09T02:04:25.781+0000] {taskinstance.py:1125} INFO - Dependencies all met for dep_context=non-requeueable deps ti=<TaskInstance: Summer_Warped_ETL.LoadData.LoadArtistDim manual__2023-05-08T16:09:58.195696+00:00 [queued]>
[2023-05-09T02:04:25.786+0000] {taskinstance.py:1125} INFO - Dependencies all met for dep_context=requeueable deps ti=<TaskInstance: Summer_Warped_ETL.LoadData.LoadArtistDim manual__2023-05-08T16:09:58.195696+00:00 [queued]>
[2023-05-09T02:04:25.786+0000] {taskinstance.py:1331} INFO - Starting attempt 6 of 8
[2023-05-09T02:04:25.794+0000] {taskinstance.py:1350} INFO - Executing <Task(PythonOperator): LoadData.LoadArtistDim> on 2023-05-08 16:09:58.195696+00:00
[2023-05-09T02:04:25.800+0000] {standard_task_runner.py:57} INFO - Started process 5782 to run task
[2023-05-09T02:04:25.804+0000] {standard_task_runner.py:84} INFO - Running: ['***', 'tasks', 'run', 'Summer_Warped_ETL', 'LoadData.LoadArtistDim', 'manual__2023-05-08T16:09:58.195696+00:00', '--job-id', '2644', '--raw', '--subdir', 'DAGS_FOLDER/warped-dag.py', '--cfg-path', '/tmp/tmp_92ugvz5']
[2023-05-09T02:04:25.805+0000] {standard_task_runner.py:85} INFO - Job 2644: Subtask LoadData.LoadArtistDim
[2023-05-09T02:04:25.847+0000] {task_command.py:410} INFO - Running <TaskInstance: Summer_Warped_ETL.LoadData.LoadArtistDim manual__2023-05-08T16:09:58.195696+00:00 [running]> on host 7b4753e133cb
[2023-05-09T02:04:25.908+0000] {taskinstance.py:1570} INFO - Exporting env vars: AIRFLOW_CTX_DAG_OWNER='Ananta Moharana' AIRFLOW_CTX_DAG_ID='Summer_Warped_ETL' AIRFLOW_CTX_TASK_ID='LoadData.LoadArtistDim' AIRFLOW_CTX_EXECUTION_DATE='2023-05-08T16:09:58.195696+00:00' AIRFLOW_CTX_TRY_NUMBER='6' AIRFLOW_CTX_DAG_RUN_ID='manual__2023-05-08T16:09:58.195696+00:00'
[2023-05-09T02:04:25.911+0000] {logging_mixin.py:149} INFO - 2023-05/artist_dim.csv
[2023-05-09T02:04:25.919+0000] {base.py:73} INFO - Using connection ID 'aws_connection' for task execution.
[2023-05-09T02:04:25.920+0000] {connection_wrapper.py:337} INFO - AWS Connection (conn_id='aws_connection', conn_type='aws') credentials retrieved from login and password.
[2023-05-09T02:04:26.119+0000] {logging_mixin.py:149} INFO -         artist_name               artist_id        genre
0              Zaia  1m0t5VYISq6TcyMo7UqLMz  atl hip hop
1  nothing,nowhere.  7FngGIEGgN3Iwauw1MvO4P    cloud rap
2          brakence  4kqFrZkeqDfOIEqTWqbOOV   glitchcore
3        Marco Luka  4tjqHer0BFQbJ1FVyWhffM          NaN
4               Sky  62UdSpLGWjDU75OAFKLxWV          NaN
[2023-05-09T02:04:26.120+0000] {logging_mixin.py:149} INFO - INSERT INTO artist_dim (artist_name,artist_id,genre) VALUES (%s,%s,%s) ON CONFLICT (artist_id) DO UPDATE SET artist_name=EXCLUDED.artist_name,artist_id=EXCLUDED.artist_id,genre=EXCLUDED.genre
[2023-05-09T02:04:26.127+0000] {base.py:73} INFO - Using connection ID '***' for task execution.
[2023-05-09T02:04:26.135+0000] {sql.py:375} INFO - Running statement: INSERT INTO artist_dim (artist_name,artist_id,genre) VALUES (%s,%s,%s) ON CONFLICT (artist_id) DO UPDATE SET artist_name=EXCLUDED.artist_name,artist_id=EXCLUDED.artist_id,genre=EXCLUDED.genre, parameters: ('Zaia', '1m0t5VYISq6TcyMo7UqLMz', 'atl hip hop')
[2023-05-09T02:04:26.137+0000] {sql.py:384} INFO - Rows affected: 1
[2023-05-09T02:04:26.144+0000] {base.py:73} INFO - Using connection ID '***' for task execution.
[2023-05-09T02:04:26.151+0000] {sql.py:375} INFO - Running statement: INSERT INTO artist_dim (artist_name,artist_id,genre) VALUES (%s,%s,%s) ON CONFLICT (artist_id) DO UPDATE SET artist_name=EXCLUDED.artist_name,artist_id=EXCLUDED.artist_id,genre=EXCLUDED.genre, parameters: ('nothing,nowhere.', '7FngGIEGgN3Iwauw1MvO4P', 'cloud rap')
[2023-05-09T02:04:26.154+0000] {sql.py:384} INFO - Rows affected: 1
[2023-05-09T02:04:26.161+0000] {base.py:73} INFO - Using connection ID '***' for task execution.
[2023-05-09T02:04:26.168+0000] {sql.py:375} INFO - Running statement: INSERT INTO artist_dim (artist_name,artist_id,genre) VALUES (%s,%s,%s) ON CONFLICT (artist_id) DO UPDATE SET artist_name=EXCLUDED.artist_name,artist_id=EXCLUDED.artist_id,genre=EXCLUDED.genre, parameters: ('brakence', '4kqFrZkeqDfOIEqTWqbOOV', 'glitchcore')
[2023-05-09T02:04:26.170+0000] {sql.py:384} INFO - Rows affected: 1
[2023-05-09T02:04:26.176+0000] {base.py:73} INFO - Using connection ID '***' for task execution.
[2023-05-09T02:04:26.182+0000] {sql.py:375} INFO - Running statement: INSERT INTO artist_dim (artist_name,artist_id,genre) VALUES (%s,%s,%s) ON CONFLICT (artist_id) DO UPDATE SET artist_name=EXCLUDED.artist_name,artist_id=EXCLUDED.artist_id,genre=EXCLUDED.genre, parameters: ('Marco Luka', '4tjqHer0BFQbJ1FVyWhffM', nan)
[2023-05-09T02:04:26.186+0000] {sql.py:384} INFO - Rows affected: 1
[2023-05-09T02:04:26.192+0000] {base.py:73} INFO - Using connection ID '***' for task execution.
[2023-05-09T02:04:26.199+0000] {sql.py:375} INFO - Running statement: INSERT INTO artist_dim (artist_name,artist_id,genre) VALUES (%s,%s,%s) ON CONFLICT (artist_id) DO UPDATE SET artist_name=EXCLUDED.artist_name,artist_id=EXCLUDED.artist_id,genre=EXCLUDED.genre, parameters: ('Sky', '62UdSpLGWjDU75OAFKLxWV', nan)
[2023-05-09T02:04:26.201+0000] {sql.py:384} INFO - Rows affected: 1
[2023-05-09T02:04:26.208+0000] {base.py:73} INFO - Using connection ID '***' for task execution.
[2023-05-09T02:04:26.215+0000] {sql.py:375} INFO - Running statement: INSERT INTO artist_dim (artist_name,artist_id,genre) VALUES (%s,%s,%s) ON CONFLICT (artist_id) DO UPDATE SET artist_name=EXCLUDED.artist_name,artist_id=EXCLUDED.artist_id,genre=EXCLUDED.genre, parameters: ('abbot', '0Ro9LZA0sRl1FG66KgsA1u', nan)
[2023-05-09T02:04:26.217+0000] {sql.py:384} INFO - Rows affected: 1
[2023-05-09T02:04:26.224+0000] {base.py:73} INFO - Using connection ID '***' for task execution.
[2023-05-09T02:04:26.232+0000] {sql.py:375} INFO - Running statement: INSERT INTO artist_dim (artist_name,artist_id,genre) VALUES (%s,%s,%s) ON CONFLICT (artist_id) DO UPDATE SET artist_name=EXCLUDED.artist_name,artist_id=EXCLUDED.artist_id,genre=EXCLUDED.genre, parameters: ('guardin', '6zqcGQ6MH6yetBUoquMnL7', 'cloud rap')
[2023-05-09T02:04:26.235+0000] {sql.py:384} INFO - Rows affected: 1
[2023-05-09T02:04:26.241+0000] {base.py:73} INFO - Using connection ID '***' for task execution.
[2023-05-09T02:04:26.248+0000] {sql.py:375} INFO - Running statement: INSERT INTO artist_dim (artist_name,artist_id,genre) VALUES (%s,%s,%s) ON CONFLICT (artist_id) DO UPDATE SET artist_name=EXCLUDED.artist_name,artist_id=EXCLUDED.artist_id,genre=EXCLUDED.genre, parameters: ('gravehours', '5cwtCGap3COvJNt1yineor', nan)
[2023-05-09T02:04:26.249+0000] {sql.py:384} INFO - Rows affected: 1
[2023-05-09T02:04:26.256+0000] {base.py:73} INFO - Using connection ID '***' for task execution.
[2023-05-09T02:04:26.262+0000] {sql.py:375} INFO - Running statement: INSERT INTO artist_dim (artist_name,artist_id,genre) VALUES (%s,%s,%s) ON CONFLICT (artist_id) DO UPDATE SET artist_name=EXCLUDED.artist_name,artist_id=EXCLUDED.artist_id,genre=EXCLUDED.genre, parameters: ('50landing', '5aTRa02UP1y6PW5klZiTt0', nan)
[2023-05-09T02:04:26.264+0000] {sql.py:384} INFO - Rows affected: 1
[2023-05-09T02:04:26.270+0000] {base.py:73} INFO - Using connection ID '***' for task execution.
[2023-05-09T02:04:26.278+0000] {sql.py:375} INFO - Running statement: INSERT INTO artist_dim (artist_name,artist_id,genre) VALUES (%s,%s,%s) ON CONFLICT (artist_id) DO UPDATE SET artist_name=EXCLUDED.artist_name,artist_id=EXCLUDED.artist_id,genre=EXCLUDED.genre, parameters: ('Atlas in Motion', '1N9JxmOPJqhMCw219uoEi8', nan)
[2023-05-09T02:04:26.280+0000] {sql.py:384} INFO - Rows affected: 1
[2023-05-09T02:04:26.288+0000] {base.py:73} INFO - Using connection ID '***' for task execution.
[2023-05-09T02:04:26.294+0000] {sql.py:375} INFO - Running statement: INSERT INTO artist_dim (artist_name,artist_id,genre) VALUES (%s,%s,%s) ON CONFLICT (artist_id) DO UPDATE SET artist_name=EXCLUDED.artist_name,artist_id=EXCLUDED.artist_id,genre=EXCLUDED.genre, parameters: ('93FEETOFSMOKE', '0plNgbIlOc13T8ot3vyK79', 'cloud rap')
[2023-05-09T02:04:26.296+0000] {sql.py:384} INFO - Rows affected: 1
[2023-05-09T02:04:26.303+0000] {base.py:73} INFO - Using connection ID '***' for task execution.
[2023-05-09T02:04:26.310+0000] {sql.py:375} INFO - Running statement: INSERT INTO artist_dim (artist_name,artist_id,genre) VALUES (%s,%s,%s) ON CONFLICT (artist_id) DO UPDATE SET artist_name=EXCLUDED.artist_name,artist_id=EXCLUDED.artist_id,genre=EXCLUDED.genre, parameters: ('brody', '0t7bbGUdyq3urfDddwXhdY', 'emo rap')
[2023-05-09T02:04:26.312+0000] {sql.py:384} INFO - Rows affected: 1
[2023-05-09T02:04:26.320+0000] {base.py:73} INFO - Using connection ID '***' for task execution.
[2023-05-09T02:04:26.330+0000] {sql.py:375} INFO - Running statement: INSERT INTO artist_dim (artist_name,artist_id,genre) VALUES (%s,%s,%s) ON CONFLICT (artist_id) DO UPDATE SET artist_name=EXCLUDED.artist_name,artist_id=EXCLUDED.artist_id,genre=EXCLUDED.genre, parameters: ('Roderick Porter', '7Lcln0AXqNHMahrca8KVpy', 'aesthetic rap')
[2023-05-09T02:04:26.333+0000] {sql.py:384} INFO - Rows affected: 1
[2023-05-09T02:04:26.340+0000] {base.py:73} INFO - Using connection ID '***' for task execution.
[2023-05-09T02:04:26.345+0000] {sql.py:375} INFO - Running statement: INSERT INTO artist_dim (artist_name,artist_id,genre) VALUES (%s,%s,%s) ON CONFLICT (artist_id) DO UPDATE SET artist_name=EXCLUDED.artist_name,artist_id=EXCLUDED.artist_id,genre=EXCLUDED.genre, parameters: ('SypSki', '3XOHHfvBYKCMo1h0DFY27z', nan)
[2023-05-09T02:04:26.347+0000] {sql.py:384} INFO - Rows affected: 1
[2023-05-09T02:04:26.355+0000] {base.py:73} INFO - Using connection ID '***' for task execution.
[2023-05-09T02:04:26.361+0000] {sql.py:375} INFO - Running statement: INSERT INTO artist_dim (artist_name,artist_id,genre) VALUES (%s,%s,%s) ON CONFLICT (artist_id) DO UPDATE SET artist_name=EXCLUDED.artist_name,artist_id=EXCLUDED.artist_id,genre=EXCLUDED.genre, parameters: ('raspy', '1trffosn0Alk3IlloOD5O8', 'pittsburgh rap')
[2023-05-09T02:04:26.362+0000] {sql.py:384} INFO - Rows affected: 1
[2023-05-09T02:04:26.369+0000] {base.py:73} INFO - Using connection ID '***' for task execution.
[2023-05-09T02:04:26.375+0000] {sql.py:375} INFO - Running statement: INSERT INTO artist_dim (artist_name,artist_id,genre) VALUES (%s,%s,%s) ON CONFLICT (artist_id) DO UPDATE SET artist_name=EXCLUDED.artist_name,artist_id=EXCLUDED.artist_id,genre=EXCLUDED.genre, parameters: ('Landon Cube', '04ei5kNgmDuNAydFhhIHnD', 'vapor trap')
[2023-05-09T02:04:26.378+0000] {sql.py:384} INFO - Rows affected: 1
[2023-05-09T02:04:26.385+0000] {base.py:73} INFO - Using connection ID '***' for task execution.
[2023-05-09T02:04:26.391+0000] {sql.py:375} INFO - Running statement: INSERT INTO artist_dim (artist_name,artist_id,genre) VALUES (%s,%s,%s) ON CONFLICT (artist_id) DO UPDATE SET artist_name=EXCLUDED.artist_name,artist_id=EXCLUDED.artist_id,genre=EXCLUDED.genre, parameters: ('Oliver Francis', '0WvTK38rXqPCD5pZMDuX20', 'cloud rap')
[2023-05-09T02:04:26.393+0000] {sql.py:384} INFO - Rows affected: 1
[2023-05-09T02:04:26.400+0000] {base.py:73} INFO - Using connection ID '***' for task execution.
[2023-05-09T02:04:26.406+0000] {sql.py:375} INFO - Running statement: INSERT INTO artist_dim (artist_name,artist_id,genre) VALUES (%s,%s,%s) ON CONFLICT (artist_id) DO UPDATE SET artist_name=EXCLUDED.artist_name,artist_id=EXCLUDED.artist_id,genre=EXCLUDED.genre, parameters: ('Aries', '3hOdow4ZPmrby7Q1wfPLEy', nan)
[2023-05-09T02:04:26.408+0000] {sql.py:384} INFO - Rows affected: 1
[2023-05-09T02:04:26.417+0000] {base.py:73} INFO - Using connection ID '***' for task execution.
[2023-05-09T02:04:31.430+0000] {sql.py:375} INFO - Running statement: INSERT INTO artist_dim (artist_name,artist_id,genre) VALUES (%s,%s,%s) ON CONFLICT (artist_id) DO UPDATE SET artist_name=EXCLUDED.artist_name,artist_id=EXCLUDED.artist_id,genre=EXCLUDED.genre, parameters: ('elias', '7eRBEVzcZk4XyIdF0Btfg4', 'lo-fi rap')
[2023-05-09T02:04:31.431+0000] {sql.py:384} INFO - Rows affected: 1
[2023-05-09T02:04:31.440+0000] {base.py:73} INFO - Using connection ID '***' for task execution.
[2023-05-09T02:04:31.447+0000] {sql.py:375} INFO - Running statement: INSERT INTO artist_dim (artist_name,artist_id,genre) VALUES (%s,%s,%s) ON CONFLICT (artist_id) DO UPDATE SET artist_name=EXCLUDED.artist_name,artist_id=EXCLUDED.artist_id,genre=EXCLUDED.genre, parameters: ('MostlyEverything', '3Ae7AQITxFS0r3yGQHYDJI', 'upstate ny rap')
[2023-05-09T02:04:31.449+0000] {sql.py:384} INFO - Rows affected: 1
[2023-05-09T02:04:31.456+0000] {base.py:73} INFO - Using connection ID '***' for task execution.
[2023-05-09T02:04:31.463+0000] {sql.py:375} INFO - Running statement: INSERT INTO artist_dim (artist_name,artist_id,genre) VALUES (%s,%s,%s) ON CONFLICT (artist_id) DO UPDATE SET artist_name=EXCLUDED.artist_name,artist_id=EXCLUDED.artist_id,genre=EXCLUDED.genre, parameters: ('Foreign Forest', '7C4ztJMkuGRy0qkU6dG5hU', 'emo rap')
[2023-05-09T02:04:31.464+0000] {sql.py:384} INFO - Rows affected: 1
[2023-05-09T02:04:31.471+0000] {base.py:73} INFO - Using connection ID '***' for task execution.
[2023-05-09T02:04:31.480+0000] {sql.py:375} INFO - Running statement: INSERT INTO artist_dim (artist_name,artist_id,genre) VALUES (%s,%s,%s) ON CONFLICT (artist_id) DO UPDATE SET artist_name=EXCLUDED.artist_name,artist_id=EXCLUDED.artist_id,genre=EXCLUDED.genre, parameters: ('Ashes', '0vUk0rbl0BkFjmeFvjOvoj', nan)
[2023-05-09T02:04:31.482+0000] {sql.py:384} INFO - Rows affected: 1
[2023-05-09T02:04:31.489+0000] {base.py:73} INFO - Using connection ID '***' for task execution.
[2023-05-09T02:04:31.495+0000] {sql.py:375} INFO - Running statement: INSERT INTO artist_dim (artist_name,artist_id,genre) VALUES (%s,%s,%s) ON CONFLICT (artist_id) DO UPDATE SET artist_name=EXCLUDED.artist_name,artist_id=EXCLUDED.artist_id,genre=EXCLUDED.genre, parameters: ('blackbear', '2cFrymmkijnjDg9SS92EPM', 'alt z')
[2023-05-09T02:04:31.497+0000] {sql.py:384} INFO - Rows affected: 1
[2023-05-09T02:04:31.504+0000] {base.py:73} INFO - Using connection ID '***' for task execution.
[2023-05-09T02:04:31.511+0000] {sql.py:375} INFO - Running statement: INSERT INTO artist_dim (artist_name,artist_id,genre) VALUES (%s,%s,%s) ON CONFLICT (artist_id) DO UPDATE SET artist_name=EXCLUDED.artist_name,artist_id=EXCLUDED.artist_id,genre=EXCLUDED.genre, parameters: ('6 Dogs', '3Ps6le7tj5BdNtdnfNgTU4', 'cloud rap')
[2023-05-09T02:04:31.512+0000] {sql.py:384} INFO - Rows affected: 1
[2023-05-09T02:04:31.518+0000] {base.py:73} INFO - Using connection ID '***' for task execution.
[2023-05-09T02:04:31.528+0000] {sql.py:375} INFO - Running statement: INSERT INTO artist_dim (artist_name,artist_id,genre) VALUES (%s,%s,%s) ON CONFLICT (artist_id) DO UPDATE SET artist_name=EXCLUDED.artist_name,artist_id=EXCLUDED.artist_id,genre=EXCLUDED.genre, parameters: ('Pretty Pacc', '2QuPPChZpqAai29uqulNFe', nan)
[2023-05-09T02:04:31.530+0000] {sql.py:384} INFO - Rows affected: 1
[2023-05-09T02:04:31.537+0000] {base.py:73} INFO - Using connection ID '***' for task execution.
[2023-05-09T02:04:31.544+0000] {sql.py:375} INFO - Running statement: INSERT INTO artist_dim (artist_name,artist_id,genre) VALUES (%s,%s,%s) ON CONFLICT (artist_id) DO UPDATE SET artist_name=EXCLUDED.artist_name,artist_id=EXCLUDED.artist_id,genre=EXCLUDED.genre, parameters: ('SAIAH', '5ZPYeVqoWNuukwfarvkyJX', nan)
[2023-05-09T02:04:31.545+0000] {sql.py:384} INFO - Rows affected: 1
[2023-05-09T02:04:31.552+0000] {base.py:73} INFO - Using connection ID '***' for task execution.
[2023-05-09T02:04:31.559+0000] {sql.py:375} INFO - Running statement: INSERT INTO artist_dim (artist_name,artist_id,genre) VALUES (%s,%s,%s) ON CONFLICT (artist_id) DO UPDATE SET artist_name=EXCLUDED.artist_name,artist_id=EXCLUDED.artist_id,genre=EXCLUDED.genre, parameters: ('Lucy Fer', '0BxHc5dN9BSfLZ8PCch9wT', nan)
[2023-05-09T02:04:31.561+0000] {sql.py:384} INFO - Rows affected: 1
[2023-05-09T02:04:31.572+0000] {base.py:73} INFO - Using connection ID '***' for task execution.
[2023-05-09T02:04:31.580+0000] {sql.py:375} INFO - Running statement: INSERT INTO artist_dim (artist_name,artist_id,genre) VALUES (%s,%s,%s) ON CONFLICT (artist_id) DO UPDATE SET artist_name=EXCLUDED.artist_name,artist_id=EXCLUDED.artist_id,genre=EXCLUDED.genre, parameters: ('Sleepa', '1iT8Vbd7KhZiBji3G72zDW', nan)
[2023-05-09T02:04:31.582+0000] {sql.py:384} INFO - Rows affected: 1
[2023-05-09T02:04:31.588+0000] {base.py:73} INFO - Using connection ID '***' for task execution.
[2023-05-09T02:04:31.594+0000] {sql.py:375} INFO - Running statement: INSERT INTO artist_dim (artist_name,artist_id,genre) VALUES (%s,%s,%s) ON CONFLICT (artist_id) DO UPDATE SET artist_name=EXCLUDED.artist_name,artist_id=EXCLUDED.artist_id,genre=EXCLUDED.genre, parameters: ('glaive', '4cJKDGSv4Dz9QycXYmo565', 'glitchcore')
[2023-05-09T02:04:31.596+0000] {sql.py:384} INFO - Rows affected: 1
[2023-05-09T02:04:31.604+0000] {base.py:73} INFO - Using connection ID '***' for task execution.
[2023-05-09T02:04:31.617+0000] {sql.py:375} INFO - Running statement: INSERT INTO artist_dim (artist_name,artist_id,genre) VALUES (%s,%s,%s) ON CONFLICT (artist_id) DO UPDATE SET artist_name=EXCLUDED.artist_name,artist_id=EXCLUDED.artist_id,genre=EXCLUDED.genre, parameters: ('kaido', '0UENogXhLeGTZjub4eejjX', 'hyperpop')
[2023-05-09T02:04:31.619+0000] {sql.py:384} INFO - Rows affected: 1
[2023-05-09T02:04:31.627+0000] {base.py:73} INFO - Using connection ID '***' for task execution.
[2023-05-09T02:04:31.634+0000] {sql.py:375} INFO - Running statement: INSERT INTO artist_dim (artist_name,artist_id,genre) VALUES (%s,%s,%s) ON CONFLICT (artist_id) DO UPDATE SET artist_name=EXCLUDED.artist_name,artist_id=EXCLUDED.artist_id,genre=EXCLUDED.genre, parameters: ('kurtains', '7b2FbxYmnpGMPqDe04QmyP', 'emoplugg')
[2023-05-09T02:04:31.636+0000] {sql.py:384} INFO - Rows affected: 1
[2023-05-09T02:04:31.642+0000] {base.py:73} INFO - Using connection ID '***' for task execution.
[2023-05-09T02:04:31.649+0000] {sql.py:375} INFO - Running statement: INSERT INTO artist_dim (artist_name,artist_id,genre) VALUES (%s,%s,%s) ON CONFLICT (artist_id) DO UPDATE SET artist_name=EXCLUDED.artist_name,artist_id=EXCLUDED.artist_id,genre=EXCLUDED.genre, parameters: ('Numl6ck', '2anlj4dNUn9I1VxxmjRHRx', 'glitchcore')
[2023-05-09T02:04:31.650+0000] {sql.py:384} INFO - Rows affected: 1
[2023-05-09T02:04:31.656+0000] {base.py:73} INFO - Using connection ID '***' for task execution.
[2023-05-09T02:04:31.664+0000] {sql.py:375} INFO - Running statement: INSERT INTO artist_dim (artist_name,artist_id,genre) VALUES (%s,%s,%s) ON CONFLICT (artist_id) DO UPDATE SET artist_name=EXCLUDED.artist_name,artist_id=EXCLUDED.artist_id,genre=EXCLUDED.genre, parameters: ('Deadman Era', '4FI4qPOnjt3D8DnJQrNWps', nan)
[2023-05-09T02:04:31.665+0000] {sql.py:384} INFO - Rows affected: 1
[2023-05-09T02:04:31.672+0000] {base.py:73} INFO - Using connection ID '***' for task execution.
[2023-05-09T02:04:31.679+0000] {sql.py:375} INFO - Running statement: INSERT INTO artist_dim (artist_name,artist_id,genre) VALUES (%s,%s,%s) ON CONFLICT (artist_id) DO UPDATE SET artist_name=EXCLUDED.artist_name,artist_id=EXCLUDED.artist_id,genre=EXCLUDED.genre, parameters: ('Lund', '5uLkZ7FWMTBUg1corQqdkR', 'cloud rap')
[2023-05-09T02:04:31.681+0000] {sql.py:384} INFO - Rows affected: 1
[2023-05-09T02:04:31.688+0000] {base.py:73} INFO - Using connection ID '***' for task execution.
[2023-05-09T02:04:31.694+0000] {sql.py:375} INFO - Running statement: INSERT INTO artist_dim (artist_name,artist_id,genre) VALUES (%s,%s,%s) ON CONFLICT (artist_id) DO UPDATE SET artist_name=EXCLUDED.artist_name,artist_id=EXCLUDED.artist_id,genre=EXCLUDED.genre, parameters: ('Lil Cobaine', '0ILo2K3FmfIh4ICcbHE7RK', nan)
[2023-05-09T02:04:31.696+0000] {sql.py:384} INFO - Rows affected: 1
[2023-05-09T02:04:31.702+0000] {base.py:73} INFO - Using connection ID '***' for task execution.
[2023-05-09T02:04:31.708+0000] {sql.py:375} INFO - Running statement: INSERT INTO artist_dim (artist_name,artist_id,genre) VALUES (%s,%s,%s) ON CONFLICT (artist_id) DO UPDATE SET artist_name=EXCLUDED.artist_name,artist_id=EXCLUDED.artist_id,genre=EXCLUDED.genre, parameters: ('ilham', '0r7PsZB4ePA6vHrW4agoGN', nan)
[2023-05-09T02:04:31.710+0000] {sql.py:384} INFO - Rows affected: 1
[2023-05-09T02:04:31.716+0000] {base.py:73} INFO - Using connection ID '***' for task execution.
[2023-05-09T02:04:31.723+0000] {sql.py:375} INFO - Running statement: INSERT INTO artist_dim (artist_name,artist_id,genre) VALUES (%s,%s,%s) ON CONFLICT (artist_id) DO UPDATE SET artist_name=EXCLUDED.artist_name,artist_id=EXCLUDED.artist_id,genre=EXCLUDED.genre, parameters: ('Angelo Mota', '1PpFka2STGQ57kJcgYBgEF', 'indie hip hop')
[2023-05-09T02:04:31.724+0000] {sql.py:384} INFO - Rows affected: 1
[2023-05-09T02:04:31.729+0000] {base.py:73} INFO - Using connection ID '***' for task execution.
[2023-05-09T02:04:31.736+0000] {sql.py:375} INFO - Running statement: INSERT INTO artist_dim (artist_name,artist_id,genre) VALUES (%s,%s,%s) ON CONFLICT (artist_id) DO UPDATE SET artist_name=EXCLUDED.artist_name,artist_id=EXCLUDED.artist_id,genre=EXCLUDED.genre, parameters: ('Xuitcasecity', '6YxrfNCKBcQlbITpmDLErL', 'indie pop rap')
[2023-05-09T02:04:31.737+0000] {sql.py:384} INFO - Rows affected: 1
[2023-05-09T02:04:31.743+0000] {base.py:73} INFO - Using connection ID '***' for task execution.
[2023-05-09T02:04:31.749+0000] {sql.py:375} INFO - Running statement: INSERT INTO artist_dim (artist_name,artist_id,genre) VALUES (%s,%s,%s) ON CONFLICT (artist_id) DO UPDATE SET artist_name=EXCLUDED.artist_name,artist_id=EXCLUDED.artist_id,genre=EXCLUDED.genre, parameters: ('benny mayne', '2R2Yg2qPloNOTOfqxfXX7l', 'canadian contemporary r&b')
[2023-05-09T02:04:31.751+0000] {sql.py:384} INFO - Rows affected: 1
[2023-05-09T02:04:31.757+0000] {base.py:73} INFO - Using connection ID '***' for task execution.
[2023-05-09T02:04:31.763+0000] {sql.py:375} INFO - Running statement: INSERT INTO artist_dim (artist_name,artist_id,genre) VALUES (%s,%s,%s) ON CONFLICT (artist_id) DO UPDATE SET artist_name=EXCLUDED.artist_name,artist_id=EXCLUDED.artist_id,genre=EXCLUDED.genre, parameters: ('Isekai', '4yOY5zmuuTlS1DbG3yZGki', nan)
[2023-05-09T02:04:31.765+0000] {sql.py:384} INFO - Rows affected: 1
[2023-05-09T02:04:31.771+0000] {base.py:73} INFO - Using connection ID '***' for task execution.
[2023-05-09T02:04:31.777+0000] {sql.py:375} INFO - Running statement: INSERT INTO artist_dim (artist_name,artist_id,genre) VALUES (%s,%s,%s) ON CONFLICT (artist_id) DO UPDATE SET artist_name=EXCLUDED.artist_name,artist_id=EXCLUDED.artist_id,genre=EXCLUDED.genre, parameters: ('Lil Rae', '7iVscW49OWowl9SoLmWzfy', nan)
[2023-05-09T02:04:31.779+0000] {sql.py:384} INFO - Rows affected: 1
[2023-05-09T02:04:31.786+0000] {base.py:73} INFO - Using connection ID '***' for task execution.
[2023-05-09T02:04:31.792+0000] {sql.py:375} INFO - Running statement: INSERT INTO artist_dim (artist_name,artist_id,genre) VALUES (%s,%s,%s) ON CONFLICT (artist_id) DO UPDATE SET artist_name=EXCLUDED.artist_name,artist_id=EXCLUDED.artist_id,genre=EXCLUDED.genre, parameters: ('916frosty', '6c0lj01vVpHsCH7Z5CfJ9K', 'emo rap')
[2023-05-09T02:04:31.793+0000] {sql.py:384} INFO - Rows affected: 1
[2023-05-09T02:04:31.799+0000] {base.py:73} INFO - Using connection ID '***' for task execution.
[2023-05-09T02:04:31.805+0000] {sql.py:375} INFO - Running statement: INSERT INTO artist_dim (artist_name,artist_id,genre) VALUES (%s,%s,%s) ON CONFLICT (artist_id) DO UPDATE SET artist_name=EXCLUDED.artist_name,artist_id=EXCLUDED.artist_id,genre=EXCLUDED.genre, parameters: ('COTIS', '63CZNEytugjFnZBdjBmWc8', 'canadian contemporary r&b')
[2023-05-09T02:04:31.807+0000] {sql.py:384} INFO - Rows affected: 1
[2023-05-09T02:04:31.813+0000] {base.py:73} INFO - Using connection ID '***' for task execution.
[2023-05-09T02:04:31.820+0000] {sql.py:375} INFO - Running statement: INSERT INTO artist_dim (artist_name,artist_id,genre) VALUES (%s,%s,%s) ON CONFLICT (artist_id) DO UPDATE SET artist_name=EXCLUDED.artist_name,artist_id=EXCLUDED.artist_id,genre=EXCLUDED.genre, parameters: ('diveliner', '0be7y7HUvSBf8uG1X7pK8f', nan)
[2023-05-09T02:04:31.821+0000] {sql.py:384} INFO - Rows affected: 1
[2023-05-09T02:04:31.827+0000] {base.py:73} INFO - Using connection ID '***' for task execution.
[2023-05-09T02:04:31.833+0000] {sql.py:375} INFO - Running statement: INSERT INTO artist_dim (artist_name,artist_id,genre) VALUES (%s,%s,%s) ON CONFLICT (artist_id) DO UPDATE SET artist_name=EXCLUDED.artist_name,artist_id=EXCLUDED.artist_id,genre=EXCLUDED.genre, parameters: ('Young Lungs', '2trvlbfMS5zVozEmrFNDTJ', 'canadian hip hop')
[2023-05-09T02:04:31.835+0000] {sql.py:384} INFO - Rows affected: 1
[2023-05-09T02:04:31.841+0000] {base.py:73} INFO - Using connection ID '***' for task execution.
[2023-05-09T02:04:31.847+0000] {sql.py:375} INFO - Running statement: INSERT INTO artist_dim (artist_name,artist_id,genre) VALUES (%s,%s,%s) ON CONFLICT (artist_id) DO UPDATE SET artist_name=EXCLUDED.artist_name,artist_id=EXCLUDED.artist_id,genre=EXCLUDED.genre, parameters: ('Darko', '63dmB3SM4vOZ8rK1EX5IkU', 'sad rap')
[2023-05-09T02:04:31.849+0000] {sql.py:384} INFO - Rows affected: 1
[2023-05-09T02:04:31.855+0000] {base.py:73} INFO - Using connection ID '***' for task execution.
[2023-05-09T02:04:31.861+0000] {sql.py:375} INFO - Running statement: INSERT INTO artist_dim (artist_name,artist_id,genre) VALUES (%s,%s,%s) ON CONFLICT (artist_id) DO UPDATE SET artist_name=EXCLUDED.artist_name,artist_id=EXCLUDED.artist_id,genre=EXCLUDED.genre, parameters: ('24kGoldn', '6fWVd57NKTalqvmjRd2t8Z', 'cali rap')
[2023-05-09T02:04:31.862+0000] {sql.py:384} INFO - Rows affected: 1
[2023-05-09T02:04:31.869+0000] {base.py:73} INFO - Using connection ID '***' for task execution.
[2023-05-09T02:04:31.875+0000] {sql.py:375} INFO - Running statement: INSERT INTO artist_dim (artist_name,artist_id,genre) VALUES (%s,%s,%s) ON CONFLICT (artist_id) DO UPDATE SET artist_name=EXCLUDED.artist_name,artist_id=EXCLUDED.artist_id,genre=EXCLUDED.genre, parameters: ('convolk', '3ddT1Q3KQAm1G7UcIfz5KJ', 'cloud rap')
[2023-05-09T02:04:31.876+0000] {sql.py:384} INFO - Rows affected: 1
[2023-05-09T02:04:31.883+0000] {base.py:73} INFO - Using connection ID '***' for task execution.
[2023-05-09T02:04:31.891+0000] {sql.py:375} INFO - Running statement: INSERT INTO artist_dim (artist_name,artist_id,genre) VALUES (%s,%s,%s) ON CONFLICT (artist_id) DO UPDATE SET artist_name=EXCLUDED.artist_name,artist_id=EXCLUDED.artist_id,genre=EXCLUDED.genre, parameters: ('Sevant', '47SwNXPh17mIDcZwsCr6hX', nan)
[2023-05-09T02:04:31.893+0000] {sql.py:384} INFO - Rows affected: 1
[2023-05-09T02:04:31.899+0000] {base.py:73} INFO - Using connection ID '***' for task execution.
[2023-05-09T02:04:31.905+0000] {sql.py:375} INFO - Running statement: INSERT INTO artist_dim (artist_name,artist_id,genre) VALUES (%s,%s,%s) ON CONFLICT (artist_id) DO UPDATE SET artist_name=EXCLUDED.artist_name,artist_id=EXCLUDED.artist_id,genre=EXCLUDED.genre, parameters: ('Lui Joseph', '7MS7B4QRp1n6c5H8N7s3wB', 'sad rap')
[2023-05-09T02:04:31.907+0000] {sql.py:384} INFO - Rows affected: 1
[2023-05-09T02:04:31.913+0000] {base.py:73} INFO - Using connection ID '***' for task execution.
[2023-05-09T02:04:31.919+0000] {sql.py:375} INFO - Running statement: INSERT INTO artist_dim (artist_name,artist_id,genre) VALUES (%s,%s,%s) ON CONFLICT (artist_id) DO UPDATE SET artist_name=EXCLUDED.artist_name,artist_id=EXCLUDED.artist_id,genre=EXCLUDED.genre, parameters: ('Josh Golden', '6wUAn24MOirNVNqQM47fda', 'la pop')
[2023-05-09T02:04:31.921+0000] {sql.py:384} INFO - Rows affected: 1
[2023-05-09T02:04:31.927+0000] {base.py:73} INFO - Using connection ID '***' for task execution.
[2023-05-09T02:04:31.933+0000] {sql.py:375} INFO - Running statement: INSERT INTO artist_dim (artist_name,artist_id,genre) VALUES (%s,%s,%s) ON CONFLICT (artist_id) DO UPDATE SET artist_name=EXCLUDED.artist_name,artist_id=EXCLUDED.artist_id,genre=EXCLUDED.genre, parameters: ('ATO', '4KoNbDwbCK9D04dSmYG93E', nan)
[2023-05-09T02:04:31.935+0000] {sql.py:384} INFO - Rows affected: 1
[2023-05-09T02:04:31.940+0000] {base.py:73} INFO - Using connection ID '***' for task execution.
[2023-05-09T02:04:31.947+0000] {sql.py:375} INFO - Running statement: INSERT INTO artist_dim (artist_name,artist_id,genre) VALUES (%s,%s,%s) ON CONFLICT (artist_id) DO UPDATE SET artist_name=EXCLUDED.artist_name,artist_id=EXCLUDED.artist_id,genre=EXCLUDED.genre, parameters: ('Felly', '2848adRcxvgWNRcz1g1tQD', 'indie pop rap')
[2023-05-09T02:04:31.949+0000] {sql.py:384} INFO - Rows affected: 1
[2023-05-09T02:04:31.955+0000] {base.py:73} INFO - Using connection ID '***' for task execution.
[2023-05-09T02:04:31.962+0000] {sql.py:375} INFO - Running statement: INSERT INTO artist_dim (artist_name,artist_id,genre) VALUES (%s,%s,%s) ON CONFLICT (artist_id) DO UPDATE SET artist_name=EXCLUDED.artist_name,artist_id=EXCLUDED.artist_id,genre=EXCLUDED.genre, parameters: ('RIZ LA VIE', '0QkgnHpxSCOYdTnhUR9S5k', 'bedroom soul')
[2023-05-09T02:04:31.964+0000] {sql.py:384} INFO - Rows affected: 1
[2023-05-09T02:04:31.970+0000] {base.py:73} INFO - Using connection ID '***' for task execution.
[2023-05-09T02:04:31.978+0000] {sql.py:375} INFO - Running statement: INSERT INTO artist_dim (artist_name,artist_id,genre) VALUES (%s,%s,%s) ON CONFLICT (artist_id) DO UPDATE SET artist_name=EXCLUDED.artist_name,artist_id=EXCLUDED.artist_id,genre=EXCLUDED.genre, parameters: ('Tommy Ice', '3AUIYVmhwrsw8UOPHEv91Z', 'emo rap')
[2023-05-09T02:04:31.980+0000] {sql.py:384} INFO - Rows affected: 1
[2023-05-09T02:04:31.986+0000] {base.py:73} INFO - Using connection ID '***' for task execution.
[2023-05-09T02:04:31.994+0000] {sql.py:375} INFO - Running statement: INSERT INTO artist_dim (artist_name,artist_id,genre) VALUES (%s,%s,%s) ON CONFLICT (artist_id) DO UPDATE SET artist_name=EXCLUDED.artist_name,artist_id=EXCLUDED.artist_id,genre=EXCLUDED.genre, parameters: ('Andrew Spacey', '71EAlWYAa5jb4phZIOlp7u', 'st louis rap')
[2023-05-09T02:04:31.996+0000] {sql.py:384} INFO - Rows affected: 1
[2023-05-09T02:04:32.002+0000] {base.py:73} INFO - Using connection ID '***' for task execution.
[2023-05-09T02:04:32.008+0000] {sql.py:375} INFO - Running statement: INSERT INTO artist_dim (artist_name,artist_id,genre) VALUES (%s,%s,%s) ON CONFLICT (artist_id) DO UPDATE SET artist_name=EXCLUDED.artist_name,artist_id=EXCLUDED.artist_id,genre=EXCLUDED.genre, parameters: ('aldn', '2GUw9Wzha61PkZoRVv1PDD', 'glitchcore')
[2023-05-09T02:04:32.010+0000] {sql.py:384} INFO - Rows affected: 1
[2023-05-09T02:04:32.016+0000] {base.py:73} INFO - Using connection ID '***' for task execution.
[2023-05-09T02:04:32.022+0000] {sql.py:375} INFO - Running statement: INSERT INTO artist_dim (artist_name,artist_id,genre) VALUES (%s,%s,%s) ON CONFLICT (artist_id) DO UPDATE SET artist_name=EXCLUDED.artist_name,artist_id=EXCLUDED.artist_id,genre=EXCLUDED.genre, parameters: ('RONEN', '3wDeS1sr05fxaOeiJJrOnL', 'aesthetic rap')
[2023-05-09T02:04:32.024+0000] {sql.py:384} INFO - Rows affected: 1
[2023-05-09T02:04:32.030+0000] {base.py:73} INFO - Using connection ID '***' for task execution.
[2023-05-09T02:04:32.037+0000] {sql.py:375} INFO - Running statement: INSERT INTO artist_dim (artist_name,artist_id,genre) VALUES (%s,%s,%s) ON CONFLICT (artist_id) DO UPDATE SET artist_name=EXCLUDED.artist_name,artist_id=EXCLUDED.artist_id,genre=EXCLUDED.genre, parameters: ('Elroy', '1OP39gZ2SXVnwg4NrARmsu', 'hyperpop')
[2023-05-09T02:04:32.039+0000] {sql.py:384} INFO - Rows affected: 1
[2023-05-09T02:04:32.045+0000] {base.py:73} INFO - Using connection ID '***' for task execution.
[2023-05-09T02:04:32.052+0000] {sql.py:375} INFO - Running statement: INSERT INTO artist_dim (artist_name,artist_id,genre) VALUES (%s,%s,%s) ON CONFLICT (artist_id) DO UPDATE SET artist_name=EXCLUDED.artist_name,artist_id=EXCLUDED.artist_id,genre=EXCLUDED.genre, parameters: ('44phantom', '1vwwjIPFeYoRfAUCqqO6cZ', nan)
[2023-05-09T02:04:32.054+0000] {sql.py:384} INFO - Rows affected: 1
[2023-05-09T02:04:32.060+0000] {base.py:73} INFO - Using connection ID '***' for task execution.
[2023-05-09T02:04:32.067+0000] {sql.py:375} INFO - Running statement: INSERT INTO artist_dim (artist_name,artist_id,genre) VALUES (%s,%s,%s) ON CONFLICT (artist_id) DO UPDATE SET artist_name=EXCLUDED.artist_name,artist_id=EXCLUDED.artist_id,genre=EXCLUDED.genre, parameters: ('Ramzoid', '2Ci3Sflo2BfC77wTwn2hbH', 'future bass')
[2023-05-09T02:04:32.068+0000] {sql.py:384} INFO - Rows affected: 1
[2023-05-09T02:04:32.074+0000] {base.py:73} INFO - Using connection ID '***' for task execution.
[2023-05-09T02:04:32.081+0000] {sql.py:375} INFO - Running statement: INSERT INTO artist_dim (artist_name,artist_id,genre) VALUES (%s,%s,%s) ON CONFLICT (artist_id) DO UPDATE SET artist_name=EXCLUDED.artist_name,artist_id=EXCLUDED.artist_id,genre=EXCLUDED.genre, parameters: ('GOLDHOUSE', '670UISOh9XV1zlq5z5IfoY', 'pop edm')
[2023-05-09T02:04:32.083+0000] {sql.py:384} INFO - Rows affected: 1
[2023-05-09T02:04:32.089+0000] {base.py:73} INFO - Using connection ID '***' for task execution.
[2023-05-09T02:04:32.096+0000] {sql.py:375} INFO - Running statement: INSERT INTO artist_dim (artist_name,artist_id,genre) VALUES (%s,%s,%s) ON CONFLICT (artist_id) DO UPDATE SET artist_name=EXCLUDED.artist_name,artist_id=EXCLUDED.artist_id,genre=EXCLUDED.genre, parameters: ('dying in designer', '3QZxOYl5zlZtfigtXOZsfT', 'emo rap')
[2023-05-09T02:04:32.098+0000] {sql.py:384} INFO - Rows affected: 1
[2023-05-09T02:04:32.104+0000] {base.py:73} INFO - Using connection ID '***' for task execution.
[2023-05-09T02:04:32.110+0000] {sql.py:375} INFO - Running statement: INSERT INTO artist_dim (artist_name,artist_id,genre) VALUES (%s,%s,%s) ON CONFLICT (artist_id) DO UPDATE SET artist_name=EXCLUDED.artist_name,artist_id=EXCLUDED.artist_id,genre=EXCLUDED.genre, parameters: ('Kota the Friend', '2AfU5LYBVCiCtuCCfM7uVX', 'underground hip hop')
[2023-05-09T02:04:32.112+0000] {sql.py:384} INFO - Rows affected: 1
[2023-05-09T02:04:32.118+0000] {base.py:73} INFO - Using connection ID '***' for task execution.
[2023-05-09T02:04:32.124+0000] {sql.py:375} INFO - Running statement: INSERT INTO artist_dim (artist_name,artist_id,genre) VALUES (%s,%s,%s) ON CONFLICT (artist_id) DO UPDATE SET artist_name=EXCLUDED.artist_name,artist_id=EXCLUDED.artist_id,genre=EXCLUDED.genre, parameters: ('Marlon Craft', '7MigDh04CCntQbsBvugEmb', 'nyc rap')
[2023-05-09T02:04:32.126+0000] {sql.py:384} INFO - Rows affected: 1
[2023-05-09T02:04:32.132+0000] {base.py:73} INFO - Using connection ID '***' for task execution.
[2023-05-09T02:04:32.138+0000] {sql.py:375} INFO - Running statement: INSERT INTO artist_dim (artist_name,artist_id,genre) VALUES (%s,%s,%s) ON CONFLICT (artist_id) DO UPDATE SET artist_name=EXCLUDED.artist_name,artist_id=EXCLUDED.artist_id,genre=EXCLUDED.genre, parameters: ('SEBASTIAN PAUL', '1tQu5TjcAK68fx8qrc8ZgF', nan)
[2023-05-09T02:04:32.139+0000] {sql.py:384} INFO - Rows affected: 1
[2023-05-09T02:04:32.145+0000] {base.py:73} INFO - Using connection ID '***' for task execution.
[2023-05-09T02:04:32.152+0000] {sql.py:375} INFO - Running statement: INSERT INTO artist_dim (artist_name,artist_id,genre) VALUES (%s,%s,%s) ON CONFLICT (artist_id) DO UPDATE SET artist_name=EXCLUDED.artist_name,artist_id=EXCLUDED.artist_id,genre=EXCLUDED.genre, parameters: ('Max Wells', '0Kx7qYhFiv0YD5lxEG1nsz', nan)
[2023-05-09T02:04:32.153+0000] {sql.py:384} INFO - Rows affected: 1
[2023-05-09T02:04:32.160+0000] {base.py:73} INFO - Using connection ID '***' for task execution.
[2023-05-09T02:04:32.168+0000] {sql.py:375} INFO - Running statement: INSERT INTO artist_dim (artist_name,artist_id,genre) VALUES (%s,%s,%s) ON CONFLICT (artist_id) DO UPDATE SET artist_name=EXCLUDED.artist_name,artist_id=EXCLUDED.artist_id,genre=EXCLUDED.genre, parameters: ('Gomey', '5ibWbhA0IkPT3xCN0YicRL', nan)
[2023-05-09T02:04:32.170+0000] {sql.py:384} INFO - Rows affected: 1
[2023-05-09T02:04:32.176+0000] {base.py:73} INFO - Using connection ID '***' for task execution.
[2023-05-09T02:04:32.183+0000] {sql.py:375} INFO - Running statement: INSERT INTO artist_dim (artist_name,artist_id,genre) VALUES (%s,%s,%s) ON CONFLICT (artist_id) DO UPDATE SET artist_name=EXCLUDED.artist_name,artist_id=EXCLUDED.artist_id,genre=EXCLUDED.genre, parameters: ('Christian French', '7naAJDAh7AZnf18YYfQruM', 'alt z')
[2023-05-09T02:04:32.184+0000] {sql.py:384} INFO - Rows affected: 1
[2023-05-09T02:04:32.190+0000] {base.py:73} INFO - Using connection ID '***' for task execution.
[2023-05-09T02:04:32.197+0000] {sql.py:375} INFO - Running statement: INSERT INTO artist_dim (artist_name,artist_id,genre) VALUES (%s,%s,%s) ON CONFLICT (artist_id) DO UPDATE SET artist_name=EXCLUDED.artist_name,artist_id=EXCLUDED.artist_id,genre=EXCLUDED.genre, parameters: ('tsubi club', '6fHEaFnFgMxMAtDt7mFoQ3', 'hyperpop')
[2023-05-09T02:04:32.198+0000] {sql.py:384} INFO - Rows affected: 1
[2023-05-09T02:04:32.205+0000] {base.py:73} INFO - Using connection ID '***' for task execution.
[2023-05-09T02:04:32.211+0000] {sql.py:375} INFO - Running statement: INSERT INTO artist_dim (artist_name,artist_id,genre) VALUES (%s,%s,%s) ON CONFLICT (artist_id) DO UPDATE SET artist_name=EXCLUDED.artist_name,artist_id=EXCLUDED.artist_id,genre=EXCLUDED.genre, parameters: ('Vwillz', '0S7eN9KAsbAaIZtFyCn1q1', nan)
[2023-05-09T02:04:32.213+0000] {sql.py:384} INFO - Rows affected: 1
[2023-05-09T02:04:32.219+0000] {base.py:73} INFO - Using connection ID '***' for task execution.
[2023-05-09T02:04:32.226+0000] {sql.py:375} INFO - Running statement: INSERT INTO artist_dim (artist_name,artist_id,genre) VALUES (%s,%s,%s) ON CONFLICT (artist_id) DO UPDATE SET artist_name=EXCLUDED.artist_name,artist_id=EXCLUDED.artist_id,genre=EXCLUDED.genre, parameters: ('Kevin Powers', '4X8TR9pBFyewFlIDYt1o2s', nan)
[2023-05-09T02:04:32.228+0000] {sql.py:384} INFO - Rows affected: 1
[2023-05-09T02:04:32.251+0000] {base.py:73} INFO - Using connection ID '***' for task execution.
[2023-05-09T02:04:32.261+0000] {sql.py:375} INFO - Running statement: INSERT INTO artist_dim (artist_name,artist_id,genre) VALUES (%s,%s,%s) ON CONFLICT (artist_id) DO UPDATE SET artist_name=EXCLUDED.artist_name,artist_id=EXCLUDED.artist_id,genre=EXCLUDED.genre, parameters: ('Brennan', '5UrcghjIlj83Jf7QjZfBhZ', nan)
[2023-05-09T02:04:32.263+0000] {sql.py:384} INFO - Rows affected: 1
[2023-05-09T02:04:32.274+0000] {base.py:73} INFO - Using connection ID '***' for task execution.
[2023-05-09T02:04:32.283+0000] {sql.py:375} INFO - Running statement: INSERT INTO artist_dim (artist_name,artist_id,genre) VALUES (%s,%s,%s) ON CONFLICT (artist_id) DO UPDATE SET artist_name=EXCLUDED.artist_name,artist_id=EXCLUDED.artist_id,genre=EXCLUDED.genre, parameters: ('Rawska', '3pob90yrusjcbgSYFKaeAk', 'cloud rap')
[2023-05-09T02:04:32.285+0000] {sql.py:384} INFO - Rows affected: 1
[2023-05-09T02:04:32.293+0000] {base.py:73} INFO - Using connection ID '***' for task execution.
[2023-05-09T02:04:32.302+0000] {sql.py:375} INFO - Running statement: INSERT INTO artist_dim (artist_name,artist_id,genre) VALUES (%s,%s,%s) ON CONFLICT (artist_id) DO UPDATE SET artist_name=EXCLUDED.artist_name,artist_id=EXCLUDED.artist_id,genre=EXCLUDED.genre, parameters: ('Ghostrage', '7BoBxrm9jJ7us6U92oqr4N', nan)
[2023-05-09T02:04:32.304+0000] {sql.py:384} INFO - Rows affected: 1
[2023-05-09T02:04:32.311+0000] {base.py:73} INFO - Using connection ID '***' for task execution.
[2023-05-09T02:04:32.319+0000] {sql.py:375} INFO - Running statement: INSERT INTO artist_dim (artist_name,artist_id,genre) VALUES (%s,%s,%s) ON CONFLICT (artist_id) DO UPDATE SET artist_name=EXCLUDED.artist_name,artist_id=EXCLUDED.artist_id,genre=EXCLUDED.genre, parameters: ('Cold Hart', '1fsCfvdiomqjKJFR6xI8e4', 'cloud rap')
[2023-05-09T02:04:32.320+0000] {sql.py:384} INFO - Rows affected: 1
[2023-05-09T02:04:32.327+0000] {base.py:73} INFO - Using connection ID '***' for task execution.
[2023-05-09T02:04:32.334+0000] {sql.py:375} INFO - Running statement: INSERT INTO artist_dim (artist_name,artist_id,genre) VALUES (%s,%s,%s) ON CONFLICT (artist_id) DO UPDATE SET artist_name=EXCLUDED.artist_name,artist_id=EXCLUDED.artist_id,genre=EXCLUDED.genre, parameters: ('Hovey Benjamin', '7wSr4otUV4ytUvHE4w3rBe', 'meme rap')
[2023-05-09T02:04:32.335+0000] {sql.py:384} INFO - Rows affected: 1
[2023-05-09T02:04:32.342+0000] {base.py:73} INFO - Using connection ID '***' for task execution.
[2023-05-09T02:04:32.349+0000] {sql.py:375} INFO - Running statement: INSERT INTO artist_dim (artist_name,artist_id,genre) VALUES (%s,%s,%s) ON CONFLICT (artist_id) DO UPDATE SET artist_name=EXCLUDED.artist_name,artist_id=EXCLUDED.artist_id,genre=EXCLUDED.genre, parameters: ('Yung Pinch', '61qMnYXa1GxSBoV3IiYKjZ', 'melodic rap')
[2023-05-09T02:04:32.351+0000] {sql.py:384} INFO - Rows affected: 1
[2023-05-09T02:04:32.357+0000] {base.py:73} INFO - Using connection ID '***' for task execution.
[2023-05-09T02:04:32.364+0000] {sql.py:375} INFO - Running statement: INSERT INTO artist_dim (artist_name,artist_id,genre) VALUES (%s,%s,%s) ON CONFLICT (artist_id) DO UPDATE SET artist_name=EXCLUDED.artist_name,artist_id=EXCLUDED.artist_id,genre=EXCLUDED.genre, parameters: ('underscores', '7HfUJxeVTgrvhk0eWHFzV7', 'hyperpop')
[2023-05-09T02:04:32.366+0000] {sql.py:384} INFO - Rows affected: 1
[2023-05-09T02:04:32.372+0000] {base.py:73} INFO - Using connection ID '***' for task execution.
[2023-05-09T02:04:32.379+0000] {sql.py:375} INFO - Running statement: INSERT INTO artist_dim (artist_name,artist_id,genre) VALUES (%s,%s,%s) ON CONFLICT (artist_id) DO UPDATE SET artist_name=EXCLUDED.artist_name,artist_id=EXCLUDED.artist_id,genre=EXCLUDED.genre, parameters: ('MASN', '4HAfqyKr4Sqtab6ttHWXgE', 'sad rap')
[2023-05-09T02:04:32.380+0000] {sql.py:384} INFO - Rows affected: 1
[2023-05-09T02:04:32.387+0000] {base.py:73} INFO - Using connection ID '***' for task execution.
[2023-05-09T02:04:32.393+0000] {sql.py:375} INFO - Running statement: INSERT INTO artist_dim (artist_name,artist_id,genre) VALUES (%s,%s,%s) ON CONFLICT (artist_id) DO UPDATE SET artist_name=EXCLUDED.artist_name,artist_id=EXCLUDED.artist_id,genre=EXCLUDED.genre, parameters: ('VIC MENSA', '27w1NoOLMX7tJMYqcetPyG', 'canadian hip hop')
[2023-05-09T02:04:32.395+0000] {sql.py:384} INFO - Rows affected: 1
[2023-05-09T02:04:32.401+0000] {base.py:73} INFO - Using connection ID '***' for task execution.
[2023-05-09T02:04:32.408+0000] {sql.py:375} INFO - Running statement: INSERT INTO artist_dim (artist_name,artist_id,genre) VALUES (%s,%s,%s) ON CONFLICT (artist_id) DO UPDATE SET artist_name=EXCLUDED.artist_name,artist_id=EXCLUDED.artist_id,genre=EXCLUDED.genre, parameters: ('mike.', '5G9kmDLg3OeUyj8KVBLzbu', 'indie pop rap')
[2023-05-09T02:04:32.409+0000] {sql.py:384} INFO - Rows affected: 1
[2023-05-09T02:04:32.416+0000] {base.py:73} INFO - Using connection ID '***' for task execution.
[2023-05-09T02:04:32.422+0000] {sql.py:375} INFO - Running statement: INSERT INTO artist_dim (artist_name,artist_id,genre) VALUES (%s,%s,%s) ON CONFLICT (artist_id) DO UPDATE SET artist_name=EXCLUDED.artist_name,artist_id=EXCLUDED.artist_id,genre=EXCLUDED.genre, parameters: ('POORSTACY', '7vSY9HEreOqb1Llar3UC38', 'emo rap')
[2023-05-09T02:04:32.424+0000] {sql.py:384} INFO - Rows affected: 1
[2023-05-09T02:04:32.430+0000] {base.py:73} INFO - Using connection ID '***' for task execution.
[2023-05-09T02:04:32.438+0000] {sql.py:375} INFO - Running statement: INSERT INTO artist_dim (artist_name,artist_id,genre) VALUES (%s,%s,%s) ON CONFLICT (artist_id) DO UPDATE SET artist_name=EXCLUDED.artist_name,artist_id=EXCLUDED.artist_id,genre=EXCLUDED.genre, parameters: ('han.irl <3', '5VfSeZYcDwD8WQVwbaoL6z', nan)
[2023-05-09T02:04:32.440+0000] {sql.py:384} INFO - Rows affected: 1
[2023-05-09T02:04:32.447+0000] {base.py:73} INFO - Using connection ID '***' for task execution.
[2023-05-09T02:04:32.454+0000] {sql.py:375} INFO - Running statement: INSERT INTO artist_dim (artist_name,artist_id,genre) VALUES (%s,%s,%s) ON CONFLICT (artist_id) DO UPDATE SET artist_name=EXCLUDED.artist_name,artist_id=EXCLUDED.artist_id,genre=EXCLUDED.genre, parameters: ('login', '5JZPSVFMUk4HGDdx68lN77', 'hyperpop')
[2023-05-09T02:04:32.456+0000] {sql.py:384} INFO - Rows affected: 1
[2023-05-09T02:04:32.462+0000] {base.py:73} INFO - Using connection ID '***' for task execution.
[2023-05-09T02:04:32.469+0000] {sql.py:375} INFO - Running statement: INSERT INTO artist_dim (artist_name,artist_id,genre) VALUES (%s,%s,%s) ON CONFLICT (artist_id) DO UPDATE SET artist_name=EXCLUDED.artist_name,artist_id=EXCLUDED.artist_id,genre=EXCLUDED.genre, parameters: ('静的 Static', '6rEjEIfp3NSRteU3kJGSET', 'emo rap')
[2023-05-09T02:04:32.470+0000] {sql.py:384} INFO - Rows affected: 1
[2023-05-09T02:04:32.476+0000] {base.py:73} INFO - Using connection ID '***' for task execution.
[2023-05-09T02:04:32.483+0000] {sql.py:375} INFO - Running statement: INSERT INTO artist_dim (artist_name,artist_id,genre) VALUES (%s,%s,%s) ON CONFLICT (artist_id) DO UPDATE SET artist_name=EXCLUDED.artist_name,artist_id=EXCLUDED.artist_id,genre=EXCLUDED.genre, parameters: ('Rich Brian', '2IDLDx25HU1nQMKde4n61a', 'indonesian hip hop')
[2023-05-09T02:04:32.484+0000] {sql.py:384} INFO - Rows affected: 1
[2023-05-09T02:04:32.491+0000] {base.py:73} INFO - Using connection ID '***' for task execution.
[2023-05-09T02:04:32.498+0000] {sql.py:375} INFO - Running statement: INSERT INTO artist_dim (artist_name,artist_id,genre) VALUES (%s,%s,%s) ON CONFLICT (artist_id) DO UPDATE SET artist_name=EXCLUDED.artist_name,artist_id=EXCLUDED.artist_id,genre=EXCLUDED.genre, parameters: ('88rising', '1AhjOkOLkbHUfcHDSErXQs', 'asian american hip hop')
[2023-05-09T02:04:32.500+0000] {sql.py:384} INFO - Rows affected: 1
[2023-05-09T02:04:32.502+0000] {python.py:183} INFO - Done. Returned value was: None
[2023-05-09T02:04:32.513+0000] {taskinstance.py:1373} INFO - Marking task as SUCCESS. dag_id=Summer_Warped_ETL, task_id=LoadData.LoadArtistDim, execution_date=20230508T160958, start_date=20230509T020425, end_date=20230509T020432
[2023-05-09T02:04:32.577+0000] {local_task_job_runner.py:232} INFO - Task exited with return code 0
[2023-05-09T02:04:32.605+0000] {taskinstance.py:2674} INFO - 1 downstream tasks scheduled from follow-on schedule check
