[2023-05-09T16:04:12.418+0000] {taskinstance.py:1125} INFO - Dependencies all met for dep_context=non-requeueable deps ti=<TaskInstance: Summer_Warped_ETL.LoadData.LoadArtistDim manual__2023-05-08T16:09:58.195696+00:00 [queued]>
[2023-05-09T16:04:12.423+0000] {taskinstance.py:1125} INFO - Dependencies all met for dep_context=requeueable deps ti=<TaskInstance: Summer_Warped_ETL.LoadData.LoadArtistDim manual__2023-05-08T16:09:58.195696+00:00 [queued]>
[2023-05-09T16:04:12.426+0000] {taskinstance.py:1331} INFO - Starting attempt 9 of 11
[2023-05-09T16:04:12.438+0000] {taskinstance.py:1350} INFO - Executing <Task(PythonOperator): LoadData.LoadArtistDim> on 2023-05-08 16:09:58.195696+00:00
[2023-05-09T16:04:12.443+0000] {standard_task_runner.py:57} INFO - Started process 6625 to run task
[2023-05-09T16:04:12.447+0000] {standard_task_runner.py:84} INFO - Running: ['***', 'tasks', 'run', 'Summer_Warped_ETL', 'LoadData.LoadArtistDim', 'manual__2023-05-08T16:09:58.195696+00:00', '--job-id', '2744', '--raw', '--subdir', 'DAGS_FOLDER/warped-dag.py', '--cfg-path', '/tmp/tmp1dpuax_t']
[2023-05-09T16:04:12.448+0000] {standard_task_runner.py:85} INFO - Job 2744: Subtask LoadData.LoadArtistDim
[2023-05-09T16:04:12.493+0000] {task_command.py:410} INFO - Running <TaskInstance: Summer_Warped_ETL.LoadData.LoadArtistDim manual__2023-05-08T16:09:58.195696+00:00 [running]> on host 7b4753e133cb
[2023-05-09T16:04:12.554+0000] {taskinstance.py:1570} INFO - Exporting env vars: AIRFLOW_CTX_DAG_OWNER='Ananta Moharana' AIRFLOW_CTX_DAG_ID='Summer_Warped_ETL' AIRFLOW_CTX_TASK_ID='LoadData.LoadArtistDim' AIRFLOW_CTX_EXECUTION_DATE='2023-05-08T16:09:58.195696+00:00' AIRFLOW_CTX_TRY_NUMBER='9' AIRFLOW_CTX_DAG_RUN_ID='manual__2023-05-08T16:09:58.195696+00:00'
[2023-05-09T16:04:12.556+0000] {logging_mixin.py:149} INFO - 2023-05/artist_dim.csv
[2023-05-09T16:04:12.563+0000] {base.py:73} INFO - Using connection ID 'aws_connection' for task execution.
[2023-05-09T16:04:12.563+0000] {connection_wrapper.py:337} INFO - AWS Connection (conn_id='aws_connection', conn_type='aws') credentials retrieved from login and password.
[2023-05-09T16:04:12.755+0000] {logging_mixin.py:149} INFO -    artist_name               artist_id           genre
0    50landing  5aTRa02UP1y6PW5klZiTt0             NaN
1       SypSki  3XOHHfvBYKCMo1h0DFY27z             NaN
2        raspy  1trffosn0Alk3IlloOD5O8  pittsburgh rap
3  Landon Cube  04ei5kNgmDuNAydFhhIHnD      vapor trap
4     brakence  4kqFrZkeqDfOIEqTWqbOOV      glitchcore
[2023-05-09T16:04:12.755+0000] {logging_mixin.py:149} INFO - INSERT INTO artist_dim (artist_name,artist_id,genre) VALUES (%s,%s,%s) ON CONFLICT (artist_id) DO UPDATE SET artist_name=EXCLUDED.artist_name,artist_id=EXCLUDED.artist_id,genre=EXCLUDED.genre
[2023-05-09T16:04:12.762+0000] {base.py:73} INFO - Using connection ID '***' for task execution.
[2023-05-09T16:04:12.770+0000] {sql.py:375} INFO - Running statement: INSERT INTO artist_dim (artist_name,artist_id,genre) VALUES (%s,%s,%s) ON CONFLICT (artist_id) DO UPDATE SET artist_name=EXCLUDED.artist_name,artist_id=EXCLUDED.artist_id,genre=EXCLUDED.genre, parameters: ('50landing', '5aTRa02UP1y6PW5klZiTt0', nan)
[2023-05-09T16:04:12.771+0000] {sql.py:384} INFO - Rows affected: 1
[2023-05-09T16:04:12.778+0000] {base.py:73} INFO - Using connection ID '***' for task execution.
[2023-05-09T16:04:12.784+0000] {sql.py:375} INFO - Running statement: INSERT INTO artist_dim (artist_name,artist_id,genre) VALUES (%s,%s,%s) ON CONFLICT (artist_id) DO UPDATE SET artist_name=EXCLUDED.artist_name,artist_id=EXCLUDED.artist_id,genre=EXCLUDED.genre, parameters: ('SypSki', '3XOHHfvBYKCMo1h0DFY27z', nan)
[2023-05-09T16:04:12.785+0000] {sql.py:384} INFO - Rows affected: 1
[2023-05-09T16:04:12.792+0000] {base.py:73} INFO - Using connection ID '***' for task execution.
[2023-05-09T16:04:12.800+0000] {sql.py:375} INFO - Running statement: INSERT INTO artist_dim (artist_name,artist_id,genre) VALUES (%s,%s,%s) ON CONFLICT (artist_id) DO UPDATE SET artist_name=EXCLUDED.artist_name,artist_id=EXCLUDED.artist_id,genre=EXCLUDED.genre, parameters: ('raspy', '1trffosn0Alk3IlloOD5O8', 'pittsburgh rap')
[2023-05-09T16:04:12.803+0000] {sql.py:384} INFO - Rows affected: 1
[2023-05-09T16:04:12.810+0000] {base.py:73} INFO - Using connection ID '***' for task execution.
[2023-05-09T16:04:12.820+0000] {sql.py:375} INFO - Running statement: INSERT INTO artist_dim (artist_name,artist_id,genre) VALUES (%s,%s,%s) ON CONFLICT (artist_id) DO UPDATE SET artist_name=EXCLUDED.artist_name,artist_id=EXCLUDED.artist_id,genre=EXCLUDED.genre, parameters: ('Landon Cube', '04ei5kNgmDuNAydFhhIHnD', 'vapor trap')
[2023-05-09T16:04:12.822+0000] {sql.py:384} INFO - Rows affected: 1
[2023-05-09T16:04:12.829+0000] {base.py:73} INFO - Using connection ID '***' for task execution.
[2023-05-09T16:04:12.835+0000] {sql.py:375} INFO - Running statement: INSERT INTO artist_dim (artist_name,artist_id,genre) VALUES (%s,%s,%s) ON CONFLICT (artist_id) DO UPDATE SET artist_name=EXCLUDED.artist_name,artist_id=EXCLUDED.artist_id,genre=EXCLUDED.genre, parameters: ('brakence', '4kqFrZkeqDfOIEqTWqbOOV', 'glitchcore')
[2023-05-09T16:04:12.837+0000] {sql.py:384} INFO - Rows affected: 1
[2023-05-09T16:04:12.843+0000] {base.py:73} INFO - Using connection ID '***' for task execution.
[2023-05-09T16:04:12.849+0000] {sql.py:375} INFO - Running statement: INSERT INTO artist_dim (artist_name,artist_id,genre) VALUES (%s,%s,%s) ON CONFLICT (artist_id) DO UPDATE SET artist_name=EXCLUDED.artist_name,artist_id=EXCLUDED.artist_id,genre=EXCLUDED.genre, parameters: ('Oliver Francis', '0WvTK38rXqPCD5pZMDuX20', 'cloud rap')
[2023-05-09T16:04:12.851+0000] {sql.py:384} INFO - Rows affected: 1
[2023-05-09T16:04:12.857+0000] {base.py:73} INFO - Using connection ID '***' for task execution.
[2023-05-09T16:04:12.863+0000] {sql.py:375} INFO - Running statement: INSERT INTO artist_dim (artist_name,artist_id,genre) VALUES (%s,%s,%s) ON CONFLICT (artist_id) DO UPDATE SET artist_name=EXCLUDED.artist_name,artist_id=EXCLUDED.artist_id,genre=EXCLUDED.genre, parameters: ('Aries', '3hOdow4ZPmrby7Q1wfPLEy', nan)
[2023-05-09T16:04:12.865+0000] {sql.py:384} INFO - Rows affected: 1
[2023-05-09T16:04:12.872+0000] {base.py:73} INFO - Using connection ID '***' for task execution.
[2023-05-09T16:04:12.879+0000] {sql.py:375} INFO - Running statement: INSERT INTO artist_dim (artist_name,artist_id,genre) VALUES (%s,%s,%s) ON CONFLICT (artist_id) DO UPDATE SET artist_name=EXCLUDED.artist_name,artist_id=EXCLUDED.artist_id,genre=EXCLUDED.genre, parameters: ('elias', '7eRBEVzcZk4XyIdF0Btfg4', 'lo-fi rap')
[2023-05-09T16:04:12.881+0000] {sql.py:384} INFO - Rows affected: 1
[2023-05-09T16:04:12.887+0000] {base.py:73} INFO - Using connection ID '***' for task execution.
[2023-05-09T16:04:12.893+0000] {sql.py:375} INFO - Running statement: INSERT INTO artist_dim (artist_name,artist_id,genre) VALUES (%s,%s,%s) ON CONFLICT (artist_id) DO UPDATE SET artist_name=EXCLUDED.artist_name,artist_id=EXCLUDED.artist_id,genre=EXCLUDED.genre, parameters: ('MostlyEverything', '3Ae7AQITxFS0r3yGQHYDJI', 'upstate ny rap')
[2023-05-09T16:04:12.895+0000] {sql.py:384} INFO - Rows affected: 1
[2023-05-09T16:04:12.901+0000] {base.py:73} INFO - Using connection ID '***' for task execution.
[2023-05-09T16:04:12.906+0000] {sql.py:375} INFO - Running statement: INSERT INTO artist_dim (artist_name,artist_id,genre) VALUES (%s,%s,%s) ON CONFLICT (artist_id) DO UPDATE SET artist_name=EXCLUDED.artist_name,artist_id=EXCLUDED.artist_id,genre=EXCLUDED.genre, parameters: ('Foreign Forest', '7C4ztJMkuGRy0qkU6dG5hU', 'emo rap')
[2023-05-09T16:04:12.908+0000] {sql.py:384} INFO - Rows affected: 1
[2023-05-09T16:04:12.915+0000] {base.py:73} INFO - Using connection ID '***' for task execution.
[2023-05-09T16:04:12.922+0000] {sql.py:375} INFO - Running statement: INSERT INTO artist_dim (artist_name,artist_id,genre) VALUES (%s,%s,%s) ON CONFLICT (artist_id) DO UPDATE SET artist_name=EXCLUDED.artist_name,artist_id=EXCLUDED.artist_id,genre=EXCLUDED.genre, parameters: ('Ashes', '0vUk0rbl0BkFjmeFvjOvoj', nan)
[2023-05-09T16:04:12.924+0000] {sql.py:384} INFO - Rows affected: 1
[2023-05-09T16:04:12.931+0000] {base.py:73} INFO - Using connection ID '***' for task execution.
[2023-05-09T16:04:12.939+0000] {sql.py:375} INFO - Running statement: INSERT INTO artist_dim (artist_name,artist_id,genre) VALUES (%s,%s,%s) ON CONFLICT (artist_id) DO UPDATE SET artist_name=EXCLUDED.artist_name,artist_id=EXCLUDED.artist_id,genre=EXCLUDED.genre, parameters: ('blackbear', '2cFrymmkijnjDg9SS92EPM', 'alt z')
[2023-05-09T16:04:12.941+0000] {sql.py:384} INFO - Rows affected: 1
[2023-05-09T16:04:12.948+0000] {base.py:73} INFO - Using connection ID '***' for task execution.
[2023-05-09T16:04:12.956+0000] {sql.py:375} INFO - Running statement: INSERT INTO artist_dim (artist_name,artist_id,genre) VALUES (%s,%s,%s) ON CONFLICT (artist_id) DO UPDATE SET artist_name=EXCLUDED.artist_name,artist_id=EXCLUDED.artist_id,genre=EXCLUDED.genre, parameters: ('6 Dogs', '3Ps6le7tj5BdNtdnfNgTU4', 'cloud rap')
[2023-05-09T16:04:12.957+0000] {sql.py:384} INFO - Rows affected: 1
[2023-05-09T16:04:12.965+0000] {base.py:73} INFO - Using connection ID '***' for task execution.
[2023-05-09T16:04:12.973+0000] {sql.py:375} INFO - Running statement: INSERT INTO artist_dim (artist_name,artist_id,genre) VALUES (%s,%s,%s) ON CONFLICT (artist_id) DO UPDATE SET artist_name=EXCLUDED.artist_name,artist_id=EXCLUDED.artist_id,genre=EXCLUDED.genre, parameters: ('Pretty Pacc', '2QuPPChZpqAai29uqulNFe', nan)
[2023-05-09T16:04:12.975+0000] {sql.py:384} INFO - Rows affected: 1
[2023-05-09T16:04:12.982+0000] {base.py:73} INFO - Using connection ID '***' for task execution.
[2023-05-09T16:04:12.988+0000] {sql.py:375} INFO - Running statement: INSERT INTO artist_dim (artist_name,artist_id,genre) VALUES (%s,%s,%s) ON CONFLICT (artist_id) DO UPDATE SET artist_name=EXCLUDED.artist_name,artist_id=EXCLUDED.artist_id,genre=EXCLUDED.genre, parameters: ('SAIAH', '5ZPYeVqoWNuukwfarvkyJX', nan)
[2023-05-09T16:04:12.990+0000] {sql.py:384} INFO - Rows affected: 1
[2023-05-09T16:04:12.996+0000] {base.py:73} INFO - Using connection ID '***' for task execution.
[2023-05-09T16:04:13.003+0000] {sql.py:375} INFO - Running statement: INSERT INTO artist_dim (artist_name,artist_id,genre) VALUES (%s,%s,%s) ON CONFLICT (artist_id) DO UPDATE SET artist_name=EXCLUDED.artist_name,artist_id=EXCLUDED.artist_id,genre=EXCLUDED.genre, parameters: ('Lucy Fer', '0BxHc5dN9BSfLZ8PCch9wT', nan)
[2023-05-09T16:04:13.004+0000] {sql.py:384} INFO - Rows affected: 1
[2023-05-09T16:04:13.011+0000] {base.py:73} INFO - Using connection ID '***' for task execution.
[2023-05-09T16:04:13.017+0000] {sql.py:375} INFO - Running statement: INSERT INTO artist_dim (artist_name,artist_id,genre) VALUES (%s,%s,%s) ON CONFLICT (artist_id) DO UPDATE SET artist_name=EXCLUDED.artist_name,artist_id=EXCLUDED.artist_id,genre=EXCLUDED.genre, parameters: ('Sleepa', '1iT8Vbd7KhZiBji3G72zDW', nan)
[2023-05-09T16:04:13.019+0000] {sql.py:384} INFO - Rows affected: 1
[2023-05-09T16:04:13.025+0000] {base.py:73} INFO - Using connection ID '***' for task execution.
[2023-05-09T16:04:13.031+0000] {sql.py:375} INFO - Running statement: INSERT INTO artist_dim (artist_name,artist_id,genre) VALUES (%s,%s,%s) ON CONFLICT (artist_id) DO UPDATE SET artist_name=EXCLUDED.artist_name,artist_id=EXCLUDED.artist_id,genre=EXCLUDED.genre, parameters: ('glaive', '4cJKDGSv4Dz9QycXYmo565', 'glitchcore')
[2023-05-09T16:04:13.033+0000] {sql.py:384} INFO - Rows affected: 1
[2023-05-09T16:04:13.038+0000] {base.py:73} INFO - Using connection ID '***' for task execution.
[2023-05-09T16:04:13.044+0000] {sql.py:375} INFO - Running statement: INSERT INTO artist_dim (artist_name,artist_id,genre) VALUES (%s,%s,%s) ON CONFLICT (artist_id) DO UPDATE SET artist_name=EXCLUDED.artist_name,artist_id=EXCLUDED.artist_id,genre=EXCLUDED.genre, parameters: ('kaido', '0UENogXhLeGTZjub4eejjX', 'hyperpop')
[2023-05-09T16:04:13.046+0000] {sql.py:384} INFO - Rows affected: 1
[2023-05-09T16:04:13.052+0000] {base.py:73} INFO - Using connection ID '***' for task execution.
[2023-05-09T16:04:13.058+0000] {sql.py:375} INFO - Running statement: INSERT INTO artist_dim (artist_name,artist_id,genre) VALUES (%s,%s,%s) ON CONFLICT (artist_id) DO UPDATE SET artist_name=EXCLUDED.artist_name,artist_id=EXCLUDED.artist_id,genre=EXCLUDED.genre, parameters: ('kurtains', '7b2FbxYmnpGMPqDe04QmyP', 'emoplugg')
[2023-05-09T16:04:13.060+0000] {sql.py:384} INFO - Rows affected: 1
[2023-05-09T16:04:13.066+0000] {base.py:73} INFO - Using connection ID '***' for task execution.
[2023-05-09T16:04:13.072+0000] {sql.py:375} INFO - Running statement: INSERT INTO artist_dim (artist_name,artist_id,genre) VALUES (%s,%s,%s) ON CONFLICT (artist_id) DO UPDATE SET artist_name=EXCLUDED.artist_name,artist_id=EXCLUDED.artist_id,genre=EXCLUDED.genre, parameters: ('Numl6ck', '2anlj4dNUn9I1VxxmjRHRx', 'glitchcore')
[2023-05-09T16:04:13.074+0000] {sql.py:384} INFO - Rows affected: 1
[2023-05-09T16:04:13.080+0000] {base.py:73} INFO - Using connection ID '***' for task execution.
[2023-05-09T16:04:13.086+0000] {sql.py:375} INFO - Running statement: INSERT INTO artist_dim (artist_name,artist_id,genre) VALUES (%s,%s,%s) ON CONFLICT (artist_id) DO UPDATE SET artist_name=EXCLUDED.artist_name,artist_id=EXCLUDED.artist_id,genre=EXCLUDED.genre, parameters: ('Deadman Era', '4FI4qPOnjt3D8DnJQrNWps', nan)
[2023-05-09T16:04:13.088+0000] {sql.py:384} INFO - Rows affected: 1
[2023-05-09T16:04:13.094+0000] {base.py:73} INFO - Using connection ID '***' for task execution.
[2023-05-09T16:04:18.106+0000] {sql.py:375} INFO - Running statement: INSERT INTO artist_dim (artist_name,artist_id,genre) VALUES (%s,%s,%s) ON CONFLICT (artist_id) DO UPDATE SET artist_name=EXCLUDED.artist_name,artist_id=EXCLUDED.artist_id,genre=EXCLUDED.genre, parameters: ('Lund', '5uLkZ7FWMTBUg1corQqdkR', 'cloud rap')
[2023-05-09T16:04:18.108+0000] {sql.py:384} INFO - Rows affected: 1
[2023-05-09T16:04:18.116+0000] {base.py:73} INFO - Using connection ID '***' for task execution.
[2023-05-09T16:04:18.126+0000] {sql.py:375} INFO - Running statement: INSERT INTO artist_dim (artist_name,artist_id,genre) VALUES (%s,%s,%s) ON CONFLICT (artist_id) DO UPDATE SET artist_name=EXCLUDED.artist_name,artist_id=EXCLUDED.artist_id,genre=EXCLUDED.genre, parameters: ('Lil Cobaine', '0ILo2K3FmfIh4ICcbHE7RK', nan)
[2023-05-09T16:04:18.128+0000] {sql.py:384} INFO - Rows affected: 1
[2023-05-09T16:04:18.134+0000] {base.py:73} INFO - Using connection ID '***' for task execution.
[2023-05-09T16:04:18.141+0000] {sql.py:375} INFO - Running statement: INSERT INTO artist_dim (artist_name,artist_id,genre) VALUES (%s,%s,%s) ON CONFLICT (artist_id) DO UPDATE SET artist_name=EXCLUDED.artist_name,artist_id=EXCLUDED.artist_id,genre=EXCLUDED.genre, parameters: ('ilham', '0r7PsZB4ePA6vHrW4agoGN', nan)
[2023-05-09T16:04:18.142+0000] {sql.py:384} INFO - Rows affected: 1
[2023-05-09T16:04:18.149+0000] {base.py:73} INFO - Using connection ID '***' for task execution.
[2023-05-09T16:04:18.156+0000] {sql.py:375} INFO - Running statement: INSERT INTO artist_dim (artist_name,artist_id,genre) VALUES (%s,%s,%s) ON CONFLICT (artist_id) DO UPDATE SET artist_name=EXCLUDED.artist_name,artist_id=EXCLUDED.artist_id,genre=EXCLUDED.genre, parameters: ('Angelo Mota', '1PpFka2STGQ57kJcgYBgEF', 'indie hip hop')
[2023-05-09T16:04:18.157+0000] {sql.py:384} INFO - Rows affected: 1
[2023-05-09T16:04:18.166+0000] {base.py:73} INFO - Using connection ID '***' for task execution.
[2023-05-09T16:04:18.173+0000] {sql.py:375} INFO - Running statement: INSERT INTO artist_dim (artist_name,artist_id,genre) VALUES (%s,%s,%s) ON CONFLICT (artist_id) DO UPDATE SET artist_name=EXCLUDED.artist_name,artist_id=EXCLUDED.artist_id,genre=EXCLUDED.genre, parameters: ('Xuitcasecity', '6YxrfNCKBcQlbITpmDLErL', 'indie pop rap')
[2023-05-09T16:04:18.174+0000] {sql.py:384} INFO - Rows affected: 1
[2023-05-09T16:04:18.181+0000] {base.py:73} INFO - Using connection ID '***' for task execution.
[2023-05-09T16:04:18.187+0000] {sql.py:375} INFO - Running statement: INSERT INTO artist_dim (artist_name,artist_id,genre) VALUES (%s,%s,%s) ON CONFLICT (artist_id) DO UPDATE SET artist_name=EXCLUDED.artist_name,artist_id=EXCLUDED.artist_id,genre=EXCLUDED.genre, parameters: ('benny mayne', '2R2Yg2qPloNOTOfqxfXX7l', 'canadian contemporary r&b')
[2023-05-09T16:04:18.188+0000] {sql.py:384} INFO - Rows affected: 1
[2023-05-09T16:04:18.195+0000] {base.py:73} INFO - Using connection ID '***' for task execution.
[2023-05-09T16:04:18.202+0000] {sql.py:375} INFO - Running statement: INSERT INTO artist_dim (artist_name,artist_id,genre) VALUES (%s,%s,%s) ON CONFLICT (artist_id) DO UPDATE SET artist_name=EXCLUDED.artist_name,artist_id=EXCLUDED.artist_id,genre=EXCLUDED.genre, parameters: ('Isekai', '4yOY5zmuuTlS1DbG3yZGki', nan)
[2023-05-09T16:04:18.203+0000] {sql.py:384} INFO - Rows affected: 1
[2023-05-09T16:04:18.212+0000] {base.py:73} INFO - Using connection ID '***' for task execution.
[2023-05-09T16:04:18.219+0000] {sql.py:375} INFO - Running statement: INSERT INTO artist_dim (artist_name,artist_id,genre) VALUES (%s,%s,%s) ON CONFLICT (artist_id) DO UPDATE SET artist_name=EXCLUDED.artist_name,artist_id=EXCLUDED.artist_id,genre=EXCLUDED.genre, parameters: ('Lil Rae', '7iVscW49OWowl9SoLmWzfy', nan)
[2023-05-09T16:04:18.220+0000] {sql.py:384} INFO - Rows affected: 1
[2023-05-09T16:04:18.228+0000] {base.py:73} INFO - Using connection ID '***' for task execution.
[2023-05-09T16:04:18.235+0000] {sql.py:375} INFO - Running statement: INSERT INTO artist_dim (artist_name,artist_id,genre) VALUES (%s,%s,%s) ON CONFLICT (artist_id) DO UPDATE SET artist_name=EXCLUDED.artist_name,artist_id=EXCLUDED.artist_id,genre=EXCLUDED.genre, parameters: ('916frosty', '6c0lj01vVpHsCH7Z5CfJ9K', 'emo rap')
[2023-05-09T16:04:18.236+0000] {sql.py:384} INFO - Rows affected: 1
[2023-05-09T16:04:18.245+0000] {base.py:73} INFO - Using connection ID '***' for task execution.
[2023-05-09T16:04:18.252+0000] {sql.py:375} INFO - Running statement: INSERT INTO artist_dim (artist_name,artist_id,genre) VALUES (%s,%s,%s) ON CONFLICT (artist_id) DO UPDATE SET artist_name=EXCLUDED.artist_name,artist_id=EXCLUDED.artist_id,genre=EXCLUDED.genre, parameters: ('Marco Luka', '4tjqHer0BFQbJ1FVyWhffM', nan)
[2023-05-09T16:04:18.254+0000] {sql.py:384} INFO - Rows affected: 1
[2023-05-09T16:04:18.261+0000] {base.py:73} INFO - Using connection ID '***' for task execution.
[2023-05-09T16:04:18.267+0000] {sql.py:375} INFO - Running statement: INSERT INTO artist_dim (artist_name,artist_id,genre) VALUES (%s,%s,%s) ON CONFLICT (artist_id) DO UPDATE SET artist_name=EXCLUDED.artist_name,artist_id=EXCLUDED.artist_id,genre=EXCLUDED.genre, parameters: ('COTIS', '63CZNEytugjFnZBdjBmWc8', 'canadian contemporary r&b')
[2023-05-09T16:04:18.270+0000] {sql.py:384} INFO - Rows affected: 1
[2023-05-09T16:04:18.278+0000] {base.py:73} INFO - Using connection ID '***' for task execution.
[2023-05-09T16:04:18.284+0000] {sql.py:375} INFO - Running statement: INSERT INTO artist_dim (artist_name,artist_id,genre) VALUES (%s,%s,%s) ON CONFLICT (artist_id) DO UPDATE SET artist_name=EXCLUDED.artist_name,artist_id=EXCLUDED.artist_id,genre=EXCLUDED.genre, parameters: ('diveliner', '0be7y7HUvSBf8uG1X7pK8f', nan)
[2023-05-09T16:04:18.287+0000] {sql.py:384} INFO - Rows affected: 1
[2023-05-09T16:04:18.293+0000] {base.py:73} INFO - Using connection ID '***' for task execution.
[2023-05-09T16:04:18.301+0000] {sql.py:375} INFO - Running statement: INSERT INTO artist_dim (artist_name,artist_id,genre) VALUES (%s,%s,%s) ON CONFLICT (artist_id) DO UPDATE SET artist_name=EXCLUDED.artist_name,artist_id=EXCLUDED.artist_id,genre=EXCLUDED.genre, parameters: ('Young Lungs', '2trvlbfMS5zVozEmrFNDTJ', 'canadian hip hop')
[2023-05-09T16:04:18.303+0000] {sql.py:384} INFO - Rows affected: 1
[2023-05-09T16:04:18.309+0000] {base.py:73} INFO - Using connection ID '***' for task execution.
[2023-05-09T16:04:18.315+0000] {sql.py:375} INFO - Running statement: INSERT INTO artist_dim (artist_name,artist_id,genre) VALUES (%s,%s,%s) ON CONFLICT (artist_id) DO UPDATE SET artist_name=EXCLUDED.artist_name,artist_id=EXCLUDED.artist_id,genre=EXCLUDED.genre, parameters: ('Darko', '63dmB3SM4vOZ8rK1EX5IkU', 'sad rap')
[2023-05-09T16:04:18.317+0000] {sql.py:384} INFO - Rows affected: 1
[2023-05-09T16:04:18.324+0000] {base.py:73} INFO - Using connection ID '***' for task execution.
[2023-05-09T16:04:18.331+0000] {sql.py:375} INFO - Running statement: INSERT INTO artist_dim (artist_name,artist_id,genre) VALUES (%s,%s,%s) ON CONFLICT (artist_id) DO UPDATE SET artist_name=EXCLUDED.artist_name,artist_id=EXCLUDED.artist_id,genre=EXCLUDED.genre, parameters: ('24kGoldn', '6fWVd57NKTalqvmjRd2t8Z', 'cali rap')
[2023-05-09T16:04:18.332+0000] {sql.py:384} INFO - Rows affected: 1
[2023-05-09T16:04:18.339+0000] {base.py:73} INFO - Using connection ID '***' for task execution.
[2023-05-09T16:04:18.345+0000] {sql.py:375} INFO - Running statement: INSERT INTO artist_dim (artist_name,artist_id,genre) VALUES (%s,%s,%s) ON CONFLICT (artist_id) DO UPDATE SET artist_name=EXCLUDED.artist_name,artist_id=EXCLUDED.artist_id,genre=EXCLUDED.genre, parameters: ('convolk', '3ddT1Q3KQAm1G7UcIfz5KJ', 'cloud rap')
[2023-05-09T16:04:18.347+0000] {sql.py:384} INFO - Rows affected: 1
[2023-05-09T16:04:18.353+0000] {base.py:73} INFO - Using connection ID '***' for task execution.
[2023-05-09T16:04:18.360+0000] {sql.py:375} INFO - Running statement: INSERT INTO artist_dim (artist_name,artist_id,genre) VALUES (%s,%s,%s) ON CONFLICT (artist_id) DO UPDATE SET artist_name=EXCLUDED.artist_name,artist_id=EXCLUDED.artist_id,genre=EXCLUDED.genre, parameters: ('Sevant', '47SwNXPh17mIDcZwsCr6hX', nan)
[2023-05-09T16:04:18.362+0000] {sql.py:384} INFO - Rows affected: 1
[2023-05-09T16:04:18.367+0000] {base.py:73} INFO - Using connection ID '***' for task execution.
[2023-05-09T16:04:18.374+0000] {sql.py:375} INFO - Running statement: INSERT INTO artist_dim (artist_name,artist_id,genre) VALUES (%s,%s,%s) ON CONFLICT (artist_id) DO UPDATE SET artist_name=EXCLUDED.artist_name,artist_id=EXCLUDED.artist_id,genre=EXCLUDED.genre, parameters: ('Lui Joseph', '7MS7B4QRp1n6c5H8N7s3wB', 'sad rap')
[2023-05-09T16:04:18.376+0000] {sql.py:384} INFO - Rows affected: 1
[2023-05-09T16:04:18.382+0000] {base.py:73} INFO - Using connection ID '***' for task execution.
[2023-05-09T16:04:18.389+0000] {sql.py:375} INFO - Running statement: INSERT INTO artist_dim (artist_name,artist_id,genre) VALUES (%s,%s,%s) ON CONFLICT (artist_id) DO UPDATE SET artist_name=EXCLUDED.artist_name,artist_id=EXCLUDED.artist_id,genre=EXCLUDED.genre, parameters: ('Josh Golden', '6wUAn24MOirNVNqQM47fda', 'la pop')
[2023-05-09T16:04:18.391+0000] {sql.py:384} INFO - Rows affected: 1
[2023-05-09T16:04:18.397+0000] {base.py:73} INFO - Using connection ID '***' for task execution.
[2023-05-09T16:04:18.406+0000] {sql.py:375} INFO - Running statement: INSERT INTO artist_dim (artist_name,artist_id,genre) VALUES (%s,%s,%s) ON CONFLICT (artist_id) DO UPDATE SET artist_name=EXCLUDED.artist_name,artist_id=EXCLUDED.artist_id,genre=EXCLUDED.genre, parameters: ('ATO', '4KoNbDwbCK9D04dSmYG93E', nan)
[2023-05-09T16:04:18.407+0000] {sql.py:384} INFO - Rows affected: 1
[2023-05-09T16:04:18.414+0000] {base.py:73} INFO - Using connection ID '***' for task execution.
[2023-05-09T16:04:18.423+0000] {sql.py:375} INFO - Running statement: INSERT INTO artist_dim (artist_name,artist_id,genre) VALUES (%s,%s,%s) ON CONFLICT (artist_id) DO UPDATE SET artist_name=EXCLUDED.artist_name,artist_id=EXCLUDED.artist_id,genre=EXCLUDED.genre, parameters: ('Felly', '2848adRcxvgWNRcz1g1tQD', 'indie pop rap')
[2023-05-09T16:04:18.424+0000] {sql.py:384} INFO - Rows affected: 1
[2023-05-09T16:04:18.430+0000] {base.py:73} INFO - Using connection ID '***' for task execution.
[2023-05-09T16:04:18.436+0000] {sql.py:375} INFO - Running statement: INSERT INTO artist_dim (artist_name,artist_id,genre) VALUES (%s,%s,%s) ON CONFLICT (artist_id) DO UPDATE SET artist_name=EXCLUDED.artist_name,artist_id=EXCLUDED.artist_id,genre=EXCLUDED.genre, parameters: ('RIZ LA VIE', '0QkgnHpxSCOYdTnhUR9S5k', 'bedroom soul')
[2023-05-09T16:04:18.438+0000] {sql.py:384} INFO - Rows affected: 1
[2023-05-09T16:04:18.444+0000] {base.py:73} INFO - Using connection ID '***' for task execution.
[2023-05-09T16:04:18.450+0000] {sql.py:375} INFO - Running statement: INSERT INTO artist_dim (artist_name,artist_id,genre) VALUES (%s,%s,%s) ON CONFLICT (artist_id) DO UPDATE SET artist_name=EXCLUDED.artist_name,artist_id=EXCLUDED.artist_id,genre=EXCLUDED.genre, parameters: ('Tommy Ice', '3AUIYVmhwrsw8UOPHEv91Z', 'emo rap')
[2023-05-09T16:04:18.452+0000] {sql.py:384} INFO - Rows affected: 1
[2023-05-09T16:04:18.457+0000] {base.py:73} INFO - Using connection ID '***' for task execution.
[2023-05-09T16:04:18.465+0000] {sql.py:375} INFO - Running statement: INSERT INTO artist_dim (artist_name,artist_id,genre) VALUES (%s,%s,%s) ON CONFLICT (artist_id) DO UPDATE SET artist_name=EXCLUDED.artist_name,artist_id=EXCLUDED.artist_id,genre=EXCLUDED.genre, parameters: ('Andrew Spacey', '71EAlWYAa5jb4phZIOlp7u', 'st louis rap')
[2023-05-09T16:04:18.467+0000] {sql.py:384} INFO - Rows affected: 1
[2023-05-09T16:04:18.473+0000] {base.py:73} INFO - Using connection ID '***' for task execution.
[2023-05-09T16:04:18.479+0000] {sql.py:375} INFO - Running statement: INSERT INTO artist_dim (artist_name,artist_id,genre) VALUES (%s,%s,%s) ON CONFLICT (artist_id) DO UPDATE SET artist_name=EXCLUDED.artist_name,artist_id=EXCLUDED.artist_id,genre=EXCLUDED.genre, parameters: ('aldn', '2GUw9Wzha61PkZoRVv1PDD', 'glitchcore')
[2023-05-09T16:04:18.480+0000] {sql.py:384} INFO - Rows affected: 1
[2023-05-09T16:04:18.486+0000] {base.py:73} INFO - Using connection ID '***' for task execution.
[2023-05-09T16:04:18.494+0000] {sql.py:375} INFO - Running statement: INSERT INTO artist_dim (artist_name,artist_id,genre) VALUES (%s,%s,%s) ON CONFLICT (artist_id) DO UPDATE SET artist_name=EXCLUDED.artist_name,artist_id=EXCLUDED.artist_id,genre=EXCLUDED.genre, parameters: ('RONEN', '3wDeS1sr05fxaOeiJJrOnL', 'aesthetic rap')
[2023-05-09T16:04:18.495+0000] {sql.py:384} INFO - Rows affected: 1
[2023-05-09T16:04:18.501+0000] {base.py:73} INFO - Using connection ID '***' for task execution.
[2023-05-09T16:04:18.507+0000] {sql.py:375} INFO - Running statement: INSERT INTO artist_dim (artist_name,artist_id,genre) VALUES (%s,%s,%s) ON CONFLICT (artist_id) DO UPDATE SET artist_name=EXCLUDED.artist_name,artist_id=EXCLUDED.artist_id,genre=EXCLUDED.genre, parameters: ('Elroy', '1OP39gZ2SXVnwg4NrARmsu', 'hyperpop')
[2023-05-09T16:04:18.509+0000] {sql.py:384} INFO - Rows affected: 1
[2023-05-09T16:04:18.515+0000] {base.py:73} INFO - Using connection ID '***' for task execution.
[2023-05-09T16:04:18.521+0000] {sql.py:375} INFO - Running statement: INSERT INTO artist_dim (artist_name,artist_id,genre) VALUES (%s,%s,%s) ON CONFLICT (artist_id) DO UPDATE SET artist_name=EXCLUDED.artist_name,artist_id=EXCLUDED.artist_id,genre=EXCLUDED.genre, parameters: ('44phantom', '1vwwjIPFeYoRfAUCqqO6cZ', nan)
[2023-05-09T16:04:18.523+0000] {sql.py:384} INFO - Rows affected: 1
[2023-05-09T16:04:18.529+0000] {base.py:73} INFO - Using connection ID '***' for task execution.
[2023-05-09T16:04:18.537+0000] {sql.py:375} INFO - Running statement: INSERT INTO artist_dim (artist_name,artist_id,genre) VALUES (%s,%s,%s) ON CONFLICT (artist_id) DO UPDATE SET artist_name=EXCLUDED.artist_name,artist_id=EXCLUDED.artist_id,genre=EXCLUDED.genre, parameters: ('Ramzoid', '2Ci3Sflo2BfC77wTwn2hbH', 'future bass')
[2023-05-09T16:04:18.539+0000] {sql.py:384} INFO - Rows affected: 1
[2023-05-09T16:04:18.545+0000] {base.py:73} INFO - Using connection ID '***' for task execution.
[2023-05-09T16:04:18.552+0000] {sql.py:375} INFO - Running statement: INSERT INTO artist_dim (artist_name,artist_id,genre) VALUES (%s,%s,%s) ON CONFLICT (artist_id) DO UPDATE SET artist_name=EXCLUDED.artist_name,artist_id=EXCLUDED.artist_id,genre=EXCLUDED.genre, parameters: ('GOLDHOUSE', '670UISOh9XV1zlq5z5IfoY', 'pop edm')
[2023-05-09T16:04:18.553+0000] {sql.py:384} INFO - Rows affected: 1
[2023-05-09T16:04:18.560+0000] {base.py:73} INFO - Using connection ID '***' for task execution.
[2023-05-09T16:04:18.566+0000] {sql.py:375} INFO - Running statement: INSERT INTO artist_dim (artist_name,artist_id,genre) VALUES (%s,%s,%s) ON CONFLICT (artist_id) DO UPDATE SET artist_name=EXCLUDED.artist_name,artist_id=EXCLUDED.artist_id,genre=EXCLUDED.genre, parameters: ('dying in designer', '3QZxOYl5zlZtfigtXOZsfT', 'emo rap')
[2023-05-09T16:04:18.568+0000] {sql.py:384} INFO - Rows affected: 1
[2023-05-09T16:04:18.574+0000] {base.py:73} INFO - Using connection ID '***' for task execution.
[2023-05-09T16:04:18.582+0000] {sql.py:375} INFO - Running statement: INSERT INTO artist_dim (artist_name,artist_id,genre) VALUES (%s,%s,%s) ON CONFLICT (artist_id) DO UPDATE SET artist_name=EXCLUDED.artist_name,artist_id=EXCLUDED.artist_id,genre=EXCLUDED.genre, parameters: ('Kota the Friend', '2AfU5LYBVCiCtuCCfM7uVX', 'underground hip hop')
[2023-05-09T16:04:18.583+0000] {sql.py:384} INFO - Rows affected: 1
[2023-05-09T16:04:18.589+0000] {base.py:73} INFO - Using connection ID '***' for task execution.
[2023-05-09T16:04:18.595+0000] {sql.py:375} INFO - Running statement: INSERT INTO artist_dim (artist_name,artist_id,genre) VALUES (%s,%s,%s) ON CONFLICT (artist_id) DO UPDATE SET artist_name=EXCLUDED.artist_name,artist_id=EXCLUDED.artist_id,genre=EXCLUDED.genre, parameters: ('Marlon Craft', '7MigDh04CCntQbsBvugEmb', 'nyc rap')
[2023-05-09T16:04:18.596+0000] {sql.py:384} INFO - Rows affected: 1
[2023-05-09T16:04:18.602+0000] {base.py:73} INFO - Using connection ID '***' for task execution.
[2023-05-09T16:04:18.610+0000] {sql.py:375} INFO - Running statement: INSERT INTO artist_dim (artist_name,artist_id,genre) VALUES (%s,%s,%s) ON CONFLICT (artist_id) DO UPDATE SET artist_name=EXCLUDED.artist_name,artist_id=EXCLUDED.artist_id,genre=EXCLUDED.genre, parameters: ('SEBASTIAN PAUL', '1tQu5TjcAK68fx8qrc8ZgF', nan)
[2023-05-09T16:04:18.612+0000] {sql.py:384} INFO - Rows affected: 1
[2023-05-09T16:04:18.619+0000] {base.py:73} INFO - Using connection ID '***' for task execution.
[2023-05-09T16:04:18.627+0000] {sql.py:375} INFO - Running statement: INSERT INTO artist_dim (artist_name,artist_id,genre) VALUES (%s,%s,%s) ON CONFLICT (artist_id) DO UPDATE SET artist_name=EXCLUDED.artist_name,artist_id=EXCLUDED.artist_id,genre=EXCLUDED.genre, parameters: ('Max Wells', '0Kx7qYhFiv0YD5lxEG1nsz', nan)
[2023-05-09T16:04:18.628+0000] {sql.py:384} INFO - Rows affected: 1
[2023-05-09T16:04:18.634+0000] {base.py:73} INFO - Using connection ID '***' for task execution.
[2023-05-09T16:04:18.641+0000] {sql.py:375} INFO - Running statement: INSERT INTO artist_dim (artist_name,artist_id,genre) VALUES (%s,%s,%s) ON CONFLICT (artist_id) DO UPDATE SET artist_name=EXCLUDED.artist_name,artist_id=EXCLUDED.artist_id,genre=EXCLUDED.genre, parameters: ('Gomey', '5ibWbhA0IkPT3xCN0YicRL', nan)
[2023-05-09T16:04:18.642+0000] {sql.py:384} INFO - Rows affected: 1
[2023-05-09T16:04:18.648+0000] {base.py:73} INFO - Using connection ID '***' for task execution.
[2023-05-09T16:04:18.656+0000] {sql.py:375} INFO - Running statement: INSERT INTO artist_dim (artist_name,artist_id,genre) VALUES (%s,%s,%s) ON CONFLICT (artist_id) DO UPDATE SET artist_name=EXCLUDED.artist_name,artist_id=EXCLUDED.artist_id,genre=EXCLUDED.genre, parameters: ('Christian French', '7naAJDAh7AZnf18YYfQruM', 'alt z')
[2023-05-09T16:04:18.657+0000] {sql.py:384} INFO - Rows affected: 1
[2023-05-09T16:04:18.663+0000] {base.py:73} INFO - Using connection ID '***' for task execution.
[2023-05-09T16:04:18.669+0000] {sql.py:375} INFO - Running statement: INSERT INTO artist_dim (artist_name,artist_id,genre) VALUES (%s,%s,%s) ON CONFLICT (artist_id) DO UPDATE SET artist_name=EXCLUDED.artist_name,artist_id=EXCLUDED.artist_id,genre=EXCLUDED.genre, parameters: ('tsubi club', '6fHEaFnFgMxMAtDt7mFoQ3', 'hyperpop')
[2023-05-09T16:04:18.670+0000] {sql.py:384} INFO - Rows affected: 1
[2023-05-09T16:04:18.676+0000] {base.py:73} INFO - Using connection ID '***' for task execution.
[2023-05-09T16:04:18.684+0000] {sql.py:375} INFO - Running statement: INSERT INTO artist_dim (artist_name,artist_id,genre) VALUES (%s,%s,%s) ON CONFLICT (artist_id) DO UPDATE SET artist_name=EXCLUDED.artist_name,artist_id=EXCLUDED.artist_id,genre=EXCLUDED.genre, parameters: ('Vwillz', '0S7eN9KAsbAaIZtFyCn1q1', nan)
[2023-05-09T16:04:18.685+0000] {sql.py:384} INFO - Rows affected: 1
[2023-05-09T16:04:18.691+0000] {base.py:73} INFO - Using connection ID '***' for task execution.
[2023-05-09T16:04:18.698+0000] {sql.py:375} INFO - Running statement: INSERT INTO artist_dim (artist_name,artist_id,genre) VALUES (%s,%s,%s) ON CONFLICT (artist_id) DO UPDATE SET artist_name=EXCLUDED.artist_name,artist_id=EXCLUDED.artist_id,genre=EXCLUDED.genre, parameters: ('Kevin Powers', '4X8TR9pBFyewFlIDYt1o2s', nan)
[2023-05-09T16:04:18.700+0000] {sql.py:384} INFO - Rows affected: 1
[2023-05-09T16:04:18.706+0000] {base.py:73} INFO - Using connection ID '***' for task execution.
[2023-05-09T16:04:18.712+0000] {sql.py:375} INFO - Running statement: INSERT INTO artist_dim (artist_name,artist_id,genre) VALUES (%s,%s,%s) ON CONFLICT (artist_id) DO UPDATE SET artist_name=EXCLUDED.artist_name,artist_id=EXCLUDED.artist_id,genre=EXCLUDED.genre, parameters: ('Brennan', '5UrcghjIlj83Jf7QjZfBhZ', nan)
[2023-05-09T16:04:18.713+0000] {sql.py:384} INFO - Rows affected: 1
[2023-05-09T16:04:18.719+0000] {base.py:73} INFO - Using connection ID '***' for task execution.
[2023-05-09T16:04:18.728+0000] {sql.py:375} INFO - Running statement: INSERT INTO artist_dim (artist_name,artist_id,genre) VALUES (%s,%s,%s) ON CONFLICT (artist_id) DO UPDATE SET artist_name=EXCLUDED.artist_name,artist_id=EXCLUDED.artist_id,genre=EXCLUDED.genre, parameters: ('Rawska', '3pob90yrusjcbgSYFKaeAk', 'cloud rap')
[2023-05-09T16:04:18.729+0000] {sql.py:384} INFO - Rows affected: 1
[2023-05-09T16:04:18.735+0000] {base.py:73} INFO - Using connection ID '***' for task execution.
[2023-05-09T16:04:18.741+0000] {sql.py:375} INFO - Running statement: INSERT INTO artist_dim (artist_name,artist_id,genre) VALUES (%s,%s,%s) ON CONFLICT (artist_id) DO UPDATE SET artist_name=EXCLUDED.artist_name,artist_id=EXCLUDED.artist_id,genre=EXCLUDED.genre, parameters: ('Ghostrage', '7BoBxrm9jJ7us6U92oqr4N', nan)
[2023-05-09T16:04:18.743+0000] {sql.py:384} INFO - Rows affected: 1
[2023-05-09T16:04:18.749+0000] {base.py:73} INFO - Using connection ID '***' for task execution.
[2023-05-09T16:04:18.755+0000] {sql.py:375} INFO - Running statement: INSERT INTO artist_dim (artist_name,artist_id,genre) VALUES (%s,%s,%s) ON CONFLICT (artist_id) DO UPDATE SET artist_name=EXCLUDED.artist_name,artist_id=EXCLUDED.artist_id,genre=EXCLUDED.genre, parameters: ('Cold Hart', '1fsCfvdiomqjKJFR6xI8e4', 'cloud rap')
[2023-05-09T16:04:18.757+0000] {sql.py:384} INFO - Rows affected: 1
[2023-05-09T16:04:18.762+0000] {base.py:73} INFO - Using connection ID '***' for task execution.
[2023-05-09T16:04:18.770+0000] {sql.py:375} INFO - Running statement: INSERT INTO artist_dim (artist_name,artist_id,genre) VALUES (%s,%s,%s) ON CONFLICT (artist_id) DO UPDATE SET artist_name=EXCLUDED.artist_name,artist_id=EXCLUDED.artist_id,genre=EXCLUDED.genre, parameters: ('Yung Pinch', '61qMnYXa1GxSBoV3IiYKjZ', 'melodic rap')
[2023-05-09T16:04:18.771+0000] {sql.py:384} INFO - Rows affected: 1
[2023-05-09T16:04:18.778+0000] {base.py:73} INFO - Using connection ID '***' for task execution.
[2023-05-09T16:04:18.784+0000] {sql.py:375} INFO - Running statement: INSERT INTO artist_dim (artist_name,artist_id,genre) VALUES (%s,%s,%s) ON CONFLICT (artist_id) DO UPDATE SET artist_name=EXCLUDED.artist_name,artist_id=EXCLUDED.artist_id,genre=EXCLUDED.genre, parameters: ('Johan Lenox', '1KuV6xtFnLPsneN3yBrjFj', nan)
[2023-05-09T16:04:18.786+0000] {sql.py:384} INFO - Rows affected: 1
[2023-05-09T16:04:18.793+0000] {base.py:73} INFO - Using connection ID '***' for task execution.
[2023-05-09T16:04:18.799+0000] {sql.py:375} INFO - Running statement: INSERT INTO artist_dim (artist_name,artist_id,genre) VALUES (%s,%s,%s) ON CONFLICT (artist_id) DO UPDATE SET artist_name=EXCLUDED.artist_name,artist_id=EXCLUDED.artist_id,genre=EXCLUDED.genre, parameters: ('Hovey Benjamin', '7wSr4otUV4ytUvHE4w3rBe', 'meme rap')
[2023-05-09T16:04:18.801+0000] {sql.py:384} INFO - Rows affected: 1
[2023-05-09T16:04:18.807+0000] {base.py:73} INFO - Using connection ID '***' for task execution.
[2023-05-09T16:04:18.815+0000] {sql.py:375} INFO - Running statement: INSERT INTO artist_dim (artist_name,artist_id,genre) VALUES (%s,%s,%s) ON CONFLICT (artist_id) DO UPDATE SET artist_name=EXCLUDED.artist_name,artist_id=EXCLUDED.artist_id,genre=EXCLUDED.genre, parameters: ('underscores', '7HfUJxeVTgrvhk0eWHFzV7', 'hyperpop')
[2023-05-09T16:04:18.817+0000] {sql.py:384} INFO - Rows affected: 1
[2023-05-09T16:04:18.823+0000] {base.py:73} INFO - Using connection ID '***' for task execution.
[2023-05-09T16:04:18.831+0000] {sql.py:375} INFO - Running statement: INSERT INTO artist_dim (artist_name,artist_id,genre) VALUES (%s,%s,%s) ON CONFLICT (artist_id) DO UPDATE SET artist_name=EXCLUDED.artist_name,artist_id=EXCLUDED.artist_id,genre=EXCLUDED.genre, parameters: ('MASN', '4HAfqyKr4Sqtab6ttHWXgE', 'sad rap')
[2023-05-09T16:04:18.833+0000] {sql.py:384} INFO - Rows affected: 1
[2023-05-09T16:04:18.839+0000] {base.py:73} INFO - Using connection ID '***' for task execution.
[2023-05-09T16:04:18.846+0000] {sql.py:375} INFO - Running statement: INSERT INTO artist_dim (artist_name,artist_id,genre) VALUES (%s,%s,%s) ON CONFLICT (artist_id) DO UPDATE SET artist_name=EXCLUDED.artist_name,artist_id=EXCLUDED.artist_id,genre=EXCLUDED.genre, parameters: ('VIC MENSA', '27w1NoOLMX7tJMYqcetPyG', 'canadian hip hop')
[2023-05-09T16:04:18.847+0000] {sql.py:384} INFO - Rows affected: 1
[2023-05-09T16:04:18.853+0000] {base.py:73} INFO - Using connection ID '***' for task execution.
[2023-05-09T16:04:18.861+0000] {sql.py:375} INFO - Running statement: INSERT INTO artist_dim (artist_name,artist_id,genre) VALUES (%s,%s,%s) ON CONFLICT (artist_id) DO UPDATE SET artist_name=EXCLUDED.artist_name,artist_id=EXCLUDED.artist_id,genre=EXCLUDED.genre, parameters: ('mike.', '5G9kmDLg3OeUyj8KVBLzbu', 'indie pop rap')
[2023-05-09T16:04:18.863+0000] {sql.py:384} INFO - Rows affected: 1
[2023-05-09T16:04:18.869+0000] {base.py:73} INFO - Using connection ID '***' for task execution.
[2023-05-09T16:04:18.876+0000] {sql.py:375} INFO - Running statement: INSERT INTO artist_dim (artist_name,artist_id,genre) VALUES (%s,%s,%s) ON CONFLICT (artist_id) DO UPDATE SET artist_name=EXCLUDED.artist_name,artist_id=EXCLUDED.artist_id,genre=EXCLUDED.genre, parameters: ('POORSTACY', '7vSY9HEreOqb1Llar3UC38', 'emo rap')
[2023-05-09T16:04:18.877+0000] {sql.py:384} INFO - Rows affected: 1
[2023-05-09T16:04:18.883+0000] {base.py:73} INFO - Using connection ID '***' for task execution.
[2023-05-09T16:04:18.890+0000] {sql.py:375} INFO - Running statement: INSERT INTO artist_dim (artist_name,artist_id,genre) VALUES (%s,%s,%s) ON CONFLICT (artist_id) DO UPDATE SET artist_name=EXCLUDED.artist_name,artist_id=EXCLUDED.artist_id,genre=EXCLUDED.genre, parameters: ('nothing,nowhere.', '7FngGIEGgN3Iwauw1MvO4P', 'cloud rap')
[2023-05-09T16:04:18.892+0000] {sql.py:384} INFO - Rows affected: 1
[2023-05-09T16:04:18.900+0000] {base.py:73} INFO - Using connection ID '***' for task execution.
[2023-05-09T16:04:18.907+0000] {sql.py:375} INFO - Running statement: INSERT INTO artist_dim (artist_name,artist_id,genre) VALUES (%s,%s,%s) ON CONFLICT (artist_id) DO UPDATE SET artist_name=EXCLUDED.artist_name,artist_id=EXCLUDED.artist_id,genre=EXCLUDED.genre, parameters: ('Atlas in Motion', '1N9JxmOPJqhMCw219uoEi8', nan)
[2023-05-09T16:04:18.909+0000] {sql.py:384} INFO - Rows affected: 1
[2023-05-09T16:04:18.916+0000] {base.py:73} INFO - Using connection ID '***' for task execution.
[2023-05-09T16:04:18.924+0000] {sql.py:375} INFO - Running statement: INSERT INTO artist_dim (artist_name,artist_id,genre) VALUES (%s,%s,%s) ON CONFLICT (artist_id) DO UPDATE SET artist_name=EXCLUDED.artist_name,artist_id=EXCLUDED.artist_id,genre=EXCLUDED.genre, parameters: ('han.irl <3', '5VfSeZYcDwD8WQVwbaoL6z', nan)
[2023-05-09T16:04:18.926+0000] {sql.py:384} INFO - Rows affected: 1
[2023-05-09T16:04:18.932+0000] {base.py:73} INFO - Using connection ID '***' for task execution.
[2023-05-09T16:04:18.943+0000] {sql.py:375} INFO - Running statement: INSERT INTO artist_dim (artist_name,artist_id,genre) VALUES (%s,%s,%s) ON CONFLICT (artist_id) DO UPDATE SET artist_name=EXCLUDED.artist_name,artist_id=EXCLUDED.artist_id,genre=EXCLUDED.genre, parameters: ('login', '5JZPSVFMUk4HGDdx68lN77', 'hyperpop')
[2023-05-09T16:04:18.945+0000] {sql.py:384} INFO - Rows affected: 1
[2023-05-09T16:04:18.951+0000] {base.py:73} INFO - Using connection ID '***' for task execution.
[2023-05-09T16:04:18.958+0000] {sql.py:375} INFO - Running statement: INSERT INTO artist_dim (artist_name,artist_id,genre) VALUES (%s,%s,%s) ON CONFLICT (artist_id) DO UPDATE SET artist_name=EXCLUDED.artist_name,artist_id=EXCLUDED.artist_id,genre=EXCLUDED.genre, parameters: ('静的 Static', '6rEjEIfp3NSRteU3kJGSET', 'emo rap')
[2023-05-09T16:04:18.960+0000] {sql.py:384} INFO - Rows affected: 1
[2023-05-09T16:04:18.966+0000] {base.py:73} INFO - Using connection ID '***' for task execution.
[2023-05-09T16:04:18.973+0000] {sql.py:375} INFO - Running statement: INSERT INTO artist_dim (artist_name,artist_id,genre) VALUES (%s,%s,%s) ON CONFLICT (artist_id) DO UPDATE SET artist_name=EXCLUDED.artist_name,artist_id=EXCLUDED.artist_id,genre=EXCLUDED.genre, parameters: ('Rich Brian', '2IDLDx25HU1nQMKde4n61a', 'indonesian hip hop')
[2023-05-09T16:04:18.974+0000] {sql.py:384} INFO - Rows affected: 1
[2023-05-09T16:04:18.980+0000] {base.py:73} INFO - Using connection ID '***' for task execution.
[2023-05-09T16:04:18.987+0000] {sql.py:375} INFO - Running statement: INSERT INTO artist_dim (artist_name,artist_id,genre) VALUES (%s,%s,%s) ON CONFLICT (artist_id) DO UPDATE SET artist_name=EXCLUDED.artist_name,artist_id=EXCLUDED.artist_id,genre=EXCLUDED.genre, parameters: ('88rising', '1AhjOkOLkbHUfcHDSErXQs', 'asian american hip hop')
[2023-05-09T16:04:18.988+0000] {sql.py:384} INFO - Rows affected: 1
[2023-05-09T16:04:18.989+0000] {python.py:183} INFO - Done. Returned value was: None
[2023-05-09T16:04:18.998+0000] {taskinstance.py:1373} INFO - Marking task as SUCCESS. dag_id=Summer_Warped_ETL, task_id=LoadData.LoadArtistDim, execution_date=20230508T160958, start_date=20230509T160412, end_date=20230509T160418
[2023-05-09T16:04:19.052+0000] {local_task_job_runner.py:232} INFO - Task exited with return code 0
[2023-05-09T16:04:19.070+0000] {taskinstance.py:2674} INFO - 1 downstream tasks scheduled from follow-on schedule check
