[2023-05-08T18:04:56.545+0000] {taskinstance.py:1125} INFO - Dependencies all met for dep_context=non-requeueable deps ti=<TaskInstance: Summer_Warped_ETL.LoadData.LoadArtistDim manual__2023-05-08T16:09:58.195696+00:00 [queued]>
[2023-05-08T18:04:56.550+0000] {taskinstance.py:1125} INFO - Dependencies all met for dep_context=requeueable deps ti=<TaskInstance: Summer_Warped_ETL.LoadData.LoadArtistDim manual__2023-05-08T16:09:58.195696+00:00 [queued]>
[2023-05-08T18:04:56.550+0000] {taskinstance.py:1331} INFO - Starting attempt 5 of 7
[2023-05-08T18:04:56.558+0000] {taskinstance.py:1350} INFO - Executing <Task(PythonOperator): LoadData.LoadArtistDim> on 2023-05-08 16:09:58.195696+00:00
[2023-05-08T18:04:56.564+0000] {standard_task_runner.py:57} INFO - Started process 3342 to run task
[2023-05-08T18:04:56.568+0000] {standard_task_runner.py:84} INFO - Running: ['***', 'tasks', 'run', 'Summer_Warped_ETL', 'LoadData.LoadArtistDim', 'manual__2023-05-08T16:09:58.195696+00:00', '--job-id', '2604', '--raw', '--subdir', 'DAGS_FOLDER/warped-dag.py', '--cfg-path', '/tmp/tmp9bk8zvhw']
[2023-05-08T18:04:56.569+0000] {standard_task_runner.py:85} INFO - Job 2604: Subtask LoadData.LoadArtistDim
[2023-05-08T18:04:56.617+0000] {task_command.py:410} INFO - Running <TaskInstance: Summer_Warped_ETL.LoadData.LoadArtistDim manual__2023-05-08T16:09:58.195696+00:00 [running]> on host 7b4753e133cb
[2023-05-08T18:04:56.685+0000] {taskinstance.py:1570} INFO - Exporting env vars: AIRFLOW_CTX_DAG_OWNER='Ananta Moharana' AIRFLOW_CTX_DAG_ID='Summer_Warped_ETL' AIRFLOW_CTX_TASK_ID='LoadData.LoadArtistDim' AIRFLOW_CTX_EXECUTION_DATE='2023-05-08T16:09:58.195696+00:00' AIRFLOW_CTX_TRY_NUMBER='5' AIRFLOW_CTX_DAG_RUN_ID='manual__2023-05-08T16:09:58.195696+00:00'
[2023-05-08T18:04:56.687+0000] {logging_mixin.py:149} INFO - 2023-05/artist_dim.csv
[2023-05-08T18:04:56.695+0000] {base.py:73} INFO - Using connection ID 'aws_connection' for task execution.
[2023-05-08T18:04:56.695+0000] {connection_wrapper.py:337} INFO - AWS Connection (conn_id='aws_connection', conn_type='aws') credentials retrieved from login and password.
[2023-05-08T18:04:56.887+0000] {logging_mixin.py:149} INFO -         artist_name               artist_id        genre
0              Zaia  1m0t5VYISq6TcyMo7UqLMz  atl hip hop
1  nothing,nowhere.  7FngGIEGgN3Iwauw1MvO4P    cloud rap
2          brakence  4kqFrZkeqDfOIEqTWqbOOV   glitchcore
3        Marco Luka  4tjqHer0BFQbJ1FVyWhffM          NaN
4               Sky  62UdSpLGWjDU75OAFKLxWV          NaN
[2023-05-08T18:04:56.888+0000] {logging_mixin.py:149} INFO - INSERT INTO artist_dim (artist_name,artist_id,genre) VALUES (%s,%s,%s) ON CONFLICT (artist_id) DO UPDATE SET artist_name=EXCLUDED.artist_name,artist_id=EXCLUDED.artist_id,genre=EXCLUDED.genre
[2023-05-08T18:04:56.895+0000] {base.py:73} INFO - Using connection ID '***' for task execution.
[2023-05-08T18:04:56.902+0000] {sql.py:375} INFO - Running statement: INSERT INTO artist_dim (artist_name,artist_id,genre) VALUES (%s,%s,%s) ON CONFLICT (artist_id) DO UPDATE SET artist_name=EXCLUDED.artist_name,artist_id=EXCLUDED.artist_id,genre=EXCLUDED.genre, parameters: ('Zaia', '1m0t5VYISq6TcyMo7UqLMz', 'atl hip hop')
[2023-05-08T18:04:56.904+0000] {sql.py:384} INFO - Rows affected: 1
[2023-05-08T18:04:56.910+0000] {base.py:73} INFO - Using connection ID '***' for task execution.
[2023-05-08T18:04:56.917+0000] {sql.py:375} INFO - Running statement: INSERT INTO artist_dim (artist_name,artist_id,genre) VALUES (%s,%s,%s) ON CONFLICT (artist_id) DO UPDATE SET artist_name=EXCLUDED.artist_name,artist_id=EXCLUDED.artist_id,genre=EXCLUDED.genre, parameters: ('nothing,nowhere.', '7FngGIEGgN3Iwauw1MvO4P', 'cloud rap')
[2023-05-08T18:04:56.919+0000] {sql.py:384} INFO - Rows affected: 1
[2023-05-08T18:04:56.929+0000] {base.py:73} INFO - Using connection ID '***' for task execution.
[2023-05-08T18:04:56.936+0000] {sql.py:375} INFO - Running statement: INSERT INTO artist_dim (artist_name,artist_id,genre) VALUES (%s,%s,%s) ON CONFLICT (artist_id) DO UPDATE SET artist_name=EXCLUDED.artist_name,artist_id=EXCLUDED.artist_id,genre=EXCLUDED.genre, parameters: ('brakence', '4kqFrZkeqDfOIEqTWqbOOV', 'glitchcore')
[2023-05-08T18:04:56.938+0000] {sql.py:384} INFO - Rows affected: 1
[2023-05-08T18:04:56.945+0000] {base.py:73} INFO - Using connection ID '***' for task execution.
[2023-05-08T18:04:56.952+0000] {sql.py:375} INFO - Running statement: INSERT INTO artist_dim (artist_name,artist_id,genre) VALUES (%s,%s,%s) ON CONFLICT (artist_id) DO UPDATE SET artist_name=EXCLUDED.artist_name,artist_id=EXCLUDED.artist_id,genre=EXCLUDED.genre, parameters: ('Marco Luka', '4tjqHer0BFQbJ1FVyWhffM', nan)
[2023-05-08T18:04:56.954+0000] {sql.py:384} INFO - Rows affected: 1
[2023-05-08T18:04:56.962+0000] {base.py:73} INFO - Using connection ID '***' for task execution.
[2023-05-08T18:04:56.969+0000] {sql.py:375} INFO - Running statement: INSERT INTO artist_dim (artist_name,artist_id,genre) VALUES (%s,%s,%s) ON CONFLICT (artist_id) DO UPDATE SET artist_name=EXCLUDED.artist_name,artist_id=EXCLUDED.artist_id,genre=EXCLUDED.genre, parameters: ('Sky', '62UdSpLGWjDU75OAFKLxWV', nan)
[2023-05-08T18:04:56.971+0000] {sql.py:384} INFO - Rows affected: 1
[2023-05-08T18:04:56.977+0000] {base.py:73} INFO - Using connection ID '***' for task execution.
[2023-05-08T18:04:56.983+0000] {sql.py:375} INFO - Running statement: INSERT INTO artist_dim (artist_name,artist_id,genre) VALUES (%s,%s,%s) ON CONFLICT (artist_id) DO UPDATE SET artist_name=EXCLUDED.artist_name,artist_id=EXCLUDED.artist_id,genre=EXCLUDED.genre, parameters: ('abbot', '0Ro9LZA0sRl1FG66KgsA1u', nan)
[2023-05-08T18:04:56.984+0000] {sql.py:384} INFO - Rows affected: 1
[2023-05-08T18:04:56.990+0000] {base.py:73} INFO - Using connection ID '***' for task execution.
[2023-05-08T18:04:56.997+0000] {sql.py:375} INFO - Running statement: INSERT INTO artist_dim (artist_name,artist_id,genre) VALUES (%s,%s,%s) ON CONFLICT (artist_id) DO UPDATE SET artist_name=EXCLUDED.artist_name,artist_id=EXCLUDED.artist_id,genre=EXCLUDED.genre, parameters: ('guardin', '6zqcGQ6MH6yetBUoquMnL7', 'cloud rap')
[2023-05-08T18:04:56.999+0000] {sql.py:384} INFO - Rows affected: 1
[2023-05-08T18:04:57.006+0000] {base.py:73} INFO - Using connection ID '***' for task execution.
[2023-05-08T18:04:57.012+0000] {sql.py:375} INFO - Running statement: INSERT INTO artist_dim (artist_name,artist_id,genre) VALUES (%s,%s,%s) ON CONFLICT (artist_id) DO UPDATE SET artist_name=EXCLUDED.artist_name,artist_id=EXCLUDED.artist_id,genre=EXCLUDED.genre, parameters: ('gravehours', '5cwtCGap3COvJNt1yineor', nan)
[2023-05-08T18:04:57.014+0000] {sql.py:384} INFO - Rows affected: 1
[2023-05-08T18:04:57.020+0000] {base.py:73} INFO - Using connection ID '***' for task execution.
[2023-05-08T18:04:57.030+0000] {sql.py:375} INFO - Running statement: INSERT INTO artist_dim (artist_name,artist_id,genre) VALUES (%s,%s,%s) ON CONFLICT (artist_id) DO UPDATE SET artist_name=EXCLUDED.artist_name,artist_id=EXCLUDED.artist_id,genre=EXCLUDED.genre, parameters: ('50landing', '5aTRa02UP1y6PW5klZiTt0', nan)
[2023-05-08T18:04:57.032+0000] {sql.py:384} INFO - Rows affected: 1
[2023-05-08T18:04:57.038+0000] {base.py:73} INFO - Using connection ID '***' for task execution.
[2023-05-08T18:04:57.045+0000] {sql.py:375} INFO - Running statement: INSERT INTO artist_dim (artist_name,artist_id,genre) VALUES (%s,%s,%s) ON CONFLICT (artist_id) DO UPDATE SET artist_name=EXCLUDED.artist_name,artist_id=EXCLUDED.artist_id,genre=EXCLUDED.genre, parameters: ('Atlas in Motion', '1N9JxmOPJqhMCw219uoEi8', nan)
[2023-05-08T18:04:57.047+0000] {sql.py:384} INFO - Rows affected: 1
[2023-05-08T18:04:57.053+0000] {base.py:73} INFO - Using connection ID '***' for task execution.
[2023-05-08T18:04:57.061+0000] {sql.py:375} INFO - Running statement: INSERT INTO artist_dim (artist_name,artist_id,genre) VALUES (%s,%s,%s) ON CONFLICT (artist_id) DO UPDATE SET artist_name=EXCLUDED.artist_name,artist_id=EXCLUDED.artist_id,genre=EXCLUDED.genre, parameters: ('93FEETOFSMOKE', '0plNgbIlOc13T8ot3vyK79', 'cloud rap')
[2023-05-08T18:04:57.063+0000] {sql.py:384} INFO - Rows affected: 1
[2023-05-08T18:04:57.071+0000] {base.py:73} INFO - Using connection ID '***' for task execution.
[2023-05-08T18:04:57.080+0000] {sql.py:375} INFO - Running statement: INSERT INTO artist_dim (artist_name,artist_id,genre) VALUES (%s,%s,%s) ON CONFLICT (artist_id) DO UPDATE SET artist_name=EXCLUDED.artist_name,artist_id=EXCLUDED.artist_id,genre=EXCLUDED.genre, parameters: ('brody', '0t7bbGUdyq3urfDddwXhdY', 'emo rap')
[2023-05-08T18:04:57.082+0000] {sql.py:384} INFO - Rows affected: 1
[2023-05-08T18:04:57.090+0000] {base.py:73} INFO - Using connection ID '***' for task execution.
[2023-05-08T18:04:57.101+0000] {sql.py:375} INFO - Running statement: INSERT INTO artist_dim (artist_name,artist_id,genre) VALUES (%s,%s,%s) ON CONFLICT (artist_id) DO UPDATE SET artist_name=EXCLUDED.artist_name,artist_id=EXCLUDED.artist_id,genre=EXCLUDED.genre, parameters: ('Roderick Porter', '7Lcln0AXqNHMahrca8KVpy', 'aesthetic rap')
[2023-05-08T18:04:57.103+0000] {sql.py:384} INFO - Rows affected: 1
[2023-05-08T18:04:57.110+0000] {base.py:73} INFO - Using connection ID '***' for task execution.
[2023-05-08T18:04:57.117+0000] {sql.py:375} INFO - Running statement: INSERT INTO artist_dim (artist_name,artist_id,genre) VALUES (%s,%s,%s) ON CONFLICT (artist_id) DO UPDATE SET artist_name=EXCLUDED.artist_name,artist_id=EXCLUDED.artist_id,genre=EXCLUDED.genre, parameters: ('SypSki', '3XOHHfvBYKCMo1h0DFY27z', nan)
[2023-05-08T18:04:57.119+0000] {sql.py:384} INFO - Rows affected: 1
[2023-05-08T18:04:57.125+0000] {base.py:73} INFO - Using connection ID '***' for task execution.
[2023-05-08T18:04:57.131+0000] {sql.py:375} INFO - Running statement: INSERT INTO artist_dim (artist_name,artist_id,genre) VALUES (%s,%s,%s) ON CONFLICT (artist_id) DO UPDATE SET artist_name=EXCLUDED.artist_name,artist_id=EXCLUDED.artist_id,genre=EXCLUDED.genre, parameters: ('raspy', '1trffosn0Alk3IlloOD5O8', 'pittsburgh rap')
[2023-05-08T18:04:57.133+0000] {sql.py:384} INFO - Rows affected: 1
[2023-05-08T18:04:57.139+0000] {base.py:73} INFO - Using connection ID '***' for task execution.
[2023-05-08T18:04:57.144+0000] {sql.py:375} INFO - Running statement: INSERT INTO artist_dim (artist_name,artist_id,genre) VALUES (%s,%s,%s) ON CONFLICT (artist_id) DO UPDATE SET artist_name=EXCLUDED.artist_name,artist_id=EXCLUDED.artist_id,genre=EXCLUDED.genre, parameters: ('Landon Cube', '04ei5kNgmDuNAydFhhIHnD', 'vapor trap')
[2023-05-08T18:04:57.146+0000] {sql.py:384} INFO - Rows affected: 1
[2023-05-08T18:04:57.151+0000] {base.py:73} INFO - Using connection ID '***' for task execution.
[2023-05-08T18:04:57.158+0000] {sql.py:375} INFO - Running statement: INSERT INTO artist_dim (artist_name,artist_id,genre) VALUES (%s,%s,%s) ON CONFLICT (artist_id) DO UPDATE SET artist_name=EXCLUDED.artist_name,artist_id=EXCLUDED.artist_id,genre=EXCLUDED.genre, parameters: ('Oliver Francis', '0WvTK38rXqPCD5pZMDuX20', 'cloud rap')
[2023-05-08T18:04:57.159+0000] {sql.py:384} INFO - Rows affected: 1
[2023-05-08T18:04:57.166+0000] {base.py:73} INFO - Using connection ID '***' for task execution.
[2023-05-08T18:04:57.172+0000] {sql.py:375} INFO - Running statement: INSERT INTO artist_dim (artist_name,artist_id,genre) VALUES (%s,%s,%s) ON CONFLICT (artist_id) DO UPDATE SET artist_name=EXCLUDED.artist_name,artist_id=EXCLUDED.artist_id,genre=EXCLUDED.genre, parameters: ('Aries', '3hOdow4ZPmrby7Q1wfPLEy', nan)
[2023-05-08T18:04:57.174+0000] {sql.py:384} INFO - Rows affected: 1
[2023-05-08T18:04:57.181+0000] {base.py:73} INFO - Using connection ID '***' for task execution.
[2023-05-08T18:04:57.186+0000] {sql.py:375} INFO - Running statement: INSERT INTO artist_dim (artist_name,artist_id,genre) VALUES (%s,%s,%s) ON CONFLICT (artist_id) DO UPDATE SET artist_name=EXCLUDED.artist_name,artist_id=EXCLUDED.artist_id,genre=EXCLUDED.genre, parameters: ('elias', '7eRBEVzcZk4XyIdF0Btfg4', 'lo-fi rap')
[2023-05-08T18:04:57.188+0000] {sql.py:384} INFO - Rows affected: 1
[2023-05-08T18:04:57.194+0000] {base.py:73} INFO - Using connection ID '***' for task execution.
[2023-05-08T18:04:57.201+0000] {sql.py:375} INFO - Running statement: INSERT INTO artist_dim (artist_name,artist_id,genre) VALUES (%s,%s,%s) ON CONFLICT (artist_id) DO UPDATE SET artist_name=EXCLUDED.artist_name,artist_id=EXCLUDED.artist_id,genre=EXCLUDED.genre, parameters: ('MostlyEverything', '3Ae7AQITxFS0r3yGQHYDJI', 'upstate ny rap')
[2023-05-08T18:04:57.203+0000] {sql.py:384} INFO - Rows affected: 1
[2023-05-08T18:04:57.211+0000] {base.py:73} INFO - Using connection ID '***' for task execution.
[2023-05-08T18:04:57.216+0000] {sql.py:375} INFO - Running statement: INSERT INTO artist_dim (artist_name,artist_id,genre) VALUES (%s,%s,%s) ON CONFLICT (artist_id) DO UPDATE SET artist_name=EXCLUDED.artist_name,artist_id=EXCLUDED.artist_id,genre=EXCLUDED.genre, parameters: ('Foreign Forest', '7C4ztJMkuGRy0qkU6dG5hU', 'emo rap')
[2023-05-08T18:04:57.218+0000] {sql.py:384} INFO - Rows affected: 1
[2023-05-08T18:04:57.225+0000] {base.py:73} INFO - Using connection ID '***' for task execution.
[2023-05-08T18:04:57.231+0000] {sql.py:375} INFO - Running statement: INSERT INTO artist_dim (artist_name,artist_id,genre) VALUES (%s,%s,%s) ON CONFLICT (artist_id) DO UPDATE SET artist_name=EXCLUDED.artist_name,artist_id=EXCLUDED.artist_id,genre=EXCLUDED.genre, parameters: ('Ashes', '0vUk0rbl0BkFjmeFvjOvoj', nan)
[2023-05-08T18:04:57.233+0000] {sql.py:384} INFO - Rows affected: 1
[2023-05-08T18:04:57.239+0000] {base.py:73} INFO - Using connection ID '***' for task execution.
[2023-05-08T18:04:57.247+0000] {sql.py:375} INFO - Running statement: INSERT INTO artist_dim (artist_name,artist_id,genre) VALUES (%s,%s,%s) ON CONFLICT (artist_id) DO UPDATE SET artist_name=EXCLUDED.artist_name,artist_id=EXCLUDED.artist_id,genre=EXCLUDED.genre, parameters: ('blackbear', '2cFrymmkijnjDg9SS92EPM', 'alt z')
[2023-05-08T18:04:57.248+0000] {sql.py:384} INFO - Rows affected: 1
[2023-05-08T18:04:57.255+0000] {base.py:73} INFO - Using connection ID '***' for task execution.
[2023-05-08T18:04:57.263+0000] {sql.py:375} INFO - Running statement: INSERT INTO artist_dim (artist_name,artist_id,genre) VALUES (%s,%s,%s) ON CONFLICT (artist_id) DO UPDATE SET artist_name=EXCLUDED.artist_name,artist_id=EXCLUDED.artist_id,genre=EXCLUDED.genre, parameters: ('6 Dogs', '3Ps6le7tj5BdNtdnfNgTU4', 'cloud rap')
[2023-05-08T18:04:57.265+0000] {sql.py:384} INFO - Rows affected: 1
[2023-05-08T18:04:57.271+0000] {base.py:73} INFO - Using connection ID '***' for task execution.
[2023-05-08T18:04:57.278+0000] {sql.py:375} INFO - Running statement: INSERT INTO artist_dim (artist_name,artist_id,genre) VALUES (%s,%s,%s) ON CONFLICT (artist_id) DO UPDATE SET artist_name=EXCLUDED.artist_name,artist_id=EXCLUDED.artist_id,genre=EXCLUDED.genre, parameters: ('Pretty Pacc', '2QuPPChZpqAai29uqulNFe', nan)
[2023-05-08T18:04:57.280+0000] {sql.py:384} INFO - Rows affected: 1
[2023-05-08T18:04:57.288+0000] {base.py:73} INFO - Using connection ID '***' for task execution.
[2023-05-08T18:04:57.294+0000] {sql.py:375} INFO - Running statement: INSERT INTO artist_dim (artist_name,artist_id,genre) VALUES (%s,%s,%s) ON CONFLICT (artist_id) DO UPDATE SET artist_name=EXCLUDED.artist_name,artist_id=EXCLUDED.artist_id,genre=EXCLUDED.genre, parameters: ('SAIAH', '5ZPYeVqoWNuukwfarvkyJX', nan)
[2023-05-08T18:04:57.295+0000] {sql.py:384} INFO - Rows affected: 1
[2023-05-08T18:04:57.301+0000] {base.py:73} INFO - Using connection ID '***' for task execution.
[2023-05-08T18:04:57.307+0000] {sql.py:375} INFO - Running statement: INSERT INTO artist_dim (artist_name,artist_id,genre) VALUES (%s,%s,%s) ON CONFLICT (artist_id) DO UPDATE SET artist_name=EXCLUDED.artist_name,artist_id=EXCLUDED.artist_id,genre=EXCLUDED.genre, parameters: ('Lucy Fer', '0BxHc5dN9BSfLZ8PCch9wT', nan)
[2023-05-08T18:04:57.309+0000] {sql.py:384} INFO - Rows affected: 1
[2023-05-08T18:04:57.315+0000] {base.py:73} INFO - Using connection ID '***' for task execution.
[2023-05-08T18:04:57.334+0000] {sql.py:375} INFO - Running statement: INSERT INTO artist_dim (artist_name,artist_id,genre) VALUES (%s,%s,%s) ON CONFLICT (artist_id) DO UPDATE SET artist_name=EXCLUDED.artist_name,artist_id=EXCLUDED.artist_id,genre=EXCLUDED.genre, parameters: ('Sleepa', '1iT8Vbd7KhZiBji3G72zDW', nan)
[2023-05-08T18:04:57.337+0000] {sql.py:384} INFO - Rows affected: 1
[2023-05-08T18:04:57.345+0000] {base.py:73} INFO - Using connection ID '***' for task execution.
[2023-05-08T18:04:57.353+0000] {sql.py:375} INFO - Running statement: INSERT INTO artist_dim (artist_name,artist_id,genre) VALUES (%s,%s,%s) ON CONFLICT (artist_id) DO UPDATE SET artist_name=EXCLUDED.artist_name,artist_id=EXCLUDED.artist_id,genre=EXCLUDED.genre, parameters: ('glaive', '4cJKDGSv4Dz9QycXYmo565', 'glitchcore')
[2023-05-08T18:04:57.354+0000] {sql.py:384} INFO - Rows affected: 1
[2023-05-08T18:04:57.361+0000] {base.py:73} INFO - Using connection ID '***' for task execution.
[2023-05-08T18:04:57.368+0000] {sql.py:375} INFO - Running statement: INSERT INTO artist_dim (artist_name,artist_id,genre) VALUES (%s,%s,%s) ON CONFLICT (artist_id) DO UPDATE SET artist_name=EXCLUDED.artist_name,artist_id=EXCLUDED.artist_id,genre=EXCLUDED.genre, parameters: ('kaido', '0UENogXhLeGTZjub4eejjX', 'hyperpop')
[2023-05-08T18:04:57.369+0000] {sql.py:384} INFO - Rows affected: 1
[2023-05-08T18:04:57.376+0000] {base.py:73} INFO - Using connection ID '***' for task execution.
[2023-05-08T18:04:57.382+0000] {sql.py:375} INFO - Running statement: INSERT INTO artist_dim (artist_name,artist_id,genre) VALUES (%s,%s,%s) ON CONFLICT (artist_id) DO UPDATE SET artist_name=EXCLUDED.artist_name,artist_id=EXCLUDED.artist_id,genre=EXCLUDED.genre, parameters: ('kurtains', '7b2FbxYmnpGMPqDe04QmyP', 'emoplugg')
[2023-05-08T18:04:57.383+0000] {sql.py:384} INFO - Rows affected: 1
[2023-05-08T18:04:57.390+0000] {base.py:73} INFO - Using connection ID '***' for task execution.
[2023-05-08T18:04:57.396+0000] {sql.py:375} INFO - Running statement: INSERT INTO artist_dim (artist_name,artist_id,genre) VALUES (%s,%s,%s) ON CONFLICT (artist_id) DO UPDATE SET artist_name=EXCLUDED.artist_name,artist_id=EXCLUDED.artist_id,genre=EXCLUDED.genre, parameters: ('Numl6ck', '2anlj4dNUn9I1VxxmjRHRx', 'glitchcore')
[2023-05-08T18:04:57.398+0000] {sql.py:384} INFO - Rows affected: 1
[2023-05-08T18:04:57.404+0000] {base.py:73} INFO - Using connection ID '***' for task execution.
[2023-05-08T18:04:57.410+0000] {sql.py:375} INFO - Running statement: INSERT INTO artist_dim (artist_name,artist_id,genre) VALUES (%s,%s,%s) ON CONFLICT (artist_id) DO UPDATE SET artist_name=EXCLUDED.artist_name,artist_id=EXCLUDED.artist_id,genre=EXCLUDED.genre, parameters: ('Deadman Era', '4FI4qPOnjt3D8DnJQrNWps', nan)
[2023-05-08T18:04:57.412+0000] {sql.py:384} INFO - Rows affected: 1
[2023-05-08T18:04:57.418+0000] {base.py:73} INFO - Using connection ID '***' for task execution.
[2023-05-08T18:04:57.424+0000] {sql.py:375} INFO - Running statement: INSERT INTO artist_dim (artist_name,artist_id,genre) VALUES (%s,%s,%s) ON CONFLICT (artist_id) DO UPDATE SET artist_name=EXCLUDED.artist_name,artist_id=EXCLUDED.artist_id,genre=EXCLUDED.genre, parameters: ('Lund', '5uLkZ7FWMTBUg1corQqdkR', 'cloud rap')
[2023-05-08T18:04:57.426+0000] {sql.py:384} INFO - Rows affected: 1
[2023-05-08T18:04:57.433+0000] {base.py:73} INFO - Using connection ID '***' for task execution.
[2023-05-08T18:04:57.444+0000] {sql.py:375} INFO - Running statement: INSERT INTO artist_dim (artist_name,artist_id,genre) VALUES (%s,%s,%s) ON CONFLICT (artist_id) DO UPDATE SET artist_name=EXCLUDED.artist_name,artist_id=EXCLUDED.artist_id,genre=EXCLUDED.genre, parameters: ('Lil Cobaine', '0ILo2K3FmfIh4ICcbHE7RK', nan)
[2023-05-08T18:04:57.446+0000] {sql.py:384} INFO - Rows affected: 1
[2023-05-08T18:04:57.453+0000] {base.py:73} INFO - Using connection ID '***' for task execution.
[2023-05-08T18:04:57.461+0000] {sql.py:375} INFO - Running statement: INSERT INTO artist_dim (artist_name,artist_id,genre) VALUES (%s,%s,%s) ON CONFLICT (artist_id) DO UPDATE SET artist_name=EXCLUDED.artist_name,artist_id=EXCLUDED.artist_id,genre=EXCLUDED.genre, parameters: ('ilham', '0r7PsZB4ePA6vHrW4agoGN', nan)
[2023-05-08T18:04:57.462+0000] {sql.py:384} INFO - Rows affected: 1
[2023-05-08T18:04:57.470+0000] {base.py:73} INFO - Using connection ID '***' for task execution.
[2023-05-08T18:04:57.479+0000] {sql.py:375} INFO - Running statement: INSERT INTO artist_dim (artist_name,artist_id,genre) VALUES (%s,%s,%s) ON CONFLICT (artist_id) DO UPDATE SET artist_name=EXCLUDED.artist_name,artist_id=EXCLUDED.artist_id,genre=EXCLUDED.genre, parameters: ('Angelo Mota', '1PpFka2STGQ57kJcgYBgEF', 'indie hip hop')
[2023-05-08T18:04:57.482+0000] {sql.py:384} INFO - Rows affected: 1
[2023-05-08T18:04:57.489+0000] {base.py:73} INFO - Using connection ID '***' for task execution.
[2023-05-08T18:04:57.496+0000] {sql.py:375} INFO - Running statement: INSERT INTO artist_dim (artist_name,artist_id,genre) VALUES (%s,%s,%s) ON CONFLICT (artist_id) DO UPDATE SET artist_name=EXCLUDED.artist_name,artist_id=EXCLUDED.artist_id,genre=EXCLUDED.genre, parameters: ('Xuitcasecity', '6YxrfNCKBcQlbITpmDLErL', 'indie pop rap')
[2023-05-08T18:04:57.498+0000] {sql.py:384} INFO - Rows affected: 1
[2023-05-08T18:04:57.504+0000] {base.py:73} INFO - Using connection ID '***' for task execution.
[2023-05-08T18:04:57.511+0000] {sql.py:375} INFO - Running statement: INSERT INTO artist_dim (artist_name,artist_id,genre) VALUES (%s,%s,%s) ON CONFLICT (artist_id) DO UPDATE SET artist_name=EXCLUDED.artist_name,artist_id=EXCLUDED.artist_id,genre=EXCLUDED.genre, parameters: ('benny mayne', '2R2Yg2qPloNOTOfqxfXX7l', 'canadian contemporary r&b')
[2023-05-08T18:04:57.513+0000] {sql.py:384} INFO - Rows affected: 1
[2023-05-08T18:04:57.519+0000] {base.py:73} INFO - Using connection ID '***' for task execution.
[2023-05-08T18:04:57.525+0000] {sql.py:375} INFO - Running statement: INSERT INTO artist_dim (artist_name,artist_id,genre) VALUES (%s,%s,%s) ON CONFLICT (artist_id) DO UPDATE SET artist_name=EXCLUDED.artist_name,artist_id=EXCLUDED.artist_id,genre=EXCLUDED.genre, parameters: ('Isekai', '4yOY5zmuuTlS1DbG3yZGki', nan)
[2023-05-08T18:04:57.527+0000] {sql.py:384} INFO - Rows affected: 1
[2023-05-08T18:04:57.532+0000] {base.py:73} INFO - Using connection ID '***' for task execution.
[2023-05-08T18:04:57.538+0000] {sql.py:375} INFO - Running statement: INSERT INTO artist_dim (artist_name,artist_id,genre) VALUES (%s,%s,%s) ON CONFLICT (artist_id) DO UPDATE SET artist_name=EXCLUDED.artist_name,artist_id=EXCLUDED.artist_id,genre=EXCLUDED.genre, parameters: ('Lil Rae', '7iVscW49OWowl9SoLmWzfy', nan)
[2023-05-08T18:04:57.540+0000] {sql.py:384} INFO - Rows affected: 1
[2023-05-08T18:04:57.546+0000] {base.py:73} INFO - Using connection ID '***' for task execution.
[2023-05-08T18:04:57.553+0000] {sql.py:375} INFO - Running statement: INSERT INTO artist_dim (artist_name,artist_id,genre) VALUES (%s,%s,%s) ON CONFLICT (artist_id) DO UPDATE SET artist_name=EXCLUDED.artist_name,artist_id=EXCLUDED.artist_id,genre=EXCLUDED.genre, parameters: ('916frosty', '6c0lj01vVpHsCH7Z5CfJ9K', 'emo rap')
[2023-05-08T18:04:57.555+0000] {sql.py:384} INFO - Rows affected: 1
[2023-05-08T18:04:57.562+0000] {base.py:73} INFO - Using connection ID '***' for task execution.
[2023-05-08T18:04:57.567+0000] {sql.py:375} INFO - Running statement: INSERT INTO artist_dim (artist_name,artist_id,genre) VALUES (%s,%s,%s) ON CONFLICT (artist_id) DO UPDATE SET artist_name=EXCLUDED.artist_name,artist_id=EXCLUDED.artist_id,genre=EXCLUDED.genre, parameters: ('COTIS', '63CZNEytugjFnZBdjBmWc8', 'canadian contemporary r&b')
[2023-05-08T18:04:57.569+0000] {sql.py:384} INFO - Rows affected: 1
[2023-05-08T18:04:57.575+0000] {base.py:73} INFO - Using connection ID '***' for task execution.
[2023-05-08T18:04:57.581+0000] {sql.py:375} INFO - Running statement: INSERT INTO artist_dim (artist_name,artist_id,genre) VALUES (%s,%s,%s) ON CONFLICT (artist_id) DO UPDATE SET artist_name=EXCLUDED.artist_name,artist_id=EXCLUDED.artist_id,genre=EXCLUDED.genre, parameters: ('diveliner', '0be7y7HUvSBf8uG1X7pK8f', nan)
[2023-05-08T18:04:57.582+0000] {sql.py:384} INFO - Rows affected: 1
[2023-05-08T18:04:57.588+0000] {base.py:73} INFO - Using connection ID '***' for task execution.
[2023-05-08T18:04:57.594+0000] {sql.py:375} INFO - Running statement: INSERT INTO artist_dim (artist_name,artist_id,genre) VALUES (%s,%s,%s) ON CONFLICT (artist_id) DO UPDATE SET artist_name=EXCLUDED.artist_name,artist_id=EXCLUDED.artist_id,genre=EXCLUDED.genre, parameters: ('Young Lungs', '2trvlbfMS5zVozEmrFNDTJ', 'canadian hip hop')
[2023-05-08T18:04:57.596+0000] {sql.py:384} INFO - Rows affected: 1
[2023-05-08T18:04:57.602+0000] {base.py:73} INFO - Using connection ID '***' for task execution.
[2023-05-08T18:04:57.608+0000] {sql.py:375} INFO - Running statement: INSERT INTO artist_dim (artist_name,artist_id,genre) VALUES (%s,%s,%s) ON CONFLICT (artist_id) DO UPDATE SET artist_name=EXCLUDED.artist_name,artist_id=EXCLUDED.artist_id,genre=EXCLUDED.genre, parameters: ('Darko', '63dmB3SM4vOZ8rK1EX5IkU', 'sad rap')
[2023-05-08T18:04:57.610+0000] {sql.py:384} INFO - Rows affected: 1
[2023-05-08T18:04:57.616+0000] {base.py:73} INFO - Using connection ID '***' for task execution.
[2023-05-08T18:04:57.622+0000] {sql.py:375} INFO - Running statement: INSERT INTO artist_dim (artist_name,artist_id,genre) VALUES (%s,%s,%s) ON CONFLICT (artist_id) DO UPDATE SET artist_name=EXCLUDED.artist_name,artist_id=EXCLUDED.artist_id,genre=EXCLUDED.genre, parameters: ('24kGoldn', '6fWVd57NKTalqvmjRd2t8Z', 'cali rap')
[2023-05-08T18:04:57.624+0000] {sql.py:384} INFO - Rows affected: 1
[2023-05-08T18:04:57.630+0000] {base.py:73} INFO - Using connection ID '***' for task execution.
[2023-05-08T18:04:57.636+0000] {sql.py:375} INFO - Running statement: INSERT INTO artist_dim (artist_name,artist_id,genre) VALUES (%s,%s,%s) ON CONFLICT (artist_id) DO UPDATE SET artist_name=EXCLUDED.artist_name,artist_id=EXCLUDED.artist_id,genre=EXCLUDED.genre, parameters: ('convolk', '3ddT1Q3KQAm1G7UcIfz5KJ', 'cloud rap')
[2023-05-08T18:04:57.638+0000] {sql.py:384} INFO - Rows affected: 1
[2023-05-08T18:04:57.644+0000] {base.py:73} INFO - Using connection ID '***' for task execution.
[2023-05-08T18:04:57.649+0000] {sql.py:375} INFO - Running statement: INSERT INTO artist_dim (artist_name,artist_id,genre) VALUES (%s,%s,%s) ON CONFLICT (artist_id) DO UPDATE SET artist_name=EXCLUDED.artist_name,artist_id=EXCLUDED.artist_id,genre=EXCLUDED.genre, parameters: ('Sevant', '47SwNXPh17mIDcZwsCr6hX', nan)
[2023-05-08T18:04:57.651+0000] {sql.py:384} INFO - Rows affected: 1
[2023-05-08T18:04:57.656+0000] {base.py:73} INFO - Using connection ID '***' for task execution.
[2023-05-08T18:04:57.662+0000] {sql.py:375} INFO - Running statement: INSERT INTO artist_dim (artist_name,artist_id,genre) VALUES (%s,%s,%s) ON CONFLICT (artist_id) DO UPDATE SET artist_name=EXCLUDED.artist_name,artist_id=EXCLUDED.artist_id,genre=EXCLUDED.genre, parameters: ('Lui Joseph', '7MS7B4QRp1n6c5H8N7s3wB', 'sad rap')
[2023-05-08T18:04:57.663+0000] {sql.py:384} INFO - Rows affected: 1
[2023-05-08T18:04:57.670+0000] {base.py:73} INFO - Using connection ID '***' for task execution.
[2023-05-08T18:04:57.676+0000] {sql.py:375} INFO - Running statement: INSERT INTO artist_dim (artist_name,artist_id,genre) VALUES (%s,%s,%s) ON CONFLICT (artist_id) DO UPDATE SET artist_name=EXCLUDED.artist_name,artist_id=EXCLUDED.artist_id,genre=EXCLUDED.genre, parameters: ('Josh Golden', '6wUAn24MOirNVNqQM47fda', 'la pop')
[2023-05-08T18:04:57.677+0000] {sql.py:384} INFO - Rows affected: 1
[2023-05-08T18:04:57.684+0000] {base.py:73} INFO - Using connection ID '***' for task execution.
[2023-05-08T18:04:57.690+0000] {sql.py:375} INFO - Running statement: INSERT INTO artist_dim (artist_name,artist_id,genre) VALUES (%s,%s,%s) ON CONFLICT (artist_id) DO UPDATE SET artist_name=EXCLUDED.artist_name,artist_id=EXCLUDED.artist_id,genre=EXCLUDED.genre, parameters: ('ATO', '4KoNbDwbCK9D04dSmYG93E', nan)
[2023-05-08T18:04:57.691+0000] {sql.py:384} INFO - Rows affected: 1
[2023-05-08T18:04:57.697+0000] {base.py:73} INFO - Using connection ID '***' for task execution.
[2023-05-08T18:04:57.703+0000] {sql.py:375} INFO - Running statement: INSERT INTO artist_dim (artist_name,artist_id,genre) VALUES (%s,%s,%s) ON CONFLICT (artist_id) DO UPDATE SET artist_name=EXCLUDED.artist_name,artist_id=EXCLUDED.artist_id,genre=EXCLUDED.genre, parameters: ('Felly', '2848adRcxvgWNRcz1g1tQD', 'indie pop rap')
[2023-05-08T18:04:57.705+0000] {sql.py:384} INFO - Rows affected: 1
[2023-05-08T18:04:57.711+0000] {base.py:73} INFO - Using connection ID '***' for task execution.
[2023-05-08T18:04:57.719+0000] {sql.py:375} INFO - Running statement: INSERT INTO artist_dim (artist_name,artist_id,genre) VALUES (%s,%s,%s) ON CONFLICT (artist_id) DO UPDATE SET artist_name=EXCLUDED.artist_name,artist_id=EXCLUDED.artist_id,genre=EXCLUDED.genre, parameters: ('RIZ LA VIE', '0QkgnHpxSCOYdTnhUR9S5k', 'bedroom soul')
[2023-05-08T18:04:57.721+0000] {sql.py:384} INFO - Rows affected: 1
[2023-05-08T18:04:57.727+0000] {base.py:73} INFO - Using connection ID '***' for task execution.
[2023-05-08T18:04:57.732+0000] {sql.py:375} INFO - Running statement: INSERT INTO artist_dim (artist_name,artist_id,genre) VALUES (%s,%s,%s) ON CONFLICT (artist_id) DO UPDATE SET artist_name=EXCLUDED.artist_name,artist_id=EXCLUDED.artist_id,genre=EXCLUDED.genre, parameters: ('Tommy Ice', '3AUIYVmhwrsw8UOPHEv91Z', 'emo rap')
[2023-05-08T18:04:57.734+0000] {sql.py:384} INFO - Rows affected: 1
[2023-05-08T18:04:57.740+0000] {base.py:73} INFO - Using connection ID '***' for task execution.
[2023-05-08T18:04:57.745+0000] {sql.py:375} INFO - Running statement: INSERT INTO artist_dim (artist_name,artist_id,genre) VALUES (%s,%s,%s) ON CONFLICT (artist_id) DO UPDATE SET artist_name=EXCLUDED.artist_name,artist_id=EXCLUDED.artist_id,genre=EXCLUDED.genre, parameters: ('Andrew Spacey', '71EAlWYAa5jb4phZIOlp7u', 'st louis rap')
[2023-05-08T18:04:57.747+0000] {sql.py:384} INFO - Rows affected: 1
[2023-05-08T18:04:57.753+0000] {base.py:73} INFO - Using connection ID '***' for task execution.
[2023-05-08T18:04:57.759+0000] {sql.py:375} INFO - Running statement: INSERT INTO artist_dim (artist_name,artist_id,genre) VALUES (%s,%s,%s) ON CONFLICT (artist_id) DO UPDATE SET artist_name=EXCLUDED.artist_name,artist_id=EXCLUDED.artist_id,genre=EXCLUDED.genre, parameters: ('aldn', '2GUw9Wzha61PkZoRVv1PDD', 'glitchcore')
[2023-05-08T18:04:57.760+0000] {sql.py:384} INFO - Rows affected: 1
[2023-05-08T18:04:57.766+0000] {base.py:73} INFO - Using connection ID '***' for task execution.
[2023-05-08T18:04:57.772+0000] {sql.py:375} INFO - Running statement: INSERT INTO artist_dim (artist_name,artist_id,genre) VALUES (%s,%s,%s) ON CONFLICT (artist_id) DO UPDATE SET artist_name=EXCLUDED.artist_name,artist_id=EXCLUDED.artist_id,genre=EXCLUDED.genre, parameters: ('RONEN', '3wDeS1sr05fxaOeiJJrOnL', 'aesthetic rap')
[2023-05-08T18:04:57.773+0000] {sql.py:384} INFO - Rows affected: 1
[2023-05-08T18:04:57.780+0000] {base.py:73} INFO - Using connection ID '***' for task execution.
[2023-05-08T18:04:57.786+0000] {sql.py:375} INFO - Running statement: INSERT INTO artist_dim (artist_name,artist_id,genre) VALUES (%s,%s,%s) ON CONFLICT (artist_id) DO UPDATE SET artist_name=EXCLUDED.artist_name,artist_id=EXCLUDED.artist_id,genre=EXCLUDED.genre, parameters: ('Elroy', '1OP39gZ2SXVnwg4NrARmsu', 'hyperpop')
[2023-05-08T18:04:57.787+0000] {sql.py:384} INFO - Rows affected: 1
[2023-05-08T18:04:57.794+0000] {base.py:73} INFO - Using connection ID '***' for task execution.
[2023-05-08T18:04:57.800+0000] {sql.py:375} INFO - Running statement: INSERT INTO artist_dim (artist_name,artist_id,genre) VALUES (%s,%s,%s) ON CONFLICT (artist_id) DO UPDATE SET artist_name=EXCLUDED.artist_name,artist_id=EXCLUDED.artist_id,genre=EXCLUDED.genre, parameters: ('44phantom', '1vwwjIPFeYoRfAUCqqO6cZ', nan)
[2023-05-08T18:04:57.802+0000] {sql.py:384} INFO - Rows affected: 1
[2023-05-08T18:04:57.809+0000] {base.py:73} INFO - Using connection ID '***' for task execution.
[2023-05-08T18:04:57.815+0000] {sql.py:375} INFO - Running statement: INSERT INTO artist_dim (artist_name,artist_id,genre) VALUES (%s,%s,%s) ON CONFLICT (artist_id) DO UPDATE SET artist_name=EXCLUDED.artist_name,artist_id=EXCLUDED.artist_id,genre=EXCLUDED.genre, parameters: ('Ramzoid', '2Ci3Sflo2BfC77wTwn2hbH', 'future bass')
[2023-05-08T18:04:57.817+0000] {sql.py:384} INFO - Rows affected: 1
[2023-05-08T18:04:57.823+0000] {base.py:73} INFO - Using connection ID '***' for task execution.
[2023-05-08T18:04:57.829+0000] {sql.py:375} INFO - Running statement: INSERT INTO artist_dim (artist_name,artist_id,genre) VALUES (%s,%s,%s) ON CONFLICT (artist_id) DO UPDATE SET artist_name=EXCLUDED.artist_name,artist_id=EXCLUDED.artist_id,genre=EXCLUDED.genre, parameters: ('GOLDHOUSE', '670UISOh9XV1zlq5z5IfoY', 'pop edm')
[2023-05-08T18:04:57.830+0000] {sql.py:384} INFO - Rows affected: 1
[2023-05-08T18:04:57.836+0000] {base.py:73} INFO - Using connection ID '***' for task execution.
[2023-05-08T18:04:57.842+0000] {sql.py:375} INFO - Running statement: INSERT INTO artist_dim (artist_name,artist_id,genre) VALUES (%s,%s,%s) ON CONFLICT (artist_id) DO UPDATE SET artist_name=EXCLUDED.artist_name,artist_id=EXCLUDED.artist_id,genre=EXCLUDED.genre, parameters: ('dying in designer', '3QZxOYl5zlZtfigtXOZsfT', 'emo rap')
[2023-05-08T18:04:57.844+0000] {sql.py:384} INFO - Rows affected: 1
[2023-05-08T18:04:57.850+0000] {base.py:73} INFO - Using connection ID '***' for task execution.
[2023-05-08T18:04:57.856+0000] {sql.py:375} INFO - Running statement: INSERT INTO artist_dim (artist_name,artist_id,genre) VALUES (%s,%s,%s) ON CONFLICT (artist_id) DO UPDATE SET artist_name=EXCLUDED.artist_name,artist_id=EXCLUDED.artist_id,genre=EXCLUDED.genre, parameters: ('Kota the Friend', '2AfU5LYBVCiCtuCCfM7uVX', 'underground hip hop')
[2023-05-08T18:04:57.857+0000] {sql.py:384} INFO - Rows affected: 1
[2023-05-08T18:04:57.863+0000] {base.py:73} INFO - Using connection ID '***' for task execution.
[2023-05-08T18:04:57.869+0000] {sql.py:375} INFO - Running statement: INSERT INTO artist_dim (artist_name,artist_id,genre) VALUES (%s,%s,%s) ON CONFLICT (artist_id) DO UPDATE SET artist_name=EXCLUDED.artist_name,artist_id=EXCLUDED.artist_id,genre=EXCLUDED.genre, parameters: ('Marlon Craft', '7MigDh04CCntQbsBvugEmb', 'nyc rap')
[2023-05-08T18:04:57.871+0000] {sql.py:384} INFO - Rows affected: 1
[2023-05-08T18:04:57.877+0000] {base.py:73} INFO - Using connection ID '***' for task execution.
[2023-05-08T18:04:57.883+0000] {sql.py:375} INFO - Running statement: INSERT INTO artist_dim (artist_name,artist_id,genre) VALUES (%s,%s,%s) ON CONFLICT (artist_id) DO UPDATE SET artist_name=EXCLUDED.artist_name,artist_id=EXCLUDED.artist_id,genre=EXCLUDED.genre, parameters: ('SEBASTIAN PAUL', '1tQu5TjcAK68fx8qrc8ZgF', nan)
[2023-05-08T18:04:57.885+0000] {sql.py:384} INFO - Rows affected: 1
[2023-05-08T18:04:57.891+0000] {base.py:73} INFO - Using connection ID '***' for task execution.
[2023-05-08T18:04:57.923+0000] {sql.py:375} INFO - Running statement: INSERT INTO artist_dim (artist_name,artist_id,genre) VALUES (%s,%s,%s) ON CONFLICT (artist_id) DO UPDATE SET artist_name=EXCLUDED.artist_name,artist_id=EXCLUDED.artist_id,genre=EXCLUDED.genre, parameters: ('Max Wells', '0Kx7qYhFiv0YD5lxEG1nsz', nan)
[2023-05-08T18:04:57.928+0000] {sql.py:384} INFO - Rows affected: 1
[2023-05-08T18:04:57.942+0000] {base.py:73} INFO - Using connection ID '***' for task execution.
[2023-05-08T18:04:57.951+0000] {sql.py:375} INFO - Running statement: INSERT INTO artist_dim (artist_name,artist_id,genre) VALUES (%s,%s,%s) ON CONFLICT (artist_id) DO UPDATE SET artist_name=EXCLUDED.artist_name,artist_id=EXCLUDED.artist_id,genre=EXCLUDED.genre, parameters: ('Gomey', '5ibWbhA0IkPT3xCN0YicRL', nan)
[2023-05-08T18:04:57.953+0000] {sql.py:384} INFO - Rows affected: 1
[2023-05-08T18:04:57.962+0000] {base.py:73} INFO - Using connection ID '***' for task execution.
[2023-05-08T18:04:57.970+0000] {sql.py:375} INFO - Running statement: INSERT INTO artist_dim (artist_name,artist_id,genre) VALUES (%s,%s,%s) ON CONFLICT (artist_id) DO UPDATE SET artist_name=EXCLUDED.artist_name,artist_id=EXCLUDED.artist_id,genre=EXCLUDED.genre, parameters: ('Christian French', '7naAJDAh7AZnf18YYfQruM', 'alt z')
[2023-05-08T18:04:57.971+0000] {sql.py:384} INFO - Rows affected: 1
[2023-05-08T18:04:57.978+0000] {base.py:73} INFO - Using connection ID '***' for task execution.
[2023-05-08T18:04:57.985+0000] {sql.py:375} INFO - Running statement: INSERT INTO artist_dim (artist_name,artist_id,genre) VALUES (%s,%s,%s) ON CONFLICT (artist_id) DO UPDATE SET artist_name=EXCLUDED.artist_name,artist_id=EXCLUDED.artist_id,genre=EXCLUDED.genre, parameters: ('tsubi club', '6fHEaFnFgMxMAtDt7mFoQ3', 'hyperpop')
[2023-05-08T18:04:57.987+0000] {sql.py:384} INFO - Rows affected: 1
[2023-05-08T18:04:57.994+0000] {base.py:73} INFO - Using connection ID '***' for task execution.
[2023-05-08T18:04:58.000+0000] {sql.py:375} INFO - Running statement: INSERT INTO artist_dim (artist_name,artist_id,genre) VALUES (%s,%s,%s) ON CONFLICT (artist_id) DO UPDATE SET artist_name=EXCLUDED.artist_name,artist_id=EXCLUDED.artist_id,genre=EXCLUDED.genre, parameters: ('Vwillz', '0S7eN9KAsbAaIZtFyCn1q1', nan)
[2023-05-08T18:04:58.002+0000] {sql.py:384} INFO - Rows affected: 1
[2023-05-08T18:04:58.009+0000] {base.py:73} INFO - Using connection ID '***' for task execution.
[2023-05-08T18:04:58.016+0000] {sql.py:375} INFO - Running statement: INSERT INTO artist_dim (artist_name,artist_id,genre) VALUES (%s,%s,%s) ON CONFLICT (artist_id) DO UPDATE SET artist_name=EXCLUDED.artist_name,artist_id=EXCLUDED.artist_id,genre=EXCLUDED.genre, parameters: ('Kevin Powers', '4X8TR9pBFyewFlIDYt1o2s', nan)
[2023-05-08T18:04:58.017+0000] {sql.py:384} INFO - Rows affected: 1
[2023-05-08T18:04:58.024+0000] {base.py:73} INFO - Using connection ID '***' for task execution.
[2023-05-08T18:04:58.029+0000] {sql.py:375} INFO - Running statement: INSERT INTO artist_dim (artist_name,artist_id,genre) VALUES (%s,%s,%s) ON CONFLICT (artist_id) DO UPDATE SET artist_name=EXCLUDED.artist_name,artist_id=EXCLUDED.artist_id,genre=EXCLUDED.genre, parameters: ('Brennan', '5UrcghjIlj83Jf7QjZfBhZ', nan)
[2023-05-08T18:04:58.031+0000] {sql.py:384} INFO - Rows affected: 1
[2023-05-08T18:04:58.037+0000] {base.py:73} INFO - Using connection ID '***' for task execution.
[2023-05-08T18:04:58.043+0000] {sql.py:375} INFO - Running statement: INSERT INTO artist_dim (artist_name,artist_id,genre) VALUES (%s,%s,%s) ON CONFLICT (artist_id) DO UPDATE SET artist_name=EXCLUDED.artist_name,artist_id=EXCLUDED.artist_id,genre=EXCLUDED.genre, parameters: ('Rawska', '3pob90yrusjcbgSYFKaeAk', 'cloud rap')
[2023-05-08T18:04:58.045+0000] {sql.py:384} INFO - Rows affected: 1
[2023-05-08T18:04:58.051+0000] {base.py:73} INFO - Using connection ID '***' for task execution.
[2023-05-08T18:04:58.057+0000] {sql.py:375} INFO - Running statement: INSERT INTO artist_dim (artist_name,artist_id,genre) VALUES (%s,%s,%s) ON CONFLICT (artist_id) DO UPDATE SET artist_name=EXCLUDED.artist_name,artist_id=EXCLUDED.artist_id,genre=EXCLUDED.genre, parameters: ('Ghostrage', '7BoBxrm9jJ7us6U92oqr4N', nan)
[2023-05-08T18:04:58.059+0000] {sql.py:384} INFO - Rows affected: 1
[2023-05-08T18:04:58.066+0000] {base.py:73} INFO - Using connection ID '***' for task execution.
[2023-05-08T18:04:58.073+0000] {sql.py:375} INFO - Running statement: INSERT INTO artist_dim (artist_name,artist_id,genre) VALUES (%s,%s,%s) ON CONFLICT (artist_id) DO UPDATE SET artist_name=EXCLUDED.artist_name,artist_id=EXCLUDED.artist_id,genre=EXCLUDED.genre, parameters: ('Cold Hart', '1fsCfvdiomqjKJFR6xI8e4', 'cloud rap')
[2023-05-08T18:04:58.074+0000] {sql.py:384} INFO - Rows affected: 1
[2023-05-08T18:04:58.080+0000] {base.py:73} INFO - Using connection ID '***' for task execution.
[2023-05-08T18:04:58.087+0000] {sql.py:375} INFO - Running statement: INSERT INTO artist_dim (artist_name,artist_id,genre) VALUES (%s,%s,%s) ON CONFLICT (artist_id) DO UPDATE SET artist_name=EXCLUDED.artist_name,artist_id=EXCLUDED.artist_id,genre=EXCLUDED.genre, parameters: ('Hovey Benjamin', '7wSr4otUV4ytUvHE4w3rBe', 'meme rap')
[2023-05-08T18:04:58.088+0000] {sql.py:384} INFO - Rows affected: 1
[2023-05-08T18:04:58.094+0000] {base.py:73} INFO - Using connection ID '***' for task execution.
[2023-05-08T18:04:58.100+0000] {sql.py:375} INFO - Running statement: INSERT INTO artist_dim (artist_name,artist_id,genre) VALUES (%s,%s,%s) ON CONFLICT (artist_id) DO UPDATE SET artist_name=EXCLUDED.artist_name,artist_id=EXCLUDED.artist_id,genre=EXCLUDED.genre, parameters: ('Yung Pinch', '61qMnYXa1GxSBoV3IiYKjZ', 'melodic rap')
[2023-05-08T18:04:58.102+0000] {sql.py:384} INFO - Rows affected: 1
[2023-05-08T18:04:58.108+0000] {base.py:73} INFO - Using connection ID '***' for task execution.
[2023-05-08T18:04:58.115+0000] {sql.py:375} INFO - Running statement: INSERT INTO artist_dim (artist_name,artist_id,genre) VALUES (%s,%s,%s) ON CONFLICT (artist_id) DO UPDATE SET artist_name=EXCLUDED.artist_name,artist_id=EXCLUDED.artist_id,genre=EXCLUDED.genre, parameters: ('underscores', '7HfUJxeVTgrvhk0eWHFzV7', 'hyperpop')
[2023-05-08T18:04:58.116+0000] {sql.py:384} INFO - Rows affected: 1
[2023-05-08T18:04:58.123+0000] {base.py:73} INFO - Using connection ID '***' for task execution.
[2023-05-08T18:04:58.130+0000] {sql.py:375} INFO - Running statement: INSERT INTO artist_dim (artist_name,artist_id,genre) VALUES (%s,%s,%s) ON CONFLICT (artist_id) DO UPDATE SET artist_name=EXCLUDED.artist_name,artist_id=EXCLUDED.artist_id,genre=EXCLUDED.genre, parameters: ('MASN', '4HAfqyKr4Sqtab6ttHWXgE', 'sad rap')
[2023-05-08T18:04:58.132+0000] {sql.py:384} INFO - Rows affected: 1
[2023-05-08T18:04:58.138+0000] {base.py:73} INFO - Using connection ID '***' for task execution.
[2023-05-08T18:04:58.145+0000] {sql.py:375} INFO - Running statement: INSERT INTO artist_dim (artist_name,artist_id,genre) VALUES (%s,%s,%s) ON CONFLICT (artist_id) DO UPDATE SET artist_name=EXCLUDED.artist_name,artist_id=EXCLUDED.artist_id,genre=EXCLUDED.genre, parameters: ('VIC MENSA', '27w1NoOLMX7tJMYqcetPyG', 'canadian hip hop')
[2023-05-08T18:04:58.147+0000] {sql.py:384} INFO - Rows affected: 1
[2023-05-08T18:04:58.153+0000] {base.py:73} INFO - Using connection ID '***' for task execution.
[2023-05-08T18:04:58.159+0000] {sql.py:375} INFO - Running statement: INSERT INTO artist_dim (artist_name,artist_id,genre) VALUES (%s,%s,%s) ON CONFLICT (artist_id) DO UPDATE SET artist_name=EXCLUDED.artist_name,artist_id=EXCLUDED.artist_id,genre=EXCLUDED.genre, parameters: ('mike.', '5G9kmDLg3OeUyj8KVBLzbu', 'indie pop rap')
[2023-05-08T18:04:58.160+0000] {sql.py:384} INFO - Rows affected: 1
[2023-05-08T18:04:58.166+0000] {base.py:73} INFO - Using connection ID '***' for task execution.
[2023-05-08T18:04:58.172+0000] {sql.py:375} INFO - Running statement: INSERT INTO artist_dim (artist_name,artist_id,genre) VALUES (%s,%s,%s) ON CONFLICT (artist_id) DO UPDATE SET artist_name=EXCLUDED.artist_name,artist_id=EXCLUDED.artist_id,genre=EXCLUDED.genre, parameters: ('POORSTACY', '7vSY9HEreOqb1Llar3UC38', 'emo rap')
[2023-05-08T18:04:58.174+0000] {sql.py:384} INFO - Rows affected: 1
[2023-05-08T18:04:58.180+0000] {base.py:73} INFO - Using connection ID '***' for task execution.
[2023-05-08T18:04:58.185+0000] {sql.py:375} INFO - Running statement: INSERT INTO artist_dim (artist_name,artist_id,genre) VALUES (%s,%s,%s) ON CONFLICT (artist_id) DO UPDATE SET artist_name=EXCLUDED.artist_name,artist_id=EXCLUDED.artist_id,genre=EXCLUDED.genre, parameters: ('han.irl <3', '5VfSeZYcDwD8WQVwbaoL6z', nan)
[2023-05-08T18:04:58.187+0000] {sql.py:384} INFO - Rows affected: 1
[2023-05-08T18:04:58.193+0000] {base.py:73} INFO - Using connection ID '***' for task execution.
[2023-05-08T18:04:58.199+0000] {sql.py:375} INFO - Running statement: INSERT INTO artist_dim (artist_name,artist_id,genre) VALUES (%s,%s,%s) ON CONFLICT (artist_id) DO UPDATE SET artist_name=EXCLUDED.artist_name,artist_id=EXCLUDED.artist_id,genre=EXCLUDED.genre, parameters: ('login', '5JZPSVFMUk4HGDdx68lN77', 'hyperpop')
[2023-05-08T18:04:58.200+0000] {sql.py:384} INFO - Rows affected: 1
[2023-05-08T18:04:58.206+0000] {base.py:73} INFO - Using connection ID '***' for task execution.
[2023-05-08T18:04:58.211+0000] {sql.py:375} INFO - Running statement: INSERT INTO artist_dim (artist_name,artist_id,genre) VALUES (%s,%s,%s) ON CONFLICT (artist_id) DO UPDATE SET artist_name=EXCLUDED.artist_name,artist_id=EXCLUDED.artist_id,genre=EXCLUDED.genre, parameters: ('静的 Static', '6rEjEIfp3NSRteU3kJGSET', 'emo rap')
[2023-05-08T18:04:58.213+0000] {sql.py:384} INFO - Rows affected: 1
[2023-05-08T18:04:58.218+0000] {base.py:73} INFO - Using connection ID '***' for task execution.
[2023-05-08T18:04:58.224+0000] {sql.py:375} INFO - Running statement: INSERT INTO artist_dim (artist_name,artist_id,genre) VALUES (%s,%s,%s) ON CONFLICT (artist_id) DO UPDATE SET artist_name=EXCLUDED.artist_name,artist_id=EXCLUDED.artist_id,genre=EXCLUDED.genre, parameters: ('Rich Brian', '2IDLDx25HU1nQMKde4n61a', 'indonesian hip hop')
[2023-05-08T18:04:58.226+0000] {sql.py:384} INFO - Rows affected: 1
[2023-05-08T18:04:58.232+0000] {base.py:73} INFO - Using connection ID '***' for task execution.
[2023-05-08T18:04:58.238+0000] {sql.py:375} INFO - Running statement: INSERT INTO artist_dim (artist_name,artist_id,genre) VALUES (%s,%s,%s) ON CONFLICT (artist_id) DO UPDATE SET artist_name=EXCLUDED.artist_name,artist_id=EXCLUDED.artist_id,genre=EXCLUDED.genre, parameters: ('88rising', '1AhjOkOLkbHUfcHDSErXQs', 'asian american hip hop')
[2023-05-08T18:04:58.239+0000] {sql.py:384} INFO - Rows affected: 1
[2023-05-08T18:04:58.240+0000] {python.py:183} INFO - Done. Returned value was: None
[2023-05-08T18:04:58.249+0000] {taskinstance.py:1373} INFO - Marking task as SUCCESS. dag_id=Summer_Warped_ETL, task_id=LoadData.LoadArtistDim, execution_date=20230508T160958, start_date=20230508T180456, end_date=20230508T180458
[2023-05-08T18:04:58.322+0000] {local_task_job_runner.py:232} INFO - Task exited with return code 0
[2023-05-08T18:04:58.345+0000] {taskinstance.py:2674} INFO - 1 downstream tasks scheduled from follow-on schedule check
