[2023-05-07T22:59:48.666+0000] {taskinstance.py:1125} INFO - Dependencies all met for dep_context=non-requeueable deps ti=<TaskInstance: Summer_Warped_ETL.GetSongsFromPlaylist manual__2023-05-07T22:58:08.523583+00:00 [queued]>
[2023-05-07T22:59:48.671+0000] {taskinstance.py:1125} INFO - Dependencies all met for dep_context=requeueable deps ti=<TaskInstance: Summer_Warped_ETL.GetSongsFromPlaylist manual__2023-05-07T22:58:08.523583+00:00 [queued]>
[2023-05-07T22:59:48.671+0000] {taskinstance.py:1331} INFO - Starting attempt 2 of 4
[2023-05-07T22:59:48.679+0000] {taskinstance.py:1350} INFO - Executing <Task(PythonOperator): GetSongsFromPlaylist> on 2023-05-07 22:58:08.523583+00:00
[2023-05-07T22:59:48.684+0000] {standard_task_runner.py:57} INFO - Started process 622 to run task
[2023-05-07T22:59:48.692+0000] {standard_task_runner.py:84} INFO - Running: ['***', 'tasks', 'run', 'Summer_Warped_ETL', 'GetSongsFromPlaylist', 'manual__2023-05-07T22:58:08.523583+00:00', '--job-id', '1571', '--raw', '--subdir', 'DAGS_FOLDER/warped-dag.py', '--cfg-path', '/tmp/tmpwrnzecfz']
[2023-05-07T22:59:48.692+0000] {standard_task_runner.py:85} INFO - Job 1571: Subtask GetSongsFromPlaylist
[2023-05-07T22:59:48.739+0000] {task_command.py:410} INFO - Running <TaskInstance: Summer_Warped_ETL.GetSongsFromPlaylist manual__2023-05-07T22:58:08.523583+00:00 [running]> on host fa349db4fc2f
[2023-05-07T22:59:48.846+0000] {taskinstance.py:1570} INFO - Exporting env vars: AIRFLOW_CTX_DAG_OWNER='Ananta Moharana' AIRFLOW_CTX_DAG_ID='Summer_Warped_ETL' AIRFLOW_CTX_TASK_ID='GetSongsFromPlaylist' AIRFLOW_CTX_EXECUTION_DATE='2023-05-07T22:58:08.523583+00:00' AIRFLOW_CTX_TRY_NUMBER='2' AIRFLOW_CTX_DAG_RUN_ID='manual__2023-05-07T22:58:08.523583+00:00'
[2023-05-07T22:59:49.206+0000] {logging_mixin.py:149} INFO - 100
[2023-05-07T22:59:49.207+0000] {logging_mixin.py:149} INFO - 0
[2023-05-07T22:59:49.209+0000] {logging_mixin.py:149} INFO - 1
[2023-05-07T22:59:49.211+0000] {logging_mixin.py:149} INFO - 2
[2023-05-07T22:59:49.213+0000] {logging_mixin.py:149} INFO - 3
[2023-05-07T22:59:49.214+0000] {logging_mixin.py:149} INFO - 4
[2023-05-07T22:59:49.215+0000] {logging_mixin.py:149} INFO - 5
[2023-05-07T22:59:49.217+0000] {logging_mixin.py:149} INFO - 6
[2023-05-07T22:59:49.218+0000] {logging_mixin.py:149} INFO - 7
[2023-05-07T22:59:49.220+0000] {logging_mixin.py:149} INFO - 8
[2023-05-07T22:59:49.221+0000] {logging_mixin.py:149} INFO - 9
[2023-05-07T22:59:49.223+0000] {logging_mixin.py:149} INFO - 10
[2023-05-07T22:59:49.224+0000] {logging_mixin.py:149} INFO - 11
[2023-05-07T22:59:49.226+0000] {logging_mixin.py:149} INFO - 12
[2023-05-07T22:59:49.227+0000] {logging_mixin.py:149} INFO - 13
[2023-05-07T22:59:49.229+0000] {logging_mixin.py:149} INFO - 14
[2023-05-07T22:59:49.230+0000] {logging_mixin.py:149} INFO - 15
[2023-05-07T22:59:49.231+0000] {logging_mixin.py:149} INFO - 16
[2023-05-07T22:59:49.232+0000] {logging_mixin.py:149} INFO - 17
[2023-05-07T22:59:49.234+0000] {logging_mixin.py:149} INFO - 18
[2023-05-07T22:59:49.235+0000] {logging_mixin.py:149} INFO - 19
[2023-05-07T22:59:49.236+0000] {logging_mixin.py:149} INFO - 20
[2023-05-07T22:59:49.238+0000] {logging_mixin.py:149} INFO - 21
[2023-05-07T22:59:49.239+0000] {logging_mixin.py:149} INFO - 22
[2023-05-07T22:59:49.240+0000] {logging_mixin.py:149} INFO - 23
[2023-05-07T22:59:49.242+0000] {logging_mixin.py:149} INFO - 24
[2023-05-07T22:59:49.243+0000] {logging_mixin.py:149} INFO - 25
[2023-05-07T22:59:49.244+0000] {logging_mixin.py:149} INFO - 26
[2023-05-07T22:59:49.245+0000] {logging_mixin.py:149} INFO - 27
[2023-05-07T22:59:49.248+0000] {logging_mixin.py:149} INFO - 28
[2023-05-07T22:59:49.249+0000] {logging_mixin.py:149} INFO - 29
[2023-05-07T22:59:49.250+0000] {logging_mixin.py:149} INFO - 30
[2023-05-07T22:59:49.252+0000] {logging_mixin.py:149} INFO - 31
[2023-05-07T22:59:49.253+0000] {logging_mixin.py:149} INFO - 32
[2023-05-07T22:59:49.254+0000] {logging_mixin.py:149} INFO - 33
[2023-05-07T22:59:49.255+0000] {logging_mixin.py:149} INFO - 34
[2023-05-07T22:59:49.256+0000] {logging_mixin.py:149} INFO - 35
[2023-05-07T22:59:49.258+0000] {logging_mixin.py:149} INFO - 36
[2023-05-07T22:59:49.260+0000] {logging_mixin.py:149} INFO - 37
[2023-05-07T22:59:49.261+0000] {logging_mixin.py:149} INFO - 38
[2023-05-07T22:59:49.262+0000] {logging_mixin.py:149} INFO - 39
[2023-05-07T22:59:49.264+0000] {logging_mixin.py:149} INFO - 40
[2023-05-07T22:59:49.266+0000] {logging_mixin.py:149} INFO - 41
[2023-05-07T22:59:49.267+0000] {logging_mixin.py:149} INFO - 42
[2023-05-07T22:59:49.269+0000] {logging_mixin.py:149} INFO - 43
[2023-05-07T22:59:49.270+0000] {logging_mixin.py:149} INFO - 44
[2023-05-07T22:59:49.271+0000] {logging_mixin.py:149} INFO - 45
[2023-05-07T22:59:49.272+0000] {logging_mixin.py:149} INFO - 46
[2023-05-07T22:59:49.274+0000] {logging_mixin.py:149} INFO - 47
[2023-05-07T22:59:49.276+0000] {logging_mixin.py:149} INFO - 48
[2023-05-07T22:59:49.277+0000] {logging_mixin.py:149} INFO - 49
[2023-05-07T22:59:49.278+0000] {logging_mixin.py:149} INFO - 50
[2023-05-07T22:59:49.279+0000] {logging_mixin.py:149} INFO - 51
[2023-05-07T22:59:49.281+0000] {logging_mixin.py:149} INFO - 52
[2023-05-07T22:59:49.282+0000] {logging_mixin.py:149} INFO - 53
[2023-05-07T22:59:49.283+0000] {logging_mixin.py:149} INFO - 54
[2023-05-07T22:59:49.284+0000] {logging_mixin.py:149} INFO - 55
[2023-05-07T22:59:49.285+0000] {logging_mixin.py:149} INFO - 56
[2023-05-07T22:59:49.286+0000] {logging_mixin.py:149} INFO - 57
[2023-05-07T22:59:49.287+0000] {logging_mixin.py:149} INFO - 58
[2023-05-07T22:59:49.289+0000] {logging_mixin.py:149} INFO - 59
[2023-05-07T22:59:49.290+0000] {logging_mixin.py:149} INFO - 60
[2023-05-07T22:59:49.292+0000] {logging_mixin.py:149} INFO - 61
[2023-05-07T22:59:49.293+0000] {logging_mixin.py:149} INFO - 62
[2023-05-07T22:59:49.294+0000] {logging_mixin.py:149} INFO - 63
[2023-05-07T22:59:49.295+0000] {logging_mixin.py:149} INFO - 64
[2023-05-07T22:59:49.296+0000] {logging_mixin.py:149} INFO - 65
[2023-05-07T22:59:49.297+0000] {logging_mixin.py:149} INFO - 66
[2023-05-07T22:59:49.299+0000] {logging_mixin.py:149} INFO - 67
[2023-05-07T22:59:49.300+0000] {logging_mixin.py:149} INFO - 68
[2023-05-07T22:59:49.301+0000] {logging_mixin.py:149} INFO - 69
[2023-05-07T22:59:49.303+0000] {logging_mixin.py:149} INFO - 70
[2023-05-07T22:59:49.304+0000] {logging_mixin.py:149} INFO - 71
[2023-05-07T22:59:49.305+0000] {logging_mixin.py:149} INFO - 72
[2023-05-07T22:59:49.307+0000] {logging_mixin.py:149} INFO - 73
[2023-05-07T22:59:49.308+0000] {logging_mixin.py:149} INFO - 74
[2023-05-07T22:59:49.309+0000] {logging_mixin.py:149} INFO - 75
[2023-05-07T22:59:49.310+0000] {logging_mixin.py:149} INFO - 76
[2023-05-07T22:59:49.311+0000] {logging_mixin.py:149} INFO - 77
[2023-05-07T22:59:49.313+0000] {logging_mixin.py:149} INFO - 78
[2023-05-07T22:59:49.314+0000] {logging_mixin.py:149} INFO - 79
[2023-05-07T22:59:49.315+0000] {logging_mixin.py:149} INFO - 80
[2023-05-07T22:59:49.317+0000] {logging_mixin.py:149} INFO - 81
[2023-05-07T22:59:49.319+0000] {logging_mixin.py:149} INFO - 82
[2023-05-07T22:59:49.320+0000] {logging_mixin.py:149} INFO - 83
[2023-05-07T22:59:49.322+0000] {logging_mixin.py:149} INFO - 84
[2023-05-07T22:59:49.324+0000] {logging_mixin.py:149} INFO - 85
[2023-05-07T22:59:49.326+0000] {logging_mixin.py:149} INFO - 86
[2023-05-07T22:59:49.327+0000] {logging_mixin.py:149} INFO - 87
[2023-05-07T22:59:49.328+0000] {logging_mixin.py:149} INFO - 88
[2023-05-07T22:59:49.329+0000] {logging_mixin.py:149} INFO - 89
[2023-05-07T22:59:49.331+0000] {logging_mixin.py:149} INFO - 90
[2023-05-07T22:59:49.332+0000] {logging_mixin.py:149} INFO - 91
[2023-05-07T22:59:49.333+0000] {logging_mixin.py:149} INFO - 92
[2023-05-07T22:59:49.335+0000] {logging_mixin.py:149} INFO - 93
[2023-05-07T22:59:49.337+0000] {logging_mixin.py:149} INFO - 94
[2023-05-07T22:59:49.340+0000] {logging_mixin.py:149} INFO - 95
[2023-05-07T22:59:49.341+0000] {logging_mixin.py:149} INFO - 96
[2023-05-07T22:59:49.342+0000] {logging_mixin.py:149} INFO - 97
[2023-05-07T22:59:49.343+0000] {logging_mixin.py:149} INFO - 98
[2023-05-07T22:59:49.345+0000] {logging_mixin.py:149} INFO - 99
[2023-05-07T22:59:49.360+0000] {python.py:183} INFO - Done. Returned value was: None
[2023-05-07T22:59:49.368+0000] {taskinstance.py:1373} INFO - Marking task as SUCCESS. dag_id=Summer_Warped_ETL, task_id=GetSongsFromPlaylist, execution_date=20230507T225808, start_date=20230507T225948, end_date=20230507T225949
[2023-05-07T22:59:49.423+0000] {local_task_job_runner.py:232} INFO - Task exited with return code 0
[2023-05-07T22:59:49.466+0000] {taskinstance.py:2674} INFO - 0 downstream tasks scheduled from follow-on schedule check
