[2023-05-07T22:58:11.743+0000] {taskinstance.py:1125} INFO - Dependencies all met for dep_context=non-requeueable deps ti=<TaskInstance: Summer_Warped_ETL.GetSongsFromPlaylist manual__2023-05-07T22:58:08.523583+00:00 [queued]>
[2023-05-07T22:58:11.759+0000] {taskinstance.py:1125} INFO - Dependencies all met for dep_context=requeueable deps ti=<TaskInstance: Summer_Warped_ETL.GetSongsFromPlaylist manual__2023-05-07T22:58:08.523583+00:00 [queued]>
[2023-05-07T22:58:11.760+0000] {taskinstance.py:1331} INFO - Starting attempt 1 of 3
[2023-05-07T22:58:11.772+0000] {taskinstance.py:1350} INFO - Executing <Task(PythonOperator): GetSongsFromPlaylist> on 2023-05-07 22:58:08.523583+00:00
[2023-05-07T22:58:11.778+0000] {standard_task_runner.py:57} INFO - Started process 451 to run task
[2023-05-07T22:58:11.788+0000] {standard_task_runner.py:84} INFO - Running: ['***', 'tasks', 'run', 'Summer_Warped_ETL', 'GetSongsFromPlaylist', 'manual__2023-05-07T22:58:08.523583+00:00', '--job-id', '1539', '--raw', '--subdir', 'DAGS_FOLDER/warped-dag.py', '--cfg-path', '/tmp/tmpmhkse3vm']
[2023-05-07T22:58:11.789+0000] {standard_task_runner.py:85} INFO - Job 1539: Subtask GetSongsFromPlaylist
[2023-05-07T22:58:11.835+0000] {task_command.py:410} INFO - Running <TaskInstance: Summer_Warped_ETL.GetSongsFromPlaylist manual__2023-05-07T22:58:08.523583+00:00 [running]> on host fa349db4fc2f
[2023-05-07T22:58:11.892+0000] {taskinstance.py:1570} INFO - Exporting env vars: AIRFLOW_CTX_DAG_OWNER='Ananta Moharana' AIRFLOW_CTX_DAG_ID='Summer_Warped_ETL' AIRFLOW_CTX_TASK_ID='GetSongsFromPlaylist' AIRFLOW_CTX_EXECUTION_DATE='2023-05-07T22:58:08.523583+00:00' AIRFLOW_CTX_TRY_NUMBER='1' AIRFLOW_CTX_DAG_RUN_ID='manual__2023-05-07T22:58:08.523583+00:00'
[2023-05-07T22:58:12.655+0000] {logging_mixin.py:149} INFO - 100
[2023-05-07T22:58:12.655+0000] {logging_mixin.py:149} INFO - 0
[2023-05-07T22:58:12.659+0000] {logging_mixin.py:149} INFO - 1
[2023-05-07T22:58:12.661+0000] {logging_mixin.py:149} INFO - 2
[2023-05-07T22:58:12.663+0000] {logging_mixin.py:149} INFO - 3
[2023-05-07T22:58:12.664+0000] {logging_mixin.py:149} INFO - 4
[2023-05-07T22:58:12.666+0000] {logging_mixin.py:149} INFO - 5
[2023-05-07T22:58:12.667+0000] {logging_mixin.py:149} INFO - 6
[2023-05-07T22:58:12.669+0000] {logging_mixin.py:149} INFO - 7
[2023-05-07T22:58:12.672+0000] {logging_mixin.py:149} INFO - 8
[2023-05-07T22:58:12.673+0000] {logging_mixin.py:149} INFO - 9
[2023-05-07T22:58:12.674+0000] {logging_mixin.py:149} INFO - 10
[2023-05-07T22:58:12.676+0000] {logging_mixin.py:149} INFO - 11
[2023-05-07T22:58:12.678+0000] {logging_mixin.py:149} INFO - 12
[2023-05-07T22:58:12.679+0000] {logging_mixin.py:149} INFO - 13
[2023-05-07T22:58:12.681+0000] {logging_mixin.py:149} INFO - 14
[2023-05-07T22:58:12.682+0000] {logging_mixin.py:149} INFO - 15
[2023-05-07T22:58:12.684+0000] {logging_mixin.py:149} INFO - 16
[2023-05-07T22:58:12.685+0000] {logging_mixin.py:149} INFO - 17
[2023-05-07T22:58:12.688+0000] {logging_mixin.py:149} INFO - 18
[2023-05-07T22:58:12.690+0000] {logging_mixin.py:149} INFO - 19
[2023-05-07T22:58:12.691+0000] {logging_mixin.py:149} INFO - 20
[2023-05-07T22:58:12.693+0000] {logging_mixin.py:149} INFO - 21
[2023-05-07T22:58:12.694+0000] {logging_mixin.py:149} INFO - 22
[2023-05-07T22:58:12.695+0000] {logging_mixin.py:149} INFO - 23
[2023-05-07T22:58:12.697+0000] {logging_mixin.py:149} INFO - 24
[2023-05-07T22:58:12.698+0000] {logging_mixin.py:149} INFO - 25
[2023-05-07T22:58:12.699+0000] {logging_mixin.py:149} INFO - 26
[2023-05-07T22:58:12.701+0000] {logging_mixin.py:149} INFO - 27
[2023-05-07T22:58:12.704+0000] {logging_mixin.py:149} INFO - 28
[2023-05-07T22:58:12.705+0000] {logging_mixin.py:149} INFO - 29
[2023-05-07T22:58:12.706+0000] {logging_mixin.py:149} INFO - 30
[2023-05-07T22:58:12.707+0000] {logging_mixin.py:149} INFO - 31
[2023-05-07T22:58:12.708+0000] {logging_mixin.py:149} INFO - 32
[2023-05-07T22:58:12.711+0000] {logging_mixin.py:149} INFO - 33
[2023-05-07T22:58:12.712+0000] {logging_mixin.py:149} INFO - 34
[2023-05-07T22:58:12.713+0000] {logging_mixin.py:149} INFO - 35
[2023-05-07T22:58:12.715+0000] {logging_mixin.py:149} INFO - 36
[2023-05-07T22:58:12.717+0000] {logging_mixin.py:149} INFO - 37
[2023-05-07T22:58:12.718+0000] {logging_mixin.py:149} INFO - 38
[2023-05-07T22:58:12.719+0000] {logging_mixin.py:149} INFO - 39
[2023-05-07T22:58:12.720+0000] {logging_mixin.py:149} INFO - 40
[2023-05-07T22:58:12.722+0000] {logging_mixin.py:149} INFO - 41
[2023-05-07T22:58:12.723+0000] {logging_mixin.py:149} INFO - 42
[2023-05-07T22:58:12.724+0000] {logging_mixin.py:149} INFO - 43
[2023-05-07T22:58:12.725+0000] {logging_mixin.py:149} INFO - 44
[2023-05-07T22:58:12.726+0000] {logging_mixin.py:149} INFO - 45
[2023-05-07T22:58:12.727+0000] {logging_mixin.py:149} INFO - 46
[2023-05-07T22:58:12.729+0000] {logging_mixin.py:149} INFO - 47
[2023-05-07T22:58:12.730+0000] {logging_mixin.py:149} INFO - 48
[2023-05-07T22:58:12.731+0000] {logging_mixin.py:149} INFO - 49
[2023-05-07T22:58:12.732+0000] {logging_mixin.py:149} INFO - 50
[2023-05-07T22:58:12.733+0000] {logging_mixin.py:149} INFO - 51
[2023-05-07T22:58:12.734+0000] {logging_mixin.py:149} INFO - 52
[2023-05-07T22:58:12.736+0000] {logging_mixin.py:149} INFO - 53
[2023-05-07T22:58:12.737+0000] {logging_mixin.py:149} INFO - 54
[2023-05-07T22:58:12.738+0000] {logging_mixin.py:149} INFO - 55
[2023-05-07T22:58:12.739+0000] {logging_mixin.py:149} INFO - 56
[2023-05-07T22:58:12.740+0000] {logging_mixin.py:149} INFO - 57
[2023-05-07T22:58:12.741+0000] {logging_mixin.py:149} INFO - 58
[2023-05-07T22:58:12.743+0000] {logging_mixin.py:149} INFO - 59
[2023-05-07T22:58:12.744+0000] {logging_mixin.py:149} INFO - 60
[2023-05-07T22:58:12.745+0000] {logging_mixin.py:149} INFO - 61
[2023-05-07T22:58:12.747+0000] {logging_mixin.py:149} INFO - 62
[2023-05-07T22:58:12.748+0000] {logging_mixin.py:149} INFO - 63
[2023-05-07T22:58:12.750+0000] {logging_mixin.py:149} INFO - 64
[2023-05-07T22:58:12.753+0000] {logging_mixin.py:149} INFO - 65
[2023-05-07T22:58:12.755+0000] {logging_mixin.py:149} INFO - 66
[2023-05-07T22:58:12.756+0000] {logging_mixin.py:149} INFO - 67
[2023-05-07T22:58:12.757+0000] {logging_mixin.py:149} INFO - 68
[2023-05-07T22:58:12.758+0000] {logging_mixin.py:149} INFO - 69
[2023-05-07T22:58:12.759+0000] {logging_mixin.py:149} INFO - 70
[2023-05-07T22:58:12.761+0000] {logging_mixin.py:149} INFO - 71
[2023-05-07T22:58:12.762+0000] {logging_mixin.py:149} INFO - 72
[2023-05-07T22:58:12.764+0000] {logging_mixin.py:149} INFO - 73
[2023-05-07T22:58:12.765+0000] {logging_mixin.py:149} INFO - 74
[2023-05-07T22:58:12.766+0000] {logging_mixin.py:149} INFO - 75
[2023-05-07T22:58:12.767+0000] {logging_mixin.py:149} INFO - 76
[2023-05-07T22:58:12.768+0000] {logging_mixin.py:149} INFO - 77
[2023-05-07T22:58:12.770+0000] {logging_mixin.py:149} INFO - 78
[2023-05-07T22:58:12.771+0000] {logging_mixin.py:149} INFO - 79
[2023-05-07T22:58:12.772+0000] {logging_mixin.py:149} INFO - 80
[2023-05-07T22:58:12.773+0000] {logging_mixin.py:149} INFO - 81
[2023-05-07T22:58:12.775+0000] {logging_mixin.py:149} INFO - 82
[2023-05-07T22:58:12.776+0000] {logging_mixin.py:149} INFO - 83
[2023-05-07T22:58:12.777+0000] {logging_mixin.py:149} INFO - 84
[2023-05-07T22:58:12.779+0000] {logging_mixin.py:149} INFO - 85
[2023-05-07T22:58:12.781+0000] {logging_mixin.py:149} INFO - 86
[2023-05-07T22:58:12.782+0000] {logging_mixin.py:149} INFO - 87
[2023-05-07T22:58:12.783+0000] {logging_mixin.py:149} INFO - 88
[2023-05-07T22:58:12.784+0000] {logging_mixin.py:149} INFO - 89
[2023-05-07T22:58:12.786+0000] {logging_mixin.py:149} INFO - 90
[2023-05-07T22:58:12.787+0000] {logging_mixin.py:149} INFO - 91
[2023-05-07T22:58:12.788+0000] {logging_mixin.py:149} INFO - 92
[2023-05-07T22:58:12.790+0000] {logging_mixin.py:149} INFO - 93
[2023-05-07T22:58:12.792+0000] {logging_mixin.py:149} INFO - 94
[2023-05-07T22:58:12.795+0000] {logging_mixin.py:149} INFO - 95
[2023-05-07T22:58:12.796+0000] {logging_mixin.py:149} INFO - 96
[2023-05-07T22:58:12.797+0000] {logging_mixin.py:149} INFO - 97
[2023-05-07T22:58:12.798+0000] {logging_mixin.py:149} INFO - 98
[2023-05-07T22:58:12.799+0000] {logging_mixin.py:149} INFO - 99
[2023-05-07T22:58:12.815+0000] {python.py:183} INFO - Done. Returned value was: None
[2023-05-07T22:58:12.824+0000] {taskinstance.py:1373} INFO - Marking task as SUCCESS. dag_id=Summer_Warped_ETL, task_id=GetSongsFromPlaylist, execution_date=20230507T225808, start_date=20230507T225811, end_date=20230507T225812
[2023-05-07T22:58:12.846+0000] {local_task_job_runner.py:232} INFO - Task exited with return code 0
[2023-05-07T22:58:12.868+0000] {taskinstance.py:2674} INFO - 2 downstream tasks scheduled from follow-on schedule check
