[2023-05-08T04:00:04.739+0000] {taskinstance.py:1125} INFO - Dependencies all met for dep_context=non-requeueable deps ti=<TaskInstance: Summer_Warped_ETL.GetArtistInfo manual__2023-05-08T00:55:07.270213+00:00 [queued]>
[2023-05-08T04:00:04.745+0000] {taskinstance.py:1125} INFO - Dependencies all met for dep_context=requeueable deps ti=<TaskInstance: Summer_Warped_ETL.GetArtistInfo manual__2023-05-08T00:55:07.270213+00:00 [queued]>
[2023-05-08T04:00:04.746+0000] {taskinstance.py:1331} INFO - Starting attempt 9 of 11
[2023-05-08T04:00:04.757+0000] {taskinstance.py:1350} INFO - Executing <Task(PythonOperator): GetArtistInfo> on 2023-05-08 00:55:07.270213+00:00
[2023-05-08T04:00:04.764+0000] {standard_task_runner.py:57} INFO - Started process 3250 to run task
[2023-05-08T04:00:04.768+0000] {standard_task_runner.py:84} INFO - Running: ['***', 'tasks', 'run', 'Summer_Warped_ETL', 'GetArtistInfo', 'manual__2023-05-08T00:55:07.270213+00:00', '--job-id', '2068', '--raw', '--subdir', 'DAGS_FOLDER/warped-dag.py', '--cfg-path', '/tmp/tmpgua9jsvz']
[2023-05-08T04:00:04.769+0000] {standard_task_runner.py:85} INFO - Job 2068: Subtask GetArtistInfo
[2023-05-08T04:00:04.824+0000] {task_command.py:410} INFO - Running <TaskInstance: Summer_Warped_ETL.GetArtistInfo manual__2023-05-08T00:55:07.270213+00:00 [running]> on host a40687a10d43
[2023-05-08T04:00:04.921+0000] {taskinstance.py:1570} INFO - Exporting env vars: AIRFLOW_CTX_DAG_OWNER='Ananta Moharana' AIRFLOW_CTX_DAG_ID='Summer_Warped_ETL' AIRFLOW_CTX_TASK_ID='GetArtistInfo' AIRFLOW_CTX_EXECUTION_DATE='2023-05-08T00:55:07.270213+00:00' AIRFLOW_CTX_TRY_NUMBER='9' AIRFLOW_CTX_DAG_RUN_ID='manual__2023-05-08T00:55:07.270213+00:00'
[2023-05-08T04:00:05.084+0000] {logging_mixin.py:149} INFO - cloud rap
[2023-05-08T04:00:05.279+0000] {logging_mixin.py:149} INFO - cloud rap
[2023-05-08T04:00:05.483+0000] {logging_mixin.py:149} INFO - la pop
[2023-05-08T04:00:05.583+0000] {logging_mixin.py:149} INFO - indie hip hop
[2023-05-08T04:00:05.777+0000] {logging_mixin.py:149} INFO - cloud rap
[2023-05-08T04:00:05.974+0000] {logging_mixin.py:149} INFO - aesthetic rap
[2023-05-08T04:00:06.120+0000] {logging_mixin.py:149} INFO - emo rap
[2023-05-08T04:00:06.216+0000] {logging_mixin.py:149} INFO - canadian contemporary r&b
[2023-05-08T04:00:06.392+0000] {logging_mixin.py:149} INFO - deep underground hip hop
[2023-05-08T04:00:06.568+0000] {logging_mixin.py:149} INFO - cloud rap
[2023-05-08T04:00:06.663+0000] {logging_mixin.py:149} INFO - underground hip hop
[2023-05-08T04:00:06.856+0000] {logging_mixin.py:149} INFO - st louis rap
[2023-05-08T04:00:06.958+0000] {logging_mixin.py:149} INFO - cloud rap
[2023-05-08T04:00:07.163+0000] {logging_mixin.py:149} INFO - canadian contemporary r&b
[2023-05-08T04:00:07.366+0000] {logging_mixin.py:149} INFO - asian american hip hop
[2023-05-08T04:00:07.565+0000] {logging_mixin.py:149} INFO - nyc rap
[2023-05-08T04:00:07.835+0000] {logging_mixin.py:149} INFO - indie pop rap
[2023-05-08T04:00:07.929+0000] {logging_mixin.py:149} INFO - bedroom soul
[2023-05-08T04:00:08.036+0000] {logging_mixin.py:149} INFO - cloud rap
[2023-05-08T04:00:08.137+0000] {logging_mixin.py:149} INFO - glitchcore
[2023-05-08T04:00:08.238+0000] {logging_mixin.py:149} INFO - glitchcore
[2023-05-08T04:00:08.335+0000] {logging_mixin.py:149} INFO - hyperpop
[2023-05-08T04:00:08.435+0000] {logging_mixin.py:149} INFO - glitchcore
[2023-05-08T04:00:08.533+0000] {logging_mixin.py:149} INFO - cali rap
[2023-05-08T04:00:08.627+0000] {logging_mixin.py:149} INFO - sad rap
[2023-05-08T04:00:08.809+0000] {logging_mixin.py:149} INFO - emo rap
[2023-05-08T04:00:08.897+0000] {logging_mixin.py:149} INFO - indonesian hip hop
[2023-05-08T04:00:09.088+0000] {logging_mixin.py:149} INFO - pop edm
[2023-05-08T04:00:09.213+0000] {logging_mixin.py:149} INFO - upstate ny rap
[2023-05-08T04:00:09.311+0000] {logging_mixin.py:149} INFO - hyperpop
[2023-05-08T04:00:09.602+0000] {logging_mixin.py:149} INFO - cloud rap
[2023-05-08T04:00:09.811+0000] {logging_mixin.py:149} INFO - emoplugg
[2023-05-08T04:00:09.914+0000] {logging_mixin.py:149} INFO - emo rap
[2023-05-08T04:00:10.010+0000] {logging_mixin.py:149} INFO - hyperpop
[2023-05-08T04:00:10.114+0000] {logging_mixin.py:149} INFO - pittsburgh rap
[2023-05-08T04:00:10.211+0000] {logging_mixin.py:149} INFO - alt z
[2023-05-08T04:00:10.302+0000] {logging_mixin.py:149} INFO - canadian hip hop
[2023-05-08T04:00:10.392+0000] {logging_mixin.py:149} INFO - canadian hip hop
[2023-05-08T04:00:10.586+0000] {logging_mixin.py:149} INFO - aesthetic rap
[2023-05-08T04:00:10.685+0000] {logging_mixin.py:149} INFO - cloud rap
[2023-05-08T04:00:10.781+0000] {logging_mixin.py:149} INFO - cloud rap
[2023-05-08T04:00:11.426+0000] {logging_mixin.py:149} INFO - alt z
[2023-05-08T04:00:11.646+0000] {logging_mixin.py:149} INFO - emo rap
[2023-05-08T04:00:11.782+0000] {logging_mixin.py:149} INFO - atl hip hop
[2023-05-08T04:00:11.970+0000] {logging_mixin.py:149} INFO - hyperpop
[2023-05-08T04:00:12.163+0000] {logging_mixin.py:149} INFO - meme rap
[2023-05-08T04:00:12.263+0000] {logging_mixin.py:149} INFO - indie pop rap
[2023-05-08T04:00:12.669+0000] {logging_mixin.py:149} INFO - emo rap
[2023-05-08T04:00:12.761+0000] {logging_mixin.py:149} INFO - melodic rap
[2023-05-08T04:00:13.121+0000] {logging_mixin.py:149} INFO - future bass
[2023-05-08T04:00:13.216+0000] {logging_mixin.py:149} INFO - emo rap
[2023-05-08T04:00:13.309+0000] {logging_mixin.py:149} INFO - glitchcore
[2023-05-08T04:00:13.816+0000] {logging_mixin.py:149} INFO - sad rap
[2023-05-08T04:00:13.923+0000] {logging_mixin.py:149} INFO - emo rap
[2023-05-08T04:00:14.237+0000] {logging_mixin.py:149} INFO - vapor trap
[2023-05-08T04:00:14.338+0000] {logging_mixin.py:149} INFO - hyperpop
[2023-05-08T04:00:14.563+0000] {logging_mixin.py:149} INFO - lo-fi rap
[2023-05-08T04:00:14.736+0000] {logging_mixin.py:149} INFO - sad rap
[2023-05-08T04:00:14.843+0000] {python.py:183} INFO - Done. Returned value was: None
[2023-05-08T04:00:14.850+0000] {taskinstance.py:1373} INFO - Marking task as SUCCESS. dag_id=Summer_Warped_ETL, task_id=GetArtistInfo, execution_date=20230508T005507, start_date=20230508T040004, end_date=20230508T040014
[2023-05-08T04:00:14.883+0000] {local_task_job_runner.py:232} INFO - Task exited with return code 0
[2023-05-08T04:00:14.908+0000] {taskinstance.py:2674} INFO - 0 downstream tasks scheduled from follow-on schedule check
