[2023-05-08T04:30:24.492+0000] {taskinstance.py:1125} INFO - Dependencies all met for dep_context=non-requeueable deps ti=<TaskInstance: Summer_Warped_ETL.GetArtistInfo manual__2023-05-08T00:55:07.270213+00:00 [queued]>
[2023-05-08T04:30:24.498+0000] {taskinstance.py:1125} INFO - Dependencies all met for dep_context=requeueable deps ti=<TaskInstance: Summer_Warped_ETL.GetArtistInfo manual__2023-05-08T00:55:07.270213+00:00 [queued]>
[2023-05-08T04:30:24.498+0000] {taskinstance.py:1331} INFO - Starting attempt 13 of 15
[2023-05-08T04:30:24.508+0000] {taskinstance.py:1350} INFO - Executing <Task(PythonOperator): GetArtistInfo> on 2023-05-08 00:55:07.270213+00:00
[2023-05-08T04:30:24.513+0000] {standard_task_runner.py:57} INFO - Started process 4236 to run task
[2023-05-08T04:30:24.523+0000] {standard_task_runner.py:84} INFO - Running: ['***', 'tasks', 'run', 'Summer_Warped_ETL', 'GetArtistInfo', 'manual__2023-05-08T00:55:07.270213+00:00', '--job-id', '2207', '--raw', '--subdir', 'DAGS_FOLDER/warped-dag.py', '--cfg-path', '/tmp/tmppimgfnc_']
[2023-05-08T04:30:24.524+0000] {standard_task_runner.py:85} INFO - Job 2207: Subtask GetArtistInfo
[2023-05-08T04:30:24.587+0000] {task_command.py:410} INFO - Running <TaskInstance: Summer_Warped_ETL.GetArtistInfo manual__2023-05-08T00:55:07.270213+00:00 [running]> on host a40687a10d43
[2023-05-08T04:30:24.680+0000] {taskinstance.py:1570} INFO - Exporting env vars: AIRFLOW_CTX_DAG_OWNER='Ananta Moharana' AIRFLOW_CTX_DAG_ID='Summer_Warped_ETL' AIRFLOW_CTX_TASK_ID='GetArtistInfo' AIRFLOW_CTX_EXECUTION_DATE='2023-05-08T00:55:07.270213+00:00' AIRFLOW_CTX_TRY_NUMBER='13' AIRFLOW_CTX_DAG_RUN_ID='manual__2023-05-08T00:55:07.270213+00:00'
[2023-05-08T04:30:24.834+0000] {logging_mixin.py:149} INFO - cloud rap
[2023-05-08T04:30:25.360+0000] {logging_mixin.py:149} INFO - cloud rap
[2023-05-08T04:30:25.548+0000] {logging_mixin.py:149} INFO - la pop
[2023-05-08T04:30:25.651+0000] {logging_mixin.py:149} INFO - indie hip hop
[2023-05-08T04:30:26.150+0000] {logging_mixin.py:149} INFO - cloud rap
[2023-05-08T04:30:26.357+0000] {logging_mixin.py:149} INFO - aesthetic rap
[2023-05-08T04:30:26.457+0000] {logging_mixin.py:149} INFO - emo rap
[2023-05-08T04:30:26.559+0000] {logging_mixin.py:149} INFO - canadian contemporary r&b
[2023-05-08T04:30:26.732+0000] {logging_mixin.py:149} INFO - deep underground hip hop
[2023-05-08T04:30:26.926+0000] {logging_mixin.py:149} INFO - cloud rap
[2023-05-08T04:30:27.021+0000] {logging_mixin.py:149} INFO - underground hip hop
[2023-05-08T04:30:27.475+0000] {logging_mixin.py:149} INFO - st louis rap
[2023-05-08T04:30:27.583+0000] {logging_mixin.py:149} INFO - cloud rap
[2023-05-08T04:30:27.762+0000] {logging_mixin.py:149} INFO - canadian contemporary r&b
[2023-05-08T04:30:27.989+0000] {logging_mixin.py:149} INFO - asian american hip hop
[2023-05-08T04:30:28.481+0000] {logging_mixin.py:149} INFO - nyc rap
[2023-05-08T04:30:28.976+0000] {logging_mixin.py:149} INFO - indie pop rap
[2023-05-08T04:30:29.071+0000] {logging_mixin.py:149} INFO - bedroom soul
[2023-05-08T04:30:29.167+0000] {logging_mixin.py:149} INFO - cloud rap
[2023-05-08T04:30:29.249+0000] {logging_mixin.py:149} INFO - glitchcore
[2023-05-08T04:30:29.345+0000] {logging_mixin.py:149} INFO - glitchcore
[2023-05-08T04:30:29.442+0000] {logging_mixin.py:149} INFO - hyperpop
[2023-05-08T04:30:29.539+0000] {logging_mixin.py:149} INFO - glitchcore
[2023-05-08T04:30:29.631+0000] {logging_mixin.py:149} INFO - cali rap
[2023-05-08T04:30:29.730+0000] {logging_mixin.py:149} INFO - sad rap
[2023-05-08T04:30:29.914+0000] {logging_mixin.py:149} INFO - emo rap
[2023-05-08T04:30:30.019+0000] {logging_mixin.py:149} INFO - indonesian hip hop
[2023-05-08T04:30:30.198+0000] {logging_mixin.py:149} INFO - pop edm
[2023-05-08T04:30:30.293+0000] {logging_mixin.py:149} INFO - upstate ny rap
[2023-05-08T04:30:30.388+0000] {logging_mixin.py:149} INFO - hyperpop
[2023-05-08T04:30:30.671+0000] {logging_mixin.py:149} INFO - cloud rap
[2023-05-08T04:30:30.865+0000] {logging_mixin.py:149} INFO - emoplugg
[2023-05-08T04:30:35.987+0000] {logging_mixin.py:149} INFO - emo rap
[2023-05-08T04:30:36.098+0000] {logging_mixin.py:149} INFO - hyperpop
[2023-05-08T04:30:36.200+0000] {logging_mixin.py:149} INFO - pittsburgh rap
[2023-05-08T04:30:36.330+0000] {logging_mixin.py:149} INFO - alt z
[2023-05-08T04:30:36.432+0000] {logging_mixin.py:149} INFO - canadian hip hop
[2023-05-08T04:30:36.534+0000] {logging_mixin.py:149} INFO - canadian hip hop
[2023-05-08T04:30:36.744+0000] {logging_mixin.py:149} INFO - aesthetic rap
[2023-05-08T04:30:36.849+0000] {logging_mixin.py:149} INFO - cloud rap
[2023-05-08T04:30:36.953+0000] {logging_mixin.py:149} INFO - cloud rap
[2023-05-08T04:30:37.264+0000] {logging_mixin.py:149} INFO - alt z
[2023-05-08T04:30:37.457+0000] {logging_mixin.py:149} INFO - emo rap
[2023-05-08T04:30:37.545+0000] {logging_mixin.py:149} INFO - atl hip hop
[2023-05-08T04:30:37.744+0000] {logging_mixin.py:149} INFO - hyperpop
[2023-05-08T04:30:37.912+0000] {logging_mixin.py:149} INFO - meme rap
[2023-05-08T04:30:37.998+0000] {logging_mixin.py:149} INFO - indie pop rap
[2023-05-08T04:30:38.089+0000] {logging_mixin.py:149} INFO - emo rap
[2023-05-08T04:30:38.191+0000] {logging_mixin.py:149} INFO - melodic rap
[2023-05-08T04:30:38.288+0000] {logging_mixin.py:149} INFO - future bass
[2023-05-08T04:30:38.407+0000] {logging_mixin.py:149} INFO - emo rap
[2023-05-08T04:30:38.497+0000] {logging_mixin.py:149} INFO - glitchcore
[2023-05-08T04:30:39.213+0000] {logging_mixin.py:149} INFO - sad rap
[2023-05-08T04:30:39.312+0000] {logging_mixin.py:149} INFO - emo rap
[2023-05-08T04:30:39.611+0000] {logging_mixin.py:149} INFO - vapor trap
[2023-05-08T04:30:39.736+0000] {logging_mixin.py:149} INFO - hyperpop
[2023-05-08T04:30:39.990+0000] {logging_mixin.py:149} INFO - lo-fi rap
[2023-05-08T04:30:40.209+0000] {logging_mixin.py:149} INFO - sad rap
[2023-05-08T04:30:40.360+0000] {python.py:183} INFO - Done. Returned value was: None
[2023-05-08T04:30:40.383+0000] {taskinstance.py:1373} INFO - Marking task as SUCCESS. dag_id=Summer_Warped_ETL, task_id=GetArtistInfo, execution_date=20230508T005507, start_date=20230508T043024, end_date=20230508T043040
[2023-05-08T04:30:40.458+0000] {local_task_job_runner.py:232} INFO - Task exited with return code 0
[2023-05-08T04:30:40.521+0000] {taskinstance.py:2674} INFO - 0 downstream tasks scheduled from follow-on schedule check
