[2023-05-08T01:09:31.824+0000] {taskinstance.py:1125} INFO - Dependencies all met for dep_context=non-requeueable deps ti=<TaskInstance: Summer_Warped_ETL.GetArtistInfo manual__2023-05-08T00:55:07.270213+00:00 [queued]>
[2023-05-08T01:09:31.832+0000] {taskinstance.py:1125} INFO - Dependencies all met for dep_context=requeueable deps ti=<TaskInstance: Summer_Warped_ETL.GetArtistInfo manual__2023-05-08T00:55:07.270213+00:00 [queued]>
[2023-05-08T01:09:31.833+0000] {taskinstance.py:1331} INFO - Starting attempt 3 of 5
[2023-05-08T01:09:31.843+0000] {taskinstance.py:1350} INFO - Executing <Task(PythonOperator): GetArtistInfo> on 2023-05-08 00:55:07.270213+00:00
[2023-05-08T01:09:31.853+0000] {standard_task_runner.py:57} INFO - Started process 689 to run task
[2023-05-08T01:09:31.861+0000] {standard_task_runner.py:84} INFO - Running: ['***', 'tasks', 'run', 'Summer_Warped_ETL', 'GetArtistInfo', 'manual__2023-05-08T00:55:07.270213+00:00', '--job-id', '1712', '--raw', '--subdir', 'DAGS_FOLDER/warped-dag.py', '--cfg-path', '/tmp/tmpn277msda']
[2023-05-08T01:09:31.862+0000] {standard_task_runner.py:85} INFO - Job 1712: Subtask GetArtistInfo
[2023-05-08T01:09:31.939+0000] {task_command.py:410} INFO - Running <TaskInstance: Summer_Warped_ETL.GetArtistInfo manual__2023-05-08T00:55:07.270213+00:00 [running]> on host a40687a10d43
[2023-05-08T01:09:31.999+0000] {taskinstance.py:1570} INFO - Exporting env vars: AIRFLOW_CTX_DAG_OWNER='Ananta Moharana' AIRFLOW_CTX_DAG_ID='Summer_Warped_ETL' AIRFLOW_CTX_TASK_ID='GetArtistInfo' AIRFLOW_CTX_EXECUTION_DATE='2023-05-08T00:55:07.270213+00:00' AIRFLOW_CTX_TRY_NUMBER='3' AIRFLOW_CTX_DAG_RUN_ID='manual__2023-05-08T00:55:07.270213+00:00'
[2023-05-08T01:09:32.136+0000] {logging_mixin.py:149} INFO - cloud rap
[2023-05-08T01:09:32.338+0000] {logging_mixin.py:149} INFO - cloud rap
[2023-05-08T01:09:32.557+0000] {logging_mixin.py:149} INFO - la pop
[2023-05-08T01:09:32.668+0000] {logging_mixin.py:149} INFO - indie hip hop
[2023-05-08T01:09:32.857+0000] {logging_mixin.py:149} INFO - cloud rap
[2023-05-08T01:09:33.070+0000] {logging_mixin.py:149} INFO - aesthetic rap
[2023-05-08T01:09:33.172+0000] {logging_mixin.py:149} INFO - emo rap
[2023-05-08T01:09:33.273+0000] {logging_mixin.py:149} INFO - canadian contemporary r&b
[2023-05-08T01:09:33.539+0000] {logging_mixin.py:149} INFO - deep underground hip hop
[2023-05-08T01:09:33.754+0000] {logging_mixin.py:149} INFO - cloud rap
[2023-05-08T01:09:33.854+0000] {logging_mixin.py:149} INFO - underground hip hop
[2023-05-08T01:09:34.069+0000] {logging_mixin.py:149} INFO - st louis rap
[2023-05-08T01:09:34.173+0000] {logging_mixin.py:149} INFO - cloud rap
[2023-05-08T01:09:34.372+0000] {logging_mixin.py:149} INFO - canadian contemporary r&b
[2023-05-08T01:09:34.575+0000] {logging_mixin.py:149} INFO - asian american hip hop
[2023-05-08T01:09:34.774+0000] {logging_mixin.py:149} INFO - nyc rap
[2023-05-08T01:09:34.991+0000] {logging_mixin.py:149} INFO - indie pop rap
[2023-05-08T01:09:35.092+0000] {logging_mixin.py:149} INFO - bedroom soul
[2023-05-08T01:09:35.190+0000] {logging_mixin.py:149} INFO - cloud rap
[2023-05-08T01:09:35.287+0000] {logging_mixin.py:149} INFO - glitchcore
[2023-05-08T01:09:35.397+0000] {logging_mixin.py:149} INFO - glitchcore
[2023-05-08T01:09:35.487+0000] {logging_mixin.py:149} INFO - hyperpop
[2023-05-08T01:09:35.591+0000] {logging_mixin.py:149} INFO - glitchcore
[2023-05-08T01:09:35.707+0000] {logging_mixin.py:149} INFO - cali rap
[2023-05-08T01:09:35.808+0000] {logging_mixin.py:149} INFO - sad rap
[2023-05-08T01:09:36.012+0000] {logging_mixin.py:149} INFO - emo rap
[2023-05-08T01:09:36.112+0000] {logging_mixin.py:149} INFO - indonesian hip hop
[2023-05-08T01:09:36.329+0000] {logging_mixin.py:149} INFO - pop edm
[2023-05-08T01:09:36.435+0000] {logging_mixin.py:149} INFO - upstate ny rap
[2023-05-08T01:09:36.534+0000] {logging_mixin.py:149} INFO - hyperpop
[2023-05-08T01:09:36.828+0000] {logging_mixin.py:149} INFO - cloud rap
[2023-05-08T01:09:37.042+0000] {logging_mixin.py:149} INFO - emoplugg
[2023-05-08T01:09:37.149+0000] {logging_mixin.py:149} INFO - emo rap
[2023-05-08T01:09:37.240+0000] {logging_mixin.py:149} INFO - hyperpop
[2023-05-08T01:09:37.340+0000] {logging_mixin.py:149} INFO - pittsburgh rap
[2023-05-08T01:09:37.461+0000] {logging_mixin.py:149} INFO - alt z
[2023-05-08T01:09:37.561+0000] {logging_mixin.py:149} INFO - canadian hip hop
[2023-05-08T01:09:37.670+0000] {logging_mixin.py:149} INFO - canadian hip hop
[2023-05-08T01:09:37.925+0000] {logging_mixin.py:149} INFO - aesthetic rap
[2023-05-08T01:09:38.022+0000] {logging_mixin.py:149} INFO - cloud rap
[2023-05-08T01:09:38.130+0000] {logging_mixin.py:149} INFO - cloud rap
[2023-05-08T01:09:38.471+0000] {logging_mixin.py:149} INFO - alt z
[2023-05-08T01:09:38.689+0000] {logging_mixin.py:149} INFO - emo rap
[2023-05-08T01:09:38.787+0000] {logging_mixin.py:149} INFO - atl hip hop
[2023-05-08T01:09:38.989+0000] {logging_mixin.py:149} INFO - hyperpop
[2023-05-08T01:09:39.181+0000] {logging_mixin.py:149} INFO - meme rap
[2023-05-08T01:09:39.285+0000] {logging_mixin.py:149} INFO - indie pop rap
[2023-05-08T01:09:39.373+0000] {logging_mixin.py:149} INFO - emo rap
[2023-05-08T01:09:39.495+0000] {logging_mixin.py:149} INFO - melodic rap
[2023-05-08T01:09:39.608+0000] {logging_mixin.py:149} INFO - future bass
[2023-05-08T01:09:39.702+0000] {logging_mixin.py:149} INFO - emo rap
[2023-05-08T01:09:39.796+0000] {logging_mixin.py:149} INFO - glitchcore
[2023-05-08T01:09:40.320+0000] {logging_mixin.py:149} INFO - sad rap
[2023-05-08T01:09:40.420+0000] {logging_mixin.py:149} INFO - emo rap
[2023-05-08T01:09:40.736+0000] {logging_mixin.py:149} INFO - vapor trap
[2023-05-08T01:09:40.833+0000] {logging_mixin.py:149} INFO - hyperpop
[2023-05-08T01:09:41.046+0000] {logging_mixin.py:149} INFO - lo-fi rap
[2023-05-08T01:09:41.241+0000] {logging_mixin.py:149} INFO - sad rap
[2023-05-08T01:09:41.354+0000] {python.py:183} INFO - Done. Returned value was: None
[2023-05-08T01:09:41.363+0000] {taskinstance.py:1373} INFO - Marking task as SUCCESS. dag_id=Summer_Warped_ETL, task_id=GetArtistInfo, execution_date=20230508T005507, start_date=20230508T010931, end_date=20230508T010941
[2023-05-08T01:09:41.401+0000] {local_task_job_runner.py:232} INFO - Task exited with return code 0
[2023-05-08T01:09:41.424+0000] {taskinstance.py:2674} INFO - 0 downstream tasks scheduled from follow-on schedule check
