[2023-05-08T01:10:00.191+0000] {taskinstance.py:1125} INFO - Dependencies all met for dep_context=non-requeueable deps ti=<TaskInstance: Summer_Warped_ETL.GetArtistInfo manual__2023-05-08T00:55:07.270213+00:00 [queued]>
[2023-05-08T01:10:00.210+0000] {taskinstance.py:1125} INFO - Dependencies all met for dep_context=requeueable deps ti=<TaskInstance: Summer_Warped_ETL.GetArtistInfo manual__2023-05-08T00:55:07.270213+00:00 [queued]>
[2023-05-08T01:10:00.211+0000] {taskinstance.py:1331} INFO - Starting attempt 4 of 6
[2023-05-08T01:10:00.229+0000] {taskinstance.py:1350} INFO - Executing <Task(PythonOperator): GetArtistInfo> on 2023-05-08 00:55:07.270213+00:00
[2023-05-08T01:10:00.239+0000] {standard_task_runner.py:57} INFO - Started process 757 to run task
[2023-05-08T01:10:00.277+0000] {standard_task_runner.py:84} INFO - Running: ['***', 'tasks', 'run', 'Summer_Warped_ETL', 'GetArtistInfo', 'manual__2023-05-08T00:55:07.270213+00:00', '--job-id', '1730', '--raw', '--subdir', 'DAGS_FOLDER/warped-dag.py', '--cfg-path', '/tmp/tmp_qrbvabd']
[2023-05-08T01:10:00.279+0000] {standard_task_runner.py:85} INFO - Job 1730: Subtask GetArtistInfo
[2023-05-08T01:10:00.406+0000] {task_command.py:410} INFO - Running <TaskInstance: Summer_Warped_ETL.GetArtistInfo manual__2023-05-08T00:55:07.270213+00:00 [running]> on host a40687a10d43
[2023-05-08T01:10:00.518+0000] {taskinstance.py:1570} INFO - Exporting env vars: AIRFLOW_CTX_DAG_OWNER='Ananta Moharana' AIRFLOW_CTX_DAG_ID='Summer_Warped_ETL' AIRFLOW_CTX_TASK_ID='GetArtistInfo' AIRFLOW_CTX_EXECUTION_DATE='2023-05-08T00:55:07.270213+00:00' AIRFLOW_CTX_TRY_NUMBER='4' AIRFLOW_CTX_DAG_RUN_ID='manual__2023-05-08T00:55:07.270213+00:00'
[2023-05-08T01:10:00.724+0000] {logging_mixin.py:149} INFO - cloud rap
[2023-05-08T01:10:00.917+0000] {logging_mixin.py:149} INFO - cloud rap
[2023-05-08T01:10:01.131+0000] {logging_mixin.py:149} INFO - la pop
[2023-05-08T01:10:01.497+0000] {logging_mixin.py:149} INFO - indie hip hop
[2023-05-08T01:10:01.731+0000] {logging_mixin.py:149} INFO - cloud rap
[2023-05-08T01:10:01.969+0000] {logging_mixin.py:149} INFO - aesthetic rap
[2023-05-08T01:10:02.301+0000] {logging_mixin.py:149} INFO - emo rap
[2023-05-08T01:10:02.418+0000] {logging_mixin.py:149} INFO - canadian contemporary r&b
[2023-05-08T01:10:02.718+0000] {logging_mixin.py:149} INFO - deep underground hip hop
[2023-05-08T01:10:02.953+0000] {logging_mixin.py:149} INFO - cloud rap
[2023-05-08T01:10:03.054+0000] {logging_mixin.py:149} INFO - underground hip hop
[2023-05-08T01:10:03.255+0000] {logging_mixin.py:149} INFO - st louis rap
[2023-05-08T01:10:03.348+0000] {logging_mixin.py:149} INFO - cloud rap
[2023-05-08T01:10:03.558+0000] {logging_mixin.py:149} INFO - canadian contemporary r&b
[2023-05-08T01:10:03.774+0000] {logging_mixin.py:149} INFO - asian american hip hop
[2023-05-08T01:10:04.007+0000] {logging_mixin.py:149} INFO - nyc rap
[2023-05-08T01:10:04.204+0000] {logging_mixin.py:149} INFO - indie pop rap
[2023-05-08T01:10:04.304+0000] {logging_mixin.py:149} INFO - bedroom soul
[2023-05-08T01:10:04.404+0000] {logging_mixin.py:149} INFO - cloud rap
[2023-05-08T01:10:04.503+0000] {logging_mixin.py:149} INFO - glitchcore
[2023-05-08T01:10:04.621+0000] {logging_mixin.py:149} INFO - glitchcore
[2023-05-08T01:10:04.724+0000] {logging_mixin.py:149} INFO - hyperpop
[2023-05-08T01:10:04.820+0000] {logging_mixin.py:149} INFO - glitchcore
[2023-05-08T01:10:04.922+0000] {logging_mixin.py:149} INFO - cali rap
[2023-05-08T01:10:05.020+0000] {logging_mixin.py:149} INFO - sad rap
[2023-05-08T01:10:05.215+0000] {logging_mixin.py:149} INFO - emo rap
[2023-05-08T01:10:05.320+0000] {logging_mixin.py:149} INFO - indonesian hip hop
[2023-05-08T01:10:05.546+0000] {logging_mixin.py:149} INFO - pop edm
[2023-05-08T01:10:05.655+0000] {logging_mixin.py:149} INFO - upstate ny rap
[2023-05-08T01:10:05.753+0000] {logging_mixin.py:149} INFO - hyperpop
[2023-05-08T01:10:06.048+0000] {logging_mixin.py:149} INFO - cloud rap
[2023-05-08T01:10:06.261+0000] {logging_mixin.py:149} INFO - emoplugg
[2023-05-08T01:10:06.451+0000] {logging_mixin.py:149} INFO - emo rap
[2023-05-08T01:10:06.549+0000] {logging_mixin.py:149} INFO - hyperpop
[2023-05-08T01:10:06.643+0000] {logging_mixin.py:149} INFO - pittsburgh rap
[2023-05-08T01:10:06.748+0000] {logging_mixin.py:149} INFO - alt z
[2023-05-08T01:10:06.838+0000] {logging_mixin.py:149} INFO - canadian hip hop
[2023-05-08T01:10:06.956+0000] {logging_mixin.py:149} INFO - canadian hip hop
[2023-05-08T01:10:07.125+0000] {logging_mixin.py:149} INFO - aesthetic rap
[2023-05-08T01:10:07.228+0000] {logging_mixin.py:149} INFO - cloud rap
[2023-05-08T01:10:07.319+0000] {logging_mixin.py:149} INFO - cloud rap
[2023-05-08T01:10:07.665+0000] {logging_mixin.py:149} INFO - alt z
[2023-05-08T01:10:07.872+0000] {logging_mixin.py:149} INFO - emo rap
[2023-05-08T01:10:07.966+0000] {logging_mixin.py:149} INFO - atl hip hop
[2023-05-08T01:10:08.157+0000] {logging_mixin.py:149} INFO - hyperpop
[2023-05-08T01:10:08.352+0000] {logging_mixin.py:149} INFO - meme rap
[2023-05-08T01:10:08.453+0000] {logging_mixin.py:149} INFO - indie pop rap
[2023-05-08T01:10:08.565+0000] {logging_mixin.py:149} INFO - emo rap
[2023-05-08T01:10:08.660+0000] {logging_mixin.py:149} INFO - melodic rap
[2023-05-08T01:10:08.756+0000] {logging_mixin.py:149} INFO - future bass
[2023-05-08T01:10:08.893+0000] {logging_mixin.py:149} INFO - emo rap
[2023-05-08T01:10:08.982+0000] {logging_mixin.py:149} INFO - glitchcore
[2023-05-08T01:10:09.464+0000] {logging_mixin.py:149} INFO - sad rap
[2023-05-08T01:10:09.620+0000] {logging_mixin.py:149} INFO - emo rap
[2023-05-08T01:10:09.939+0000] {logging_mixin.py:149} INFO - vapor trap
[2023-05-08T01:10:10.037+0000] {logging_mixin.py:149} INFO - hyperpop
[2023-05-08T01:10:10.238+0000] {logging_mixin.py:149} INFO - lo-fi rap
[2023-05-08T01:10:10.447+0000] {logging_mixin.py:149} INFO - sad rap
[2023-05-08T01:10:10.564+0000] {python.py:183} INFO - Done. Returned value was: None
[2023-05-08T01:10:10.573+0000] {taskinstance.py:1373} INFO - Marking task as SUCCESS. dag_id=Summer_Warped_ETL, task_id=GetArtistInfo, execution_date=20230508T005507, start_date=20230508T011000, end_date=20230508T011010
[2023-05-08T01:10:10.607+0000] {local_task_job_runner.py:232} INFO - Task exited with return code 0
[2023-05-08T01:10:10.630+0000] {taskinstance.py:2674} INFO - 0 downstream tasks scheduled from follow-on schedule check
