[2023-05-08T04:24:15.750+0000] {taskinstance.py:1125} INFO - Dependencies all met for dep_context=non-requeueable deps ti=<TaskInstance: Summer_Warped_ETL.GetArtistInfo manual__2023-05-08T00:55:07.270213+00:00 [queued]>
[2023-05-08T04:24:15.755+0000] {taskinstance.py:1125} INFO - Dependencies all met for dep_context=requeueable deps ti=<TaskInstance: Summer_Warped_ETL.GetArtistInfo manual__2023-05-08T00:55:07.270213+00:00 [queued]>
[2023-05-08T04:24:15.756+0000] {taskinstance.py:1331} INFO - Starting attempt 11 of 13
[2023-05-08T04:24:15.768+0000] {taskinstance.py:1350} INFO - Executing <Task(PythonOperator): GetArtistInfo> on 2023-05-08 00:55:07.270213+00:00
[2023-05-08T04:24:15.773+0000] {standard_task_runner.py:57} INFO - Started process 3785 to run task
[2023-05-08T04:24:15.779+0000] {standard_task_runner.py:84} INFO - Running: ['***', 'tasks', 'run', 'Summer_Warped_ETL', 'GetArtistInfo', 'manual__2023-05-08T00:55:07.270213+00:00', '--job-id', '2110', '--raw', '--subdir', 'DAGS_FOLDER/warped-dag.py', '--cfg-path', '/tmp/tmprexsf4a2']
[2023-05-08T04:24:15.780+0000] {standard_task_runner.py:85} INFO - Job 2110: Subtask GetArtistInfo
[2023-05-08T04:24:15.831+0000] {task_command.py:410} INFO - Running <TaskInstance: Summer_Warped_ETL.GetArtistInfo manual__2023-05-08T00:55:07.270213+00:00 [running]> on host a40687a10d43
[2023-05-08T04:24:15.916+0000] {taskinstance.py:1570} INFO - Exporting env vars: AIRFLOW_CTX_DAG_OWNER='Ananta Moharana' AIRFLOW_CTX_DAG_ID='Summer_Warped_ETL' AIRFLOW_CTX_TASK_ID='GetArtistInfo' AIRFLOW_CTX_EXECUTION_DATE='2023-05-08T00:55:07.270213+00:00' AIRFLOW_CTX_TRY_NUMBER='11' AIRFLOW_CTX_DAG_RUN_ID='manual__2023-05-08T00:55:07.270213+00:00'
[2023-05-08T04:24:16.072+0000] {logging_mixin.py:149} INFO - cloud rap
[2023-05-08T04:24:16.287+0000] {logging_mixin.py:149} INFO - cloud rap
[2023-05-08T04:24:16.491+0000] {logging_mixin.py:149} INFO - la pop
[2023-05-08T04:24:16.605+0000] {logging_mixin.py:149} INFO - indie hip hop
[2023-05-08T04:24:16.798+0000] {logging_mixin.py:149} INFO - cloud rap
[2023-05-08T04:24:16.983+0000] {logging_mixin.py:149} INFO - aesthetic rap
[2023-05-08T04:24:17.093+0000] {logging_mixin.py:149} INFO - emo rap
[2023-05-08T04:24:17.193+0000] {logging_mixin.py:149} INFO - canadian contemporary r&b
[2023-05-08T04:24:17.474+0000] {logging_mixin.py:149} INFO - deep underground hip hop
[2023-05-08T04:24:17.682+0000] {logging_mixin.py:149} INFO - cloud rap
[2023-05-08T04:24:17.827+0000] {logging_mixin.py:149} INFO - underground hip hop
[2023-05-08T04:24:18.048+0000] {logging_mixin.py:149} INFO - st louis rap
[2023-05-08T04:24:18.143+0000] {logging_mixin.py:149} INFO - cloud rap
[2023-05-08T04:24:18.546+0000] {logging_mixin.py:149} INFO - canadian contemporary r&b
[2023-05-08T04:24:18.724+0000] {logging_mixin.py:149} INFO - asian american hip hop
[2023-05-08T04:24:18.925+0000] {logging_mixin.py:149} INFO - nyc rap
[2023-05-08T04:24:19.126+0000] {logging_mixin.py:149} INFO - indie pop rap
[2023-05-08T04:24:19.217+0000] {logging_mixin.py:149} INFO - bedroom soul
[2023-05-08T04:24:19.313+0000] {logging_mixin.py:149} INFO - cloud rap
[2023-05-08T04:24:19.412+0000] {logging_mixin.py:149} INFO - glitchcore
[2023-05-08T04:24:19.508+0000] {logging_mixin.py:149} INFO - glitchcore
[2023-05-08T04:24:19.610+0000] {logging_mixin.py:149} INFO - hyperpop
[2023-05-08T04:24:19.730+0000] {logging_mixin.py:149} INFO - glitchcore
[2023-05-08T04:24:19.825+0000] {logging_mixin.py:149} INFO - cali rap
[2023-05-08T04:24:19.930+0000] {logging_mixin.py:149} INFO - sad rap
[2023-05-08T04:24:20.111+0000] {logging_mixin.py:149} INFO - emo rap
[2023-05-08T04:24:20.208+0000] {logging_mixin.py:149} INFO - indonesian hip hop
[2023-05-08T04:24:20.403+0000] {logging_mixin.py:149} INFO - pop edm
[2023-05-08T04:24:20.503+0000] {logging_mixin.py:149} INFO - upstate ny rap
[2023-05-08T04:24:20.595+0000] {logging_mixin.py:149} INFO - hyperpop
[2023-05-08T04:24:20.919+0000] {logging_mixin.py:149} INFO - cloud rap
[2023-05-08T04:24:21.100+0000] {logging_mixin.py:149} INFO - emoplugg
[2023-05-08T04:24:21.181+0000] {logging_mixin.py:149} INFO - emo rap
[2023-05-08T04:24:21.273+0000] {logging_mixin.py:149} INFO - hyperpop
[2023-05-08T04:24:21.364+0000] {logging_mixin.py:149} INFO - pittsburgh rap
[2023-05-08T04:24:21.461+0000] {logging_mixin.py:149} INFO - alt z
[2023-05-08T04:24:21.570+0000] {logging_mixin.py:149} INFO - canadian hip hop
[2023-05-08T04:24:21.663+0000] {logging_mixin.py:149} INFO - canadian hip hop
[2023-05-08T04:24:21.852+0000] {logging_mixin.py:149} INFO - aesthetic rap
[2023-05-08T04:24:21.946+0000] {logging_mixin.py:149} INFO - cloud rap
[2023-05-08T04:24:22.030+0000] {logging_mixin.py:149} INFO - cloud rap
[2023-05-08T04:24:22.328+0000] {logging_mixin.py:149} INFO - alt z
[2023-05-08T04:24:22.511+0000] {logging_mixin.py:149} INFO - emo rap
[2023-05-08T04:24:22.607+0000] {logging_mixin.py:149} INFO - atl hip hop
[2023-05-08T04:24:22.816+0000] {logging_mixin.py:149} INFO - hyperpop
[2023-05-08T04:24:22.991+0000] {logging_mixin.py:149} INFO - meme rap
[2023-05-08T04:24:23.078+0000] {logging_mixin.py:149} INFO - indie pop rap
[2023-05-08T04:24:23.178+0000] {logging_mixin.py:149} INFO - emo rap
[2023-05-08T04:24:23.281+0000] {logging_mixin.py:149} INFO - melodic rap
[2023-05-08T04:24:23.387+0000] {logging_mixin.py:149} INFO - future bass
[2023-05-08T04:24:23.477+0000] {logging_mixin.py:149} INFO - emo rap
[2023-05-08T04:24:23.572+0000] {logging_mixin.py:149} INFO - glitchcore
[2023-05-08T04:24:24.042+0000] {logging_mixin.py:149} INFO - sad rap
[2023-05-08T04:24:24.134+0000] {logging_mixin.py:149} INFO - emo rap
[2023-05-08T04:24:24.494+0000] {logging_mixin.py:149} INFO - vapor trap
[2023-05-08T04:24:24.864+0000] {logging_mixin.py:149} INFO - hyperpop
[2023-05-08T04:24:25.077+0000] {logging_mixin.py:149} INFO - lo-fi rap
[2023-05-08T04:24:25.262+0000] {logging_mixin.py:149} INFO - sad rap
[2023-05-08T04:24:25.393+0000] {python.py:183} INFO - Done. Returned value was: None
[2023-05-08T04:24:25.400+0000] {taskinstance.py:1373} INFO - Marking task as SUCCESS. dag_id=Summer_Warped_ETL, task_id=GetArtistInfo, execution_date=20230508T005507, start_date=20230508T042415, end_date=20230508T042425
[2023-05-08T04:24:25.446+0000] {local_task_job_runner.py:232} INFO - Task exited with return code 0
[2023-05-08T04:24:25.464+0000] {taskinstance.py:2674} INFO - 0 downstream tasks scheduled from follow-on schedule check
