[2023-05-08T03:40:07.355+0000] {taskinstance.py:1125} INFO - Dependencies all met for dep_context=non-requeueable deps ti=<TaskInstance: Summer_Warped_ETL.GetArtistInfo manual__2023-05-08T00:55:07.270213+00:00 [queued]>
[2023-05-08T03:40:07.362+0000] {taskinstance.py:1125} INFO - Dependencies all met for dep_context=requeueable deps ti=<TaskInstance: Summer_Warped_ETL.GetArtistInfo manual__2023-05-08T00:55:07.270213+00:00 [queued]>
[2023-05-08T03:40:07.362+0000] {taskinstance.py:1331} INFO - Starting attempt 5 of 7
[2023-05-08T03:40:07.371+0000] {taskinstance.py:1350} INFO - Executing <Task(PythonOperator): GetArtistInfo> on 2023-05-08 00:55:07.270213+00:00
[2023-05-08T03:40:07.376+0000] {standard_task_runner.py:57} INFO - Started process 2090 to run task
[2023-05-08T03:40:07.384+0000] {standard_task_runner.py:84} INFO - Running: ['***', 'tasks', 'run', 'Summer_Warped_ETL', 'GetArtistInfo', 'manual__2023-05-08T00:55:07.270213+00:00', '--job-id', '1841', '--raw', '--subdir', 'DAGS_FOLDER/warped-dag.py', '--cfg-path', '/tmp/tmpixeq8r_5']
[2023-05-08T03:40:07.385+0000] {standard_task_runner.py:85} INFO - Job 1841: Subtask GetArtistInfo
[2023-05-08T03:40:07.458+0000] {task_command.py:410} INFO - Running <TaskInstance: Summer_Warped_ETL.GetArtistInfo manual__2023-05-08T00:55:07.270213+00:00 [running]> on host a40687a10d43
[2023-05-08T03:40:07.537+0000] {taskinstance.py:1570} INFO - Exporting env vars: AIRFLOW_CTX_DAG_OWNER='Ananta Moharana' AIRFLOW_CTX_DAG_ID='Summer_Warped_ETL' AIRFLOW_CTX_TASK_ID='GetArtistInfo' AIRFLOW_CTX_EXECUTION_DATE='2023-05-08T00:55:07.270213+00:00' AIRFLOW_CTX_TRY_NUMBER='5' AIRFLOW_CTX_DAG_RUN_ID='manual__2023-05-08T00:55:07.270213+00:00'
[2023-05-08T03:40:07.690+0000] {logging_mixin.py:149} INFO - cloud rap
[2023-05-08T03:40:07.900+0000] {logging_mixin.py:149} INFO - cloud rap
[2023-05-08T03:40:08.073+0000] {logging_mixin.py:149} INFO - la pop
[2023-05-08T03:40:08.180+0000] {logging_mixin.py:149} INFO - indie hip hop
[2023-05-08T03:40:08.379+0000] {logging_mixin.py:149} INFO - cloud rap
[2023-05-08T03:40:08.572+0000] {logging_mixin.py:149} INFO - aesthetic rap
[2023-05-08T03:40:08.662+0000] {logging_mixin.py:149} INFO - emo rap
[2023-05-08T03:40:08.757+0000] {logging_mixin.py:149} INFO - canadian contemporary r&b
[2023-05-08T03:40:08.928+0000] {logging_mixin.py:149} INFO - deep underground hip hop
[2023-05-08T03:40:09.103+0000] {logging_mixin.py:149} INFO - cloud rap
[2023-05-08T03:40:09.216+0000] {logging_mixin.py:149} INFO - underground hip hop
[2023-05-08T03:40:09.406+0000] {logging_mixin.py:149} INFO - st louis rap
[2023-05-08T03:40:09.495+0000] {logging_mixin.py:149} INFO - cloud rap
[2023-05-08T03:40:09.683+0000] {logging_mixin.py:149} INFO - canadian contemporary r&b
[2023-05-08T03:40:09.872+0000] {logging_mixin.py:149} INFO - asian american hip hop
[2023-05-08T03:40:10.058+0000] {logging_mixin.py:149} INFO - nyc rap
[2023-05-08T03:40:10.230+0000] {logging_mixin.py:149} INFO - indie pop rap
[2023-05-08T03:40:10.379+0000] {logging_mixin.py:149} INFO - bedroom soul
[2023-05-08T03:40:10.478+0000] {logging_mixin.py:149} INFO - cloud rap
[2023-05-08T03:40:10.568+0000] {logging_mixin.py:149} INFO - glitchcore
[2023-05-08T03:40:10.676+0000] {logging_mixin.py:149} INFO - glitchcore
[2023-05-08T03:40:10.794+0000] {logging_mixin.py:149} INFO - hyperpop
[2023-05-08T03:40:10.883+0000] {logging_mixin.py:149} INFO - glitchcore
[2023-05-08T03:40:10.974+0000] {logging_mixin.py:149} INFO - cali rap
[2023-05-08T03:40:11.070+0000] {logging_mixin.py:149} INFO - sad rap
[2023-05-08T03:40:11.263+0000] {logging_mixin.py:149} INFO - emo rap
[2023-05-08T03:40:11.362+0000] {logging_mixin.py:149} INFO - indonesian hip hop
[2023-05-08T03:40:11.541+0000] {logging_mixin.py:149} INFO - pop edm
[2023-05-08T03:40:11.657+0000] {logging_mixin.py:149} INFO - upstate ny rap
[2023-05-08T03:40:11.752+0000] {logging_mixin.py:149} INFO - hyperpop
[2023-05-08T03:40:12.028+0000] {logging_mixin.py:149} INFO - cloud rap
[2023-05-08T03:40:12.242+0000] {logging_mixin.py:149} INFO - emoplugg
[2023-05-08T03:40:12.333+0000] {logging_mixin.py:149} INFO - emo rap
[2023-05-08T03:40:12.423+0000] {logging_mixin.py:149} INFO - hyperpop
[2023-05-08T03:40:12.534+0000] {logging_mixin.py:149} INFO - pittsburgh rap
[2023-05-08T03:40:12.629+0000] {logging_mixin.py:149} INFO - alt z
[2023-05-08T03:40:12.747+0000] {logging_mixin.py:149} INFO - canadian hip hop
[2023-05-08T03:40:12.836+0000] {logging_mixin.py:149} INFO - canadian hip hop
[2023-05-08T03:40:13.063+0000] {logging_mixin.py:149} INFO - aesthetic rap
[2023-05-08T03:40:13.154+0000] {logging_mixin.py:149} INFO - cloud rap
[2023-05-08T03:40:13.254+0000] {logging_mixin.py:149} INFO - cloud rap
[2023-05-08T03:40:13.553+0000] {logging_mixin.py:149} INFO - alt z
[2023-05-08T03:40:13.757+0000] {logging_mixin.py:149} INFO - emo rap
[2023-05-08T03:40:13.862+0000] {logging_mixin.py:149} INFO - atl hip hop
[2023-05-08T03:40:14.049+0000] {logging_mixin.py:149} INFO - hyperpop
[2023-05-08T03:40:14.239+0000] {logging_mixin.py:149} INFO - meme rap
[2023-05-08T03:40:14.324+0000] {logging_mixin.py:149} INFO - indie pop rap
[2023-05-08T03:40:14.418+0000] {logging_mixin.py:149} INFO - emo rap
[2023-05-08T03:40:14.515+0000] {logging_mixin.py:149} INFO - melodic rap
[2023-05-08T03:40:14.607+0000] {logging_mixin.py:149} INFO - future bass
[2023-05-08T03:40:14.704+0000] {logging_mixin.py:149} INFO - emo rap
[2023-05-08T03:40:14.800+0000] {logging_mixin.py:149} INFO - glitchcore
[2023-05-08T03:40:15.273+0000] {logging_mixin.py:149} INFO - sad rap
[2023-05-08T03:40:15.367+0000] {logging_mixin.py:149} INFO - emo rap
[2023-05-08T03:40:15.661+0000] {logging_mixin.py:149} INFO - vapor trap
[2023-05-08T03:40:15.760+0000] {logging_mixin.py:149} INFO - hyperpop
[2023-05-08T03:40:15.959+0000] {logging_mixin.py:149} INFO - lo-fi rap
[2023-05-08T03:40:16.165+0000] {logging_mixin.py:149} INFO - sad rap
[2023-05-08T03:40:16.274+0000] {python.py:183} INFO - Done. Returned value was: None
[2023-05-08T03:40:16.283+0000] {taskinstance.py:1373} INFO - Marking task as SUCCESS. dag_id=Summer_Warped_ETL, task_id=GetArtistInfo, execution_date=20230508T005507, start_date=20230508T034007, end_date=20230508T034016
[2023-05-08T03:40:16.323+0000] {local_task_job_runner.py:232} INFO - Task exited with return code 0
[2023-05-08T03:40:16.342+0000] {taskinstance.py:2674} INFO - 0 downstream tasks scheduled from follow-on schedule check
