[2023-05-08T03:58:25.046+0000] {taskinstance.py:1125} INFO - Dependencies all met for dep_context=non-requeueable deps ti=<TaskInstance: Summer_Warped_ETL.GetArtistInfo manual__2023-05-08T00:55:07.270213+00:00 [queued]>
[2023-05-08T03:58:25.050+0000] {taskinstance.py:1125} INFO - Dependencies all met for dep_context=requeueable deps ti=<TaskInstance: Summer_Warped_ETL.GetArtistInfo manual__2023-05-08T00:55:07.270213+00:00 [queued]>
[2023-05-08T03:58:25.050+0000] {taskinstance.py:1331} INFO - Starting attempt 8 of 10
[2023-05-08T03:58:25.062+0000] {taskinstance.py:1350} INFO - Executing <Task(PythonOperator): GetArtistInfo> on 2023-05-08 00:55:07.270213+00:00
[2023-05-08T03:58:25.067+0000] {standard_task_runner.py:57} INFO - Started process 3096 to run task
[2023-05-08T03:58:25.072+0000] {standard_task_runner.py:84} INFO - Running: ['***', 'tasks', 'run', 'Summer_Warped_ETL', 'GetArtistInfo', 'manual__2023-05-08T00:55:07.270213+00:00', '--job-id', '2033', '--raw', '--subdir', 'DAGS_FOLDER/warped-dag.py', '--cfg-path', '/tmp/tmpnbuuyze_']
[2023-05-08T03:58:25.073+0000] {standard_task_runner.py:85} INFO - Job 2033: Subtask GetArtistInfo
[2023-05-08T03:58:25.132+0000] {task_command.py:410} INFO - Running <TaskInstance: Summer_Warped_ETL.GetArtistInfo manual__2023-05-08T00:55:07.270213+00:00 [running]> on host a40687a10d43
[2023-05-08T03:58:25.211+0000] {taskinstance.py:1570} INFO - Exporting env vars: AIRFLOW_CTX_DAG_OWNER='Ananta Moharana' AIRFLOW_CTX_DAG_ID='Summer_Warped_ETL' AIRFLOW_CTX_TASK_ID='GetArtistInfo' AIRFLOW_CTX_EXECUTION_DATE='2023-05-08T00:55:07.270213+00:00' AIRFLOW_CTX_TRY_NUMBER='8' AIRFLOW_CTX_DAG_RUN_ID='manual__2023-05-08T00:55:07.270213+00:00'
[2023-05-08T03:58:25.349+0000] {logging_mixin.py:149} INFO - cloud rap
[2023-05-08T03:58:25.531+0000] {logging_mixin.py:149} INFO - cloud rap
[2023-05-08T03:58:25.728+0000] {logging_mixin.py:149} INFO - la pop
[2023-05-08T03:58:25.819+0000] {logging_mixin.py:149} INFO - indie hip hop
[2023-05-08T03:58:26.004+0000] {logging_mixin.py:149} INFO - cloud rap
[2023-05-08T03:58:26.185+0000] {logging_mixin.py:149} INFO - aesthetic rap
[2023-05-08T03:58:26.281+0000] {logging_mixin.py:149} INFO - emo rap
[2023-05-08T03:58:26.400+0000] {logging_mixin.py:149} INFO - canadian contemporary r&b
[2023-05-08T03:58:26.596+0000] {logging_mixin.py:149} INFO - deep underground hip hop
[2023-05-08T03:58:26.786+0000] {logging_mixin.py:149} INFO - cloud rap
[2023-05-08T03:58:26.898+0000] {logging_mixin.py:149} INFO - underground hip hop
[2023-05-08T03:58:27.076+0000] {logging_mixin.py:149} INFO - st louis rap
[2023-05-08T03:58:27.180+0000] {logging_mixin.py:149} INFO - cloud rap
[2023-05-08T03:58:27.362+0000] {logging_mixin.py:149} INFO - canadian contemporary r&b
[2023-05-08T03:58:27.559+0000] {logging_mixin.py:149} INFO - asian american hip hop
[2023-05-08T03:58:27.775+0000] {logging_mixin.py:149} INFO - nyc rap
[2023-05-08T03:58:27.978+0000] {logging_mixin.py:149} INFO - indie pop rap
[2023-05-08T03:58:28.073+0000] {logging_mixin.py:149} INFO - bedroom soul
[2023-05-08T03:58:28.168+0000] {logging_mixin.py:149} INFO - cloud rap
[2023-05-08T03:58:28.272+0000] {logging_mixin.py:149} INFO - glitchcore
[2023-05-08T03:58:28.366+0000] {logging_mixin.py:149} INFO - glitchcore
[2023-05-08T03:58:28.457+0000] {logging_mixin.py:149} INFO - hyperpop
[2023-05-08T03:58:28.562+0000] {logging_mixin.py:149} INFO - glitchcore
[2023-05-08T03:58:28.656+0000] {logging_mixin.py:149} INFO - cali rap
[2023-05-08T03:58:28.753+0000] {logging_mixin.py:149} INFO - sad rap
[2023-05-08T03:58:28.944+0000] {logging_mixin.py:149} INFO - emo rap
[2023-05-08T03:58:29.038+0000] {logging_mixin.py:149} INFO - indonesian hip hop
[2023-05-08T03:58:29.226+0000] {logging_mixin.py:149} INFO - pop edm
[2023-05-08T03:58:29.318+0000] {logging_mixin.py:149} INFO - upstate ny rap
[2023-05-08T03:58:29.421+0000] {logging_mixin.py:149} INFO - hyperpop
[2023-05-08T03:58:29.707+0000] {logging_mixin.py:149} INFO - cloud rap
[2023-05-08T03:58:29.900+0000] {logging_mixin.py:149} INFO - emoplugg
[2023-05-08T03:58:30.011+0000] {logging_mixin.py:149} INFO - emo rap
[2023-05-08T03:58:30.122+0000] {logging_mixin.py:149} INFO - hyperpop
[2023-05-08T03:58:30.234+0000] {logging_mixin.py:149} INFO - pittsburgh rap
[2023-05-08T03:58:30.336+0000] {logging_mixin.py:149} INFO - alt z
[2023-05-08T03:58:30.439+0000] {logging_mixin.py:149} INFO - canadian hip hop
[2023-05-08T03:58:30.552+0000] {logging_mixin.py:149} INFO - canadian hip hop
[2023-05-08T03:58:30.745+0000] {logging_mixin.py:149} INFO - aesthetic rap
[2023-05-08T03:58:30.840+0000] {logging_mixin.py:149} INFO - cloud rap
[2023-05-08T03:58:30.930+0000] {logging_mixin.py:149} INFO - cloud rap
[2023-05-08T03:58:31.229+0000] {logging_mixin.py:149} INFO - alt z
[2023-05-08T03:58:31.423+0000] {logging_mixin.py:149} INFO - emo rap
[2023-05-08T03:58:31.516+0000] {logging_mixin.py:149} INFO - atl hip hop
[2023-05-08T03:58:31.692+0000] {logging_mixin.py:149} INFO - hyperpop
[2023-05-08T03:58:31.884+0000] {logging_mixin.py:149} INFO - meme rap
[2023-05-08T03:58:31.980+0000] {logging_mixin.py:149} INFO - indie pop rap
[2023-05-08T03:58:32.079+0000] {logging_mixin.py:149} INFO - emo rap
[2023-05-08T03:58:32.174+0000] {logging_mixin.py:149} INFO - melodic rap
[2023-05-08T03:58:32.268+0000] {logging_mixin.py:149} INFO - future bass
[2023-05-08T03:58:32.375+0000] {logging_mixin.py:149} INFO - emo rap
[2023-05-08T03:58:32.497+0000] {logging_mixin.py:149} INFO - glitchcore
[2023-05-08T03:58:32.971+0000] {logging_mixin.py:149} INFO - sad rap
[2023-05-08T03:58:33.103+0000] {logging_mixin.py:149} INFO - emo rap
[2023-05-08T03:58:33.411+0000] {logging_mixin.py:149} INFO - vapor trap
[2023-05-08T03:58:33.506+0000] {logging_mixin.py:149} INFO - hyperpop
[2023-05-08T03:58:33.707+0000] {logging_mixin.py:149} INFO - lo-fi rap
[2023-05-08T03:58:33.892+0000] {logging_mixin.py:149} INFO - sad rap
[2023-05-08T03:58:34.005+0000] {python.py:183} INFO - Done. Returned value was: None
[2023-05-08T03:58:34.014+0000] {taskinstance.py:1373} INFO - Marking task as SUCCESS. dag_id=Summer_Warped_ETL, task_id=GetArtistInfo, execution_date=20230508T005507, start_date=20230508T035825, end_date=20230508T035834
[2023-05-08T03:58:34.067+0000] {local_task_job_runner.py:232} INFO - Task exited with return code 0
[2023-05-08T03:58:34.089+0000] {taskinstance.py:2674} INFO - 0 downstream tasks scheduled from follow-on schedule check
