[2023-05-09T17:08:07.694+0000] {taskinstance.py:1125} INFO - Dependencies all met for dep_context=non-requeueable deps ti=<TaskInstance: Summer_Warped_ETL.LoadData.LoadSongArtistBridge manual__2023-05-09T17:07:30.625545+00:00 [queued]>
[2023-05-09T17:08:07.699+0000] {taskinstance.py:1125} INFO - Dependencies all met for dep_context=requeueable deps ti=<TaskInstance: Summer_Warped_ETL.LoadData.LoadSongArtistBridge manual__2023-05-09T17:07:30.625545+00:00 [queued]>
[2023-05-09T17:08:07.700+0000] {taskinstance.py:1331} INFO - Starting attempt 1 of 3
[2023-05-09T17:08:07.707+0000] {taskinstance.py:1350} INFO - Executing <Task(PythonOperator): LoadData.LoadSongArtistBridge> on 2023-05-09 17:07:30.625545+00:00
[2023-05-09T17:08:07.711+0000] {standard_task_runner.py:57} INFO - Started process 932 to run task
[2023-05-09T17:08:07.715+0000] {standard_task_runner.py:84} INFO - Running: ['***', 'tasks', 'run', 'Summer_Warped_ETL', 'LoadData.LoadSongArtistBridge', 'manual__2023-05-09T17:07:30.625545+00:00', '--job-id', '2870', '--raw', '--subdir', 'DAGS_FOLDER/warped-dag.py', '--cfg-path', '/tmp/tmp8s6m06w9']
[2023-05-09T17:08:07.715+0000] {standard_task_runner.py:85} INFO - Job 2870: Subtask LoadData.LoadSongArtistBridge
[2023-05-09T17:08:07.753+0000] {task_command.py:410} INFO - Running <TaskInstance: Summer_Warped_ETL.LoadData.LoadSongArtistBridge manual__2023-05-09T17:07:30.625545+00:00 [running]> on host 544e3a3b1eb2
[2023-05-09T17:08:07.804+0000] {taskinstance.py:1570} INFO - Exporting env vars: AIRFLOW_CTX_DAG_OWNER='Ananta Moharana' AIRFLOW_CTX_DAG_ID='Summer_Warped_ETL' AIRFLOW_CTX_TASK_ID='LoadData.LoadSongArtistBridge' AIRFLOW_CTX_EXECUTION_DATE='2023-05-09T17:07:30.625545+00:00' AIRFLOW_CTX_TRY_NUMBER='1' AIRFLOW_CTX_DAG_RUN_ID='manual__2023-05-09T17:07:30.625545+00:00'
[2023-05-09T17:08:07.806+0000] {logging_mixin.py:149} INFO - 2023-05/song_artist_bridge.csv
[2023-05-09T17:08:07.813+0000] {base.py:73} INFO - Using connection ID 'aws_connection' for task execution.
[2023-05-09T17:08:07.814+0000] {connection_wrapper.py:337} INFO - AWS Connection (conn_id='aws_connection', conn_type='aws') credentials retrieved from login and password.
[2023-05-09T17:08:08.001+0000] {logging_mixin.py:149} INFO -                   song_id               artist_id
0  1LmNhEkyaKl1mSJDNSNwjZ  5aTRa02UP1y6PW5klZiTt0
1  7wIcRhedBpZGpLf9PGKUEh  3XOHHfvBYKCMo1h0DFY27z
2  7wIcRhedBpZGpLf9PGKUEh  1trffosn0Alk3IlloOD5O8
3  7wIcRhedBpZGpLf9PGKUEh  04ei5kNgmDuNAydFhhIHnD
4  1ioQDNCREA6I1BVg8VuD7Z  4kqFrZkeqDfOIEqTWqbOOV
[2023-05-09T17:08:08.002+0000] {logging_mixin.py:149} INFO - INSERT INTO song_artist_bridge (song_id,artist_id) VALUES (%s,%s) ON CONFLICT (song_id,artist_id) DO UPDATE SET song_id=EXCLUDED.song_id,artist_id=EXCLUDED.artist_id
[2023-05-09T17:08:08.009+0000] {base.py:73} INFO - Using connection ID '***' for task execution.
[2023-05-09T17:08:08.016+0000] {sql.py:375} INFO - Running statement: INSERT INTO song_artist_bridge (song_id,artist_id) VALUES (%s,%s) ON CONFLICT (song_id,artist_id) DO UPDATE SET song_id=EXCLUDED.song_id,artist_id=EXCLUDED.artist_id, parameters: ('1LmNhEkyaKl1mSJDNSNwjZ', '5aTRa02UP1y6PW5klZiTt0')
[2023-05-09T17:08:08.017+0000] {sql.py:384} INFO - Rows affected: 1
[2023-05-09T17:08:08.024+0000] {base.py:73} INFO - Using connection ID '***' for task execution.
[2023-05-09T17:08:08.031+0000] {sql.py:375} INFO - Running statement: INSERT INTO song_artist_bridge (song_id,artist_id) VALUES (%s,%s) ON CONFLICT (song_id,artist_id) DO UPDATE SET song_id=EXCLUDED.song_id,artist_id=EXCLUDED.artist_id, parameters: ('7wIcRhedBpZGpLf9PGKUEh', '3XOHHfvBYKCMo1h0DFY27z')
[2023-05-09T17:08:08.033+0000] {sql.py:384} INFO - Rows affected: 1
[2023-05-09T17:08:08.039+0000] {base.py:73} INFO - Using connection ID '***' for task execution.
[2023-05-09T17:08:08.045+0000] {sql.py:375} INFO - Running statement: INSERT INTO song_artist_bridge (song_id,artist_id) VALUES (%s,%s) ON CONFLICT (song_id,artist_id) DO UPDATE SET song_id=EXCLUDED.song_id,artist_id=EXCLUDED.artist_id, parameters: ('7wIcRhedBpZGpLf9PGKUEh', '1trffosn0Alk3IlloOD5O8')
[2023-05-09T17:08:08.047+0000] {sql.py:384} INFO - Rows affected: 1
[2023-05-09T17:08:08.054+0000] {base.py:73} INFO - Using connection ID '***' for task execution.
[2023-05-09T17:08:08.061+0000] {sql.py:375} INFO - Running statement: INSERT INTO song_artist_bridge (song_id,artist_id) VALUES (%s,%s) ON CONFLICT (song_id,artist_id) DO UPDATE SET song_id=EXCLUDED.song_id,artist_id=EXCLUDED.artist_id, parameters: ('7wIcRhedBpZGpLf9PGKUEh', '04ei5kNgmDuNAydFhhIHnD')
[2023-05-09T17:08:08.063+0000] {sql.py:384} INFO - Rows affected: 1
[2023-05-09T17:08:08.069+0000] {base.py:73} INFO - Using connection ID '***' for task execution.
[2023-05-09T17:08:08.075+0000] {sql.py:375} INFO - Running statement: INSERT INTO song_artist_bridge (song_id,artist_id) VALUES (%s,%s) ON CONFLICT (song_id,artist_id) DO UPDATE SET song_id=EXCLUDED.song_id,artist_id=EXCLUDED.artist_id, parameters: ('1ioQDNCREA6I1BVg8VuD7Z', '4kqFrZkeqDfOIEqTWqbOOV')
[2023-05-09T17:08:08.077+0000] {sql.py:384} INFO - Rows affected: 1
[2023-05-09T17:08:08.083+0000] {base.py:73} INFO - Using connection ID '***' for task execution.
[2023-05-09T17:08:08.089+0000] {sql.py:375} INFO - Running statement: INSERT INTO song_artist_bridge (song_id,artist_id) VALUES (%s,%s) ON CONFLICT (song_id,artist_id) DO UPDATE SET song_id=EXCLUDED.song_id,artist_id=EXCLUDED.artist_id, parameters: ('5CsHSdXkw5hxN9LOwHn5mZ', '0WvTK38rXqPCD5pZMDuX20')
[2023-05-09T17:08:08.091+0000] {sql.py:384} INFO - Rows affected: 1
[2023-05-09T17:08:08.098+0000] {base.py:73} INFO - Using connection ID '***' for task execution.
[2023-05-09T17:08:08.104+0000] {sql.py:375} INFO - Running statement: INSERT INTO song_artist_bridge (song_id,artist_id) VALUES (%s,%s) ON CONFLICT (song_id,artist_id) DO UPDATE SET song_id=EXCLUDED.song_id,artist_id=EXCLUDED.artist_id, parameters: ('32FMAbZAzs3D70UuvnN6y4', '3hOdow4ZPmrby7Q1wfPLEy')
[2023-05-09T17:08:08.105+0000] {sql.py:384} INFO - Rows affected: 1
[2023-05-09T17:08:08.112+0000] {base.py:73} INFO - Using connection ID '***' for task execution.
[2023-05-09T17:08:08.118+0000] {sql.py:375} INFO - Running statement: INSERT INTO song_artist_bridge (song_id,artist_id) VALUES (%s,%s) ON CONFLICT (song_id,artist_id) DO UPDATE SET song_id=EXCLUDED.song_id,artist_id=EXCLUDED.artist_id, parameters: ('2fx3JQWD6evgucAoArYojR', '7eRBEVzcZk4XyIdF0Btfg4')
[2023-05-09T17:08:08.119+0000] {sql.py:384} INFO - Rows affected: 1
[2023-05-09T17:08:08.125+0000] {base.py:73} INFO - Using connection ID '***' for task execution.
[2023-05-09T17:08:08.133+0000] {sql.py:375} INFO - Running statement: INSERT INTO song_artist_bridge (song_id,artist_id) VALUES (%s,%s) ON CONFLICT (song_id,artist_id) DO UPDATE SET song_id=EXCLUDED.song_id,artist_id=EXCLUDED.artist_id, parameters: ('2fx3JQWD6evgucAoArYojR', '3Ae7AQITxFS0r3yGQHYDJI')
[2023-05-09T17:08:08.134+0000] {sql.py:384} INFO - Rows affected: 1
[2023-05-09T17:08:08.140+0000] {base.py:73} INFO - Using connection ID '***' for task execution.
[2023-05-09T17:08:08.146+0000] {sql.py:375} INFO - Running statement: INSERT INTO song_artist_bridge (song_id,artist_id) VALUES (%s,%s) ON CONFLICT (song_id,artist_id) DO UPDATE SET song_id=EXCLUDED.song_id,artist_id=EXCLUDED.artist_id, parameters: ('6sLGpYvLDqGCdX9G1sV7rH', '7C4ztJMkuGRy0qkU6dG5hU')
[2023-05-09T17:08:08.147+0000] {sql.py:384} INFO - Rows affected: 1
[2023-05-09T17:08:08.153+0000] {base.py:73} INFO - Using connection ID '***' for task execution.
[2023-05-09T17:08:08.161+0000] {sql.py:375} INFO - Running statement: INSERT INTO song_artist_bridge (song_id,artist_id) VALUES (%s,%s) ON CONFLICT (song_id,artist_id) DO UPDATE SET song_id=EXCLUDED.song_id,artist_id=EXCLUDED.artist_id, parameters: ('6sLGpYvLDqGCdX9G1sV7rH', '0vUk0rbl0BkFjmeFvjOvoj')
[2023-05-09T17:08:08.163+0000] {sql.py:384} INFO - Rows affected: 1
[2023-05-09T17:08:08.169+0000] {base.py:73} INFO - Using connection ID '***' for task execution.
[2023-05-09T17:08:08.174+0000] {sql.py:375} INFO - Running statement: INSERT INTO song_artist_bridge (song_id,artist_id) VALUES (%s,%s) ON CONFLICT (song_id,artist_id) DO UPDATE SET song_id=EXCLUDED.song_id,artist_id=EXCLUDED.artist_id, parameters: ('1hV0Ue00iyNCZvb1n0VyGf', '2cFrymmkijnjDg9SS92EPM')
[2023-05-09T17:08:08.176+0000] {sql.py:384} INFO - Rows affected: 1
[2023-05-09T17:08:08.182+0000] {base.py:73} INFO - Using connection ID '***' for task execution.
[2023-05-09T17:08:08.187+0000] {sql.py:375} INFO - Running statement: INSERT INTO song_artist_bridge (song_id,artist_id) VALUES (%s,%s) ON CONFLICT (song_id,artist_id) DO UPDATE SET song_id=EXCLUDED.song_id,artist_id=EXCLUDED.artist_id, parameters: ('1hV0Ue00iyNCZvb1n0VyGf', '4kqFrZkeqDfOIEqTWqbOOV')
[2023-05-09T17:08:08.189+0000] {sql.py:384} INFO - Rows affected: 1
[2023-05-09T17:08:08.195+0000] {base.py:73} INFO - Using connection ID '***' for task execution.
[2023-05-09T17:08:08.201+0000] {sql.py:375} INFO - Running statement: INSERT INTO song_artist_bridge (song_id,artist_id) VALUES (%s,%s) ON CONFLICT (song_id,artist_id) DO UPDATE SET song_id=EXCLUDED.song_id,artist_id=EXCLUDED.artist_id, parameters: ('1XnnLXcvFd21B25H4IHEIY', '4kqFrZkeqDfOIEqTWqbOOV')
[2023-05-09T17:08:08.202+0000] {sql.py:384} INFO - Rows affected: 1
[2023-05-09T17:08:08.208+0000] {base.py:73} INFO - Using connection ID '***' for task execution.
[2023-05-09T17:08:08.215+0000] {sql.py:375} INFO - Running statement: INSERT INTO song_artist_bridge (song_id,artist_id) VALUES (%s,%s) ON CONFLICT (song_id,artist_id) DO UPDATE SET song_id=EXCLUDED.song_id,artist_id=EXCLUDED.artist_id, parameters: ('5cSg8SdClubjZ32WrKwzAW', '3Ps6le7tj5BdNtdnfNgTU4')
[2023-05-09T17:08:08.216+0000] {sql.py:384} INFO - Rows affected: 1
[2023-05-09T17:08:08.222+0000] {base.py:73} INFO - Using connection ID '***' for task execution.
[2023-05-09T17:08:08.228+0000] {sql.py:375} INFO - Running statement: INSERT INTO song_artist_bridge (song_id,artist_id) VALUES (%s,%s) ON CONFLICT (song_id,artist_id) DO UPDATE SET song_id=EXCLUDED.song_id,artist_id=EXCLUDED.artist_id, parameters: ('5cSg8SdClubjZ32WrKwzAW', '2QuPPChZpqAai29uqulNFe')
[2023-05-09T17:08:08.230+0000] {sql.py:384} INFO - Rows affected: 1
[2023-05-09T17:08:08.236+0000] {base.py:73} INFO - Using connection ID '***' for task execution.
[2023-05-09T17:08:08.241+0000] {sql.py:375} INFO - Running statement: INSERT INTO song_artist_bridge (song_id,artist_id) VALUES (%s,%s) ON CONFLICT (song_id,artist_id) DO UPDATE SET song_id=EXCLUDED.song_id,artist_id=EXCLUDED.artist_id, parameters: ('5vsmYBZnG3kL6RWul1B4c9', '3Ps6le7tj5BdNtdnfNgTU4')
[2023-05-09T17:08:08.243+0000] {sql.py:384} INFO - Rows affected: 1
[2023-05-09T17:08:08.249+0000] {base.py:73} INFO - Using connection ID '***' for task execution.
[2023-05-09T17:08:08.255+0000] {sql.py:375} INFO - Running statement: INSERT INTO song_artist_bridge (song_id,artist_id) VALUES (%s,%s) ON CONFLICT (song_id,artist_id) DO UPDATE SET song_id=EXCLUDED.song_id,artist_id=EXCLUDED.artist_id, parameters: ('5vsmYBZnG3kL6RWul1B4c9', '2QuPPChZpqAai29uqulNFe')
[2023-05-09T17:08:08.257+0000] {sql.py:384} INFO - Rows affected: 1
[2023-05-09T17:08:08.263+0000] {base.py:73} INFO - Using connection ID '***' for task execution.
[2023-05-09T17:08:08.269+0000] {sql.py:375} INFO - Running statement: INSERT INTO song_artist_bridge (song_id,artist_id) VALUES (%s,%s) ON CONFLICT (song_id,artist_id) DO UPDATE SET song_id=EXCLUDED.song_id,artist_id=EXCLUDED.artist_id, parameters: ('14FdeSXWFUosFEevBfOyPb', '5ZPYeVqoWNuukwfarvkyJX')
[2023-05-09T17:08:08.270+0000] {sql.py:384} INFO - Rows affected: 1
[2023-05-09T17:08:08.276+0000] {base.py:73} INFO - Using connection ID '***' for task execution.
[2023-05-09T17:08:08.286+0000] {sql.py:375} INFO - Running statement: INSERT INTO song_artist_bridge (song_id,artist_id) VALUES (%s,%s) ON CONFLICT (song_id,artist_id) DO UPDATE SET song_id=EXCLUDED.song_id,artist_id=EXCLUDED.artist_id, parameters: ('3nIlBeSIVnDbWFO3mExxV2', '3hOdow4ZPmrby7Q1wfPLEy')
[2023-05-09T17:08:08.288+0000] {sql.py:384} INFO - Rows affected: 1
[2023-05-09T17:08:08.295+0000] {base.py:73} INFO - Using connection ID '***' for task execution.
[2023-05-09T17:08:08.302+0000] {sql.py:375} INFO - Running statement: INSERT INTO song_artist_bridge (song_id,artist_id) VALUES (%s,%s) ON CONFLICT (song_id,artist_id) DO UPDATE SET song_id=EXCLUDED.song_id,artist_id=EXCLUDED.artist_id, parameters: ('4zjkYaWZcr6QNr0YkcZQgK', '0BxHc5dN9BSfLZ8PCch9wT')
[2023-05-09T17:08:08.304+0000] {sql.py:384} INFO - Rows affected: 1
[2023-05-09T17:08:08.310+0000] {base.py:73} INFO - Using connection ID '***' for task execution.
[2023-05-09T17:08:08.318+0000] {sql.py:375} INFO - Running statement: INSERT INTO song_artist_bridge (song_id,artist_id) VALUES (%s,%s) ON CONFLICT (song_id,artist_id) DO UPDATE SET song_id=EXCLUDED.song_id,artist_id=EXCLUDED.artist_id, parameters: ('4zjkYaWZcr6QNr0YkcZQgK', '1iT8Vbd7KhZiBji3G72zDW')
[2023-05-09T17:08:08.320+0000] {sql.py:384} INFO - Rows affected: 1
[2023-05-09T17:08:08.327+0000] {base.py:73} INFO - Using connection ID '***' for task execution.
[2023-05-09T17:08:08.333+0000] {sql.py:375} INFO - Running statement: INSERT INTO song_artist_bridge (song_id,artist_id) VALUES (%s,%s) ON CONFLICT (song_id,artist_id) DO UPDATE SET song_id=EXCLUDED.song_id,artist_id=EXCLUDED.artist_id, parameters: ('495p4HdTEzWJ7CkLYD51wO', '4cJKDGSv4Dz9QycXYmo565')
[2023-05-09T17:08:08.334+0000] {sql.py:384} INFO - Rows affected: 1
[2023-05-09T17:08:08.341+0000] {base.py:73} INFO - Using connection ID '***' for task execution.
[2023-05-09T17:08:08.348+0000] {sql.py:375} INFO - Running statement: INSERT INTO song_artist_bridge (song_id,artist_id) VALUES (%s,%s) ON CONFLICT (song_id,artist_id) DO UPDATE SET song_id=EXCLUDED.song_id,artist_id=EXCLUDED.artist_id, parameters: ('2Vgp8Ah9NuTTKDfQykl0f8', '0UENogXhLeGTZjub4eejjX')
[2023-05-09T17:08:08.350+0000] {sql.py:384} INFO - Rows affected: 1
[2023-05-09T17:08:08.358+0000] {base.py:73} INFO - Using connection ID '***' for task execution.
[2023-05-09T17:08:08.366+0000] {sql.py:375} INFO - Running statement: INSERT INTO song_artist_bridge (song_id,artist_id) VALUES (%s,%s) ON CONFLICT (song_id,artist_id) DO UPDATE SET song_id=EXCLUDED.song_id,artist_id=EXCLUDED.artist_id, parameters: ('37y67nNfTNLfMbCh6Mn5PL', '7b2FbxYmnpGMPqDe04QmyP')
[2023-05-09T17:08:08.368+0000] {sql.py:384} INFO - Rows affected: 1
[2023-05-09T17:08:08.375+0000] {base.py:73} INFO - Using connection ID '***' for task execution.
[2023-05-09T17:08:08.383+0000] {sql.py:375} INFO - Running statement: INSERT INTO song_artist_bridge (song_id,artist_id) VALUES (%s,%s) ON CONFLICT (song_id,artist_id) DO UPDATE SET song_id=EXCLUDED.song_id,artist_id=EXCLUDED.artist_id, parameters: ('63PBsYANeKAvmW6vMMus4Y', '2anlj4dNUn9I1VxxmjRHRx')
[2023-05-09T17:08:08.385+0000] {sql.py:384} INFO - Rows affected: 1
[2023-05-09T17:08:08.392+0000] {base.py:73} INFO - Using connection ID '***' for task execution.
[2023-05-09T17:08:08.398+0000] {sql.py:375} INFO - Running statement: INSERT INTO song_artist_bridge (song_id,artist_id) VALUES (%s,%s) ON CONFLICT (song_id,artist_id) DO UPDATE SET song_id=EXCLUDED.song_id,artist_id=EXCLUDED.artist_id, parameters: ('7aGsybFB60iTiG1AyyeVpF', '3hOdow4ZPmrby7Q1wfPLEy')
[2023-05-09T17:08:08.400+0000] {sql.py:384} INFO - Rows affected: 1
[2023-05-09T17:08:08.409+0000] {base.py:73} INFO - Using connection ID '***' for task execution.
[2023-05-09T17:08:08.416+0000] {sql.py:375} INFO - Running statement: INSERT INTO song_artist_bridge (song_id,artist_id) VALUES (%s,%s) ON CONFLICT (song_id,artist_id) DO UPDATE SET song_id=EXCLUDED.song_id,artist_id=EXCLUDED.artist_id, parameters: ('7aGsybFB60iTiG1AyyeVpF', '4FI4qPOnjt3D8DnJQrNWps')
[2023-05-09T17:08:08.417+0000] {sql.py:384} INFO - Rows affected: 1
[2023-05-09T17:08:08.424+0000] {base.py:73} INFO - Using connection ID '***' for task execution.
[2023-05-09T17:08:08.433+0000] {sql.py:375} INFO - Running statement: INSERT INTO song_artist_bridge (song_id,artist_id) VALUES (%s,%s) ON CONFLICT (song_id,artist_id) DO UPDATE SET song_id=EXCLUDED.song_id,artist_id=EXCLUDED.artist_id, parameters: ('6ax40d2A1qCJ0q6v4usuNG', '5uLkZ7FWMTBUg1corQqdkR')
[2023-05-09T17:08:08.435+0000] {sql.py:384} INFO - Rows affected: 1
[2023-05-09T17:08:08.442+0000] {base.py:73} INFO - Using connection ID '***' for task execution.
[2023-05-09T17:08:08.447+0000] {sql.py:375} INFO - Running statement: INSERT INTO song_artist_bridge (song_id,artist_id) VALUES (%s,%s) ON CONFLICT (song_id,artist_id) DO UPDATE SET song_id=EXCLUDED.song_id,artist_id=EXCLUDED.artist_id, parameters: ('5FZ5p7OoluyzZNPEAgkYiV', '0ILo2K3FmfIh4ICcbHE7RK')
[2023-05-09T17:08:08.450+0000] {sql.py:384} INFO - Rows affected: 1
[2023-05-09T17:08:08.456+0000] {base.py:73} INFO - Using connection ID '***' for task execution.
[2023-05-09T17:08:08.464+0000] {sql.py:375} INFO - Running statement: INSERT INTO song_artist_bridge (song_id,artist_id) VALUES (%s,%s) ON CONFLICT (song_id,artist_id) DO UPDATE SET song_id=EXCLUDED.song_id,artist_id=EXCLUDED.artist_id, parameters: ('5FZ5p7OoluyzZNPEAgkYiV', '0r7PsZB4ePA6vHrW4agoGN')
[2023-05-09T17:08:08.466+0000] {sql.py:384} INFO - Rows affected: 1
[2023-05-09T17:08:08.472+0000] {base.py:73} INFO - Using connection ID '***' for task execution.
[2023-05-09T17:08:08.479+0000] {sql.py:375} INFO - Running statement: INSERT INTO song_artist_bridge (song_id,artist_id) VALUES (%s,%s) ON CONFLICT (song_id,artist_id) DO UPDATE SET song_id=EXCLUDED.song_id,artist_id=EXCLUDED.artist_id, parameters: ('03frKXXCZEzd9n9QOEpUQA', '1PpFka2STGQ57kJcgYBgEF')
[2023-05-09T17:08:08.480+0000] {sql.py:384} INFO - Rows affected: 1
[2023-05-09T17:08:08.486+0000] {base.py:73} INFO - Using connection ID '***' for task execution.
[2023-05-09T17:08:08.493+0000] {sql.py:375} INFO - Running statement: INSERT INTO song_artist_bridge (song_id,artist_id) VALUES (%s,%s) ON CONFLICT (song_id,artist_id) DO UPDATE SET song_id=EXCLUDED.song_id,artist_id=EXCLUDED.artist_id, parameters: ('5YLBkEgpKzkPJOu2JZd2Xo', '6YxrfNCKBcQlbITpmDLErL')
[2023-05-09T17:08:08.494+0000] {sql.py:384} INFO - Rows affected: 1
[2023-05-09T17:08:08.500+0000] {base.py:73} INFO - Using connection ID '***' for task execution.
[2023-05-09T17:08:08.507+0000] {sql.py:375} INFO - Running statement: INSERT INTO song_artist_bridge (song_id,artist_id) VALUES (%s,%s) ON CONFLICT (song_id,artist_id) DO UPDATE SET song_id=EXCLUDED.song_id,artist_id=EXCLUDED.artist_id, parameters: ('6Jfd9OQNmtspaEGLI5R5kr', '2R2Yg2qPloNOTOfqxfXX7l')
[2023-05-09T17:08:08.509+0000] {sql.py:384} INFO - Rows affected: 1
[2023-05-09T17:08:08.516+0000] {base.py:73} INFO - Using connection ID '***' for task execution.
[2023-05-09T17:08:08.526+0000] {sql.py:375} INFO - Running statement: INSERT INTO song_artist_bridge (song_id,artist_id) VALUES (%s,%s) ON CONFLICT (song_id,artist_id) DO UPDATE SET song_id=EXCLUDED.song_id,artist_id=EXCLUDED.artist_id, parameters: ('0LHdHYe5ssIheUX5RZw4rN', '4yOY5zmuuTlS1DbG3yZGki')
[2023-05-09T17:08:08.528+0000] {sql.py:384} INFO - Rows affected: 1
[2023-05-09T17:08:08.535+0000] {base.py:73} INFO - Using connection ID '***' for task execution.
[2023-05-09T17:08:08.545+0000] {sql.py:375} INFO - Running statement: INSERT INTO song_artist_bridge (song_id,artist_id) VALUES (%s,%s) ON CONFLICT (song_id,artist_id) DO UPDATE SET song_id=EXCLUDED.song_id,artist_id=EXCLUDED.artist_id, parameters: ('0LHdHYe5ssIheUX5RZw4rN', '7iVscW49OWowl9SoLmWzfy')
[2023-05-09T17:08:08.547+0000] {sql.py:384} INFO - Rows affected: 1
[2023-05-09T17:08:08.554+0000] {base.py:73} INFO - Using connection ID '***' for task execution.
[2023-05-09T17:08:08.562+0000] {sql.py:375} INFO - Running statement: INSERT INTO song_artist_bridge (song_id,artist_id) VALUES (%s,%s) ON CONFLICT (song_id,artist_id) DO UPDATE SET song_id=EXCLUDED.song_id,artist_id=EXCLUDED.artist_id, parameters: ('46s77n3x4XZqUhZfIOCax9', '6c0lj01vVpHsCH7Z5CfJ9K')
[2023-05-09T17:08:08.563+0000] {sql.py:384} INFO - Rows affected: 1
[2023-05-09T17:08:08.571+0000] {base.py:73} INFO - Using connection ID '***' for task execution.
[2023-05-09T17:08:08.578+0000] {sql.py:375} INFO - Running statement: INSERT INTO song_artist_bridge (song_id,artist_id) VALUES (%s,%s) ON CONFLICT (song_id,artist_id) DO UPDATE SET song_id=EXCLUDED.song_id,artist_id=EXCLUDED.artist_id, parameters: ('6XpVAVpg3PfxcoO0tUG8jJ', '4tjqHer0BFQbJ1FVyWhffM')
[2023-05-09T17:08:08.580+0000] {sql.py:384} INFO - Rows affected: 1
[2023-05-09T17:08:08.589+0000] {base.py:73} INFO - Using connection ID '***' for task execution.
[2023-05-09T17:08:08.597+0000] {sql.py:375} INFO - Running statement: INSERT INTO song_artist_bridge (song_id,artist_id) VALUES (%s,%s) ON CONFLICT (song_id,artist_id) DO UPDATE SET song_id=EXCLUDED.song_id,artist_id=EXCLUDED.artist_id, parameters: ('3l9VCXMSoS1KBRhkCU5zuO', '63CZNEytugjFnZBdjBmWc8')
[2023-05-09T17:08:08.599+0000] {sql.py:384} INFO - Rows affected: 1
[2023-05-09T17:08:08.606+0000] {base.py:73} INFO - Using connection ID '***' for task execution.
[2023-05-09T17:08:08.613+0000] {sql.py:375} INFO - Running statement: INSERT INTO song_artist_bridge (song_id,artist_id) VALUES (%s,%s) ON CONFLICT (song_id,artist_id) DO UPDATE SET song_id=EXCLUDED.song_id,artist_id=EXCLUDED.artist_id, parameters: ('1xHtMESwwsyUhV2ezvH7kR', '0ILo2K3FmfIh4ICcbHE7RK')
[2023-05-09T17:08:08.615+0000] {sql.py:384} INFO - Rows affected: 1
[2023-05-09T17:08:08.622+0000] {base.py:73} INFO - Using connection ID '***' for task execution.
[2023-05-09T17:08:08.629+0000] {sql.py:375} INFO - Running statement: INSERT INTO song_artist_bridge (song_id,artist_id) VALUES (%s,%s) ON CONFLICT (song_id,artist_id) DO UPDATE SET song_id=EXCLUDED.song_id,artist_id=EXCLUDED.artist_id, parameters: ('0YRuwU4V9qO0NM4T3mcu0u', '0be7y7HUvSBf8uG1X7pK8f')
[2023-05-09T17:08:08.631+0000] {sql.py:384} INFO - Rows affected: 1
[2023-05-09T17:08:08.638+0000] {base.py:73} INFO - Using connection ID '***' for task execution.
[2023-05-09T17:08:08.646+0000] {sql.py:375} INFO - Running statement: INSERT INTO song_artist_bridge (song_id,artist_id) VALUES (%s,%s) ON CONFLICT (song_id,artist_id) DO UPDATE SET song_id=EXCLUDED.song_id,artist_id=EXCLUDED.artist_id, parameters: ('2nQ8RFX92URyHJeL2Naf3n', '3hOdow4ZPmrby7Q1wfPLEy')
[2023-05-09T17:08:08.647+0000] {sql.py:384} INFO - Rows affected: 1
[2023-05-09T17:08:08.655+0000] {base.py:73} INFO - Using connection ID '***' for task execution.
[2023-05-09T17:08:08.663+0000] {sql.py:375} INFO - Running statement: INSERT INTO song_artist_bridge (song_id,artist_id) VALUES (%s,%s) ON CONFLICT (song_id,artist_id) DO UPDATE SET song_id=EXCLUDED.song_id,artist_id=EXCLUDED.artist_id, parameters: ('3SpRtNO7GKWaFyWydXArvn', '4cJKDGSv4Dz9QycXYmo565')
[2023-05-09T17:08:08.665+0000] {sql.py:384} INFO - Rows affected: 1
[2023-05-09T17:08:08.672+0000] {base.py:73} INFO - Using connection ID '***' for task execution.
[2023-05-09T17:08:08.679+0000] {sql.py:375} INFO - Running statement: INSERT INTO song_artist_bridge (song_id,artist_id) VALUES (%s,%s) ON CONFLICT (song_id,artist_id) DO UPDATE SET song_id=EXCLUDED.song_id,artist_id=EXCLUDED.artist_id, parameters: ('7J66j3JaTRQ3vCxwr4Cwf0', '2trvlbfMS5zVozEmrFNDTJ')
[2023-05-09T17:08:08.681+0000] {sql.py:384} INFO - Rows affected: 1
[2023-05-09T17:08:08.689+0000] {base.py:73} INFO - Using connection ID '***' for task execution.
[2023-05-09T17:08:08.695+0000] {sql.py:375} INFO - Running statement: INSERT INTO song_artist_bridge (song_id,artist_id) VALUES (%s,%s) ON CONFLICT (song_id,artist_id) DO UPDATE SET song_id=EXCLUDED.song_id,artist_id=EXCLUDED.artist_id, parameters: ('7J66j3JaTRQ3vCxwr4Cwf0', '63dmB3SM4vOZ8rK1EX5IkU')
[2023-05-09T17:08:08.697+0000] {sql.py:384} INFO - Rows affected: 1
[2023-05-09T17:08:08.704+0000] {base.py:73} INFO - Using connection ID '***' for task execution.
[2023-05-09T17:08:08.710+0000] {sql.py:375} INFO - Running statement: INSERT INTO song_artist_bridge (song_id,artist_id) VALUES (%s,%s) ON CONFLICT (song_id,artist_id) DO UPDATE SET song_id=EXCLUDED.song_id,artist_id=EXCLUDED.artist_id, parameters: ('2EsyJN3AvC3zBlkQpb119M', '6fWVd57NKTalqvmjRd2t8Z')
[2023-05-09T17:08:08.712+0000] {sql.py:384} INFO - Rows affected: 1
[2023-05-09T17:08:08.718+0000] {base.py:73} INFO - Using connection ID '***' for task execution.
[2023-05-09T17:08:08.725+0000] {sql.py:375} INFO - Running statement: INSERT INTO song_artist_bridge (song_id,artist_id) VALUES (%s,%s) ON CONFLICT (song_id,artist_id) DO UPDATE SET song_id=EXCLUDED.song_id,artist_id=EXCLUDED.artist_id, parameters: ('38Yamwrtcc9Niupl3kH8pH', '3hOdow4ZPmrby7Q1wfPLEy')
[2023-05-09T17:08:08.727+0000] {sql.py:384} INFO - Rows affected: 1
[2023-05-09T17:08:08.733+0000] {base.py:73} INFO - Using connection ID '***' for task execution.
[2023-05-09T17:08:08.740+0000] {sql.py:375} INFO - Running statement: INSERT INTO song_artist_bridge (song_id,artist_id) VALUES (%s,%s) ON CONFLICT (song_id,artist_id) DO UPDATE SET song_id=EXCLUDED.song_id,artist_id=EXCLUDED.artist_id, parameters: ('7qqhkLSwb7910F2LHpYJFo', '3ddT1Q3KQAm1G7UcIfz5KJ')
[2023-05-09T17:08:08.741+0000] {sql.py:384} INFO - Rows affected: 1
[2023-05-09T17:08:08.749+0000] {base.py:73} INFO - Using connection ID '***' for task execution.
[2023-05-09T17:08:08.755+0000] {sql.py:375} INFO - Running statement: INSERT INTO song_artist_bridge (song_id,artist_id) VALUES (%s,%s) ON CONFLICT (song_id,artist_id) DO UPDATE SET song_id=EXCLUDED.song_id,artist_id=EXCLUDED.artist_id, parameters: ('2dkv1xqXpAjP6HtzQLP39Z', '47SwNXPh17mIDcZwsCr6hX')
[2023-05-09T17:08:08.756+0000] {sql.py:384} INFO - Rows affected: 1
[2023-05-09T17:08:08.762+0000] {base.py:73} INFO - Using connection ID '***' for task execution.
[2023-05-09T17:08:08.768+0000] {sql.py:375} INFO - Running statement: INSERT INTO song_artist_bridge (song_id,artist_id) VALUES (%s,%s) ON CONFLICT (song_id,artist_id) DO UPDATE SET song_id=EXCLUDED.song_id,artist_id=EXCLUDED.artist_id, parameters: ('2RJo6RNV5dpjLh6Co4nPsI', '7MS7B4QRp1n6c5H8N7s3wB')
[2023-05-09T17:08:08.770+0000] {sql.py:384} INFO - Rows affected: 1
[2023-05-09T17:08:08.777+0000] {base.py:73} INFO - Using connection ID '***' for task execution.
[2023-05-09T17:08:08.783+0000] {sql.py:375} INFO - Running statement: INSERT INTO song_artist_bridge (song_id,artist_id) VALUES (%s,%s) ON CONFLICT (song_id,artist_id) DO UPDATE SET song_id=EXCLUDED.song_id,artist_id=EXCLUDED.artist_id, parameters: ('703SHNf8XtJnM3gtryjyJ6', '6wUAn24MOirNVNqQM47fda')
[2023-05-09T17:08:08.784+0000] {sql.py:384} INFO - Rows affected: 1
[2023-05-09T17:08:08.791+0000] {base.py:73} INFO - Using connection ID '***' for task execution.
[2023-05-09T17:08:08.797+0000] {sql.py:375} INFO - Running statement: INSERT INTO song_artist_bridge (song_id,artist_id) VALUES (%s,%s) ON CONFLICT (song_id,artist_id) DO UPDATE SET song_id=EXCLUDED.song_id,artist_id=EXCLUDED.artist_id, parameters: ('7fZrKwhsgCM5HzZSpWe2HX', '4tjqHer0BFQbJ1FVyWhffM')
[2023-05-09T17:08:08.798+0000] {sql.py:384} INFO - Rows affected: 1
[2023-05-09T17:08:08.804+0000] {base.py:73} INFO - Using connection ID '***' for task execution.
[2023-05-09T17:08:08.810+0000] {sql.py:375} INFO - Running statement: INSERT INTO song_artist_bridge (song_id,artist_id) VALUES (%s,%s) ON CONFLICT (song_id,artist_id) DO UPDATE SET song_id=EXCLUDED.song_id,artist_id=EXCLUDED.artist_id, parameters: ('0UPPkMYBbotUYqRmekWOqn', '4KoNbDwbCK9D04dSmYG93E')
[2023-05-09T17:08:08.812+0000] {sql.py:384} INFO - Rows affected: 1
[2023-05-09T17:08:08.818+0000] {base.py:73} INFO - Using connection ID '***' for task execution.
[2023-05-09T17:08:08.824+0000] {sql.py:375} INFO - Running statement: INSERT INTO song_artist_bridge (song_id,artist_id) VALUES (%s,%s) ON CONFLICT (song_id,artist_id) DO UPDATE SET song_id=EXCLUDED.song_id,artist_id=EXCLUDED.artist_id, parameters: ('4xalL1bGV2FoRgAVt62mti', '2848adRcxvgWNRcz1g1tQD')
[2023-05-09T17:08:08.826+0000] {sql.py:384} INFO - Rows affected: 1
[2023-05-09T17:08:08.833+0000] {base.py:73} INFO - Using connection ID '***' for task execution.
[2023-05-09T17:08:08.839+0000] {sql.py:375} INFO - Running statement: INSERT INTO song_artist_bridge (song_id,artist_id) VALUES (%s,%s) ON CONFLICT (song_id,artist_id) DO UPDATE SET song_id=EXCLUDED.song_id,artist_id=EXCLUDED.artist_id, parameters: ('7lpUYOCEH6EEOSLF6r1f7r', '0QkgnHpxSCOYdTnhUR9S5k')
[2023-05-09T17:08:08.840+0000] {sql.py:384} INFO - Rows affected: 1
[2023-05-09T17:08:08.846+0000] {base.py:73} INFO - Using connection ID '***' for task execution.
[2023-05-09T17:08:08.853+0000] {sql.py:375} INFO - Running statement: INSERT INTO song_artist_bridge (song_id,artist_id) VALUES (%s,%s) ON CONFLICT (song_id,artist_id) DO UPDATE SET song_id=EXCLUDED.song_id,artist_id=EXCLUDED.artist_id, parameters: ('6MZ91tbZxwwqimJffOoLsW', '7MS7B4QRp1n6c5H8N7s3wB')
[2023-05-09T17:08:08.854+0000] {sql.py:384} INFO - Rows affected: 1
[2023-05-09T17:08:08.861+0000] {base.py:73} INFO - Using connection ID '***' for task execution.
[2023-05-09T17:08:08.867+0000] {sql.py:375} INFO - Running statement: INSERT INTO song_artist_bridge (song_id,artist_id) VALUES (%s,%s) ON CONFLICT (song_id,artist_id) DO UPDATE SET song_id=EXCLUDED.song_id,artist_id=EXCLUDED.artist_id, parameters: ('6UHRvtm1Be1NJOSJMpbGLu', '3AUIYVmhwrsw8UOPHEv91Z')
[2023-05-09T17:08:08.868+0000] {sql.py:384} INFO - Rows affected: 1
[2023-05-09T17:08:08.878+0000] {base.py:73} INFO - Using connection ID '***' for task execution.
[2023-05-09T17:08:08.885+0000] {sql.py:375} INFO - Running statement: INSERT INTO song_artist_bridge (song_id,artist_id) VALUES (%s,%s) ON CONFLICT (song_id,artist_id) DO UPDATE SET song_id=EXCLUDED.song_id,artist_id=EXCLUDED.artist_id, parameters: ('6UHRvtm1Be1NJOSJMpbGLu', '71EAlWYAa5jb4phZIOlp7u')
[2023-05-09T17:08:08.886+0000] {sql.py:384} INFO - Rows affected: 1
[2023-05-09T17:08:08.893+0000] {base.py:73} INFO - Using connection ID '***' for task execution.
[2023-05-09T17:08:08.899+0000] {sql.py:375} INFO - Running statement: INSERT INTO song_artist_bridge (song_id,artist_id) VALUES (%s,%s) ON CONFLICT (song_id,artist_id) DO UPDATE SET song_id=EXCLUDED.song_id,artist_id=EXCLUDED.artist_id, parameters: ('7j8Pum7QmJNtFR5mjniLMu', '4cJKDGSv4Dz9QycXYmo565')
[2023-05-09T17:08:08.901+0000] {sql.py:384} INFO - Rows affected: 1
[2023-05-09T17:08:08.907+0000] {base.py:73} INFO - Using connection ID '***' for task execution.
[2023-05-09T17:08:08.914+0000] {sql.py:375} INFO - Running statement: INSERT INTO song_artist_bridge (song_id,artist_id) VALUES (%s,%s) ON CONFLICT (song_id,artist_id) DO UPDATE SET song_id=EXCLUDED.song_id,artist_id=EXCLUDED.artist_id, parameters: ('7j8Pum7QmJNtFR5mjniLMu', '2GUw9Wzha61PkZoRVv1PDD')
[2023-05-09T17:08:08.916+0000] {sql.py:384} INFO - Rows affected: 1
[2023-05-09T17:08:08.923+0000] {base.py:73} INFO - Using connection ID '***' for task execution.
[2023-05-09T17:08:08.931+0000] {sql.py:375} INFO - Running statement: INSERT INTO song_artist_bridge (song_id,artist_id) VALUES (%s,%s) ON CONFLICT (song_id,artist_id) DO UPDATE SET song_id=EXCLUDED.song_id,artist_id=EXCLUDED.artist_id, parameters: ('06hNKFqaLBZ3FrEKlmwpf7', '3wDeS1sr05fxaOeiJJrOnL')
[2023-05-09T17:08:08.933+0000] {sql.py:384} INFO - Rows affected: 1
[2023-05-09T17:08:08.939+0000] {base.py:73} INFO - Using connection ID '***' for task execution.
[2023-05-09T17:08:08.949+0000] {sql.py:375} INFO - Running statement: INSERT INTO song_artist_bridge (song_id,artist_id) VALUES (%s,%s) ON CONFLICT (song_id,artist_id) DO UPDATE SET song_id=EXCLUDED.song_id,artist_id=EXCLUDED.artist_id, parameters: ('1HIrapG2x5sw0CTJu7VHAH', '7b2FbxYmnpGMPqDe04QmyP')
[2023-05-09T17:08:08.951+0000] {sql.py:384} INFO - Rows affected: 1
[2023-05-09T17:08:08.958+0000] {base.py:73} INFO - Using connection ID '***' for task execution.
[2023-05-09T17:08:08.964+0000] {sql.py:375} INFO - Running statement: INSERT INTO song_artist_bridge (song_id,artist_id) VALUES (%s,%s) ON CONFLICT (song_id,artist_id) DO UPDATE SET song_id=EXCLUDED.song_id,artist_id=EXCLUDED.artist_id, parameters: ('0EnhumMxDBQ6Ap09rluA4k', '1OP39gZ2SXVnwg4NrARmsu')
[2023-05-09T17:08:08.965+0000] {sql.py:384} INFO - Rows affected: 1
[2023-05-09T17:08:08.970+0000] {base.py:73} INFO - Using connection ID '***' for task execution.
[2023-05-09T17:08:08.976+0000] {sql.py:375} INFO - Running statement: INSERT INTO song_artist_bridge (song_id,artist_id) VALUES (%s,%s) ON CONFLICT (song_id,artist_id) DO UPDATE SET song_id=EXCLUDED.song_id,artist_id=EXCLUDED.artist_id, parameters: ('4Ptg6MQDWURiKpXzgnsroE', '1vwwjIPFeYoRfAUCqqO6cZ')
[2023-05-09T17:08:08.977+0000] {sql.py:384} INFO - Rows affected: 1
[2023-05-09T17:08:08.984+0000] {base.py:73} INFO - Using connection ID '***' for task execution.
[2023-05-09T17:08:08.989+0000] {sql.py:375} INFO - Running statement: INSERT INTO song_artist_bridge (song_id,artist_id) VALUES (%s,%s) ON CONFLICT (song_id,artist_id) DO UPDATE SET song_id=EXCLUDED.song_id,artist_id=EXCLUDED.artist_id, parameters: ('7iTWmRy9u5tkXdkxStO4u7', '2Ci3Sflo2BfC77wTwn2hbH')
[2023-05-09T17:08:08.993+0000] {sql.py:384} INFO - Rows affected: 1
[2023-05-09T17:08:08.999+0000] {base.py:73} INFO - Using connection ID '***' for task execution.
[2023-05-09T17:08:09.005+0000] {sql.py:375} INFO - Running statement: INSERT INTO song_artist_bridge (song_id,artist_id) VALUES (%s,%s) ON CONFLICT (song_id,artist_id) DO UPDATE SET song_id=EXCLUDED.song_id,artist_id=EXCLUDED.artist_id, parameters: ('3iYOMRgZVvlmNahSu9hEWi', '670UISOh9XV1zlq5z5IfoY')
[2023-05-09T17:08:09.007+0000] {sql.py:384} INFO - Rows affected: 1
[2023-05-09T17:08:09.013+0000] {base.py:73} INFO - Using connection ID '***' for task execution.
[2023-05-09T17:08:09.019+0000] {sql.py:375} INFO - Running statement: INSERT INTO song_artist_bridge (song_id,artist_id) VALUES (%s,%s) ON CONFLICT (song_id,artist_id) DO UPDATE SET song_id=EXCLUDED.song_id,artist_id=EXCLUDED.artist_id, parameters: ('3iYOMRgZVvlmNahSu9hEWi', '3QZxOYl5zlZtfigtXOZsfT')
[2023-05-09T17:08:09.020+0000] {sql.py:384} INFO - Rows affected: 1
[2023-05-09T17:08:09.026+0000] {base.py:73} INFO - Using connection ID '***' for task execution.
[2023-05-09T17:08:09.032+0000] {sql.py:375} INFO - Running statement: INSERT INTO song_artist_bridge (song_id,artist_id) VALUES (%s,%s) ON CONFLICT (song_id,artist_id) DO UPDATE SET song_id=EXCLUDED.song_id,artist_id=EXCLUDED.artist_id, parameters: ('3ZPqsNlUyRHebbc6r5gSDD', '2AfU5LYBVCiCtuCCfM7uVX')
[2023-05-09T17:08:09.033+0000] {sql.py:384} INFO - Rows affected: 1
[2023-05-09T17:08:09.040+0000] {base.py:73} INFO - Using connection ID '***' for task execution.
[2023-05-09T17:08:09.046+0000] {sql.py:375} INFO - Running statement: INSERT INTO song_artist_bridge (song_id,artist_id) VALUES (%s,%s) ON CONFLICT (song_id,artist_id) DO UPDATE SET song_id=EXCLUDED.song_id,artist_id=EXCLUDED.artist_id, parameters: ('3ZPqsNlUyRHebbc6r5gSDD', '7MigDh04CCntQbsBvugEmb')
[2023-05-09T17:08:09.047+0000] {sql.py:384} INFO - Rows affected: 1
[2023-05-09T17:08:09.053+0000] {base.py:73} INFO - Using connection ID '***' for task execution.
[2023-05-09T17:08:14.065+0000] {sql.py:375} INFO - Running statement: INSERT INTO song_artist_bridge (song_id,artist_id) VALUES (%s,%s) ON CONFLICT (song_id,artist_id) DO UPDATE SET song_id=EXCLUDED.song_id,artist_id=EXCLUDED.artist_id, parameters: ('6ue8qsdLrXbj9UDmhnYkEa', '3ddT1Q3KQAm1G7UcIfz5KJ')
[2023-05-09T17:08:14.067+0000] {sql.py:384} INFO - Rows affected: 1
[2023-05-09T17:08:14.073+0000] {base.py:73} INFO - Using connection ID '***' for task execution.
[2023-05-09T17:08:14.081+0000] {sql.py:375} INFO - Running statement: INSERT INTO song_artist_bridge (song_id,artist_id) VALUES (%s,%s) ON CONFLICT (song_id,artist_id) DO UPDATE SET song_id=EXCLUDED.song_id,artist_id=EXCLUDED.artist_id, parameters: ('0741N487QVIKOvKGJCYGU0', '0QkgnHpxSCOYdTnhUR9S5k')
[2023-05-09T17:08:14.083+0000] {sql.py:384} INFO - Rows affected: 1
[2023-05-09T17:08:14.089+0000] {base.py:73} INFO - Using connection ID '***' for task execution.
[2023-05-09T17:08:14.095+0000] {sql.py:375} INFO - Running statement: INSERT INTO song_artist_bridge (song_id,artist_id) VALUES (%s,%s) ON CONFLICT (song_id,artist_id) DO UPDATE SET song_id=EXCLUDED.song_id,artist_id=EXCLUDED.artist_id, parameters: ('37dVuP5d1BtVDagETMqP3k', '1tQu5TjcAK68fx8qrc8ZgF')
[2023-05-09T17:08:14.097+0000] {sql.py:384} INFO - Rows affected: 1
[2023-05-09T17:08:14.104+0000] {base.py:73} INFO - Using connection ID '***' for task execution.
[2023-05-09T17:08:14.113+0000] {sql.py:375} INFO - Running statement: INSERT INTO song_artist_bridge (song_id,artist_id) VALUES (%s,%s) ON CONFLICT (song_id,artist_id) DO UPDATE SET song_id=EXCLUDED.song_id,artist_id=EXCLUDED.artist_id, parameters: ('0NIVVOcnLUSq73tppaWV9h', '7C4ztJMkuGRy0qkU6dG5hU')
[2023-05-09T17:08:14.115+0000] {sql.py:384} INFO - Rows affected: 1
[2023-05-09T17:08:14.122+0000] {base.py:73} INFO - Using connection ID '***' for task execution.
[2023-05-09T17:08:14.129+0000] {sql.py:375} INFO - Running statement: INSERT INTO song_artist_bridge (song_id,artist_id) VALUES (%s,%s) ON CONFLICT (song_id,artist_id) DO UPDATE SET song_id=EXCLUDED.song_id,artist_id=EXCLUDED.artist_id, parameters: ('0NIVVOcnLUSq73tppaWV9h', '0Kx7qYhFiv0YD5lxEG1nsz')
[2023-05-09T17:08:14.131+0000] {sql.py:384} INFO - Rows affected: 1
[2023-05-09T17:08:14.137+0000] {base.py:73} INFO - Using connection ID '***' for task execution.
[2023-05-09T17:08:14.144+0000] {sql.py:375} INFO - Running statement: INSERT INTO song_artist_bridge (song_id,artist_id) VALUES (%s,%s) ON CONFLICT (song_id,artist_id) DO UPDATE SET song_id=EXCLUDED.song_id,artist_id=EXCLUDED.artist_id, parameters: ('4zp8noasnK5XNuNojkVhiy', '5ibWbhA0IkPT3xCN0YicRL')
[2023-05-09T17:08:14.146+0000] {sql.py:384} INFO - Rows affected: 1
[2023-05-09T17:08:14.152+0000] {base.py:73} INFO - Using connection ID '***' for task execution.
[2023-05-09T17:08:14.159+0000] {sql.py:375} INFO - Running statement: INSERT INTO song_artist_bridge (song_id,artist_id) VALUES (%s,%s) ON CONFLICT (song_id,artist_id) DO UPDATE SET song_id=EXCLUDED.song_id,artist_id=EXCLUDED.artist_id, parameters: ('4zp8noasnK5XNuNojkVhiy', '6YxrfNCKBcQlbITpmDLErL')
[2023-05-09T17:08:14.161+0000] {sql.py:384} INFO - Rows affected: 1
[2023-05-09T17:08:14.168+0000] {base.py:73} INFO - Using connection ID '***' for task execution.
[2023-05-09T17:08:14.174+0000] {sql.py:375} INFO - Running statement: INSERT INTO song_artist_bridge (song_id,artist_id) VALUES (%s,%s) ON CONFLICT (song_id,artist_id) DO UPDATE SET song_id=EXCLUDED.song_id,artist_id=EXCLUDED.artist_id, parameters: ('6wFqLYmiXyGvprbWa4ogm8', '7naAJDAh7AZnf18YYfQruM')
[2023-05-09T17:08:14.176+0000] {sql.py:384} INFO - Rows affected: 1
[2023-05-09T17:08:14.182+0000] {base.py:73} INFO - Using connection ID '***' for task execution.
[2023-05-09T17:08:14.189+0000] {sql.py:375} INFO - Running statement: INSERT INTO song_artist_bridge (song_id,artist_id) VALUES (%s,%s) ON CONFLICT (song_id,artist_id) DO UPDATE SET song_id=EXCLUDED.song_id,artist_id=EXCLUDED.artist_id, parameters: ('7EYpq1ezCFgO8Ioj86mArL', '1OP39gZ2SXVnwg4NrARmsu')
[2023-05-09T17:08:14.191+0000] {sql.py:384} INFO - Rows affected: 1
[2023-05-09T17:08:14.197+0000] {base.py:73} INFO - Using connection ID '***' for task execution.
[2023-05-09T17:08:14.203+0000] {sql.py:375} INFO - Running statement: INSERT INTO song_artist_bridge (song_id,artist_id) VALUES (%s,%s) ON CONFLICT (song_id,artist_id) DO UPDATE SET song_id=EXCLUDED.song_id,artist_id=EXCLUDED.artist_id, parameters: ('0WeFvEY2QEjcKVd8ymli4i', '5aTRa02UP1y6PW5klZiTt0')
[2023-05-09T17:08:14.205+0000] {sql.py:384} INFO - Rows affected: 1
[2023-05-09T17:08:14.211+0000] {base.py:73} INFO - Using connection ID '***' for task execution.
[2023-05-09T17:08:14.218+0000] {sql.py:375} INFO - Running statement: INSERT INTO song_artist_bridge (song_id,artist_id) VALUES (%s,%s) ON CONFLICT (song_id,artist_id) DO UPDATE SET song_id=EXCLUDED.song_id,artist_id=EXCLUDED.artist_id, parameters: ('3DErMJzUrtfGUjet3xpUml', '6fHEaFnFgMxMAtDt7mFoQ3')
[2023-05-09T17:08:14.220+0000] {sql.py:384} INFO - Rows affected: 1
[2023-05-09T17:08:14.227+0000] {base.py:73} INFO - Using connection ID '***' for task execution.
[2023-05-09T17:08:14.235+0000] {sql.py:375} INFO - Running statement: INSERT INTO song_artist_bridge (song_id,artist_id) VALUES (%s,%s) ON CONFLICT (song_id,artist_id) DO UPDATE SET song_id=EXCLUDED.song_id,artist_id=EXCLUDED.artist_id, parameters: ('3tyOS69tgk87QiY3B6TsPY', '3hOdow4ZPmrby7Q1wfPLEy')
[2023-05-09T17:08:14.237+0000] {sql.py:384} INFO - Rows affected: 1
[2023-05-09T17:08:14.244+0000] {base.py:73} INFO - Using connection ID '***' for task execution.
[2023-05-09T17:08:14.251+0000] {sql.py:375} INFO - Running statement: INSERT INTO song_artist_bridge (song_id,artist_id) VALUES (%s,%s) ON CONFLICT (song_id,artist_id) DO UPDATE SET song_id=EXCLUDED.song_id,artist_id=EXCLUDED.artist_id, parameters: ('6nlZ1HZuqOGypB1dEUlO77', '2Ci3Sflo2BfC77wTwn2hbH')
[2023-05-09T17:08:14.253+0000] {sql.py:384} INFO - Rows affected: 1
[2023-05-09T17:08:14.259+0000] {base.py:73} INFO - Using connection ID '***' for task execution.
[2023-05-09T17:08:14.267+0000] {sql.py:375} INFO - Running statement: INSERT INTO song_artist_bridge (song_id,artist_id) VALUES (%s,%s) ON CONFLICT (song_id,artist_id) DO UPDATE SET song_id=EXCLUDED.song_id,artist_id=EXCLUDED.artist_id, parameters: ('3BvqjMhMCLNlluQagWb589', '0S7eN9KAsbAaIZtFyCn1q1')
[2023-05-09T17:08:14.269+0000] {sql.py:384} INFO - Rows affected: 1
[2023-05-09T17:08:14.275+0000] {base.py:73} INFO - Using connection ID '***' for task execution.
[2023-05-09T17:08:14.282+0000] {sql.py:375} INFO - Running statement: INSERT INTO song_artist_bridge (song_id,artist_id) VALUES (%s,%s) ON CONFLICT (song_id,artist_id) DO UPDATE SET song_id=EXCLUDED.song_id,artist_id=EXCLUDED.artist_id, parameters: ('4hOuJIB1norFj3j84oY2Cq', '4X8TR9pBFyewFlIDYt1o2s')
[2023-05-09T17:08:14.284+0000] {sql.py:384} INFO - Rows affected: 1
[2023-05-09T17:08:14.291+0000] {base.py:73} INFO - Using connection ID '***' for task execution.
[2023-05-09T17:08:14.297+0000] {sql.py:375} INFO - Running statement: INSERT INTO song_artist_bridge (song_id,artist_id) VALUES (%s,%s) ON CONFLICT (song_id,artist_id) DO UPDATE SET song_id=EXCLUDED.song_id,artist_id=EXCLUDED.artist_id, parameters: ('2YkOpi22nrGAspbEBX5aU8', '5UrcghjIlj83Jf7QjZfBhZ')
[2023-05-09T17:08:14.299+0000] {sql.py:384} INFO - Rows affected: 1
[2023-05-09T17:08:14.305+0000] {base.py:73} INFO - Using connection ID '***' for task execution.
[2023-05-09T17:08:14.312+0000] {sql.py:375} INFO - Running statement: INSERT INTO song_artist_bridge (song_id,artist_id) VALUES (%s,%s) ON CONFLICT (song_id,artist_id) DO UPDATE SET song_id=EXCLUDED.song_id,artist_id=EXCLUDED.artist_id, parameters: ('2YkOpi22nrGAspbEBX5aU8', '3pob90yrusjcbgSYFKaeAk')
[2023-05-09T17:08:14.314+0000] {sql.py:384} INFO - Rows affected: 1
[2023-05-09T17:08:14.320+0000] {base.py:73} INFO - Using connection ID '***' for task execution.
[2023-05-09T17:08:14.326+0000] {sql.py:375} INFO - Running statement: INSERT INTO song_artist_bridge (song_id,artist_id) VALUES (%s,%s) ON CONFLICT (song_id,artist_id) DO UPDATE SET song_id=EXCLUDED.song_id,artist_id=EXCLUDED.artist_id, parameters: ('2YkOpi22nrGAspbEBX5aU8', '7BoBxrm9jJ7us6U92oqr4N')
[2023-05-09T17:08:14.327+0000] {sql.py:384} INFO - Rows affected: 1
[2023-05-09T17:08:14.334+0000] {base.py:73} INFO - Using connection ID '***' for task execution.
[2023-05-09T17:08:14.340+0000] {sql.py:375} INFO - Running statement: INSERT INTO song_artist_bridge (song_id,artist_id) VALUES (%s,%s) ON CONFLICT (song_id,artist_id) DO UPDATE SET song_id=EXCLUDED.song_id,artist_id=EXCLUDED.artist_id, parameters: ('2YkOpi22nrGAspbEBX5aU8', '1fsCfvdiomqjKJFR6xI8e4')
[2023-05-09T17:08:14.341+0000] {sql.py:384} INFO - Rows affected: 1
[2023-05-09T17:08:14.348+0000] {base.py:73} INFO - Using connection ID '***' for task execution.
[2023-05-09T17:08:14.354+0000] {sql.py:375} INFO - Running statement: INSERT INTO song_artist_bridge (song_id,artist_id) VALUES (%s,%s) ON CONFLICT (song_id,artist_id) DO UPDATE SET song_id=EXCLUDED.song_id,artist_id=EXCLUDED.artist_id, parameters: ('3eZXeTzRtqFrpj5zSfw9V0', '5uLkZ7FWMTBUg1corQqdkR')
[2023-05-09T17:08:14.356+0000] {sql.py:384} INFO - Rows affected: 1
[2023-05-09T17:08:14.362+0000] {base.py:73} INFO - Using connection ID '***' for task execution.
[2023-05-09T17:08:14.369+0000] {sql.py:375} INFO - Running statement: INSERT INTO song_artist_bridge (song_id,artist_id) VALUES (%s,%s) ON CONFLICT (song_id,artist_id) DO UPDATE SET song_id=EXCLUDED.song_id,artist_id=EXCLUDED.artist_id, parameters: ('5l5SMWVPhVlJOmYFzDmJvY', '3hOdow4ZPmrby7Q1wfPLEy')
[2023-05-09T17:08:14.371+0000] {sql.py:384} INFO - Rows affected: 1
[2023-05-09T17:08:14.377+0000] {base.py:73} INFO - Using connection ID '***' for task execution.
[2023-05-09T17:08:14.384+0000] {sql.py:375} INFO - Running statement: INSERT INTO song_artist_bridge (song_id,artist_id) VALUES (%s,%s) ON CONFLICT (song_id,artist_id) DO UPDATE SET song_id=EXCLUDED.song_id,artist_id=EXCLUDED.artist_id, parameters: ('1OQb4VaksoBhhreYGQ3ppU', '61qMnYXa1GxSBoV3IiYKjZ')
[2023-05-09T17:08:14.386+0000] {sql.py:384} INFO - Rows affected: 1
[2023-05-09T17:08:14.392+0000] {base.py:73} INFO - Using connection ID '***' for task execution.
[2023-05-09T17:08:14.399+0000] {sql.py:375} INFO - Running statement: INSERT INTO song_artist_bridge (song_id,artist_id) VALUES (%s,%s) ON CONFLICT (song_id,artist_id) DO UPDATE SET song_id=EXCLUDED.song_id,artist_id=EXCLUDED.artist_id, parameters: ('6ER2Dbq8uoZYd8IQ19OSqS', '61qMnYXa1GxSBoV3IiYKjZ')
[2023-05-09T17:08:14.401+0000] {sql.py:384} INFO - Rows affected: 1
[2023-05-09T17:08:14.408+0000] {base.py:73} INFO - Using connection ID '***' for task execution.
[2023-05-09T17:08:14.414+0000] {sql.py:375} INFO - Running statement: INSERT INTO song_artist_bridge (song_id,artist_id) VALUES (%s,%s) ON CONFLICT (song_id,artist_id) DO UPDATE SET song_id=EXCLUDED.song_id,artist_id=EXCLUDED.artist_id, parameters: ('6ER2Dbq8uoZYd8IQ19OSqS', '1KuV6xtFnLPsneN3yBrjFj')
[2023-05-09T17:08:14.415+0000] {sql.py:384} INFO - Rows affected: 1
[2023-05-09T17:08:14.421+0000] {base.py:73} INFO - Using connection ID '***' for task execution.
[2023-05-09T17:08:14.428+0000] {sql.py:375} INFO - Running statement: INSERT INTO song_artist_bridge (song_id,artist_id) VALUES (%s,%s) ON CONFLICT (song_id,artist_id) DO UPDATE SET song_id=EXCLUDED.song_id,artist_id=EXCLUDED.artist_id, parameters: ('4GRLGjwgWzZ33HQU3BIdH9', '4tjqHer0BFQbJ1FVyWhffM')
[2023-05-09T17:08:14.429+0000] {sql.py:384} INFO - Rows affected: 1
[2023-05-09T17:08:14.435+0000] {base.py:73} INFO - Using connection ID '***' for task execution.
[2023-05-09T17:08:14.444+0000] {sql.py:375} INFO - Running statement: INSERT INTO song_artist_bridge (song_id,artist_id) VALUES (%s,%s) ON CONFLICT (song_id,artist_id) DO UPDATE SET song_id=EXCLUDED.song_id,artist_id=EXCLUDED.artist_id, parameters: ('1JmEymqQwLXvCg3sJ7gz0n', '61qMnYXa1GxSBoV3IiYKjZ')
[2023-05-09T17:08:14.446+0000] {sql.py:384} INFO - Rows affected: 1
[2023-05-09T17:08:14.452+0000] {base.py:73} INFO - Using connection ID '***' for task execution.
[2023-05-09T17:08:14.460+0000] {sql.py:375} INFO - Running statement: INSERT INTO song_artist_bridge (song_id,artist_id) VALUES (%s,%s) ON CONFLICT (song_id,artist_id) DO UPDATE SET song_id=EXCLUDED.song_id,artist_id=EXCLUDED.artist_id, parameters: ('1akuKqHyYofuNsvLfvNPBe', '7wSr4otUV4ytUvHE4w3rBe')
[2023-05-09T17:08:14.462+0000] {sql.py:384} INFO - Rows affected: 1
[2023-05-09T17:08:14.468+0000] {base.py:73} INFO - Using connection ID '***' for task execution.
[2023-05-09T17:08:14.476+0000] {sql.py:375} INFO - Running statement: INSERT INTO song_artist_bridge (song_id,artist_id) VALUES (%s,%s) ON CONFLICT (song_id,artist_id) DO UPDATE SET song_id=EXCLUDED.song_id,artist_id=EXCLUDED.artist_id, parameters: ('2BSICryahPlMusTqQDrsYe', '3QZxOYl5zlZtfigtXOZsfT')
[2023-05-09T17:08:14.477+0000] {sql.py:384} INFO - Rows affected: 1
[2023-05-09T17:08:14.483+0000] {base.py:73} INFO - Using connection ID '***' for task execution.
[2023-05-09T17:08:14.491+0000] {sql.py:375} INFO - Running statement: INSERT INTO song_artist_bridge (song_id,artist_id) VALUES (%s,%s) ON CONFLICT (song_id,artist_id) DO UPDATE SET song_id=EXCLUDED.song_id,artist_id=EXCLUDED.artist_id, parameters: ('6tiENvREXsXPDdnMGoioP0', '61qMnYXa1GxSBoV3IiYKjZ')
[2023-05-09T17:08:14.493+0000] {sql.py:384} INFO - Rows affected: 1
[2023-05-09T17:08:14.501+0000] {base.py:73} INFO - Using connection ID '***' for task execution.
[2023-05-09T17:08:14.508+0000] {sql.py:375} INFO - Running statement: INSERT INTO song_artist_bridge (song_id,artist_id) VALUES (%s,%s) ON CONFLICT (song_id,artist_id) DO UPDATE SET song_id=EXCLUDED.song_id,artist_id=EXCLUDED.artist_id, parameters: ('5oLnXmEdr6h92pFNtBgJVR', '7HfUJxeVTgrvhk0eWHFzV7')
[2023-05-09T17:08:14.510+0000] {sql.py:384} INFO - Rows affected: 1
[2023-05-09T17:08:14.516+0000] {base.py:73} INFO - Using connection ID '***' for task execution.
[2023-05-09T17:08:14.523+0000] {sql.py:375} INFO - Running statement: INSERT INTO song_artist_bridge (song_id,artist_id) VALUES (%s,%s) ON CONFLICT (song_id,artist_id) DO UPDATE SET song_id=EXCLUDED.song_id,artist_id=EXCLUDED.artist_id, parameters: ('1rCdmjQUxxdvcCY92D7UiR', '0be7y7HUvSBf8uG1X7pK8f')
[2023-05-09T17:08:14.525+0000] {sql.py:384} INFO - Rows affected: 1
[2023-05-09T17:08:14.532+0000] {base.py:73} INFO - Using connection ID '***' for task execution.
[2023-05-09T17:08:14.538+0000] {sql.py:375} INFO - Running statement: INSERT INTO song_artist_bridge (song_id,artist_id) VALUES (%s,%s) ON CONFLICT (song_id,artist_id) DO UPDATE SET song_id=EXCLUDED.song_id,artist_id=EXCLUDED.artist_id, parameters: ('1Juo9g0Rjxo6fxOmr8N3wV', '4HAfqyKr4Sqtab6ttHWXgE')
[2023-05-09T17:08:14.540+0000] {sql.py:384} INFO - Rows affected: 1
[2023-05-09T17:08:14.546+0000] {base.py:73} INFO - Using connection ID '***' for task execution.
[2023-05-09T17:08:14.554+0000] {sql.py:375} INFO - Running statement: INSERT INTO song_artist_bridge (song_id,artist_id) VALUES (%s,%s) ON CONFLICT (song_id,artist_id) DO UPDATE SET song_id=EXCLUDED.song_id,artist_id=EXCLUDED.artist_id, parameters: ('6NTD9xwzvTisuBhDxSvldL', '5aTRa02UP1y6PW5klZiTt0')
[2023-05-09T17:08:14.555+0000] {sql.py:384} INFO - Rows affected: 1
[2023-05-09T17:08:14.561+0000] {base.py:73} INFO - Using connection ID '***' for task execution.
[2023-05-09T17:08:14.570+0000] {sql.py:375} INFO - Running statement: INSERT INTO song_artist_bridge (song_id,artist_id) VALUES (%s,%s) ON CONFLICT (song_id,artist_id) DO UPDATE SET song_id=EXCLUDED.song_id,artist_id=EXCLUDED.artist_id, parameters: ('3v61DyG93LsHgpAtCaXMYV', '27w1NoOLMX7tJMYqcetPyG')
[2023-05-09T17:08:14.572+0000] {sql.py:384} INFO - Rows affected: 1
[2023-05-09T17:08:14.578+0000] {base.py:73} INFO - Using connection ID '***' for task execution.
[2023-05-09T17:08:14.586+0000] {sql.py:375} INFO - Running statement: INSERT INTO song_artist_bridge (song_id,artist_id) VALUES (%s,%s) ON CONFLICT (song_id,artist_id) DO UPDATE SET song_id=EXCLUDED.song_id,artist_id=EXCLUDED.artist_id, parameters: ('3v61DyG93LsHgpAtCaXMYV', '4KoNbDwbCK9D04dSmYG93E')
[2023-05-09T17:08:14.588+0000] {sql.py:384} INFO - Rows affected: 1
[2023-05-09T17:08:14.595+0000] {base.py:73} INFO - Using connection ID '***' for task execution.
[2023-05-09T17:08:14.602+0000] {sql.py:375} INFO - Running statement: INSERT INTO song_artist_bridge (song_id,artist_id) VALUES (%s,%s) ON CONFLICT (song_id,artist_id) DO UPDATE SET song_id=EXCLUDED.song_id,artist_id=EXCLUDED.artist_id, parameters: ('5OxGWmF7NIZ1q2JM3bxeOr', '5G9kmDLg3OeUyj8KVBLzbu')
[2023-05-09T17:08:14.604+0000] {sql.py:384} INFO - Rows affected: 1
[2023-05-09T17:08:14.610+0000] {base.py:73} INFO - Using connection ID '***' for task execution.
[2023-05-09T17:08:14.617+0000] {sql.py:375} INFO - Running statement: INSERT INTO song_artist_bridge (song_id,artist_id) VALUES (%s,%s) ON CONFLICT (song_id,artist_id) DO UPDATE SET song_id=EXCLUDED.song_id,artist_id=EXCLUDED.artist_id, parameters: ('0nygzznhANm4uiBwhUkE6o', '7vSY9HEreOqb1Llar3UC38')
[2023-05-09T17:08:14.618+0000] {sql.py:384} INFO - Rows affected: 1
[2023-05-09T17:08:14.625+0000] {base.py:73} INFO - Using connection ID '***' for task execution.
[2023-05-09T17:08:14.637+0000] {sql.py:375} INFO - Running statement: INSERT INTO song_artist_bridge (song_id,artist_id) VALUES (%s,%s) ON CONFLICT (song_id,artist_id) DO UPDATE SET song_id=EXCLUDED.song_id,artist_id=EXCLUDED.artist_id, parameters: ('1I0529lSZwDiYDts9aKaLy', '3QZxOYl5zlZtfigtXOZsfT')
[2023-05-09T17:08:14.639+0000] {sql.py:384} INFO - Rows affected: 1
[2023-05-09T17:08:14.645+0000] {base.py:73} INFO - Using connection ID '***' for task execution.
[2023-05-09T17:08:14.652+0000] {sql.py:375} INFO - Running statement: INSERT INTO song_artist_bridge (song_id,artist_id) VALUES (%s,%s) ON CONFLICT (song_id,artist_id) DO UPDATE SET song_id=EXCLUDED.song_id,artist_id=EXCLUDED.artist_id, parameters: ('2Y4ol1FiPdSPMwaEMJgXMN', '7FngGIEGgN3Iwauw1MvO4P')
[2023-05-09T17:08:14.654+0000] {sql.py:384} INFO - Rows affected: 1
[2023-05-09T17:08:14.660+0000] {base.py:73} INFO - Using connection ID '***' for task execution.
[2023-05-09T17:08:14.667+0000] {sql.py:375} INFO - Running statement: INSERT INTO song_artist_bridge (song_id,artist_id) VALUES (%s,%s) ON CONFLICT (song_id,artist_id) DO UPDATE SET song_id=EXCLUDED.song_id,artist_id=EXCLUDED.artist_id, parameters: ('5ui2l0pTXT0cjHB1gw4MEa', '1N9JxmOPJqhMCw219uoEi8')
[2023-05-09T17:08:14.668+0000] {sql.py:384} INFO - Rows affected: 1
[2023-05-09T17:08:14.675+0000] {base.py:73} INFO - Using connection ID '***' for task execution.
[2023-05-09T17:08:14.682+0000] {sql.py:375} INFO - Running statement: INSERT INTO song_artist_bridge (song_id,artist_id) VALUES (%s,%s) ON CONFLICT (song_id,artist_id) DO UPDATE SET song_id=EXCLUDED.song_id,artist_id=EXCLUDED.artist_id, parameters: ('5ui2l0pTXT0cjHB1gw4MEa', '5VfSeZYcDwD8WQVwbaoL6z')
[2023-05-09T17:08:14.683+0000] {sql.py:384} INFO - Rows affected: 1
[2023-05-09T17:08:14.689+0000] {base.py:73} INFO - Using connection ID '***' for task execution.
[2023-05-09T17:08:14.696+0000] {sql.py:375} INFO - Running statement: INSERT INTO song_artist_bridge (song_id,artist_id) VALUES (%s,%s) ON CONFLICT (song_id,artist_id) DO UPDATE SET song_id=EXCLUDED.song_id,artist_id=EXCLUDED.artist_id, parameters: ('79iuMoPY5U9jVQfLIWN3xO', '1N9JxmOPJqhMCw219uoEi8')
[2023-05-09T17:08:14.697+0000] {sql.py:384} INFO - Rows affected: 1
[2023-05-09T17:08:14.704+0000] {base.py:73} INFO - Using connection ID '***' for task execution.
[2023-05-09T17:08:14.711+0000] {sql.py:375} INFO - Running statement: INSERT INTO song_artist_bridge (song_id,artist_id) VALUES (%s,%s) ON CONFLICT (song_id,artist_id) DO UPDATE SET song_id=EXCLUDED.song_id,artist_id=EXCLUDED.artist_id, parameters: ('7d01oOW0gldyGW8hlUVN1J', '5aTRa02UP1y6PW5klZiTt0')
[2023-05-09T17:08:14.712+0000] {sql.py:384} INFO - Rows affected: 1
[2023-05-09T17:08:14.718+0000] {base.py:73} INFO - Using connection ID '***' for task execution.
[2023-05-09T17:08:14.724+0000] {sql.py:375} INFO - Running statement: INSERT INTO song_artist_bridge (song_id,artist_id) VALUES (%s,%s) ON CONFLICT (song_id,artist_id) DO UPDATE SET song_id=EXCLUDED.song_id,artist_id=EXCLUDED.artist_id, parameters: ('1cOVM7E3WZchifwUBf1FHT', '5aTRa02UP1y6PW5klZiTt0')
[2023-05-09T17:08:14.726+0000] {sql.py:384} INFO - Rows affected: 1
[2023-05-09T17:08:14.732+0000] {base.py:73} INFO - Using connection ID '***' for task execution.
[2023-05-09T17:08:14.740+0000] {sql.py:375} INFO - Running statement: INSERT INTO song_artist_bridge (song_id,artist_id) VALUES (%s,%s) ON CONFLICT (song_id,artist_id) DO UPDATE SET song_id=EXCLUDED.song_id,artist_id=EXCLUDED.artist_id, parameters: ('1cOVM7E3WZchifwUBf1FHT', '4kqFrZkeqDfOIEqTWqbOOV')
[2023-05-09T17:08:14.741+0000] {sql.py:384} INFO - Rows affected: 1
[2023-05-09T17:08:14.747+0000] {base.py:73} INFO - Using connection ID '***' for task execution.
[2023-05-09T17:08:14.754+0000] {sql.py:375} INFO - Running statement: INSERT INTO song_artist_bridge (song_id,artist_id) VALUES (%s,%s) ON CONFLICT (song_id,artist_id) DO UPDATE SET song_id=EXCLUDED.song_id,artist_id=EXCLUDED.artist_id, parameters: ('3leQHWQif6ZH4mKRUk3YkW', '5JZPSVFMUk4HGDdx68lN77')
[2023-05-09T17:08:14.755+0000] {sql.py:384} INFO - Rows affected: 1
[2023-05-09T17:08:14.762+0000] {base.py:73} INFO - Using connection ID '***' for task execution.
[2023-05-09T17:08:14.768+0000] {sql.py:375} INFO - Running statement: INSERT INTO song_artist_bridge (song_id,artist_id) VALUES (%s,%s) ON CONFLICT (song_id,artist_id) DO UPDATE SET song_id=EXCLUDED.song_id,artist_id=EXCLUDED.artist_id, parameters: ('0tBQVOAtBpqdQK2ExkbHZX', '5aTRa02UP1y6PW5klZiTt0')
[2023-05-09T17:08:14.770+0000] {sql.py:384} INFO - Rows affected: 1
[2023-05-09T17:08:14.776+0000] {base.py:73} INFO - Using connection ID '***' for task execution.
[2023-05-09T17:08:14.783+0000] {sql.py:375} INFO - Running statement: INSERT INTO song_artist_bridge (song_id,artist_id) VALUES (%s,%s) ON CONFLICT (song_id,artist_id) DO UPDATE SET song_id=EXCLUDED.song_id,artist_id=EXCLUDED.artist_id, parameters: ('1frV7Du2WwiKx0bHHphYCM', '5JZPSVFMUk4HGDdx68lN77')
[2023-05-09T17:08:14.785+0000] {sql.py:384} INFO - Rows affected: 1
[2023-05-09T17:08:14.792+0000] {base.py:73} INFO - Using connection ID '***' for task execution.
[2023-05-09T17:08:14.801+0000] {sql.py:375} INFO - Running statement: INSERT INTO song_artist_bridge (song_id,artist_id) VALUES (%s,%s) ON CONFLICT (song_id,artist_id) DO UPDATE SET song_id=EXCLUDED.song_id,artist_id=EXCLUDED.artist_id, parameters: ('2UFxllzBQap2AqgpeqHUKX', '5aTRa02UP1y6PW5klZiTt0')
[2023-05-09T17:08:14.803+0000] {sql.py:384} INFO - Rows affected: 1
[2023-05-09T17:08:14.810+0000] {base.py:73} INFO - Using connection ID '***' for task execution.
[2023-05-09T17:08:14.818+0000] {sql.py:375} INFO - Running statement: INSERT INTO song_artist_bridge (song_id,artist_id) VALUES (%s,%s) ON CONFLICT (song_id,artist_id) DO UPDATE SET song_id=EXCLUDED.song_id,artist_id=EXCLUDED.artist_id, parameters: ('2UFxllzBQap2AqgpeqHUKX', '6rEjEIfp3NSRteU3kJGSET')
[2023-05-09T17:08:14.819+0000] {sql.py:384} INFO - Rows affected: 1
[2023-05-09T17:08:14.830+0000] {base.py:73} INFO - Using connection ID '***' for task execution.
[2023-05-09T17:08:14.838+0000] {sql.py:375} INFO - Running statement: INSERT INTO song_artist_bridge (song_id,artist_id) VALUES (%s,%s) ON CONFLICT (song_id,artist_id) DO UPDATE SET song_id=EXCLUDED.song_id,artist_id=EXCLUDED.artist_id, parameters: ('0hBCGjhWa8Z9ou9JLighrR', '4kqFrZkeqDfOIEqTWqbOOV')
[2023-05-09T17:08:14.840+0000] {sql.py:384} INFO - Rows affected: 1
[2023-05-09T17:08:14.848+0000] {base.py:73} INFO - Using connection ID '***' for task execution.
[2023-05-09T17:08:14.855+0000] {sql.py:375} INFO - Running statement: INSERT INTO song_artist_bridge (song_id,artist_id) VALUES (%s,%s) ON CONFLICT (song_id,artist_id) DO UPDATE SET song_id=EXCLUDED.song_id,artist_id=EXCLUDED.artist_id, parameters: ('0hBCGjhWa8Z9ou9JLighrR', '5aTRa02UP1y6PW5klZiTt0')
[2023-05-09T17:08:14.856+0000] {sql.py:384} INFO - Rows affected: 1
[2023-05-09T17:08:14.867+0000] {base.py:73} INFO - Using connection ID '***' for task execution.
[2023-05-09T17:08:14.875+0000] {sql.py:375} INFO - Running statement: INSERT INTO song_artist_bridge (song_id,artist_id) VALUES (%s,%s) ON CONFLICT (song_id,artist_id) DO UPDATE SET song_id=EXCLUDED.song_id,artist_id=EXCLUDED.artist_id, parameters: ('7cELheBXF3jIShGuewCy44', '4kqFrZkeqDfOIEqTWqbOOV')
[2023-05-09T17:08:14.876+0000] {sql.py:384} INFO - Rows affected: 1
[2023-05-09T17:08:14.885+0000] {base.py:73} INFO - Using connection ID '***' for task execution.
[2023-05-09T17:08:14.891+0000] {sql.py:375} INFO - Running statement: INSERT INTO song_artist_bridge (song_id,artist_id) VALUES (%s,%s) ON CONFLICT (song_id,artist_id) DO UPDATE SET song_id=EXCLUDED.song_id,artist_id=EXCLUDED.artist_id, parameters: ('5bwSx1hwmUivlUgY9UhfEB', '4kqFrZkeqDfOIEqTWqbOOV')
[2023-05-09T17:08:14.893+0000] {sql.py:384} INFO - Rows affected: 1
[2023-05-09T17:08:14.903+0000] {base.py:73} INFO - Using connection ID '***' for task execution.
[2023-05-09T17:08:14.910+0000] {sql.py:375} INFO - Running statement: INSERT INTO song_artist_bridge (song_id,artist_id) VALUES (%s,%s) ON CONFLICT (song_id,artist_id) DO UPDATE SET song_id=EXCLUDED.song_id,artist_id=EXCLUDED.artist_id, parameters: ('5bwSx1hwmUivlUgY9UhfEB', '5aTRa02UP1y6PW5klZiTt0')
[2023-05-09T17:08:14.911+0000] {sql.py:384} INFO - Rows affected: 1
[2023-05-09T17:08:14.919+0000] {base.py:73} INFO - Using connection ID '***' for task execution.
[2023-05-09T17:08:14.928+0000] {sql.py:375} INFO - Running statement: INSERT INTO song_artist_bridge (song_id,artist_id) VALUES (%s,%s) ON CONFLICT (song_id,artist_id) DO UPDATE SET song_id=EXCLUDED.song_id,artist_id=EXCLUDED.artist_id, parameters: ('1Sl3gcmaeiU3vOMPpeM98V', '4kqFrZkeqDfOIEqTWqbOOV')
[2023-05-09T17:08:14.930+0000] {sql.py:384} INFO - Rows affected: 1
[2023-05-09T17:08:14.938+0000] {base.py:73} INFO - Using connection ID '***' for task execution.
[2023-05-09T17:08:14.945+0000] {sql.py:375} INFO - Running statement: INSERT INTO song_artist_bridge (song_id,artist_id) VALUES (%s,%s) ON CONFLICT (song_id,artist_id) DO UPDATE SET song_id=EXCLUDED.song_id,artist_id=EXCLUDED.artist_id, parameters: ('7JdarpX08FLhmfNZpxqgUO', '3hOdow4ZPmrby7Q1wfPLEy')
[2023-05-09T17:08:14.948+0000] {sql.py:384} INFO - Rows affected: 1
[2023-05-09T17:08:14.955+0000] {base.py:73} INFO - Using connection ID '***' for task execution.
[2023-05-09T17:08:14.962+0000] {sql.py:375} INFO - Running statement: INSERT INTO song_artist_bridge (song_id,artist_id) VALUES (%s,%s) ON CONFLICT (song_id,artist_id) DO UPDATE SET song_id=EXCLUDED.song_id,artist_id=EXCLUDED.artist_id, parameters: ('4TwVtW8hS5LyLoDtJGpUOg', '2IDLDx25HU1nQMKde4n61a')
[2023-05-09T17:08:14.963+0000] {sql.py:384} INFO - Rows affected: 1
[2023-05-09T17:08:14.972+0000] {base.py:73} INFO - Using connection ID '***' for task execution.
[2023-05-09T17:08:14.980+0000] {sql.py:375} INFO - Running statement: INSERT INTO song_artist_bridge (song_id,artist_id) VALUES (%s,%s) ON CONFLICT (song_id,artist_id) DO UPDATE SET song_id=EXCLUDED.song_id,artist_id=EXCLUDED.artist_id, parameters: ('4TwVtW8hS5LyLoDtJGpUOg', '1AhjOkOLkbHUfcHDSErXQs')
[2023-05-09T17:08:14.982+0000] {sql.py:384} INFO - Rows affected: 1
[2023-05-09T17:08:14.989+0000] {base.py:73} INFO - Using connection ID '***' for task execution.
[2023-05-09T17:08:14.997+0000] {sql.py:375} INFO - Running statement: INSERT INTO song_artist_bridge (song_id,artist_id) VALUES (%s,%s) ON CONFLICT (song_id,artist_id) DO UPDATE SET song_id=EXCLUDED.song_id,artist_id=EXCLUDED.artist_id, parameters: ('30AnNG3dFbHLQuSbIVWEbF', '3hOdow4ZPmrby7Q1wfPLEy')
[2023-05-09T17:08:14.999+0000] {sql.py:384} INFO - Rows affected: 1
[2023-05-09T17:08:15.000+0000] {python.py:183} INFO - Done. Returned value was: None
[2023-05-09T17:08:15.011+0000] {taskinstance.py:1373} INFO - Marking task as SUCCESS. dag_id=Summer_Warped_ETL, task_id=LoadData.LoadSongArtistBridge, execution_date=20230509T170730, start_date=20230509T170807, end_date=20230509T170815
[2023-05-09T17:08:15.037+0000] {local_task_job_runner.py:232} INFO - Task exited with return code 0
[2023-05-09T17:08:15.057+0000] {taskinstance.py:2674} INFO - 1 downstream tasks scheduled from follow-on schedule check
