[2023-05-09T18:56:57.811+0000] {taskinstance.py:1125} INFO - Dependencies all met for dep_context=non-requeueable deps ti=<TaskInstance: Summer_Warped_ETL.LoadData.LoadSongArtistBridge manual__2023-05-09T17:07:30.625545+00:00 [queued]>
[2023-05-09T18:56:57.816+0000] {taskinstance.py:1125} INFO - Dependencies all met for dep_context=requeueable deps ti=<TaskInstance: Summer_Warped_ETL.LoadData.LoadSongArtistBridge manual__2023-05-09T17:07:30.625545+00:00 [queued]>
[2023-05-09T18:56:57.816+0000] {taskinstance.py:1331} INFO - Starting attempt 2 of 4
[2023-05-09T18:56:57.824+0000] {taskinstance.py:1350} INFO - Executing <Task(PythonOperator): LoadData.LoadSongArtistBridge> on 2023-05-09 17:07:30.625545+00:00
[2023-05-09T18:56:57.829+0000] {standard_task_runner.py:57} INFO - Started process 2984 to run task
[2023-05-09T18:56:57.832+0000] {standard_task_runner.py:84} INFO - Running: ['***', 'tasks', 'run', 'Summer_Warped_ETL', 'LoadData.LoadSongArtistBridge', 'manual__2023-05-09T17:07:30.625545+00:00', '--job-id', '2913', '--raw', '--subdir', 'DAGS_FOLDER/warped-dag.py', '--cfg-path', '/tmp/tmprljfxsss']
[2023-05-09T18:56:57.833+0000] {standard_task_runner.py:85} INFO - Job 2913: Subtask LoadData.LoadSongArtistBridge
[2023-05-09T18:56:57.868+0000] {task_command.py:410} INFO - Running <TaskInstance: Summer_Warped_ETL.LoadData.LoadSongArtistBridge manual__2023-05-09T17:07:30.625545+00:00 [running]> on host 544e3a3b1eb2
[2023-05-09T18:56:57.921+0000] {taskinstance.py:1570} INFO - Exporting env vars: AIRFLOW_CTX_DAG_OWNER='Ananta Moharana' AIRFLOW_CTX_DAG_ID='Summer_Warped_ETL' AIRFLOW_CTX_TASK_ID='LoadData.LoadSongArtistBridge' AIRFLOW_CTX_EXECUTION_DATE='2023-05-09T17:07:30.625545+00:00' AIRFLOW_CTX_TRY_NUMBER='2' AIRFLOW_CTX_DAG_RUN_ID='manual__2023-05-09T17:07:30.625545+00:00'
[2023-05-09T18:56:57.923+0000] {logging_mixin.py:149} INFO - 2023-05/song_artist_bridge.csv
[2023-05-09T18:56:57.931+0000] {base.py:73} INFO - Using connection ID 'aws_connection' for task execution.
[2023-05-09T18:56:57.931+0000] {connection_wrapper.py:337} INFO - AWS Connection (conn_id='aws_connection', conn_type='aws') credentials retrieved from login and password.
[2023-05-09T18:56:58.131+0000] {logging_mixin.py:149} INFO -                   song_id               artist_id
0  1LmNhEkyaKl1mSJDNSNwjZ  5aTRa02UP1y6PW5klZiTt0
1  7wIcRhedBpZGpLf9PGKUEh  3XOHHfvBYKCMo1h0DFY27z
2  7wIcRhedBpZGpLf9PGKUEh  1trffosn0Alk3IlloOD5O8
3  7wIcRhedBpZGpLf9PGKUEh  04ei5kNgmDuNAydFhhIHnD
4  1ioQDNCREA6I1BVg8VuD7Z  4kqFrZkeqDfOIEqTWqbOOV
[2023-05-09T18:56:58.132+0000] {logging_mixin.py:149} INFO - INSERT INTO song_artist_bridge (song_id,artist_id) VALUES (%s,%s) ON CONFLICT (song_id,artist_id) DO UPDATE SET song_id=EXCLUDED.song_id,artist_id=EXCLUDED.artist_id
[2023-05-09T18:56:58.139+0000] {base.py:73} INFO - Using connection ID '***' for task execution.
[2023-05-09T18:56:58.147+0000] {sql.py:375} INFO - Running statement: INSERT INTO song_artist_bridge (song_id,artist_id) VALUES (%s,%s) ON CONFLICT (song_id,artist_id) DO UPDATE SET song_id=EXCLUDED.song_id,artist_id=EXCLUDED.artist_id, parameters: ('1LmNhEkyaKl1mSJDNSNwjZ', '5aTRa02UP1y6PW5klZiTt0')
[2023-05-09T18:56:58.148+0000] {sql.py:384} INFO - Rows affected: 1
[2023-05-09T18:56:58.155+0000] {base.py:73} INFO - Using connection ID '***' for task execution.
[2023-05-09T18:56:58.163+0000] {sql.py:375} INFO - Running statement: INSERT INTO song_artist_bridge (song_id,artist_id) VALUES (%s,%s) ON CONFLICT (song_id,artist_id) DO UPDATE SET song_id=EXCLUDED.song_id,artist_id=EXCLUDED.artist_id, parameters: ('7wIcRhedBpZGpLf9PGKUEh', '3XOHHfvBYKCMo1h0DFY27z')
[2023-05-09T18:56:58.165+0000] {sql.py:384} INFO - Rows affected: 1
[2023-05-09T18:56:58.171+0000] {base.py:73} INFO - Using connection ID '***' for task execution.
[2023-05-09T18:56:58.177+0000] {sql.py:375} INFO - Running statement: INSERT INTO song_artist_bridge (song_id,artist_id) VALUES (%s,%s) ON CONFLICT (song_id,artist_id) DO UPDATE SET song_id=EXCLUDED.song_id,artist_id=EXCLUDED.artist_id, parameters: ('7wIcRhedBpZGpLf9PGKUEh', '1trffosn0Alk3IlloOD5O8')
[2023-05-09T18:56:58.179+0000] {sql.py:384} INFO - Rows affected: 1
[2023-05-09T18:56:58.185+0000] {base.py:73} INFO - Using connection ID '***' for task execution.
[2023-05-09T18:56:58.192+0000] {sql.py:375} INFO - Running statement: INSERT INTO song_artist_bridge (song_id,artist_id) VALUES (%s,%s) ON CONFLICT (song_id,artist_id) DO UPDATE SET song_id=EXCLUDED.song_id,artist_id=EXCLUDED.artist_id, parameters: ('7wIcRhedBpZGpLf9PGKUEh', '04ei5kNgmDuNAydFhhIHnD')
[2023-05-09T18:56:58.194+0000] {sql.py:384} INFO - Rows affected: 1
[2023-05-09T18:56:58.200+0000] {base.py:73} INFO - Using connection ID '***' for task execution.
[2023-05-09T18:56:58.205+0000] {sql.py:375} INFO - Running statement: INSERT INTO song_artist_bridge (song_id,artist_id) VALUES (%s,%s) ON CONFLICT (song_id,artist_id) DO UPDATE SET song_id=EXCLUDED.song_id,artist_id=EXCLUDED.artist_id, parameters: ('1ioQDNCREA6I1BVg8VuD7Z', '4kqFrZkeqDfOIEqTWqbOOV')
[2023-05-09T18:56:58.207+0000] {sql.py:384} INFO - Rows affected: 1
[2023-05-09T18:56:58.213+0000] {base.py:73} INFO - Using connection ID '***' for task execution.
[2023-05-09T18:56:58.218+0000] {sql.py:375} INFO - Running statement: INSERT INTO song_artist_bridge (song_id,artist_id) VALUES (%s,%s) ON CONFLICT (song_id,artist_id) DO UPDATE SET song_id=EXCLUDED.song_id,artist_id=EXCLUDED.artist_id, parameters: ('5CsHSdXkw5hxN9LOwHn5mZ', '0WvTK38rXqPCD5pZMDuX20')
[2023-05-09T18:56:58.220+0000] {sql.py:384} INFO - Rows affected: 1
[2023-05-09T18:56:58.225+0000] {base.py:73} INFO - Using connection ID '***' for task execution.
[2023-05-09T18:56:58.231+0000] {sql.py:375} INFO - Running statement: INSERT INTO song_artist_bridge (song_id,artist_id) VALUES (%s,%s) ON CONFLICT (song_id,artist_id) DO UPDATE SET song_id=EXCLUDED.song_id,artist_id=EXCLUDED.artist_id, parameters: ('32FMAbZAzs3D70UuvnN6y4', '3hOdow4ZPmrby7Q1wfPLEy')
[2023-05-09T18:56:58.232+0000] {sql.py:384} INFO - Rows affected: 1
[2023-05-09T18:56:58.238+0000] {base.py:73} INFO - Using connection ID '***' for task execution.
[2023-05-09T18:56:58.244+0000] {sql.py:375} INFO - Running statement: INSERT INTO song_artist_bridge (song_id,artist_id) VALUES (%s,%s) ON CONFLICT (song_id,artist_id) DO UPDATE SET song_id=EXCLUDED.song_id,artist_id=EXCLUDED.artist_id, parameters: ('2fx3JQWD6evgucAoArYojR', '7eRBEVzcZk4XyIdF0Btfg4')
[2023-05-09T18:56:58.246+0000] {sql.py:384} INFO - Rows affected: 1
[2023-05-09T18:56:58.252+0000] {base.py:73} INFO - Using connection ID '***' for task execution.
[2023-05-09T18:56:58.259+0000] {sql.py:375} INFO - Running statement: INSERT INTO song_artist_bridge (song_id,artist_id) VALUES (%s,%s) ON CONFLICT (song_id,artist_id) DO UPDATE SET song_id=EXCLUDED.song_id,artist_id=EXCLUDED.artist_id, parameters: ('2fx3JQWD6evgucAoArYojR', '3Ae7AQITxFS0r3yGQHYDJI')
[2023-05-09T18:56:58.261+0000] {sql.py:384} INFO - Rows affected: 1
[2023-05-09T18:56:58.267+0000] {base.py:73} INFO - Using connection ID '***' for task execution.
[2023-05-09T18:56:58.273+0000] {sql.py:375} INFO - Running statement: INSERT INTO song_artist_bridge (song_id,artist_id) VALUES (%s,%s) ON CONFLICT (song_id,artist_id) DO UPDATE SET song_id=EXCLUDED.song_id,artist_id=EXCLUDED.artist_id, parameters: ('6sLGpYvLDqGCdX9G1sV7rH', '7C4ztJMkuGRy0qkU6dG5hU')
[2023-05-09T18:56:58.274+0000] {sql.py:384} INFO - Rows affected: 1
[2023-05-09T18:56:58.281+0000] {base.py:73} INFO - Using connection ID '***' for task execution.
[2023-05-09T18:56:58.287+0000] {sql.py:375} INFO - Running statement: INSERT INTO song_artist_bridge (song_id,artist_id) VALUES (%s,%s) ON CONFLICT (song_id,artist_id) DO UPDATE SET song_id=EXCLUDED.song_id,artist_id=EXCLUDED.artist_id, parameters: ('6sLGpYvLDqGCdX9G1sV7rH', '0vUk0rbl0BkFjmeFvjOvoj')
[2023-05-09T18:56:58.288+0000] {sql.py:384} INFO - Rows affected: 1
[2023-05-09T18:56:58.294+0000] {base.py:73} INFO - Using connection ID '***' for task execution.
[2023-05-09T18:56:58.300+0000] {sql.py:375} INFO - Running statement: INSERT INTO song_artist_bridge (song_id,artist_id) VALUES (%s,%s) ON CONFLICT (song_id,artist_id) DO UPDATE SET song_id=EXCLUDED.song_id,artist_id=EXCLUDED.artist_id, parameters: ('1hV0Ue00iyNCZvb1n0VyGf', '2cFrymmkijnjDg9SS92EPM')
[2023-05-09T18:56:58.302+0000] {sql.py:384} INFO - Rows affected: 1
[2023-05-09T18:56:58.307+0000] {base.py:73} INFO - Using connection ID '***' for task execution.
[2023-05-09T18:56:58.313+0000] {sql.py:375} INFO - Running statement: INSERT INTO song_artist_bridge (song_id,artist_id) VALUES (%s,%s) ON CONFLICT (song_id,artist_id) DO UPDATE SET song_id=EXCLUDED.song_id,artist_id=EXCLUDED.artist_id, parameters: ('1hV0Ue00iyNCZvb1n0VyGf', '4kqFrZkeqDfOIEqTWqbOOV')
[2023-05-09T18:56:58.314+0000] {sql.py:384} INFO - Rows affected: 1
[2023-05-09T18:56:58.319+0000] {base.py:73} INFO - Using connection ID '***' for task execution.
[2023-05-09T18:56:58.326+0000] {sql.py:375} INFO - Running statement: INSERT INTO song_artist_bridge (song_id,artist_id) VALUES (%s,%s) ON CONFLICT (song_id,artist_id) DO UPDATE SET song_id=EXCLUDED.song_id,artist_id=EXCLUDED.artist_id, parameters: ('1XnnLXcvFd21B25H4IHEIY', '4kqFrZkeqDfOIEqTWqbOOV')
[2023-05-09T18:56:58.328+0000] {sql.py:384} INFO - Rows affected: 1
[2023-05-09T18:56:58.334+0000] {base.py:73} INFO - Using connection ID '***' for task execution.
[2023-05-09T18:56:58.340+0000] {sql.py:375} INFO - Running statement: INSERT INTO song_artist_bridge (song_id,artist_id) VALUES (%s,%s) ON CONFLICT (song_id,artist_id) DO UPDATE SET song_id=EXCLUDED.song_id,artist_id=EXCLUDED.artist_id, parameters: ('5cSg8SdClubjZ32WrKwzAW', '3Ps6le7tj5BdNtdnfNgTU4')
[2023-05-09T18:56:58.342+0000] {sql.py:384} INFO - Rows affected: 1
[2023-05-09T18:56:58.348+0000] {base.py:73} INFO - Using connection ID '***' for task execution.
[2023-05-09T18:56:58.353+0000] {sql.py:375} INFO - Running statement: INSERT INTO song_artist_bridge (song_id,artist_id) VALUES (%s,%s) ON CONFLICT (song_id,artist_id) DO UPDATE SET song_id=EXCLUDED.song_id,artist_id=EXCLUDED.artist_id, parameters: ('5cSg8SdClubjZ32WrKwzAW', '2QuPPChZpqAai29uqulNFe')
[2023-05-09T18:56:58.354+0000] {sql.py:384} INFO - Rows affected: 1
[2023-05-09T18:56:58.360+0000] {base.py:73} INFO - Using connection ID '***' for task execution.
[2023-05-09T18:56:58.367+0000] {sql.py:375} INFO - Running statement: INSERT INTO song_artist_bridge (song_id,artist_id) VALUES (%s,%s) ON CONFLICT (song_id,artist_id) DO UPDATE SET song_id=EXCLUDED.song_id,artist_id=EXCLUDED.artist_id, parameters: ('5vsmYBZnG3kL6RWul1B4c9', '3Ps6le7tj5BdNtdnfNgTU4')
[2023-05-09T18:56:58.368+0000] {sql.py:384} INFO - Rows affected: 1
[2023-05-09T18:56:58.374+0000] {base.py:73} INFO - Using connection ID '***' for task execution.
[2023-05-09T18:56:58.382+0000] {sql.py:375} INFO - Running statement: INSERT INTO song_artist_bridge (song_id,artist_id) VALUES (%s,%s) ON CONFLICT (song_id,artist_id) DO UPDATE SET song_id=EXCLUDED.song_id,artist_id=EXCLUDED.artist_id, parameters: ('5vsmYBZnG3kL6RWul1B4c9', '2QuPPChZpqAai29uqulNFe')
[2023-05-09T18:56:58.384+0000] {sql.py:384} INFO - Rows affected: 1
[2023-05-09T18:56:58.390+0000] {base.py:73} INFO - Using connection ID '***' for task execution.
[2023-05-09T18:56:58.396+0000] {sql.py:375} INFO - Running statement: INSERT INTO song_artist_bridge (song_id,artist_id) VALUES (%s,%s) ON CONFLICT (song_id,artist_id) DO UPDATE SET song_id=EXCLUDED.song_id,artist_id=EXCLUDED.artist_id, parameters: ('14FdeSXWFUosFEevBfOyPb', '5ZPYeVqoWNuukwfarvkyJX')
[2023-05-09T18:56:58.397+0000] {sql.py:384} INFO - Rows affected: 1
[2023-05-09T18:56:58.403+0000] {base.py:73} INFO - Using connection ID '***' for task execution.
[2023-05-09T18:56:58.409+0000] {sql.py:375} INFO - Running statement: INSERT INTO song_artist_bridge (song_id,artist_id) VALUES (%s,%s) ON CONFLICT (song_id,artist_id) DO UPDATE SET song_id=EXCLUDED.song_id,artist_id=EXCLUDED.artist_id, parameters: ('3nIlBeSIVnDbWFO3mExxV2', '3hOdow4ZPmrby7Q1wfPLEy')
[2023-05-09T18:56:58.410+0000] {sql.py:384} INFO - Rows affected: 1
[2023-05-09T18:56:58.416+0000] {base.py:73} INFO - Using connection ID '***' for task execution.
[2023-05-09T18:56:58.421+0000] {sql.py:375} INFO - Running statement: INSERT INTO song_artist_bridge (song_id,artist_id) VALUES (%s,%s) ON CONFLICT (song_id,artist_id) DO UPDATE SET song_id=EXCLUDED.song_id,artist_id=EXCLUDED.artist_id, parameters: ('4zjkYaWZcr6QNr0YkcZQgK', '0BxHc5dN9BSfLZ8PCch9wT')
[2023-05-09T18:56:58.424+0000] {sql.py:384} INFO - Rows affected: 1
[2023-05-09T18:56:58.429+0000] {base.py:73} INFO - Using connection ID '***' for task execution.
[2023-05-09T18:56:58.435+0000] {sql.py:375} INFO - Running statement: INSERT INTO song_artist_bridge (song_id,artist_id) VALUES (%s,%s) ON CONFLICT (song_id,artist_id) DO UPDATE SET song_id=EXCLUDED.song_id,artist_id=EXCLUDED.artist_id, parameters: ('4zjkYaWZcr6QNr0YkcZQgK', '1iT8Vbd7KhZiBji3G72zDW')
[2023-05-09T18:56:58.436+0000] {sql.py:384} INFO - Rows affected: 1
[2023-05-09T18:56:58.442+0000] {base.py:73} INFO - Using connection ID '***' for task execution.
[2023-05-09T18:56:58.450+0000] {sql.py:375} INFO - Running statement: INSERT INTO song_artist_bridge (song_id,artist_id) VALUES (%s,%s) ON CONFLICT (song_id,artist_id) DO UPDATE SET song_id=EXCLUDED.song_id,artist_id=EXCLUDED.artist_id, parameters: ('495p4HdTEzWJ7CkLYD51wO', '4cJKDGSv4Dz9QycXYmo565')
[2023-05-09T18:56:58.452+0000] {sql.py:384} INFO - Rows affected: 1
[2023-05-09T18:56:58.458+0000] {base.py:73} INFO - Using connection ID '***' for task execution.
[2023-05-09T18:56:58.463+0000] {sql.py:375} INFO - Running statement: INSERT INTO song_artist_bridge (song_id,artist_id) VALUES (%s,%s) ON CONFLICT (song_id,artist_id) DO UPDATE SET song_id=EXCLUDED.song_id,artist_id=EXCLUDED.artist_id, parameters: ('2Vgp8Ah9NuTTKDfQykl0f8', '0UENogXhLeGTZjub4eejjX')
[2023-05-09T18:56:58.465+0000] {sql.py:384} INFO - Rows affected: 1
[2023-05-09T18:56:58.470+0000] {base.py:73} INFO - Using connection ID '***' for task execution.
[2023-05-09T18:56:58.476+0000] {sql.py:375} INFO - Running statement: INSERT INTO song_artist_bridge (song_id,artist_id) VALUES (%s,%s) ON CONFLICT (song_id,artist_id) DO UPDATE SET song_id=EXCLUDED.song_id,artist_id=EXCLUDED.artist_id, parameters: ('37y67nNfTNLfMbCh6Mn5PL', '7b2FbxYmnpGMPqDe04QmyP')
[2023-05-09T18:56:58.477+0000] {sql.py:384} INFO - Rows affected: 1
[2023-05-09T18:56:58.483+0000] {base.py:73} INFO - Using connection ID '***' for task execution.
[2023-05-09T18:56:58.488+0000] {sql.py:375} INFO - Running statement: INSERT INTO song_artist_bridge (song_id,artist_id) VALUES (%s,%s) ON CONFLICT (song_id,artist_id) DO UPDATE SET song_id=EXCLUDED.song_id,artist_id=EXCLUDED.artist_id, parameters: ('63PBsYANeKAvmW6vMMus4Y', '2anlj4dNUn9I1VxxmjRHRx')
[2023-05-09T18:56:58.490+0000] {sql.py:384} INFO - Rows affected: 1
[2023-05-09T18:56:58.496+0000] {base.py:73} INFO - Using connection ID '***' for task execution.
[2023-05-09T18:56:58.501+0000] {sql.py:375} INFO - Running statement: INSERT INTO song_artist_bridge (song_id,artist_id) VALUES (%s,%s) ON CONFLICT (song_id,artist_id) DO UPDATE SET song_id=EXCLUDED.song_id,artist_id=EXCLUDED.artist_id, parameters: ('7aGsybFB60iTiG1AyyeVpF', '3hOdow4ZPmrby7Q1wfPLEy')
[2023-05-09T18:56:58.503+0000] {sql.py:384} INFO - Rows affected: 1
[2023-05-09T18:56:58.509+0000] {base.py:73} INFO - Using connection ID '***' for task execution.
[2023-05-09T18:56:58.517+0000] {sql.py:375} INFO - Running statement: INSERT INTO song_artist_bridge (song_id,artist_id) VALUES (%s,%s) ON CONFLICT (song_id,artist_id) DO UPDATE SET song_id=EXCLUDED.song_id,artist_id=EXCLUDED.artist_id, parameters: ('7aGsybFB60iTiG1AyyeVpF', '4FI4qPOnjt3D8DnJQrNWps')
[2023-05-09T18:56:58.518+0000] {sql.py:384} INFO - Rows affected: 1
[2023-05-09T18:56:58.524+0000] {base.py:73} INFO - Using connection ID '***' for task execution.
[2023-05-09T18:56:58.531+0000] {sql.py:375} INFO - Running statement: INSERT INTO song_artist_bridge (song_id,artist_id) VALUES (%s,%s) ON CONFLICT (song_id,artist_id) DO UPDATE SET song_id=EXCLUDED.song_id,artist_id=EXCLUDED.artist_id, parameters: ('6ax40d2A1qCJ0q6v4usuNG', '5uLkZ7FWMTBUg1corQqdkR')
[2023-05-09T18:56:58.533+0000] {sql.py:384} INFO - Rows affected: 1
[2023-05-09T18:56:58.539+0000] {base.py:73} INFO - Using connection ID '***' for task execution.
[2023-05-09T18:56:58.546+0000] {sql.py:375} INFO - Running statement: INSERT INTO song_artist_bridge (song_id,artist_id) VALUES (%s,%s) ON CONFLICT (song_id,artist_id) DO UPDATE SET song_id=EXCLUDED.song_id,artist_id=EXCLUDED.artist_id, parameters: ('5FZ5p7OoluyzZNPEAgkYiV', '0ILo2K3FmfIh4ICcbHE7RK')
[2023-05-09T18:56:58.548+0000] {sql.py:384} INFO - Rows affected: 1
[2023-05-09T18:56:58.554+0000] {base.py:73} INFO - Using connection ID '***' for task execution.
[2023-05-09T18:56:58.560+0000] {sql.py:375} INFO - Running statement: INSERT INTO song_artist_bridge (song_id,artist_id) VALUES (%s,%s) ON CONFLICT (song_id,artist_id) DO UPDATE SET song_id=EXCLUDED.song_id,artist_id=EXCLUDED.artist_id, parameters: ('5FZ5p7OoluyzZNPEAgkYiV', '0r7PsZB4ePA6vHrW4agoGN')
[2023-05-09T18:56:58.562+0000] {sql.py:384} INFO - Rows affected: 1
[2023-05-09T18:56:58.568+0000] {base.py:73} INFO - Using connection ID '***' for task execution.
[2023-05-09T18:56:58.574+0000] {sql.py:375} INFO - Running statement: INSERT INTO song_artist_bridge (song_id,artist_id) VALUES (%s,%s) ON CONFLICT (song_id,artist_id) DO UPDATE SET song_id=EXCLUDED.song_id,artist_id=EXCLUDED.artist_id, parameters: ('03frKXXCZEzd9n9QOEpUQA', '1PpFka2STGQ57kJcgYBgEF')
[2023-05-09T18:56:58.576+0000] {sql.py:384} INFO - Rows affected: 1
[2023-05-09T18:56:58.581+0000] {base.py:73} INFO - Using connection ID '***' for task execution.
[2023-05-09T18:56:58.587+0000] {sql.py:375} INFO - Running statement: INSERT INTO song_artist_bridge (song_id,artist_id) VALUES (%s,%s) ON CONFLICT (song_id,artist_id) DO UPDATE SET song_id=EXCLUDED.song_id,artist_id=EXCLUDED.artist_id, parameters: ('5YLBkEgpKzkPJOu2JZd2Xo', '6YxrfNCKBcQlbITpmDLErL')
[2023-05-09T18:56:58.588+0000] {sql.py:384} INFO - Rows affected: 1
[2023-05-09T18:56:58.595+0000] {base.py:73} INFO - Using connection ID '***' for task execution.
[2023-05-09T18:56:58.600+0000] {sql.py:375} INFO - Running statement: INSERT INTO song_artist_bridge (song_id,artist_id) VALUES (%s,%s) ON CONFLICT (song_id,artist_id) DO UPDATE SET song_id=EXCLUDED.song_id,artist_id=EXCLUDED.artist_id, parameters: ('6Jfd9OQNmtspaEGLI5R5kr', '2R2Yg2qPloNOTOfqxfXX7l')
[2023-05-09T18:56:58.602+0000] {sql.py:384} INFO - Rows affected: 1
[2023-05-09T18:56:58.607+0000] {base.py:73} INFO - Using connection ID '***' for task execution.
[2023-05-09T18:56:58.613+0000] {sql.py:375} INFO - Running statement: INSERT INTO song_artist_bridge (song_id,artist_id) VALUES (%s,%s) ON CONFLICT (song_id,artist_id) DO UPDATE SET song_id=EXCLUDED.song_id,artist_id=EXCLUDED.artist_id, parameters: ('0LHdHYe5ssIheUX5RZw4rN', '4yOY5zmuuTlS1DbG3yZGki')
[2023-05-09T18:56:58.614+0000] {sql.py:384} INFO - Rows affected: 1
[2023-05-09T18:56:58.620+0000] {base.py:73} INFO - Using connection ID '***' for task execution.
[2023-05-09T18:56:58.629+0000] {sql.py:375} INFO - Running statement: INSERT INTO song_artist_bridge (song_id,artist_id) VALUES (%s,%s) ON CONFLICT (song_id,artist_id) DO UPDATE SET song_id=EXCLUDED.song_id,artist_id=EXCLUDED.artist_id, parameters: ('0LHdHYe5ssIheUX5RZw4rN', '7iVscW49OWowl9SoLmWzfy')
[2023-05-09T18:56:58.631+0000] {sql.py:384} INFO - Rows affected: 1
[2023-05-09T18:56:58.638+0000] {base.py:73} INFO - Using connection ID '***' for task execution.
[2023-05-09T18:56:58.644+0000] {sql.py:375} INFO - Running statement: INSERT INTO song_artist_bridge (song_id,artist_id) VALUES (%s,%s) ON CONFLICT (song_id,artist_id) DO UPDATE SET song_id=EXCLUDED.song_id,artist_id=EXCLUDED.artist_id, parameters: ('46s77n3x4XZqUhZfIOCax9', '6c0lj01vVpHsCH7Z5CfJ9K')
[2023-05-09T18:56:58.646+0000] {sql.py:384} INFO - Rows affected: 1
[2023-05-09T18:56:58.652+0000] {base.py:73} INFO - Using connection ID '***' for task execution.
[2023-05-09T18:56:58.658+0000] {sql.py:375} INFO - Running statement: INSERT INTO song_artist_bridge (song_id,artist_id) VALUES (%s,%s) ON CONFLICT (song_id,artist_id) DO UPDATE SET song_id=EXCLUDED.song_id,artist_id=EXCLUDED.artist_id, parameters: ('6XpVAVpg3PfxcoO0tUG8jJ', '4tjqHer0BFQbJ1FVyWhffM')
[2023-05-09T18:56:58.660+0000] {sql.py:384} INFO - Rows affected: 1
[2023-05-09T18:56:58.666+0000] {base.py:73} INFO - Using connection ID '***' for task execution.
[2023-05-09T18:56:58.672+0000] {sql.py:375} INFO - Running statement: INSERT INTO song_artist_bridge (song_id,artist_id) VALUES (%s,%s) ON CONFLICT (song_id,artist_id) DO UPDATE SET song_id=EXCLUDED.song_id,artist_id=EXCLUDED.artist_id, parameters: ('3l9VCXMSoS1KBRhkCU5zuO', '63CZNEytugjFnZBdjBmWc8')
[2023-05-09T18:56:58.674+0000] {sql.py:384} INFO - Rows affected: 1
[2023-05-09T18:56:58.680+0000] {base.py:73} INFO - Using connection ID '***' for task execution.
[2023-05-09T18:56:58.686+0000] {sql.py:375} INFO - Running statement: INSERT INTO song_artist_bridge (song_id,artist_id) VALUES (%s,%s) ON CONFLICT (song_id,artist_id) DO UPDATE SET song_id=EXCLUDED.song_id,artist_id=EXCLUDED.artist_id, parameters: ('1xHtMESwwsyUhV2ezvH7kR', '0ILo2K3FmfIh4ICcbHE7RK')
[2023-05-09T18:56:58.688+0000] {sql.py:384} INFO - Rows affected: 1
[2023-05-09T18:56:58.694+0000] {base.py:73} INFO - Using connection ID '***' for task execution.
[2023-05-09T18:56:58.703+0000] {sql.py:375} INFO - Running statement: INSERT INTO song_artist_bridge (song_id,artist_id) VALUES (%s,%s) ON CONFLICT (song_id,artist_id) DO UPDATE SET song_id=EXCLUDED.song_id,artist_id=EXCLUDED.artist_id, parameters: ('0YRuwU4V9qO0NM4T3mcu0u', '0be7y7HUvSBf8uG1X7pK8f')
[2023-05-09T18:56:58.704+0000] {sql.py:384} INFO - Rows affected: 1
[2023-05-09T18:56:58.711+0000] {base.py:73} INFO - Using connection ID '***' for task execution.
[2023-05-09T18:56:58.717+0000] {sql.py:375} INFO - Running statement: INSERT INTO song_artist_bridge (song_id,artist_id) VALUES (%s,%s) ON CONFLICT (song_id,artist_id) DO UPDATE SET song_id=EXCLUDED.song_id,artist_id=EXCLUDED.artist_id, parameters: ('2nQ8RFX92URyHJeL2Naf3n', '3hOdow4ZPmrby7Q1wfPLEy')
[2023-05-09T18:56:58.719+0000] {sql.py:384} INFO - Rows affected: 1
[2023-05-09T18:56:58.725+0000] {base.py:73} INFO - Using connection ID '***' for task execution.
[2023-05-09T18:56:58.732+0000] {sql.py:375} INFO - Running statement: INSERT INTO song_artist_bridge (song_id,artist_id) VALUES (%s,%s) ON CONFLICT (song_id,artist_id) DO UPDATE SET song_id=EXCLUDED.song_id,artist_id=EXCLUDED.artist_id, parameters: ('3SpRtNO7GKWaFyWydXArvn', '4cJKDGSv4Dz9QycXYmo565')
[2023-05-09T18:56:58.733+0000] {sql.py:384} INFO - Rows affected: 1
[2023-05-09T18:56:58.739+0000] {base.py:73} INFO - Using connection ID '***' for task execution.
[2023-05-09T18:56:58.746+0000] {sql.py:375} INFO - Running statement: INSERT INTO song_artist_bridge (song_id,artist_id) VALUES (%s,%s) ON CONFLICT (song_id,artist_id) DO UPDATE SET song_id=EXCLUDED.song_id,artist_id=EXCLUDED.artist_id, parameters: ('7J66j3JaTRQ3vCxwr4Cwf0', '2trvlbfMS5zVozEmrFNDTJ')
[2023-05-09T18:56:58.747+0000] {sql.py:384} INFO - Rows affected: 1
[2023-05-09T18:56:58.753+0000] {base.py:73} INFO - Using connection ID '***' for task execution.
[2023-05-09T18:56:58.759+0000] {sql.py:375} INFO - Running statement: INSERT INTO song_artist_bridge (song_id,artist_id) VALUES (%s,%s) ON CONFLICT (song_id,artist_id) DO UPDATE SET song_id=EXCLUDED.song_id,artist_id=EXCLUDED.artist_id, parameters: ('7J66j3JaTRQ3vCxwr4Cwf0', '63dmB3SM4vOZ8rK1EX5IkU')
[2023-05-09T18:56:58.761+0000] {sql.py:384} INFO - Rows affected: 1
[2023-05-09T18:56:58.767+0000] {base.py:73} INFO - Using connection ID '***' for task execution.
[2023-05-09T18:56:58.773+0000] {sql.py:375} INFO - Running statement: INSERT INTO song_artist_bridge (song_id,artist_id) VALUES (%s,%s) ON CONFLICT (song_id,artist_id) DO UPDATE SET song_id=EXCLUDED.song_id,artist_id=EXCLUDED.artist_id, parameters: ('2EsyJN3AvC3zBlkQpb119M', '6fWVd57NKTalqvmjRd2t8Z')
[2023-05-09T18:56:58.775+0000] {sql.py:384} INFO - Rows affected: 1
[2023-05-09T18:56:58.781+0000] {base.py:73} INFO - Using connection ID '***' for task execution.
[2023-05-09T18:56:58.787+0000] {sql.py:375} INFO - Running statement: INSERT INTO song_artist_bridge (song_id,artist_id) VALUES (%s,%s) ON CONFLICT (song_id,artist_id) DO UPDATE SET song_id=EXCLUDED.song_id,artist_id=EXCLUDED.artist_id, parameters: ('38Yamwrtcc9Niupl3kH8pH', '3hOdow4ZPmrby7Q1wfPLEy')
[2023-05-09T18:56:58.789+0000] {sql.py:384} INFO - Rows affected: 1
[2023-05-09T18:56:58.795+0000] {base.py:73} INFO - Using connection ID '***' for task execution.
[2023-05-09T18:56:58.807+0000] {sql.py:375} INFO - Running statement: INSERT INTO song_artist_bridge (song_id,artist_id) VALUES (%s,%s) ON CONFLICT (song_id,artist_id) DO UPDATE SET song_id=EXCLUDED.song_id,artist_id=EXCLUDED.artist_id, parameters: ('7qqhkLSwb7910F2LHpYJFo', '3ddT1Q3KQAm1G7UcIfz5KJ')
[2023-05-09T18:56:58.809+0000] {sql.py:384} INFO - Rows affected: 1
[2023-05-09T18:56:58.816+0000] {base.py:73} INFO - Using connection ID '***' for task execution.
[2023-05-09T18:56:58.823+0000] {sql.py:375} INFO - Running statement: INSERT INTO song_artist_bridge (song_id,artist_id) VALUES (%s,%s) ON CONFLICT (song_id,artist_id) DO UPDATE SET song_id=EXCLUDED.song_id,artist_id=EXCLUDED.artist_id, parameters: ('2dkv1xqXpAjP6HtzQLP39Z', '47SwNXPh17mIDcZwsCr6hX')
[2023-05-09T18:56:58.825+0000] {sql.py:384} INFO - Rows affected: 1
[2023-05-09T18:56:58.831+0000] {base.py:73} INFO - Using connection ID '***' for task execution.
[2023-05-09T18:56:58.837+0000] {sql.py:375} INFO - Running statement: INSERT INTO song_artist_bridge (song_id,artist_id) VALUES (%s,%s) ON CONFLICT (song_id,artist_id) DO UPDATE SET song_id=EXCLUDED.song_id,artist_id=EXCLUDED.artist_id, parameters: ('2RJo6RNV5dpjLh6Co4nPsI', '7MS7B4QRp1n6c5H8N7s3wB')
[2023-05-09T18:56:58.839+0000] {sql.py:384} INFO - Rows affected: 1
[2023-05-09T18:56:58.844+0000] {base.py:73} INFO - Using connection ID '***' for task execution.
[2023-05-09T18:56:58.852+0000] {sql.py:375} INFO - Running statement: INSERT INTO song_artist_bridge (song_id,artist_id) VALUES (%s,%s) ON CONFLICT (song_id,artist_id) DO UPDATE SET song_id=EXCLUDED.song_id,artist_id=EXCLUDED.artist_id, parameters: ('703SHNf8XtJnM3gtryjyJ6', '6wUAn24MOirNVNqQM47fda')
[2023-05-09T18:56:58.854+0000] {sql.py:384} INFO - Rows affected: 1
[2023-05-09T18:56:58.860+0000] {base.py:73} INFO - Using connection ID '***' for task execution.
[2023-05-09T18:56:58.866+0000] {sql.py:375} INFO - Running statement: INSERT INTO song_artist_bridge (song_id,artist_id) VALUES (%s,%s) ON CONFLICT (song_id,artist_id) DO UPDATE SET song_id=EXCLUDED.song_id,artist_id=EXCLUDED.artist_id, parameters: ('7fZrKwhsgCM5HzZSpWe2HX', '4tjqHer0BFQbJ1FVyWhffM')
[2023-05-09T18:56:58.867+0000] {sql.py:384} INFO - Rows affected: 1
[2023-05-09T18:56:58.873+0000] {base.py:73} INFO - Using connection ID '***' for task execution.
[2023-05-09T18:56:58.878+0000] {sql.py:375} INFO - Running statement: INSERT INTO song_artist_bridge (song_id,artist_id) VALUES (%s,%s) ON CONFLICT (song_id,artist_id) DO UPDATE SET song_id=EXCLUDED.song_id,artist_id=EXCLUDED.artist_id, parameters: ('0UPPkMYBbotUYqRmekWOqn', '4KoNbDwbCK9D04dSmYG93E')
[2023-05-09T18:56:58.880+0000] {sql.py:384} INFO - Rows affected: 1
[2023-05-09T18:56:58.886+0000] {base.py:73} INFO - Using connection ID '***' for task execution.
[2023-05-09T18:56:58.891+0000] {sql.py:375} INFO - Running statement: INSERT INTO song_artist_bridge (song_id,artist_id) VALUES (%s,%s) ON CONFLICT (song_id,artist_id) DO UPDATE SET song_id=EXCLUDED.song_id,artist_id=EXCLUDED.artist_id, parameters: ('4xalL1bGV2FoRgAVt62mti', '2848adRcxvgWNRcz1g1tQD')
[2023-05-09T18:56:58.893+0000] {sql.py:384} INFO - Rows affected: 1
[2023-05-09T18:56:58.898+0000] {base.py:73} INFO - Using connection ID '***' for task execution.
[2023-05-09T18:56:58.904+0000] {sql.py:375} INFO - Running statement: INSERT INTO song_artist_bridge (song_id,artist_id) VALUES (%s,%s) ON CONFLICT (song_id,artist_id) DO UPDATE SET song_id=EXCLUDED.song_id,artist_id=EXCLUDED.artist_id, parameters: ('7lpUYOCEH6EEOSLF6r1f7r', '0QkgnHpxSCOYdTnhUR9S5k')
[2023-05-09T18:56:58.905+0000] {sql.py:384} INFO - Rows affected: 1
[2023-05-09T18:56:58.911+0000] {base.py:73} INFO - Using connection ID '***' for task execution.
[2023-05-09T18:56:58.917+0000] {sql.py:375} INFO - Running statement: INSERT INTO song_artist_bridge (song_id,artist_id) VALUES (%s,%s) ON CONFLICT (song_id,artist_id) DO UPDATE SET song_id=EXCLUDED.song_id,artist_id=EXCLUDED.artist_id, parameters: ('6MZ91tbZxwwqimJffOoLsW', '7MS7B4QRp1n6c5H8N7s3wB')
[2023-05-09T18:56:58.919+0000] {sql.py:384} INFO - Rows affected: 1
[2023-05-09T18:56:58.925+0000] {base.py:73} INFO - Using connection ID '***' for task execution.
[2023-05-09T18:56:58.933+0000] {sql.py:375} INFO - Running statement: INSERT INTO song_artist_bridge (song_id,artist_id) VALUES (%s,%s) ON CONFLICT (song_id,artist_id) DO UPDATE SET song_id=EXCLUDED.song_id,artist_id=EXCLUDED.artist_id, parameters: ('6UHRvtm1Be1NJOSJMpbGLu', '3AUIYVmhwrsw8UOPHEv91Z')
[2023-05-09T18:56:58.935+0000] {sql.py:384} INFO - Rows affected: 1
[2023-05-09T18:56:58.941+0000] {base.py:73} INFO - Using connection ID '***' for task execution.
[2023-05-09T18:56:58.946+0000] {sql.py:375} INFO - Running statement: INSERT INTO song_artist_bridge (song_id,artist_id) VALUES (%s,%s) ON CONFLICT (song_id,artist_id) DO UPDATE SET song_id=EXCLUDED.song_id,artist_id=EXCLUDED.artist_id, parameters: ('6UHRvtm1Be1NJOSJMpbGLu', '71EAlWYAa5jb4phZIOlp7u')
[2023-05-09T18:56:58.949+0000] {sql.py:384} INFO - Rows affected: 1
[2023-05-09T18:56:58.956+0000] {base.py:73} INFO - Using connection ID '***' for task execution.
[2023-05-09T18:56:58.961+0000] {sql.py:375} INFO - Running statement: INSERT INTO song_artist_bridge (song_id,artist_id) VALUES (%s,%s) ON CONFLICT (song_id,artist_id) DO UPDATE SET song_id=EXCLUDED.song_id,artist_id=EXCLUDED.artist_id, parameters: ('7j8Pum7QmJNtFR5mjniLMu', '4cJKDGSv4Dz9QycXYmo565')
[2023-05-09T18:56:58.963+0000] {sql.py:384} INFO - Rows affected: 1
[2023-05-09T18:56:58.969+0000] {base.py:73} INFO - Using connection ID '***' for task execution.
[2023-05-09T18:56:58.974+0000] {sql.py:375} INFO - Running statement: INSERT INTO song_artist_bridge (song_id,artist_id) VALUES (%s,%s) ON CONFLICT (song_id,artist_id) DO UPDATE SET song_id=EXCLUDED.song_id,artist_id=EXCLUDED.artist_id, parameters: ('7j8Pum7QmJNtFR5mjniLMu', '2GUw9Wzha61PkZoRVv1PDD')
[2023-05-09T18:56:58.975+0000] {sql.py:384} INFO - Rows affected: 1
[2023-05-09T18:56:58.981+0000] {base.py:73} INFO - Using connection ID '***' for task execution.
[2023-05-09T18:56:58.986+0000] {sql.py:375} INFO - Running statement: INSERT INTO song_artist_bridge (song_id,artist_id) VALUES (%s,%s) ON CONFLICT (song_id,artist_id) DO UPDATE SET song_id=EXCLUDED.song_id,artist_id=EXCLUDED.artist_id, parameters: ('06hNKFqaLBZ3FrEKlmwpf7', '3wDeS1sr05fxaOeiJJrOnL')
[2023-05-09T18:56:58.988+0000] {sql.py:384} INFO - Rows affected: 1
[2023-05-09T18:56:58.994+0000] {base.py:73} INFO - Using connection ID '***' for task execution.
[2023-05-09T18:56:59.000+0000] {sql.py:375} INFO - Running statement: INSERT INTO song_artist_bridge (song_id,artist_id) VALUES (%s,%s) ON CONFLICT (song_id,artist_id) DO UPDATE SET song_id=EXCLUDED.song_id,artist_id=EXCLUDED.artist_id, parameters: ('1HIrapG2x5sw0CTJu7VHAH', '7b2FbxYmnpGMPqDe04QmyP')
[2023-05-09T18:56:59.003+0000] {sql.py:384} INFO - Rows affected: 1
[2023-05-09T18:56:59.009+0000] {base.py:73} INFO - Using connection ID '***' for task execution.
[2023-05-09T18:56:59.015+0000] {sql.py:375} INFO - Running statement: INSERT INTO song_artist_bridge (song_id,artist_id) VALUES (%s,%s) ON CONFLICT (song_id,artist_id) DO UPDATE SET song_id=EXCLUDED.song_id,artist_id=EXCLUDED.artist_id, parameters: ('0EnhumMxDBQ6Ap09rluA4k', '1OP39gZ2SXVnwg4NrARmsu')
[2023-05-09T18:56:59.016+0000] {sql.py:384} INFO - Rows affected: 1
[2023-05-09T18:56:59.022+0000] {base.py:73} INFO - Using connection ID '***' for task execution.
[2023-05-09T18:56:59.028+0000] {sql.py:375} INFO - Running statement: INSERT INTO song_artist_bridge (song_id,artist_id) VALUES (%s,%s) ON CONFLICT (song_id,artist_id) DO UPDATE SET song_id=EXCLUDED.song_id,artist_id=EXCLUDED.artist_id, parameters: ('4Ptg6MQDWURiKpXzgnsroE', '1vwwjIPFeYoRfAUCqqO6cZ')
[2023-05-09T18:56:59.029+0000] {sql.py:384} INFO - Rows affected: 1
[2023-05-09T18:56:59.035+0000] {base.py:73} INFO - Using connection ID '***' for task execution.
[2023-05-09T18:56:59.041+0000] {sql.py:375} INFO - Running statement: INSERT INTO song_artist_bridge (song_id,artist_id) VALUES (%s,%s) ON CONFLICT (song_id,artist_id) DO UPDATE SET song_id=EXCLUDED.song_id,artist_id=EXCLUDED.artist_id, parameters: ('7iTWmRy9u5tkXdkxStO4u7', '2Ci3Sflo2BfC77wTwn2hbH')
[2023-05-09T18:56:59.043+0000] {sql.py:384} INFO - Rows affected: 1
[2023-05-09T18:56:59.049+0000] {base.py:73} INFO - Using connection ID '***' for task execution.
[2023-05-09T18:56:59.056+0000] {sql.py:375} INFO - Running statement: INSERT INTO song_artist_bridge (song_id,artist_id) VALUES (%s,%s) ON CONFLICT (song_id,artist_id) DO UPDATE SET song_id=EXCLUDED.song_id,artist_id=EXCLUDED.artist_id, parameters: ('3iYOMRgZVvlmNahSu9hEWi', '670UISOh9XV1zlq5z5IfoY')
[2023-05-09T18:56:59.058+0000] {sql.py:384} INFO - Rows affected: 1
[2023-05-09T18:56:59.064+0000] {base.py:73} INFO - Using connection ID '***' for task execution.
[2023-05-09T18:56:59.071+0000] {sql.py:375} INFO - Running statement: INSERT INTO song_artist_bridge (song_id,artist_id) VALUES (%s,%s) ON CONFLICT (song_id,artist_id) DO UPDATE SET song_id=EXCLUDED.song_id,artist_id=EXCLUDED.artist_id, parameters: ('3iYOMRgZVvlmNahSu9hEWi', '3QZxOYl5zlZtfigtXOZsfT')
[2023-05-09T18:56:59.072+0000] {sql.py:384} INFO - Rows affected: 1
[2023-05-09T18:56:59.079+0000] {base.py:73} INFO - Using connection ID '***' for task execution.
[2023-05-09T18:56:59.084+0000] {sql.py:375} INFO - Running statement: INSERT INTO song_artist_bridge (song_id,artist_id) VALUES (%s,%s) ON CONFLICT (song_id,artist_id) DO UPDATE SET song_id=EXCLUDED.song_id,artist_id=EXCLUDED.artist_id, parameters: ('3ZPqsNlUyRHebbc6r5gSDD', '2AfU5LYBVCiCtuCCfM7uVX')
[2023-05-09T18:56:59.086+0000] {sql.py:384} INFO - Rows affected: 1
[2023-05-09T18:56:59.092+0000] {base.py:73} INFO - Using connection ID '***' for task execution.
[2023-05-09T18:56:59.098+0000] {sql.py:375} INFO - Running statement: INSERT INTO song_artist_bridge (song_id,artist_id) VALUES (%s,%s) ON CONFLICT (song_id,artist_id) DO UPDATE SET song_id=EXCLUDED.song_id,artist_id=EXCLUDED.artist_id, parameters: ('3ZPqsNlUyRHebbc6r5gSDD', '7MigDh04CCntQbsBvugEmb')
[2023-05-09T18:56:59.099+0000] {sql.py:384} INFO - Rows affected: 1
[2023-05-09T18:56:59.105+0000] {base.py:73} INFO - Using connection ID '***' for task execution.
[2023-05-09T18:56:59.111+0000] {sql.py:375} INFO - Running statement: INSERT INTO song_artist_bridge (song_id,artist_id) VALUES (%s,%s) ON CONFLICT (song_id,artist_id) DO UPDATE SET song_id=EXCLUDED.song_id,artist_id=EXCLUDED.artist_id, parameters: ('6ue8qsdLrXbj9UDmhnYkEa', '3ddT1Q3KQAm1G7UcIfz5KJ')
[2023-05-09T18:56:59.113+0000] {sql.py:384} INFO - Rows affected: 1
[2023-05-09T18:56:59.118+0000] {base.py:73} INFO - Using connection ID '***' for task execution.
[2023-05-09T18:56:59.125+0000] {sql.py:375} INFO - Running statement: INSERT INTO song_artist_bridge (song_id,artist_id) VALUES (%s,%s) ON CONFLICT (song_id,artist_id) DO UPDATE SET song_id=EXCLUDED.song_id,artist_id=EXCLUDED.artist_id, parameters: ('0741N487QVIKOvKGJCYGU0', '0QkgnHpxSCOYdTnhUR9S5k')
[2023-05-09T18:56:59.126+0000] {sql.py:384} INFO - Rows affected: 1
[2023-05-09T18:56:59.132+0000] {base.py:73} INFO - Using connection ID '***' for task execution.
[2023-05-09T18:56:59.138+0000] {sql.py:375} INFO - Running statement: INSERT INTO song_artist_bridge (song_id,artist_id) VALUES (%s,%s) ON CONFLICT (song_id,artist_id) DO UPDATE SET song_id=EXCLUDED.song_id,artist_id=EXCLUDED.artist_id, parameters: ('37dVuP5d1BtVDagETMqP3k', '1tQu5TjcAK68fx8qrc8ZgF')
[2023-05-09T18:56:59.140+0000] {sql.py:384} INFO - Rows affected: 1
[2023-05-09T18:56:59.146+0000] {base.py:73} INFO - Using connection ID '***' for task execution.
[2023-05-09T18:56:59.151+0000] {sql.py:375} INFO - Running statement: INSERT INTO song_artist_bridge (song_id,artist_id) VALUES (%s,%s) ON CONFLICT (song_id,artist_id) DO UPDATE SET song_id=EXCLUDED.song_id,artist_id=EXCLUDED.artist_id, parameters: ('0NIVVOcnLUSq73tppaWV9h', '7C4ztJMkuGRy0qkU6dG5hU')
[2023-05-09T18:56:59.153+0000] {sql.py:384} INFO - Rows affected: 1
[2023-05-09T18:56:59.159+0000] {base.py:73} INFO - Using connection ID '***' for task execution.
[2023-05-09T18:56:59.165+0000] {sql.py:375} INFO - Running statement: INSERT INTO song_artist_bridge (song_id,artist_id) VALUES (%s,%s) ON CONFLICT (song_id,artist_id) DO UPDATE SET song_id=EXCLUDED.song_id,artist_id=EXCLUDED.artist_id, parameters: ('0NIVVOcnLUSq73tppaWV9h', '0Kx7qYhFiv0YD5lxEG1nsz')
[2023-05-09T18:56:59.167+0000] {sql.py:384} INFO - Rows affected: 1
[2023-05-09T18:56:59.173+0000] {base.py:73} INFO - Using connection ID '***' for task execution.
[2023-05-09T18:56:59.178+0000] {sql.py:375} INFO - Running statement: INSERT INTO song_artist_bridge (song_id,artist_id) VALUES (%s,%s) ON CONFLICT (song_id,artist_id) DO UPDATE SET song_id=EXCLUDED.song_id,artist_id=EXCLUDED.artist_id, parameters: ('4zp8noasnK5XNuNojkVhiy', '5ibWbhA0IkPT3xCN0YicRL')
[2023-05-09T18:56:59.179+0000] {sql.py:384} INFO - Rows affected: 1
[2023-05-09T18:56:59.186+0000] {base.py:73} INFO - Using connection ID '***' for task execution.
[2023-05-09T18:56:59.192+0000] {sql.py:375} INFO - Running statement: INSERT INTO song_artist_bridge (song_id,artist_id) VALUES (%s,%s) ON CONFLICT (song_id,artist_id) DO UPDATE SET song_id=EXCLUDED.song_id,artist_id=EXCLUDED.artist_id, parameters: ('4zp8noasnK5XNuNojkVhiy', '6YxrfNCKBcQlbITpmDLErL')
[2023-05-09T18:56:59.194+0000] {sql.py:384} INFO - Rows affected: 1
[2023-05-09T18:56:59.201+0000] {base.py:73} INFO - Using connection ID '***' for task execution.
[2023-05-09T18:56:59.207+0000] {sql.py:375} INFO - Running statement: INSERT INTO song_artist_bridge (song_id,artist_id) VALUES (%s,%s) ON CONFLICT (song_id,artist_id) DO UPDATE SET song_id=EXCLUDED.song_id,artist_id=EXCLUDED.artist_id, parameters: ('6wFqLYmiXyGvprbWa4ogm8', '7naAJDAh7AZnf18YYfQruM')
[2023-05-09T18:56:59.208+0000] {sql.py:384} INFO - Rows affected: 1
[2023-05-09T18:56:59.214+0000] {base.py:73} INFO - Using connection ID '***' for task execution.
[2023-05-09T18:56:59.220+0000] {sql.py:375} INFO - Running statement: INSERT INTO song_artist_bridge (song_id,artist_id) VALUES (%s,%s) ON CONFLICT (song_id,artist_id) DO UPDATE SET song_id=EXCLUDED.song_id,artist_id=EXCLUDED.artist_id, parameters: ('7EYpq1ezCFgO8Ioj86mArL', '1OP39gZ2SXVnwg4NrARmsu')
[2023-05-09T18:56:59.222+0000] {sql.py:384} INFO - Rows affected: 1
[2023-05-09T18:56:59.228+0000] {base.py:73} INFO - Using connection ID '***' for task execution.
[2023-05-09T18:56:59.236+0000] {sql.py:375} INFO - Running statement: INSERT INTO song_artist_bridge (song_id,artist_id) VALUES (%s,%s) ON CONFLICT (song_id,artist_id) DO UPDATE SET song_id=EXCLUDED.song_id,artist_id=EXCLUDED.artist_id, parameters: ('0WeFvEY2QEjcKVd8ymli4i', '5aTRa02UP1y6PW5klZiTt0')
[2023-05-09T18:56:59.237+0000] {sql.py:384} INFO - Rows affected: 1
[2023-05-09T18:56:59.243+0000] {base.py:73} INFO - Using connection ID '***' for task execution.
[2023-05-09T18:56:59.248+0000] {sql.py:375} INFO - Running statement: INSERT INTO song_artist_bridge (song_id,artist_id) VALUES (%s,%s) ON CONFLICT (song_id,artist_id) DO UPDATE SET song_id=EXCLUDED.song_id,artist_id=EXCLUDED.artist_id, parameters: ('3DErMJzUrtfGUjet3xpUml', '6fHEaFnFgMxMAtDt7mFoQ3')
[2023-05-09T18:56:59.250+0000] {sql.py:384} INFO - Rows affected: 1
[2023-05-09T18:56:59.256+0000] {base.py:73} INFO - Using connection ID '***' for task execution.
[2023-05-09T18:56:59.261+0000] {sql.py:375} INFO - Running statement: INSERT INTO song_artist_bridge (song_id,artist_id) VALUES (%s,%s) ON CONFLICT (song_id,artist_id) DO UPDATE SET song_id=EXCLUDED.song_id,artist_id=EXCLUDED.artist_id, parameters: ('3tyOS69tgk87QiY3B6TsPY', '3hOdow4ZPmrby7Q1wfPLEy')
[2023-05-09T18:56:59.264+0000] {sql.py:384} INFO - Rows affected: 1
[2023-05-09T18:56:59.270+0000] {base.py:73} INFO - Using connection ID '***' for task execution.
[2023-05-09T18:56:59.277+0000] {sql.py:375} INFO - Running statement: INSERT INTO song_artist_bridge (song_id,artist_id) VALUES (%s,%s) ON CONFLICT (song_id,artist_id) DO UPDATE SET song_id=EXCLUDED.song_id,artist_id=EXCLUDED.artist_id, parameters: ('6nlZ1HZuqOGypB1dEUlO77', '2Ci3Sflo2BfC77wTwn2hbH')
[2023-05-09T18:56:59.280+0000] {sql.py:384} INFO - Rows affected: 1
[2023-05-09T18:56:59.286+0000] {base.py:73} INFO - Using connection ID '***' for task execution.
[2023-05-09T18:56:59.291+0000] {sql.py:375} INFO - Running statement: INSERT INTO song_artist_bridge (song_id,artist_id) VALUES (%s,%s) ON CONFLICT (song_id,artist_id) DO UPDATE SET song_id=EXCLUDED.song_id,artist_id=EXCLUDED.artist_id, parameters: ('3BvqjMhMCLNlluQagWb589', '0S7eN9KAsbAaIZtFyCn1q1')
[2023-05-09T18:56:59.293+0000] {sql.py:384} INFO - Rows affected: 1
[2023-05-09T18:56:59.299+0000] {base.py:73} INFO - Using connection ID '***' for task execution.
[2023-05-09T18:56:59.305+0000] {sql.py:375} INFO - Running statement: INSERT INTO song_artist_bridge (song_id,artist_id) VALUES (%s,%s) ON CONFLICT (song_id,artist_id) DO UPDATE SET song_id=EXCLUDED.song_id,artist_id=EXCLUDED.artist_id, parameters: ('4hOuJIB1norFj3j84oY2Cq', '4X8TR9pBFyewFlIDYt1o2s')
[2023-05-09T18:56:59.307+0000] {sql.py:384} INFO - Rows affected: 1
[2023-05-09T18:56:59.313+0000] {base.py:73} INFO - Using connection ID '***' for task execution.
[2023-05-09T18:56:59.319+0000] {sql.py:375} INFO - Running statement: INSERT INTO song_artist_bridge (song_id,artist_id) VALUES (%s,%s) ON CONFLICT (song_id,artist_id) DO UPDATE SET song_id=EXCLUDED.song_id,artist_id=EXCLUDED.artist_id, parameters: ('2YkOpi22nrGAspbEBX5aU8', '5UrcghjIlj83Jf7QjZfBhZ')
[2023-05-09T18:56:59.321+0000] {sql.py:384} INFO - Rows affected: 1
[2023-05-09T18:56:59.327+0000] {base.py:73} INFO - Using connection ID '***' for task execution.
[2023-05-09T18:56:59.340+0000] {sql.py:375} INFO - Running statement: INSERT INTO song_artist_bridge (song_id,artist_id) VALUES (%s,%s) ON CONFLICT (song_id,artist_id) DO UPDATE SET song_id=EXCLUDED.song_id,artist_id=EXCLUDED.artist_id, parameters: ('2YkOpi22nrGAspbEBX5aU8', '3pob90yrusjcbgSYFKaeAk')
[2023-05-09T18:56:59.345+0000] {sql.py:384} INFO - Rows affected: 1
[2023-05-09T18:56:59.357+0000] {base.py:73} INFO - Using connection ID '***' for task execution.
[2023-05-09T18:56:59.365+0000] {sql.py:375} INFO - Running statement: INSERT INTO song_artist_bridge (song_id,artist_id) VALUES (%s,%s) ON CONFLICT (song_id,artist_id) DO UPDATE SET song_id=EXCLUDED.song_id,artist_id=EXCLUDED.artist_id, parameters: ('2YkOpi22nrGAspbEBX5aU8', '7BoBxrm9jJ7us6U92oqr4N')
[2023-05-09T18:56:59.366+0000] {sql.py:384} INFO - Rows affected: 1
[2023-05-09T18:56:59.372+0000] {base.py:73} INFO - Using connection ID '***' for task execution.
[2023-05-09T18:56:59.378+0000] {sql.py:375} INFO - Running statement: INSERT INTO song_artist_bridge (song_id,artist_id) VALUES (%s,%s) ON CONFLICT (song_id,artist_id) DO UPDATE SET song_id=EXCLUDED.song_id,artist_id=EXCLUDED.artist_id, parameters: ('2YkOpi22nrGAspbEBX5aU8', '1fsCfvdiomqjKJFR6xI8e4')
[2023-05-09T18:56:59.380+0000] {sql.py:384} INFO - Rows affected: 1
[2023-05-09T18:56:59.386+0000] {base.py:73} INFO - Using connection ID '***' for task execution.
[2023-05-09T18:56:59.392+0000] {sql.py:375} INFO - Running statement: INSERT INTO song_artist_bridge (song_id,artist_id) VALUES (%s,%s) ON CONFLICT (song_id,artist_id) DO UPDATE SET song_id=EXCLUDED.song_id,artist_id=EXCLUDED.artist_id, parameters: ('3eZXeTzRtqFrpj5zSfw9V0', '5uLkZ7FWMTBUg1corQqdkR')
[2023-05-09T18:56:59.393+0000] {sql.py:384} INFO - Rows affected: 1
[2023-05-09T18:56:59.399+0000] {base.py:73} INFO - Using connection ID '***' for task execution.
[2023-05-09T18:56:59.405+0000] {sql.py:375} INFO - Running statement: INSERT INTO song_artist_bridge (song_id,artist_id) VALUES (%s,%s) ON CONFLICT (song_id,artist_id) DO UPDATE SET song_id=EXCLUDED.song_id,artist_id=EXCLUDED.artist_id, parameters: ('5l5SMWVPhVlJOmYFzDmJvY', '3hOdow4ZPmrby7Q1wfPLEy')
[2023-05-09T18:56:59.406+0000] {sql.py:384} INFO - Rows affected: 1
[2023-05-09T18:56:59.412+0000] {base.py:73} INFO - Using connection ID '***' for task execution.
[2023-05-09T18:56:59.417+0000] {sql.py:375} INFO - Running statement: INSERT INTO song_artist_bridge (song_id,artist_id) VALUES (%s,%s) ON CONFLICT (song_id,artist_id) DO UPDATE SET song_id=EXCLUDED.song_id,artist_id=EXCLUDED.artist_id, parameters: ('1OQb4VaksoBhhreYGQ3ppU', '61qMnYXa1GxSBoV3IiYKjZ')
[2023-05-09T18:56:59.419+0000] {sql.py:384} INFO - Rows affected: 1
[2023-05-09T18:56:59.425+0000] {base.py:73} INFO - Using connection ID '***' for task execution.
[2023-05-09T18:56:59.433+0000] {sql.py:375} INFO - Running statement: INSERT INTO song_artist_bridge (song_id,artist_id) VALUES (%s,%s) ON CONFLICT (song_id,artist_id) DO UPDATE SET song_id=EXCLUDED.song_id,artist_id=EXCLUDED.artist_id, parameters: ('6ER2Dbq8uoZYd8IQ19OSqS', '61qMnYXa1GxSBoV3IiYKjZ')
[2023-05-09T18:56:59.435+0000] {sql.py:384} INFO - Rows affected: 1
[2023-05-09T18:56:59.441+0000] {base.py:73} INFO - Using connection ID '***' for task execution.
[2023-05-09T18:56:59.448+0000] {sql.py:375} INFO - Running statement: INSERT INTO song_artist_bridge (song_id,artist_id) VALUES (%s,%s) ON CONFLICT (song_id,artist_id) DO UPDATE SET song_id=EXCLUDED.song_id,artist_id=EXCLUDED.artist_id, parameters: ('6ER2Dbq8uoZYd8IQ19OSqS', '1KuV6xtFnLPsneN3yBrjFj')
[2023-05-09T18:56:59.450+0000] {sql.py:384} INFO - Rows affected: 1
[2023-05-09T18:56:59.456+0000] {base.py:73} INFO - Using connection ID '***' for task execution.
[2023-05-09T18:56:59.461+0000] {sql.py:375} INFO - Running statement: INSERT INTO song_artist_bridge (song_id,artist_id) VALUES (%s,%s) ON CONFLICT (song_id,artist_id) DO UPDATE SET song_id=EXCLUDED.song_id,artist_id=EXCLUDED.artist_id, parameters: ('4GRLGjwgWzZ33HQU3BIdH9', '4tjqHer0BFQbJ1FVyWhffM')
[2023-05-09T18:56:59.464+0000] {sql.py:384} INFO - Rows affected: 1
[2023-05-09T18:56:59.469+0000] {base.py:73} INFO - Using connection ID '***' for task execution.
[2023-05-09T18:56:59.476+0000] {sql.py:375} INFO - Running statement: INSERT INTO song_artist_bridge (song_id,artist_id) VALUES (%s,%s) ON CONFLICT (song_id,artist_id) DO UPDATE SET song_id=EXCLUDED.song_id,artist_id=EXCLUDED.artist_id, parameters: ('1JmEymqQwLXvCg3sJ7gz0n', '61qMnYXa1GxSBoV3IiYKjZ')
[2023-05-09T18:56:59.478+0000] {sql.py:384} INFO - Rows affected: 1
[2023-05-09T18:56:59.484+0000] {base.py:73} INFO - Using connection ID '***' for task execution.
[2023-05-09T18:56:59.489+0000] {sql.py:375} INFO - Running statement: INSERT INTO song_artist_bridge (song_id,artist_id) VALUES (%s,%s) ON CONFLICT (song_id,artist_id) DO UPDATE SET song_id=EXCLUDED.song_id,artist_id=EXCLUDED.artist_id, parameters: ('1akuKqHyYofuNsvLfvNPBe', '7wSr4otUV4ytUvHE4w3rBe')
[2023-05-09T18:56:59.491+0000] {sql.py:384} INFO - Rows affected: 1
[2023-05-09T18:56:59.497+0000] {base.py:73} INFO - Using connection ID '***' for task execution.
[2023-05-09T18:56:59.503+0000] {sql.py:375} INFO - Running statement: INSERT INTO song_artist_bridge (song_id,artist_id) VALUES (%s,%s) ON CONFLICT (song_id,artist_id) DO UPDATE SET song_id=EXCLUDED.song_id,artist_id=EXCLUDED.artist_id, parameters: ('2BSICryahPlMusTqQDrsYe', '3QZxOYl5zlZtfigtXOZsfT')
[2023-05-09T18:56:59.504+0000] {sql.py:384} INFO - Rows affected: 1
[2023-05-09T18:56:59.510+0000] {base.py:73} INFO - Using connection ID '***' for task execution.
[2023-05-09T18:56:59.518+0000] {sql.py:375} INFO - Running statement: INSERT INTO song_artist_bridge (song_id,artist_id) VALUES (%s,%s) ON CONFLICT (song_id,artist_id) DO UPDATE SET song_id=EXCLUDED.song_id,artist_id=EXCLUDED.artist_id, parameters: ('6tiENvREXsXPDdnMGoioP0', '61qMnYXa1GxSBoV3IiYKjZ')
[2023-05-09T18:56:59.520+0000] {sql.py:384} INFO - Rows affected: 1
[2023-05-09T18:56:59.526+0000] {base.py:73} INFO - Using connection ID '***' for task execution.
[2023-05-09T18:56:59.531+0000] {sql.py:375} INFO - Running statement: INSERT INTO song_artist_bridge (song_id,artist_id) VALUES (%s,%s) ON CONFLICT (song_id,artist_id) DO UPDATE SET song_id=EXCLUDED.song_id,artist_id=EXCLUDED.artist_id, parameters: ('5oLnXmEdr6h92pFNtBgJVR', '7HfUJxeVTgrvhk0eWHFzV7')
[2023-05-09T18:56:59.533+0000] {sql.py:384} INFO - Rows affected: 1
[2023-05-09T18:56:59.539+0000] {base.py:73} INFO - Using connection ID '***' for task execution.
[2023-05-09T18:56:59.545+0000] {sql.py:375} INFO - Running statement: INSERT INTO song_artist_bridge (song_id,artist_id) VALUES (%s,%s) ON CONFLICT (song_id,artist_id) DO UPDATE SET song_id=EXCLUDED.song_id,artist_id=EXCLUDED.artist_id, parameters: ('1rCdmjQUxxdvcCY92D7UiR', '0be7y7HUvSBf8uG1X7pK8f')
[2023-05-09T18:56:59.547+0000] {sql.py:384} INFO - Rows affected: 1
[2023-05-09T18:56:59.554+0000] {base.py:73} INFO - Using connection ID '***' for task execution.
[2023-05-09T18:56:59.559+0000] {sql.py:375} INFO - Running statement: INSERT INTO song_artist_bridge (song_id,artist_id) VALUES (%s,%s) ON CONFLICT (song_id,artist_id) DO UPDATE SET song_id=EXCLUDED.song_id,artist_id=EXCLUDED.artist_id, parameters: ('1Juo9g0Rjxo6fxOmr8N3wV', '4HAfqyKr4Sqtab6ttHWXgE')
[2023-05-09T18:56:59.561+0000] {sql.py:384} INFO - Rows affected: 1
[2023-05-09T18:56:59.568+0000] {base.py:73} INFO - Using connection ID '***' for task execution.
[2023-05-09T18:56:59.574+0000] {sql.py:375} INFO - Running statement: INSERT INTO song_artist_bridge (song_id,artist_id) VALUES (%s,%s) ON CONFLICT (song_id,artist_id) DO UPDATE SET song_id=EXCLUDED.song_id,artist_id=EXCLUDED.artist_id, parameters: ('6NTD9xwzvTisuBhDxSvldL', '5aTRa02UP1y6PW5klZiTt0')
[2023-05-09T18:56:59.575+0000] {sql.py:384} INFO - Rows affected: 1
[2023-05-09T18:56:59.582+0000] {base.py:73} INFO - Using connection ID '***' for task execution.
[2023-05-09T18:56:59.588+0000] {sql.py:375} INFO - Running statement: INSERT INTO song_artist_bridge (song_id,artist_id) VALUES (%s,%s) ON CONFLICT (song_id,artist_id) DO UPDATE SET song_id=EXCLUDED.song_id,artist_id=EXCLUDED.artist_id, parameters: ('3v61DyG93LsHgpAtCaXMYV', '27w1NoOLMX7tJMYqcetPyG')
[2023-05-09T18:56:59.589+0000] {sql.py:384} INFO - Rows affected: 1
[2023-05-09T18:56:59.595+0000] {base.py:73} INFO - Using connection ID '***' for task execution.
[2023-05-09T18:56:59.601+0000] {sql.py:375} INFO - Running statement: INSERT INTO song_artist_bridge (song_id,artist_id) VALUES (%s,%s) ON CONFLICT (song_id,artist_id) DO UPDATE SET song_id=EXCLUDED.song_id,artist_id=EXCLUDED.artist_id, parameters: ('3v61DyG93LsHgpAtCaXMYV', '4KoNbDwbCK9D04dSmYG93E')
[2023-05-09T18:56:59.603+0000] {sql.py:384} INFO - Rows affected: 1
[2023-05-09T18:56:59.609+0000] {base.py:73} INFO - Using connection ID '***' for task execution.
[2023-05-09T18:56:59.615+0000] {sql.py:375} INFO - Running statement: INSERT INTO song_artist_bridge (song_id,artist_id) VALUES (%s,%s) ON CONFLICT (song_id,artist_id) DO UPDATE SET song_id=EXCLUDED.song_id,artist_id=EXCLUDED.artist_id, parameters: ('5OxGWmF7NIZ1q2JM3bxeOr', '5G9kmDLg3OeUyj8KVBLzbu')
[2023-05-09T18:56:59.616+0000] {sql.py:384} INFO - Rows affected: 1
[2023-05-09T18:56:59.622+0000] {base.py:73} INFO - Using connection ID '***' for task execution.
[2023-05-09T18:56:59.629+0000] {sql.py:375} INFO - Running statement: INSERT INTO song_artist_bridge (song_id,artist_id) VALUES (%s,%s) ON CONFLICT (song_id,artist_id) DO UPDATE SET song_id=EXCLUDED.song_id,artist_id=EXCLUDED.artist_id, parameters: ('0nygzznhANm4uiBwhUkE6o', '7vSY9HEreOqb1Llar3UC38')
[2023-05-09T18:56:59.631+0000] {sql.py:384} INFO - Rows affected: 1
[2023-05-09T18:56:59.636+0000] {base.py:73} INFO - Using connection ID '***' for task execution.
[2023-05-09T18:56:59.644+0000] {sql.py:375} INFO - Running statement: INSERT INTO song_artist_bridge (song_id,artist_id) VALUES (%s,%s) ON CONFLICT (song_id,artist_id) DO UPDATE SET song_id=EXCLUDED.song_id,artist_id=EXCLUDED.artist_id, parameters: ('1I0529lSZwDiYDts9aKaLy', '3QZxOYl5zlZtfigtXOZsfT')
[2023-05-09T18:56:59.646+0000] {sql.py:384} INFO - Rows affected: 1
[2023-05-09T18:56:59.652+0000] {base.py:73} INFO - Using connection ID '***' for task execution.
[2023-05-09T18:56:59.657+0000] {sql.py:375} INFO - Running statement: INSERT INTO song_artist_bridge (song_id,artist_id) VALUES (%s,%s) ON CONFLICT (song_id,artist_id) DO UPDATE SET song_id=EXCLUDED.song_id,artist_id=EXCLUDED.artist_id, parameters: ('2Y4ol1FiPdSPMwaEMJgXMN', '7FngGIEGgN3Iwauw1MvO4P')
[2023-05-09T18:56:59.659+0000] {sql.py:384} INFO - Rows affected: 1
[2023-05-09T18:56:59.665+0000] {base.py:73} INFO - Using connection ID '***' for task execution.
[2023-05-09T18:56:59.672+0000] {sql.py:375} INFO - Running statement: INSERT INTO song_artist_bridge (song_id,artist_id) VALUES (%s,%s) ON CONFLICT (song_id,artist_id) DO UPDATE SET song_id=EXCLUDED.song_id,artist_id=EXCLUDED.artist_id, parameters: ('5ui2l0pTXT0cjHB1gw4MEa', '1N9JxmOPJqhMCw219uoEi8')
[2023-05-09T18:56:59.673+0000] {sql.py:384} INFO - Rows affected: 1
[2023-05-09T18:56:59.679+0000] {base.py:73} INFO - Using connection ID '***' for task execution.
[2023-05-09T18:56:59.685+0000] {sql.py:375} INFO - Running statement: INSERT INTO song_artist_bridge (song_id,artist_id) VALUES (%s,%s) ON CONFLICT (song_id,artist_id) DO UPDATE SET song_id=EXCLUDED.song_id,artist_id=EXCLUDED.artist_id, parameters: ('5ui2l0pTXT0cjHB1gw4MEa', '5VfSeZYcDwD8WQVwbaoL6z')
[2023-05-09T18:56:59.686+0000] {sql.py:384} INFO - Rows affected: 1
[2023-05-09T18:56:59.692+0000] {base.py:73} INFO - Using connection ID '***' for task execution.
[2023-05-09T18:56:59.698+0000] {sql.py:375} INFO - Running statement: INSERT INTO song_artist_bridge (song_id,artist_id) VALUES (%s,%s) ON CONFLICT (song_id,artist_id) DO UPDATE SET song_id=EXCLUDED.song_id,artist_id=EXCLUDED.artist_id, parameters: ('79iuMoPY5U9jVQfLIWN3xO', '1N9JxmOPJqhMCw219uoEi8')
[2023-05-09T18:56:59.699+0000] {sql.py:384} INFO - Rows affected: 1
[2023-05-09T18:56:59.706+0000] {base.py:73} INFO - Using connection ID '***' for task execution.
[2023-05-09T18:56:59.712+0000] {sql.py:375} INFO - Running statement: INSERT INTO song_artist_bridge (song_id,artist_id) VALUES (%s,%s) ON CONFLICT (song_id,artist_id) DO UPDATE SET song_id=EXCLUDED.song_id,artist_id=EXCLUDED.artist_id, parameters: ('7d01oOW0gldyGW8hlUVN1J', '5aTRa02UP1y6PW5klZiTt0')
[2023-05-09T18:56:59.713+0000] {sql.py:384} INFO - Rows affected: 1
[2023-05-09T18:56:59.719+0000] {base.py:73} INFO - Using connection ID '***' for task execution.
[2023-05-09T18:56:59.725+0000] {sql.py:375} INFO - Running statement: INSERT INTO song_artist_bridge (song_id,artist_id) VALUES (%s,%s) ON CONFLICT (song_id,artist_id) DO UPDATE SET song_id=EXCLUDED.song_id,artist_id=EXCLUDED.artist_id, parameters: ('1cOVM7E3WZchifwUBf1FHT', '5aTRa02UP1y6PW5klZiTt0')
[2023-05-09T18:56:59.726+0000] {sql.py:384} INFO - Rows affected: 1
[2023-05-09T18:56:59.732+0000] {base.py:73} INFO - Using connection ID '***' for task execution.
[2023-05-09T18:56:59.738+0000] {sql.py:375} INFO - Running statement: INSERT INTO song_artist_bridge (song_id,artist_id) VALUES (%s,%s) ON CONFLICT (song_id,artist_id) DO UPDATE SET song_id=EXCLUDED.song_id,artist_id=EXCLUDED.artist_id, parameters: ('1cOVM7E3WZchifwUBf1FHT', '4kqFrZkeqDfOIEqTWqbOOV')
[2023-05-09T18:56:59.739+0000] {sql.py:384} INFO - Rows affected: 1
[2023-05-09T18:56:59.745+0000] {base.py:73} INFO - Using connection ID '***' for task execution.
[2023-05-09T18:56:59.752+0000] {sql.py:375} INFO - Running statement: INSERT INTO song_artist_bridge (song_id,artist_id) VALUES (%s,%s) ON CONFLICT (song_id,artist_id) DO UPDATE SET song_id=EXCLUDED.song_id,artist_id=EXCLUDED.artist_id, parameters: ('3leQHWQif6ZH4mKRUk3YkW', '5JZPSVFMUk4HGDdx68lN77')
[2023-05-09T18:56:59.753+0000] {sql.py:384} INFO - Rows affected: 1
[2023-05-09T18:56:59.759+0000] {base.py:73} INFO - Using connection ID '***' for task execution.
[2023-05-09T18:56:59.765+0000] {sql.py:375} INFO - Running statement: INSERT INTO song_artist_bridge (song_id,artist_id) VALUES (%s,%s) ON CONFLICT (song_id,artist_id) DO UPDATE SET song_id=EXCLUDED.song_id,artist_id=EXCLUDED.artist_id, parameters: ('0tBQVOAtBpqdQK2ExkbHZX', '5aTRa02UP1y6PW5klZiTt0')
[2023-05-09T18:56:59.767+0000] {sql.py:384} INFO - Rows affected: 1
[2023-05-09T18:56:59.773+0000] {base.py:73} INFO - Using connection ID '***' for task execution.
[2023-05-09T18:56:59.778+0000] {sql.py:375} INFO - Running statement: INSERT INTO song_artist_bridge (song_id,artist_id) VALUES (%s,%s) ON CONFLICT (song_id,artist_id) DO UPDATE SET song_id=EXCLUDED.song_id,artist_id=EXCLUDED.artist_id, parameters: ('1frV7Du2WwiKx0bHHphYCM', '5JZPSVFMUk4HGDdx68lN77')
[2023-05-09T18:56:59.780+0000] {sql.py:384} INFO - Rows affected: 1
[2023-05-09T18:56:59.786+0000] {base.py:73} INFO - Using connection ID '***' for task execution.
[2023-05-09T18:56:59.791+0000] {sql.py:375} INFO - Running statement: INSERT INTO song_artist_bridge (song_id,artist_id) VALUES (%s,%s) ON CONFLICT (song_id,artist_id) DO UPDATE SET song_id=EXCLUDED.song_id,artist_id=EXCLUDED.artist_id, parameters: ('2UFxllzBQap2AqgpeqHUKX', '5aTRa02UP1y6PW5klZiTt0')
[2023-05-09T18:56:59.792+0000] {sql.py:384} INFO - Rows affected: 1
[2023-05-09T18:56:59.798+0000] {base.py:73} INFO - Using connection ID '***' for task execution.
[2023-05-09T18:56:59.804+0000] {sql.py:375} INFO - Running statement: INSERT INTO song_artist_bridge (song_id,artist_id) VALUES (%s,%s) ON CONFLICT (song_id,artist_id) DO UPDATE SET song_id=EXCLUDED.song_id,artist_id=EXCLUDED.artist_id, parameters: ('2UFxllzBQap2AqgpeqHUKX', '6rEjEIfp3NSRteU3kJGSET')
[2023-05-09T18:56:59.805+0000] {sql.py:384} INFO - Rows affected: 1
[2023-05-09T18:56:59.811+0000] {base.py:73} INFO - Using connection ID '***' for task execution.
[2023-05-09T18:56:59.816+0000] {sql.py:375} INFO - Running statement: INSERT INTO song_artist_bridge (song_id,artist_id) VALUES (%s,%s) ON CONFLICT (song_id,artist_id) DO UPDATE SET song_id=EXCLUDED.song_id,artist_id=EXCLUDED.artist_id, parameters: ('0hBCGjhWa8Z9ou9JLighrR', '4kqFrZkeqDfOIEqTWqbOOV')
[2023-05-09T18:56:59.818+0000] {sql.py:384} INFO - Rows affected: 1
[2023-05-09T18:56:59.823+0000] {base.py:73} INFO - Using connection ID '***' for task execution.
[2023-05-09T18:56:59.829+0000] {sql.py:375} INFO - Running statement: INSERT INTO song_artist_bridge (song_id,artist_id) VALUES (%s,%s) ON CONFLICT (song_id,artist_id) DO UPDATE SET song_id=EXCLUDED.song_id,artist_id=EXCLUDED.artist_id, parameters: ('0hBCGjhWa8Z9ou9JLighrR', '5aTRa02UP1y6PW5klZiTt0')
[2023-05-09T18:56:59.830+0000] {sql.py:384} INFO - Rows affected: 1
[2023-05-09T18:56:59.836+0000] {base.py:73} INFO - Using connection ID '***' for task execution.
[2023-05-09T18:56:59.841+0000] {sql.py:375} INFO - Running statement: INSERT INTO song_artist_bridge (song_id,artist_id) VALUES (%s,%s) ON CONFLICT (song_id,artist_id) DO UPDATE SET song_id=EXCLUDED.song_id,artist_id=EXCLUDED.artist_id, parameters: ('7cELheBXF3jIShGuewCy44', '4kqFrZkeqDfOIEqTWqbOOV')
[2023-05-09T18:56:59.843+0000] {sql.py:384} INFO - Rows affected: 1
[2023-05-09T18:56:59.849+0000] {base.py:73} INFO - Using connection ID '***' for task execution.
[2023-05-09T18:56:59.854+0000] {sql.py:375} INFO - Running statement: INSERT INTO song_artist_bridge (song_id,artist_id) VALUES (%s,%s) ON CONFLICT (song_id,artist_id) DO UPDATE SET song_id=EXCLUDED.song_id,artist_id=EXCLUDED.artist_id, parameters: ('5bwSx1hwmUivlUgY9UhfEB', '4kqFrZkeqDfOIEqTWqbOOV')
[2023-05-09T18:56:59.856+0000] {sql.py:384} INFO - Rows affected: 1
[2023-05-09T18:56:59.862+0000] {base.py:73} INFO - Using connection ID '***' for task execution.
[2023-05-09T18:56:59.867+0000] {sql.py:375} INFO - Running statement: INSERT INTO song_artist_bridge (song_id,artist_id) VALUES (%s,%s) ON CONFLICT (song_id,artist_id) DO UPDATE SET song_id=EXCLUDED.song_id,artist_id=EXCLUDED.artist_id, parameters: ('5bwSx1hwmUivlUgY9UhfEB', '5aTRa02UP1y6PW5klZiTt0')
[2023-05-09T18:56:59.869+0000] {sql.py:384} INFO - Rows affected: 1
[2023-05-09T18:56:59.875+0000] {base.py:73} INFO - Using connection ID '***' for task execution.
[2023-05-09T18:56:59.882+0000] {sql.py:375} INFO - Running statement: INSERT INTO song_artist_bridge (song_id,artist_id) VALUES (%s,%s) ON CONFLICT (song_id,artist_id) DO UPDATE SET song_id=EXCLUDED.song_id,artist_id=EXCLUDED.artist_id, parameters: ('1Sl3gcmaeiU3vOMPpeM98V', '4kqFrZkeqDfOIEqTWqbOOV')
[2023-05-09T18:56:59.884+0000] {sql.py:384} INFO - Rows affected: 1
[2023-05-09T18:56:59.890+0000] {base.py:73} INFO - Using connection ID '***' for task execution.
[2023-05-09T18:56:59.897+0000] {sql.py:375} INFO - Running statement: INSERT INTO song_artist_bridge (song_id,artist_id) VALUES (%s,%s) ON CONFLICT (song_id,artist_id) DO UPDATE SET song_id=EXCLUDED.song_id,artist_id=EXCLUDED.artist_id, parameters: ('7JdarpX08FLhmfNZpxqgUO', '3hOdow4ZPmrby7Q1wfPLEy')
[2023-05-09T18:56:59.899+0000] {sql.py:384} INFO - Rows affected: 1
[2023-05-09T18:56:59.904+0000] {base.py:73} INFO - Using connection ID '***' for task execution.
[2023-05-09T18:56:59.913+0000] {sql.py:375} INFO - Running statement: INSERT INTO song_artist_bridge (song_id,artist_id) VALUES (%s,%s) ON CONFLICT (song_id,artist_id) DO UPDATE SET song_id=EXCLUDED.song_id,artist_id=EXCLUDED.artist_id, parameters: ('4TwVtW8hS5LyLoDtJGpUOg', '2IDLDx25HU1nQMKde4n61a')
[2023-05-09T18:56:59.916+0000] {sql.py:384} INFO - Rows affected: 1
[2023-05-09T18:56:59.923+0000] {base.py:73} INFO - Using connection ID '***' for task execution.
[2023-05-09T18:56:59.929+0000] {sql.py:375} INFO - Running statement: INSERT INTO song_artist_bridge (song_id,artist_id) VALUES (%s,%s) ON CONFLICT (song_id,artist_id) DO UPDATE SET song_id=EXCLUDED.song_id,artist_id=EXCLUDED.artist_id, parameters: ('4TwVtW8hS5LyLoDtJGpUOg', '1AhjOkOLkbHUfcHDSErXQs')
[2023-05-09T18:56:59.931+0000] {sql.py:384} INFO - Rows affected: 1
[2023-05-09T18:56:59.937+0000] {base.py:73} INFO - Using connection ID '***' for task execution.
[2023-05-09T18:56:59.944+0000] {sql.py:375} INFO - Running statement: INSERT INTO song_artist_bridge (song_id,artist_id) VALUES (%s,%s) ON CONFLICT (song_id,artist_id) DO UPDATE SET song_id=EXCLUDED.song_id,artist_id=EXCLUDED.artist_id, parameters: ('30AnNG3dFbHLQuSbIVWEbF', '3hOdow4ZPmrby7Q1wfPLEy')
[2023-05-09T18:56:59.945+0000] {sql.py:384} INFO - Rows affected: 1
[2023-05-09T18:56:59.946+0000] {python.py:183} INFO - Done. Returned value was: None
[2023-05-09T18:56:59.956+0000] {taskinstance.py:1373} INFO - Marking task as SUCCESS. dag_id=Summer_Warped_ETL, task_id=LoadData.LoadSongArtistBridge, execution_date=20230509T170730, start_date=20230509T185657, end_date=20230509T185659
[2023-05-09T18:57:00.009+0000] {local_task_job_runner.py:232} INFO - Task exited with return code 0
[2023-05-09T18:57:00.031+0000] {taskinstance.py:2674} INFO - 1 downstream tasks scheduled from follow-on schedule check
