[2023-05-08T16:10:03.540+0000] {taskinstance.py:1125} INFO - Dependencies all met for dep_context=non-requeueable deps ti=<TaskInstance: Summer_Warped_ETL.GetArtistInfo manual__2023-05-08T16:02:34.709403+00:00 [queued]>
[2023-05-08T16:10:03.546+0000] {taskinstance.py:1125} INFO - Dependencies all met for dep_context=requeueable deps ti=<TaskInstance: Summer_Warped_ETL.GetArtistInfo manual__2023-05-08T16:02:34.709403+00:00 [queued]>
[2023-05-08T16:10:03.547+0000] {taskinstance.py:1331} INFO - Starting attempt 2 of 4
[2023-05-08T16:10:03.558+0000] {taskinstance.py:1350} INFO - Executing <Task(PythonOperator): GetArtistInfo> on 2023-05-08 16:02:34.709403+00:00
[2023-05-08T16:10:03.568+0000] {standard_task_runner.py:57} INFO - Started process 744 to run task
[2023-05-08T16:10:03.573+0000] {standard_task_runner.py:84} INFO - Running: ['***', 'tasks', 'run', 'Summer_Warped_ETL', 'GetArtistInfo', 'manual__2023-05-08T16:02:34.709403+00:00', '--job-id', '2433', '--raw', '--subdir', 'DAGS_FOLDER/warped-dag.py', '--cfg-path', '/tmp/tmpt0eob022']
[2023-05-08T16:10:03.574+0000] {standard_task_runner.py:85} INFO - Job 2433: Subtask GetArtistInfo
[2023-05-08T16:10:03.645+0000] {task_command.py:410} INFO - Running <TaskInstance: Summer_Warped_ETL.GetArtistInfo manual__2023-05-08T16:02:34.709403+00:00 [running]> on host 7b4753e133cb
[2023-05-08T16:10:03.723+0000] {taskinstance.py:1570} INFO - Exporting env vars: AIRFLOW_CTX_DAG_OWNER='Ananta Moharana' AIRFLOW_CTX_DAG_ID='Summer_Warped_ETL' AIRFLOW_CTX_TASK_ID='GetArtistInfo' AIRFLOW_CTX_EXECUTION_DATE='2023-05-08T16:02:34.709403+00:00' AIRFLOW_CTX_TRY_NUMBER='2' AIRFLOW_CTX_DAG_RUN_ID='manual__2023-05-08T16:02:34.709403+00:00'
[2023-05-08T16:10:03.988+0000] {logging_mixin.py:149} INFO - emo rap
[2023-05-08T16:10:04.081+0000] {logging_mixin.py:149} INFO - cloud rap
[2023-05-08T16:10:04.302+0000] {logging_mixin.py:149} INFO - hyperpop
[2023-05-08T16:10:04.399+0000] {logging_mixin.py:149} INFO - nyc rap
[2023-05-08T16:10:05.004+0000] {logging_mixin.py:149} INFO - upstate ny rap
[2023-05-08T16:10:05.120+0000] {logging_mixin.py:149} INFO - emo rap
[2023-05-08T16:10:05.216+0000] {logging_mixin.py:149} INFO - emo rap
[2023-05-08T16:10:05.334+0000] {logging_mixin.py:149} INFO - hyperpop
[2023-05-08T16:10:05.527+0000] {logging_mixin.py:149} INFO - glitchcore
[2023-05-08T16:10:05.727+0000] {logging_mixin.py:149} INFO - aesthetic rap
[2023-05-08T16:10:05.830+0000] {logging_mixin.py:149} INFO - glitchcore
[2023-05-08T16:10:06.027+0000] {logging_mixin.py:149} INFO - indie pop rap
[2023-05-08T16:10:06.325+0000] {logging_mixin.py:149} INFO - canadian hip hop
[2023-05-08T16:10:06.529+0000] {logging_mixin.py:149} INFO - glitchcore
[2023-05-08T16:10:06.646+0000] {logging_mixin.py:149} INFO - underground hip hop
[2023-05-08T16:10:06.745+0000] {logging_mixin.py:149} INFO - glitchcore
[2023-05-08T16:10:06.860+0000] {logging_mixin.py:149} INFO - asian american hip hop
[2023-05-08T16:10:06.960+0000] {logging_mixin.py:149} INFO - canadian hip hop
[2023-05-08T16:10:07.387+0000] {logging_mixin.py:149} INFO - emo rap
[2023-05-08T16:10:07.475+0000] {logging_mixin.py:149} INFO - sad rap
[2023-05-08T16:10:07.566+0000] {logging_mixin.py:149} INFO - meme rap
[2023-05-08T16:10:07.688+0000] {logging_mixin.py:149} INFO - cloud rap
[2023-05-08T16:10:07.825+0000] {logging_mixin.py:149} INFO - emoplugg
[2023-05-08T16:10:07.943+0000] {logging_mixin.py:149} INFO - alt z
[2023-05-08T16:10:08.234+0000] {logging_mixin.py:149} INFO - cloud rap
[2023-05-08T16:10:08.444+0000] {logging_mixin.py:149} INFO - emo rap
[2023-05-08T16:10:08.658+0000] {logging_mixin.py:149} INFO - canadian contemporary r&b
[2023-05-08T16:10:08.803+0000] {logging_mixin.py:149} INFO - bedroom soul
[2023-05-08T16:10:08.901+0000] {logging_mixin.py:149} INFO - la pop
[2023-05-08T16:10:09.181+0000] {logging_mixin.py:149} INFO - indie pop rap
[2023-05-08T16:10:09.282+0000] {logging_mixin.py:149} INFO - lo-fi rap
[2023-05-08T16:10:09.495+0000] {logging_mixin.py:149} INFO - pop edm
[2023-05-08T16:10:09.590+0000] {logging_mixin.py:149} INFO - indie hip hop
[2023-05-08T16:10:09.888+0000] {logging_mixin.py:149} INFO - emo rap
[2023-05-08T16:10:10.170+0000] {logging_mixin.py:149} INFO - cali rap
[2023-05-08T16:10:10.266+0000] {logging_mixin.py:149} INFO - hyperpop
[2023-05-08T16:10:10.370+0000] {logging_mixin.py:149} INFO - hyperpop
[2023-05-08T16:10:10.488+0000] {logging_mixin.py:149} INFO - pittsburgh rap
[2023-05-08T16:10:10.591+0000] {logging_mixin.py:149} INFO - cloud rap
[2023-05-08T16:10:10.919+0000] {logging_mixin.py:149} INFO - cloud rap
[2023-05-08T16:10:11.030+0000] {logging_mixin.py:149} INFO - alt z
[2023-05-08T16:10:11.236+0000] {logging_mixin.py:149} INFO - cloud rap
[2023-05-08T16:10:11.338+0000] {logging_mixin.py:149} INFO - future bass
[2023-05-08T16:10:11.437+0000] {logging_mixin.py:149} INFO - cloud rap
[2023-05-08T16:10:11.536+0000] {logging_mixin.py:149} INFO - cloud rap
[2023-05-08T16:10:11.844+0000] {logging_mixin.py:149} INFO - st louis rap
[2023-05-08T16:10:11.950+0000] {logging_mixin.py:149} INFO - melodic rap
[2023-05-08T16:10:12.054+0000] {logging_mixin.py:149} INFO - emo rap
[2023-05-08T16:10:12.144+0000] {logging_mixin.py:149} INFO - canadian contemporary r&b
[2023-05-08T16:10:12.258+0000] {logging_mixin.py:149} INFO - sad rap
[2023-05-08T16:10:12.359+0000] {logging_mixin.py:149} INFO - hyperpop
[2023-05-08T16:10:12.495+0000] {logging_mixin.py:149} INFO - aesthetic rap
[2023-05-08T16:10:12.600+0000] {logging_mixin.py:149} INFO - sad rap
[2023-05-08T16:10:12.687+0000] {logging_mixin.py:149} INFO - indonesian hip hop
[2023-05-08T16:10:12.786+0000] {logging_mixin.py:149} INFO - vapor trap
[2023-05-08T16:10:12.888+0000] {logging_mixin.py:149} INFO - indie pop rap
[2023-05-08T16:10:12.991+0000] {logging_mixin.py:149} INFO - cloud rap
[2023-05-08T16:10:13.187+0000] {logging_mixin.py:149} INFO - atl hip hop
[2023-05-08T16:10:13.208+0000] {python.py:183} INFO - Done. Returned value was: None
[2023-05-08T16:10:13.220+0000] {taskinstance.py:1373} INFO - Marking task as SUCCESS. dag_id=Summer_Warped_ETL, task_id=GetArtistInfo, execution_date=20230508T160234, start_date=20230508T161003, end_date=20230508T161013
[2023-05-08T16:10:13.269+0000] {local_task_job_runner.py:232} INFO - Task exited with return code 0
[2023-05-08T16:10:13.293+0000] {taskinstance.py:2674} INFO - 0 downstream tasks scheduled from follow-on schedule check
