[2023-05-06T22:58:58.506+0000] {taskinstance.py:1125} INFO - Dependencies all met for dep_context=non-requeueable deps ti=<TaskInstance: Summer_Warped_ETL.GetArtistInfo manual__2023-05-06T22:02:18.022658+00:00 [queued]>
[2023-05-06T22:58:58.511+0000] {taskinstance.py:1125} INFO - Dependencies all met for dep_context=requeueable deps ti=<TaskInstance: Summer_Warped_ETL.GetArtistInfo manual__2023-05-06T22:02:18.022658+00:00 [queued]>
[2023-05-06T22:58:58.512+0000] {taskinstance.py:1331} INFO - Starting attempt 8 of 10
[2023-05-06T22:58:58.519+0000] {taskinstance.py:1350} INFO - Executing <Task(PythonOperator): GetArtistInfo> on 2023-05-06 22:02:18.022658+00:00
[2023-05-06T22:58:58.524+0000] {standard_task_runner.py:57} INFO - Started process 1854 to run task
[2023-05-06T22:58:58.528+0000] {standard_task_runner.py:84} INFO - Running: ['***', 'tasks', 'run', 'Summer_Warped_ETL', 'GetArtistInfo', 'manual__2023-05-06T22:02:18.022658+00:00', '--job-id', '471', '--raw', '--subdir', 'DAGS_FOLDER/warped-dag.py', '--cfg-path', '/tmp/tmpdia3mqkh']
[2023-05-06T22:58:58.529+0000] {standard_task_runner.py:85} INFO - Job 471: Subtask GetArtistInfo
[2023-05-06T22:58:58.577+0000] {task_command.py:410} INFO - Running <TaskInstance: Summer_Warped_ETL.GetArtistInfo manual__2023-05-06T22:02:18.022658+00:00 [running]> on host b60ed7c33f68
[2023-05-06T22:58:58.640+0000] {taskinstance.py:1570} INFO - Exporting env vars: AIRFLOW_CTX_DAG_OWNER='Ananta Moharana' AIRFLOW_CTX_DAG_ID='Summer_Warped_ETL' AIRFLOW_CTX_TASK_ID='GetArtistInfo' AIRFLOW_CTX_EXECUTION_DATE='2023-05-06T22:02:18.022658+00:00' AIRFLOW_CTX_TRY_NUMBER='8' AIRFLOW_CTX_DAG_RUN_ID='manual__2023-05-06T22:02:18.022658+00:00'
[2023-05-06T22:58:58.827+0000] {logging_mixin.py:149} INFO - sad rap
[2023-05-06T22:58:59.096+0000] {logging_mixin.py:149} INFO - deep underground hip hop
[2023-05-06T22:58:59.205+0000] {logging_mixin.py:149} INFO - indie hip hop
[2023-05-06T22:58:59.299+0000] {logging_mixin.py:149} INFO - canadian contemporary r&b
[2023-05-06T22:58:59.405+0000] {logging_mixin.py:149} INFO - emo rap
[2023-05-06T22:59:00.002+0000] {logging_mixin.py:149} INFO - st louis rap
[2023-05-06T22:59:00.237+0000] {logging_mixin.py:149} INFO - canadian hip hop
[2023-05-06T22:59:00.331+0000] {logging_mixin.py:149} INFO - alt z
[2023-05-06T22:59:00.438+0000] {logging_mixin.py:149} INFO - cloud rap
[2023-05-06T22:59:00.542+0000] {logging_mixin.py:149} INFO - pop edm
[2023-05-06T22:59:00.644+0000] {logging_mixin.py:149} INFO - aesthetic rap
[2023-05-06T22:59:00.852+0000] {logging_mixin.py:149} INFO - emoplugg
[2023-05-06T22:59:01.067+0000] {logging_mixin.py:149} INFO - underground hip hop
[2023-05-06T22:59:01.167+0000] {logging_mixin.py:149} INFO - hyperpop
[2023-05-06T22:59:01.276+0000] {logging_mixin.py:149} INFO - upstate ny rap
[2023-05-06T22:59:01.370+0000] {logging_mixin.py:149} INFO - nyc rap
[2023-05-06T22:59:01.472+0000] {logging_mixin.py:149} INFO - lo-fi rap
[2023-05-06T22:59:01.584+0000] {logging_mixin.py:149} INFO - cloud rap
[2023-05-06T22:59:01.685+0000] {logging_mixin.py:149} INFO - pittsburgh rap
[2023-05-06T22:59:01.784+0000] {logging_mixin.py:149} INFO - bedroom soul
[2023-05-06T22:59:02.058+0000] {logging_mixin.py:149} INFO - cali rap
[2023-05-06T22:59:02.461+0000] {logging_mixin.py:149} INFO - cloud rap
[2023-05-06T22:59:02.701+0000] {logging_mixin.py:149} INFO - glitchcore
[2023-05-06T22:59:02.814+0000] {logging_mixin.py:149} INFO - glitchcore
[2023-05-06T22:59:02.913+0000] {logging_mixin.py:149} INFO - glitchcore
[2023-05-06T22:59:03.116+0000] {logging_mixin.py:149} INFO - sad rap
[2023-05-06T22:59:03.320+0000] {logging_mixin.py:149} INFO - asian american hip hop
[2023-05-06T22:59:03.533+0000] {logging_mixin.py:149} INFO - glitchcore
[2023-05-06T22:59:03.630+0000] {logging_mixin.py:149} INFO - cloud rap
[2023-05-06T22:59:03.868+0000] {logging_mixin.py:149} INFO - cloud rap
[2023-05-06T22:59:03.960+0000] {logging_mixin.py:149} INFO - emo rap
[2023-05-06T22:59:04.148+0000] {logging_mixin.py:149} INFO - emo rap
[2023-05-06T22:59:04.348+0000] {logging_mixin.py:149} INFO - emo rap
[2023-05-06T22:59:04.447+0000] {logging_mixin.py:149} INFO - indonesian hip hop
[2023-05-06T22:59:04.896+0000] {logging_mixin.py:149} INFO - hyperpop
[2023-05-06T22:59:05.003+0000] {logging_mixin.py:149} INFO - emo rap
[2023-05-06T22:59:05.098+0000] {logging_mixin.py:149} INFO - emo rap
[2023-05-06T22:59:05.198+0000] {logging_mixin.py:149} INFO - indie pop rap
[2023-05-06T22:59:05.411+0000] {logging_mixin.py:149} INFO - hyperpop
[2023-05-06T22:59:05.511+0000] {logging_mixin.py:149} INFO - emo rap
[2023-05-06T22:59:05.763+0000] {logging_mixin.py:149} INFO - indie pop rap
[2023-05-06T22:59:06.083+0000] {logging_mixin.py:149} INFO - cloud rap
[2023-05-06T22:59:06.338+0000] {logging_mixin.py:149} INFO - vapor trap
[2023-05-06T22:59:06.438+0000] {logging_mixin.py:149} INFO - meme rap
[2023-05-06T22:59:06.536+0000] {logging_mixin.py:149} INFO - la pop
[2023-05-06T22:59:06.645+0000] {logging_mixin.py:149} INFO - cloud rap
[2023-05-06T22:59:06.749+0000] {logging_mixin.py:149} INFO - sad rap
[2023-05-06T22:59:06.882+0000] {logging_mixin.py:149} INFO - alt z
[2023-05-06T22:59:06.987+0000] {logging_mixin.py:149} INFO - canadian contemporary r&b
[2023-05-06T22:59:07.086+0000] {logging_mixin.py:149} INFO - cloud rap
[2023-05-06T22:59:07.202+0000] {logging_mixin.py:149} INFO - hyperpop
[2023-05-06T22:59:07.319+0000] {logging_mixin.py:149} INFO - aesthetic rap
[2023-05-06T22:59:07.417+0000] {logging_mixin.py:149} INFO - canadian hip hop
[2023-05-06T22:59:07.513+0000] {logging_mixin.py:149} INFO - melodic rap
[2023-05-06T22:59:07.621+0000] {logging_mixin.py:149} INFO - hyperpop
[2023-05-06T22:59:07.871+0000] {logging_mixin.py:149} INFO - cloud rap
[2023-05-06T22:59:07.975+0000] {logging_mixin.py:149} INFO - atl hip hop
[2023-05-06T22:59:08.088+0000] {logging_mixin.py:149} INFO - future bass
[2023-05-06T22:59:08.322+0000] {python.py:183} INFO - Done. Returned value was: None
[2023-05-06T22:59:08.332+0000] {taskinstance.py:1373} INFO - Marking task as SUCCESS. dag_id=Summer_Warped_ETL, task_id=GetArtistInfo, execution_date=20230506T220218, start_date=20230506T225858, end_date=20230506T225908
[2023-05-06T22:59:08.383+0000] {local_task_job_runner.py:232} INFO - Task exited with return code 0
[2023-05-06T22:59:08.401+0000] {taskinstance.py:2674} INFO - 0 downstream tasks scheduled from follow-on schedule check
