[2023-05-07T00:03:56.830+0000] {taskinstance.py:1125} INFO - Dependencies all met for dep_context=non-requeueable deps ti=<TaskInstance: Summer_Warped_ETL.GetArtistInfo manual__2023-05-06T22:02:18.022658+00:00 [queued]>
[2023-05-07T00:03:56.835+0000] {taskinstance.py:1125} INFO - Dependencies all met for dep_context=requeueable deps ti=<TaskInstance: Summer_Warped_ETL.GetArtistInfo manual__2023-05-06T22:02:18.022658+00:00 [queued]>
[2023-05-07T00:03:56.836+0000] {taskinstance.py:1331} INFO - Starting attempt 25 of 27
[2023-05-07T00:03:56.845+0000] {taskinstance.py:1350} INFO - Executing <Task(PythonOperator): GetArtistInfo> on 2023-05-06 22:02:18.022658+00:00
[2023-05-07T00:03:56.851+0000] {standard_task_runner.py:57} INFO - Started process 76 to run task
[2023-05-07T00:03:56.860+0000] {standard_task_runner.py:84} INFO - Running: ['***', 'tasks', 'run', 'Summer_Warped_ETL', 'GetArtistInfo', 'manual__2023-05-06T22:02:18.022658+00:00', '--job-id', '684', '--raw', '--subdir', 'DAGS_FOLDER/warped-dag.py', '--cfg-path', '/tmp/tmpprl4g5ql']
[2023-05-07T00:03:56.861+0000] {standard_task_runner.py:85} INFO - Job 684: Subtask GetArtistInfo
[2023-05-07T00:03:56.926+0000] {task_command.py:410} INFO - Running <TaskInstance: Summer_Warped_ETL.GetArtistInfo manual__2023-05-06T22:02:18.022658+00:00 [running]> on host 2336b5f51000
[2023-05-07T00:03:56.999+0000] {taskinstance.py:1570} INFO - Exporting env vars: AIRFLOW_CTX_DAG_OWNER='Ananta Moharana' AIRFLOW_CTX_DAG_ID='Summer_Warped_ETL' AIRFLOW_CTX_TASK_ID='GetArtistInfo' AIRFLOW_CTX_EXECUTION_DATE='2023-05-06T22:02:18.022658+00:00' AIRFLOW_CTX_TRY_NUMBER='25' AIRFLOW_CTX_DAG_RUN_ID='manual__2023-05-06T22:02:18.022658+00:00'
[2023-05-07T00:03:57.472+0000] {logging_mixin.py:149} INFO - sad rap
[2023-05-07T00:03:57.577+0000] {logging_mixin.py:149} INFO - pop edm
[2023-05-07T00:03:57.676+0000] {logging_mixin.py:149} INFO - emo rap
[2023-05-07T00:03:57.923+0000] {logging_mixin.py:149} INFO - aesthetic rap
[2023-05-07T00:03:58.342+0000] {logging_mixin.py:149} INFO - cali rap
[2023-05-07T00:03:58.466+0000] {logging_mixin.py:149} INFO - meme rap
[2023-05-07T00:03:58.560+0000] {logging_mixin.py:149} INFO - cloud rap
[2023-05-07T00:03:58.686+0000] {logging_mixin.py:149} INFO - emo rap
[2023-05-07T00:03:58.886+0000] {logging_mixin.py:149} INFO - sad rap
[2023-05-07T00:03:59.081+0000] {logging_mixin.py:149} INFO - glitchcore
[2023-05-07T00:03:59.288+0000] {logging_mixin.py:149} INFO - hyperpop
[2023-05-07T00:03:59.497+0000] {logging_mixin.py:149} INFO - emo rap
[2023-05-07T00:03:59.607+0000] {logging_mixin.py:149} INFO - lo-fi rap
[2023-05-07T00:03:59.703+0000] {logging_mixin.py:149} INFO - cloud rap
[2023-05-07T00:04:00.115+0000] {logging_mixin.py:149} INFO - indie pop rap
[2023-05-07T00:04:00.316+0000] {logging_mixin.py:149} INFO - sad rap
[2023-05-07T00:04:00.413+0000] {logging_mixin.py:149} INFO - vapor trap
[2023-05-07T00:04:00.635+0000] {logging_mixin.py:149} INFO - cloud rap
[2023-05-07T00:04:00.755+0000] {logging_mixin.py:149} INFO - canadian hip hop
[2023-05-07T00:04:00.862+0000] {logging_mixin.py:149} INFO - atl hip hop
[2023-05-07T00:04:00.962+0000] {logging_mixin.py:149} INFO - nyc rap
[2023-05-07T00:04:01.056+0000] {logging_mixin.py:149} INFO - alt z
[2023-05-07T00:04:01.225+0000] {logging_mixin.py:149} INFO - st louis rap
[2023-05-07T00:04:01.332+0000] {logging_mixin.py:149} INFO - bedroom soul
[2023-05-07T00:04:01.551+0000] {logging_mixin.py:149} INFO - aesthetic rap
[2023-05-07T00:04:01.749+0000] {logging_mixin.py:149} INFO - cloud rap
[2023-05-07T00:04:01.855+0000] {logging_mixin.py:149} INFO - cloud rap
[2023-05-07T00:04:01.960+0000] {logging_mixin.py:149} INFO - la pop
[2023-05-07T00:04:02.058+0000] {logging_mixin.py:149} INFO - future bass
[2023-05-07T00:04:02.162+0000] {logging_mixin.py:149} INFO - canadian contemporary r&b
[2023-05-07T00:04:02.256+0000] {logging_mixin.py:149} INFO - indie hip hop
[2023-05-07T00:04:02.361+0000] {logging_mixin.py:149} INFO - hyperpop
[2023-05-07T00:04:02.692+0000] {logging_mixin.py:149} INFO - emo rap
[2023-05-07T00:04:02.783+0000] {logging_mixin.py:149} INFO - underground hip hop
[2023-05-07T00:04:02.879+0000] {logging_mixin.py:149} INFO - hyperpop
[2023-05-07T00:04:03.180+0000] {logging_mixin.py:149} INFO - emo rap
[2023-05-07T00:04:03.283+0000] {logging_mixin.py:149} INFO - cloud rap
[2023-05-07T00:04:03.382+0000] {logging_mixin.py:149} INFO - glitchcore
[2023-05-07T00:04:03.611+0000] {logging_mixin.py:149} INFO - hyperpop
[2023-05-07T00:04:03.710+0000] {logging_mixin.py:149} INFO - cloud rap
[2023-05-07T00:04:03.826+0000] {logging_mixin.py:149} INFO - upstate ny rap
[2023-05-07T00:04:03.984+0000] {logging_mixin.py:149} INFO - glitchcore
[2023-05-07T00:04:04.079+0000] {logging_mixin.py:149} INFO - canadian hip hop
[2023-05-07T00:04:04.182+0000] {logging_mixin.py:149} INFO - emoplugg
[2023-05-07T00:04:04.430+0000] {logging_mixin.py:149} INFO - pittsburgh rap
[2023-05-07T00:04:04.649+0000] {logging_mixin.py:149} INFO - melodic rap
[2023-05-07T00:04:04.893+0000] {logging_mixin.py:149} INFO - emo rap
[2023-05-07T00:04:04.998+0000] {logging_mixin.py:149} INFO - hyperpop
[2023-05-07T00:04:05.093+0000] {logging_mixin.py:149} INFO - glitchcore
[2023-05-07T00:04:05.380+0000] {logging_mixin.py:149} INFO - asian american hip hop
[2023-05-07T00:04:05.653+0000] {logging_mixin.py:149} INFO - deep underground hip hop
[2023-05-07T00:04:05.809+0000] {logging_mixin.py:149} INFO - alt z
[2023-05-07T00:04:05.912+0000] {logging_mixin.py:149} INFO - cloud rap
[2023-05-07T00:04:06.124+0000] {logging_mixin.py:149} INFO - cloud rap
[2023-05-07T00:04:06.230+0000] {logging_mixin.py:149} INFO - emo rap
[2023-05-07T00:04:06.345+0000] {logging_mixin.py:149} INFO - indie pop rap
[2023-05-07T00:04:06.470+0000] {logging_mixin.py:149} INFO - canadian contemporary r&b
[2023-05-07T00:04:06.572+0000] {logging_mixin.py:149} INFO - indonesian hip hop
[2023-05-07T00:04:06.595+0000] {python.py:183} INFO - Done. Returned value was: None
[2023-05-07T00:04:06.608+0000] {taskinstance.py:1373} INFO - Marking task as SUCCESS. dag_id=Summer_Warped_ETL, task_id=GetArtistInfo, execution_date=20230506T220218, start_date=20230507T000356, end_date=20230507T000406
[2023-05-07T00:04:06.630+0000] {local_task_job_runner.py:232} INFO - Task exited with return code 0
[2023-05-07T00:04:06.648+0000] {taskinstance.py:2674} INFO - 0 downstream tasks scheduled from follow-on schedule check
