[2023-05-06T23:34:27.719+0000] {taskinstance.py:1125} INFO - Dependencies all met for dep_context=non-requeueable deps ti=<TaskInstance: Summer_Warped_ETL.GetArtistInfo manual__2023-05-06T22:02:18.022658+00:00 [queued]>
[2023-05-06T23:34:27.724+0000] {taskinstance.py:1125} INFO - Dependencies all met for dep_context=requeueable deps ti=<TaskInstance: Summer_Warped_ETL.GetArtistInfo manual__2023-05-06T22:02:18.022658+00:00 [queued]>
[2023-05-06T23:34:27.724+0000] {taskinstance.py:1331} INFO - Starting attempt 15 of 17
[2023-05-06T23:34:27.732+0000] {taskinstance.py:1350} INFO - Executing <Task(PythonOperator): GetArtistInfo> on 2023-05-06 22:02:18.022658+00:00
[2023-05-06T23:34:27.737+0000] {standard_task_runner.py:57} INFO - Started process 316 to run task
[2023-05-06T23:34:27.742+0000] {standard_task_runner.py:84} INFO - Running: ['***', 'tasks', 'run', 'Summer_Warped_ETL', 'GetArtistInfo', 'manual__2023-05-06T22:02:18.022658+00:00', '--job-id', '597', '--raw', '--subdir', 'DAGS_FOLDER/warped-dag.py', '--cfg-path', '/tmp/tmpgfgpmokq']
[2023-05-06T23:34:27.743+0000] {standard_task_runner.py:85} INFO - Job 597: Subtask GetArtistInfo
[2023-05-06T23:34:27.787+0000] {task_command.py:410} INFO - Running <TaskInstance: Summer_Warped_ETL.GetArtistInfo manual__2023-05-06T22:02:18.022658+00:00 [running]> on host 0b419f4e7055
[2023-05-06T23:34:27.847+0000] {taskinstance.py:1570} INFO - Exporting env vars: AIRFLOW_CTX_DAG_OWNER='Ananta Moharana' AIRFLOW_CTX_DAG_ID='Summer_Warped_ETL' AIRFLOW_CTX_TASK_ID='GetArtistInfo' AIRFLOW_CTX_EXECUTION_DATE='2023-05-06T22:02:18.022658+00:00' AIRFLOW_CTX_TRY_NUMBER='15' AIRFLOW_CTX_DAG_RUN_ID='manual__2023-05-06T22:02:18.022658+00:00'
[2023-05-06T23:34:27.996+0000] {logging_mixin.py:149} INFO - canadian contemporary r&b
[2023-05-06T23:34:28.095+0000] {logging_mixin.py:149} INFO - emoplugg
[2023-05-06T23:34:28.184+0000] {logging_mixin.py:149} INFO - cloud rap
[2023-05-06T23:34:28.304+0000] {logging_mixin.py:149} INFO - st louis rap
[2023-05-06T23:34:28.591+0000] {logging_mixin.py:149} INFO - cloud rap
[2023-05-06T23:34:28.722+0000] {logging_mixin.py:149} INFO - canadian hip hop
[2023-05-06T23:34:28.924+0000] {logging_mixin.py:149} INFO - lo-fi rap
[2023-05-06T23:34:29.229+0000] {logging_mixin.py:149} INFO - alt z
[2023-05-06T23:34:29.322+0000] {logging_mixin.py:149} INFO - sad rap
[2023-05-06T23:34:29.425+0000] {logging_mixin.py:149} INFO - asian american hip hop
[2023-05-06T23:34:29.524+0000] {logging_mixin.py:149} INFO - indie pop rap
[2023-05-06T23:34:29.622+0000] {logging_mixin.py:149} INFO - alt z
[2023-05-06T23:34:29.811+0000] {logging_mixin.py:149} INFO - emo rap
[2023-05-06T23:34:30.001+0000] {logging_mixin.py:149} INFO - deep underground hip hop
[2023-05-06T23:34:30.213+0000] {logging_mixin.py:149} INFO - emo rap
[2023-05-06T23:34:30.319+0000] {logging_mixin.py:149} INFO - sad rap
[2023-05-06T23:34:30.441+0000] {logging_mixin.py:149} INFO - emo rap
[2023-05-06T23:34:30.644+0000] {logging_mixin.py:149} INFO - hyperpop
[2023-05-06T23:34:30.739+0000] {logging_mixin.py:149} INFO - canadian contemporary r&b
[2023-05-06T23:34:30.838+0000] {logging_mixin.py:149} INFO - nyc rap
[2023-05-06T23:34:31.053+0000] {logging_mixin.py:149} INFO - glitchcore
[2023-05-06T23:34:31.139+0000] {logging_mixin.py:149} INFO - emo rap
[2023-05-06T23:34:31.237+0000] {logging_mixin.py:149} INFO - hyperpop
[2023-05-06T23:34:31.323+0000] {logging_mixin.py:149} INFO - vapor trap
[2023-05-06T23:34:31.403+0000] {logging_mixin.py:149} INFO - cloud rap
[2023-05-06T23:34:31.498+0000] {logging_mixin.py:149} INFO - cloud rap
[2023-05-06T23:34:31.604+0000] {logging_mixin.py:149} INFO - hyperpop
[2023-05-06T23:34:31.706+0000] {logging_mixin.py:149} INFO - indie hip hop
[2023-05-06T23:34:32.028+0000] {logging_mixin.py:149} INFO - glitchcore
[2023-05-06T23:34:32.223+0000] {logging_mixin.py:149} INFO - emo rap
[2023-05-06T23:34:32.316+0000] {logging_mixin.py:149} INFO - hyperpop
[2023-05-06T23:34:32.427+0000] {logging_mixin.py:149} INFO - emo rap
[2023-05-06T23:34:32.626+0000] {logging_mixin.py:149} INFO - pittsburgh rap
[2023-05-06T23:34:32.820+0000] {logging_mixin.py:149} INFO - emo rap
[2023-05-06T23:34:33.047+0000] {logging_mixin.py:149} INFO - melodic rap
[2023-05-06T23:34:33.270+0000] {logging_mixin.py:149} INFO - cali rap
[2023-05-06T23:34:33.372+0000] {logging_mixin.py:149} INFO - indonesian hip hop
[2023-05-06T23:34:33.508+0000] {logging_mixin.py:149} INFO - hyperpop
[2023-05-06T23:34:33.608+0000] {logging_mixin.py:149} INFO - glitchcore
[2023-05-06T23:34:33.714+0000] {logging_mixin.py:149} INFO - cloud rap
[2023-05-06T23:34:33.817+0000] {logging_mixin.py:149} INFO - cloud rap
[2023-05-06T23:34:34.117+0000] {logging_mixin.py:149} INFO - indie pop rap
[2023-05-06T23:34:34.235+0000] {logging_mixin.py:149} INFO - atl hip hop
[2023-05-06T23:34:34.470+0000] {logging_mixin.py:149} INFO - cloud rap
[2023-05-06T23:34:34.570+0000] {logging_mixin.py:149} INFO - pop edm
[2023-05-06T23:34:34.670+0000] {logging_mixin.py:149} INFO - upstate ny rap
[2023-05-06T23:34:34.773+0000] {logging_mixin.py:149} INFO - glitchcore
[2023-05-06T23:34:34.874+0000] {logging_mixin.py:149} INFO - meme rap
[2023-05-06T23:34:34.969+0000] {logging_mixin.py:149} INFO - bedroom soul
[2023-05-06T23:34:35.170+0000] {logging_mixin.py:149} INFO - aesthetic rap
[2023-05-06T23:34:35.280+0000] {logging_mixin.py:149} INFO - aesthetic rap
[2023-05-06T23:34:35.391+0000] {logging_mixin.py:149} INFO - future bass
[2023-05-06T23:34:35.699+0000] {logging_mixin.py:149} INFO - la pop
[2023-05-06T23:34:35.897+0000] {logging_mixin.py:149} INFO - cloud rap
[2023-05-06T23:34:36.288+0000] {logging_mixin.py:149} INFO - underground hip hop
[2023-05-06T23:34:36.573+0000] {logging_mixin.py:149} INFO - cloud rap
[2023-05-06T23:34:36.765+0000] {logging_mixin.py:149} INFO - sad rap
[2023-05-06T23:34:36.968+0000] {logging_mixin.py:149} INFO - canadian hip hop
[2023-05-06T23:34:36.981+0000] {python.py:183} INFO - Done. Returned value was: None
[2023-05-06T23:34:36.989+0000] {taskinstance.py:1373} INFO - Marking task as SUCCESS. dag_id=Summer_Warped_ETL, task_id=GetArtistInfo, execution_date=20230506T220218, start_date=20230506T233427, end_date=20230506T233436
[2023-05-06T23:34:37.046+0000] {local_task_job_runner.py:232} INFO - Task exited with return code 0
[2023-05-06T23:34:37.064+0000] {taskinstance.py:2674} INFO - 0 downstream tasks scheduled from follow-on schedule check
