[2023-05-06T22:02:24.539+0000] {taskinstance.py:1125} INFO - Dependencies all met for dep_context=non-requeueable deps ti=<TaskInstance: Summer_Warped_ETL.GetArtistInfo manual__2023-05-06T22:02:18.022658+00:00 [queued]>
[2023-05-06T22:02:24.545+0000] {taskinstance.py:1125} INFO - Dependencies all met for dep_context=requeueable deps ti=<TaskInstance: Summer_Warped_ETL.GetArtistInfo manual__2023-05-06T22:02:18.022658+00:00 [queued]>
[2023-05-06T22:02:24.546+0000] {taskinstance.py:1331} INFO - Starting attempt 1 of 3
[2023-05-06T22:02:24.554+0000] {taskinstance.py:1350} INFO - Executing <Task(PythonOperator): GetArtistInfo> on 2023-05-06 22:02:18.022658+00:00
[2023-05-06T22:02:24.558+0000] {standard_task_runner.py:57} INFO - Started process 710 to run task
[2023-05-06T22:02:24.563+0000] {standard_task_runner.py:84} INFO - Running: ['***', 'tasks', 'run', 'Summer_Warped_ETL', 'GetArtistInfo', 'manual__2023-05-06T22:02:18.022658+00:00', '--job-id', '372', '--raw', '--subdir', 'DAGS_FOLDER/warped-dag.py', '--cfg-path', '/tmp/tmp5qy6x4n5']
[2023-05-06T22:02:24.564+0000] {standard_task_runner.py:85} INFO - Job 372: Subtask GetArtistInfo
[2023-05-06T22:02:24.607+0000] {task_command.py:410} INFO - Running <TaskInstance: Summer_Warped_ETL.GetArtistInfo manual__2023-05-06T22:02:18.022658+00:00 [running]> on host b60ed7c33f68
[2023-05-06T22:02:24.663+0000] {taskinstance.py:1570} INFO - Exporting env vars: AIRFLOW_CTX_DAG_OWNER='Ananta Moharana' AIRFLOW_CTX_DAG_ID='Summer_Warped_ETL' AIRFLOW_CTX_TASK_ID='GetArtistInfo' AIRFLOW_CTX_EXECUTION_DATE='2023-05-06T22:02:18.022658+00:00' AIRFLOW_CTX_TRY_NUMBER='1' AIRFLOW_CTX_DAG_RUN_ID='manual__2023-05-06T22:02:18.022658+00:00'
[2023-05-06T22:02:24.816+0000] {logging_mixin.py:149} INFO - sad rap
[2023-05-06T22:02:25.189+0000] {logging_mixin.py:149} INFO - deep underground hip hop
[2023-05-06T22:02:25.285+0000] {logging_mixin.py:149} INFO - indie hip hop
[2023-05-06T22:02:25.422+0000] {logging_mixin.py:149} INFO - canadian contemporary r&b
[2023-05-06T22:02:25.523+0000] {logging_mixin.py:149} INFO - emo rap
[2023-05-06T22:02:26.014+0000] {logging_mixin.py:149} INFO - st louis rap
[2023-05-06T22:02:26.266+0000] {logging_mixin.py:149} INFO - canadian hip hop
[2023-05-06T22:02:26.369+0000] {logging_mixin.py:149} INFO - alt z
[2023-05-06T22:02:26.470+0000] {logging_mixin.py:149} INFO - cloud rap
[2023-05-06T22:02:26.591+0000] {logging_mixin.py:149} INFO - pop edm
[2023-05-06T22:02:26.692+0000] {logging_mixin.py:149} INFO - aesthetic rap
[2023-05-06T22:02:26.940+0000] {logging_mixin.py:149} INFO - emoplugg
[2023-05-06T22:02:27.173+0000] {logging_mixin.py:149} INFO - underground hip hop
[2023-05-06T22:02:27.266+0000] {logging_mixin.py:149} INFO - hyperpop
[2023-05-06T22:02:27.557+0000] {logging_mixin.py:149} INFO - upstate ny rap
[2023-05-06T22:02:27.675+0000] {logging_mixin.py:149} INFO - nyc rap
[2023-05-06T22:02:27.786+0000] {logging_mixin.py:149} INFO - lo-fi rap
[2023-05-06T22:02:27.894+0000] {logging_mixin.py:149} INFO - cloud rap
[2023-05-06T22:02:28.121+0000] {logging_mixin.py:149} INFO - pittsburgh rap
[2023-05-06T22:02:28.227+0000] {logging_mixin.py:149} INFO - bedroom soul
[2023-05-06T22:02:28.445+0000] {logging_mixin.py:149} INFO - cali rap
[2023-05-06T22:02:28.963+0000] {logging_mixin.py:149} INFO - cloud rap
[2023-05-06T22:02:29.170+0000] {logging_mixin.py:149} INFO - glitchcore
[2023-05-06T22:02:29.321+0000] {logging_mixin.py:149} INFO - glitchcore
[2023-05-06T22:02:29.434+0000] {logging_mixin.py:149} INFO - glitchcore
[2023-05-06T22:02:29.665+0000] {logging_mixin.py:149} INFO - sad rap
[2023-05-06T22:02:29.919+0000] {logging_mixin.py:149} INFO - asian american hip hop
[2023-05-06T22:02:30.167+0000] {logging_mixin.py:149} INFO - glitchcore
[2023-05-06T22:02:30.290+0000] {logging_mixin.py:149} INFO - cloud rap
[2023-05-06T22:02:30.506+0000] {logging_mixin.py:149} INFO - cloud rap
[2023-05-06T22:02:30.607+0000] {logging_mixin.py:149} INFO - emo rap
[2023-05-06T22:02:30.807+0000] {logging_mixin.py:149} INFO - emo rap
[2023-05-06T22:02:31.011+0000] {logging_mixin.py:149} INFO - emo rap
[2023-05-06T22:02:31.116+0000] {logging_mixin.py:149} INFO - indonesian hip hop
[2023-05-06T22:02:31.507+0000] {logging_mixin.py:149} INFO - hyperpop
[2023-05-06T22:02:31.603+0000] {logging_mixin.py:149} INFO - emo rap
[2023-05-06T22:02:31.703+0000] {logging_mixin.py:149} INFO - emo rap
[2023-05-06T22:02:31.857+0000] {logging_mixin.py:149} INFO - indie pop rap
[2023-05-06T22:02:32.062+0000] {logging_mixin.py:149} INFO - hyperpop
[2023-05-06T22:02:32.159+0000] {logging_mixin.py:149} INFO - emo rap
[2023-05-06T22:02:32.372+0000] {logging_mixin.py:149} INFO - indie pop rap
[2023-05-06T22:02:32.668+0000] {logging_mixin.py:149} INFO - cloud rap
[2023-05-06T22:02:32.895+0000] {logging_mixin.py:149} INFO - vapor trap
[2023-05-06T22:02:32.991+0000] {logging_mixin.py:149} INFO - meme rap
[2023-05-06T22:02:33.100+0000] {logging_mixin.py:149} INFO - la pop
[2023-05-06T22:02:33.217+0000] {logging_mixin.py:149} INFO - cloud rap
[2023-05-06T22:02:33.318+0000] {logging_mixin.py:149} INFO - sad rap
[2023-05-06T22:02:33.471+0000] {logging_mixin.py:149} INFO - alt z
[2023-05-06T22:02:33.586+0000] {logging_mixin.py:149} INFO - canadian contemporary r&b
[2023-05-06T22:02:33.701+0000] {logging_mixin.py:149} INFO - cloud rap
[2023-05-06T22:02:33.821+0000] {logging_mixin.py:149} INFO - hyperpop
[2023-05-06T22:02:33.946+0000] {logging_mixin.py:149} INFO - aesthetic rap
[2023-05-06T22:02:34.051+0000] {logging_mixin.py:149} INFO - canadian hip hop
[2023-05-06T22:02:34.166+0000] {logging_mixin.py:149} INFO - melodic rap
[2023-05-06T22:02:34.288+0000] {logging_mixin.py:149} INFO - hyperpop
[2023-05-06T22:02:34.509+0000] {logging_mixin.py:149} INFO - cloud rap
[2023-05-06T22:02:34.638+0000] {logging_mixin.py:149} INFO - atl hip hop
[2023-05-06T22:02:34.755+0000] {logging_mixin.py:149} INFO - future bass
[2023-05-06T22:02:34.985+0000] {python.py:183} INFO - Done. Returned value was: None
[2023-05-06T22:02:34.993+0000] {taskinstance.py:1373} INFO - Marking task as SUCCESS. dag_id=Summer_Warped_ETL, task_id=GetArtistInfo, execution_date=20230506T220218, start_date=20230506T220224, end_date=20230506T220234
[2023-05-06T22:02:35.029+0000] {local_task_job_runner.py:232} INFO - Task exited with return code 0
[2023-05-06T22:02:35.051+0000] {taskinstance.py:2674} INFO - 0 downstream tasks scheduled from follow-on schedule check
