[2023-05-07T00:08:02.749+0000] {taskinstance.py:1125} INFO - Dependencies all met for dep_context=non-requeueable deps ti=<TaskInstance: Summer_Warped_ETL.GetArtistInfo manual__2023-05-06T22:02:18.022658+00:00 [queued]>
[2023-05-07T00:08:02.754+0000] {taskinstance.py:1125} INFO - Dependencies all met for dep_context=requeueable deps ti=<TaskInstance: Summer_Warped_ETL.GetArtistInfo manual__2023-05-06T22:02:18.022658+00:00 [queued]>
[2023-05-07T00:08:02.754+0000] {taskinstance.py:1331} INFO - Starting attempt 27 of 29
[2023-05-07T00:08:02.762+0000] {taskinstance.py:1350} INFO - Executing <Task(PythonOperator): GetArtistInfo> on 2023-05-06 22:02:18.022658+00:00
[2023-05-07T00:08:02.767+0000] {standard_task_runner.py:57} INFO - Started process 203 to run task
[2023-05-07T00:08:02.770+0000] {standard_task_runner.py:84} INFO - Running: ['***', 'tasks', 'run', 'Summer_Warped_ETL', 'GetArtistInfo', 'manual__2023-05-06T22:02:18.022658+00:00', '--job-id', '698', '--raw', '--subdir', 'DAGS_FOLDER/warped-dag.py', '--cfg-path', '/tmp/tmpgv6_qif6']
[2023-05-07T00:08:02.771+0000] {standard_task_runner.py:85} INFO - Job 698: Subtask GetArtistInfo
[2023-05-07T00:08:02.806+0000] {task_command.py:410} INFO - Running <TaskInstance: Summer_Warped_ETL.GetArtistInfo manual__2023-05-06T22:02:18.022658+00:00 [running]> on host 2336b5f51000
[2023-05-07T00:08:02.867+0000] {taskinstance.py:1570} INFO - Exporting env vars: AIRFLOW_CTX_DAG_OWNER='Ananta Moharana' AIRFLOW_CTX_DAG_ID='Summer_Warped_ETL' AIRFLOW_CTX_TASK_ID='GetArtistInfo' AIRFLOW_CTX_EXECUTION_DATE='2023-05-06T22:02:18.022658+00:00' AIRFLOW_CTX_TRY_NUMBER='27' AIRFLOW_CTX_DAG_RUN_ID='manual__2023-05-06T22:02:18.022658+00:00'
[2023-05-07T00:08:03.318+0000] {logging_mixin.py:149} INFO - sad rap
[2023-05-07T00:08:03.484+0000] {logging_mixin.py:149} INFO - pop edm
[2023-05-07T00:08:03.577+0000] {logging_mixin.py:149} INFO - emo rap
[2023-05-07T00:08:03.811+0000] {logging_mixin.py:149} INFO - aesthetic rap
[2023-05-07T00:08:04.224+0000] {logging_mixin.py:149} INFO - cali rap
[2023-05-07T00:08:04.346+0000] {logging_mixin.py:149} INFO - meme rap
[2023-05-07T00:08:04.477+0000] {logging_mixin.py:149} INFO - cloud rap
[2023-05-07T00:08:04.640+0000] {logging_mixin.py:149} INFO - emo rap
[2023-05-07T00:08:04.848+0000] {logging_mixin.py:149} INFO - sad rap
[2023-05-07T00:08:05.049+0000] {logging_mixin.py:149} INFO - glitchcore
[2023-05-07T00:08:05.556+0000] {logging_mixin.py:149} INFO - hyperpop
[2023-05-07T00:08:05.767+0000] {logging_mixin.py:149} INFO - emo rap
[2023-05-07T00:08:05.886+0000] {logging_mixin.py:149} INFO - lo-fi rap
[2023-05-07T00:08:05.986+0000] {logging_mixin.py:149} INFO - cloud rap
[2023-05-07T00:08:06.410+0000] {logging_mixin.py:149} INFO - indie pop rap
[2023-05-07T00:08:06.613+0000] {logging_mixin.py:149} INFO - sad rap
[2023-05-07T00:08:06.725+0000] {logging_mixin.py:149} INFO - vapor trap
[2023-05-07T00:08:06.931+0000] {logging_mixin.py:149} INFO - cloud rap
[2023-05-07T00:08:07.035+0000] {logging_mixin.py:149} INFO - canadian hip hop
[2023-05-07T00:08:07.134+0000] {logging_mixin.py:149} INFO - atl hip hop
[2023-05-07T00:08:07.248+0000] {logging_mixin.py:149} INFO - nyc rap
[2023-05-07T00:08:07.349+0000] {logging_mixin.py:149} INFO - alt z
[2023-05-07T00:08:07.466+0000] {logging_mixin.py:149} INFO - st louis rap
[2023-05-07T00:08:07.553+0000] {logging_mixin.py:149} INFO - bedroom soul
[2023-05-07T00:08:07.772+0000] {logging_mixin.py:149} INFO - aesthetic rap
[2023-05-07T00:08:07.974+0000] {logging_mixin.py:149} INFO - cloud rap
[2023-05-07T00:08:08.068+0000] {logging_mixin.py:149} INFO - cloud rap
[2023-05-07T00:08:08.179+0000] {logging_mixin.py:149} INFO - la pop
[2023-05-07T00:08:08.290+0000] {logging_mixin.py:149} INFO - future bass
[2023-05-07T00:08:08.389+0000] {logging_mixin.py:149} INFO - canadian contemporary r&b
[2023-05-07T00:08:08.493+0000] {logging_mixin.py:149} INFO - indie hip hop
[2023-05-07T00:08:08.604+0000] {logging_mixin.py:149} INFO - hyperpop
[2023-05-07T00:08:08.914+0000] {logging_mixin.py:149} INFO - emo rap
[2023-05-07T00:08:09.007+0000] {logging_mixin.py:149} INFO - underground hip hop
[2023-05-07T00:08:09.094+0000] {logging_mixin.py:149} INFO - hyperpop
[2023-05-07T00:08:09.407+0000] {logging_mixin.py:149} INFO - emo rap
[2023-05-07T00:08:09.509+0000] {logging_mixin.py:149} INFO - cloud rap
[2023-05-07T00:08:09.619+0000] {logging_mixin.py:149} INFO - glitchcore
[2023-05-07T00:08:09.814+0000] {logging_mixin.py:149} INFO - hyperpop
[2023-05-07T00:08:09.905+0000] {logging_mixin.py:149} INFO - cloud rap
[2023-05-07T00:08:10.007+0000] {logging_mixin.py:149} INFO - upstate ny rap
[2023-05-07T00:08:10.101+0000] {logging_mixin.py:149} INFO - glitchcore
[2023-05-07T00:08:10.202+0000] {logging_mixin.py:149} INFO - canadian hip hop
[2023-05-07T00:08:10.309+0000] {logging_mixin.py:149} INFO - emoplugg
[2023-05-07T00:08:10.516+0000] {logging_mixin.py:149} INFO - pittsburgh rap
[2023-05-07T00:08:10.704+0000] {logging_mixin.py:149} INFO - melodic rap
[2023-05-07T00:08:10.909+0000] {logging_mixin.py:149} INFO - emo rap
[2023-05-07T00:08:11.008+0000] {logging_mixin.py:149} INFO - hyperpop
[2023-05-07T00:08:11.104+0000] {logging_mixin.py:149} INFO - glitchcore
[2023-05-07T00:08:11.425+0000] {logging_mixin.py:149} INFO - asian american hip hop
[2023-05-07T00:08:11.803+0000] {logging_mixin.py:149} INFO - deep underground hip hop
[2023-05-07T00:08:11.917+0000] {logging_mixin.py:149} INFO - alt z
[2023-05-07T00:08:12.056+0000] {logging_mixin.py:149} INFO - cloud rap
[2023-05-07T00:08:12.282+0000] {logging_mixin.py:149} INFO - cloud rap
[2023-05-07T00:08:12.372+0000] {logging_mixin.py:149} INFO - emo rap
[2023-05-07T00:08:12.472+0000] {logging_mixin.py:149} INFO - indie pop rap
[2023-05-07T00:08:12.601+0000] {logging_mixin.py:149} INFO - canadian contemporary r&b
[2023-05-07T00:08:12.704+0000] {logging_mixin.py:149} INFO - indonesian hip hop
[2023-05-07T00:08:12.719+0000] {python.py:183} INFO - Done. Returned value was: None
[2023-05-07T00:08:12.728+0000] {taskinstance.py:1373} INFO - Marking task as SUCCESS. dag_id=Summer_Warped_ETL, task_id=GetArtistInfo, execution_date=20230506T220218, start_date=20230507T000802, end_date=20230507T000812
[2023-05-07T00:08:12.746+0000] {local_task_job_runner.py:232} INFO - Task exited with return code 0
[2023-05-07T00:08:12.762+0000] {taskinstance.py:2674} INFO - 0 downstream tasks scheduled from follow-on schedule check
