[2023-05-07T00:05:51.740+0000] {taskinstance.py:1125} INFO - Dependencies all met for dep_context=non-requeueable deps ti=<TaskInstance: Summer_Warped_ETL.GetArtistInfo manual__2023-05-06T22:02:18.022658+00:00 [queued]>
[2023-05-07T00:05:51.746+0000] {taskinstance.py:1125} INFO - Dependencies all met for dep_context=requeueable deps ti=<TaskInstance: Summer_Warped_ETL.GetArtistInfo manual__2023-05-06T22:02:18.022658+00:00 [queued]>
[2023-05-07T00:05:51.746+0000] {taskinstance.py:1331} INFO - Starting attempt 26 of 28
[2023-05-07T00:05:51.755+0000] {taskinstance.py:1350} INFO - Executing <Task(PythonOperator): GetArtistInfo> on 2023-05-06 22:02:18.022658+00:00
[2023-05-07T00:05:51.761+0000] {standard_task_runner.py:57} INFO - Started process 140 to run task
[2023-05-07T00:05:51.766+0000] {standard_task_runner.py:84} INFO - Running: ['***', 'tasks', 'run', 'Summer_Warped_ETL', 'GetArtistInfo', 'manual__2023-05-06T22:02:18.022658+00:00', '--job-id', '691', '--raw', '--subdir', 'DAGS_FOLDER/warped-dag.py', '--cfg-path', '/tmp/tmpbwmguyow']
[2023-05-07T00:05:51.767+0000] {standard_task_runner.py:85} INFO - Job 691: Subtask GetArtistInfo
[2023-05-07T00:05:51.813+0000] {task_command.py:410} INFO - Running <TaskInstance: Summer_Warped_ETL.GetArtistInfo manual__2023-05-06T22:02:18.022658+00:00 [running]> on host 2336b5f51000
[2023-05-07T00:05:51.883+0000] {taskinstance.py:1570} INFO - Exporting env vars: AIRFLOW_CTX_DAG_OWNER='Ananta Moharana' AIRFLOW_CTX_DAG_ID='Summer_Warped_ETL' AIRFLOW_CTX_TASK_ID='GetArtistInfo' AIRFLOW_CTX_EXECUTION_DATE='2023-05-06T22:02:18.022658+00:00' AIRFLOW_CTX_TRY_NUMBER='26' AIRFLOW_CTX_DAG_RUN_ID='manual__2023-05-06T22:02:18.022658+00:00'
[2023-05-07T00:05:52.356+0000] {logging_mixin.py:149} INFO - sad rap
[2023-05-07T00:05:52.466+0000] {logging_mixin.py:149} INFO - pop edm
[2023-05-07T00:05:52.583+0000] {logging_mixin.py:149} INFO - emo rap
[2023-05-07T00:05:52.860+0000] {logging_mixin.py:149} INFO - aesthetic rap
[2023-05-07T00:05:53.294+0000] {logging_mixin.py:149} INFO - cali rap
[2023-05-07T00:05:53.402+0000] {logging_mixin.py:149} INFO - meme rap
[2023-05-07T00:05:53.512+0000] {logging_mixin.py:149} INFO - cloud rap
[2023-05-07T00:05:53.610+0000] {logging_mixin.py:149} INFO - emo rap
[2023-05-07T00:05:53.818+0000] {logging_mixin.py:149} INFO - sad rap
[2023-05-07T00:05:54.010+0000] {logging_mixin.py:149} INFO - glitchcore
[2023-05-07T00:05:54.240+0000] {logging_mixin.py:149} INFO - hyperpop
[2023-05-07T00:05:54.496+0000] {logging_mixin.py:149} INFO - emo rap
[2023-05-07T00:05:54.602+0000] {logging_mixin.py:149} INFO - lo-fi rap
[2023-05-07T00:05:54.697+0000] {logging_mixin.py:149} INFO - cloud rap
[2023-05-07T00:05:55.111+0000] {logging_mixin.py:149} INFO - indie pop rap
[2023-05-07T00:05:55.315+0000] {logging_mixin.py:149} INFO - sad rap
[2023-05-07T00:05:55.428+0000] {logging_mixin.py:149} INFO - vapor trap
[2023-05-07T00:05:55.643+0000] {logging_mixin.py:149} INFO - cloud rap
[2023-05-07T00:05:55.743+0000] {logging_mixin.py:149} INFO - canadian hip hop
[2023-05-07T00:05:55.844+0000] {logging_mixin.py:149} INFO - atl hip hop
[2023-05-07T00:05:55.945+0000] {logging_mixin.py:149} INFO - nyc rap
[2023-05-07T00:05:56.049+0000] {logging_mixin.py:149} INFO - alt z
[2023-05-07T00:05:56.154+0000] {logging_mixin.py:149} INFO - st louis rap
[2023-05-07T00:05:56.252+0000] {logging_mixin.py:149} INFO - bedroom soul
[2023-05-07T00:05:56.491+0000] {logging_mixin.py:149} INFO - aesthetic rap
[2023-05-07T00:05:56.704+0000] {logging_mixin.py:149} INFO - cloud rap
[2023-05-07T00:05:56.797+0000] {logging_mixin.py:149} INFO - cloud rap
[2023-05-07T00:05:56.903+0000] {logging_mixin.py:149} INFO - la pop
[2023-05-07T00:05:57.011+0000] {logging_mixin.py:149} INFO - future bass
[2023-05-07T00:05:57.110+0000] {logging_mixin.py:149} INFO - canadian contemporary r&b
[2023-05-07T00:05:57.221+0000] {logging_mixin.py:149} INFO - indie hip hop
[2023-05-07T00:05:57.328+0000] {logging_mixin.py:149} INFO - hyperpop
[2023-05-07T00:05:57.638+0000] {logging_mixin.py:149} INFO - emo rap
[2023-05-07T00:05:57.740+0000] {logging_mixin.py:149} INFO - underground hip hop
[2023-05-07T00:05:57.843+0000] {logging_mixin.py:149} INFO - hyperpop
[2023-05-07T00:05:58.131+0000] {logging_mixin.py:149} INFO - emo rap
[2023-05-07T00:05:58.238+0000] {logging_mixin.py:149} INFO - cloud rap
[2023-05-07T00:05:58.345+0000] {logging_mixin.py:149} INFO - glitchcore
[2023-05-07T00:05:58.537+0000] {logging_mixin.py:149} INFO - hyperpop
[2023-05-07T00:05:58.635+0000] {logging_mixin.py:149} INFO - cloud rap
[2023-05-07T00:05:58.731+0000] {logging_mixin.py:149} INFO - upstate ny rap
[2023-05-07T00:05:58.843+0000] {logging_mixin.py:149} INFO - glitchcore
[2023-05-07T00:05:58.954+0000] {logging_mixin.py:149} INFO - canadian hip hop
[2023-05-07T00:05:59.057+0000] {logging_mixin.py:149} INFO - emoplugg
[2023-05-07T00:05:59.257+0000] {logging_mixin.py:149} INFO - pittsburgh rap
[2023-05-07T00:05:59.453+0000] {logging_mixin.py:149} INFO - melodic rap
[2023-05-07T00:05:59.649+0000] {logging_mixin.py:149} INFO - emo rap
[2023-05-07T00:05:59.748+0000] {logging_mixin.py:149} INFO - hyperpop
[2023-05-07T00:05:59.842+0000] {logging_mixin.py:149} INFO - glitchcore
[2023-05-07T00:06:00.158+0000] {logging_mixin.py:149} INFO - asian american hip hop
[2023-05-07T00:06:00.535+0000] {logging_mixin.py:149} INFO - deep underground hip hop
[2023-05-07T00:06:00.970+0000] {logging_mixin.py:149} INFO - alt z
[2023-05-07T00:06:01.076+0000] {logging_mixin.py:149} INFO - cloud rap
[2023-05-07T00:06:01.309+0000] {logging_mixin.py:149} INFO - cloud rap
[2023-05-07T00:06:01.462+0000] {logging_mixin.py:149} INFO - emo rap
[2023-05-07T00:06:01.574+0000] {logging_mixin.py:149} INFO - indie pop rap
[2023-05-07T00:06:01.684+0000] {logging_mixin.py:149} INFO - canadian contemporary r&b
[2023-05-07T00:06:01.803+0000] {logging_mixin.py:149} INFO - indonesian hip hop
[2023-05-07T00:06:01.815+0000] {python.py:183} INFO - Done. Returned value was: None
[2023-05-07T00:06:01.822+0000] {taskinstance.py:1373} INFO - Marking task as SUCCESS. dag_id=Summer_Warped_ETL, task_id=GetArtistInfo, execution_date=20230506T220218, start_date=20230507T000551, end_date=20230507T000601
[2023-05-07T00:06:01.849+0000] {local_task_job_runner.py:232} INFO - Task exited with return code 0
[2023-05-07T00:06:01.867+0000] {taskinstance.py:2674} INFO - 0 downstream tasks scheduled from follow-on schedule check
