[2023-05-06T23:31:20.958+0000] {taskinstance.py:1125} INFO - Dependencies all met for dep_context=non-requeueable deps ti=<TaskInstance: Summer_Warped_ETL.GetArtistInfo manual__2023-05-06T22:02:18.022658+00:00 [queued]>
[2023-05-06T23:31:20.963+0000] {taskinstance.py:1125} INFO - Dependencies all met for dep_context=requeueable deps ti=<TaskInstance: Summer_Warped_ETL.GetArtistInfo manual__2023-05-06T22:02:18.022658+00:00 [queued]>
[2023-05-06T23:31:20.964+0000] {taskinstance.py:1331} INFO - Starting attempt 13 of 15
[2023-05-06T23:31:20.972+0000] {taskinstance.py:1350} INFO - Executing <Task(PythonOperator): GetArtistInfo> on 2023-05-06 22:02:18.022658+00:00
[2023-05-06T23:31:20.978+0000] {standard_task_runner.py:57} INFO - Started process 168 to run task
[2023-05-06T23:31:20.982+0000] {standard_task_runner.py:84} INFO - Running: ['***', 'tasks', 'run', 'Summer_Warped_ETL', 'GetArtistInfo', 'manual__2023-05-06T22:02:18.022658+00:00', '--job-id', '575', '--raw', '--subdir', 'DAGS_FOLDER/warped-dag.py', '--cfg-path', '/tmp/tmpt25tpuj7']
[2023-05-06T23:31:20.983+0000] {standard_task_runner.py:85} INFO - Job 575: Subtask GetArtistInfo
[2023-05-06T23:31:21.028+0000] {task_command.py:410} INFO - Running <TaskInstance: Summer_Warped_ETL.GetArtistInfo manual__2023-05-06T22:02:18.022658+00:00 [running]> on host 0b419f4e7055
[2023-05-06T23:31:21.090+0000] {taskinstance.py:1570} INFO - Exporting env vars: AIRFLOW_CTX_DAG_OWNER='Ananta Moharana' AIRFLOW_CTX_DAG_ID='Summer_Warped_ETL' AIRFLOW_CTX_TASK_ID='GetArtistInfo' AIRFLOW_CTX_EXECUTION_DATE='2023-05-06T22:02:18.022658+00:00' AIRFLOW_CTX_TRY_NUMBER='13' AIRFLOW_CTX_DAG_RUN_ID='manual__2023-05-06T22:02:18.022658+00:00'
[2023-05-06T23:31:21.229+0000] {logging_mixin.py:149} INFO - canadian contemporary r&b
[2023-05-06T23:31:21.327+0000] {logging_mixin.py:149} INFO - emoplugg
[2023-05-06T23:31:21.424+0000] {logging_mixin.py:149} INFO - cloud rap
[2023-05-06T23:31:21.552+0000] {logging_mixin.py:149} INFO - st louis rap
[2023-05-06T23:31:21.841+0000] {logging_mixin.py:149} INFO - cloud rap
[2023-05-06T23:31:21.948+0000] {logging_mixin.py:149} INFO - canadian hip hop
[2023-05-06T23:31:22.150+0000] {logging_mixin.py:149} INFO - lo-fi rap
[2023-05-06T23:31:22.527+0000] {logging_mixin.py:149} INFO - alt z
[2023-05-06T23:31:22.637+0000] {logging_mixin.py:149} INFO - sad rap
[2023-05-06T23:31:22.742+0000] {logging_mixin.py:149} INFO - asian american hip hop
[2023-05-06T23:31:22.842+0000] {logging_mixin.py:149} INFO - indie pop rap
[2023-05-06T23:31:22.940+0000] {logging_mixin.py:149} INFO - alt z
[2023-05-06T23:31:23.149+0000] {logging_mixin.py:149} INFO - emo rap
[2023-05-06T23:31:23.477+0000] {logging_mixin.py:149} INFO - deep underground hip hop
[2023-05-06T23:31:23.738+0000] {logging_mixin.py:149} INFO - emo rap
[2023-05-06T23:31:23.843+0000] {logging_mixin.py:149} INFO - sad rap
[2023-05-06T23:31:23.946+0000] {logging_mixin.py:149} INFO - emo rap
[2023-05-06T23:31:24.164+0000] {logging_mixin.py:149} INFO - hyperpop
[2023-05-06T23:31:24.274+0000] {logging_mixin.py:149} INFO - canadian contemporary r&b
[2023-05-06T23:31:24.367+0000] {logging_mixin.py:149} INFO - nyc rap
[2023-05-06T23:31:24.575+0000] {logging_mixin.py:149} INFO - glitchcore
[2023-05-06T23:31:24.677+0000] {logging_mixin.py:149} INFO - emo rap
[2023-05-06T23:31:24.786+0000] {logging_mixin.py:149} INFO - hyperpop
[2023-05-06T23:31:24.886+0000] {logging_mixin.py:149} INFO - vapor trap
[2023-05-06T23:31:24.985+0000] {logging_mixin.py:149} INFO - cloud rap
[2023-05-06T23:31:25.083+0000] {logging_mixin.py:149} INFO - cloud rap
[2023-05-06T23:31:25.212+0000] {logging_mixin.py:149} INFO - hyperpop
[2023-05-06T23:31:25.432+0000] {logging_mixin.py:149} INFO - indie hip hop
[2023-05-06T23:31:25.757+0000] {logging_mixin.py:149} INFO - glitchcore
[2023-05-06T23:31:25.964+0000] {logging_mixin.py:149} INFO - emo rap
[2023-05-06T23:31:26.078+0000] {logging_mixin.py:149} INFO - hyperpop
[2023-05-06T23:31:26.185+0000] {logging_mixin.py:149} INFO - emo rap
[2023-05-06T23:31:26.394+0000] {logging_mixin.py:149} INFO - pittsburgh rap
[2023-05-06T23:31:26.597+0000] {logging_mixin.py:149} INFO - emo rap
[2023-05-06T23:31:26.826+0000] {logging_mixin.py:149} INFO - melodic rap
[2023-05-06T23:31:27.020+0000] {logging_mixin.py:149} INFO - cali rap
[2023-05-06T23:31:27.124+0000] {logging_mixin.py:149} INFO - indonesian hip hop
[2023-05-06T23:31:27.225+0000] {logging_mixin.py:149} INFO - hyperpop
[2023-05-06T23:31:27.325+0000] {logging_mixin.py:149} INFO - glitchcore
[2023-05-06T23:31:27.426+0000] {logging_mixin.py:149} INFO - cloud rap
[2023-05-06T23:31:27.533+0000] {logging_mixin.py:149} INFO - cloud rap
[2023-05-06T23:31:27.900+0000] {logging_mixin.py:149} INFO - indie pop rap
[2023-05-06T23:31:27.997+0000] {logging_mixin.py:149} INFO - atl hip hop
[2023-05-06T23:31:28.210+0000] {logging_mixin.py:149} INFO - cloud rap
[2023-05-06T23:31:28.319+0000] {logging_mixin.py:149} INFO - pop edm
[2023-05-06T23:31:28.426+0000] {logging_mixin.py:149} INFO - upstate ny rap
[2023-05-06T23:31:28.546+0000] {logging_mixin.py:149} INFO - glitchcore
[2023-05-06T23:31:28.652+0000] {logging_mixin.py:149} INFO - meme rap
[2023-05-06T23:31:28.767+0000] {logging_mixin.py:149} INFO - bedroom soul
[2023-05-06T23:31:29.012+0000] {logging_mixin.py:149} INFO - aesthetic rap
[2023-05-06T23:31:29.113+0000] {logging_mixin.py:149} INFO - aesthetic rap
[2023-05-06T23:31:29.225+0000] {logging_mixin.py:149} INFO - future bass
[2023-05-06T23:31:29.574+0000] {logging_mixin.py:149} INFO - la pop
[2023-05-06T23:31:29.795+0000] {logging_mixin.py:149} INFO - cloud rap
[2023-05-06T23:31:30.198+0000] {logging_mixin.py:149} INFO - underground hip hop
[2023-05-06T23:31:30.528+0000] {logging_mixin.py:149} INFO - cloud rap
[2023-05-06T23:31:30.729+0000] {logging_mixin.py:149} INFO - sad rap
[2023-05-06T23:31:30.948+0000] {logging_mixin.py:149} INFO - canadian hip hop
[2023-05-06T23:31:30.961+0000] {python.py:183} INFO - Done. Returned value was: None
[2023-05-06T23:31:30.969+0000] {taskinstance.py:1373} INFO - Marking task as SUCCESS. dag_id=Summer_Warped_ETL, task_id=GetArtistInfo, execution_date=20230506T220218, start_date=20230506T233120, end_date=20230506T233130
[2023-05-06T23:31:30.990+0000] {local_task_job_runner.py:232} INFO - Task exited with return code 0
[2023-05-06T23:31:31.008+0000] {taskinstance.py:2674} INFO - 0 downstream tasks scheduled from follow-on schedule check
