[2023-05-06T23:29:03.530+0000] {taskinstance.py:1125} INFO - Dependencies all met for dep_context=non-requeueable deps ti=<TaskInstance: Summer_Warped_ETL.GetArtistInfo manual__2023-05-06T22:02:18.022658+00:00 [queued]>
[2023-05-06T23:29:03.538+0000] {taskinstance.py:1125} INFO - Dependencies all met for dep_context=requeueable deps ti=<TaskInstance: Summer_Warped_ETL.GetArtistInfo manual__2023-05-06T22:02:18.022658+00:00 [queued]>
[2023-05-06T23:29:03.544+0000] {taskinstance.py:1331} INFO - Starting attempt 12 of 14
[2023-05-06T23:29:03.561+0000] {taskinstance.py:1350} INFO - Executing <Task(PythonOperator): GetArtistInfo> on 2023-05-06 22:02:18.022658+00:00
[2023-05-06T23:29:03.569+0000] {standard_task_runner.py:57} INFO - Started process 85 to run task
[2023-05-06T23:29:03.575+0000] {standard_task_runner.py:84} INFO - Running: ['***', 'tasks', 'run', 'Summer_Warped_ETL', 'GetArtistInfo', 'manual__2023-05-06T22:02:18.022658+00:00', '--job-id', '563', '--raw', '--subdir', 'DAGS_FOLDER/warped-dag.py', '--cfg-path', '/tmp/tmp_q_ogkss']
[2023-05-06T23:29:03.576+0000] {standard_task_runner.py:85} INFO - Job 563: Subtask GetArtistInfo
[2023-05-06T23:29:03.628+0000] {task_command.py:410} INFO - Running <TaskInstance: Summer_Warped_ETL.GetArtistInfo manual__2023-05-06T22:02:18.022658+00:00 [running]> on host 0b419f4e7055
[2023-05-06T23:29:03.706+0000] {taskinstance.py:1570} INFO - Exporting env vars: AIRFLOW_CTX_DAG_OWNER='Ananta Moharana' AIRFLOW_CTX_DAG_ID='Summer_Warped_ETL' AIRFLOW_CTX_TASK_ID='GetArtistInfo' AIRFLOW_CTX_EXECUTION_DATE='2023-05-06T22:02:18.022658+00:00' AIRFLOW_CTX_TRY_NUMBER='12' AIRFLOW_CTX_DAG_RUN_ID='manual__2023-05-06T22:02:18.022658+00:00'
[2023-05-06T23:29:03.926+0000] {logging_mixin.py:149} INFO - canadian contemporary r&b
[2023-05-06T23:29:04.032+0000] {logging_mixin.py:149} INFO - emoplugg
[2023-05-06T23:29:04.179+0000] {logging_mixin.py:149} INFO - cloud rap
[2023-05-06T23:29:04.297+0000] {logging_mixin.py:149} INFO - st louis rap
[2023-05-06T23:29:04.619+0000] {logging_mixin.py:149} INFO - cloud rap
[2023-05-06T23:29:04.737+0000] {logging_mixin.py:149} INFO - canadian hip hop
[2023-05-06T23:29:04.930+0000] {logging_mixin.py:149} INFO - lo-fi rap
[2023-05-06T23:29:05.280+0000] {logging_mixin.py:149} INFO - alt z
[2023-05-06T23:29:05.376+0000] {logging_mixin.py:149} INFO - sad rap
[2023-05-06T23:29:05.546+0000] {logging_mixin.py:149} INFO - asian american hip hop
[2023-05-06T23:29:05.799+0000] {logging_mixin.py:149} INFO - indie pop rap
[2023-05-06T23:29:05.987+0000] {logging_mixin.py:149} INFO - alt z
[2023-05-06T23:29:06.301+0000] {logging_mixin.py:149} INFO - emo rap
[2023-05-06T23:29:06.585+0000] {logging_mixin.py:149} INFO - deep underground hip hop
[2023-05-06T23:29:06.850+0000] {logging_mixin.py:149} INFO - emo rap
[2023-05-06T23:29:06.952+0000] {logging_mixin.py:149} INFO - sad rap
[2023-05-06T23:29:07.065+0000] {logging_mixin.py:149} INFO - emo rap
[2023-05-06T23:29:07.268+0000] {logging_mixin.py:149} INFO - hyperpop
[2023-05-06T23:29:07.380+0000] {logging_mixin.py:149} INFO - canadian contemporary r&b
[2023-05-06T23:29:07.473+0000] {logging_mixin.py:149} INFO - nyc rap
[2023-05-06T23:29:07.693+0000] {logging_mixin.py:149} INFO - glitchcore
[2023-05-06T23:29:07.802+0000] {logging_mixin.py:149} INFO - emo rap
[2023-05-06T23:29:07.895+0000] {logging_mixin.py:149} INFO - hyperpop
[2023-05-06T23:29:07.990+0000] {logging_mixin.py:149} INFO - vapor trap
[2023-05-06T23:29:08.085+0000] {logging_mixin.py:149} INFO - cloud rap
[2023-05-06T23:29:08.194+0000] {logging_mixin.py:149} INFO - cloud rap
[2023-05-06T23:29:08.306+0000] {logging_mixin.py:149} INFO - hyperpop
[2023-05-06T23:29:08.405+0000] {logging_mixin.py:149} INFO - indie hip hop
[2023-05-06T23:29:08.771+0000] {logging_mixin.py:149} INFO - glitchcore
[2023-05-06T23:29:08.964+0000] {logging_mixin.py:149} INFO - emo rap
[2023-05-06T23:29:09.060+0000] {logging_mixin.py:149} INFO - hyperpop
[2023-05-06T23:29:09.203+0000] {logging_mixin.py:149} INFO - emo rap
[2023-05-06T23:29:09.411+0000] {logging_mixin.py:149} INFO - pittsburgh rap
[2023-05-06T23:29:09.638+0000] {logging_mixin.py:149} INFO - emo rap
[2023-05-06T23:29:09.835+0000] {logging_mixin.py:149} INFO - melodic rap
[2023-05-06T23:29:10.048+0000] {logging_mixin.py:149} INFO - cali rap
[2023-05-06T23:29:10.163+0000] {logging_mixin.py:149} INFO - indonesian hip hop
[2023-05-06T23:29:10.268+0000] {logging_mixin.py:149} INFO - hyperpop
[2023-05-06T23:29:10.384+0000] {logging_mixin.py:149} INFO - glitchcore
[2023-05-06T23:29:10.519+0000] {logging_mixin.py:149} INFO - cloud rap
[2023-05-06T23:29:10.611+0000] {logging_mixin.py:149} INFO - cloud rap
[2023-05-06T23:29:10.909+0000] {logging_mixin.py:149} INFO - indie pop rap
[2023-05-06T23:29:11.011+0000] {logging_mixin.py:149} INFO - atl hip hop
[2023-05-06T23:29:11.243+0000] {logging_mixin.py:149} INFO - cloud rap
[2023-05-06T23:29:11.360+0000] {logging_mixin.py:149} INFO - pop edm
[2023-05-06T23:29:11.466+0000] {logging_mixin.py:149} INFO - upstate ny rap
[2023-05-06T23:29:11.568+0000] {logging_mixin.py:149} INFO - glitchcore
[2023-05-06T23:29:11.666+0000] {logging_mixin.py:149} INFO - meme rap
[2023-05-06T23:29:11.775+0000] {logging_mixin.py:149} INFO - bedroom soul
[2023-05-06T23:29:11.984+0000] {logging_mixin.py:149} INFO - aesthetic rap
[2023-05-06T23:29:12.089+0000] {logging_mixin.py:149} INFO - aesthetic rap
[2023-05-06T23:29:12.202+0000] {logging_mixin.py:149} INFO - future bass
[2023-05-06T23:29:12.536+0000] {logging_mixin.py:149} INFO - la pop
[2023-05-06T23:29:12.726+0000] {logging_mixin.py:149} INFO - cloud rap
[2023-05-06T23:29:13.187+0000] {logging_mixin.py:149} INFO - underground hip hop
[2023-05-06T23:29:13.512+0000] {logging_mixin.py:149} INFO - cloud rap
[2023-05-06T23:29:13.735+0000] {logging_mixin.py:149} INFO - sad rap
[2023-05-06T23:29:13.932+0000] {logging_mixin.py:149} INFO - canadian hip hop
[2023-05-06T23:29:13.946+0000] {python.py:183} INFO - Done. Returned value was: None
[2023-05-06T23:29:13.954+0000] {taskinstance.py:1373} INFO - Marking task as SUCCESS. dag_id=Summer_Warped_ETL, task_id=GetArtistInfo, execution_date=20230506T220218, start_date=20230506T232903, end_date=20230506T232913
[2023-05-06T23:29:13.983+0000] {local_task_job_runner.py:232} INFO - Task exited with return code 0
[2023-05-06T23:29:14.001+0000] {taskinstance.py:2674} INFO - 0 downstream tasks scheduled from follow-on schedule check
