[2023-05-07T00:02:04.131+0000] {taskinstance.py:1125} INFO - Dependencies all met for dep_context=non-requeueable deps ti=<TaskInstance: Summer_Warped_ETL.GetArtistInfo manual__2023-05-06T22:02:18.022658+00:00 [queued]>
[2023-05-07T00:02:04.136+0000] {taskinstance.py:1125} INFO - Dependencies all met for dep_context=requeueable deps ti=<TaskInstance: Summer_Warped_ETL.GetArtistInfo manual__2023-05-06T22:02:18.022658+00:00 [queued]>
[2023-05-07T00:02:04.137+0000] {taskinstance.py:1331} INFO - Starting attempt 24 of 26
[2023-05-07T00:02:04.144+0000] {taskinstance.py:1350} INFO - Executing <Task(PythonOperator): GetArtistInfo> on 2023-05-06 22:02:18.022658+00:00
[2023-05-07T00:02:04.149+0000] {standard_task_runner.py:57} INFO - Started process 311 to run task
[2023-05-07T00:02:04.153+0000] {standard_task_runner.py:84} INFO - Running: ['***', 'tasks', 'run', 'Summer_Warped_ETL', 'GetArtistInfo', 'manual__2023-05-06T22:02:18.022658+00:00', '--job-id', '675', '--raw', '--subdir', 'DAGS_FOLDER/warped-dag.py', '--cfg-path', '/tmp/tmpe2oepmzu']
[2023-05-07T00:02:04.154+0000] {standard_task_runner.py:85} INFO - Job 675: Subtask GetArtistInfo
[2023-05-07T00:02:04.195+0000] {task_command.py:410} INFO - Running <TaskInstance: Summer_Warped_ETL.GetArtistInfo manual__2023-05-06T22:02:18.022658+00:00 [running]> on host 2336b5f51000
[2023-05-07T00:02:04.249+0000] {taskinstance.py:1570} INFO - Exporting env vars: AIRFLOW_CTX_DAG_OWNER='Ananta Moharana' AIRFLOW_CTX_DAG_ID='Summer_Warped_ETL' AIRFLOW_CTX_TASK_ID='GetArtistInfo' AIRFLOW_CTX_EXECUTION_DATE='2023-05-06T22:02:18.022658+00:00' AIRFLOW_CTX_TRY_NUMBER='24' AIRFLOW_CTX_DAG_RUN_ID='manual__2023-05-06T22:02:18.022658+00:00'
[2023-05-07T00:02:04.621+0000] {logging_mixin.py:149} INFO - cloud rap
[2023-05-07T00:02:04.719+0000] {logging_mixin.py:149} INFO - bedroom soul
[2023-05-07T00:02:04.822+0000] {logging_mixin.py:149} INFO - emo rap
[2023-05-07T00:02:05.187+0000] {logging_mixin.py:149} INFO - indie hip hop
[2023-05-07T00:02:05.304+0000] {logging_mixin.py:149} INFO - atl hip hop
[2023-05-07T00:02:05.403+0000] {logging_mixin.py:149} INFO - cloud rap
[2023-05-07T00:02:05.598+0000] {logging_mixin.py:149} INFO - upstate ny rap
[2023-05-07T00:02:05.702+0000] {logging_mixin.py:149} INFO - future bass
[2023-05-07T00:02:05.794+0000] {logging_mixin.py:149} INFO - cloud rap
[2023-05-07T00:02:06.060+0000] {logging_mixin.py:149} INFO - cloud rap
[2023-05-07T00:02:06.153+0000] {logging_mixin.py:149} INFO - meme rap
[2023-05-07T00:02:06.482+0000] {logging_mixin.py:149} INFO - sad rap
[2023-05-07T00:02:06.581+0000] {logging_mixin.py:149} INFO - hyperpop
[2023-05-07T00:02:06.685+0000] {logging_mixin.py:149} INFO - glitchcore
[2023-05-07T00:02:06.785+0000] {logging_mixin.py:149} INFO - emo rap
[2023-05-07T00:02:06.897+0000] {logging_mixin.py:149} INFO - st louis rap
[2023-05-07T00:02:07.011+0000] {logging_mixin.py:149} INFO - canadian contemporary r&b
[2023-05-07T00:02:07.085+0000] {logging_mixin.py:149} INFO - hyperpop
[2023-05-07T00:02:07.180+0000] {logging_mixin.py:149} INFO - canadian hip hop
[2023-05-07T00:02:07.479+0000] {logging_mixin.py:149} INFO - cali rap
[2023-05-07T00:02:07.692+0000] {logging_mixin.py:149} INFO - cloud rap
[2023-05-07T00:02:07.915+0000] {logging_mixin.py:149} INFO - canadian hip hop
[2023-05-07T00:02:08.016+0000] {logging_mixin.py:149} INFO - la pop
[2023-05-07T00:02:08.118+0000] {logging_mixin.py:149} INFO - asian american hip hop
[2023-05-07T00:02:08.216+0000] {logging_mixin.py:149} INFO - hyperpop
[2023-05-07T00:02:08.428+0000] {logging_mixin.py:149} INFO - emo rap
[2023-05-07T00:02:08.532+0000] {logging_mixin.py:149} INFO - sad rap
[2023-05-07T00:02:08.639+0000] {logging_mixin.py:149} INFO - lo-fi rap
[2023-05-07T00:02:09.071+0000] {logging_mixin.py:149} INFO - cloud rap
[2023-05-07T00:02:09.177+0000] {logging_mixin.py:149} INFO - emo rap
[2023-05-07T00:02:09.297+0000] {logging_mixin.py:149} INFO - aesthetic rap
[2023-05-07T00:02:09.510+0000] {logging_mixin.py:149} INFO - alt z
[2023-05-07T00:02:09.612+0000] {logging_mixin.py:149} INFO - cloud rap
[2023-05-07T00:02:09.706+0000] {logging_mixin.py:149} INFO - emo rap
[2023-05-07T00:02:09.917+0000] {logging_mixin.py:149} INFO - cloud rap
[2023-05-07T00:02:10.042+0000] {logging_mixin.py:149} INFO - pittsburgh rap
[2023-05-07T00:02:10.434+0000] {logging_mixin.py:149} INFO - emo rap
[2023-05-07T00:02:10.533+0000] {logging_mixin.py:149} INFO - cloud rap
[2023-05-07T00:02:10.631+0000] {logging_mixin.py:149} INFO - canadian contemporary r&b
[2023-05-07T00:02:10.895+0000] {logging_mixin.py:149} INFO - indie pop rap
[2023-05-07T00:02:10.995+0000] {logging_mixin.py:149} INFO - vapor trap
[2023-05-07T00:02:11.480+0000] {logging_mixin.py:149} INFO - deep underground hip hop
[2023-05-07T00:02:11.582+0000] {logging_mixin.py:149} INFO - glitchcore
[2023-05-07T00:02:11.688+0000] {logging_mixin.py:149} INFO - underground hip hop
[2023-05-07T00:02:11.843+0000] {logging_mixin.py:149} INFO - alt z
[2023-05-07T00:02:12.149+0000] {logging_mixin.py:149} INFO - emoplugg
[2023-05-07T00:02:12.261+0000] {logging_mixin.py:149} INFO - glitchcore
[2023-05-07T00:02:12.484+0000] {logging_mixin.py:149} INFO - sad rap
[2023-05-07T00:02:12.582+0000] {logging_mixin.py:149} INFO - indonesian hip hop
[2023-05-07T00:02:12.784+0000] {logging_mixin.py:149} INFO - hyperpop
[2023-05-07T00:02:13.089+0000] {logging_mixin.py:149} INFO - hyperpop
[2023-05-07T00:02:13.189+0000] {logging_mixin.py:149} INFO - aesthetic rap
[2023-05-07T00:02:13.295+0000] {logging_mixin.py:149} INFO - melodic rap
[2023-05-07T00:02:13.393+0000] {logging_mixin.py:149} INFO - glitchcore
[2023-05-07T00:02:13.494+0000] {logging_mixin.py:149} INFO - nyc rap
[2023-05-07T00:02:13.598+0000] {logging_mixin.py:149} INFO - indie pop rap
[2023-05-07T00:02:13.739+0000] {logging_mixin.py:149} INFO - pop edm
[2023-05-07T00:02:13.845+0000] {logging_mixin.py:149} INFO - emo rap
[2023-05-07T00:02:13.858+0000] {python.py:183} INFO - Done. Returned value was: None
[2023-05-07T00:02:13.865+0000] {taskinstance.py:1373} INFO - Marking task as SUCCESS. dag_id=Summer_Warped_ETL, task_id=GetArtistInfo, execution_date=20230506T220218, start_date=20230507T000204, end_date=20230507T000213
[2023-05-07T00:02:13.888+0000] {local_task_job_runner.py:232} INFO - Task exited with return code 0
[2023-05-07T00:02:13.906+0000] {taskinstance.py:2674} INFO - 0 downstream tasks scheduled from follow-on schedule check
