[2023-05-06T23:44:34.179+0000] {taskinstance.py:1125} INFO - Dependencies all met for dep_context=non-requeueable deps ti=<TaskInstance: Summer_Warped_ETL.GetArtistInfo manual__2023-05-06T22:02:18.022658+00:00 [queued]>
[2023-05-06T23:44:34.185+0000] {taskinstance.py:1125} INFO - Dependencies all met for dep_context=requeueable deps ti=<TaskInstance: Summer_Warped_ETL.GetArtistInfo manual__2023-05-06T22:02:18.022658+00:00 [queued]>
[2023-05-06T23:44:34.185+0000] {taskinstance.py:1331} INFO - Starting attempt 19 of 21
[2023-05-06T23:44:34.192+0000] {taskinstance.py:1350} INFO - Executing <Task(PythonOperator): GetArtistInfo> on 2023-05-06 22:02:18.022658+00:00
[2023-05-06T23:44:34.198+0000] {standard_task_runner.py:57} INFO - Started process 659 to run task
[2023-05-06T23:44:34.202+0000] {standard_task_runner.py:84} INFO - Running: ['***', 'tasks', 'run', 'Summer_Warped_ETL', 'GetArtistInfo', 'manual__2023-05-06T22:02:18.022658+00:00', '--job-id', '636', '--raw', '--subdir', 'DAGS_FOLDER/warped-dag.py', '--cfg-path', '/tmp/tmpym5cscow']
[2023-05-06T23:44:34.202+0000] {standard_task_runner.py:85} INFO - Job 636: Subtask GetArtistInfo
[2023-05-06T23:44:34.251+0000] {task_command.py:410} INFO - Running <TaskInstance: Summer_Warped_ETL.GetArtistInfo manual__2023-05-06T22:02:18.022658+00:00 [running]> on host 0b419f4e7055
[2023-05-06T23:44:34.312+0000] {taskinstance.py:1570} INFO - Exporting env vars: AIRFLOW_CTX_DAG_OWNER='Ananta Moharana' AIRFLOW_CTX_DAG_ID='Summer_Warped_ETL' AIRFLOW_CTX_TASK_ID='GetArtistInfo' AIRFLOW_CTX_EXECUTION_DATE='2023-05-06T22:02:18.022658+00:00' AIRFLOW_CTX_TRY_NUMBER='19' AIRFLOW_CTX_DAG_RUN_ID='manual__2023-05-06T22:02:18.022658+00:00'
[2023-05-06T23:44:34.486+0000] {logging_mixin.py:149} INFO - canadian contemporary r&b
[2023-05-06T23:44:34.589+0000] {logging_mixin.py:149} INFO - emoplugg
[2023-05-06T23:44:34.688+0000] {logging_mixin.py:149} INFO - cloud rap
[2023-05-06T23:44:34.846+0000] {logging_mixin.py:149} INFO - st louis rap
[2023-05-06T23:44:35.141+0000] {logging_mixin.py:149} INFO - cloud rap
[2023-05-06T23:44:35.240+0000] {logging_mixin.py:149} INFO - canadian hip hop
[2023-05-06T23:44:35.444+0000] {logging_mixin.py:149} INFO - lo-fi rap
[2023-05-06T23:44:35.816+0000] {logging_mixin.py:149} INFO - alt z
[2023-05-06T23:44:35.932+0000] {logging_mixin.py:149} INFO - sad rap
[2023-05-06T23:44:36.043+0000] {logging_mixin.py:149} INFO - asian american hip hop
[2023-05-06T23:44:36.149+0000] {logging_mixin.py:149} INFO - indie pop rap
[2023-05-06T23:44:36.260+0000] {logging_mixin.py:149} INFO - alt z
[2023-05-06T23:44:36.456+0000] {logging_mixin.py:149} INFO - emo rap
[2023-05-06T23:44:36.736+0000] {logging_mixin.py:149} INFO - deep underground hip hop
[2023-05-06T23:44:37.057+0000] {logging_mixin.py:149} INFO - emo rap
[2023-05-06T23:44:37.167+0000] {logging_mixin.py:149} INFO - sad rap
[2023-05-06T23:44:37.265+0000] {logging_mixin.py:149} INFO - emo rap
[2023-05-06T23:44:37.466+0000] {logging_mixin.py:149} INFO - hyperpop
[2023-05-06T23:44:37.558+0000] {logging_mixin.py:149} INFO - canadian contemporary r&b
[2023-05-06T23:44:37.671+0000] {logging_mixin.py:149} INFO - nyc rap
[2023-05-06T23:44:37.888+0000] {logging_mixin.py:149} INFO - glitchcore
[2023-05-06T23:44:37.996+0000] {logging_mixin.py:149} INFO - emo rap
[2023-05-06T23:44:38.100+0000] {logging_mixin.py:149} INFO - hyperpop
[2023-05-06T23:44:38.203+0000] {logging_mixin.py:149} INFO - vapor trap
[2023-05-06T23:44:38.310+0000] {logging_mixin.py:149} INFO - cloud rap
[2023-05-06T23:44:38.408+0000] {logging_mixin.py:149} INFO - cloud rap
[2023-05-06T23:44:38.502+0000] {logging_mixin.py:149} INFO - hyperpop
[2023-05-06T23:44:38.599+0000] {logging_mixin.py:149} INFO - indie hip hop
[2023-05-06T23:44:38.926+0000] {logging_mixin.py:149} INFO - glitchcore
[2023-05-06T23:44:39.158+0000] {logging_mixin.py:149} INFO - emo rap
[2023-05-06T23:44:39.265+0000] {logging_mixin.py:149} INFO - hyperpop
[2023-05-06T23:44:39.377+0000] {logging_mixin.py:149} INFO - emo rap
[2023-05-06T23:44:39.567+0000] {logging_mixin.py:149} INFO - pittsburgh rap
[2023-05-06T23:44:39.811+0000] {logging_mixin.py:149} INFO - emo rap
[2023-05-06T23:44:40.018+0000] {logging_mixin.py:149} INFO - melodic rap
[2023-05-06T23:44:40.219+0000] {logging_mixin.py:149} INFO - cali rap
[2023-05-06T23:44:40.315+0000] {logging_mixin.py:149} INFO - indonesian hip hop
[2023-05-06T23:44:40.418+0000] {logging_mixin.py:149} INFO - hyperpop
[2023-05-06T23:44:40.533+0000] {logging_mixin.py:149} INFO - glitchcore
[2023-05-06T23:44:40.669+0000] {logging_mixin.py:149} INFO - cloud rap
[2023-05-06T23:44:40.770+0000] {logging_mixin.py:149} INFO - cloud rap
[2023-05-06T23:44:41.119+0000] {logging_mixin.py:149} INFO - indie pop rap
[2023-05-06T23:44:41.227+0000] {logging_mixin.py:149} INFO - atl hip hop
[2023-05-06T23:44:41.427+0000] {logging_mixin.py:149} INFO - cloud rap
[2023-05-06T23:44:41.517+0000] {logging_mixin.py:149} INFO - pop edm
[2023-05-06T23:44:41.629+0000] {logging_mixin.py:149} INFO - upstate ny rap
[2023-05-06T23:44:41.729+0000] {logging_mixin.py:149} INFO - glitchcore
[2023-05-06T23:44:41.831+0000] {logging_mixin.py:149} INFO - meme rap
[2023-05-06T23:44:41.953+0000] {logging_mixin.py:149} INFO - bedroom soul
[2023-05-06T23:44:42.175+0000] {logging_mixin.py:149} INFO - aesthetic rap
[2023-05-06T23:44:42.278+0000] {logging_mixin.py:149} INFO - aesthetic rap
[2023-05-06T23:44:42.525+0000] {logging_mixin.py:149} INFO - future bass
[2023-05-06T23:44:42.844+0000] {logging_mixin.py:149} INFO - la pop
[2023-05-06T23:44:43.048+0000] {logging_mixin.py:149} INFO - cloud rap
[2023-05-06T23:44:43.445+0000] {logging_mixin.py:149} INFO - underground hip hop
[2023-05-06T23:44:43.746+0000] {logging_mixin.py:149} INFO - cloud rap
[2023-05-06T23:44:43.940+0000] {logging_mixin.py:149} INFO - sad rap
[2023-05-06T23:44:44.141+0000] {logging_mixin.py:149} INFO - canadian hip hop
[2023-05-06T23:44:44.152+0000] {python.py:183} INFO - Done. Returned value was: None
[2023-05-06T23:44:44.160+0000] {taskinstance.py:1373} INFO - Marking task as SUCCESS. dag_id=Summer_Warped_ETL, task_id=GetArtistInfo, execution_date=20230506T220218, start_date=20230506T234434, end_date=20230506T234444
[2023-05-06T23:44:44.190+0000] {local_task_job_runner.py:232} INFO - Task exited with return code 0
[2023-05-06T23:44:44.206+0000] {taskinstance.py:2674} INFO - 0 downstream tasks scheduled from follow-on schedule check
