[2023-05-08T00:55:12.763+0000] {taskinstance.py:1125} INFO - Dependencies all met for dep_context=non-requeueable deps ti=<TaskInstance: Summer_Warped_ETL.GetArtistInfo manual__2023-05-08T00:07:39.219723+00:00 [queued]>
[2023-05-08T00:55:12.771+0000] {taskinstance.py:1125} INFO - Dependencies all met for dep_context=requeueable deps ti=<TaskInstance: Summer_Warped_ETL.GetArtistInfo manual__2023-05-08T00:07:39.219723+00:00 [queued]>
[2023-05-08T00:55:12.772+0000] {taskinstance.py:1331} INFO - Starting attempt 2 of 4
[2023-05-08T00:55:12.792+0000] {taskinstance.py:1350} INFO - Executing <Task(PythonOperator): GetArtistInfo> on 2023-05-08 00:07:39.219723+00:00
[2023-05-08T00:55:12.805+0000] {standard_task_runner.py:57} INFO - Started process 192 to run task
[2023-05-08T00:55:12.821+0000] {standard_task_runner.py:84} INFO - Running: ['***', 'tasks', 'run', 'Summer_Warped_ETL', 'GetArtistInfo', 'manual__2023-05-08T00:07:39.219723+00:00', '--job-id', '1644', '--raw', '--subdir', 'DAGS_FOLDER/warped-dag.py', '--cfg-path', '/tmp/tmp3swiy4ab']
[2023-05-08T00:55:12.829+0000] {standard_task_runner.py:85} INFO - Job 1644: Subtask GetArtistInfo
[2023-05-08T00:55:12.915+0000] {task_command.py:410} INFO - Running <TaskInstance: Summer_Warped_ETL.GetArtistInfo manual__2023-05-08T00:07:39.219723+00:00 [running]> on host a40687a10d43
[2023-05-08T00:55:13.063+0000] {taskinstance.py:1570} INFO - Exporting env vars: AIRFLOW_CTX_DAG_OWNER='Ananta Moharana' AIRFLOW_CTX_DAG_ID='Summer_Warped_ETL' AIRFLOW_CTX_TASK_ID='GetArtistInfo' AIRFLOW_CTX_EXECUTION_DATE='2023-05-08T00:07:39.219723+00:00' AIRFLOW_CTX_TRY_NUMBER='2' AIRFLOW_CTX_DAG_RUN_ID='manual__2023-05-08T00:07:39.219723+00:00'
[2023-05-08T00:55:13.199+0000] {logging_mixin.py:149} INFO - cloud rap
[2023-05-08T00:55:13.404+0000] {logging_mixin.py:149} INFO - cloud rap
[2023-05-08T00:55:13.611+0000] {logging_mixin.py:149} INFO - la pop
[2023-05-08T00:55:13.703+0000] {logging_mixin.py:149} INFO - indie hip hop
[2023-05-08T00:55:13.902+0000] {logging_mixin.py:149} INFO - cloud rap
[2023-05-08T00:55:14.088+0000] {logging_mixin.py:149} INFO - aesthetic rap
[2023-05-08T00:55:14.188+0000] {logging_mixin.py:149} INFO - emo rap
[2023-05-08T00:55:14.286+0000] {logging_mixin.py:149} INFO - canadian contemporary r&b
[2023-05-08T00:55:14.457+0000] {logging_mixin.py:149} INFO - deep underground hip hop
[2023-05-08T00:55:14.652+0000] {logging_mixin.py:149} INFO - cloud rap
[2023-05-08T00:55:14.755+0000] {logging_mixin.py:149} INFO - underground hip hop
[2023-05-08T00:55:14.958+0000] {logging_mixin.py:149} INFO - st louis rap
[2023-05-08T00:55:15.056+0000] {logging_mixin.py:149} INFO - cloud rap
[2023-05-08T00:55:15.257+0000] {logging_mixin.py:149} INFO - canadian contemporary r&b
[2023-05-08T00:55:15.449+0000] {logging_mixin.py:149} INFO - asian american hip hop
[2023-05-08T00:55:15.664+0000] {logging_mixin.py:149} INFO - nyc rap
[2023-05-08T00:55:15.874+0000] {logging_mixin.py:149} INFO - indie pop rap
[2023-05-08T00:55:15.966+0000] {logging_mixin.py:149} INFO - bedroom soul
[2023-05-08T00:55:16.062+0000] {logging_mixin.py:149} INFO - cloud rap
[2023-05-08T00:55:16.159+0000] {logging_mixin.py:149} INFO - glitchcore
[2023-05-08T00:55:16.261+0000] {logging_mixin.py:149} INFO - glitchcore
[2023-05-08T00:55:16.549+0000] {logging_mixin.py:149} INFO - hyperpop
[2023-05-08T00:55:16.638+0000] {logging_mixin.py:149} INFO - glitchcore
[2023-05-08T00:55:16.745+0000] {logging_mixin.py:149} INFO - cali rap
[2023-05-08T00:55:16.836+0000] {logging_mixin.py:149} INFO - sad rap
[2023-05-08T00:55:17.025+0000] {logging_mixin.py:149} INFO - emo rap
[2023-05-08T00:55:17.149+0000] {logging_mixin.py:149} INFO - indonesian hip hop
[2023-05-08T00:55:17.368+0000] {logging_mixin.py:149} INFO - pop edm
[2023-05-08T00:55:17.514+0000] {logging_mixin.py:149} INFO - upstate ny rap
[2023-05-08T00:55:17.598+0000] {logging_mixin.py:149} INFO - hyperpop
[2023-05-08T00:55:17.915+0000] {logging_mixin.py:149} INFO - cloud rap
[2023-05-08T00:55:18.112+0000] {logging_mixin.py:149} INFO - emoplugg
[2023-05-08T00:55:18.215+0000] {logging_mixin.py:149} INFO - emo rap
[2023-05-08T00:55:18.320+0000] {logging_mixin.py:149} INFO - hyperpop
[2023-05-08T00:55:18.446+0000] {logging_mixin.py:149} INFO - pittsburgh rap
[2023-05-08T00:55:18.548+0000] {logging_mixin.py:149} INFO - alt z
[2023-05-08T00:55:18.647+0000] {logging_mixin.py:149} INFO - canadian hip hop
[2023-05-08T00:55:18.751+0000] {logging_mixin.py:149} INFO - canadian hip hop
[2023-05-08T00:55:18.997+0000] {logging_mixin.py:149} INFO - aesthetic rap
[2023-05-08T00:55:19.089+0000] {logging_mixin.py:149} INFO - cloud rap
[2023-05-08T00:55:19.191+0000] {logging_mixin.py:149} INFO - cloud rap
[2023-05-08T00:55:19.581+0000] {logging_mixin.py:149} INFO - alt z
[2023-05-08T00:55:19.808+0000] {logging_mixin.py:149} INFO - emo rap
[2023-05-08T00:55:19.918+0000] {logging_mixin.py:149} INFO - atl hip hop
[2023-05-08T00:55:20.111+0000] {logging_mixin.py:149} INFO - hyperpop
[2023-05-08T00:55:20.309+0000] {logging_mixin.py:149} INFO - meme rap
[2023-05-08T00:55:20.412+0000] {logging_mixin.py:149} INFO - indie pop rap
[2023-05-08T00:55:20.513+0000] {logging_mixin.py:149} INFO - emo rap
[2023-05-08T00:55:20.614+0000] {logging_mixin.py:149} INFO - melodic rap
[2023-05-08T00:55:20.735+0000] {logging_mixin.py:149} INFO - future bass
[2023-05-08T00:55:20.839+0000] {logging_mixin.py:149} INFO - emo rap
[2023-05-08T00:55:20.932+0000] {logging_mixin.py:149} INFO - glitchcore
[2023-05-08T00:55:21.467+0000] {logging_mixin.py:149} INFO - sad rap
[2023-05-08T00:55:21.591+0000] {logging_mixin.py:149} INFO - emo rap
[2023-05-08T00:55:21.981+0000] {logging_mixin.py:149} INFO - vapor trap
[2023-05-08T00:55:22.102+0000] {logging_mixin.py:149} INFO - hyperpop
[2023-05-08T00:55:22.325+0000] {logging_mixin.py:149} INFO - lo-fi rap
[2023-05-08T00:55:22.525+0000] {logging_mixin.py:149} INFO - sad rap
[2023-05-08T00:55:22.630+0000] {python.py:183} INFO - Done. Returned value was: None
[2023-05-08T00:55:22.638+0000] {taskinstance.py:1373} INFO - Marking task as SUCCESS. dag_id=Summer_Warped_ETL, task_id=GetArtistInfo, execution_date=20230508T000739, start_date=20230508T005512, end_date=20230508T005522
[2023-05-08T00:55:22.694+0000] {local_task_job_runner.py:232} INFO - Task exited with return code 0
[2023-05-08T00:55:22.717+0000] {taskinstance.py:2674} INFO - 0 downstream tasks scheduled from follow-on schedule check
