[2023-05-07T22:45:27.346+0000] {taskinstance.py:1125} INFO - Dependencies all met for dep_context=non-requeueable deps ti=<TaskInstance: Summer_Warped_ETL.GetArtistInfo manual__2023-05-07T21:54:25.314545+00:00 [queued]>
[2023-05-07T22:45:27.352+0000] {taskinstance.py:1125} INFO - Dependencies all met for dep_context=requeueable deps ti=<TaskInstance: Summer_Warped_ETL.GetArtistInfo manual__2023-05-07T21:54:25.314545+00:00 [queued]>
[2023-05-07T22:45:27.353+0000] {taskinstance.py:1331} INFO - Starting attempt 13 of 15
[2023-05-07T22:45:27.361+0000] {taskinstance.py:1350} INFO - Executing <Task(PythonOperator): GetArtistInfo> on 2023-05-07 21:54:25.314545+00:00
[2023-05-07T22:45:27.366+0000] {standard_task_runner.py:57} INFO - Started process 2750 to run task
[2023-05-07T22:45:27.375+0000] {standard_task_runner.py:84} INFO - Running: ['***', 'tasks', 'run', 'Summer_Warped_ETL', 'GetArtistInfo', 'manual__2023-05-07T21:54:25.314545+00:00', '--job-id', '1335', '--raw', '--subdir', 'DAGS_FOLDER/warped-dag.py', '--cfg-path', '/tmp/tmp4t7c90w8']
[2023-05-07T22:45:27.376+0000] {standard_task_runner.py:85} INFO - Job 1335: Subtask GetArtistInfo
[2023-05-07T22:45:27.438+0000] {task_command.py:410} INFO - Running <TaskInstance: Summer_Warped_ETL.GetArtistInfo manual__2023-05-07T21:54:25.314545+00:00 [running]> on host 31774baccecb
[2023-05-07T22:45:27.498+0000] {taskinstance.py:1570} INFO - Exporting env vars: AIRFLOW_CTX_DAG_OWNER='Ananta Moharana' AIRFLOW_CTX_DAG_ID='Summer_Warped_ETL' AIRFLOW_CTX_TASK_ID='GetArtistInfo' AIRFLOW_CTX_EXECUTION_DATE='2023-05-07T21:54:25.314545+00:00' AIRFLOW_CTX_TRY_NUMBER='13' AIRFLOW_CTX_DAG_RUN_ID='manual__2023-05-07T21:54:25.314545+00:00'
[2023-05-07T22:45:27.651+0000] {logging_mixin.py:149} INFO - emo rap
[2023-05-07T22:45:28.071+0000] {logging_mixin.py:149} INFO - hyperpop
[2023-05-07T22:45:28.180+0000] {logging_mixin.py:149} INFO - underground hip hop
[2023-05-07T22:45:28.297+0000] {logging_mixin.py:149} INFO - sad rap
[2023-05-07T22:45:28.490+0000] {logging_mixin.py:149} INFO - emo rap
[2023-05-07T22:45:28.588+0000] {logging_mixin.py:149} INFO - cloud rap
[2023-05-07T22:45:28.681+0000] {logging_mixin.py:149} INFO - cloud rap
[2023-05-07T22:45:28.794+0000] {logging_mixin.py:149} INFO - emo rap
[2023-05-07T22:45:28.905+0000] {logging_mixin.py:149} INFO - indie pop rap
[2023-05-07T22:45:29.006+0000] {logging_mixin.py:149} INFO - indonesian hip hop
[2023-05-07T22:45:29.110+0000] {logging_mixin.py:149} INFO - canadian hip hop
[2023-05-07T22:45:29.211+0000] {logging_mixin.py:149} INFO - glitchcore
[2023-05-07T22:45:29.307+0000] {logging_mixin.py:149} INFO - emoplugg
[2023-05-07T22:45:29.393+0000] {logging_mixin.py:149} INFO - glitchcore
[2023-05-07T22:45:29.500+0000] {logging_mixin.py:149} INFO - pittsburgh rap
[2023-05-07T22:45:29.626+0000] {logging_mixin.py:149} INFO - emo rap
[2023-05-07T22:45:29.823+0000] {logging_mixin.py:149} INFO - indie hip hop
[2023-05-07T22:45:29.916+0000] {logging_mixin.py:149} INFO - aesthetic rap
[2023-05-07T22:45:30.038+0000] {logging_mixin.py:149} INFO - nyc rap
[2023-05-07T22:45:30.149+0000] {logging_mixin.py:149} INFO - cloud rap
[2023-05-07T22:45:30.246+0000] {logging_mixin.py:149} INFO - future bass
[2023-05-07T22:45:30.451+0000] {logging_mixin.py:149} INFO - sad rap
[2023-05-07T22:45:31.017+0000] {logging_mixin.py:149} INFO - alt z
[2023-05-07T22:45:31.097+0000] {logging_mixin.py:149} INFO - sad rap
[2023-05-07T22:45:31.198+0000] {logging_mixin.py:149} INFO - vapor trap
[2023-05-07T22:45:31.296+0000] {logging_mixin.py:149} INFO - glitchcore
[2023-05-07T22:45:31.513+0000] {logging_mixin.py:149} INFO - cloud rap
[2023-05-07T22:45:31.641+0000] {logging_mixin.py:149} INFO - canadian contemporary r&b
[2023-05-07T22:45:32.236+0000] {logging_mixin.py:149} INFO - deep underground hip hop
[2023-05-07T22:45:32.352+0000] {logging_mixin.py:149} INFO - bedroom soul
[2023-05-07T22:45:32.472+0000] {logging_mixin.py:149} INFO - canadian hip hop
[2023-05-07T22:45:32.573+0000] {logging_mixin.py:149} INFO - la pop
[2023-05-07T22:45:32.672+0000] {logging_mixin.py:149} INFO - emo rap
[2023-05-07T22:45:32.879+0000] {logging_mixin.py:149} INFO - indie pop rap
[2023-05-07T22:45:32.976+0000] {logging_mixin.py:149} INFO - cloud rap
[2023-05-07T22:45:33.076+0000] {logging_mixin.py:149} INFO - canadian contemporary r&b
[2023-05-07T22:45:33.435+0000] {logging_mixin.py:149} INFO - st louis rap
[2023-05-07T22:45:33.652+0000] {logging_mixin.py:149} INFO - atl hip hop
[2023-05-07T22:45:33.849+0000] {logging_mixin.py:149} INFO - emo rap
[2023-05-07T22:45:33.941+0000] {logging_mixin.py:149} INFO - cloud rap
[2023-05-07T22:45:34.046+0000] {logging_mixin.py:149} INFO - aesthetic rap
[2023-05-07T22:45:34.340+0000] {logging_mixin.py:149} INFO - melodic rap
[2023-05-07T22:45:34.441+0000] {logging_mixin.py:149} INFO - cloud rap
[2023-05-07T22:45:34.736+0000] {logging_mixin.py:149} INFO - hyperpop
[2023-05-07T22:45:34.885+0000] {logging_mixin.py:149} INFO - cloud rap
[2023-05-07T22:45:34.983+0000] {logging_mixin.py:149} INFO - hyperpop
[2023-05-07T22:45:35.199+0000] {logging_mixin.py:149} INFO - cali rap
[2023-05-07T22:45:35.501+0000] {logging_mixin.py:149} INFO - emo rap
[2023-05-07T22:45:35.603+0000] {logging_mixin.py:149} INFO - alt z
[2023-05-07T22:45:35.803+0000] {logging_mixin.py:149} INFO - meme rap
[2023-05-07T22:45:35.900+0000] {logging_mixin.py:149} INFO - lo-fi rap
[2023-05-07T22:45:35.990+0000] {logging_mixin.py:149} INFO - glitchcore
[2023-05-07T22:45:36.222+0000] {logging_mixin.py:149} INFO - cloud rap
[2023-05-07T22:45:36.503+0000] {logging_mixin.py:149} INFO - hyperpop
[2023-05-07T22:45:36.614+0000] {logging_mixin.py:149} INFO - asian american hip hop
[2023-05-07T22:45:36.724+0000] {logging_mixin.py:149} INFO - pop edm
[2023-05-07T22:45:36.810+0000] {logging_mixin.py:149} INFO - hyperpop
[2023-05-07T22:45:36.905+0000] {logging_mixin.py:149} INFO - upstate ny rap
[2023-05-07T22:45:36.921+0000] {python.py:183} INFO - Done. Returned value was: None
[2023-05-07T22:45:36.930+0000] {taskinstance.py:1373} INFO - Marking task as SUCCESS. dag_id=Summer_Warped_ETL, task_id=GetArtistInfo, execution_date=20230507T215425, start_date=20230507T224527, end_date=20230507T224536
[2023-05-07T22:45:36.966+0000] {local_task_job_runner.py:232} INFO - Task exited with return code 0
[2023-05-07T22:45:36.990+0000] {taskinstance.py:2674} INFO - 0 downstream tasks scheduled from follow-on schedule check
