[2023-05-07T22:38:35.948+0000] {taskinstance.py:1125} INFO - Dependencies all met for dep_context=non-requeueable deps ti=<TaskInstance: Summer_Warped_ETL.GetArtistInfo manual__2023-05-07T21:54:25.314545+00:00 [queued]>
[2023-05-07T22:38:35.955+0000] {taskinstance.py:1125} INFO - Dependencies all met for dep_context=requeueable deps ti=<TaskInstance: Summer_Warped_ETL.GetArtistInfo manual__2023-05-07T21:54:25.314545+00:00 [queued]>
[2023-05-07T22:38:35.955+0000] {taskinstance.py:1331} INFO - Starting attempt 10 of 12
[2023-05-07T22:38:35.964+0000] {taskinstance.py:1350} INFO - Executing <Task(PythonOperator): GetArtistInfo> on 2023-05-07 21:54:25.314545+00:00
[2023-05-07T22:38:35.972+0000] {standard_task_runner.py:57} INFO - Started process 2166 to run task
[2023-05-07T22:38:35.977+0000] {standard_task_runner.py:84} INFO - Running: ['***', 'tasks', 'run', 'Summer_Warped_ETL', 'GetArtistInfo', 'manual__2023-05-07T21:54:25.314545+00:00', '--job-id', '1233', '--raw', '--subdir', 'DAGS_FOLDER/warped-dag.py', '--cfg-path', '/tmp/tmp8us6xsit']
[2023-05-07T22:38:35.978+0000] {standard_task_runner.py:85} INFO - Job 1233: Subtask GetArtistInfo
[2023-05-07T22:38:36.030+0000] {task_command.py:410} INFO - Running <TaskInstance: Summer_Warped_ETL.GetArtistInfo manual__2023-05-07T21:54:25.314545+00:00 [running]> on host 31774baccecb
[2023-05-07T22:38:36.124+0000] {taskinstance.py:1570} INFO - Exporting env vars: AIRFLOW_CTX_DAG_OWNER='Ananta Moharana' AIRFLOW_CTX_DAG_ID='Summer_Warped_ETL' AIRFLOW_CTX_TASK_ID='GetArtistInfo' AIRFLOW_CTX_EXECUTION_DATE='2023-05-07T21:54:25.314545+00:00' AIRFLOW_CTX_TRY_NUMBER='10' AIRFLOW_CTX_DAG_RUN_ID='manual__2023-05-07T21:54:25.314545+00:00'
[2023-05-07T22:38:36.276+0000] {logging_mixin.py:149} INFO - emo rap
[2023-05-07T22:38:36.699+0000] {logging_mixin.py:149} INFO - hyperpop
[2023-05-07T22:38:36.800+0000] {logging_mixin.py:149} INFO - underground hip hop
[2023-05-07T22:38:36.930+0000] {logging_mixin.py:149} INFO - sad rap
[2023-05-07T22:38:37.115+0000] {logging_mixin.py:149} INFO - emo rap
[2023-05-07T22:38:37.251+0000] {logging_mixin.py:149} INFO - cloud rap
[2023-05-07T22:38:37.354+0000] {logging_mixin.py:149} INFO - cloud rap
[2023-05-07T22:38:37.460+0000] {logging_mixin.py:149} INFO - emo rap
[2023-05-07T22:38:37.561+0000] {logging_mixin.py:149} INFO - indie pop rap
[2023-05-07T22:38:37.660+0000] {logging_mixin.py:149} INFO - indonesian hip hop
[2023-05-07T22:38:37.753+0000] {logging_mixin.py:149} INFO - canadian hip hop
[2023-05-07T22:38:37.859+0000] {logging_mixin.py:149} INFO - glitchcore
[2023-05-07T22:38:37.962+0000] {logging_mixin.py:149} INFO - emoplugg
[2023-05-07T22:38:38.059+0000] {logging_mixin.py:149} INFO - glitchcore
[2023-05-07T22:38:38.152+0000] {logging_mixin.py:149} INFO - pittsburgh rap
[2023-05-07T22:38:38.256+0000] {logging_mixin.py:149} INFO - emo rap
[2023-05-07T22:38:38.453+0000] {logging_mixin.py:149} INFO - indie hip hop
[2023-05-07T22:38:38.564+0000] {logging_mixin.py:149} INFO - aesthetic rap
[2023-05-07T22:38:38.659+0000] {logging_mixin.py:149} INFO - nyc rap
[2023-05-07T22:38:38.786+0000] {logging_mixin.py:149} INFO - cloud rap
[2023-05-07T22:38:38.887+0000] {logging_mixin.py:149} INFO - future bass
[2023-05-07T22:38:39.085+0000] {logging_mixin.py:149} INFO - sad rap
[2023-05-07T22:38:39.701+0000] {logging_mixin.py:149} INFO - alt z
[2023-05-07T22:38:39.805+0000] {logging_mixin.py:149} INFO - sad rap
[2023-05-07T22:38:39.904+0000] {logging_mixin.py:149} INFO - vapor trap
[2023-05-07T22:38:39.992+0000] {logging_mixin.py:149} INFO - glitchcore
[2023-05-07T22:38:40.206+0000] {logging_mixin.py:149} INFO - cloud rap
[2023-05-07T22:38:40.302+0000] {logging_mixin.py:149} INFO - canadian contemporary r&b
[2023-05-07T22:38:40.841+0000] {logging_mixin.py:149} INFO - deep underground hip hop
[2023-05-07T22:38:40.939+0000] {logging_mixin.py:149} INFO - bedroom soul
[2023-05-07T22:38:41.024+0000] {logging_mixin.py:149} INFO - canadian hip hop
[2023-05-07T22:38:41.131+0000] {logging_mixin.py:149} INFO - la pop
[2023-05-07T22:38:41.231+0000] {logging_mixin.py:149} INFO - emo rap
[2023-05-07T22:38:41.452+0000] {logging_mixin.py:149} INFO - indie pop rap
[2023-05-07T22:38:41.554+0000] {logging_mixin.py:149} INFO - cloud rap
[2023-05-07T22:38:41.652+0000] {logging_mixin.py:149} INFO - canadian contemporary r&b
[2023-05-07T22:38:41.969+0000] {logging_mixin.py:149} INFO - st louis rap
[2023-05-07T22:38:42.234+0000] {logging_mixin.py:149} INFO - atl hip hop
[2023-05-07T22:38:42.440+0000] {logging_mixin.py:149} INFO - emo rap
[2023-05-07T22:38:42.557+0000] {logging_mixin.py:149} INFO - cloud rap
[2023-05-07T22:38:42.657+0000] {logging_mixin.py:149} INFO - aesthetic rap
[2023-05-07T22:38:42.956+0000] {logging_mixin.py:149} INFO - melodic rap
[2023-05-07T22:38:43.047+0000] {logging_mixin.py:149} INFO - cloud rap
[2023-05-07T22:38:43.412+0000] {logging_mixin.py:149} INFO - hyperpop
[2023-05-07T22:38:43.515+0000] {logging_mixin.py:149} INFO - cloud rap
[2023-05-07T22:38:43.617+0000] {logging_mixin.py:149} INFO - hyperpop
[2023-05-07T22:38:43.808+0000] {logging_mixin.py:149} INFO - cali rap
[2023-05-07T22:38:44.244+0000] {logging_mixin.py:149} INFO - emo rap
[2023-05-07T22:38:44.346+0000] {logging_mixin.py:149} INFO - alt z
[2023-05-07T22:38:44.559+0000] {logging_mixin.py:149} INFO - meme rap
[2023-05-07T22:38:44.714+0000] {logging_mixin.py:149} INFO - lo-fi rap
[2023-05-07T22:38:44.815+0000] {logging_mixin.py:149} INFO - glitchcore
[2023-05-07T22:38:45.041+0000] {logging_mixin.py:149} INFO - cloud rap
[2023-05-07T22:38:45.359+0000] {logging_mixin.py:149} INFO - hyperpop
[2023-05-07T22:38:45.481+0000] {logging_mixin.py:149} INFO - asian american hip hop
[2023-05-07T22:38:45.583+0000] {logging_mixin.py:149} INFO - pop edm
[2023-05-07T22:38:45.697+0000] {logging_mixin.py:149} INFO - hyperpop
[2023-05-07T22:38:45.813+0000] {logging_mixin.py:149} INFO - upstate ny rap
[2023-05-07T22:38:45.830+0000] {python.py:183} INFO - Done. Returned value was: None
[2023-05-07T22:38:45.838+0000] {taskinstance.py:1373} INFO - Marking task as SUCCESS. dag_id=Summer_Warped_ETL, task_id=GetArtistInfo, execution_date=20230507T215425, start_date=20230507T223835, end_date=20230507T223845
[2023-05-07T22:38:45.882+0000] {local_task_job_runner.py:232} INFO - Task exited with return code 0
[2023-05-07T22:38:45.904+0000] {taskinstance.py:2674} INFO - 0 downstream tasks scheduled from follow-on schedule check
