[2023-05-07T22:11:28.394+0000] {taskinstance.py:1125} INFO - Dependencies all met for dep_context=non-requeueable deps ti=<TaskInstance: Summer_Warped_ETL.GetArtistInfo manual__2023-05-07T21:54:25.314545+00:00 [queued]>
[2023-05-07T22:11:28.402+0000] {taskinstance.py:1125} INFO - Dependencies all met for dep_context=requeueable deps ti=<TaskInstance: Summer_Warped_ETL.GetArtistInfo manual__2023-05-07T21:54:25.314545+00:00 [queued]>
[2023-05-07T22:11:28.402+0000] {taskinstance.py:1331} INFO - Starting attempt 4 of 6
[2023-05-07T22:11:28.409+0000] {taskinstance.py:1350} INFO - Executing <Task(PythonOperator): GetArtistInfo> on 2023-05-07 21:54:25.314545+00:00
[2023-05-07T22:11:28.414+0000] {standard_task_runner.py:57} INFO - Started process 927 to run task
[2023-05-07T22:11:28.420+0000] {standard_task_runner.py:84} INFO - Running: ['***', 'tasks', 'run', 'Summer_Warped_ETL', 'GetArtistInfo', 'manual__2023-05-07T21:54:25.314545+00:00', '--job-id', '1065', '--raw', '--subdir', 'DAGS_FOLDER/warped-dag.py', '--cfg-path', '/tmp/tmpmt4w428m']
[2023-05-07T22:11:28.421+0000] {standard_task_runner.py:85} INFO - Job 1065: Subtask GetArtistInfo
[2023-05-07T22:11:28.470+0000] {task_command.py:410} INFO - Running <TaskInstance: Summer_Warped_ETL.GetArtistInfo manual__2023-05-07T21:54:25.314545+00:00 [running]> on host 31774baccecb
[2023-05-07T22:11:28.535+0000] {taskinstance.py:1570} INFO - Exporting env vars: AIRFLOW_CTX_DAG_OWNER='Ananta Moharana' AIRFLOW_CTX_DAG_ID='Summer_Warped_ETL' AIRFLOW_CTX_TASK_ID='GetArtistInfo' AIRFLOW_CTX_EXECUTION_DATE='2023-05-07T21:54:25.314545+00:00' AIRFLOW_CTX_TRY_NUMBER='4' AIRFLOW_CTX_DAG_RUN_ID='manual__2023-05-07T21:54:25.314545+00:00'
[2023-05-07T22:11:28.676+0000] {logging_mixin.py:149} INFO - emo rap
[2023-05-07T22:11:29.183+0000] {logging_mixin.py:149} INFO - hyperpop
[2023-05-07T22:11:29.295+0000] {logging_mixin.py:149} INFO - underground hip hop
[2023-05-07T22:11:29.391+0000] {logging_mixin.py:149} INFO - sad rap
[2023-05-07T22:11:29.617+0000] {logging_mixin.py:149} INFO - emo rap
[2023-05-07T22:11:29.725+0000] {logging_mixin.py:149} INFO - cloud rap
[2023-05-07T22:11:29.827+0000] {logging_mixin.py:149} INFO - cloud rap
[2023-05-07T22:11:30.135+0000] {logging_mixin.py:149} INFO - emo rap
[2023-05-07T22:11:30.324+0000] {logging_mixin.py:149} INFO - indie pop rap
[2023-05-07T22:11:30.424+0000] {logging_mixin.py:149} INFO - indonesian hip hop
[2023-05-07T22:11:30.531+0000] {logging_mixin.py:149} INFO - canadian hip hop
[2023-05-07T22:11:30.725+0000] {logging_mixin.py:149} INFO - glitchcore
[2023-05-07T22:11:30.824+0000] {logging_mixin.py:149} INFO - emoplugg
[2023-05-07T22:11:30.928+0000] {logging_mixin.py:149} INFO - glitchcore
[2023-05-07T22:11:31.036+0000] {logging_mixin.py:149} INFO - pittsburgh rap
[2023-05-07T22:11:31.141+0000] {logging_mixin.py:149} INFO - emo rap
[2023-05-07T22:11:31.341+0000] {logging_mixin.py:149} INFO - indie hip hop
[2023-05-07T22:11:31.451+0000] {logging_mixin.py:149} INFO - aesthetic rap
[2023-05-07T22:11:31.543+0000] {logging_mixin.py:149} INFO - nyc rap
[2023-05-07T22:11:31.646+0000] {logging_mixin.py:149} INFO - cloud rap
[2023-05-07T22:11:31.781+0000] {logging_mixin.py:149} INFO - future bass
[2023-05-07T22:11:32.102+0000] {logging_mixin.py:149} INFO - sad rap
[2023-05-07T22:11:32.848+0000] {logging_mixin.py:149} INFO - alt z
[2023-05-07T22:11:32.961+0000] {logging_mixin.py:149} INFO - sad rap
[2023-05-07T22:11:33.066+0000] {logging_mixin.py:149} INFO - vapor trap
[2023-05-07T22:11:33.162+0000] {logging_mixin.py:149} INFO - glitchcore
[2023-05-07T22:11:33.433+0000] {logging_mixin.py:149} INFO - cloud rap
[2023-05-07T22:11:33.551+0000] {logging_mixin.py:149} INFO - canadian contemporary r&b
[2023-05-07T22:11:34.051+0000] {logging_mixin.py:149} INFO - deep underground hip hop
[2023-05-07T22:11:34.153+0000] {logging_mixin.py:149} INFO - bedroom soul
[2023-05-07T22:11:34.424+0000] {logging_mixin.py:149} INFO - canadian hip hop
[2023-05-07T22:11:34.530+0000] {logging_mixin.py:149} INFO - la pop
[2023-05-07T22:11:34.666+0000] {logging_mixin.py:149} INFO - emo rap
[2023-05-07T22:11:34.858+0000] {logging_mixin.py:149} INFO - indie pop rap
[2023-05-07T22:11:34.948+0000] {logging_mixin.py:149} INFO - cloud rap
[2023-05-07T22:11:35.045+0000] {logging_mixin.py:149} INFO - canadian contemporary r&b
[2023-05-07T22:11:35.367+0000] {logging_mixin.py:149} INFO - st louis rap
[2023-05-07T22:11:35.595+0000] {logging_mixin.py:149} INFO - atl hip hop
[2023-05-07T22:11:35.832+0000] {logging_mixin.py:149} INFO - emo rap
[2023-05-07T22:11:35.933+0000] {logging_mixin.py:149} INFO - cloud rap
[2023-05-07T22:11:36.030+0000] {logging_mixin.py:149} INFO - aesthetic rap
[2023-05-07T22:11:36.327+0000] {logging_mixin.py:149} INFO - melodic rap
[2023-05-07T22:11:36.444+0000] {logging_mixin.py:149} INFO - cloud rap
[2023-05-07T22:11:36.852+0000] {logging_mixin.py:149} INFO - hyperpop
[2023-05-07T22:11:36.952+0000] {logging_mixin.py:149} INFO - cloud rap
[2023-05-07T22:11:37.067+0000] {logging_mixin.py:149} INFO - hyperpop
[2023-05-07T22:11:37.289+0000] {logging_mixin.py:149} INFO - cali rap
[2023-05-07T22:11:37.586+0000] {logging_mixin.py:149} INFO - emo rap
[2023-05-07T22:11:37.693+0000] {logging_mixin.py:149} INFO - alt z
[2023-05-07T22:11:37.890+0000] {logging_mixin.py:149} INFO - meme rap
[2023-05-07T22:11:37.991+0000] {logging_mixin.py:149} INFO - lo-fi rap
[2023-05-07T22:11:38.186+0000] {logging_mixin.py:149} INFO - glitchcore
[2023-05-07T22:11:38.406+0000] {logging_mixin.py:149} INFO - cloud rap
[2023-05-07T22:11:38.714+0000] {logging_mixin.py:149} INFO - hyperpop
[2023-05-07T22:11:38.820+0000] {logging_mixin.py:149} INFO - asian american hip hop
[2023-05-07T22:11:38.920+0000] {logging_mixin.py:149} INFO - pop edm
[2023-05-07T22:11:39.017+0000] {logging_mixin.py:149} INFO - hyperpop
[2023-05-07T22:11:39.139+0000] {logging_mixin.py:149} INFO - upstate ny rap
[2023-05-07T22:11:39.151+0000] {python.py:183} INFO - Done. Returned value was: None
[2023-05-07T22:11:39.158+0000] {taskinstance.py:1373} INFO - Marking task as SUCCESS. dag_id=Summer_Warped_ETL, task_id=GetArtistInfo, execution_date=20230507T215425, start_date=20230507T221128, end_date=20230507T221139
[2023-05-07T22:11:39.215+0000] {local_task_job_runner.py:232} INFO - Task exited with return code 0
[2023-05-07T22:11:39.235+0000] {taskinstance.py:2674} INFO - 0 downstream tasks scheduled from follow-on schedule check
