[2023-05-07T22:47:10.433+0000] {taskinstance.py:1125} INFO - Dependencies all met for dep_context=non-requeueable deps ti=<TaskInstance: Summer_Warped_ETL.GetArtistInfo manual__2023-05-07T21:54:25.314545+00:00 [queued]>
[2023-05-07T22:47:10.441+0000] {taskinstance.py:1125} INFO - Dependencies all met for dep_context=requeueable deps ti=<TaskInstance: Summer_Warped_ETL.GetArtistInfo manual__2023-05-07T21:54:25.314545+00:00 [queued]>
[2023-05-07T22:47:10.441+0000] {taskinstance.py:1331} INFO - Starting attempt 14 of 16
[2023-05-07T22:47:10.452+0000] {taskinstance.py:1350} INFO - Executing <Task(PythonOperator): GetArtistInfo> on 2023-05-07 21:54:25.314545+00:00
[2023-05-07T22:47:10.457+0000] {standard_task_runner.py:57} INFO - Started process 2949 to run task
[2023-05-07T22:47:10.461+0000] {standard_task_runner.py:84} INFO - Running: ['***', 'tasks', 'run', 'Summer_Warped_ETL', 'GetArtistInfo', 'manual__2023-05-07T21:54:25.314545+00:00', '--job-id', '1370', '--raw', '--subdir', 'DAGS_FOLDER/warped-dag.py', '--cfg-path', '/tmp/tmpx2u60ar6']
[2023-05-07T22:47:10.462+0000] {standard_task_runner.py:85} INFO - Job 1370: Subtask GetArtistInfo
[2023-05-07T22:47:10.527+0000] {task_command.py:410} INFO - Running <TaskInstance: Summer_Warped_ETL.GetArtistInfo manual__2023-05-07T21:54:25.314545+00:00 [running]> on host 31774baccecb
[2023-05-07T22:47:10.597+0000] {taskinstance.py:1570} INFO - Exporting env vars: AIRFLOW_CTX_DAG_OWNER='Ananta Moharana' AIRFLOW_CTX_DAG_ID='Summer_Warped_ETL' AIRFLOW_CTX_TASK_ID='GetArtistInfo' AIRFLOW_CTX_EXECUTION_DATE='2023-05-07T21:54:25.314545+00:00' AIRFLOW_CTX_TRY_NUMBER='14' AIRFLOW_CTX_DAG_RUN_ID='manual__2023-05-07T21:54:25.314545+00:00'
[2023-05-07T22:47:10.738+0000] {logging_mixin.py:149} INFO - emo rap
[2023-05-07T22:47:11.175+0000] {logging_mixin.py:149} INFO - hyperpop
[2023-05-07T22:47:11.302+0000] {logging_mixin.py:149} INFO - underground hip hop
[2023-05-07T22:47:11.421+0000] {logging_mixin.py:149} INFO - sad rap
[2023-05-07T22:47:11.656+0000] {logging_mixin.py:149} INFO - emo rap
[2023-05-07T22:47:11.759+0000] {logging_mixin.py:149} INFO - cloud rap
[2023-05-07T22:47:11.856+0000] {logging_mixin.py:149} INFO - cloud rap
[2023-05-07T22:47:11.962+0000] {logging_mixin.py:149} INFO - emo rap
[2023-05-07T22:47:12.060+0000] {logging_mixin.py:149} INFO - indie pop rap
[2023-05-07T22:47:12.166+0000] {logging_mixin.py:149} INFO - indonesian hip hop
[2023-05-07T22:47:12.270+0000] {logging_mixin.py:149} INFO - canadian hip hop
[2023-05-07T22:47:12.371+0000] {logging_mixin.py:149} INFO - glitchcore
[2023-05-07T22:47:12.472+0000] {logging_mixin.py:149} INFO - emoplugg
[2023-05-07T22:47:12.570+0000] {logging_mixin.py:149} INFO - glitchcore
[2023-05-07T22:47:12.667+0000] {logging_mixin.py:149} INFO - pittsburgh rap
[2023-05-07T22:47:12.770+0000] {logging_mixin.py:149} INFO - emo rap
[2023-05-07T22:47:13.020+0000] {logging_mixin.py:149} INFO - indie hip hop
[2023-05-07T22:47:13.122+0000] {logging_mixin.py:149} INFO - aesthetic rap
[2023-05-07T22:47:13.231+0000] {logging_mixin.py:149} INFO - nyc rap
[2023-05-07T22:47:13.331+0000] {logging_mixin.py:149} INFO - cloud rap
[2023-05-07T22:47:13.437+0000] {logging_mixin.py:149} INFO - future bass
[2023-05-07T22:47:13.641+0000] {logging_mixin.py:149} INFO - sad rap
[2023-05-07T22:47:14.867+0000] {logging_mixin.py:149} INFO - alt z
[2023-05-07T22:47:14.976+0000] {logging_mixin.py:149} INFO - sad rap
[2023-05-07T22:47:15.084+0000] {logging_mixin.py:149} INFO - vapor trap
[2023-05-07T22:47:15.176+0000] {logging_mixin.py:149} INFO - glitchcore
[2023-05-07T22:47:15.387+0000] {logging_mixin.py:149} INFO - cloud rap
[2023-05-07T22:47:15.492+0000] {logging_mixin.py:149} INFO - canadian contemporary r&b
[2023-05-07T22:47:16.021+0000] {logging_mixin.py:149} INFO - deep underground hip hop
[2023-05-07T22:47:16.123+0000] {logging_mixin.py:149} INFO - bedroom soul
[2023-05-07T22:47:16.228+0000] {logging_mixin.py:149} INFO - canadian hip hop
[2023-05-07T22:47:16.327+0000] {logging_mixin.py:149} INFO - la pop
[2023-05-07T22:47:16.436+0000] {logging_mixin.py:149} INFO - emo rap
[2023-05-07T22:47:16.641+0000] {logging_mixin.py:149} INFO - indie pop rap
[2023-05-07T22:47:16.732+0000] {logging_mixin.py:149} INFO - cloud rap
[2023-05-07T22:47:16.823+0000] {logging_mixin.py:149} INFO - canadian contemporary r&b
[2023-05-07T22:47:17.136+0000] {logging_mixin.py:149} INFO - st louis rap
[2023-05-07T22:47:17.335+0000] {logging_mixin.py:149} INFO - atl hip hop
[2023-05-07T22:47:17.517+0000] {logging_mixin.py:149} INFO - emo rap
[2023-05-07T22:47:17.613+0000] {logging_mixin.py:149} INFO - cloud rap
[2023-05-07T22:47:17.706+0000] {logging_mixin.py:149} INFO - aesthetic rap
[2023-05-07T22:47:18.017+0000] {logging_mixin.py:149} INFO - melodic rap
[2023-05-07T22:47:18.132+0000] {logging_mixin.py:149} INFO - cloud rap
[2023-05-07T22:47:18.418+0000] {logging_mixin.py:149} INFO - hyperpop
[2023-05-07T22:47:18.521+0000] {logging_mixin.py:149} INFO - cloud rap
[2023-05-07T22:47:18.626+0000] {logging_mixin.py:149} INFO - hyperpop
[2023-05-07T22:47:18.846+0000] {logging_mixin.py:149} INFO - cali rap
[2023-05-07T22:47:19.181+0000] {logging_mixin.py:149} INFO - emo rap
[2023-05-07T22:47:19.280+0000] {logging_mixin.py:149} INFO - alt z
[2023-05-07T22:47:19.485+0000] {logging_mixin.py:149} INFO - meme rap
[2023-05-07T22:47:19.594+0000] {logging_mixin.py:149} INFO - lo-fi rap
[2023-05-07T22:47:19.685+0000] {logging_mixin.py:149} INFO - glitchcore
[2023-05-07T22:47:19.900+0000] {logging_mixin.py:149} INFO - cloud rap
[2023-05-07T22:47:20.276+0000] {logging_mixin.py:149} INFO - hyperpop
[2023-05-07T22:47:20.376+0000] {logging_mixin.py:149} INFO - asian american hip hop
[2023-05-07T22:47:20.499+0000] {logging_mixin.py:149} INFO - pop edm
[2023-05-07T22:47:20.600+0000] {logging_mixin.py:149} INFO - hyperpop
[2023-05-07T22:47:20.727+0000] {logging_mixin.py:149} INFO - upstate ny rap
[2023-05-07T22:47:20.741+0000] {python.py:183} INFO - Done. Returned value was: None
[2023-05-07T22:47:20.751+0000] {taskinstance.py:1373} INFO - Marking task as SUCCESS. dag_id=Summer_Warped_ETL, task_id=GetArtistInfo, execution_date=20230507T215425, start_date=20230507T224710, end_date=20230507T224720
[2023-05-07T22:47:20.794+0000] {local_task_job_runner.py:232} INFO - Task exited with return code 0
[2023-05-07T22:47:20.815+0000] {taskinstance.py:2674} INFO - 0 downstream tasks scheduled from follow-on schedule check
