[2023-05-07T22:49:17.167+0000] {taskinstance.py:1125} INFO - Dependencies all met for dep_context=non-requeueable deps ti=<TaskInstance: Summer_Warped_ETL.GetArtistInfo manual__2023-05-07T21:54:25.314545+00:00 [queued]>
[2023-05-07T22:49:17.174+0000] {taskinstance.py:1125} INFO - Dependencies all met for dep_context=requeueable deps ti=<TaskInstance: Summer_Warped_ETL.GetArtistInfo manual__2023-05-07T21:54:25.314545+00:00 [queued]>
[2023-05-07T22:49:17.174+0000] {taskinstance.py:1331} INFO - Starting attempt 15 of 17
[2023-05-07T22:49:17.184+0000] {taskinstance.py:1350} INFO - Executing <Task(PythonOperator): GetArtistInfo> on 2023-05-07 21:54:25.314545+00:00
[2023-05-07T22:49:17.190+0000] {standard_task_runner.py:57} INFO - Started process 3149 to run task
[2023-05-07T22:49:17.197+0000] {standard_task_runner.py:84} INFO - Running: ['***', 'tasks', 'run', 'Summer_Warped_ETL', 'GetArtistInfo', 'manual__2023-05-07T21:54:25.314545+00:00', '--job-id', '1406', '--raw', '--subdir', 'DAGS_FOLDER/warped-dag.py', '--cfg-path', '/tmp/tmpxgwpupur']
[2023-05-07T22:49:17.198+0000] {standard_task_runner.py:85} INFO - Job 1406: Subtask GetArtistInfo
[2023-05-07T22:49:17.249+0000] {task_command.py:410} INFO - Running <TaskInstance: Summer_Warped_ETL.GetArtistInfo manual__2023-05-07T21:54:25.314545+00:00 [running]> on host 31774baccecb
[2023-05-07T22:49:17.309+0000] {taskinstance.py:1570} INFO - Exporting env vars: AIRFLOW_CTX_DAG_OWNER='Ananta Moharana' AIRFLOW_CTX_DAG_ID='Summer_Warped_ETL' AIRFLOW_CTX_TASK_ID='GetArtistInfo' AIRFLOW_CTX_EXECUTION_DATE='2023-05-07T21:54:25.314545+00:00' AIRFLOW_CTX_TRY_NUMBER='15' AIRFLOW_CTX_DAG_RUN_ID='manual__2023-05-07T21:54:25.314545+00:00'
[2023-05-07T22:49:17.468+0000] {logging_mixin.py:149} INFO - emo rap
[2023-05-07T22:49:17.889+0000] {logging_mixin.py:149} INFO - hyperpop
[2023-05-07T22:49:17.992+0000] {logging_mixin.py:149} INFO - underground hip hop
[2023-05-07T22:49:18.095+0000] {logging_mixin.py:149} INFO - sad rap
[2023-05-07T22:49:18.340+0000] {logging_mixin.py:149} INFO - emo rap
[2023-05-07T22:49:18.440+0000] {logging_mixin.py:149} INFO - cloud rap
[2023-05-07T22:49:18.546+0000] {logging_mixin.py:149} INFO - cloud rap
[2023-05-07T22:49:18.664+0000] {logging_mixin.py:149} INFO - emo rap
[2023-05-07T22:49:18.767+0000] {logging_mixin.py:149} INFO - indie pop rap
[2023-05-07T22:49:18.893+0000] {logging_mixin.py:149} INFO - indonesian hip hop
[2023-05-07T22:49:18.984+0000] {logging_mixin.py:149} INFO - canadian hip hop
[2023-05-07T22:49:19.127+0000] {logging_mixin.py:149} INFO - glitchcore
[2023-05-07T22:49:19.244+0000] {logging_mixin.py:149} INFO - emoplugg
[2023-05-07T22:49:19.368+0000] {logging_mixin.py:149} INFO - glitchcore
[2023-05-07T22:49:19.475+0000] {logging_mixin.py:149} INFO - pittsburgh rap
[2023-05-07T22:49:19.587+0000] {logging_mixin.py:149} INFO - emo rap
[2023-05-07T22:49:19.786+0000] {logging_mixin.py:149} INFO - indie hip hop
[2023-05-07T22:49:19.891+0000] {logging_mixin.py:149} INFO - aesthetic rap
[2023-05-07T22:49:19.983+0000] {logging_mixin.py:149} INFO - nyc rap
[2023-05-07T22:49:20.081+0000] {logging_mixin.py:149} INFO - cloud rap
[2023-05-07T22:49:20.168+0000] {logging_mixin.py:149} INFO - future bass
[2023-05-07T22:49:20.354+0000] {logging_mixin.py:149} INFO - sad rap
[2023-05-07T22:49:21.235+0000] {logging_mixin.py:149} INFO - alt z
[2023-05-07T22:49:21.335+0000] {logging_mixin.py:149} INFO - sad rap
[2023-05-07T22:49:21.440+0000] {logging_mixin.py:149} INFO - vapor trap
[2023-05-07T22:49:21.543+0000] {logging_mixin.py:149} INFO - glitchcore
[2023-05-07T22:49:21.775+0000] {logging_mixin.py:149} INFO - cloud rap
[2023-05-07T22:49:21.879+0000] {logging_mixin.py:149} INFO - canadian contemporary r&b
[2023-05-07T22:49:22.577+0000] {logging_mixin.py:149} INFO - deep underground hip hop
[2023-05-07T22:49:22.677+0000] {logging_mixin.py:149} INFO - bedroom soul
[2023-05-07T22:49:22.778+0000] {logging_mixin.py:149} INFO - canadian hip hop
[2023-05-07T22:49:22.913+0000] {logging_mixin.py:149} INFO - la pop
[2023-05-07T22:49:23.013+0000] {logging_mixin.py:149} INFO - emo rap
[2023-05-07T22:49:23.227+0000] {logging_mixin.py:149} INFO - indie pop rap
[2023-05-07T22:49:23.331+0000] {logging_mixin.py:149} INFO - cloud rap
[2023-05-07T22:49:23.443+0000] {logging_mixin.py:149} INFO - canadian contemporary r&b
[2023-05-07T22:49:23.778+0000] {logging_mixin.py:149} INFO - st louis rap
[2023-05-07T22:49:23.962+0000] {logging_mixin.py:149} INFO - atl hip hop
[2023-05-07T22:49:24.160+0000] {logging_mixin.py:149} INFO - emo rap
[2023-05-07T22:49:24.257+0000] {logging_mixin.py:149} INFO - cloud rap
[2023-05-07T22:49:24.361+0000] {logging_mixin.py:149} INFO - aesthetic rap
[2023-05-07T22:49:24.636+0000] {logging_mixin.py:149} INFO - melodic rap
[2023-05-07T22:49:24.733+0000] {logging_mixin.py:149} INFO - cloud rap
[2023-05-07T22:49:25.029+0000] {logging_mixin.py:149} INFO - hyperpop
[2023-05-07T22:49:25.129+0000] {logging_mixin.py:149} INFO - cloud rap
[2023-05-07T22:49:25.224+0000] {logging_mixin.py:149} INFO - hyperpop
[2023-05-07T22:49:25.423+0000] {logging_mixin.py:149} INFO - cali rap
[2023-05-07T22:49:25.765+0000] {logging_mixin.py:149} INFO - emo rap
[2023-05-07T22:49:25.875+0000] {logging_mixin.py:149} INFO - alt z
[2023-05-07T22:49:26.071+0000] {logging_mixin.py:149} INFO - meme rap
[2023-05-07T22:49:26.178+0000] {logging_mixin.py:149} INFO - lo-fi rap
[2023-05-07T22:49:26.272+0000] {logging_mixin.py:149} INFO - glitchcore
[2023-05-07T22:49:26.487+0000] {logging_mixin.py:149} INFO - cloud rap
[2023-05-07T22:49:26.773+0000] {logging_mixin.py:149} INFO - hyperpop
[2023-05-07T22:49:26.875+0000] {logging_mixin.py:149} INFO - asian american hip hop
[2023-05-07T22:49:27.005+0000] {logging_mixin.py:149} INFO - pop edm
[2023-05-07T22:49:27.104+0000] {logging_mixin.py:149} INFO - hyperpop
[2023-05-07T22:49:27.213+0000] {logging_mixin.py:149} INFO - upstate ny rap
[2023-05-07T22:49:27.227+0000] {python.py:183} INFO - Done. Returned value was: None
[2023-05-07T22:49:27.236+0000] {taskinstance.py:1373} INFO - Marking task as SUCCESS. dag_id=Summer_Warped_ETL, task_id=GetArtistInfo, execution_date=20230507T215425, start_date=20230507T224917, end_date=20230507T224927
[2023-05-07T22:49:27.262+0000] {local_task_job_runner.py:232} INFO - Task exited with return code 0
[2023-05-07T22:49:27.286+0000] {taskinstance.py:2674} INFO - 0 downstream tasks scheduled from follow-on schedule check
