[2023-05-07T22:06:49.160+0000] {taskinstance.py:1125} INFO - Dependencies all met for dep_context=non-requeueable deps ti=<TaskInstance: Summer_Warped_ETL.GetArtistInfo manual__2023-05-07T21:54:25.314545+00:00 [queued]>
[2023-05-07T22:06:49.166+0000] {taskinstance.py:1125} INFO - Dependencies all met for dep_context=requeueable deps ti=<TaskInstance: Summer_Warped_ETL.GetArtistInfo manual__2023-05-07T21:54:25.314545+00:00 [queued]>
[2023-05-07T22:06:49.166+0000] {taskinstance.py:1331} INFO - Starting attempt 3 of 5
[2023-05-07T22:06:49.174+0000] {taskinstance.py:1350} INFO - Executing <Task(PythonOperator): GetArtistInfo> on 2023-05-07 21:54:25.314545+00:00
[2023-05-07T22:06:49.180+0000] {standard_task_runner.py:57} INFO - Started process 763 to run task
[2023-05-07T22:06:49.184+0000] {standard_task_runner.py:84} INFO - Running: ['***', 'tasks', 'run', 'Summer_Warped_ETL', 'GetArtistInfo', 'manual__2023-05-07T21:54:25.314545+00:00', '--job-id', '1047', '--raw', '--subdir', 'DAGS_FOLDER/warped-dag.py', '--cfg-path', '/tmp/tmpbxhrfxzs']
[2023-05-07T22:06:49.185+0000] {standard_task_runner.py:85} INFO - Job 1047: Subtask GetArtistInfo
[2023-05-07T22:06:49.231+0000] {task_command.py:410} INFO - Running <TaskInstance: Summer_Warped_ETL.GetArtistInfo manual__2023-05-07T21:54:25.314545+00:00 [running]> on host 31774baccecb
[2023-05-07T22:06:49.289+0000] {taskinstance.py:1570} INFO - Exporting env vars: AIRFLOW_CTX_DAG_OWNER='Ananta Moharana' AIRFLOW_CTX_DAG_ID='Summer_Warped_ETL' AIRFLOW_CTX_TASK_ID='GetArtistInfo' AIRFLOW_CTX_EXECUTION_DATE='2023-05-07T21:54:25.314545+00:00' AIRFLOW_CTX_TRY_NUMBER='3' AIRFLOW_CTX_DAG_RUN_ID='manual__2023-05-07T21:54:25.314545+00:00'
[2023-05-07T22:06:49.480+0000] {logging_mixin.py:149} INFO - emo rap
[2023-05-07T22:06:49.898+0000] {logging_mixin.py:149} INFO - hyperpop
[2023-05-07T22:06:49.989+0000] {logging_mixin.py:149} INFO - underground hip hop
[2023-05-07T22:06:50.088+0000] {logging_mixin.py:149} INFO - sad rap
[2023-05-07T22:06:50.316+0000] {logging_mixin.py:149} INFO - emo rap
[2023-05-07T22:06:50.411+0000] {logging_mixin.py:149} INFO - cloud rap
[2023-05-07T22:06:50.492+0000] {logging_mixin.py:149} INFO - cloud rap
[2023-05-07T22:06:50.597+0000] {logging_mixin.py:149} INFO - emo rap
[2023-05-07T22:06:50.702+0000] {logging_mixin.py:149} INFO - indie pop rap
[2023-05-07T22:06:50.802+0000] {logging_mixin.py:149} INFO - indonesian hip hop
[2023-05-07T22:06:50.909+0000] {logging_mixin.py:149} INFO - canadian hip hop
[2023-05-07T22:06:51.063+0000] {logging_mixin.py:149} INFO - glitchcore
[2023-05-07T22:06:51.157+0000] {logging_mixin.py:149} INFO - emoplugg
[2023-05-07T22:06:51.250+0000] {logging_mixin.py:149} INFO - glitchcore
[2023-05-07T22:06:51.353+0000] {logging_mixin.py:149} INFO - pittsburgh rap
[2023-05-07T22:06:51.448+0000] {logging_mixin.py:149} INFO - emo rap
[2023-05-07T22:06:51.657+0000] {logging_mixin.py:149} INFO - indie hip hop
[2023-05-07T22:06:51.758+0000] {logging_mixin.py:149} INFO - aesthetic rap
[2023-05-07T22:06:51.849+0000] {logging_mixin.py:149} INFO - nyc rap
[2023-05-07T22:06:51.952+0000] {logging_mixin.py:149} INFO - cloud rap
[2023-05-07T22:06:52.061+0000] {logging_mixin.py:149} INFO - future bass
[2023-05-07T22:06:52.287+0000] {logging_mixin.py:149} INFO - sad rap
[2023-05-07T22:06:52.874+0000] {logging_mixin.py:149} INFO - alt z
[2023-05-07T22:06:52.981+0000] {logging_mixin.py:149} INFO - sad rap
[2023-05-07T22:06:53.084+0000] {logging_mixin.py:149} INFO - vapor trap
[2023-05-07T22:06:53.184+0000] {logging_mixin.py:149} INFO - glitchcore
[2023-05-07T22:06:53.401+0000] {logging_mixin.py:149} INFO - cloud rap
[2023-05-07T22:06:53.500+0000] {logging_mixin.py:149} INFO - canadian contemporary r&b
[2023-05-07T22:06:54.140+0000] {logging_mixin.py:149} INFO - deep underground hip hop
[2023-05-07T22:06:54.256+0000] {logging_mixin.py:149} INFO - bedroom soul
[2023-05-07T22:06:54.366+0000] {logging_mixin.py:149} INFO - canadian hip hop
[2023-05-07T22:06:54.463+0000] {logging_mixin.py:149} INFO - la pop
[2023-05-07T22:06:54.555+0000] {logging_mixin.py:149} INFO - emo rap
[2023-05-07T22:06:54.770+0000] {logging_mixin.py:149} INFO - indie pop rap
[2023-05-07T22:06:54.870+0000] {logging_mixin.py:149} INFO - cloud rap
[2023-05-07T22:06:54.974+0000] {logging_mixin.py:149} INFO - canadian contemporary r&b
[2023-05-07T22:06:55.274+0000] {logging_mixin.py:149} INFO - st louis rap
[2023-05-07T22:06:55.484+0000] {logging_mixin.py:149} INFO - atl hip hop
[2023-05-07T22:06:55.669+0000] {logging_mixin.py:149} INFO - emo rap
[2023-05-07T22:06:55.774+0000] {logging_mixin.py:149} INFO - cloud rap
[2023-05-07T22:06:55.902+0000] {logging_mixin.py:149} INFO - aesthetic rap
[2023-05-07T22:06:56.230+0000] {logging_mixin.py:149} INFO - melodic rap
[2023-05-07T22:06:56.334+0000] {logging_mixin.py:149} INFO - cloud rap
[2023-05-07T22:06:56.626+0000] {logging_mixin.py:149} INFO - hyperpop
[2023-05-07T22:06:56.722+0000] {logging_mixin.py:149} INFO - cloud rap
[2023-05-07T22:06:56.829+0000] {logging_mixin.py:149} INFO - hyperpop
[2023-05-07T22:06:57.025+0000] {logging_mixin.py:149} INFO - cali rap
[2023-05-07T22:06:57.556+0000] {logging_mixin.py:149} INFO - emo rap
[2023-05-07T22:06:57.656+0000] {logging_mixin.py:149} INFO - alt z
[2023-05-07T22:06:57.852+0000] {logging_mixin.py:149} INFO - meme rap
[2023-05-07T22:06:57.953+0000] {logging_mixin.py:149} INFO - lo-fi rap
[2023-05-07T22:06:58.047+0000] {logging_mixin.py:149} INFO - glitchcore
[2023-05-07T22:06:58.259+0000] {logging_mixin.py:149} INFO - cloud rap
[2023-05-07T22:06:58.588+0000] {logging_mixin.py:149} INFO - hyperpop
[2023-05-07T22:06:58.834+0000] {logging_mixin.py:149} INFO - asian american hip hop
[2023-05-07T22:06:58.947+0000] {logging_mixin.py:149} INFO - pop edm
[2023-05-07T22:06:59.050+0000] {logging_mixin.py:149} INFO - hyperpop
[2023-05-07T22:06:59.148+0000] {logging_mixin.py:149} INFO - upstate ny rap
[2023-05-07T22:06:59.162+0000] {python.py:183} INFO - Done. Returned value was: None
[2023-05-07T22:06:59.169+0000] {taskinstance.py:1373} INFO - Marking task as SUCCESS. dag_id=Summer_Warped_ETL, task_id=GetArtistInfo, execution_date=20230507T215425, start_date=20230507T220649, end_date=20230507T220659
[2023-05-07T22:06:59.227+0000] {local_task_job_runner.py:232} INFO - Task exited with return code 0
[2023-05-07T22:06:59.246+0000] {taskinstance.py:2674} INFO - 0 downstream tasks scheduled from follow-on schedule check
