[2023-05-08T04:26:44.233+0000] {taskinstance.py:1125} INFO - Dependencies all met for dep_context=non-requeueable deps ti=<TaskInstance: Summer_Warped_ETL.LoadData.LoadArtistDim manual__2023-05-08T04:26:07.718018+00:00 [queued]>
[2023-05-08T04:26:44.239+0000] {taskinstance.py:1125} INFO - Dependencies all met for dep_context=requeueable deps ti=<TaskInstance: Summer_Warped_ETL.LoadData.LoadArtistDim manual__2023-05-08T04:26:07.718018+00:00 [queued]>
[2023-05-08T04:26:44.240+0000] {taskinstance.py:1331} INFO - Starting attempt 1 of 3
[2023-05-08T04:26:44.248+0000] {taskinstance.py:1350} INFO - Executing <Task(PythonOperator): LoadData.LoadArtistDim> on 2023-05-08 04:26:07.718018+00:00
[2023-05-08T04:26:44.253+0000] {standard_task_runner.py:57} INFO - Started process 4124 to run task
[2023-05-08T04:26:44.257+0000] {standard_task_runner.py:84} INFO - Running: ['***', 'tasks', 'run', 'Summer_Warped_ETL', 'LoadData.LoadArtistDim', 'manual__2023-05-08T04:26:07.718018+00:00', '--job-id', '2192', '--raw', '--subdir', 'DAGS_FOLDER/warped-dag.py', '--cfg-path', '/tmp/tmp7ymexpp3']
[2023-05-08T04:26:44.258+0000] {standard_task_runner.py:85} INFO - Job 2192: Subtask LoadData.LoadArtistDim
[2023-05-08T04:26:44.300+0000] {task_command.py:410} INFO - Running <TaskInstance: Summer_Warped_ETL.LoadData.LoadArtistDim manual__2023-05-08T04:26:07.718018+00:00 [running]> on host a40687a10d43
[2023-05-08T04:26:44.364+0000] {taskinstance.py:1570} INFO - Exporting env vars: AIRFLOW_CTX_DAG_OWNER='Ananta Moharana' AIRFLOW_CTX_DAG_ID='Summer_Warped_ETL' AIRFLOW_CTX_TASK_ID='LoadData.LoadArtistDim' AIRFLOW_CTX_EXECUTION_DATE='2023-05-08T04:26:07.718018+00:00' AIRFLOW_CTX_TRY_NUMBER='1' AIRFLOW_CTX_DAG_RUN_ID='manual__2023-05-08T04:26:07.718018+00:00'
[2023-05-08T04:26:44.367+0000] {logging_mixin.py:149} INFO - 2023-05/artist_dim.csv
[2023-05-08T04:26:44.374+0000] {base.py:73} INFO - Using connection ID 'aws_connection' for task execution.
[2023-05-08T04:26:44.375+0000] {connection_wrapper.py:337} INFO - AWS Connection (conn_id='aws_connection', conn_type='aws') credentials retrieved from login and password.
[2023-05-08T04:26:44.565+0000] {logging_mixin.py:149} INFO -         artist_name               artist_id        genre
0              Zaia  1m0t5VYISq6TcyMo7UqLMz  atl hip hop
1  nothing,nowhere.  7FngGIEGgN3Iwauw1MvO4P    cloud rap
2          brakence  4kqFrZkeqDfOIEqTWqbOOV   glitchcore
3        Marco Luka  4tjqHer0BFQbJ1FVyWhffM          NaN
4               Sky  62UdSpLGWjDU75OAFKLxWV          NaN
[2023-05-08T04:26:44.566+0000] {logging_mixin.py:149} INFO - INSERT INTO artist_dim (artist_name,artist_id,genre) VALUES (%s,%s,%s) ON CONFLICT (artist_id) DO UPDATE SET artist_name=EXCLUDED.artist_name,artist_id=EXCLUDED.artist_id,genre=EXCLUDED.genre
[2023-05-08T04:26:44.573+0000] {base.py:73} INFO - Using connection ID '***' for task execution.
[2023-05-08T04:26:44.578+0000] {sql.py:375} INFO - Running statement: INSERT INTO artist_dim (artist_name,artist_id,genre) VALUES (%s,%s,%s) ON CONFLICT (artist_id) DO UPDATE SET artist_name=EXCLUDED.artist_name,artist_id=EXCLUDED.artist_id,genre=EXCLUDED.genre, parameters: ('Zaia', '1m0t5VYISq6TcyMo7UqLMz', 'atl hip hop')
[2023-05-08T04:26:44.580+0000] {sql.py:384} INFO - Rows affected: 1
[2023-05-08T04:26:44.587+0000] {base.py:73} INFO - Using connection ID '***' for task execution.
[2023-05-08T04:26:44.593+0000] {sql.py:375} INFO - Running statement: INSERT INTO artist_dim (artist_name,artist_id,genre) VALUES (%s,%s,%s) ON CONFLICT (artist_id) DO UPDATE SET artist_name=EXCLUDED.artist_name,artist_id=EXCLUDED.artist_id,genre=EXCLUDED.genre, parameters: ('nothing,nowhere.', '7FngGIEGgN3Iwauw1MvO4P', 'cloud rap')
[2023-05-08T04:26:44.594+0000] {sql.py:384} INFO - Rows affected: 1
[2023-05-08T04:26:44.601+0000] {base.py:73} INFO - Using connection ID '***' for task execution.
[2023-05-08T04:26:44.607+0000] {sql.py:375} INFO - Running statement: INSERT INTO artist_dim (artist_name,artist_id,genre) VALUES (%s,%s,%s) ON CONFLICT (artist_id) DO UPDATE SET artist_name=EXCLUDED.artist_name,artist_id=EXCLUDED.artist_id,genre=EXCLUDED.genre, parameters: ('brakence', '4kqFrZkeqDfOIEqTWqbOOV', 'glitchcore')
[2023-05-08T04:26:44.608+0000] {sql.py:384} INFO - Rows affected: 1
[2023-05-08T04:26:44.614+0000] {base.py:73} INFO - Using connection ID '***' for task execution.
[2023-05-08T04:26:44.624+0000] {sql.py:375} INFO - Running statement: INSERT INTO artist_dim (artist_name,artist_id,genre) VALUES (%s,%s,%s) ON CONFLICT (artist_id) DO UPDATE SET artist_name=EXCLUDED.artist_name,artist_id=EXCLUDED.artist_id,genre=EXCLUDED.genre, parameters: ('Marco Luka', '4tjqHer0BFQbJ1FVyWhffM', nan)
[2023-05-08T04:26:44.625+0000] {sql.py:384} INFO - Rows affected: 1
[2023-05-08T04:26:44.632+0000] {base.py:73} INFO - Using connection ID '***' for task execution.
[2023-05-08T04:26:44.637+0000] {sql.py:375} INFO - Running statement: INSERT INTO artist_dim (artist_name,artist_id,genre) VALUES (%s,%s,%s) ON CONFLICT (artist_id) DO UPDATE SET artist_name=EXCLUDED.artist_name,artist_id=EXCLUDED.artist_id,genre=EXCLUDED.genre, parameters: ('Sky', '62UdSpLGWjDU75OAFKLxWV', nan)
[2023-05-08T04:26:44.639+0000] {sql.py:384} INFO - Rows affected: 1
[2023-05-08T04:26:44.645+0000] {base.py:73} INFO - Using connection ID '***' for task execution.
[2023-05-08T04:26:44.652+0000] {sql.py:375} INFO - Running statement: INSERT INTO artist_dim (artist_name,artist_id,genre) VALUES (%s,%s,%s) ON CONFLICT (artist_id) DO UPDATE SET artist_name=EXCLUDED.artist_name,artist_id=EXCLUDED.artist_id,genre=EXCLUDED.genre, parameters: ('abbot', '0Ro9LZA0sRl1FG66KgsA1u', nan)
[2023-05-08T04:26:44.653+0000] {sql.py:384} INFO - Rows affected: 1
[2023-05-08T04:26:44.660+0000] {base.py:73} INFO - Using connection ID '***' for task execution.
[2023-05-08T04:26:44.666+0000] {sql.py:375} INFO - Running statement: INSERT INTO artist_dim (artist_name,artist_id,genre) VALUES (%s,%s,%s) ON CONFLICT (artist_id) DO UPDATE SET artist_name=EXCLUDED.artist_name,artist_id=EXCLUDED.artist_id,genre=EXCLUDED.genre, parameters: ('guardin', '6zqcGQ6MH6yetBUoquMnL7', 'cloud rap')
[2023-05-08T04:26:44.667+0000] {sql.py:384} INFO - Rows affected: 1
[2023-05-08T04:26:44.674+0000] {base.py:73} INFO - Using connection ID '***' for task execution.
[2023-05-08T04:26:44.680+0000] {sql.py:375} INFO - Running statement: INSERT INTO artist_dim (artist_name,artist_id,genre) VALUES (%s,%s,%s) ON CONFLICT (artist_id) DO UPDATE SET artist_name=EXCLUDED.artist_name,artist_id=EXCLUDED.artist_id,genre=EXCLUDED.genre, parameters: ('gravehours', '5cwtCGap3COvJNt1yineor', nan)
[2023-05-08T04:26:44.682+0000] {sql.py:384} INFO - Rows affected: 1
[2023-05-08T04:26:44.688+0000] {base.py:73} INFO - Using connection ID '***' for task execution.
[2023-05-08T04:26:44.693+0000] {sql.py:375} INFO - Running statement: INSERT INTO artist_dim (artist_name,artist_id,genre) VALUES (%s,%s,%s) ON CONFLICT (artist_id) DO UPDATE SET artist_name=EXCLUDED.artist_name,artist_id=EXCLUDED.artist_id,genre=EXCLUDED.genre, parameters: ('50landing', '5aTRa02UP1y6PW5klZiTt0', nan)
[2023-05-08T04:26:44.695+0000] {sql.py:384} INFO - Rows affected: 1
[2023-05-08T04:26:44.701+0000] {base.py:73} INFO - Using connection ID '***' for task execution.
[2023-05-08T04:26:44.707+0000] {sql.py:375} INFO - Running statement: INSERT INTO artist_dim (artist_name,artist_id,genre) VALUES (%s,%s,%s) ON CONFLICT (artist_id) DO UPDATE SET artist_name=EXCLUDED.artist_name,artist_id=EXCLUDED.artist_id,genre=EXCLUDED.genre, parameters: ('Atlas in Motion', '1N9JxmOPJqhMCw219uoEi8', nan)
[2023-05-08T04:26:44.708+0000] {sql.py:384} INFO - Rows affected: 1
[2023-05-08T04:26:44.715+0000] {base.py:73} INFO - Using connection ID '***' for task execution.
[2023-05-08T04:26:44.720+0000] {sql.py:375} INFO - Running statement: INSERT INTO artist_dim (artist_name,artist_id,genre) VALUES (%s,%s,%s) ON CONFLICT (artist_id) DO UPDATE SET artist_name=EXCLUDED.artist_name,artist_id=EXCLUDED.artist_id,genre=EXCLUDED.genre, parameters: ('93FEETOFSMOKE', '0plNgbIlOc13T8ot3vyK79', 'cloud rap')
[2023-05-08T04:26:44.722+0000] {sql.py:384} INFO - Rows affected: 1
[2023-05-08T04:26:44.729+0000] {base.py:73} INFO - Using connection ID '***' for task execution.
[2023-05-08T04:26:44.735+0000] {sql.py:375} INFO - Running statement: INSERT INTO artist_dim (artist_name,artist_id,genre) VALUES (%s,%s,%s) ON CONFLICT (artist_id) DO UPDATE SET artist_name=EXCLUDED.artist_name,artist_id=EXCLUDED.artist_id,genre=EXCLUDED.genre, parameters: ('brody', '0t7bbGUdyq3urfDddwXhdY', 'emo rap')
[2023-05-08T04:26:44.736+0000] {sql.py:384} INFO - Rows affected: 1
[2023-05-08T04:26:44.745+0000] {base.py:73} INFO - Using connection ID '***' for task execution.
[2023-05-08T04:26:44.750+0000] {sql.py:375} INFO - Running statement: INSERT INTO artist_dim (artist_name,artist_id,genre) VALUES (%s,%s,%s) ON CONFLICT (artist_id) DO UPDATE SET artist_name=EXCLUDED.artist_name,artist_id=EXCLUDED.artist_id,genre=EXCLUDED.genre, parameters: ('Roderick Porter', '7Lcln0AXqNHMahrca8KVpy', 'aesthetic rap')
[2023-05-08T04:26:44.752+0000] {sql.py:384} INFO - Rows affected: 1
[2023-05-08T04:26:44.759+0000] {base.py:73} INFO - Using connection ID '***' for task execution.
[2023-05-08T04:26:44.765+0000] {sql.py:375} INFO - Running statement: INSERT INTO artist_dim (artist_name,artist_id,genre) VALUES (%s,%s,%s) ON CONFLICT (artist_id) DO UPDATE SET artist_name=EXCLUDED.artist_name,artist_id=EXCLUDED.artist_id,genre=EXCLUDED.genre, parameters: ('SypSki', '3XOHHfvBYKCMo1h0DFY27z', nan)
[2023-05-08T04:26:44.766+0000] {sql.py:384} INFO - Rows affected: 1
[2023-05-08T04:26:44.773+0000] {base.py:73} INFO - Using connection ID '***' for task execution.
[2023-05-08T04:26:44.779+0000] {sql.py:375} INFO - Running statement: INSERT INTO artist_dim (artist_name,artist_id,genre) VALUES (%s,%s,%s) ON CONFLICT (artist_id) DO UPDATE SET artist_name=EXCLUDED.artist_name,artist_id=EXCLUDED.artist_id,genre=EXCLUDED.genre, parameters: ('raspy', '1trffosn0Alk3IlloOD5O8', 'pittsburgh rap')
[2023-05-08T04:26:44.780+0000] {sql.py:384} INFO - Rows affected: 1
[2023-05-08T04:26:44.787+0000] {base.py:73} INFO - Using connection ID '***' for task execution.
[2023-05-08T04:26:44.793+0000] {sql.py:375} INFO - Running statement: INSERT INTO artist_dim (artist_name,artist_id,genre) VALUES (%s,%s,%s) ON CONFLICT (artist_id) DO UPDATE SET artist_name=EXCLUDED.artist_name,artist_id=EXCLUDED.artist_id,genre=EXCLUDED.genre, parameters: ('Landon Cube', '04ei5kNgmDuNAydFhhIHnD', 'vapor trap')
[2023-05-08T04:26:44.794+0000] {sql.py:384} INFO - Rows affected: 1
[2023-05-08T04:26:44.800+0000] {base.py:73} INFO - Using connection ID '***' for task execution.
[2023-05-08T04:26:44.806+0000] {sql.py:375} INFO - Running statement: INSERT INTO artist_dim (artist_name,artist_id,genre) VALUES (%s,%s,%s) ON CONFLICT (artist_id) DO UPDATE SET artist_name=EXCLUDED.artist_name,artist_id=EXCLUDED.artist_id,genre=EXCLUDED.genre, parameters: ('Oliver Francis', '0WvTK38rXqPCD5pZMDuX20', 'cloud rap')
[2023-05-08T04:26:44.807+0000] {sql.py:384} INFO - Rows affected: 1
[2023-05-08T04:26:44.814+0000] {base.py:73} INFO - Using connection ID '***' for task execution.
[2023-05-08T04:26:44.820+0000] {sql.py:375} INFO - Running statement: INSERT INTO artist_dim (artist_name,artist_id,genre) VALUES (%s,%s,%s) ON CONFLICT (artist_id) DO UPDATE SET artist_name=EXCLUDED.artist_name,artist_id=EXCLUDED.artist_id,genre=EXCLUDED.genre, parameters: ('Aries', '3hOdow4ZPmrby7Q1wfPLEy', nan)
[2023-05-08T04:26:44.821+0000] {sql.py:384} INFO - Rows affected: 1
[2023-05-08T04:26:44.828+0000] {base.py:73} INFO - Using connection ID '***' for task execution.
[2023-05-08T04:26:44.833+0000] {sql.py:375} INFO - Running statement: INSERT INTO artist_dim (artist_name,artist_id,genre) VALUES (%s,%s,%s) ON CONFLICT (artist_id) DO UPDATE SET artist_name=EXCLUDED.artist_name,artist_id=EXCLUDED.artist_id,genre=EXCLUDED.genre, parameters: ('elias', '7eRBEVzcZk4XyIdF0Btfg4', 'lo-fi rap')
[2023-05-08T04:26:44.835+0000] {sql.py:384} INFO - Rows affected: 1
[2023-05-08T04:26:44.842+0000] {base.py:73} INFO - Using connection ID '***' for task execution.
[2023-05-08T04:26:44.848+0000] {sql.py:375} INFO - Running statement: INSERT INTO artist_dim (artist_name,artist_id,genre) VALUES (%s,%s,%s) ON CONFLICT (artist_id) DO UPDATE SET artist_name=EXCLUDED.artist_name,artist_id=EXCLUDED.artist_id,genre=EXCLUDED.genre, parameters: ('MostlyEverything', '3Ae7AQITxFS0r3yGQHYDJI', 'upstate ny rap')
[2023-05-08T04:26:44.850+0000] {sql.py:384} INFO - Rows affected: 1
[2023-05-08T04:26:44.856+0000] {base.py:73} INFO - Using connection ID '***' for task execution.
[2023-05-08T04:26:44.862+0000] {sql.py:375} INFO - Running statement: INSERT INTO artist_dim (artist_name,artist_id,genre) VALUES (%s,%s,%s) ON CONFLICT (artist_id) DO UPDATE SET artist_name=EXCLUDED.artist_name,artist_id=EXCLUDED.artist_id,genre=EXCLUDED.genre, parameters: ('Foreign Forest', '7C4ztJMkuGRy0qkU6dG5hU', 'emo rap')
[2023-05-08T04:26:44.864+0000] {sql.py:384} INFO - Rows affected: 1
[2023-05-08T04:26:44.871+0000] {base.py:73} INFO - Using connection ID '***' for task execution.
[2023-05-08T04:26:44.877+0000] {sql.py:375} INFO - Running statement: INSERT INTO artist_dim (artist_name,artist_id,genre) VALUES (%s,%s,%s) ON CONFLICT (artist_id) DO UPDATE SET artist_name=EXCLUDED.artist_name,artist_id=EXCLUDED.artist_id,genre=EXCLUDED.genre, parameters: ('Ashes', '0vUk0rbl0BkFjmeFvjOvoj', nan)
[2023-05-08T04:26:44.878+0000] {sql.py:384} INFO - Rows affected: 1
[2023-05-08T04:26:44.884+0000] {base.py:73} INFO - Using connection ID '***' for task execution.
[2023-05-08T04:26:44.890+0000] {sql.py:375} INFO - Running statement: INSERT INTO artist_dim (artist_name,artist_id,genre) VALUES (%s,%s,%s) ON CONFLICT (artist_id) DO UPDATE SET artist_name=EXCLUDED.artist_name,artist_id=EXCLUDED.artist_id,genre=EXCLUDED.genre, parameters: ('blackbear', '2cFrymmkijnjDg9SS92EPM', 'alt z')
[2023-05-08T04:26:44.892+0000] {sql.py:384} INFO - Rows affected: 1
[2023-05-08T04:26:44.898+0000] {base.py:73} INFO - Using connection ID '***' for task execution.
[2023-05-08T04:26:44.904+0000] {sql.py:375} INFO - Running statement: INSERT INTO artist_dim (artist_name,artist_id,genre) VALUES (%s,%s,%s) ON CONFLICT (artist_id) DO UPDATE SET artist_name=EXCLUDED.artist_name,artist_id=EXCLUDED.artist_id,genre=EXCLUDED.genre, parameters: ('6 Dogs', '3Ps6le7tj5BdNtdnfNgTU4', 'cloud rap')
[2023-05-08T04:26:44.905+0000] {sql.py:384} INFO - Rows affected: 1
[2023-05-08T04:26:44.912+0000] {base.py:73} INFO - Using connection ID '***' for task execution.
[2023-05-08T04:26:44.917+0000] {sql.py:375} INFO - Running statement: INSERT INTO artist_dim (artist_name,artist_id,genre) VALUES (%s,%s,%s) ON CONFLICT (artist_id) DO UPDATE SET artist_name=EXCLUDED.artist_name,artist_id=EXCLUDED.artist_id,genre=EXCLUDED.genre, parameters: ('Pretty Pacc', '2QuPPChZpqAai29uqulNFe', nan)
[2023-05-08T04:26:44.919+0000] {sql.py:384} INFO - Rows affected: 1
[2023-05-08T04:26:44.926+0000] {base.py:73} INFO - Using connection ID '***' for task execution.
[2023-05-08T04:26:44.934+0000] {sql.py:375} INFO - Running statement: INSERT INTO artist_dim (artist_name,artist_id,genre) VALUES (%s,%s,%s) ON CONFLICT (artist_id) DO UPDATE SET artist_name=EXCLUDED.artist_name,artist_id=EXCLUDED.artist_id,genre=EXCLUDED.genre, parameters: ('SAIAH', '5ZPYeVqoWNuukwfarvkyJX', nan)
[2023-05-08T04:26:44.935+0000] {sql.py:384} INFO - Rows affected: 1
[2023-05-08T04:26:44.942+0000] {base.py:73} INFO - Using connection ID '***' for task execution.
[2023-05-08T04:26:44.948+0000] {sql.py:375} INFO - Running statement: INSERT INTO artist_dim (artist_name,artist_id,genre) VALUES (%s,%s,%s) ON CONFLICT (artist_id) DO UPDATE SET artist_name=EXCLUDED.artist_name,artist_id=EXCLUDED.artist_id,genre=EXCLUDED.genre, parameters: ('Lucy Fer', '0BxHc5dN9BSfLZ8PCch9wT', nan)
[2023-05-08T04:26:44.949+0000] {sql.py:384} INFO - Rows affected: 1
[2023-05-08T04:26:44.956+0000] {base.py:73} INFO - Using connection ID '***' for task execution.
[2023-05-08T04:26:44.961+0000] {sql.py:375} INFO - Running statement: INSERT INTO artist_dim (artist_name,artist_id,genre) VALUES (%s,%s,%s) ON CONFLICT (artist_id) DO UPDATE SET artist_name=EXCLUDED.artist_name,artist_id=EXCLUDED.artist_id,genre=EXCLUDED.genre, parameters: ('Sleepa', '1iT8Vbd7KhZiBji3G72zDW', nan)
[2023-05-08T04:26:44.963+0000] {sql.py:384} INFO - Rows affected: 1
[2023-05-08T04:26:44.970+0000] {base.py:73} INFO - Using connection ID '***' for task execution.
[2023-05-08T04:26:44.975+0000] {sql.py:375} INFO - Running statement: INSERT INTO artist_dim (artist_name,artist_id,genre) VALUES (%s,%s,%s) ON CONFLICT (artist_id) DO UPDATE SET artist_name=EXCLUDED.artist_name,artist_id=EXCLUDED.artist_id,genre=EXCLUDED.genre, parameters: ('glaive', '4cJKDGSv4Dz9QycXYmo565', 'glitchcore')
[2023-05-08T04:26:44.976+0000] {sql.py:384} INFO - Rows affected: 1
[2023-05-08T04:26:44.982+0000] {base.py:73} INFO - Using connection ID '***' for task execution.
[2023-05-08T04:26:44.989+0000] {sql.py:375} INFO - Running statement: INSERT INTO artist_dim (artist_name,artist_id,genre) VALUES (%s,%s,%s) ON CONFLICT (artist_id) DO UPDATE SET artist_name=EXCLUDED.artist_name,artist_id=EXCLUDED.artist_id,genre=EXCLUDED.genre, parameters: ('kaido', '0UENogXhLeGTZjub4eejjX', 'hyperpop')
[2023-05-08T04:26:44.991+0000] {sql.py:384} INFO - Rows affected: 1
[2023-05-08T04:26:44.997+0000] {base.py:73} INFO - Using connection ID '***' for task execution.
[2023-05-08T04:26:45.002+0000] {sql.py:375} INFO - Running statement: INSERT INTO artist_dim (artist_name,artist_id,genre) VALUES (%s,%s,%s) ON CONFLICT (artist_id) DO UPDATE SET artist_name=EXCLUDED.artist_name,artist_id=EXCLUDED.artist_id,genre=EXCLUDED.genre, parameters: ('kurtains', '7b2FbxYmnpGMPqDe04QmyP', 'emoplugg')
[2023-05-08T04:26:45.003+0000] {sql.py:384} INFO - Rows affected: 1
[2023-05-08T04:26:45.009+0000] {base.py:73} INFO - Using connection ID '***' for task execution.
[2023-05-08T04:26:45.015+0000] {sql.py:375} INFO - Running statement: INSERT INTO artist_dim (artist_name,artist_id,genre) VALUES (%s,%s,%s) ON CONFLICT (artist_id) DO UPDATE SET artist_name=EXCLUDED.artist_name,artist_id=EXCLUDED.artist_id,genre=EXCLUDED.genre, parameters: ('Numl6ck', '2anlj4dNUn9I1VxxmjRHRx', 'glitchcore')
[2023-05-08T04:26:45.017+0000] {sql.py:384} INFO - Rows affected: 1
[2023-05-08T04:26:45.022+0000] {base.py:73} INFO - Using connection ID '***' for task execution.
[2023-05-08T04:26:45.029+0000] {sql.py:375} INFO - Running statement: INSERT INTO artist_dim (artist_name,artist_id,genre) VALUES (%s,%s,%s) ON CONFLICT (artist_id) DO UPDATE SET artist_name=EXCLUDED.artist_name,artist_id=EXCLUDED.artist_id,genre=EXCLUDED.genre, parameters: ('Deadman Era', '4FI4qPOnjt3D8DnJQrNWps', nan)
[2023-05-08T04:26:45.031+0000] {sql.py:384} INFO - Rows affected: 1
[2023-05-08T04:26:45.037+0000] {base.py:73} INFO - Using connection ID '***' for task execution.
[2023-05-08T04:26:45.043+0000] {sql.py:375} INFO - Running statement: INSERT INTO artist_dim (artist_name,artist_id,genre) VALUES (%s,%s,%s) ON CONFLICT (artist_id) DO UPDATE SET artist_name=EXCLUDED.artist_name,artist_id=EXCLUDED.artist_id,genre=EXCLUDED.genre, parameters: ('Lund', '5uLkZ7FWMTBUg1corQqdkR', 'cloud rap')
[2023-05-08T04:26:45.045+0000] {sql.py:384} INFO - Rows affected: 1
[2023-05-08T04:26:45.051+0000] {base.py:73} INFO - Using connection ID '***' for task execution.
[2023-05-08T04:26:45.057+0000] {sql.py:375} INFO - Running statement: INSERT INTO artist_dim (artist_name,artist_id,genre) VALUES (%s,%s,%s) ON CONFLICT (artist_id) DO UPDATE SET artist_name=EXCLUDED.artist_name,artist_id=EXCLUDED.artist_id,genre=EXCLUDED.genre, parameters: ('Lil Cobaine', '0ILo2K3FmfIh4ICcbHE7RK', nan)
[2023-05-08T04:26:45.059+0000] {sql.py:384} INFO - Rows affected: 1
[2023-05-08T04:26:45.064+0000] {base.py:73} INFO - Using connection ID '***' for task execution.
[2023-05-08T04:26:45.070+0000] {sql.py:375} INFO - Running statement: INSERT INTO artist_dim (artist_name,artist_id,genre) VALUES (%s,%s,%s) ON CONFLICT (artist_id) DO UPDATE SET artist_name=EXCLUDED.artist_name,artist_id=EXCLUDED.artist_id,genre=EXCLUDED.genre, parameters: ('ilham', '0r7PsZB4ePA6vHrW4agoGN', nan)
[2023-05-08T04:26:45.072+0000] {sql.py:384} INFO - Rows affected: 1
[2023-05-08T04:26:45.078+0000] {base.py:73} INFO - Using connection ID '***' for task execution.
[2023-05-08T04:26:45.083+0000] {sql.py:375} INFO - Running statement: INSERT INTO artist_dim (artist_name,artist_id,genre) VALUES (%s,%s,%s) ON CONFLICT (artist_id) DO UPDATE SET artist_name=EXCLUDED.artist_name,artist_id=EXCLUDED.artist_id,genre=EXCLUDED.genre, parameters: ('Angelo Mota', '1PpFka2STGQ57kJcgYBgEF', 'indie hip hop')
[2023-05-08T04:26:45.086+0000] {sql.py:384} INFO - Rows affected: 1
[2023-05-08T04:26:45.093+0000] {base.py:73} INFO - Using connection ID '***' for task execution.
[2023-05-08T04:26:45.098+0000] {sql.py:375} INFO - Running statement: INSERT INTO artist_dim (artist_name,artist_id,genre) VALUES (%s,%s,%s) ON CONFLICT (artist_id) DO UPDATE SET artist_name=EXCLUDED.artist_name,artist_id=EXCLUDED.artist_id,genre=EXCLUDED.genre, parameters: ('Xuitcasecity', '6YxrfNCKBcQlbITpmDLErL', 'indie pop rap')
[2023-05-08T04:26:45.100+0000] {sql.py:384} INFO - Rows affected: 1
[2023-05-08T04:26:45.105+0000] {base.py:73} INFO - Using connection ID '***' for task execution.
[2023-05-08T04:26:45.110+0000] {sql.py:375} INFO - Running statement: INSERT INTO artist_dim (artist_name,artist_id,genre) VALUES (%s,%s,%s) ON CONFLICT (artist_id) DO UPDATE SET artist_name=EXCLUDED.artist_name,artist_id=EXCLUDED.artist_id,genre=EXCLUDED.genre, parameters: ('benny mayne', '2R2Yg2qPloNOTOfqxfXX7l', 'canadian contemporary r&b')
[2023-05-08T04:26:45.112+0000] {sql.py:384} INFO - Rows affected: 1
[2023-05-08T04:26:45.118+0000] {base.py:73} INFO - Using connection ID '***' for task execution.
[2023-05-08T04:26:45.124+0000] {sql.py:375} INFO - Running statement: INSERT INTO artist_dim (artist_name,artist_id,genre) VALUES (%s,%s,%s) ON CONFLICT (artist_id) DO UPDATE SET artist_name=EXCLUDED.artist_name,artist_id=EXCLUDED.artist_id,genre=EXCLUDED.genre, parameters: ('Isekai', '4yOY5zmuuTlS1DbG3yZGki', nan)
[2023-05-08T04:26:45.126+0000] {sql.py:384} INFO - Rows affected: 1
[2023-05-08T04:26:45.131+0000] {base.py:73} INFO - Using connection ID '***' for task execution.
[2023-05-08T04:26:45.137+0000] {sql.py:375} INFO - Running statement: INSERT INTO artist_dim (artist_name,artist_id,genre) VALUES (%s,%s,%s) ON CONFLICT (artist_id) DO UPDATE SET artist_name=EXCLUDED.artist_name,artist_id=EXCLUDED.artist_id,genre=EXCLUDED.genre, parameters: ('Lil Rae', '7iVscW49OWowl9SoLmWzfy', nan)
[2023-05-08T04:26:45.139+0000] {sql.py:384} INFO - Rows affected: 1
[2023-05-08T04:26:45.145+0000] {base.py:73} INFO - Using connection ID '***' for task execution.
[2023-05-08T04:26:45.150+0000] {sql.py:375} INFO - Running statement: INSERT INTO artist_dim (artist_name,artist_id,genre) VALUES (%s,%s,%s) ON CONFLICT (artist_id) DO UPDATE SET artist_name=EXCLUDED.artist_name,artist_id=EXCLUDED.artist_id,genre=EXCLUDED.genre, parameters: ('916frosty', '6c0lj01vVpHsCH7Z5CfJ9K', 'emo rap')
[2023-05-08T04:26:45.151+0000] {sql.py:384} INFO - Rows affected: 1
[2023-05-08T04:26:45.157+0000] {base.py:73} INFO - Using connection ID '***' for task execution.
[2023-05-08T04:26:45.164+0000] {sql.py:375} INFO - Running statement: INSERT INTO artist_dim (artist_name,artist_id,genre) VALUES (%s,%s,%s) ON CONFLICT (artist_id) DO UPDATE SET artist_name=EXCLUDED.artist_name,artist_id=EXCLUDED.artist_id,genre=EXCLUDED.genre, parameters: ('COTIS', '63CZNEytugjFnZBdjBmWc8', 'canadian contemporary r&b')
[2023-05-08T04:26:45.165+0000] {sql.py:384} INFO - Rows affected: 1
[2023-05-08T04:26:45.171+0000] {base.py:73} INFO - Using connection ID '***' for task execution.
[2023-05-08T04:26:45.176+0000] {sql.py:375} INFO - Running statement: INSERT INTO artist_dim (artist_name,artist_id,genre) VALUES (%s,%s,%s) ON CONFLICT (artist_id) DO UPDATE SET artist_name=EXCLUDED.artist_name,artist_id=EXCLUDED.artist_id,genre=EXCLUDED.genre, parameters: ('diveliner', '0be7y7HUvSBf8uG1X7pK8f', nan)
[2023-05-08T04:26:45.178+0000] {sql.py:384} INFO - Rows affected: 1
[2023-05-08T04:26:45.184+0000] {base.py:73} INFO - Using connection ID '***' for task execution.
[2023-05-08T04:26:45.191+0000] {sql.py:375} INFO - Running statement: INSERT INTO artist_dim (artist_name,artist_id,genre) VALUES (%s,%s,%s) ON CONFLICT (artist_id) DO UPDATE SET artist_name=EXCLUDED.artist_name,artist_id=EXCLUDED.artist_id,genre=EXCLUDED.genre, parameters: ('Young Lungs', '2trvlbfMS5zVozEmrFNDTJ', 'canadian hip hop')
[2023-05-08T04:26:45.193+0000] {sql.py:384} INFO - Rows affected: 1
[2023-05-08T04:26:45.199+0000] {base.py:73} INFO - Using connection ID '***' for task execution.
[2023-05-08T04:26:45.205+0000] {sql.py:375} INFO - Running statement: INSERT INTO artist_dim (artist_name,artist_id,genre) VALUES (%s,%s,%s) ON CONFLICT (artist_id) DO UPDATE SET artist_name=EXCLUDED.artist_name,artist_id=EXCLUDED.artist_id,genre=EXCLUDED.genre, parameters: ('Darko', '63dmB3SM4vOZ8rK1EX5IkU', 'sad rap')
[2023-05-08T04:26:45.206+0000] {sql.py:384} INFO - Rows affected: 1
[2023-05-08T04:26:45.212+0000] {base.py:73} INFO - Using connection ID '***' for task execution.
[2023-05-08T04:26:45.218+0000] {sql.py:375} INFO - Running statement: INSERT INTO artist_dim (artist_name,artist_id,genre) VALUES (%s,%s,%s) ON CONFLICT (artist_id) DO UPDATE SET artist_name=EXCLUDED.artist_name,artist_id=EXCLUDED.artist_id,genre=EXCLUDED.genre, parameters: ('24kGoldn', '6fWVd57NKTalqvmjRd2t8Z', 'cali rap')
[2023-05-08T04:26:45.219+0000] {sql.py:384} INFO - Rows affected: 1
[2023-05-08T04:26:45.225+0000] {base.py:73} INFO - Using connection ID '***' for task execution.
[2023-05-08T04:26:45.231+0000] {sql.py:375} INFO - Running statement: INSERT INTO artist_dim (artist_name,artist_id,genre) VALUES (%s,%s,%s) ON CONFLICT (artist_id) DO UPDATE SET artist_name=EXCLUDED.artist_name,artist_id=EXCLUDED.artist_id,genre=EXCLUDED.genre, parameters: ('convolk', '3ddT1Q3KQAm1G7UcIfz5KJ', 'cloud rap')
[2023-05-08T04:26:45.232+0000] {sql.py:384} INFO - Rows affected: 1
[2023-05-08T04:26:45.238+0000] {base.py:73} INFO - Using connection ID '***' for task execution.
[2023-05-08T04:26:45.243+0000] {sql.py:375} INFO - Running statement: INSERT INTO artist_dim (artist_name,artist_id,genre) VALUES (%s,%s,%s) ON CONFLICT (artist_id) DO UPDATE SET artist_name=EXCLUDED.artist_name,artist_id=EXCLUDED.artist_id,genre=EXCLUDED.genre, parameters: ('Sevant', '47SwNXPh17mIDcZwsCr6hX', nan)
[2023-05-08T04:26:45.244+0000] {sql.py:384} INFO - Rows affected: 1
[2023-05-08T04:26:45.250+0000] {base.py:73} INFO - Using connection ID '***' for task execution.
[2023-05-08T04:26:45.257+0000] {sql.py:375} INFO - Running statement: INSERT INTO artist_dim (artist_name,artist_id,genre) VALUES (%s,%s,%s) ON CONFLICT (artist_id) DO UPDATE SET artist_name=EXCLUDED.artist_name,artist_id=EXCLUDED.artist_id,genre=EXCLUDED.genre, parameters: ('Lui Joseph', '7MS7B4QRp1n6c5H8N7s3wB', 'sad rap')
[2023-05-08T04:26:45.259+0000] {sql.py:384} INFO - Rows affected: 1
[2023-05-08T04:26:45.265+0000] {base.py:73} INFO - Using connection ID '***' for task execution.
[2023-05-08T04:26:45.271+0000] {sql.py:375} INFO - Running statement: INSERT INTO artist_dim (artist_name,artist_id,genre) VALUES (%s,%s,%s) ON CONFLICT (artist_id) DO UPDATE SET artist_name=EXCLUDED.artist_name,artist_id=EXCLUDED.artist_id,genre=EXCLUDED.genre, parameters: ('Josh Golden', '6wUAn24MOirNVNqQM47fda', 'la pop')
[2023-05-08T04:26:45.273+0000] {sql.py:384} INFO - Rows affected: 1
[2023-05-08T04:26:45.279+0000] {base.py:73} INFO - Using connection ID '***' for task execution.
[2023-05-08T04:26:45.286+0000] {sql.py:375} INFO - Running statement: INSERT INTO artist_dim (artist_name,artist_id,genre) VALUES (%s,%s,%s) ON CONFLICT (artist_id) DO UPDATE SET artist_name=EXCLUDED.artist_name,artist_id=EXCLUDED.artist_id,genre=EXCLUDED.genre, parameters: ('ATO', '4KoNbDwbCK9D04dSmYG93E', nan)
[2023-05-08T04:26:45.288+0000] {sql.py:384} INFO - Rows affected: 1
[2023-05-08T04:26:45.294+0000] {base.py:73} INFO - Using connection ID '***' for task execution.
[2023-05-08T04:26:45.300+0000] {sql.py:375} INFO - Running statement: INSERT INTO artist_dim (artist_name,artist_id,genre) VALUES (%s,%s,%s) ON CONFLICT (artist_id) DO UPDATE SET artist_name=EXCLUDED.artist_name,artist_id=EXCLUDED.artist_id,genre=EXCLUDED.genre, parameters: ('Felly', '2848adRcxvgWNRcz1g1tQD', 'deep underground hip hop')
[2023-05-08T04:26:45.301+0000] {sql.py:384} INFO - Rows affected: 1
[2023-05-08T04:26:45.307+0000] {base.py:73} INFO - Using connection ID '***' for task execution.
[2023-05-08T04:26:45.312+0000] {sql.py:375} INFO - Running statement: INSERT INTO artist_dim (artist_name,artist_id,genre) VALUES (%s,%s,%s) ON CONFLICT (artist_id) DO UPDATE SET artist_name=EXCLUDED.artist_name,artist_id=EXCLUDED.artist_id,genre=EXCLUDED.genre, parameters: ('RIZ LA VIE', '0QkgnHpxSCOYdTnhUR9S5k', 'bedroom soul')
[2023-05-08T04:26:45.314+0000] {sql.py:384} INFO - Rows affected: 1
[2023-05-08T04:26:45.320+0000] {base.py:73} INFO - Using connection ID '***' for task execution.
[2023-05-08T04:26:45.326+0000] {sql.py:375} INFO - Running statement: INSERT INTO artist_dim (artist_name,artist_id,genre) VALUES (%s,%s,%s) ON CONFLICT (artist_id) DO UPDATE SET artist_name=EXCLUDED.artist_name,artist_id=EXCLUDED.artist_id,genre=EXCLUDED.genre, parameters: ('Tommy Ice', '3AUIYVmhwrsw8UOPHEv91Z', 'emo rap')
[2023-05-08T04:26:45.328+0000] {sql.py:384} INFO - Rows affected: 1
[2023-05-08T04:26:45.333+0000] {base.py:73} INFO - Using connection ID '***' for task execution.
[2023-05-08T04:26:45.339+0000] {sql.py:375} INFO - Running statement: INSERT INTO artist_dim (artist_name,artist_id,genre) VALUES (%s,%s,%s) ON CONFLICT (artist_id) DO UPDATE SET artist_name=EXCLUDED.artist_name,artist_id=EXCLUDED.artist_id,genre=EXCLUDED.genre, parameters: ('Andrew Spacey', '71EAlWYAa5jb4phZIOlp7u', 'st louis rap')
[2023-05-08T04:26:45.340+0000] {sql.py:384} INFO - Rows affected: 1
[2023-05-08T04:26:45.346+0000] {base.py:73} INFO - Using connection ID '***' for task execution.
[2023-05-08T04:26:45.352+0000] {sql.py:375} INFO - Running statement: INSERT INTO artist_dim (artist_name,artist_id,genre) VALUES (%s,%s,%s) ON CONFLICT (artist_id) DO UPDATE SET artist_name=EXCLUDED.artist_name,artist_id=EXCLUDED.artist_id,genre=EXCLUDED.genre, parameters: ('aldn', '2GUw9Wzha61PkZoRVv1PDD', 'glitchcore')
[2023-05-08T04:26:45.353+0000] {sql.py:384} INFO - Rows affected: 1
[2023-05-08T04:26:45.360+0000] {base.py:73} INFO - Using connection ID '***' for task execution.
[2023-05-08T04:26:45.366+0000] {sql.py:375} INFO - Running statement: INSERT INTO artist_dim (artist_name,artist_id,genre) VALUES (%s,%s,%s) ON CONFLICT (artist_id) DO UPDATE SET artist_name=EXCLUDED.artist_name,artist_id=EXCLUDED.artist_id,genre=EXCLUDED.genre, parameters: ('RONEN', '3wDeS1sr05fxaOeiJJrOnL', 'aesthetic rap')
[2023-05-08T04:26:45.368+0000] {sql.py:384} INFO - Rows affected: 1
[2023-05-08T04:26:45.374+0000] {base.py:73} INFO - Using connection ID '***' for task execution.
[2023-05-08T04:26:45.380+0000] {sql.py:375} INFO - Running statement: INSERT INTO artist_dim (artist_name,artist_id,genre) VALUES (%s,%s,%s) ON CONFLICT (artist_id) DO UPDATE SET artist_name=EXCLUDED.artist_name,artist_id=EXCLUDED.artist_id,genre=EXCLUDED.genre, parameters: ('Elroy', '1OP39gZ2SXVnwg4NrARmsu', 'hyperpop')
[2023-05-08T04:26:45.382+0000] {sql.py:384} INFO - Rows affected: 1
[2023-05-08T04:26:45.388+0000] {base.py:73} INFO - Using connection ID '***' for task execution.
[2023-05-08T04:26:45.395+0000] {sql.py:375} INFO - Running statement: INSERT INTO artist_dim (artist_name,artist_id,genre) VALUES (%s,%s,%s) ON CONFLICT (artist_id) DO UPDATE SET artist_name=EXCLUDED.artist_name,artist_id=EXCLUDED.artist_id,genre=EXCLUDED.genre, parameters: ('44phantom', '1vwwjIPFeYoRfAUCqqO6cZ', nan)
[2023-05-08T04:26:45.397+0000] {sql.py:384} INFO - Rows affected: 1
[2023-05-08T04:26:45.403+0000] {base.py:73} INFO - Using connection ID '***' for task execution.
[2023-05-08T04:26:45.409+0000] {sql.py:375} INFO - Running statement: INSERT INTO artist_dim (artist_name,artist_id,genre) VALUES (%s,%s,%s) ON CONFLICT (artist_id) DO UPDATE SET artist_name=EXCLUDED.artist_name,artist_id=EXCLUDED.artist_id,genre=EXCLUDED.genre, parameters: ('Ramzoid', '2Ci3Sflo2BfC77wTwn2hbH', 'future bass')
[2023-05-08T04:26:45.410+0000] {sql.py:384} INFO - Rows affected: 1
[2023-05-08T04:26:45.416+0000] {base.py:73} INFO - Using connection ID '***' for task execution.
[2023-05-08T04:26:45.423+0000] {sql.py:375} INFO - Running statement: INSERT INTO artist_dim (artist_name,artist_id,genre) VALUES (%s,%s,%s) ON CONFLICT (artist_id) DO UPDATE SET artist_name=EXCLUDED.artist_name,artist_id=EXCLUDED.artist_id,genre=EXCLUDED.genre, parameters: ('GOLDHOUSE', '670UISOh9XV1zlq5z5IfoY', 'pop edm')
[2023-05-08T04:26:45.424+0000] {sql.py:384} INFO - Rows affected: 1
[2023-05-08T04:26:45.430+0000] {base.py:73} INFO - Using connection ID '***' for task execution.
[2023-05-08T04:26:45.438+0000] {sql.py:375} INFO - Running statement: INSERT INTO artist_dim (artist_name,artist_id,genre) VALUES (%s,%s,%s) ON CONFLICT (artist_id) DO UPDATE SET artist_name=EXCLUDED.artist_name,artist_id=EXCLUDED.artist_id,genre=EXCLUDED.genre, parameters: ('dying in designer', '3QZxOYl5zlZtfigtXOZsfT', 'emo rap')
[2023-05-08T04:26:45.440+0000] {sql.py:384} INFO - Rows affected: 1
[2023-05-08T04:26:45.446+0000] {base.py:73} INFO - Using connection ID '***' for task execution.
[2023-05-08T04:26:45.452+0000] {sql.py:375} INFO - Running statement: INSERT INTO artist_dim (artist_name,artist_id,genre) VALUES (%s,%s,%s) ON CONFLICT (artist_id) DO UPDATE SET artist_name=EXCLUDED.artist_name,artist_id=EXCLUDED.artist_id,genre=EXCLUDED.genre, parameters: ('Kota the Friend', '2AfU5LYBVCiCtuCCfM7uVX', 'underground hip hop')
[2023-05-08T04:26:45.454+0000] {sql.py:384} INFO - Rows affected: 1
[2023-05-08T04:26:45.460+0000] {base.py:73} INFO - Using connection ID '***' for task execution.
[2023-05-08T04:26:45.466+0000] {sql.py:375} INFO - Running statement: INSERT INTO artist_dim (artist_name,artist_id,genre) VALUES (%s,%s,%s) ON CONFLICT (artist_id) DO UPDATE SET artist_name=EXCLUDED.artist_name,artist_id=EXCLUDED.artist_id,genre=EXCLUDED.genre, parameters: ('Marlon Craft', '7MigDh04CCntQbsBvugEmb', 'nyc rap')
[2023-05-08T04:26:45.467+0000] {sql.py:384} INFO - Rows affected: 1
[2023-05-08T04:26:45.473+0000] {base.py:73} INFO - Using connection ID '***' for task execution.
[2023-05-08T04:26:45.483+0000] {sql.py:375} INFO - Running statement: INSERT INTO artist_dim (artist_name,artist_id,genre) VALUES (%s,%s,%s) ON CONFLICT (artist_id) DO UPDATE SET artist_name=EXCLUDED.artist_name,artist_id=EXCLUDED.artist_id,genre=EXCLUDED.genre, parameters: ('SEBASTIAN PAUL', '1tQu5TjcAK68fx8qrc8ZgF', nan)
[2023-05-08T04:26:45.484+0000] {sql.py:384} INFO - Rows affected: 1
[2023-05-08T04:26:45.490+0000] {base.py:73} INFO - Using connection ID '***' for task execution.
[2023-05-08T04:26:45.496+0000] {sql.py:375} INFO - Running statement: INSERT INTO artist_dim (artist_name,artist_id,genre) VALUES (%s,%s,%s) ON CONFLICT (artist_id) DO UPDATE SET artist_name=EXCLUDED.artist_name,artist_id=EXCLUDED.artist_id,genre=EXCLUDED.genre, parameters: ('Max Wells', '0Kx7qYhFiv0YD5lxEG1nsz', nan)
[2023-05-08T04:26:45.497+0000] {sql.py:384} INFO - Rows affected: 1
[2023-05-08T04:26:45.503+0000] {base.py:73} INFO - Using connection ID '***' for task execution.
[2023-05-08T04:26:45.509+0000] {sql.py:375} INFO - Running statement: INSERT INTO artist_dim (artist_name,artist_id,genre) VALUES (%s,%s,%s) ON CONFLICT (artist_id) DO UPDATE SET artist_name=EXCLUDED.artist_name,artist_id=EXCLUDED.artist_id,genre=EXCLUDED.genre, parameters: ('Gomey', '5ibWbhA0IkPT3xCN0YicRL', nan)
[2023-05-08T04:26:45.510+0000] {sql.py:384} INFO - Rows affected: 1
[2023-05-08T04:26:45.516+0000] {base.py:73} INFO - Using connection ID '***' for task execution.
[2023-05-08T04:26:45.521+0000] {sql.py:375} INFO - Running statement: INSERT INTO artist_dim (artist_name,artist_id,genre) VALUES (%s,%s,%s) ON CONFLICT (artist_id) DO UPDATE SET artist_name=EXCLUDED.artist_name,artist_id=EXCLUDED.artist_id,genre=EXCLUDED.genre, parameters: ('Christian French', '7naAJDAh7AZnf18YYfQruM', 'alt z')
[2023-05-08T04:26:45.523+0000] {sql.py:384} INFO - Rows affected: 1
[2023-05-08T04:26:45.529+0000] {base.py:73} INFO - Using connection ID '***' for task execution.
[2023-05-08T04:26:45.534+0000] {sql.py:375} INFO - Running statement: INSERT INTO artist_dim (artist_name,artist_id,genre) VALUES (%s,%s,%s) ON CONFLICT (artist_id) DO UPDATE SET artist_name=EXCLUDED.artist_name,artist_id=EXCLUDED.artist_id,genre=EXCLUDED.genre, parameters: ('tsubi club', '6fHEaFnFgMxMAtDt7mFoQ3', 'hyperpop')
[2023-05-08T04:26:45.536+0000] {sql.py:384} INFO - Rows affected: 1
[2023-05-08T04:26:45.542+0000] {base.py:73} INFO - Using connection ID '***' for task execution.
[2023-05-08T04:26:45.547+0000] {sql.py:375} INFO - Running statement: INSERT INTO artist_dim (artist_name,artist_id,genre) VALUES (%s,%s,%s) ON CONFLICT (artist_id) DO UPDATE SET artist_name=EXCLUDED.artist_name,artist_id=EXCLUDED.artist_id,genre=EXCLUDED.genre, parameters: ('Vwillz', '0S7eN9KAsbAaIZtFyCn1q1', nan)
[2023-05-08T04:26:45.549+0000] {sql.py:384} INFO - Rows affected: 1
[2023-05-08T04:26:45.556+0000] {base.py:73} INFO - Using connection ID '***' for task execution.
[2023-05-08T04:26:45.562+0000] {sql.py:375} INFO - Running statement: INSERT INTO artist_dim (artist_name,artist_id,genre) VALUES (%s,%s,%s) ON CONFLICT (artist_id) DO UPDATE SET artist_name=EXCLUDED.artist_name,artist_id=EXCLUDED.artist_id,genre=EXCLUDED.genre, parameters: ('Kevin Powers', '4X8TR9pBFyewFlIDYt1o2s', nan)
[2023-05-08T04:26:45.564+0000] {sql.py:384} INFO - Rows affected: 1
[2023-05-08T04:26:45.570+0000] {base.py:73} INFO - Using connection ID '***' for task execution.
[2023-05-08T04:26:45.575+0000] {sql.py:375} INFO - Running statement: INSERT INTO artist_dim (artist_name,artist_id,genre) VALUES (%s,%s,%s) ON CONFLICT (artist_id) DO UPDATE SET artist_name=EXCLUDED.artist_name,artist_id=EXCLUDED.artist_id,genre=EXCLUDED.genre, parameters: ('Brennan', '5UrcghjIlj83Jf7QjZfBhZ', nan)
[2023-05-08T04:26:45.577+0000] {sql.py:384} INFO - Rows affected: 1
[2023-05-08T04:26:45.583+0000] {base.py:73} INFO - Using connection ID '***' for task execution.
[2023-05-08T04:26:45.588+0000] {sql.py:375} INFO - Running statement: INSERT INTO artist_dim (artist_name,artist_id,genre) VALUES (%s,%s,%s) ON CONFLICT (artist_id) DO UPDATE SET artist_name=EXCLUDED.artist_name,artist_id=EXCLUDED.artist_id,genre=EXCLUDED.genre, parameters: ('Rawska', '3pob90yrusjcbgSYFKaeAk', 'cloud rap')
[2023-05-08T04:26:45.590+0000] {sql.py:384} INFO - Rows affected: 1
[2023-05-08T04:26:45.595+0000] {base.py:73} INFO - Using connection ID '***' for task execution.
[2023-05-08T04:26:45.601+0000] {sql.py:375} INFO - Running statement: INSERT INTO artist_dim (artist_name,artist_id,genre) VALUES (%s,%s,%s) ON CONFLICT (artist_id) DO UPDATE SET artist_name=EXCLUDED.artist_name,artist_id=EXCLUDED.artist_id,genre=EXCLUDED.genre, parameters: ('Ghostrage', '7BoBxrm9jJ7us6U92oqr4N', nan)
[2023-05-08T04:26:45.602+0000] {sql.py:384} INFO - Rows affected: 1
[2023-05-08T04:26:45.608+0000] {base.py:73} INFO - Using connection ID '***' for task execution.
[2023-05-08T04:26:45.613+0000] {sql.py:375} INFO - Running statement: INSERT INTO artist_dim (artist_name,artist_id,genre) VALUES (%s,%s,%s) ON CONFLICT (artist_id) DO UPDATE SET artist_name=EXCLUDED.artist_name,artist_id=EXCLUDED.artist_id,genre=EXCLUDED.genre, parameters: ('Cold Hart', '1fsCfvdiomqjKJFR6xI8e4', 'cloud rap')
[2023-05-08T04:26:45.615+0000] {sql.py:384} INFO - Rows affected: 1
[2023-05-08T04:26:45.621+0000] {base.py:73} INFO - Using connection ID '***' for task execution.
[2023-05-08T04:26:45.626+0000] {sql.py:375} INFO - Running statement: INSERT INTO artist_dim (artist_name,artist_id,genre) VALUES (%s,%s,%s) ON CONFLICT (artist_id) DO UPDATE SET artist_name=EXCLUDED.artist_name,artist_id=EXCLUDED.artist_id,genre=EXCLUDED.genre, parameters: ('Hovey Benjamin', '7wSr4otUV4ytUvHE4w3rBe', 'meme rap')
[2023-05-08T04:26:45.628+0000] {sql.py:384} INFO - Rows affected: 1
[2023-05-08T04:26:45.635+0000] {base.py:73} INFO - Using connection ID '***' for task execution.
[2023-05-08T04:26:45.640+0000] {sql.py:375} INFO - Running statement: INSERT INTO artist_dim (artist_name,artist_id,genre) VALUES (%s,%s,%s) ON CONFLICT (artist_id) DO UPDATE SET artist_name=EXCLUDED.artist_name,artist_id=EXCLUDED.artist_id,genre=EXCLUDED.genre, parameters: ('Yung Pinch', '61qMnYXa1GxSBoV3IiYKjZ', 'melodic rap')
[2023-05-08T04:26:45.642+0000] {sql.py:384} INFO - Rows affected: 1
[2023-05-08T04:26:45.648+0000] {base.py:73} INFO - Using connection ID '***' for task execution.
[2023-05-08T04:26:45.655+0000] {sql.py:375} INFO - Running statement: INSERT INTO artist_dim (artist_name,artist_id,genre) VALUES (%s,%s,%s) ON CONFLICT (artist_id) DO UPDATE SET artist_name=EXCLUDED.artist_name,artist_id=EXCLUDED.artist_id,genre=EXCLUDED.genre, parameters: ('underscores', '7HfUJxeVTgrvhk0eWHFzV7', 'hyperpop')
[2023-05-08T04:26:45.657+0000] {sql.py:384} INFO - Rows affected: 1
[2023-05-08T04:26:45.664+0000] {base.py:73} INFO - Using connection ID '***' for task execution.
[2023-05-08T04:26:45.669+0000] {sql.py:375} INFO - Running statement: INSERT INTO artist_dim (artist_name,artist_id,genre) VALUES (%s,%s,%s) ON CONFLICT (artist_id) DO UPDATE SET artist_name=EXCLUDED.artist_name,artist_id=EXCLUDED.artist_id,genre=EXCLUDED.genre, parameters: ('MASN', '4HAfqyKr4Sqtab6ttHWXgE', 'sad rap')
[2023-05-08T04:26:45.671+0000] {sql.py:384} INFO - Rows affected: 1
[2023-05-08T04:26:45.677+0000] {base.py:73} INFO - Using connection ID '***' for task execution.
[2023-05-08T04:26:45.682+0000] {sql.py:375} INFO - Running statement: INSERT INTO artist_dim (artist_name,artist_id,genre) VALUES (%s,%s,%s) ON CONFLICT (artist_id) DO UPDATE SET artist_name=EXCLUDED.artist_name,artist_id=EXCLUDED.artist_id,genre=EXCLUDED.genre, parameters: ('VIC MENSA', '27w1NoOLMX7tJMYqcetPyG', 'canadian hip hop')
[2023-05-08T04:26:45.683+0000] {sql.py:384} INFO - Rows affected: 1
[2023-05-08T04:26:45.689+0000] {base.py:73} INFO - Using connection ID '***' for task execution.
[2023-05-08T04:26:45.695+0000] {sql.py:375} INFO - Running statement: INSERT INTO artist_dim (artist_name,artist_id,genre) VALUES (%s,%s,%s) ON CONFLICT (artist_id) DO UPDATE SET artist_name=EXCLUDED.artist_name,artist_id=EXCLUDED.artist_id,genre=EXCLUDED.genre, parameters: ('mike.', '5G9kmDLg3OeUyj8KVBLzbu', 'indie pop rap')
[2023-05-08T04:26:45.696+0000] {sql.py:384} INFO - Rows affected: 1
[2023-05-08T04:26:45.702+0000] {base.py:73} INFO - Using connection ID '***' for task execution.
[2023-05-08T04:26:45.708+0000] {sql.py:375} INFO - Running statement: INSERT INTO artist_dim (artist_name,artist_id,genre) VALUES (%s,%s,%s) ON CONFLICT (artist_id) DO UPDATE SET artist_name=EXCLUDED.artist_name,artist_id=EXCLUDED.artist_id,genre=EXCLUDED.genre, parameters: ('POORSTACY', '7vSY9HEreOqb1Llar3UC38', 'emo rap')
[2023-05-08T04:26:45.709+0000] {sql.py:384} INFO - Rows affected: 1
[2023-05-08T04:26:45.715+0000] {base.py:73} INFO - Using connection ID '***' for task execution.
[2023-05-08T04:26:45.721+0000] {sql.py:375} INFO - Running statement: INSERT INTO artist_dim (artist_name,artist_id,genre) VALUES (%s,%s,%s) ON CONFLICT (artist_id) DO UPDATE SET artist_name=EXCLUDED.artist_name,artist_id=EXCLUDED.artist_id,genre=EXCLUDED.genre, parameters: ('han.irl <3', '5VfSeZYcDwD8WQVwbaoL6z', nan)
[2023-05-08T04:26:45.722+0000] {sql.py:384} INFO - Rows affected: 1
[2023-05-08T04:26:45.728+0000] {base.py:73} INFO - Using connection ID '***' for task execution.
[2023-05-08T04:26:45.733+0000] {sql.py:375} INFO - Running statement: INSERT INTO artist_dim (artist_name,artist_id,genre) VALUES (%s,%s,%s) ON CONFLICT (artist_id) DO UPDATE SET artist_name=EXCLUDED.artist_name,artist_id=EXCLUDED.artist_id,genre=EXCLUDED.genre, parameters: ('login', '5JZPSVFMUk4HGDdx68lN77', 'hyperpop')
[2023-05-08T04:26:45.735+0000] {sql.py:384} INFO - Rows affected: 1
[2023-05-08T04:26:45.741+0000] {base.py:73} INFO - Using connection ID '***' for task execution.
[2023-05-08T04:26:45.746+0000] {sql.py:375} INFO - Running statement: INSERT INTO artist_dim (artist_name,artist_id,genre) VALUES (%s,%s,%s) ON CONFLICT (artist_id) DO UPDATE SET artist_name=EXCLUDED.artist_name,artist_id=EXCLUDED.artist_id,genre=EXCLUDED.genre, parameters: ('静的 Static', '6rEjEIfp3NSRteU3kJGSET', 'emo rap')
[2023-05-08T04:26:45.748+0000] {sql.py:384} INFO - Rows affected: 1
[2023-05-08T04:26:45.753+0000] {base.py:73} INFO - Using connection ID '***' for task execution.
[2023-05-08T04:26:45.759+0000] {sql.py:375} INFO - Running statement: INSERT INTO artist_dim (artist_name,artist_id,genre) VALUES (%s,%s,%s) ON CONFLICT (artist_id) DO UPDATE SET artist_name=EXCLUDED.artist_name,artist_id=EXCLUDED.artist_id,genre=EXCLUDED.genre, parameters: ('Rich Brian', '2IDLDx25HU1nQMKde4n61a', 'indonesian hip hop')
[2023-05-08T04:26:45.761+0000] {sql.py:384} INFO - Rows affected: 1
[2023-05-08T04:26:45.767+0000] {base.py:73} INFO - Using connection ID '***' for task execution.
[2023-05-08T04:26:45.772+0000] {sql.py:375} INFO - Running statement: INSERT INTO artist_dim (artist_name,artist_id,genre) VALUES (%s,%s,%s) ON CONFLICT (artist_id) DO UPDATE SET artist_name=EXCLUDED.artist_name,artist_id=EXCLUDED.artist_id,genre=EXCLUDED.genre, parameters: ('88rising', '1AhjOkOLkbHUfcHDSErXQs', 'asian american hip hop')
[2023-05-08T04:26:45.774+0000] {sql.py:384} INFO - Rows affected: 1
[2023-05-08T04:26:45.775+0000] {python.py:183} INFO - Done. Returned value was: None
[2023-05-08T04:26:45.783+0000] {taskinstance.py:1373} INFO - Marking task as SUCCESS. dag_id=Summer_Warped_ETL, task_id=LoadData.LoadArtistDim, execution_date=20230508T042607, start_date=20230508T042644, end_date=20230508T042645
[2023-05-08T04:26:45.831+0000] {local_task_job_runner.py:232} INFO - Task exited with return code 0
[2023-05-08T04:26:45.850+0000] {taskinstance.py:2674} INFO - 0 downstream tasks scheduled from follow-on schedule check
