[2023-05-09T19:40:27.914+0000] {taskinstance.py:1125} INFO - Dependencies all met for dep_context=non-requeueable deps ti=<TaskInstance: Summer_Warped_ETL.LoadData.LoadSongArtistBridge manual__2023-05-09T19:39:41.899285+00:00 [queued]>
[2023-05-09T19:40:27.919+0000] {taskinstance.py:1125} INFO - Dependencies all met for dep_context=requeueable deps ti=<TaskInstance: Summer_Warped_ETL.LoadData.LoadSongArtistBridge manual__2023-05-09T19:39:41.899285+00:00 [queued]>
[2023-05-09T19:40:27.920+0000] {taskinstance.py:1331} INFO - Starting attempt 1 of 3
[2023-05-09T19:40:27.929+0000] {taskinstance.py:1350} INFO - Executing <Task(PythonOperator): LoadData.LoadSongArtistBridge> on 2023-05-09 19:39:41.899285+00:00
[2023-05-09T19:40:27.934+0000] {standard_task_runner.py:57} INFO - Started process 1135 to run task
[2023-05-09T19:40:27.938+0000] {standard_task_runner.py:84} INFO - Running: ['***', 'tasks', 'run', 'Summer_Warped_ETL', 'LoadData.LoadSongArtistBridge', 'manual__2023-05-09T19:39:41.899285+00:00', '--job-id', '3099', '--raw', '--subdir', 'DAGS_FOLDER/warped-dag.py', '--cfg-path', '/tmp/tmp4i18bem6']
[2023-05-09T19:40:27.938+0000] {standard_task_runner.py:85} INFO - Job 3099: Subtask LoadData.LoadSongArtistBridge
[2023-05-09T19:40:27.979+0000] {task_command.py:410} INFO - Running <TaskInstance: Summer_Warped_ETL.LoadData.LoadSongArtistBridge manual__2023-05-09T19:39:41.899285+00:00 [running]> on host 4b5a01a6ab5f
[2023-05-09T19:40:28.040+0000] {taskinstance.py:1570} INFO - Exporting env vars: AIRFLOW_CTX_DAG_OWNER='Ananta Moharana' AIRFLOW_CTX_DAG_ID='Summer_Warped_ETL' AIRFLOW_CTX_TASK_ID='LoadData.LoadSongArtistBridge' AIRFLOW_CTX_EXECUTION_DATE='2023-05-09T19:39:41.899285+00:00' AIRFLOW_CTX_TRY_NUMBER='1' AIRFLOW_CTX_DAG_RUN_ID='manual__2023-05-09T19:39:41.899285+00:00'
[2023-05-09T19:40:28.042+0000] {logging_mixin.py:149} INFO - 2023-05/song_artist_bridge.csv
[2023-05-09T19:40:28.050+0000] {base.py:73} INFO - Using connection ID 'aws_connection' for task execution.
[2023-05-09T19:40:28.051+0000] {connection_wrapper.py:337} INFO - AWS Connection (conn_id='aws_connection', conn_type='aws') credentials retrieved from login and password.
[2023-05-09T19:40:28.302+0000] {logging_mixin.py:149} INFO -                   song_id               artist_id
0  42QzWxuokSGPklrsoI2Bxl  1LbK4g8mKezX7iAmpiq3sX
1  0RW1UL8w8rjQkaIaljaFc5  6USv9qhCn6zfxlBQIYJ9qs
2  0RW1UL8w8rjQkaIaljaFc5  0NB5HROxc8dDBXpkIi1v3d
3  5EV4bGHxVN0kHpcAFvgnTt  7wbkl3zgDZEoZer357mVIw
4  2AYEOC02WLhUiOoaig2SEH  4AcHt3JxKy59IX7JNNlZn4
[2023-05-09T19:40:28.302+0000] {logging_mixin.py:149} INFO - INSERT INTO song_artist_bridge (song_id,artist_id) VALUES (%s,%s) ON CONFLICT (song_id,artist_id) DO UPDATE SET song_id=EXCLUDED.song_id,artist_id=EXCLUDED.artist_id
[2023-05-09T19:40:28.309+0000] {base.py:73} INFO - Using connection ID '***' for task execution.
[2023-05-09T19:40:28.315+0000] {sql.py:375} INFO - Running statement: INSERT INTO song_artist_bridge (song_id,artist_id) VALUES (%s,%s) ON CONFLICT (song_id,artist_id) DO UPDATE SET song_id=EXCLUDED.song_id,artist_id=EXCLUDED.artist_id, parameters: ('42QzWxuokSGPklrsoI2Bxl', '1LbK4g8mKezX7iAmpiq3sX')
[2023-05-09T19:40:28.318+0000] {sql.py:384} INFO - Rows affected: 1
[2023-05-09T19:40:28.325+0000] {base.py:73} INFO - Using connection ID '***' for task execution.
[2023-05-09T19:40:28.330+0000] {sql.py:375} INFO - Running statement: INSERT INTO song_artist_bridge (song_id,artist_id) VALUES (%s,%s) ON CONFLICT (song_id,artist_id) DO UPDATE SET song_id=EXCLUDED.song_id,artist_id=EXCLUDED.artist_id, parameters: ('0RW1UL8w8rjQkaIaljaFc5', '6USv9qhCn6zfxlBQIYJ9qs')
[2023-05-09T19:40:28.332+0000] {sql.py:384} INFO - Rows affected: 1
[2023-05-09T19:40:28.339+0000] {base.py:73} INFO - Using connection ID '***' for task execution.
[2023-05-09T19:40:28.344+0000] {sql.py:375} INFO - Running statement: INSERT INTO song_artist_bridge (song_id,artist_id) VALUES (%s,%s) ON CONFLICT (song_id,artist_id) DO UPDATE SET song_id=EXCLUDED.song_id,artist_id=EXCLUDED.artist_id, parameters: ('0RW1UL8w8rjQkaIaljaFc5', '0NB5HROxc8dDBXpkIi1v3d')
[2023-05-09T19:40:28.346+0000] {sql.py:384} INFO - Rows affected: 1
[2023-05-09T19:40:28.352+0000] {base.py:73} INFO - Using connection ID '***' for task execution.
[2023-05-09T19:40:28.357+0000] {sql.py:375} INFO - Running statement: INSERT INTO song_artist_bridge (song_id,artist_id) VALUES (%s,%s) ON CONFLICT (song_id,artist_id) DO UPDATE SET song_id=EXCLUDED.song_id,artist_id=EXCLUDED.artist_id, parameters: ('5EV4bGHxVN0kHpcAFvgnTt', '7wbkl3zgDZEoZer357mVIw')
[2023-05-09T19:40:28.359+0000] {sql.py:384} INFO - Rows affected: 1
[2023-05-09T19:40:28.366+0000] {base.py:73} INFO - Using connection ID '***' for task execution.
[2023-05-09T19:40:28.372+0000] {sql.py:375} INFO - Running statement: INSERT INTO song_artist_bridge (song_id,artist_id) VALUES (%s,%s) ON CONFLICT (song_id,artist_id) DO UPDATE SET song_id=EXCLUDED.song_id,artist_id=EXCLUDED.artist_id, parameters: ('2AYEOC02WLhUiOoaig2SEH', '4AcHt3JxKy59IX7JNNlZn4')
[2023-05-09T19:40:28.374+0000] {sql.py:384} INFO - Rows affected: 1
[2023-05-09T19:40:28.380+0000] {base.py:73} INFO - Using connection ID '***' for task execution.
[2023-05-09T19:40:28.386+0000] {sql.py:375} INFO - Running statement: INSERT INTO song_artist_bridge (song_id,artist_id) VALUES (%s,%s) ON CONFLICT (song_id,artist_id) DO UPDATE SET song_id=EXCLUDED.song_id,artist_id=EXCLUDED.artist_id, parameters: ('748mdHapucXQri7IAO8yFK', '7tYKF4w9nC0nq9CsPZTHyP')
[2023-05-09T19:40:28.388+0000] {sql.py:384} INFO - Rows affected: 1
[2023-05-09T19:40:28.394+0000] {base.py:73} INFO - Using connection ID '***' for task execution.
[2023-05-09T19:40:28.401+0000] {sql.py:375} INFO - Running statement: INSERT INTO song_artist_bridge (song_id,artist_id) VALUES (%s,%s) ON CONFLICT (song_id,artist_id) DO UPDATE SET song_id=EXCLUDED.song_id,artist_id=EXCLUDED.artist_id, parameters: ('748mdHapucXQri7IAO8yFK', '5cj0lLjcoR7YOSnhnX0Po5')
[2023-05-09T19:40:28.403+0000] {sql.py:384} INFO - Rows affected: 1
[2023-05-09T19:40:28.409+0000] {base.py:73} INFO - Using connection ID '***' for task execution.
[2023-05-09T19:40:28.415+0000] {sql.py:375} INFO - Running statement: INSERT INTO song_artist_bridge (song_id,artist_id) VALUES (%s,%s) ON CONFLICT (song_id,artist_id) DO UPDATE SET song_id=EXCLUDED.song_id,artist_id=EXCLUDED.artist_id, parameters: ('5lhuHmIXlRs2SUcxnDoPRi', '5bdwzvp6eirvqh0TwOwjgE')
[2023-05-09T19:40:28.417+0000] {sql.py:384} INFO - Rows affected: 1
[2023-05-09T19:40:28.424+0000] {base.py:73} INFO - Using connection ID '***' for task execution.
[2023-05-09T19:40:28.431+0000] {sql.py:375} INFO - Running statement: INSERT INTO song_artist_bridge (song_id,artist_id) VALUES (%s,%s) ON CONFLICT (song_id,artist_id) DO UPDATE SET song_id=EXCLUDED.song_id,artist_id=EXCLUDED.artist_id, parameters: ('5u64RlrnvvbtNh6R0EMh6o', '7tYKF4w9nC0nq9CsPZTHyP')
[2023-05-09T19:40:28.433+0000] {sql.py:384} INFO - Rows affected: 1
[2023-05-09T19:40:28.439+0000] {base.py:73} INFO - Using connection ID '***' for task execution.
[2023-05-09T19:40:28.445+0000] {sql.py:375} INFO - Running statement: INSERT INTO song_artist_bridge (song_id,artist_id) VALUES (%s,%s) ON CONFLICT (song_id,artist_id) DO UPDATE SET song_id=EXCLUDED.song_id,artist_id=EXCLUDED.artist_id, parameters: ('5u64RlrnvvbtNh6R0EMh6o', '246dkjvS1zLTtiykXe5h60')
[2023-05-09T19:40:28.447+0000] {sql.py:384} INFO - Rows affected: 1
[2023-05-09T19:40:28.454+0000] {base.py:73} INFO - Using connection ID '***' for task execution.
[2023-05-09T19:40:28.461+0000] {sql.py:375} INFO - Running statement: INSERT INTO song_artist_bridge (song_id,artist_id) VALUES (%s,%s) ON CONFLICT (song_id,artist_id) DO UPDATE SET song_id=EXCLUDED.song_id,artist_id=EXCLUDED.artist_id, parameters: ('5u64RlrnvvbtNh6R0EMh6o', '6LuN9FCkKOj5PcnpouEgny')
[2023-05-09T19:40:28.463+0000] {sql.py:384} INFO - Rows affected: 1
[2023-05-09T19:40:28.469+0000] {base.py:73} INFO - Using connection ID '***' for task execution.
[2023-05-09T19:40:28.475+0000] {sql.py:375} INFO - Running statement: INSERT INTO song_artist_bridge (song_id,artist_id) VALUES (%s,%s) ON CONFLICT (song_id,artist_id) DO UPDATE SET song_id=EXCLUDED.song_id,artist_id=EXCLUDED.artist_id, parameters: ('5u64RlrnvvbtNh6R0EMh6o', '163tK9Wjr9P9DmM0AVK7lm')
[2023-05-09T19:40:28.477+0000] {sql.py:384} INFO - Rows affected: 1
[2023-05-09T19:40:28.484+0000] {base.py:73} INFO - Using connection ID '***' for task execution.
[2023-05-09T19:40:28.489+0000] {sql.py:375} INFO - Running statement: INSERT INTO song_artist_bridge (song_id,artist_id) VALUES (%s,%s) ON CONFLICT (song_id,artist_id) DO UPDATE SET song_id=EXCLUDED.song_id,artist_id=EXCLUDED.artist_id, parameters: ('6ECcJlfjh2F1LJxe74qKnJ', '6wFwvxJkurQPU2UdeD4qVt')
[2023-05-09T19:40:28.491+0000] {sql.py:384} INFO - Rows affected: 1
[2023-05-09T19:40:28.498+0000] {base.py:73} INFO - Using connection ID '***' for task execution.
[2023-05-09T19:40:28.505+0000] {sql.py:375} INFO - Running statement: INSERT INTO song_artist_bridge (song_id,artist_id) VALUES (%s,%s) ON CONFLICT (song_id,artist_id) DO UPDATE SET song_id=EXCLUDED.song_id,artist_id=EXCLUDED.artist_id, parameters: ('2z0IupRlVRlDN5r2IVqHyN', '3YQKmKGau1PzlVlkL1iodx')
[2023-05-09T19:40:28.508+0000] {sql.py:384} INFO - Rows affected: 1
[2023-05-09T19:40:28.514+0000] {base.py:73} INFO - Using connection ID '***' for task execution.
[2023-05-09T19:40:28.520+0000] {sql.py:375} INFO - Running statement: INSERT INTO song_artist_bridge (song_id,artist_id) VALUES (%s,%s) ON CONFLICT (song_id,artist_id) DO UPDATE SET song_id=EXCLUDED.song_id,artist_id=EXCLUDED.artist_id, parameters: ('5MMLS3xm12D7N26xlfFApr', '0du5cEVh5yTK9QJze8zA0C')
[2023-05-09T19:40:28.523+0000] {sql.py:384} INFO - Rows affected: 1
[2023-05-09T19:40:28.529+0000] {base.py:73} INFO - Using connection ID '***' for task execution.
[2023-05-09T19:40:28.536+0000] {sql.py:375} INFO - Running statement: INSERT INTO song_artist_bridge (song_id,artist_id) VALUES (%s,%s) ON CONFLICT (song_id,artist_id) DO UPDATE SET song_id=EXCLUDED.song_id,artist_id=EXCLUDED.artist_id, parameters: ('3FrX3mx8qq7SZX2NYbzDoj', '1Cs0zKBU1kc0i8ypK3B9ai')
[2023-05-09T19:40:28.538+0000] {sql.py:384} INFO - Rows affected: 1
[2023-05-09T19:40:28.545+0000] {base.py:73} INFO - Using connection ID '***' for task execution.
[2023-05-09T19:40:28.551+0000] {sql.py:375} INFO - Running statement: INSERT INTO song_artist_bridge (song_id,artist_id) VALUES (%s,%s) ON CONFLICT (song_id,artist_id) DO UPDATE SET song_id=EXCLUDED.song_id,artist_id=EXCLUDED.artist_id, parameters: ('6PQ88X9TkUIAUIZJHW2upE', '6eUKZXaKkcviH0Ku9w2n3V')
[2023-05-09T19:40:28.553+0000] {sql.py:384} INFO - Rows affected: 1
[2023-05-09T19:40:28.559+0000] {base.py:73} INFO - Using connection ID '***' for task execution.
[2023-05-09T19:40:28.570+0000] {sql.py:375} INFO - Running statement: INSERT INTO song_artist_bridge (song_id,artist_id) VALUES (%s,%s) ON CONFLICT (song_id,artist_id) DO UPDATE SET song_id=EXCLUDED.song_id,artist_id=EXCLUDED.artist_id, parameters: ('60NWySy9UQUs0uhkW8KG3L', '5WhXMSMSiOyEhXBNI6Lf2h')
[2023-05-09T19:40:28.573+0000] {sql.py:384} INFO - Rows affected: 1
[2023-05-09T19:40:28.579+0000] {base.py:73} INFO - Using connection ID '***' for task execution.
[2023-05-09T19:40:28.585+0000] {sql.py:375} INFO - Running statement: INSERT INTO song_artist_bridge (song_id,artist_id) VALUES (%s,%s) ON CONFLICT (song_id,artist_id) DO UPDATE SET song_id=EXCLUDED.song_id,artist_id=EXCLUDED.artist_id, parameters: ('02MWAaffLxlfxAUY7c5dvx', '4yvcSjfu4PC0CYQyLy4wSq')
[2023-05-09T19:40:28.587+0000] {sql.py:384} INFO - Rows affected: 1
[2023-05-09T19:40:28.593+0000] {base.py:73} INFO - Using connection ID '***' for task execution.
[2023-05-09T19:40:28.599+0000] {sql.py:375} INFO - Running statement: INSERT INTO song_artist_bridge (song_id,artist_id) VALUES (%s,%s) ON CONFLICT (song_id,artist_id) DO UPDATE SET song_id=EXCLUDED.song_id,artist_id=EXCLUDED.artist_id, parameters: ('6RKGBcDtgzXx21zUjpeu6F', '1dWEYMPtNmvSVaDNLgB6NV')
[2023-05-09T19:40:28.601+0000] {sql.py:384} INFO - Rows affected: 1
[2023-05-09T19:40:28.608+0000] {base.py:73} INFO - Using connection ID '***' for task execution.
[2023-05-09T19:40:28.614+0000] {sql.py:375} INFO - Running statement: INSERT INTO song_artist_bridge (song_id,artist_id) VALUES (%s,%s) ON CONFLICT (song_id,artist_id) DO UPDATE SET song_id=EXCLUDED.song_id,artist_id=EXCLUDED.artist_id, parameters: ('799f6Ih1Pu4AUApMyXhxUc', '73sIBHcqh3Z3NyqHKZ7FOL')
[2023-05-09T19:40:28.617+0000] {sql.py:384} INFO - Rows affected: 1
[2023-05-09T19:40:28.623+0000] {base.py:73} INFO - Using connection ID '***' for task execution.
[2023-05-09T19:40:28.629+0000] {sql.py:375} INFO - Running statement: INSERT INTO song_artist_bridge (song_id,artist_id) VALUES (%s,%s) ON CONFLICT (song_id,artist_id) DO UPDATE SET song_id=EXCLUDED.song_id,artist_id=EXCLUDED.artist_id, parameters: ('36yIvRSkhRIBpCD3qiRR1T', '09p3sjSfBEDE6f9WUwEEgf')
[2023-05-09T19:40:28.630+0000] {sql.py:384} INFO - Rows affected: 1
[2023-05-09T19:40:28.637+0000] {base.py:73} INFO - Using connection ID '***' for task execution.
[2023-05-09T19:40:28.643+0000] {sql.py:375} INFO - Running statement: INSERT INTO song_artist_bridge (song_id,artist_id) VALUES (%s,%s) ON CONFLICT (song_id,artist_id) DO UPDATE SET song_id=EXCLUDED.song_id,artist_id=EXCLUDED.artist_id, parameters: ('0T7aTl1t15HKHfwep4nANV', '0NB5HROxc8dDBXpkIi1v3d')
[2023-05-09T19:40:28.645+0000] {sql.py:384} INFO - Rows affected: 1
[2023-05-09T19:40:28.652+0000] {base.py:73} INFO - Using connection ID '***' for task execution.
[2023-05-09T19:40:28.659+0000] {sql.py:375} INFO - Running statement: INSERT INTO song_artist_bridge (song_id,artist_id) VALUES (%s,%s) ON CONFLICT (song_id,artist_id) DO UPDATE SET song_id=EXCLUDED.song_id,artist_id=EXCLUDED.artist_id, parameters: ('5enKTHTO3V8qFrsyCtXwRF', '10GT4yz8c6xjjnPGtGPI1l')
[2023-05-09T19:40:28.662+0000] {sql.py:384} INFO - Rows affected: 1
[2023-05-09T19:40:28.668+0000] {base.py:73} INFO - Using connection ID '***' for task execution.
[2023-05-09T19:40:28.675+0000] {sql.py:375} INFO - Running statement: INSERT INTO song_artist_bridge (song_id,artist_id) VALUES (%s,%s) ON CONFLICT (song_id,artist_id) DO UPDATE SET song_id=EXCLUDED.song_id,artist_id=EXCLUDED.artist_id, parameters: ('1LGdSjpspVixePF8HpVPdh', '4JNTfGIaxV06Lm81hszL56')
[2023-05-09T19:40:28.678+0000] {sql.py:384} INFO - Rows affected: 1
[2023-05-09T19:40:28.684+0000] {base.py:73} INFO - Using connection ID '***' for task execution.
[2023-05-09T19:40:28.702+0000] {sql.py:375} INFO - Running statement: INSERT INTO song_artist_bridge (song_id,artist_id) VALUES (%s,%s) ON CONFLICT (song_id,artist_id) DO UPDATE SET song_id=EXCLUDED.song_id,artist_id=EXCLUDED.artist_id, parameters: ('3Hgk2MiY3hIIp6Hmf1fxeW', '5cj0lLjcoR7YOSnhnX0Po5')
[2023-05-09T19:40:28.708+0000] {sql.py:384} INFO - Rows affected: 1
[2023-05-09T19:40:28.717+0000] {base.py:73} INFO - Using connection ID '***' for task execution.
[2023-05-09T19:40:28.729+0000] {sql.py:375} INFO - Running statement: INSERT INTO song_artist_bridge (song_id,artist_id) VALUES (%s,%s) ON CONFLICT (song_id,artist_id) DO UPDATE SET song_id=EXCLUDED.song_id,artist_id=EXCLUDED.artist_id, parameters: ('3Hgk2MiY3hIIp6Hmf1fxeW', '66CXWjxzNUsdJxJ2JdwvnR')
[2023-05-09T19:40:28.732+0000] {sql.py:384} INFO - Rows affected: 1
[2023-05-09T19:40:28.742+0000] {base.py:73} INFO - Using connection ID '***' for task execution.
[2023-05-09T19:40:28.752+0000] {sql.py:375} INFO - Running statement: INSERT INTO song_artist_bridge (song_id,artist_id) VALUES (%s,%s) ON CONFLICT (song_id,artist_id) DO UPDATE SET song_id=EXCLUDED.song_id,artist_id=EXCLUDED.artist_id, parameters: ('1k0G56TXxHVZbQMYA1Q4Xo', '5kFD3vMqMrZc9YdJztJSOw')
[2023-05-09T19:40:28.755+0000] {sql.py:384} INFO - Rows affected: 1
[2023-05-09T19:40:28.765+0000] {base.py:73} INFO - Using connection ID '***' for task execution.
[2023-05-09T19:40:28.775+0000] {sql.py:375} INFO - Running statement: INSERT INTO song_artist_bridge (song_id,artist_id) VALUES (%s,%s) ON CONFLICT (song_id,artist_id) DO UPDATE SET song_id=EXCLUDED.song_id,artist_id=EXCLUDED.artist_id, parameters: ('2hwOoMtWPtTSSn6WHV7Vp5', '4LLpKhyESsyAXpc4laK94U')
[2023-05-09T19:40:28.778+0000] {sql.py:384} INFO - Rows affected: 1
[2023-05-09T19:40:28.784+0000] {base.py:73} INFO - Using connection ID '***' for task execution.
[2023-05-09T19:40:28.792+0000] {sql.py:375} INFO - Running statement: INSERT INTO song_artist_bridge (song_id,artist_id) VALUES (%s,%s) ON CONFLICT (song_id,artist_id) DO UPDATE SET song_id=EXCLUDED.song_id,artist_id=EXCLUDED.artist_id, parameters: ('4vN6Tw6LcDcwNE3RU8xU6P', '6wj2SK1cy0hNOAdL72U0Av')
[2023-05-09T19:40:28.794+0000] {sql.py:384} INFO - Rows affected: 1
[2023-05-09T19:40:28.801+0000] {base.py:73} INFO - Using connection ID '***' for task execution.
[2023-05-09T19:40:28.808+0000] {sql.py:375} INFO - Running statement: INSERT INTO song_artist_bridge (song_id,artist_id) VALUES (%s,%s) ON CONFLICT (song_id,artist_id) DO UPDATE SET song_id=EXCLUDED.song_id,artist_id=EXCLUDED.artist_id, parameters: ('4vN6Tw6LcDcwNE3RU8xU6P', '2ZxyfTLryVI4qPDqZCc24v')
[2023-05-09T19:40:28.811+0000] {sql.py:384} INFO - Rows affected: 1
[2023-05-09T19:40:28.817+0000] {base.py:73} INFO - Using connection ID '***' for task execution.
[2023-05-09T19:40:28.824+0000] {sql.py:375} INFO - Running statement: INSERT INTO song_artist_bridge (song_id,artist_id) VALUES (%s,%s) ON CONFLICT (song_id,artist_id) DO UPDATE SET song_id=EXCLUDED.song_id,artist_id=EXCLUDED.artist_id, parameters: ('5naar7XewEOAjOywIp6Jjq', '0NIPkIjTV8mB795yEIiPYL')
[2023-05-09T19:40:28.826+0000] {sql.py:384} INFO - Rows affected: 1
[2023-05-09T19:40:28.832+0000] {base.py:73} INFO - Using connection ID '***' for task execution.
[2023-05-09T19:40:28.838+0000] {sql.py:375} INFO - Running statement: INSERT INTO song_artist_bridge (song_id,artist_id) VALUES (%s,%s) ON CONFLICT (song_id,artist_id) DO UPDATE SET song_id=EXCLUDED.song_id,artist_id=EXCLUDED.artist_id, parameters: ('4PyMK7JTcu6l30D8KogokR', '3gIRvgZssIb9aiirIg0nI3')
[2023-05-09T19:40:28.840+0000] {sql.py:384} INFO - Rows affected: 1
[2023-05-09T19:40:28.848+0000] {base.py:73} INFO - Using connection ID '***' for task execution.
[2023-05-09T19:40:28.854+0000] {sql.py:375} INFO - Running statement: INSERT INTO song_artist_bridge (song_id,artist_id) VALUES (%s,%s) ON CONFLICT (song_id,artist_id) DO UPDATE SET song_id=EXCLUDED.song_id,artist_id=EXCLUDED.artist_id, parameters: ('3ubTScTReBYihSnVuRD81D', '3STjhKc10jr3X60mDRpHV4')
[2023-05-09T19:40:28.856+0000] {sql.py:384} INFO - Rows affected: 1
[2023-05-09T19:40:28.876+0000] {base.py:73} INFO - Using connection ID '***' for task execution.
[2023-05-09T19:40:28.942+0000] {sql.py:375} INFO - Running statement: INSERT INTO song_artist_bridge (song_id,artist_id) VALUES (%s,%s) ON CONFLICT (song_id,artist_id) DO UPDATE SET song_id=EXCLUDED.song_id,artist_id=EXCLUDED.artist_id, parameters: ('35arSG83D9FCN2Ts0qOuoc', '0Cp8WN4V8Tu4QJQwCN5Md4')
[2023-05-09T19:40:28.945+0000] {sql.py:384} INFO - Rows affected: 1
[2023-05-09T19:40:28.957+0000] {base.py:73} INFO - Using connection ID '***' for task execution.
[2023-05-09T19:40:28.964+0000] {sql.py:375} INFO - Running statement: INSERT INTO song_artist_bridge (song_id,artist_id) VALUES (%s,%s) ON CONFLICT (song_id,artist_id) DO UPDATE SET song_id=EXCLUDED.song_id,artist_id=EXCLUDED.artist_id, parameters: ('6cMmoLRmpWeSjxkBsthrLN', '06wUJg0I0A4Eda5TxDqxvF')
[2023-05-09T19:40:28.967+0000] {sql.py:384} INFO - Rows affected: 1
[2023-05-09T19:40:28.975+0000] {base.py:73} INFO - Using connection ID '***' for task execution.
[2023-05-09T19:40:28.982+0000] {sql.py:375} INFO - Running statement: INSERT INTO song_artist_bridge (song_id,artist_id) VALUES (%s,%s) ON CONFLICT (song_id,artist_id) DO UPDATE SET song_id=EXCLUDED.song_id,artist_id=EXCLUDED.artist_id, parameters: ('6HJxxqHWMdidwTVZmZWeHU', '0m5FakHKCQdA7UN0PIzMcL')
[2023-05-09T19:40:28.984+0000] {sql.py:384} INFO - Rows affected: 1
[2023-05-09T19:40:28.991+0000] {base.py:73} INFO - Using connection ID '***' for task execution.
[2023-05-09T19:40:28.999+0000] {sql.py:375} INFO - Running statement: INSERT INTO song_artist_bridge (song_id,artist_id) VALUES (%s,%s) ON CONFLICT (song_id,artist_id) DO UPDATE SET song_id=EXCLUDED.song_id,artist_id=EXCLUDED.artist_id, parameters: ('7It1kdwA1cvzci57GFA0CZ', '0rAt7V95LWbRPvWQFd21il')
[2023-05-09T19:40:29.001+0000] {sql.py:384} INFO - Rows affected: 1
[2023-05-09T19:40:29.008+0000] {base.py:73} INFO - Using connection ID '***' for task execution.
[2023-05-09T19:40:29.016+0000] {sql.py:375} INFO - Running statement: INSERT INTO song_artist_bridge (song_id,artist_id) VALUES (%s,%s) ON CONFLICT (song_id,artist_id) DO UPDATE SET song_id=EXCLUDED.song_id,artist_id=EXCLUDED.artist_id, parameters: ('4zIiarkbaDt2cm6sukb1Xt', '0Cp8WN4V8Tu4QJQwCN5Md4')
[2023-05-09T19:40:29.018+0000] {sql.py:384} INFO - Rows affected: 1
[2023-05-09T19:40:29.024+0000] {base.py:73} INFO - Using connection ID '***' for task execution.
[2023-05-09T19:40:29.030+0000] {sql.py:375} INFO - Running statement: INSERT INTO song_artist_bridge (song_id,artist_id) VALUES (%s,%s) ON CONFLICT (song_id,artist_id) DO UPDATE SET song_id=EXCLUDED.song_id,artist_id=EXCLUDED.artist_id, parameters: ('5UyG628jm48eYIwfCGLwXj', '6mpyU2azr3zfZDY9k8w5GP')
[2023-05-09T19:40:29.032+0000] {sql.py:384} INFO - Rows affected: 1
[2023-05-09T19:40:29.038+0000] {base.py:73} INFO - Using connection ID '***' for task execution.
[2023-05-09T19:40:29.045+0000] {sql.py:375} INFO - Running statement: INSERT INTO song_artist_bridge (song_id,artist_id) VALUES (%s,%s) ON CONFLICT (song_id,artist_id) DO UPDATE SET song_id=EXCLUDED.song_id,artist_id=EXCLUDED.artist_id, parameters: ('5J27R0gL3EwImclrOrCEJG', '0TEaL7Y50jr7N3mjxqFGBK')
[2023-05-09T19:40:29.047+0000] {sql.py:384} INFO - Rows affected: 1
[2023-05-09T19:40:29.054+0000] {base.py:73} INFO - Using connection ID '***' for task execution.
[2023-05-09T19:40:29.060+0000] {sql.py:375} INFO - Running statement: INSERT INTO song_artist_bridge (song_id,artist_id) VALUES (%s,%s) ON CONFLICT (song_id,artist_id) DO UPDATE SET song_id=EXCLUDED.song_id,artist_id=EXCLUDED.artist_id, parameters: ('4fCE1SCDulouoac9Q8XroU', '3ApUX1o6oSz321MMECyIYd')
[2023-05-09T19:40:29.062+0000] {sql.py:384} INFO - Rows affected: 1
[2023-05-09T19:40:29.069+0000] {base.py:73} INFO - Using connection ID '***' for task execution.
[2023-05-09T19:40:29.075+0000] {sql.py:375} INFO - Running statement: INSERT INTO song_artist_bridge (song_id,artist_id) VALUES (%s,%s) ON CONFLICT (song_id,artist_id) DO UPDATE SET song_id=EXCLUDED.song_id,artist_id=EXCLUDED.artist_id, parameters: ('4fCE1SCDulouoac9Q8XroU', '5X4LWwbUFNzPkEas04uU82')
[2023-05-09T19:40:29.078+0000] {sql.py:384} INFO - Rows affected: 1
[2023-05-09T19:40:29.084+0000] {base.py:73} INFO - Using connection ID '***' for task execution.
[2023-05-09T19:40:29.091+0000] {sql.py:375} INFO - Running statement: INSERT INTO song_artist_bridge (song_id,artist_id) VALUES (%s,%s) ON CONFLICT (song_id,artist_id) DO UPDATE SET song_id=EXCLUDED.song_id,artist_id=EXCLUDED.artist_id, parameters: ('0X5mtNbqxbiTYkwj0CQc2f', '0ZxZlO7oWCSYMXhehpyMvE')
[2023-05-09T19:40:29.093+0000] {sql.py:384} INFO - Rows affected: 1
[2023-05-09T19:40:29.099+0000] {base.py:73} INFO - Using connection ID '***' for task execution.
[2023-05-09T19:40:29.106+0000] {sql.py:375} INFO - Running statement: INSERT INTO song_artist_bridge (song_id,artist_id) VALUES (%s,%s) ON CONFLICT (song_id,artist_id) DO UPDATE SET song_id=EXCLUDED.song_id,artist_id=EXCLUDED.artist_id, parameters: ('2wAJTrFhCnQyNSD3oUgTZO', '6l3HvQ5sa6mXTsMTB19rO5')
[2023-05-09T19:40:29.108+0000] {sql.py:384} INFO - Rows affected: 1
[2023-05-09T19:40:29.114+0000] {base.py:73} INFO - Using connection ID '***' for task execution.
[2023-05-09T19:40:29.120+0000] {sql.py:375} INFO - Running statement: INSERT INTO song_artist_bridge (song_id,artist_id) VALUES (%s,%s) ON CONFLICT (song_id,artist_id) DO UPDATE SET song_id=EXCLUDED.song_id,artist_id=EXCLUDED.artist_id, parameters: ('39JofJHEtg8I4fSyo7Imft', '6uJ51uV5rYzu1MJkC4CceI')
[2023-05-09T19:40:29.123+0000] {sql.py:384} INFO - Rows affected: 1
[2023-05-09T19:40:29.129+0000] {base.py:73} INFO - Using connection ID '***' for task execution.
[2023-05-09T19:40:29.135+0000] {sql.py:375} INFO - Running statement: INSERT INTO song_artist_bridge (song_id,artist_id) VALUES (%s,%s) ON CONFLICT (song_id,artist_id) DO UPDATE SET song_id=EXCLUDED.song_id,artist_id=EXCLUDED.artist_id, parameters: ('39JofJHEtg8I4fSyo7Imft', '4XC335ouK6pXyq4QiIb8bP')
[2023-05-09T19:40:29.138+0000] {sql.py:384} INFO - Rows affected: 1
[2023-05-09T19:40:29.144+0000] {base.py:73} INFO - Using connection ID '***' for task execution.
[2023-05-09T19:40:29.151+0000] {sql.py:375} INFO - Running statement: INSERT INTO song_artist_bridge (song_id,artist_id) VALUES (%s,%s) ON CONFLICT (song_id,artist_id) DO UPDATE SET song_id=EXCLUDED.song_id,artist_id=EXCLUDED.artist_id, parameters: ('44yeuXXaEnaK5Cugptf7GH', '07Asx51VtMw5kbNXKrpZlq')
[2023-05-09T19:40:29.153+0000] {sql.py:384} INFO - Rows affected: 1
[2023-05-09T19:40:29.160+0000] {base.py:73} INFO - Using connection ID '***' for task execution.
[2023-05-09T19:40:29.166+0000] {sql.py:375} INFO - Running statement: INSERT INTO song_artist_bridge (song_id,artist_id) VALUES (%s,%s) ON CONFLICT (song_id,artist_id) DO UPDATE SET song_id=EXCLUDED.song_id,artist_id=EXCLUDED.artist_id, parameters: ('2jE3wqMD0Btzsf3cxr0FhO', '5rebfYbZVIhbRVcRKWVOAh')
[2023-05-09T19:40:29.169+0000] {sql.py:384} INFO - Rows affected: 1
[2023-05-09T19:40:29.175+0000] {base.py:73} INFO - Using connection ID '***' for task execution.
[2023-05-09T19:40:29.182+0000] {sql.py:375} INFO - Running statement: INSERT INTO song_artist_bridge (song_id,artist_id) VALUES (%s,%s) ON CONFLICT (song_id,artist_id) DO UPDATE SET song_id=EXCLUDED.song_id,artist_id=EXCLUDED.artist_id, parameters: ('6KEdjhTORrn8HOVeuABlUg', '6GkJh85o22LfD2vgL9DP6f')
[2023-05-09T19:40:29.185+0000] {sql.py:384} INFO - Rows affected: 1
[2023-05-09T19:40:29.192+0000] {base.py:73} INFO - Using connection ID '***' for task execution.
[2023-05-09T19:40:29.198+0000] {sql.py:375} INFO - Running statement: INSERT INTO song_artist_bridge (song_id,artist_id) VALUES (%s,%s) ON CONFLICT (song_id,artist_id) DO UPDATE SET song_id=EXCLUDED.song_id,artist_id=EXCLUDED.artist_id, parameters: ('7cTMowRfTAvLBLpTtZuv1M', '5rebfYbZVIhbRVcRKWVOAh')
[2023-05-09T19:40:29.201+0000] {sql.py:384} INFO - Rows affected: 1
[2023-05-09T19:40:29.207+0000] {base.py:73} INFO - Using connection ID '***' for task execution.
[2023-05-09T19:40:29.213+0000] {sql.py:375} INFO - Running statement: INSERT INTO song_artist_bridge (song_id,artist_id) VALUES (%s,%s) ON CONFLICT (song_id,artist_id) DO UPDATE SET song_id=EXCLUDED.song_id,artist_id=EXCLUDED.artist_id, parameters: ('44pLGyqKLmAULejSvPNLtl', '0pt7PX4Hftlg8mV1ySU84Q')
[2023-05-09T19:40:29.216+0000] {sql.py:384} INFO - Rows affected: 1
[2023-05-09T19:40:29.224+0000] {base.py:73} INFO - Using connection ID '***' for task execution.
[2023-05-09T19:40:29.231+0000] {sql.py:375} INFO - Running statement: INSERT INTO song_artist_bridge (song_id,artist_id) VALUES (%s,%s) ON CONFLICT (song_id,artist_id) DO UPDATE SET song_id=EXCLUDED.song_id,artist_id=EXCLUDED.artist_id, parameters: ('44pLGyqKLmAULejSvPNLtl', '0TEaL7Y50jr7N3mjxqFGBK')
[2023-05-09T19:40:29.233+0000] {sql.py:384} INFO - Rows affected: 1
[2023-05-09T19:40:29.241+0000] {base.py:73} INFO - Using connection ID '***' for task execution.
[2023-05-09T19:40:29.248+0000] {sql.py:375} INFO - Running statement: INSERT INTO song_artist_bridge (song_id,artist_id) VALUES (%s,%s) ON CONFLICT (song_id,artist_id) DO UPDATE SET song_id=EXCLUDED.song_id,artist_id=EXCLUDED.artist_id, parameters: ('3g4o4r0eC0aySaIRNCheL2', '42FzVuyJH8YbkhzWSR2n8E')
[2023-05-09T19:40:29.251+0000] {sql.py:384} INFO - Rows affected: 1
[2023-05-09T19:40:29.259+0000] {base.py:73} INFO - Using connection ID '***' for task execution.
[2023-05-09T19:40:29.267+0000] {sql.py:375} INFO - Running statement: INSERT INTO song_artist_bridge (song_id,artist_id) VALUES (%s,%s) ON CONFLICT (song_id,artist_id) DO UPDATE SET song_id=EXCLUDED.song_id,artist_id=EXCLUDED.artist_id, parameters: ('5uUjYnzcjEgiIFWR0av19g', '5FxD8fkQZ6KcsSYupDVoSO')
[2023-05-09T19:40:29.270+0000] {sql.py:384} INFO - Rows affected: 1
[2023-05-09T19:40:29.277+0000] {base.py:73} INFO - Using connection ID '***' for task execution.
[2023-05-09T19:40:29.287+0000] {sql.py:375} INFO - Running statement: INSERT INTO song_artist_bridge (song_id,artist_id) VALUES (%s,%s) ON CONFLICT (song_id,artist_id) DO UPDATE SET song_id=EXCLUDED.song_id,artist_id=EXCLUDED.artist_id, parameters: ('4ofwffwvvnbSkrMSCKQDaC', '2ysnwxxNtSgbb9t1m2Ur4j')
[2023-05-09T19:40:29.290+0000] {sql.py:384} INFO - Rows affected: 1
[2023-05-09T19:40:29.297+0000] {base.py:73} INFO - Using connection ID '***' for task execution.
[2023-05-09T19:40:29.305+0000] {sql.py:375} INFO - Running statement: INSERT INTO song_artist_bridge (song_id,artist_id) VALUES (%s,%s) ON CONFLICT (song_id,artist_id) DO UPDATE SET song_id=EXCLUDED.song_id,artist_id=EXCLUDED.artist_id, parameters: ('4djIFfof5TpbSGRZUpsTXq', '0ZxZlO7oWCSYMXhehpyMvE')
[2023-05-09T19:40:29.307+0000] {sql.py:384} INFO - Rows affected: 1
[2023-05-09T19:40:29.315+0000] {base.py:73} INFO - Using connection ID '***' for task execution.
[2023-05-09T19:40:29.321+0000] {sql.py:375} INFO - Running statement: INSERT INTO song_artist_bridge (song_id,artist_id) VALUES (%s,%s) ON CONFLICT (song_id,artist_id) DO UPDATE SET song_id=EXCLUDED.song_id,artist_id=EXCLUDED.artist_id, parameters: ('4sYbZjRCyaFqCtJ2Uvfh8B', '6USv9qhCn6zfxlBQIYJ9qs')
[2023-05-09T19:40:29.324+0000] {sql.py:384} INFO - Rows affected: 1
[2023-05-09T19:40:29.337+0000] {base.py:73} INFO - Using connection ID '***' for task execution.
[2023-05-09T19:40:29.347+0000] {sql.py:375} INFO - Running statement: INSERT INTO song_artist_bridge (song_id,artist_id) VALUES (%s,%s) ON CONFLICT (song_id,artist_id) DO UPDATE SET song_id=EXCLUDED.song_id,artist_id=EXCLUDED.artist_id, parameters: ('4h4Em3iM0Vp45KD7b5wW3Z', '4bpTpEQKjHhs4K04ctIwJA')
[2023-05-09T19:40:29.349+0000] {sql.py:384} INFO - Rows affected: 1
[2023-05-09T19:40:29.356+0000] {base.py:73} INFO - Using connection ID '***' for task execution.
[2023-05-09T19:40:29.362+0000] {sql.py:375} INFO - Running statement: INSERT INTO song_artist_bridge (song_id,artist_id) VALUES (%s,%s) ON CONFLICT (song_id,artist_id) DO UPDATE SET song_id=EXCLUDED.song_id,artist_id=EXCLUDED.artist_id, parameters: ('4h4Em3iM0Vp45KD7b5wW3Z', '5GL9tpTGMrbIjLzpHbZV4d')
[2023-05-09T19:40:29.365+0000] {sql.py:384} INFO - Rows affected: 1
[2023-05-09T19:40:29.372+0000] {base.py:73} INFO - Using connection ID '***' for task execution.
[2023-05-09T19:40:29.379+0000] {sql.py:375} INFO - Running statement: INSERT INTO song_artist_bridge (song_id,artist_id) VALUES (%s,%s) ON CONFLICT (song_id,artist_id) DO UPDATE SET song_id=EXCLUDED.song_id,artist_id=EXCLUDED.artist_id, parameters: ('4h4Em3iM0Vp45KD7b5wW3Z', '2oBcbbUQy8Md3FYXifyPTF')
[2023-05-09T19:40:29.382+0000] {sql.py:384} INFO - Rows affected: 1
[2023-05-09T19:40:29.390+0000] {base.py:73} INFO - Using connection ID '***' for task execution.
[2023-05-09T19:40:29.396+0000] {sql.py:375} INFO - Running statement: INSERT INTO song_artist_bridge (song_id,artist_id) VALUES (%s,%s) ON CONFLICT (song_id,artist_id) DO UPDATE SET song_id=EXCLUDED.song_id,artist_id=EXCLUDED.artist_id, parameters: ('0bx6v84HtmEYFRBAOvDTgk', '4yvcSjfu4PC0CYQyLy4wSq')
[2023-05-09T19:40:29.399+0000] {sql.py:384} INFO - Rows affected: 1
[2023-05-09T19:40:29.406+0000] {base.py:73} INFO - Using connection ID '***' for task execution.
[2023-05-09T19:40:29.413+0000] {sql.py:375} INFO - Running statement: INSERT INTO song_artist_bridge (song_id,artist_id) VALUES (%s,%s) ON CONFLICT (song_id,artist_id) DO UPDATE SET song_id=EXCLUDED.song_id,artist_id=EXCLUDED.artist_id, parameters: ('1QwhWld3yDy65MJCeBelCp', '6wFwvxJkurQPU2UdeD4qVt')
[2023-05-09T19:40:29.415+0000] {sql.py:384} INFO - Rows affected: 1
[2023-05-09T19:40:29.422+0000] {base.py:73} INFO - Using connection ID '***' for task execution.
[2023-05-09T19:40:29.429+0000] {sql.py:375} INFO - Running statement: INSERT INTO song_artist_bridge (song_id,artist_id) VALUES (%s,%s) ON CONFLICT (song_id,artist_id) DO UPDATE SET song_id=EXCLUDED.song_id,artist_id=EXCLUDED.artist_id, parameters: ('0VF7YLIxSQKyNiFL3X6MmN', '77SW9BnxLY8rJ0RciFqkHh')
[2023-05-09T19:40:29.431+0000] {sql.py:384} INFO - Rows affected: 1
[2023-05-09T19:40:29.438+0000] {base.py:73} INFO - Using connection ID '***' for task execution.
[2023-05-09T19:40:29.444+0000] {sql.py:375} INFO - Running statement: INSERT INTO song_artist_bridge (song_id,artist_id) VALUES (%s,%s) ON CONFLICT (song_id,artist_id) DO UPDATE SET song_id=EXCLUDED.song_id,artist_id=EXCLUDED.artist_id, parameters: ('45sDIKapDyxPl307QpEAwl', '5JOIrGvup0vD5VjodB62Ui')
[2023-05-09T19:40:29.447+0000] {sql.py:384} INFO - Rows affected: 1
[2023-05-09T19:40:29.453+0000] {base.py:73} INFO - Using connection ID '***' for task execution.
[2023-05-09T19:40:29.459+0000] {sql.py:375} INFO - Running statement: INSERT INTO song_artist_bridge (song_id,artist_id) VALUES (%s,%s) ON CONFLICT (song_id,artist_id) DO UPDATE SET song_id=EXCLUDED.song_id,artist_id=EXCLUDED.artist_id, parameters: ('45sDIKapDyxPl307QpEAwl', '4we5S2VLjgY9KzIzApL1KI')
[2023-05-09T19:40:29.462+0000] {sql.py:384} INFO - Rows affected: 1
[2023-05-09T19:40:29.468+0000] {base.py:73} INFO - Using connection ID '***' for task execution.
[2023-05-09T19:40:29.475+0000] {sql.py:375} INFO - Running statement: INSERT INTO song_artist_bridge (song_id,artist_id) VALUES (%s,%s) ON CONFLICT (song_id,artist_id) DO UPDATE SET song_id=EXCLUDED.song_id,artist_id=EXCLUDED.artist_id, parameters: ('45sDIKapDyxPl307QpEAwl', '698hF4vcwHwPy8ltmXermq')
[2023-05-09T19:40:29.477+0000] {sql.py:384} INFO - Rows affected: 1
[2023-05-09T19:40:29.484+0000] {base.py:73} INFO - Using connection ID '***' for task execution.
[2023-05-09T19:40:29.490+0000] {sql.py:375} INFO - Running statement: INSERT INTO song_artist_bridge (song_id,artist_id) VALUES (%s,%s) ON CONFLICT (song_id,artist_id) DO UPDATE SET song_id=EXCLUDED.song_id,artist_id=EXCLUDED.artist_id, parameters: ('51pshtuYkgUQnt5huMPbKL', '4LLpKhyESsyAXpc4laK94U')
[2023-05-09T19:40:29.493+0000] {sql.py:384} INFO - Rows affected: 1
[2023-05-09T19:40:29.500+0000] {base.py:73} INFO - Using connection ID '***' for task execution.
[2023-05-09T19:40:29.507+0000] {sql.py:375} INFO - Running statement: INSERT INTO song_artist_bridge (song_id,artist_id) VALUES (%s,%s) ON CONFLICT (song_id,artist_id) DO UPDATE SET song_id=EXCLUDED.song_id,artist_id=EXCLUDED.artist_id, parameters: ('5dIyY5jZcOkwiapTDvudLl', '0S97B7bjeZ49LtU7imdlT7')
[2023-05-09T19:40:29.509+0000] {sql.py:384} INFO - Rows affected: 1
[2023-05-09T19:40:29.516+0000] {base.py:73} INFO - Using connection ID '***' for task execution.
[2023-05-09T19:40:29.523+0000] {sql.py:375} INFO - Running statement: INSERT INTO song_artist_bridge (song_id,artist_id) VALUES (%s,%s) ON CONFLICT (song_id,artist_id) DO UPDATE SET song_id=EXCLUDED.song_id,artist_id=EXCLUDED.artist_id, parameters: ('5dIyY5jZcOkwiapTDvudLl', '2bFpvoGZ1lD2HiAfE34Ypl')
[2023-05-09T19:40:29.525+0000] {sql.py:384} INFO - Rows affected: 1
[2023-05-09T19:40:29.532+0000] {base.py:73} INFO - Using connection ID '***' for task execution.
[2023-05-09T19:40:29.538+0000] {sql.py:375} INFO - Running statement: INSERT INTO song_artist_bridge (song_id,artist_id) VALUES (%s,%s) ON CONFLICT (song_id,artist_id) DO UPDATE SET song_id=EXCLUDED.song_id,artist_id=EXCLUDED.artist_id, parameters: ('4UPQiDmYScn2C6S2C2WATY', '2RdwBSPQiwcmiDo9kixcl8')
[2023-05-09T19:40:29.540+0000] {sql.py:384} INFO - Rows affected: 1
[2023-05-09T19:40:29.547+0000] {base.py:73} INFO - Using connection ID '***' for task execution.
[2023-05-09T19:40:29.552+0000] {sql.py:375} INFO - Running statement: INSERT INTO song_artist_bridge (song_id,artist_id) VALUES (%s,%s) ON CONFLICT (song_id,artist_id) DO UPDATE SET song_id=EXCLUDED.song_id,artist_id=EXCLUDED.artist_id, parameters: ('1TOwnUP5GmYd7kXrcFj76S', '7kiCkMJHLchcrQByu2yHDk')
[2023-05-09T19:40:29.555+0000] {sql.py:384} INFO - Rows affected: 1
[2023-05-09T19:40:29.562+0000] {base.py:73} INFO - Using connection ID '***' for task execution.
[2023-05-09T19:40:29.569+0000] {sql.py:375} INFO - Running statement: INSERT INTO song_artist_bridge (song_id,artist_id) VALUES (%s,%s) ON CONFLICT (song_id,artist_id) DO UPDATE SET song_id=EXCLUDED.song_id,artist_id=EXCLUDED.artist_id, parameters: ('4c2cdWv3GLKoP12tY0OzZl', '0NhKCHTPG7Sz62S3zxV1Cf')
[2023-05-09T19:40:29.571+0000] {sql.py:384} INFO - Rows affected: 1
[2023-05-09T19:40:29.578+0000] {base.py:73} INFO - Using connection ID '***' for task execution.
[2023-05-09T19:40:29.587+0000] {sql.py:375} INFO - Running statement: INSERT INTO song_artist_bridge (song_id,artist_id) VALUES (%s,%s) ON CONFLICT (song_id,artist_id) DO UPDATE SET song_id=EXCLUDED.song_id,artist_id=EXCLUDED.artist_id, parameters: ('4c2cdWv3GLKoP12tY0OzZl', '6NFyaN9PMCDZ3LKxGwHAXt')
[2023-05-09T19:40:29.589+0000] {sql.py:384} INFO - Rows affected: 1
[2023-05-09T19:40:29.598+0000] {base.py:73} INFO - Using connection ID '***' for task execution.
[2023-05-09T19:40:29.605+0000] {sql.py:375} INFO - Running statement: INSERT INTO song_artist_bridge (song_id,artist_id) VALUES (%s,%s) ON CONFLICT (song_id,artist_id) DO UPDATE SET song_id=EXCLUDED.song_id,artist_id=EXCLUDED.artist_id, parameters: ('4c2cdWv3GLKoP12tY0OzZl', '7dlqUnjoF2U2DkNDMhcgG4')
[2023-05-09T19:40:29.607+0000] {sql.py:384} INFO - Rows affected: 1
[2023-05-09T19:40:29.614+0000] {base.py:73} INFO - Using connection ID '***' for task execution.
[2023-05-09T19:40:29.622+0000] {sql.py:375} INFO - Running statement: INSERT INTO song_artist_bridge (song_id,artist_id) VALUES (%s,%s) ON CONFLICT (song_id,artist_id) DO UPDATE SET song_id=EXCLUDED.song_id,artist_id=EXCLUDED.artist_id, parameters: ('1yjY7rpaAQvKwpdUliHx0d', '74XFHRwlV6OrjEM0A2NCMF')
[2023-05-09T19:40:29.625+0000] {sql.py:384} INFO - Rows affected: 1
[2023-05-09T19:40:29.632+0000] {base.py:73} INFO - Using connection ID '***' for task execution.
[2023-05-09T19:40:29.637+0000] {sql.py:375} INFO - Running statement: INSERT INTO song_artist_bridge (song_id,artist_id) VALUES (%s,%s) ON CONFLICT (song_id,artist_id) DO UPDATE SET song_id=EXCLUDED.song_id,artist_id=EXCLUDED.artist_id, parameters: ('2Yer0p7uB2lVBUAtANuuQp', '6icQOAFXDZKsumw3YXyusw')
[2023-05-09T19:40:29.640+0000] {sql.py:384} INFO - Rows affected: 1
[2023-05-09T19:40:29.647+0000] {base.py:73} INFO - Using connection ID '***' for task execution.
[2023-05-09T19:40:29.653+0000] {sql.py:375} INFO - Running statement: INSERT INTO song_artist_bridge (song_id,artist_id) VALUES (%s,%s) ON CONFLICT (song_id,artist_id) DO UPDATE SET song_id=EXCLUDED.song_id,artist_id=EXCLUDED.artist_id, parameters: ('2Yer0p7uB2lVBUAtANuuQp', '5UjifI1TYefXWn9GdqDOHl')
[2023-05-09T19:40:29.656+0000] {sql.py:384} INFO - Rows affected: 1
[2023-05-09T19:40:29.662+0000] {base.py:73} INFO - Using connection ID '***' for task execution.
[2023-05-09T19:40:29.668+0000] {sql.py:375} INFO - Running statement: INSERT INTO song_artist_bridge (song_id,artist_id) VALUES (%s,%s) ON CONFLICT (song_id,artist_id) DO UPDATE SET song_id=EXCLUDED.song_id,artist_id=EXCLUDED.artist_id, parameters: ('3oxlnVvPVGpAx4kaVh63bl', '7q0j7Eg2VkNxT5ci6HbGLy')
[2023-05-09T19:40:29.671+0000] {sql.py:384} INFO - Rows affected: 1
[2023-05-09T19:40:29.678+0000] {base.py:73} INFO - Using connection ID '***' for task execution.
[2023-05-09T19:40:29.684+0000] {sql.py:375} INFO - Running statement: INSERT INTO song_artist_bridge (song_id,artist_id) VALUES (%s,%s) ON CONFLICT (song_id,artist_id) DO UPDATE SET song_id=EXCLUDED.song_id,artist_id=EXCLUDED.artist_id, parameters: ('3oxlnVvPVGpAx4kaVh63bl', '3h1Yoz6jZ6kWDRQaA7v1t1')
[2023-05-09T19:40:29.687+0000] {sql.py:384} INFO - Rows affected: 1
[2023-05-09T19:40:29.694+0000] {base.py:73} INFO - Using connection ID '***' for task execution.
[2023-05-09T19:40:29.700+0000] {sql.py:375} INFO - Running statement: INSERT INTO song_artist_bridge (song_id,artist_id) VALUES (%s,%s) ON CONFLICT (song_id,artist_id) DO UPDATE SET song_id=EXCLUDED.song_id,artist_id=EXCLUDED.artist_id, parameters: ('4qqArAiTPueDxIp7cf87h7', '0bdfiayQAKewqEvaU6rXCv')
[2023-05-09T19:40:29.702+0000] {sql.py:384} INFO - Rows affected: 1
[2023-05-09T19:40:29.708+0000] {base.py:73} INFO - Using connection ID '***' for task execution.
[2023-05-09T19:40:29.714+0000] {sql.py:375} INFO - Running statement: INSERT INTO song_artist_bridge (song_id,artist_id) VALUES (%s,%s) ON CONFLICT (song_id,artist_id) DO UPDATE SET song_id=EXCLUDED.song_id,artist_id=EXCLUDED.artist_id, parameters: ('6nzXkCBOhb2mxctNihOqbb', '0QJIPDAEDILuo8AIq3pMuU')
[2023-05-09T19:40:29.717+0000] {sql.py:384} INFO - Rows affected: 1
[2023-05-09T19:40:29.723+0000] {base.py:73} INFO - Using connection ID '***' for task execution.
[2023-05-09T19:40:29.729+0000] {sql.py:375} INFO - Running statement: INSERT INTO song_artist_bridge (song_id,artist_id) VALUES (%s,%s) ON CONFLICT (song_id,artist_id) DO UPDATE SET song_id=EXCLUDED.song_id,artist_id=EXCLUDED.artist_id, parameters: ('6A6qBFJHid4WutQu6HHEZt', '67hb7towEyKvt5Z8Bx306c')
[2023-05-09T19:40:29.734+0000] {sql.py:384} INFO - Rows affected: 1
[2023-05-09T19:40:29.743+0000] {base.py:73} INFO - Using connection ID '***' for task execution.
[2023-05-09T19:40:29.751+0000] {sql.py:375} INFO - Running statement: INSERT INTO song_artist_bridge (song_id,artist_id) VALUES (%s,%s) ON CONFLICT (song_id,artist_id) DO UPDATE SET song_id=EXCLUDED.song_id,artist_id=EXCLUDED.artist_id, parameters: ('6YUTL4dYpB9xZO5qExPf05', '7CajNmpbOovFoOoasH2HaY')
[2023-05-09T19:40:29.754+0000] {sql.py:384} INFO - Rows affected: 1
[2023-05-09T19:40:29.760+0000] {base.py:73} INFO - Using connection ID '***' for task execution.
[2023-05-09T19:40:34.771+0000] {sql.py:375} INFO - Running statement: INSERT INTO song_artist_bridge (song_id,artist_id) VALUES (%s,%s) ON CONFLICT (song_id,artist_id) DO UPDATE SET song_id=EXCLUDED.song_id,artist_id=EXCLUDED.artist_id, parameters: ('2QLAStuvDy5OIbjeCwcNgB', '5vNeqphZZDB8susU5xA8mP')
[2023-05-09T19:40:34.773+0000] {sql.py:384} INFO - Rows affected: 1
[2023-05-09T19:40:34.779+0000] {base.py:73} INFO - Using connection ID '***' for task execution.
[2023-05-09T19:40:34.786+0000] {sql.py:375} INFO - Running statement: INSERT INTO song_artist_bridge (song_id,artist_id) VALUES (%s,%s) ON CONFLICT (song_id,artist_id) DO UPDATE SET song_id=EXCLUDED.song_id,artist_id=EXCLUDED.artist_id, parameters: ('0sci7ppTZFm4mjcH3nu8yO', '66CXWjxzNUsdJxJ2JdwvnR')
[2023-05-09T19:40:34.788+0000] {sql.py:384} INFO - Rows affected: 1
[2023-05-09T19:40:34.794+0000] {base.py:73} INFO - Using connection ID '***' for task execution.
[2023-05-09T19:40:34.802+0000] {sql.py:375} INFO - Running statement: INSERT INTO song_artist_bridge (song_id,artist_id) VALUES (%s,%s) ON CONFLICT (song_id,artist_id) DO UPDATE SET song_id=EXCLUDED.song_id,artist_id=EXCLUDED.artist_id, parameters: ('2G7V7zsVDxg1yRsu7Ew9RJ', '3TVXtAsR1Inumwj472S9r4')
[2023-05-09T19:40:34.803+0000] {sql.py:384} INFO - Rows affected: 1
[2023-05-09T19:40:34.809+0000] {base.py:73} INFO - Using connection ID '***' for task execution.
[2023-05-09T19:40:34.817+0000] {sql.py:375} INFO - Running statement: INSERT INTO song_artist_bridge (song_id,artist_id) VALUES (%s,%s) ON CONFLICT (song_id,artist_id) DO UPDATE SET song_id=EXCLUDED.song_id,artist_id=EXCLUDED.artist_id, parameters: ('6vvQCWLhsRoE5sjYn8mxmL', '6ywXRaHY7m2DJ0dd7CsLAB')
[2023-05-09T19:40:34.819+0000] {sql.py:384} INFO - Rows affected: 1
[2023-05-09T19:40:34.828+0000] {base.py:73} INFO - Using connection ID '***' for task execution.
[2023-05-09T19:40:34.838+0000] {sql.py:375} INFO - Running statement: INSERT INTO song_artist_bridge (song_id,artist_id) VALUES (%s,%s) ON CONFLICT (song_id,artist_id) DO UPDATE SET song_id=EXCLUDED.song_id,artist_id=EXCLUDED.artist_id, parameters: ('6vvQCWLhsRoE5sjYn8mxmL', '5KKpBU5eC2tJDzf0wmlRp2')
[2023-05-09T19:40:34.840+0000] {sql.py:384} INFO - Rows affected: 1
[2023-05-09T19:40:34.846+0000] {base.py:73} INFO - Using connection ID '***' for task execution.
[2023-05-09T19:40:34.854+0000] {sql.py:375} INFO - Running statement: INSERT INTO song_artist_bridge (song_id,artist_id) VALUES (%s,%s) ON CONFLICT (song_id,artist_id) DO UPDATE SET song_id=EXCLUDED.song_id,artist_id=EXCLUDED.artist_id, parameters: ('65i5x6gOn0IaHblO974ZKa', '0j4hdmNGBCznlyeFs618eM')
[2023-05-09T19:40:34.855+0000] {sql.py:384} INFO - Rows affected: 1
[2023-05-09T19:40:34.861+0000] {base.py:73} INFO - Using connection ID '***' for task execution.
[2023-05-09T19:40:34.868+0000] {sql.py:375} INFO - Running statement: INSERT INTO song_artist_bridge (song_id,artist_id) VALUES (%s,%s) ON CONFLICT (song_id,artist_id) DO UPDATE SET song_id=EXCLUDED.song_id,artist_id=EXCLUDED.artist_id, parameters: ('4lIxdJw6W3Fg4vUIYCB0S5', '06HL4z0CvFAxyc27GXpf02')
[2023-05-09T19:40:34.870+0000] {sql.py:384} INFO - Rows affected: 1
[2023-05-09T19:40:34.877+0000] {base.py:73} INFO - Using connection ID '***' for task execution.
[2023-05-09T19:40:34.884+0000] {sql.py:375} INFO - Running statement: INSERT INTO song_artist_bridge (song_id,artist_id) VALUES (%s,%s) ON CONFLICT (song_id,artist_id) DO UPDATE SET song_id=EXCLUDED.song_id,artist_id=EXCLUDED.artist_id, parameters: ('2zDdinauXLATZMeyk4WnTR', '2SrWifjYv7b5tR8EzEmn1x')
[2023-05-09T19:40:34.885+0000] {sql.py:384} INFO - Rows affected: 1
[2023-05-09T19:40:34.891+0000] {base.py:73} INFO - Using connection ID '***' for task execution.
[2023-05-09T19:40:34.898+0000] {sql.py:375} INFO - Running statement: INSERT INTO song_artist_bridge (song_id,artist_id) VALUES (%s,%s) ON CONFLICT (song_id,artist_id) DO UPDATE SET song_id=EXCLUDED.song_id,artist_id=EXCLUDED.artist_id, parameters: ('5hM5arv9KDbCHS0k9uqwjr', '5INjqkS1o8h1imAzPqGZBb')
[2023-05-09T19:40:34.900+0000] {sql.py:384} INFO - Rows affected: 1
[2023-05-09T19:40:34.906+0000] {base.py:73} INFO - Using connection ID '***' for task execution.
[2023-05-09T19:40:34.915+0000] {sql.py:375} INFO - Running statement: INSERT INTO song_artist_bridge (song_id,artist_id) VALUES (%s,%s) ON CONFLICT (song_id,artist_id) DO UPDATE SET song_id=EXCLUDED.song_id,artist_id=EXCLUDED.artist_id, parameters: ('65Wn0KpbPXTVLNQNEMtK1j', '5sm0jQ1mq0dusiLtDJ2b4R')
[2023-05-09T19:40:34.916+0000] {sql.py:384} INFO - Rows affected: 1
[2023-05-09T19:40:34.923+0000] {base.py:73} INFO - Using connection ID '***' for task execution.
[2023-05-09T19:40:34.930+0000] {sql.py:375} INFO - Running statement: INSERT INTO song_artist_bridge (song_id,artist_id) VALUES (%s,%s) ON CONFLICT (song_id,artist_id) DO UPDATE SET song_id=EXCLUDED.song_id,artist_id=EXCLUDED.artist_id, parameters: ('4Q4jmPHwu0wrJvqrld0FQ6', '1Xylc3o4UrD53lo9CvFvVg')
[2023-05-09T19:40:34.932+0000] {sql.py:384} INFO - Rows affected: 1
[2023-05-09T19:40:34.939+0000] {base.py:73} INFO - Using connection ID '***' for task execution.
[2023-05-09T19:40:34.946+0000] {sql.py:375} INFO - Running statement: INSERT INTO song_artist_bridge (song_id,artist_id) VALUES (%s,%s) ON CONFLICT (song_id,artist_id) DO UPDATE SET song_id=EXCLUDED.song_id,artist_id=EXCLUDED.artist_id, parameters: ('6UbNrW8X1v4oOR29vzSVqX', '0dS5IlInNc5Qq0wIrFTKob')
[2023-05-09T19:40:34.948+0000] {sql.py:384} INFO - Rows affected: 1
[2023-05-09T19:40:34.954+0000] {base.py:73} INFO - Using connection ID '***' for task execution.
[2023-05-09T19:40:34.961+0000] {sql.py:375} INFO - Running statement: INSERT INTO song_artist_bridge (song_id,artist_id) VALUES (%s,%s) ON CONFLICT (song_id,artist_id) DO UPDATE SET song_id=EXCLUDED.song_id,artist_id=EXCLUDED.artist_id, parameters: ('6UbNrW8X1v4oOR29vzSVqX', '2mF9PcfpN8vxRtCfra8hz1')
[2023-05-09T19:40:34.963+0000] {sql.py:384} INFO - Rows affected: 1
[2023-05-09T19:40:34.969+0000] {base.py:73} INFO - Using connection ID '***' for task execution.
[2023-05-09T19:40:34.976+0000] {sql.py:375} INFO - Running statement: INSERT INTO song_artist_bridge (song_id,artist_id) VALUES (%s,%s) ON CONFLICT (song_id,artist_id) DO UPDATE SET song_id=EXCLUDED.song_id,artist_id=EXCLUDED.artist_id, parameters: ('21jGcNKet2qwijlDFuPiPb', '246dkjvS1zLTtiykXe5h60')
[2023-05-09T19:40:34.978+0000] {sql.py:384} INFO - Rows affected: 1
[2023-05-09T19:40:34.984+0000] {base.py:73} INFO - Using connection ID '***' for task execution.
[2023-05-09T19:40:34.990+0000] {sql.py:375} INFO - Running statement: INSERT INTO song_artist_bridge (song_id,artist_id) VALUES (%s,%s) ON CONFLICT (song_id,artist_id) DO UPDATE SET song_id=EXCLUDED.song_id,artist_id=EXCLUDED.artist_id, parameters: ('3jHdKaLCkuNEkWcLVmQPCX', '4V8LLVI7PbaPR0K2TGSxFF')
[2023-05-09T19:40:34.992+0000] {sql.py:384} INFO - Rows affected: 1
[2023-05-09T19:40:34.998+0000] {base.py:73} INFO - Using connection ID '***' for task execution.
[2023-05-09T19:40:35.006+0000] {sql.py:375} INFO - Running statement: INSERT INTO song_artist_bridge (song_id,artist_id) VALUES (%s,%s) ON CONFLICT (song_id,artist_id) DO UPDATE SET song_id=EXCLUDED.song_id,artist_id=EXCLUDED.artist_id, parameters: ('0d2iYfpKoM0QCKvcLCkBao', '6LuN9FCkKOj5PcnpouEgny')
[2023-05-09T19:40:35.007+0000] {sql.py:384} INFO - Rows affected: 1
[2023-05-09T19:40:35.013+0000] {base.py:73} INFO - Using connection ID '***' for task execution.
[2023-05-09T19:40:35.020+0000] {sql.py:375} INFO - Running statement: INSERT INTO song_artist_bridge (song_id,artist_id) VALUES (%s,%s) ON CONFLICT (song_id,artist_id) DO UPDATE SET song_id=EXCLUDED.song_id,artist_id=EXCLUDED.artist_id, parameters: ('0d2iYfpKoM0QCKvcLCkBao', '26VFTg2z8YR0cCuwLzESi2')
[2023-05-09T19:40:35.021+0000] {sql.py:384} INFO - Rows affected: 1
[2023-05-09T19:40:35.028+0000] {base.py:73} INFO - Using connection ID '***' for task execution.
[2023-05-09T19:40:35.034+0000] {sql.py:375} INFO - Running statement: INSERT INTO song_artist_bridge (song_id,artist_id) VALUES (%s,%s) ON CONFLICT (song_id,artist_id) DO UPDATE SET song_id=EXCLUDED.song_id,artist_id=EXCLUDED.artist_id, parameters: ('0d2iYfpKoM0QCKvcLCkBao', '5CiGnKThu5ctn9pBxv7DGa')
[2023-05-09T19:40:35.036+0000] {sql.py:384} INFO - Rows affected: 1
[2023-05-09T19:40:35.043+0000] {base.py:73} INFO - Using connection ID '***' for task execution.
[2023-05-09T19:40:35.050+0000] {sql.py:375} INFO - Running statement: INSERT INTO song_artist_bridge (song_id,artist_id) VALUES (%s,%s) ON CONFLICT (song_id,artist_id) DO UPDATE SET song_id=EXCLUDED.song_id,artist_id=EXCLUDED.artist_id, parameters: ('64lsIF5pw0sJY0gV5kz0RN', '6eJa3zG1QZLRB3xgRuyxbm')
[2023-05-09T19:40:35.051+0000] {sql.py:384} INFO - Rows affected: 1
[2023-05-09T19:40:35.058+0000] {base.py:73} INFO - Using connection ID '***' for task execution.
[2023-05-09T19:40:40.088+0000] {sql.py:375} INFO - Running statement: INSERT INTO song_artist_bridge (song_id,artist_id) VALUES (%s,%s) ON CONFLICT (song_id,artist_id) DO UPDATE SET song_id=EXCLUDED.song_id,artist_id=EXCLUDED.artist_id, parameters: ('55S2PQgSMYAhgoTCcGCDfw', '5Rl15oVamLq7FbSb0NNBNy')
[2023-05-09T19:40:40.092+0000] {sql.py:384} INFO - Rows affected: 1
[2023-05-09T19:40:40.109+0000] {base.py:73} INFO - Using connection ID '***' for task execution.
[2023-05-09T19:40:40.122+0000] {sql.py:375} INFO - Running statement: INSERT INTO song_artist_bridge (song_id,artist_id) VALUES (%s,%s) ON CONFLICT (song_id,artist_id) DO UPDATE SET song_id=EXCLUDED.song_id,artist_id=EXCLUDED.artist_id, parameters: ('6xxG3HbexOhJKyiLmtUPhT', '3K2Srho6NCF3o9MswGR76H')
[2023-05-09T19:40:40.124+0000] {sql.py:384} INFO - Rows affected: 1
[2023-05-09T19:40:40.133+0000] {base.py:73} INFO - Using connection ID '***' for task execution.
[2023-05-09T19:40:40.142+0000] {sql.py:375} INFO - Running statement: INSERT INTO song_artist_bridge (song_id,artist_id) VALUES (%s,%s) ON CONFLICT (song_id,artist_id) DO UPDATE SET song_id=EXCLUDED.song_id,artist_id=EXCLUDED.artist_id, parameters: ('3yfki4r5cgFA784trLoHnk', '1hzfo8twXdOegF3xireCYs')
[2023-05-09T19:40:40.143+0000] {sql.py:384} INFO - Rows affected: 1
[2023-05-09T19:40:40.152+0000] {base.py:73} INFO - Using connection ID '***' for task execution.
[2023-05-09T19:40:40.160+0000] {sql.py:375} INFO - Running statement: INSERT INTO song_artist_bridge (song_id,artist_id) VALUES (%s,%s) ON CONFLICT (song_id,artist_id) DO UPDATE SET song_id=EXCLUDED.song_id,artist_id=EXCLUDED.artist_id, parameters: ('6K4t31amVTZDgR3sKmwUJJ', '5INjqkS1o8h1imAzPqGZBb')
[2023-05-09T19:40:40.162+0000] {sql.py:384} INFO - Rows affected: 1
[2023-05-09T19:40:40.170+0000] {base.py:73} INFO - Using connection ID '***' for task execution.
[2023-05-09T19:40:40.178+0000] {sql.py:375} INFO - Running statement: INSERT INTO song_artist_bridge (song_id,artist_id) VALUES (%s,%s) ON CONFLICT (song_id,artist_id) DO UPDATE SET song_id=EXCLUDED.song_id,artist_id=EXCLUDED.artist_id, parameters: ('2iUmqdfGZcHIhS3b9E9EWq', '0RpddSzUHfncUWNJXKOsjy')
[2023-05-09T19:40:40.180+0000] {sql.py:384} INFO - Rows affected: 1
[2023-05-09T19:40:40.187+0000] {base.py:73} INFO - Using connection ID '***' for task execution.
[2023-05-09T19:40:40.195+0000] {sql.py:375} INFO - Running statement: INSERT INTO song_artist_bridge (song_id,artist_id) VALUES (%s,%s) ON CONFLICT (song_id,artist_id) DO UPDATE SET song_id=EXCLUDED.song_id,artist_id=EXCLUDED.artist_id, parameters: ('5eTaQYBE1yrActixMAeLcZ', '0X2BH1fck6amBIoJhDVmmJ')
[2023-05-09T19:40:40.197+0000] {sql.py:384} INFO - Rows affected: 1
[2023-05-09T19:40:40.205+0000] {base.py:73} INFO - Using connection ID '***' for task execution.
[2023-05-09T19:40:40.212+0000] {sql.py:375} INFO - Running statement: INSERT INTO song_artist_bridge (song_id,artist_id) VALUES (%s,%s) ON CONFLICT (song_id,artist_id) DO UPDATE SET song_id=EXCLUDED.song_id,artist_id=EXCLUDED.artist_id, parameters: ('5eTaQYBE1yrActixMAeLcZ', '7CajNmpbOovFoOoasH2HaY')
[2023-05-09T19:40:40.214+0000] {sql.py:384} INFO - Rows affected: 1
[2023-05-09T19:40:40.221+0000] {base.py:73} INFO - Using connection ID '***' for task execution.
[2023-05-09T19:40:40.230+0000] {sql.py:375} INFO - Running statement: INSERT INTO song_artist_bridge (song_id,artist_id) VALUES (%s,%s) ON CONFLICT (song_id,artist_id) DO UPDATE SET song_id=EXCLUDED.song_id,artist_id=EXCLUDED.artist_id, parameters: ('0GO8y8jQk1PkHzS31d699N', '3kVUvbeRdcrqQ3oHk5hPdx')
[2023-05-09T19:40:40.231+0000] {sql.py:384} INFO - Rows affected: 1
[2023-05-09T19:40:40.240+0000] {base.py:73} INFO - Using connection ID '***' for task execution.
[2023-05-09T19:40:40.248+0000] {sql.py:375} INFO - Running statement: INSERT INTO song_artist_bridge (song_id,artist_id) VALUES (%s,%s) ON CONFLICT (song_id,artist_id) DO UPDATE SET song_id=EXCLUDED.song_id,artist_id=EXCLUDED.artist_id, parameters: ('1Cv1YLb4q0RzL6pybtaMLo', '4ETSs924pXMzjIeD6E9b4u')
[2023-05-09T19:40:40.249+0000] {sql.py:384} INFO - Rows affected: 1
[2023-05-09T19:40:40.256+0000] {base.py:73} INFO - Using connection ID '***' for task execution.
[2023-05-09T19:40:40.263+0000] {sql.py:375} INFO - Running statement: INSERT INTO song_artist_bridge (song_id,artist_id) VALUES (%s,%s) ON CONFLICT (song_id,artist_id) DO UPDATE SET song_id=EXCLUDED.song_id,artist_id=EXCLUDED.artist_id, parameters: ('0yLdNVWF3Srea0uzk55zFn', '5YGY8feqx7naU7z4HrwZM6')
[2023-05-09T19:40:40.264+0000] {sql.py:384} INFO - Rows affected: 1
[2023-05-09T19:40:40.271+0000] {base.py:73} INFO - Using connection ID '***' for task execution.
[2023-05-09T19:40:40.279+0000] {sql.py:375} INFO - Running statement: INSERT INTO song_artist_bridge (song_id,artist_id) VALUES (%s,%s) ON CONFLICT (song_id,artist_id) DO UPDATE SET song_id=EXCLUDED.song_id,artist_id=EXCLUDED.artist_id, parameters: ('7tr2za8SQg2CI8EDgrdtNl', '4A0TivfinfALCAMJqqjZIk')
[2023-05-09T19:40:40.280+0000] {sql.py:384} INFO - Rows affected: 1
[2023-05-09T19:40:40.287+0000] {base.py:73} INFO - Using connection ID '***' for task execution.
[2023-05-09T19:40:40.294+0000] {sql.py:375} INFO - Running statement: INSERT INTO song_artist_bridge (song_id,artist_id) VALUES (%s,%s) ON CONFLICT (song_id,artist_id) DO UPDATE SET song_id=EXCLUDED.song_id,artist_id=EXCLUDED.artist_id, parameters: ('7tr2za8SQg2CI8EDgrdtNl', '6oMuImdp5ZcFhWP0ESe6mG')
[2023-05-09T19:40:40.296+0000] {sql.py:384} INFO - Rows affected: 1
[2023-05-09T19:40:40.303+0000] {base.py:73} INFO - Using connection ID '***' for task execution.
[2023-05-09T19:40:40.311+0000] {sql.py:375} INFO - Running statement: INSERT INTO song_artist_bridge (song_id,artist_id) VALUES (%s,%s) ON CONFLICT (song_id,artist_id) DO UPDATE SET song_id=EXCLUDED.song_id,artist_id=EXCLUDED.artist_id, parameters: ('7tr2za8SQg2CI8EDgrdtNl', '2h93pZq0e7k5yf4dywlkpM')
[2023-05-09T19:40:40.312+0000] {sql.py:384} INFO - Rows affected: 1
[2023-05-09T19:40:40.319+0000] {base.py:73} INFO - Using connection ID '***' for task execution.
[2023-05-09T19:40:40.326+0000] {sql.py:375} INFO - Running statement: INSERT INTO song_artist_bridge (song_id,artist_id) VALUES (%s,%s) ON CONFLICT (song_id,artist_id) DO UPDATE SET song_id=EXCLUDED.song_id,artist_id=EXCLUDED.artist_id, parameters: ('7tr2za8SQg2CI8EDgrdtNl', '7CajNmpbOovFoOoasH2HaY')
[2023-05-09T19:40:40.328+0000] {sql.py:384} INFO - Rows affected: 1
[2023-05-09T19:40:40.335+0000] {base.py:73} INFO - Using connection ID '***' for task execution.
[2023-05-09T19:40:40.342+0000] {sql.py:375} INFO - Running statement: INSERT INTO song_artist_bridge (song_id,artist_id) VALUES (%s,%s) ON CONFLICT (song_id,artist_id) DO UPDATE SET song_id=EXCLUDED.song_id,artist_id=EXCLUDED.artist_id, parameters: ('4h9wh7iOZ0GGn8QVp4RAOB', '5Pwc4xIPtQLFEnJriah9YJ')
[2023-05-09T19:40:40.343+0000] {sql.py:384} INFO - Rows affected: 1
[2023-05-09T19:40:40.350+0000] {base.py:73} INFO - Using connection ID '***' for task execution.
[2023-05-09T19:40:40.357+0000] {sql.py:375} INFO - Running statement: INSERT INTO song_artist_bridge (song_id,artist_id) VALUES (%s,%s) ON CONFLICT (song_id,artist_id) DO UPDATE SET song_id=EXCLUDED.song_id,artist_id=EXCLUDED.artist_id, parameters: ('1gihuPhrLraKYrJMAEONyc', '7CajNmpbOovFoOoasH2HaY')
[2023-05-09T19:40:40.358+0000] {sql.py:384} INFO - Rows affected: 1
[2023-05-09T19:40:40.360+0000] {python.py:183} INFO - Done. Returned value was: None
[2023-05-09T19:40:40.370+0000] {taskinstance.py:1373} INFO - Marking task as SUCCESS. dag_id=Summer_Warped_ETL, task_id=LoadData.LoadSongArtistBridge, execution_date=20230509T193941, start_date=20230509T194027, end_date=20230509T194040
[2023-05-09T19:40:40.399+0000] {local_task_job_runner.py:232} INFO - Task exited with return code 0
[2023-05-09T19:40:40.425+0000] {taskinstance.py:2674} INFO - 0 downstream tasks scheduled from follow-on schedule check
