[2023-05-09T18:57:15.702+0000] {taskinstance.py:1125} INFO - Dependencies all met for dep_context=non-requeueable deps ti=<TaskInstance: Summer_Warped_ETL.LoadData.LoadArtistFact manual__2023-05-09T18:56:12.065687+00:00 [queued]>
[2023-05-09T18:57:15.709+0000] {taskinstance.py:1125} INFO - Dependencies all met for dep_context=requeueable deps ti=<TaskInstance: Summer_Warped_ETL.LoadData.LoadArtistFact manual__2023-05-09T18:56:12.065687+00:00 [queued]>
[2023-05-09T18:57:15.709+0000] {taskinstance.py:1331} INFO - Starting attempt 1 of 3
[2023-05-09T18:57:15.717+0000] {taskinstance.py:1350} INFO - Executing <Task(PythonOperator): LoadData.LoadArtistFact> on 2023-05-09 18:56:12.065687+00:00
[2023-05-09T18:57:15.722+0000] {standard_task_runner.py:57} INFO - Started process 3010 to run task
[2023-05-09T18:57:15.726+0000] {standard_task_runner.py:84} INFO - Running: ['***', 'tasks', 'run', 'Summer_Warped_ETL', 'LoadData.LoadArtistFact', 'manual__2023-05-09T18:56:12.065687+00:00', '--job-id', '2919', '--raw', '--subdir', 'DAGS_FOLDER/warped-dag.py', '--cfg-path', '/tmp/tmp18uy81q3']
[2023-05-09T18:57:15.726+0000] {standard_task_runner.py:85} INFO - Job 2919: Subtask LoadData.LoadArtistFact
[2023-05-09T18:57:15.766+0000] {task_command.py:410} INFO - Running <TaskInstance: Summer_Warped_ETL.LoadData.LoadArtistFact manual__2023-05-09T18:56:12.065687+00:00 [running]> on host 544e3a3b1eb2
[2023-05-09T18:57:15.821+0000] {taskinstance.py:1570} INFO - Exporting env vars: AIRFLOW_CTX_DAG_OWNER='Ananta Moharana' AIRFLOW_CTX_DAG_ID='Summer_Warped_ETL' AIRFLOW_CTX_TASK_ID='LoadData.LoadArtistFact' AIRFLOW_CTX_EXECUTION_DATE='2023-05-09T18:56:12.065687+00:00' AIRFLOW_CTX_TRY_NUMBER='1' AIRFLOW_CTX_DAG_RUN_ID='manual__2023-05-09T18:56:12.065687+00:00'
[2023-05-09T18:57:15.824+0000] {logging_mixin.py:149} INFO - 2023-05/artist_fact.csv
[2023-05-09T18:57:15.831+0000] {base.py:73} INFO - Using connection ID 'aws_connection' for task execution.
[2023-05-09T18:57:15.832+0000] {connection_wrapper.py:337} INFO - AWS Connection (conn_id='aws_connection', conn_type='aws') credentials retrieved from login and password.
[2023-05-09T18:57:16.016+0000] {logging_mixin.py:149} INFO -                 artist_id  followers  popularity        date
0  5aTRa02UP1y6PW5klZiTt0      15174          40  2023-05-09
1  3XOHHfvBYKCMo1h0DFY27z       5496          36  2023-05-09
2  1trffosn0Alk3IlloOD5O8      16995          44  2023-05-09
3  04ei5kNgmDuNAydFhhIHnD     362020          58  2023-05-09
4  4kqFrZkeqDfOIEqTWqbOOV     193943          61  2023-05-09
[2023-05-09T18:57:16.017+0000] {logging_mixin.py:149} INFO - INSERT INTO artist_fact (artist_id,followers,popularity,date) VALUES (%s,%s,%s,%s) ON CONFLICT (artist_id,date) DO UPDATE SET artist_id=EXCLUDED.artist_id,followers=EXCLUDED.followers,popularity=EXCLUDED.popularity,date=EXCLUDED.date
[2023-05-09T18:57:16.024+0000] {base.py:73} INFO - Using connection ID '***' for task execution.
[2023-05-09T18:57:16.031+0000] {sql.py:375} INFO - Running statement: INSERT INTO artist_fact (artist_id,followers,popularity,date) VALUES (%s,%s,%s,%s) ON CONFLICT (artist_id,date) DO UPDATE SET artist_id=EXCLUDED.artist_id,followers=EXCLUDED.followers,popularity=EXCLUDED.popularity,date=EXCLUDED.date, parameters: ('5aTRa02UP1y6PW5klZiTt0', 15174, 40, '2023-05-09')
[2023-05-09T18:57:16.033+0000] {sql.py:384} INFO - Rows affected: 1
[2023-05-09T18:57:16.040+0000] {base.py:73} INFO - Using connection ID '***' for task execution.
[2023-05-09T18:57:16.047+0000] {sql.py:375} INFO - Running statement: INSERT INTO artist_fact (artist_id,followers,popularity,date) VALUES (%s,%s,%s,%s) ON CONFLICT (artist_id,date) DO UPDATE SET artist_id=EXCLUDED.artist_id,followers=EXCLUDED.followers,popularity=EXCLUDED.popularity,date=EXCLUDED.date, parameters: ('3XOHHfvBYKCMo1h0DFY27z', 5496, 36, '2023-05-09')
[2023-05-09T18:57:16.049+0000] {sql.py:384} INFO - Rows affected: 1
[2023-05-09T18:57:16.056+0000] {base.py:73} INFO - Using connection ID '***' for task execution.
[2023-05-09T18:57:16.063+0000] {sql.py:375} INFO - Running statement: INSERT INTO artist_fact (artist_id,followers,popularity,date) VALUES (%s,%s,%s,%s) ON CONFLICT (artist_id,date) DO UPDATE SET artist_id=EXCLUDED.artist_id,followers=EXCLUDED.followers,popularity=EXCLUDED.popularity,date=EXCLUDED.date, parameters: ('1trffosn0Alk3IlloOD5O8', 16995, 44, '2023-05-09')
[2023-05-09T18:57:16.065+0000] {sql.py:384} INFO - Rows affected: 1
[2023-05-09T18:57:16.071+0000] {base.py:73} INFO - Using connection ID '***' for task execution.
[2023-05-09T18:57:16.078+0000] {sql.py:375} INFO - Running statement: INSERT INTO artist_fact (artist_id,followers,popularity,date) VALUES (%s,%s,%s,%s) ON CONFLICT (artist_id,date) DO UPDATE SET artist_id=EXCLUDED.artist_id,followers=EXCLUDED.followers,popularity=EXCLUDED.popularity,date=EXCLUDED.date, parameters: ('04ei5kNgmDuNAydFhhIHnD', 362020, 58, '2023-05-09')
[2023-05-09T18:57:16.079+0000] {sql.py:384} INFO - Rows affected: 1
[2023-05-09T18:57:16.086+0000] {base.py:73} INFO - Using connection ID '***' for task execution.
[2023-05-09T18:57:16.094+0000] {sql.py:375} INFO - Running statement: INSERT INTO artist_fact (artist_id,followers,popularity,date) VALUES (%s,%s,%s,%s) ON CONFLICT (artist_id,date) DO UPDATE SET artist_id=EXCLUDED.artist_id,followers=EXCLUDED.followers,popularity=EXCLUDED.popularity,date=EXCLUDED.date, parameters: ('4kqFrZkeqDfOIEqTWqbOOV', 193943, 61, '2023-05-09')
[2023-05-09T18:57:16.097+0000] {sql.py:384} INFO - Rows affected: 1
[2023-05-09T18:57:16.105+0000] {base.py:73} INFO - Using connection ID '***' for task execution.
[2023-05-09T18:57:16.111+0000] {sql.py:375} INFO - Running statement: INSERT INTO artist_fact (artist_id,followers,popularity,date) VALUES (%s,%s,%s,%s) ON CONFLICT (artist_id,date) DO UPDATE SET artist_id=EXCLUDED.artist_id,followers=EXCLUDED.followers,popularity=EXCLUDED.popularity,date=EXCLUDED.date, parameters: ('0WvTK38rXqPCD5pZMDuX20', 207485, 52, '2023-05-09')
[2023-05-09T18:57:16.113+0000] {sql.py:384} INFO - Rows affected: 1
[2023-05-09T18:57:16.120+0000] {base.py:73} INFO - Using connection ID '***' for task execution.
[2023-05-09T18:57:16.126+0000] {sql.py:375} INFO - Running statement: INSERT INTO artist_fact (artist_id,followers,popularity,date) VALUES (%s,%s,%s,%s) ON CONFLICT (artist_id,date) DO UPDATE SET artist_id=EXCLUDED.artist_id,followers=EXCLUDED.followers,popularity=EXCLUDED.popularity,date=EXCLUDED.date, parameters: ('3hOdow4ZPmrby7Q1wfPLEy', 331980, 61, '2023-05-09')
[2023-05-09T18:57:16.128+0000] {sql.py:384} INFO - Rows affected: 1
[2023-05-09T18:57:16.135+0000] {base.py:73} INFO - Using connection ID '***' for task execution.
[2023-05-09T18:57:16.142+0000] {sql.py:375} INFO - Running statement: INSERT INTO artist_fact (artist_id,followers,popularity,date) VALUES (%s,%s,%s,%s) ON CONFLICT (artist_id,date) DO UPDATE SET artist_id=EXCLUDED.artist_id,followers=EXCLUDED.followers,popularity=EXCLUDED.popularity,date=EXCLUDED.date, parameters: ('7eRBEVzcZk4XyIdF0Btfg4', 2518, 31, '2023-05-09')
[2023-05-09T18:57:16.143+0000] {sql.py:384} INFO - Rows affected: 1
[2023-05-09T18:57:16.150+0000] {base.py:73} INFO - Using connection ID '***' for task execution.
[2023-05-09T18:57:16.157+0000] {sql.py:375} INFO - Running statement: INSERT INTO artist_fact (artist_id,followers,popularity,date) VALUES (%s,%s,%s,%s) ON CONFLICT (artist_id,date) DO UPDATE SET artist_id=EXCLUDED.artist_id,followers=EXCLUDED.followers,popularity=EXCLUDED.popularity,date=EXCLUDED.date, parameters: ('3Ae7AQITxFS0r3yGQHYDJI', 2104, 25, '2023-05-09')
[2023-05-09T18:57:16.159+0000] {sql.py:384} INFO - Rows affected: 1
[2023-05-09T18:57:16.165+0000] {base.py:73} INFO - Using connection ID '***' for task execution.
[2023-05-09T18:57:16.170+0000] {sql.py:375} INFO - Running statement: INSERT INTO artist_fact (artist_id,followers,popularity,date) VALUES (%s,%s,%s,%s) ON CONFLICT (artist_id,date) DO UPDATE SET artist_id=EXCLUDED.artist_id,followers=EXCLUDED.followers,popularity=EXCLUDED.popularity,date=EXCLUDED.date, parameters: ('7C4ztJMkuGRy0qkU6dG5hU', 26338, 39, '2023-05-09')
[2023-05-09T18:57:16.172+0000] {sql.py:384} INFO - Rows affected: 1
[2023-05-09T18:57:16.178+0000] {base.py:73} INFO - Using connection ID '***' for task execution.
[2023-05-09T18:57:16.185+0000] {sql.py:375} INFO - Running statement: INSERT INTO artist_fact (artist_id,followers,popularity,date) VALUES (%s,%s,%s,%s) ON CONFLICT (artist_id,date) DO UPDATE SET artist_id=EXCLUDED.artist_id,followers=EXCLUDED.followers,popularity=EXCLUDED.popularity,date=EXCLUDED.date, parameters: ('0vUk0rbl0BkFjmeFvjOvoj', 719, 18, '2023-05-09')
[2023-05-09T18:57:16.186+0000] {sql.py:384} INFO - Rows affected: 1
[2023-05-09T18:57:16.193+0000] {base.py:73} INFO - Using connection ID '***' for task execution.
[2023-05-09T18:57:16.199+0000] {sql.py:375} INFO - Running statement: INSERT INTO artist_fact (artist_id,followers,popularity,date) VALUES (%s,%s,%s,%s) ON CONFLICT (artist_id,date) DO UPDATE SET artist_id=EXCLUDED.artist_id,followers=EXCLUDED.followers,popularity=EXCLUDED.popularity,date=EXCLUDED.date, parameters: ('2cFrymmkijnjDg9SS92EPM', 4855844, 78, '2023-05-09')
[2023-05-09T18:57:16.200+0000] {sql.py:384} INFO - Rows affected: 1
[2023-05-09T18:57:16.206+0000] {base.py:73} INFO - Using connection ID '***' for task execution.
[2023-05-09T18:57:16.212+0000] {sql.py:375} INFO - Running statement: INSERT INTO artist_fact (artist_id,followers,popularity,date) VALUES (%s,%s,%s,%s) ON CONFLICT (artist_id,date) DO UPDATE SET artist_id=EXCLUDED.artist_id,followers=EXCLUDED.followers,popularity=EXCLUDED.popularity,date=EXCLUDED.date, parameters: ('3Ps6le7tj5BdNtdnfNgTU4', 290897, 52, '2023-05-09')
[2023-05-09T18:57:16.214+0000] {sql.py:384} INFO - Rows affected: 1
[2023-05-09T18:57:16.221+0000] {base.py:73} INFO - Using connection ID '***' for task execution.
[2023-05-09T18:57:16.226+0000] {sql.py:375} INFO - Running statement: INSERT INTO artist_fact (artist_id,followers,popularity,date) VALUES (%s,%s,%s,%s) ON CONFLICT (artist_id,date) DO UPDATE SET artist_id=EXCLUDED.artist_id,followers=EXCLUDED.followers,popularity=EXCLUDED.popularity,date=EXCLUDED.date, parameters: ('2QuPPChZpqAai29uqulNFe', 3660, 33, '2023-05-09')
[2023-05-09T18:57:16.228+0000] {sql.py:384} INFO - Rows affected: 1
[2023-05-09T18:57:16.233+0000] {base.py:73} INFO - Using connection ID '***' for task execution.
[2023-05-09T18:57:16.240+0000] {sql.py:375} INFO - Running statement: INSERT INTO artist_fact (artist_id,followers,popularity,date) VALUES (%s,%s,%s,%s) ON CONFLICT (artist_id,date) DO UPDATE SET artist_id=EXCLUDED.artist_id,followers=EXCLUDED.followers,popularity=EXCLUDED.popularity,date=EXCLUDED.date, parameters: ('5ZPYeVqoWNuukwfarvkyJX', 22564, 37, '2023-05-09')
[2023-05-09T18:57:16.241+0000] {sql.py:384} INFO - Rows affected: 1
[2023-05-09T18:57:16.247+0000] {base.py:73} INFO - Using connection ID '***' for task execution.
[2023-05-09T18:57:16.253+0000] {sql.py:375} INFO - Running statement: INSERT INTO artist_fact (artist_id,followers,popularity,date) VALUES (%s,%s,%s,%s) ON CONFLICT (artist_id,date) DO UPDATE SET artist_id=EXCLUDED.artist_id,followers=EXCLUDED.followers,popularity=EXCLUDED.popularity,date=EXCLUDED.date, parameters: ('0BxHc5dN9BSfLZ8PCch9wT', 3910, 23, '2023-05-09')
[2023-05-09T18:57:16.255+0000] {sql.py:384} INFO - Rows affected: 1
[2023-05-09T18:57:16.261+0000] {base.py:73} INFO - Using connection ID '***' for task execution.
[2023-05-09T18:57:16.268+0000] {sql.py:375} INFO - Running statement: INSERT INTO artist_fact (artist_id,followers,popularity,date) VALUES (%s,%s,%s,%s) ON CONFLICT (artist_id,date) DO UPDATE SET artist_id=EXCLUDED.artist_id,followers=EXCLUDED.followers,popularity=EXCLUDED.popularity,date=EXCLUDED.date, parameters: ('1iT8Vbd7KhZiBji3G72zDW', 3627, 24, '2023-05-09')
[2023-05-09T18:57:16.269+0000] {sql.py:384} INFO - Rows affected: 1
[2023-05-09T18:57:16.275+0000] {base.py:73} INFO - Using connection ID '***' for task execution.
[2023-05-09T18:57:16.281+0000] {sql.py:375} INFO - Running statement: INSERT INTO artist_fact (artist_id,followers,popularity,date) VALUES (%s,%s,%s,%s) ON CONFLICT (artist_id,date) DO UPDATE SET artist_id=EXCLUDED.artist_id,followers=EXCLUDED.followers,popularity=EXCLUDED.popularity,date=EXCLUDED.date, parameters: ('4cJKDGSv4Dz9QycXYmo565', 231250, 63, '2023-05-09')
[2023-05-09T18:57:16.283+0000] {sql.py:384} INFO - Rows affected: 1
[2023-05-09T18:57:16.290+0000] {base.py:73} INFO - Using connection ID '***' for task execution.
[2023-05-09T18:57:16.296+0000] {sql.py:375} INFO - Running statement: INSERT INTO artist_fact (artist_id,followers,popularity,date) VALUES (%s,%s,%s,%s) ON CONFLICT (artist_id,date) DO UPDATE SET artist_id=EXCLUDED.artist_id,followers=EXCLUDED.followers,popularity=EXCLUDED.popularity,date=EXCLUDED.date, parameters: ('0UENogXhLeGTZjub4eejjX', 4963, 39, '2023-05-09')
[2023-05-09T18:57:16.298+0000] {sql.py:384} INFO - Rows affected: 1
[2023-05-09T18:57:16.305+0000] {base.py:73} INFO - Using connection ID '***' for task execution.
[2023-05-09T18:57:16.311+0000] {sql.py:375} INFO - Running statement: INSERT INTO artist_fact (artist_id,followers,popularity,date) VALUES (%s,%s,%s,%s) ON CONFLICT (artist_id,date) DO UPDATE SET artist_id=EXCLUDED.artist_id,followers=EXCLUDED.followers,popularity=EXCLUDED.popularity,date=EXCLUDED.date, parameters: ('7b2FbxYmnpGMPqDe04QmyP', 33221, 46, '2023-05-09')
[2023-05-09T18:57:16.313+0000] {sql.py:384} INFO - Rows affected: 1
[2023-05-09T18:57:16.319+0000] {base.py:73} INFO - Using connection ID '***' for task execution.
[2023-05-09T18:57:16.325+0000] {sql.py:375} INFO - Running statement: INSERT INTO artist_fact (artist_id,followers,popularity,date) VALUES (%s,%s,%s,%s) ON CONFLICT (artist_id,date) DO UPDATE SET artist_id=EXCLUDED.artist_id,followers=EXCLUDED.followers,popularity=EXCLUDED.popularity,date=EXCLUDED.date, parameters: ('2anlj4dNUn9I1VxxmjRHRx', 12615, 44, '2023-05-09')
[2023-05-09T18:57:16.326+0000] {sql.py:384} INFO - Rows affected: 1
[2023-05-09T18:57:16.333+0000] {base.py:73} INFO - Using connection ID '***' for task execution.
[2023-05-09T18:57:16.339+0000] {sql.py:375} INFO - Running statement: INSERT INTO artist_fact (artist_id,followers,popularity,date) VALUES (%s,%s,%s,%s) ON CONFLICT (artist_id,date) DO UPDATE SET artist_id=EXCLUDED.artist_id,followers=EXCLUDED.followers,popularity=EXCLUDED.popularity,date=EXCLUDED.date, parameters: ('4FI4qPOnjt3D8DnJQrNWps', 8, 0, '2023-05-09')
[2023-05-09T18:57:16.341+0000] {sql.py:384} INFO - Rows affected: 1
[2023-05-09T18:57:16.347+0000] {base.py:73} INFO - Using connection ID '***' for task execution.
[2023-05-09T18:57:16.353+0000] {sql.py:375} INFO - Running statement: INSERT INTO artist_fact (artist_id,followers,popularity,date) VALUES (%s,%s,%s,%s) ON CONFLICT (artist_id,date) DO UPDATE SET artist_id=EXCLUDED.artist_id,followers=EXCLUDED.followers,popularity=EXCLUDED.popularity,date=EXCLUDED.date, parameters: ('5uLkZ7FWMTBUg1corQqdkR', 502311, 60, '2023-05-09')
[2023-05-09T18:57:16.355+0000] {sql.py:384} INFO - Rows affected: 1
[2023-05-09T18:57:16.361+0000] {base.py:73} INFO - Using connection ID '***' for task execution.
[2023-05-09T18:57:16.367+0000] {sql.py:375} INFO - Running statement: INSERT INTO artist_fact (artist_id,followers,popularity,date) VALUES (%s,%s,%s,%s) ON CONFLICT (artist_id,date) DO UPDATE SET artist_id=EXCLUDED.artist_id,followers=EXCLUDED.followers,popularity=EXCLUDED.popularity,date=EXCLUDED.date, parameters: ('0ILo2K3FmfIh4ICcbHE7RK', 30166, 52, '2023-05-09')
[2023-05-09T18:57:16.369+0000] {sql.py:384} INFO - Rows affected: 1
[2023-05-09T18:57:16.375+0000] {base.py:73} INFO - Using connection ID '***' for task execution.
[2023-05-09T18:57:16.381+0000] {sql.py:375} INFO - Running statement: INSERT INTO artist_fact (artist_id,followers,popularity,date) VALUES (%s,%s,%s,%s) ON CONFLICT (artist_id,date) DO UPDATE SET artist_id=EXCLUDED.artist_id,followers=EXCLUDED.followers,popularity=EXCLUDED.popularity,date=EXCLUDED.date, parameters: ('0r7PsZB4ePA6vHrW4agoGN', 30038, 28, '2023-05-09')
[2023-05-09T18:57:16.383+0000] {sql.py:384} INFO - Rows affected: 1
[2023-05-09T18:57:16.389+0000] {base.py:73} INFO - Using connection ID '***' for task execution.
[2023-05-09T18:57:16.394+0000] {sql.py:375} INFO - Running statement: INSERT INTO artist_fact (artist_id,followers,popularity,date) VALUES (%s,%s,%s,%s) ON CONFLICT (artist_id,date) DO UPDATE SET artist_id=EXCLUDED.artist_id,followers=EXCLUDED.followers,popularity=EXCLUDED.popularity,date=EXCLUDED.date, parameters: ('1PpFka2STGQ57kJcgYBgEF', 18135, 41, '2023-05-09')
[2023-05-09T18:57:16.397+0000] {sql.py:384} INFO - Rows affected: 1
[2023-05-09T18:57:16.403+0000] {base.py:73} INFO - Using connection ID '***' for task execution.
[2023-05-09T18:57:16.409+0000] {sql.py:375} INFO - Running statement: INSERT INTO artist_fact (artist_id,followers,popularity,date) VALUES (%s,%s,%s,%s) ON CONFLICT (artist_id,date) DO UPDATE SET artist_id=EXCLUDED.artist_id,followers=EXCLUDED.followers,popularity=EXCLUDED.popularity,date=EXCLUDED.date, parameters: ('6YxrfNCKBcQlbITpmDLErL', 104179, 54, '2023-05-09')
[2023-05-09T18:57:16.410+0000] {sql.py:384} INFO - Rows affected: 1
[2023-05-09T18:57:16.417+0000] {base.py:73} INFO - Using connection ID '***' for task execution.
[2023-05-09T18:57:16.422+0000] {sql.py:375} INFO - Running statement: INSERT INTO artist_fact (artist_id,followers,popularity,date) VALUES (%s,%s,%s,%s) ON CONFLICT (artist_id,date) DO UPDATE SET artist_id=EXCLUDED.artist_id,followers=EXCLUDED.followers,popularity=EXCLUDED.popularity,date=EXCLUDED.date, parameters: ('2R2Yg2qPloNOTOfqxfXX7l', 20622, 44, '2023-05-09')
[2023-05-09T18:57:16.424+0000] {sql.py:384} INFO - Rows affected: 1
[2023-05-09T18:57:16.430+0000] {base.py:73} INFO - Using connection ID '***' for task execution.
[2023-05-09T18:57:16.436+0000] {sql.py:375} INFO - Running statement: INSERT INTO artist_fact (artist_id,followers,popularity,date) VALUES (%s,%s,%s,%s) ON CONFLICT (artist_id,date) DO UPDATE SET artist_id=EXCLUDED.artist_id,followers=EXCLUDED.followers,popularity=EXCLUDED.popularity,date=EXCLUDED.date, parameters: ('4yOY5zmuuTlS1DbG3yZGki', 20, 38, '2023-05-09')
[2023-05-09T18:57:16.438+0000] {sql.py:384} INFO - Rows affected: 1
[2023-05-09T18:57:16.444+0000] {base.py:73} INFO - Using connection ID '***' for task execution.
[2023-05-09T18:57:16.450+0000] {sql.py:375} INFO - Running statement: INSERT INTO artist_fact (artist_id,followers,popularity,date) VALUES (%s,%s,%s,%s) ON CONFLICT (artist_id,date) DO UPDATE SET artist_id=EXCLUDED.artist_id,followers=EXCLUDED.followers,popularity=EXCLUDED.popularity,date=EXCLUDED.date, parameters: ('7iVscW49OWowl9SoLmWzfy', 11647, 44, '2023-05-09')
[2023-05-09T18:57:16.452+0000] {sql.py:384} INFO - Rows affected: 1
[2023-05-09T18:57:16.458+0000] {base.py:73} INFO - Using connection ID '***' for task execution.
[2023-05-09T18:57:16.466+0000] {sql.py:375} INFO - Running statement: INSERT INTO artist_fact (artist_id,followers,popularity,date) VALUES (%s,%s,%s,%s) ON CONFLICT (artist_id,date) DO UPDATE SET artist_id=EXCLUDED.artist_id,followers=EXCLUDED.followers,popularity=EXCLUDED.popularity,date=EXCLUDED.date, parameters: ('6c0lj01vVpHsCH7Z5CfJ9K', 80750, 48, '2023-05-09')
[2023-05-09T18:57:16.468+0000] {sql.py:384} INFO - Rows affected: 1
[2023-05-09T18:57:16.474+0000] {base.py:73} INFO - Using connection ID '***' for task execution.
[2023-05-09T18:57:16.480+0000] {sql.py:375} INFO - Running statement: INSERT INTO artist_fact (artist_id,followers,popularity,date) VALUES (%s,%s,%s,%s) ON CONFLICT (artist_id,date) DO UPDATE SET artist_id=EXCLUDED.artist_id,followers=EXCLUDED.followers,popularity=EXCLUDED.popularity,date=EXCLUDED.date, parameters: ('4tjqHer0BFQbJ1FVyWhffM', 33195, 49, '2023-05-09')
[2023-05-09T18:57:16.481+0000] {sql.py:384} INFO - Rows affected: 1
[2023-05-09T18:57:16.487+0000] {base.py:73} INFO - Using connection ID '***' for task execution.
[2023-05-09T18:57:16.493+0000] {sql.py:375} INFO - Running statement: INSERT INTO artist_fact (artist_id,followers,popularity,date) VALUES (%s,%s,%s,%s) ON CONFLICT (artist_id,date) DO UPDATE SET artist_id=EXCLUDED.artist_id,followers=EXCLUDED.followers,popularity=EXCLUDED.popularity,date=EXCLUDED.date, parameters: ('63CZNEytugjFnZBdjBmWc8', 27353, 49, '2023-05-09')
[2023-05-09T18:57:16.495+0000] {sql.py:384} INFO - Rows affected: 1
[2023-05-09T18:57:16.501+0000] {base.py:73} INFO - Using connection ID '***' for task execution.
[2023-05-09T18:57:16.508+0000] {sql.py:375} INFO - Running statement: INSERT INTO artist_fact (artist_id,followers,popularity,date) VALUES (%s,%s,%s,%s) ON CONFLICT (artist_id,date) DO UPDATE SET artist_id=EXCLUDED.artist_id,followers=EXCLUDED.followers,popularity=EXCLUDED.popularity,date=EXCLUDED.date, parameters: ('0be7y7HUvSBf8uG1X7pK8f', 16927, 43, '2023-05-09')
[2023-05-09T18:57:16.509+0000] {sql.py:384} INFO - Rows affected: 1
[2023-05-09T18:57:16.515+0000] {base.py:73} INFO - Using connection ID '***' for task execution.
[2023-05-09T18:57:16.522+0000] {sql.py:375} INFO - Running statement: INSERT INTO artist_fact (artist_id,followers,popularity,date) VALUES (%s,%s,%s,%s) ON CONFLICT (artist_id,date) DO UPDATE SET artist_id=EXCLUDED.artist_id,followers=EXCLUDED.followers,popularity=EXCLUDED.popularity,date=EXCLUDED.date, parameters: ('2trvlbfMS5zVozEmrFNDTJ', 17905, 39, '2023-05-09')
[2023-05-09T18:57:16.523+0000] {sql.py:384} INFO - Rows affected: 1
[2023-05-09T18:57:16.531+0000] {base.py:73} INFO - Using connection ID '***' for task execution.
[2023-05-09T18:57:16.537+0000] {sql.py:375} INFO - Running statement: INSERT INTO artist_fact (artist_id,followers,popularity,date) VALUES (%s,%s,%s,%s) ON CONFLICT (artist_id,date) DO UPDATE SET artist_id=EXCLUDED.artist_id,followers=EXCLUDED.followers,popularity=EXCLUDED.popularity,date=EXCLUDED.date, parameters: ('63dmB3SM4vOZ8rK1EX5IkU', 17763, 41, '2023-05-09')
[2023-05-09T18:57:16.539+0000] {sql.py:384} INFO - Rows affected: 1
[2023-05-09T18:57:16.546+0000] {base.py:73} INFO - Using connection ID '***' for task execution.
[2023-05-09T18:57:16.554+0000] {sql.py:375} INFO - Running statement: INSERT INTO artist_fact (artist_id,followers,popularity,date) VALUES (%s,%s,%s,%s) ON CONFLICT (artist_id,date) DO UPDATE SET artist_id=EXCLUDED.artist_id,followers=EXCLUDED.followers,popularity=EXCLUDED.popularity,date=EXCLUDED.date, parameters: ('6fWVd57NKTalqvmjRd2t8Z', 2019722, 72, '2023-05-09')
[2023-05-09T18:57:16.557+0000] {sql.py:384} INFO - Rows affected: 1
[2023-05-09T18:57:16.566+0000] {base.py:73} INFO - Using connection ID '***' for task execution.
[2023-05-09T18:57:16.574+0000] {sql.py:375} INFO - Running statement: INSERT INTO artist_fact (artist_id,followers,popularity,date) VALUES (%s,%s,%s,%s) ON CONFLICT (artist_id,date) DO UPDATE SET artist_id=EXCLUDED.artist_id,followers=EXCLUDED.followers,popularity=EXCLUDED.popularity,date=EXCLUDED.date, parameters: ('3ddT1Q3KQAm1G7UcIfz5KJ', 198468, 53, '2023-05-09')
[2023-05-09T18:57:16.576+0000] {sql.py:384} INFO - Rows affected: 1
[2023-05-09T18:57:16.584+0000] {base.py:73} INFO - Using connection ID '***' for task execution.
[2023-05-09T18:57:16.596+0000] {sql.py:375} INFO - Running statement: INSERT INTO artist_fact (artist_id,followers,popularity,date) VALUES (%s,%s,%s,%s) ON CONFLICT (artist_id,date) DO UPDATE SET artist_id=EXCLUDED.artist_id,followers=EXCLUDED.followers,popularity=EXCLUDED.popularity,date=EXCLUDED.date, parameters: ('47SwNXPh17mIDcZwsCr6hX', 112, 0, '2023-05-09')
[2023-05-09T18:57:16.598+0000] {sql.py:384} INFO - Rows affected: 1
[2023-05-09T18:57:16.605+0000] {base.py:73} INFO - Using connection ID '***' for task execution.
[2023-05-09T18:57:16.612+0000] {sql.py:375} INFO - Running statement: INSERT INTO artist_fact (artist_id,followers,popularity,date) VALUES (%s,%s,%s,%s) ON CONFLICT (artist_id,date) DO UPDATE SET artist_id=EXCLUDED.artist_id,followers=EXCLUDED.followers,popularity=EXCLUDED.popularity,date=EXCLUDED.date, parameters: ('7MS7B4QRp1n6c5H8N7s3wB', 7726, 46, '2023-05-09')
[2023-05-09T18:57:16.613+0000] {sql.py:384} INFO - Rows affected: 1
[2023-05-09T18:57:16.620+0000] {base.py:73} INFO - Using connection ID '***' for task execution.
[2023-05-09T18:57:16.626+0000] {sql.py:375} INFO - Running statement: INSERT INTO artist_fact (artist_id,followers,popularity,date) VALUES (%s,%s,%s,%s) ON CONFLICT (artist_id,date) DO UPDATE SET artist_id=EXCLUDED.artist_id,followers=EXCLUDED.followers,popularity=EXCLUDED.popularity,date=EXCLUDED.date, parameters: ('6wUAn24MOirNVNqQM47fda', 35047, 54, '2023-05-09')
[2023-05-09T18:57:16.629+0000] {sql.py:384} INFO - Rows affected: 1
[2023-05-09T18:57:16.635+0000] {base.py:73} INFO - Using connection ID '***' for task execution.
[2023-05-09T18:57:16.642+0000] {sql.py:375} INFO - Running statement: INSERT INTO artist_fact (artist_id,followers,popularity,date) VALUES (%s,%s,%s,%s) ON CONFLICT (artist_id,date) DO UPDATE SET artist_id=EXCLUDED.artist_id,followers=EXCLUDED.followers,popularity=EXCLUDED.popularity,date=EXCLUDED.date, parameters: ('4KoNbDwbCK9D04dSmYG93E', 26956, 39, '2023-05-09')
[2023-05-09T18:57:16.644+0000] {sql.py:384} INFO - Rows affected: 1
[2023-05-09T18:57:16.651+0000] {base.py:73} INFO - Using connection ID '***' for task execution.
[2023-05-09T18:57:16.658+0000] {sql.py:375} INFO - Running statement: INSERT INTO artist_fact (artist_id,followers,popularity,date) VALUES (%s,%s,%s,%s) ON CONFLICT (artist_id,date) DO UPDATE SET artist_id=EXCLUDED.artist_id,followers=EXCLUDED.followers,popularity=EXCLUDED.popularity,date=EXCLUDED.date, parameters: ('2848adRcxvgWNRcz1g1tQD', 149615, 54, '2023-05-09')
[2023-05-09T18:57:16.659+0000] {sql.py:384} INFO - Rows affected: 1
[2023-05-09T18:57:16.666+0000] {base.py:73} INFO - Using connection ID '***' for task execution.
[2023-05-09T18:57:16.673+0000] {sql.py:375} INFO - Running statement: INSERT INTO artist_fact (artist_id,followers,popularity,date) VALUES (%s,%s,%s,%s) ON CONFLICT (artist_id,date) DO UPDATE SET artist_id=EXCLUDED.artist_id,followers=EXCLUDED.followers,popularity=EXCLUDED.popularity,date=EXCLUDED.date, parameters: ('0QkgnHpxSCOYdTnhUR9S5k', 68856, 50, '2023-05-09')
[2023-05-09T18:57:16.674+0000] {sql.py:384} INFO - Rows affected: 1
[2023-05-09T18:57:16.680+0000] {base.py:73} INFO - Using connection ID '***' for task execution.
[2023-05-09T18:57:16.686+0000] {sql.py:375} INFO - Running statement: INSERT INTO artist_fact (artist_id,followers,popularity,date) VALUES (%s,%s,%s,%s) ON CONFLICT (artist_id,date) DO UPDATE SET artist_id=EXCLUDED.artist_id,followers=EXCLUDED.followers,popularity=EXCLUDED.popularity,date=EXCLUDED.date, parameters: ('3AUIYVmhwrsw8UOPHEv91Z', 65309, 51, '2023-05-09')
[2023-05-09T18:57:16.688+0000] {sql.py:384} INFO - Rows affected: 1
[2023-05-09T18:57:16.694+0000] {base.py:73} INFO - Using connection ID '***' for task execution.
[2023-05-09T18:57:16.700+0000] {sql.py:375} INFO - Running statement: INSERT INTO artist_fact (artist_id,followers,popularity,date) VALUES (%s,%s,%s,%s) ON CONFLICT (artist_id,date) DO UPDATE SET artist_id=EXCLUDED.artist_id,followers=EXCLUDED.followers,popularity=EXCLUDED.popularity,date=EXCLUDED.date, parameters: ('71EAlWYAa5jb4phZIOlp7u', 5854, 28, '2023-05-09')
[2023-05-09T18:57:16.702+0000] {sql.py:384} INFO - Rows affected: 1
[2023-05-09T18:57:16.708+0000] {base.py:73} INFO - Using connection ID '***' for task execution.
[2023-05-09T18:57:16.715+0000] {sql.py:375} INFO - Running statement: INSERT INTO artist_fact (artist_id,followers,popularity,date) VALUES (%s,%s,%s,%s) ON CONFLICT (artist_id,date) DO UPDATE SET artist_id=EXCLUDED.artist_id,followers=EXCLUDED.followers,popularity=EXCLUDED.popularity,date=EXCLUDED.date, parameters: ('2GUw9Wzha61PkZoRVv1PDD', 59512, 52, '2023-05-09')
[2023-05-09T18:57:16.717+0000] {sql.py:384} INFO - Rows affected: 1
[2023-05-09T18:57:16.723+0000] {base.py:73} INFO - Using connection ID '***' for task execution.
[2023-05-09T18:57:16.733+0000] {sql.py:375} INFO - Running statement: INSERT INTO artist_fact (artist_id,followers,popularity,date) VALUES (%s,%s,%s,%s) ON CONFLICT (artist_id,date) DO UPDATE SET artist_id=EXCLUDED.artist_id,followers=EXCLUDED.followers,popularity=EXCLUDED.popularity,date=EXCLUDED.date, parameters: ('3wDeS1sr05fxaOeiJJrOnL', 31336, 51, '2023-05-09')
[2023-05-09T18:57:16.735+0000] {sql.py:384} INFO - Rows affected: 1
[2023-05-09T18:57:16.741+0000] {base.py:73} INFO - Using connection ID '***' for task execution.
[2023-05-09T18:57:16.748+0000] {sql.py:375} INFO - Running statement: INSERT INTO artist_fact (artist_id,followers,popularity,date) VALUES (%s,%s,%s,%s) ON CONFLICT (artist_id,date) DO UPDATE SET artist_id=EXCLUDED.artist_id,followers=EXCLUDED.followers,popularity=EXCLUDED.popularity,date=EXCLUDED.date, parameters: ('1OP39gZ2SXVnwg4NrARmsu', 4529, 31, '2023-05-09')
[2023-05-09T18:57:16.751+0000] {sql.py:384} INFO - Rows affected: 1
[2023-05-09T18:57:16.757+0000] {base.py:73} INFO - Using connection ID '***' for task execution.
[2023-05-09T18:57:16.763+0000] {sql.py:375} INFO - Running statement: INSERT INTO artist_fact (artist_id,followers,popularity,date) VALUES (%s,%s,%s,%s) ON CONFLICT (artist_id,date) DO UPDATE SET artist_id=EXCLUDED.artist_id,followers=EXCLUDED.followers,popularity=EXCLUDED.popularity,date=EXCLUDED.date, parameters: ('1vwwjIPFeYoRfAUCqqO6cZ', 43893, 52, '2023-05-09')
[2023-05-09T18:57:16.764+0000] {sql.py:384} INFO - Rows affected: 1
[2023-05-09T18:57:16.771+0000] {base.py:73} INFO - Using connection ID '***' for task execution.
[2023-05-09T18:57:16.778+0000] {sql.py:375} INFO - Running statement: INSERT INTO artist_fact (artist_id,followers,popularity,date) VALUES (%s,%s,%s,%s) ON CONFLICT (artist_id,date) DO UPDATE SET artist_id=EXCLUDED.artist_id,followers=EXCLUDED.followers,popularity=EXCLUDED.popularity,date=EXCLUDED.date, parameters: ('2Ci3Sflo2BfC77wTwn2hbH', 38953, 40, '2023-05-09')
[2023-05-09T18:57:16.779+0000] {sql.py:384} INFO - Rows affected: 1
[2023-05-09T18:57:16.786+0000] {base.py:73} INFO - Using connection ID '***' for task execution.
[2023-05-09T18:57:16.792+0000] {sql.py:375} INFO - Running statement: INSERT INTO artist_fact (artist_id,followers,popularity,date) VALUES (%s,%s,%s,%s) ON CONFLICT (artist_id,date) DO UPDATE SET artist_id=EXCLUDED.artist_id,followers=EXCLUDED.followers,popularity=EXCLUDED.popularity,date=EXCLUDED.date, parameters: ('670UISOh9XV1zlq5z5IfoY', 20692, 49, '2023-05-09')
[2023-05-09T18:57:16.795+0000] {sql.py:384} INFO - Rows affected: 1
[2023-05-09T18:57:16.804+0000] {base.py:73} INFO - Using connection ID '***' for task execution.
[2023-05-09T18:57:16.812+0000] {sql.py:375} INFO - Running statement: INSERT INTO artist_fact (artist_id,followers,popularity,date) VALUES (%s,%s,%s,%s) ON CONFLICT (artist_id,date) DO UPDATE SET artist_id=EXCLUDED.artist_id,followers=EXCLUDED.followers,popularity=EXCLUDED.popularity,date=EXCLUDED.date, parameters: ('3QZxOYl5zlZtfigtXOZsfT', 26532, 36, '2023-05-09')
[2023-05-09T18:57:16.814+0000] {sql.py:384} INFO - Rows affected: 1
[2023-05-09T18:57:16.821+0000] {base.py:73} INFO - Using connection ID '***' for task execution.
[2023-05-09T18:57:16.829+0000] {sql.py:375} INFO - Running statement: INSERT INTO artist_fact (artist_id,followers,popularity,date) VALUES (%s,%s,%s,%s) ON CONFLICT (artist_id,date) DO UPDATE SET artist_id=EXCLUDED.artist_id,followers=EXCLUDED.followers,popularity=EXCLUDED.popularity,date=EXCLUDED.date, parameters: ('2AfU5LYBVCiCtuCCfM7uVX', 597525, 61, '2023-05-09')
[2023-05-09T18:57:16.830+0000] {sql.py:384} INFO - Rows affected: 1
[2023-05-09T18:57:16.838+0000] {base.py:73} INFO - Using connection ID '***' for task execution.
[2023-05-09T18:57:16.845+0000] {sql.py:375} INFO - Running statement: INSERT INTO artist_fact (artist_id,followers,popularity,date) VALUES (%s,%s,%s,%s) ON CONFLICT (artist_id,date) DO UPDATE SET artist_id=EXCLUDED.artist_id,followers=EXCLUDED.followers,popularity=EXCLUDED.popularity,date=EXCLUDED.date, parameters: ('7MigDh04CCntQbsBvugEmb', 113455, 61, '2023-05-09')
[2023-05-09T18:57:16.846+0000] {sql.py:384} INFO - Rows affected: 1
[2023-05-09T18:57:16.854+0000] {base.py:73} INFO - Using connection ID '***' for task execution.
[2023-05-09T18:57:16.861+0000] {sql.py:375} INFO - Running statement: INSERT INTO artist_fact (artist_id,followers,popularity,date) VALUES (%s,%s,%s,%s) ON CONFLICT (artist_id,date) DO UPDATE SET artist_id=EXCLUDED.artist_id,followers=EXCLUDED.followers,popularity=EXCLUDED.popularity,date=EXCLUDED.date, parameters: ('1tQu5TjcAK68fx8qrc8ZgF', 74417, 51, '2023-05-09')
[2023-05-09T18:57:16.862+0000] {sql.py:384} INFO - Rows affected: 1
[2023-05-09T18:57:16.869+0000] {base.py:73} INFO - Using connection ID '***' for task execution.
[2023-05-09T18:57:16.877+0000] {sql.py:375} INFO - Running statement: INSERT INTO artist_fact (artist_id,followers,popularity,date) VALUES (%s,%s,%s,%s) ON CONFLICT (artist_id,date) DO UPDATE SET artist_id=EXCLUDED.artist_id,followers=EXCLUDED.followers,popularity=EXCLUDED.popularity,date=EXCLUDED.date, parameters: ('0Kx7qYhFiv0YD5lxEG1nsz', 5144, 25, '2023-05-09')
[2023-05-09T18:57:16.878+0000] {sql.py:384} INFO - Rows affected: 1
[2023-05-09T18:57:16.885+0000] {base.py:73} INFO - Using connection ID '***' for task execution.
[2023-05-09T18:57:16.891+0000] {sql.py:375} INFO - Running statement: INSERT INTO artist_fact (artist_id,followers,popularity,date) VALUES (%s,%s,%s,%s) ON CONFLICT (artist_id,date) DO UPDATE SET artist_id=EXCLUDED.artist_id,followers=EXCLUDED.followers,popularity=EXCLUDED.popularity,date=EXCLUDED.date, parameters: ('5ibWbhA0IkPT3xCN0YicRL', 6562, 52, '2023-05-09')
[2023-05-09T18:57:16.893+0000] {sql.py:384} INFO - Rows affected: 1
[2023-05-09T18:57:16.899+0000] {base.py:73} INFO - Using connection ID '***' for task execution.
[2023-05-09T18:57:16.908+0000] {sql.py:375} INFO - Running statement: INSERT INTO artist_fact (artist_id,followers,popularity,date) VALUES (%s,%s,%s,%s) ON CONFLICT (artist_id,date) DO UPDATE SET artist_id=EXCLUDED.artist_id,followers=EXCLUDED.followers,popularity=EXCLUDED.popularity,date=EXCLUDED.date, parameters: ('7naAJDAh7AZnf18YYfQruM', 295610, 60, '2023-05-09')
[2023-05-09T18:57:16.910+0000] {sql.py:384} INFO - Rows affected: 1
[2023-05-09T18:57:16.917+0000] {base.py:73} INFO - Using connection ID '***' for task execution.
[2023-05-09T18:57:16.924+0000] {sql.py:375} INFO - Running statement: INSERT INTO artist_fact (artist_id,followers,popularity,date) VALUES (%s,%s,%s,%s) ON CONFLICT (artist_id,date) DO UPDATE SET artist_id=EXCLUDED.artist_id,followers=EXCLUDED.followers,popularity=EXCLUDED.popularity,date=EXCLUDED.date, parameters: ('6fHEaFnFgMxMAtDt7mFoQ3', 13972, 41, '2023-05-09')
[2023-05-09T18:57:16.925+0000] {sql.py:384} INFO - Rows affected: 1
[2023-05-09T18:57:16.931+0000] {base.py:73} INFO - Using connection ID '***' for task execution.
[2023-05-09T18:57:16.937+0000] {sql.py:375} INFO - Running statement: INSERT INTO artist_fact (artist_id,followers,popularity,date) VALUES (%s,%s,%s,%s) ON CONFLICT (artist_id,date) DO UPDATE SET artist_id=EXCLUDED.artist_id,followers=EXCLUDED.followers,popularity=EXCLUDED.popularity,date=EXCLUDED.date, parameters: ('0S7eN9KAsbAaIZtFyCn1q1', 41780, 60, '2023-05-09')
[2023-05-09T18:57:16.939+0000] {sql.py:384} INFO - Rows affected: 1
[2023-05-09T18:57:16.945+0000] {base.py:73} INFO - Using connection ID '***' for task execution.
[2023-05-09T18:57:16.952+0000] {sql.py:375} INFO - Running statement: INSERT INTO artist_fact (artist_id,followers,popularity,date) VALUES (%s,%s,%s,%s) ON CONFLICT (artist_id,date) DO UPDATE SET artist_id=EXCLUDED.artist_id,followers=EXCLUDED.followers,popularity=EXCLUDED.popularity,date=EXCLUDED.date, parameters: ('4X8TR9pBFyewFlIDYt1o2s', 19605, 52, '2023-05-09')
[2023-05-09T18:57:16.953+0000] {sql.py:384} INFO - Rows affected: 1
[2023-05-09T18:57:16.960+0000] {base.py:73} INFO - Using connection ID '***' for task execution.
[2023-05-09T18:57:16.966+0000] {sql.py:375} INFO - Running statement: INSERT INTO artist_fact (artist_id,followers,popularity,date) VALUES (%s,%s,%s,%s) ON CONFLICT (artist_id,date) DO UPDATE SET artist_id=EXCLUDED.artist_id,followers=EXCLUDED.followers,popularity=EXCLUDED.popularity,date=EXCLUDED.date, parameters: ('5UrcghjIlj83Jf7QjZfBhZ', 89, 22, '2023-05-09')
[2023-05-09T18:57:16.968+0000] {sql.py:384} INFO - Rows affected: 1
[2023-05-09T18:57:16.975+0000] {base.py:73} INFO - Using connection ID '***' for task execution.
[2023-05-09T18:57:16.982+0000] {sql.py:375} INFO - Running statement: INSERT INTO artist_fact (artist_id,followers,popularity,date) VALUES (%s,%s,%s,%s) ON CONFLICT (artist_id,date) DO UPDATE SET artist_id=EXCLUDED.artist_id,followers=EXCLUDED.followers,popularity=EXCLUDED.popularity,date=EXCLUDED.date, parameters: ('3pob90yrusjcbgSYFKaeAk', 6148, 32, '2023-05-09')
[2023-05-09T18:57:16.984+0000] {sql.py:384} INFO - Rows affected: 1
[2023-05-09T18:57:16.991+0000] {base.py:73} INFO - Using connection ID '***' for task execution.
[2023-05-09T18:57:16.997+0000] {sql.py:375} INFO - Running statement: INSERT INTO artist_fact (artist_id,followers,popularity,date) VALUES (%s,%s,%s,%s) ON CONFLICT (artist_id,date) DO UPDATE SET artist_id=EXCLUDED.artist_id,followers=EXCLUDED.followers,popularity=EXCLUDED.popularity,date=EXCLUDED.date, parameters: ('7BoBxrm9jJ7us6U92oqr4N', 794, 24, '2023-05-09')
[2023-05-09T18:57:16.999+0000] {sql.py:384} INFO - Rows affected: 1
[2023-05-09T18:57:17.005+0000] {base.py:73} INFO - Using connection ID '***' for task execution.
[2023-05-09T18:57:17.011+0000] {sql.py:375} INFO - Running statement: INSERT INTO artist_fact (artist_id,followers,popularity,date) VALUES (%s,%s,%s,%s) ON CONFLICT (artist_id,date) DO UPDATE SET artist_id=EXCLUDED.artist_id,followers=EXCLUDED.followers,popularity=EXCLUDED.popularity,date=EXCLUDED.date, parameters: ('1fsCfvdiomqjKJFR6xI8e4', 109859, 56, '2023-05-09')
[2023-05-09T18:57:17.013+0000] {sql.py:384} INFO - Rows affected: 1
[2023-05-09T18:57:17.020+0000] {base.py:73} INFO - Using connection ID '***' for task execution.
[2023-05-09T18:57:17.027+0000] {sql.py:375} INFO - Running statement: INSERT INTO artist_fact (artist_id,followers,popularity,date) VALUES (%s,%s,%s,%s) ON CONFLICT (artist_id,date) DO UPDATE SET artist_id=EXCLUDED.artist_id,followers=EXCLUDED.followers,popularity=EXCLUDED.popularity,date=EXCLUDED.date, parameters: ('61qMnYXa1GxSBoV3IiYKjZ', 520620, 55, '2023-05-09')
[2023-05-09T18:57:17.029+0000] {sql.py:384} INFO - Rows affected: 1
[2023-05-09T18:57:17.036+0000] {base.py:73} INFO - Using connection ID '***' for task execution.
[2023-05-09T18:57:17.043+0000] {sql.py:375} INFO - Running statement: INSERT INTO artist_fact (artist_id,followers,popularity,date) VALUES (%s,%s,%s,%s) ON CONFLICT (artist_id,date) DO UPDATE SET artist_id=EXCLUDED.artist_id,followers=EXCLUDED.followers,popularity=EXCLUDED.popularity,date=EXCLUDED.date, parameters: ('1KuV6xtFnLPsneN3yBrjFj', 14595, 41, '2023-05-09')
[2023-05-09T18:57:17.045+0000] {sql.py:384} INFO - Rows affected: 1
[2023-05-09T18:57:17.052+0000] {base.py:73} INFO - Using connection ID '***' for task execution.
[2023-05-09T18:57:17.058+0000] {sql.py:375} INFO - Running statement: INSERT INTO artist_fact (artist_id,followers,popularity,date) VALUES (%s,%s,%s,%s) ON CONFLICT (artist_id,date) DO UPDATE SET artist_id=EXCLUDED.artist_id,followers=EXCLUDED.followers,popularity=EXCLUDED.popularity,date=EXCLUDED.date, parameters: ('7wSr4otUV4ytUvHE4w3rBe', 41548, 31, '2023-05-09')
[2023-05-09T18:57:17.060+0000] {sql.py:384} INFO - Rows affected: 1
[2023-05-09T18:57:17.067+0000] {base.py:73} INFO - Using connection ID '***' for task execution.
[2023-05-09T18:57:17.073+0000] {sql.py:375} INFO - Running statement: INSERT INTO artist_fact (artist_id,followers,popularity,date) VALUES (%s,%s,%s,%s) ON CONFLICT (artist_id,date) DO UPDATE SET artist_id=EXCLUDED.artist_id,followers=EXCLUDED.followers,popularity=EXCLUDED.popularity,date=EXCLUDED.date, parameters: ('7HfUJxeVTgrvhk0eWHFzV7', 56326, 47, '2023-05-09')
[2023-05-09T18:57:17.075+0000] {sql.py:384} INFO - Rows affected: 1
[2023-05-09T18:57:17.081+0000] {base.py:73} INFO - Using connection ID '***' for task execution.
[2023-05-09T18:57:17.087+0000] {sql.py:375} INFO - Running statement: INSERT INTO artist_fact (artist_id,followers,popularity,date) VALUES (%s,%s,%s,%s) ON CONFLICT (artist_id,date) DO UPDATE SET artist_id=EXCLUDED.artist_id,followers=EXCLUDED.followers,popularity=EXCLUDED.popularity,date=EXCLUDED.date, parameters: ('4HAfqyKr4Sqtab6ttHWXgE', 100035, 57, '2023-05-09')
[2023-05-09T18:57:17.089+0000] {sql.py:384} INFO - Rows affected: 1
[2023-05-09T18:57:17.096+0000] {base.py:73} INFO - Using connection ID '***' for task execution.
[2023-05-09T18:57:17.103+0000] {sql.py:375} INFO - Running statement: INSERT INTO artist_fact (artist_id,followers,popularity,date) VALUES (%s,%s,%s,%s) ON CONFLICT (artist_id,date) DO UPDATE SET artist_id=EXCLUDED.artist_id,followers=EXCLUDED.followers,popularity=EXCLUDED.popularity,date=EXCLUDED.date, parameters: ('27w1NoOLMX7tJMYqcetPyG', 606695, 61, '2023-05-09')
[2023-05-09T18:57:17.105+0000] {sql.py:384} INFO - Rows affected: 1
[2023-05-09T18:57:17.113+0000] {base.py:73} INFO - Using connection ID '***' for task execution.
[2023-05-09T18:57:17.120+0000] {sql.py:375} INFO - Running statement: INSERT INTO artist_fact (artist_id,followers,popularity,date) VALUES (%s,%s,%s,%s) ON CONFLICT (artist_id,date) DO UPDATE SET artist_id=EXCLUDED.artist_id,followers=EXCLUDED.followers,popularity=EXCLUDED.popularity,date=EXCLUDED.date, parameters: ('5G9kmDLg3OeUyj8KVBLzbu', 554868, 67, '2023-05-09')
[2023-05-09T18:57:17.121+0000] {sql.py:384} INFO - Rows affected: 1
[2023-05-09T18:57:17.128+0000] {base.py:73} INFO - Using connection ID '***' for task execution.
[2023-05-09T18:57:17.135+0000] {sql.py:375} INFO - Running statement: INSERT INTO artist_fact (artist_id,followers,popularity,date) VALUES (%s,%s,%s,%s) ON CONFLICT (artist_id,date) DO UPDATE SET artist_id=EXCLUDED.artist_id,followers=EXCLUDED.followers,popularity=EXCLUDED.popularity,date=EXCLUDED.date, parameters: ('7vSY9HEreOqb1Llar3UC38', 199990, 55, '2023-05-09')
[2023-05-09T18:57:17.136+0000] {sql.py:384} INFO - Rows affected: 1
[2023-05-09T18:57:17.143+0000] {base.py:73} INFO - Using connection ID '***' for task execution.
[2023-05-09T18:57:17.151+0000] {sql.py:375} INFO - Running statement: INSERT INTO artist_fact (artist_id,followers,popularity,date) VALUES (%s,%s,%s,%s) ON CONFLICT (artist_id,date) DO UPDATE SET artist_id=EXCLUDED.artist_id,followers=EXCLUDED.followers,popularity=EXCLUDED.popularity,date=EXCLUDED.date, parameters: ('7FngGIEGgN3Iwauw1MvO4P', 404376, 60, '2023-05-09')
[2023-05-09T18:57:17.153+0000] {sql.py:384} INFO - Rows affected: 1
[2023-05-09T18:57:17.160+0000] {base.py:73} INFO - Using connection ID '***' for task execution.
[2023-05-09T18:57:17.166+0000] {sql.py:375} INFO - Running statement: INSERT INTO artist_fact (artist_id,followers,popularity,date) VALUES (%s,%s,%s,%s) ON CONFLICT (artist_id,date) DO UPDATE SET artist_id=EXCLUDED.artist_id,followers=EXCLUDED.followers,popularity=EXCLUDED.popularity,date=EXCLUDED.date, parameters: ('1N9JxmOPJqhMCw219uoEi8', 6154, 33, '2023-05-09')
[2023-05-09T18:57:17.169+0000] {sql.py:384} INFO - Rows affected: 1
[2023-05-09T18:57:17.175+0000] {base.py:73} INFO - Using connection ID '***' for task execution.
[2023-05-09T18:57:17.183+0000] {sql.py:375} INFO - Running statement: INSERT INTO artist_fact (artist_id,followers,popularity,date) VALUES (%s,%s,%s,%s) ON CONFLICT (artist_id,date) DO UPDATE SET artist_id=EXCLUDED.artist_id,followers=EXCLUDED.followers,popularity=EXCLUDED.popularity,date=EXCLUDED.date, parameters: ('5VfSeZYcDwD8WQVwbaoL6z', 5324, 29, '2023-05-09')
[2023-05-09T18:57:17.184+0000] {sql.py:384} INFO - Rows affected: 1
[2023-05-09T18:57:17.190+0000] {base.py:73} INFO - Using connection ID '***' for task execution.
[2023-05-09T18:57:17.198+0000] {sql.py:375} INFO - Running statement: INSERT INTO artist_fact (artist_id,followers,popularity,date) VALUES (%s,%s,%s,%s) ON CONFLICT (artist_id,date) DO UPDATE SET artist_id=EXCLUDED.artist_id,followers=EXCLUDED.followers,popularity=EXCLUDED.popularity,date=EXCLUDED.date, parameters: ('5JZPSVFMUk4HGDdx68lN77', 7213, 32, '2023-05-09')
[2023-05-09T18:57:17.200+0000] {sql.py:384} INFO - Rows affected: 1
[2023-05-09T18:57:17.220+0000] {base.py:73} INFO - Using connection ID '***' for task execution.
[2023-05-09T18:57:17.230+0000] {sql.py:375} INFO - Running statement: INSERT INTO artist_fact (artist_id,followers,popularity,date) VALUES (%s,%s,%s,%s) ON CONFLICT (artist_id,date) DO UPDATE SET artist_id=EXCLUDED.artist_id,followers=EXCLUDED.followers,popularity=EXCLUDED.popularity,date=EXCLUDED.date, parameters: ('6rEjEIfp3NSRteU3kJGSET', 10949, 42, '2023-05-09')
[2023-05-09T18:57:17.232+0000] {sql.py:384} INFO - Rows affected: 1
[2023-05-09T18:57:17.246+0000] {base.py:73} INFO - Using connection ID '***' for task execution.
[2023-05-09T18:57:17.257+0000] {sql.py:375} INFO - Running statement: INSERT INTO artist_fact (artist_id,followers,popularity,date) VALUES (%s,%s,%s,%s) ON CONFLICT (artist_id,date) DO UPDATE SET artist_id=EXCLUDED.artist_id,followers=EXCLUDED.followers,popularity=EXCLUDED.popularity,date=EXCLUDED.date, parameters: ('2IDLDx25HU1nQMKde4n61a', 2155829, 69, '2023-05-09')
[2023-05-09T18:57:17.259+0000] {sql.py:384} INFO - Rows affected: 1
[2023-05-09T18:57:17.268+0000] {base.py:73} INFO - Using connection ID '***' for task execution.
[2023-05-09T18:57:17.276+0000] {sql.py:375} INFO - Running statement: INSERT INTO artist_fact (artist_id,followers,popularity,date) VALUES (%s,%s,%s,%s) ON CONFLICT (artist_id,date) DO UPDATE SET artist_id=EXCLUDED.artist_id,followers=EXCLUDED.followers,popularity=EXCLUDED.popularity,date=EXCLUDED.date, parameters: ('1AhjOkOLkbHUfcHDSErXQs', 893241, 67, '2023-05-09')
[2023-05-09T18:57:17.277+0000] {sql.py:384} INFO - Rows affected: 1
[2023-05-09T18:57:17.279+0000] {python.py:183} INFO - Done. Returned value was: None
[2023-05-09T18:57:17.291+0000] {taskinstance.py:1373} INFO - Marking task as SUCCESS. dag_id=Summer_Warped_ETL, task_id=LoadData.LoadArtistFact, execution_date=20230509T185612, start_date=20230509T185715, end_date=20230509T185717
[2023-05-09T18:57:17.345+0000] {local_task_job_runner.py:232} INFO - Task exited with return code 0
[2023-05-09T18:57:17.374+0000] {taskinstance.py:2674} INFO - 0 downstream tasks scheduled from follow-on schedule check
