[2023-05-08T16:03:14.987+0000] {taskinstance.py:1125} INFO - Dependencies all met for dep_context=non-requeueable deps ti=<TaskInstance: Summer_Warped_ETL.LoadData.LoadArtistDim manual__2023-05-08T15:48:40.629167+00:00 [queued]>
[2023-05-08T16:03:14.993+0000] {taskinstance.py:1125} INFO - Dependencies all met for dep_context=requeueable deps ti=<TaskInstance: Summer_Warped_ETL.LoadData.LoadArtistDim manual__2023-05-08T15:48:40.629167+00:00 [queued]>
[2023-05-08T16:03:14.993+0000] {taskinstance.py:1331} INFO - Starting attempt 2 of 4
[2023-05-08T16:03:15.001+0000] {taskinstance.py:1350} INFO - Executing <Task(PythonOperator): LoadData.LoadArtistDim> on 2023-05-08 15:48:40.629167+00:00
[2023-05-08T16:03:15.006+0000] {standard_task_runner.py:57} INFO - Started process 586 to run task
[2023-05-08T16:03:15.010+0000] {standard_task_runner.py:84} INFO - Running: ['***', 'tasks', 'run', 'Summer_Warped_ETL', 'LoadData.LoadArtistDim', 'manual__2023-05-08T15:48:40.629167+00:00', '--job-id', '2422', '--raw', '--subdir', 'DAGS_FOLDER/warped-dag.py', '--cfg-path', '/tmp/tmp7vmp9c5l']
[2023-05-08T16:03:15.011+0000] {standard_task_runner.py:85} INFO - Job 2422: Subtask LoadData.LoadArtistDim
[2023-05-08T16:03:15.053+0000] {task_command.py:410} INFO - Running <TaskInstance: Summer_Warped_ETL.LoadData.LoadArtistDim manual__2023-05-08T15:48:40.629167+00:00 [running]> on host 7b4753e133cb
[2023-05-08T16:03:15.141+0000] {taskinstance.py:1570} INFO - Exporting env vars: AIRFLOW_CTX_DAG_OWNER='Ananta Moharana' AIRFLOW_CTX_DAG_ID='Summer_Warped_ETL' AIRFLOW_CTX_TASK_ID='LoadData.LoadArtistDim' AIRFLOW_CTX_EXECUTION_DATE='2023-05-08T15:48:40.629167+00:00' AIRFLOW_CTX_TRY_NUMBER='2' AIRFLOW_CTX_DAG_RUN_ID='manual__2023-05-08T15:48:40.629167+00:00'
[2023-05-08T16:03:15.144+0000] {logging_mixin.py:149} INFO - 2023-05/artist_dim.csv
[2023-05-08T16:03:15.153+0000] {base.py:73} INFO - Using connection ID 'aws_connection' for task execution.
[2023-05-08T16:03:15.154+0000] {connection_wrapper.py:337} INFO - AWS Connection (conn_id='aws_connection', conn_type='aws') credentials retrieved from login and password.
[2023-05-08T16:03:15.370+0000] {logging_mixin.py:149} INFO -         artist_name               artist_id        genre
0              Zaia  1m0t5VYISq6TcyMo7UqLMz  atl hip hop
1  nothing,nowhere.  7FngGIEGgN3Iwauw1MvO4P    cloud rap
2          brakence  4kqFrZkeqDfOIEqTWqbOOV   glitchcore
3        Marco Luka  4tjqHer0BFQbJ1FVyWhffM          NaN
4               Sky  62UdSpLGWjDU75OAFKLxWV          NaN
[2023-05-08T16:03:15.370+0000] {logging_mixin.py:149} INFO - INSERT INTO artist_dim (artist_name,artist_id,genre) VALUES (%s,%s,%s) ON CONFLICT (artist_id) DO UPDATE SET artist_name=EXCLUDED.artist_name,artist_id=EXCLUDED.artist_id,genre=EXCLUDED.genre
[2023-05-08T16:03:15.376+0000] {base.py:73} INFO - Using connection ID '***' for task execution.
[2023-05-08T16:03:15.383+0000] {sql.py:375} INFO - Running statement: INSERT INTO artist_dim (artist_name,artist_id,genre) VALUES (%s,%s,%s) ON CONFLICT (artist_id) DO UPDATE SET artist_name=EXCLUDED.artist_name,artist_id=EXCLUDED.artist_id,genre=EXCLUDED.genre, parameters: ('Zaia', '1m0t5VYISq6TcyMo7UqLMz', 'atl hip hop')
[2023-05-08T16:03:15.385+0000] {sql.py:384} INFO - Rows affected: 1
[2023-05-08T16:03:15.392+0000] {base.py:73} INFO - Using connection ID '***' for task execution.
[2023-05-08T16:03:15.399+0000] {sql.py:375} INFO - Running statement: INSERT INTO artist_dim (artist_name,artist_id,genre) VALUES (%s,%s,%s) ON CONFLICT (artist_id) DO UPDATE SET artist_name=EXCLUDED.artist_name,artist_id=EXCLUDED.artist_id,genre=EXCLUDED.genre, parameters: ('nothing,nowhere.', '7FngGIEGgN3Iwauw1MvO4P', 'cloud rap')
[2023-05-08T16:03:15.400+0000] {sql.py:384} INFO - Rows affected: 1
[2023-05-08T16:03:15.407+0000] {base.py:73} INFO - Using connection ID '***' for task execution.
[2023-05-08T16:03:15.415+0000] {sql.py:375} INFO - Running statement: INSERT INTO artist_dim (artist_name,artist_id,genre) VALUES (%s,%s,%s) ON CONFLICT (artist_id) DO UPDATE SET artist_name=EXCLUDED.artist_name,artist_id=EXCLUDED.artist_id,genre=EXCLUDED.genre, parameters: ('brakence', '4kqFrZkeqDfOIEqTWqbOOV', 'glitchcore')
[2023-05-08T16:03:15.417+0000] {sql.py:384} INFO - Rows affected: 1
[2023-05-08T16:03:15.424+0000] {base.py:73} INFO - Using connection ID '***' for task execution.
[2023-05-08T16:03:15.431+0000] {sql.py:375} INFO - Running statement: INSERT INTO artist_dim (artist_name,artist_id,genre) VALUES (%s,%s,%s) ON CONFLICT (artist_id) DO UPDATE SET artist_name=EXCLUDED.artist_name,artist_id=EXCLUDED.artist_id,genre=EXCLUDED.genre, parameters: ('Marco Luka', '4tjqHer0BFQbJ1FVyWhffM', nan)
[2023-05-08T16:03:15.433+0000] {sql.py:384} INFO - Rows affected: 1
[2023-05-08T16:03:15.439+0000] {base.py:73} INFO - Using connection ID '***' for task execution.
[2023-05-08T16:03:15.447+0000] {sql.py:375} INFO - Running statement: INSERT INTO artist_dim (artist_name,artist_id,genre) VALUES (%s,%s,%s) ON CONFLICT (artist_id) DO UPDATE SET artist_name=EXCLUDED.artist_name,artist_id=EXCLUDED.artist_id,genre=EXCLUDED.genre, parameters: ('Sky', '62UdSpLGWjDU75OAFKLxWV', nan)
[2023-05-08T16:03:15.449+0000] {sql.py:384} INFO - Rows affected: 1
[2023-05-08T16:03:15.455+0000] {base.py:73} INFO - Using connection ID '***' for task execution.
[2023-05-08T16:03:15.463+0000] {sql.py:375} INFO - Running statement: INSERT INTO artist_dim (artist_name,artist_id,genre) VALUES (%s,%s,%s) ON CONFLICT (artist_id) DO UPDATE SET artist_name=EXCLUDED.artist_name,artist_id=EXCLUDED.artist_id,genre=EXCLUDED.genre, parameters: ('abbot', '0Ro9LZA0sRl1FG66KgsA1u', nan)
[2023-05-08T16:03:15.464+0000] {sql.py:384} INFO - Rows affected: 1
[2023-05-08T16:03:15.472+0000] {base.py:73} INFO - Using connection ID '***' for task execution.
[2023-05-08T16:03:15.478+0000] {sql.py:375} INFO - Running statement: INSERT INTO artist_dim (artist_name,artist_id,genre) VALUES (%s,%s,%s) ON CONFLICT (artist_id) DO UPDATE SET artist_name=EXCLUDED.artist_name,artist_id=EXCLUDED.artist_id,genre=EXCLUDED.genre, parameters: ('guardin', '6zqcGQ6MH6yetBUoquMnL7', 'cloud rap')
[2023-05-08T16:03:15.480+0000] {sql.py:384} INFO - Rows affected: 1
[2023-05-08T16:03:15.487+0000] {base.py:73} INFO - Using connection ID '***' for task execution.
[2023-05-08T16:03:15.494+0000] {sql.py:375} INFO - Running statement: INSERT INTO artist_dim (artist_name,artist_id,genre) VALUES (%s,%s,%s) ON CONFLICT (artist_id) DO UPDATE SET artist_name=EXCLUDED.artist_name,artist_id=EXCLUDED.artist_id,genre=EXCLUDED.genre, parameters: ('gravehours', '5cwtCGap3COvJNt1yineor', nan)
[2023-05-08T16:03:15.495+0000] {sql.py:384} INFO - Rows affected: 1
[2023-05-08T16:03:15.503+0000] {base.py:73} INFO - Using connection ID '***' for task execution.
[2023-05-08T16:03:15.511+0000] {sql.py:375} INFO - Running statement: INSERT INTO artist_dim (artist_name,artist_id,genre) VALUES (%s,%s,%s) ON CONFLICT (artist_id) DO UPDATE SET artist_name=EXCLUDED.artist_name,artist_id=EXCLUDED.artist_id,genre=EXCLUDED.genre, parameters: ('50landing', '5aTRa02UP1y6PW5klZiTt0', nan)
[2023-05-08T16:03:15.514+0000] {sql.py:384} INFO - Rows affected: 1
[2023-05-08T16:03:15.521+0000] {base.py:73} INFO - Using connection ID '***' for task execution.
[2023-05-08T16:03:15.530+0000] {sql.py:375} INFO - Running statement: INSERT INTO artist_dim (artist_name,artist_id,genre) VALUES (%s,%s,%s) ON CONFLICT (artist_id) DO UPDATE SET artist_name=EXCLUDED.artist_name,artist_id=EXCLUDED.artist_id,genre=EXCLUDED.genre, parameters: ('Atlas in Motion', '1N9JxmOPJqhMCw219uoEi8', nan)
[2023-05-08T16:03:15.532+0000] {sql.py:384} INFO - Rows affected: 1
[2023-05-08T16:03:15.542+0000] {base.py:73} INFO - Using connection ID '***' for task execution.
[2023-05-08T16:03:15.550+0000] {sql.py:375} INFO - Running statement: INSERT INTO artist_dim (artist_name,artist_id,genre) VALUES (%s,%s,%s) ON CONFLICT (artist_id) DO UPDATE SET artist_name=EXCLUDED.artist_name,artist_id=EXCLUDED.artist_id,genre=EXCLUDED.genre, parameters: ('93FEETOFSMOKE', '0plNgbIlOc13T8ot3vyK79', 'cloud rap')
[2023-05-08T16:03:15.551+0000] {sql.py:384} INFO - Rows affected: 1
[2023-05-08T16:03:15.560+0000] {base.py:73} INFO - Using connection ID '***' for task execution.
[2023-05-08T16:03:15.573+0000] {sql.py:375} INFO - Running statement: INSERT INTO artist_dim (artist_name,artist_id,genre) VALUES (%s,%s,%s) ON CONFLICT (artist_id) DO UPDATE SET artist_name=EXCLUDED.artist_name,artist_id=EXCLUDED.artist_id,genre=EXCLUDED.genre, parameters: ('brody', '0t7bbGUdyq3urfDddwXhdY', 'emo rap')
[2023-05-08T16:03:15.586+0000] {sql.py:384} INFO - Rows affected: 1
[2023-05-08T16:03:15.606+0000] {base.py:73} INFO - Using connection ID '***' for task execution.
[2023-05-08T16:03:15.614+0000] {sql.py:375} INFO - Running statement: INSERT INTO artist_dim (artist_name,artist_id,genre) VALUES (%s,%s,%s) ON CONFLICT (artist_id) DO UPDATE SET artist_name=EXCLUDED.artist_name,artist_id=EXCLUDED.artist_id,genre=EXCLUDED.genre, parameters: ('Roderick Porter', '7Lcln0AXqNHMahrca8KVpy', 'aesthetic rap')
[2023-05-08T16:03:15.615+0000] {sql.py:384} INFO - Rows affected: 1
[2023-05-08T16:03:15.622+0000] {base.py:73} INFO - Using connection ID '***' for task execution.
[2023-05-08T16:03:15.629+0000] {sql.py:375} INFO - Running statement: INSERT INTO artist_dim (artist_name,artist_id,genre) VALUES (%s,%s,%s) ON CONFLICT (artist_id) DO UPDATE SET artist_name=EXCLUDED.artist_name,artist_id=EXCLUDED.artist_id,genre=EXCLUDED.genre, parameters: ('SypSki', '3XOHHfvBYKCMo1h0DFY27z', nan)
[2023-05-08T16:03:15.631+0000] {sql.py:384} INFO - Rows affected: 1
[2023-05-08T16:03:15.639+0000] {base.py:73} INFO - Using connection ID '***' for task execution.
[2023-05-08T16:03:15.646+0000] {sql.py:375} INFO - Running statement: INSERT INTO artist_dim (artist_name,artist_id,genre) VALUES (%s,%s,%s) ON CONFLICT (artist_id) DO UPDATE SET artist_name=EXCLUDED.artist_name,artist_id=EXCLUDED.artist_id,genre=EXCLUDED.genre, parameters: ('raspy', '1trffosn0Alk3IlloOD5O8', 'pittsburgh rap')
[2023-05-08T16:03:15.648+0000] {sql.py:384} INFO - Rows affected: 1
[2023-05-08T16:03:15.655+0000] {base.py:73} INFO - Using connection ID '***' for task execution.
[2023-05-08T16:03:15.661+0000] {sql.py:375} INFO - Running statement: INSERT INTO artist_dim (artist_name,artist_id,genre) VALUES (%s,%s,%s) ON CONFLICT (artist_id) DO UPDATE SET artist_name=EXCLUDED.artist_name,artist_id=EXCLUDED.artist_id,genre=EXCLUDED.genre, parameters: ('Landon Cube', '04ei5kNgmDuNAydFhhIHnD', 'vapor trap')
[2023-05-08T16:03:15.663+0000] {sql.py:384} INFO - Rows affected: 1
[2023-05-08T16:03:15.670+0000] {base.py:73} INFO - Using connection ID '***' for task execution.
[2023-05-08T16:03:15.676+0000] {sql.py:375} INFO - Running statement: INSERT INTO artist_dim (artist_name,artist_id,genre) VALUES (%s,%s,%s) ON CONFLICT (artist_id) DO UPDATE SET artist_name=EXCLUDED.artist_name,artist_id=EXCLUDED.artist_id,genre=EXCLUDED.genre, parameters: ('Oliver Francis', '0WvTK38rXqPCD5pZMDuX20', 'cloud rap')
[2023-05-08T16:03:15.678+0000] {sql.py:384} INFO - Rows affected: 1
[2023-05-08T16:03:15.686+0000] {base.py:73} INFO - Using connection ID '***' for task execution.
[2023-05-08T16:03:15.693+0000] {sql.py:375} INFO - Running statement: INSERT INTO artist_dim (artist_name,artist_id,genre) VALUES (%s,%s,%s) ON CONFLICT (artist_id) DO UPDATE SET artist_name=EXCLUDED.artist_name,artist_id=EXCLUDED.artist_id,genre=EXCLUDED.genre, parameters: ('Aries', '3hOdow4ZPmrby7Q1wfPLEy', nan)
[2023-05-08T16:03:15.695+0000] {sql.py:384} INFO - Rows affected: 1
[2023-05-08T16:03:15.702+0000] {base.py:73} INFO - Using connection ID '***' for task execution.
[2023-05-08T16:03:15.712+0000] {sql.py:375} INFO - Running statement: INSERT INTO artist_dim (artist_name,artist_id,genre) VALUES (%s,%s,%s) ON CONFLICT (artist_id) DO UPDATE SET artist_name=EXCLUDED.artist_name,artist_id=EXCLUDED.artist_id,genre=EXCLUDED.genre, parameters: ('elias', '7eRBEVzcZk4XyIdF0Btfg4', 'lo-fi rap')
[2023-05-08T16:03:15.714+0000] {sql.py:384} INFO - Rows affected: 1
[2023-05-08T16:03:15.721+0000] {base.py:73} INFO - Using connection ID '***' for task execution.
[2023-05-08T16:03:15.729+0000] {sql.py:375} INFO - Running statement: INSERT INTO artist_dim (artist_name,artist_id,genre) VALUES (%s,%s,%s) ON CONFLICT (artist_id) DO UPDATE SET artist_name=EXCLUDED.artist_name,artist_id=EXCLUDED.artist_id,genre=EXCLUDED.genre, parameters: ('MostlyEverything', '3Ae7AQITxFS0r3yGQHYDJI', 'upstate ny rap')
[2023-05-08T16:03:15.731+0000] {sql.py:384} INFO - Rows affected: 1
[2023-05-08T16:03:15.738+0000] {base.py:73} INFO - Using connection ID '***' for task execution.
[2023-05-08T16:03:15.745+0000] {sql.py:375} INFO - Running statement: INSERT INTO artist_dim (artist_name,artist_id,genre) VALUES (%s,%s,%s) ON CONFLICT (artist_id) DO UPDATE SET artist_name=EXCLUDED.artist_name,artist_id=EXCLUDED.artist_id,genre=EXCLUDED.genre, parameters: ('Foreign Forest', '7C4ztJMkuGRy0qkU6dG5hU', 'emo rap')
[2023-05-08T16:03:15.747+0000] {sql.py:384} INFO - Rows affected: 1
[2023-05-08T16:03:15.762+0000] {base.py:73} INFO - Using connection ID '***' for task execution.
[2023-05-08T16:03:15.769+0000] {sql.py:375} INFO - Running statement: INSERT INTO artist_dim (artist_name,artist_id,genre) VALUES (%s,%s,%s) ON CONFLICT (artist_id) DO UPDATE SET artist_name=EXCLUDED.artist_name,artist_id=EXCLUDED.artist_id,genre=EXCLUDED.genre, parameters: ('Ashes', '0vUk0rbl0BkFjmeFvjOvoj', nan)
[2023-05-08T16:03:15.771+0000] {sql.py:384} INFO - Rows affected: 1
[2023-05-08T16:03:15.784+0000] {base.py:73} INFO - Using connection ID '***' for task execution.
[2023-05-08T16:03:15.790+0000] {sql.py:375} INFO - Running statement: INSERT INTO artist_dim (artist_name,artist_id,genre) VALUES (%s,%s,%s) ON CONFLICT (artist_id) DO UPDATE SET artist_name=EXCLUDED.artist_name,artist_id=EXCLUDED.artist_id,genre=EXCLUDED.genre, parameters: ('blackbear', '2cFrymmkijnjDg9SS92EPM', 'alt z')
[2023-05-08T16:03:15.792+0000] {sql.py:384} INFO - Rows affected: 1
[2023-05-08T16:03:15.800+0000] {base.py:73} INFO - Using connection ID '***' for task execution.
[2023-05-08T16:03:15.807+0000] {sql.py:375} INFO - Running statement: INSERT INTO artist_dim (artist_name,artist_id,genre) VALUES (%s,%s,%s) ON CONFLICT (artist_id) DO UPDATE SET artist_name=EXCLUDED.artist_name,artist_id=EXCLUDED.artist_id,genre=EXCLUDED.genre, parameters: ('6 Dogs', '3Ps6le7tj5BdNtdnfNgTU4', 'cloud rap')
[2023-05-08T16:03:15.810+0000] {sql.py:384} INFO - Rows affected: 1
[2023-05-08T16:03:15.826+0000] {base.py:73} INFO - Using connection ID '***' for task execution.
[2023-05-08T16:03:15.834+0000] {sql.py:375} INFO - Running statement: INSERT INTO artist_dim (artist_name,artist_id,genre) VALUES (%s,%s,%s) ON CONFLICT (artist_id) DO UPDATE SET artist_name=EXCLUDED.artist_name,artist_id=EXCLUDED.artist_id,genre=EXCLUDED.genre, parameters: ('Pretty Pacc', '2QuPPChZpqAai29uqulNFe', nan)
[2023-05-08T16:03:15.836+0000] {sql.py:384} INFO - Rows affected: 1
[2023-05-08T16:03:15.846+0000] {base.py:73} INFO - Using connection ID '***' for task execution.
[2023-05-08T16:03:15.853+0000] {sql.py:375} INFO - Running statement: INSERT INTO artist_dim (artist_name,artist_id,genre) VALUES (%s,%s,%s) ON CONFLICT (artist_id) DO UPDATE SET artist_name=EXCLUDED.artist_name,artist_id=EXCLUDED.artist_id,genre=EXCLUDED.genre, parameters: ('SAIAH', '5ZPYeVqoWNuukwfarvkyJX', nan)
[2023-05-08T16:03:15.855+0000] {sql.py:384} INFO - Rows affected: 1
[2023-05-08T16:03:15.872+0000] {base.py:73} INFO - Using connection ID '***' for task execution.
[2023-05-08T16:03:15.880+0000] {sql.py:375} INFO - Running statement: INSERT INTO artist_dim (artist_name,artist_id,genre) VALUES (%s,%s,%s) ON CONFLICT (artist_id) DO UPDATE SET artist_name=EXCLUDED.artist_name,artist_id=EXCLUDED.artist_id,genre=EXCLUDED.genre, parameters: ('Lucy Fer', '0BxHc5dN9BSfLZ8PCch9wT', nan)
[2023-05-08T16:03:15.881+0000] {sql.py:384} INFO - Rows affected: 1
[2023-05-08T16:03:15.897+0000] {base.py:73} INFO - Using connection ID '***' for task execution.
[2023-05-08T16:03:15.903+0000] {sql.py:375} INFO - Running statement: INSERT INTO artist_dim (artist_name,artist_id,genre) VALUES (%s,%s,%s) ON CONFLICT (artist_id) DO UPDATE SET artist_name=EXCLUDED.artist_name,artist_id=EXCLUDED.artist_id,genre=EXCLUDED.genre, parameters: ('Sleepa', '1iT8Vbd7KhZiBji3G72zDW', nan)
[2023-05-08T16:03:15.905+0000] {sql.py:384} INFO - Rows affected: 1
[2023-05-08T16:03:15.923+0000] {base.py:73} INFO - Using connection ID '***' for task execution.
[2023-05-08T16:03:15.931+0000] {sql.py:375} INFO - Running statement: INSERT INTO artist_dim (artist_name,artist_id,genre) VALUES (%s,%s,%s) ON CONFLICT (artist_id) DO UPDATE SET artist_name=EXCLUDED.artist_name,artist_id=EXCLUDED.artist_id,genre=EXCLUDED.genre, parameters: ('glaive', '4cJKDGSv4Dz9QycXYmo565', 'glitchcore')
[2023-05-08T16:03:15.932+0000] {sql.py:384} INFO - Rows affected: 1
[2023-05-08T16:03:15.951+0000] {base.py:73} INFO - Using connection ID '***' for task execution.
[2023-05-08T16:03:15.964+0000] {sql.py:375} INFO - Running statement: INSERT INTO artist_dim (artist_name,artist_id,genre) VALUES (%s,%s,%s) ON CONFLICT (artist_id) DO UPDATE SET artist_name=EXCLUDED.artist_name,artist_id=EXCLUDED.artist_id,genre=EXCLUDED.genre, parameters: ('kaido', '0UENogXhLeGTZjub4eejjX', 'hyperpop')
[2023-05-08T16:03:15.968+0000] {sql.py:384} INFO - Rows affected: 1
[2023-05-08T16:03:15.980+0000] {base.py:73} INFO - Using connection ID '***' for task execution.
[2023-05-08T16:03:15.988+0000] {sql.py:375} INFO - Running statement: INSERT INTO artist_dim (artist_name,artist_id,genre) VALUES (%s,%s,%s) ON CONFLICT (artist_id) DO UPDATE SET artist_name=EXCLUDED.artist_name,artist_id=EXCLUDED.artist_id,genre=EXCLUDED.genre, parameters: ('kurtains', '7b2FbxYmnpGMPqDe04QmyP', 'emoplugg')
[2023-05-08T16:03:15.990+0000] {sql.py:384} INFO - Rows affected: 1
[2023-05-08T16:03:16.006+0000] {base.py:73} INFO - Using connection ID '***' for task execution.
[2023-05-08T16:03:16.013+0000] {sql.py:375} INFO - Running statement: INSERT INTO artist_dim (artist_name,artist_id,genre) VALUES (%s,%s,%s) ON CONFLICT (artist_id) DO UPDATE SET artist_name=EXCLUDED.artist_name,artist_id=EXCLUDED.artist_id,genre=EXCLUDED.genre, parameters: ('Numl6ck', '2anlj4dNUn9I1VxxmjRHRx', 'glitchcore')
[2023-05-08T16:03:16.015+0000] {sql.py:384} INFO - Rows affected: 1
[2023-05-08T16:03:16.029+0000] {base.py:73} INFO - Using connection ID '***' for task execution.
[2023-05-08T16:03:16.035+0000] {sql.py:375} INFO - Running statement: INSERT INTO artist_dim (artist_name,artist_id,genre) VALUES (%s,%s,%s) ON CONFLICT (artist_id) DO UPDATE SET artist_name=EXCLUDED.artist_name,artist_id=EXCLUDED.artist_id,genre=EXCLUDED.genre, parameters: ('Deadman Era', '4FI4qPOnjt3D8DnJQrNWps', nan)
[2023-05-08T16:03:16.038+0000] {sql.py:384} INFO - Rows affected: 1
[2023-05-08T16:03:16.044+0000] {base.py:73} INFO - Using connection ID '***' for task execution.
[2023-05-08T16:03:16.056+0000] {sql.py:375} INFO - Running statement: INSERT INTO artist_dim (artist_name,artist_id,genre) VALUES (%s,%s,%s) ON CONFLICT (artist_id) DO UPDATE SET artist_name=EXCLUDED.artist_name,artist_id=EXCLUDED.artist_id,genre=EXCLUDED.genre, parameters: ('Lund', '5uLkZ7FWMTBUg1corQqdkR', 'cloud rap')
[2023-05-08T16:03:16.060+0000] {sql.py:384} INFO - Rows affected: 1
[2023-05-08T16:03:16.080+0000] {base.py:73} INFO - Using connection ID '***' for task execution.
[2023-05-08T16:03:16.089+0000] {sql.py:375} INFO - Running statement: INSERT INTO artist_dim (artist_name,artist_id,genre) VALUES (%s,%s,%s) ON CONFLICT (artist_id) DO UPDATE SET artist_name=EXCLUDED.artist_name,artist_id=EXCLUDED.artist_id,genre=EXCLUDED.genre, parameters: ('Lil Cobaine', '0ILo2K3FmfIh4ICcbHE7RK', nan)
[2023-05-08T16:03:16.091+0000] {sql.py:384} INFO - Rows affected: 1
[2023-05-08T16:03:16.103+0000] {base.py:73} INFO - Using connection ID '***' for task execution.
[2023-05-08T16:03:16.111+0000] {sql.py:375} INFO - Running statement: INSERT INTO artist_dim (artist_name,artist_id,genre) VALUES (%s,%s,%s) ON CONFLICT (artist_id) DO UPDATE SET artist_name=EXCLUDED.artist_name,artist_id=EXCLUDED.artist_id,genre=EXCLUDED.genre, parameters: ('ilham', '0r7PsZB4ePA6vHrW4agoGN', nan)
[2023-05-08T16:03:16.113+0000] {sql.py:384} INFO - Rows affected: 1
[2023-05-08T16:03:16.122+0000] {base.py:73} INFO - Using connection ID '***' for task execution.
[2023-05-08T16:03:16.134+0000] {sql.py:375} INFO - Running statement: INSERT INTO artist_dim (artist_name,artist_id,genre) VALUES (%s,%s,%s) ON CONFLICT (artist_id) DO UPDATE SET artist_name=EXCLUDED.artist_name,artist_id=EXCLUDED.artist_id,genre=EXCLUDED.genre, parameters: ('Angelo Mota', '1PpFka2STGQ57kJcgYBgEF', 'indie hip hop')
[2023-05-08T16:03:16.136+0000] {sql.py:384} INFO - Rows affected: 1
[2023-05-08T16:03:16.150+0000] {base.py:73} INFO - Using connection ID '***' for task execution.
[2023-05-08T16:03:16.158+0000] {sql.py:375} INFO - Running statement: INSERT INTO artist_dim (artist_name,artist_id,genre) VALUES (%s,%s,%s) ON CONFLICT (artist_id) DO UPDATE SET artist_name=EXCLUDED.artist_name,artist_id=EXCLUDED.artist_id,genre=EXCLUDED.genre, parameters: ('Xuitcasecity', '6YxrfNCKBcQlbITpmDLErL', 'indie pop rap')
[2023-05-08T16:03:16.163+0000] {sql.py:384} INFO - Rows affected: 1
[2023-05-08T16:03:16.175+0000] {base.py:73} INFO - Using connection ID '***' for task execution.
[2023-05-08T16:03:16.183+0000] {sql.py:375} INFO - Running statement: INSERT INTO artist_dim (artist_name,artist_id,genre) VALUES (%s,%s,%s) ON CONFLICT (artist_id) DO UPDATE SET artist_name=EXCLUDED.artist_name,artist_id=EXCLUDED.artist_id,genre=EXCLUDED.genre, parameters: ('benny mayne', '2R2Yg2qPloNOTOfqxfXX7l', 'canadian contemporary r&b')
[2023-05-08T16:03:16.186+0000] {sql.py:384} INFO - Rows affected: 1
[2023-05-08T16:03:16.217+0000] {base.py:73} INFO - Using connection ID '***' for task execution.
[2023-05-08T16:03:16.232+0000] {sql.py:375} INFO - Running statement: INSERT INTO artist_dim (artist_name,artist_id,genre) VALUES (%s,%s,%s) ON CONFLICT (artist_id) DO UPDATE SET artist_name=EXCLUDED.artist_name,artist_id=EXCLUDED.artist_id,genre=EXCLUDED.genre, parameters: ('Isekai', '4yOY5zmuuTlS1DbG3yZGki', nan)
[2023-05-08T16:03:16.234+0000] {sql.py:384} INFO - Rows affected: 1
[2023-05-08T16:03:16.244+0000] {base.py:73} INFO - Using connection ID '***' for task execution.
[2023-05-08T16:03:16.256+0000] {sql.py:375} INFO - Running statement: INSERT INTO artist_dim (artist_name,artist_id,genre) VALUES (%s,%s,%s) ON CONFLICT (artist_id) DO UPDATE SET artist_name=EXCLUDED.artist_name,artist_id=EXCLUDED.artist_id,genre=EXCLUDED.genre, parameters: ('Lil Rae', '7iVscW49OWowl9SoLmWzfy', nan)
[2023-05-08T16:03:16.258+0000] {sql.py:384} INFO - Rows affected: 1
[2023-05-08T16:03:16.269+0000] {base.py:73} INFO - Using connection ID '***' for task execution.
[2023-05-08T16:03:16.277+0000] {sql.py:375} INFO - Running statement: INSERT INTO artist_dim (artist_name,artist_id,genre) VALUES (%s,%s,%s) ON CONFLICT (artist_id) DO UPDATE SET artist_name=EXCLUDED.artist_name,artist_id=EXCLUDED.artist_id,genre=EXCLUDED.genre, parameters: ('916frosty', '6c0lj01vVpHsCH7Z5CfJ9K', 'emo rap')
[2023-05-08T16:03:16.279+0000] {sql.py:384} INFO - Rows affected: 1
[2023-05-08T16:03:16.292+0000] {base.py:73} INFO - Using connection ID '***' for task execution.
[2023-05-08T16:03:16.300+0000] {sql.py:375} INFO - Running statement: INSERT INTO artist_dim (artist_name,artist_id,genre) VALUES (%s,%s,%s) ON CONFLICT (artist_id) DO UPDATE SET artist_name=EXCLUDED.artist_name,artist_id=EXCLUDED.artist_id,genre=EXCLUDED.genre, parameters: ('COTIS', '63CZNEytugjFnZBdjBmWc8', 'canadian contemporary r&b')
[2023-05-08T16:03:16.302+0000] {sql.py:384} INFO - Rows affected: 1
[2023-05-08T16:03:16.312+0000] {base.py:73} INFO - Using connection ID '***' for task execution.
[2023-05-08T16:03:16.321+0000] {sql.py:375} INFO - Running statement: INSERT INTO artist_dim (artist_name,artist_id,genre) VALUES (%s,%s,%s) ON CONFLICT (artist_id) DO UPDATE SET artist_name=EXCLUDED.artist_name,artist_id=EXCLUDED.artist_id,genre=EXCLUDED.genre, parameters: ('diveliner', '0be7y7HUvSBf8uG1X7pK8f', nan)
[2023-05-08T16:03:16.323+0000] {sql.py:384} INFO - Rows affected: 1
[2023-05-08T16:03:16.344+0000] {base.py:73} INFO - Using connection ID '***' for task execution.
[2023-05-08T16:03:16.353+0000] {sql.py:375} INFO - Running statement: INSERT INTO artist_dim (artist_name,artist_id,genre) VALUES (%s,%s,%s) ON CONFLICT (artist_id) DO UPDATE SET artist_name=EXCLUDED.artist_name,artist_id=EXCLUDED.artist_id,genre=EXCLUDED.genre, parameters: ('Young Lungs', '2trvlbfMS5zVozEmrFNDTJ', 'canadian hip hop')
[2023-05-08T16:03:16.357+0000] {sql.py:384} INFO - Rows affected: 1
[2023-05-08T16:03:16.367+0000] {base.py:73} INFO - Using connection ID '***' for task execution.
[2023-05-08T16:03:16.374+0000] {sql.py:375} INFO - Running statement: INSERT INTO artist_dim (artist_name,artist_id,genre) VALUES (%s,%s,%s) ON CONFLICT (artist_id) DO UPDATE SET artist_name=EXCLUDED.artist_name,artist_id=EXCLUDED.artist_id,genre=EXCLUDED.genre, parameters: ('Darko', '63dmB3SM4vOZ8rK1EX5IkU', 'sad rap')
[2023-05-08T16:03:16.377+0000] {sql.py:384} INFO - Rows affected: 1
[2023-05-08T16:03:16.391+0000] {base.py:73} INFO - Using connection ID '***' for task execution.
[2023-05-08T16:03:16.399+0000] {sql.py:375} INFO - Running statement: INSERT INTO artist_dim (artist_name,artist_id,genre) VALUES (%s,%s,%s) ON CONFLICT (artist_id) DO UPDATE SET artist_name=EXCLUDED.artist_name,artist_id=EXCLUDED.artist_id,genre=EXCLUDED.genre, parameters: ('24kGoldn', '6fWVd57NKTalqvmjRd2t8Z', 'cali rap')
[2023-05-08T16:03:16.401+0000] {sql.py:384} INFO - Rows affected: 1
[2023-05-08T16:03:16.415+0000] {base.py:73} INFO - Using connection ID '***' for task execution.
[2023-05-08T16:03:16.422+0000] {sql.py:375} INFO - Running statement: INSERT INTO artist_dim (artist_name,artist_id,genre) VALUES (%s,%s,%s) ON CONFLICT (artist_id) DO UPDATE SET artist_name=EXCLUDED.artist_name,artist_id=EXCLUDED.artist_id,genre=EXCLUDED.genre, parameters: ('convolk', '3ddT1Q3KQAm1G7UcIfz5KJ', 'cloud rap')
[2023-05-08T16:03:16.424+0000] {sql.py:384} INFO - Rows affected: 1
[2023-05-08T16:03:16.434+0000] {base.py:73} INFO - Using connection ID '***' for task execution.
[2023-05-08T16:03:16.440+0000] {sql.py:375} INFO - Running statement: INSERT INTO artist_dim (artist_name,artist_id,genre) VALUES (%s,%s,%s) ON CONFLICT (artist_id) DO UPDATE SET artist_name=EXCLUDED.artist_name,artist_id=EXCLUDED.artist_id,genre=EXCLUDED.genre, parameters: ('Sevant', '47SwNXPh17mIDcZwsCr6hX', nan)
[2023-05-08T16:03:16.442+0000] {sql.py:384} INFO - Rows affected: 1
[2023-05-08T16:03:16.460+0000] {base.py:73} INFO - Using connection ID '***' for task execution.
[2023-05-08T16:03:16.468+0000] {sql.py:375} INFO - Running statement: INSERT INTO artist_dim (artist_name,artist_id,genre) VALUES (%s,%s,%s) ON CONFLICT (artist_id) DO UPDATE SET artist_name=EXCLUDED.artist_name,artist_id=EXCLUDED.artist_id,genre=EXCLUDED.genre, parameters: ('Lui Joseph', '7MS7B4QRp1n6c5H8N7s3wB', 'sad rap')
[2023-05-08T16:03:16.470+0000] {sql.py:384} INFO - Rows affected: 1
[2023-05-08T16:03:16.477+0000] {base.py:73} INFO - Using connection ID '***' for task execution.
[2023-05-08T16:03:16.485+0000] {sql.py:375} INFO - Running statement: INSERT INTO artist_dim (artist_name,artist_id,genre) VALUES (%s,%s,%s) ON CONFLICT (artist_id) DO UPDATE SET artist_name=EXCLUDED.artist_name,artist_id=EXCLUDED.artist_id,genre=EXCLUDED.genre, parameters: ('Josh Golden', '6wUAn24MOirNVNqQM47fda', 'la pop')
[2023-05-08T16:03:16.489+0000] {sql.py:384} INFO - Rows affected: 1
[2023-05-08T16:03:16.502+0000] {base.py:73} INFO - Using connection ID '***' for task execution.
[2023-05-08T16:03:16.511+0000] {sql.py:375} INFO - Running statement: INSERT INTO artist_dim (artist_name,artist_id,genre) VALUES (%s,%s,%s) ON CONFLICT (artist_id) DO UPDATE SET artist_name=EXCLUDED.artist_name,artist_id=EXCLUDED.artist_id,genre=EXCLUDED.genre, parameters: ('ATO', '4KoNbDwbCK9D04dSmYG93E', nan)
[2023-05-08T16:03:16.514+0000] {sql.py:384} INFO - Rows affected: 1
[2023-05-08T16:03:16.521+0000] {base.py:73} INFO - Using connection ID '***' for task execution.
[2023-05-08T16:03:16.527+0000] {sql.py:375} INFO - Running statement: INSERT INTO artist_dim (artist_name,artist_id,genre) VALUES (%s,%s,%s) ON CONFLICT (artist_id) DO UPDATE SET artist_name=EXCLUDED.artist_name,artist_id=EXCLUDED.artist_id,genre=EXCLUDED.genre, parameters: ('Felly', '2848adRcxvgWNRcz1g1tQD', 'indie pop rap')
[2023-05-08T16:03:16.530+0000] {sql.py:384} INFO - Rows affected: 1
[2023-05-08T16:03:16.537+0000] {base.py:73} INFO - Using connection ID '***' for task execution.
[2023-05-08T16:03:16.543+0000] {sql.py:375} INFO - Running statement: INSERT INTO artist_dim (artist_name,artist_id,genre) VALUES (%s,%s,%s) ON CONFLICT (artist_id) DO UPDATE SET artist_name=EXCLUDED.artist_name,artist_id=EXCLUDED.artist_id,genre=EXCLUDED.genre, parameters: ('RIZ LA VIE', '0QkgnHpxSCOYdTnhUR9S5k', 'bedroom soul')
[2023-05-08T16:03:16.545+0000] {sql.py:384} INFO - Rows affected: 1
[2023-05-08T16:03:16.552+0000] {base.py:73} INFO - Using connection ID '***' for task execution.
[2023-05-08T16:03:16.558+0000] {sql.py:375} INFO - Running statement: INSERT INTO artist_dim (artist_name,artist_id,genre) VALUES (%s,%s,%s) ON CONFLICT (artist_id) DO UPDATE SET artist_name=EXCLUDED.artist_name,artist_id=EXCLUDED.artist_id,genre=EXCLUDED.genre, parameters: ('Tommy Ice', '3AUIYVmhwrsw8UOPHEv91Z', 'emo rap')
[2023-05-08T16:03:16.560+0000] {sql.py:384} INFO - Rows affected: 1
[2023-05-08T16:03:16.568+0000] {base.py:73} INFO - Using connection ID '***' for task execution.
[2023-05-08T16:03:16.574+0000] {sql.py:375} INFO - Running statement: INSERT INTO artist_dim (artist_name,artist_id,genre) VALUES (%s,%s,%s) ON CONFLICT (artist_id) DO UPDATE SET artist_name=EXCLUDED.artist_name,artist_id=EXCLUDED.artist_id,genre=EXCLUDED.genre, parameters: ('Andrew Spacey', '71EAlWYAa5jb4phZIOlp7u', 'st louis rap')
[2023-05-08T16:03:16.576+0000] {sql.py:384} INFO - Rows affected: 1
[2023-05-08T16:03:16.583+0000] {base.py:73} INFO - Using connection ID '***' for task execution.
[2023-05-08T16:03:16.590+0000] {sql.py:375} INFO - Running statement: INSERT INTO artist_dim (artist_name,artist_id,genre) VALUES (%s,%s,%s) ON CONFLICT (artist_id) DO UPDATE SET artist_name=EXCLUDED.artist_name,artist_id=EXCLUDED.artist_id,genre=EXCLUDED.genre, parameters: ('aldn', '2GUw9Wzha61PkZoRVv1PDD', 'glitchcore')
[2023-05-08T16:03:16.592+0000] {sql.py:384} INFO - Rows affected: 1
[2023-05-08T16:03:16.599+0000] {base.py:73} INFO - Using connection ID '***' for task execution.
[2023-05-08T16:03:16.607+0000] {sql.py:375} INFO - Running statement: INSERT INTO artist_dim (artist_name,artist_id,genre) VALUES (%s,%s,%s) ON CONFLICT (artist_id) DO UPDATE SET artist_name=EXCLUDED.artist_name,artist_id=EXCLUDED.artist_id,genre=EXCLUDED.genre, parameters: ('RONEN', '3wDeS1sr05fxaOeiJJrOnL', 'aesthetic rap')
[2023-05-08T16:03:16.608+0000] {sql.py:384} INFO - Rows affected: 1
[2023-05-08T16:03:16.616+0000] {base.py:73} INFO - Using connection ID '***' for task execution.
[2023-05-08T16:03:16.625+0000] {sql.py:375} INFO - Running statement: INSERT INTO artist_dim (artist_name,artist_id,genre) VALUES (%s,%s,%s) ON CONFLICT (artist_id) DO UPDATE SET artist_name=EXCLUDED.artist_name,artist_id=EXCLUDED.artist_id,genre=EXCLUDED.genre, parameters: ('Elroy', '1OP39gZ2SXVnwg4NrARmsu', 'hyperpop')
[2023-05-08T16:03:16.627+0000] {sql.py:384} INFO - Rows affected: 1
[2023-05-08T16:03:16.634+0000] {base.py:73} INFO - Using connection ID '***' for task execution.
[2023-05-08T16:03:16.641+0000] {sql.py:375} INFO - Running statement: INSERT INTO artist_dim (artist_name,artist_id,genre) VALUES (%s,%s,%s) ON CONFLICT (artist_id) DO UPDATE SET artist_name=EXCLUDED.artist_name,artist_id=EXCLUDED.artist_id,genre=EXCLUDED.genre, parameters: ('44phantom', '1vwwjIPFeYoRfAUCqqO6cZ', nan)
[2023-05-08T16:03:16.644+0000] {sql.py:384} INFO - Rows affected: 1
[2023-05-08T16:03:16.651+0000] {base.py:73} INFO - Using connection ID '***' for task execution.
[2023-05-08T16:03:16.658+0000] {sql.py:375} INFO - Running statement: INSERT INTO artist_dim (artist_name,artist_id,genre) VALUES (%s,%s,%s) ON CONFLICT (artist_id) DO UPDATE SET artist_name=EXCLUDED.artist_name,artist_id=EXCLUDED.artist_id,genre=EXCLUDED.genre, parameters: ('Ramzoid', '2Ci3Sflo2BfC77wTwn2hbH', 'future bass')
[2023-05-08T16:03:16.660+0000] {sql.py:384} INFO - Rows affected: 1
[2023-05-08T16:03:16.667+0000] {base.py:73} INFO - Using connection ID '***' for task execution.
[2023-05-08T16:03:16.675+0000] {sql.py:375} INFO - Running statement: INSERT INTO artist_dim (artist_name,artist_id,genre) VALUES (%s,%s,%s) ON CONFLICT (artist_id) DO UPDATE SET artist_name=EXCLUDED.artist_name,artist_id=EXCLUDED.artist_id,genre=EXCLUDED.genre, parameters: ('GOLDHOUSE', '670UISOh9XV1zlq5z5IfoY', 'pop edm')
[2023-05-08T16:03:16.676+0000] {sql.py:384} INFO - Rows affected: 1
[2023-05-08T16:03:16.684+0000] {base.py:73} INFO - Using connection ID '***' for task execution.
[2023-05-08T16:03:16.691+0000] {sql.py:375} INFO - Running statement: INSERT INTO artist_dim (artist_name,artist_id,genre) VALUES (%s,%s,%s) ON CONFLICT (artist_id) DO UPDATE SET artist_name=EXCLUDED.artist_name,artist_id=EXCLUDED.artist_id,genre=EXCLUDED.genre, parameters: ('dying in designer', '3QZxOYl5zlZtfigtXOZsfT', 'emo rap')
[2023-05-08T16:03:16.693+0000] {sql.py:384} INFO - Rows affected: 1
[2023-05-08T16:03:16.700+0000] {base.py:73} INFO - Using connection ID '***' for task execution.
[2023-05-08T16:03:16.707+0000] {sql.py:375} INFO - Running statement: INSERT INTO artist_dim (artist_name,artist_id,genre) VALUES (%s,%s,%s) ON CONFLICT (artist_id) DO UPDATE SET artist_name=EXCLUDED.artist_name,artist_id=EXCLUDED.artist_id,genre=EXCLUDED.genre, parameters: ('Kota the Friend', '2AfU5LYBVCiCtuCCfM7uVX', 'underground hip hop')
[2023-05-08T16:03:16.709+0000] {sql.py:384} INFO - Rows affected: 1
[2023-05-08T16:03:16.716+0000] {base.py:73} INFO - Using connection ID '***' for task execution.
[2023-05-08T16:03:16.724+0000] {sql.py:375} INFO - Running statement: INSERT INTO artist_dim (artist_name,artist_id,genre) VALUES (%s,%s,%s) ON CONFLICT (artist_id) DO UPDATE SET artist_name=EXCLUDED.artist_name,artist_id=EXCLUDED.artist_id,genre=EXCLUDED.genre, parameters: ('Marlon Craft', '7MigDh04CCntQbsBvugEmb', 'nyc rap')
[2023-05-08T16:03:16.725+0000] {sql.py:384} INFO - Rows affected: 1
[2023-05-08T16:03:16.732+0000] {base.py:73} INFO - Using connection ID '***' for task execution.
[2023-05-08T16:03:16.739+0000] {sql.py:375} INFO - Running statement: INSERT INTO artist_dim (artist_name,artist_id,genre) VALUES (%s,%s,%s) ON CONFLICT (artist_id) DO UPDATE SET artist_name=EXCLUDED.artist_name,artist_id=EXCLUDED.artist_id,genre=EXCLUDED.genre, parameters: ('SEBASTIAN PAUL', '1tQu5TjcAK68fx8qrc8ZgF', nan)
[2023-05-08T16:03:16.741+0000] {sql.py:384} INFO - Rows affected: 1
[2023-05-08T16:03:16.748+0000] {base.py:73} INFO - Using connection ID '***' for task execution.
[2023-05-08T16:03:16.756+0000] {sql.py:375} INFO - Running statement: INSERT INTO artist_dim (artist_name,artist_id,genre) VALUES (%s,%s,%s) ON CONFLICT (artist_id) DO UPDATE SET artist_name=EXCLUDED.artist_name,artist_id=EXCLUDED.artist_id,genre=EXCLUDED.genre, parameters: ('Max Wells', '0Kx7qYhFiv0YD5lxEG1nsz', nan)
[2023-05-08T16:03:16.758+0000] {sql.py:384} INFO - Rows affected: 1
[2023-05-08T16:03:16.764+0000] {base.py:73} INFO - Using connection ID '***' for task execution.
[2023-05-08T16:03:16.773+0000] {sql.py:375} INFO - Running statement: INSERT INTO artist_dim (artist_name,artist_id,genre) VALUES (%s,%s,%s) ON CONFLICT (artist_id) DO UPDATE SET artist_name=EXCLUDED.artist_name,artist_id=EXCLUDED.artist_id,genre=EXCLUDED.genre, parameters: ('Gomey', '5ibWbhA0IkPT3xCN0YicRL', nan)
[2023-05-08T16:03:16.775+0000] {sql.py:384} INFO - Rows affected: 1
[2023-05-08T16:03:16.781+0000] {base.py:73} INFO - Using connection ID '***' for task execution.
[2023-05-08T16:03:16.790+0000] {sql.py:375} INFO - Running statement: INSERT INTO artist_dim (artist_name,artist_id,genre) VALUES (%s,%s,%s) ON CONFLICT (artist_id) DO UPDATE SET artist_name=EXCLUDED.artist_name,artist_id=EXCLUDED.artist_id,genre=EXCLUDED.genre, parameters: ('Christian French', '7naAJDAh7AZnf18YYfQruM', 'alt z')
[2023-05-08T16:03:16.792+0000] {sql.py:384} INFO - Rows affected: 1
[2023-05-08T16:03:16.799+0000] {base.py:73} INFO - Using connection ID '***' for task execution.
[2023-05-08T16:03:16.807+0000] {sql.py:375} INFO - Running statement: INSERT INTO artist_dim (artist_name,artist_id,genre) VALUES (%s,%s,%s) ON CONFLICT (artist_id) DO UPDATE SET artist_name=EXCLUDED.artist_name,artist_id=EXCLUDED.artist_id,genre=EXCLUDED.genre, parameters: ('tsubi club', '6fHEaFnFgMxMAtDt7mFoQ3', 'hyperpop')
[2023-05-08T16:03:16.810+0000] {sql.py:384} INFO - Rows affected: 1
[2023-05-08T16:03:16.817+0000] {base.py:73} INFO - Using connection ID '***' for task execution.
[2023-05-08T16:03:16.824+0000] {sql.py:375} INFO - Running statement: INSERT INTO artist_dim (artist_name,artist_id,genre) VALUES (%s,%s,%s) ON CONFLICT (artist_id) DO UPDATE SET artist_name=EXCLUDED.artist_name,artist_id=EXCLUDED.artist_id,genre=EXCLUDED.genre, parameters: ('Vwillz', '0S7eN9KAsbAaIZtFyCn1q1', nan)
[2023-05-08T16:03:16.825+0000] {sql.py:384} INFO - Rows affected: 1
[2023-05-08T16:03:16.832+0000] {base.py:73} INFO - Using connection ID '***' for task execution.
[2023-05-08T16:03:21.843+0000] {sql.py:375} INFO - Running statement: INSERT INTO artist_dim (artist_name,artist_id,genre) VALUES (%s,%s,%s) ON CONFLICT (artist_id) DO UPDATE SET artist_name=EXCLUDED.artist_name,artist_id=EXCLUDED.artist_id,genre=EXCLUDED.genre, parameters: ('Kevin Powers', '4X8TR9pBFyewFlIDYt1o2s', nan)
[2023-05-08T16:03:21.845+0000] {sql.py:384} INFO - Rows affected: 1
[2023-05-08T16:03:21.852+0000] {base.py:73} INFO - Using connection ID '***' for task execution.
[2023-05-08T16:03:21.860+0000] {sql.py:375} INFO - Running statement: INSERT INTO artist_dim (artist_name,artist_id,genre) VALUES (%s,%s,%s) ON CONFLICT (artist_id) DO UPDATE SET artist_name=EXCLUDED.artist_name,artist_id=EXCLUDED.artist_id,genre=EXCLUDED.genre, parameters: ('Brennan', '5UrcghjIlj83Jf7QjZfBhZ', nan)
[2023-05-08T16:03:21.861+0000] {sql.py:384} INFO - Rows affected: 1
[2023-05-08T16:03:21.867+0000] {base.py:73} INFO - Using connection ID '***' for task execution.
[2023-05-08T16:03:21.874+0000] {sql.py:375} INFO - Running statement: INSERT INTO artist_dim (artist_name,artist_id,genre) VALUES (%s,%s,%s) ON CONFLICT (artist_id) DO UPDATE SET artist_name=EXCLUDED.artist_name,artist_id=EXCLUDED.artist_id,genre=EXCLUDED.genre, parameters: ('Rawska', '3pob90yrusjcbgSYFKaeAk', 'cloud rap')
[2023-05-08T16:03:21.876+0000] {sql.py:384} INFO - Rows affected: 1
[2023-05-08T16:03:21.883+0000] {base.py:73} INFO - Using connection ID '***' for task execution.
[2023-05-08T16:03:21.890+0000] {sql.py:375} INFO - Running statement: INSERT INTO artist_dim (artist_name,artist_id,genre) VALUES (%s,%s,%s) ON CONFLICT (artist_id) DO UPDATE SET artist_name=EXCLUDED.artist_name,artist_id=EXCLUDED.artist_id,genre=EXCLUDED.genre, parameters: ('Ghostrage', '7BoBxrm9jJ7us6U92oqr4N', nan)
[2023-05-08T16:03:21.892+0000] {sql.py:384} INFO - Rows affected: 1
[2023-05-08T16:03:21.898+0000] {base.py:73} INFO - Using connection ID '***' for task execution.
[2023-05-08T16:03:21.905+0000] {sql.py:375} INFO - Running statement: INSERT INTO artist_dim (artist_name,artist_id,genre) VALUES (%s,%s,%s) ON CONFLICT (artist_id) DO UPDATE SET artist_name=EXCLUDED.artist_name,artist_id=EXCLUDED.artist_id,genre=EXCLUDED.genre, parameters: ('Cold Hart', '1fsCfvdiomqjKJFR6xI8e4', 'cloud rap')
[2023-05-08T16:03:21.906+0000] {sql.py:384} INFO - Rows affected: 1
[2023-05-08T16:03:21.912+0000] {base.py:73} INFO - Using connection ID '***' for task execution.
[2023-05-08T16:03:21.918+0000] {sql.py:375} INFO - Running statement: INSERT INTO artist_dim (artist_name,artist_id,genre) VALUES (%s,%s,%s) ON CONFLICT (artist_id) DO UPDATE SET artist_name=EXCLUDED.artist_name,artist_id=EXCLUDED.artist_id,genre=EXCLUDED.genre, parameters: ('Hovey Benjamin', '7wSr4otUV4ytUvHE4w3rBe', 'meme rap')
[2023-05-08T16:03:21.920+0000] {sql.py:384} INFO - Rows affected: 1
[2023-05-08T16:03:21.927+0000] {base.py:73} INFO - Using connection ID '***' for task execution.
[2023-05-08T16:03:21.936+0000] {sql.py:375} INFO - Running statement: INSERT INTO artist_dim (artist_name,artist_id,genre) VALUES (%s,%s,%s) ON CONFLICT (artist_id) DO UPDATE SET artist_name=EXCLUDED.artist_name,artist_id=EXCLUDED.artist_id,genre=EXCLUDED.genre, parameters: ('Yung Pinch', '61qMnYXa1GxSBoV3IiYKjZ', 'melodic rap')
[2023-05-08T16:03:21.938+0000] {sql.py:384} INFO - Rows affected: 1
[2023-05-08T16:03:21.944+0000] {base.py:73} INFO - Using connection ID '***' for task execution.
[2023-05-08T16:03:21.951+0000] {sql.py:375} INFO - Running statement: INSERT INTO artist_dim (artist_name,artist_id,genre) VALUES (%s,%s,%s) ON CONFLICT (artist_id) DO UPDATE SET artist_name=EXCLUDED.artist_name,artist_id=EXCLUDED.artist_id,genre=EXCLUDED.genre, parameters: ('underscores', '7HfUJxeVTgrvhk0eWHFzV7', 'hyperpop')
[2023-05-08T16:03:21.953+0000] {sql.py:384} INFO - Rows affected: 1
[2023-05-08T16:03:21.959+0000] {base.py:73} INFO - Using connection ID '***' for task execution.
[2023-05-08T16:03:21.966+0000] {sql.py:375} INFO - Running statement: INSERT INTO artist_dim (artist_name,artist_id,genre) VALUES (%s,%s,%s) ON CONFLICT (artist_id) DO UPDATE SET artist_name=EXCLUDED.artist_name,artist_id=EXCLUDED.artist_id,genre=EXCLUDED.genre, parameters: ('MASN', '4HAfqyKr4Sqtab6ttHWXgE', 'sad rap')
[2023-05-08T16:03:21.968+0000] {sql.py:384} INFO - Rows affected: 1
[2023-05-08T16:03:21.974+0000] {base.py:73} INFO - Using connection ID '***' for task execution.
[2023-05-08T16:03:21.981+0000] {sql.py:375} INFO - Running statement: INSERT INTO artist_dim (artist_name,artist_id,genre) VALUES (%s,%s,%s) ON CONFLICT (artist_id) DO UPDATE SET artist_name=EXCLUDED.artist_name,artist_id=EXCLUDED.artist_id,genre=EXCLUDED.genre, parameters: ('VIC MENSA', '27w1NoOLMX7tJMYqcetPyG', 'canadian hip hop')
[2023-05-08T16:03:21.982+0000] {sql.py:384} INFO - Rows affected: 1
[2023-05-08T16:03:21.988+0000] {base.py:73} INFO - Using connection ID '***' for task execution.
[2023-05-08T16:03:21.995+0000] {sql.py:375} INFO - Running statement: INSERT INTO artist_dim (artist_name,artist_id,genre) VALUES (%s,%s,%s) ON CONFLICT (artist_id) DO UPDATE SET artist_name=EXCLUDED.artist_name,artist_id=EXCLUDED.artist_id,genre=EXCLUDED.genre, parameters: ('mike.', '5G9kmDLg3OeUyj8KVBLzbu', 'indie pop rap')
[2023-05-08T16:03:21.996+0000] {sql.py:384} INFO - Rows affected: 1
[2023-05-08T16:03:22.002+0000] {base.py:73} INFO - Using connection ID '***' for task execution.
[2023-05-08T16:03:22.008+0000] {sql.py:375} INFO - Running statement: INSERT INTO artist_dim (artist_name,artist_id,genre) VALUES (%s,%s,%s) ON CONFLICT (artist_id) DO UPDATE SET artist_name=EXCLUDED.artist_name,artist_id=EXCLUDED.artist_id,genre=EXCLUDED.genre, parameters: ('POORSTACY', '7vSY9HEreOqb1Llar3UC38', 'emo rap')
[2023-05-08T16:03:22.010+0000] {sql.py:384} INFO - Rows affected: 1
[2023-05-08T16:03:22.016+0000] {base.py:73} INFO - Using connection ID '***' for task execution.
[2023-05-08T16:03:22.023+0000] {sql.py:375} INFO - Running statement: INSERT INTO artist_dim (artist_name,artist_id,genre) VALUES (%s,%s,%s) ON CONFLICT (artist_id) DO UPDATE SET artist_name=EXCLUDED.artist_name,artist_id=EXCLUDED.artist_id,genre=EXCLUDED.genre, parameters: ('han.irl <3', '5VfSeZYcDwD8WQVwbaoL6z', nan)
[2023-05-08T16:03:22.024+0000] {sql.py:384} INFO - Rows affected: 1
[2023-05-08T16:03:22.031+0000] {base.py:73} INFO - Using connection ID '***' for task execution.
[2023-05-08T16:03:22.038+0000] {sql.py:375} INFO - Running statement: INSERT INTO artist_dim (artist_name,artist_id,genre) VALUES (%s,%s,%s) ON CONFLICT (artist_id) DO UPDATE SET artist_name=EXCLUDED.artist_name,artist_id=EXCLUDED.artist_id,genre=EXCLUDED.genre, parameters: ('login', '5JZPSVFMUk4HGDdx68lN77', 'hyperpop')
[2023-05-08T16:03:22.040+0000] {sql.py:384} INFO - Rows affected: 1
[2023-05-08T16:03:22.047+0000] {base.py:73} INFO - Using connection ID '***' for task execution.
[2023-05-08T16:03:22.056+0000] {sql.py:375} INFO - Running statement: INSERT INTO artist_dim (artist_name,artist_id,genre) VALUES (%s,%s,%s) ON CONFLICT (artist_id) DO UPDATE SET artist_name=EXCLUDED.artist_name,artist_id=EXCLUDED.artist_id,genre=EXCLUDED.genre, parameters: ('静的 Static', '6rEjEIfp3NSRteU3kJGSET', 'emo rap')
[2023-05-08T16:03:22.058+0000] {sql.py:384} INFO - Rows affected: 1
[2023-05-08T16:03:22.065+0000] {base.py:73} INFO - Using connection ID '***' for task execution.
[2023-05-08T16:03:22.073+0000] {sql.py:375} INFO - Running statement: INSERT INTO artist_dim (artist_name,artist_id,genre) VALUES (%s,%s,%s) ON CONFLICT (artist_id) DO UPDATE SET artist_name=EXCLUDED.artist_name,artist_id=EXCLUDED.artist_id,genre=EXCLUDED.genre, parameters: ('Rich Brian', '2IDLDx25HU1nQMKde4n61a', 'indonesian hip hop')
[2023-05-08T16:03:22.075+0000] {sql.py:384} INFO - Rows affected: 1
[2023-05-08T16:03:22.081+0000] {base.py:73} INFO - Using connection ID '***' for task execution.
[2023-05-08T16:03:22.092+0000] {sql.py:375} INFO - Running statement: INSERT INTO artist_dim (artist_name,artist_id,genre) VALUES (%s,%s,%s) ON CONFLICT (artist_id) DO UPDATE SET artist_name=EXCLUDED.artist_name,artist_id=EXCLUDED.artist_id,genre=EXCLUDED.genre, parameters: ('88rising', '1AhjOkOLkbHUfcHDSErXQs', 'asian american hip hop')
[2023-05-08T16:03:22.093+0000] {sql.py:384} INFO - Rows affected: 1
[2023-05-08T16:03:22.094+0000] {python.py:183} INFO - Done. Returned value was: None
[2023-05-08T16:03:22.102+0000] {taskinstance.py:1373} INFO - Marking task as SUCCESS. dag_id=Summer_Warped_ETL, task_id=LoadData.LoadArtistDim, execution_date=20230508T154840, start_date=20230508T160314, end_date=20230508T160322
[2023-05-08T16:03:22.169+0000] {local_task_job_runner.py:232} INFO - Task exited with return code 0
[2023-05-08T16:03:22.188+0000] {taskinstance.py:2674} INFO - 1 downstream tasks scheduled from follow-on schedule check
