[2023-05-06T23:33:15.793+0000] {taskinstance.py:1125} INFO - Dependencies all met for dep_context=non-requeueable deps ti=<TaskInstance: Summer_Warped_ETL.TransformData manual__2023-05-06T22:02:18.022658+00:00 [queued]>
[2023-05-06T23:33:15.799+0000] {taskinstance.py:1125} INFO - Dependencies all met for dep_context=requeueable deps ti=<TaskInstance: Summer_Warped_ETL.TransformData manual__2023-05-06T22:02:18.022658+00:00 [queued]>
[2023-05-06T23:33:15.800+0000] {taskinstance.py:1331} INFO - Starting attempt 15 of 17
[2023-05-06T23:33:15.807+0000] {taskinstance.py:1350} INFO - Executing <Task(PythonOperator): TransformData> on 2023-05-06 22:02:18.022658+00:00
[2023-05-06T23:33:15.811+0000] {standard_task_runner.py:57} INFO - Started process 256 to run task
[2023-05-06T23:33:15.815+0000] {standard_task_runner.py:84} INFO - Running: ['***', 'tasks', 'run', 'Summer_Warped_ETL', 'TransformData', 'manual__2023-05-06T22:02:18.022658+00:00', '--job-id', '587', '--raw', '--subdir', 'DAGS_FOLDER/warped-dag.py', '--cfg-path', '/tmp/tmp6qqqd_10']
[2023-05-06T23:33:15.815+0000] {standard_task_runner.py:85} INFO - Job 587: Subtask TransformData
[2023-05-06T23:33:15.849+0000] {task_command.py:410} INFO - Running <TaskInstance: Summer_Warped_ETL.TransformData manual__2023-05-06T22:02:18.022658+00:00 [running]> on host 0b419f4e7055
[2023-05-06T23:33:15.898+0000] {taskinstance.py:1570} INFO - Exporting env vars: AIRFLOW_CTX_DAG_OWNER='Ananta Moharana' AIRFLOW_CTX_DAG_ID='Summer_Warped_ETL' AIRFLOW_CTX_TASK_ID='TransformData' AIRFLOW_CTX_EXECUTION_DATE='2023-05-06T22:02:18.022658+00:00' AIRFLOW_CTX_TRY_NUMBER='15' AIRFLOW_CTX_DAG_RUN_ID='manual__2023-05-06T22:02:18.022658+00:00'
[2023-05-06T23:33:15.932+0000] {warnings.py:110} WARNING - /opt/***/dags/src/transform.py:28: SettingWithCopyWarning: 
A value is trying to be set on a copy of a slice from a DataFrame.
Try using .loc[row_indexer,col_indexer] = value instead

See the caveats in the documentation: https://pandas.pydata.org/pandas-docs/stable/user_guide/indexing.html#returning-a-view-versus-a-copy
  song_fact['date']=today

[2023-05-06T23:33:15.934+0000] {warnings.py:110} WARNING - /home/***/.local/lib/python3.7/site-packages/pandas/util/_decorators.py:311: SettingWithCopyWarning: 
A value is trying to be set on a copy of a slice from a DataFrame

See the caveats in the documentation: https://pandas.pydata.org/pandas-docs/stable/user_guide/indexing.html#returning-a-view-versus-a-copy
  return func(*args, **kwargs)

[2023-05-06T23:33:15.978+0000] {python.py:183} INFO - Done. Returned value was: None
[2023-05-06T23:33:15.985+0000] {taskinstance.py:1373} INFO - Marking task as SUCCESS. dag_id=Summer_Warped_ETL, task_id=TransformData, execution_date=20230506T220218, start_date=20230506T233315, end_date=20230506T233315
[2023-05-06T23:33:16.028+0000] {local_task_job_runner.py:232} INFO - Task exited with return code 0
[2023-05-06T23:33:16.047+0000] {taskinstance.py:2674} INFO - 5 downstream tasks scheduled from follow-on schedule check
