[2023-05-07T22:31:43.188+0000] {taskinstance.py:1125} INFO - Dependencies all met for dep_context=non-requeueable deps ti=<TaskInstance: Summer_Warped_ETL.TransformData manual__2023-05-07T21:54:25.314545+00:00 [queued]>
[2023-05-07T22:31:43.194+0000] {taskinstance.py:1125} INFO - Dependencies all met for dep_context=requeueable deps ti=<TaskInstance: Summer_Warped_ETL.TransformData manual__2023-05-07T21:54:25.314545+00:00 [queued]>
[2023-05-07T22:31:43.200+0000] {taskinstance.py:1331} INFO - Starting attempt 8 of 10
[2023-05-07T22:31:43.210+0000] {taskinstance.py:1350} INFO - Executing <Task(PythonOperator): TransformData> on 2023-05-07 21:54:25.314545+00:00
[2023-05-07T22:31:43.216+0000] {standard_task_runner.py:57} INFO - Started process 1873 to run task
[2023-05-07T22:31:43.222+0000] {standard_task_runner.py:84} INFO - Running: ['***', 'tasks', 'run', 'Summer_Warped_ETL', 'TransformData', 'manual__2023-05-07T21:54:25.314545+00:00', '--job-id', '1197', '--raw', '--subdir', 'DAGS_FOLDER/warped-dag.py', '--cfg-path', '/tmp/tmp13ib93tg']
[2023-05-07T22:31:43.223+0000] {standard_task_runner.py:85} INFO - Job 1197: Subtask TransformData
[2023-05-07T22:31:43.259+0000] {task_command.py:410} INFO - Running <TaskInstance: Summer_Warped_ETL.TransformData manual__2023-05-07T21:54:25.314545+00:00 [running]> on host 31774baccecb
[2023-05-07T22:31:43.324+0000] {taskinstance.py:1570} INFO - Exporting env vars: AIRFLOW_CTX_DAG_OWNER='Ananta Moharana' AIRFLOW_CTX_DAG_ID='Summer_Warped_ETL' AIRFLOW_CTX_TASK_ID='TransformData' AIRFLOW_CTX_EXECUTION_DATE='2023-05-07T21:54:25.314545+00:00' AIRFLOW_CTX_TRY_NUMBER='8' AIRFLOW_CTX_DAG_RUN_ID='manual__2023-05-07T21:54:25.314545+00:00'
[2023-05-07T22:31:43.389+0000] {logging_mixin.py:149} INFO - ['song_id', 'acousticness', 'danceability', 'duration_ms', 'energy', 'instrumentalness', 'key', 'liveness', 'loudness', 'speechiness', 'tempo', 'valence', 'mode']
[2023-05-07T22:31:43.389+0000] {logging_mixin.py:149} INFO - ['artist_id', 'popularity', 'genre', 'followers']
[2023-05-07T22:31:43.390+0000] {logging_mixin.py:149} INFO - ['song_name', 'song_id', 'explicit', 'popularity', 'artist_name', 'artist_id']
[2023-05-07T22:31:43.394+0000] {warnings.py:110} WARNING - /opt/***/dags/src/transform.py:34: SettingWithCopyWarning: 
A value is trying to be set on a copy of a slice from a DataFrame.
Try using .loc[row_indexer,col_indexer] = value instead

See the caveats in the documentation: https://pandas.pydata.org/pandas-docs/stable/user_guide/indexing.html#returning-a-view-versus-a-copy
  song_fact['date']=today

[2023-05-07T22:31:43.397+0000] {warnings.py:110} WARNING - /home/***/.local/lib/python3.7/site-packages/pandas/util/_decorators.py:311: SettingWithCopyWarning: 
A value is trying to be set on a copy of a slice from a DataFrame

See the caveats in the documentation: https://pandas.pydata.org/pandas-docs/stable/user_guide/indexing.html#returning-a-view-versus-a-copy
  return func(*args, **kwargs)

[2023-05-07T22:31:43.478+0000] {python.py:183} INFO - Done. Returned value was: None
[2023-05-07T22:31:43.486+0000] {taskinstance.py:1373} INFO - Marking task as SUCCESS. dag_id=Summer_Warped_ETL, task_id=TransformData, execution_date=20230507T215425, start_date=20230507T223143, end_date=20230507T223143
[2023-05-07T22:31:43.510+0000] {local_task_job_runner.py:232} INFO - Task exited with return code 0
[2023-05-07T22:31:43.532+0000] {taskinstance.py:2674} INFO - 5 downstream tasks scheduled from follow-on schedule check
