[2023-05-09T19:01:27.294+0000] {taskinstance.py:1125} INFO - Dependencies all met for dep_context=non-requeueable deps ti=<TaskInstance: Summer_Warped_ETL.LoadData.LoadSongFact manual__2023-05-09T18:56:12.065687+00:00 [queued]>
[2023-05-09T19:01:27.300+0000] {taskinstance.py:1125} INFO - Dependencies all met for dep_context=requeueable deps ti=<TaskInstance: Summer_Warped_ETL.LoadData.LoadSongFact manual__2023-05-09T18:56:12.065687+00:00 [queued]>
[2023-05-09T19:01:27.300+0000] {taskinstance.py:1331} INFO - Starting attempt 2 of 4
[2023-05-09T19:01:27.308+0000] {taskinstance.py:1350} INFO - Executing <Task(PythonOperator): LoadData.LoadSongFact> on 2023-05-09 18:56:12.065687+00:00
[2023-05-09T19:01:27.313+0000] {standard_task_runner.py:57} INFO - Started process 3152 to run task
[2023-05-09T19:01:27.316+0000] {standard_task_runner.py:84} INFO - Running: ['***', 'tasks', 'run', 'Summer_Warped_ETL', 'LoadData.LoadSongFact', 'manual__2023-05-09T18:56:12.065687+00:00', '--job-id', '2939', '--raw', '--subdir', 'DAGS_FOLDER/warped-dag.py', '--cfg-path', '/tmp/tmpct2n6wp5']
[2023-05-09T19:01:27.317+0000] {standard_task_runner.py:85} INFO - Job 2939: Subtask LoadData.LoadSongFact
[2023-05-09T19:01:27.354+0000] {task_command.py:410} INFO - Running <TaskInstance: Summer_Warped_ETL.LoadData.LoadSongFact manual__2023-05-09T18:56:12.065687+00:00 [running]> on host 544e3a3b1eb2
[2023-05-09T19:01:27.411+0000] {taskinstance.py:1570} INFO - Exporting env vars: AIRFLOW_CTX_DAG_OWNER='Ananta Moharana' AIRFLOW_CTX_DAG_ID='Summer_Warped_ETL' AIRFLOW_CTX_TASK_ID='LoadData.LoadSongFact' AIRFLOW_CTX_EXECUTION_DATE='2023-05-09T18:56:12.065687+00:00' AIRFLOW_CTX_TRY_NUMBER='2' AIRFLOW_CTX_DAG_RUN_ID='manual__2023-05-09T18:56:12.065687+00:00'
[2023-05-09T19:01:27.413+0000] {logging_mixin.py:149} INFO - 2023-05/song_fact.csv
[2023-05-09T19:01:27.421+0000] {base.py:73} INFO - Using connection ID 'aws_connection' for task execution.
[2023-05-09T19:01:27.422+0000] {connection_wrapper.py:337} INFO - AWS Connection (conn_id='aws_connection', conn_type='aws') credentials retrieved from login and password.
[2023-05-09T19:01:27.714+0000] {logging_mixin.py:149} INFO -                   song_id  popularity        date
0  1LmNhEkyaKl1mSJDNSNwjZ          38  2023-05-09
1  7wIcRhedBpZGpLf9PGKUEh          47  2023-05-09
2  1ioQDNCREA6I1BVg8VuD7Z          44  2023-05-09
3  5CsHSdXkw5hxN9LOwHn5mZ          41  2023-05-09
4  32FMAbZAzs3D70UuvnN6y4          53  2023-05-09
[2023-05-09T19:01:27.714+0000] {logging_mixin.py:149} INFO - INSERT INTO song_fact (song_id,popularity,date) VALUES (%s,%s,%s) ON CONFLICT (song_id,date) DO UPDATE SET song_id=EXCLUDED.song_id,popularity=EXCLUDED.popularity,date=EXCLUDED.date
[2023-05-09T19:01:27.722+0000] {base.py:73} INFO - Using connection ID '***' for task execution.
[2023-05-09T19:01:27.729+0000] {sql.py:375} INFO - Running statement: INSERT INTO song_fact (song_id,popularity,date) VALUES (%s,%s,%s) ON CONFLICT (song_id,date) DO UPDATE SET song_id=EXCLUDED.song_id,popularity=EXCLUDED.popularity,date=EXCLUDED.date, parameters: ('1LmNhEkyaKl1mSJDNSNwjZ', 38, '2023-05-09')
[2023-05-09T19:01:27.731+0000] {sql.py:384} INFO - Rows affected: 1
[2023-05-09T19:01:27.738+0000] {base.py:73} INFO - Using connection ID '***' for task execution.
[2023-05-09T19:01:27.744+0000] {sql.py:375} INFO - Running statement: INSERT INTO song_fact (song_id,popularity,date) VALUES (%s,%s,%s) ON CONFLICT (song_id,date) DO UPDATE SET song_id=EXCLUDED.song_id,popularity=EXCLUDED.popularity,date=EXCLUDED.date, parameters: ('7wIcRhedBpZGpLf9PGKUEh', 47, '2023-05-09')
[2023-05-09T19:01:27.747+0000] {sql.py:384} INFO - Rows affected: 1
[2023-05-09T19:01:27.754+0000] {base.py:73} INFO - Using connection ID '***' for task execution.
[2023-05-09T19:01:27.760+0000] {sql.py:375} INFO - Running statement: INSERT INTO song_fact (song_id,popularity,date) VALUES (%s,%s,%s) ON CONFLICT (song_id,date) DO UPDATE SET song_id=EXCLUDED.song_id,popularity=EXCLUDED.popularity,date=EXCLUDED.date, parameters: ('1ioQDNCREA6I1BVg8VuD7Z', 44, '2023-05-09')
[2023-05-09T19:01:27.762+0000] {sql.py:384} INFO - Rows affected: 1
[2023-05-09T19:01:27.769+0000] {base.py:73} INFO - Using connection ID '***' for task execution.
[2023-05-09T19:01:27.774+0000] {sql.py:375} INFO - Running statement: INSERT INTO song_fact (song_id,popularity,date) VALUES (%s,%s,%s) ON CONFLICT (song_id,date) DO UPDATE SET song_id=EXCLUDED.song_id,popularity=EXCLUDED.popularity,date=EXCLUDED.date, parameters: ('5CsHSdXkw5hxN9LOwHn5mZ', 41, '2023-05-09')
[2023-05-09T19:01:27.776+0000] {sql.py:384} INFO - Rows affected: 1
[2023-05-09T19:01:27.785+0000] {base.py:73} INFO - Using connection ID '***' for task execution.
[2023-05-09T19:01:27.793+0000] {sql.py:375} INFO - Running statement: INSERT INTO song_fact (song_id,popularity,date) VALUES (%s,%s,%s) ON CONFLICT (song_id,date) DO UPDATE SET song_id=EXCLUDED.song_id,popularity=EXCLUDED.popularity,date=EXCLUDED.date, parameters: ('32FMAbZAzs3D70UuvnN6y4', 53, '2023-05-09')
[2023-05-09T19:01:27.795+0000] {sql.py:384} INFO - Rows affected: 1
[2023-05-09T19:01:27.801+0000] {base.py:73} INFO - Using connection ID '***' for task execution.
[2023-05-09T19:01:27.807+0000] {sql.py:375} INFO - Running statement: INSERT INTO song_fact (song_id,popularity,date) VALUES (%s,%s,%s) ON CONFLICT (song_id,date) DO UPDATE SET song_id=EXCLUDED.song_id,popularity=EXCLUDED.popularity,date=EXCLUDED.date, parameters: ('2fx3JQWD6evgucAoArYojR', 34, '2023-05-09')
[2023-05-09T19:01:27.809+0000] {sql.py:384} INFO - Rows affected: 1
[2023-05-09T19:01:27.815+0000] {base.py:73} INFO - Using connection ID '***' for task execution.
[2023-05-09T19:01:27.821+0000] {sql.py:375} INFO - Running statement: INSERT INTO song_fact (song_id,popularity,date) VALUES (%s,%s,%s) ON CONFLICT (song_id,date) DO UPDATE SET song_id=EXCLUDED.song_id,popularity=EXCLUDED.popularity,date=EXCLUDED.date, parameters: ('6sLGpYvLDqGCdX9G1sV7rH', 33, '2023-05-09')
[2023-05-09T19:01:27.822+0000] {sql.py:384} INFO - Rows affected: 1
[2023-05-09T19:01:27.829+0000] {base.py:73} INFO - Using connection ID '***' for task execution.
[2023-05-09T19:01:27.835+0000] {sql.py:375} INFO - Running statement: INSERT INTO song_fact (song_id,popularity,date) VALUES (%s,%s,%s) ON CONFLICT (song_id,date) DO UPDATE SET song_id=EXCLUDED.song_id,popularity=EXCLUDED.popularity,date=EXCLUDED.date, parameters: ('1hV0Ue00iyNCZvb1n0VyGf', 54, '2023-05-09')
[2023-05-09T19:01:27.837+0000] {sql.py:384} INFO - Rows affected: 1
[2023-05-09T19:01:27.844+0000] {base.py:73} INFO - Using connection ID '***' for task execution.
[2023-05-09T19:01:27.850+0000] {sql.py:375} INFO - Running statement: INSERT INTO song_fact (song_id,popularity,date) VALUES (%s,%s,%s) ON CONFLICT (song_id,date) DO UPDATE SET song_id=EXCLUDED.song_id,popularity=EXCLUDED.popularity,date=EXCLUDED.date, parameters: ('1XnnLXcvFd21B25H4IHEIY', 54, '2023-05-09')
[2023-05-09T19:01:27.852+0000] {sql.py:384} INFO - Rows affected: 1
[2023-05-09T19:01:27.858+0000] {base.py:73} INFO - Using connection ID '***' for task execution.
[2023-05-09T19:01:27.864+0000] {sql.py:375} INFO - Running statement: INSERT INTO song_fact (song_id,popularity,date) VALUES (%s,%s,%s) ON CONFLICT (song_id,date) DO UPDATE SET song_id=EXCLUDED.song_id,popularity=EXCLUDED.popularity,date=EXCLUDED.date, parameters: ('5cSg8SdClubjZ32WrKwzAW', 45, '2023-05-09')
[2023-05-09T19:01:27.866+0000] {sql.py:384} INFO - Rows affected: 1
[2023-05-09T19:01:27.872+0000] {base.py:73} INFO - Using connection ID '***' for task execution.
[2023-05-09T19:01:27.878+0000] {sql.py:375} INFO - Running statement: INSERT INTO song_fact (song_id,popularity,date) VALUES (%s,%s,%s) ON CONFLICT (song_id,date) DO UPDATE SET song_id=EXCLUDED.song_id,popularity=EXCLUDED.popularity,date=EXCLUDED.date, parameters: ('5vsmYBZnG3kL6RWul1B4c9', 37, '2023-05-09')
[2023-05-09T19:01:27.880+0000] {sql.py:384} INFO - Rows affected: 1
[2023-05-09T19:01:27.886+0000] {base.py:73} INFO - Using connection ID '***' for task execution.
[2023-05-09T19:01:27.892+0000] {sql.py:375} INFO - Running statement: INSERT INTO song_fact (song_id,popularity,date) VALUES (%s,%s,%s) ON CONFLICT (song_id,date) DO UPDATE SET song_id=EXCLUDED.song_id,popularity=EXCLUDED.popularity,date=EXCLUDED.date, parameters: ('14FdeSXWFUosFEevBfOyPb', 34, '2023-05-09')
[2023-05-09T19:01:27.894+0000] {sql.py:384} INFO - Rows affected: 1
[2023-05-09T19:01:27.900+0000] {base.py:73} INFO - Using connection ID '***' for task execution.
[2023-05-09T19:01:27.906+0000] {sql.py:375} INFO - Running statement: INSERT INTO song_fact (song_id,popularity,date) VALUES (%s,%s,%s) ON CONFLICT (song_id,date) DO UPDATE SET song_id=EXCLUDED.song_id,popularity=EXCLUDED.popularity,date=EXCLUDED.date, parameters: ('3nIlBeSIVnDbWFO3mExxV2', 58, '2023-05-09')
[2023-05-09T19:01:27.907+0000] {sql.py:384} INFO - Rows affected: 1
[2023-05-09T19:01:27.913+0000] {base.py:73} INFO - Using connection ID '***' for task execution.
[2023-05-09T19:01:27.919+0000] {sql.py:375} INFO - Running statement: INSERT INTO song_fact (song_id,popularity,date) VALUES (%s,%s,%s) ON CONFLICT (song_id,date) DO UPDATE SET song_id=EXCLUDED.song_id,popularity=EXCLUDED.popularity,date=EXCLUDED.date, parameters: ('4zjkYaWZcr6QNr0YkcZQgK', 31, '2023-05-09')
[2023-05-09T19:01:27.921+0000] {sql.py:384} INFO - Rows affected: 1
[2023-05-09T19:01:27.927+0000] {base.py:73} INFO - Using connection ID '***' for task execution.
[2023-05-09T19:01:27.932+0000] {sql.py:375} INFO - Running statement: INSERT INTO song_fact (song_id,popularity,date) VALUES (%s,%s,%s) ON CONFLICT (song_id,date) DO UPDATE SET song_id=EXCLUDED.song_id,popularity=EXCLUDED.popularity,date=EXCLUDED.date, parameters: ('495p4HdTEzWJ7CkLYD51wO', 49, '2023-05-09')
[2023-05-09T19:01:27.934+0000] {sql.py:384} INFO - Rows affected: 1
[2023-05-09T19:01:27.941+0000] {base.py:73} INFO - Using connection ID '***' for task execution.
[2023-05-09T19:01:27.946+0000] {sql.py:375} INFO - Running statement: INSERT INTO song_fact (song_id,popularity,date) VALUES (%s,%s,%s) ON CONFLICT (song_id,date) DO UPDATE SET song_id=EXCLUDED.song_id,popularity=EXCLUDED.popularity,date=EXCLUDED.date, parameters: ('2Vgp8Ah9NuTTKDfQykl0f8', 48, '2023-05-09')
[2023-05-09T19:01:27.948+0000] {sql.py:384} INFO - Rows affected: 1
[2023-05-09T19:01:27.954+0000] {base.py:73} INFO - Using connection ID '***' for task execution.
[2023-05-09T19:01:27.959+0000] {sql.py:375} INFO - Running statement: INSERT INTO song_fact (song_id,popularity,date) VALUES (%s,%s,%s) ON CONFLICT (song_id,date) DO UPDATE SET song_id=EXCLUDED.song_id,popularity=EXCLUDED.popularity,date=EXCLUDED.date, parameters: ('37y67nNfTNLfMbCh6Mn5PL', 46, '2023-05-09')
[2023-05-09T19:01:27.961+0000] {sql.py:384} INFO - Rows affected: 1
[2023-05-09T19:01:27.968+0000] {base.py:73} INFO - Using connection ID '***' for task execution.
[2023-05-09T19:01:27.974+0000] {sql.py:375} INFO - Running statement: INSERT INTO song_fact (song_id,popularity,date) VALUES (%s,%s,%s) ON CONFLICT (song_id,date) DO UPDATE SET song_id=EXCLUDED.song_id,popularity=EXCLUDED.popularity,date=EXCLUDED.date, parameters: ('63PBsYANeKAvmW6vMMus4Y', 47, '2023-05-09')
[2023-05-09T19:01:27.975+0000] {sql.py:384} INFO - Rows affected: 1
[2023-05-09T19:01:27.982+0000] {base.py:73} INFO - Using connection ID '***' for task execution.
[2023-05-09T19:01:27.988+0000] {sql.py:375} INFO - Running statement: INSERT INTO song_fact (song_id,popularity,date) VALUES (%s,%s,%s) ON CONFLICT (song_id,date) DO UPDATE SET song_id=EXCLUDED.song_id,popularity=EXCLUDED.popularity,date=EXCLUDED.date, parameters: ('7aGsybFB60iTiG1AyyeVpF', 0, '2023-05-09')
[2023-05-09T19:01:27.993+0000] {sql.py:384} INFO - Rows affected: 1
[2023-05-09T19:01:28.004+0000] {base.py:73} INFO - Using connection ID '***' for task execution.
[2023-05-09T19:01:28.012+0000] {sql.py:375} INFO - Running statement: INSERT INTO song_fact (song_id,popularity,date) VALUES (%s,%s,%s) ON CONFLICT (song_id,date) DO UPDATE SET song_id=EXCLUDED.song_id,popularity=EXCLUDED.popularity,date=EXCLUDED.date, parameters: ('6ax40d2A1qCJ0q6v4usuNG', 42, '2023-05-09')
[2023-05-09T19:01:28.014+0000] {sql.py:384} INFO - Rows affected: 1
[2023-05-09T19:01:28.022+0000] {base.py:73} INFO - Using connection ID '***' for task execution.
[2023-05-09T19:01:28.030+0000] {sql.py:375} INFO - Running statement: INSERT INTO song_fact (song_id,popularity,date) VALUES (%s,%s,%s) ON CONFLICT (song_id,date) DO UPDATE SET song_id=EXCLUDED.song_id,popularity=EXCLUDED.popularity,date=EXCLUDED.date, parameters: ('5FZ5p7OoluyzZNPEAgkYiV', 34, '2023-05-09')
[2023-05-09T19:01:28.032+0000] {sql.py:384} INFO - Rows affected: 1
[2023-05-09T19:01:28.039+0000] {base.py:73} INFO - Using connection ID '***' for task execution.
[2023-05-09T19:01:28.047+0000] {sql.py:375} INFO - Running statement: INSERT INTO song_fact (song_id,popularity,date) VALUES (%s,%s,%s) ON CONFLICT (song_id,date) DO UPDATE SET song_id=EXCLUDED.song_id,popularity=EXCLUDED.popularity,date=EXCLUDED.date, parameters: ('03frKXXCZEzd9n9QOEpUQA', 43, '2023-05-09')
[2023-05-09T19:01:28.049+0000] {sql.py:384} INFO - Rows affected: 1
[2023-05-09T19:01:28.057+0000] {base.py:73} INFO - Using connection ID '***' for task execution.
[2023-05-09T19:01:28.064+0000] {sql.py:375} INFO - Running statement: INSERT INTO song_fact (song_id,popularity,date) VALUES (%s,%s,%s) ON CONFLICT (song_id,date) DO UPDATE SET song_id=EXCLUDED.song_id,popularity=EXCLUDED.popularity,date=EXCLUDED.date, parameters: ('5YLBkEgpKzkPJOu2JZd2Xo', 48, '2023-05-09')
[2023-05-09T19:01:28.066+0000] {sql.py:384} INFO - Rows affected: 1
[2023-05-09T19:01:28.074+0000] {base.py:73} INFO - Using connection ID '***' for task execution.
[2023-05-09T19:01:28.086+0000] {sql.py:375} INFO - Running statement: INSERT INTO song_fact (song_id,popularity,date) VALUES (%s,%s,%s) ON CONFLICT (song_id,date) DO UPDATE SET song_id=EXCLUDED.song_id,popularity=EXCLUDED.popularity,date=EXCLUDED.date, parameters: ('6Jfd9OQNmtspaEGLI5R5kr', 43, '2023-05-09')
[2023-05-09T19:01:28.088+0000] {sql.py:384} INFO - Rows affected: 1
[2023-05-09T19:01:28.096+0000] {base.py:73} INFO - Using connection ID '***' for task execution.
[2023-05-09T19:01:28.103+0000] {sql.py:375} INFO - Running statement: INSERT INTO song_fact (song_id,popularity,date) VALUES (%s,%s,%s) ON CONFLICT (song_id,date) DO UPDATE SET song_id=EXCLUDED.song_id,popularity=EXCLUDED.popularity,date=EXCLUDED.date, parameters: ('0LHdHYe5ssIheUX5RZw4rN', 57, '2023-05-09')
[2023-05-09T19:01:28.105+0000] {sql.py:384} INFO - Rows affected: 1
[2023-05-09T19:01:28.112+0000] {base.py:73} INFO - Using connection ID '***' for task execution.
[2023-05-09T19:01:28.120+0000] {sql.py:375} INFO - Running statement: INSERT INTO song_fact (song_id,popularity,date) VALUES (%s,%s,%s) ON CONFLICT (song_id,date) DO UPDATE SET song_id=EXCLUDED.song_id,popularity=EXCLUDED.popularity,date=EXCLUDED.date, parameters: ('46s77n3x4XZqUhZfIOCax9', 57, '2023-05-09')
[2023-05-09T19:01:28.122+0000] {sql.py:384} INFO - Rows affected: 1
[2023-05-09T19:01:28.128+0000] {base.py:73} INFO - Using connection ID '***' for task execution.
[2023-05-09T19:01:28.135+0000] {sql.py:375} INFO - Running statement: INSERT INTO song_fact (song_id,popularity,date) VALUES (%s,%s,%s) ON CONFLICT (song_id,date) DO UPDATE SET song_id=EXCLUDED.song_id,popularity=EXCLUDED.popularity,date=EXCLUDED.date, parameters: ('6XpVAVpg3PfxcoO0tUG8jJ', 60, '2023-05-09')
[2023-05-09T19:01:28.138+0000] {sql.py:384} INFO - Rows affected: 1
[2023-05-09T19:01:28.144+0000] {base.py:73} INFO - Using connection ID '***' for task execution.
[2023-05-09T19:01:28.151+0000] {sql.py:375} INFO - Running statement: INSERT INTO song_fact (song_id,popularity,date) VALUES (%s,%s,%s) ON CONFLICT (song_id,date) DO UPDATE SET song_id=EXCLUDED.song_id,popularity=EXCLUDED.popularity,date=EXCLUDED.date, parameters: ('3l9VCXMSoS1KBRhkCU5zuO', 58, '2023-05-09')
[2023-05-09T19:01:28.153+0000] {sql.py:384} INFO - Rows affected: 1
[2023-05-09T19:01:28.160+0000] {base.py:73} INFO - Using connection ID '***' for task execution.
[2023-05-09T19:01:28.167+0000] {sql.py:375} INFO - Running statement: INSERT INTO song_fact (song_id,popularity,date) VALUES (%s,%s,%s) ON CONFLICT (song_id,date) DO UPDATE SET song_id=EXCLUDED.song_id,popularity=EXCLUDED.popularity,date=EXCLUDED.date, parameters: ('1xHtMESwwsyUhV2ezvH7kR', 41, '2023-05-09')
[2023-05-09T19:01:28.169+0000] {sql.py:384} INFO - Rows affected: 1
[2023-05-09T19:01:28.175+0000] {base.py:73} INFO - Using connection ID '***' for task execution.
[2023-05-09T19:01:28.183+0000] {sql.py:375} INFO - Running statement: INSERT INTO song_fact (song_id,popularity,date) VALUES (%s,%s,%s) ON CONFLICT (song_id,date) DO UPDATE SET song_id=EXCLUDED.song_id,popularity=EXCLUDED.popularity,date=EXCLUDED.date, parameters: ('0YRuwU4V9qO0NM4T3mcu0u', 31, '2023-05-09')
[2023-05-09T19:01:28.184+0000] {sql.py:384} INFO - Rows affected: 1
[2023-05-09T19:01:28.192+0000] {base.py:73} INFO - Using connection ID '***' for task execution.
[2023-05-09T19:01:28.199+0000] {sql.py:375} INFO - Running statement: INSERT INTO song_fact (song_id,popularity,date) VALUES (%s,%s,%s) ON CONFLICT (song_id,date) DO UPDATE SET song_id=EXCLUDED.song_id,popularity=EXCLUDED.popularity,date=EXCLUDED.date, parameters: ('2nQ8RFX92URyHJeL2Naf3n', 0, '2023-05-09')
[2023-05-09T19:01:28.201+0000] {sql.py:384} INFO - Rows affected: 1
[2023-05-09T19:01:28.207+0000] {base.py:73} INFO - Using connection ID '***' for task execution.
[2023-05-09T19:01:28.214+0000] {sql.py:375} INFO - Running statement: INSERT INTO song_fact (song_id,popularity,date) VALUES (%s,%s,%s) ON CONFLICT (song_id,date) DO UPDATE SET song_id=EXCLUDED.song_id,popularity=EXCLUDED.popularity,date=EXCLUDED.date, parameters: ('3SpRtNO7GKWaFyWydXArvn', 63, '2023-05-09')
[2023-05-09T19:01:28.216+0000] {sql.py:384} INFO - Rows affected: 1
[2023-05-09T19:01:28.222+0000] {base.py:73} INFO - Using connection ID '***' for task execution.
[2023-05-09T19:01:28.229+0000] {sql.py:375} INFO - Running statement: INSERT INTO song_fact (song_id,popularity,date) VALUES (%s,%s,%s) ON CONFLICT (song_id,date) DO UPDATE SET song_id=EXCLUDED.song_id,popularity=EXCLUDED.popularity,date=EXCLUDED.date, parameters: ('7J66j3JaTRQ3vCxwr4Cwf0', 28, '2023-05-09')
[2023-05-09T19:01:28.231+0000] {sql.py:384} INFO - Rows affected: 1
[2023-05-09T19:01:28.239+0000] {base.py:73} INFO - Using connection ID '***' for task execution.
[2023-05-09T19:01:28.245+0000] {sql.py:375} INFO - Running statement: INSERT INTO song_fact (song_id,popularity,date) VALUES (%s,%s,%s) ON CONFLICT (song_id,date) DO UPDATE SET song_id=EXCLUDED.song_id,popularity=EXCLUDED.popularity,date=EXCLUDED.date, parameters: ('2EsyJN3AvC3zBlkQpb119M', 57, '2023-05-09')
[2023-05-09T19:01:28.247+0000] {sql.py:384} INFO - Rows affected: 1
[2023-05-09T19:01:28.254+0000] {base.py:73} INFO - Using connection ID '***' for task execution.
[2023-05-09T19:01:28.261+0000] {sql.py:375} INFO - Running statement: INSERT INTO song_fact (song_id,popularity,date) VALUES (%s,%s,%s) ON CONFLICT (song_id,date) DO UPDATE SET song_id=EXCLUDED.song_id,popularity=EXCLUDED.popularity,date=EXCLUDED.date, parameters: ('38Yamwrtcc9Niupl3kH8pH', 49, '2023-05-09')
[2023-05-09T19:01:28.263+0000] {sql.py:384} INFO - Rows affected: 1
[2023-05-09T19:01:28.269+0000] {base.py:73} INFO - Using connection ID '***' for task execution.
[2023-05-09T19:01:28.276+0000] {sql.py:375} INFO - Running statement: INSERT INTO song_fact (song_id,popularity,date) VALUES (%s,%s,%s) ON CONFLICT (song_id,date) DO UPDATE SET song_id=EXCLUDED.song_id,popularity=EXCLUDED.popularity,date=EXCLUDED.date, parameters: ('7qqhkLSwb7910F2LHpYJFo', 46, '2023-05-09')
[2023-05-09T19:01:28.277+0000] {sql.py:384} INFO - Rows affected: 1
[2023-05-09T19:01:28.284+0000] {base.py:73} INFO - Using connection ID '***' for task execution.
[2023-05-09T19:01:28.290+0000] {sql.py:375} INFO - Running statement: INSERT INTO song_fact (song_id,popularity,date) VALUES (%s,%s,%s) ON CONFLICT (song_id,date) DO UPDATE SET song_id=EXCLUDED.song_id,popularity=EXCLUDED.popularity,date=EXCLUDED.date, parameters: ('2dkv1xqXpAjP6HtzQLP39Z', 0, '2023-05-09')
[2023-05-09T19:01:28.292+0000] {sql.py:384} INFO - Rows affected: 1
[2023-05-09T19:01:28.300+0000] {base.py:73} INFO - Using connection ID '***' for task execution.
[2023-05-09T19:01:28.306+0000] {sql.py:375} INFO - Running statement: INSERT INTO song_fact (song_id,popularity,date) VALUES (%s,%s,%s) ON CONFLICT (song_id,date) DO UPDATE SET song_id=EXCLUDED.song_id,popularity=EXCLUDED.popularity,date=EXCLUDED.date, parameters: ('2RJo6RNV5dpjLh6Co4nPsI', 50, '2023-05-09')
[2023-05-09T19:01:28.309+0000] {sql.py:384} INFO - Rows affected: 1
[2023-05-09T19:01:28.317+0000] {base.py:73} INFO - Using connection ID '***' for task execution.
[2023-05-09T19:01:28.324+0000] {sql.py:375} INFO - Running statement: INSERT INTO song_fact (song_id,popularity,date) VALUES (%s,%s,%s) ON CONFLICT (song_id,date) DO UPDATE SET song_id=EXCLUDED.song_id,popularity=EXCLUDED.popularity,date=EXCLUDED.date, parameters: ('703SHNf8XtJnM3gtryjyJ6', 0, '2023-05-09')
[2023-05-09T19:01:28.326+0000] {sql.py:384} INFO - Rows affected: 1
[2023-05-09T19:01:28.334+0000] {base.py:73} INFO - Using connection ID '***' for task execution.
[2023-05-09T19:01:28.341+0000] {sql.py:375} INFO - Running statement: INSERT INTO song_fact (song_id,popularity,date) VALUES (%s,%s,%s) ON CONFLICT (song_id,date) DO UPDATE SET song_id=EXCLUDED.song_id,popularity=EXCLUDED.popularity,date=EXCLUDED.date, parameters: ('7fZrKwhsgCM5HzZSpWe2HX', 42, '2023-05-09')
[2023-05-09T19:01:28.343+0000] {sql.py:384} INFO - Rows affected: 1
[2023-05-09T19:01:28.350+0000] {base.py:73} INFO - Using connection ID '***' for task execution.
[2023-05-09T19:01:28.358+0000] {sql.py:375} INFO - Running statement: INSERT INTO song_fact (song_id,popularity,date) VALUES (%s,%s,%s) ON CONFLICT (song_id,date) DO UPDATE SET song_id=EXCLUDED.song_id,popularity=EXCLUDED.popularity,date=EXCLUDED.date, parameters: ('0UPPkMYBbotUYqRmekWOqn', 29, '2023-05-09')
[2023-05-09T19:01:28.360+0000] {sql.py:384} INFO - Rows affected: 1
[2023-05-09T19:01:28.368+0000] {base.py:73} INFO - Using connection ID '***' for task execution.
[2023-05-09T19:01:28.375+0000] {sql.py:375} INFO - Running statement: INSERT INTO song_fact (song_id,popularity,date) VALUES (%s,%s,%s) ON CONFLICT (song_id,date) DO UPDATE SET song_id=EXCLUDED.song_id,popularity=EXCLUDED.popularity,date=EXCLUDED.date, parameters: ('4xalL1bGV2FoRgAVt62mti', 41, '2023-05-09')
[2023-05-09T19:01:28.377+0000] {sql.py:384} INFO - Rows affected: 1
[2023-05-09T19:01:28.384+0000] {base.py:73} INFO - Using connection ID '***' for task execution.
[2023-05-09T19:01:28.391+0000] {sql.py:375} INFO - Running statement: INSERT INTO song_fact (song_id,popularity,date) VALUES (%s,%s,%s) ON CONFLICT (song_id,date) DO UPDATE SET song_id=EXCLUDED.song_id,popularity=EXCLUDED.popularity,date=EXCLUDED.date, parameters: ('7lpUYOCEH6EEOSLF6r1f7r', 47, '2023-05-09')
[2023-05-09T19:01:28.393+0000] {sql.py:384} INFO - Rows affected: 1
[2023-05-09T19:01:28.400+0000] {base.py:73} INFO - Using connection ID '***' for task execution.
[2023-05-09T19:01:28.412+0000] {sql.py:375} INFO - Running statement: INSERT INTO song_fact (song_id,popularity,date) VALUES (%s,%s,%s) ON CONFLICT (song_id,date) DO UPDATE SET song_id=EXCLUDED.song_id,popularity=EXCLUDED.popularity,date=EXCLUDED.date, parameters: ('6MZ91tbZxwwqimJffOoLsW', 61, '2023-05-09')
[2023-05-09T19:01:28.414+0000] {sql.py:384} INFO - Rows affected: 1
[2023-05-09T19:01:28.421+0000] {base.py:73} INFO - Using connection ID '***' for task execution.
[2023-05-09T19:01:28.428+0000] {sql.py:375} INFO - Running statement: INSERT INTO song_fact (song_id,popularity,date) VALUES (%s,%s,%s) ON CONFLICT (song_id,date) DO UPDATE SET song_id=EXCLUDED.song_id,popularity=EXCLUDED.popularity,date=EXCLUDED.date, parameters: ('6UHRvtm1Be1NJOSJMpbGLu', 41, '2023-05-09')
[2023-05-09T19:01:28.430+0000] {sql.py:384} INFO - Rows affected: 1
[2023-05-09T19:01:28.437+0000] {base.py:73} INFO - Using connection ID '***' for task execution.
[2023-05-09T19:01:28.444+0000] {sql.py:375} INFO - Running statement: INSERT INTO song_fact (song_id,popularity,date) VALUES (%s,%s,%s) ON CONFLICT (song_id,date) DO UPDATE SET song_id=EXCLUDED.song_id,popularity=EXCLUDED.popularity,date=EXCLUDED.date, parameters: ('7j8Pum7QmJNtFR5mjniLMu', 51, '2023-05-09')
[2023-05-09T19:01:28.447+0000] {sql.py:384} INFO - Rows affected: 1
[2023-05-09T19:01:28.454+0000] {base.py:73} INFO - Using connection ID '***' for task execution.
[2023-05-09T19:01:28.463+0000] {sql.py:375} INFO - Running statement: INSERT INTO song_fact (song_id,popularity,date) VALUES (%s,%s,%s) ON CONFLICT (song_id,date) DO UPDATE SET song_id=EXCLUDED.song_id,popularity=EXCLUDED.popularity,date=EXCLUDED.date, parameters: ('06hNKFqaLBZ3FrEKlmwpf7', 43, '2023-05-09')
[2023-05-09T19:01:28.465+0000] {sql.py:384} INFO - Rows affected: 1
[2023-05-09T19:01:28.472+0000] {base.py:73} INFO - Using connection ID '***' for task execution.
[2023-05-09T19:01:28.478+0000] {sql.py:375} INFO - Running statement: INSERT INTO song_fact (song_id,popularity,date) VALUES (%s,%s,%s) ON CONFLICT (song_id,date) DO UPDATE SET song_id=EXCLUDED.song_id,popularity=EXCLUDED.popularity,date=EXCLUDED.date, parameters: ('1HIrapG2x5sw0CTJu7VHAH', 38, '2023-05-09')
[2023-05-09T19:01:28.481+0000] {sql.py:384} INFO - Rows affected: 1
[2023-05-09T19:01:28.487+0000] {base.py:73} INFO - Using connection ID '***' for task execution.
[2023-05-09T19:01:28.493+0000] {sql.py:375} INFO - Running statement: INSERT INTO song_fact (song_id,popularity,date) VALUES (%s,%s,%s) ON CONFLICT (song_id,date) DO UPDATE SET song_id=EXCLUDED.song_id,popularity=EXCLUDED.popularity,date=EXCLUDED.date, parameters: ('0EnhumMxDBQ6Ap09rluA4k', 32, '2023-05-09')
[2023-05-09T19:01:28.495+0000] {sql.py:384} INFO - Rows affected: 1
[2023-05-09T19:01:28.501+0000] {base.py:73} INFO - Using connection ID '***' for task execution.
[2023-05-09T19:01:28.507+0000] {sql.py:375} INFO - Running statement: INSERT INTO song_fact (song_id,popularity,date) VALUES (%s,%s,%s) ON CONFLICT (song_id,date) DO UPDATE SET song_id=EXCLUDED.song_id,popularity=EXCLUDED.popularity,date=EXCLUDED.date, parameters: ('4Ptg6MQDWURiKpXzgnsroE', 45, '2023-05-09')
[2023-05-09T19:01:28.509+0000] {sql.py:384} INFO - Rows affected: 1
[2023-05-09T19:01:28.516+0000] {base.py:73} INFO - Using connection ID '***' for task execution.
[2023-05-09T19:01:28.522+0000] {sql.py:375} INFO - Running statement: INSERT INTO song_fact (song_id,popularity,date) VALUES (%s,%s,%s) ON CONFLICT (song_id,date) DO UPDATE SET song_id=EXCLUDED.song_id,popularity=EXCLUDED.popularity,date=EXCLUDED.date, parameters: ('7iTWmRy9u5tkXdkxStO4u7', 31, '2023-05-09')
[2023-05-09T19:01:28.524+0000] {sql.py:384} INFO - Rows affected: 1
[2023-05-09T19:01:28.530+0000] {base.py:73} INFO - Using connection ID '***' for task execution.
[2023-05-09T19:01:28.538+0000] {sql.py:375} INFO - Running statement: INSERT INTO song_fact (song_id,popularity,date) VALUES (%s,%s,%s) ON CONFLICT (song_id,date) DO UPDATE SET song_id=EXCLUDED.song_id,popularity=EXCLUDED.popularity,date=EXCLUDED.date, parameters: ('3iYOMRgZVvlmNahSu9hEWi', 29, '2023-05-09')
[2023-05-09T19:01:28.540+0000] {sql.py:384} INFO - Rows affected: 1
[2023-05-09T19:01:28.547+0000] {base.py:73} INFO - Using connection ID '***' for task execution.
[2023-05-09T19:01:28.552+0000] {sql.py:375} INFO - Running statement: INSERT INTO song_fact (song_id,popularity,date) VALUES (%s,%s,%s) ON CONFLICT (song_id,date) DO UPDATE SET song_id=EXCLUDED.song_id,popularity=EXCLUDED.popularity,date=EXCLUDED.date, parameters: ('3ZPqsNlUyRHebbc6r5gSDD', 48, '2023-05-09')
[2023-05-09T19:01:28.555+0000] {sql.py:384} INFO - Rows affected: 1
[2023-05-09T19:01:28.561+0000] {base.py:73} INFO - Using connection ID '***' for task execution.
[2023-05-09T19:01:28.567+0000] {sql.py:375} INFO - Running statement: INSERT INTO song_fact (song_id,popularity,date) VALUES (%s,%s,%s) ON CONFLICT (song_id,date) DO UPDATE SET song_id=EXCLUDED.song_id,popularity=EXCLUDED.popularity,date=EXCLUDED.date, parameters: ('6ue8qsdLrXbj9UDmhnYkEa', 58, '2023-05-09')
[2023-05-09T19:01:28.569+0000] {sql.py:384} INFO - Rows affected: 1
[2023-05-09T19:01:28.575+0000] {base.py:73} INFO - Using connection ID '***' for task execution.
[2023-05-09T19:01:28.581+0000] {sql.py:375} INFO - Running statement: INSERT INTO song_fact (song_id,popularity,date) VALUES (%s,%s,%s) ON CONFLICT (song_id,date) DO UPDATE SET song_id=EXCLUDED.song_id,popularity=EXCLUDED.popularity,date=EXCLUDED.date, parameters: ('0741N487QVIKOvKGJCYGU0', 41, '2023-05-09')
[2023-05-09T19:01:28.582+0000] {sql.py:384} INFO - Rows affected: 1
[2023-05-09T19:01:28.588+0000] {base.py:73} INFO - Using connection ID '***' for task execution.
[2023-05-09T19:01:28.595+0000] {sql.py:375} INFO - Running statement: INSERT INTO song_fact (song_id,popularity,date) VALUES (%s,%s,%s) ON CONFLICT (song_id,date) DO UPDATE SET song_id=EXCLUDED.song_id,popularity=EXCLUDED.popularity,date=EXCLUDED.date, parameters: ('37dVuP5d1BtVDagETMqP3k', 59, '2023-05-09')
[2023-05-09T19:01:28.597+0000] {sql.py:384} INFO - Rows affected: 1
[2023-05-09T19:01:28.604+0000] {base.py:73} INFO - Using connection ID '***' for task execution.
[2023-05-09T19:01:28.609+0000] {sql.py:375} INFO - Running statement: INSERT INTO song_fact (song_id,popularity,date) VALUES (%s,%s,%s) ON CONFLICT (song_id,date) DO UPDATE SET song_id=EXCLUDED.song_id,popularity=EXCLUDED.popularity,date=EXCLUDED.date, parameters: ('0NIVVOcnLUSq73tppaWV9h', 26, '2023-05-09')
[2023-05-09T19:01:28.611+0000] {sql.py:384} INFO - Rows affected: 1
[2023-05-09T19:01:28.617+0000] {base.py:73} INFO - Using connection ID '***' for task execution.
[2023-05-09T19:01:28.622+0000] {sql.py:375} INFO - Running statement: INSERT INTO song_fact (song_id,popularity,date) VALUES (%s,%s,%s) ON CONFLICT (song_id,date) DO UPDATE SET song_id=EXCLUDED.song_id,popularity=EXCLUDED.popularity,date=EXCLUDED.date, parameters: ('4zp8noasnK5XNuNojkVhiy', 57, '2023-05-09')
[2023-05-09T19:01:28.624+0000] {sql.py:384} INFO - Rows affected: 1
[2023-05-09T19:01:28.630+0000] {base.py:73} INFO - Using connection ID '***' for task execution.
[2023-05-09T19:01:28.636+0000] {sql.py:375} INFO - Running statement: INSERT INTO song_fact (song_id,popularity,date) VALUES (%s,%s,%s) ON CONFLICT (song_id,date) DO UPDATE SET song_id=EXCLUDED.song_id,popularity=EXCLUDED.popularity,date=EXCLUDED.date, parameters: ('6wFqLYmiXyGvprbWa4ogm8', 58, '2023-05-09')
[2023-05-09T19:01:28.637+0000] {sql.py:384} INFO - Rows affected: 1
[2023-05-09T19:01:28.643+0000] {base.py:73} INFO - Using connection ID '***' for task execution.
[2023-05-09T19:01:28.649+0000] {sql.py:375} INFO - Running statement: INSERT INTO song_fact (song_id,popularity,date) VALUES (%s,%s,%s) ON CONFLICT (song_id,date) DO UPDATE SET song_id=EXCLUDED.song_id,popularity=EXCLUDED.popularity,date=EXCLUDED.date, parameters: ('7EYpq1ezCFgO8Ioj86mArL', 34, '2023-05-09')
[2023-05-09T19:01:28.652+0000] {sql.py:384} INFO - Rows affected: 1
[2023-05-09T19:01:28.658+0000] {base.py:73} INFO - Using connection ID '***' for task execution.
[2023-05-09T19:01:28.663+0000] {sql.py:375} INFO - Running statement: INSERT INTO song_fact (song_id,popularity,date) VALUES (%s,%s,%s) ON CONFLICT (song_id,date) DO UPDATE SET song_id=EXCLUDED.song_id,popularity=EXCLUDED.popularity,date=EXCLUDED.date, parameters: ('0WeFvEY2QEjcKVd8ymli4i', 43, '2023-05-09')
[2023-05-09T19:01:28.665+0000] {sql.py:384} INFO - Rows affected: 1
[2023-05-09T19:01:28.671+0000] {base.py:73} INFO - Using connection ID '***' for task execution.
[2023-05-09T19:01:28.676+0000] {sql.py:375} INFO - Running statement: INSERT INTO song_fact (song_id,popularity,date) VALUES (%s,%s,%s) ON CONFLICT (song_id,date) DO UPDATE SET song_id=EXCLUDED.song_id,popularity=EXCLUDED.popularity,date=EXCLUDED.date, parameters: ('3DErMJzUrtfGUjet3xpUml', 59, '2023-05-09')
[2023-05-09T19:01:28.678+0000] {sql.py:384} INFO - Rows affected: 1
[2023-05-09T19:01:28.683+0000] {base.py:73} INFO - Using connection ID '***' for task execution.
[2023-05-09T19:01:28.688+0000] {sql.py:375} INFO - Running statement: INSERT INTO song_fact (song_id,popularity,date) VALUES (%s,%s,%s) ON CONFLICT (song_id,date) DO UPDATE SET song_id=EXCLUDED.song_id,popularity=EXCLUDED.popularity,date=EXCLUDED.date, parameters: ('3tyOS69tgk87QiY3B6TsPY', 44, '2023-05-09')
[2023-05-09T19:01:28.690+0000] {sql.py:384} INFO - Rows affected: 1
[2023-05-09T19:01:28.695+0000] {base.py:73} INFO - Using connection ID '***' for task execution.
[2023-05-09T19:01:28.701+0000] {sql.py:375} INFO - Running statement: INSERT INTO song_fact (song_id,popularity,date) VALUES (%s,%s,%s) ON CONFLICT (song_id,date) DO UPDATE SET song_id=EXCLUDED.song_id,popularity=EXCLUDED.popularity,date=EXCLUDED.date, parameters: ('6nlZ1HZuqOGypB1dEUlO77', 21, '2023-05-09')
[2023-05-09T19:01:28.703+0000] {sql.py:384} INFO - Rows affected: 1
[2023-05-09T19:01:28.709+0000] {base.py:73} INFO - Using connection ID '***' for task execution.
[2023-05-09T19:01:28.714+0000] {sql.py:375} INFO - Running statement: INSERT INTO song_fact (song_id,popularity,date) VALUES (%s,%s,%s) ON CONFLICT (song_id,date) DO UPDATE SET song_id=EXCLUDED.song_id,popularity=EXCLUDED.popularity,date=EXCLUDED.date, parameters: ('3BvqjMhMCLNlluQagWb589', 25, '2023-05-09')
[2023-05-09T19:01:28.716+0000] {sql.py:384} INFO - Rows affected: 1
[2023-05-09T19:01:28.722+0000] {base.py:73} INFO - Using connection ID '***' for task execution.
[2023-05-09T19:01:28.727+0000] {sql.py:375} INFO - Running statement: INSERT INTO song_fact (song_id,popularity,date) VALUES (%s,%s,%s) ON CONFLICT (song_id,date) DO UPDATE SET song_id=EXCLUDED.song_id,popularity=EXCLUDED.popularity,date=EXCLUDED.date, parameters: ('4hOuJIB1norFj3j84oY2Cq', 58, '2023-05-09')
[2023-05-09T19:01:28.728+0000] {sql.py:384} INFO - Rows affected: 1
[2023-05-09T19:01:28.734+0000] {base.py:73} INFO - Using connection ID '***' for task execution.
[2023-05-09T19:01:28.740+0000] {sql.py:375} INFO - Running statement: INSERT INTO song_fact (song_id,popularity,date) VALUES (%s,%s,%s) ON CONFLICT (song_id,date) DO UPDATE SET song_id=EXCLUDED.song_id,popularity=EXCLUDED.popularity,date=EXCLUDED.date, parameters: ('2YkOpi22nrGAspbEBX5aU8', 40, '2023-05-09')
[2023-05-09T19:01:28.741+0000] {sql.py:384} INFO - Rows affected: 1
[2023-05-09T19:01:28.748+0000] {base.py:73} INFO - Using connection ID '***' for task execution.
[2023-05-09T19:01:28.754+0000] {sql.py:375} INFO - Running statement: INSERT INTO song_fact (song_id,popularity,date) VALUES (%s,%s,%s) ON CONFLICT (song_id,date) DO UPDATE SET song_id=EXCLUDED.song_id,popularity=EXCLUDED.popularity,date=EXCLUDED.date, parameters: ('3eZXeTzRtqFrpj5zSfw9V0', 49, '2023-05-09')
[2023-05-09T19:01:28.756+0000] {sql.py:384} INFO - Rows affected: 1
[2023-05-09T19:01:28.762+0000] {base.py:73} INFO - Using connection ID '***' for task execution.
[2023-05-09T19:01:28.769+0000] {sql.py:375} INFO - Running statement: INSERT INTO song_fact (song_id,popularity,date) VALUES (%s,%s,%s) ON CONFLICT (song_id,date) DO UPDATE SET song_id=EXCLUDED.song_id,popularity=EXCLUDED.popularity,date=EXCLUDED.date, parameters: ('5l5SMWVPhVlJOmYFzDmJvY', 59, '2023-05-09')
[2023-05-09T19:01:28.771+0000] {sql.py:384} INFO - Rows affected: 1
[2023-05-09T19:01:28.777+0000] {base.py:73} INFO - Using connection ID '***' for task execution.
[2023-05-09T19:01:28.783+0000] {sql.py:375} INFO - Running statement: INSERT INTO song_fact (song_id,popularity,date) VALUES (%s,%s,%s) ON CONFLICT (song_id,date) DO UPDATE SET song_id=EXCLUDED.song_id,popularity=EXCLUDED.popularity,date=EXCLUDED.date, parameters: ('1OQb4VaksoBhhreYGQ3ppU', 31, '2023-05-09')
[2023-05-09T19:01:28.784+0000] {sql.py:384} INFO - Rows affected: 1
[2023-05-09T19:01:28.790+0000] {base.py:73} INFO - Using connection ID '***' for task execution.
[2023-05-09T19:01:28.796+0000] {sql.py:375} INFO - Running statement: INSERT INTO song_fact (song_id,popularity,date) VALUES (%s,%s,%s) ON CONFLICT (song_id,date) DO UPDATE SET song_id=EXCLUDED.song_id,popularity=EXCLUDED.popularity,date=EXCLUDED.date, parameters: ('6ER2Dbq8uoZYd8IQ19OSqS', 27, '2023-05-09')
[2023-05-09T19:01:28.798+0000] {sql.py:384} INFO - Rows affected: 1
[2023-05-09T19:01:28.804+0000] {base.py:73} INFO - Using connection ID '***' for task execution.
[2023-05-09T19:01:28.810+0000] {sql.py:375} INFO - Running statement: INSERT INTO song_fact (song_id,popularity,date) VALUES (%s,%s,%s) ON CONFLICT (song_id,date) DO UPDATE SET song_id=EXCLUDED.song_id,popularity=EXCLUDED.popularity,date=EXCLUDED.date, parameters: ('4GRLGjwgWzZ33HQU3BIdH9', 51, '2023-05-09')
[2023-05-09T19:01:28.811+0000] {sql.py:384} INFO - Rows affected: 1
[2023-05-09T19:01:28.817+0000] {base.py:73} INFO - Using connection ID '***' for task execution.
[2023-05-09T19:01:28.823+0000] {sql.py:375} INFO - Running statement: INSERT INTO song_fact (song_id,popularity,date) VALUES (%s,%s,%s) ON CONFLICT (song_id,date) DO UPDATE SET song_id=EXCLUDED.song_id,popularity=EXCLUDED.popularity,date=EXCLUDED.date, parameters: ('1JmEymqQwLXvCg3sJ7gz0n', 55, '2023-05-09')
[2023-05-09T19:01:28.824+0000] {sql.py:384} INFO - Rows affected: 1
[2023-05-09T19:01:28.830+0000] {base.py:73} INFO - Using connection ID '***' for task execution.
[2023-05-09T19:01:28.836+0000] {sql.py:375} INFO - Running statement: INSERT INTO song_fact (song_id,popularity,date) VALUES (%s,%s,%s) ON CONFLICT (song_id,date) DO UPDATE SET song_id=EXCLUDED.song_id,popularity=EXCLUDED.popularity,date=EXCLUDED.date, parameters: ('1akuKqHyYofuNsvLfvNPBe', 32, '2023-05-09')
[2023-05-09T19:01:28.837+0000] {sql.py:384} INFO - Rows affected: 1
[2023-05-09T19:01:28.843+0000] {base.py:73} INFO - Using connection ID '***' for task execution.
[2023-05-09T19:01:28.849+0000] {sql.py:375} INFO - Running statement: INSERT INTO song_fact (song_id,popularity,date) VALUES (%s,%s,%s) ON CONFLICT (song_id,date) DO UPDATE SET song_id=EXCLUDED.song_id,popularity=EXCLUDED.popularity,date=EXCLUDED.date, parameters: ('2BSICryahPlMusTqQDrsYe', 23, '2023-05-09')
[2023-05-09T19:01:28.851+0000] {sql.py:384} INFO - Rows affected: 1
[2023-05-09T19:01:28.857+0000] {base.py:73} INFO - Using connection ID '***' for task execution.
[2023-05-09T19:01:28.862+0000] {sql.py:375} INFO - Running statement: INSERT INTO song_fact (song_id,popularity,date) VALUES (%s,%s,%s) ON CONFLICT (song_id,date) DO UPDATE SET song_id=EXCLUDED.song_id,popularity=EXCLUDED.popularity,date=EXCLUDED.date, parameters: ('6tiENvREXsXPDdnMGoioP0', 40, '2023-05-09')
[2023-05-09T19:01:28.864+0000] {sql.py:384} INFO - Rows affected: 1
[2023-05-09T19:01:28.870+0000] {base.py:73} INFO - Using connection ID '***' for task execution.
[2023-05-09T19:01:28.876+0000] {sql.py:375} INFO - Running statement: INSERT INTO song_fact (song_id,popularity,date) VALUES (%s,%s,%s) ON CONFLICT (song_id,date) DO UPDATE SET song_id=EXCLUDED.song_id,popularity=EXCLUDED.popularity,date=EXCLUDED.date, parameters: ('5oLnXmEdr6h92pFNtBgJVR', 41, '2023-05-09')
[2023-05-09T19:01:28.877+0000] {sql.py:384} INFO - Rows affected: 1
[2023-05-09T19:01:28.883+0000] {base.py:73} INFO - Using connection ID '***' for task execution.
[2023-05-09T19:01:28.889+0000] {sql.py:375} INFO - Running statement: INSERT INTO song_fact (song_id,popularity,date) VALUES (%s,%s,%s) ON CONFLICT (song_id,date) DO UPDATE SET song_id=EXCLUDED.song_id,popularity=EXCLUDED.popularity,date=EXCLUDED.date, parameters: ('1rCdmjQUxxdvcCY92D7UiR', 49, '2023-05-09')
[2023-05-09T19:01:28.890+0000] {sql.py:384} INFO - Rows affected: 1
[2023-05-09T19:01:28.896+0000] {base.py:73} INFO - Using connection ID '***' for task execution.
[2023-05-09T19:01:28.902+0000] {sql.py:375} INFO - Running statement: INSERT INTO song_fact (song_id,popularity,date) VALUES (%s,%s,%s) ON CONFLICT (song_id,date) DO UPDATE SET song_id=EXCLUDED.song_id,popularity=EXCLUDED.popularity,date=EXCLUDED.date, parameters: ('1Juo9g0Rjxo6fxOmr8N3wV', 33, '2023-05-09')
[2023-05-09T19:01:28.903+0000] {sql.py:384} INFO - Rows affected: 1
[2023-05-09T19:01:28.909+0000] {base.py:73} INFO - Using connection ID '***' for task execution.
[2023-05-09T19:01:28.914+0000] {sql.py:375} INFO - Running statement: INSERT INTO song_fact (song_id,popularity,date) VALUES (%s,%s,%s) ON CONFLICT (song_id,date) DO UPDATE SET song_id=EXCLUDED.song_id,popularity=EXCLUDED.popularity,date=EXCLUDED.date, parameters: ('6NTD9xwzvTisuBhDxSvldL', 35, '2023-05-09')
[2023-05-09T19:01:28.915+0000] {sql.py:384} INFO - Rows affected: 1
[2023-05-09T19:01:28.922+0000] {base.py:73} INFO - Using connection ID '***' for task execution.
[2023-05-09T19:01:28.928+0000] {sql.py:375} INFO - Running statement: INSERT INTO song_fact (song_id,popularity,date) VALUES (%s,%s,%s) ON CONFLICT (song_id,date) DO UPDATE SET song_id=EXCLUDED.song_id,popularity=EXCLUDED.popularity,date=EXCLUDED.date, parameters: ('3v61DyG93LsHgpAtCaXMYV', 38, '2023-05-09')
[2023-05-09T19:01:28.930+0000] {sql.py:384} INFO - Rows affected: 1
[2023-05-09T19:01:28.935+0000] {base.py:73} INFO - Using connection ID '***' for task execution.
[2023-05-09T19:01:28.940+0000] {sql.py:375} INFO - Running statement: INSERT INTO song_fact (song_id,popularity,date) VALUES (%s,%s,%s) ON CONFLICT (song_id,date) DO UPDATE SET song_id=EXCLUDED.song_id,popularity=EXCLUDED.popularity,date=EXCLUDED.date, parameters: ('5OxGWmF7NIZ1q2JM3bxeOr', 50, '2023-05-09')
[2023-05-09T19:01:28.942+0000] {sql.py:384} INFO - Rows affected: 1
[2023-05-09T19:01:28.948+0000] {base.py:73} INFO - Using connection ID '***' for task execution.
[2023-05-09T19:01:28.954+0000] {sql.py:375} INFO - Running statement: INSERT INTO song_fact (song_id,popularity,date) VALUES (%s,%s,%s) ON CONFLICT (song_id,date) DO UPDATE SET song_id=EXCLUDED.song_id,popularity=EXCLUDED.popularity,date=EXCLUDED.date, parameters: ('0nygzznhANm4uiBwhUkE6o', 50, '2023-05-09')
[2023-05-09T19:01:28.955+0000] {sql.py:384} INFO - Rows affected: 1
[2023-05-09T19:01:28.962+0000] {base.py:73} INFO - Using connection ID '***' for task execution.
[2023-05-09T19:01:28.967+0000] {sql.py:375} INFO - Running statement: INSERT INTO song_fact (song_id,popularity,date) VALUES (%s,%s,%s) ON CONFLICT (song_id,date) DO UPDATE SET song_id=EXCLUDED.song_id,popularity=EXCLUDED.popularity,date=EXCLUDED.date, parameters: ('1I0529lSZwDiYDts9aKaLy', 43, '2023-05-09')
[2023-05-09T19:01:28.968+0000] {sql.py:384} INFO - Rows affected: 1
[2023-05-09T19:01:28.974+0000] {base.py:73} INFO - Using connection ID '***' for task execution.
[2023-05-09T19:01:28.983+0000] {sql.py:375} INFO - Running statement: INSERT INTO song_fact (song_id,popularity,date) VALUES (%s,%s,%s) ON CONFLICT (song_id,date) DO UPDATE SET song_id=EXCLUDED.song_id,popularity=EXCLUDED.popularity,date=EXCLUDED.date, parameters: ('2Y4ol1FiPdSPMwaEMJgXMN', 55, '2023-05-09')
[2023-05-09T19:01:28.986+0000] {sql.py:384} INFO - Rows affected: 1
[2023-05-09T19:01:28.994+0000] {base.py:73} INFO - Using connection ID '***' for task execution.
[2023-05-09T19:01:29.001+0000] {sql.py:375} INFO - Running statement: INSERT INTO song_fact (song_id,popularity,date) VALUES (%s,%s,%s) ON CONFLICT (song_id,date) DO UPDATE SET song_id=EXCLUDED.song_id,popularity=EXCLUDED.popularity,date=EXCLUDED.date, parameters: ('5ui2l0pTXT0cjHB1gw4MEa', 16, '2023-05-09')
[2023-05-09T19:01:29.002+0000] {sql.py:384} INFO - Rows affected: 1
[2023-05-09T19:01:29.013+0000] {base.py:73} INFO - Using connection ID '***' for task execution.
[2023-05-09T19:01:29.027+0000] {sql.py:375} INFO - Running statement: INSERT INTO song_fact (song_id,popularity,date) VALUES (%s,%s,%s) ON CONFLICT (song_id,date) DO UPDATE SET song_id=EXCLUDED.song_id,popularity=EXCLUDED.popularity,date=EXCLUDED.date, parameters: ('79iuMoPY5U9jVQfLIWN3xO', 26, '2023-05-09')
[2023-05-09T19:01:29.031+0000] {sql.py:384} INFO - Rows affected: 1
[2023-05-09T19:01:29.039+0000] {base.py:73} INFO - Using connection ID '***' for task execution.
[2023-05-09T19:01:29.048+0000] {sql.py:375} INFO - Running statement: INSERT INTO song_fact (song_id,popularity,date) VALUES (%s,%s,%s) ON CONFLICT (song_id,date) DO UPDATE SET song_id=EXCLUDED.song_id,popularity=EXCLUDED.popularity,date=EXCLUDED.date, parameters: ('7d01oOW0gldyGW8hlUVN1J', 27, '2023-05-09')
[2023-05-09T19:01:29.050+0000] {sql.py:384} INFO - Rows affected: 1
[2023-05-09T19:01:29.059+0000] {base.py:73} INFO - Using connection ID '***' for task execution.
[2023-05-09T19:01:29.068+0000] {sql.py:375} INFO - Running statement: INSERT INTO song_fact (song_id,popularity,date) VALUES (%s,%s,%s) ON CONFLICT (song_id,date) DO UPDATE SET song_id=EXCLUDED.song_id,popularity=EXCLUDED.popularity,date=EXCLUDED.date, parameters: ('1cOVM7E3WZchifwUBf1FHT', 49, '2023-05-09')
[2023-05-09T19:01:29.070+0000] {sql.py:384} INFO - Rows affected: 1
[2023-05-09T19:01:29.077+0000] {base.py:73} INFO - Using connection ID '***' for task execution.
[2023-05-09T19:01:29.083+0000] {sql.py:375} INFO - Running statement: INSERT INTO song_fact (song_id,popularity,date) VALUES (%s,%s,%s) ON CONFLICT (song_id,date) DO UPDATE SET song_id=EXCLUDED.song_id,popularity=EXCLUDED.popularity,date=EXCLUDED.date, parameters: ('3leQHWQif6ZH4mKRUk3YkW', 28, '2023-05-09')
[2023-05-09T19:01:29.085+0000] {sql.py:384} INFO - Rows affected: 1
[2023-05-09T19:01:29.093+0000] {base.py:73} INFO - Using connection ID '***' for task execution.
[2023-05-09T19:01:29.100+0000] {sql.py:375} INFO - Running statement: INSERT INTO song_fact (song_id,popularity,date) VALUES (%s,%s,%s) ON CONFLICT (song_id,date) DO UPDATE SET song_id=EXCLUDED.song_id,popularity=EXCLUDED.popularity,date=EXCLUDED.date, parameters: ('0tBQVOAtBpqdQK2ExkbHZX', 32, '2023-05-09')
[2023-05-09T19:01:29.102+0000] {sql.py:384} INFO - Rows affected: 1
[2023-05-09T19:01:29.109+0000] {base.py:73} INFO - Using connection ID '***' for task execution.
[2023-05-09T19:01:29.115+0000] {sql.py:375} INFO - Running statement: INSERT INTO song_fact (song_id,popularity,date) VALUES (%s,%s,%s) ON CONFLICT (song_id,date) DO UPDATE SET song_id=EXCLUDED.song_id,popularity=EXCLUDED.popularity,date=EXCLUDED.date, parameters: ('1frV7Du2WwiKx0bHHphYCM', 36, '2023-05-09')
[2023-05-09T19:01:29.118+0000] {sql.py:384} INFO - Rows affected: 1
[2023-05-09T19:01:29.125+0000] {base.py:73} INFO - Using connection ID '***' for task execution.
[2023-05-09T19:01:29.131+0000] {sql.py:375} INFO - Running statement: INSERT INTO song_fact (song_id,popularity,date) VALUES (%s,%s,%s) ON CONFLICT (song_id,date) DO UPDATE SET song_id=EXCLUDED.song_id,popularity=EXCLUDED.popularity,date=EXCLUDED.date, parameters: ('2UFxllzBQap2AqgpeqHUKX', 39, '2023-05-09')
[2023-05-09T19:01:29.133+0000] {sql.py:384} INFO - Rows affected: 1
[2023-05-09T19:01:29.140+0000] {base.py:73} INFO - Using connection ID '***' for task execution.
[2023-05-09T19:01:29.147+0000] {sql.py:375} INFO - Running statement: INSERT INTO song_fact (song_id,popularity,date) VALUES (%s,%s,%s) ON CONFLICT (song_id,date) DO UPDATE SET song_id=EXCLUDED.song_id,popularity=EXCLUDED.popularity,date=EXCLUDED.date, parameters: ('0hBCGjhWa8Z9ou9JLighrR', 43, '2023-05-09')
[2023-05-09T19:01:29.149+0000] {sql.py:384} INFO - Rows affected: 1
[2023-05-09T19:01:29.156+0000] {base.py:73} INFO - Using connection ID '***' for task execution.
[2023-05-09T19:01:29.162+0000] {sql.py:375} INFO - Running statement: INSERT INTO song_fact (song_id,popularity,date) VALUES (%s,%s,%s) ON CONFLICT (song_id,date) DO UPDATE SET song_id=EXCLUDED.song_id,popularity=EXCLUDED.popularity,date=EXCLUDED.date, parameters: ('7cELheBXF3jIShGuewCy44', 54, '2023-05-09')
[2023-05-09T19:01:29.163+0000] {sql.py:384} INFO - Rows affected: 1
[2023-05-09T19:01:29.168+0000] {base.py:73} INFO - Using connection ID '***' for task execution.
[2023-05-09T19:01:29.176+0000] {sql.py:375} INFO - Running statement: INSERT INTO song_fact (song_id,popularity,date) VALUES (%s,%s,%s) ON CONFLICT (song_id,date) DO UPDATE SET song_id=EXCLUDED.song_id,popularity=EXCLUDED.popularity,date=EXCLUDED.date, parameters: ('5bwSx1hwmUivlUgY9UhfEB', 46, '2023-05-09')
[2023-05-09T19:01:29.177+0000] {sql.py:384} INFO - Rows affected: 1
[2023-05-09T19:01:29.183+0000] {base.py:73} INFO - Using connection ID '***' for task execution.
[2023-05-09T19:01:29.189+0000] {sql.py:375} INFO - Running statement: INSERT INTO song_fact (song_id,popularity,date) VALUES (%s,%s,%s) ON CONFLICT (song_id,date) DO UPDATE SET song_id=EXCLUDED.song_id,popularity=EXCLUDED.popularity,date=EXCLUDED.date, parameters: ('1Sl3gcmaeiU3vOMPpeM98V', 51, '2023-05-09')
[2023-05-09T19:01:29.190+0000] {sql.py:384} INFO - Rows affected: 1
[2023-05-09T19:01:29.196+0000] {base.py:73} INFO - Using connection ID '***' for task execution.
[2023-05-09T19:01:29.202+0000] {sql.py:375} INFO - Running statement: INSERT INTO song_fact (song_id,popularity,date) VALUES (%s,%s,%s) ON CONFLICT (song_id,date) DO UPDATE SET song_id=EXCLUDED.song_id,popularity=EXCLUDED.popularity,date=EXCLUDED.date, parameters: ('7JdarpX08FLhmfNZpxqgUO', 56, '2023-05-09')
[2023-05-09T19:01:29.204+0000] {sql.py:384} INFO - Rows affected: 1
[2023-05-09T19:01:29.209+0000] {base.py:73} INFO - Using connection ID '***' for task execution.
[2023-05-09T19:01:29.215+0000] {sql.py:375} INFO - Running statement: INSERT INTO song_fact (song_id,popularity,date) VALUES (%s,%s,%s) ON CONFLICT (song_id,date) DO UPDATE SET song_id=EXCLUDED.song_id,popularity=EXCLUDED.popularity,date=EXCLUDED.date, parameters: ('4TwVtW8hS5LyLoDtJGpUOg', 62, '2023-05-09')
[2023-05-09T19:01:29.216+0000] {sql.py:384} INFO - Rows affected: 1
[2023-05-09T19:01:29.222+0000] {base.py:73} INFO - Using connection ID '***' for task execution.
[2023-05-09T19:01:29.228+0000] {sql.py:375} INFO - Running statement: INSERT INTO song_fact (song_id,popularity,date) VALUES (%s,%s,%s) ON CONFLICT (song_id,date) DO UPDATE SET song_id=EXCLUDED.song_id,popularity=EXCLUDED.popularity,date=EXCLUDED.date, parameters: ('30AnNG3dFbHLQuSbIVWEbF', 47, '2023-05-09')
[2023-05-09T19:01:29.230+0000] {sql.py:384} INFO - Rows affected: 1
[2023-05-09T19:01:29.231+0000] {python.py:183} INFO - Done. Returned value was: None
[2023-05-09T19:01:29.239+0000] {taskinstance.py:1373} INFO - Marking task as SUCCESS. dag_id=Summer_Warped_ETL, task_id=LoadData.LoadSongFact, execution_date=20230509T185612, start_date=20230509T190127, end_date=20230509T190129
[2023-05-09T19:01:29.301+0000] {local_task_job_runner.py:232} INFO - Task exited with return code 0
[2023-05-09T19:01:29.323+0000] {taskinstance.py:2674} INFO - 1 downstream tasks scheduled from follow-on schedule check
