[2023-05-07T00:25:01.941+0000] {taskinstance.py:1125} INFO - Dependencies all met for dep_context=non-requeueable deps ti=<TaskInstance: Summer_Warped_ETL.GetArtistInfo manual__2023-05-07T00:19:06.344365+00:00 [queued]>
[2023-05-07T00:25:01.950+0000] {taskinstance.py:1125} INFO - Dependencies all met for dep_context=requeueable deps ti=<TaskInstance: Summer_Warped_ETL.GetArtistInfo manual__2023-05-07T00:19:06.344365+00:00 [queued]>
[2023-05-07T00:25:01.950+0000] {taskinstance.py:1331} INFO - Starting attempt 2 of 4
[2023-05-07T00:25:01.958+0000] {taskinstance.py:1350} INFO - Executing <Task(PythonOperator): GetArtistInfo> on 2023-05-07 00:19:06.344365+00:00
[2023-05-07T00:25:01.964+0000] {standard_task_runner.py:57} INFO - Started process 413 to run task
[2023-05-07T00:25:01.975+0000] {standard_task_runner.py:84} INFO - Running: ['***', 'tasks', 'run', 'Summer_Warped_ETL', 'GetArtistInfo', 'manual__2023-05-07T00:19:06.344365+00:00', '--job-id', '748', '--raw', '--subdir', 'DAGS_FOLDER/warped-dag.py', '--cfg-path', '/tmp/tmpjl_68gy9']
[2023-05-07T00:25:01.976+0000] {standard_task_runner.py:85} INFO - Job 748: Subtask GetArtistInfo
[2023-05-07T00:25:02.042+0000] {task_command.py:410} INFO - Running <TaskInstance: Summer_Warped_ETL.GetArtistInfo manual__2023-05-07T00:19:06.344365+00:00 [running]> on host 61437508c2dd
[2023-05-07T00:25:02.135+0000] {taskinstance.py:1570} INFO - Exporting env vars: AIRFLOW_CTX_DAG_OWNER='Ananta Moharana' AIRFLOW_CTX_DAG_ID='Summer_Warped_ETL' AIRFLOW_CTX_TASK_ID='GetArtistInfo' AIRFLOW_CTX_EXECUTION_DATE='2023-05-07T00:19:06.344365+00:00' AIRFLOW_CTX_TRY_NUMBER='2' AIRFLOW_CTX_DAG_RUN_ID='manual__2023-05-07T00:19:06.344365+00:00'
[2023-05-07T00:25:02.380+0000] {logging_mixin.py:149} INFO - underground hip hop
[2023-05-07T00:25:02.579+0000] {logging_mixin.py:149} INFO - cloud rap
[2023-05-07T00:25:02.790+0000] {logging_mixin.py:149} INFO - deep underground hip hop
[2023-05-07T00:25:02.988+0000] {logging_mixin.py:149} INFO - indie hip hop
[2023-05-07T00:25:03.094+0000] {logging_mixin.py:149} INFO - cloud rap
[2023-05-07T00:25:03.371+0000] {logging_mixin.py:149} INFO - indie pop rap
[2023-05-07T00:25:03.473+0000] {logging_mixin.py:149} INFO - emo rap
[2023-05-07T00:25:03.784+0000] {logging_mixin.py:149} INFO - meme rap
[2023-05-07T00:25:04.012+0000] {logging_mixin.py:149} INFO - indonesian hip hop
[2023-05-07T00:25:04.358+0000] {logging_mixin.py:149} INFO - canadian contemporary r&b
[2023-05-07T00:25:04.456+0000] {logging_mixin.py:149} INFO - bedroom soul
[2023-05-07T00:25:04.582+0000] {logging_mixin.py:149} INFO - cloud rap
[2023-05-07T00:25:04.679+0000] {logging_mixin.py:149} INFO - glitchcore
[2023-05-07T00:25:04.779+0000] {logging_mixin.py:149} INFO - atl hip hop
[2023-05-07T00:25:04.878+0000] {logging_mixin.py:149} INFO - cloud rap
[2023-05-07T00:25:04.973+0000] {logging_mixin.py:149} INFO - la pop
[2023-05-07T00:25:05.082+0000] {logging_mixin.py:149} INFO - pop edm
[2023-05-07T00:25:05.184+0000] {logging_mixin.py:149} INFO - hyperpop
[2023-05-07T00:25:05.509+0000] {logging_mixin.py:149} INFO - aesthetic rap
[2023-05-07T00:25:05.776+0000] {logging_mixin.py:149} INFO - emo rap
[2023-05-07T00:25:05.867+0000] {logging_mixin.py:149} INFO - emoplugg
[2023-05-07T00:25:05.962+0000] {logging_mixin.py:149} INFO - lo-fi rap
[2023-05-07T00:25:06.065+0000] {logging_mixin.py:149} INFO - emo rap
[2023-05-07T00:25:06.161+0000] {logging_mixin.py:149} INFO - hyperpop
[2023-05-07T00:25:06.495+0000] {logging_mixin.py:149} INFO - canadian hip hop
[2023-05-07T00:25:06.687+0000] {logging_mixin.py:149} INFO - canadian hip hop
[2023-05-07T00:25:06.822+0000] {logging_mixin.py:149} INFO - emo rap
[2023-05-07T00:25:07.089+0000] {logging_mixin.py:149} INFO - glitchcore
[2023-05-07T00:25:07.200+0000] {logging_mixin.py:149} INFO - emo rap
[2023-05-07T00:25:07.399+0000] {logging_mixin.py:149} INFO - hyperpop
[2023-05-07T00:25:07.512+0000] {logging_mixin.py:149} INFO - cloud rap
[2023-05-07T00:25:07.822+0000] {logging_mixin.py:149} INFO - hyperpop
[2023-05-07T00:25:08.034+0000] {logging_mixin.py:149} INFO - asian american hip hop
[2023-05-07T00:25:08.262+0000] {logging_mixin.py:149} INFO - cloud rap
[2023-05-07T00:25:08.373+0000] {logging_mixin.py:149} INFO - st louis rap
[2023-05-07T00:25:08.471+0000] {logging_mixin.py:149} INFO - cali rap
[2023-05-07T00:25:08.571+0000] {logging_mixin.py:149} INFO - cloud rap
[2023-05-07T00:25:08.690+0000] {logging_mixin.py:149} INFO - sad rap
[2023-05-07T00:25:08.996+0000] {logging_mixin.py:149} INFO - sad rap
[2023-05-07T00:25:09.188+0000] {logging_mixin.py:149} INFO - cloud rap
[2023-05-07T00:25:09.308+0000] {logging_mixin.py:149} INFO - sad rap
[2023-05-07T00:25:09.407+0000] {logging_mixin.py:149} INFO - alt z
[2023-05-07T00:25:09.491+0000] {logging_mixin.py:149} INFO - vapor trap
[2023-05-07T00:25:09.625+0000] {logging_mixin.py:149} INFO - hyperpop
[2023-05-07T00:25:09.719+0000] {logging_mixin.py:149} INFO - glitchcore
[2023-05-07T00:25:09.826+0000] {logging_mixin.py:149} INFO - glitchcore
[2023-05-07T00:25:09.907+0000] {logging_mixin.py:149} INFO - cloud rap
[2023-05-07T00:25:10.003+0000] {logging_mixin.py:149} INFO - pittsburgh rap
[2023-05-07T00:25:10.096+0000] {logging_mixin.py:149} INFO - future bass
[2023-05-07T00:25:10.187+0000] {logging_mixin.py:149} INFO - indie pop rap
[2023-05-07T00:25:10.289+0000] {logging_mixin.py:149} INFO - upstate ny rap
[2023-05-07T00:25:10.391+0000] {logging_mixin.py:149} INFO - canadian contemporary r&b
[2023-05-07T00:25:10.596+0000] {logging_mixin.py:149} INFO - emo rap
[2023-05-07T00:25:10.698+0000] {logging_mixin.py:149} INFO - emo rap
[2023-05-07T00:25:11.073+0000] {logging_mixin.py:149} INFO - nyc rap
[2023-05-07T00:25:11.165+0000] {logging_mixin.py:149} INFO - aesthetic rap
[2023-05-07T00:25:11.375+0000] {logging_mixin.py:149} INFO - alt z
[2023-05-07T00:25:11.486+0000] {logging_mixin.py:149} INFO - melodic rap
[2023-05-07T00:25:11.499+0000] {python.py:183} INFO - Done. Returned value was: None
[2023-05-07T00:25:11.507+0000] {taskinstance.py:1373} INFO - Marking task as SUCCESS. dag_id=Summer_Warped_ETL, task_id=GetArtistInfo, execution_date=20230507T001906, start_date=20230507T002501, end_date=20230507T002511
[2023-05-07T00:25:11.533+0000] {local_task_job_runner.py:232} INFO - Task exited with return code 0
[2023-05-07T00:25:11.554+0000] {taskinstance.py:2674} INFO - 0 downstream tasks scheduled from follow-on schedule check
