[2023-05-07T00:19:11.351+0000] {taskinstance.py:1125} INFO - Dependencies all met for dep_context=non-requeueable deps ti=<TaskInstance: Summer_Warped_ETL.GetArtistInfo manual__2023-05-07T00:19:06.344365+00:00 [queued]>
[2023-05-07T00:19:11.356+0000] {taskinstance.py:1125} INFO - Dependencies all met for dep_context=requeueable deps ti=<TaskInstance: Summer_Warped_ETL.GetArtistInfo manual__2023-05-07T00:19:06.344365+00:00 [queued]>
[2023-05-07T00:19:11.357+0000] {taskinstance.py:1331} INFO - Starting attempt 1 of 3
[2023-05-07T00:19:11.364+0000] {taskinstance.py:1350} INFO - Executing <Task(PythonOperator): GetArtistInfo> on 2023-05-07 00:19:06.344365+00:00
[2023-05-07T00:19:11.370+0000] {standard_task_runner.py:57} INFO - Started process 256 to run task
[2023-05-07T00:19:11.375+0000] {standard_task_runner.py:84} INFO - Running: ['***', 'tasks', 'run', 'Summer_Warped_ETL', 'GetArtistInfo', 'manual__2023-05-07T00:19:06.344365+00:00', '--job-id', '732', '--raw', '--subdir', 'DAGS_FOLDER/warped-dag.py', '--cfg-path', '/tmp/tmpj0lrk134']
[2023-05-07T00:19:11.375+0000] {standard_task_runner.py:85} INFO - Job 732: Subtask GetArtistInfo
[2023-05-07T00:19:11.432+0000] {task_command.py:410} INFO - Running <TaskInstance: Summer_Warped_ETL.GetArtistInfo manual__2023-05-07T00:19:06.344365+00:00 [running]> on host 61437508c2dd
[2023-05-07T00:19:11.509+0000] {taskinstance.py:1570} INFO - Exporting env vars: AIRFLOW_CTX_DAG_OWNER='Ananta Moharana' AIRFLOW_CTX_DAG_ID='Summer_Warped_ETL' AIRFLOW_CTX_TASK_ID='GetArtistInfo' AIRFLOW_CTX_EXECUTION_DATE='2023-05-07T00:19:06.344365+00:00' AIRFLOW_CTX_TRY_NUMBER='1' AIRFLOW_CTX_DAG_RUN_ID='manual__2023-05-07T00:19:06.344365+00:00'
[2023-05-07T00:19:11.754+0000] {logging_mixin.py:149} INFO - underground hip hop
[2023-05-07T00:19:11.962+0000] {logging_mixin.py:149} INFO - cloud rap
[2023-05-07T00:19:12.137+0000] {logging_mixin.py:149} INFO - deep underground hip hop
[2023-05-07T00:19:12.329+0000] {logging_mixin.py:149} INFO - indie hip hop
[2023-05-07T00:19:12.432+0000] {logging_mixin.py:149} INFO - cloud rap
[2023-05-07T00:19:12.722+0000] {logging_mixin.py:149} INFO - indie pop rap
[2023-05-07T00:19:12.823+0000] {logging_mixin.py:149} INFO - emo rap
[2023-05-07T00:19:13.149+0000] {logging_mixin.py:149} INFO - meme rap
[2023-05-07T00:19:13.348+0000] {logging_mixin.py:149} INFO - indonesian hip hop
[2023-05-07T00:19:13.729+0000] {logging_mixin.py:149} INFO - canadian contemporary r&b
[2023-05-07T00:19:13.871+0000] {logging_mixin.py:149} INFO - bedroom soul
[2023-05-07T00:19:13.966+0000] {logging_mixin.py:149} INFO - cloud rap
[2023-05-07T00:19:14.065+0000] {logging_mixin.py:149} INFO - glitchcore
[2023-05-07T00:19:14.167+0000] {logging_mixin.py:149} INFO - atl hip hop
[2023-05-07T00:19:14.270+0000] {logging_mixin.py:149} INFO - cloud rap
[2023-05-07T00:19:14.388+0000] {logging_mixin.py:149} INFO - la pop
[2023-05-07T00:19:14.501+0000] {logging_mixin.py:149} INFO - pop edm
[2023-05-07T00:19:14.599+0000] {logging_mixin.py:149} INFO - hyperpop
[2023-05-07T00:19:14.963+0000] {logging_mixin.py:149} INFO - aesthetic rap
[2023-05-07T00:19:15.289+0000] {logging_mixin.py:149} INFO - emo rap
[2023-05-07T00:19:15.395+0000] {logging_mixin.py:149} INFO - emoplugg
[2023-05-07T00:19:15.502+0000] {logging_mixin.py:149} INFO - lo-fi rap
[2023-05-07T00:19:15.589+0000] {logging_mixin.py:149} INFO - emo rap
[2023-05-07T00:19:15.697+0000] {logging_mixin.py:149} INFO - hyperpop
[2023-05-07T00:19:15.897+0000] {logging_mixin.py:149} INFO - canadian hip hop
[2023-05-07T00:19:16.090+0000] {logging_mixin.py:149} INFO - canadian hip hop
[2023-05-07T00:19:16.173+0000] {logging_mixin.py:149} INFO - emo rap
[2023-05-07T00:19:16.374+0000] {logging_mixin.py:149} INFO - glitchcore
[2023-05-07T00:19:16.472+0000] {logging_mixin.py:149} INFO - emo rap
[2023-05-07T00:19:16.681+0000] {logging_mixin.py:149} INFO - hyperpop
[2023-05-07T00:19:16.780+0000] {logging_mixin.py:149} INFO - cloud rap
[2023-05-07T00:19:17.112+0000] {logging_mixin.py:149} INFO - hyperpop
[2023-05-07T00:19:17.322+0000] {logging_mixin.py:149} INFO - asian american hip hop
[2023-05-07T00:19:17.525+0000] {logging_mixin.py:149} INFO - cloud rap
[2023-05-07T00:19:17.608+0000] {logging_mixin.py:149} INFO - st louis rap
[2023-05-07T00:19:17.709+0000] {logging_mixin.py:149} INFO - cali rap
[2023-05-07T00:19:17.802+0000] {logging_mixin.py:149} INFO - cloud rap
[2023-05-07T00:19:17.898+0000] {logging_mixin.py:149} INFO - sad rap
[2023-05-07T00:19:18.184+0000] {logging_mixin.py:149} INFO - sad rap
[2023-05-07T00:19:18.438+0000] {logging_mixin.py:149} INFO - cloud rap
[2023-05-07T00:19:18.534+0000] {logging_mixin.py:149} INFO - sad rap
[2023-05-07T00:19:18.631+0000] {logging_mixin.py:149} INFO - alt z
[2023-05-07T00:19:18.749+0000] {logging_mixin.py:149} INFO - vapor trap
[2023-05-07T00:19:18.866+0000] {logging_mixin.py:149} INFO - hyperpop
[2023-05-07T00:19:18.964+0000] {logging_mixin.py:149} INFO - glitchcore
[2023-05-07T00:19:19.071+0000] {logging_mixin.py:149} INFO - glitchcore
[2023-05-07T00:19:19.168+0000] {logging_mixin.py:149} INFO - cloud rap
[2023-05-07T00:19:19.265+0000] {logging_mixin.py:149} INFO - pittsburgh rap
[2023-05-07T00:19:19.375+0000] {logging_mixin.py:149} INFO - future bass
[2023-05-07T00:19:19.501+0000] {logging_mixin.py:149} INFO - indie pop rap
[2023-05-07T00:19:19.621+0000] {logging_mixin.py:149} INFO - upstate ny rap
[2023-05-07T00:19:19.735+0000] {logging_mixin.py:149} INFO - canadian contemporary r&b
[2023-05-07T00:19:19.975+0000] {logging_mixin.py:149} INFO - emo rap
[2023-05-07T00:19:20.073+0000] {logging_mixin.py:149} INFO - emo rap
[2023-05-07T00:19:20.473+0000] {logging_mixin.py:149} INFO - nyc rap
[2023-05-07T00:19:20.577+0000] {logging_mixin.py:149} INFO - aesthetic rap
[2023-05-07T00:19:20.805+0000] {logging_mixin.py:149} INFO - alt z
[2023-05-07T00:19:20.922+0000] {logging_mixin.py:149} INFO - melodic rap
[2023-05-07T00:19:20.936+0000] {python.py:183} INFO - Done. Returned value was: None
[2023-05-07T00:19:20.946+0000] {taskinstance.py:1373} INFO - Marking task as SUCCESS. dag_id=Summer_Warped_ETL, task_id=GetArtistInfo, execution_date=20230507T001906, start_date=20230507T001911, end_date=20230507T001920
[2023-05-07T00:19:20.998+0000] {local_task_job_runner.py:232} INFO - Task exited with return code 0
[2023-05-07T00:19:21.017+0000] {taskinstance.py:2674} INFO - 0 downstream tasks scheduled from follow-on schedule check
