[2023-05-07T22:50:58.099+0000] {taskinstance.py:1125} INFO - Dependencies all met for dep_context=non-requeueable deps ti=<TaskInstance: Summer_Warped_ETL.GetSongsFromPlaylist manual__2023-05-07T21:54:25.314545+00:00 [queued]>
[2023-05-07T22:50:58.104+0000] {taskinstance.py:1125} INFO - Dependencies all met for dep_context=requeueable deps ti=<TaskInstance: Summer_Warped_ETL.GetSongsFromPlaylist manual__2023-05-07T21:54:25.314545+00:00 [queued]>
[2023-05-07T22:50:58.105+0000] {taskinstance.py:1331} INFO - Starting attempt 17 of 19
[2023-05-07T22:50:58.113+0000] {taskinstance.py:1350} INFO - Executing <Task(PythonOperator): GetSongsFromPlaylist> on 2023-05-07 21:54:25.314545+00:00
[2023-05-07T22:50:58.118+0000] {standard_task_runner.py:57} INFO - Started process 3334 to run task
[2023-05-07T22:50:58.122+0000] {standard_task_runner.py:84} INFO - Running: ['***', 'tasks', 'run', 'Summer_Warped_ETL', 'GetSongsFromPlaylist', 'manual__2023-05-07T21:54:25.314545+00:00', '--job-id', '1440', '--raw', '--subdir', 'DAGS_FOLDER/warped-dag.py', '--cfg-path', '/tmp/tmpr4vvjtd_']
[2023-05-07T22:50:58.123+0000] {standard_task_runner.py:85} INFO - Job 1440: Subtask GetSongsFromPlaylist
[2023-05-07T22:50:58.166+0000] {task_command.py:410} INFO - Running <TaskInstance: Summer_Warped_ETL.GetSongsFromPlaylist manual__2023-05-07T21:54:25.314545+00:00 [running]> on host 31774baccecb
[2023-05-07T22:50:58.240+0000] {taskinstance.py:1570} INFO - Exporting env vars: AIRFLOW_CTX_DAG_OWNER='Ananta Moharana' AIRFLOW_CTX_DAG_ID='Summer_Warped_ETL' AIRFLOW_CTX_TASK_ID='GetSongsFromPlaylist' AIRFLOW_CTX_EXECUTION_DATE='2023-05-07T21:54:25.314545+00:00' AIRFLOW_CTX_TRY_NUMBER='17' AIRFLOW_CTX_DAG_RUN_ID='manual__2023-05-07T21:54:25.314545+00:00'
[2023-05-07T22:50:58.682+0000] {logging_mixin.py:149} INFO - 100
[2023-05-07T22:50:58.683+0000] {logging_mixin.py:149} INFO - 0
[2023-05-07T22:50:58.687+0000] {logging_mixin.py:149} INFO - 1
[2023-05-07T22:50:58.690+0000] {logging_mixin.py:149} INFO - 2
[2023-05-07T22:50:58.691+0000] {logging_mixin.py:149} INFO - 3
[2023-05-07T22:50:58.693+0000] {logging_mixin.py:149} INFO - 4
[2023-05-07T22:50:58.696+0000] {logging_mixin.py:149} INFO - 5
[2023-05-07T22:50:58.697+0000] {logging_mixin.py:149} INFO - 6
[2023-05-07T22:50:58.700+0000] {logging_mixin.py:149} INFO - 7
[2023-05-07T22:50:58.702+0000] {logging_mixin.py:149} INFO - 8
[2023-05-07T22:50:58.703+0000] {logging_mixin.py:149} INFO - 9
[2023-05-07T22:50:58.705+0000] {logging_mixin.py:149} INFO - 10
[2023-05-07T22:50:58.708+0000] {logging_mixin.py:149} INFO - 11
[2023-05-07T22:50:58.709+0000] {logging_mixin.py:149} INFO - 12
[2023-05-07T22:50:58.711+0000] {logging_mixin.py:149} INFO - 13
[2023-05-07T22:50:58.714+0000] {logging_mixin.py:149} INFO - 14
[2023-05-07T22:50:58.715+0000] {logging_mixin.py:149} INFO - 15
[2023-05-07T22:50:58.717+0000] {logging_mixin.py:149} INFO - 16
[2023-05-07T22:50:58.719+0000] {logging_mixin.py:149} INFO - 17
[2023-05-07T22:50:58.721+0000] {logging_mixin.py:149} INFO - 18
[2023-05-07T22:50:58.723+0000] {logging_mixin.py:149} INFO - 19
[2023-05-07T22:50:58.724+0000] {logging_mixin.py:149} INFO - 20
[2023-05-07T22:50:58.725+0000] {logging_mixin.py:149} INFO - 21
[2023-05-07T22:50:58.727+0000] {logging_mixin.py:149} INFO - 22
[2023-05-07T22:50:58.728+0000] {logging_mixin.py:149} INFO - 23
[2023-05-07T22:50:58.730+0000] {logging_mixin.py:149} INFO - 24
[2023-05-07T22:50:58.731+0000] {logging_mixin.py:149} INFO - 25
[2023-05-07T22:50:58.733+0000] {logging_mixin.py:149} INFO - 26
[2023-05-07T22:50:58.734+0000] {logging_mixin.py:149} INFO - 27
[2023-05-07T22:50:58.738+0000] {logging_mixin.py:149} INFO - 28
[2023-05-07T22:50:58.739+0000] {logging_mixin.py:149} INFO - 29
[2023-05-07T22:50:58.741+0000] {logging_mixin.py:149} INFO - 30
[2023-05-07T22:50:58.742+0000] {logging_mixin.py:149} INFO - 31
[2023-05-07T22:50:58.744+0000] {logging_mixin.py:149} INFO - 32
[2023-05-07T22:50:58.745+0000] {logging_mixin.py:149} INFO - 33
[2023-05-07T22:50:58.746+0000] {logging_mixin.py:149} INFO - 34
[2023-05-07T22:50:58.748+0000] {logging_mixin.py:149} INFO - 35
[2023-05-07T22:50:58.750+0000] {logging_mixin.py:149} INFO - 36
[2023-05-07T22:50:58.752+0000] {logging_mixin.py:149} INFO - 37
[2023-05-07T22:50:58.753+0000] {logging_mixin.py:149} INFO - 38
[2023-05-07T22:50:58.754+0000] {logging_mixin.py:149} INFO - 39
[2023-05-07T22:50:58.756+0000] {logging_mixin.py:149} INFO - 40
[2023-05-07T22:50:58.758+0000] {logging_mixin.py:149} INFO - 41
[2023-05-07T22:50:58.760+0000] {logging_mixin.py:149} INFO - 42
[2023-05-07T22:50:58.761+0000] {logging_mixin.py:149} INFO - 43
[2023-05-07T22:50:58.762+0000] {logging_mixin.py:149} INFO - 44
[2023-05-07T22:50:58.764+0000] {logging_mixin.py:149} INFO - 45
[2023-05-07T22:50:58.765+0000] {logging_mixin.py:149} INFO - 46
[2023-05-07T22:50:58.768+0000] {logging_mixin.py:149} INFO - 47
[2023-05-07T22:50:58.772+0000] {logging_mixin.py:149} INFO - 48
[2023-05-07T22:50:58.774+0000] {logging_mixin.py:149} INFO - 49
[2023-05-07T22:50:58.775+0000] {logging_mixin.py:149} INFO - 50
[2023-05-07T22:50:58.777+0000] {logging_mixin.py:149} INFO - 51
[2023-05-07T22:50:58.778+0000] {logging_mixin.py:149} INFO - 52
[2023-05-07T22:50:58.780+0000] {logging_mixin.py:149} INFO - 53
[2023-05-07T22:50:58.783+0000] {logging_mixin.py:149} INFO - 54
[2023-05-07T22:50:58.785+0000] {logging_mixin.py:149} INFO - 55
[2023-05-07T22:50:58.786+0000] {logging_mixin.py:149} INFO - 56
[2023-05-07T22:50:58.788+0000] {logging_mixin.py:149} INFO - 57
[2023-05-07T22:50:58.789+0000] {logging_mixin.py:149} INFO - 58
[2023-05-07T22:50:58.792+0000] {logging_mixin.py:149} INFO - 59
[2023-05-07T22:50:58.794+0000] {logging_mixin.py:149} INFO - 60
[2023-05-07T22:50:58.796+0000] {logging_mixin.py:149} INFO - 61
[2023-05-07T22:50:58.798+0000] {logging_mixin.py:149} INFO - 62
[2023-05-07T22:50:58.801+0000] {logging_mixin.py:149} INFO - 63
[2023-05-07T22:50:58.803+0000] {logging_mixin.py:149} INFO - 64
[2023-05-07T22:50:58.804+0000] {logging_mixin.py:149} INFO - 65
[2023-05-07T22:50:58.806+0000] {logging_mixin.py:149} INFO - 66
[2023-05-07T22:50:58.809+0000] {logging_mixin.py:149} INFO - 67
[2023-05-07T22:50:58.811+0000] {logging_mixin.py:149} INFO - 68
[2023-05-07T22:50:58.812+0000] {logging_mixin.py:149} INFO - 69
[2023-05-07T22:50:58.814+0000] {logging_mixin.py:149} INFO - 70
[2023-05-07T22:50:58.816+0000] {logging_mixin.py:149} INFO - 71
[2023-05-07T22:50:58.817+0000] {logging_mixin.py:149} INFO - 72
[2023-05-07T22:50:58.820+0000] {logging_mixin.py:149} INFO - 73
[2023-05-07T22:50:58.821+0000] {logging_mixin.py:149} INFO - 74
[2023-05-07T22:50:58.822+0000] {logging_mixin.py:149} INFO - 75
[2023-05-07T22:50:58.823+0000] {logging_mixin.py:149} INFO - 76
[2023-05-07T22:50:58.825+0000] {logging_mixin.py:149} INFO - 77
[2023-05-07T22:50:58.828+0000] {logging_mixin.py:149} INFO - 78
[2023-05-07T22:50:58.829+0000] {logging_mixin.py:149} INFO - 79
[2023-05-07T22:50:58.831+0000] {logging_mixin.py:149} INFO - 80
[2023-05-07T22:50:58.833+0000] {logging_mixin.py:149} INFO - 81
[2023-05-07T22:50:58.835+0000] {logging_mixin.py:149} INFO - 82
[2023-05-07T22:50:58.837+0000] {logging_mixin.py:149} INFO - 83
[2023-05-07T22:50:58.840+0000] {logging_mixin.py:149} INFO - 84
[2023-05-07T22:50:58.842+0000] {logging_mixin.py:149} INFO - 85
[2023-05-07T22:50:58.845+0000] {logging_mixin.py:149} INFO - 86
[2023-05-07T22:50:58.847+0000] {logging_mixin.py:149} INFO - 87
[2023-05-07T22:50:58.849+0000] {logging_mixin.py:149} INFO - 88
[2023-05-07T22:50:58.851+0000] {logging_mixin.py:149} INFO - 89
[2023-05-07T22:50:58.855+0000] {logging_mixin.py:149} INFO - 90
[2023-05-07T22:50:58.857+0000] {logging_mixin.py:149} INFO - 91
[2023-05-07T22:50:58.859+0000] {logging_mixin.py:149} INFO - 92
[2023-05-07T22:50:58.862+0000] {logging_mixin.py:149} INFO - 93
[2023-05-07T22:50:58.866+0000] {logging_mixin.py:149} INFO - 94
[2023-05-07T22:50:58.870+0000] {logging_mixin.py:149} INFO - 95
[2023-05-07T22:50:58.872+0000] {logging_mixin.py:149} INFO - 96
[2023-05-07T22:50:58.873+0000] {logging_mixin.py:149} INFO - 97
[2023-05-07T22:50:58.875+0000] {logging_mixin.py:149} INFO - 98
[2023-05-07T22:50:58.877+0000] {logging_mixin.py:149} INFO - 99
[2023-05-07T22:50:58.893+0000] {python.py:183} INFO - Done. Returned value was: None
[2023-05-07T22:50:58.902+0000] {taskinstance.py:1373} INFO - Marking task as SUCCESS. dag_id=Summer_Warped_ETL, task_id=GetSongsFromPlaylist, execution_date=20230507T215425, start_date=20230507T225058, end_date=20230507T225058
[2023-05-07T22:50:58.941+0000] {local_task_job_runner.py:232} INFO - Task exited with return code 0
[2023-05-07T22:50:58.967+0000] {taskinstance.py:2674} INFO - 2 downstream tasks scheduled from follow-on schedule check
