[2023-05-07T22:24:57.950+0000] {taskinstance.py:1125} INFO - Dependencies all met for dep_context=non-requeueable deps ti=<TaskInstance: Summer_Warped_ETL.GetSongsFromPlaylist manual__2023-05-07T21:54:25.314545+00:00 [queued]>
[2023-05-07T22:24:57.955+0000] {taskinstance.py:1125} INFO - Dependencies all met for dep_context=requeueable deps ti=<TaskInstance: Summer_Warped_ETL.GetSongsFromPlaylist manual__2023-05-07T21:54:25.314545+00:00 [queued]>
[2023-05-07T22:24:57.956+0000] {taskinstance.py:1331} INFO - Starting attempt 6 of 8
[2023-05-07T22:24:57.963+0000] {taskinstance.py:1350} INFO - Executing <Task(PythonOperator): GetSongsFromPlaylist> on 2023-05-07 21:54:25.314545+00:00
[2023-05-07T22:24:57.968+0000] {standard_task_runner.py:57} INFO - Started process 1400 to run task
[2023-05-07T22:24:57.971+0000] {standard_task_runner.py:84} INFO - Running: ['***', 'tasks', 'run', 'Summer_Warped_ETL', 'GetSongsFromPlaylist', 'manual__2023-05-07T21:54:25.314545+00:00', '--job-id', '1115', '--raw', '--subdir', 'DAGS_FOLDER/warped-dag.py', '--cfg-path', '/tmp/tmpivz6bl9x']
[2023-05-07T22:24:57.972+0000] {standard_task_runner.py:85} INFO - Job 1115: Subtask GetSongsFromPlaylist
[2023-05-07T22:24:58.008+0000] {task_command.py:410} INFO - Running <TaskInstance: Summer_Warped_ETL.GetSongsFromPlaylist manual__2023-05-07T21:54:25.314545+00:00 [running]> on host 31774baccecb
[2023-05-07T22:24:58.063+0000] {taskinstance.py:1570} INFO - Exporting env vars: AIRFLOW_CTX_DAG_OWNER='Ananta Moharana' AIRFLOW_CTX_DAG_ID='Summer_Warped_ETL' AIRFLOW_CTX_TASK_ID='GetSongsFromPlaylist' AIRFLOW_CTX_EXECUTION_DATE='2023-05-07T21:54:25.314545+00:00' AIRFLOW_CTX_TRY_NUMBER='6' AIRFLOW_CTX_DAG_RUN_ID='manual__2023-05-07T21:54:25.314545+00:00'
[2023-05-07T22:24:58.515+0000] {logging_mixin.py:149} INFO - 100
[2023-05-07T22:24:58.516+0000] {logging_mixin.py:149} INFO - 0
[2023-05-07T22:24:58.519+0000] {logging_mixin.py:149} INFO - 1
[2023-05-07T22:24:58.521+0000] {logging_mixin.py:149} INFO - 2
[2023-05-07T22:24:58.522+0000] {logging_mixin.py:149} INFO - 3
[2023-05-07T22:24:58.523+0000] {logging_mixin.py:149} INFO - 4
[2023-05-07T22:24:58.524+0000] {logging_mixin.py:149} INFO - 5
[2023-05-07T22:24:58.526+0000] {logging_mixin.py:149} INFO - 6
[2023-05-07T22:24:58.527+0000] {logging_mixin.py:149} INFO - 7
[2023-05-07T22:24:58.529+0000] {logging_mixin.py:149} INFO - 8
[2023-05-07T22:24:58.530+0000] {logging_mixin.py:149} INFO - 9
[2023-05-07T22:24:58.531+0000] {logging_mixin.py:149} INFO - 10
[2023-05-07T22:24:58.532+0000] {logging_mixin.py:149} INFO - 11
[2023-05-07T22:24:58.534+0000] {logging_mixin.py:149} INFO - 12
[2023-05-07T22:24:58.534+0000] {logging_mixin.py:149} INFO - 13
[2023-05-07T22:24:58.536+0000] {logging_mixin.py:149} INFO - 14
[2023-05-07T22:24:58.537+0000] {logging_mixin.py:149} INFO - 15
[2023-05-07T22:24:58.538+0000] {logging_mixin.py:149} INFO - 16
[2023-05-07T22:24:58.539+0000] {logging_mixin.py:149} INFO - 17
[2023-05-07T22:24:58.541+0000] {logging_mixin.py:149} INFO - 18
[2023-05-07T22:24:58.542+0000] {logging_mixin.py:149} INFO - 19
[2023-05-07T22:24:58.543+0000] {logging_mixin.py:149} INFO - 20
[2023-05-07T22:24:58.544+0000] {logging_mixin.py:149} INFO - 21
[2023-05-07T22:24:58.545+0000] {logging_mixin.py:149} INFO - 22
[2023-05-07T22:24:58.546+0000] {logging_mixin.py:149} INFO - 23
[2023-05-07T22:24:58.547+0000] {logging_mixin.py:149} INFO - 24
[2023-05-07T22:24:58.548+0000] {logging_mixin.py:149} INFO - 25
[2023-05-07T22:24:58.549+0000] {logging_mixin.py:149} INFO - 26
[2023-05-07T22:24:58.550+0000] {logging_mixin.py:149} INFO - 27
[2023-05-07T22:24:58.553+0000] {logging_mixin.py:149} INFO - 28
[2023-05-07T22:24:58.554+0000] {logging_mixin.py:149} INFO - 29
[2023-05-07T22:24:58.555+0000] {logging_mixin.py:149} INFO - 30
[2023-05-07T22:24:58.556+0000] {logging_mixin.py:149} INFO - 31
[2023-05-07T22:24:58.557+0000] {logging_mixin.py:149} INFO - 32
[2023-05-07T22:24:58.558+0000] {logging_mixin.py:149} INFO - 33
[2023-05-07T22:24:58.559+0000] {logging_mixin.py:149} INFO - 34
[2023-05-07T22:24:58.560+0000] {logging_mixin.py:149} INFO - 35
[2023-05-07T22:24:58.562+0000] {logging_mixin.py:149} INFO - 36
[2023-05-07T22:24:58.564+0000] {logging_mixin.py:149} INFO - 37
[2023-05-07T22:24:58.565+0000] {logging_mixin.py:149} INFO - 38
[2023-05-07T22:24:58.566+0000] {logging_mixin.py:149} INFO - 39
[2023-05-07T22:24:58.567+0000] {logging_mixin.py:149} INFO - 40
[2023-05-07T22:24:58.569+0000] {logging_mixin.py:149} INFO - 41
[2023-05-07T22:24:58.570+0000] {logging_mixin.py:149} INFO - 42
[2023-05-07T22:24:58.571+0000] {logging_mixin.py:149} INFO - 43
[2023-05-07T22:24:58.572+0000] {logging_mixin.py:149} INFO - 44
[2023-05-07T22:24:58.573+0000] {logging_mixin.py:149} INFO - 45
[2023-05-07T22:24:58.574+0000] {logging_mixin.py:149} INFO - 46
[2023-05-07T22:24:58.575+0000] {logging_mixin.py:149} INFO - 47
[2023-05-07T22:24:58.577+0000] {logging_mixin.py:149} INFO - 48
[2023-05-07T22:24:58.578+0000] {logging_mixin.py:149} INFO - 49
[2023-05-07T22:24:58.579+0000] {logging_mixin.py:149} INFO - 50
[2023-05-07T22:24:58.580+0000] {logging_mixin.py:149} INFO - 51
[2023-05-07T22:24:58.581+0000] {logging_mixin.py:149} INFO - 52
[2023-05-07T22:24:58.582+0000] {logging_mixin.py:149} INFO - 53
[2023-05-07T22:24:58.583+0000] {logging_mixin.py:149} INFO - 54
[2023-05-07T22:24:58.584+0000] {logging_mixin.py:149} INFO - 55
[2023-05-07T22:24:58.585+0000] {logging_mixin.py:149} INFO - 56
[2023-05-07T22:24:58.586+0000] {logging_mixin.py:149} INFO - 57
[2023-05-07T22:24:58.587+0000] {logging_mixin.py:149} INFO - 58
[2023-05-07T22:24:58.589+0000] {logging_mixin.py:149} INFO - 59
[2023-05-07T22:24:58.590+0000] {logging_mixin.py:149} INFO - 60
[2023-05-07T22:24:58.591+0000] {logging_mixin.py:149} INFO - 61
[2023-05-07T22:24:58.592+0000] {logging_mixin.py:149} INFO - 62
[2023-05-07T22:24:58.592+0000] {logging_mixin.py:149} INFO - 63
[2023-05-07T22:24:58.593+0000] {logging_mixin.py:149} INFO - 64
[2023-05-07T22:24:58.594+0000] {logging_mixin.py:149} INFO - 65
[2023-05-07T22:24:58.595+0000] {logging_mixin.py:149} INFO - 66
[2023-05-07T22:24:58.597+0000] {logging_mixin.py:149} INFO - 67
[2023-05-07T22:24:58.598+0000] {logging_mixin.py:149} INFO - 68
[2023-05-07T22:24:58.599+0000] {logging_mixin.py:149} INFO - 69
[2023-05-07T22:24:58.600+0000] {logging_mixin.py:149} INFO - 70
[2023-05-07T22:24:58.602+0000] {logging_mixin.py:149} INFO - 71
[2023-05-07T22:24:58.603+0000] {logging_mixin.py:149} INFO - 72
[2023-05-07T22:24:58.604+0000] {logging_mixin.py:149} INFO - 73
[2023-05-07T22:24:58.605+0000] {logging_mixin.py:149} INFO - 74
[2023-05-07T22:24:58.606+0000] {logging_mixin.py:149} INFO - 75
[2023-05-07T22:24:58.607+0000] {logging_mixin.py:149} INFO - 76
[2023-05-07T22:24:58.608+0000] {logging_mixin.py:149} INFO - 77
[2023-05-07T22:24:58.610+0000] {logging_mixin.py:149} INFO - 78
[2023-05-07T22:24:58.611+0000] {logging_mixin.py:149} INFO - 79
[2023-05-07T22:24:58.612+0000] {logging_mixin.py:149} INFO - 80
[2023-05-07T22:24:58.613+0000] {logging_mixin.py:149} INFO - 81
[2023-05-07T22:24:58.615+0000] {logging_mixin.py:149} INFO - 82
[2023-05-07T22:24:58.616+0000] {logging_mixin.py:149} INFO - 83
[2023-05-07T22:24:58.617+0000] {logging_mixin.py:149} INFO - 84
[2023-05-07T22:24:58.619+0000] {logging_mixin.py:149} INFO - 85
[2023-05-07T22:24:58.621+0000] {logging_mixin.py:149} INFO - 86
[2023-05-07T22:24:58.622+0000] {logging_mixin.py:149} INFO - 87
[2023-05-07T22:24:58.623+0000] {logging_mixin.py:149} INFO - 88
[2023-05-07T22:24:58.624+0000] {logging_mixin.py:149} INFO - 89
[2023-05-07T22:24:58.626+0000] {logging_mixin.py:149} INFO - 90
[2023-05-07T22:24:58.627+0000] {logging_mixin.py:149} INFO - 91
[2023-05-07T22:24:58.628+0000] {logging_mixin.py:149} INFO - 92
[2023-05-07T22:24:58.630+0000] {logging_mixin.py:149} INFO - 93
[2023-05-07T22:24:58.633+0000] {logging_mixin.py:149} INFO - 94
[2023-05-07T22:24:58.635+0000] {logging_mixin.py:149} INFO - 95
[2023-05-07T22:24:58.636+0000] {logging_mixin.py:149} INFO - 96
[2023-05-07T22:24:58.637+0000] {logging_mixin.py:149} INFO - 97
[2023-05-07T22:24:58.638+0000] {logging_mixin.py:149} INFO - 98
[2023-05-07T22:24:58.639+0000] {logging_mixin.py:149} INFO - 99
[2023-05-07T22:24:58.653+0000] {python.py:183} INFO - Done. Returned value was: None
[2023-05-07T22:24:58.661+0000] {taskinstance.py:1373} INFO - Marking task as SUCCESS. dag_id=Summer_Warped_ETL, task_id=GetSongsFromPlaylist, execution_date=20230507T215425, start_date=20230507T222457, end_date=20230507T222458
[2023-05-07T22:24:58.707+0000] {local_task_job_runner.py:232} INFO - Task exited with return code 0
[2023-05-07T22:24:58.731+0000] {taskinstance.py:2674} INFO - 2 downstream tasks scheduled from follow-on schedule check
