[2023-05-07T22:41:50.430+0000] {taskinstance.py:1125} INFO - Dependencies all met for dep_context=non-requeueable deps ti=<TaskInstance: Summer_Warped_ETL.GetSongsFromPlaylist manual__2023-05-07T21:54:25.314545+00:00 [queued]>
[2023-05-07T22:41:50.436+0000] {taskinstance.py:1125} INFO - Dependencies all met for dep_context=requeueable deps ti=<TaskInstance: Summer_Warped_ETL.GetSongsFromPlaylist manual__2023-05-07T21:54:25.314545+00:00 [queued]>
[2023-05-07T22:41:50.436+0000] {taskinstance.py:1331} INFO - Starting attempt 13 of 15
[2023-05-07T22:41:50.443+0000] {taskinstance.py:1350} INFO - Executing <Task(PythonOperator): GetSongsFromPlaylist> on 2023-05-07 21:54:25.314545+00:00
[2023-05-07T22:41:50.448+0000] {standard_task_runner.py:57} INFO - Started process 2514 to run task
[2023-05-07T22:41:50.452+0000] {standard_task_runner.py:84} INFO - Running: ['***', 'tasks', 'run', 'Summer_Warped_ETL', 'GetSongsFromPlaylist', 'manual__2023-05-07T21:54:25.314545+00:00', '--job-id', '1296', '--raw', '--subdir', 'DAGS_FOLDER/warped-dag.py', '--cfg-path', '/tmp/tmpx44iwssx']
[2023-05-07T22:41:50.452+0000] {standard_task_runner.py:85} INFO - Job 1296: Subtask GetSongsFromPlaylist
[2023-05-07T22:41:50.488+0000] {task_command.py:410} INFO - Running <TaskInstance: Summer_Warped_ETL.GetSongsFromPlaylist manual__2023-05-07T21:54:25.314545+00:00 [running]> on host 31774baccecb
[2023-05-07T22:41:50.542+0000] {taskinstance.py:1570} INFO - Exporting env vars: AIRFLOW_CTX_DAG_OWNER='Ananta Moharana' AIRFLOW_CTX_DAG_ID='Summer_Warped_ETL' AIRFLOW_CTX_TASK_ID='GetSongsFromPlaylist' AIRFLOW_CTX_EXECUTION_DATE='2023-05-07T21:54:25.314545+00:00' AIRFLOW_CTX_TRY_NUMBER='13' AIRFLOW_CTX_DAG_RUN_ID='manual__2023-05-07T21:54:25.314545+00:00'
[2023-05-07T22:41:50.891+0000] {logging_mixin.py:149} INFO - 100
[2023-05-07T22:41:50.891+0000] {logging_mixin.py:149} INFO - 0
[2023-05-07T22:41:50.894+0000] {logging_mixin.py:149} INFO - 1
[2023-05-07T22:41:50.897+0000] {logging_mixin.py:149} INFO - 2
[2023-05-07T22:41:50.898+0000] {logging_mixin.py:149} INFO - 3
[2023-05-07T22:41:50.899+0000] {logging_mixin.py:149} INFO - 4
[2023-05-07T22:41:50.902+0000] {logging_mixin.py:149} INFO - 5
[2023-05-07T22:41:50.904+0000] {logging_mixin.py:149} INFO - 6
[2023-05-07T22:41:50.906+0000] {logging_mixin.py:149} INFO - 7
[2023-05-07T22:41:50.908+0000] {logging_mixin.py:149} INFO - 8
[2023-05-07T22:41:50.910+0000] {logging_mixin.py:149} INFO - 9
[2023-05-07T22:41:50.911+0000] {logging_mixin.py:149} INFO - 10
[2023-05-07T22:41:50.913+0000] {logging_mixin.py:149} INFO - 11
[2023-05-07T22:41:50.914+0000] {logging_mixin.py:149} INFO - 12
[2023-05-07T22:41:50.915+0000] {logging_mixin.py:149} INFO - 13
[2023-05-07T22:41:50.917+0000] {logging_mixin.py:149} INFO - 14
[2023-05-07T22:41:50.918+0000] {logging_mixin.py:149} INFO - 15
[2023-05-07T22:41:50.919+0000] {logging_mixin.py:149} INFO - 16
[2023-05-07T22:41:50.920+0000] {logging_mixin.py:149} INFO - 17
[2023-05-07T22:41:50.922+0000] {logging_mixin.py:149} INFO - 18
[2023-05-07T22:41:50.923+0000] {logging_mixin.py:149} INFO - 19
[2023-05-07T22:41:50.925+0000] {logging_mixin.py:149} INFO - 20
[2023-05-07T22:41:50.926+0000] {logging_mixin.py:149} INFO - 21
[2023-05-07T22:41:50.927+0000] {logging_mixin.py:149} INFO - 22
[2023-05-07T22:41:50.928+0000] {logging_mixin.py:149} INFO - 23
[2023-05-07T22:41:50.929+0000] {logging_mixin.py:149} INFO - 24
[2023-05-07T22:41:50.930+0000] {logging_mixin.py:149} INFO - 25
[2023-05-07T22:41:50.931+0000] {logging_mixin.py:149} INFO - 26
[2023-05-07T22:41:50.933+0000] {logging_mixin.py:149} INFO - 27
[2023-05-07T22:41:50.936+0000] {logging_mixin.py:149} INFO - 28
[2023-05-07T22:41:50.937+0000] {logging_mixin.py:149} INFO - 29
[2023-05-07T22:41:50.938+0000] {logging_mixin.py:149} INFO - 30
[2023-05-07T22:41:50.939+0000] {logging_mixin.py:149} INFO - 31
[2023-05-07T22:41:50.940+0000] {logging_mixin.py:149} INFO - 32
[2023-05-07T22:41:50.941+0000] {logging_mixin.py:149} INFO - 33
[2023-05-07T22:41:50.942+0000] {logging_mixin.py:149} INFO - 34
[2023-05-07T22:41:50.943+0000] {logging_mixin.py:149} INFO - 35
[2023-05-07T22:41:50.945+0000] {logging_mixin.py:149} INFO - 36
[2023-05-07T22:41:50.947+0000] {logging_mixin.py:149} INFO - 37
[2023-05-07T22:41:50.948+0000] {logging_mixin.py:149} INFO - 38
[2023-05-07T22:41:50.949+0000] {logging_mixin.py:149} INFO - 39
[2023-05-07T22:41:50.950+0000] {logging_mixin.py:149} INFO - 40
[2023-05-07T22:41:50.952+0000] {logging_mixin.py:149} INFO - 41
[2023-05-07T22:41:50.953+0000] {logging_mixin.py:149} INFO - 42
[2023-05-07T22:41:50.954+0000] {logging_mixin.py:149} INFO - 43
[2023-05-07T22:41:50.955+0000] {logging_mixin.py:149} INFO - 44
[2023-05-07T22:41:50.956+0000] {logging_mixin.py:149} INFO - 45
[2023-05-07T22:41:50.957+0000] {logging_mixin.py:149} INFO - 46
[2023-05-07T22:41:50.959+0000] {logging_mixin.py:149} INFO - 47
[2023-05-07T22:41:50.961+0000] {logging_mixin.py:149} INFO - 48
[2023-05-07T22:41:50.962+0000] {logging_mixin.py:149} INFO - 49
[2023-05-07T22:41:50.963+0000] {logging_mixin.py:149} INFO - 50
[2023-05-07T22:41:50.964+0000] {logging_mixin.py:149} INFO - 51
[2023-05-07T22:41:50.965+0000] {logging_mixin.py:149} INFO - 52
[2023-05-07T22:41:50.966+0000] {logging_mixin.py:149} INFO - 53
[2023-05-07T22:41:50.967+0000] {logging_mixin.py:149} INFO - 54
[2023-05-07T22:41:50.968+0000] {logging_mixin.py:149} INFO - 55
[2023-05-07T22:41:50.969+0000] {logging_mixin.py:149} INFO - 56
[2023-05-07T22:41:50.971+0000] {logging_mixin.py:149} INFO - 57
[2023-05-07T22:41:50.972+0000] {logging_mixin.py:149} INFO - 58
[2023-05-07T22:41:50.974+0000] {logging_mixin.py:149} INFO - 59
[2023-05-07T22:41:50.975+0000] {logging_mixin.py:149} INFO - 60
[2023-05-07T22:41:50.976+0000] {logging_mixin.py:149} INFO - 61
[2023-05-07T22:41:50.977+0000] {logging_mixin.py:149} INFO - 62
[2023-05-07T22:41:50.978+0000] {logging_mixin.py:149} INFO - 63
[2023-05-07T22:41:50.979+0000] {logging_mixin.py:149} INFO - 64
[2023-05-07T22:41:50.980+0000] {logging_mixin.py:149} INFO - 65
[2023-05-07T22:41:50.981+0000] {logging_mixin.py:149} INFO - 66
[2023-05-07T22:41:50.983+0000] {logging_mixin.py:149} INFO - 67
[2023-05-07T22:41:50.984+0000] {logging_mixin.py:149} INFO - 68
[2023-05-07T22:41:50.985+0000] {logging_mixin.py:149} INFO - 69
[2023-05-07T22:41:50.986+0000] {logging_mixin.py:149} INFO - 70
[2023-05-07T22:41:50.988+0000] {logging_mixin.py:149} INFO - 71
[2023-05-07T22:41:50.990+0000] {logging_mixin.py:149} INFO - 72
[2023-05-07T22:41:50.992+0000] {logging_mixin.py:149} INFO - 73
[2023-05-07T22:41:50.993+0000] {logging_mixin.py:149} INFO - 74
[2023-05-07T22:41:50.995+0000] {logging_mixin.py:149} INFO - 75
[2023-05-07T22:41:50.996+0000] {logging_mixin.py:149} INFO - 76
[2023-05-07T22:41:50.997+0000] {logging_mixin.py:149} INFO - 77
[2023-05-07T22:41:50.999+0000] {logging_mixin.py:149} INFO - 78
[2023-05-07T22:41:51.001+0000] {logging_mixin.py:149} INFO - 79
[2023-05-07T22:41:51.002+0000] {logging_mixin.py:149} INFO - 80
[2023-05-07T22:41:51.004+0000] {logging_mixin.py:149} INFO - 81
[2023-05-07T22:41:51.005+0000] {logging_mixin.py:149} INFO - 82
[2023-05-07T22:41:51.007+0000] {logging_mixin.py:149} INFO - 83
[2023-05-07T22:41:51.008+0000] {logging_mixin.py:149} INFO - 84
[2023-05-07T22:41:51.010+0000] {logging_mixin.py:149} INFO - 85
[2023-05-07T22:41:51.012+0000] {logging_mixin.py:149} INFO - 86
[2023-05-07T22:41:51.013+0000] {logging_mixin.py:149} INFO - 87
[2023-05-07T22:41:51.014+0000] {logging_mixin.py:149} INFO - 88
[2023-05-07T22:41:51.015+0000] {logging_mixin.py:149} INFO - 89
[2023-05-07T22:41:51.018+0000] {logging_mixin.py:149} INFO - 90
[2023-05-07T22:41:51.019+0000] {logging_mixin.py:149} INFO - 91
[2023-05-07T22:41:51.020+0000] {logging_mixin.py:149} INFO - 92
[2023-05-07T22:41:51.022+0000] {logging_mixin.py:149} INFO - 93
[2023-05-07T22:41:51.024+0000] {logging_mixin.py:149} INFO - 94
[2023-05-07T22:41:51.027+0000] {logging_mixin.py:149} INFO - 95
[2023-05-07T22:41:51.028+0000] {logging_mixin.py:149} INFO - 96
[2023-05-07T22:41:51.029+0000] {logging_mixin.py:149} INFO - 97
[2023-05-07T22:41:51.030+0000] {logging_mixin.py:149} INFO - 98
[2023-05-07T22:41:51.031+0000] {logging_mixin.py:149} INFO - 99
[2023-05-07T22:41:51.047+0000] {python.py:183} INFO - Done. Returned value was: None
[2023-05-07T22:41:51.055+0000] {taskinstance.py:1373} INFO - Marking task as SUCCESS. dag_id=Summer_Warped_ETL, task_id=GetSongsFromPlaylist, execution_date=20230507T215425, start_date=20230507T224150, end_date=20230507T224151
[2023-05-07T22:41:51.110+0000] {local_task_job_runner.py:232} INFO - Task exited with return code 0
[2023-05-07T22:41:51.133+0000] {taskinstance.py:2674} INFO - 2 downstream tasks scheduled from follow-on schedule check
