[2023-05-07T22:30:57.991+0000] {taskinstance.py:1125} INFO - Dependencies all met for dep_context=non-requeueable deps ti=<TaskInstance: Summer_Warped_ETL.GetSongsFromPlaylist manual__2023-05-07T21:54:25.314545+00:00 [queued]>
[2023-05-07T22:30:57.996+0000] {taskinstance.py:1125} INFO - Dependencies all met for dep_context=requeueable deps ti=<TaskInstance: Summer_Warped_ETL.GetSongsFromPlaylist manual__2023-05-07T21:54:25.314545+00:00 [queued]>
[2023-05-07T22:30:57.997+0000] {taskinstance.py:1331} INFO - Starting attempt 8 of 10
[2023-05-07T22:30:58.004+0000] {taskinstance.py:1350} INFO - Executing <Task(PythonOperator): GetSongsFromPlaylist> on 2023-05-07 21:54:25.314545+00:00
[2023-05-07T22:30:58.009+0000] {standard_task_runner.py:57} INFO - Started process 1743 to run task
[2023-05-07T22:30:58.013+0000] {standard_task_runner.py:84} INFO - Running: ['***', 'tasks', 'run', 'Summer_Warped_ETL', 'GetSongsFromPlaylist', 'manual__2023-05-07T21:54:25.314545+00:00', '--job-id', '1169', '--raw', '--subdir', 'DAGS_FOLDER/warped-dag.py', '--cfg-path', '/tmp/tmphoa4f2c0']
[2023-05-07T22:30:58.013+0000] {standard_task_runner.py:85} INFO - Job 1169: Subtask GetSongsFromPlaylist
[2023-05-07T22:30:58.048+0000] {task_command.py:410} INFO - Running <TaskInstance: Summer_Warped_ETL.GetSongsFromPlaylist manual__2023-05-07T21:54:25.314545+00:00 [running]> on host 31774baccecb
[2023-05-07T22:30:58.098+0000] {taskinstance.py:1570} INFO - Exporting env vars: AIRFLOW_CTX_DAG_OWNER='Ananta Moharana' AIRFLOW_CTX_DAG_ID='Summer_Warped_ETL' AIRFLOW_CTX_TASK_ID='GetSongsFromPlaylist' AIRFLOW_CTX_EXECUTION_DATE='2023-05-07T21:54:25.314545+00:00' AIRFLOW_CTX_TRY_NUMBER='8' AIRFLOW_CTX_DAG_RUN_ID='manual__2023-05-07T21:54:25.314545+00:00'
[2023-05-07T22:30:58.554+0000] {logging_mixin.py:149} INFO - 100
[2023-05-07T22:30:58.555+0000] {logging_mixin.py:149} INFO - 0
[2023-05-07T22:30:58.561+0000] {logging_mixin.py:149} INFO - 1
[2023-05-07T22:30:58.565+0000] {logging_mixin.py:149} INFO - 2
[2023-05-07T22:30:58.566+0000] {logging_mixin.py:149} INFO - 3
[2023-05-07T22:30:58.568+0000] {logging_mixin.py:149} INFO - 4
[2023-05-07T22:30:58.571+0000] {logging_mixin.py:149} INFO - 5
[2023-05-07T22:30:58.573+0000] {logging_mixin.py:149} INFO - 6
[2023-05-07T22:30:58.575+0000] {logging_mixin.py:149} INFO - 7
[2023-05-07T22:30:58.577+0000] {logging_mixin.py:149} INFO - 8
[2023-05-07T22:30:58.579+0000] {logging_mixin.py:149} INFO - 9
[2023-05-07T22:30:58.581+0000] {logging_mixin.py:149} INFO - 10
[2023-05-07T22:30:58.583+0000] {logging_mixin.py:149} INFO - 11
[2023-05-07T22:30:58.585+0000] {logging_mixin.py:149} INFO - 12
[2023-05-07T22:30:58.586+0000] {logging_mixin.py:149} INFO - 13
[2023-05-07T22:30:58.588+0000] {logging_mixin.py:149} INFO - 14
[2023-05-07T22:30:58.589+0000] {logging_mixin.py:149} INFO - 15
[2023-05-07T22:30:58.591+0000] {logging_mixin.py:149} INFO - 16
[2023-05-07T22:30:58.592+0000] {logging_mixin.py:149} INFO - 17
[2023-05-07T22:30:58.594+0000] {logging_mixin.py:149} INFO - 18
[2023-05-07T22:30:58.595+0000] {logging_mixin.py:149} INFO - 19
[2023-05-07T22:30:58.596+0000] {logging_mixin.py:149} INFO - 20
[2023-05-07T22:30:58.597+0000] {logging_mixin.py:149} INFO - 21
[2023-05-07T22:30:58.598+0000] {logging_mixin.py:149} INFO - 22
[2023-05-07T22:30:58.599+0000] {logging_mixin.py:149} INFO - 23
[2023-05-07T22:30:58.600+0000] {logging_mixin.py:149} INFO - 24
[2023-05-07T22:30:58.601+0000] {logging_mixin.py:149} INFO - 25
[2023-05-07T22:30:58.602+0000] {logging_mixin.py:149} INFO - 26
[2023-05-07T22:30:58.603+0000] {logging_mixin.py:149} INFO - 27
[2023-05-07T22:30:58.606+0000] {logging_mixin.py:149} INFO - 28
[2023-05-07T22:30:58.607+0000] {logging_mixin.py:149} INFO - 29
[2023-05-07T22:30:58.608+0000] {logging_mixin.py:149} INFO - 30
[2023-05-07T22:30:58.609+0000] {logging_mixin.py:149} INFO - 31
[2023-05-07T22:30:58.610+0000] {logging_mixin.py:149} INFO - 32
[2023-05-07T22:30:58.611+0000] {logging_mixin.py:149} INFO - 33
[2023-05-07T22:30:58.612+0000] {logging_mixin.py:149} INFO - 34
[2023-05-07T22:30:58.613+0000] {logging_mixin.py:149} INFO - 35
[2023-05-07T22:30:58.615+0000] {logging_mixin.py:149} INFO - 36
[2023-05-07T22:30:58.617+0000] {logging_mixin.py:149} INFO - 37
[2023-05-07T22:30:58.618+0000] {logging_mixin.py:149} INFO - 38
[2023-05-07T22:30:58.619+0000] {logging_mixin.py:149} INFO - 39
[2023-05-07T22:30:58.621+0000] {logging_mixin.py:149} INFO - 40
[2023-05-07T22:30:58.622+0000] {logging_mixin.py:149} INFO - 41
[2023-05-07T22:30:58.623+0000] {logging_mixin.py:149} INFO - 42
[2023-05-07T22:30:58.624+0000] {logging_mixin.py:149} INFO - 43
[2023-05-07T22:30:58.626+0000] {logging_mixin.py:149} INFO - 44
[2023-05-07T22:30:58.627+0000] {logging_mixin.py:149} INFO - 45
[2023-05-07T22:30:58.627+0000] {logging_mixin.py:149} INFO - 46
[2023-05-07T22:30:58.629+0000] {logging_mixin.py:149} INFO - 47
[2023-05-07T22:30:58.631+0000] {logging_mixin.py:149} INFO - 48
[2023-05-07T22:30:58.632+0000] {logging_mixin.py:149} INFO - 49
[2023-05-07T22:30:58.633+0000] {logging_mixin.py:149} INFO - 50
[2023-05-07T22:30:58.634+0000] {logging_mixin.py:149} INFO - 51
[2023-05-07T22:30:58.635+0000] {logging_mixin.py:149} INFO - 52
[2023-05-07T22:30:58.636+0000] {logging_mixin.py:149} INFO - 53
[2023-05-07T22:30:58.637+0000] {logging_mixin.py:149} INFO - 54
[2023-05-07T22:30:58.638+0000] {logging_mixin.py:149} INFO - 55
[2023-05-07T22:30:58.639+0000] {logging_mixin.py:149} INFO - 56
[2023-05-07T22:30:58.640+0000] {logging_mixin.py:149} INFO - 57
[2023-05-07T22:30:58.641+0000] {logging_mixin.py:149} INFO - 58
[2023-05-07T22:30:58.643+0000] {logging_mixin.py:149} INFO - 59
[2023-05-07T22:30:58.644+0000] {logging_mixin.py:149} INFO - 60
[2023-05-07T22:30:58.645+0000] {logging_mixin.py:149} INFO - 61
[2023-05-07T22:30:58.646+0000] {logging_mixin.py:149} INFO - 62
[2023-05-07T22:30:58.647+0000] {logging_mixin.py:149} INFO - 63
[2023-05-07T22:30:58.648+0000] {logging_mixin.py:149} INFO - 64
[2023-05-07T22:30:58.649+0000] {logging_mixin.py:149} INFO - 65
[2023-05-07T22:30:58.650+0000] {logging_mixin.py:149} INFO - 66
[2023-05-07T22:30:58.651+0000] {logging_mixin.py:149} INFO - 67
[2023-05-07T22:30:58.652+0000] {logging_mixin.py:149} INFO - 68
[2023-05-07T22:30:58.653+0000] {logging_mixin.py:149} INFO - 69
[2023-05-07T22:30:58.654+0000] {logging_mixin.py:149} INFO - 70
[2023-05-07T22:30:58.656+0000] {logging_mixin.py:149} INFO - 71
[2023-05-07T22:30:58.657+0000] {logging_mixin.py:149} INFO - 72
[2023-05-07T22:30:58.658+0000] {logging_mixin.py:149} INFO - 73
[2023-05-07T22:30:58.659+0000] {logging_mixin.py:149} INFO - 74
[2023-05-07T22:30:58.660+0000] {logging_mixin.py:149} INFO - 75
[2023-05-07T22:30:58.661+0000] {logging_mixin.py:149} INFO - 76
[2023-05-07T22:30:58.662+0000] {logging_mixin.py:149} INFO - 77
[2023-05-07T22:30:58.664+0000] {logging_mixin.py:149} INFO - 78
[2023-05-07T22:30:58.665+0000] {logging_mixin.py:149} INFO - 79
[2023-05-07T22:30:58.666+0000] {logging_mixin.py:149} INFO - 80
[2023-05-07T22:30:58.668+0000] {logging_mixin.py:149} INFO - 81
[2023-05-07T22:30:58.670+0000] {logging_mixin.py:149} INFO - 82
[2023-05-07T22:30:58.671+0000] {logging_mixin.py:149} INFO - 83
[2023-05-07T22:30:58.672+0000] {logging_mixin.py:149} INFO - 84
[2023-05-07T22:30:58.674+0000] {logging_mixin.py:149} INFO - 85
[2023-05-07T22:30:58.676+0000] {logging_mixin.py:149} INFO - 86
[2023-05-07T22:30:58.677+0000] {logging_mixin.py:149} INFO - 87
[2023-05-07T22:30:58.677+0000] {logging_mixin.py:149} INFO - 88
[2023-05-07T22:30:58.678+0000] {logging_mixin.py:149} INFO - 89
[2023-05-07T22:30:58.681+0000] {logging_mixin.py:149} INFO - 90
[2023-05-07T22:30:58.682+0000] {logging_mixin.py:149} INFO - 91
[2023-05-07T22:30:58.683+0000] {logging_mixin.py:149} INFO - 92
[2023-05-07T22:30:58.684+0000] {logging_mixin.py:149} INFO - 93
[2023-05-07T22:30:58.686+0000] {logging_mixin.py:149} INFO - 94
[2023-05-07T22:30:58.689+0000] {logging_mixin.py:149} INFO - 95
[2023-05-07T22:30:58.690+0000] {logging_mixin.py:149} INFO - 96
[2023-05-07T22:30:58.691+0000] {logging_mixin.py:149} INFO - 97
[2023-05-07T22:30:58.692+0000] {logging_mixin.py:149} INFO - 98
[2023-05-07T22:30:58.693+0000] {logging_mixin.py:149} INFO - 99
[2023-05-07T22:30:58.706+0000] {python.py:183} INFO - Done. Returned value was: None
[2023-05-07T22:30:58.713+0000] {taskinstance.py:1373} INFO - Marking task as SUCCESS. dag_id=Summer_Warped_ETL, task_id=GetSongsFromPlaylist, execution_date=20230507T215425, start_date=20230507T223057, end_date=20230507T223058
[2023-05-07T22:30:58.759+0000] {local_task_job_runner.py:232} INFO - Task exited with return code 0
[2023-05-07T22:30:58.781+0000] {taskinstance.py:2674} INFO - 2 downstream tasks scheduled from follow-on schedule check
