[2023-05-06T22:02:32.212+0000] {taskinstance.py:1125} INFO - Dependencies all met for dep_context=non-requeueable deps ti=<TaskInstance: Summer_Warped_ETL.TransformData manual__2023-05-06T20:04:28.044320+00:00 [queued]>
[2023-05-06T22:02:32.217+0000] {taskinstance.py:1125} INFO - Dependencies all met for dep_context=requeueable deps ti=<TaskInstance: Summer_Warped_ETL.TransformData manual__2023-05-06T20:04:28.044320+00:00 [queued]>
[2023-05-06T22:02:32.218+0000] {taskinstance.py:1331} INFO - Starting attempt 3 of 5
[2023-05-06T22:02:32.225+0000] {taskinstance.py:1350} INFO - Executing <Task(PythonOperator): TransformData> on 2023-05-06 20:04:28.044320+00:00
[2023-05-06T22:02:32.229+0000] {standard_task_runner.py:57} INFO - Started process 714 to run task
[2023-05-06T22:02:32.233+0000] {standard_task_runner.py:84} INFO - Running: ['***', 'tasks', 'run', 'Summer_Warped_ETL', 'TransformData', 'manual__2023-05-06T20:04:28.044320+00:00', '--job-id', '373', '--raw', '--subdir', 'DAGS_FOLDER/warped-dag.py', '--cfg-path', '/tmp/tmpp5l91x8g']
[2023-05-06T22:02:32.233+0000] {standard_task_runner.py:85} INFO - Job 373: Subtask TransformData
[2023-05-06T22:02:32.266+0000] {task_command.py:410} INFO - Running <TaskInstance: Summer_Warped_ETL.TransformData manual__2023-05-06T20:04:28.044320+00:00 [running]> on host b60ed7c33f68
[2023-05-06T22:02:32.318+0000] {taskinstance.py:1570} INFO - Exporting env vars: AIRFLOW_CTX_DAG_OWNER='Ananta Moharana' AIRFLOW_CTX_DAG_ID='Summer_Warped_ETL' AIRFLOW_CTX_TASK_ID='TransformData' AIRFLOW_CTX_EXECUTION_DATE='2023-05-06T20:04:28.044320+00:00' AIRFLOW_CTX_TRY_NUMBER='3' AIRFLOW_CTX_DAG_RUN_ID='manual__2023-05-06T20:04:28.044320+00:00'
[2023-05-06T22:02:32.352+0000] {warnings.py:110} WARNING - /opt/***/dags/src/transform.py:28: SettingWithCopyWarning: 
A value is trying to be set on a copy of a slice from a DataFrame.
Try using .loc[row_indexer,col_indexer] = value instead

See the caveats in the documentation: https://pandas.pydata.org/pandas-docs/stable/user_guide/indexing.html#returning-a-view-versus-a-copy
  song_fact['date']=today

[2023-05-06T22:02:32.353+0000] {warnings.py:110} WARNING - /home/***/.local/lib/python3.7/site-packages/pandas/util/_decorators.py:311: SettingWithCopyWarning: 
A value is trying to be set on a copy of a slice from a DataFrame

See the caveats in the documentation: https://pandas.pydata.org/pandas-docs/stable/user_guide/indexing.html#returning-a-view-versus-a-copy
  return func(*args, **kwargs)

[2023-05-06T22:02:32.401+0000] {python.py:183} INFO - Done. Returned value was: None
[2023-05-06T22:02:32.408+0000] {taskinstance.py:1373} INFO - Marking task as SUCCESS. dag_id=Summer_Warped_ETL, task_id=TransformData, execution_date=20230506T200428, start_date=20230506T220232, end_date=20230506T220232
[2023-05-06T22:02:32.444+0000] {local_task_job_runner.py:232} INFO - Task exited with return code 0
[2023-05-06T22:02:32.465+0000] {taskinstance.py:2674} INFO - 5 downstream tasks scheduled from follow-on schedule check
