[2023-05-06T20:12:36.725+0000] {taskinstance.py:1125} INFO - Dependencies all met for dep_context=non-requeueable deps ti=<TaskInstance: Summer_Warped_ETL.TransformData manual__2023-05-06T20:04:28.044320+00:00 [queued]>
[2023-05-06T20:12:36.731+0000] {taskinstance.py:1125} INFO - Dependencies all met for dep_context=requeueable deps ti=<TaskInstance: Summer_Warped_ETL.TransformData manual__2023-05-06T20:04:28.044320+00:00 [queued]>
[2023-05-06T20:12:36.731+0000] {taskinstance.py:1331} INFO - Starting attempt 2 of 4
[2023-05-06T20:12:36.739+0000] {taskinstance.py:1350} INFO - Executing <Task(PythonOperator): TransformData> on 2023-05-06 20:04:28.044320+00:00
[2023-05-06T20:12:36.744+0000] {standard_task_runner.py:57} INFO - Started process 81 to run task
[2023-05-06T20:12:36.749+0000] {standard_task_runner.py:84} INFO - Running: ['***', 'tasks', 'run', 'Summer_Warped_ETL', 'TransformData', 'manual__2023-05-06T20:04:28.044320+00:00', '--job-id', '343', '--raw', '--subdir', 'DAGS_FOLDER/warped-dag.py', '--cfg-path', '/tmp/tmppfc7awe6']
[2023-05-06T20:12:36.750+0000] {standard_task_runner.py:85} INFO - Job 343: Subtask TransformData
[2023-05-06T20:12:36.793+0000] {task_command.py:410} INFO - Running <TaskInstance: Summer_Warped_ETL.TransformData manual__2023-05-06T20:04:28.044320+00:00 [running]> on host b60ed7c33f68
[2023-05-06T20:12:36.851+0000] {taskinstance.py:1570} INFO - Exporting env vars: AIRFLOW_CTX_DAG_OWNER='Ananta Moharana' AIRFLOW_CTX_DAG_ID='Summer_Warped_ETL' AIRFLOW_CTX_TASK_ID='TransformData' AIRFLOW_CTX_EXECUTION_DATE='2023-05-06T20:04:28.044320+00:00' AIRFLOW_CTX_TRY_NUMBER='2' AIRFLOW_CTX_DAG_RUN_ID='manual__2023-05-06T20:04:28.044320+00:00'
[2023-05-06T20:12:36.892+0000] {warnings.py:110} WARNING - /opt/***/dags/src/transform.py:28: SettingWithCopyWarning: 
A value is trying to be set on a copy of a slice from a DataFrame.
Try using .loc[row_indexer,col_indexer] = value instead

See the caveats in the documentation: https://pandas.pydata.org/pandas-docs/stable/user_guide/indexing.html#returning-a-view-versus-a-copy
  song_fact['date']=today

[2023-05-06T20:12:36.894+0000] {warnings.py:110} WARNING - /home/***/.local/lib/python3.7/site-packages/pandas/util/_decorators.py:311: SettingWithCopyWarning: 
A value is trying to be set on a copy of a slice from a DataFrame

See the caveats in the documentation: https://pandas.pydata.org/pandas-docs/stable/user_guide/indexing.html#returning-a-view-versus-a-copy
  return func(*args, **kwargs)

[2023-05-06T20:12:36.941+0000] {python.py:183} INFO - Done. Returned value was: None
[2023-05-06T20:12:36.948+0000] {taskinstance.py:1373} INFO - Marking task as SUCCESS. dag_id=Summer_Warped_ETL, task_id=TransformData, execution_date=20230506T200428, start_date=20230506T201236, end_date=20230506T201236
[2023-05-06T20:12:37.003+0000] {local_task_job_runner.py:232} INFO - Task exited with return code 0
[2023-05-06T20:12:37.023+0000] {taskinstance.py:2674} INFO - 5 downstream tasks scheduled from follow-on schedule check
