[2023-05-09T19:39:46.181+0000] {taskinstance.py:1125} INFO - Dependencies all met for dep_context=non-requeueable deps ti=<TaskInstance: Summer_Warped_ETL.GetSongsFromPlaylist manual__2023-05-09T19:39:41.899285+00:00 [queued]>
[2023-05-09T19:39:46.186+0000] {taskinstance.py:1125} INFO - Dependencies all met for dep_context=requeueable deps ti=<TaskInstance: Summer_Warped_ETL.GetSongsFromPlaylist manual__2023-05-09T19:39:41.899285+00:00 [queued]>
[2023-05-09T19:39:46.187+0000] {taskinstance.py:1331} INFO - Starting attempt 1 of 3
[2023-05-09T19:39:46.196+0000] {taskinstance.py:1350} INFO - Executing <Task(PythonOperator): GetSongsFromPlaylist> on 2023-05-09 19:39:41.899285+00:00
[2023-05-09T19:39:46.202+0000] {standard_task_runner.py:57} INFO - Started process 1010 to run task
[2023-05-09T19:39:46.206+0000] {standard_task_runner.py:84} INFO - Running: ['***', 'tasks', 'run', 'Summer_Warped_ETL', 'GetSongsFromPlaylist', 'manual__2023-05-09T19:39:41.899285+00:00', '--job-id', '3066', '--raw', '--subdir', 'DAGS_FOLDER/warped-dag.py', '--cfg-path', '/tmp/tmpoq5p0yxl']
[2023-05-09T19:39:46.207+0000] {standard_task_runner.py:85} INFO - Job 3066: Subtask GetSongsFromPlaylist
[2023-05-09T19:39:46.248+0000] {task_command.py:410} INFO - Running <TaskInstance: Summer_Warped_ETL.GetSongsFromPlaylist manual__2023-05-09T19:39:41.899285+00:00 [running]> on host 4b5a01a6ab5f
[2023-05-09T19:39:46.309+0000] {taskinstance.py:1570} INFO - Exporting env vars: AIRFLOW_CTX_DAG_OWNER='Ananta Moharana' AIRFLOW_CTX_DAG_ID='Summer_Warped_ETL' AIRFLOW_CTX_TASK_ID='GetSongsFromPlaylist' AIRFLOW_CTX_EXECUTION_DATE='2023-05-09T19:39:41.899285+00:00' AIRFLOW_CTX_TRY_NUMBER='1' AIRFLOW_CTX_DAG_RUN_ID='manual__2023-05-09T19:39:41.899285+00:00'
[2023-05-09T19:39:46.835+0000] {logging_mixin.py:149} INFO - 92
[2023-05-09T19:39:46.836+0000] {logging_mixin.py:149} INFO - 0
[2023-05-09T19:39:46.839+0000] {logging_mixin.py:149} INFO - 1
[2023-05-09T19:39:46.840+0000] {logging_mixin.py:149} INFO - 2
[2023-05-09T19:39:46.844+0000] {logging_mixin.py:149} INFO - 3
[2023-05-09T19:39:46.845+0000] {logging_mixin.py:149} INFO - 4
[2023-05-09T19:39:46.846+0000] {logging_mixin.py:149} INFO - 5
[2023-05-09T19:39:46.848+0000] {logging_mixin.py:149} INFO - 6
[2023-05-09T19:39:46.850+0000] {logging_mixin.py:149} INFO - 7
[2023-05-09T19:39:46.851+0000] {logging_mixin.py:149} INFO - 8
[2023-05-09T19:39:46.852+0000] {logging_mixin.py:149} INFO - 9
[2023-05-09T19:39:46.853+0000] {logging_mixin.py:149} INFO - 10
[2023-05-09T19:39:46.855+0000] {logging_mixin.py:149} INFO - 11
[2023-05-09T19:39:46.856+0000] {logging_mixin.py:149} INFO - 12
[2023-05-09T19:39:46.857+0000] {logging_mixin.py:149} INFO - 13
[2023-05-09T19:39:46.860+0000] {logging_mixin.py:149} INFO - 14
[2023-05-09T19:39:46.861+0000] {logging_mixin.py:149} INFO - 15
[2023-05-09T19:39:46.862+0000] {logging_mixin.py:149} INFO - 16
[2023-05-09T19:39:46.864+0000] {logging_mixin.py:149} INFO - 17
[2023-05-09T19:39:46.865+0000] {logging_mixin.py:149} INFO - 18
[2023-05-09T19:39:46.867+0000] {logging_mixin.py:149} INFO - 19
[2023-05-09T19:39:46.868+0000] {logging_mixin.py:149} INFO - 20
[2023-05-09T19:39:46.869+0000] {logging_mixin.py:149} INFO - 21
[2023-05-09T19:39:46.871+0000] {logging_mixin.py:149} INFO - 22
[2023-05-09T19:39:46.873+0000] {logging_mixin.py:149} INFO - 23
[2023-05-09T19:39:46.875+0000] {logging_mixin.py:149} INFO - 24
[2023-05-09T19:39:46.876+0000] {logging_mixin.py:149} INFO - 25
[2023-05-09T19:39:46.878+0000] {logging_mixin.py:149} INFO - 26
[2023-05-09T19:39:46.879+0000] {logging_mixin.py:149} INFO - 27
[2023-05-09T19:39:46.880+0000] {logging_mixin.py:149} INFO - 28
[2023-05-09T19:39:46.882+0000] {logging_mixin.py:149} INFO - 29
[2023-05-09T19:39:46.883+0000] {logging_mixin.py:149} INFO - 30
[2023-05-09T19:39:46.884+0000] {logging_mixin.py:149} INFO - 31
[2023-05-09T19:39:46.886+0000] {logging_mixin.py:149} INFO - 32
[2023-05-09T19:39:46.888+0000] {logging_mixin.py:149} INFO - 33
[2023-05-09T19:39:46.890+0000] {logging_mixin.py:149} INFO - 34
[2023-05-09T19:39:46.893+0000] {logging_mixin.py:149} INFO - 35
[2023-05-09T19:39:46.894+0000] {logging_mixin.py:149} INFO - 36
[2023-05-09T19:39:46.896+0000] {logging_mixin.py:149} INFO - 37
[2023-05-09T19:39:46.897+0000] {logging_mixin.py:149} INFO - 38
[2023-05-09T19:39:46.899+0000] {logging_mixin.py:149} INFO - 39
[2023-05-09T19:39:46.902+0000] {logging_mixin.py:149} INFO - 40
[2023-05-09T19:39:46.903+0000] {logging_mixin.py:149} INFO - 41
[2023-05-09T19:39:46.904+0000] {logging_mixin.py:149} INFO - 42
[2023-05-09T19:39:46.906+0000] {logging_mixin.py:149} INFO - 43
[2023-05-09T19:39:46.908+0000] {logging_mixin.py:149} INFO - 44
[2023-05-09T19:39:46.909+0000] {logging_mixin.py:149} INFO - 45
[2023-05-09T19:39:46.911+0000] {logging_mixin.py:149} INFO - 46
[2023-05-09T19:39:46.912+0000] {logging_mixin.py:149} INFO - 47
[2023-05-09T19:39:46.913+0000] {logging_mixin.py:149} INFO - 48
[2023-05-09T19:39:46.915+0000] {logging_mixin.py:149} INFO - 49
[2023-05-09T19:39:46.917+0000] {logging_mixin.py:149} INFO - 50
[2023-05-09T19:39:46.918+0000] {logging_mixin.py:149} INFO - 51
[2023-05-09T19:39:46.919+0000] {logging_mixin.py:149} INFO - 52
[2023-05-09T19:39:46.920+0000] {logging_mixin.py:149} INFO - 53
[2023-05-09T19:39:46.921+0000] {logging_mixin.py:149} INFO - 54
[2023-05-09T19:39:46.923+0000] {logging_mixin.py:149} INFO - 55
[2023-05-09T19:39:46.924+0000] {logging_mixin.py:149} INFO - 56
[2023-05-09T19:39:46.925+0000] {logging_mixin.py:149} INFO - 57
[2023-05-09T19:39:46.927+0000] {logging_mixin.py:149} INFO - 58
[2023-05-09T19:39:46.928+0000] {logging_mixin.py:149} INFO - 59
[2023-05-09T19:39:46.929+0000] {logging_mixin.py:149} INFO - 60
[2023-05-09T19:39:46.931+0000] {logging_mixin.py:149} INFO - 61
[2023-05-09T19:39:46.932+0000] {logging_mixin.py:149} INFO - 62
[2023-05-09T19:39:46.933+0000] {logging_mixin.py:149} INFO - 63
[2023-05-09T19:39:46.934+0000] {logging_mixin.py:149} INFO - 64
[2023-05-09T19:39:46.936+0000] {logging_mixin.py:149} INFO - 65
[2023-05-09T19:39:46.937+0000] {logging_mixin.py:149} INFO - 66
[2023-05-09T19:39:46.938+0000] {logging_mixin.py:149} INFO - 67
[2023-05-09T19:39:46.940+0000] {logging_mixin.py:149} INFO - 68
[2023-05-09T19:39:46.942+0000] {logging_mixin.py:149} INFO - 69
[2023-05-09T19:39:46.943+0000] {logging_mixin.py:149} INFO - 70
[2023-05-09T19:39:46.944+0000] {logging_mixin.py:149} INFO - 71
[2023-05-09T19:39:46.946+0000] {logging_mixin.py:149} INFO - 72
[2023-05-09T19:39:46.948+0000] {logging_mixin.py:149} INFO - 73
[2023-05-09T19:39:46.949+0000] {logging_mixin.py:149} INFO - 74
[2023-05-09T19:39:46.950+0000] {logging_mixin.py:149} INFO - 75
[2023-05-09T19:39:46.951+0000] {logging_mixin.py:149} INFO - 76
[2023-05-09T19:39:46.953+0000] {logging_mixin.py:149} INFO - 77
[2023-05-09T19:39:46.954+0000] {logging_mixin.py:149} INFO - 78
[2023-05-09T19:39:46.955+0000] {logging_mixin.py:149} INFO - 79
[2023-05-09T19:39:46.956+0000] {logging_mixin.py:149} INFO - 80
[2023-05-09T19:39:46.958+0000] {logging_mixin.py:149} INFO - 81
[2023-05-09T19:39:46.959+0000] {logging_mixin.py:149} INFO - 82
[2023-05-09T19:39:46.960+0000] {logging_mixin.py:149} INFO - 83
[2023-05-09T19:39:46.961+0000] {logging_mixin.py:149} INFO - 84
[2023-05-09T19:39:46.971+0000] {logging_mixin.py:149} INFO - 85
[2023-05-09T19:39:46.982+0000] {logging_mixin.py:149} INFO - 86
[2023-05-09T19:39:46.985+0000] {logging_mixin.py:149} INFO - 87
[2023-05-09T19:39:46.991+0000] {logging_mixin.py:149} INFO - 88
[2023-05-09T19:39:46.992+0000] {logging_mixin.py:149} INFO - 89
[2023-05-09T19:39:46.994+0000] {logging_mixin.py:149} INFO - 90
[2023-05-09T19:39:46.996+0000] {logging_mixin.py:149} INFO - 91
[2023-05-09T19:39:47.011+0000] {python.py:183} INFO - Done. Returned value was: None
[2023-05-09T19:39:47.020+0000] {taskinstance.py:1373} INFO - Marking task as SUCCESS. dag_id=Summer_Warped_ETL, task_id=GetSongsFromPlaylist, execution_date=20230509T193941, start_date=20230509T193946, end_date=20230509T193947
[2023-05-09T19:39:47.064+0000] {local_task_job_runner.py:232} INFO - Task exited with return code 0
[2023-05-09T19:39:47.091+0000] {taskinstance.py:2674} INFO - 2 downstream tasks scheduled from follow-on schedule check
