[2023-05-08T04:30:53.155+0000] {taskinstance.py:1125} INFO - Dependencies all met for dep_context=non-requeueable deps ti=<TaskInstance: Summer_Warped_ETL.LoadData.LoadArtistDim manual__2023-05-08T04:30:18.250809+00:00 [queued]>
[2023-05-08T04:30:53.160+0000] {taskinstance.py:1125} INFO - Dependencies all met for dep_context=requeueable deps ti=<TaskInstance: Summer_Warped_ETL.LoadData.LoadArtistDim manual__2023-05-08T04:30:18.250809+00:00 [queued]>
[2023-05-08T04:30:53.160+0000] {taskinstance.py:1331} INFO - Starting attempt 1 of 3
[2023-05-08T04:30:53.168+0000] {taskinstance.py:1350} INFO - Executing <Task(PythonOperator): LoadData.LoadArtistDim> on 2023-05-08 04:30:18.250809+00:00
[2023-05-08T04:30:53.173+0000] {standard_task_runner.py:57} INFO - Started process 4343 to run task
[2023-05-08T04:30:53.177+0000] {standard_task_runner.py:84} INFO - Running: ['***', 'tasks', 'run', 'Summer_Warped_ETL', 'LoadData.LoadArtistDim', 'manual__2023-05-08T04:30:18.250809+00:00', '--job-id', '2235', '--raw', '--subdir', 'DAGS_FOLDER/warped-dag.py', '--cfg-path', '/tmp/tmpna85obke']
[2023-05-08T04:30:53.177+0000] {standard_task_runner.py:85} INFO - Job 2235: Subtask LoadData.LoadArtistDim
[2023-05-08T04:30:53.211+0000] {task_command.py:410} INFO - Running <TaskInstance: Summer_Warped_ETL.LoadData.LoadArtistDim manual__2023-05-08T04:30:18.250809+00:00 [running]> on host a40687a10d43
[2023-05-08T04:30:53.263+0000] {taskinstance.py:1570} INFO - Exporting env vars: AIRFLOW_CTX_DAG_OWNER='Ananta Moharana' AIRFLOW_CTX_DAG_ID='Summer_Warped_ETL' AIRFLOW_CTX_TASK_ID='LoadData.LoadArtistDim' AIRFLOW_CTX_EXECUTION_DATE='2023-05-08T04:30:18.250809+00:00' AIRFLOW_CTX_TRY_NUMBER='1' AIRFLOW_CTX_DAG_RUN_ID='manual__2023-05-08T04:30:18.250809+00:00'
[2023-05-08T04:30:53.265+0000] {logging_mixin.py:149} INFO - 2023-05/artist_dim.csv
[2023-05-08T04:30:53.272+0000] {base.py:73} INFO - Using connection ID 'aws_connection' for task execution.
[2023-05-08T04:30:53.273+0000] {connection_wrapper.py:337} INFO - AWS Connection (conn_id='aws_connection', conn_type='aws') credentials retrieved from login and password.
[2023-05-08T04:30:53.487+0000] {logging_mixin.py:149} INFO -         artist_name               artist_id        genre
0              Zaia  1m0t5VYISq6TcyMo7UqLMz  atl hip hop
1  nothing,nowhere.  7FngGIEGgN3Iwauw1MvO4P    cloud rap
2          brakence  4kqFrZkeqDfOIEqTWqbOOV   glitchcore
3        Marco Luka  4tjqHer0BFQbJ1FVyWhffM          NaN
4               Sky  62UdSpLGWjDU75OAFKLxWV          NaN
[2023-05-08T04:30:53.487+0000] {logging_mixin.py:149} INFO - INSERT INTO artist_dim (artist_name,artist_id,genre) VALUES (%s,%s,%s) ON CONFLICT (artist_id) DO UPDATE SET artist_name=EXCLUDED.artist_name,artist_id=EXCLUDED.artist_id,genre=EXCLUDED.genre
[2023-05-08T04:30:53.496+0000] {base.py:73} INFO - Using connection ID '***' for task execution.
[2023-05-08T04:30:53.503+0000] {sql.py:375} INFO - Running statement: INSERT INTO artist_dim (artist_name,artist_id,genre) VALUES (%s,%s,%s) ON CONFLICT (artist_id) DO UPDATE SET artist_name=EXCLUDED.artist_name,artist_id=EXCLUDED.artist_id,genre=EXCLUDED.genre, parameters: ('Zaia', '1m0t5VYISq6TcyMo7UqLMz', 'atl hip hop')
[2023-05-08T04:30:53.505+0000] {sql.py:384} INFO - Rows affected: 1
[2023-05-08T04:30:53.511+0000] {base.py:73} INFO - Using connection ID '***' for task execution.
[2023-05-08T04:30:53.520+0000] {sql.py:375} INFO - Running statement: INSERT INTO artist_dim (artist_name,artist_id,genre) VALUES (%s,%s,%s) ON CONFLICT (artist_id) DO UPDATE SET artist_name=EXCLUDED.artist_name,artist_id=EXCLUDED.artist_id,genre=EXCLUDED.genre, parameters: ('nothing,nowhere.', '7FngGIEGgN3Iwauw1MvO4P', 'cloud rap')
[2023-05-08T04:30:53.522+0000] {sql.py:384} INFO - Rows affected: 1
[2023-05-08T04:30:53.528+0000] {base.py:73} INFO - Using connection ID '***' for task execution.
[2023-05-08T04:30:53.533+0000] {sql.py:375} INFO - Running statement: INSERT INTO artist_dim (artist_name,artist_id,genre) VALUES (%s,%s,%s) ON CONFLICT (artist_id) DO UPDATE SET artist_name=EXCLUDED.artist_name,artist_id=EXCLUDED.artist_id,genre=EXCLUDED.genre, parameters: ('brakence', '4kqFrZkeqDfOIEqTWqbOOV', 'glitchcore')
[2023-05-08T04:30:53.535+0000] {sql.py:384} INFO - Rows affected: 1
[2023-05-08T04:30:53.541+0000] {base.py:73} INFO - Using connection ID '***' for task execution.
[2023-05-08T04:30:53.547+0000] {sql.py:375} INFO - Running statement: INSERT INTO artist_dim (artist_name,artist_id,genre) VALUES (%s,%s,%s) ON CONFLICT (artist_id) DO UPDATE SET artist_name=EXCLUDED.artist_name,artist_id=EXCLUDED.artist_id,genre=EXCLUDED.genre, parameters: ('Marco Luka', '4tjqHer0BFQbJ1FVyWhffM', nan)
[2023-05-08T04:30:53.549+0000] {sql.py:384} INFO - Rows affected: 1
[2023-05-08T04:30:53.555+0000] {base.py:73} INFO - Using connection ID '***' for task execution.
[2023-05-08T04:30:53.562+0000] {sql.py:375} INFO - Running statement: INSERT INTO artist_dim (artist_name,artist_id,genre) VALUES (%s,%s,%s) ON CONFLICT (artist_id) DO UPDATE SET artist_name=EXCLUDED.artist_name,artist_id=EXCLUDED.artist_id,genre=EXCLUDED.genre, parameters: ('Sky', '62UdSpLGWjDU75OAFKLxWV', nan)
[2023-05-08T04:30:53.564+0000] {sql.py:384} INFO - Rows affected: 1
[2023-05-08T04:30:53.570+0000] {base.py:73} INFO - Using connection ID '***' for task execution.
[2023-05-08T04:30:53.575+0000] {sql.py:375} INFO - Running statement: INSERT INTO artist_dim (artist_name,artist_id,genre) VALUES (%s,%s,%s) ON CONFLICT (artist_id) DO UPDATE SET artist_name=EXCLUDED.artist_name,artist_id=EXCLUDED.artist_id,genre=EXCLUDED.genre, parameters: ('abbot', '0Ro9LZA0sRl1FG66KgsA1u', nan)
[2023-05-08T04:30:53.577+0000] {sql.py:384} INFO - Rows affected: 1
[2023-05-08T04:30:53.583+0000] {base.py:73} INFO - Using connection ID '***' for task execution.
[2023-05-08T04:30:53.591+0000] {sql.py:375} INFO - Running statement: INSERT INTO artist_dim (artist_name,artist_id,genre) VALUES (%s,%s,%s) ON CONFLICT (artist_id) DO UPDATE SET artist_name=EXCLUDED.artist_name,artist_id=EXCLUDED.artist_id,genre=EXCLUDED.genre, parameters: ('guardin', '6zqcGQ6MH6yetBUoquMnL7', 'cloud rap')
[2023-05-08T04:30:53.593+0000] {sql.py:384} INFO - Rows affected: 1
[2023-05-08T04:30:53.600+0000] {base.py:73} INFO - Using connection ID '***' for task execution.
[2023-05-08T04:30:53.606+0000] {sql.py:375} INFO - Running statement: INSERT INTO artist_dim (artist_name,artist_id,genre) VALUES (%s,%s,%s) ON CONFLICT (artist_id) DO UPDATE SET artist_name=EXCLUDED.artist_name,artist_id=EXCLUDED.artist_id,genre=EXCLUDED.genre, parameters: ('gravehours', '5cwtCGap3COvJNt1yineor', nan)
[2023-05-08T04:30:53.608+0000] {sql.py:384} INFO - Rows affected: 1
[2023-05-08T04:30:53.615+0000] {base.py:73} INFO - Using connection ID '***' for task execution.
[2023-05-08T04:30:53.620+0000] {sql.py:375} INFO - Running statement: INSERT INTO artist_dim (artist_name,artist_id,genre) VALUES (%s,%s,%s) ON CONFLICT (artist_id) DO UPDATE SET artist_name=EXCLUDED.artist_name,artist_id=EXCLUDED.artist_id,genre=EXCLUDED.genre, parameters: ('50landing', '5aTRa02UP1y6PW5klZiTt0', nan)
[2023-05-08T04:30:53.622+0000] {sql.py:384} INFO - Rows affected: 1
[2023-05-08T04:30:53.628+0000] {base.py:73} INFO - Using connection ID '***' for task execution.
[2023-05-08T04:30:53.635+0000] {sql.py:375} INFO - Running statement: INSERT INTO artist_dim (artist_name,artist_id,genre) VALUES (%s,%s,%s) ON CONFLICT (artist_id) DO UPDATE SET artist_name=EXCLUDED.artist_name,artist_id=EXCLUDED.artist_id,genre=EXCLUDED.genre, parameters: ('Atlas in Motion', '1N9JxmOPJqhMCw219uoEi8', nan)
[2023-05-08T04:30:53.637+0000] {sql.py:384} INFO - Rows affected: 1
[2023-05-08T04:30:53.644+0000] {base.py:73} INFO - Using connection ID '***' for task execution.
[2023-05-08T04:30:53.650+0000] {sql.py:375} INFO - Running statement: INSERT INTO artist_dim (artist_name,artist_id,genre) VALUES (%s,%s,%s) ON CONFLICT (artist_id) DO UPDATE SET artist_name=EXCLUDED.artist_name,artist_id=EXCLUDED.artist_id,genre=EXCLUDED.genre, parameters: ('93FEETOFSMOKE', '0plNgbIlOc13T8ot3vyK79', 'cloud rap')
[2023-05-08T04:30:53.651+0000] {sql.py:384} INFO - Rows affected: 1
[2023-05-08T04:30:53.658+0000] {base.py:73} INFO - Using connection ID '***' for task execution.
[2023-05-08T04:30:53.664+0000] {sql.py:375} INFO - Running statement: INSERT INTO artist_dim (artist_name,artist_id,genre) VALUES (%s,%s,%s) ON CONFLICT (artist_id) DO UPDATE SET artist_name=EXCLUDED.artist_name,artist_id=EXCLUDED.artist_id,genre=EXCLUDED.genre, parameters: ('brody', '0t7bbGUdyq3urfDddwXhdY', 'emo rap')
[2023-05-08T04:30:53.666+0000] {sql.py:384} INFO - Rows affected: 1
[2023-05-08T04:30:53.672+0000] {base.py:73} INFO - Using connection ID '***' for task execution.
[2023-05-08T04:30:53.678+0000] {sql.py:375} INFO - Running statement: INSERT INTO artist_dim (artist_name,artist_id,genre) VALUES (%s,%s,%s) ON CONFLICT (artist_id) DO UPDATE SET artist_name=EXCLUDED.artist_name,artist_id=EXCLUDED.artist_id,genre=EXCLUDED.genre, parameters: ('Roderick Porter', '7Lcln0AXqNHMahrca8KVpy', 'aesthetic rap')
[2023-05-08T04:30:53.679+0000] {sql.py:384} INFO - Rows affected: 1
[2023-05-08T04:30:53.684+0000] {base.py:73} INFO - Using connection ID '***' for task execution.
[2023-05-08T04:30:53.690+0000] {sql.py:375} INFO - Running statement: INSERT INTO artist_dim (artist_name,artist_id,genre) VALUES (%s,%s,%s) ON CONFLICT (artist_id) DO UPDATE SET artist_name=EXCLUDED.artist_name,artist_id=EXCLUDED.artist_id,genre=EXCLUDED.genre, parameters: ('SypSki', '3XOHHfvBYKCMo1h0DFY27z', nan)
[2023-05-08T04:30:53.692+0000] {sql.py:384} INFO - Rows affected: 1
[2023-05-08T04:30:53.697+0000] {base.py:73} INFO - Using connection ID '***' for task execution.
[2023-05-08T04:30:53.703+0000] {sql.py:375} INFO - Running statement: INSERT INTO artist_dim (artist_name,artist_id,genre) VALUES (%s,%s,%s) ON CONFLICT (artist_id) DO UPDATE SET artist_name=EXCLUDED.artist_name,artist_id=EXCLUDED.artist_id,genre=EXCLUDED.genre, parameters: ('raspy', '1trffosn0Alk3IlloOD5O8', 'pittsburgh rap')
[2023-05-08T04:30:53.705+0000] {sql.py:384} INFO - Rows affected: 1
[2023-05-08T04:30:53.710+0000] {base.py:73} INFO - Using connection ID '***' for task execution.
[2023-05-08T04:30:53.716+0000] {sql.py:375} INFO - Running statement: INSERT INTO artist_dim (artist_name,artist_id,genre) VALUES (%s,%s,%s) ON CONFLICT (artist_id) DO UPDATE SET artist_name=EXCLUDED.artist_name,artist_id=EXCLUDED.artist_id,genre=EXCLUDED.genre, parameters: ('Landon Cube', '04ei5kNgmDuNAydFhhIHnD', 'vapor trap')
[2023-05-08T04:30:53.717+0000] {sql.py:384} INFO - Rows affected: 1
[2023-05-08T04:30:53.723+0000] {base.py:73} INFO - Using connection ID '***' for task execution.
[2023-05-08T04:30:53.728+0000] {sql.py:375} INFO - Running statement: INSERT INTO artist_dim (artist_name,artist_id,genre) VALUES (%s,%s,%s) ON CONFLICT (artist_id) DO UPDATE SET artist_name=EXCLUDED.artist_name,artist_id=EXCLUDED.artist_id,genre=EXCLUDED.genre, parameters: ('Oliver Francis', '0WvTK38rXqPCD5pZMDuX20', 'cloud rap')
[2023-05-08T04:30:53.730+0000] {sql.py:384} INFO - Rows affected: 1
[2023-05-08T04:30:53.735+0000] {base.py:73} INFO - Using connection ID '***' for task execution.
[2023-05-08T04:30:53.741+0000] {sql.py:375} INFO - Running statement: INSERT INTO artist_dim (artist_name,artist_id,genre) VALUES (%s,%s,%s) ON CONFLICT (artist_id) DO UPDATE SET artist_name=EXCLUDED.artist_name,artist_id=EXCLUDED.artist_id,genre=EXCLUDED.genre, parameters: ('Aries', '3hOdow4ZPmrby7Q1wfPLEy', nan)
[2023-05-08T04:30:53.743+0000] {sql.py:384} INFO - Rows affected: 1
[2023-05-08T04:30:53.749+0000] {base.py:73} INFO - Using connection ID '***' for task execution.
[2023-05-08T04:30:53.756+0000] {sql.py:375} INFO - Running statement: INSERT INTO artist_dim (artist_name,artist_id,genre) VALUES (%s,%s,%s) ON CONFLICT (artist_id) DO UPDATE SET artist_name=EXCLUDED.artist_name,artist_id=EXCLUDED.artist_id,genre=EXCLUDED.genre, parameters: ('elias', '7eRBEVzcZk4XyIdF0Btfg4', 'lo-fi rap')
[2023-05-08T04:30:53.758+0000] {sql.py:384} INFO - Rows affected: 1
[2023-05-08T04:30:53.763+0000] {base.py:73} INFO - Using connection ID '***' for task execution.
[2023-05-08T04:30:53.769+0000] {sql.py:375} INFO - Running statement: INSERT INTO artist_dim (artist_name,artist_id,genre) VALUES (%s,%s,%s) ON CONFLICT (artist_id) DO UPDATE SET artist_name=EXCLUDED.artist_name,artist_id=EXCLUDED.artist_id,genre=EXCLUDED.genre, parameters: ('MostlyEverything', '3Ae7AQITxFS0r3yGQHYDJI', 'upstate ny rap')
[2023-05-08T04:30:53.771+0000] {sql.py:384} INFO - Rows affected: 1
[2023-05-08T04:30:53.777+0000] {base.py:73} INFO - Using connection ID '***' for task execution.
[2023-05-08T04:30:53.783+0000] {sql.py:375} INFO - Running statement: INSERT INTO artist_dim (artist_name,artist_id,genre) VALUES (%s,%s,%s) ON CONFLICT (artist_id) DO UPDATE SET artist_name=EXCLUDED.artist_name,artist_id=EXCLUDED.artist_id,genre=EXCLUDED.genre, parameters: ('Foreign Forest', '7C4ztJMkuGRy0qkU6dG5hU', 'emo rap')
[2023-05-08T04:30:53.784+0000] {sql.py:384} INFO - Rows affected: 1
[2023-05-08T04:30:53.790+0000] {base.py:73} INFO - Using connection ID '***' for task execution.
[2023-05-08T04:30:53.796+0000] {sql.py:375} INFO - Running statement: INSERT INTO artist_dim (artist_name,artist_id,genre) VALUES (%s,%s,%s) ON CONFLICT (artist_id) DO UPDATE SET artist_name=EXCLUDED.artist_name,artist_id=EXCLUDED.artist_id,genre=EXCLUDED.genre, parameters: ('Ashes', '0vUk0rbl0BkFjmeFvjOvoj', nan)
[2023-05-08T04:30:53.797+0000] {sql.py:384} INFO - Rows affected: 1
[2023-05-08T04:30:53.803+0000] {base.py:73} INFO - Using connection ID '***' for task execution.
[2023-05-08T04:30:53.811+0000] {sql.py:375} INFO - Running statement: INSERT INTO artist_dim (artist_name,artist_id,genre) VALUES (%s,%s,%s) ON CONFLICT (artist_id) DO UPDATE SET artist_name=EXCLUDED.artist_name,artist_id=EXCLUDED.artist_id,genre=EXCLUDED.genre, parameters: ('blackbear', '2cFrymmkijnjDg9SS92EPM', 'alt z')
[2023-05-08T04:30:53.812+0000] {sql.py:384} INFO - Rows affected: 1
[2023-05-08T04:30:53.818+0000] {base.py:73} INFO - Using connection ID '***' for task execution.
[2023-05-08T04:30:53.823+0000] {sql.py:375} INFO - Running statement: INSERT INTO artist_dim (artist_name,artist_id,genre) VALUES (%s,%s,%s) ON CONFLICT (artist_id) DO UPDATE SET artist_name=EXCLUDED.artist_name,artist_id=EXCLUDED.artist_id,genre=EXCLUDED.genre, parameters: ('6 Dogs', '3Ps6le7tj5BdNtdnfNgTU4', 'cloud rap')
[2023-05-08T04:30:53.825+0000] {sql.py:384} INFO - Rows affected: 1
[2023-05-08T04:30:53.831+0000] {base.py:73} INFO - Using connection ID '***' for task execution.
[2023-05-08T04:30:53.837+0000] {sql.py:375} INFO - Running statement: INSERT INTO artist_dim (artist_name,artist_id,genre) VALUES (%s,%s,%s) ON CONFLICT (artist_id) DO UPDATE SET artist_name=EXCLUDED.artist_name,artist_id=EXCLUDED.artist_id,genre=EXCLUDED.genre, parameters: ('Pretty Pacc', '2QuPPChZpqAai29uqulNFe', nan)
[2023-05-08T04:30:53.839+0000] {sql.py:384} INFO - Rows affected: 1
[2023-05-08T04:30:53.845+0000] {base.py:73} INFO - Using connection ID '***' for task execution.
[2023-05-08T04:30:53.852+0000] {sql.py:375} INFO - Running statement: INSERT INTO artist_dim (artist_name,artist_id,genre) VALUES (%s,%s,%s) ON CONFLICT (artist_id) DO UPDATE SET artist_name=EXCLUDED.artist_name,artist_id=EXCLUDED.artist_id,genre=EXCLUDED.genre, parameters: ('SAIAH', '5ZPYeVqoWNuukwfarvkyJX', nan)
[2023-05-08T04:30:53.854+0000] {sql.py:384} INFO - Rows affected: 1
[2023-05-08T04:30:53.860+0000] {base.py:73} INFO - Using connection ID '***' for task execution.
[2023-05-08T04:30:53.866+0000] {sql.py:375} INFO - Running statement: INSERT INTO artist_dim (artist_name,artist_id,genre) VALUES (%s,%s,%s) ON CONFLICT (artist_id) DO UPDATE SET artist_name=EXCLUDED.artist_name,artist_id=EXCLUDED.artist_id,genre=EXCLUDED.genre, parameters: ('Lucy Fer', '0BxHc5dN9BSfLZ8PCch9wT', nan)
[2023-05-08T04:30:53.867+0000] {sql.py:384} INFO - Rows affected: 1
[2023-05-08T04:30:53.873+0000] {base.py:73} INFO - Using connection ID '***' for task execution.
[2023-05-08T04:30:53.879+0000] {sql.py:375} INFO - Running statement: INSERT INTO artist_dim (artist_name,artist_id,genre) VALUES (%s,%s,%s) ON CONFLICT (artist_id) DO UPDATE SET artist_name=EXCLUDED.artist_name,artist_id=EXCLUDED.artist_id,genre=EXCLUDED.genre, parameters: ('Sleepa', '1iT8Vbd7KhZiBji3G72zDW', nan)
[2023-05-08T04:30:53.881+0000] {sql.py:384} INFO - Rows affected: 1
[2023-05-08T04:30:53.887+0000] {base.py:73} INFO - Using connection ID '***' for task execution.
[2023-05-08T04:30:53.893+0000] {sql.py:375} INFO - Running statement: INSERT INTO artist_dim (artist_name,artist_id,genre) VALUES (%s,%s,%s) ON CONFLICT (artist_id) DO UPDATE SET artist_name=EXCLUDED.artist_name,artist_id=EXCLUDED.artist_id,genre=EXCLUDED.genre, parameters: ('glaive', '4cJKDGSv4Dz9QycXYmo565', 'glitchcore')
[2023-05-08T04:30:53.894+0000] {sql.py:384} INFO - Rows affected: 1
[2023-05-08T04:30:53.900+0000] {base.py:73} INFO - Using connection ID '***' for task execution.
[2023-05-08T04:30:53.905+0000] {sql.py:375} INFO - Running statement: INSERT INTO artist_dim (artist_name,artist_id,genre) VALUES (%s,%s,%s) ON CONFLICT (artist_id) DO UPDATE SET artist_name=EXCLUDED.artist_name,artist_id=EXCLUDED.artist_id,genre=EXCLUDED.genre, parameters: ('kaido', '0UENogXhLeGTZjub4eejjX', 'hyperpop')
[2023-05-08T04:30:53.907+0000] {sql.py:384} INFO - Rows affected: 1
[2023-05-08T04:30:53.913+0000] {base.py:73} INFO - Using connection ID '***' for task execution.
[2023-05-08T04:30:53.920+0000] {sql.py:375} INFO - Running statement: INSERT INTO artist_dim (artist_name,artist_id,genre) VALUES (%s,%s,%s) ON CONFLICT (artist_id) DO UPDATE SET artist_name=EXCLUDED.artist_name,artist_id=EXCLUDED.artist_id,genre=EXCLUDED.genre, parameters: ('kurtains', '7b2FbxYmnpGMPqDe04QmyP', 'emoplugg')
[2023-05-08T04:30:53.922+0000] {sql.py:384} INFO - Rows affected: 1
[2023-05-08T04:30:53.928+0000] {base.py:73} INFO - Using connection ID '***' for task execution.
[2023-05-08T04:30:53.934+0000] {sql.py:375} INFO - Running statement: INSERT INTO artist_dim (artist_name,artist_id,genre) VALUES (%s,%s,%s) ON CONFLICT (artist_id) DO UPDATE SET artist_name=EXCLUDED.artist_name,artist_id=EXCLUDED.artist_id,genre=EXCLUDED.genre, parameters: ('Numl6ck', '2anlj4dNUn9I1VxxmjRHRx', 'glitchcore')
[2023-05-08T04:30:53.935+0000] {sql.py:384} INFO - Rows affected: 1
[2023-05-08T04:30:53.942+0000] {base.py:73} INFO - Using connection ID '***' for task execution.
[2023-05-08T04:30:53.947+0000] {sql.py:375} INFO - Running statement: INSERT INTO artist_dim (artist_name,artist_id,genre) VALUES (%s,%s,%s) ON CONFLICT (artist_id) DO UPDATE SET artist_name=EXCLUDED.artist_name,artist_id=EXCLUDED.artist_id,genre=EXCLUDED.genre, parameters: ('Deadman Era', '4FI4qPOnjt3D8DnJQrNWps', nan)
[2023-05-08T04:30:53.949+0000] {sql.py:384} INFO - Rows affected: 1
[2023-05-08T04:30:53.955+0000] {base.py:73} INFO - Using connection ID '***' for task execution.
[2023-05-08T04:30:53.961+0000] {sql.py:375} INFO - Running statement: INSERT INTO artist_dim (artist_name,artist_id,genre) VALUES (%s,%s,%s) ON CONFLICT (artist_id) DO UPDATE SET artist_name=EXCLUDED.artist_name,artist_id=EXCLUDED.artist_id,genre=EXCLUDED.genre, parameters: ('Lund', '5uLkZ7FWMTBUg1corQqdkR', 'cloud rap')
[2023-05-08T04:30:53.962+0000] {sql.py:384} INFO - Rows affected: 1
[2023-05-08T04:30:53.968+0000] {base.py:73} INFO - Using connection ID '***' for task execution.
[2023-05-08T04:30:53.975+0000] {sql.py:375} INFO - Running statement: INSERT INTO artist_dim (artist_name,artist_id,genre) VALUES (%s,%s,%s) ON CONFLICT (artist_id) DO UPDATE SET artist_name=EXCLUDED.artist_name,artist_id=EXCLUDED.artist_id,genre=EXCLUDED.genre, parameters: ('Lil Cobaine', '0ILo2K3FmfIh4ICcbHE7RK', nan)
[2023-05-08T04:30:53.977+0000] {sql.py:384} INFO - Rows affected: 1
[2023-05-08T04:30:53.983+0000] {base.py:73} INFO - Using connection ID '***' for task execution.
[2023-05-08T04:30:53.989+0000] {sql.py:375} INFO - Running statement: INSERT INTO artist_dim (artist_name,artist_id,genre) VALUES (%s,%s,%s) ON CONFLICT (artist_id) DO UPDATE SET artist_name=EXCLUDED.artist_name,artist_id=EXCLUDED.artist_id,genre=EXCLUDED.genre, parameters: ('ilham', '0r7PsZB4ePA6vHrW4agoGN', nan)
[2023-05-08T04:30:53.990+0000] {sql.py:384} INFO - Rows affected: 1
[2023-05-08T04:30:53.996+0000] {base.py:73} INFO - Using connection ID '***' for task execution.
[2023-05-08T04:30:54.002+0000] {sql.py:375} INFO - Running statement: INSERT INTO artist_dim (artist_name,artist_id,genre) VALUES (%s,%s,%s) ON CONFLICT (artist_id) DO UPDATE SET artist_name=EXCLUDED.artist_name,artist_id=EXCLUDED.artist_id,genre=EXCLUDED.genre, parameters: ('Angelo Mota', '1PpFka2STGQ57kJcgYBgEF', 'indie hip hop')
[2023-05-08T04:30:54.003+0000] {sql.py:384} INFO - Rows affected: 1
[2023-05-08T04:30:54.009+0000] {base.py:73} INFO - Using connection ID '***' for task execution.
[2023-05-08T04:30:54.016+0000] {sql.py:375} INFO - Running statement: INSERT INTO artist_dim (artist_name,artist_id,genre) VALUES (%s,%s,%s) ON CONFLICT (artist_id) DO UPDATE SET artist_name=EXCLUDED.artist_name,artist_id=EXCLUDED.artist_id,genre=EXCLUDED.genre, parameters: ('Xuitcasecity', '6YxrfNCKBcQlbITpmDLErL', 'indie pop rap')
[2023-05-08T04:30:54.017+0000] {sql.py:384} INFO - Rows affected: 1
[2023-05-08T04:30:54.023+0000] {base.py:73} INFO - Using connection ID '***' for task execution.
[2023-05-08T04:30:54.029+0000] {sql.py:375} INFO - Running statement: INSERT INTO artist_dim (artist_name,artist_id,genre) VALUES (%s,%s,%s) ON CONFLICT (artist_id) DO UPDATE SET artist_name=EXCLUDED.artist_name,artist_id=EXCLUDED.artist_id,genre=EXCLUDED.genre, parameters: ('benny mayne', '2R2Yg2qPloNOTOfqxfXX7l', 'canadian contemporary r&b')
[2023-05-08T04:30:54.031+0000] {sql.py:384} INFO - Rows affected: 1
[2023-05-08T04:30:54.037+0000] {base.py:73} INFO - Using connection ID '***' for task execution.
[2023-05-08T04:30:59.065+0000] {sql.py:375} INFO - Running statement: INSERT INTO artist_dim (artist_name,artist_id,genre) VALUES (%s,%s,%s) ON CONFLICT (artist_id) DO UPDATE SET artist_name=EXCLUDED.artist_name,artist_id=EXCLUDED.artist_id,genre=EXCLUDED.genre, parameters: ('Isekai', '4yOY5zmuuTlS1DbG3yZGki', nan)
[2023-05-08T04:30:59.070+0000] {sql.py:384} INFO - Rows affected: 1
[2023-05-08T04:30:59.089+0000] {base.py:73} INFO - Using connection ID '***' for task execution.
[2023-05-08T04:30:59.101+0000] {sql.py:375} INFO - Running statement: INSERT INTO artist_dim (artist_name,artist_id,genre) VALUES (%s,%s,%s) ON CONFLICT (artist_id) DO UPDATE SET artist_name=EXCLUDED.artist_name,artist_id=EXCLUDED.artist_id,genre=EXCLUDED.genre, parameters: ('Lil Rae', '7iVscW49OWowl9SoLmWzfy', nan)
[2023-05-08T04:30:59.103+0000] {sql.py:384} INFO - Rows affected: 1
[2023-05-08T04:30:59.112+0000] {base.py:73} INFO - Using connection ID '***' for task execution.
[2023-05-08T04:30:59.120+0000] {sql.py:375} INFO - Running statement: INSERT INTO artist_dim (artist_name,artist_id,genre) VALUES (%s,%s,%s) ON CONFLICT (artist_id) DO UPDATE SET artist_name=EXCLUDED.artist_name,artist_id=EXCLUDED.artist_id,genre=EXCLUDED.genre, parameters: ('916frosty', '6c0lj01vVpHsCH7Z5CfJ9K', 'emo rap')
[2023-05-08T04:30:59.121+0000] {sql.py:384} INFO - Rows affected: 1
[2023-05-08T04:30:59.128+0000] {base.py:73} INFO - Using connection ID '***' for task execution.
[2023-05-08T04:30:59.135+0000] {sql.py:375} INFO - Running statement: INSERT INTO artist_dim (artist_name,artist_id,genre) VALUES (%s,%s,%s) ON CONFLICT (artist_id) DO UPDATE SET artist_name=EXCLUDED.artist_name,artist_id=EXCLUDED.artist_id,genre=EXCLUDED.genre, parameters: ('COTIS', '63CZNEytugjFnZBdjBmWc8', 'canadian contemporary r&b')
[2023-05-08T04:30:59.136+0000] {sql.py:384} INFO - Rows affected: 1
[2023-05-08T04:30:59.142+0000] {base.py:73} INFO - Using connection ID '***' for task execution.
[2023-05-08T04:30:59.148+0000] {sql.py:375} INFO - Running statement: INSERT INTO artist_dim (artist_name,artist_id,genre) VALUES (%s,%s,%s) ON CONFLICT (artist_id) DO UPDATE SET artist_name=EXCLUDED.artist_name,artist_id=EXCLUDED.artist_id,genre=EXCLUDED.genre, parameters: ('diveliner', '0be7y7HUvSBf8uG1X7pK8f', nan)
[2023-05-08T04:30:59.150+0000] {sql.py:384} INFO - Rows affected: 1
[2023-05-08T04:30:59.156+0000] {base.py:73} INFO - Using connection ID '***' for task execution.
[2023-05-08T04:30:59.163+0000] {sql.py:375} INFO - Running statement: INSERT INTO artist_dim (artist_name,artist_id,genre) VALUES (%s,%s,%s) ON CONFLICT (artist_id) DO UPDATE SET artist_name=EXCLUDED.artist_name,artist_id=EXCLUDED.artist_id,genre=EXCLUDED.genre, parameters: ('Young Lungs', '2trvlbfMS5zVozEmrFNDTJ', 'canadian hip hop')
[2023-05-08T04:30:59.165+0000] {sql.py:384} INFO - Rows affected: 1
[2023-05-08T04:30:59.171+0000] {base.py:73} INFO - Using connection ID '***' for task execution.
[2023-05-08T04:30:59.179+0000] {sql.py:375} INFO - Running statement: INSERT INTO artist_dim (artist_name,artist_id,genre) VALUES (%s,%s,%s) ON CONFLICT (artist_id) DO UPDATE SET artist_name=EXCLUDED.artist_name,artist_id=EXCLUDED.artist_id,genre=EXCLUDED.genre, parameters: ('Darko', '63dmB3SM4vOZ8rK1EX5IkU', 'sad rap')
[2023-05-08T04:30:59.181+0000] {sql.py:384} INFO - Rows affected: 1
[2023-05-08T04:30:59.187+0000] {base.py:73} INFO - Using connection ID '***' for task execution.
[2023-05-08T04:30:59.194+0000] {sql.py:375} INFO - Running statement: INSERT INTO artist_dim (artist_name,artist_id,genre) VALUES (%s,%s,%s) ON CONFLICT (artist_id) DO UPDATE SET artist_name=EXCLUDED.artist_name,artist_id=EXCLUDED.artist_id,genre=EXCLUDED.genre, parameters: ('24kGoldn', '6fWVd57NKTalqvmjRd2t8Z', 'cali rap')
[2023-05-08T04:30:59.196+0000] {sql.py:384} INFO - Rows affected: 1
[2023-05-08T04:30:59.202+0000] {base.py:73} INFO - Using connection ID '***' for task execution.
[2023-05-08T04:30:59.208+0000] {sql.py:375} INFO - Running statement: INSERT INTO artist_dim (artist_name,artist_id,genre) VALUES (%s,%s,%s) ON CONFLICT (artist_id) DO UPDATE SET artist_name=EXCLUDED.artist_name,artist_id=EXCLUDED.artist_id,genre=EXCLUDED.genre, parameters: ('convolk', '3ddT1Q3KQAm1G7UcIfz5KJ', 'cloud rap')
[2023-05-08T04:30:59.210+0000] {sql.py:384} INFO - Rows affected: 1
[2023-05-08T04:30:59.216+0000] {base.py:73} INFO - Using connection ID '***' for task execution.
[2023-05-08T04:30:59.223+0000] {sql.py:375} INFO - Running statement: INSERT INTO artist_dim (artist_name,artist_id,genre) VALUES (%s,%s,%s) ON CONFLICT (artist_id) DO UPDATE SET artist_name=EXCLUDED.artist_name,artist_id=EXCLUDED.artist_id,genre=EXCLUDED.genre, parameters: ('Sevant', '47SwNXPh17mIDcZwsCr6hX', nan)
[2023-05-08T04:30:59.225+0000] {sql.py:384} INFO - Rows affected: 1
[2023-05-08T04:30:59.231+0000] {base.py:73} INFO - Using connection ID '***' for task execution.
[2023-05-08T04:30:59.237+0000] {sql.py:375} INFO - Running statement: INSERT INTO artist_dim (artist_name,artist_id,genre) VALUES (%s,%s,%s) ON CONFLICT (artist_id) DO UPDATE SET artist_name=EXCLUDED.artist_name,artist_id=EXCLUDED.artist_id,genre=EXCLUDED.genre, parameters: ('Lui Joseph', '7MS7B4QRp1n6c5H8N7s3wB', 'sad rap')
[2023-05-08T04:30:59.238+0000] {sql.py:384} INFO - Rows affected: 1
[2023-05-08T04:30:59.244+0000] {base.py:73} INFO - Using connection ID '***' for task execution.
[2023-05-08T04:30:59.250+0000] {sql.py:375} INFO - Running statement: INSERT INTO artist_dim (artist_name,artist_id,genre) VALUES (%s,%s,%s) ON CONFLICT (artist_id) DO UPDATE SET artist_name=EXCLUDED.artist_name,artist_id=EXCLUDED.artist_id,genre=EXCLUDED.genre, parameters: ('Josh Golden', '6wUAn24MOirNVNqQM47fda', 'la pop')
[2023-05-08T04:30:59.252+0000] {sql.py:384} INFO - Rows affected: 1
[2023-05-08T04:30:59.260+0000] {base.py:73} INFO - Using connection ID '***' for task execution.
[2023-05-08T04:30:59.267+0000] {sql.py:375} INFO - Running statement: INSERT INTO artist_dim (artist_name,artist_id,genre) VALUES (%s,%s,%s) ON CONFLICT (artist_id) DO UPDATE SET artist_name=EXCLUDED.artist_name,artist_id=EXCLUDED.artist_id,genre=EXCLUDED.genre, parameters: ('ATO', '4KoNbDwbCK9D04dSmYG93E', nan)
[2023-05-08T04:30:59.268+0000] {sql.py:384} INFO - Rows affected: 1
[2023-05-08T04:30:59.277+0000] {base.py:73} INFO - Using connection ID '***' for task execution.
[2023-05-08T04:30:59.285+0000] {sql.py:375} INFO - Running statement: INSERT INTO artist_dim (artist_name,artist_id,genre) VALUES (%s,%s,%s) ON CONFLICT (artist_id) DO UPDATE SET artist_name=EXCLUDED.artist_name,artist_id=EXCLUDED.artist_id,genre=EXCLUDED.genre, parameters: ('Felly', '2848adRcxvgWNRcz1g1tQD', 'deep underground hip hop')
[2023-05-08T04:30:59.288+0000] {sql.py:384} INFO - Rows affected: 1
[2023-05-08T04:30:59.295+0000] {base.py:73} INFO - Using connection ID '***' for task execution.
[2023-05-08T04:30:59.302+0000] {sql.py:375} INFO - Running statement: INSERT INTO artist_dim (artist_name,artist_id,genre) VALUES (%s,%s,%s) ON CONFLICT (artist_id) DO UPDATE SET artist_name=EXCLUDED.artist_name,artist_id=EXCLUDED.artist_id,genre=EXCLUDED.genre, parameters: ('RIZ LA VIE', '0QkgnHpxSCOYdTnhUR9S5k', 'bedroom soul')
[2023-05-08T04:30:59.303+0000] {sql.py:384} INFO - Rows affected: 1
[2023-05-08T04:30:59.309+0000] {base.py:73} INFO - Using connection ID '***' for task execution.
[2023-05-08T04:30:59.317+0000] {sql.py:375} INFO - Running statement: INSERT INTO artist_dim (artist_name,artist_id,genre) VALUES (%s,%s,%s) ON CONFLICT (artist_id) DO UPDATE SET artist_name=EXCLUDED.artist_name,artist_id=EXCLUDED.artist_id,genre=EXCLUDED.genre, parameters: ('Tommy Ice', '3AUIYVmhwrsw8UOPHEv91Z', 'emo rap')
[2023-05-08T04:30:59.318+0000] {sql.py:384} INFO - Rows affected: 1
[2023-05-08T04:30:59.324+0000] {base.py:73} INFO - Using connection ID '***' for task execution.
[2023-05-08T04:30:59.331+0000] {sql.py:375} INFO - Running statement: INSERT INTO artist_dim (artist_name,artist_id,genre) VALUES (%s,%s,%s) ON CONFLICT (artist_id) DO UPDATE SET artist_name=EXCLUDED.artist_name,artist_id=EXCLUDED.artist_id,genre=EXCLUDED.genre, parameters: ('Andrew Spacey', '71EAlWYAa5jb4phZIOlp7u', 'st louis rap')
[2023-05-08T04:30:59.332+0000] {sql.py:384} INFO - Rows affected: 1
[2023-05-08T04:30:59.338+0000] {base.py:73} INFO - Using connection ID '***' for task execution.
[2023-05-08T04:30:59.344+0000] {sql.py:375} INFO - Running statement: INSERT INTO artist_dim (artist_name,artist_id,genre) VALUES (%s,%s,%s) ON CONFLICT (artist_id) DO UPDATE SET artist_name=EXCLUDED.artist_name,artist_id=EXCLUDED.artist_id,genre=EXCLUDED.genre, parameters: ('aldn', '2GUw9Wzha61PkZoRVv1PDD', 'glitchcore')
[2023-05-08T04:30:59.346+0000] {sql.py:384} INFO - Rows affected: 1
[2023-05-08T04:30:59.352+0000] {base.py:73} INFO - Using connection ID '***' for task execution.
[2023-05-08T04:30:59.358+0000] {sql.py:375} INFO - Running statement: INSERT INTO artist_dim (artist_name,artist_id,genre) VALUES (%s,%s,%s) ON CONFLICT (artist_id) DO UPDATE SET artist_name=EXCLUDED.artist_name,artist_id=EXCLUDED.artist_id,genre=EXCLUDED.genre, parameters: ('RONEN', '3wDeS1sr05fxaOeiJJrOnL', 'aesthetic rap')
[2023-05-08T04:30:59.360+0000] {sql.py:384} INFO - Rows affected: 1
[2023-05-08T04:30:59.366+0000] {base.py:73} INFO - Using connection ID '***' for task execution.
[2023-05-08T04:30:59.372+0000] {sql.py:375} INFO - Running statement: INSERT INTO artist_dim (artist_name,artist_id,genre) VALUES (%s,%s,%s) ON CONFLICT (artist_id) DO UPDATE SET artist_name=EXCLUDED.artist_name,artist_id=EXCLUDED.artist_id,genre=EXCLUDED.genre, parameters: ('Elroy', '1OP39gZ2SXVnwg4NrARmsu', 'hyperpop')
[2023-05-08T04:30:59.373+0000] {sql.py:384} INFO - Rows affected: 1
[2023-05-08T04:30:59.379+0000] {base.py:73} INFO - Using connection ID '***' for task execution.
[2023-05-08T04:30:59.385+0000] {sql.py:375} INFO - Running statement: INSERT INTO artist_dim (artist_name,artist_id,genre) VALUES (%s,%s,%s) ON CONFLICT (artist_id) DO UPDATE SET artist_name=EXCLUDED.artist_name,artist_id=EXCLUDED.artist_id,genre=EXCLUDED.genre, parameters: ('44phantom', '1vwwjIPFeYoRfAUCqqO6cZ', nan)
[2023-05-08T04:30:59.386+0000] {sql.py:384} INFO - Rows affected: 1
[2023-05-08T04:30:59.393+0000] {base.py:73} INFO - Using connection ID '***' for task execution.
[2023-05-08T04:30:59.400+0000] {sql.py:375} INFO - Running statement: INSERT INTO artist_dim (artist_name,artist_id,genre) VALUES (%s,%s,%s) ON CONFLICT (artist_id) DO UPDATE SET artist_name=EXCLUDED.artist_name,artist_id=EXCLUDED.artist_id,genre=EXCLUDED.genre, parameters: ('Ramzoid', '2Ci3Sflo2BfC77wTwn2hbH', 'future bass')
[2023-05-08T04:30:59.401+0000] {sql.py:384} INFO - Rows affected: 1
[2023-05-08T04:30:59.407+0000] {base.py:73} INFO - Using connection ID '***' for task execution.
[2023-05-08T04:30:59.413+0000] {sql.py:375} INFO - Running statement: INSERT INTO artist_dim (artist_name,artist_id,genre) VALUES (%s,%s,%s) ON CONFLICT (artist_id) DO UPDATE SET artist_name=EXCLUDED.artist_name,artist_id=EXCLUDED.artist_id,genre=EXCLUDED.genre, parameters: ('GOLDHOUSE', '670UISOh9XV1zlq5z5IfoY', 'pop edm')
[2023-05-08T04:30:59.415+0000] {sql.py:384} INFO - Rows affected: 1
[2023-05-08T04:30:59.421+0000] {base.py:73} INFO - Using connection ID '***' for task execution.
[2023-05-08T04:30:59.427+0000] {sql.py:375} INFO - Running statement: INSERT INTO artist_dim (artist_name,artist_id,genre) VALUES (%s,%s,%s) ON CONFLICT (artist_id) DO UPDATE SET artist_name=EXCLUDED.artist_name,artist_id=EXCLUDED.artist_id,genre=EXCLUDED.genre, parameters: ('dying in designer', '3QZxOYl5zlZtfigtXOZsfT', 'emo rap')
[2023-05-08T04:30:59.429+0000] {sql.py:384} INFO - Rows affected: 1
[2023-05-08T04:30:59.435+0000] {base.py:73} INFO - Using connection ID '***' for task execution.
[2023-05-08T04:30:59.440+0000] {sql.py:375} INFO - Running statement: INSERT INTO artist_dim (artist_name,artist_id,genre) VALUES (%s,%s,%s) ON CONFLICT (artist_id) DO UPDATE SET artist_name=EXCLUDED.artist_name,artist_id=EXCLUDED.artist_id,genre=EXCLUDED.genre, parameters: ('Kota the Friend', '2AfU5LYBVCiCtuCCfM7uVX', 'underground hip hop')
[2023-05-08T04:30:59.442+0000] {sql.py:384} INFO - Rows affected: 1
[2023-05-08T04:30:59.448+0000] {base.py:73} INFO - Using connection ID '***' for task execution.
[2023-05-08T04:30:59.456+0000] {sql.py:375} INFO - Running statement: INSERT INTO artist_dim (artist_name,artist_id,genre) VALUES (%s,%s,%s) ON CONFLICT (artist_id) DO UPDATE SET artist_name=EXCLUDED.artist_name,artist_id=EXCLUDED.artist_id,genre=EXCLUDED.genre, parameters: ('Marlon Craft', '7MigDh04CCntQbsBvugEmb', 'nyc rap')
[2023-05-08T04:30:59.458+0000] {sql.py:384} INFO - Rows affected: 1
[2023-05-08T04:30:59.465+0000] {base.py:73} INFO - Using connection ID '***' for task execution.
[2023-05-08T04:30:59.471+0000] {sql.py:375} INFO - Running statement: INSERT INTO artist_dim (artist_name,artist_id,genre) VALUES (%s,%s,%s) ON CONFLICT (artist_id) DO UPDATE SET artist_name=EXCLUDED.artist_name,artist_id=EXCLUDED.artist_id,genre=EXCLUDED.genre, parameters: ('SEBASTIAN PAUL', '1tQu5TjcAK68fx8qrc8ZgF', nan)
[2023-05-08T04:30:59.472+0000] {sql.py:384} INFO - Rows affected: 1
[2023-05-08T04:30:59.478+0000] {base.py:73} INFO - Using connection ID '***' for task execution.
[2023-05-08T04:30:59.486+0000] {sql.py:375} INFO - Running statement: INSERT INTO artist_dim (artist_name,artist_id,genre) VALUES (%s,%s,%s) ON CONFLICT (artist_id) DO UPDATE SET artist_name=EXCLUDED.artist_name,artist_id=EXCLUDED.artist_id,genre=EXCLUDED.genre, parameters: ('Max Wells', '0Kx7qYhFiv0YD5lxEG1nsz', nan)
[2023-05-08T04:30:59.488+0000] {sql.py:384} INFO - Rows affected: 1
[2023-05-08T04:30:59.494+0000] {base.py:73} INFO - Using connection ID '***' for task execution.
[2023-05-08T04:30:59.501+0000] {sql.py:375} INFO - Running statement: INSERT INTO artist_dim (artist_name,artist_id,genre) VALUES (%s,%s,%s) ON CONFLICT (artist_id) DO UPDATE SET artist_name=EXCLUDED.artist_name,artist_id=EXCLUDED.artist_id,genre=EXCLUDED.genre, parameters: ('Gomey', '5ibWbhA0IkPT3xCN0YicRL', nan)
[2023-05-08T04:30:59.503+0000] {sql.py:384} INFO - Rows affected: 1
[2023-05-08T04:30:59.510+0000] {base.py:73} INFO - Using connection ID '***' for task execution.
[2023-05-08T04:30:59.516+0000] {sql.py:375} INFO - Running statement: INSERT INTO artist_dim (artist_name,artist_id,genre) VALUES (%s,%s,%s) ON CONFLICT (artist_id) DO UPDATE SET artist_name=EXCLUDED.artist_name,artist_id=EXCLUDED.artist_id,genre=EXCLUDED.genre, parameters: ('Christian French', '7naAJDAh7AZnf18YYfQruM', 'alt z')
[2023-05-08T04:30:59.518+0000] {sql.py:384} INFO - Rows affected: 1
[2023-05-08T04:30:59.524+0000] {base.py:73} INFO - Using connection ID '***' for task execution.
[2023-05-08T04:30:59.532+0000] {sql.py:375} INFO - Running statement: INSERT INTO artist_dim (artist_name,artist_id,genre) VALUES (%s,%s,%s) ON CONFLICT (artist_id) DO UPDATE SET artist_name=EXCLUDED.artist_name,artist_id=EXCLUDED.artist_id,genre=EXCLUDED.genre, parameters: ('tsubi club', '6fHEaFnFgMxMAtDt7mFoQ3', 'hyperpop')
[2023-05-08T04:30:59.535+0000] {sql.py:384} INFO - Rows affected: 1
[2023-05-08T04:30:59.541+0000] {base.py:73} INFO - Using connection ID '***' for task execution.
[2023-05-08T04:30:59.547+0000] {sql.py:375} INFO - Running statement: INSERT INTO artist_dim (artist_name,artist_id,genre) VALUES (%s,%s,%s) ON CONFLICT (artist_id) DO UPDATE SET artist_name=EXCLUDED.artist_name,artist_id=EXCLUDED.artist_id,genre=EXCLUDED.genre, parameters: ('Vwillz', '0S7eN9KAsbAaIZtFyCn1q1', nan)
[2023-05-08T04:30:59.548+0000] {sql.py:384} INFO - Rows affected: 1
[2023-05-08T04:30:59.555+0000] {base.py:73} INFO - Using connection ID '***' for task execution.
[2023-05-08T04:30:59.563+0000] {sql.py:375} INFO - Running statement: INSERT INTO artist_dim (artist_name,artist_id,genre) VALUES (%s,%s,%s) ON CONFLICT (artist_id) DO UPDATE SET artist_name=EXCLUDED.artist_name,artist_id=EXCLUDED.artist_id,genre=EXCLUDED.genre, parameters: ('Kevin Powers', '4X8TR9pBFyewFlIDYt1o2s', nan)
[2023-05-08T04:30:59.565+0000] {sql.py:384} INFO - Rows affected: 1
[2023-05-08T04:30:59.571+0000] {base.py:73} INFO - Using connection ID '***' for task execution.
[2023-05-08T04:30:59.578+0000] {sql.py:375} INFO - Running statement: INSERT INTO artist_dim (artist_name,artist_id,genre) VALUES (%s,%s,%s) ON CONFLICT (artist_id) DO UPDATE SET artist_name=EXCLUDED.artist_name,artist_id=EXCLUDED.artist_id,genre=EXCLUDED.genre, parameters: ('Brennan', '5UrcghjIlj83Jf7QjZfBhZ', nan)
[2023-05-08T04:30:59.580+0000] {sql.py:384} INFO - Rows affected: 1
[2023-05-08T04:30:59.587+0000] {base.py:73} INFO - Using connection ID '***' for task execution.
[2023-05-08T04:30:59.593+0000] {sql.py:375} INFO - Running statement: INSERT INTO artist_dim (artist_name,artist_id,genre) VALUES (%s,%s,%s) ON CONFLICT (artist_id) DO UPDATE SET artist_name=EXCLUDED.artist_name,artist_id=EXCLUDED.artist_id,genre=EXCLUDED.genre, parameters: ('Rawska', '3pob90yrusjcbgSYFKaeAk', 'cloud rap')
[2023-05-08T04:30:59.595+0000] {sql.py:384} INFO - Rows affected: 1
[2023-05-08T04:30:59.601+0000] {base.py:73} INFO - Using connection ID '***' for task execution.
[2023-05-08T04:30:59.608+0000] {sql.py:375} INFO - Running statement: INSERT INTO artist_dim (artist_name,artist_id,genre) VALUES (%s,%s,%s) ON CONFLICT (artist_id) DO UPDATE SET artist_name=EXCLUDED.artist_name,artist_id=EXCLUDED.artist_id,genre=EXCLUDED.genre, parameters: ('Ghostrage', '7BoBxrm9jJ7us6U92oqr4N', nan)
[2023-05-08T04:30:59.609+0000] {sql.py:384} INFO - Rows affected: 1
[2023-05-08T04:30:59.615+0000] {base.py:73} INFO - Using connection ID '***' for task execution.
[2023-05-08T04:30:59.621+0000] {sql.py:375} INFO - Running statement: INSERT INTO artist_dim (artist_name,artist_id,genre) VALUES (%s,%s,%s) ON CONFLICT (artist_id) DO UPDATE SET artist_name=EXCLUDED.artist_name,artist_id=EXCLUDED.artist_id,genre=EXCLUDED.genre, parameters: ('Cold Hart', '1fsCfvdiomqjKJFR6xI8e4', 'cloud rap')
[2023-05-08T04:30:59.623+0000] {sql.py:384} INFO - Rows affected: 1
[2023-05-08T04:30:59.628+0000] {base.py:73} INFO - Using connection ID '***' for task execution.
[2023-05-08T04:30:59.635+0000] {sql.py:375} INFO - Running statement: INSERT INTO artist_dim (artist_name,artist_id,genre) VALUES (%s,%s,%s) ON CONFLICT (artist_id) DO UPDATE SET artist_name=EXCLUDED.artist_name,artist_id=EXCLUDED.artist_id,genre=EXCLUDED.genre, parameters: ('Hovey Benjamin', '7wSr4otUV4ytUvHE4w3rBe', 'meme rap')
[2023-05-08T04:30:59.636+0000] {sql.py:384} INFO - Rows affected: 1
[2023-05-08T04:30:59.642+0000] {base.py:73} INFO - Using connection ID '***' for task execution.
[2023-05-08T04:30:59.648+0000] {sql.py:375} INFO - Running statement: INSERT INTO artist_dim (artist_name,artist_id,genre) VALUES (%s,%s,%s) ON CONFLICT (artist_id) DO UPDATE SET artist_name=EXCLUDED.artist_name,artist_id=EXCLUDED.artist_id,genre=EXCLUDED.genre, parameters: ('Yung Pinch', '61qMnYXa1GxSBoV3IiYKjZ', 'melodic rap')
[2023-05-08T04:30:59.650+0000] {sql.py:384} INFO - Rows affected: 1
[2023-05-08T04:30:59.656+0000] {base.py:73} INFO - Using connection ID '***' for task execution.
[2023-05-08T04:30:59.662+0000] {sql.py:375} INFO - Running statement: INSERT INTO artist_dim (artist_name,artist_id,genre) VALUES (%s,%s,%s) ON CONFLICT (artist_id) DO UPDATE SET artist_name=EXCLUDED.artist_name,artist_id=EXCLUDED.artist_id,genre=EXCLUDED.genre, parameters: ('underscores', '7HfUJxeVTgrvhk0eWHFzV7', 'hyperpop')
[2023-05-08T04:30:59.664+0000] {sql.py:384} INFO - Rows affected: 1
[2023-05-08T04:30:59.670+0000] {base.py:73} INFO - Using connection ID '***' for task execution.
[2023-05-08T04:30:59.676+0000] {sql.py:375} INFO - Running statement: INSERT INTO artist_dim (artist_name,artist_id,genre) VALUES (%s,%s,%s) ON CONFLICT (artist_id) DO UPDATE SET artist_name=EXCLUDED.artist_name,artist_id=EXCLUDED.artist_id,genre=EXCLUDED.genre, parameters: ('MASN', '4HAfqyKr4Sqtab6ttHWXgE', 'sad rap')
[2023-05-08T04:30:59.678+0000] {sql.py:384} INFO - Rows affected: 1
[2023-05-08T04:30:59.684+0000] {base.py:73} INFO - Using connection ID '***' for task execution.
[2023-05-08T04:30:59.690+0000] {sql.py:375} INFO - Running statement: INSERT INTO artist_dim (artist_name,artist_id,genre) VALUES (%s,%s,%s) ON CONFLICT (artist_id) DO UPDATE SET artist_name=EXCLUDED.artist_name,artist_id=EXCLUDED.artist_id,genre=EXCLUDED.genre, parameters: ('VIC MENSA', '27w1NoOLMX7tJMYqcetPyG', 'canadian hip hop')
[2023-05-08T04:30:59.692+0000] {sql.py:384} INFO - Rows affected: 1
[2023-05-08T04:30:59.698+0000] {base.py:73} INFO - Using connection ID '***' for task execution.
[2023-05-08T04:30:59.706+0000] {sql.py:375} INFO - Running statement: INSERT INTO artist_dim (artist_name,artist_id,genre) VALUES (%s,%s,%s) ON CONFLICT (artist_id) DO UPDATE SET artist_name=EXCLUDED.artist_name,artist_id=EXCLUDED.artist_id,genre=EXCLUDED.genre, parameters: ('mike.', '5G9kmDLg3OeUyj8KVBLzbu', 'indie pop rap')
[2023-05-08T04:30:59.708+0000] {sql.py:384} INFO - Rows affected: 1
[2023-05-08T04:30:59.714+0000] {base.py:73} INFO - Using connection ID '***' for task execution.
[2023-05-08T04:30:59.721+0000] {sql.py:375} INFO - Running statement: INSERT INTO artist_dim (artist_name,artist_id,genre) VALUES (%s,%s,%s) ON CONFLICT (artist_id) DO UPDATE SET artist_name=EXCLUDED.artist_name,artist_id=EXCLUDED.artist_id,genre=EXCLUDED.genre, parameters: ('POORSTACY', '7vSY9HEreOqb1Llar3UC38', 'emo rap')
[2023-05-08T04:30:59.722+0000] {sql.py:384} INFO - Rows affected: 1
[2023-05-08T04:30:59.728+0000] {base.py:73} INFO - Using connection ID '***' for task execution.
[2023-05-08T04:30:59.734+0000] {sql.py:375} INFO - Running statement: INSERT INTO artist_dim (artist_name,artist_id,genre) VALUES (%s,%s,%s) ON CONFLICT (artist_id) DO UPDATE SET artist_name=EXCLUDED.artist_name,artist_id=EXCLUDED.artist_id,genre=EXCLUDED.genre, parameters: ('han.irl <3', '5VfSeZYcDwD8WQVwbaoL6z', nan)
[2023-05-08T04:30:59.736+0000] {sql.py:384} INFO - Rows affected: 1
[2023-05-08T04:30:59.743+0000] {base.py:73} INFO - Using connection ID '***' for task execution.
[2023-05-08T04:30:59.752+0000] {sql.py:375} INFO - Running statement: INSERT INTO artist_dim (artist_name,artist_id,genre) VALUES (%s,%s,%s) ON CONFLICT (artist_id) DO UPDATE SET artist_name=EXCLUDED.artist_name,artist_id=EXCLUDED.artist_id,genre=EXCLUDED.genre, parameters: ('login', '5JZPSVFMUk4HGDdx68lN77', 'hyperpop')
[2023-05-08T04:30:59.754+0000] {sql.py:384} INFO - Rows affected: 1
[2023-05-08T04:30:59.760+0000] {base.py:73} INFO - Using connection ID '***' for task execution.
[2023-05-08T04:30:59.767+0000] {sql.py:375} INFO - Running statement: INSERT INTO artist_dim (artist_name,artist_id,genre) VALUES (%s,%s,%s) ON CONFLICT (artist_id) DO UPDATE SET artist_name=EXCLUDED.artist_name,artist_id=EXCLUDED.artist_id,genre=EXCLUDED.genre, parameters: ('静的 Static', '6rEjEIfp3NSRteU3kJGSET', 'emo rap')
[2023-05-08T04:30:59.769+0000] {sql.py:384} INFO - Rows affected: 1
[2023-05-08T04:30:59.774+0000] {base.py:73} INFO - Using connection ID '***' for task execution.
[2023-05-08T04:30:59.782+0000] {sql.py:375} INFO - Running statement: INSERT INTO artist_dim (artist_name,artist_id,genre) VALUES (%s,%s,%s) ON CONFLICT (artist_id) DO UPDATE SET artist_name=EXCLUDED.artist_name,artist_id=EXCLUDED.artist_id,genre=EXCLUDED.genre, parameters: ('Rich Brian', '2IDLDx25HU1nQMKde4n61a', 'indonesian hip hop')
[2023-05-08T04:30:59.783+0000] {sql.py:384} INFO - Rows affected: 1
[2023-05-08T04:30:59.789+0000] {base.py:73} INFO - Using connection ID '***' for task execution.
[2023-05-08T04:30:59.796+0000] {sql.py:375} INFO - Running statement: INSERT INTO artist_dim (artist_name,artist_id,genre) VALUES (%s,%s,%s) ON CONFLICT (artist_id) DO UPDATE SET artist_name=EXCLUDED.artist_name,artist_id=EXCLUDED.artist_id,genre=EXCLUDED.genre, parameters: ('88rising', '1AhjOkOLkbHUfcHDSErXQs', 'asian american hip hop')
[2023-05-08T04:30:59.797+0000] {sql.py:384} INFO - Rows affected: 1
[2023-05-08T04:30:59.798+0000] {python.py:183} INFO - Done. Returned value was: None
[2023-05-08T04:30:59.806+0000] {taskinstance.py:1373} INFO - Marking task as SUCCESS. dag_id=Summer_Warped_ETL, task_id=LoadData.LoadArtistDim, execution_date=20230508T043018, start_date=20230508T043053, end_date=20230508T043059
[2023-05-08T04:30:59.854+0000] {local_task_job_runner.py:232} INFO - Task exited with return code 0
[2023-05-08T04:30:59.873+0000] {taskinstance.py:2674} INFO - 1 downstream tasks scheduled from follow-on schedule check
