[2023-05-08T16:25:03.973+0000] {taskinstance.py:1125} INFO - Dependencies all met for dep_context=non-requeueable deps ti=<TaskInstance: Summer_Warped_ETL.GetArtistInfo manual__2023-05-08T16:24:57.501863+00:00 [queued]>
[2023-05-08T16:25:03.986+0000] {taskinstance.py:1125} INFO - Dependencies all met for dep_context=requeueable deps ti=<TaskInstance: Summer_Warped_ETL.GetArtistInfo manual__2023-05-08T16:24:57.501863+00:00 [queued]>
[2023-05-08T16:25:03.986+0000] {taskinstance.py:1331} INFO - Starting attempt 1 of 3
[2023-05-08T16:25:03.998+0000] {taskinstance.py:1350} INFO - Executing <Task(PythonOperator): GetArtistInfo> on 2023-05-08 16:24:57.501863+00:00
[2023-05-08T16:25:04.003+0000] {standard_task_runner.py:57} INFO - Started process 1228 to run task
[2023-05-08T16:25:04.011+0000] {standard_task_runner.py:84} INFO - Running: ['***', 'tasks', 'run', 'Summer_Warped_ETL', 'GetArtistInfo', 'manual__2023-05-08T16:24:57.501863+00:00', '--job-id', '2499', '--raw', '--subdir', 'DAGS_FOLDER/warped-dag.py', '--cfg-path', '/tmp/tmpjabezapz']
[2023-05-08T16:25:04.012+0000] {standard_task_runner.py:85} INFO - Job 2499: Subtask GetArtistInfo
[2023-05-08T16:25:04.079+0000] {task_command.py:410} INFO - Running <TaskInstance: Summer_Warped_ETL.GetArtistInfo manual__2023-05-08T16:24:57.501863+00:00 [running]> on host 7b4753e133cb
[2023-05-08T16:25:04.161+0000] {taskinstance.py:1570} INFO - Exporting env vars: AIRFLOW_CTX_DAG_OWNER='Ananta Moharana' AIRFLOW_CTX_DAG_ID='Summer_Warped_ETL' AIRFLOW_CTX_TASK_ID='GetArtistInfo' AIRFLOW_CTX_EXECUTION_DATE='2023-05-08T16:24:57.501863+00:00' AIRFLOW_CTX_TRY_NUMBER='1' AIRFLOW_CTX_DAG_RUN_ID='manual__2023-05-08T16:24:57.501863+00:00'
[2023-05-08T16:25:04.440+0000] {logging_mixin.py:149} INFO - emo rap
[2023-05-08T16:25:04.535+0000] {logging_mixin.py:149} INFO - cloud rap
[2023-05-08T16:25:04.784+0000] {logging_mixin.py:149} INFO - hyperpop
[2023-05-08T16:25:04.893+0000] {logging_mixin.py:149} INFO - nyc rap
[2023-05-08T16:25:05.502+0000] {logging_mixin.py:149} INFO - upstate ny rap
[2023-05-08T16:25:05.617+0000] {logging_mixin.py:149} INFO - emo rap
[2023-05-08T16:25:05.724+0000] {logging_mixin.py:149} INFO - emo rap
[2023-05-08T16:25:05.824+0000] {logging_mixin.py:149} INFO - hyperpop
[2023-05-08T16:25:06.067+0000] {logging_mixin.py:149} INFO - glitchcore
[2023-05-08T16:25:06.281+0000] {logging_mixin.py:149} INFO - aesthetic rap
[2023-05-08T16:25:06.386+0000] {logging_mixin.py:149} INFO - glitchcore
[2023-05-08T16:25:06.570+0000] {logging_mixin.py:149} INFO - indie pop rap
[2023-05-08T16:25:06.872+0000] {logging_mixin.py:149} INFO - canadian hip hop
[2023-05-08T16:25:07.074+0000] {logging_mixin.py:149} INFO - glitchcore
[2023-05-08T16:25:07.176+0000] {logging_mixin.py:149} INFO - underground hip hop
[2023-05-08T16:25:07.282+0000] {logging_mixin.py:149} INFO - glitchcore
[2023-05-08T16:25:07.392+0000] {logging_mixin.py:149} INFO - asian american hip hop
[2023-05-08T16:25:07.502+0000] {logging_mixin.py:149} INFO - canadian hip hop
[2023-05-08T16:25:07.990+0000] {logging_mixin.py:149} INFO - emo rap
[2023-05-08T16:25:08.097+0000] {logging_mixin.py:149} INFO - sad rap
[2023-05-08T16:25:08.203+0000] {logging_mixin.py:149} INFO - meme rap
[2023-05-08T16:25:08.355+0000] {logging_mixin.py:149} INFO - cloud rap
[2023-05-08T16:25:08.452+0000] {logging_mixin.py:149} INFO - emoplugg
[2023-05-08T16:25:08.568+0000] {logging_mixin.py:149} INFO - alt z
[2023-05-08T16:25:08.849+0000] {logging_mixin.py:149} INFO - cloud rap
[2023-05-08T16:25:09.076+0000] {logging_mixin.py:149} INFO - emo rap
[2023-05-08T16:25:09.290+0000] {logging_mixin.py:149} INFO - canadian contemporary r&b
[2023-05-08T16:25:09.398+0000] {logging_mixin.py:149} INFO - bedroom soul
[2023-05-08T16:25:09.510+0000] {logging_mixin.py:149} INFO - la pop
[2023-05-08T16:25:09.878+0000] {logging_mixin.py:149} INFO - indie pop rap
[2023-05-08T16:25:09.983+0000] {logging_mixin.py:149} INFO - lo-fi rap
[2023-05-08T16:25:10.181+0000] {logging_mixin.py:149} INFO - pop edm
[2023-05-08T16:25:10.283+0000] {logging_mixin.py:149} INFO - indie hip hop
[2023-05-08T16:25:10.588+0000] {logging_mixin.py:149} INFO - emo rap
[2023-05-08T16:25:11.028+0000] {logging_mixin.py:149} INFO - cali rap
[2023-05-08T16:25:11.132+0000] {logging_mixin.py:149} INFO - hyperpop
[2023-05-08T16:25:11.317+0000] {logging_mixin.py:149} INFO - hyperpop
[2023-05-08T16:25:11.482+0000] {logging_mixin.py:149} INFO - pittsburgh rap
[2023-05-08T16:25:11.686+0000] {logging_mixin.py:149} INFO - cloud rap
[2023-05-08T16:25:12.182+0000] {logging_mixin.py:149} INFO - cloud rap
[2023-05-08T16:25:12.346+0000] {logging_mixin.py:149} INFO - alt z
[2023-05-08T16:25:12.700+0000] {logging_mixin.py:149} INFO - cloud rap
[2023-05-08T16:25:12.883+0000] {logging_mixin.py:149} INFO - future bass
[2023-05-08T16:25:12.990+0000] {logging_mixin.py:149} INFO - cloud rap
[2023-05-08T16:25:13.095+0000] {logging_mixin.py:149} INFO - cloud rap
[2023-05-08T16:25:13.408+0000] {logging_mixin.py:149} INFO - st louis rap
[2023-05-08T16:25:13.549+0000] {logging_mixin.py:149} INFO - melodic rap
[2023-05-08T16:25:13.645+0000] {logging_mixin.py:149} INFO - emo rap
[2023-05-08T16:25:13.744+0000] {logging_mixin.py:149} INFO - canadian contemporary r&b
[2023-05-08T16:25:13.850+0000] {logging_mixin.py:149} INFO - sad rap
[2023-05-08T16:25:13.939+0000] {logging_mixin.py:149} INFO - hyperpop
[2023-05-08T16:25:14.080+0000] {logging_mixin.py:149} INFO - aesthetic rap
[2023-05-08T16:25:14.220+0000] {logging_mixin.py:149} INFO - sad rap
[2023-05-08T16:25:14.324+0000] {logging_mixin.py:149} INFO - indonesian hip hop
[2023-05-08T16:25:14.412+0000] {logging_mixin.py:149} INFO - vapor trap
[2023-05-08T16:25:14.511+0000] {logging_mixin.py:149} INFO - indie pop rap
[2023-05-08T16:25:14.593+0000] {logging_mixin.py:149} INFO - cloud rap
[2023-05-08T16:25:14.821+0000] {logging_mixin.py:149} INFO - atl hip hop
[2023-05-08T16:25:14.839+0000] {python.py:183} INFO - Done. Returned value was: None
[2023-05-08T16:25:14.848+0000] {taskinstance.py:1373} INFO - Marking task as SUCCESS. dag_id=Summer_Warped_ETL, task_id=GetArtistInfo, execution_date=20230508T162457, start_date=20230508T162503, end_date=20230508T162514
[2023-05-08T16:25:14.906+0000] {local_task_job_runner.py:232} INFO - Task exited with return code 0
[2023-05-08T16:25:14.934+0000] {taskinstance.py:2674} INFO - 0 downstream tasks scheduled from follow-on schedule check
