[2023-05-09T19:39:48.876+0000] {taskinstance.py:1125} INFO - Dependencies all met for dep_context=non-requeueable deps ti=<TaskInstance: Summer_Warped_ETL.GetArtistInfo manual__2023-05-09T19:25:39.396890+00:00 [queued]>
[2023-05-09T19:39:48.882+0000] {taskinstance.py:1125} INFO - Dependencies all met for dep_context=requeueable deps ti=<TaskInstance: Summer_Warped_ETL.GetArtistInfo manual__2023-05-09T19:25:39.396890+00:00 [queued]>
[2023-05-09T19:39:48.883+0000] {taskinstance.py:1331} INFO - Starting attempt 2 of 4
[2023-05-09T19:39:48.892+0000] {taskinstance.py:1350} INFO - Executing <Task(PythonOperator): GetArtistInfo> on 2023-05-09 19:25:39.396890+00:00
[2023-05-09T19:39:48.898+0000] {standard_task_runner.py:57} INFO - Started process 1021 to run task
[2023-05-09T19:39:48.903+0000] {standard_task_runner.py:84} INFO - Running: ['***', 'tasks', 'run', 'Summer_Warped_ETL', 'GetArtistInfo', 'manual__2023-05-09T19:25:39.396890+00:00', '--job-id', '3070', '--raw', '--subdir', 'DAGS_FOLDER/warped-dag.py', '--cfg-path', '/tmp/tmpqbshgf43']
[2023-05-09T19:39:48.904+0000] {standard_task_runner.py:85} INFO - Job 3070: Subtask GetArtistInfo
[2023-05-09T19:39:48.983+0000] {task_command.py:410} INFO - Running <TaskInstance: Summer_Warped_ETL.GetArtistInfo manual__2023-05-09T19:25:39.396890+00:00 [running]> on host 4b5a01a6ab5f
[2023-05-09T19:39:49.095+0000] {taskinstance.py:1570} INFO - Exporting env vars: AIRFLOW_CTX_DAG_OWNER='Ananta Moharana' AIRFLOW_CTX_DAG_ID='Summer_Warped_ETL' AIRFLOW_CTX_TASK_ID='GetArtistInfo' AIRFLOW_CTX_EXECUTION_DATE='2023-05-09T19:25:39.396890+00:00' AIRFLOW_CTX_TRY_NUMBER='2' AIRFLOW_CTX_DAG_RUN_ID='manual__2023-05-09T19:25:39.396890+00:00'
[2023-05-09T19:39:49.242+0000] {logging_mixin.py:149} INFO - australian hip hop
[2023-05-09T19:39:49.501+0000] {logging_mixin.py:149} INFO - bedroom pop
[2023-05-09T19:39:49.605+0000] {logging_mixin.py:149} INFO - indie pop rap
[2023-05-09T19:39:49.697+0000] {logging_mixin.py:149} INFO - folk-pop
[2023-05-09T19:39:49.813+0000] {logging_mixin.py:149} INFO - candy pop
[2023-05-09T19:39:49.929+0000] {logging_mixin.py:149} INFO - atl hip hop
[2023-05-09T19:39:50.139+0000] {logging_mixin.py:149} INFO - pop
[2023-05-09T19:39:50.349+0000] {logging_mixin.py:149} INFO - nashville indie
[2023-05-09T19:39:50.471+0000] {logging_mixin.py:149} INFO - pop
[2023-05-09T19:39:50.657+0000] {logging_mixin.py:149} INFO - lo-fi indie
[2023-05-09T19:39:50.779+0000] {logging_mixin.py:149} INFO - alt z
[2023-05-09T19:39:50.902+0000] {logging_mixin.py:149} INFO - austindie
[2023-05-09T19:39:51.049+0000] {logging_mixin.py:149} INFO - dance pop
[2023-05-09T19:39:51.964+0000] {logging_mixin.py:149} INFO - danish pop
[2023-05-09T19:39:52.062+0000] {logging_mixin.py:149} INFO - indie pop
[2023-05-09T19:39:52.185+0000] {logging_mixin.py:149} INFO - la indie
[2023-05-09T19:39:52.294+0000] {logging_mixin.py:149} INFO - modern rock
[2023-05-09T19:39:52.417+0000] {logging_mixin.py:149} INFO - pop
[2023-05-09T19:39:52.520+0000] {logging_mixin.py:149} INFO - conscious hip hop
[2023-05-09T19:39:52.637+0000] {logging_mixin.py:149} INFO - piano rock
[2023-05-09T19:39:52.745+0000] {logging_mixin.py:149} INFO - german pop
[2023-05-09T19:39:52.848+0000] {logging_mixin.py:149} INFO - modern alternative rock
[2023-05-09T19:39:52.943+0000] {logging_mixin.py:149} INFO - lgbtq+ hip hop
[2023-05-09T19:39:53.077+0000] {logging_mixin.py:149} INFO - canadian hip hop
[2023-05-09T19:39:53.181+0000] {logging_mixin.py:149} INFO - canadian electronic
[2023-05-09T19:39:53.396+0000] {logging_mixin.py:149} INFO - pop
[2023-05-09T19:39:53.533+0000] {logging_mixin.py:149} INFO - australian dance
[2023-05-09T19:39:53.634+0000] {logging_mixin.py:149} INFO - escape room
[2023-05-09T19:39:53.739+0000] {logging_mixin.py:149} INFO - pov: indie
[2023-05-09T19:39:54.043+0000] {logging_mixin.py:149} INFO - electropop
[2023-05-09T19:39:54.151+0000] {logging_mixin.py:149} INFO - pov: indie
[2023-05-09T19:39:54.250+0000] {logging_mixin.py:149} INFO - australian indie
[2023-05-09T19:39:54.367+0000] {logging_mixin.py:149} INFO - detroit indie
[2023-05-09T19:39:54.469+0000] {logging_mixin.py:149} INFO - indie pop
[2023-05-09T19:39:54.570+0000] {logging_mixin.py:149} INFO - afroswing
[2023-05-09T19:39:54.678+0000] {logging_mixin.py:149} INFO - atl hip hop
[2023-05-09T19:39:54.781+0000] {logging_mixin.py:149} INFO - hip hop
[2023-05-09T19:39:54.987+0000] {logging_mixin.py:149} INFO - pop
[2023-05-09T19:39:55.095+0000] {logging_mixin.py:149} INFO - asian american hip hop
[2023-05-09T19:39:55.197+0000] {logging_mixin.py:149} INFO - alternative pop rock
[2023-05-09T19:39:55.663+0000] {logging_mixin.py:149} INFO - modern rock
[2023-05-09T19:39:55.765+0000] {logging_mixin.py:149} INFO - la indie
[2023-05-09T19:39:55.899+0000] {logging_mixin.py:149} INFO - alt z
[2023-05-09T19:39:56.004+0000] {logging_mixin.py:149} INFO - boy band
[2023-05-09T19:39:56.122+0000] {logging_mixin.py:149} INFO - dance pop
[2023-05-09T19:39:56.431+0000] {logging_mixin.py:149} INFO - reggae fusion
[2023-05-09T19:39:56.542+0000] {logging_mixin.py:149} INFO - dance pop
[2023-05-09T19:39:56.661+0000] {logging_mixin.py:149} INFO - indietronica
[2023-05-09T19:39:56.897+0000] {logging_mixin.py:149} INFO - pop
[2023-05-09T19:39:57.926+0000] {logging_mixin.py:149} INFO - edm
[2023-05-09T19:39:58.031+0000] {logging_mixin.py:149} INFO - modern indie pop
[2023-05-09T19:39:58.156+0000] {logging_mixin.py:149} INFO - art pop
[2023-05-09T19:39:58.264+0000] {logging_mixin.py:149} INFO - covertronica
[2023-05-09T19:39:58.600+0000] {logging_mixin.py:149} INFO - columbus ohio indie
[2023-05-09T19:39:58.703+0000] {logging_mixin.py:149} INFO - atl hip hop
[2023-05-09T19:39:58.808+0000] {logging_mixin.py:149} INFO - indie rock
[2023-05-09T19:39:59.177+0000] {logging_mixin.py:149} INFO - australian psych
[2023-05-09T19:39:59.302+0000] {logging_mixin.py:149} INFO - gauze pop
[2023-05-09T19:39:59.404+0000] {logging_mixin.py:149} INFO - hip hop
[2023-05-09T19:39:59.550+0000] {logging_mixin.py:149} INFO - big room
[2023-05-09T19:39:59.666+0000] {logging_mixin.py:149} INFO - dance pop
[2023-05-09T19:39:59.869+0000] {logging_mixin.py:149} INFO - breaks
[2023-05-09T19:40:00.110+0000] {logging_mixin.py:149} INFO - pop
[2023-05-09T19:40:00.599+0000] {logging_mixin.py:149} INFO - uk alternative hip hop
[2023-05-09T19:40:00.791+0000] {logging_mixin.py:149} INFO - bedroom soul
[2023-05-09T19:40:00.893+0000] {logging_mixin.py:149} INFO - house
[2023-05-09T19:40:01.001+0000] {logging_mixin.py:149} INFO - uk contemporary r&b
[2023-05-09T19:40:01.210+0000] {logging_mixin.py:149} INFO - pop
[2023-05-09T19:40:01.328+0000] {logging_mixin.py:149} INFO - bedroom pop
[2023-05-09T19:40:01.433+0000] {logging_mixin.py:149} INFO - industrial pop
[2023-05-09T19:40:01.550+0000] {logging_mixin.py:149} INFO - australian hip hop
[2023-05-09T19:40:01.762+0000] {logging_mixin.py:149} INFO - aussietronica
[2023-05-09T19:40:01.915+0000] {logging_mixin.py:149} INFO - dfw rap
[2023-05-09T19:40:02.009+0000] {logging_mixin.py:149} INFO - indie soul
[2023-05-09T19:40:02.027+0000] {python.py:183} INFO - Done. Returned value was: None
[2023-05-09T19:40:02.037+0000] {taskinstance.py:1373} INFO - Marking task as SUCCESS. dag_id=Summer_Warped_ETL, task_id=GetArtistInfo, execution_date=20230509T192539, start_date=20230509T193948, end_date=20230509T194002
[2023-05-09T19:40:02.078+0000] {local_task_job_runner.py:232} INFO - Task exited with return code 0
[2023-05-09T19:40:02.110+0000] {taskinstance.py:2674} INFO - 1 downstream tasks scheduled from follow-on schedule check
