[2023-05-09T19:25:45.739+0000] {taskinstance.py:1125} INFO - Dependencies all met for dep_context=non-requeueable deps ti=<TaskInstance: Summer_Warped_ETL.GetArtistInfo manual__2023-05-09T19:25:39.396890+00:00 [queued]>
[2023-05-09T19:25:45.750+0000] {taskinstance.py:1125} INFO - Dependencies all met for dep_context=requeueable deps ti=<TaskInstance: Summer_Warped_ETL.GetArtistInfo manual__2023-05-09T19:25:39.396890+00:00 [queued]>
[2023-05-09T19:25:45.750+0000] {taskinstance.py:1331} INFO - Starting attempt 1 of 3
[2023-05-09T19:25:45.771+0000] {taskinstance.py:1350} INFO - Executing <Task(PythonOperator): GetArtistInfo> on 2023-05-09 19:25:39.396890+00:00
[2023-05-09T19:25:45.778+0000] {standard_task_runner.py:57} INFO - Started process 632 to run task
[2023-05-09T19:25:45.786+0000] {standard_task_runner.py:84} INFO - Running: ['***', 'tasks', 'run', 'Summer_Warped_ETL', 'GetArtistInfo', 'manual__2023-05-09T19:25:39.396890+00:00', '--job-id', '3029', '--raw', '--subdir', 'DAGS_FOLDER/warped-dag.py', '--cfg-path', '/tmp/tmp2qzw1zt8']
[2023-05-09T19:25:45.787+0000] {standard_task_runner.py:85} INFO - Job 3029: Subtask GetArtistInfo
[2023-05-09T19:25:45.859+0000] {task_command.py:410} INFO - Running <TaskInstance: Summer_Warped_ETL.GetArtistInfo manual__2023-05-09T19:25:39.396890+00:00 [running]> on host 4b5a01a6ab5f
[2023-05-09T19:25:45.951+0000] {taskinstance.py:1570} INFO - Exporting env vars: AIRFLOW_CTX_DAG_OWNER='Ananta Moharana' AIRFLOW_CTX_DAG_ID='Summer_Warped_ETL' AIRFLOW_CTX_TASK_ID='GetArtistInfo' AIRFLOW_CTX_EXECUTION_DATE='2023-05-09T19:25:39.396890+00:00' AIRFLOW_CTX_TRY_NUMBER='1' AIRFLOW_CTX_DAG_RUN_ID='manual__2023-05-09T19:25:39.396890+00:00'
[2023-05-09T19:25:46.226+0000] {logging_mixin.py:149} INFO - australian hip hop
[2023-05-09T19:25:46.423+0000] {logging_mixin.py:149} INFO - la pop
[2023-05-09T19:25:46.515+0000] {logging_mixin.py:149} INFO - indie pop rap
[2023-05-09T19:25:46.644+0000] {logging_mixin.py:149} INFO - folk-pop
[2023-05-09T19:25:46.755+0000] {logging_mixin.py:149} INFO - candy pop
[2023-05-09T19:25:46.890+0000] {logging_mixin.py:149} INFO - atl hip hop
[2023-05-09T19:25:47.094+0000] {logging_mixin.py:149} INFO - pop
[2023-05-09T19:25:47.402+0000] {logging_mixin.py:149} INFO - pop
[2023-05-09T19:25:47.506+0000] {logging_mixin.py:149} INFO - electro
[2023-05-09T19:25:47.614+0000] {logging_mixin.py:149} INFO - conscious hip hop
[2023-05-09T19:25:47.714+0000] {logging_mixin.py:149} INFO - nashville indie
[2023-05-09T19:25:47.848+0000] {logging_mixin.py:149} INFO - bedroom pop
[2023-05-09T19:25:47.961+0000] {logging_mixin.py:149} INFO - pop
[2023-05-09T19:25:48.182+0000] {logging_mixin.py:149} INFO - alte
[2023-05-09T19:25:48.282+0000] {logging_mixin.py:149} INFO - ccm
[2023-05-09T19:25:48.381+0000] {logging_mixin.py:149} INFO - lo-fi indie
[2023-05-09T19:25:48.493+0000] {logging_mixin.py:149} INFO - alt z
[2023-05-09T19:25:48.592+0000] {logging_mixin.py:149} INFO - austindie
[2023-05-09T19:25:49.135+0000] {logging_mixin.py:149} INFO - danish pop
[2023-05-09T19:25:49.333+0000] {logging_mixin.py:149} INFO - indie pop
[2023-05-09T19:25:49.441+0000] {logging_mixin.py:149} INFO - modern rock
[2023-05-09T19:25:49.557+0000] {logging_mixin.py:149} INFO - pop
[2023-05-09T19:25:49.672+0000] {logging_mixin.py:149} INFO - alternative dance
[2023-05-09T19:25:49.788+0000] {logging_mixin.py:149} INFO - conscious hip hop
[2023-05-09T19:25:49.937+0000] {logging_mixin.py:149} INFO - piano rock
[2023-05-09T19:25:50.085+0000] {logging_mixin.py:149} INFO - german pop
[2023-05-09T19:25:50.181+0000] {logging_mixin.py:149} INFO - modern alternative rock
[2023-05-09T19:25:50.278+0000] {logging_mixin.py:149} INFO - lgbtq+ hip hop
[2023-05-09T19:25:50.437+0000] {logging_mixin.py:149} INFO - canadian hip hop
[2023-05-09T19:25:50.541+0000] {logging_mixin.py:149} INFO - canadian electronic
[2023-05-09T19:25:50.641+0000] {logging_mixin.py:149} INFO - edmonton indie
[2023-05-09T19:25:50.908+0000] {logging_mixin.py:149} INFO - australian dance
[2023-05-09T19:25:51.010+0000] {logging_mixin.py:149} INFO - escape room
[2023-05-09T19:25:51.112+0000] {logging_mixin.py:149} INFO - pov: indie
[2023-05-09T19:25:51.416+0000] {logging_mixin.py:149} INFO - disco house
[2023-05-09T19:25:51.521+0000] {logging_mixin.py:149} INFO - electropop
[2023-05-09T19:25:51.615+0000] {logging_mixin.py:149} INFO - pov: indie
[2023-05-09T19:25:51.751+0000] {logging_mixin.py:149} INFO - colombian pop
[2023-05-09T19:25:51.880+0000] {logging_mixin.py:149} INFO - australian indie
[2023-05-09T19:25:51.987+0000] {logging_mixin.py:149} INFO - detroit indie
[2023-05-09T19:25:52.106+0000] {logging_mixin.py:149} INFO - indie pop
[2023-05-09T19:25:52.311+0000] {logging_mixin.py:149} INFO - afroswing
[2023-05-09T19:25:52.424+0000] {logging_mixin.py:149} INFO - atl hip hop
[2023-05-09T19:25:52.542+0000] {logging_mixin.py:149} INFO - hip hop
[2023-05-09T19:25:52.756+0000] {logging_mixin.py:149} INFO - pop
[2023-05-09T19:25:52.869+0000] {logging_mixin.py:149} INFO - asian american hip hop
[2023-05-09T19:25:52.970+0000] {logging_mixin.py:149} INFO - alternative pop rock
[2023-05-09T19:25:53.075+0000] {logging_mixin.py:149} INFO - disco
[2023-05-09T19:25:53.511+0000] {logging_mixin.py:149} INFO - la indie
[2023-05-09T19:25:53.615+0000] {logging_mixin.py:149} INFO - alt z
[2023-05-09T19:25:53.722+0000] {logging_mixin.py:149} INFO - boy band
[2023-05-09T19:25:53.833+0000] {logging_mixin.py:149} INFO - dance pop
[2023-05-09T19:25:54.157+0000] {logging_mixin.py:149} INFO - reggae fusion
[2023-05-09T19:25:54.281+0000] {logging_mixin.py:149} INFO - dance pop
[2023-05-09T19:25:54.394+0000] {logging_mixin.py:149} INFO - dance pop
[2023-05-09T19:25:54.630+0000] {logging_mixin.py:149} INFO - indietronica
[2023-05-09T19:25:54.838+0000] {logging_mixin.py:149} INFO - scandipop
[2023-05-09T19:25:55.482+0000] {logging_mixin.py:149} INFO - edm
[2023-05-09T19:25:55.588+0000] {logging_mixin.py:149} INFO - modern indie pop
[2023-05-09T19:25:55.688+0000] {logging_mixin.py:149} INFO - covertronica
[2023-05-09T19:25:56.102+0000] {logging_mixin.py:149} INFO - pov: indie
[2023-05-09T19:25:56.221+0000] {logging_mixin.py:149} INFO - atl hip hop
[2023-05-09T19:25:56.320+0000] {logging_mixin.py:149} INFO - indie rock
[2023-05-09T19:25:56.546+0000] {logging_mixin.py:149} INFO - australian psych
[2023-05-09T19:25:56.654+0000] {logging_mixin.py:149} INFO - gauze pop
[2023-05-09T19:25:56.761+0000] {logging_mixin.py:149} INFO - hip hop
[2023-05-09T19:25:56.993+0000] {logging_mixin.py:149} INFO - dance pop
[2023-05-09T19:25:57.224+0000] {logging_mixin.py:149} INFO - breaks
[2023-05-09T19:25:57.551+0000] {logging_mixin.py:149} INFO - pop
[2023-05-09T19:25:57.951+0000] {logging_mixin.py:149} INFO - uk alternative hip hop
[2023-05-09T19:25:58.193+0000] {logging_mixin.py:149} INFO - bedroom soul
[2023-05-09T19:25:58.305+0000] {logging_mixin.py:149} INFO - house
[2023-05-09T19:25:58.405+0000] {logging_mixin.py:149} INFO - viral pop
[2023-05-09T19:25:58.529+0000] {logging_mixin.py:149} INFO - uk contemporary r&b
[2023-05-09T19:25:58.751+0000] {logging_mixin.py:149} INFO - pop
[2023-05-09T19:25:59.029+0000] {logging_mixin.py:149} INFO - glam rock
[2023-05-09T19:25:59.122+0000] {logging_mixin.py:149} INFO - bedroom pop
[2023-05-09T19:25:59.239+0000] {logging_mixin.py:149} INFO - industrial pop
[2023-05-09T19:25:59.354+0000] {logging_mixin.py:149} INFO - tropical house
[2023-05-09T19:25:59.461+0000] {logging_mixin.py:149} INFO - australian hip hop
[2023-05-09T19:25:59.728+0000] {logging_mixin.py:149} INFO - dfw rap
[2023-05-09T19:25:59.925+0000] {logging_mixin.py:149} INFO - indie soul
[2023-05-09T19:25:59.952+0000] {python.py:183} INFO - Done. Returned value was: None
[2023-05-09T19:25:59.963+0000] {taskinstance.py:1373} INFO - Marking task as SUCCESS. dag_id=Summer_Warped_ETL, task_id=GetArtistInfo, execution_date=20230509T192539, start_date=20230509T192545, end_date=20230509T192559
[2023-05-09T19:26:00.019+0000] {local_task_job_runner.py:232} INFO - Task exited with return code 0
[2023-05-09T19:26:00.049+0000] {taskinstance.py:2674} INFO - 1 downstream tasks scheduled from follow-on schedule check
