[2023-05-07T18:01:01.831+0000] {taskinstance.py:1125} INFO - Dependencies all met for dep_context=non-requeueable deps ti=<TaskInstance: Summer_Warped_ETL.GetSongsFromPlaylist manual__2023-05-07T17:53:46.666030+00:00 [queued]>
[2023-05-07T18:01:01.841+0000] {taskinstance.py:1125} INFO - Dependencies all met for dep_context=requeueable deps ti=<TaskInstance: Summer_Warped_ETL.GetSongsFromPlaylist manual__2023-05-07T17:53:46.666030+00:00 [queued]>
[2023-05-07T18:01:01.841+0000] {taskinstance.py:1331} INFO - Starting attempt 3 of 5
[2023-05-07T18:01:01.852+0000] {taskinstance.py:1350} INFO - Executing <Task(PythonOperator): GetSongsFromPlaylist> on 2023-05-07 17:53:46.666030+00:00
[2023-05-07T18:01:01.858+0000] {standard_task_runner.py:57} INFO - Started process 555 to run task
[2023-05-07T18:01:01.863+0000] {standard_task_runner.py:84} INFO - Running: ['***', 'tasks', 'run', 'Summer_Warped_ETL', 'GetSongsFromPlaylist', 'manual__2023-05-07T17:53:46.666030+00:00', '--job-id', '928', '--raw', '--subdir', 'DAGS_FOLDER/warped-dag.py', '--cfg-path', '/tmp/tmpx02xhpek']
[2023-05-07T18:01:01.863+0000] {standard_task_runner.py:85} INFO - Job 928: Subtask GetSongsFromPlaylist
[2023-05-07T18:01:01.903+0000] {task_command.py:410} INFO - Running <TaskInstance: Summer_Warped_ETL.GetSongsFromPlaylist manual__2023-05-07T17:53:46.666030+00:00 [running]> on host f67ce86ae01d
[2023-05-07T18:01:01.965+0000] {taskinstance.py:1570} INFO - Exporting env vars: AIRFLOW_CTX_DAG_OWNER='Ananta Moharana' AIRFLOW_CTX_DAG_ID='Summer_Warped_ETL' AIRFLOW_CTX_TASK_ID='GetSongsFromPlaylist' AIRFLOW_CTX_EXECUTION_DATE='2023-05-07T17:53:46.666030+00:00' AIRFLOW_CTX_TRY_NUMBER='3' AIRFLOW_CTX_DAG_RUN_ID='manual__2023-05-07T17:53:46.666030+00:00'
[2023-05-07T18:01:02.360+0000] {logging_mixin.py:149} INFO - 100
[2023-05-07T18:01:02.361+0000] {logging_mixin.py:149} INFO - 0
[2023-05-07T18:01:02.364+0000] {logging_mixin.py:149} INFO - 1
[2023-05-07T18:01:02.366+0000] {logging_mixin.py:149} INFO - 2
[2023-05-07T18:01:02.367+0000] {logging_mixin.py:149} INFO - 3
[2023-05-07T18:01:02.369+0000] {logging_mixin.py:149} INFO - 4
[2023-05-07T18:01:02.371+0000] {logging_mixin.py:149} INFO - 5
[2023-05-07T18:01:02.372+0000] {logging_mixin.py:149} INFO - 6
[2023-05-07T18:01:02.374+0000] {logging_mixin.py:149} INFO - 7
[2023-05-07T18:01:02.376+0000] {logging_mixin.py:149} INFO - 8
[2023-05-07T18:01:02.377+0000] {logging_mixin.py:149} INFO - 9
[2023-05-07T18:01:02.378+0000] {logging_mixin.py:149} INFO - 10
[2023-05-07T18:01:02.380+0000] {logging_mixin.py:149} INFO - 11
[2023-05-07T18:01:02.381+0000] {logging_mixin.py:149} INFO - 12
[2023-05-07T18:01:02.383+0000] {logging_mixin.py:149} INFO - 13
[2023-05-07T18:01:02.384+0000] {logging_mixin.py:149} INFO - 14
[2023-05-07T18:01:02.386+0000] {logging_mixin.py:149} INFO - 15
[2023-05-07T18:01:02.387+0000] {logging_mixin.py:149} INFO - 16
[2023-05-07T18:01:02.388+0000] {logging_mixin.py:149} INFO - 17
[2023-05-07T18:01:02.390+0000] {logging_mixin.py:149} INFO - 18
[2023-05-07T18:01:02.391+0000] {logging_mixin.py:149} INFO - 19
[2023-05-07T18:01:02.392+0000] {logging_mixin.py:149} INFO - 20
[2023-05-07T18:01:02.394+0000] {logging_mixin.py:149} INFO - 21
[2023-05-07T18:01:02.395+0000] {logging_mixin.py:149} INFO - 22
[2023-05-07T18:01:02.396+0000] {logging_mixin.py:149} INFO - 23
[2023-05-07T18:01:02.397+0000] {logging_mixin.py:149} INFO - 24
[2023-05-07T18:01:02.398+0000] {logging_mixin.py:149} INFO - 25
[2023-05-07T18:01:02.400+0000] {logging_mixin.py:149} INFO - 26
[2023-05-07T18:01:02.401+0000] {logging_mixin.py:149} INFO - 27
[2023-05-07T18:01:02.404+0000] {logging_mixin.py:149} INFO - 28
[2023-05-07T18:01:02.405+0000] {logging_mixin.py:149} INFO - 29
[2023-05-07T18:01:02.407+0000] {logging_mixin.py:149} INFO - 30
[2023-05-07T18:01:02.409+0000] {logging_mixin.py:149} INFO - 31
[2023-05-07T18:01:02.411+0000] {logging_mixin.py:149} INFO - 32
[2023-05-07T18:01:02.412+0000] {logging_mixin.py:149} INFO - 33
[2023-05-07T18:01:02.414+0000] {logging_mixin.py:149} INFO - 34
[2023-05-07T18:01:02.415+0000] {logging_mixin.py:149} INFO - 35
[2023-05-07T18:01:02.417+0000] {logging_mixin.py:149} INFO - 36
[2023-05-07T18:01:02.419+0000] {logging_mixin.py:149} INFO - 37
[2023-05-07T18:01:02.420+0000] {logging_mixin.py:149} INFO - 38
[2023-05-07T18:01:02.422+0000] {logging_mixin.py:149} INFO - 39
[2023-05-07T18:01:02.424+0000] {logging_mixin.py:149} INFO - 40
[2023-05-07T18:01:02.426+0000] {logging_mixin.py:149} INFO - 41
[2023-05-07T18:01:02.427+0000] {logging_mixin.py:149} INFO - 42
[2023-05-07T18:01:02.428+0000] {logging_mixin.py:149} INFO - 43
[2023-05-07T18:01:02.431+0000] {logging_mixin.py:149} INFO - 44
[2023-05-07T18:01:02.432+0000] {logging_mixin.py:149} INFO - 45
[2023-05-07T18:01:02.434+0000] {logging_mixin.py:149} INFO - 46
[2023-05-07T18:01:02.436+0000] {logging_mixin.py:149} INFO - 47
[2023-05-07T18:01:02.438+0000] {logging_mixin.py:149} INFO - 48
[2023-05-07T18:01:02.440+0000] {logging_mixin.py:149} INFO - 49
[2023-05-07T18:01:02.442+0000] {logging_mixin.py:149} INFO - 50
[2023-05-07T18:01:02.445+0000] {logging_mixin.py:149} INFO - 51
[2023-05-07T18:01:02.447+0000] {logging_mixin.py:149} INFO - 52
[2023-05-07T18:01:02.448+0000] {logging_mixin.py:149} INFO - 53
[2023-05-07T18:01:02.450+0000] {logging_mixin.py:149} INFO - 54
[2023-05-07T18:01:02.451+0000] {logging_mixin.py:149} INFO - 55
[2023-05-07T18:01:02.453+0000] {logging_mixin.py:149} INFO - 56
[2023-05-07T18:01:02.455+0000] {logging_mixin.py:149} INFO - 57
[2023-05-07T18:01:02.456+0000] {logging_mixin.py:149} INFO - 58
[2023-05-07T18:01:02.458+0000] {logging_mixin.py:149} INFO - 59
[2023-05-07T18:01:02.459+0000] {logging_mixin.py:149} INFO - 60
[2023-05-07T18:01:02.460+0000] {logging_mixin.py:149} INFO - 61
[2023-05-07T18:01:02.461+0000] {logging_mixin.py:149} INFO - 62
[2023-05-07T18:01:02.462+0000] {logging_mixin.py:149} INFO - 63
[2023-05-07T18:01:02.463+0000] {logging_mixin.py:149} INFO - 64
[2023-05-07T18:01:02.465+0000] {logging_mixin.py:149} INFO - 65
[2023-05-07T18:01:02.466+0000] {logging_mixin.py:149} INFO - 66
[2023-05-07T18:01:02.467+0000] {logging_mixin.py:149} INFO - 67
[2023-05-07T18:01:02.469+0000] {logging_mixin.py:149} INFO - 68
[2023-05-07T18:01:02.470+0000] {logging_mixin.py:149} INFO - 69
[2023-05-07T18:01:02.471+0000] {logging_mixin.py:149} INFO - 70
[2023-05-07T18:01:02.472+0000] {logging_mixin.py:149} INFO - 71
[2023-05-07T18:01:02.473+0000] {logging_mixin.py:149} INFO - 72
[2023-05-07T18:01:02.475+0000] {logging_mixin.py:149} INFO - 73
[2023-05-07T18:01:02.476+0000] {logging_mixin.py:149} INFO - 74
[2023-05-07T18:01:02.477+0000] {logging_mixin.py:149} INFO - 75
[2023-05-07T18:01:02.478+0000] {logging_mixin.py:149} INFO - 76
[2023-05-07T18:01:02.480+0000] {logging_mixin.py:149} INFO - 77
[2023-05-07T18:01:02.481+0000] {logging_mixin.py:149} INFO - 78
[2023-05-07T18:01:02.483+0000] {logging_mixin.py:149} INFO - 79
[2023-05-07T18:01:02.484+0000] {logging_mixin.py:149} INFO - 80
[2023-05-07T18:01:02.486+0000] {logging_mixin.py:149} INFO - 81
[2023-05-07T18:01:02.488+0000] {logging_mixin.py:149} INFO - 82
[2023-05-07T18:01:02.489+0000] {logging_mixin.py:149} INFO - 83
[2023-05-07T18:01:02.490+0000] {logging_mixin.py:149} INFO - 84
[2023-05-07T18:01:02.492+0000] {logging_mixin.py:149} INFO - 85
[2023-05-07T18:01:02.494+0000] {logging_mixin.py:149} INFO - 86
[2023-05-07T18:01:02.495+0000] {logging_mixin.py:149} INFO - 87
[2023-05-07T18:01:02.496+0000] {logging_mixin.py:149} INFO - 88
[2023-05-07T18:01:02.497+0000] {logging_mixin.py:149} INFO - 89
[2023-05-07T18:01:02.499+0000] {logging_mixin.py:149} INFO - 90
[2023-05-07T18:01:02.500+0000] {logging_mixin.py:149} INFO - 91
[2023-05-07T18:01:02.501+0000] {logging_mixin.py:149} INFO - 92
[2023-05-07T18:01:02.503+0000] {logging_mixin.py:149} INFO - 93
[2023-05-07T18:01:02.505+0000] {logging_mixin.py:149} INFO - 94
[2023-05-07T18:01:02.508+0000] {logging_mixin.py:149} INFO - 95
[2023-05-07T18:01:02.509+0000] {logging_mixin.py:149} INFO - 96
[2023-05-07T18:01:02.510+0000] {logging_mixin.py:149} INFO - 97
[2023-05-07T18:01:02.511+0000] {logging_mixin.py:149} INFO - 98
[2023-05-07T18:01:02.512+0000] {logging_mixin.py:149} INFO - 99
[2023-05-07T18:01:02.528+0000] {python.py:183} INFO - Done. Returned value was: None
[2023-05-07T18:01:02.537+0000] {taskinstance.py:1373} INFO - Marking task as SUCCESS. dag_id=Summer_Warped_ETL, task_id=GetSongsFromPlaylist, execution_date=20230507T175346, start_date=20230507T180101, end_date=20230507T180102
[2023-05-07T18:01:02.557+0000] {local_task_job_runner.py:232} INFO - Task exited with return code 0
[2023-05-07T18:01:02.579+0000] {taskinstance.py:2674} INFO - 2 downstream tasks scheduled from follow-on schedule check
