[2023-05-07T17:53:51.359+0000] {taskinstance.py:1125} INFO - Dependencies all met for dep_context=non-requeueable deps ti=<TaskInstance: Summer_Warped_ETL.GetSongsFromPlaylist manual__2023-05-07T17:53:46.666030+00:00 [queued]>
[2023-05-07T17:53:51.364+0000] {taskinstance.py:1125} INFO - Dependencies all met for dep_context=requeueable deps ti=<TaskInstance: Summer_Warped_ETL.GetSongsFromPlaylist manual__2023-05-07T17:53:46.666030+00:00 [queued]>
[2023-05-07T17:53:51.365+0000] {taskinstance.py:1331} INFO - Starting attempt 1 of 3
[2023-05-07T17:53:51.372+0000] {taskinstance.py:1350} INFO - Executing <Task(PythonOperator): GetSongsFromPlaylist> on 2023-05-07 17:53:46.666030+00:00
[2023-05-07T17:53:51.376+0000] {standard_task_runner.py:57} INFO - Started process 349 to run task
[2023-05-07T17:53:51.381+0000] {standard_task_runner.py:84} INFO - Running: ['***', 'tasks', 'run', 'Summer_Warped_ETL', 'GetSongsFromPlaylist', 'manual__2023-05-07T17:53:46.666030+00:00', '--job-id', '909', '--raw', '--subdir', 'DAGS_FOLDER/warped-dag.py', '--cfg-path', '/tmp/tmp3e86qoxa']
[2023-05-07T17:53:51.382+0000] {standard_task_runner.py:85} INFO - Job 909: Subtask GetSongsFromPlaylist
[2023-05-07T17:53:51.418+0000] {task_command.py:410} INFO - Running <TaskInstance: Summer_Warped_ETL.GetSongsFromPlaylist manual__2023-05-07T17:53:46.666030+00:00 [running]> on host f67ce86ae01d
[2023-05-07T17:53:51.474+0000] {taskinstance.py:1570} INFO - Exporting env vars: AIRFLOW_CTX_DAG_OWNER='Ananta Moharana' AIRFLOW_CTX_DAG_ID='Summer_Warped_ETL' AIRFLOW_CTX_TASK_ID='GetSongsFromPlaylist' AIRFLOW_CTX_EXECUTION_DATE='2023-05-07T17:53:46.666030+00:00' AIRFLOW_CTX_TRY_NUMBER='1' AIRFLOW_CTX_DAG_RUN_ID='manual__2023-05-07T17:53:46.666030+00:00'
[2023-05-07T17:53:51.965+0000] {logging_mixin.py:149} INFO - 100
[2023-05-07T17:53:51.966+0000] {logging_mixin.py:149} INFO - 0
[2023-05-07T17:53:51.971+0000] {logging_mixin.py:149} INFO - 1
[2023-05-07T17:53:51.974+0000] {logging_mixin.py:149} INFO - 2
[2023-05-07T17:53:51.976+0000] {logging_mixin.py:149} INFO - 3
[2023-05-07T17:53:51.978+0000] {logging_mixin.py:149} INFO - 4
[2023-05-07T17:53:51.980+0000] {logging_mixin.py:149} INFO - 5
[2023-05-07T17:53:51.982+0000] {logging_mixin.py:149} INFO - 6
[2023-05-07T17:53:51.984+0000] {logging_mixin.py:149} INFO - 7
[2023-05-07T17:53:51.986+0000] {logging_mixin.py:149} INFO - 8
[2023-05-07T17:53:51.988+0000] {logging_mixin.py:149} INFO - 9
[2023-05-07T17:53:51.989+0000] {logging_mixin.py:149} INFO - 10
[2023-05-07T17:53:51.992+0000] {logging_mixin.py:149} INFO - 11
[2023-05-07T17:53:51.996+0000] {logging_mixin.py:149} INFO - 12
[2023-05-07T17:53:51.997+0000] {logging_mixin.py:149} INFO - 13
[2023-05-07T17:53:51.999+0000] {logging_mixin.py:149} INFO - 14
[2023-05-07T17:53:52.000+0000] {logging_mixin.py:149} INFO - 15
[2023-05-07T17:53:52.002+0000] {logging_mixin.py:149} INFO - 16
[2023-05-07T17:53:52.003+0000] {logging_mixin.py:149} INFO - 17
[2023-05-07T17:53:52.005+0000] {logging_mixin.py:149} INFO - 18
[2023-05-07T17:53:52.006+0000] {logging_mixin.py:149} INFO - 19
[2023-05-07T17:53:52.008+0000] {logging_mixin.py:149} INFO - 20
[2023-05-07T17:53:52.009+0000] {logging_mixin.py:149} INFO - 21
[2023-05-07T17:53:52.010+0000] {logging_mixin.py:149} INFO - 22
[2023-05-07T17:53:52.011+0000] {logging_mixin.py:149} INFO - 23
[2023-05-07T17:53:52.012+0000] {logging_mixin.py:149} INFO - 24
[2023-05-07T17:53:52.013+0000] {logging_mixin.py:149} INFO - 25
[2023-05-07T17:53:52.014+0000] {logging_mixin.py:149} INFO - 26
[2023-05-07T17:53:52.015+0000] {logging_mixin.py:149} INFO - 27
[2023-05-07T17:53:52.018+0000] {logging_mixin.py:149} INFO - 28
[2023-05-07T17:53:52.019+0000] {logging_mixin.py:149} INFO - 29
[2023-05-07T17:53:52.020+0000] {logging_mixin.py:149} INFO - 30
[2023-05-07T17:53:52.021+0000] {logging_mixin.py:149} INFO - 31
[2023-05-07T17:53:52.022+0000] {logging_mixin.py:149} INFO - 32
[2023-05-07T17:53:52.023+0000] {logging_mixin.py:149} INFO - 33
[2023-05-07T17:53:52.024+0000] {logging_mixin.py:149} INFO - 34
[2023-05-07T17:53:52.025+0000] {logging_mixin.py:149} INFO - 35
[2023-05-07T17:53:52.027+0000] {logging_mixin.py:149} INFO - 36
[2023-05-07T17:53:52.029+0000] {logging_mixin.py:149} INFO - 37
[2023-05-07T17:53:52.030+0000] {logging_mixin.py:149} INFO - 38
[2023-05-07T17:53:52.031+0000] {logging_mixin.py:149} INFO - 39
[2023-05-07T17:53:52.032+0000] {logging_mixin.py:149} INFO - 40
[2023-05-07T17:53:52.034+0000] {logging_mixin.py:149} INFO - 41
[2023-05-07T17:53:52.035+0000] {logging_mixin.py:149} INFO - 42
[2023-05-07T17:53:52.036+0000] {logging_mixin.py:149} INFO - 43
[2023-05-07T17:53:52.037+0000] {logging_mixin.py:149} INFO - 44
[2023-05-07T17:53:52.038+0000] {logging_mixin.py:149} INFO - 45
[2023-05-07T17:53:52.039+0000] {logging_mixin.py:149} INFO - 46
[2023-05-07T17:53:52.041+0000] {logging_mixin.py:149} INFO - 47
[2023-05-07T17:53:52.042+0000] {logging_mixin.py:149} INFO - 48
[2023-05-07T17:53:52.043+0000] {logging_mixin.py:149} INFO - 49
[2023-05-07T17:53:52.045+0000] {logging_mixin.py:149} INFO - 50
[2023-05-07T17:53:52.046+0000] {logging_mixin.py:149} INFO - 51
[2023-05-07T17:53:52.047+0000] {logging_mixin.py:149} INFO - 52
[2023-05-07T17:53:52.048+0000] {logging_mixin.py:149} INFO - 53
[2023-05-07T17:53:52.049+0000] {logging_mixin.py:149} INFO - 54
[2023-05-07T17:53:52.050+0000] {logging_mixin.py:149} INFO - 55
[2023-05-07T17:53:52.051+0000] {logging_mixin.py:149} INFO - 56
[2023-05-07T17:53:52.052+0000] {logging_mixin.py:149} INFO - 57
[2023-05-07T17:53:52.053+0000] {logging_mixin.py:149} INFO - 58
[2023-05-07T17:53:52.055+0000] {logging_mixin.py:149} INFO - 59
[2023-05-07T17:53:52.056+0000] {logging_mixin.py:149} INFO - 60
[2023-05-07T17:53:52.057+0000] {logging_mixin.py:149} INFO - 61
[2023-05-07T17:53:52.058+0000] {logging_mixin.py:149} INFO - 62
[2023-05-07T17:53:52.059+0000] {logging_mixin.py:149} INFO - 63
[2023-05-07T17:53:52.061+0000] {logging_mixin.py:149} INFO - 64
[2023-05-07T17:53:52.062+0000] {logging_mixin.py:149} INFO - 65
[2023-05-07T17:53:52.063+0000] {logging_mixin.py:149} INFO - 66
[2023-05-07T17:53:52.065+0000] {logging_mixin.py:149} INFO - 67
[2023-05-07T17:53:52.066+0000] {logging_mixin.py:149} INFO - 68
[2023-05-07T17:53:52.067+0000] {logging_mixin.py:149} INFO - 69
[2023-05-07T17:53:52.068+0000] {logging_mixin.py:149} INFO - 70
[2023-05-07T17:53:52.070+0000] {logging_mixin.py:149} INFO - 71
[2023-05-07T17:53:52.071+0000] {logging_mixin.py:149} INFO - 72
[2023-05-07T17:53:52.072+0000] {logging_mixin.py:149} INFO - 73
[2023-05-07T17:53:52.074+0000] {logging_mixin.py:149} INFO - 74
[2023-05-07T17:53:52.075+0000] {logging_mixin.py:149} INFO - 75
[2023-05-07T17:53:52.076+0000] {logging_mixin.py:149} INFO - 76
[2023-05-07T17:53:52.077+0000] {logging_mixin.py:149} INFO - 77
[2023-05-07T17:53:52.079+0000] {logging_mixin.py:149} INFO - 78
[2023-05-07T17:53:52.080+0000] {logging_mixin.py:149} INFO - 79
[2023-05-07T17:53:52.081+0000] {logging_mixin.py:149} INFO - 80
[2023-05-07T17:53:52.083+0000] {logging_mixin.py:149} INFO - 81
[2023-05-07T17:53:52.085+0000] {logging_mixin.py:149} INFO - 82
[2023-05-07T17:53:52.086+0000] {logging_mixin.py:149} INFO - 83
[2023-05-07T17:53:52.088+0000] {logging_mixin.py:149} INFO - 84
[2023-05-07T17:53:52.090+0000] {logging_mixin.py:149} INFO - 85
[2023-05-07T17:53:52.092+0000] {logging_mixin.py:149} INFO - 86
[2023-05-07T17:53:52.093+0000] {logging_mixin.py:149} INFO - 87
[2023-05-07T17:53:52.094+0000] {logging_mixin.py:149} INFO - 88
[2023-05-07T17:53:52.095+0000] {logging_mixin.py:149} INFO - 89
[2023-05-07T17:53:52.097+0000] {logging_mixin.py:149} INFO - 90
[2023-05-07T17:53:52.098+0000] {logging_mixin.py:149} INFO - 91
[2023-05-07T17:53:52.099+0000] {logging_mixin.py:149} INFO - 92
[2023-05-07T17:53:52.101+0000] {logging_mixin.py:149} INFO - 93
[2023-05-07T17:53:52.103+0000] {logging_mixin.py:149} INFO - 94
[2023-05-07T17:53:52.106+0000] {logging_mixin.py:149} INFO - 95
[2023-05-07T17:53:52.107+0000] {logging_mixin.py:149} INFO - 96
[2023-05-07T17:53:52.108+0000] {logging_mixin.py:149} INFO - 97
[2023-05-07T17:53:52.109+0000] {logging_mixin.py:149} INFO - 98
[2023-05-07T17:53:52.110+0000] {logging_mixin.py:149} INFO - 99
[2023-05-07T17:53:52.126+0000] {python.py:183} INFO - Done. Returned value was: None
[2023-05-07T17:53:52.134+0000] {taskinstance.py:1373} INFO - Marking task as SUCCESS. dag_id=Summer_Warped_ETL, task_id=GetSongsFromPlaylist, execution_date=20230507T175346, start_date=20230507T175351, end_date=20230507T175352
[2023-05-07T17:53:52.165+0000] {local_task_job_runner.py:232} INFO - Task exited with return code 0
[2023-05-07T17:53:52.189+0000] {taskinstance.py:2674} INFO - 2 downstream tasks scheduled from follow-on schedule check
