[2023-05-07T00:17:57.667+0000] {taskinstance.py:1125} INFO - Dependencies all met for dep_context=non-requeueable deps ti=<TaskInstance: Summer_Warped_ETL.GetSongsFromPlaylist manual__2023-05-07T00:17:03.051244+00:00 [queued]>
[2023-05-07T00:17:57.672+0000] {taskinstance.py:1125} INFO - Dependencies all met for dep_context=requeueable deps ti=<TaskInstance: Summer_Warped_ETL.GetSongsFromPlaylist manual__2023-05-07T00:17:03.051244+00:00 [queued]>
[2023-05-07T00:17:57.673+0000] {taskinstance.py:1331} INFO - Starting attempt 2 of 4
[2023-05-07T00:17:57.680+0000] {taskinstance.py:1350} INFO - Executing <Task(PythonOperator): GetSongsFromPlaylist> on 2023-05-07 00:17:03.051244+00:00
[2023-05-07T00:17:57.685+0000] {standard_task_runner.py:57} INFO - Started process 166 to run task
[2023-05-07T00:17:57.690+0000] {standard_task_runner.py:84} INFO - Running: ['***', 'tasks', 'run', 'Summer_Warped_ETL', 'GetSongsFromPlaylist', 'manual__2023-05-07T00:17:03.051244+00:00', '--job-id', '716', '--raw', '--subdir', 'DAGS_FOLDER/warped-dag.py', '--cfg-path', '/tmp/tmpxahcys47']
[2023-05-07T00:17:57.691+0000] {standard_task_runner.py:85} INFO - Job 716: Subtask GetSongsFromPlaylist
[2023-05-07T00:17:57.730+0000] {task_command.py:410} INFO - Running <TaskInstance: Summer_Warped_ETL.GetSongsFromPlaylist manual__2023-05-07T00:17:03.051244+00:00 [running]> on host 61437508c2dd
[2023-05-07T00:17:57.785+0000] {taskinstance.py:1570} INFO - Exporting env vars: AIRFLOW_CTX_DAG_OWNER='Ananta Moharana' AIRFLOW_CTX_DAG_ID='Summer_Warped_ETL' AIRFLOW_CTX_TASK_ID='GetSongsFromPlaylist' AIRFLOW_CTX_EXECUTION_DATE='2023-05-07T00:17:03.051244+00:00' AIRFLOW_CTX_TRY_NUMBER='2' AIRFLOW_CTX_DAG_RUN_ID='manual__2023-05-07T00:17:03.051244+00:00'
[2023-05-07T00:17:58.145+0000] {logging_mixin.py:149} INFO - 100
[2023-05-07T00:17:58.146+0000] {logging_mixin.py:149} INFO - 0
[2023-05-07T00:17:58.148+0000] {logging_mixin.py:149} INFO - 1
[2023-05-07T00:17:58.152+0000] {logging_mixin.py:149} INFO - 2
[2023-05-07T00:17:58.153+0000] {logging_mixin.py:149} INFO - 3
[2023-05-07T00:17:58.154+0000] {logging_mixin.py:149} INFO - 4
[2023-05-07T00:17:58.156+0000] {logging_mixin.py:149} INFO - 5
[2023-05-07T00:17:58.157+0000] {logging_mixin.py:149} INFO - 6
[2023-05-07T00:17:58.159+0000] {logging_mixin.py:149} INFO - 7
[2023-05-07T00:17:58.161+0000] {logging_mixin.py:149} INFO - 8
[2023-05-07T00:17:58.162+0000] {logging_mixin.py:149} INFO - 9
[2023-05-07T00:17:58.163+0000] {logging_mixin.py:149} INFO - 10
[2023-05-07T00:17:58.165+0000] {logging_mixin.py:149} INFO - 11
[2023-05-07T00:17:58.166+0000] {logging_mixin.py:149} INFO - 12
[2023-05-07T00:17:58.167+0000] {logging_mixin.py:149} INFO - 13
[2023-05-07T00:17:58.169+0000] {logging_mixin.py:149} INFO - 14
[2023-05-07T00:17:58.170+0000] {logging_mixin.py:149} INFO - 15
[2023-05-07T00:17:58.171+0000] {logging_mixin.py:149} INFO - 16
[2023-05-07T00:17:58.173+0000] {logging_mixin.py:149} INFO - 17
[2023-05-07T00:17:58.174+0000] {logging_mixin.py:149} INFO - 18
[2023-05-07T00:17:58.175+0000] {logging_mixin.py:149} INFO - 19
[2023-05-07T00:17:58.177+0000] {logging_mixin.py:149} INFO - 20
[2023-05-07T00:17:58.178+0000] {logging_mixin.py:149} INFO - 21
[2023-05-07T00:17:58.179+0000] {logging_mixin.py:149} INFO - 22
[2023-05-07T00:17:58.180+0000] {logging_mixin.py:149} INFO - 23
[2023-05-07T00:17:58.181+0000] {logging_mixin.py:149} INFO - 24
[2023-05-07T00:17:58.183+0000] {logging_mixin.py:149} INFO - 25
[2023-05-07T00:17:58.184+0000] {logging_mixin.py:149} INFO - 26
[2023-05-07T00:17:58.185+0000] {logging_mixin.py:149} INFO - 27
[2023-05-07T00:17:58.188+0000] {logging_mixin.py:149} INFO - 28
[2023-05-07T00:17:58.189+0000] {logging_mixin.py:149} INFO - 29
[2023-05-07T00:17:58.190+0000] {logging_mixin.py:149} INFO - 30
[2023-05-07T00:17:58.192+0000] {logging_mixin.py:149} INFO - 31
[2023-05-07T00:17:58.193+0000] {logging_mixin.py:149} INFO - 32
[2023-05-07T00:17:58.194+0000] {logging_mixin.py:149} INFO - 33
[2023-05-07T00:17:58.195+0000] {logging_mixin.py:149} INFO - 34
[2023-05-07T00:17:58.196+0000] {logging_mixin.py:149} INFO - 35
[2023-05-07T00:17:58.198+0000] {logging_mixin.py:149} INFO - 36
[2023-05-07T00:17:58.200+0000] {logging_mixin.py:149} INFO - 37
[2023-05-07T00:17:58.202+0000] {logging_mixin.py:149} INFO - 38
[2023-05-07T00:17:58.203+0000] {logging_mixin.py:149} INFO - 39
[2023-05-07T00:17:58.205+0000] {logging_mixin.py:149} INFO - 40
[2023-05-07T00:17:58.207+0000] {logging_mixin.py:149} INFO - 41
[2023-05-07T00:17:58.209+0000] {logging_mixin.py:149} INFO - 42
[2023-05-07T00:17:58.210+0000] {logging_mixin.py:149} INFO - 43
[2023-05-07T00:17:58.211+0000] {logging_mixin.py:149} INFO - 44
[2023-05-07T00:17:58.212+0000] {logging_mixin.py:149} INFO - 45
[2023-05-07T00:17:58.214+0000] {logging_mixin.py:149} INFO - 46
[2023-05-07T00:17:58.215+0000] {logging_mixin.py:149} INFO - 47
[2023-05-07T00:17:58.217+0000] {logging_mixin.py:149} INFO - 48
[2023-05-07T00:17:58.218+0000] {logging_mixin.py:149} INFO - 49
[2023-05-07T00:17:58.219+0000] {logging_mixin.py:149} INFO - 50
[2023-05-07T00:17:58.221+0000] {logging_mixin.py:149} INFO - 51
[2023-05-07T00:17:58.222+0000] {logging_mixin.py:149} INFO - 52
[2023-05-07T00:17:58.223+0000] {logging_mixin.py:149} INFO - 53
[2023-05-07T00:17:58.224+0000] {logging_mixin.py:149} INFO - 54
[2023-05-07T00:17:58.225+0000] {logging_mixin.py:149} INFO - 55
[2023-05-07T00:17:58.227+0000] {logging_mixin.py:149} INFO - 56
[2023-05-07T00:17:58.228+0000] {logging_mixin.py:149} INFO - 57
[2023-05-07T00:17:58.229+0000] {logging_mixin.py:149} INFO - 58
[2023-05-07T00:17:58.231+0000] {logging_mixin.py:149} INFO - 59
[2023-05-07T00:17:58.232+0000] {logging_mixin.py:149} INFO - 60
[2023-05-07T00:17:58.233+0000] {logging_mixin.py:149} INFO - 61
[2023-05-07T00:17:58.234+0000] {logging_mixin.py:149} INFO - 62
[2023-05-07T00:17:58.236+0000] {logging_mixin.py:149} INFO - 63
[2023-05-07T00:17:58.237+0000] {logging_mixin.py:149} INFO - 64
[2023-05-07T00:17:58.238+0000] {logging_mixin.py:149} INFO - 65
[2023-05-07T00:17:58.239+0000] {logging_mixin.py:149} INFO - 66
[2023-05-07T00:17:58.241+0000] {logging_mixin.py:149} INFO - 67
[2023-05-07T00:17:58.242+0000] {logging_mixin.py:149} INFO - 68
[2023-05-07T00:17:58.243+0000] {logging_mixin.py:149} INFO - 69
[2023-05-07T00:17:58.244+0000] {logging_mixin.py:149} INFO - 70
[2023-05-07T00:17:58.246+0000] {logging_mixin.py:149} INFO - 71
[2023-05-07T00:17:58.247+0000] {logging_mixin.py:149} INFO - 72
[2023-05-07T00:17:58.249+0000] {logging_mixin.py:149} INFO - 73
[2023-05-07T00:17:58.250+0000] {logging_mixin.py:149} INFO - 74
[2023-05-07T00:17:58.251+0000] {logging_mixin.py:149} INFO - 75
[2023-05-07T00:17:58.253+0000] {logging_mixin.py:149} INFO - 76
[2023-05-07T00:17:58.254+0000] {logging_mixin.py:149} INFO - 77
[2023-05-07T00:17:58.255+0000] {logging_mixin.py:149} INFO - 78
[2023-05-07T00:17:58.257+0000] {logging_mixin.py:149} INFO - 79
[2023-05-07T00:17:58.258+0000] {logging_mixin.py:149} INFO - 80
[2023-05-07T00:17:58.260+0000] {logging_mixin.py:149} INFO - 81
[2023-05-07T00:17:58.261+0000] {logging_mixin.py:149} INFO - 82
[2023-05-07T00:17:58.262+0000] {logging_mixin.py:149} INFO - 83
[2023-05-07T00:17:58.264+0000] {logging_mixin.py:149} INFO - 84
[2023-05-07T00:17:58.266+0000] {logging_mixin.py:149} INFO - 85
[2023-05-07T00:17:58.268+0000] {logging_mixin.py:149} INFO - 86
[2023-05-07T00:17:58.269+0000] {logging_mixin.py:149} INFO - 87
[2023-05-07T00:17:58.270+0000] {logging_mixin.py:149} INFO - 88
[2023-05-07T00:17:58.272+0000] {logging_mixin.py:149} INFO - 89
[2023-05-07T00:17:58.274+0000] {logging_mixin.py:149} INFO - 90
[2023-05-07T00:17:58.275+0000] {logging_mixin.py:149} INFO - 91
[2023-05-07T00:17:58.276+0000] {logging_mixin.py:149} INFO - 92
[2023-05-07T00:17:58.278+0000] {logging_mixin.py:149} INFO - 93
[2023-05-07T00:17:58.281+0000] {logging_mixin.py:149} INFO - 94
[2023-05-07T00:17:58.283+0000] {logging_mixin.py:149} INFO - 95
[2023-05-07T00:17:58.284+0000] {logging_mixin.py:149} INFO - 96
[2023-05-07T00:17:58.285+0000] {logging_mixin.py:149} INFO - 97
[2023-05-07T00:17:58.286+0000] {logging_mixin.py:149} INFO - 98
[2023-05-07T00:17:58.287+0000] {logging_mixin.py:149} INFO - 99
[2023-05-07T00:17:58.301+0000] {python.py:183} INFO - Done. Returned value was: None
[2023-05-07T00:17:58.310+0000] {taskinstance.py:1373} INFO - Marking task as SUCCESS. dag_id=Summer_Warped_ETL, task_id=GetSongsFromPlaylist, execution_date=20230507T001703, start_date=20230507T001757, end_date=20230507T001758
[2023-05-07T00:17:58.345+0000] {local_task_job_runner.py:232} INFO - Task exited with return code 0
[2023-05-07T00:17:58.367+0000] {taskinstance.py:2674} INFO - 2 downstream tasks scheduled from follow-on schedule check
