[2023-05-07T22:31:10.272+0000] {taskinstance.py:1125} INFO - Dependencies all met for dep_context=non-requeueable deps ti=<TaskInstance: Summer_Warped_ETL.GetArtistInfo manual__2023-05-07T22:31:05.018901+00:00 [queued]>
[2023-05-07T22:31:10.277+0000] {taskinstance.py:1125} INFO - Dependencies all met for dep_context=requeueable deps ti=<TaskInstance: Summer_Warped_ETL.GetArtistInfo manual__2023-05-07T22:31:05.018901+00:00 [queued]>
[2023-05-07T22:31:10.278+0000] {taskinstance.py:1331} INFO - Starting attempt 1 of 3
[2023-05-07T22:31:10.284+0000] {taskinstance.py:1350} INFO - Executing <Task(PythonOperator): GetArtistInfo> on 2023-05-07 22:31:05.018901+00:00
[2023-05-07T22:31:10.289+0000] {standard_task_runner.py:57} INFO - Started process 1784 to run task
[2023-05-07T22:31:10.293+0000] {standard_task_runner.py:84} INFO - Running: ['***', 'tasks', 'run', 'Summer_Warped_ETL', 'GetArtistInfo', 'manual__2023-05-07T22:31:05.018901+00:00', '--job-id', '1177', '--raw', '--subdir', 'DAGS_FOLDER/warped-dag.py', '--cfg-path', '/tmp/tmp2d_t5pdk']
[2023-05-07T22:31:10.293+0000] {standard_task_runner.py:85} INFO - Job 1177: Subtask GetArtistInfo
[2023-05-07T22:31:10.328+0000] {task_command.py:410} INFO - Running <TaskInstance: Summer_Warped_ETL.GetArtistInfo manual__2023-05-07T22:31:05.018901+00:00 [running]> on host 31774baccecb
[2023-05-07T22:31:10.387+0000] {taskinstance.py:1570} INFO - Exporting env vars: AIRFLOW_CTX_DAG_OWNER='Ananta Moharana' AIRFLOW_CTX_DAG_ID='Summer_Warped_ETL' AIRFLOW_CTX_TASK_ID='GetArtistInfo' AIRFLOW_CTX_EXECUTION_DATE='2023-05-07T22:31:05.018901+00:00' AIRFLOW_CTX_TRY_NUMBER='1' AIRFLOW_CTX_DAG_RUN_ID='manual__2023-05-07T22:31:05.018901+00:00'
[2023-05-07T22:31:10.677+0000] {logging_mixin.py:149} INFO - emo rap
[2023-05-07T22:31:11.372+0000] {logging_mixin.py:149} INFO - hyperpop
[2023-05-07T22:31:11.628+0000] {logging_mixin.py:149} INFO - underground hip hop
[2023-05-07T22:31:11.802+0000] {logging_mixin.py:149} INFO - sad rap
[2023-05-07T22:31:12.147+0000] {logging_mixin.py:149} INFO - emo rap
[2023-05-07T22:31:12.258+0000] {logging_mixin.py:149} INFO - cloud rap
[2023-05-07T22:31:12.411+0000] {logging_mixin.py:149} INFO - cloud rap
[2023-05-07T22:31:12.677+0000] {logging_mixin.py:149} INFO - emo rap
[2023-05-07T22:31:12.816+0000] {logging_mixin.py:149} INFO - indie pop rap
[2023-05-07T22:31:12.944+0000] {logging_mixin.py:149} INFO - indonesian hip hop
[2023-05-07T22:31:13.199+0000] {logging_mixin.py:149} INFO - canadian hip hop
[2023-05-07T22:31:13.332+0000] {logging_mixin.py:149} INFO - glitchcore
[2023-05-07T22:31:13.480+0000] {logging_mixin.py:149} INFO - emoplugg
[2023-05-07T22:31:13.730+0000] {logging_mixin.py:149} INFO - glitchcore
[2023-05-07T22:31:13.904+0000] {logging_mixin.py:149} INFO - pittsburgh rap
[2023-05-07T22:31:14.251+0000] {logging_mixin.py:149} INFO - emo rap
[2023-05-07T22:31:14.543+0000] {logging_mixin.py:149} INFO - indie hip hop
[2023-05-07T22:31:14.770+0000] {logging_mixin.py:149} INFO - aesthetic rap
[2023-05-07T22:31:14.878+0000] {logging_mixin.py:149} INFO - nyc rap
[2023-05-07T22:31:14.980+0000] {logging_mixin.py:149} INFO - cloud rap
[2023-05-07T22:31:15.295+0000] {logging_mixin.py:149} INFO - future bass
[2023-05-07T22:31:15.540+0000] {logging_mixin.py:149} INFO - sad rap
[2023-05-07T22:31:16.870+0000] {logging_mixin.py:149} INFO - alt z
[2023-05-07T22:31:16.963+0000] {logging_mixin.py:149} INFO - sad rap
[2023-05-07T22:31:17.113+0000] {logging_mixin.py:149} INFO - vapor trap
[2023-05-07T22:31:17.391+0000] {logging_mixin.py:149} INFO - glitchcore
[2023-05-07T22:31:17.673+0000] {logging_mixin.py:149} INFO - cloud rap
[2023-05-07T22:31:17.916+0000] {logging_mixin.py:149} INFO - canadian contemporary r&b
[2023-05-07T22:31:18.617+0000] {logging_mixin.py:149} INFO - deep underground hip hop
[2023-05-07T22:31:18.729+0000] {logging_mixin.py:149} INFO - bedroom soul
[2023-05-07T22:31:18.963+0000] {logging_mixin.py:149} INFO - canadian hip hop
[2023-05-07T22:31:19.089+0000] {logging_mixin.py:149} INFO - la pop
[2023-05-07T22:31:19.245+0000] {logging_mixin.py:149} INFO - emo rap
[2023-05-07T22:31:19.611+0000] {logging_mixin.py:149} INFO - indie pop rap
[2023-05-07T22:31:19.710+0000] {logging_mixin.py:149} INFO - cloud rap
[2023-05-07T22:31:19.811+0000] {logging_mixin.py:149} INFO - canadian contemporary r&b
[2023-05-07T22:31:20.267+0000] {logging_mixin.py:149} INFO - st louis rap
[2023-05-07T22:31:20.538+0000] {logging_mixin.py:149} INFO - atl hip hop
[2023-05-07T22:31:20.793+0000] {logging_mixin.py:149} INFO - emo rap
[2023-05-07T22:31:21.061+0000] {logging_mixin.py:149} INFO - cloud rap
[2023-05-07T22:31:21.198+0000] {logging_mixin.py:149} INFO - aesthetic rap
[2023-05-07T22:31:21.691+0000] {logging_mixin.py:149} INFO - melodic rap
[2023-05-07T22:31:21.846+0000] {logging_mixin.py:149} INFO - cloud rap
[2023-05-07T22:31:22.634+0000] {logging_mixin.py:149} INFO - hyperpop
[2023-05-07T22:31:22.725+0000] {logging_mixin.py:149} INFO - cloud rap
[2023-05-07T22:31:22.826+0000] {logging_mixin.py:149} INFO - hyperpop
[2023-05-07T22:31:23.274+0000] {logging_mixin.py:149} INFO - cali rap
[2023-05-07T22:31:23.785+0000] {logging_mixin.py:149} INFO - emo rap
[2023-05-07T22:31:23.907+0000] {logging_mixin.py:149} INFO - alt z
[2023-05-07T22:31:24.279+0000] {logging_mixin.py:149} INFO - meme rap
[2023-05-07T22:31:24.386+0000] {logging_mixin.py:149} INFO - lo-fi rap
[2023-05-07T22:31:24.488+0000] {logging_mixin.py:149} INFO - glitchcore
[2023-05-07T22:31:24.957+0000] {logging_mixin.py:149} INFO - cloud rap
[2023-05-07T22:31:25.501+0000] {logging_mixin.py:149} INFO - hyperpop
[2023-05-07T22:31:25.779+0000] {logging_mixin.py:149} INFO - asian american hip hop
[2023-05-07T22:31:25.915+0000] {logging_mixin.py:149} INFO - pop edm
[2023-05-07T22:31:26.064+0000] {logging_mixin.py:149} INFO - hyperpop
[2023-05-07T22:31:26.310+0000] {logging_mixin.py:149} INFO - upstate ny rap
[2023-05-07T22:31:26.336+0000] {python.py:183} INFO - Done. Returned value was: None
[2023-05-07T22:31:26.348+0000] {taskinstance.py:1373} INFO - Marking task as SUCCESS. dag_id=Summer_Warped_ETL, task_id=GetArtistInfo, execution_date=20230507T223105, start_date=20230507T223110, end_date=20230507T223126
[2023-05-07T22:31:26.409+0000] {local_task_job_runner.py:232} INFO - Task exited with return code 0
[2023-05-07T22:31:26.436+0000] {taskinstance.py:2674} INFO - 0 downstream tasks scheduled from follow-on schedule check
