[2023-05-08T03:56:12.698+0000] {taskinstance.py:1125} INFO - Dependencies all met for dep_context=non-requeueable deps ti=<TaskInstance: Summer_Warped_ETL.GetSongsFromPlaylist manual__2023-05-08T03:46:46.854496+00:00 [queued]>
[2023-05-08T03:56:12.703+0000] {taskinstance.py:1125} INFO - Dependencies all met for dep_context=requeueable deps ti=<TaskInstance: Summer_Warped_ETL.GetSongsFromPlaylist manual__2023-05-08T03:46:46.854496+00:00 [queued]>
[2023-05-08T03:56:12.703+0000] {taskinstance.py:1331} INFO - Starting attempt 2 of 4
[2023-05-08T03:56:12.711+0000] {taskinstance.py:1350} INFO - Executing <Task(PythonOperator): GetSongsFromPlaylist> on 2023-05-08 03:46:46.854496+00:00
[2023-05-08T03:56:12.715+0000] {standard_task_runner.py:57} INFO - Started process 2922 to run task
[2023-05-08T03:56:12.719+0000] {standard_task_runner.py:84} INFO - Running: ['***', 'tasks', 'run', 'Summer_Warped_ETL', 'GetSongsFromPlaylist', 'manual__2023-05-08T03:46:46.854496+00:00', '--job-id', '1995', '--raw', '--subdir', 'DAGS_FOLDER/warped-dag.py', '--cfg-path', '/tmp/tmp4w9zrkep']
[2023-05-08T03:56:12.720+0000] {standard_task_runner.py:85} INFO - Job 1995: Subtask GetSongsFromPlaylist
[2023-05-08T03:56:12.756+0000] {task_command.py:410} INFO - Running <TaskInstance: Summer_Warped_ETL.GetSongsFromPlaylist manual__2023-05-08T03:46:46.854496+00:00 [running]> on host a40687a10d43
[2023-05-08T03:56:12.813+0000] {taskinstance.py:1570} INFO - Exporting env vars: AIRFLOW_CTX_DAG_OWNER='Ananta Moharana' AIRFLOW_CTX_DAG_ID='Summer_Warped_ETL' AIRFLOW_CTX_TASK_ID='GetSongsFromPlaylist' AIRFLOW_CTX_EXECUTION_DATE='2023-05-08T03:46:46.854496+00:00' AIRFLOW_CTX_TRY_NUMBER='2' AIRFLOW_CTX_DAG_RUN_ID='manual__2023-05-08T03:46:46.854496+00:00'
[2023-05-08T03:56:13.180+0000] {logging_mixin.py:149} INFO - 100
[2023-05-08T03:56:13.181+0000] {logging_mixin.py:149} INFO - 0
[2023-05-08T03:56:13.185+0000] {logging_mixin.py:149} INFO - 1
[2023-05-08T03:56:13.188+0000] {logging_mixin.py:149} INFO - 2
[2023-05-08T03:56:13.189+0000] {logging_mixin.py:149} INFO - 3
[2023-05-08T03:56:13.191+0000] {logging_mixin.py:149} INFO - 4
[2023-05-08T03:56:13.193+0000] {logging_mixin.py:149} INFO - 5
[2023-05-08T03:56:13.194+0000] {logging_mixin.py:149} INFO - 6
[2023-05-08T03:56:13.196+0000] {logging_mixin.py:149} INFO - 7
[2023-05-08T03:56:13.198+0000] {logging_mixin.py:149} INFO - 8
[2023-05-08T03:56:13.199+0000] {logging_mixin.py:149} INFO - 9
[2023-05-08T03:56:13.200+0000] {logging_mixin.py:149} INFO - 10
[2023-05-08T03:56:13.202+0000] {logging_mixin.py:149} INFO - 11
[2023-05-08T03:56:13.203+0000] {logging_mixin.py:149} INFO - 12
[2023-05-08T03:56:13.204+0000] {logging_mixin.py:149} INFO - 13
[2023-05-08T03:56:13.206+0000] {logging_mixin.py:149} INFO - 14
[2023-05-08T03:56:13.207+0000] {logging_mixin.py:149} INFO - 15
[2023-05-08T03:56:13.208+0000] {logging_mixin.py:149} INFO - 16
[2023-05-08T03:56:13.210+0000] {logging_mixin.py:149} INFO - 17
[2023-05-08T03:56:13.212+0000] {logging_mixin.py:149} INFO - 18
[2023-05-08T03:56:13.213+0000] {logging_mixin.py:149} INFO - 19
[2023-05-08T03:56:13.214+0000] {logging_mixin.py:149} INFO - 20
[2023-05-08T03:56:13.215+0000] {logging_mixin.py:149} INFO - 21
[2023-05-08T03:56:13.216+0000] {logging_mixin.py:149} INFO - 22
[2023-05-08T03:56:13.217+0000] {logging_mixin.py:149} INFO - 23
[2023-05-08T03:56:13.218+0000] {logging_mixin.py:149} INFO - 24
[2023-05-08T03:56:13.220+0000] {logging_mixin.py:149} INFO - 25
[2023-05-08T03:56:13.221+0000] {logging_mixin.py:149} INFO - 26
[2023-05-08T03:56:13.222+0000] {logging_mixin.py:149} INFO - 27
[2023-05-08T03:56:13.225+0000] {logging_mixin.py:149} INFO - 28
[2023-05-08T03:56:13.226+0000] {logging_mixin.py:149} INFO - 29
[2023-05-08T03:56:13.227+0000] {logging_mixin.py:149} INFO - 30
[2023-05-08T03:56:13.228+0000] {logging_mixin.py:149} INFO - 31
[2023-05-08T03:56:13.229+0000] {logging_mixin.py:149} INFO - 32
[2023-05-08T03:56:13.231+0000] {logging_mixin.py:149} INFO - 33
[2023-05-08T03:56:13.232+0000] {logging_mixin.py:149} INFO - 34
[2023-05-08T03:56:13.233+0000] {logging_mixin.py:149} INFO - 35
[2023-05-08T03:56:13.235+0000] {logging_mixin.py:149} INFO - 36
[2023-05-08T03:56:13.237+0000] {logging_mixin.py:149} INFO - 37
[2023-05-08T03:56:13.238+0000] {logging_mixin.py:149} INFO - 38
[2023-05-08T03:56:13.239+0000] {logging_mixin.py:149} INFO - 39
[2023-05-08T03:56:13.241+0000] {logging_mixin.py:149} INFO - 40
[2023-05-08T03:56:13.243+0000] {logging_mixin.py:149} INFO - 41
[2023-05-08T03:56:13.244+0000] {logging_mixin.py:149} INFO - 42
[2023-05-08T03:56:13.245+0000] {logging_mixin.py:149} INFO - 43
[2023-05-08T03:56:13.246+0000] {logging_mixin.py:149} INFO - 44
[2023-05-08T03:56:13.247+0000] {logging_mixin.py:149} INFO - 45
[2023-05-08T03:56:13.249+0000] {logging_mixin.py:149} INFO - 46
[2023-05-08T03:56:13.250+0000] {logging_mixin.py:149} INFO - 47
[2023-05-08T03:56:13.252+0000] {logging_mixin.py:149} INFO - 48
[2023-05-08T03:56:13.253+0000] {logging_mixin.py:149} INFO - 49
[2023-05-08T03:56:13.254+0000] {logging_mixin.py:149} INFO - 50
[2023-05-08T03:56:13.256+0000] {logging_mixin.py:149} INFO - 51
[2023-05-08T03:56:13.257+0000] {logging_mixin.py:149} INFO - 52
[2023-05-08T03:56:13.258+0000] {logging_mixin.py:149} INFO - 53
[2023-05-08T03:56:13.259+0000] {logging_mixin.py:149} INFO - 54
[2023-05-08T03:56:13.261+0000] {logging_mixin.py:149} INFO - 55
[2023-05-08T03:56:13.262+0000] {logging_mixin.py:149} INFO - 56
[2023-05-08T03:56:13.263+0000] {logging_mixin.py:149} INFO - 57
[2023-05-08T03:56:13.264+0000] {logging_mixin.py:149} INFO - 58
[2023-05-08T03:56:13.266+0000] {logging_mixin.py:149} INFO - 59
[2023-05-08T03:56:13.268+0000] {logging_mixin.py:149} INFO - 60
[2023-05-08T03:56:13.269+0000] {logging_mixin.py:149} INFO - 61
[2023-05-08T03:56:13.270+0000] {logging_mixin.py:149} INFO - 62
[2023-05-08T03:56:13.271+0000] {logging_mixin.py:149} INFO - 63
[2023-05-08T03:56:13.272+0000] {logging_mixin.py:149} INFO - 64
[2023-05-08T03:56:13.273+0000] {logging_mixin.py:149} INFO - 65
[2023-05-08T03:56:13.274+0000] {logging_mixin.py:149} INFO - 66
[2023-05-08T03:56:13.276+0000] {logging_mixin.py:149} INFO - 67
[2023-05-08T03:56:13.277+0000] {logging_mixin.py:149} INFO - 68
[2023-05-08T03:56:13.279+0000] {logging_mixin.py:149} INFO - 69
[2023-05-08T03:56:13.280+0000] {logging_mixin.py:149} INFO - 70
[2023-05-08T03:56:13.282+0000] {logging_mixin.py:149} INFO - 71
[2023-05-08T03:56:13.283+0000] {logging_mixin.py:149} INFO - 72
[2023-05-08T03:56:13.285+0000] {logging_mixin.py:149} INFO - 73
[2023-05-08T03:56:13.286+0000] {logging_mixin.py:149} INFO - 74
[2023-05-08T03:56:13.287+0000] {logging_mixin.py:149} INFO - 75
[2023-05-08T03:56:13.288+0000] {logging_mixin.py:149} INFO - 76
[2023-05-08T03:56:13.289+0000] {logging_mixin.py:149} INFO - 77
[2023-05-08T03:56:13.291+0000] {logging_mixin.py:149} INFO - 78
[2023-05-08T03:56:13.293+0000] {logging_mixin.py:149} INFO - 79
[2023-05-08T03:56:13.294+0000] {logging_mixin.py:149} INFO - 80
[2023-05-08T03:56:13.296+0000] {logging_mixin.py:149} INFO - 81
[2023-05-08T03:56:13.298+0000] {logging_mixin.py:149} INFO - 82
[2023-05-08T03:56:13.299+0000] {logging_mixin.py:149} INFO - 83
[2023-05-08T03:56:13.301+0000] {logging_mixin.py:149} INFO - 84
[2023-05-08T03:56:13.302+0000] {logging_mixin.py:149} INFO - 85
[2023-05-08T03:56:13.304+0000] {logging_mixin.py:149} INFO - 86
[2023-05-08T03:56:13.305+0000] {logging_mixin.py:149} INFO - 87
[2023-05-08T03:56:13.307+0000] {logging_mixin.py:149} INFO - 88
[2023-05-08T03:56:13.308+0000] {logging_mixin.py:149} INFO - 89
[2023-05-08T03:56:13.310+0000] {logging_mixin.py:149} INFO - 90
[2023-05-08T03:56:13.311+0000] {logging_mixin.py:149} INFO - 91
[2023-05-08T03:56:13.312+0000] {logging_mixin.py:149} INFO - 92
[2023-05-08T03:56:13.314+0000] {logging_mixin.py:149} INFO - 93
[2023-05-08T03:56:13.316+0000] {logging_mixin.py:149} INFO - 94
[2023-05-08T03:56:13.319+0000] {logging_mixin.py:149} INFO - 95
[2023-05-08T03:56:13.320+0000] {logging_mixin.py:149} INFO - 96
[2023-05-08T03:56:13.321+0000] {logging_mixin.py:149} INFO - 97
[2023-05-08T03:56:13.322+0000] {logging_mixin.py:149} INFO - 98
[2023-05-08T03:56:13.323+0000] {logging_mixin.py:149} INFO - 99
[2023-05-08T03:56:13.336+0000] {python.py:183} INFO - Done. Returned value was: None
[2023-05-08T03:56:13.344+0000] {taskinstance.py:1373} INFO - Marking task as SUCCESS. dag_id=Summer_Warped_ETL, task_id=GetSongsFromPlaylist, execution_date=20230508T034646, start_date=20230508T035612, end_date=20230508T035613
[2023-05-08T03:56:13.379+0000] {local_task_job_runner.py:232} INFO - Task exited with return code 0
[2023-05-08T03:56:13.400+0000] {taskinstance.py:2674} INFO - 0 downstream tasks scheduled from follow-on schedule check
