[2023-05-08T03:48:03.288+0000] {taskinstance.py:1125} INFO - Dependencies all met for dep_context=non-requeueable deps ti=<TaskInstance: Summer_Warped_ETL.GetSongsFromPlaylist manual__2023-05-08T03:26:11.627191+00:00 [queued]>
[2023-05-08T03:48:03.292+0000] {taskinstance.py:1125} INFO - Dependencies all met for dep_context=requeueable deps ti=<TaskInstance: Summer_Warped_ETL.GetSongsFromPlaylist manual__2023-05-08T03:26:11.627191+00:00 [queued]>
[2023-05-08T03:48:03.293+0000] {taskinstance.py:1331} INFO - Starting attempt 4 of 6
[2023-05-08T03:48:03.300+0000] {taskinstance.py:1350} INFO - Executing <Task(PythonOperator): GetSongsFromPlaylist> on 2023-05-08 03:26:11.627191+00:00
[2023-05-08T03:48:03.305+0000] {standard_task_runner.py:57} INFO - Started process 2705 to run task
[2023-05-08T03:48:03.308+0000] {standard_task_runner.py:84} INFO - Running: ['***', 'tasks', 'run', 'Summer_Warped_ETL', 'GetSongsFromPlaylist', 'manual__2023-05-08T03:26:11.627191+00:00', '--job-id', '1974', '--raw', '--subdir', 'DAGS_FOLDER/warped-dag.py', '--cfg-path', '/tmp/tmpcuu16bq0']
[2023-05-08T03:48:03.309+0000] {standard_task_runner.py:85} INFO - Job 1974: Subtask GetSongsFromPlaylist
[2023-05-08T03:48:03.342+0000] {task_command.py:410} INFO - Running <TaskInstance: Summer_Warped_ETL.GetSongsFromPlaylist manual__2023-05-08T03:26:11.627191+00:00 [running]> on host a40687a10d43
[2023-05-08T03:48:03.393+0000] {taskinstance.py:1570} INFO - Exporting env vars: AIRFLOW_CTX_DAG_OWNER='Ananta Moharana' AIRFLOW_CTX_DAG_ID='Summer_Warped_ETL' AIRFLOW_CTX_TASK_ID='GetSongsFromPlaylist' AIRFLOW_CTX_EXECUTION_DATE='2023-05-08T03:26:11.627191+00:00' AIRFLOW_CTX_TRY_NUMBER='4' AIRFLOW_CTX_DAG_RUN_ID='manual__2023-05-08T03:26:11.627191+00:00'
[2023-05-08T03:48:03.816+0000] {logging_mixin.py:149} INFO - 100
[2023-05-08T03:48:03.817+0000] {logging_mixin.py:149} INFO - 0
[2023-05-08T03:48:03.820+0000] {logging_mixin.py:149} INFO - 1
[2023-05-08T03:48:03.822+0000] {logging_mixin.py:149} INFO - 2
[2023-05-08T03:48:03.823+0000] {logging_mixin.py:149} INFO - 3
[2023-05-08T03:48:03.825+0000] {logging_mixin.py:149} INFO - 4
[2023-05-08T03:48:03.827+0000] {logging_mixin.py:149} INFO - 5
[2023-05-08T03:48:03.828+0000] {logging_mixin.py:149} INFO - 6
[2023-05-08T03:48:03.830+0000] {logging_mixin.py:149} INFO - 7
[2023-05-08T03:48:03.832+0000] {logging_mixin.py:149} INFO - 8
[2023-05-08T03:48:03.833+0000] {logging_mixin.py:149} INFO - 9
[2023-05-08T03:48:03.834+0000] {logging_mixin.py:149} INFO - 10
[2023-05-08T03:48:03.836+0000] {logging_mixin.py:149} INFO - 11
[2023-05-08T03:48:03.838+0000] {logging_mixin.py:149} INFO - 12
[2023-05-08T03:48:03.840+0000] {logging_mixin.py:149} INFO - 13
[2023-05-08T03:48:03.842+0000] {logging_mixin.py:149} INFO - 14
[2023-05-08T03:48:03.843+0000] {logging_mixin.py:149} INFO - 15
[2023-05-08T03:48:03.844+0000] {logging_mixin.py:149} INFO - 16
[2023-05-08T03:48:03.845+0000] {logging_mixin.py:149} INFO - 17
[2023-05-08T03:48:03.847+0000] {logging_mixin.py:149} INFO - 18
[2023-05-08T03:48:03.848+0000] {logging_mixin.py:149} INFO - 19
[2023-05-08T03:48:03.849+0000] {logging_mixin.py:149} INFO - 20
[2023-05-08T03:48:03.851+0000] {logging_mixin.py:149} INFO - 21
[2023-05-08T03:48:03.853+0000] {logging_mixin.py:149} INFO - 22
[2023-05-08T03:48:03.854+0000] {logging_mixin.py:149} INFO - 23
[2023-05-08T03:48:03.855+0000] {logging_mixin.py:149} INFO - 24
[2023-05-08T03:48:03.856+0000] {logging_mixin.py:149} INFO - 25
[2023-05-08T03:48:03.858+0000] {logging_mixin.py:149} INFO - 26
[2023-05-08T03:48:03.859+0000] {logging_mixin.py:149} INFO - 27
[2023-05-08T03:48:03.863+0000] {logging_mixin.py:149} INFO - 28
[2023-05-08T03:48:03.864+0000] {logging_mixin.py:149} INFO - 29
[2023-05-08T03:48:03.865+0000] {logging_mixin.py:149} INFO - 30
[2023-05-08T03:48:03.867+0000] {logging_mixin.py:149} INFO - 31
[2023-05-08T03:48:03.868+0000] {logging_mixin.py:149} INFO - 32
[2023-05-08T03:48:03.869+0000] {logging_mixin.py:149} INFO - 33
[2023-05-08T03:48:03.870+0000] {logging_mixin.py:149} INFO - 34
[2023-05-08T03:48:03.872+0000] {logging_mixin.py:149} INFO - 35
[2023-05-08T03:48:03.874+0000] {logging_mixin.py:149} INFO - 36
[2023-05-08T03:48:03.876+0000] {logging_mixin.py:149} INFO - 37
[2023-05-08T03:48:03.877+0000] {logging_mixin.py:149} INFO - 38
[2023-05-08T03:48:03.878+0000] {logging_mixin.py:149} INFO - 39
[2023-05-08T03:48:03.880+0000] {logging_mixin.py:149} INFO - 40
[2023-05-08T03:48:03.882+0000] {logging_mixin.py:149} INFO - 41
[2023-05-08T03:48:03.883+0000] {logging_mixin.py:149} INFO - 42
[2023-05-08T03:48:03.885+0000] {logging_mixin.py:149} INFO - 43
[2023-05-08T03:48:03.886+0000] {logging_mixin.py:149} INFO - 44
[2023-05-08T03:48:03.887+0000] {logging_mixin.py:149} INFO - 45
[2023-05-08T03:48:03.888+0000] {logging_mixin.py:149} INFO - 46
[2023-05-08T03:48:03.890+0000] {logging_mixin.py:149} INFO - 47
[2023-05-08T03:48:03.892+0000] {logging_mixin.py:149} INFO - 48
[2023-05-08T03:48:03.893+0000] {logging_mixin.py:149} INFO - 49
[2023-05-08T03:48:03.894+0000] {logging_mixin.py:149} INFO - 50
[2023-05-08T03:48:03.895+0000] {logging_mixin.py:149} INFO - 51
[2023-05-08T03:48:03.896+0000] {logging_mixin.py:149} INFO - 52
[2023-05-08T03:48:03.897+0000] {logging_mixin.py:149} INFO - 53
[2023-05-08T03:48:03.898+0000] {logging_mixin.py:149} INFO - 54
[2023-05-08T03:48:03.899+0000] {logging_mixin.py:149} INFO - 55
[2023-05-08T03:48:03.900+0000] {logging_mixin.py:149} INFO - 56
[2023-05-08T03:48:03.901+0000] {logging_mixin.py:149} INFO - 57
[2023-05-08T03:48:03.902+0000] {logging_mixin.py:149} INFO - 58
[2023-05-08T03:48:03.904+0000] {logging_mixin.py:149} INFO - 59
[2023-05-08T03:48:03.905+0000] {logging_mixin.py:149} INFO - 60
[2023-05-08T03:48:03.906+0000] {logging_mixin.py:149} INFO - 61
[2023-05-08T03:48:03.907+0000] {logging_mixin.py:149} INFO - 62
[2023-05-08T03:48:03.909+0000] {logging_mixin.py:149} INFO - 63
[2023-05-08T03:48:03.910+0000] {logging_mixin.py:149} INFO - 64
[2023-05-08T03:48:03.911+0000] {logging_mixin.py:149} INFO - 65
[2023-05-08T03:48:03.912+0000] {logging_mixin.py:149} INFO - 66
[2023-05-08T03:48:03.914+0000] {logging_mixin.py:149} INFO - 67
[2023-05-08T03:48:03.915+0000] {logging_mixin.py:149} INFO - 68
[2023-05-08T03:48:03.916+0000] {logging_mixin.py:149} INFO - 69
[2023-05-08T03:48:03.917+0000] {logging_mixin.py:149} INFO - 70
[2023-05-08T03:48:03.919+0000] {logging_mixin.py:149} INFO - 71
[2023-05-08T03:48:03.920+0000] {logging_mixin.py:149} INFO - 72
[2023-05-08T03:48:03.922+0000] {logging_mixin.py:149} INFO - 73
[2023-05-08T03:48:03.923+0000] {logging_mixin.py:149} INFO - 74
[2023-05-08T03:48:03.924+0000] {logging_mixin.py:149} INFO - 75
[2023-05-08T03:48:03.926+0000] {logging_mixin.py:149} INFO - 76
[2023-05-08T03:48:03.927+0000] {logging_mixin.py:149} INFO - 77
[2023-05-08T03:48:03.929+0000] {logging_mixin.py:149} INFO - 78
[2023-05-08T03:48:03.930+0000] {logging_mixin.py:149} INFO - 79
[2023-05-08T03:48:03.931+0000] {logging_mixin.py:149} INFO - 80
[2023-05-08T03:48:03.933+0000] {logging_mixin.py:149} INFO - 81
[2023-05-08T03:48:03.935+0000] {logging_mixin.py:149} INFO - 82
[2023-05-08T03:48:03.936+0000] {logging_mixin.py:149} INFO - 83
[2023-05-08T03:48:03.938+0000] {logging_mixin.py:149} INFO - 84
[2023-05-08T03:48:03.940+0000] {logging_mixin.py:149} INFO - 85
[2023-05-08T03:48:03.942+0000] {logging_mixin.py:149} INFO - 86
[2023-05-08T03:48:03.943+0000] {logging_mixin.py:149} INFO - 87
[2023-05-08T03:48:03.944+0000] {logging_mixin.py:149} INFO - 88
[2023-05-08T03:48:03.945+0000] {logging_mixin.py:149} INFO - 89
[2023-05-08T03:48:03.947+0000] {logging_mixin.py:149} INFO - 90
[2023-05-08T03:48:03.948+0000] {logging_mixin.py:149} INFO - 91
[2023-05-08T03:48:03.949+0000] {logging_mixin.py:149} INFO - 92
[2023-05-08T03:48:03.951+0000] {logging_mixin.py:149} INFO - 93
[2023-05-08T03:48:03.953+0000] {logging_mixin.py:149} INFO - 94
[2023-05-08T03:48:03.956+0000] {logging_mixin.py:149} INFO - 95
[2023-05-08T03:48:03.957+0000] {logging_mixin.py:149} INFO - 96
[2023-05-08T03:48:03.958+0000] {logging_mixin.py:149} INFO - 97
[2023-05-08T03:48:03.959+0000] {logging_mixin.py:149} INFO - 98
[2023-05-08T03:48:03.960+0000] {logging_mixin.py:149} INFO - 99
[2023-05-08T03:48:03.973+0000] {python.py:183} INFO - Done. Returned value was: None
[2023-05-08T03:48:03.980+0000] {taskinstance.py:1373} INFO - Marking task as SUCCESS. dag_id=Summer_Warped_ETL, task_id=GetSongsFromPlaylist, execution_date=20230508T032611, start_date=20230508T034803, end_date=20230508T034803
[2023-05-08T03:48:04.013+0000] {local_task_job_runner.py:232} INFO - Task exited with return code 0
[2023-05-08T03:48:04.035+0000] {taskinstance.py:2674} INFO - 2 downstream tasks scheduled from follow-on schedule check
