[2023-05-08T03:28:13.842+0000] {taskinstance.py:1125} INFO - Dependencies all met for dep_context=non-requeueable deps ti=<TaskInstance: Summer_Warped_ETL.GetSongsFromPlaylist manual__2023-05-08T03:26:11.627191+00:00 [queued]>
[2023-05-08T03:28:13.849+0000] {taskinstance.py:1125} INFO - Dependencies all met for dep_context=requeueable deps ti=<TaskInstance: Summer_Warped_ETL.GetSongsFromPlaylist manual__2023-05-08T03:26:11.627191+00:00 [queued]>
[2023-05-08T03:28:13.850+0000] {taskinstance.py:1331} INFO - Starting attempt 2 of 4
[2023-05-08T03:28:13.859+0000] {taskinstance.py:1350} INFO - Executing <Task(PythonOperator): GetSongsFromPlaylist> on 2023-05-08 03:26:11.627191+00:00
[2023-05-08T03:28:13.864+0000] {standard_task_runner.py:57} INFO - Started process 1757 to run task
[2023-05-08T03:28:13.868+0000] {standard_task_runner.py:84} INFO - Running: ['***', 'tasks', 'run', 'Summer_Warped_ETL', 'GetSongsFromPlaylist', 'manual__2023-05-08T03:26:11.627191+00:00', '--job-id', '1807', '--raw', '--subdir', 'DAGS_FOLDER/warped-dag.py', '--cfg-path', '/tmp/tmpa3sakqil']
[2023-05-08T03:28:13.869+0000] {standard_task_runner.py:85} INFO - Job 1807: Subtask GetSongsFromPlaylist
[2023-05-08T03:28:13.919+0000] {task_command.py:410} INFO - Running <TaskInstance: Summer_Warped_ETL.GetSongsFromPlaylist manual__2023-05-08T03:26:11.627191+00:00 [running]> on host a40687a10d43
[2023-05-08T03:28:13.974+0000] {taskinstance.py:1570} INFO - Exporting env vars: AIRFLOW_CTX_DAG_OWNER='Ananta Moharana' AIRFLOW_CTX_DAG_ID='Summer_Warped_ETL' AIRFLOW_CTX_TASK_ID='GetSongsFromPlaylist' AIRFLOW_CTX_EXECUTION_DATE='2023-05-08T03:26:11.627191+00:00' AIRFLOW_CTX_TRY_NUMBER='2' AIRFLOW_CTX_DAG_RUN_ID='manual__2023-05-08T03:26:11.627191+00:00'
[2023-05-08T03:28:14.331+0000] {logging_mixin.py:149} INFO - 100
[2023-05-08T03:28:14.331+0000] {logging_mixin.py:149} INFO - 0
[2023-05-08T03:28:14.334+0000] {logging_mixin.py:149} INFO - 1
[2023-05-08T03:28:14.337+0000] {logging_mixin.py:149} INFO - 2
[2023-05-08T03:28:14.339+0000] {logging_mixin.py:149} INFO - 3
[2023-05-08T03:28:14.340+0000] {logging_mixin.py:149} INFO - 4
[2023-05-08T03:28:14.342+0000] {logging_mixin.py:149} INFO - 5
[2023-05-08T03:28:14.344+0000] {logging_mixin.py:149} INFO - 6
[2023-05-08T03:28:14.346+0000] {logging_mixin.py:149} INFO - 7
[2023-05-08T03:28:14.349+0000] {logging_mixin.py:149} INFO - 8
[2023-05-08T03:28:14.350+0000] {logging_mixin.py:149} INFO - 9
[2023-05-08T03:28:14.351+0000] {logging_mixin.py:149} INFO - 10
[2023-05-08T03:28:14.353+0000] {logging_mixin.py:149} INFO - 11
[2023-05-08T03:28:14.354+0000] {logging_mixin.py:149} INFO - 12
[2023-05-08T03:28:14.356+0000] {logging_mixin.py:149} INFO - 13
[2023-05-08T03:28:14.357+0000] {logging_mixin.py:149} INFO - 14
[2023-05-08T03:28:14.359+0000] {logging_mixin.py:149} INFO - 15
[2023-05-08T03:28:14.360+0000] {logging_mixin.py:149} INFO - 16
[2023-05-08T03:28:14.361+0000] {logging_mixin.py:149} INFO - 17
[2023-05-08T03:28:14.363+0000] {logging_mixin.py:149} INFO - 18
[2023-05-08T03:28:14.364+0000] {logging_mixin.py:149} INFO - 19
[2023-05-08T03:28:14.365+0000] {logging_mixin.py:149} INFO - 20
[2023-05-08T03:28:14.366+0000] {logging_mixin.py:149} INFO - 21
[2023-05-08T03:28:14.367+0000] {logging_mixin.py:149} INFO - 22
[2023-05-08T03:28:14.368+0000] {logging_mixin.py:149} INFO - 23
[2023-05-08T03:28:14.369+0000] {logging_mixin.py:149} INFO - 24
[2023-05-08T03:28:14.370+0000] {logging_mixin.py:149} INFO - 25
[2023-05-08T03:28:14.371+0000] {logging_mixin.py:149} INFO - 26
[2023-05-08T03:28:14.372+0000] {logging_mixin.py:149} INFO - 27
[2023-05-08T03:28:14.375+0000] {logging_mixin.py:149} INFO - 28
[2023-05-08T03:28:14.376+0000] {logging_mixin.py:149} INFO - 29
[2023-05-08T03:28:14.377+0000] {logging_mixin.py:149} INFO - 30
[2023-05-08T03:28:14.379+0000] {logging_mixin.py:149} INFO - 31
[2023-05-08T03:28:14.380+0000] {logging_mixin.py:149} INFO - 32
[2023-05-08T03:28:14.381+0000] {logging_mixin.py:149} INFO - 33
[2023-05-08T03:28:14.382+0000] {logging_mixin.py:149} INFO - 34
[2023-05-08T03:28:14.383+0000] {logging_mixin.py:149} INFO - 35
[2023-05-08T03:28:14.385+0000] {logging_mixin.py:149} INFO - 36
[2023-05-08T03:28:14.388+0000] {logging_mixin.py:149} INFO - 37
[2023-05-08T03:28:14.390+0000] {logging_mixin.py:149} INFO - 38
[2023-05-08T03:28:14.391+0000] {logging_mixin.py:149} INFO - 39
[2023-05-08T03:28:14.393+0000] {logging_mixin.py:149} INFO - 40
[2023-05-08T03:28:14.395+0000] {logging_mixin.py:149} INFO - 41
[2023-05-08T03:28:14.396+0000] {logging_mixin.py:149} INFO - 42
[2023-05-08T03:28:14.397+0000] {logging_mixin.py:149} INFO - 43
[2023-05-08T03:28:14.398+0000] {logging_mixin.py:149} INFO - 44
[2023-05-08T03:28:14.400+0000] {logging_mixin.py:149} INFO - 45
[2023-05-08T03:28:14.401+0000] {logging_mixin.py:149} INFO - 46
[2023-05-08T03:28:14.403+0000] {logging_mixin.py:149} INFO - 47
[2023-05-08T03:28:14.404+0000] {logging_mixin.py:149} INFO - 48
[2023-05-08T03:28:14.405+0000] {logging_mixin.py:149} INFO - 49
[2023-05-08T03:28:14.407+0000] {logging_mixin.py:149} INFO - 50
[2023-05-08T03:28:14.408+0000] {logging_mixin.py:149} INFO - 51
[2023-05-08T03:28:14.409+0000] {logging_mixin.py:149} INFO - 52
[2023-05-08T03:28:14.410+0000] {logging_mixin.py:149} INFO - 53
[2023-05-08T03:28:14.411+0000] {logging_mixin.py:149} INFO - 54
[2023-05-08T03:28:14.412+0000] {logging_mixin.py:149} INFO - 55
[2023-05-08T03:28:14.413+0000] {logging_mixin.py:149} INFO - 56
[2023-05-08T03:28:14.414+0000] {logging_mixin.py:149} INFO - 57
[2023-05-08T03:28:14.415+0000] {logging_mixin.py:149} INFO - 58
[2023-05-08T03:28:14.417+0000] {logging_mixin.py:149} INFO - 59
[2023-05-08T03:28:14.418+0000] {logging_mixin.py:149} INFO - 60
[2023-05-08T03:28:14.419+0000] {logging_mixin.py:149} INFO - 61
[2023-05-08T03:28:14.420+0000] {logging_mixin.py:149} INFO - 62
[2023-05-08T03:28:14.421+0000] {logging_mixin.py:149} INFO - 63
[2023-05-08T03:28:14.422+0000] {logging_mixin.py:149} INFO - 64
[2023-05-08T03:28:14.423+0000] {logging_mixin.py:149} INFO - 65
[2023-05-08T03:28:14.424+0000] {logging_mixin.py:149} INFO - 66
[2023-05-08T03:28:14.426+0000] {logging_mixin.py:149} INFO - 67
[2023-05-08T03:28:14.427+0000] {logging_mixin.py:149} INFO - 68
[2023-05-08T03:28:14.428+0000] {logging_mixin.py:149} INFO - 69
[2023-05-08T03:28:14.429+0000] {logging_mixin.py:149} INFO - 70
[2023-05-08T03:28:14.431+0000] {logging_mixin.py:149} INFO - 71
[2023-05-08T03:28:14.433+0000] {logging_mixin.py:149} INFO - 72
[2023-05-08T03:28:14.435+0000] {logging_mixin.py:149} INFO - 73
[2023-05-08T03:28:14.436+0000] {logging_mixin.py:149} INFO - 74
[2023-05-08T03:28:14.437+0000] {logging_mixin.py:149} INFO - 75
[2023-05-08T03:28:14.438+0000] {logging_mixin.py:149} INFO - 76
[2023-05-08T03:28:14.439+0000] {logging_mixin.py:149} INFO - 77
[2023-05-08T03:28:14.441+0000] {logging_mixin.py:149} INFO - 78
[2023-05-08T03:28:14.442+0000] {logging_mixin.py:149} INFO - 79
[2023-05-08T03:28:14.444+0000] {logging_mixin.py:149} INFO - 80
[2023-05-08T03:28:14.445+0000] {logging_mixin.py:149} INFO - 81
[2023-05-08T03:28:14.447+0000] {logging_mixin.py:149} INFO - 82
[2023-05-08T03:28:14.448+0000] {logging_mixin.py:149} INFO - 83
[2023-05-08T03:28:14.450+0000] {logging_mixin.py:149} INFO - 84
[2023-05-08T03:28:14.452+0000] {logging_mixin.py:149} INFO - 85
[2023-05-08T03:28:14.453+0000] {logging_mixin.py:149} INFO - 86
[2023-05-08T03:28:14.454+0000] {logging_mixin.py:149} INFO - 87
[2023-05-08T03:28:14.455+0000] {logging_mixin.py:149} INFO - 88
[2023-05-08T03:28:14.457+0000] {logging_mixin.py:149} INFO - 89
[2023-05-08T03:28:14.459+0000] {logging_mixin.py:149} INFO - 90
[2023-05-08T03:28:14.460+0000] {logging_mixin.py:149} INFO - 91
[2023-05-08T03:28:14.461+0000] {logging_mixin.py:149} INFO - 92
[2023-05-08T03:28:14.463+0000] {logging_mixin.py:149} INFO - 93
[2023-05-08T03:28:14.465+0000] {logging_mixin.py:149} INFO - 94
[2023-05-08T03:28:14.469+0000] {logging_mixin.py:149} INFO - 95
[2023-05-08T03:28:14.471+0000] {logging_mixin.py:149} INFO - 96
[2023-05-08T03:28:14.472+0000] {logging_mixin.py:149} INFO - 97
[2023-05-08T03:28:14.474+0000] {logging_mixin.py:149} INFO - 98
[2023-05-08T03:28:14.475+0000] {logging_mixin.py:149} INFO - 99
[2023-05-08T03:28:14.488+0000] {python.py:183} INFO - Done. Returned value was: None
[2023-05-08T03:28:14.496+0000] {taskinstance.py:1373} INFO - Marking task as SUCCESS. dag_id=Summer_Warped_ETL, task_id=GetSongsFromPlaylist, execution_date=20230508T032611, start_date=20230508T032813, end_date=20230508T032814
[2023-05-08T03:28:14.535+0000] {local_task_job_runner.py:232} INFO - Task exited with return code 0
[2023-05-08T03:28:14.560+0000] {taskinstance.py:2674} INFO - 2 downstream tasks scheduled from follow-on schedule check
