[2023-05-09T02:03:34.931+0000] {taskinstance.py:1125} INFO - Dependencies all met for dep_context=non-requeueable deps ti=<TaskInstance: Summer_Warped_ETL.GetArtistInfo manual__2023-05-08T16:09:58.195696+00:00 [queued]>
[2023-05-09T02:03:34.936+0000] {taskinstance.py:1125} INFO - Dependencies all met for dep_context=requeueable deps ti=<TaskInstance: Summer_Warped_ETL.GetArtistInfo manual__2023-05-08T16:09:58.195696+00:00 [queued]>
[2023-05-09T02:03:34.937+0000] {taskinstance.py:1331} INFO - Starting attempt 6 of 8
[2023-05-09T02:03:34.944+0000] {taskinstance.py:1350} INFO - Executing <Task(PythonOperator): GetArtistInfo> on 2023-05-08 16:09:58.195696+00:00
[2023-05-09T02:03:34.950+0000] {standard_task_runner.py:57} INFO - Started process 5673 to run task
[2023-05-09T02:03:34.956+0000] {standard_task_runner.py:84} INFO - Running: ['***', 'tasks', 'run', 'Summer_Warped_ETL', 'GetArtistInfo', 'manual__2023-05-08T16:09:58.195696+00:00', '--job-id', '2616', '--raw', '--subdir', 'DAGS_FOLDER/warped-dag.py', '--cfg-path', '/tmp/tmprtuqvglc']
[2023-05-09T02:03:34.957+0000] {standard_task_runner.py:85} INFO - Job 2616: Subtask GetArtistInfo
[2023-05-09T02:03:35.017+0000] {task_command.py:410} INFO - Running <TaskInstance: Summer_Warped_ETL.GetArtistInfo manual__2023-05-08T16:09:58.195696+00:00 [running]> on host 7b4753e133cb
[2023-05-09T02:03:35.133+0000] {taskinstance.py:1570} INFO - Exporting env vars: AIRFLOW_CTX_DAG_OWNER='Ananta Moharana' AIRFLOW_CTX_DAG_ID='Summer_Warped_ETL' AIRFLOW_CTX_TASK_ID='GetArtistInfo' AIRFLOW_CTX_EXECUTION_DATE='2023-05-08T16:09:58.195696+00:00' AIRFLOW_CTX_TRY_NUMBER='6' AIRFLOW_CTX_DAG_RUN_ID='manual__2023-05-08T16:09:58.195696+00:00'
[2023-05-09T02:03:35.428+0000] {logging_mixin.py:149} INFO - emo rap
[2023-05-09T02:03:35.535+0000] {logging_mixin.py:149} INFO - cloud rap
[2023-05-09T02:03:35.738+0000] {logging_mixin.py:149} INFO - hyperpop
[2023-05-09T02:03:35.836+0000] {logging_mixin.py:149} INFO - nyc rap
[2023-05-09T02:03:36.379+0000] {logging_mixin.py:149} INFO - upstate ny rap
[2023-05-09T02:03:36.471+0000] {logging_mixin.py:149} INFO - emo rap
[2023-05-09T02:03:36.599+0000] {logging_mixin.py:149} INFO - emo rap
[2023-05-09T02:03:36.690+0000] {logging_mixin.py:149} INFO - hyperpop
[2023-05-09T02:03:36.901+0000] {logging_mixin.py:149} INFO - glitchcore
[2023-05-09T02:03:37.091+0000] {logging_mixin.py:149} INFO - aesthetic rap
[2023-05-09T02:03:37.199+0000] {logging_mixin.py:149} INFO - glitchcore
[2023-05-09T02:03:37.430+0000] {logging_mixin.py:149} INFO - indie pop rap
[2023-05-09T02:03:37.735+0000] {logging_mixin.py:149} INFO - canadian hip hop
[2023-05-09T02:03:37.946+0000] {logging_mixin.py:149} INFO - glitchcore
[2023-05-09T02:03:38.039+0000] {logging_mixin.py:149} INFO - underground hip hop
[2023-05-09T02:03:38.146+0000] {logging_mixin.py:149} INFO - glitchcore
[2023-05-09T02:03:38.247+0000] {logging_mixin.py:149} INFO - asian american hip hop
[2023-05-09T02:03:38.371+0000] {logging_mixin.py:149} INFO - canadian hip hop
[2023-05-09T02:03:38.801+0000] {logging_mixin.py:149} INFO - emo rap
[2023-05-09T02:03:38.901+0000] {logging_mixin.py:149} INFO - sad rap
[2023-05-09T02:03:38.990+0000] {logging_mixin.py:149} INFO - meme rap
[2023-05-09T02:03:39.092+0000] {logging_mixin.py:149} INFO - cloud rap
[2023-05-09T02:03:39.193+0000] {logging_mixin.py:149} INFO - emoplugg
[2023-05-09T02:03:39.302+0000] {logging_mixin.py:149} INFO - alt z
[2023-05-09T02:03:39.623+0000] {logging_mixin.py:149} INFO - cloud rap
[2023-05-09T02:03:39.808+0000] {logging_mixin.py:149} INFO - emo rap
[2023-05-09T02:03:40.268+0000] {logging_mixin.py:149} INFO - canadian contemporary r&b
[2023-05-09T02:03:40.374+0000] {logging_mixin.py:149} INFO - bedroom soul
[2023-05-09T02:03:40.477+0000] {logging_mixin.py:149} INFO - la pop
[2023-05-09T02:03:40.737+0000] {logging_mixin.py:149} INFO - indie pop rap
[2023-05-09T02:03:40.840+0000] {logging_mixin.py:149} INFO - lo-fi rap
[2023-05-09T02:03:41.048+0000] {logging_mixin.py:149} INFO - pop edm
[2023-05-09T02:03:41.188+0000] {logging_mixin.py:149} INFO - indie hip hop
[2023-05-09T02:03:41.514+0000] {logging_mixin.py:149} INFO - emo rap
[2023-05-09T02:03:41.807+0000] {logging_mixin.py:149} INFO - cali rap
[2023-05-09T02:03:41.906+0000] {logging_mixin.py:149} INFO - hyperpop
[2023-05-09T02:03:42.003+0000] {logging_mixin.py:149} INFO - hyperpop
[2023-05-09T02:03:42.108+0000] {logging_mixin.py:149} INFO - pittsburgh rap
[2023-05-09T02:03:42.212+0000] {logging_mixin.py:149} INFO - cloud rap
[2023-05-09T02:03:42.552+0000] {logging_mixin.py:149} INFO - cloud rap
[2023-05-09T02:03:42.959+0000] {logging_mixin.py:149} INFO - alt z
[2023-05-09T02:03:43.178+0000] {logging_mixin.py:149} INFO - cloud rap
[2023-05-09T02:03:43.277+0000] {logging_mixin.py:149} INFO - future bass
[2023-05-09T02:03:43.390+0000] {logging_mixin.py:149} INFO - cloud rap
[2023-05-09T02:03:43.491+0000] {logging_mixin.py:149} INFO - cloud rap
[2023-05-09T02:03:43.810+0000] {logging_mixin.py:149} INFO - st louis rap
[2023-05-09T02:03:43.906+0000] {logging_mixin.py:149} INFO - melodic rap
[2023-05-09T02:03:44.004+0000] {logging_mixin.py:149} INFO - emo rap
[2023-05-09T02:03:44.096+0000] {logging_mixin.py:149} INFO - canadian contemporary r&b
[2023-05-09T02:03:44.218+0000] {logging_mixin.py:149} INFO - sad rap
[2023-05-09T02:03:44.315+0000] {logging_mixin.py:149} INFO - hyperpop
[2023-05-09T02:03:44.424+0000] {logging_mixin.py:149} INFO - aesthetic rap
[2023-05-09T02:03:44.519+0000] {logging_mixin.py:149} INFO - sad rap
[2023-05-09T02:03:44.617+0000] {logging_mixin.py:149} INFO - indonesian hip hop
[2023-05-09T02:03:44.716+0000] {logging_mixin.py:149} INFO - vapor trap
[2023-05-09T02:03:44.811+0000] {logging_mixin.py:149} INFO - indie pop rap
[2023-05-09T02:03:44.918+0000] {logging_mixin.py:149} INFO - cloud rap
[2023-05-09T02:03:45.124+0000] {logging_mixin.py:149} INFO - atl hip hop
[2023-05-09T02:03:45.152+0000] {python.py:183} INFO - Done. Returned value was: None
[2023-05-09T02:03:45.166+0000] {taskinstance.py:1373} INFO - Marking task as SUCCESS. dag_id=Summer_Warped_ETL, task_id=GetArtistInfo, execution_date=20230508T160958, start_date=20230509T020334, end_date=20230509T020345
[2023-05-09T02:03:45.222+0000] {local_task_job_runner.py:232} INFO - Task exited with return code 0
[2023-05-09T02:03:45.264+0000] {taskinstance.py:2674} INFO - 0 downstream tasks scheduled from follow-on schedule check
