[2023-05-08T18:04:17.824+0000] {taskinstance.py:1125} INFO - Dependencies all met for dep_context=non-requeueable deps ti=<TaskInstance: Summer_Warped_ETL.GetArtistInfo manual__2023-05-08T16:09:58.195696+00:00 [queued]>
[2023-05-08T18:04:17.830+0000] {taskinstance.py:1125} INFO - Dependencies all met for dep_context=requeueable deps ti=<TaskInstance: Summer_Warped_ETL.GetArtistInfo manual__2023-05-08T16:09:58.195696+00:00 [queued]>
[2023-05-08T18:04:17.830+0000] {taskinstance.py:1331} INFO - Starting attempt 5 of 7
[2023-05-08T18:04:17.843+0000] {taskinstance.py:1350} INFO - Executing <Task(PythonOperator): GetArtistInfo> on 2023-05-08 16:09:58.195696+00:00
[2023-05-08T18:04:17.849+0000] {standard_task_runner.py:57} INFO - Started process 3228 to run task
[2023-05-08T18:04:17.856+0000] {standard_task_runner.py:84} INFO - Running: ['***', 'tasks', 'run', 'Summer_Warped_ETL', 'GetArtistInfo', 'manual__2023-05-08T16:09:58.195696+00:00', '--job-id', '2578', '--raw', '--subdir', 'DAGS_FOLDER/warped-dag.py', '--cfg-path', '/tmp/tmpm12ho065']
[2023-05-08T18:04:17.856+0000] {standard_task_runner.py:85} INFO - Job 2578: Subtask GetArtistInfo
[2023-05-08T18:04:17.912+0000] {task_command.py:410} INFO - Running <TaskInstance: Summer_Warped_ETL.GetArtistInfo manual__2023-05-08T16:09:58.195696+00:00 [running]> on host 7b4753e133cb
[2023-05-08T18:04:17.984+0000] {taskinstance.py:1570} INFO - Exporting env vars: AIRFLOW_CTX_DAG_OWNER='Ananta Moharana' AIRFLOW_CTX_DAG_ID='Summer_Warped_ETL' AIRFLOW_CTX_TASK_ID='GetArtistInfo' AIRFLOW_CTX_EXECUTION_DATE='2023-05-08T16:09:58.195696+00:00' AIRFLOW_CTX_TRY_NUMBER='5' AIRFLOW_CTX_DAG_RUN_ID='manual__2023-05-08T16:09:58.195696+00:00'
[2023-05-08T18:04:18.229+0000] {logging_mixin.py:149} INFO - emo rap
[2023-05-08T18:04:18.324+0000] {logging_mixin.py:149} INFO - cloud rap
[2023-05-08T18:04:18.686+0000] {logging_mixin.py:149} INFO - hyperpop
[2023-05-08T18:04:18.793+0000] {logging_mixin.py:149} INFO - nyc rap
[2023-05-08T18:04:19.409+0000] {logging_mixin.py:149} INFO - upstate ny rap
[2023-05-08T18:04:19.514+0000] {logging_mixin.py:149} INFO - emo rap
[2023-05-08T18:04:19.611+0000] {logging_mixin.py:149} INFO - emo rap
[2023-05-08T18:04:19.717+0000] {logging_mixin.py:149} INFO - hyperpop
[2023-05-08T18:04:19.924+0000] {logging_mixin.py:149} INFO - glitchcore
[2023-05-08T18:04:20.149+0000] {logging_mixin.py:149} INFO - aesthetic rap
[2023-05-08T18:04:20.256+0000] {logging_mixin.py:149} INFO - glitchcore
[2023-05-08T18:04:20.448+0000] {logging_mixin.py:149} INFO - indie pop rap
[2023-05-08T18:04:20.740+0000] {logging_mixin.py:149} INFO - canadian hip hop
[2023-05-08T18:04:20.965+0000] {logging_mixin.py:149} INFO - glitchcore
[2023-05-08T18:04:21.056+0000] {logging_mixin.py:149} INFO - underground hip hop
[2023-05-08T18:04:21.159+0000] {logging_mixin.py:149} INFO - glitchcore
[2023-05-08T18:04:21.252+0000] {logging_mixin.py:149} INFO - asian american hip hop
[2023-05-08T18:04:21.342+0000] {logging_mixin.py:149} INFO - canadian hip hop
[2023-05-08T18:04:21.758+0000] {logging_mixin.py:149} INFO - emo rap
[2023-05-08T18:04:21.909+0000] {logging_mixin.py:149} INFO - sad rap
[2023-05-08T18:04:22.001+0000] {logging_mixin.py:149} INFO - meme rap
[2023-05-08T18:04:22.100+0000] {logging_mixin.py:149} INFO - cloud rap
[2023-05-08T18:04:22.188+0000] {logging_mixin.py:149} INFO - emoplugg
[2023-05-08T18:04:22.309+0000] {logging_mixin.py:149} INFO - alt z
[2023-05-08T18:04:22.624+0000] {logging_mixin.py:149} INFO - cloud rap
[2023-05-08T18:04:22.816+0000] {logging_mixin.py:149} INFO - emo rap
[2023-05-08T18:04:23.026+0000] {logging_mixin.py:149} INFO - canadian contemporary r&b
[2023-05-08T18:04:23.148+0000] {logging_mixin.py:149} INFO - bedroom soul
[2023-05-08T18:04:23.242+0000] {logging_mixin.py:149} INFO - la pop
[2023-05-08T18:04:23.428+0000] {logging_mixin.py:149} INFO - indie pop rap
[2023-05-08T18:04:23.570+0000] {logging_mixin.py:149} INFO - lo-fi rap
[2023-05-08T18:04:23.790+0000] {logging_mixin.py:149} INFO - pop edm
[2023-05-08T18:04:23.894+0000] {logging_mixin.py:149} INFO - indie hip hop
[2023-05-08T18:04:24.260+0000] {logging_mixin.py:149} INFO - emo rap
[2023-05-08T18:04:24.552+0000] {logging_mixin.py:149} INFO - cali rap
[2023-05-08T18:04:24.650+0000] {logging_mixin.py:149} INFO - hyperpop
[2023-05-08T18:04:24.751+0000] {logging_mixin.py:149} INFO - hyperpop
[2023-05-08T18:04:24.976+0000] {logging_mixin.py:149} INFO - pittsburgh rap
[2023-05-08T18:04:25.068+0000] {logging_mixin.py:149} INFO - cloud rap
[2023-05-08T18:04:25.437+0000] {logging_mixin.py:149} INFO - cloud rap
[2023-05-08T18:04:25.532+0000] {logging_mixin.py:149} INFO - alt z
[2023-05-08T18:04:25.725+0000] {logging_mixin.py:149} INFO - cloud rap
[2023-05-08T18:04:25.822+0000] {logging_mixin.py:149} INFO - future bass
[2023-05-08T18:04:25.918+0000] {logging_mixin.py:149} INFO - cloud rap
[2023-05-08T18:04:26.043+0000] {logging_mixin.py:149} INFO - cloud rap
[2023-05-08T18:04:26.418+0000] {logging_mixin.py:149} INFO - st louis rap
[2023-05-08T18:04:26.519+0000] {logging_mixin.py:149} INFO - melodic rap
[2023-05-08T18:04:26.803+0000] {logging_mixin.py:149} INFO - emo rap
[2023-05-08T18:04:26.903+0000] {logging_mixin.py:149} INFO - canadian contemporary r&b
[2023-05-08T18:04:27.012+0000] {logging_mixin.py:149} INFO - sad rap
[2023-05-08T18:04:27.125+0000] {logging_mixin.py:149} INFO - hyperpop
[2023-05-08T18:04:27.227+0000] {logging_mixin.py:149} INFO - aesthetic rap
[2023-05-08T18:04:27.328+0000] {logging_mixin.py:149} INFO - sad rap
[2023-05-08T18:04:27.498+0000] {logging_mixin.py:149} INFO - indonesian hip hop
[2023-05-08T18:04:27.596+0000] {logging_mixin.py:149} INFO - vapor trap
[2023-05-08T18:04:27.701+0000] {logging_mixin.py:149} INFO - indie pop rap
[2023-05-08T18:04:28.047+0000] {logging_mixin.py:149} INFO - cloud rap
[2023-05-08T18:04:28.262+0000] {logging_mixin.py:149} INFO - atl hip hop
[2023-05-08T18:04:28.277+0000] {python.py:183} INFO - Done. Returned value was: None
[2023-05-08T18:04:28.285+0000] {taskinstance.py:1373} INFO - Marking task as SUCCESS. dag_id=Summer_Warped_ETL, task_id=GetArtistInfo, execution_date=20230508T160958, start_date=20230508T180417, end_date=20230508T180428
[2023-05-08T18:04:28.316+0000] {local_task_job_runner.py:232} INFO - Task exited with return code 0
[2023-05-08T18:04:28.338+0000] {taskinstance.py:2674} INFO - 0 downstream tasks scheduled from follow-on schedule check
