[2023-05-08T16:12:21.757+0000] {taskinstance.py:1125} INFO - Dependencies all met for dep_context=non-requeueable deps ti=<TaskInstance: Summer_Warped_ETL.GetArtistInfo manual__2023-05-08T16:09:58.195696+00:00 [queued]>
[2023-05-08T16:12:21.762+0000] {taskinstance.py:1125} INFO - Dependencies all met for dep_context=requeueable deps ti=<TaskInstance: Summer_Warped_ETL.GetArtistInfo manual__2023-05-08T16:09:58.195696+00:00 [queued]>
[2023-05-08T16:12:21.762+0000] {taskinstance.py:1331} INFO - Starting attempt 2 of 4
[2023-05-08T16:12:21.770+0000] {taskinstance.py:1350} INFO - Executing <Task(PythonOperator): GetArtistInfo> on 2023-05-08 16:09:58.195696+00:00
[2023-05-08T16:12:21.774+0000] {standard_task_runner.py:57} INFO - Started process 917 to run task
[2023-05-08T16:12:21.778+0000] {standard_task_runner.py:84} INFO - Running: ['***', 'tasks', 'run', 'Summer_Warped_ETL', 'GetArtistInfo', 'manual__2023-05-08T16:09:58.195696+00:00', '--job-id', '2474', '--raw', '--subdir', 'DAGS_FOLDER/warped-dag.py', '--cfg-path', '/tmp/tmp1o0wy13g']
[2023-05-08T16:12:21.778+0000] {standard_task_runner.py:85} INFO - Job 2474: Subtask GetArtistInfo
[2023-05-08T16:12:21.815+0000] {task_command.py:410} INFO - Running <TaskInstance: Summer_Warped_ETL.GetArtistInfo manual__2023-05-08T16:09:58.195696+00:00 [running]> on host 7b4753e133cb
[2023-05-08T16:12:21.871+0000] {taskinstance.py:1570} INFO - Exporting env vars: AIRFLOW_CTX_DAG_OWNER='Ananta Moharana' AIRFLOW_CTX_DAG_ID='Summer_Warped_ETL' AIRFLOW_CTX_TASK_ID='GetArtistInfo' AIRFLOW_CTX_EXECUTION_DATE='2023-05-08T16:09:58.195696+00:00' AIRFLOW_CTX_TRY_NUMBER='2' AIRFLOW_CTX_DAG_RUN_ID='manual__2023-05-08T16:09:58.195696+00:00'
[2023-05-08T16:12:22.137+0000] {logging_mixin.py:149} INFO - emo rap
[2023-05-08T16:12:22.244+0000] {logging_mixin.py:149} INFO - cloud rap
[2023-05-08T16:12:22.448+0000] {logging_mixin.py:149} INFO - hyperpop
[2023-05-08T16:12:22.550+0000] {logging_mixin.py:149} INFO - nyc rap
[2023-05-08T16:12:23.086+0000] {logging_mixin.py:149} INFO - upstate ny rap
[2023-05-08T16:12:23.190+0000] {logging_mixin.py:149} INFO - emo rap
[2023-05-08T16:12:23.308+0000] {logging_mixin.py:149} INFO - emo rap
[2023-05-08T16:12:23.414+0000] {logging_mixin.py:149} INFO - hyperpop
[2023-05-08T16:12:23.621+0000] {logging_mixin.py:149} INFO - glitchcore
[2023-05-08T16:12:23.907+0000] {logging_mixin.py:149} INFO - aesthetic rap
[2023-05-08T16:12:24.007+0000] {logging_mixin.py:149} INFO - glitchcore
[2023-05-08T16:12:24.219+0000] {logging_mixin.py:149} INFO - indie pop rap
[2023-05-08T16:12:24.526+0000] {logging_mixin.py:149} INFO - canadian hip hop
[2023-05-08T16:12:24.748+0000] {logging_mixin.py:149} INFO - glitchcore
[2023-05-08T16:12:24.851+0000] {logging_mixin.py:149} INFO - underground hip hop
[2023-05-08T16:12:24.948+0000] {logging_mixin.py:149} INFO - glitchcore
[2023-05-08T16:12:25.044+0000] {logging_mixin.py:149} INFO - asian american hip hop
[2023-05-08T16:12:25.150+0000] {logging_mixin.py:149} INFO - canadian hip hop
[2023-05-08T16:12:25.620+0000] {logging_mixin.py:149} INFO - emo rap
[2023-05-08T16:12:25.726+0000] {logging_mixin.py:149} INFO - sad rap
[2023-05-08T16:12:25.827+0000] {logging_mixin.py:149} INFO - meme rap
[2023-05-08T16:12:25.957+0000] {logging_mixin.py:149} INFO - cloud rap
[2023-05-08T16:12:26.062+0000] {logging_mixin.py:149} INFO - emoplugg
[2023-05-08T16:12:26.312+0000] {logging_mixin.py:149} INFO - alt z
[2023-05-08T16:12:26.751+0000] {logging_mixin.py:149} INFO - cloud rap
[2023-05-08T16:12:26.976+0000] {logging_mixin.py:149} INFO - emo rap
[2023-05-08T16:12:27.182+0000] {logging_mixin.py:149} INFO - canadian contemporary r&b
[2023-05-08T16:12:27.285+0000] {logging_mixin.py:149} INFO - bedroom soul
[2023-05-08T16:12:27.381+0000] {logging_mixin.py:149} INFO - la pop
[2023-05-08T16:12:27.706+0000] {logging_mixin.py:149} INFO - indie pop rap
[2023-05-08T16:12:27.820+0000] {logging_mixin.py:149} INFO - lo-fi rap
[2023-05-08T16:12:28.052+0000] {logging_mixin.py:149} INFO - pop edm
[2023-05-08T16:12:28.153+0000] {logging_mixin.py:149} INFO - indie hip hop
[2023-05-08T16:12:28.451+0000] {logging_mixin.py:149} INFO - emo rap
[2023-05-08T16:12:28.759+0000] {logging_mixin.py:149} INFO - cali rap
[2023-05-08T16:12:28.864+0000] {logging_mixin.py:149} INFO - hyperpop
[2023-05-08T16:12:28.962+0000] {logging_mixin.py:149} INFO - hyperpop
[2023-05-08T16:12:29.070+0000] {logging_mixin.py:149} INFO - pittsburgh rap
[2023-05-08T16:12:29.169+0000] {logging_mixin.py:149} INFO - cloud rap
[2023-05-08T16:12:29.607+0000] {logging_mixin.py:149} INFO - cloud rap
[2023-05-08T16:12:29.705+0000] {logging_mixin.py:149} INFO - alt z
[2023-05-08T16:12:29.906+0000] {logging_mixin.py:149} INFO - cloud rap
[2023-05-08T16:12:30.000+0000] {logging_mixin.py:149} INFO - future bass
[2023-05-08T16:12:30.158+0000] {logging_mixin.py:149} INFO - cloud rap
[2023-05-08T16:12:30.268+0000] {logging_mixin.py:149} INFO - cloud rap
[2023-05-08T16:12:30.807+0000] {logging_mixin.py:149} INFO - st louis rap
[2023-05-08T16:12:30.913+0000] {logging_mixin.py:149} INFO - melodic rap
[2023-05-08T16:12:31.016+0000] {logging_mixin.py:149} INFO - emo rap
[2023-05-08T16:12:31.121+0000] {logging_mixin.py:149} INFO - canadian contemporary r&b
[2023-05-08T16:12:31.217+0000] {logging_mixin.py:149} INFO - sad rap
[2023-05-08T16:12:31.318+0000] {logging_mixin.py:149} INFO - hyperpop
[2023-05-08T16:12:31.421+0000] {logging_mixin.py:149} INFO - aesthetic rap
[2023-05-08T16:12:31.533+0000] {logging_mixin.py:149} INFO - sad rap
[2023-05-08T16:12:31.638+0000] {logging_mixin.py:149} INFO - indonesian hip hop
[2023-05-08T16:12:31.728+0000] {logging_mixin.py:149} INFO - vapor trap
[2023-05-08T16:12:31.828+0000] {logging_mixin.py:149} INFO - indie pop rap
[2023-05-08T16:12:31.932+0000] {logging_mixin.py:149} INFO - cloud rap
[2023-05-08T16:12:32.164+0000] {logging_mixin.py:149} INFO - atl hip hop
[2023-05-08T16:12:32.176+0000] {python.py:183} INFO - Done. Returned value was: None
[2023-05-08T16:12:32.183+0000] {taskinstance.py:1373} INFO - Marking task as SUCCESS. dag_id=Summer_Warped_ETL, task_id=GetArtistInfo, execution_date=20230508T160958, start_date=20230508T161221, end_date=20230508T161232
[2023-05-08T16:12:32.214+0000] {local_task_job_runner.py:232} INFO - Task exited with return code 0
[2023-05-08T16:12:32.233+0000] {taskinstance.py:2674} INFO - 0 downstream tasks scheduled from follow-on schedule check
