[2023-05-09T15:57:20.342+0000] {taskinstance.py:1125} INFO - Dependencies all met for dep_context=non-requeueable deps ti=<TaskInstance: Summer_Warped_ETL.GetArtistInfo manual__2023-05-08T16:09:58.195696+00:00 [queued]>
[2023-05-09T15:57:20.346+0000] {taskinstance.py:1125} INFO - Dependencies all met for dep_context=requeueable deps ti=<TaskInstance: Summer_Warped_ETL.GetArtistInfo manual__2023-05-08T16:09:58.195696+00:00 [queued]>
[2023-05-09T15:57:20.347+0000] {taskinstance.py:1331} INFO - Starting attempt 8 of 10
[2023-05-09T15:57:20.358+0000] {taskinstance.py:1350} INFO - Executing <Task(PythonOperator): GetArtistInfo> on 2023-05-08 16:09:58.195696+00:00
[2023-05-09T15:57:20.363+0000] {standard_task_runner.py:57} INFO - Started process 6268 to run task
[2023-05-09T15:57:20.366+0000] {standard_task_runner.py:84} INFO - Running: ['***', 'tasks', 'run', 'Summer_Warped_ETL', 'GetArtistInfo', 'manual__2023-05-08T16:09:58.195696+00:00', '--job-id', '2677', '--raw', '--subdir', 'DAGS_FOLDER/warped-dag.py', '--cfg-path', '/tmp/tmpefxravxn']
[2023-05-09T15:57:20.367+0000] {standard_task_runner.py:85} INFO - Job 2677: Subtask GetArtistInfo
[2023-05-09T15:57:20.402+0000] {task_command.py:410} INFO - Running <TaskInstance: Summer_Warped_ETL.GetArtistInfo manual__2023-05-08T16:09:58.195696+00:00 [running]> on host 7b4753e133cb
[2023-05-09T15:57:20.455+0000] {taskinstance.py:1570} INFO - Exporting env vars: AIRFLOW_CTX_DAG_OWNER='Ananta Moharana' AIRFLOW_CTX_DAG_ID='Summer_Warped_ETL' AIRFLOW_CTX_TASK_ID='GetArtistInfo' AIRFLOW_CTX_EXECUTION_DATE='2023-05-08T16:09:58.195696+00:00' AIRFLOW_CTX_TRY_NUMBER='8' AIRFLOW_CTX_DAG_RUN_ID='manual__2023-05-08T16:09:58.195696+00:00'
[2023-05-09T15:57:20.683+0000] {logging_mixin.py:149} INFO - emo rap
[2023-05-09T15:57:20.787+0000] {logging_mixin.py:149} INFO - cloud rap
[2023-05-09T15:57:20.991+0000] {logging_mixin.py:149} INFO - hyperpop
[2023-05-09T15:57:21.097+0000] {logging_mixin.py:149} INFO - nyc rap
[2023-05-09T15:57:21.641+0000] {logging_mixin.py:149} INFO - upstate ny rap
[2023-05-09T15:57:21.750+0000] {logging_mixin.py:149} INFO - emo rap
[2023-05-09T15:57:21.853+0000] {logging_mixin.py:149} INFO - emo rap
[2023-05-09T15:57:21.957+0000] {logging_mixin.py:149} INFO - hyperpop
[2023-05-09T15:57:22.154+0000] {logging_mixin.py:149} INFO - glitchcore
[2023-05-09T15:57:22.394+0000] {logging_mixin.py:149} INFO - glitchcore
[2023-05-09T15:57:22.603+0000] {logging_mixin.py:149} INFO - indie pop rap
[2023-05-09T15:57:22.914+0000] {logging_mixin.py:149} INFO - canadian hip hop
[2023-05-09T15:57:23.128+0000] {logging_mixin.py:149} INFO - glitchcore
[2023-05-09T15:57:23.220+0000] {logging_mixin.py:149} INFO - underground hip hop
[2023-05-09T15:57:23.317+0000] {logging_mixin.py:149} INFO - glitchcore
[2023-05-09T15:57:23.425+0000] {logging_mixin.py:149} INFO - asian american hip hop
[2023-05-09T15:57:23.527+0000] {logging_mixin.py:149} INFO - canadian hip hop
[2023-05-09T15:57:23.790+0000] {logging_mixin.py:149} INFO - emo rap
[2023-05-09T15:57:23.879+0000] {logging_mixin.py:149} INFO - sad rap
[2023-05-09T15:57:23.983+0000] {logging_mixin.py:149} INFO - meme rap
[2023-05-09T15:57:24.087+0000] {logging_mixin.py:149} INFO - cloud rap
[2023-05-09T15:57:24.187+0000] {logging_mixin.py:149} INFO - emoplugg
[2023-05-09T15:57:24.336+0000] {logging_mixin.py:149} INFO - alt z
[2023-05-09T15:57:24.646+0000] {logging_mixin.py:149} INFO - cloud rap
[2023-05-09T15:57:24.877+0000] {logging_mixin.py:149} INFO - emo rap
[2023-05-09T15:57:25.073+0000] {logging_mixin.py:149} INFO - canadian contemporary r&b
[2023-05-09T15:57:25.169+0000] {logging_mixin.py:149} INFO - bedroom soul
[2023-05-09T15:57:25.297+0000] {logging_mixin.py:149} INFO - la pop
[2023-05-09T15:57:25.549+0000] {logging_mixin.py:149} INFO - indie pop rap
[2023-05-09T15:57:25.653+0000] {logging_mixin.py:149} INFO - lo-fi rap
[2023-05-09T15:57:25.868+0000] {logging_mixin.py:149} INFO - pop edm
[2023-05-09T15:57:25.986+0000] {logging_mixin.py:149} INFO - indie hip hop
[2023-05-09T15:57:26.601+0000] {logging_mixin.py:149} INFO - cali rap
[2023-05-09T15:57:26.703+0000] {logging_mixin.py:149} INFO - hyperpop
[2023-05-09T15:57:26.803+0000] {logging_mixin.py:149} INFO - hyperpop
[2023-05-09T15:57:26.900+0000] {logging_mixin.py:149} INFO - pittsburgh rap
[2023-05-09T15:57:27.004+0000] {logging_mixin.py:149} INFO - cloud rap
[2023-05-09T15:57:27.309+0000] {logging_mixin.py:149} INFO - cloud rap
[2023-05-09T15:57:27.403+0000] {logging_mixin.py:149} INFO - alt z
[2023-05-09T15:57:27.507+0000] {logging_mixin.py:149} INFO - cloud rap
[2023-05-09T15:57:27.631+0000] {logging_mixin.py:149} INFO - future bass
[2023-05-09T15:57:27.748+0000] {logging_mixin.py:149} INFO - cloud rap
[2023-05-09T15:57:28.051+0000] {logging_mixin.py:149} INFO - st louis rap
[2023-05-09T15:57:28.151+0000] {logging_mixin.py:149} INFO - melodic rap
[2023-05-09T15:57:28.240+0000] {logging_mixin.py:149} INFO - emo rap
[2023-05-09T15:57:28.344+0000] {logging_mixin.py:149} INFO - canadian contemporary r&b
[2023-05-09T15:57:28.468+0000] {logging_mixin.py:149} INFO - sad rap
[2023-05-09T15:57:28.569+0000] {logging_mixin.py:149} INFO - hyperpop
[2023-05-09T15:57:28.780+0000] {logging_mixin.py:149} INFO - aesthetic rap
[2023-05-09T15:57:28.872+0000] {logging_mixin.py:149} INFO - sad rap
[2023-05-09T15:57:28.975+0000] {logging_mixin.py:149} INFO - indonesian hip hop
[2023-05-09T15:57:29.071+0000] {logging_mixin.py:149} INFO - vapor trap
[2023-05-09T15:57:29.171+0000] {logging_mixin.py:149} INFO - indie pop rap
[2023-05-09T15:57:29.292+0000] {python.py:183} INFO - Done. Returned value was: None
[2023-05-09T15:57:29.301+0000] {taskinstance.py:1373} INFO - Marking task as SUCCESS. dag_id=Summer_Warped_ETL, task_id=GetArtistInfo, execution_date=20230508T160958, start_date=20230509T155720, end_date=20230509T155729
[2023-05-09T15:57:29.353+0000] {local_task_job_runner.py:232} INFO - Task exited with return code 0
[2023-05-09T15:57:29.374+0000] {taskinstance.py:2674} INFO - 0 downstream tasks scheduled from follow-on schedule check
