[2023-05-07T17:48:24.994+0000] {taskinstance.py:1125} INFO - Dependencies all met for dep_context=non-requeueable deps ti=<TaskInstance: Summer_Warped_ETL.GetSongsFromPlaylist manual__2023-05-07T00:27:56.636774+00:00 [queued]>
[2023-05-07T17:48:25.000+0000] {taskinstance.py:1125} INFO - Dependencies all met for dep_context=requeueable deps ti=<TaskInstance: Summer_Warped_ETL.GetSongsFromPlaylist manual__2023-05-07T00:27:56.636774+00:00 [queued]>
[2023-05-07T17:48:25.001+0000] {taskinstance.py:1331} INFO - Starting attempt 3 of 5
[2023-05-07T17:48:25.009+0000] {taskinstance.py:1350} INFO - Executing <Task(PythonOperator): GetSongsFromPlaylist> on 2023-05-07 00:27:56.636774+00:00
[2023-05-07T17:48:25.015+0000] {standard_task_runner.py:57} INFO - Started process 115 to run task
[2023-05-07T17:48:25.020+0000] {standard_task_runner.py:84} INFO - Running: ['***', 'tasks', 'run', 'Summer_Warped_ETL', 'GetSongsFromPlaylist', 'manual__2023-05-07T00:27:56.636774+00:00', '--job-id', '877', '--raw', '--subdir', 'DAGS_FOLDER/warped-dag.py', '--cfg-path', '/tmp/tmp10yaolz4']
[2023-05-07T17:48:25.021+0000] {standard_task_runner.py:85} INFO - Job 877: Subtask GetSongsFromPlaylist
[2023-05-07T17:48:25.079+0000] {task_command.py:410} INFO - Running <TaskInstance: Summer_Warped_ETL.GetSongsFromPlaylist manual__2023-05-07T00:27:56.636774+00:00 [running]> on host f67ce86ae01d
[2023-05-07T17:48:25.160+0000] {taskinstance.py:1570} INFO - Exporting env vars: AIRFLOW_CTX_DAG_OWNER='Ananta Moharana' AIRFLOW_CTX_DAG_ID='Summer_Warped_ETL' AIRFLOW_CTX_TASK_ID='GetSongsFromPlaylist' AIRFLOW_CTX_EXECUTION_DATE='2023-05-07T00:27:56.636774+00:00' AIRFLOW_CTX_TRY_NUMBER='3' AIRFLOW_CTX_DAG_RUN_ID='manual__2023-05-07T00:27:56.636774+00:00'
[2023-05-07T17:48:25.610+0000] {logging_mixin.py:149} INFO - 100
[2023-05-07T17:48:25.611+0000] {logging_mixin.py:149} INFO - 0
[2023-05-07T17:48:25.616+0000] {logging_mixin.py:149} INFO - 1
[2023-05-07T17:48:25.619+0000] {logging_mixin.py:149} INFO - 2
[2023-05-07T17:48:25.621+0000] {logging_mixin.py:149} INFO - 3
[2023-05-07T17:48:25.623+0000] {logging_mixin.py:149} INFO - 4
[2023-05-07T17:48:25.625+0000] {logging_mixin.py:149} INFO - 5
[2023-05-07T17:48:25.626+0000] {logging_mixin.py:149} INFO - 6
[2023-05-07T17:48:25.629+0000] {logging_mixin.py:149} INFO - 7
[2023-05-07T17:48:25.631+0000] {logging_mixin.py:149} INFO - 8
[2023-05-07T17:48:25.632+0000] {logging_mixin.py:149} INFO - 9
[2023-05-07T17:48:25.634+0000] {logging_mixin.py:149} INFO - 10
[2023-05-07T17:48:25.636+0000] {logging_mixin.py:149} INFO - 11
[2023-05-07T17:48:25.637+0000] {logging_mixin.py:149} INFO - 12
[2023-05-07T17:48:25.639+0000] {logging_mixin.py:149} INFO - 13
[2023-05-07T17:48:25.641+0000] {logging_mixin.py:149} INFO - 14
[2023-05-07T17:48:25.643+0000] {logging_mixin.py:149} INFO - 15
[2023-05-07T17:48:25.644+0000] {logging_mixin.py:149} INFO - 16
[2023-05-07T17:48:25.645+0000] {logging_mixin.py:149} INFO - 17
[2023-05-07T17:48:25.647+0000] {logging_mixin.py:149} INFO - 18
[2023-05-07T17:48:25.648+0000] {logging_mixin.py:149} INFO - 19
[2023-05-07T17:48:25.650+0000] {logging_mixin.py:149} INFO - 20
[2023-05-07T17:48:25.651+0000] {logging_mixin.py:149} INFO - 21
[2023-05-07T17:48:25.652+0000] {logging_mixin.py:149} INFO - 22
[2023-05-07T17:48:25.653+0000] {logging_mixin.py:149} INFO - 23
[2023-05-07T17:48:25.655+0000] {logging_mixin.py:149} INFO - 24
[2023-05-07T17:48:25.656+0000] {logging_mixin.py:149} INFO - 25
[2023-05-07T17:48:25.658+0000] {logging_mixin.py:149} INFO - 26
[2023-05-07T17:48:25.659+0000] {logging_mixin.py:149} INFO - 27
[2023-05-07T17:48:25.663+0000] {logging_mixin.py:149} INFO - 28
[2023-05-07T17:48:25.664+0000] {logging_mixin.py:149} INFO - 29
[2023-05-07T17:48:25.666+0000] {logging_mixin.py:149} INFO - 30
[2023-05-07T17:48:25.667+0000] {logging_mixin.py:149} INFO - 31
[2023-05-07T17:48:25.669+0000] {logging_mixin.py:149} INFO - 32
[2023-05-07T17:48:25.671+0000] {logging_mixin.py:149} INFO - 33
[2023-05-07T17:48:25.672+0000] {logging_mixin.py:149} INFO - 34
[2023-05-07T17:48:25.673+0000] {logging_mixin.py:149} INFO - 35
[2023-05-07T17:48:25.675+0000] {logging_mixin.py:149} INFO - 36
[2023-05-07T17:48:25.678+0000] {logging_mixin.py:149} INFO - 37
[2023-05-07T17:48:25.679+0000] {logging_mixin.py:149} INFO - 38
[2023-05-07T17:48:25.681+0000] {logging_mixin.py:149} INFO - 39
[2023-05-07T17:48:25.683+0000] {logging_mixin.py:149} INFO - 40
[2023-05-07T17:48:25.685+0000] {logging_mixin.py:149} INFO - 41
[2023-05-07T17:48:25.686+0000] {logging_mixin.py:149} INFO - 42
[2023-05-07T17:48:25.687+0000] {logging_mixin.py:149} INFO - 43
[2023-05-07T17:48:25.689+0000] {logging_mixin.py:149} INFO - 44
[2023-05-07T17:48:25.691+0000] {logging_mixin.py:149} INFO - 45
[2023-05-07T17:48:25.692+0000] {logging_mixin.py:149} INFO - 46
[2023-05-07T17:48:25.695+0000] {logging_mixin.py:149} INFO - 47
[2023-05-07T17:48:25.697+0000] {logging_mixin.py:149} INFO - 48
[2023-05-07T17:48:25.698+0000] {logging_mixin.py:149} INFO - 49
[2023-05-07T17:48:25.699+0000] {logging_mixin.py:149} INFO - 50
[2023-05-07T17:48:25.701+0000] {logging_mixin.py:149} INFO - 51
[2023-05-07T17:48:25.702+0000] {logging_mixin.py:149} INFO - 52
[2023-05-07T17:48:25.703+0000] {logging_mixin.py:149} INFO - 53
[2023-05-07T17:48:25.704+0000] {logging_mixin.py:149} INFO - 54
[2023-05-07T17:48:25.705+0000] {logging_mixin.py:149} INFO - 55
[2023-05-07T17:48:25.707+0000] {logging_mixin.py:149} INFO - 56
[2023-05-07T17:48:25.710+0000] {logging_mixin.py:149} INFO - 57
[2023-05-07T17:48:25.711+0000] {logging_mixin.py:149} INFO - 58
[2023-05-07T17:48:25.713+0000] {logging_mixin.py:149} INFO - 59
[2023-05-07T17:48:25.715+0000] {logging_mixin.py:149} INFO - 60
[2023-05-07T17:48:25.716+0000] {logging_mixin.py:149} INFO - 61
[2023-05-07T17:48:25.717+0000] {logging_mixin.py:149} INFO - 62
[2023-05-07T17:48:25.718+0000] {logging_mixin.py:149} INFO - 63
[2023-05-07T17:48:25.719+0000] {logging_mixin.py:149} INFO - 64
[2023-05-07T17:48:25.720+0000] {logging_mixin.py:149} INFO - 65
[2023-05-07T17:48:25.721+0000] {logging_mixin.py:149} INFO - 66
[2023-05-07T17:48:25.723+0000] {logging_mixin.py:149} INFO - 67
[2023-05-07T17:48:25.725+0000] {logging_mixin.py:149} INFO - 68
[2023-05-07T17:48:25.726+0000] {logging_mixin.py:149} INFO - 69
[2023-05-07T17:48:25.727+0000] {logging_mixin.py:149} INFO - 70
[2023-05-07T17:48:25.733+0000] {logging_mixin.py:149} INFO - 71
[2023-05-07T17:48:25.735+0000] {logging_mixin.py:149} INFO - 72
[2023-05-07T17:48:25.736+0000] {logging_mixin.py:149} INFO - 73
[2023-05-07T17:48:25.737+0000] {logging_mixin.py:149} INFO - 74
[2023-05-07T17:48:25.738+0000] {logging_mixin.py:149} INFO - 75
[2023-05-07T17:48:25.740+0000] {logging_mixin.py:149} INFO - 76
[2023-05-07T17:48:25.741+0000] {logging_mixin.py:149} INFO - 77
[2023-05-07T17:48:25.742+0000] {logging_mixin.py:149} INFO - 78
[2023-05-07T17:48:25.744+0000] {logging_mixin.py:149} INFO - 79
[2023-05-07T17:48:25.745+0000] {logging_mixin.py:149} INFO - 80
[2023-05-07T17:48:25.747+0000] {logging_mixin.py:149} INFO - 81
[2023-05-07T17:48:25.749+0000] {logging_mixin.py:149} INFO - 82
[2023-05-07T17:48:25.750+0000] {logging_mixin.py:149} INFO - 83
[2023-05-07T17:48:25.752+0000] {logging_mixin.py:149} INFO - 84
[2023-05-07T17:48:25.753+0000] {logging_mixin.py:149} INFO - 85
[2023-05-07T17:48:25.755+0000] {logging_mixin.py:149} INFO - 86
[2023-05-07T17:48:25.756+0000] {logging_mixin.py:149} INFO - 87
[2023-05-07T17:48:25.757+0000] {logging_mixin.py:149} INFO - 88
[2023-05-07T17:48:25.758+0000] {logging_mixin.py:149} INFO - 89
[2023-05-07T17:48:25.761+0000] {logging_mixin.py:149} INFO - 90
[2023-05-07T17:48:25.762+0000] {logging_mixin.py:149} INFO - 91
[2023-05-07T17:48:25.763+0000] {logging_mixin.py:149} INFO - 92
[2023-05-07T17:48:25.765+0000] {logging_mixin.py:149} INFO - 93
[2023-05-07T17:48:25.768+0000] {logging_mixin.py:149} INFO - 94
[2023-05-07T17:48:25.771+0000] {logging_mixin.py:149} INFO - 95
[2023-05-07T17:48:25.772+0000] {logging_mixin.py:149} INFO - 96
[2023-05-07T17:48:25.774+0000] {logging_mixin.py:149} INFO - 97
[2023-05-07T17:48:25.775+0000] {logging_mixin.py:149} INFO - 98
[2023-05-07T17:48:25.776+0000] {logging_mixin.py:149} INFO - 99
[2023-05-07T17:48:25.793+0000] {python.py:183} INFO - Done. Returned value was: None
[2023-05-07T17:48:25.801+0000] {taskinstance.py:1373} INFO - Marking task as SUCCESS. dag_id=Summer_Warped_ETL, task_id=GetSongsFromPlaylist, execution_date=20230507T002756, start_date=20230507T174824, end_date=20230507T174825
[2023-05-07T17:48:25.834+0000] {local_task_job_runner.py:232} INFO - Task exited with return code 0
[2023-05-07T17:48:25.859+0000] {taskinstance.py:2674} INFO - 2 downstream tasks scheduled from follow-on schedule check
