[2023-05-07T22:59:52.664+0000] {taskinstance.py:1125} INFO - Dependencies all met for dep_context=non-requeueable deps ti=<TaskInstance: Summer_Warped_ETL.GetArtistInfo manual__2023-05-07T22:59:45.727137+00:00 [queued]>
[2023-05-07T22:59:52.670+0000] {taskinstance.py:1125} INFO - Dependencies all met for dep_context=requeueable deps ti=<TaskInstance: Summer_Warped_ETL.GetArtistInfo manual__2023-05-07T22:59:45.727137+00:00 [queued]>
[2023-05-07T22:59:52.671+0000] {taskinstance.py:1331} INFO - Starting attempt 1 of 3
[2023-05-07T22:59:52.678+0000] {taskinstance.py:1350} INFO - Executing <Task(PythonOperator): GetArtistInfo> on 2023-05-07 22:59:45.727137+00:00
[2023-05-07T22:59:52.683+0000] {standard_task_runner.py:57} INFO - Started process 642 to run task
[2023-05-07T22:59:52.687+0000] {standard_task_runner.py:84} INFO - Running: ['***', 'tasks', 'run', 'Summer_Warped_ETL', 'GetArtistInfo', 'manual__2023-05-07T22:59:45.727137+00:00', '--job-id', '1576', '--raw', '--subdir', 'DAGS_FOLDER/warped-dag.py', '--cfg-path', '/tmp/tmp8p3b41yv']
[2023-05-07T22:59:52.687+0000] {standard_task_runner.py:85} INFO - Job 1576: Subtask GetArtistInfo
[2023-05-07T22:59:52.728+0000] {task_command.py:410} INFO - Running <TaskInstance: Summer_Warped_ETL.GetArtistInfo manual__2023-05-07T22:59:45.727137+00:00 [running]> on host fa349db4fc2f
[2023-05-07T22:59:52.794+0000] {taskinstance.py:1570} INFO - Exporting env vars: AIRFLOW_CTX_DAG_OWNER='Ananta Moharana' AIRFLOW_CTX_DAG_ID='Summer_Warped_ETL' AIRFLOW_CTX_TASK_ID='GetArtistInfo' AIRFLOW_CTX_EXECUTION_DATE='2023-05-07T22:59:45.727137+00:00' AIRFLOW_CTX_TRY_NUMBER='1' AIRFLOW_CTX_DAG_RUN_ID='manual__2023-05-07T22:59:45.727137+00:00'
[2023-05-07T22:59:53.075+0000] {logging_mixin.py:149} INFO - canadian hip hop
[2023-05-07T22:59:53.282+0000] {logging_mixin.py:149} INFO - melodic rap
[2023-05-07T22:59:53.382+0000] {logging_mixin.py:149} INFO - cloud rap
[2023-05-07T22:59:53.495+0000] {logging_mixin.py:149} INFO - cloud rap
[2023-05-07T22:59:53.594+0000] {logging_mixin.py:149} INFO - hyperpop
[2023-05-07T22:59:53.710+0000] {logging_mixin.py:149} INFO - emo rap
[2023-05-07T22:59:53.826+0000] {logging_mixin.py:149} INFO - cloud rap
[2023-05-07T22:59:53.927+0000] {logging_mixin.py:149} INFO - nyc rap
[2023-05-07T22:59:54.025+0000] {logging_mixin.py:149} INFO - hyperpop
[2023-05-07T22:59:54.115+0000] {logging_mixin.py:149} INFO - canadian contemporary r&b
[2023-05-07T22:59:54.228+0000] {logging_mixin.py:149} INFO - la pop
[2023-05-07T22:59:54.326+0000] {logging_mixin.py:149} INFO - glitchcore
[2023-05-07T22:59:54.552+0000] {logging_mixin.py:149} INFO - bedroom soul
[2023-05-07T22:59:54.877+0000] {logging_mixin.py:149} INFO - sad rap
[2023-05-07T22:59:54.971+0000] {logging_mixin.py:149} INFO - cloud rap
[2023-05-07T22:59:55.075+0000] {logging_mixin.py:149} INFO - cloud rap
[2023-05-07T22:59:55.297+0000] {logging_mixin.py:149} INFO - emo rap
[2023-05-07T22:59:55.400+0000] {logging_mixin.py:149} INFO - canadian hip hop
[2023-05-07T22:59:55.499+0000] {logging_mixin.py:149} INFO - hyperpop
[2023-05-07T22:59:55.599+0000] {logging_mixin.py:149} INFO - hyperpop
[2023-05-07T22:59:55.702+0000] {logging_mixin.py:149} INFO - lo-fi rap
[2023-05-07T22:59:55.804+0000] {logging_mixin.py:149} INFO - cloud rap
[2023-05-07T22:59:56.181+0000] {logging_mixin.py:149} INFO - deep underground hip hop
[2023-05-07T22:59:56.577+0000] {logging_mixin.py:149} INFO - aesthetic rap
[2023-05-07T22:59:56.873+0000] {logging_mixin.py:149} INFO - indie pop rap
[2023-05-07T22:59:57.068+0000] {logging_mixin.py:149} INFO - alt z
[2023-05-07T22:59:57.269+0000] {logging_mixin.py:149} INFO - asian american hip hop
[2023-05-07T22:59:57.368+0000] {logging_mixin.py:149} INFO - cloud rap
[2023-05-07T22:59:57.556+0000] {logging_mixin.py:149} INFO - cloud rap
[2023-05-07T22:59:57.649+0000] {logging_mixin.py:149} INFO - emoplugg
[2023-05-07T22:59:57.757+0000] {logging_mixin.py:149} INFO - st louis rap
[2023-05-07T22:59:58.146+0000] {logging_mixin.py:149} INFO - aesthetic rap
[2023-05-07T22:59:58.248+0000] {logging_mixin.py:149} INFO - sad rap
[2023-05-07T22:59:58.406+0000] {logging_mixin.py:149} INFO - underground hip hop
[2023-05-07T22:59:58.505+0000] {logging_mixin.py:149} INFO - meme rap
[2023-05-07T22:59:58.706+0000] {logging_mixin.py:149} INFO - emo rap
[2023-05-07T22:59:58.894+0000] {logging_mixin.py:149} INFO - glitchcore
[2023-05-07T22:59:58.993+0000] {logging_mixin.py:149} INFO - emo rap
[2023-05-07T22:59:59.089+0000] {logging_mixin.py:149} INFO - emo rap
[2023-05-07T22:59:59.406+0000] {logging_mixin.py:149} INFO - vapor trap
[2023-05-07T22:59:59.499+0000] {logging_mixin.py:149} INFO - future bass
[2023-05-07T22:59:59.612+0000] {logging_mixin.py:149} INFO - cloud rap
[2023-05-07T22:59:59.858+0000] {logging_mixin.py:149} INFO - atl hip hop
[2023-05-07T23:00:00.061+0000] {logging_mixin.py:149} INFO - glitchcore
[2023-05-07T23:00:00.185+0000] {logging_mixin.py:149} INFO - indie hip hop
[2023-05-07T23:00:00.296+0000] {logging_mixin.py:149} INFO - indie pop rap
[2023-05-07T23:00:00.387+0000] {logging_mixin.py:149} INFO - sad rap
[2023-05-07T23:00:00.498+0000] {logging_mixin.py:149} INFO - upstate ny rap
[2023-05-07T23:00:00.629+0000] {logging_mixin.py:149} INFO - glitchcore
[2023-05-07T23:00:00.747+0000] {logging_mixin.py:149} INFO - pop edm
[2023-05-07T23:00:00.843+0000] {logging_mixin.py:149} INFO - hyperpop
[2023-05-07T23:00:00.941+0000] {logging_mixin.py:149} INFO - emo rap
[2023-05-07T23:00:01.283+0000] {logging_mixin.py:149} INFO - indonesian hip hop
[2023-05-07T23:00:01.403+0000] {logging_mixin.py:149} INFO - alt z
[2023-05-07T23:00:01.542+0000] {logging_mixin.py:149} INFO - pittsburgh rap
[2023-05-07T23:00:01.680+0000] {logging_mixin.py:149} INFO - cali rap
[2023-05-07T23:00:02.076+0000] {logging_mixin.py:149} INFO - canadian contemporary r&b
[2023-05-07T23:00:02.189+0000] {logging_mixin.py:149} INFO - emo rap
[2023-05-07T23:00:02.315+0000] {python.py:183} INFO - Done. Returned value was: None
[2023-05-07T23:00:02.324+0000] {taskinstance.py:1373} INFO - Marking task as SUCCESS. dag_id=Summer_Warped_ETL, task_id=GetArtistInfo, execution_date=20230507T225945, start_date=20230507T225952, end_date=20230507T230002
[2023-05-07T23:00:02.365+0000] {local_task_job_runner.py:232} INFO - Task exited with return code 0
[2023-05-07T23:00:02.385+0000] {taskinstance.py:2674} INFO - 0 downstream tasks scheduled from follow-on schedule check
