[2023-05-08T00:07:45.182+0000] {taskinstance.py:1125} INFO - Dependencies all met for dep_context=non-requeueable deps ti=<TaskInstance: Summer_Warped_ETL.GetArtistInfo manual__2023-05-07T22:59:45.727137+00:00 [queued]>
[2023-05-08T00:07:45.192+0000] {taskinstance.py:1125} INFO - Dependencies all met for dep_context=requeueable deps ti=<TaskInstance: Summer_Warped_ETL.GetArtistInfo manual__2023-05-07T22:59:45.727137+00:00 [queued]>
[2023-05-08T00:07:45.194+0000] {taskinstance.py:1331} INFO - Starting attempt 2 of 4
[2023-05-08T00:07:45.208+0000] {taskinstance.py:1350} INFO - Executing <Task(PythonOperator): GetArtistInfo> on 2023-05-07 22:59:45.727137+00:00
[2023-05-08T00:07:45.224+0000] {standard_task_runner.py:57} INFO - Started process 1829 to run task
[2023-05-08T00:07:45.233+0000] {standard_task_runner.py:84} INFO - Running: ['***', 'tasks', 'run', 'Summer_Warped_ETL', 'GetArtistInfo', 'manual__2023-05-07T22:59:45.727137+00:00', '--job-id', '1607', '--raw', '--subdir', 'DAGS_FOLDER/warped-dag.py', '--cfg-path', '/tmp/tmptf4q4krj']
[2023-05-08T00:07:45.234+0000] {standard_task_runner.py:85} INFO - Job 1607: Subtask GetArtistInfo
[2023-05-08T00:07:45.321+0000] {task_command.py:410} INFO - Running <TaskInstance: Summer_Warped_ETL.GetArtistInfo manual__2023-05-07T22:59:45.727137+00:00 [running]> on host fa349db4fc2f
[2023-05-08T00:07:45.442+0000] {taskinstance.py:1570} INFO - Exporting env vars: AIRFLOW_CTX_DAG_OWNER='Ananta Moharana' AIRFLOW_CTX_DAG_ID='Summer_Warped_ETL' AIRFLOW_CTX_TASK_ID='GetArtistInfo' AIRFLOW_CTX_EXECUTION_DATE='2023-05-07T22:59:45.727137+00:00' AIRFLOW_CTX_TRY_NUMBER='2' AIRFLOW_CTX_DAG_RUN_ID='manual__2023-05-07T22:59:45.727137+00:00'
[2023-05-08T00:07:45.809+0000] {logging_mixin.py:149} INFO - canadian hip hop
[2023-05-08T00:07:46.029+0000] {logging_mixin.py:149} INFO - melodic rap
[2023-05-08T00:07:46.142+0000] {logging_mixin.py:149} INFO - cloud rap
[2023-05-08T00:07:46.239+0000] {logging_mixin.py:149} INFO - cloud rap
[2023-05-08T00:07:46.557+0000] {logging_mixin.py:149} INFO - hyperpop
[2023-05-08T00:07:46.673+0000] {logging_mixin.py:149} INFO - emo rap
[2023-05-08T00:07:46.776+0000] {logging_mixin.py:149} INFO - cloud rap
[2023-05-08T00:07:46.874+0000] {logging_mixin.py:149} INFO - nyc rap
[2023-05-08T00:07:47.191+0000] {logging_mixin.py:149} INFO - hyperpop
[2023-05-08T00:07:47.311+0000] {logging_mixin.py:149} INFO - canadian contemporary r&b
[2023-05-08T00:07:47.417+0000] {logging_mixin.py:149} INFO - la pop
[2023-05-08T00:07:47.513+0000] {logging_mixin.py:149} INFO - glitchcore
[2023-05-08T00:07:47.714+0000] {logging_mixin.py:149} INFO - bedroom soul
[2023-05-08T00:07:48.018+0000] {logging_mixin.py:149} INFO - sad rap
[2023-05-08T00:07:48.116+0000] {logging_mixin.py:149} INFO - cloud rap
[2023-05-08T00:07:48.222+0000] {logging_mixin.py:149} INFO - cloud rap
[2023-05-08T00:07:48.460+0000] {logging_mixin.py:149} INFO - emo rap
[2023-05-08T00:07:48.558+0000] {logging_mixin.py:149} INFO - canadian hip hop
[2023-05-08T00:07:48.678+0000] {logging_mixin.py:149} INFO - hyperpop
[2023-05-08T00:07:48.777+0000] {logging_mixin.py:149} INFO - hyperpop
[2023-05-08T00:07:48.924+0000] {logging_mixin.py:149} INFO - lo-fi rap
[2023-05-08T00:07:49.015+0000] {logging_mixin.py:149} INFO - cloud rap
[2023-05-08T00:07:49.495+0000] {logging_mixin.py:149} INFO - deep underground hip hop
[2023-05-08T00:07:49.910+0000] {logging_mixin.py:149} INFO - aesthetic rap
[2023-05-08T00:07:50.275+0000] {logging_mixin.py:149} INFO - indie pop rap
[2023-05-08T00:07:50.497+0000] {logging_mixin.py:149} INFO - alt z
[2023-05-08T00:07:50.710+0000] {logging_mixin.py:149} INFO - asian american hip hop
[2023-05-08T00:07:50.819+0000] {logging_mixin.py:149} INFO - cloud rap
[2023-05-08T00:07:51.047+0000] {logging_mixin.py:149} INFO - cloud rap
[2023-05-08T00:07:51.154+0000] {logging_mixin.py:149} INFO - emoplugg
[2023-05-08T00:07:51.264+0000] {logging_mixin.py:149} INFO - st louis rap
[2023-05-08T00:07:51.718+0000] {logging_mixin.py:149} INFO - aesthetic rap
[2023-05-08T00:07:51.809+0000] {logging_mixin.py:149} INFO - sad rap
[2023-05-08T00:07:51.910+0000] {logging_mixin.py:149} INFO - underground hip hop
[2023-05-08T00:07:52.017+0000] {logging_mixin.py:149} INFO - meme rap
[2023-05-08T00:07:52.231+0000] {logging_mixin.py:149} INFO - emo rap
[2023-05-08T00:07:52.431+0000] {logging_mixin.py:149} INFO - glitchcore
[2023-05-08T00:07:52.546+0000] {logging_mixin.py:149} INFO - emo rap
[2023-05-08T00:07:52.646+0000] {logging_mixin.py:149} INFO - emo rap
[2023-05-08T00:07:53.028+0000] {logging_mixin.py:149} INFO - vapor trap
[2023-05-08T00:07:53.129+0000] {logging_mixin.py:149} INFO - future bass
[2023-05-08T00:07:53.301+0000] {logging_mixin.py:149} INFO - cloud rap
[2023-05-08T00:07:53.500+0000] {logging_mixin.py:149} INFO - atl hip hop
[2023-05-08T00:07:53.741+0000] {logging_mixin.py:149} INFO - glitchcore
[2023-05-08T00:07:53.851+0000] {logging_mixin.py:149} INFO - indie hip hop
[2023-05-08T00:07:53.950+0000] {logging_mixin.py:149} INFO - indie pop rap
[2023-05-08T00:07:54.051+0000] {logging_mixin.py:149} INFO - sad rap
[2023-05-08T00:07:54.155+0000] {logging_mixin.py:149} INFO - upstate ny rap
[2023-05-08T00:07:54.252+0000] {logging_mixin.py:149} INFO - glitchcore
[2023-05-08T00:07:54.352+0000] {logging_mixin.py:149} INFO - pop edm
[2023-05-08T00:07:54.446+0000] {logging_mixin.py:149} INFO - hyperpop
[2023-05-08T00:07:54.553+0000] {logging_mixin.py:149} INFO - emo rap
[2023-05-08T00:07:54.927+0000] {logging_mixin.py:149} INFO - indonesian hip hop
[2023-05-08T00:07:55.042+0000] {logging_mixin.py:149} INFO - alt z
[2023-05-08T00:07:55.147+0000] {logging_mixin.py:149} INFO - pittsburgh rap
[2023-05-08T00:07:55.247+0000] {logging_mixin.py:149} INFO - cali rap
[2023-05-08T00:07:55.821+0000] {logging_mixin.py:149} INFO - canadian contemporary r&b
[2023-05-08T00:07:55.939+0000] {logging_mixin.py:149} INFO - emo rap
[2023-05-08T00:07:56.047+0000] {python.py:183} INFO - Done. Returned value was: None
[2023-05-08T00:07:56.055+0000] {taskinstance.py:1373} INFO - Marking task as SUCCESS. dag_id=Summer_Warped_ETL, task_id=GetArtistInfo, execution_date=20230507T225945, start_date=20230508T000745, end_date=20230508T000756
[2023-05-08T00:07:56.078+0000] {local_task_job_runner.py:232} INFO - Task exited with return code 0
[2023-05-08T00:07:56.099+0000] {taskinstance.py:2674} INFO - 0 downstream tasks scheduled from follow-on schedule check
