[2023-05-09T16:04:35.778+0000] {taskinstance.py:1125} INFO - Dependencies all met for dep_context=non-requeueable deps ti=<TaskInstance: Summer_Warped_ETL.LoadData.LoadArtistFact manual__2023-05-09T16:03:30.694888+00:00 [queued]>
[2023-05-09T16:04:35.787+0000] {taskinstance.py:1125} INFO - Dependencies all met for dep_context=requeueable deps ti=<TaskInstance: Summer_Warped_ETL.LoadData.LoadArtistFact manual__2023-05-09T16:03:30.694888+00:00 [queued]>
[2023-05-09T16:04:35.790+0000] {taskinstance.py:1331} INFO - Starting attempt 1 of 3
[2023-05-09T16:04:35.800+0000] {taskinstance.py:1350} INFO - Executing <Task(PythonOperator): LoadData.LoadArtistFact> on 2023-05-09 16:03:30.694888+00:00
[2023-05-09T16:04:35.808+0000] {standard_task_runner.py:57} INFO - Started process 6655 to run task
[2023-05-09T16:04:35.814+0000] {standard_task_runner.py:84} INFO - Running: ['***', 'tasks', 'run', 'Summer_Warped_ETL', 'LoadData.LoadArtistFact', 'manual__2023-05-09T16:03:30.694888+00:00', '--job-id', '2751', '--raw', '--subdir', 'DAGS_FOLDER/warped-dag.py', '--cfg-path', '/tmp/tmph4g46qzt']
[2023-05-09T16:04:35.816+0000] {standard_task_runner.py:85} INFO - Job 2751: Subtask LoadData.LoadArtistFact
[2023-05-09T16:04:35.861+0000] {task_command.py:410} INFO - Running <TaskInstance: Summer_Warped_ETL.LoadData.LoadArtistFact manual__2023-05-09T16:03:30.694888+00:00 [running]> on host 7b4753e133cb
[2023-05-09T16:04:35.929+0000] {taskinstance.py:1570} INFO - Exporting env vars: AIRFLOW_CTX_DAG_OWNER='Ananta Moharana' AIRFLOW_CTX_DAG_ID='Summer_Warped_ETL' AIRFLOW_CTX_TASK_ID='LoadData.LoadArtistFact' AIRFLOW_CTX_EXECUTION_DATE='2023-05-09T16:03:30.694888+00:00' AIRFLOW_CTX_TRY_NUMBER='1' AIRFLOW_CTX_DAG_RUN_ID='manual__2023-05-09T16:03:30.694888+00:00'
[2023-05-09T16:04:35.932+0000] {logging_mixin.py:149} INFO - 2023-05/artist_fact.csv
[2023-05-09T16:04:35.942+0000] {base.py:73} INFO - Using connection ID 'aws_connection' for task execution.
[2023-05-09T16:04:35.943+0000] {connection_wrapper.py:337} INFO - AWS Connection (conn_id='aws_connection', conn_type='aws') credentials retrieved from login and password.
[2023-05-09T16:04:36.149+0000] {logging_mixin.py:149} INFO -                 artist_id  followers  popularity        date
0  5aTRa02UP1y6PW5klZiTt0      15174          40  2023-05-09
1  3XOHHfvBYKCMo1h0DFY27z       5496          36  2023-05-09
2  1trffosn0Alk3IlloOD5O8      16995          44  2023-05-09
3  04ei5kNgmDuNAydFhhIHnD     362020          58  2023-05-09
4  4kqFrZkeqDfOIEqTWqbOOV     193943          61  2023-05-09
[2023-05-09T16:04:36.150+0000] {logging_mixin.py:149} INFO - INSERT INTO artist_fact (artist_id,followers,popularity,date) VALUES (%s,%s,%s,%s) ON CONFLICT (artist_id,date) DO UPDATE SET artist_id=EXCLUDED.artist_id,followers=EXCLUDED.followers,popularity=EXCLUDED.popularity,date=EXCLUDED.date
[2023-05-09T16:04:36.159+0000] {base.py:73} INFO - Using connection ID '***' for task execution.
[2023-05-09T16:04:36.170+0000] {sql.py:375} INFO - Running statement: INSERT INTO artist_fact (artist_id,followers,popularity,date) VALUES (%s,%s,%s,%s) ON CONFLICT (artist_id,date) DO UPDATE SET artist_id=EXCLUDED.artist_id,followers=EXCLUDED.followers,popularity=EXCLUDED.popularity,date=EXCLUDED.date, parameters: ('5aTRa02UP1y6PW5klZiTt0', 15174, 40, '2023-05-09')
[2023-05-09T16:04:36.172+0000] {sql.py:384} INFO - Rows affected: 1
[2023-05-09T16:04:36.181+0000] {base.py:73} INFO - Using connection ID '***' for task execution.
[2023-05-09T16:04:36.187+0000] {sql.py:375} INFO - Running statement: INSERT INTO artist_fact (artist_id,followers,popularity,date) VALUES (%s,%s,%s,%s) ON CONFLICT (artist_id,date) DO UPDATE SET artist_id=EXCLUDED.artist_id,followers=EXCLUDED.followers,popularity=EXCLUDED.popularity,date=EXCLUDED.date, parameters: ('3XOHHfvBYKCMo1h0DFY27z', 5496, 36, '2023-05-09')
[2023-05-09T16:04:36.189+0000] {sql.py:384} INFO - Rows affected: 1
[2023-05-09T16:04:36.196+0000] {base.py:73} INFO - Using connection ID '***' for task execution.
[2023-05-09T16:04:36.202+0000] {sql.py:375} INFO - Running statement: INSERT INTO artist_fact (artist_id,followers,popularity,date) VALUES (%s,%s,%s,%s) ON CONFLICT (artist_id,date) DO UPDATE SET artist_id=EXCLUDED.artist_id,followers=EXCLUDED.followers,popularity=EXCLUDED.popularity,date=EXCLUDED.date, parameters: ('1trffosn0Alk3IlloOD5O8', 16995, 44, '2023-05-09')
[2023-05-09T16:04:36.204+0000] {sql.py:384} INFO - Rows affected: 1
[2023-05-09T16:04:36.212+0000] {base.py:73} INFO - Using connection ID '***' for task execution.
[2023-05-09T16:04:36.219+0000] {sql.py:375} INFO - Running statement: INSERT INTO artist_fact (artist_id,followers,popularity,date) VALUES (%s,%s,%s,%s) ON CONFLICT (artist_id,date) DO UPDATE SET artist_id=EXCLUDED.artist_id,followers=EXCLUDED.followers,popularity=EXCLUDED.popularity,date=EXCLUDED.date, parameters: ('04ei5kNgmDuNAydFhhIHnD', 362020, 58, '2023-05-09')
[2023-05-09T16:04:36.222+0000] {sql.py:384} INFO - Rows affected: 1
[2023-05-09T16:04:36.231+0000] {base.py:73} INFO - Using connection ID '***' for task execution.
[2023-05-09T16:04:36.237+0000] {sql.py:375} INFO - Running statement: INSERT INTO artist_fact (artist_id,followers,popularity,date) VALUES (%s,%s,%s,%s) ON CONFLICT (artist_id,date) DO UPDATE SET artist_id=EXCLUDED.artist_id,followers=EXCLUDED.followers,popularity=EXCLUDED.popularity,date=EXCLUDED.date, parameters: ('4kqFrZkeqDfOIEqTWqbOOV', 193943, 61, '2023-05-09')
[2023-05-09T16:04:36.239+0000] {sql.py:384} INFO - Rows affected: 1
[2023-05-09T16:04:36.247+0000] {base.py:73} INFO - Using connection ID '***' for task execution.
[2023-05-09T16:04:36.255+0000] {sql.py:375} INFO - Running statement: INSERT INTO artist_fact (artist_id,followers,popularity,date) VALUES (%s,%s,%s,%s) ON CONFLICT (artist_id,date) DO UPDATE SET artist_id=EXCLUDED.artist_id,followers=EXCLUDED.followers,popularity=EXCLUDED.popularity,date=EXCLUDED.date, parameters: ('0WvTK38rXqPCD5pZMDuX20', 207485, 52, '2023-05-09')
[2023-05-09T16:04:36.256+0000] {sql.py:384} INFO - Rows affected: 1
[2023-05-09T16:04:36.263+0000] {base.py:73} INFO - Using connection ID '***' for task execution.
[2023-05-09T16:04:36.270+0000] {sql.py:375} INFO - Running statement: INSERT INTO artist_fact (artist_id,followers,popularity,date) VALUES (%s,%s,%s,%s) ON CONFLICT (artist_id,date) DO UPDATE SET artist_id=EXCLUDED.artist_id,followers=EXCLUDED.followers,popularity=EXCLUDED.popularity,date=EXCLUDED.date, parameters: ('3hOdow4ZPmrby7Q1wfPLEy', 331980, 61, '2023-05-09')
[2023-05-09T16:04:36.272+0000] {sql.py:384} INFO - Rows affected: 1
[2023-05-09T16:04:36.282+0000] {base.py:73} INFO - Using connection ID '***' for task execution.
[2023-05-09T16:04:36.288+0000] {sql.py:375} INFO - Running statement: INSERT INTO artist_fact (artist_id,followers,popularity,date) VALUES (%s,%s,%s,%s) ON CONFLICT (artist_id,date) DO UPDATE SET artist_id=EXCLUDED.artist_id,followers=EXCLUDED.followers,popularity=EXCLUDED.popularity,date=EXCLUDED.date, parameters: ('7eRBEVzcZk4XyIdF0Btfg4', 2518, 31, '2023-05-09')
[2023-05-09T16:04:36.290+0000] {sql.py:384} INFO - Rows affected: 1
[2023-05-09T16:04:36.299+0000] {base.py:73} INFO - Using connection ID '***' for task execution.
[2023-05-09T16:04:36.306+0000] {sql.py:375} INFO - Running statement: INSERT INTO artist_fact (artist_id,followers,popularity,date) VALUES (%s,%s,%s,%s) ON CONFLICT (artist_id,date) DO UPDATE SET artist_id=EXCLUDED.artist_id,followers=EXCLUDED.followers,popularity=EXCLUDED.popularity,date=EXCLUDED.date, parameters: ('3Ae7AQITxFS0r3yGQHYDJI', 2104, 25, '2023-05-09')
[2023-05-09T16:04:36.307+0000] {sql.py:384} INFO - Rows affected: 1
[2023-05-09T16:04:36.316+0000] {base.py:73} INFO - Using connection ID '***' for task execution.
[2023-05-09T16:04:36.322+0000] {sql.py:375} INFO - Running statement: INSERT INTO artist_fact (artist_id,followers,popularity,date) VALUES (%s,%s,%s,%s) ON CONFLICT (artist_id,date) DO UPDATE SET artist_id=EXCLUDED.artist_id,followers=EXCLUDED.followers,popularity=EXCLUDED.popularity,date=EXCLUDED.date, parameters: ('7C4ztJMkuGRy0qkU6dG5hU', 26338, 39, '2023-05-09')
[2023-05-09T16:04:36.323+0000] {sql.py:384} INFO - Rows affected: 1
[2023-05-09T16:04:36.331+0000] {base.py:73} INFO - Using connection ID '***' for task execution.
[2023-05-09T16:04:36.338+0000] {sql.py:375} INFO - Running statement: INSERT INTO artist_fact (artist_id,followers,popularity,date) VALUES (%s,%s,%s,%s) ON CONFLICT (artist_id,date) DO UPDATE SET artist_id=EXCLUDED.artist_id,followers=EXCLUDED.followers,popularity=EXCLUDED.popularity,date=EXCLUDED.date, parameters: ('0vUk0rbl0BkFjmeFvjOvoj', 719, 18, '2023-05-09')
[2023-05-09T16:04:36.339+0000] {sql.py:384} INFO - Rows affected: 1
[2023-05-09T16:04:36.347+0000] {base.py:73} INFO - Using connection ID '***' for task execution.
[2023-05-09T16:04:36.354+0000] {sql.py:375} INFO - Running statement: INSERT INTO artist_fact (artist_id,followers,popularity,date) VALUES (%s,%s,%s,%s) ON CONFLICT (artist_id,date) DO UPDATE SET artist_id=EXCLUDED.artist_id,followers=EXCLUDED.followers,popularity=EXCLUDED.popularity,date=EXCLUDED.date, parameters: ('2cFrymmkijnjDg9SS92EPM', 4855844, 78, '2023-05-09')
[2023-05-09T16:04:36.356+0000] {sql.py:384} INFO - Rows affected: 1
[2023-05-09T16:04:36.364+0000] {base.py:73} INFO - Using connection ID '***' for task execution.
[2023-05-09T16:04:36.373+0000] {sql.py:375} INFO - Running statement: INSERT INTO artist_fact (artist_id,followers,popularity,date) VALUES (%s,%s,%s,%s) ON CONFLICT (artist_id,date) DO UPDATE SET artist_id=EXCLUDED.artist_id,followers=EXCLUDED.followers,popularity=EXCLUDED.popularity,date=EXCLUDED.date, parameters: ('3Ps6le7tj5BdNtdnfNgTU4', 290897, 52, '2023-05-09')
[2023-05-09T16:04:36.374+0000] {sql.py:384} INFO - Rows affected: 1
[2023-05-09T16:04:36.381+0000] {base.py:73} INFO - Using connection ID '***' for task execution.
[2023-05-09T16:04:36.389+0000] {sql.py:375} INFO - Running statement: INSERT INTO artist_fact (artist_id,followers,popularity,date) VALUES (%s,%s,%s,%s) ON CONFLICT (artist_id,date) DO UPDATE SET artist_id=EXCLUDED.artist_id,followers=EXCLUDED.followers,popularity=EXCLUDED.popularity,date=EXCLUDED.date, parameters: ('2QuPPChZpqAai29uqulNFe', 3660, 33, '2023-05-09')
[2023-05-09T16:04:36.390+0000] {sql.py:384} INFO - Rows affected: 1
[2023-05-09T16:04:36.397+0000] {base.py:73} INFO - Using connection ID '***' for task execution.
[2023-05-09T16:04:36.404+0000] {sql.py:375} INFO - Running statement: INSERT INTO artist_fact (artist_id,followers,popularity,date) VALUES (%s,%s,%s,%s) ON CONFLICT (artist_id,date) DO UPDATE SET artist_id=EXCLUDED.artist_id,followers=EXCLUDED.followers,popularity=EXCLUDED.popularity,date=EXCLUDED.date, parameters: ('5ZPYeVqoWNuukwfarvkyJX', 22564, 37, '2023-05-09')
[2023-05-09T16:04:36.406+0000] {sql.py:384} INFO - Rows affected: 1
[2023-05-09T16:04:36.413+0000] {base.py:73} INFO - Using connection ID '***' for task execution.
[2023-05-09T16:04:36.420+0000] {sql.py:375} INFO - Running statement: INSERT INTO artist_fact (artist_id,followers,popularity,date) VALUES (%s,%s,%s,%s) ON CONFLICT (artist_id,date) DO UPDATE SET artist_id=EXCLUDED.artist_id,followers=EXCLUDED.followers,popularity=EXCLUDED.popularity,date=EXCLUDED.date, parameters: ('0BxHc5dN9BSfLZ8PCch9wT', 3910, 23, '2023-05-09')
[2023-05-09T16:04:36.421+0000] {sql.py:384} INFO - Rows affected: 1
[2023-05-09T16:04:36.428+0000] {base.py:73} INFO - Using connection ID '***' for task execution.
[2023-05-09T16:04:36.434+0000] {sql.py:375} INFO - Running statement: INSERT INTO artist_fact (artist_id,followers,popularity,date) VALUES (%s,%s,%s,%s) ON CONFLICT (artist_id,date) DO UPDATE SET artist_id=EXCLUDED.artist_id,followers=EXCLUDED.followers,popularity=EXCLUDED.popularity,date=EXCLUDED.date, parameters: ('1iT8Vbd7KhZiBji3G72zDW', 3627, 24, '2023-05-09')
[2023-05-09T16:04:36.436+0000] {sql.py:384} INFO - Rows affected: 1
[2023-05-09T16:04:36.442+0000] {base.py:73} INFO - Using connection ID '***' for task execution.
[2023-05-09T16:04:36.449+0000] {sql.py:375} INFO - Running statement: INSERT INTO artist_fact (artist_id,followers,popularity,date) VALUES (%s,%s,%s,%s) ON CONFLICT (artist_id,date) DO UPDATE SET artist_id=EXCLUDED.artist_id,followers=EXCLUDED.followers,popularity=EXCLUDED.popularity,date=EXCLUDED.date, parameters: ('4cJKDGSv4Dz9QycXYmo565', 231250, 63, '2023-05-09')
[2023-05-09T16:04:36.451+0000] {sql.py:384} INFO - Rows affected: 1
[2023-05-09T16:04:36.458+0000] {base.py:73} INFO - Using connection ID '***' for task execution.
[2023-05-09T16:04:41.471+0000] {sql.py:375} INFO - Running statement: INSERT INTO artist_fact (artist_id,followers,popularity,date) VALUES (%s,%s,%s,%s) ON CONFLICT (artist_id,date) DO UPDATE SET artist_id=EXCLUDED.artist_id,followers=EXCLUDED.followers,popularity=EXCLUDED.popularity,date=EXCLUDED.date, parameters: ('0UENogXhLeGTZjub4eejjX', 4963, 39, '2023-05-09')
[2023-05-09T16:04:41.472+0000] {sql.py:384} INFO - Rows affected: 1
[2023-05-09T16:04:41.480+0000] {base.py:73} INFO - Using connection ID '***' for task execution.
[2023-05-09T16:04:41.488+0000] {sql.py:375} INFO - Running statement: INSERT INTO artist_fact (artist_id,followers,popularity,date) VALUES (%s,%s,%s,%s) ON CONFLICT (artist_id,date) DO UPDATE SET artist_id=EXCLUDED.artist_id,followers=EXCLUDED.followers,popularity=EXCLUDED.popularity,date=EXCLUDED.date, parameters: ('7b2FbxYmnpGMPqDe04QmyP', 33221, 46, '2023-05-09')
[2023-05-09T16:04:41.490+0000] {sql.py:384} INFO - Rows affected: 1
[2023-05-09T16:04:41.498+0000] {base.py:73} INFO - Using connection ID '***' for task execution.
[2023-05-09T16:04:41.507+0000] {sql.py:375} INFO - Running statement: INSERT INTO artist_fact (artist_id,followers,popularity,date) VALUES (%s,%s,%s,%s) ON CONFLICT (artist_id,date) DO UPDATE SET artist_id=EXCLUDED.artist_id,followers=EXCLUDED.followers,popularity=EXCLUDED.popularity,date=EXCLUDED.date, parameters: ('2anlj4dNUn9I1VxxmjRHRx', 12615, 44, '2023-05-09')
[2023-05-09T16:04:41.509+0000] {sql.py:384} INFO - Rows affected: 1
[2023-05-09T16:04:41.517+0000] {base.py:73} INFO - Using connection ID '***' for task execution.
[2023-05-09T16:04:41.531+0000] {sql.py:375} INFO - Running statement: INSERT INTO artist_fact (artist_id,followers,popularity,date) VALUES (%s,%s,%s,%s) ON CONFLICT (artist_id,date) DO UPDATE SET artist_id=EXCLUDED.artist_id,followers=EXCLUDED.followers,popularity=EXCLUDED.popularity,date=EXCLUDED.date, parameters: ('4FI4qPOnjt3D8DnJQrNWps', 8, 0, '2023-05-09')
[2023-05-09T16:04:41.533+0000] {sql.py:384} INFO - Rows affected: 1
[2023-05-09T16:04:41.540+0000] {base.py:73} INFO - Using connection ID '***' for task execution.
[2023-05-09T16:04:41.549+0000] {sql.py:375} INFO - Running statement: INSERT INTO artist_fact (artist_id,followers,popularity,date) VALUES (%s,%s,%s,%s) ON CONFLICT (artist_id,date) DO UPDATE SET artist_id=EXCLUDED.artist_id,followers=EXCLUDED.followers,popularity=EXCLUDED.popularity,date=EXCLUDED.date, parameters: ('5uLkZ7FWMTBUg1corQqdkR', 502311, 60, '2023-05-09')
[2023-05-09T16:04:41.551+0000] {sql.py:384} INFO - Rows affected: 1
[2023-05-09T16:04:41.558+0000] {base.py:73} INFO - Using connection ID '***' for task execution.
[2023-05-09T16:04:41.566+0000] {sql.py:375} INFO - Running statement: INSERT INTO artist_fact (artist_id,followers,popularity,date) VALUES (%s,%s,%s,%s) ON CONFLICT (artist_id,date) DO UPDATE SET artist_id=EXCLUDED.artist_id,followers=EXCLUDED.followers,popularity=EXCLUDED.popularity,date=EXCLUDED.date, parameters: ('0ILo2K3FmfIh4ICcbHE7RK', 30166, 52, '2023-05-09')
[2023-05-09T16:04:41.568+0000] {sql.py:384} INFO - Rows affected: 1
[2023-05-09T16:04:41.574+0000] {base.py:73} INFO - Using connection ID '***' for task execution.
[2023-05-09T16:04:41.582+0000] {sql.py:375} INFO - Running statement: INSERT INTO artist_fact (artist_id,followers,popularity,date) VALUES (%s,%s,%s,%s) ON CONFLICT (artist_id,date) DO UPDATE SET artist_id=EXCLUDED.artist_id,followers=EXCLUDED.followers,popularity=EXCLUDED.popularity,date=EXCLUDED.date, parameters: ('0r7PsZB4ePA6vHrW4agoGN', 30038, 28, '2023-05-09')
[2023-05-09T16:04:41.584+0000] {sql.py:384} INFO - Rows affected: 1
[2023-05-09T16:04:41.591+0000] {base.py:73} INFO - Using connection ID '***' for task execution.
[2023-05-09T16:04:41.599+0000] {sql.py:375} INFO - Running statement: INSERT INTO artist_fact (artist_id,followers,popularity,date) VALUES (%s,%s,%s,%s) ON CONFLICT (artist_id,date) DO UPDATE SET artist_id=EXCLUDED.artist_id,followers=EXCLUDED.followers,popularity=EXCLUDED.popularity,date=EXCLUDED.date, parameters: ('1PpFka2STGQ57kJcgYBgEF', 18135, 41, '2023-05-09')
[2023-05-09T16:04:41.601+0000] {sql.py:384} INFO - Rows affected: 1
[2023-05-09T16:04:41.608+0000] {base.py:73} INFO - Using connection ID '***' for task execution.
[2023-05-09T16:04:41.616+0000] {sql.py:375} INFO - Running statement: INSERT INTO artist_fact (artist_id,followers,popularity,date) VALUES (%s,%s,%s,%s) ON CONFLICT (artist_id,date) DO UPDATE SET artist_id=EXCLUDED.artist_id,followers=EXCLUDED.followers,popularity=EXCLUDED.popularity,date=EXCLUDED.date, parameters: ('6YxrfNCKBcQlbITpmDLErL', 104179, 54, '2023-05-09')
[2023-05-09T16:04:41.617+0000] {sql.py:384} INFO - Rows affected: 1
[2023-05-09T16:04:41.624+0000] {base.py:73} INFO - Using connection ID '***' for task execution.
[2023-05-09T16:04:41.634+0000] {sql.py:375} INFO - Running statement: INSERT INTO artist_fact (artist_id,followers,popularity,date) VALUES (%s,%s,%s,%s) ON CONFLICT (artist_id,date) DO UPDATE SET artist_id=EXCLUDED.artist_id,followers=EXCLUDED.followers,popularity=EXCLUDED.popularity,date=EXCLUDED.date, parameters: ('2R2Yg2qPloNOTOfqxfXX7l', 20622, 44, '2023-05-09')
[2023-05-09T16:04:41.636+0000] {sql.py:384} INFO - Rows affected: 1
[2023-05-09T16:04:41.645+0000] {base.py:73} INFO - Using connection ID '***' for task execution.
[2023-05-09T16:04:41.654+0000] {sql.py:375} INFO - Running statement: INSERT INTO artist_fact (artist_id,followers,popularity,date) VALUES (%s,%s,%s,%s) ON CONFLICT (artist_id,date) DO UPDATE SET artist_id=EXCLUDED.artist_id,followers=EXCLUDED.followers,popularity=EXCLUDED.popularity,date=EXCLUDED.date, parameters: ('4yOY5zmuuTlS1DbG3yZGki', 20, 38, '2023-05-09')
[2023-05-09T16:04:41.657+0000] {sql.py:384} INFO - Rows affected: 1
[2023-05-09T16:04:41.665+0000] {base.py:73} INFO - Using connection ID '***' for task execution.
[2023-05-09T16:04:41.674+0000] {sql.py:375} INFO - Running statement: INSERT INTO artist_fact (artist_id,followers,popularity,date) VALUES (%s,%s,%s,%s) ON CONFLICT (artist_id,date) DO UPDATE SET artist_id=EXCLUDED.artist_id,followers=EXCLUDED.followers,popularity=EXCLUDED.popularity,date=EXCLUDED.date, parameters: ('7iVscW49OWowl9SoLmWzfy', 11647, 44, '2023-05-09')
[2023-05-09T16:04:41.676+0000] {sql.py:384} INFO - Rows affected: 1
[2023-05-09T16:04:41.684+0000] {base.py:73} INFO - Using connection ID '***' for task execution.
[2023-05-09T16:04:41.691+0000] {sql.py:375} INFO - Running statement: INSERT INTO artist_fact (artist_id,followers,popularity,date) VALUES (%s,%s,%s,%s) ON CONFLICT (artist_id,date) DO UPDATE SET artist_id=EXCLUDED.artist_id,followers=EXCLUDED.followers,popularity=EXCLUDED.popularity,date=EXCLUDED.date, parameters: ('6c0lj01vVpHsCH7Z5CfJ9K', 80750, 48, '2023-05-09')
[2023-05-09T16:04:41.694+0000] {sql.py:384} INFO - Rows affected: 1
[2023-05-09T16:04:41.703+0000] {base.py:73} INFO - Using connection ID '***' for task execution.
[2023-05-09T16:04:41.713+0000] {sql.py:375} INFO - Running statement: INSERT INTO artist_fact (artist_id,followers,popularity,date) VALUES (%s,%s,%s,%s) ON CONFLICT (artist_id,date) DO UPDATE SET artist_id=EXCLUDED.artist_id,followers=EXCLUDED.followers,popularity=EXCLUDED.popularity,date=EXCLUDED.date, parameters: ('4tjqHer0BFQbJ1FVyWhffM', 33195, 49, '2023-05-09')
[2023-05-09T16:04:41.715+0000] {sql.py:384} INFO - Rows affected: 1
[2023-05-09T16:04:41.723+0000] {base.py:73} INFO - Using connection ID '***' for task execution.
[2023-05-09T16:04:41.731+0000] {sql.py:375} INFO - Running statement: INSERT INTO artist_fact (artist_id,followers,popularity,date) VALUES (%s,%s,%s,%s) ON CONFLICT (artist_id,date) DO UPDATE SET artist_id=EXCLUDED.artist_id,followers=EXCLUDED.followers,popularity=EXCLUDED.popularity,date=EXCLUDED.date, parameters: ('63CZNEytugjFnZBdjBmWc8', 27353, 49, '2023-05-09')
[2023-05-09T16:04:41.733+0000] {sql.py:384} INFO - Rows affected: 1
[2023-05-09T16:04:41.740+0000] {base.py:73} INFO - Using connection ID '***' for task execution.
[2023-05-09T16:04:41.748+0000] {sql.py:375} INFO - Running statement: INSERT INTO artist_fact (artist_id,followers,popularity,date) VALUES (%s,%s,%s,%s) ON CONFLICT (artist_id,date) DO UPDATE SET artist_id=EXCLUDED.artist_id,followers=EXCLUDED.followers,popularity=EXCLUDED.popularity,date=EXCLUDED.date, parameters: ('0be7y7HUvSBf8uG1X7pK8f', 16927, 43, '2023-05-09')
[2023-05-09T16:04:41.750+0000] {sql.py:384} INFO - Rows affected: 1
[2023-05-09T16:04:41.757+0000] {base.py:73} INFO - Using connection ID '***' for task execution.
[2023-05-09T16:04:41.766+0000] {sql.py:375} INFO - Running statement: INSERT INTO artist_fact (artist_id,followers,popularity,date) VALUES (%s,%s,%s,%s) ON CONFLICT (artist_id,date) DO UPDATE SET artist_id=EXCLUDED.artist_id,followers=EXCLUDED.followers,popularity=EXCLUDED.popularity,date=EXCLUDED.date, parameters: ('2trvlbfMS5zVozEmrFNDTJ', 17905, 39, '2023-05-09')
[2023-05-09T16:04:41.769+0000] {sql.py:384} INFO - Rows affected: 1
[2023-05-09T16:04:41.776+0000] {base.py:73} INFO - Using connection ID '***' for task execution.
[2023-05-09T16:04:41.783+0000] {sql.py:375} INFO - Running statement: INSERT INTO artist_fact (artist_id,followers,popularity,date) VALUES (%s,%s,%s,%s) ON CONFLICT (artist_id,date) DO UPDATE SET artist_id=EXCLUDED.artist_id,followers=EXCLUDED.followers,popularity=EXCLUDED.popularity,date=EXCLUDED.date, parameters: ('63dmB3SM4vOZ8rK1EX5IkU', 17763, 41, '2023-05-09')
[2023-05-09T16:04:41.785+0000] {sql.py:384} INFO - Rows affected: 1
[2023-05-09T16:04:41.792+0000] {base.py:73} INFO - Using connection ID '***' for task execution.
[2023-05-09T16:04:41.800+0000] {sql.py:375} INFO - Running statement: INSERT INTO artist_fact (artist_id,followers,popularity,date) VALUES (%s,%s,%s,%s) ON CONFLICT (artist_id,date) DO UPDATE SET artist_id=EXCLUDED.artist_id,followers=EXCLUDED.followers,popularity=EXCLUDED.popularity,date=EXCLUDED.date, parameters: ('6fWVd57NKTalqvmjRd2t8Z', 2019722, 72, '2023-05-09')
[2023-05-09T16:04:41.802+0000] {sql.py:384} INFO - Rows affected: 1
[2023-05-09T16:04:41.810+0000] {base.py:73} INFO - Using connection ID '***' for task execution.
[2023-05-09T16:04:41.817+0000] {sql.py:375} INFO - Running statement: INSERT INTO artist_fact (artist_id,followers,popularity,date) VALUES (%s,%s,%s,%s) ON CONFLICT (artist_id,date) DO UPDATE SET artist_id=EXCLUDED.artist_id,followers=EXCLUDED.followers,popularity=EXCLUDED.popularity,date=EXCLUDED.date, parameters: ('3ddT1Q3KQAm1G7UcIfz5KJ', 198468, 53, '2023-05-09')
[2023-05-09T16:04:41.819+0000] {sql.py:384} INFO - Rows affected: 1
[2023-05-09T16:04:41.825+0000] {base.py:73} INFO - Using connection ID '***' for task execution.
[2023-05-09T16:04:41.832+0000] {sql.py:375} INFO - Running statement: INSERT INTO artist_fact (artist_id,followers,popularity,date) VALUES (%s,%s,%s,%s) ON CONFLICT (artist_id,date) DO UPDATE SET artist_id=EXCLUDED.artist_id,followers=EXCLUDED.followers,popularity=EXCLUDED.popularity,date=EXCLUDED.date, parameters: ('47SwNXPh17mIDcZwsCr6hX', 112, 0, '2023-05-09')
[2023-05-09T16:04:41.833+0000] {sql.py:384} INFO - Rows affected: 1
[2023-05-09T16:04:41.840+0000] {base.py:73} INFO - Using connection ID '***' for task execution.
[2023-05-09T16:04:41.847+0000] {sql.py:375} INFO - Running statement: INSERT INTO artist_fact (artist_id,followers,popularity,date) VALUES (%s,%s,%s,%s) ON CONFLICT (artist_id,date) DO UPDATE SET artist_id=EXCLUDED.artist_id,followers=EXCLUDED.followers,popularity=EXCLUDED.popularity,date=EXCLUDED.date, parameters: ('7MS7B4QRp1n6c5H8N7s3wB', 7726, 46, '2023-05-09')
[2023-05-09T16:04:41.849+0000] {sql.py:384} INFO - Rows affected: 1
[2023-05-09T16:04:41.856+0000] {base.py:73} INFO - Using connection ID '***' for task execution.
[2023-05-09T16:04:41.863+0000] {sql.py:375} INFO - Running statement: INSERT INTO artist_fact (artist_id,followers,popularity,date) VALUES (%s,%s,%s,%s) ON CONFLICT (artist_id,date) DO UPDATE SET artist_id=EXCLUDED.artist_id,followers=EXCLUDED.followers,popularity=EXCLUDED.popularity,date=EXCLUDED.date, parameters: ('6wUAn24MOirNVNqQM47fda', 35047, 54, '2023-05-09')
[2023-05-09T16:04:41.865+0000] {sql.py:384} INFO - Rows affected: 1
[2023-05-09T16:04:41.871+0000] {base.py:73} INFO - Using connection ID '***' for task execution.
[2023-05-09T16:04:41.878+0000] {sql.py:375} INFO - Running statement: INSERT INTO artist_fact (artist_id,followers,popularity,date) VALUES (%s,%s,%s,%s) ON CONFLICT (artist_id,date) DO UPDATE SET artist_id=EXCLUDED.artist_id,followers=EXCLUDED.followers,popularity=EXCLUDED.popularity,date=EXCLUDED.date, parameters: ('4KoNbDwbCK9D04dSmYG93E', 26956, 39, '2023-05-09')
[2023-05-09T16:04:41.880+0000] {sql.py:384} INFO - Rows affected: 1
[2023-05-09T16:04:41.887+0000] {base.py:73} INFO - Using connection ID '***' for task execution.
[2023-05-09T16:04:41.894+0000] {sql.py:375} INFO - Running statement: INSERT INTO artist_fact (artist_id,followers,popularity,date) VALUES (%s,%s,%s,%s) ON CONFLICT (artist_id,date) DO UPDATE SET artist_id=EXCLUDED.artist_id,followers=EXCLUDED.followers,popularity=EXCLUDED.popularity,date=EXCLUDED.date, parameters: ('2848adRcxvgWNRcz1g1tQD', 149615, 54, '2023-05-09')
[2023-05-09T16:04:41.896+0000] {sql.py:384} INFO - Rows affected: 1
[2023-05-09T16:04:41.902+0000] {base.py:73} INFO - Using connection ID '***' for task execution.
[2023-05-09T16:04:41.910+0000] {sql.py:375} INFO - Running statement: INSERT INTO artist_fact (artist_id,followers,popularity,date) VALUES (%s,%s,%s,%s) ON CONFLICT (artist_id,date) DO UPDATE SET artist_id=EXCLUDED.artist_id,followers=EXCLUDED.followers,popularity=EXCLUDED.popularity,date=EXCLUDED.date, parameters: ('0QkgnHpxSCOYdTnhUR9S5k', 68856, 50, '2023-05-09')
[2023-05-09T16:04:41.911+0000] {sql.py:384} INFO - Rows affected: 1
[2023-05-09T16:04:41.918+0000] {base.py:73} INFO - Using connection ID '***' for task execution.
[2023-05-09T16:04:41.926+0000] {sql.py:375} INFO - Running statement: INSERT INTO artist_fact (artist_id,followers,popularity,date) VALUES (%s,%s,%s,%s) ON CONFLICT (artist_id,date) DO UPDATE SET artist_id=EXCLUDED.artist_id,followers=EXCLUDED.followers,popularity=EXCLUDED.popularity,date=EXCLUDED.date, parameters: ('3AUIYVmhwrsw8UOPHEv91Z', 65309, 51, '2023-05-09')
[2023-05-09T16:04:41.927+0000] {sql.py:384} INFO - Rows affected: 1
[2023-05-09T16:04:41.934+0000] {base.py:73} INFO - Using connection ID '***' for task execution.
[2023-05-09T16:04:41.943+0000] {sql.py:375} INFO - Running statement: INSERT INTO artist_fact (artist_id,followers,popularity,date) VALUES (%s,%s,%s,%s) ON CONFLICT (artist_id,date) DO UPDATE SET artist_id=EXCLUDED.artist_id,followers=EXCLUDED.followers,popularity=EXCLUDED.popularity,date=EXCLUDED.date, parameters: ('71EAlWYAa5jb4phZIOlp7u', 5854, 28, '2023-05-09')
[2023-05-09T16:04:41.944+0000] {sql.py:384} INFO - Rows affected: 1
[2023-05-09T16:04:41.951+0000] {base.py:73} INFO - Using connection ID '***' for task execution.
[2023-05-09T16:04:41.958+0000] {sql.py:375} INFO - Running statement: INSERT INTO artist_fact (artist_id,followers,popularity,date) VALUES (%s,%s,%s,%s) ON CONFLICT (artist_id,date) DO UPDATE SET artist_id=EXCLUDED.artist_id,followers=EXCLUDED.followers,popularity=EXCLUDED.popularity,date=EXCLUDED.date, parameters: ('2GUw9Wzha61PkZoRVv1PDD', 59512, 52, '2023-05-09')
[2023-05-09T16:04:41.960+0000] {sql.py:384} INFO - Rows affected: 1
[2023-05-09T16:04:41.967+0000] {base.py:73} INFO - Using connection ID '***' for task execution.
[2023-05-09T16:04:41.974+0000] {sql.py:375} INFO - Running statement: INSERT INTO artist_fact (artist_id,followers,popularity,date) VALUES (%s,%s,%s,%s) ON CONFLICT (artist_id,date) DO UPDATE SET artist_id=EXCLUDED.artist_id,followers=EXCLUDED.followers,popularity=EXCLUDED.popularity,date=EXCLUDED.date, parameters: ('3wDeS1sr05fxaOeiJJrOnL', 31336, 51, '2023-05-09')
[2023-05-09T16:04:41.976+0000] {sql.py:384} INFO - Rows affected: 1
[2023-05-09T16:04:41.982+0000] {base.py:73} INFO - Using connection ID '***' for task execution.
[2023-05-09T16:04:41.991+0000] {sql.py:375} INFO - Running statement: INSERT INTO artist_fact (artist_id,followers,popularity,date) VALUES (%s,%s,%s,%s) ON CONFLICT (artist_id,date) DO UPDATE SET artist_id=EXCLUDED.artist_id,followers=EXCLUDED.followers,popularity=EXCLUDED.popularity,date=EXCLUDED.date, parameters: ('1OP39gZ2SXVnwg4NrARmsu', 4529, 31, '2023-05-09')
[2023-05-09T16:04:41.993+0000] {sql.py:384} INFO - Rows affected: 1
[2023-05-09T16:04:41.999+0000] {base.py:73} INFO - Using connection ID '***' for task execution.
[2023-05-09T16:04:42.007+0000] {sql.py:375} INFO - Running statement: INSERT INTO artist_fact (artist_id,followers,popularity,date) VALUES (%s,%s,%s,%s) ON CONFLICT (artist_id,date) DO UPDATE SET artist_id=EXCLUDED.artist_id,followers=EXCLUDED.followers,popularity=EXCLUDED.popularity,date=EXCLUDED.date, parameters: ('1vwwjIPFeYoRfAUCqqO6cZ', 43893, 52, '2023-05-09')
[2023-05-09T16:04:42.009+0000] {sql.py:384} INFO - Rows affected: 1
[2023-05-09T16:04:42.015+0000] {base.py:73} INFO - Using connection ID '***' for task execution.
[2023-05-09T16:04:42.023+0000] {sql.py:375} INFO - Running statement: INSERT INTO artist_fact (artist_id,followers,popularity,date) VALUES (%s,%s,%s,%s) ON CONFLICT (artist_id,date) DO UPDATE SET artist_id=EXCLUDED.artist_id,followers=EXCLUDED.followers,popularity=EXCLUDED.popularity,date=EXCLUDED.date, parameters: ('2Ci3Sflo2BfC77wTwn2hbH', 38953, 40, '2023-05-09')
[2023-05-09T16:04:42.024+0000] {sql.py:384} INFO - Rows affected: 1
[2023-05-09T16:04:42.031+0000] {base.py:73} INFO - Using connection ID '***' for task execution.
[2023-05-09T16:04:42.038+0000] {sql.py:375} INFO - Running statement: INSERT INTO artist_fact (artist_id,followers,popularity,date) VALUES (%s,%s,%s,%s) ON CONFLICT (artist_id,date) DO UPDATE SET artist_id=EXCLUDED.artist_id,followers=EXCLUDED.followers,popularity=EXCLUDED.popularity,date=EXCLUDED.date, parameters: ('670UISOh9XV1zlq5z5IfoY', 20692, 49, '2023-05-09')
[2023-05-09T16:04:42.040+0000] {sql.py:384} INFO - Rows affected: 1
[2023-05-09T16:04:42.046+0000] {base.py:73} INFO - Using connection ID '***' for task execution.
[2023-05-09T16:04:42.053+0000] {sql.py:375} INFO - Running statement: INSERT INTO artist_fact (artist_id,followers,popularity,date) VALUES (%s,%s,%s,%s) ON CONFLICT (artist_id,date) DO UPDATE SET artist_id=EXCLUDED.artist_id,followers=EXCLUDED.followers,popularity=EXCLUDED.popularity,date=EXCLUDED.date, parameters: ('3QZxOYl5zlZtfigtXOZsfT', 26532, 36, '2023-05-09')
[2023-05-09T16:04:42.055+0000] {sql.py:384} INFO - Rows affected: 1
[2023-05-09T16:04:42.061+0000] {base.py:73} INFO - Using connection ID '***' for task execution.
[2023-05-09T16:04:42.068+0000] {sql.py:375} INFO - Running statement: INSERT INTO artist_fact (artist_id,followers,popularity,date) VALUES (%s,%s,%s,%s) ON CONFLICT (artist_id,date) DO UPDATE SET artist_id=EXCLUDED.artist_id,followers=EXCLUDED.followers,popularity=EXCLUDED.popularity,date=EXCLUDED.date, parameters: ('2AfU5LYBVCiCtuCCfM7uVX', 597525, 61, '2023-05-09')
[2023-05-09T16:04:42.070+0000] {sql.py:384} INFO - Rows affected: 1
[2023-05-09T16:04:42.076+0000] {base.py:73} INFO - Using connection ID '***' for task execution.
[2023-05-09T16:04:42.083+0000] {sql.py:375} INFO - Running statement: INSERT INTO artist_fact (artist_id,followers,popularity,date) VALUES (%s,%s,%s,%s) ON CONFLICT (artist_id,date) DO UPDATE SET artist_id=EXCLUDED.artist_id,followers=EXCLUDED.followers,popularity=EXCLUDED.popularity,date=EXCLUDED.date, parameters: ('7MigDh04CCntQbsBvugEmb', 113455, 61, '2023-05-09')
[2023-05-09T16:04:42.085+0000] {sql.py:384} INFO - Rows affected: 1
[2023-05-09T16:04:42.092+0000] {base.py:73} INFO - Using connection ID '***' for task execution.
[2023-05-09T16:04:42.099+0000] {sql.py:375} INFO - Running statement: INSERT INTO artist_fact (artist_id,followers,popularity,date) VALUES (%s,%s,%s,%s) ON CONFLICT (artist_id,date) DO UPDATE SET artist_id=EXCLUDED.artist_id,followers=EXCLUDED.followers,popularity=EXCLUDED.popularity,date=EXCLUDED.date, parameters: ('1tQu5TjcAK68fx8qrc8ZgF', 74417, 51, '2023-05-09')
[2023-05-09T16:04:42.101+0000] {sql.py:384} INFO - Rows affected: 1
[2023-05-09T16:04:42.108+0000] {base.py:73} INFO - Using connection ID '***' for task execution.
[2023-05-09T16:04:42.115+0000] {sql.py:375} INFO - Running statement: INSERT INTO artist_fact (artist_id,followers,popularity,date) VALUES (%s,%s,%s,%s) ON CONFLICT (artist_id,date) DO UPDATE SET artist_id=EXCLUDED.artist_id,followers=EXCLUDED.followers,popularity=EXCLUDED.popularity,date=EXCLUDED.date, parameters: ('0Kx7qYhFiv0YD5lxEG1nsz', 5144, 25, '2023-05-09')
[2023-05-09T16:04:42.117+0000] {sql.py:384} INFO - Rows affected: 1
[2023-05-09T16:04:42.124+0000] {base.py:73} INFO - Using connection ID '***' for task execution.
[2023-05-09T16:04:42.131+0000] {sql.py:375} INFO - Running statement: INSERT INTO artist_fact (artist_id,followers,popularity,date) VALUES (%s,%s,%s,%s) ON CONFLICT (artist_id,date) DO UPDATE SET artist_id=EXCLUDED.artist_id,followers=EXCLUDED.followers,popularity=EXCLUDED.popularity,date=EXCLUDED.date, parameters: ('5ibWbhA0IkPT3xCN0YicRL', 6562, 52, '2023-05-09')
[2023-05-09T16:04:42.133+0000] {sql.py:384} INFO - Rows affected: 1
[2023-05-09T16:04:42.140+0000] {base.py:73} INFO - Using connection ID '***' for task execution.
[2023-05-09T16:04:42.147+0000] {sql.py:375} INFO - Running statement: INSERT INTO artist_fact (artist_id,followers,popularity,date) VALUES (%s,%s,%s,%s) ON CONFLICT (artist_id,date) DO UPDATE SET artist_id=EXCLUDED.artist_id,followers=EXCLUDED.followers,popularity=EXCLUDED.popularity,date=EXCLUDED.date, parameters: ('7naAJDAh7AZnf18YYfQruM', 295610, 60, '2023-05-09')
[2023-05-09T16:04:42.149+0000] {sql.py:384} INFO - Rows affected: 1
[2023-05-09T16:04:42.156+0000] {base.py:73} INFO - Using connection ID '***' for task execution.
[2023-05-09T16:04:42.164+0000] {sql.py:375} INFO - Running statement: INSERT INTO artist_fact (artist_id,followers,popularity,date) VALUES (%s,%s,%s,%s) ON CONFLICT (artist_id,date) DO UPDATE SET artist_id=EXCLUDED.artist_id,followers=EXCLUDED.followers,popularity=EXCLUDED.popularity,date=EXCLUDED.date, parameters: ('6fHEaFnFgMxMAtDt7mFoQ3', 13972, 41, '2023-05-09')
[2023-05-09T16:04:42.166+0000] {sql.py:384} INFO - Rows affected: 1
[2023-05-09T16:04:42.173+0000] {base.py:73} INFO - Using connection ID '***' for task execution.
[2023-05-09T16:04:42.180+0000] {sql.py:375} INFO - Running statement: INSERT INTO artist_fact (artist_id,followers,popularity,date) VALUES (%s,%s,%s,%s) ON CONFLICT (artist_id,date) DO UPDATE SET artist_id=EXCLUDED.artist_id,followers=EXCLUDED.followers,popularity=EXCLUDED.popularity,date=EXCLUDED.date, parameters: ('0S7eN9KAsbAaIZtFyCn1q1', 41780, 60, '2023-05-09')
[2023-05-09T16:04:42.182+0000] {sql.py:384} INFO - Rows affected: 1
[2023-05-09T16:04:42.189+0000] {base.py:73} INFO - Using connection ID '***' for task execution.
[2023-05-09T16:04:42.196+0000] {sql.py:375} INFO - Running statement: INSERT INTO artist_fact (artist_id,followers,popularity,date) VALUES (%s,%s,%s,%s) ON CONFLICT (artist_id,date) DO UPDATE SET artist_id=EXCLUDED.artist_id,followers=EXCLUDED.followers,popularity=EXCLUDED.popularity,date=EXCLUDED.date, parameters: ('4X8TR9pBFyewFlIDYt1o2s', 19605, 52, '2023-05-09')
[2023-05-09T16:04:42.198+0000] {sql.py:384} INFO - Rows affected: 1
[2023-05-09T16:04:42.204+0000] {base.py:73} INFO - Using connection ID '***' for task execution.
[2023-05-09T16:04:42.216+0000] {sql.py:375} INFO - Running statement: INSERT INTO artist_fact (artist_id,followers,popularity,date) VALUES (%s,%s,%s,%s) ON CONFLICT (artist_id,date) DO UPDATE SET artist_id=EXCLUDED.artist_id,followers=EXCLUDED.followers,popularity=EXCLUDED.popularity,date=EXCLUDED.date, parameters: ('5UrcghjIlj83Jf7QjZfBhZ', 89, 22, '2023-05-09')
[2023-05-09T16:04:42.217+0000] {sql.py:384} INFO - Rows affected: 1
[2023-05-09T16:04:42.224+0000] {base.py:73} INFO - Using connection ID '***' for task execution.
[2023-05-09T16:04:42.231+0000] {sql.py:375} INFO - Running statement: INSERT INTO artist_fact (artist_id,followers,popularity,date) VALUES (%s,%s,%s,%s) ON CONFLICT (artist_id,date) DO UPDATE SET artist_id=EXCLUDED.artist_id,followers=EXCLUDED.followers,popularity=EXCLUDED.popularity,date=EXCLUDED.date, parameters: ('3pob90yrusjcbgSYFKaeAk', 6148, 32, '2023-05-09')
[2023-05-09T16:04:42.233+0000] {sql.py:384} INFO - Rows affected: 1
[2023-05-09T16:04:42.240+0000] {base.py:73} INFO - Using connection ID '***' for task execution.
[2023-05-09T16:04:42.248+0000] {sql.py:375} INFO - Running statement: INSERT INTO artist_fact (artist_id,followers,popularity,date) VALUES (%s,%s,%s,%s) ON CONFLICT (artist_id,date) DO UPDATE SET artist_id=EXCLUDED.artist_id,followers=EXCLUDED.followers,popularity=EXCLUDED.popularity,date=EXCLUDED.date, parameters: ('7BoBxrm9jJ7us6U92oqr4N', 794, 24, '2023-05-09')
[2023-05-09T16:04:42.249+0000] {sql.py:384} INFO - Rows affected: 1
[2023-05-09T16:04:42.256+0000] {base.py:73} INFO - Using connection ID '***' for task execution.
[2023-05-09T16:04:42.264+0000] {sql.py:375} INFO - Running statement: INSERT INTO artist_fact (artist_id,followers,popularity,date) VALUES (%s,%s,%s,%s) ON CONFLICT (artist_id,date) DO UPDATE SET artist_id=EXCLUDED.artist_id,followers=EXCLUDED.followers,popularity=EXCLUDED.popularity,date=EXCLUDED.date, parameters: ('1fsCfvdiomqjKJFR6xI8e4', 109859, 56, '2023-05-09')
[2023-05-09T16:04:42.266+0000] {sql.py:384} INFO - Rows affected: 1
[2023-05-09T16:04:42.273+0000] {base.py:73} INFO - Using connection ID '***' for task execution.
[2023-05-09T16:04:42.280+0000] {sql.py:375} INFO - Running statement: INSERT INTO artist_fact (artist_id,followers,popularity,date) VALUES (%s,%s,%s,%s) ON CONFLICT (artist_id,date) DO UPDATE SET artist_id=EXCLUDED.artist_id,followers=EXCLUDED.followers,popularity=EXCLUDED.popularity,date=EXCLUDED.date, parameters: ('61qMnYXa1GxSBoV3IiYKjZ', 520620, 55, '2023-05-09')
[2023-05-09T16:04:42.282+0000] {sql.py:384} INFO - Rows affected: 1
[2023-05-09T16:04:42.288+0000] {base.py:73} INFO - Using connection ID '***' for task execution.
[2023-05-09T16:04:42.295+0000] {sql.py:375} INFO - Running statement: INSERT INTO artist_fact (artist_id,followers,popularity,date) VALUES (%s,%s,%s,%s) ON CONFLICT (artist_id,date) DO UPDATE SET artist_id=EXCLUDED.artist_id,followers=EXCLUDED.followers,popularity=EXCLUDED.popularity,date=EXCLUDED.date, parameters: ('1KuV6xtFnLPsneN3yBrjFj', 14595, 41, '2023-05-09')
[2023-05-09T16:04:42.297+0000] {sql.py:384} INFO - Rows affected: 1
[2023-05-09T16:04:42.305+0000] {base.py:73} INFO - Using connection ID '***' for task execution.
[2023-05-09T16:04:42.314+0000] {sql.py:375} INFO - Running statement: INSERT INTO artist_fact (artist_id,followers,popularity,date) VALUES (%s,%s,%s,%s) ON CONFLICT (artist_id,date) DO UPDATE SET artist_id=EXCLUDED.artist_id,followers=EXCLUDED.followers,popularity=EXCLUDED.popularity,date=EXCLUDED.date, parameters: ('7wSr4otUV4ytUvHE4w3rBe', 41548, 31, '2023-05-09')
[2023-05-09T16:04:42.316+0000] {sql.py:384} INFO - Rows affected: 1
[2023-05-09T16:04:42.324+0000] {base.py:73} INFO - Using connection ID '***' for task execution.
[2023-05-09T16:04:42.332+0000] {sql.py:375} INFO - Running statement: INSERT INTO artist_fact (artist_id,followers,popularity,date) VALUES (%s,%s,%s,%s) ON CONFLICT (artist_id,date) DO UPDATE SET artist_id=EXCLUDED.artist_id,followers=EXCLUDED.followers,popularity=EXCLUDED.popularity,date=EXCLUDED.date, parameters: ('7HfUJxeVTgrvhk0eWHFzV7', 56326, 47, '2023-05-09')
[2023-05-09T16:04:42.334+0000] {sql.py:384} INFO - Rows affected: 1
[2023-05-09T16:04:42.343+0000] {base.py:73} INFO - Using connection ID '***' for task execution.
[2023-05-09T16:04:42.352+0000] {sql.py:375} INFO - Running statement: INSERT INTO artist_fact (artist_id,followers,popularity,date) VALUES (%s,%s,%s,%s) ON CONFLICT (artist_id,date) DO UPDATE SET artist_id=EXCLUDED.artist_id,followers=EXCLUDED.followers,popularity=EXCLUDED.popularity,date=EXCLUDED.date, parameters: ('4HAfqyKr4Sqtab6ttHWXgE', 100035, 57, '2023-05-09')
[2023-05-09T16:04:42.354+0000] {sql.py:384} INFO - Rows affected: 1
[2023-05-09T16:04:42.360+0000] {base.py:73} INFO - Using connection ID '***' for task execution.
[2023-05-09T16:04:42.367+0000] {sql.py:375} INFO - Running statement: INSERT INTO artist_fact (artist_id,followers,popularity,date) VALUES (%s,%s,%s,%s) ON CONFLICT (artist_id,date) DO UPDATE SET artist_id=EXCLUDED.artist_id,followers=EXCLUDED.followers,popularity=EXCLUDED.popularity,date=EXCLUDED.date, parameters: ('27w1NoOLMX7tJMYqcetPyG', 606695, 61, '2023-05-09')
[2023-05-09T16:04:42.369+0000] {sql.py:384} INFO - Rows affected: 1
[2023-05-09T16:04:42.376+0000] {base.py:73} INFO - Using connection ID '***' for task execution.
[2023-05-09T16:04:42.384+0000] {sql.py:375} INFO - Running statement: INSERT INTO artist_fact (artist_id,followers,popularity,date) VALUES (%s,%s,%s,%s) ON CONFLICT (artist_id,date) DO UPDATE SET artist_id=EXCLUDED.artist_id,followers=EXCLUDED.followers,popularity=EXCLUDED.popularity,date=EXCLUDED.date, parameters: ('5G9kmDLg3OeUyj8KVBLzbu', 554868, 67, '2023-05-09')
[2023-05-09T16:04:42.385+0000] {sql.py:384} INFO - Rows affected: 1
[2023-05-09T16:04:42.392+0000] {base.py:73} INFO - Using connection ID '***' for task execution.
[2023-05-09T16:04:42.400+0000] {sql.py:375} INFO - Running statement: INSERT INTO artist_fact (artist_id,followers,popularity,date) VALUES (%s,%s,%s,%s) ON CONFLICT (artist_id,date) DO UPDATE SET artist_id=EXCLUDED.artist_id,followers=EXCLUDED.followers,popularity=EXCLUDED.popularity,date=EXCLUDED.date, parameters: ('7vSY9HEreOqb1Llar3UC38', 199990, 55, '2023-05-09')
[2023-05-09T16:04:42.402+0000] {sql.py:384} INFO - Rows affected: 1
[2023-05-09T16:04:42.408+0000] {base.py:73} INFO - Using connection ID '***' for task execution.
[2023-05-09T16:04:42.416+0000] {sql.py:375} INFO - Running statement: INSERT INTO artist_fact (artist_id,followers,popularity,date) VALUES (%s,%s,%s,%s) ON CONFLICT (artist_id,date) DO UPDATE SET artist_id=EXCLUDED.artist_id,followers=EXCLUDED.followers,popularity=EXCLUDED.popularity,date=EXCLUDED.date, parameters: ('7FngGIEGgN3Iwauw1MvO4P', 404376, 60, '2023-05-09')
[2023-05-09T16:04:42.418+0000] {sql.py:384} INFO - Rows affected: 1
[2023-05-09T16:04:42.425+0000] {base.py:73} INFO - Using connection ID '***' for task execution.
[2023-05-09T16:04:42.434+0000] {sql.py:375} INFO - Running statement: INSERT INTO artist_fact (artist_id,followers,popularity,date) VALUES (%s,%s,%s,%s) ON CONFLICT (artist_id,date) DO UPDATE SET artist_id=EXCLUDED.artist_id,followers=EXCLUDED.followers,popularity=EXCLUDED.popularity,date=EXCLUDED.date, parameters: ('1N9JxmOPJqhMCw219uoEi8', 6154, 33, '2023-05-09')
[2023-05-09T16:04:42.435+0000] {sql.py:384} INFO - Rows affected: 1
[2023-05-09T16:04:42.442+0000] {base.py:73} INFO - Using connection ID '***' for task execution.
[2023-05-09T16:04:42.450+0000] {sql.py:375} INFO - Running statement: INSERT INTO artist_fact (artist_id,followers,popularity,date) VALUES (%s,%s,%s,%s) ON CONFLICT (artist_id,date) DO UPDATE SET artist_id=EXCLUDED.artist_id,followers=EXCLUDED.followers,popularity=EXCLUDED.popularity,date=EXCLUDED.date, parameters: ('5VfSeZYcDwD8WQVwbaoL6z', 5324, 29, '2023-05-09')
[2023-05-09T16:04:42.452+0000] {sql.py:384} INFO - Rows affected: 1
[2023-05-09T16:04:42.459+0000] {base.py:73} INFO - Using connection ID '***' for task execution.
[2023-05-09T16:04:42.467+0000] {sql.py:375} INFO - Running statement: INSERT INTO artist_fact (artist_id,followers,popularity,date) VALUES (%s,%s,%s,%s) ON CONFLICT (artist_id,date) DO UPDATE SET artist_id=EXCLUDED.artist_id,followers=EXCLUDED.followers,popularity=EXCLUDED.popularity,date=EXCLUDED.date, parameters: ('5JZPSVFMUk4HGDdx68lN77', 7213, 32, '2023-05-09')
[2023-05-09T16:04:42.468+0000] {sql.py:384} INFO - Rows affected: 1
[2023-05-09T16:04:42.475+0000] {base.py:73} INFO - Using connection ID '***' for task execution.
[2023-05-09T16:04:42.483+0000] {sql.py:375} INFO - Running statement: INSERT INTO artist_fact (artist_id,followers,popularity,date) VALUES (%s,%s,%s,%s) ON CONFLICT (artist_id,date) DO UPDATE SET artist_id=EXCLUDED.artist_id,followers=EXCLUDED.followers,popularity=EXCLUDED.popularity,date=EXCLUDED.date, parameters: ('6rEjEIfp3NSRteU3kJGSET', 10949, 42, '2023-05-09')
[2023-05-09T16:04:42.485+0000] {sql.py:384} INFO - Rows affected: 1
[2023-05-09T16:04:42.492+0000] {base.py:73} INFO - Using connection ID '***' for task execution.
[2023-05-09T16:04:42.501+0000] {sql.py:375} INFO - Running statement: INSERT INTO artist_fact (artist_id,followers,popularity,date) VALUES (%s,%s,%s,%s) ON CONFLICT (artist_id,date) DO UPDATE SET artist_id=EXCLUDED.artist_id,followers=EXCLUDED.followers,popularity=EXCLUDED.popularity,date=EXCLUDED.date, parameters: ('2IDLDx25HU1nQMKde4n61a', 2155829, 69, '2023-05-09')
[2023-05-09T16:04:42.503+0000] {sql.py:384} INFO - Rows affected: 1
[2023-05-09T16:04:42.509+0000] {base.py:73} INFO - Using connection ID '***' for task execution.
[2023-05-09T16:04:42.516+0000] {sql.py:375} INFO - Running statement: INSERT INTO artist_fact (artist_id,followers,popularity,date) VALUES (%s,%s,%s,%s) ON CONFLICT (artist_id,date) DO UPDATE SET artist_id=EXCLUDED.artist_id,followers=EXCLUDED.followers,popularity=EXCLUDED.popularity,date=EXCLUDED.date, parameters: ('1AhjOkOLkbHUfcHDSErXQs', 893241, 67, '2023-05-09')
[2023-05-09T16:04:42.518+0000] {sql.py:384} INFO - Rows affected: 1
[2023-05-09T16:04:42.519+0000] {python.py:183} INFO - Done. Returned value was: None
[2023-05-09T16:04:42.528+0000] {taskinstance.py:1373} INFO - Marking task as SUCCESS. dag_id=Summer_Warped_ETL, task_id=LoadData.LoadArtistFact, execution_date=20230509T160330, start_date=20230509T160435, end_date=20230509T160442
[2023-05-09T16:04:42.583+0000] {local_task_job_runner.py:232} INFO - Task exited with return code 0
[2023-05-09T16:04:42.598+0000] {taskinstance.py:2674} INFO - 0 downstream tasks scheduled from follow-on schedule check
