[2023-05-08T03:46:17.199+0000] {taskinstance.py:1125} INFO - Dependencies all met for dep_context=non-requeueable deps ti=<TaskInstance: Summer_Warped_ETL.LoadData.LoadSongDim manual__2023-05-08T00:55:07.270213+00:00 [queued]>
[2023-05-08T03:46:17.204+0000] {taskinstance.py:1125} INFO - Dependencies all met for dep_context=requeueable deps ti=<TaskInstance: Summer_Warped_ETL.LoadData.LoadSongDim manual__2023-05-08T00:55:07.270213+00:00 [queued]>
[2023-05-08T03:46:17.204+0000] {taskinstance.py:1331} INFO - Starting attempt 16 of 16
[2023-05-08T03:46:17.212+0000] {taskinstance.py:1350} INFO - Executing <Task(PythonOperator): LoadData.LoadSongDim> on 2023-05-08 00:55:07.270213+00:00
[2023-05-08T03:46:17.217+0000] {standard_task_runner.py:57} INFO - Started process 2549 to run task
[2023-05-08T03:46:17.220+0000] {standard_task_runner.py:84} INFO - Running: ['***', 'tasks', 'run', 'Summer_Warped_ETL', 'LoadData.LoadSongDim', 'manual__2023-05-08T00:55:07.270213+00:00', '--job-id', '1940', '--raw', '--subdir', 'DAGS_FOLDER/warped-dag.py', '--cfg-path', '/tmp/tmp18yf1x75']
[2023-05-08T03:46:17.221+0000] {standard_task_runner.py:85} INFO - Job 1940: Subtask LoadData.LoadSongDim
[2023-05-08T03:46:17.259+0000] {task_command.py:410} INFO - Running <TaskInstance: Summer_Warped_ETL.LoadData.LoadSongDim manual__2023-05-08T00:55:07.270213+00:00 [running]> on host a40687a10d43
[2023-05-08T03:46:17.313+0000] {taskinstance.py:1570} INFO - Exporting env vars: AIRFLOW_CTX_DAG_OWNER='Ananta Moharana' AIRFLOW_CTX_DAG_ID='Summer_Warped_ETL' AIRFLOW_CTX_TASK_ID='LoadData.LoadSongDim' AIRFLOW_CTX_EXECUTION_DATE='2023-05-08T00:55:07.270213+00:00' AIRFLOW_CTX_TRY_NUMBER='16' AIRFLOW_CTX_DAG_RUN_ID='manual__2023-05-08T00:55:07.270213+00:00'
[2023-05-08T03:46:17.315+0000] {logging_mixin.py:149} INFO - 2023-05/song_dim.csv
[2023-05-08T03:46:17.323+0000] {base.py:73} INFO - Using connection ID 'aws_connection' for task execution.
[2023-05-08T03:46:17.324+0000] {connection_wrapper.py:337} INFO - AWS Connection (conn_id='aws_connection', conn_type='aws') credentials retrieved from login and password.
[2023-05-08T03:46:17.614+0000] {logging_mixin.py:149} INFO -        song_name                 song_id  explicit  ...    tempo  valence  mode
0          WINGZ  7evQqGTWfKz8hIHzLVzneT     False  ...  170.025    0.120     0
1  lights (4444)  3PDNGdhCtiQemL14eKhCup      True  ...   89.982    0.428     1
2         softie  1bLEa8W1VVMFBIwp9hKYTL      True  ...  119.063    0.498     0
3    do me wrong  7H74AdiJYM7hh4SYGrq9xe     False  ...  174.960    0.396     0
4            HMU  2SWK4LJWLyev4yVYIVhjEV     False  ...   72.993    0.389     1

[5 rows x 15 columns]
[2023-05-08T03:46:17.614+0000] {logging_mixin.py:149} INFO - INSERT INTO song_dim (song_name,song_id,explicit,acousticness,danceability,duration_ms,energy,instrumentalness,key,liveness,loudness,speechiness,tempo,valence,mode) VALUES %s ON CONFLICT (song_id) DO UPDATE SET song_name=EXCLUDED.song_name,song_id=EXCLUDED.song_id,explicit=EXCLUDED.explicit,acousticness=EXCLUDED.acousticness,danceability=EXCLUDED.danceability,duration_ms=EXCLUDED.duration_ms,energy=EXCLUDED.energy,instrumentalness=EXCLUDED.instrumentalness,key=EXCLUDED.key,liveness=EXCLUDED.liveness,loudness=EXCLUDED.loudness,speechiness=EXCLUDED.speechiness,tempo=EXCLUDED.tempo,valence=EXCLUDED.valence,mode=EXCLUDED.mode
[2023-05-08T03:46:17.622+0000] {base.py:73} INFO - Using connection ID '***' for task execution.
[2023-05-08T03:46:17.628+0000] {sql.py:375} INFO - Running statement: INSERT INTO song_dim (song_name,song_id,explicit,acousticness,danceability,duration_ms,energy,instrumentalness,key,liveness,loudness,speechiness,tempo,valence,mode) VALUES %s ON CONFLICT (song_id) DO UPDATE SET song_name=EXCLUDED.song_name,song_id=EXCLUDED.song_id,explicit=EXCLUDED.explicit,acousticness=EXCLUDED.acousticness,danceability=EXCLUDED.danceability,duration_ms=EXCLUDED.duration_ms,energy=EXCLUDED.energy,instrumentalness=EXCLUDED.instrumentalness,key=EXCLUDED.key,liveness=EXCLUDED.liveness,loudness=EXCLUDED.loudness,speechiness=EXCLUDED.speechiness,tempo=EXCLUDED.tempo,valence=EXCLUDED.valence,mode=EXCLUDED.mode, parameters: ('WINGZ', '7evQqGTWfKz8hIHzLVzneT', False, 0.206, 0.658, 182467, 0.455, 0.00112, 4, 0.43, -11.518, 0.0564, 170.025, 0.12, 0)
[2023-05-08T03:46:17.629+0000] {taskinstance.py:1847} ERROR - Task failed with exception
Traceback (most recent call last):
  File "/home/airflow/.local/lib/python3.7/site-packages/airflow/operators/python.py", line 181, in execute
    return_value = self.execute_callable()
  File "/home/airflow/.local/lib/python3.7/site-packages/airflow/operators/python.py", line 198, in execute_callable
    return self.python_callable(*self.op_args, **self.op_kwargs)
  File "/opt/airflow/dags/src/load.py", line 41, in upload_to_database
    postgres_hook.run(insert_sql, parameters=value)
  File "/home/airflow/.local/lib/python3.7/site-packages/airflow/providers/common/sql/hooks/sql.py", line 349, in run
    self._run_command(cur, sql_statement, parameters)
  File "/home/airflow/.local/lib/python3.7/site-packages/airflow/providers/common/sql/hooks/sql.py", line 378, in _run_command
    cur.execute(sql_statement, parameters)
TypeError: not all arguments converted during string formatting
[2023-05-08T03:46:17.637+0000] {taskinstance.py:1373} INFO - Marking task as FAILED. dag_id=Summer_Warped_ETL, task_id=LoadData.LoadSongDim, execution_date=20230508T005507, start_date=20230508T034617, end_date=20230508T034617
[2023-05-08T03:46:17.648+0000] {standard_task_runner.py:109} ERROR - Failed to execute job 1940 for task LoadData.LoadSongDim (not all arguments converted during string formatting; 2549)
[2023-05-08T03:46:17.677+0000] {local_task_job_runner.py:232} INFO - Task exited with return code 1
[2023-05-08T03:46:17.695+0000] {taskinstance.py:2674} INFO - 0 downstream tasks scheduled from follow-on schedule check
