[2023-05-08T16:29:16.806+0000] {taskinstance.py:1125} INFO - Dependencies all met for dep_context=non-requeueable deps ti=<TaskInstance: Summer_Warped_ETL.LoadData.LoadArtistFact manual__2023-05-08T16:09:58.195696+00:00 [queued]>
[2023-05-08T16:29:16.811+0000] {taskinstance.py:1125} INFO - Dependencies all met for dep_context=requeueable deps ti=<TaskInstance: Summer_Warped_ETL.LoadData.LoadArtistFact manual__2023-05-08T16:09:58.195696+00:00 [queued]>
[2023-05-08T16:29:16.812+0000] {taskinstance.py:1331} INFO - Starting attempt 2 of 4
[2023-05-08T16:29:16.819+0000] {taskinstance.py:1350} INFO - Executing <Task(PythonOperator): LoadData.LoadArtistFact> on 2023-05-08 16:09:58.195696+00:00
[2023-05-08T16:29:16.824+0000] {standard_task_runner.py:57} INFO - Started process 1556 to run task
[2023-05-08T16:29:16.828+0000] {standard_task_runner.py:84} INFO - Running: ['***', 'tasks', 'run', 'Summer_Warped_ETL', 'LoadData.LoadArtistFact', 'manual__2023-05-08T16:09:58.195696+00:00', '--job-id', '2571', '--raw', '--subdir', 'DAGS_FOLDER/warped-dag.py', '--cfg-path', '/tmp/tmpnv155s91']
[2023-05-08T16:29:16.828+0000] {standard_task_runner.py:85} INFO - Job 2571: Subtask LoadData.LoadArtistFact
[2023-05-08T16:29:16.866+0000] {task_command.py:410} INFO - Running <TaskInstance: Summer_Warped_ETL.LoadData.LoadArtistFact manual__2023-05-08T16:09:58.195696+00:00 [running]> on host 7b4753e133cb
[2023-05-08T16:29:16.923+0000] {taskinstance.py:1570} INFO - Exporting env vars: AIRFLOW_CTX_DAG_OWNER='Ananta Moharana' AIRFLOW_CTX_DAG_ID='Summer_Warped_ETL' AIRFLOW_CTX_TASK_ID='LoadData.LoadArtistFact' AIRFLOW_CTX_EXECUTION_DATE='2023-05-08T16:09:58.195696+00:00' AIRFLOW_CTX_TRY_NUMBER='2' AIRFLOW_CTX_DAG_RUN_ID='manual__2023-05-08T16:09:58.195696+00:00'
[2023-05-08T16:29:16.926+0000] {logging_mixin.py:149} INFO - 2023-05/artist_fact.csv
[2023-05-08T16:29:16.933+0000] {base.py:73} INFO - Using connection ID 'aws_connection' for task execution.
[2023-05-08T16:29:16.934+0000] {connection_wrapper.py:337} INFO - AWS Connection (conn_id='aws_connection', conn_type='aws') credentials retrieved from login and password.
[2023-05-08T16:29:17.143+0000] {logging_mixin.py:149} INFO -                 artist_id  followers  popularity        date
0  1m0t5VYISq6TcyMo7UqLMz      36856          43  2023-05-08
1  7FngGIEGgN3Iwauw1MvO4P     404272          60  2023-05-08
2  4kqFrZkeqDfOIEqTWqbOOV     193782          61  2023-05-08
3  4tjqHer0BFQbJ1FVyWhffM      33169          49  2023-05-08
4  62UdSpLGWjDU75OAFKLxWV       1661          25  2023-05-08
[2023-05-08T16:29:17.144+0000] {logging_mixin.py:149} INFO - INSERT INTO artist_fact (artist_id,followers,popularity,date) VALUES (%s,%s,%s,%s) ON CONFLICT (artist_id,date) DO UPDATE SET artist_id=EXCLUDED.artist_id,followers=EXCLUDED.followers,popularity=EXCLUDED.popularity,date=EXCLUDED.date
[2023-05-08T16:29:17.152+0000] {base.py:73} INFO - Using connection ID '***' for task execution.
[2023-05-08T16:29:17.159+0000] {sql.py:375} INFO - Running statement: INSERT INTO artist_fact (artist_id,followers,popularity,date) VALUES (%s,%s,%s,%s) ON CONFLICT (artist_id,date) DO UPDATE SET artist_id=EXCLUDED.artist_id,followers=EXCLUDED.followers,popularity=EXCLUDED.popularity,date=EXCLUDED.date, parameters: ('1m0t5VYISq6TcyMo7UqLMz', 36856, 43, '2023-05-08')
[2023-05-08T16:29:17.160+0000] {sql.py:384} INFO - Rows affected: 1
[2023-05-08T16:29:17.167+0000] {base.py:73} INFO - Using connection ID '***' for task execution.
[2023-05-08T16:29:17.173+0000] {sql.py:375} INFO - Running statement: INSERT INTO artist_fact (artist_id,followers,popularity,date) VALUES (%s,%s,%s,%s) ON CONFLICT (artist_id,date) DO UPDATE SET artist_id=EXCLUDED.artist_id,followers=EXCLUDED.followers,popularity=EXCLUDED.popularity,date=EXCLUDED.date, parameters: ('7FngGIEGgN3Iwauw1MvO4P', 404272, 60, '2023-05-08')
[2023-05-08T16:29:17.175+0000] {sql.py:384} INFO - Rows affected: 1
[2023-05-08T16:29:17.182+0000] {base.py:73} INFO - Using connection ID '***' for task execution.
[2023-05-08T16:29:17.188+0000] {sql.py:375} INFO - Running statement: INSERT INTO artist_fact (artist_id,followers,popularity,date) VALUES (%s,%s,%s,%s) ON CONFLICT (artist_id,date) DO UPDATE SET artist_id=EXCLUDED.artist_id,followers=EXCLUDED.followers,popularity=EXCLUDED.popularity,date=EXCLUDED.date, parameters: ('4kqFrZkeqDfOIEqTWqbOOV', 193782, 61, '2023-05-08')
[2023-05-08T16:29:17.190+0000] {sql.py:384} INFO - Rows affected: 1
[2023-05-08T16:29:17.196+0000] {base.py:73} INFO - Using connection ID '***' for task execution.
[2023-05-08T16:29:17.203+0000] {sql.py:375} INFO - Running statement: INSERT INTO artist_fact (artist_id,followers,popularity,date) VALUES (%s,%s,%s,%s) ON CONFLICT (artist_id,date) DO UPDATE SET artist_id=EXCLUDED.artist_id,followers=EXCLUDED.followers,popularity=EXCLUDED.popularity,date=EXCLUDED.date, parameters: ('4tjqHer0BFQbJ1FVyWhffM', 33169, 49, '2023-05-08')
[2023-05-08T16:29:17.204+0000] {sql.py:384} INFO - Rows affected: 1
[2023-05-08T16:29:17.210+0000] {base.py:73} INFO - Using connection ID '***' for task execution.
[2023-05-08T16:29:17.215+0000] {sql.py:375} INFO - Running statement: INSERT INTO artist_fact (artist_id,followers,popularity,date) VALUES (%s,%s,%s,%s) ON CONFLICT (artist_id,date) DO UPDATE SET artist_id=EXCLUDED.artist_id,followers=EXCLUDED.followers,popularity=EXCLUDED.popularity,date=EXCLUDED.date, parameters: ('62UdSpLGWjDU75OAFKLxWV', 1661, 25, '2023-05-08')
[2023-05-08T16:29:17.217+0000] {sql.py:384} INFO - Rows affected: 1
[2023-05-08T16:29:17.223+0000] {base.py:73} INFO - Using connection ID '***' for task execution.
[2023-05-08T16:29:17.231+0000] {sql.py:375} INFO - Running statement: INSERT INTO artist_fact (artist_id,followers,popularity,date) VALUES (%s,%s,%s,%s) ON CONFLICT (artist_id,date) DO UPDATE SET artist_id=EXCLUDED.artist_id,followers=EXCLUDED.followers,popularity=EXCLUDED.popularity,date=EXCLUDED.date, parameters: ('0Ro9LZA0sRl1FG66KgsA1u', 3859, 31, '2023-05-08')
[2023-05-08T16:29:17.233+0000] {sql.py:384} INFO - Rows affected: 1
[2023-05-08T16:29:17.240+0000] {base.py:73} INFO - Using connection ID '***' for task execution.
[2023-05-08T16:29:17.245+0000] {sql.py:375} INFO - Running statement: INSERT INTO artist_fact (artist_id,followers,popularity,date) VALUES (%s,%s,%s,%s) ON CONFLICT (artist_id,date) DO UPDATE SET artist_id=EXCLUDED.artist_id,followers=EXCLUDED.followers,popularity=EXCLUDED.popularity,date=EXCLUDED.date, parameters: ('6zqcGQ6MH6yetBUoquMnL7', 199511, 55, '2023-05-08')
[2023-05-08T16:29:17.247+0000] {sql.py:384} INFO - Rows affected: 1
[2023-05-08T16:29:17.253+0000] {base.py:73} INFO - Using connection ID '***' for task execution.
[2023-05-08T16:29:17.259+0000] {sql.py:375} INFO - Running statement: INSERT INTO artist_fact (artist_id,followers,popularity,date) VALUES (%s,%s,%s,%s) ON CONFLICT (artist_id,date) DO UPDATE SET artist_id=EXCLUDED.artist_id,followers=EXCLUDED.followers,popularity=EXCLUDED.popularity,date=EXCLUDED.date, parameters: ('5cwtCGap3COvJNt1yineor', 2660, 30, '2023-05-08')
[2023-05-08T16:29:17.261+0000] {sql.py:384} INFO - Rows affected: 1
[2023-05-08T16:29:17.267+0000] {base.py:73} INFO - Using connection ID '***' for task execution.
[2023-05-08T16:29:17.273+0000] {sql.py:375} INFO - Running statement: INSERT INTO artist_fact (artist_id,followers,popularity,date) VALUES (%s,%s,%s,%s) ON CONFLICT (artist_id,date) DO UPDATE SET artist_id=EXCLUDED.artist_id,followers=EXCLUDED.followers,popularity=EXCLUDED.popularity,date=EXCLUDED.date, parameters: ('5aTRa02UP1y6PW5klZiTt0', 15166, 40, '2023-05-08')
[2023-05-08T16:29:17.275+0000] {sql.py:384} INFO - Rows affected: 1
[2023-05-08T16:29:17.281+0000] {base.py:73} INFO - Using connection ID '***' for task execution.
[2023-05-08T16:29:17.287+0000] {sql.py:375} INFO - Running statement: INSERT INTO artist_fact (artist_id,followers,popularity,date) VALUES (%s,%s,%s,%s) ON CONFLICT (artist_id,date) DO UPDATE SET artist_id=EXCLUDED.artist_id,followers=EXCLUDED.followers,popularity=EXCLUDED.popularity,date=EXCLUDED.date, parameters: ('1N9JxmOPJqhMCw219uoEi8', 6155, 33, '2023-05-08')
[2023-05-08T16:29:17.288+0000] {sql.py:384} INFO - Rows affected: 1
[2023-05-08T16:29:17.294+0000] {base.py:73} INFO - Using connection ID '***' for task execution.
[2023-05-08T16:29:17.301+0000] {sql.py:375} INFO - Running statement: INSERT INTO artist_fact (artist_id,followers,popularity,date) VALUES (%s,%s,%s,%s) ON CONFLICT (artist_id,date) DO UPDATE SET artist_id=EXCLUDED.artist_id,followers=EXCLUDED.followers,popularity=EXCLUDED.popularity,date=EXCLUDED.date, parameters: ('0plNgbIlOc13T8ot3vyK79', 66754, 48, '2023-05-08')
[2023-05-08T16:29:17.303+0000] {sql.py:384} INFO - Rows affected: 1
[2023-05-08T16:29:17.309+0000] {base.py:73} INFO - Using connection ID '***' for task execution.
[2023-05-08T16:29:17.315+0000] {sql.py:375} INFO - Running statement: INSERT INTO artist_fact (artist_id,followers,popularity,date) VALUES (%s,%s,%s,%s) ON CONFLICT (artist_id,date) DO UPDATE SET artist_id=EXCLUDED.artist_id,followers=EXCLUDED.followers,popularity=EXCLUDED.popularity,date=EXCLUDED.date, parameters: ('0t7bbGUdyq3urfDddwXhdY', 2595, 35, '2023-05-08')
[2023-05-08T16:29:17.317+0000] {sql.py:384} INFO - Rows affected: 1
[2023-05-08T16:29:17.322+0000] {base.py:73} INFO - Using connection ID '***' for task execution.
[2023-05-08T16:29:17.328+0000] {sql.py:375} INFO - Running statement: INSERT INTO artist_fact (artist_id,followers,popularity,date) VALUES (%s,%s,%s,%s) ON CONFLICT (artist_id,date) DO UPDATE SET artist_id=EXCLUDED.artist_id,followers=EXCLUDED.followers,popularity=EXCLUDED.popularity,date=EXCLUDED.date, parameters: ('7Lcln0AXqNHMahrca8KVpy', 104613, 51, '2023-05-08')
[2023-05-08T16:29:17.330+0000] {sql.py:384} INFO - Rows affected: 1
[2023-05-08T16:29:17.336+0000] {base.py:73} INFO - Using connection ID '***' for task execution.
[2023-05-08T16:29:17.342+0000] {sql.py:375} INFO - Running statement: INSERT INTO artist_fact (artist_id,followers,popularity,date) VALUES (%s,%s,%s,%s) ON CONFLICT (artist_id,date) DO UPDATE SET artist_id=EXCLUDED.artist_id,followers=EXCLUDED.followers,popularity=EXCLUDED.popularity,date=EXCLUDED.date, parameters: ('3XOHHfvBYKCMo1h0DFY27z', 5495, 36, '2023-05-08')
[2023-05-08T16:29:17.343+0000] {sql.py:384} INFO - Rows affected: 1
[2023-05-08T16:29:17.349+0000] {base.py:73} INFO - Using connection ID '***' for task execution.
[2023-05-08T16:29:17.355+0000] {sql.py:375} INFO - Running statement: INSERT INTO artist_fact (artist_id,followers,popularity,date) VALUES (%s,%s,%s,%s) ON CONFLICT (artist_id,date) DO UPDATE SET artist_id=EXCLUDED.artist_id,followers=EXCLUDED.followers,popularity=EXCLUDED.popularity,date=EXCLUDED.date, parameters: ('1trffosn0Alk3IlloOD5O8', 16991, 44, '2023-05-08')
[2023-05-08T16:29:17.357+0000] {sql.py:384} INFO - Rows affected: 1
[2023-05-08T16:29:17.363+0000] {base.py:73} INFO - Using connection ID '***' for task execution.
[2023-05-08T16:29:17.369+0000] {sql.py:375} INFO - Running statement: INSERT INTO artist_fact (artist_id,followers,popularity,date) VALUES (%s,%s,%s,%s) ON CONFLICT (artist_id,date) DO UPDATE SET artist_id=EXCLUDED.artist_id,followers=EXCLUDED.followers,popularity=EXCLUDED.popularity,date=EXCLUDED.date, parameters: ('04ei5kNgmDuNAydFhhIHnD', 361922, 58, '2023-05-08')
[2023-05-08T16:29:17.370+0000] {sql.py:384} INFO - Rows affected: 1
[2023-05-08T16:29:17.376+0000] {base.py:73} INFO - Using connection ID '***' for task execution.
[2023-05-08T16:29:17.382+0000] {sql.py:375} INFO - Running statement: INSERT INTO artist_fact (artist_id,followers,popularity,date) VALUES (%s,%s,%s,%s) ON CONFLICT (artist_id,date) DO UPDATE SET artist_id=EXCLUDED.artist_id,followers=EXCLUDED.followers,popularity=EXCLUDED.popularity,date=EXCLUDED.date, parameters: ('0WvTK38rXqPCD5pZMDuX20', 207430, 53, '2023-05-08')
[2023-05-08T16:29:17.383+0000] {sql.py:384} INFO - Rows affected: 1
[2023-05-08T16:29:17.389+0000] {base.py:73} INFO - Using connection ID '***' for task execution.
[2023-05-08T16:29:17.397+0000] {sql.py:375} INFO - Running statement: INSERT INTO artist_fact (artist_id,followers,popularity,date) VALUES (%s,%s,%s,%s) ON CONFLICT (artist_id,date) DO UPDATE SET artist_id=EXCLUDED.artist_id,followers=EXCLUDED.followers,popularity=EXCLUDED.popularity,date=EXCLUDED.date, parameters: ('3hOdow4ZPmrby7Q1wfPLEy', 331656, 61, '2023-05-08')
[2023-05-08T16:29:17.399+0000] {sql.py:384} INFO - Rows affected: 1
[2023-05-08T16:29:17.405+0000] {base.py:73} INFO - Using connection ID '***' for task execution.
[2023-05-08T16:29:17.411+0000] {sql.py:375} INFO - Running statement: INSERT INTO artist_fact (artist_id,followers,popularity,date) VALUES (%s,%s,%s,%s) ON CONFLICT (artist_id,date) DO UPDATE SET artist_id=EXCLUDED.artist_id,followers=EXCLUDED.followers,popularity=EXCLUDED.popularity,date=EXCLUDED.date, parameters: ('7eRBEVzcZk4XyIdF0Btfg4', 2517, 31, '2023-05-08')
[2023-05-08T16:29:17.412+0000] {sql.py:384} INFO - Rows affected: 1
[2023-05-08T16:29:17.419+0000] {base.py:73} INFO - Using connection ID '***' for task execution.
[2023-05-08T16:29:17.424+0000] {sql.py:375} INFO - Running statement: INSERT INTO artist_fact (artist_id,followers,popularity,date) VALUES (%s,%s,%s,%s) ON CONFLICT (artist_id,date) DO UPDATE SET artist_id=EXCLUDED.artist_id,followers=EXCLUDED.followers,popularity=EXCLUDED.popularity,date=EXCLUDED.date, parameters: ('3Ae7AQITxFS0r3yGQHYDJI', 2103, 25, '2023-05-08')
[2023-05-08T16:29:17.426+0000] {sql.py:384} INFO - Rows affected: 1
[2023-05-08T16:29:17.432+0000] {base.py:73} INFO - Using connection ID '***' for task execution.
[2023-05-08T16:29:17.440+0000] {sql.py:375} INFO - Running statement: INSERT INTO artist_fact (artist_id,followers,popularity,date) VALUES (%s,%s,%s,%s) ON CONFLICT (artist_id,date) DO UPDATE SET artist_id=EXCLUDED.artist_id,followers=EXCLUDED.followers,popularity=EXCLUDED.popularity,date=EXCLUDED.date, parameters: ('7C4ztJMkuGRy0qkU6dG5hU', 26337, 39, '2023-05-08')
[2023-05-08T16:29:17.442+0000] {sql.py:384} INFO - Rows affected: 1
[2023-05-08T16:29:17.448+0000] {base.py:73} INFO - Using connection ID '***' for task execution.
[2023-05-08T16:29:17.453+0000] {sql.py:375} INFO - Running statement: INSERT INTO artist_fact (artist_id,followers,popularity,date) VALUES (%s,%s,%s,%s) ON CONFLICT (artist_id,date) DO UPDATE SET artist_id=EXCLUDED.artist_id,followers=EXCLUDED.followers,popularity=EXCLUDED.popularity,date=EXCLUDED.date, parameters: ('0vUk0rbl0BkFjmeFvjOvoj', 719, 18, '2023-05-08')
[2023-05-08T16:29:17.455+0000] {sql.py:384} INFO - Rows affected: 1
[2023-05-08T16:29:17.461+0000] {base.py:73} INFO - Using connection ID '***' for task execution.
[2023-05-08T16:29:17.466+0000] {sql.py:375} INFO - Running statement: INSERT INTO artist_fact (artist_id,followers,popularity,date) VALUES (%s,%s,%s,%s) ON CONFLICT (artist_id,date) DO UPDATE SET artist_id=EXCLUDED.artist_id,followers=EXCLUDED.followers,popularity=EXCLUDED.popularity,date=EXCLUDED.date, parameters: ('2cFrymmkijnjDg9SS92EPM', 4862148, 78, '2023-05-08')
[2023-05-08T16:29:17.467+0000] {sql.py:384} INFO - Rows affected: 1
[2023-05-08T16:29:17.474+0000] {base.py:73} INFO - Using connection ID '***' for task execution.
[2023-05-08T16:29:17.479+0000] {sql.py:375} INFO - Running statement: INSERT INTO artist_fact (artist_id,followers,popularity,date) VALUES (%s,%s,%s,%s) ON CONFLICT (artist_id,date) DO UPDATE SET artist_id=EXCLUDED.artist_id,followers=EXCLUDED.followers,popularity=EXCLUDED.popularity,date=EXCLUDED.date, parameters: ('3Ps6le7tj5BdNtdnfNgTU4', 290876, 52, '2023-05-08')
[2023-05-08T16:29:17.481+0000] {sql.py:384} INFO - Rows affected: 1
[2023-05-08T16:29:17.487+0000] {base.py:73} INFO - Using connection ID '***' for task execution.
[2023-05-08T16:29:17.493+0000] {sql.py:375} INFO - Running statement: INSERT INTO artist_fact (artist_id,followers,popularity,date) VALUES (%s,%s,%s,%s) ON CONFLICT (artist_id,date) DO UPDATE SET artist_id=EXCLUDED.artist_id,followers=EXCLUDED.followers,popularity=EXCLUDED.popularity,date=EXCLUDED.date, parameters: ('2QuPPChZpqAai29uqulNFe', 3657, 34, '2023-05-08')
[2023-05-08T16:29:17.495+0000] {sql.py:384} INFO - Rows affected: 1
[2023-05-08T16:29:17.501+0000] {base.py:73} INFO - Using connection ID '***' for task execution.
[2023-05-08T16:29:17.507+0000] {sql.py:375} INFO - Running statement: INSERT INTO artist_fact (artist_id,followers,popularity,date) VALUES (%s,%s,%s,%s) ON CONFLICT (artist_id,date) DO UPDATE SET artist_id=EXCLUDED.artist_id,followers=EXCLUDED.followers,popularity=EXCLUDED.popularity,date=EXCLUDED.date, parameters: ('5ZPYeVqoWNuukwfarvkyJX', 22565, 37, '2023-05-08')
[2023-05-08T16:29:17.508+0000] {sql.py:384} INFO - Rows affected: 1
[2023-05-08T16:29:17.514+0000] {base.py:73} INFO - Using connection ID '***' for task execution.
[2023-05-08T16:29:17.520+0000] {sql.py:375} INFO - Running statement: INSERT INTO artist_fact (artist_id,followers,popularity,date) VALUES (%s,%s,%s,%s) ON CONFLICT (artist_id,date) DO UPDATE SET artist_id=EXCLUDED.artist_id,followers=EXCLUDED.followers,popularity=EXCLUDED.popularity,date=EXCLUDED.date, parameters: ('0BxHc5dN9BSfLZ8PCch9wT', 3911, 23, '2023-05-08')
[2023-05-08T16:29:17.521+0000] {sql.py:384} INFO - Rows affected: 1
[2023-05-08T16:29:17.527+0000] {base.py:73} INFO - Using connection ID '***' for task execution.
[2023-05-08T16:29:17.533+0000] {sql.py:375} INFO - Running statement: INSERT INTO artist_fact (artist_id,followers,popularity,date) VALUES (%s,%s,%s,%s) ON CONFLICT (artist_id,date) DO UPDATE SET artist_id=EXCLUDED.artist_id,followers=EXCLUDED.followers,popularity=EXCLUDED.popularity,date=EXCLUDED.date, parameters: ('1iT8Vbd7KhZiBji3G72zDW', 3627, 24, '2023-05-08')
[2023-05-08T16:29:17.535+0000] {sql.py:384} INFO - Rows affected: 1
[2023-05-08T16:29:17.541+0000] {base.py:73} INFO - Using connection ID '***' for task execution.
[2023-05-08T16:29:17.546+0000] {sql.py:375} INFO - Running statement: INSERT INTO artist_fact (artist_id,followers,popularity,date) VALUES (%s,%s,%s,%s) ON CONFLICT (artist_id,date) DO UPDATE SET artist_id=EXCLUDED.artist_id,followers=EXCLUDED.followers,popularity=EXCLUDED.popularity,date=EXCLUDED.date, parameters: ('4cJKDGSv4Dz9QycXYmo565', 231063, 63, '2023-05-08')
[2023-05-08T16:29:17.548+0000] {sql.py:384} INFO - Rows affected: 1
[2023-05-08T16:29:17.554+0000] {base.py:73} INFO - Using connection ID '***' for task execution.
[2023-05-08T16:29:17.560+0000] {sql.py:375} INFO - Running statement: INSERT INTO artist_fact (artist_id,followers,popularity,date) VALUES (%s,%s,%s,%s) ON CONFLICT (artist_id,date) DO UPDATE SET artist_id=EXCLUDED.artist_id,followers=EXCLUDED.followers,popularity=EXCLUDED.popularity,date=EXCLUDED.date, parameters: ('0UENogXhLeGTZjub4eejjX', 4951, 39, '2023-05-08')
[2023-05-08T16:29:17.561+0000] {sql.py:384} INFO - Rows affected: 1
[2023-05-08T16:29:17.568+0000] {base.py:73} INFO - Using connection ID '***' for task execution.
[2023-05-08T16:29:17.574+0000] {sql.py:375} INFO - Running statement: INSERT INTO artist_fact (artist_id,followers,popularity,date) VALUES (%s,%s,%s,%s) ON CONFLICT (artist_id,date) DO UPDATE SET artist_id=EXCLUDED.artist_id,followers=EXCLUDED.followers,popularity=EXCLUDED.popularity,date=EXCLUDED.date, parameters: ('7b2FbxYmnpGMPqDe04QmyP', 33207, 46, '2023-05-08')
[2023-05-08T16:29:17.576+0000] {sql.py:384} INFO - Rows affected: 1
[2023-05-08T16:29:17.582+0000] {base.py:73} INFO - Using connection ID '***' for task execution.
[2023-05-08T16:29:17.588+0000] {sql.py:375} INFO - Running statement: INSERT INTO artist_fact (artist_id,followers,popularity,date) VALUES (%s,%s,%s,%s) ON CONFLICT (artist_id,date) DO UPDATE SET artist_id=EXCLUDED.artist_id,followers=EXCLUDED.followers,popularity=EXCLUDED.popularity,date=EXCLUDED.date, parameters: ('2anlj4dNUn9I1VxxmjRHRx', 12602, 44, '2023-05-08')
[2023-05-08T16:29:17.589+0000] {sql.py:384} INFO - Rows affected: 1
[2023-05-08T16:29:17.595+0000] {base.py:73} INFO - Using connection ID '***' for task execution.
[2023-05-08T16:29:17.601+0000] {sql.py:375} INFO - Running statement: INSERT INTO artist_fact (artist_id,followers,popularity,date) VALUES (%s,%s,%s,%s) ON CONFLICT (artist_id,date) DO UPDATE SET artist_id=EXCLUDED.artist_id,followers=EXCLUDED.followers,popularity=EXCLUDED.popularity,date=EXCLUDED.date, parameters: ('4FI4qPOnjt3D8DnJQrNWps', 8, 0, '2023-05-08')
[2023-05-08T16:29:17.603+0000] {sql.py:384} INFO - Rows affected: 1
[2023-05-08T16:29:17.609+0000] {base.py:73} INFO - Using connection ID '***' for task execution.
[2023-05-08T16:29:17.615+0000] {sql.py:375} INFO - Running statement: INSERT INTO artist_fact (artist_id,followers,popularity,date) VALUES (%s,%s,%s,%s) ON CONFLICT (artist_id,date) DO UPDATE SET artist_id=EXCLUDED.artist_id,followers=EXCLUDED.followers,popularity=EXCLUDED.popularity,date=EXCLUDED.date, parameters: ('5uLkZ7FWMTBUg1corQqdkR', 502219, 60, '2023-05-08')
[2023-05-08T16:29:17.617+0000] {sql.py:384} INFO - Rows affected: 1
[2023-05-08T16:29:17.623+0000] {base.py:73} INFO - Using connection ID '***' for task execution.
[2023-05-08T16:29:17.629+0000] {sql.py:375} INFO - Running statement: INSERT INTO artist_fact (artist_id,followers,popularity,date) VALUES (%s,%s,%s,%s) ON CONFLICT (artist_id,date) DO UPDATE SET artist_id=EXCLUDED.artist_id,followers=EXCLUDED.followers,popularity=EXCLUDED.popularity,date=EXCLUDED.date, parameters: ('0ILo2K3FmfIh4ICcbHE7RK', 30158, 52, '2023-05-08')
[2023-05-08T16:29:17.631+0000] {sql.py:384} INFO - Rows affected: 1
[2023-05-08T16:29:17.638+0000] {base.py:73} INFO - Using connection ID '***' for task execution.
[2023-05-08T16:29:17.643+0000] {sql.py:375} INFO - Running statement: INSERT INTO artist_fact (artist_id,followers,popularity,date) VALUES (%s,%s,%s,%s) ON CONFLICT (artist_id,date) DO UPDATE SET artist_id=EXCLUDED.artist_id,followers=EXCLUDED.followers,popularity=EXCLUDED.popularity,date=EXCLUDED.date, parameters: ('0r7PsZB4ePA6vHrW4agoGN', 30046, 28, '2023-05-08')
[2023-05-08T16:29:17.645+0000] {sql.py:384} INFO - Rows affected: 1
[2023-05-08T16:29:17.651+0000] {base.py:73} INFO - Using connection ID '***' for task execution.
[2023-05-08T16:29:17.657+0000] {sql.py:375} INFO - Running statement: INSERT INTO artist_fact (artist_id,followers,popularity,date) VALUES (%s,%s,%s,%s) ON CONFLICT (artist_id,date) DO UPDATE SET artist_id=EXCLUDED.artist_id,followers=EXCLUDED.followers,popularity=EXCLUDED.popularity,date=EXCLUDED.date, parameters: ('1PpFka2STGQ57kJcgYBgEF', 18131, 41, '2023-05-08')
[2023-05-08T16:29:17.658+0000] {sql.py:384} INFO - Rows affected: 1
[2023-05-08T16:29:17.664+0000] {base.py:73} INFO - Using connection ID '***' for task execution.
[2023-05-08T16:29:17.670+0000] {sql.py:375} INFO - Running statement: INSERT INTO artist_fact (artist_id,followers,popularity,date) VALUES (%s,%s,%s,%s) ON CONFLICT (artist_id,date) DO UPDATE SET artist_id=EXCLUDED.artist_id,followers=EXCLUDED.followers,popularity=EXCLUDED.popularity,date=EXCLUDED.date, parameters: ('6YxrfNCKBcQlbITpmDLErL', 104139, 54, '2023-05-08')
[2023-05-08T16:29:17.672+0000] {sql.py:384} INFO - Rows affected: 1
[2023-05-08T16:29:17.678+0000] {base.py:73} INFO - Using connection ID '***' for task execution.
[2023-05-08T16:29:17.684+0000] {sql.py:375} INFO - Running statement: INSERT INTO artist_fact (artist_id,followers,popularity,date) VALUES (%s,%s,%s,%s) ON CONFLICT (artist_id,date) DO UPDATE SET artist_id=EXCLUDED.artist_id,followers=EXCLUDED.followers,popularity=EXCLUDED.popularity,date=EXCLUDED.date, parameters: ('2R2Yg2qPloNOTOfqxfXX7l', 20611, 44, '2023-05-08')
[2023-05-08T16:29:17.686+0000] {sql.py:384} INFO - Rows affected: 1
[2023-05-08T16:29:17.693+0000] {base.py:73} INFO - Using connection ID '***' for task execution.
[2023-05-08T16:29:17.699+0000] {sql.py:375} INFO - Running statement: INSERT INTO artist_fact (artist_id,followers,popularity,date) VALUES (%s,%s,%s,%s) ON CONFLICT (artist_id,date) DO UPDATE SET artist_id=EXCLUDED.artist_id,followers=EXCLUDED.followers,popularity=EXCLUDED.popularity,date=EXCLUDED.date, parameters: ('4yOY5zmuuTlS1DbG3yZGki', 18, 38, '2023-05-08')
[2023-05-08T16:29:17.700+0000] {sql.py:384} INFO - Rows affected: 1
[2023-05-08T16:29:17.706+0000] {base.py:73} INFO - Using connection ID '***' for task execution.
[2023-05-08T16:29:17.712+0000] {sql.py:375} INFO - Running statement: INSERT INTO artist_fact (artist_id,followers,popularity,date) VALUES (%s,%s,%s,%s) ON CONFLICT (artist_id,date) DO UPDATE SET artist_id=EXCLUDED.artist_id,followers=EXCLUDED.followers,popularity=EXCLUDED.popularity,date=EXCLUDED.date, parameters: ('7iVscW49OWowl9SoLmWzfy', 11643, 44, '2023-05-08')
[2023-05-08T16:29:17.713+0000] {sql.py:384} INFO - Rows affected: 1
[2023-05-08T16:29:17.719+0000] {base.py:73} INFO - Using connection ID '***' for task execution.
[2023-05-08T16:29:17.727+0000] {sql.py:375} INFO - Running statement: INSERT INTO artist_fact (artist_id,followers,popularity,date) VALUES (%s,%s,%s,%s) ON CONFLICT (artist_id,date) DO UPDATE SET artist_id=EXCLUDED.artist_id,followers=EXCLUDED.followers,popularity=EXCLUDED.popularity,date=EXCLUDED.date, parameters: ('6c0lj01vVpHsCH7Z5CfJ9K', 80735, 48, '2023-05-08')
[2023-05-08T16:29:17.729+0000] {sql.py:384} INFO - Rows affected: 1
[2023-05-08T16:29:17.734+0000] {base.py:73} INFO - Using connection ID '***' for task execution.
[2023-05-08T16:29:17.740+0000] {sql.py:375} INFO - Running statement: INSERT INTO artist_fact (artist_id,followers,popularity,date) VALUES (%s,%s,%s,%s) ON CONFLICT (artist_id,date) DO UPDATE SET artist_id=EXCLUDED.artist_id,followers=EXCLUDED.followers,popularity=EXCLUDED.popularity,date=EXCLUDED.date, parameters: ('63CZNEytugjFnZBdjBmWc8', 27318, 49, '2023-05-08')
[2023-05-08T16:29:17.742+0000] {sql.py:384} INFO - Rows affected: 1
[2023-05-08T16:29:17.748+0000] {base.py:73} INFO - Using connection ID '***' for task execution.
[2023-05-08T16:29:17.754+0000] {sql.py:375} INFO - Running statement: INSERT INTO artist_fact (artist_id,followers,popularity,date) VALUES (%s,%s,%s,%s) ON CONFLICT (artist_id,date) DO UPDATE SET artist_id=EXCLUDED.artist_id,followers=EXCLUDED.followers,popularity=EXCLUDED.popularity,date=EXCLUDED.date, parameters: ('0be7y7HUvSBf8uG1X7pK8f', 16922, 43, '2023-05-08')
[2023-05-08T16:29:17.756+0000] {sql.py:384} INFO - Rows affected: 1
[2023-05-08T16:29:17.762+0000] {base.py:73} INFO - Using connection ID '***' for task execution.
[2023-05-08T16:29:17.768+0000] {sql.py:375} INFO - Running statement: INSERT INTO artist_fact (artist_id,followers,popularity,date) VALUES (%s,%s,%s,%s) ON CONFLICT (artist_id,date) DO UPDATE SET artist_id=EXCLUDED.artist_id,followers=EXCLUDED.followers,popularity=EXCLUDED.popularity,date=EXCLUDED.date, parameters: ('2trvlbfMS5zVozEmrFNDTJ', 17902, 39, '2023-05-08')
[2023-05-08T16:29:17.770+0000] {sql.py:384} INFO - Rows affected: 1
[2023-05-08T16:29:17.775+0000] {base.py:73} INFO - Using connection ID '***' for task execution.
[2023-05-08T16:29:17.783+0000] {sql.py:375} INFO - Running statement: INSERT INTO artist_fact (artist_id,followers,popularity,date) VALUES (%s,%s,%s,%s) ON CONFLICT (artist_id,date) DO UPDATE SET artist_id=EXCLUDED.artist_id,followers=EXCLUDED.followers,popularity=EXCLUDED.popularity,date=EXCLUDED.date, parameters: ('63dmB3SM4vOZ8rK1EX5IkU', 17762, 41, '2023-05-08')
[2023-05-08T16:29:17.784+0000] {sql.py:384} INFO - Rows affected: 1
[2023-05-08T16:29:17.790+0000] {base.py:73} INFO - Using connection ID '***' for task execution.
[2023-05-08T16:29:17.796+0000] {sql.py:375} INFO - Running statement: INSERT INTO artist_fact (artist_id,followers,popularity,date) VALUES (%s,%s,%s,%s) ON CONFLICT (artist_id,date) DO UPDATE SET artist_id=EXCLUDED.artist_id,followers=EXCLUDED.followers,popularity=EXCLUDED.popularity,date=EXCLUDED.date, parameters: ('6fWVd57NKTalqvmjRd2t8Z', 2025844, 72, '2023-05-08')
[2023-05-08T16:29:17.797+0000] {sql.py:384} INFO - Rows affected: 1
[2023-05-08T16:29:17.803+0000] {base.py:73} INFO - Using connection ID '***' for task execution.
[2023-05-08T16:29:17.810+0000] {sql.py:375} INFO - Running statement: INSERT INTO artist_fact (artist_id,followers,popularity,date) VALUES (%s,%s,%s,%s) ON CONFLICT (artist_id,date) DO UPDATE SET artist_id=EXCLUDED.artist_id,followers=EXCLUDED.followers,popularity=EXCLUDED.popularity,date=EXCLUDED.date, parameters: ('3ddT1Q3KQAm1G7UcIfz5KJ', 198435, 53, '2023-05-08')
[2023-05-08T16:29:17.812+0000] {sql.py:384} INFO - Rows affected: 1
[2023-05-08T16:29:17.818+0000] {base.py:73} INFO - Using connection ID '***' for task execution.
[2023-05-08T16:29:17.823+0000] {sql.py:375} INFO - Running statement: INSERT INTO artist_fact (artist_id,followers,popularity,date) VALUES (%s,%s,%s,%s) ON CONFLICT (artist_id,date) DO UPDATE SET artist_id=EXCLUDED.artist_id,followers=EXCLUDED.followers,popularity=EXCLUDED.popularity,date=EXCLUDED.date, parameters: ('47SwNXPh17mIDcZwsCr6hX', 112, 0, '2023-05-08')
[2023-05-08T16:29:17.825+0000] {sql.py:384} INFO - Rows affected: 1
[2023-05-08T16:29:17.831+0000] {base.py:73} INFO - Using connection ID '***' for task execution.
[2023-05-08T16:29:17.838+0000] {sql.py:375} INFO - Running statement: INSERT INTO artist_fact (artist_id,followers,popularity,date) VALUES (%s,%s,%s,%s) ON CONFLICT (artist_id,date) DO UPDATE SET artist_id=EXCLUDED.artist_id,followers=EXCLUDED.followers,popularity=EXCLUDED.popularity,date=EXCLUDED.date, parameters: ('7MS7B4QRp1n6c5H8N7s3wB', 7718, 46, '2023-05-08')
[2023-05-08T16:29:17.839+0000] {sql.py:384} INFO - Rows affected: 1
[2023-05-08T16:29:17.845+0000] {base.py:73} INFO - Using connection ID '***' for task execution.
[2023-05-08T16:29:17.851+0000] {sql.py:375} INFO - Running statement: INSERT INTO artist_fact (artist_id,followers,popularity,date) VALUES (%s,%s,%s,%s) ON CONFLICT (artist_id,date) DO UPDATE SET artist_id=EXCLUDED.artist_id,followers=EXCLUDED.followers,popularity=EXCLUDED.popularity,date=EXCLUDED.date, parameters: ('6wUAn24MOirNVNqQM47fda', 35034, 54, '2023-05-08')
[2023-05-08T16:29:17.852+0000] {sql.py:384} INFO - Rows affected: 1
[2023-05-08T16:29:17.859+0000] {base.py:73} INFO - Using connection ID '***' for task execution.
[2023-05-08T16:29:17.865+0000] {sql.py:375} INFO - Running statement: INSERT INTO artist_fact (artist_id,followers,popularity,date) VALUES (%s,%s,%s,%s) ON CONFLICT (artist_id,date) DO UPDATE SET artist_id=EXCLUDED.artist_id,followers=EXCLUDED.followers,popularity=EXCLUDED.popularity,date=EXCLUDED.date, parameters: ('4KoNbDwbCK9D04dSmYG93E', 26953, 39, '2023-05-08')
[2023-05-08T16:29:17.866+0000] {sql.py:384} INFO - Rows affected: 1
[2023-05-08T16:29:17.872+0000] {base.py:73} INFO - Using connection ID '***' for task execution.
[2023-05-08T16:29:17.878+0000] {sql.py:375} INFO - Running statement: INSERT INTO artist_fact (artist_id,followers,popularity,date) VALUES (%s,%s,%s,%s) ON CONFLICT (artist_id,date) DO UPDATE SET artist_id=EXCLUDED.artist_id,followers=EXCLUDED.followers,popularity=EXCLUDED.popularity,date=EXCLUDED.date, parameters: ('2848adRcxvgWNRcz1g1tQD', 149597, 54, '2023-05-08')
[2023-05-08T16:29:17.880+0000] {sql.py:384} INFO - Rows affected: 1
[2023-05-08T16:29:17.885+0000] {base.py:73} INFO - Using connection ID '***' for task execution.
[2023-05-08T16:29:17.891+0000] {sql.py:375} INFO - Running statement: INSERT INTO artist_fact (artist_id,followers,popularity,date) VALUES (%s,%s,%s,%s) ON CONFLICT (artist_id,date) DO UPDATE SET artist_id=EXCLUDED.artist_id,followers=EXCLUDED.followers,popularity=EXCLUDED.popularity,date=EXCLUDED.date, parameters: ('0QkgnHpxSCOYdTnhUR9S5k', 68846, 50, '2023-05-08')
[2023-05-08T16:29:17.892+0000] {sql.py:384} INFO - Rows affected: 1
[2023-05-08T16:29:17.898+0000] {base.py:73} INFO - Using connection ID '***' for task execution.
[2023-05-08T16:29:17.904+0000] {sql.py:375} INFO - Running statement: INSERT INTO artist_fact (artist_id,followers,popularity,date) VALUES (%s,%s,%s,%s) ON CONFLICT (artist_id,date) DO UPDATE SET artist_id=EXCLUDED.artist_id,followers=EXCLUDED.followers,popularity=EXCLUDED.popularity,date=EXCLUDED.date, parameters: ('3AUIYVmhwrsw8UOPHEv91Z', 65305, 51, '2023-05-08')
[2023-05-08T16:29:17.905+0000] {sql.py:384} INFO - Rows affected: 1
[2023-05-08T16:29:17.912+0000] {base.py:73} INFO - Using connection ID '***' for task execution.
[2023-05-08T16:29:17.917+0000] {sql.py:375} INFO - Running statement: INSERT INTO artist_fact (artist_id,followers,popularity,date) VALUES (%s,%s,%s,%s) ON CONFLICT (artist_id,date) DO UPDATE SET artist_id=EXCLUDED.artist_id,followers=EXCLUDED.followers,popularity=EXCLUDED.popularity,date=EXCLUDED.date, parameters: ('71EAlWYAa5jb4phZIOlp7u', 5855, 28, '2023-05-08')
[2023-05-08T16:29:17.919+0000] {sql.py:384} INFO - Rows affected: 1
[2023-05-08T16:29:17.925+0000] {base.py:73} INFO - Using connection ID '***' for task execution.
[2023-05-08T16:29:17.931+0000] {sql.py:375} INFO - Running statement: INSERT INTO artist_fact (artist_id,followers,popularity,date) VALUES (%s,%s,%s,%s) ON CONFLICT (artist_id,date) DO UPDATE SET artist_id=EXCLUDED.artist_id,followers=EXCLUDED.followers,popularity=EXCLUDED.popularity,date=EXCLUDED.date, parameters: ('2GUw9Wzha61PkZoRVv1PDD', 59472, 52, '2023-05-08')
[2023-05-08T16:29:17.932+0000] {sql.py:384} INFO - Rows affected: 1
[2023-05-08T16:29:17.938+0000] {base.py:73} INFO - Using connection ID '***' for task execution.
[2023-05-08T16:29:17.945+0000] {sql.py:375} INFO - Running statement: INSERT INTO artist_fact (artist_id,followers,popularity,date) VALUES (%s,%s,%s,%s) ON CONFLICT (artist_id,date) DO UPDATE SET artist_id=EXCLUDED.artist_id,followers=EXCLUDED.followers,popularity=EXCLUDED.popularity,date=EXCLUDED.date, parameters: ('3wDeS1sr05fxaOeiJJrOnL', 31297, 51, '2023-05-08')
[2023-05-08T16:29:17.947+0000] {sql.py:384} INFO - Rows affected: 1
[2023-05-08T16:29:17.953+0000] {base.py:73} INFO - Using connection ID '***' for task execution.
[2023-05-08T16:29:17.960+0000] {sql.py:375} INFO - Running statement: INSERT INTO artist_fact (artist_id,followers,popularity,date) VALUES (%s,%s,%s,%s) ON CONFLICT (artist_id,date) DO UPDATE SET artist_id=EXCLUDED.artist_id,followers=EXCLUDED.followers,popularity=EXCLUDED.popularity,date=EXCLUDED.date, parameters: ('1OP39gZ2SXVnwg4NrARmsu', 4527, 31, '2023-05-08')
[2023-05-08T16:29:17.961+0000] {sql.py:384} INFO - Rows affected: 1
[2023-05-08T16:29:17.967+0000] {base.py:73} INFO - Using connection ID '***' for task execution.
[2023-05-08T16:29:17.973+0000] {sql.py:375} INFO - Running statement: INSERT INTO artist_fact (artist_id,followers,popularity,date) VALUES (%s,%s,%s,%s) ON CONFLICT (artist_id,date) DO UPDATE SET artist_id=EXCLUDED.artist_id,followers=EXCLUDED.followers,popularity=EXCLUDED.popularity,date=EXCLUDED.date, parameters: ('1vwwjIPFeYoRfAUCqqO6cZ', 43853, 52, '2023-05-08')
[2023-05-08T16:29:17.975+0000] {sql.py:384} INFO - Rows affected: 1
[2023-05-08T16:29:17.981+0000] {base.py:73} INFO - Using connection ID '***' for task execution.
[2023-05-08T16:29:17.987+0000] {sql.py:375} INFO - Running statement: INSERT INTO artist_fact (artist_id,followers,popularity,date) VALUES (%s,%s,%s,%s) ON CONFLICT (artist_id,date) DO UPDATE SET artist_id=EXCLUDED.artist_id,followers=EXCLUDED.followers,popularity=EXCLUDED.popularity,date=EXCLUDED.date, parameters: ('2Ci3Sflo2BfC77wTwn2hbH', 38947, 40, '2023-05-08')
[2023-05-08T16:29:17.989+0000] {sql.py:384} INFO - Rows affected: 1
[2023-05-08T16:29:17.995+0000] {base.py:73} INFO - Using connection ID '***' for task execution.
[2023-05-08T16:29:18.001+0000] {sql.py:375} INFO - Running statement: INSERT INTO artist_fact (artist_id,followers,popularity,date) VALUES (%s,%s,%s,%s) ON CONFLICT (artist_id,date) DO UPDATE SET artist_id=EXCLUDED.artist_id,followers=EXCLUDED.followers,popularity=EXCLUDED.popularity,date=EXCLUDED.date, parameters: ('670UISOh9XV1zlq5z5IfoY', 20683, 49, '2023-05-08')
[2023-05-08T16:29:18.002+0000] {sql.py:384} INFO - Rows affected: 1
[2023-05-08T16:29:18.008+0000] {base.py:73} INFO - Using connection ID '***' for task execution.
[2023-05-08T16:29:18.014+0000] {sql.py:375} INFO - Running statement: INSERT INTO artist_fact (artist_id,followers,popularity,date) VALUES (%s,%s,%s,%s) ON CONFLICT (artist_id,date) DO UPDATE SET artist_id=EXCLUDED.artist_id,followers=EXCLUDED.followers,popularity=EXCLUDED.popularity,date=EXCLUDED.date, parameters: ('3QZxOYl5zlZtfigtXOZsfT', 26534, 36, '2023-05-08')
[2023-05-08T16:29:18.029+0000] {sql.py:384} INFO - Rows affected: 1
[2023-05-08T16:29:18.036+0000] {base.py:73} INFO - Using connection ID '***' for task execution.
[2023-05-08T16:29:18.042+0000] {sql.py:375} INFO - Running statement: INSERT INTO artist_fact (artist_id,followers,popularity,date) VALUES (%s,%s,%s,%s) ON CONFLICT (artist_id,date) DO UPDATE SET artist_id=EXCLUDED.artist_id,followers=EXCLUDED.followers,popularity=EXCLUDED.popularity,date=EXCLUDED.date, parameters: ('2AfU5LYBVCiCtuCCfM7uVX', 597395, 62, '2023-05-08')
[2023-05-08T16:29:18.044+0000] {sql.py:384} INFO - Rows affected: 1
[2023-05-08T16:29:18.050+0000] {base.py:73} INFO - Using connection ID '***' for task execution.
[2023-05-08T16:29:18.056+0000] {sql.py:375} INFO - Running statement: INSERT INTO artist_fact (artist_id,followers,popularity,date) VALUES (%s,%s,%s,%s) ON CONFLICT (artist_id,date) DO UPDATE SET artist_id=EXCLUDED.artist_id,followers=EXCLUDED.followers,popularity=EXCLUDED.popularity,date=EXCLUDED.date, parameters: ('7MigDh04CCntQbsBvugEmb', 113307, 61, '2023-05-08')
[2023-05-08T16:29:18.057+0000] {sql.py:384} INFO - Rows affected: 1
[2023-05-08T16:29:18.063+0000] {base.py:73} INFO - Using connection ID '***' for task execution.
[2023-05-08T16:29:18.069+0000] {sql.py:375} INFO - Running statement: INSERT INTO artist_fact (artist_id,followers,popularity,date) VALUES (%s,%s,%s,%s) ON CONFLICT (artist_id,date) DO UPDATE SET artist_id=EXCLUDED.artist_id,followers=EXCLUDED.followers,popularity=EXCLUDED.popularity,date=EXCLUDED.date, parameters: ('1tQu5TjcAK68fx8qrc8ZgF', 74377, 51, '2023-05-08')
[2023-05-08T16:29:18.070+0000] {sql.py:384} INFO - Rows affected: 1
[2023-05-08T16:29:18.075+0000] {base.py:73} INFO - Using connection ID '***' for task execution.
[2023-05-08T16:29:18.083+0000] {sql.py:375} INFO - Running statement: INSERT INTO artist_fact (artist_id,followers,popularity,date) VALUES (%s,%s,%s,%s) ON CONFLICT (artist_id,date) DO UPDATE SET artist_id=EXCLUDED.artist_id,followers=EXCLUDED.followers,popularity=EXCLUDED.popularity,date=EXCLUDED.date, parameters: ('0Kx7qYhFiv0YD5lxEG1nsz', 5144, 25, '2023-05-08')
[2023-05-08T16:29:18.085+0000] {sql.py:384} INFO - Rows affected: 1
[2023-05-08T16:29:18.091+0000] {base.py:73} INFO - Using connection ID '***' for task execution.
[2023-05-08T16:29:18.097+0000] {sql.py:375} INFO - Running statement: INSERT INTO artist_fact (artist_id,followers,popularity,date) VALUES (%s,%s,%s,%s) ON CONFLICT (artist_id,date) DO UPDATE SET artist_id=EXCLUDED.artist_id,followers=EXCLUDED.followers,popularity=EXCLUDED.popularity,date=EXCLUDED.date, parameters: ('5ibWbhA0IkPT3xCN0YicRL', 6543, 52, '2023-05-08')
[2023-05-08T16:29:18.098+0000] {sql.py:384} INFO - Rows affected: 1
[2023-05-08T16:29:18.104+0000] {base.py:73} INFO - Using connection ID '***' for task execution.
[2023-05-08T16:29:18.110+0000] {sql.py:375} INFO - Running statement: INSERT INTO artist_fact (artist_id,followers,popularity,date) VALUES (%s,%s,%s,%s) ON CONFLICT (artist_id,date) DO UPDATE SET artist_id=EXCLUDED.artist_id,followers=EXCLUDED.followers,popularity=EXCLUDED.popularity,date=EXCLUDED.date, parameters: ('7naAJDAh7AZnf18YYfQruM', 295535, 60, '2023-05-08')
[2023-05-08T16:29:18.112+0000] {sql.py:384} INFO - Rows affected: 1
[2023-05-08T16:29:18.118+0000] {base.py:73} INFO - Using connection ID '***' for task execution.
[2023-05-08T16:29:18.126+0000] {sql.py:375} INFO - Running statement: INSERT INTO artist_fact (artist_id,followers,popularity,date) VALUES (%s,%s,%s,%s) ON CONFLICT (artist_id,date) DO UPDATE SET artist_id=EXCLUDED.artist_id,followers=EXCLUDED.followers,popularity=EXCLUDED.popularity,date=EXCLUDED.date, parameters: ('6fHEaFnFgMxMAtDt7mFoQ3', 13951, 41, '2023-05-08')
[2023-05-08T16:29:18.128+0000] {sql.py:384} INFO - Rows affected: 1
[2023-05-08T16:29:18.134+0000] {base.py:73} INFO - Using connection ID '***' for task execution.
[2023-05-08T16:29:18.141+0000] {sql.py:375} INFO - Running statement: INSERT INTO artist_fact (artist_id,followers,popularity,date) VALUES (%s,%s,%s,%s) ON CONFLICT (artist_id,date) DO UPDATE SET artist_id=EXCLUDED.artist_id,followers=EXCLUDED.followers,popularity=EXCLUDED.popularity,date=EXCLUDED.date, parameters: ('0S7eN9KAsbAaIZtFyCn1q1', 41738, 60, '2023-05-08')
[2023-05-08T16:29:18.142+0000] {sql.py:384} INFO - Rows affected: 1
[2023-05-08T16:29:18.148+0000] {base.py:73} INFO - Using connection ID '***' for task execution.
[2023-05-08T16:29:18.154+0000] {sql.py:375} INFO - Running statement: INSERT INTO artist_fact (artist_id,followers,popularity,date) VALUES (%s,%s,%s,%s) ON CONFLICT (artist_id,date) DO UPDATE SET artist_id=EXCLUDED.artist_id,followers=EXCLUDED.followers,popularity=EXCLUDED.popularity,date=EXCLUDED.date, parameters: ('4X8TR9pBFyewFlIDYt1o2s', 19549, 51, '2023-05-08')
[2023-05-08T16:29:18.156+0000] {sql.py:384} INFO - Rows affected: 1
[2023-05-08T16:29:18.162+0000] {base.py:73} INFO - Using connection ID '***' for task execution.
[2023-05-08T16:29:18.169+0000] {sql.py:375} INFO - Running statement: INSERT INTO artist_fact (artist_id,followers,popularity,date) VALUES (%s,%s,%s,%s) ON CONFLICT (artist_id,date) DO UPDATE SET artist_id=EXCLUDED.artist_id,followers=EXCLUDED.followers,popularity=EXCLUDED.popularity,date=EXCLUDED.date, parameters: ('5UrcghjIlj83Jf7QjZfBhZ', 88, 22, '2023-05-08')
[2023-05-08T16:29:18.170+0000] {sql.py:384} INFO - Rows affected: 1
[2023-05-08T16:29:18.177+0000] {base.py:73} INFO - Using connection ID '***' for task execution.
[2023-05-08T16:29:18.183+0000] {sql.py:375} INFO - Running statement: INSERT INTO artist_fact (artist_id,followers,popularity,date) VALUES (%s,%s,%s,%s) ON CONFLICT (artist_id,date) DO UPDATE SET artist_id=EXCLUDED.artist_id,followers=EXCLUDED.followers,popularity=EXCLUDED.popularity,date=EXCLUDED.date, parameters: ('3pob90yrusjcbgSYFKaeAk', 6147, 32, '2023-05-08')
[2023-05-08T16:29:18.185+0000] {sql.py:384} INFO - Rows affected: 1
[2023-05-08T16:29:18.192+0000] {base.py:73} INFO - Using connection ID '***' for task execution.
[2023-05-08T16:29:18.198+0000] {sql.py:375} INFO - Running statement: INSERT INTO artist_fact (artist_id,followers,popularity,date) VALUES (%s,%s,%s,%s) ON CONFLICT (artist_id,date) DO UPDATE SET artist_id=EXCLUDED.artist_id,followers=EXCLUDED.followers,popularity=EXCLUDED.popularity,date=EXCLUDED.date, parameters: ('7BoBxrm9jJ7us6U92oqr4N', 794, 24, '2023-05-08')
[2023-05-08T16:29:18.200+0000] {sql.py:384} INFO - Rows affected: 1
[2023-05-08T16:29:18.206+0000] {base.py:73} INFO - Using connection ID '***' for task execution.
[2023-05-08T16:29:18.212+0000] {sql.py:375} INFO - Running statement: INSERT INTO artist_fact (artist_id,followers,popularity,date) VALUES (%s,%s,%s,%s) ON CONFLICT (artist_id,date) DO UPDATE SET artist_id=EXCLUDED.artist_id,followers=EXCLUDED.followers,popularity=EXCLUDED.popularity,date=EXCLUDED.date, parameters: ('1fsCfvdiomqjKJFR6xI8e4', 109843, 56, '2023-05-08')
[2023-05-08T16:29:18.213+0000] {sql.py:384} INFO - Rows affected: 1
[2023-05-08T16:29:18.219+0000] {base.py:73} INFO - Using connection ID '***' for task execution.
[2023-05-08T16:29:18.225+0000] {sql.py:375} INFO - Running statement: INSERT INTO artist_fact (artist_id,followers,popularity,date) VALUES (%s,%s,%s,%s) ON CONFLICT (artist_id,date) DO UPDATE SET artist_id=EXCLUDED.artist_id,followers=EXCLUDED.followers,popularity=EXCLUDED.popularity,date=EXCLUDED.date, parameters: ('7wSr4otUV4ytUvHE4w3rBe', 41545, 31, '2023-05-08')
[2023-05-08T16:29:18.227+0000] {sql.py:384} INFO - Rows affected: 1
[2023-05-08T16:29:18.232+0000] {base.py:73} INFO - Using connection ID '***' for task execution.
[2023-05-08T16:29:18.240+0000] {sql.py:375} INFO - Running statement: INSERT INTO artist_fact (artist_id,followers,popularity,date) VALUES (%s,%s,%s,%s) ON CONFLICT (artist_id,date) DO UPDATE SET artist_id=EXCLUDED.artist_id,followers=EXCLUDED.followers,popularity=EXCLUDED.popularity,date=EXCLUDED.date, parameters: ('61qMnYXa1GxSBoV3IiYKjZ', 520551, 55, '2023-05-08')
[2023-05-08T16:29:18.243+0000] {sql.py:384} INFO - Rows affected: 1
[2023-05-08T16:29:18.249+0000] {base.py:73} INFO - Using connection ID '***' for task execution.
[2023-05-08T16:29:18.257+0000] {sql.py:375} INFO - Running statement: INSERT INTO artist_fact (artist_id,followers,popularity,date) VALUES (%s,%s,%s,%s) ON CONFLICT (artist_id,date) DO UPDATE SET artist_id=EXCLUDED.artist_id,followers=EXCLUDED.followers,popularity=EXCLUDED.popularity,date=EXCLUDED.date, parameters: ('7HfUJxeVTgrvhk0eWHFzV7', 56206, 47, '2023-05-08')
[2023-05-08T16:29:18.259+0000] {sql.py:384} INFO - Rows affected: 1
[2023-05-08T16:29:18.264+0000] {base.py:73} INFO - Using connection ID '***' for task execution.
[2023-05-08T16:29:18.273+0000] {sql.py:375} INFO - Running statement: INSERT INTO artist_fact (artist_id,followers,popularity,date) VALUES (%s,%s,%s,%s) ON CONFLICT (artist_id,date) DO UPDATE SET artist_id=EXCLUDED.artist_id,followers=EXCLUDED.followers,popularity=EXCLUDED.popularity,date=EXCLUDED.date, parameters: ('4HAfqyKr4Sqtab6ttHWXgE', 100007, 57, '2023-05-08')
[2023-05-08T16:29:18.275+0000] {sql.py:384} INFO - Rows affected: 1
[2023-05-08T16:29:18.280+0000] {base.py:73} INFO - Using connection ID '***' for task execution.
[2023-05-08T16:29:18.287+0000] {sql.py:375} INFO - Running statement: INSERT INTO artist_fact (artist_id,followers,popularity,date) VALUES (%s,%s,%s,%s) ON CONFLICT (artist_id,date) DO UPDATE SET artist_id=EXCLUDED.artist_id,followers=EXCLUDED.followers,popularity=EXCLUDED.popularity,date=EXCLUDED.date, parameters: ('27w1NoOLMX7tJMYqcetPyG', 606609, 61, '2023-05-08')
[2023-05-08T16:29:18.289+0000] {sql.py:384} INFO - Rows affected: 1
[2023-05-08T16:29:18.295+0000] {base.py:73} INFO - Using connection ID '***' for task execution.
[2023-05-08T16:29:18.302+0000] {sql.py:375} INFO - Running statement: INSERT INTO artist_fact (artist_id,followers,popularity,date) VALUES (%s,%s,%s,%s) ON CONFLICT (artist_id,date) DO UPDATE SET artist_id=EXCLUDED.artist_id,followers=EXCLUDED.followers,popularity=EXCLUDED.popularity,date=EXCLUDED.date, parameters: ('5G9kmDLg3OeUyj8KVBLzbu', 554757, 67, '2023-05-08')
[2023-05-08T16:29:18.303+0000] {sql.py:384} INFO - Rows affected: 1
[2023-05-08T16:29:18.310+0000] {base.py:73} INFO - Using connection ID '***' for task execution.
[2023-05-08T16:29:18.317+0000] {sql.py:375} INFO - Running statement: INSERT INTO artist_fact (artist_id,followers,popularity,date) VALUES (%s,%s,%s,%s) ON CONFLICT (artist_id,date) DO UPDATE SET artist_id=EXCLUDED.artist_id,followers=EXCLUDED.followers,popularity=EXCLUDED.popularity,date=EXCLUDED.date, parameters: ('7vSY9HEreOqb1Llar3UC38', 199893, 55, '2023-05-08')
[2023-05-08T16:29:18.319+0000] {sql.py:384} INFO - Rows affected: 1
[2023-05-08T16:29:18.325+0000] {base.py:73} INFO - Using connection ID '***' for task execution.
[2023-05-08T16:29:18.332+0000] {sql.py:375} INFO - Running statement: INSERT INTO artist_fact (artist_id,followers,popularity,date) VALUES (%s,%s,%s,%s) ON CONFLICT (artist_id,date) DO UPDATE SET artist_id=EXCLUDED.artist_id,followers=EXCLUDED.followers,popularity=EXCLUDED.popularity,date=EXCLUDED.date, parameters: ('5VfSeZYcDwD8WQVwbaoL6z', 5321, 30, '2023-05-08')
[2023-05-08T16:29:18.334+0000] {sql.py:384} INFO - Rows affected: 1
[2023-05-08T16:29:18.340+0000] {base.py:73} INFO - Using connection ID '***' for task execution.
[2023-05-08T16:29:18.346+0000] {sql.py:375} INFO - Running statement: INSERT INTO artist_fact (artist_id,followers,popularity,date) VALUES (%s,%s,%s,%s) ON CONFLICT (artist_id,date) DO UPDATE SET artist_id=EXCLUDED.artist_id,followers=EXCLUDED.followers,popularity=EXCLUDED.popularity,date=EXCLUDED.date, parameters: ('5JZPSVFMUk4HGDdx68lN77', 7206, 32, '2023-05-08')
[2023-05-08T16:29:18.347+0000] {sql.py:384} INFO - Rows affected: 1
[2023-05-08T16:29:18.353+0000] {base.py:73} INFO - Using connection ID '***' for task execution.
[2023-05-08T16:29:18.360+0000] {sql.py:375} INFO - Running statement: INSERT INTO artist_fact (artist_id,followers,popularity,date) VALUES (%s,%s,%s,%s) ON CONFLICT (artist_id,date) DO UPDATE SET artist_id=EXCLUDED.artist_id,followers=EXCLUDED.followers,popularity=EXCLUDED.popularity,date=EXCLUDED.date, parameters: ('6rEjEIfp3NSRteU3kJGSET', 10934, 42, '2023-05-08')
[2023-05-08T16:29:18.362+0000] {sql.py:384} INFO - Rows affected: 1
[2023-05-08T16:29:18.369+0000] {base.py:73} INFO - Using connection ID '***' for task execution.
[2023-05-08T16:29:18.375+0000] {sql.py:375} INFO - Running statement: INSERT INTO artist_fact (artist_id,followers,popularity,date) VALUES (%s,%s,%s,%s) ON CONFLICT (artist_id,date) DO UPDATE SET artist_id=EXCLUDED.artist_id,followers=EXCLUDED.followers,popularity=EXCLUDED.popularity,date=EXCLUDED.date, parameters: ('2IDLDx25HU1nQMKde4n61a', 2155618, 69, '2023-05-08')
[2023-05-08T16:29:18.377+0000] {sql.py:384} INFO - Rows affected: 1
[2023-05-08T16:29:18.383+0000] {base.py:73} INFO - Using connection ID '***' for task execution.
[2023-05-08T16:29:18.390+0000] {sql.py:375} INFO - Running statement: INSERT INTO artist_fact (artist_id,followers,popularity,date) VALUES (%s,%s,%s,%s) ON CONFLICT (artist_id,date) DO UPDATE SET artist_id=EXCLUDED.artist_id,followers=EXCLUDED.followers,popularity=EXCLUDED.popularity,date=EXCLUDED.date, parameters: ('1AhjOkOLkbHUfcHDSErXQs', 893033, 67, '2023-05-08')
[2023-05-08T16:29:18.392+0000] {sql.py:384} INFO - Rows affected: 1
[2023-05-08T16:29:18.393+0000] {python.py:183} INFO - Done. Returned value was: None
[2023-05-08T16:29:18.401+0000] {taskinstance.py:1373} INFO - Marking task as SUCCESS. dag_id=Summer_Warped_ETL, task_id=LoadData.LoadArtistFact, execution_date=20230508T160958, start_date=20230508T162916, end_date=20230508T162918
[2023-05-08T16:29:18.452+0000] {local_task_job_runner.py:232} INFO - Task exited with return code 0
[2023-05-08T16:29:18.468+0000] {taskinstance.py:2674} INFO - 0 downstream tasks scheduled from follow-on schedule check
