[2023-05-08T16:25:52.501+0000] {taskinstance.py:1125} INFO - Dependencies all met for dep_context=non-requeueable deps ti=<TaskInstance: Summer_Warped_ETL.LoadData.LoadArtistFact manual__2023-05-08T16:09:58.195696+00:00 [queued]>
[2023-05-08T16:25:52.507+0000] {taskinstance.py:1125} INFO - Dependencies all met for dep_context=requeueable deps ti=<TaskInstance: Summer_Warped_ETL.LoadData.LoadArtistFact manual__2023-05-08T16:09:58.195696+00:00 [queued]>
[2023-05-08T16:25:52.508+0000] {taskinstance.py:1331} INFO - Starting attempt 1 of 3
[2023-05-08T16:25:52.516+0000] {taskinstance.py:1350} INFO - Executing <Task(PythonOperator): LoadData.LoadArtistFact> on 2023-05-08 16:09:58.195696+00:00
[2023-05-08T16:25:52.521+0000] {standard_task_runner.py:57} INFO - Started process 1350 to run task
[2023-05-08T16:25:52.524+0000] {standard_task_runner.py:84} INFO - Running: ['***', 'tasks', 'run', 'Summer_Warped_ETL', 'LoadData.LoadArtistFact', 'manual__2023-05-08T16:09:58.195696+00:00', '--job-id', '2530', '--raw', '--subdir', 'DAGS_FOLDER/warped-dag.py', '--cfg-path', '/tmp/tmp4pmn2_z6']
[2023-05-08T16:25:52.525+0000] {standard_task_runner.py:85} INFO - Job 2530: Subtask LoadData.LoadArtistFact
[2023-05-08T16:25:52.561+0000] {task_command.py:410} INFO - Running <TaskInstance: Summer_Warped_ETL.LoadData.LoadArtistFact manual__2023-05-08T16:09:58.195696+00:00 [running]> on host 7b4753e133cb
[2023-05-08T16:25:52.615+0000] {taskinstance.py:1570} INFO - Exporting env vars: AIRFLOW_CTX_DAG_OWNER='Ananta Moharana' AIRFLOW_CTX_DAG_ID='Summer_Warped_ETL' AIRFLOW_CTX_TASK_ID='LoadData.LoadArtistFact' AIRFLOW_CTX_EXECUTION_DATE='2023-05-08T16:09:58.195696+00:00' AIRFLOW_CTX_TRY_NUMBER='1' AIRFLOW_CTX_DAG_RUN_ID='manual__2023-05-08T16:09:58.195696+00:00'
[2023-05-08T16:25:52.617+0000] {logging_mixin.py:149} INFO - 2023-05/artist_fact.csv
[2023-05-08T16:25:52.624+0000] {base.py:73} INFO - Using connection ID 'aws_connection' for task execution.
[2023-05-08T16:25:52.625+0000] {connection_wrapper.py:337} INFO - AWS Connection (conn_id='aws_connection', conn_type='aws') credentials retrieved from login and password.
[2023-05-08T16:25:52.819+0000] {logging_mixin.py:149} INFO -                 artist_id  followers  popularity        date
0  1m0t5VYISq6TcyMo7UqLMz      36856          43  2023-05-08
1  7FngGIEGgN3Iwauw1MvO4P     404272          60  2023-05-08
2  4kqFrZkeqDfOIEqTWqbOOV     193782          61  2023-05-08
3  4tjqHer0BFQbJ1FVyWhffM      33169          49  2023-05-08
4  62UdSpLGWjDU75OAFKLxWV       1661          25  2023-05-08
[2023-05-08T16:25:52.819+0000] {logging_mixin.py:149} INFO - INSERT INTO artist_fact (artist_id,followers,popularity,date) VALUES (%s,%s,%s,%s) ON CONFLICT (artist_id,date) DO UPDATE SET artist_id=EXCLUDED.artist_id,followers=EXCLUDED.followers,popularity=EXCLUDED.popularity,date=EXCLUDED.date
[2023-05-08T16:25:52.827+0000] {base.py:73} INFO - Using connection ID '***' for task execution.
[2023-05-08T16:25:52.834+0000] {sql.py:375} INFO - Running statement: INSERT INTO artist_fact (artist_id,followers,popularity,date) VALUES (%s,%s,%s,%s) ON CONFLICT (artist_id,date) DO UPDATE SET artist_id=EXCLUDED.artist_id,followers=EXCLUDED.followers,popularity=EXCLUDED.popularity,date=EXCLUDED.date, parameters: ('1m0t5VYISq6TcyMo7UqLMz', 36856, 43, '2023-05-08')
[2023-05-08T16:25:52.837+0000] {sql.py:384} INFO - Rows affected: 1
[2023-05-08T16:25:52.844+0000] {base.py:73} INFO - Using connection ID '***' for task execution.
[2023-05-08T16:25:52.853+0000] {sql.py:375} INFO - Running statement: INSERT INTO artist_fact (artist_id,followers,popularity,date) VALUES (%s,%s,%s,%s) ON CONFLICT (artist_id,date) DO UPDATE SET artist_id=EXCLUDED.artist_id,followers=EXCLUDED.followers,popularity=EXCLUDED.popularity,date=EXCLUDED.date, parameters: ('7FngGIEGgN3Iwauw1MvO4P', 404272, 60, '2023-05-08')
[2023-05-08T16:25:52.856+0000] {sql.py:384} INFO - Rows affected: 1
[2023-05-08T16:25:52.864+0000] {base.py:73} INFO - Using connection ID '***' for task execution.
[2023-05-08T16:25:52.871+0000] {sql.py:375} INFO - Running statement: INSERT INTO artist_fact (artist_id,followers,popularity,date) VALUES (%s,%s,%s,%s) ON CONFLICT (artist_id,date) DO UPDATE SET artist_id=EXCLUDED.artist_id,followers=EXCLUDED.followers,popularity=EXCLUDED.popularity,date=EXCLUDED.date, parameters: ('4kqFrZkeqDfOIEqTWqbOOV', 193782, 61, '2023-05-08')
[2023-05-08T16:25:52.875+0000] {sql.py:384} INFO - Rows affected: 1
[2023-05-08T16:25:52.881+0000] {base.py:73} INFO - Using connection ID '***' for task execution.
[2023-05-08T16:25:52.887+0000] {sql.py:375} INFO - Running statement: INSERT INTO artist_fact (artist_id,followers,popularity,date) VALUES (%s,%s,%s,%s) ON CONFLICT (artist_id,date) DO UPDATE SET artist_id=EXCLUDED.artist_id,followers=EXCLUDED.followers,popularity=EXCLUDED.popularity,date=EXCLUDED.date, parameters: ('4tjqHer0BFQbJ1FVyWhffM', 33169, 49, '2023-05-08')
[2023-05-08T16:25:52.890+0000] {sql.py:384} INFO - Rows affected: 1
[2023-05-08T16:25:52.897+0000] {base.py:73} INFO - Using connection ID '***' for task execution.
[2023-05-08T16:25:52.903+0000] {sql.py:375} INFO - Running statement: INSERT INTO artist_fact (artist_id,followers,popularity,date) VALUES (%s,%s,%s,%s) ON CONFLICT (artist_id,date) DO UPDATE SET artist_id=EXCLUDED.artist_id,followers=EXCLUDED.followers,popularity=EXCLUDED.popularity,date=EXCLUDED.date, parameters: ('62UdSpLGWjDU75OAFKLxWV', 1661, 25, '2023-05-08')
[2023-05-08T16:25:52.905+0000] {sql.py:384} INFO - Rows affected: 1
[2023-05-08T16:25:52.912+0000] {base.py:73} INFO - Using connection ID '***' for task execution.
[2023-05-08T16:25:52.918+0000] {sql.py:375} INFO - Running statement: INSERT INTO artist_fact (artist_id,followers,popularity,date) VALUES (%s,%s,%s,%s) ON CONFLICT (artist_id,date) DO UPDATE SET artist_id=EXCLUDED.artist_id,followers=EXCLUDED.followers,popularity=EXCLUDED.popularity,date=EXCLUDED.date, parameters: ('0Ro9LZA0sRl1FG66KgsA1u', 3859, 31, '2023-05-08')
[2023-05-08T16:25:52.920+0000] {sql.py:384} INFO - Rows affected: 1
[2023-05-08T16:25:52.927+0000] {base.py:73} INFO - Using connection ID '***' for task execution.
[2023-05-08T16:25:52.934+0000] {sql.py:375} INFO - Running statement: INSERT INTO artist_fact (artist_id,followers,popularity,date) VALUES (%s,%s,%s,%s) ON CONFLICT (artist_id,date) DO UPDATE SET artist_id=EXCLUDED.artist_id,followers=EXCLUDED.followers,popularity=EXCLUDED.popularity,date=EXCLUDED.date, parameters: ('6zqcGQ6MH6yetBUoquMnL7', 199511, 55, '2023-05-08')
[2023-05-08T16:25:52.937+0000] {sql.py:384} INFO - Rows affected: 1
[2023-05-08T16:25:52.942+0000] {base.py:73} INFO - Using connection ID '***' for task execution.
[2023-05-08T16:25:52.950+0000] {sql.py:375} INFO - Running statement: INSERT INTO artist_fact (artist_id,followers,popularity,date) VALUES (%s,%s,%s,%s) ON CONFLICT (artist_id,date) DO UPDATE SET artist_id=EXCLUDED.artist_id,followers=EXCLUDED.followers,popularity=EXCLUDED.popularity,date=EXCLUDED.date, parameters: ('5cwtCGap3COvJNt1yineor', 2660, 30, '2023-05-08')
[2023-05-08T16:25:52.952+0000] {sql.py:384} INFO - Rows affected: 1
[2023-05-08T16:25:52.958+0000] {base.py:73} INFO - Using connection ID '***' for task execution.
[2023-05-08T16:25:52.968+0000] {sql.py:375} INFO - Running statement: INSERT INTO artist_fact (artist_id,followers,popularity,date) VALUES (%s,%s,%s,%s) ON CONFLICT (artist_id,date) DO UPDATE SET artist_id=EXCLUDED.artist_id,followers=EXCLUDED.followers,popularity=EXCLUDED.popularity,date=EXCLUDED.date, parameters: ('5aTRa02UP1y6PW5klZiTt0', 15166, 40, '2023-05-08')
[2023-05-08T16:25:52.970+0000] {sql.py:384} INFO - Rows affected: 1
[2023-05-08T16:25:52.976+0000] {base.py:73} INFO - Using connection ID '***' for task execution.
[2023-05-08T16:25:52.983+0000] {sql.py:375} INFO - Running statement: INSERT INTO artist_fact (artist_id,followers,popularity,date) VALUES (%s,%s,%s,%s) ON CONFLICT (artist_id,date) DO UPDATE SET artist_id=EXCLUDED.artist_id,followers=EXCLUDED.followers,popularity=EXCLUDED.popularity,date=EXCLUDED.date, parameters: ('1N9JxmOPJqhMCw219uoEi8', 6155, 33, '2023-05-08')
[2023-05-08T16:25:52.985+0000] {sql.py:384} INFO - Rows affected: 1
[2023-05-08T16:25:52.992+0000] {base.py:73} INFO - Using connection ID '***' for task execution.
[2023-05-08T16:25:53.000+0000] {sql.py:375} INFO - Running statement: INSERT INTO artist_fact (artist_id,followers,popularity,date) VALUES (%s,%s,%s,%s) ON CONFLICT (artist_id,date) DO UPDATE SET artist_id=EXCLUDED.artist_id,followers=EXCLUDED.followers,popularity=EXCLUDED.popularity,date=EXCLUDED.date, parameters: ('0plNgbIlOc13T8ot3vyK79', 66754, 48, '2023-05-08')
[2023-05-08T16:25:53.002+0000] {sql.py:384} INFO - Rows affected: 1
[2023-05-08T16:25:53.009+0000] {base.py:73} INFO - Using connection ID '***' for task execution.
[2023-05-08T16:25:53.018+0000] {sql.py:375} INFO - Running statement: INSERT INTO artist_fact (artist_id,followers,popularity,date) VALUES (%s,%s,%s,%s) ON CONFLICT (artist_id,date) DO UPDATE SET artist_id=EXCLUDED.artist_id,followers=EXCLUDED.followers,popularity=EXCLUDED.popularity,date=EXCLUDED.date, parameters: ('0t7bbGUdyq3urfDddwXhdY', 2595, 35, '2023-05-08')
[2023-05-08T16:25:53.020+0000] {sql.py:384} INFO - Rows affected: 1
[2023-05-08T16:25:53.027+0000] {base.py:73} INFO - Using connection ID '***' for task execution.
[2023-05-08T16:25:53.034+0000] {sql.py:375} INFO - Running statement: INSERT INTO artist_fact (artist_id,followers,popularity,date) VALUES (%s,%s,%s,%s) ON CONFLICT (artist_id,date) DO UPDATE SET artist_id=EXCLUDED.artist_id,followers=EXCLUDED.followers,popularity=EXCLUDED.popularity,date=EXCLUDED.date, parameters: ('7Lcln0AXqNHMahrca8KVpy', 104613, 51, '2023-05-08')
[2023-05-08T16:25:53.037+0000] {sql.py:384} INFO - Rows affected: 1
[2023-05-08T16:25:53.044+0000] {base.py:73} INFO - Using connection ID '***' for task execution.
[2023-05-08T16:25:53.052+0000] {sql.py:375} INFO - Running statement: INSERT INTO artist_fact (artist_id,followers,popularity,date) VALUES (%s,%s,%s,%s) ON CONFLICT (artist_id,date) DO UPDATE SET artist_id=EXCLUDED.artist_id,followers=EXCLUDED.followers,popularity=EXCLUDED.popularity,date=EXCLUDED.date, parameters: ('3XOHHfvBYKCMo1h0DFY27z', 5495, 36, '2023-05-08')
[2023-05-08T16:25:53.054+0000] {sql.py:384} INFO - Rows affected: 1
[2023-05-08T16:25:53.061+0000] {base.py:73} INFO - Using connection ID '***' for task execution.
[2023-05-08T16:25:53.069+0000] {sql.py:375} INFO - Running statement: INSERT INTO artist_fact (artist_id,followers,popularity,date) VALUES (%s,%s,%s,%s) ON CONFLICT (artist_id,date) DO UPDATE SET artist_id=EXCLUDED.artist_id,followers=EXCLUDED.followers,popularity=EXCLUDED.popularity,date=EXCLUDED.date, parameters: ('1trffosn0Alk3IlloOD5O8', 16991, 44, '2023-05-08')
[2023-05-08T16:25:53.075+0000] {sql.py:384} INFO - Rows affected: 1
[2023-05-08T16:25:53.084+0000] {base.py:73} INFO - Using connection ID '***' for task execution.
[2023-05-08T16:25:53.090+0000] {sql.py:375} INFO - Running statement: INSERT INTO artist_fact (artist_id,followers,popularity,date) VALUES (%s,%s,%s,%s) ON CONFLICT (artist_id,date) DO UPDATE SET artist_id=EXCLUDED.artist_id,followers=EXCLUDED.followers,popularity=EXCLUDED.popularity,date=EXCLUDED.date, parameters: ('04ei5kNgmDuNAydFhhIHnD', 361922, 58, '2023-05-08')
[2023-05-08T16:25:53.092+0000] {sql.py:384} INFO - Rows affected: 1
[2023-05-08T16:25:53.099+0000] {base.py:73} INFO - Using connection ID '***' for task execution.
[2023-05-08T16:25:53.107+0000] {sql.py:375} INFO - Running statement: INSERT INTO artist_fact (artist_id,followers,popularity,date) VALUES (%s,%s,%s,%s) ON CONFLICT (artist_id,date) DO UPDATE SET artist_id=EXCLUDED.artist_id,followers=EXCLUDED.followers,popularity=EXCLUDED.popularity,date=EXCLUDED.date, parameters: ('0WvTK38rXqPCD5pZMDuX20', 207430, 53, '2023-05-08')
[2023-05-08T16:25:53.110+0000] {sql.py:384} INFO - Rows affected: 1
[2023-05-08T16:25:53.117+0000] {base.py:73} INFO - Using connection ID '***' for task execution.
[2023-05-08T16:25:53.125+0000] {sql.py:375} INFO - Running statement: INSERT INTO artist_fact (artist_id,followers,popularity,date) VALUES (%s,%s,%s,%s) ON CONFLICT (artist_id,date) DO UPDATE SET artist_id=EXCLUDED.artist_id,followers=EXCLUDED.followers,popularity=EXCLUDED.popularity,date=EXCLUDED.date, parameters: ('3hOdow4ZPmrby7Q1wfPLEy', 331656, 61, '2023-05-08')
[2023-05-08T16:25:53.127+0000] {sql.py:384} INFO - Rows affected: 1
[2023-05-08T16:25:53.134+0000] {base.py:73} INFO - Using connection ID '***' for task execution.
[2023-05-08T16:25:53.141+0000] {sql.py:375} INFO - Running statement: INSERT INTO artist_fact (artist_id,followers,popularity,date) VALUES (%s,%s,%s,%s) ON CONFLICT (artist_id,date) DO UPDATE SET artist_id=EXCLUDED.artist_id,followers=EXCLUDED.followers,popularity=EXCLUDED.popularity,date=EXCLUDED.date, parameters: ('7eRBEVzcZk4XyIdF0Btfg4', 2517, 31, '2023-05-08')
[2023-05-08T16:25:53.143+0000] {sql.py:384} INFO - Rows affected: 1
[2023-05-08T16:25:53.150+0000] {base.py:73} INFO - Using connection ID '***' for task execution.
[2023-05-08T16:25:53.158+0000] {sql.py:375} INFO - Running statement: INSERT INTO artist_fact (artist_id,followers,popularity,date) VALUES (%s,%s,%s,%s) ON CONFLICT (artist_id,date) DO UPDATE SET artist_id=EXCLUDED.artist_id,followers=EXCLUDED.followers,popularity=EXCLUDED.popularity,date=EXCLUDED.date, parameters: ('3Ae7AQITxFS0r3yGQHYDJI', 2103, 25, '2023-05-08')
[2023-05-08T16:25:53.161+0000] {sql.py:384} INFO - Rows affected: 1
[2023-05-08T16:25:53.169+0000] {base.py:73} INFO - Using connection ID '***' for task execution.
[2023-05-08T16:25:53.176+0000] {sql.py:375} INFO - Running statement: INSERT INTO artist_fact (artist_id,followers,popularity,date) VALUES (%s,%s,%s,%s) ON CONFLICT (artist_id,date) DO UPDATE SET artist_id=EXCLUDED.artist_id,followers=EXCLUDED.followers,popularity=EXCLUDED.popularity,date=EXCLUDED.date, parameters: ('7C4ztJMkuGRy0qkU6dG5hU', 26337, 39, '2023-05-08')
[2023-05-08T16:25:53.179+0000] {sql.py:384} INFO - Rows affected: 1
[2023-05-08T16:25:53.185+0000] {base.py:73} INFO - Using connection ID '***' for task execution.
[2023-05-08T16:25:53.194+0000] {sql.py:375} INFO - Running statement: INSERT INTO artist_fact (artist_id,followers,popularity,date) VALUES (%s,%s,%s,%s) ON CONFLICT (artist_id,date) DO UPDATE SET artist_id=EXCLUDED.artist_id,followers=EXCLUDED.followers,popularity=EXCLUDED.popularity,date=EXCLUDED.date, parameters: ('0vUk0rbl0BkFjmeFvjOvoj', 719, 18, '2023-05-08')
[2023-05-08T16:25:53.197+0000] {sql.py:384} INFO - Rows affected: 1
[2023-05-08T16:25:53.204+0000] {base.py:73} INFO - Using connection ID '***' for task execution.
[2023-05-08T16:25:53.210+0000] {sql.py:375} INFO - Running statement: INSERT INTO artist_fact (artist_id,followers,popularity,date) VALUES (%s,%s,%s,%s) ON CONFLICT (artist_id,date) DO UPDATE SET artist_id=EXCLUDED.artist_id,followers=EXCLUDED.followers,popularity=EXCLUDED.popularity,date=EXCLUDED.date, parameters: ('2cFrymmkijnjDg9SS92EPM', 4862148, 78, '2023-05-08')
[2023-05-08T16:25:53.213+0000] {sql.py:384} INFO - Rows affected: 1
[2023-05-08T16:25:53.220+0000] {base.py:73} INFO - Using connection ID '***' for task execution.
[2023-05-08T16:25:53.227+0000] {sql.py:375} INFO - Running statement: INSERT INTO artist_fact (artist_id,followers,popularity,date) VALUES (%s,%s,%s,%s) ON CONFLICT (artist_id,date) DO UPDATE SET artist_id=EXCLUDED.artist_id,followers=EXCLUDED.followers,popularity=EXCLUDED.popularity,date=EXCLUDED.date, parameters: ('3Ps6le7tj5BdNtdnfNgTU4', 290876, 52, '2023-05-08')
[2023-05-08T16:25:53.229+0000] {sql.py:384} INFO - Rows affected: 1
[2023-05-08T16:25:53.236+0000] {base.py:73} INFO - Using connection ID '***' for task execution.
[2023-05-08T16:25:53.243+0000] {sql.py:375} INFO - Running statement: INSERT INTO artist_fact (artist_id,followers,popularity,date) VALUES (%s,%s,%s,%s) ON CONFLICT (artist_id,date) DO UPDATE SET artist_id=EXCLUDED.artist_id,followers=EXCLUDED.followers,popularity=EXCLUDED.popularity,date=EXCLUDED.date, parameters: ('2QuPPChZpqAai29uqulNFe', 3657, 34, '2023-05-08')
[2023-05-08T16:25:53.245+0000] {sql.py:384} INFO - Rows affected: 1
[2023-05-08T16:25:53.251+0000] {base.py:73} INFO - Using connection ID '***' for task execution.
[2023-05-08T16:25:53.259+0000] {sql.py:375} INFO - Running statement: INSERT INTO artist_fact (artist_id,followers,popularity,date) VALUES (%s,%s,%s,%s) ON CONFLICT (artist_id,date) DO UPDATE SET artist_id=EXCLUDED.artist_id,followers=EXCLUDED.followers,popularity=EXCLUDED.popularity,date=EXCLUDED.date, parameters: ('5ZPYeVqoWNuukwfarvkyJX', 22565, 37, '2023-05-08')
[2023-05-08T16:25:53.261+0000] {sql.py:384} INFO - Rows affected: 1
[2023-05-08T16:25:53.268+0000] {base.py:73} INFO - Using connection ID '***' for task execution.
[2023-05-08T16:25:53.275+0000] {sql.py:375} INFO - Running statement: INSERT INTO artist_fact (artist_id,followers,popularity,date) VALUES (%s,%s,%s,%s) ON CONFLICT (artist_id,date) DO UPDATE SET artist_id=EXCLUDED.artist_id,followers=EXCLUDED.followers,popularity=EXCLUDED.popularity,date=EXCLUDED.date, parameters: ('0BxHc5dN9BSfLZ8PCch9wT', 3911, 23, '2023-05-08')
[2023-05-08T16:25:53.277+0000] {sql.py:384} INFO - Rows affected: 1
[2023-05-08T16:25:53.284+0000] {base.py:73} INFO - Using connection ID '***' for task execution.
[2023-05-08T16:25:53.292+0000] {sql.py:375} INFO - Running statement: INSERT INTO artist_fact (artist_id,followers,popularity,date) VALUES (%s,%s,%s,%s) ON CONFLICT (artist_id,date) DO UPDATE SET artist_id=EXCLUDED.artist_id,followers=EXCLUDED.followers,popularity=EXCLUDED.popularity,date=EXCLUDED.date, parameters: ('1iT8Vbd7KhZiBji3G72zDW', 3627, 24, '2023-05-08')
[2023-05-08T16:25:53.294+0000] {sql.py:384} INFO - Rows affected: 1
[2023-05-08T16:25:53.302+0000] {base.py:73} INFO - Using connection ID '***' for task execution.
[2023-05-08T16:25:53.309+0000] {sql.py:375} INFO - Running statement: INSERT INTO artist_fact (artist_id,followers,popularity,date) VALUES (%s,%s,%s,%s) ON CONFLICT (artist_id,date) DO UPDATE SET artist_id=EXCLUDED.artist_id,followers=EXCLUDED.followers,popularity=EXCLUDED.popularity,date=EXCLUDED.date, parameters: ('4cJKDGSv4Dz9QycXYmo565', 231063, 63, '2023-05-08')
[2023-05-08T16:25:53.312+0000] {sql.py:384} INFO - Rows affected: 1
[2023-05-08T16:25:53.319+0000] {base.py:73} INFO - Using connection ID '***' for task execution.
[2023-05-08T16:25:53.326+0000] {sql.py:375} INFO - Running statement: INSERT INTO artist_fact (artist_id,followers,popularity,date) VALUES (%s,%s,%s,%s) ON CONFLICT (artist_id,date) DO UPDATE SET artist_id=EXCLUDED.artist_id,followers=EXCLUDED.followers,popularity=EXCLUDED.popularity,date=EXCLUDED.date, parameters: ('0UENogXhLeGTZjub4eejjX', 4951, 39, '2023-05-08')
[2023-05-08T16:25:53.329+0000] {sql.py:384} INFO - Rows affected: 1
[2023-05-08T16:25:53.336+0000] {base.py:73} INFO - Using connection ID '***' for task execution.
[2023-05-08T16:25:53.343+0000] {sql.py:375} INFO - Running statement: INSERT INTO artist_fact (artist_id,followers,popularity,date) VALUES (%s,%s,%s,%s) ON CONFLICT (artist_id,date) DO UPDATE SET artist_id=EXCLUDED.artist_id,followers=EXCLUDED.followers,popularity=EXCLUDED.popularity,date=EXCLUDED.date, parameters: ('7b2FbxYmnpGMPqDe04QmyP', 33207, 46, '2023-05-08')
[2023-05-08T16:25:53.346+0000] {sql.py:384} INFO - Rows affected: 1
[2023-05-08T16:25:53.352+0000] {base.py:73} INFO - Using connection ID '***' for task execution.
[2023-05-08T16:25:53.360+0000] {sql.py:375} INFO - Running statement: INSERT INTO artist_fact (artist_id,followers,popularity,date) VALUES (%s,%s,%s,%s) ON CONFLICT (artist_id,date) DO UPDATE SET artist_id=EXCLUDED.artist_id,followers=EXCLUDED.followers,popularity=EXCLUDED.popularity,date=EXCLUDED.date, parameters: ('2anlj4dNUn9I1VxxmjRHRx', 12602, 44, '2023-05-08')
[2023-05-08T16:25:53.363+0000] {sql.py:384} INFO - Rows affected: 1
[2023-05-08T16:25:53.369+0000] {base.py:73} INFO - Using connection ID '***' for task execution.
[2023-05-08T16:25:53.377+0000] {sql.py:375} INFO - Running statement: INSERT INTO artist_fact (artist_id,followers,popularity,date) VALUES (%s,%s,%s,%s) ON CONFLICT (artist_id,date) DO UPDATE SET artist_id=EXCLUDED.artist_id,followers=EXCLUDED.followers,popularity=EXCLUDED.popularity,date=EXCLUDED.date, parameters: ('4FI4qPOnjt3D8DnJQrNWps', 8, 0, '2023-05-08')
[2023-05-08T16:25:53.379+0000] {sql.py:384} INFO - Rows affected: 1
[2023-05-08T16:25:53.389+0000] {base.py:73} INFO - Using connection ID '***' for task execution.
[2023-05-08T16:25:53.394+0000] {sql.py:375} INFO - Running statement: INSERT INTO artist_fact (artist_id,followers,popularity,date) VALUES (%s,%s,%s,%s) ON CONFLICT (artist_id,date) DO UPDATE SET artist_id=EXCLUDED.artist_id,followers=EXCLUDED.followers,popularity=EXCLUDED.popularity,date=EXCLUDED.date, parameters: ('5uLkZ7FWMTBUg1corQqdkR', 502219, 60, '2023-05-08')
[2023-05-08T16:25:53.397+0000] {sql.py:384} INFO - Rows affected: 1
[2023-05-08T16:25:53.403+0000] {base.py:73} INFO - Using connection ID '***' for task execution.
[2023-05-08T16:25:53.410+0000] {sql.py:375} INFO - Running statement: INSERT INTO artist_fact (artist_id,followers,popularity,date) VALUES (%s,%s,%s,%s) ON CONFLICT (artist_id,date) DO UPDATE SET artist_id=EXCLUDED.artist_id,followers=EXCLUDED.followers,popularity=EXCLUDED.popularity,date=EXCLUDED.date, parameters: ('0ILo2K3FmfIh4ICcbHE7RK', 30158, 52, '2023-05-08')
[2023-05-08T16:25:53.413+0000] {sql.py:384} INFO - Rows affected: 1
[2023-05-08T16:25:53.419+0000] {base.py:73} INFO - Using connection ID '***' for task execution.
[2023-05-08T16:25:53.427+0000] {sql.py:375} INFO - Running statement: INSERT INTO artist_fact (artist_id,followers,popularity,date) VALUES (%s,%s,%s,%s) ON CONFLICT (artist_id,date) DO UPDATE SET artist_id=EXCLUDED.artist_id,followers=EXCLUDED.followers,popularity=EXCLUDED.popularity,date=EXCLUDED.date, parameters: ('0r7PsZB4ePA6vHrW4agoGN', 30046, 28, '2023-05-08')
[2023-05-08T16:25:53.429+0000] {sql.py:384} INFO - Rows affected: 1
[2023-05-08T16:25:53.436+0000] {base.py:73} INFO - Using connection ID '***' for task execution.
[2023-05-08T16:25:53.443+0000] {sql.py:375} INFO - Running statement: INSERT INTO artist_fact (artist_id,followers,popularity,date) VALUES (%s,%s,%s,%s) ON CONFLICT (artist_id,date) DO UPDATE SET artist_id=EXCLUDED.artist_id,followers=EXCLUDED.followers,popularity=EXCLUDED.popularity,date=EXCLUDED.date, parameters: ('1PpFka2STGQ57kJcgYBgEF', 18131, 41, '2023-05-08')
[2023-05-08T16:25:53.445+0000] {sql.py:384} INFO - Rows affected: 1
[2023-05-08T16:25:53.452+0000] {base.py:73} INFO - Using connection ID '***' for task execution.
[2023-05-08T16:25:58.476+0000] {sql.py:375} INFO - Running statement: INSERT INTO artist_fact (artist_id,followers,popularity,date) VALUES (%s,%s,%s,%s) ON CONFLICT (artist_id,date) DO UPDATE SET artist_id=EXCLUDED.artist_id,followers=EXCLUDED.followers,popularity=EXCLUDED.popularity,date=EXCLUDED.date, parameters: ('6YxrfNCKBcQlbITpmDLErL', 104139, 54, '2023-05-08')
[2023-05-08T16:25:58.480+0000] {sql.py:384} INFO - Rows affected: 1
[2023-05-08T16:25:58.493+0000] {base.py:73} INFO - Using connection ID '***' for task execution.
[2023-05-08T16:25:58.509+0000] {sql.py:375} INFO - Running statement: INSERT INTO artist_fact (artist_id,followers,popularity,date) VALUES (%s,%s,%s,%s) ON CONFLICT (artist_id,date) DO UPDATE SET artist_id=EXCLUDED.artist_id,followers=EXCLUDED.followers,popularity=EXCLUDED.popularity,date=EXCLUDED.date, parameters: ('2R2Yg2qPloNOTOfqxfXX7l', 20611, 44, '2023-05-08')
[2023-05-08T16:25:58.512+0000] {sql.py:384} INFO - Rows affected: 1
[2023-05-08T16:25:58.531+0000] {base.py:73} INFO - Using connection ID '***' for task execution.
[2023-05-08T16:25:58.543+0000] {sql.py:375} INFO - Running statement: INSERT INTO artist_fact (artist_id,followers,popularity,date) VALUES (%s,%s,%s,%s) ON CONFLICT (artist_id,date) DO UPDATE SET artist_id=EXCLUDED.artist_id,followers=EXCLUDED.followers,popularity=EXCLUDED.popularity,date=EXCLUDED.date, parameters: ('4yOY5zmuuTlS1DbG3yZGki', 18, 38, '2023-05-08')
[2023-05-08T16:25:58.545+0000] {sql.py:384} INFO - Rows affected: 1
[2023-05-08T16:25:58.553+0000] {base.py:73} INFO - Using connection ID '***' for task execution.
[2023-05-08T16:25:58.563+0000] {sql.py:375} INFO - Running statement: INSERT INTO artist_fact (artist_id,followers,popularity,date) VALUES (%s,%s,%s,%s) ON CONFLICT (artist_id,date) DO UPDATE SET artist_id=EXCLUDED.artist_id,followers=EXCLUDED.followers,popularity=EXCLUDED.popularity,date=EXCLUDED.date, parameters: ('7iVscW49OWowl9SoLmWzfy', 11643, 44, '2023-05-08')
[2023-05-08T16:25:58.568+0000] {sql.py:384} INFO - Rows affected: 1
[2023-05-08T16:25:58.576+0000] {base.py:73} INFO - Using connection ID '***' for task execution.
[2023-05-08T16:25:58.585+0000] {sql.py:375} INFO - Running statement: INSERT INTO artist_fact (artist_id,followers,popularity,date) VALUES (%s,%s,%s,%s) ON CONFLICT (artist_id,date) DO UPDATE SET artist_id=EXCLUDED.artist_id,followers=EXCLUDED.followers,popularity=EXCLUDED.popularity,date=EXCLUDED.date, parameters: ('6c0lj01vVpHsCH7Z5CfJ9K', 80735, 48, '2023-05-08')
[2023-05-08T16:25:58.587+0000] {sql.py:384} INFO - Rows affected: 1
[2023-05-08T16:25:58.595+0000] {base.py:73} INFO - Using connection ID '***' for task execution.
[2023-05-08T16:25:58.602+0000] {sql.py:375} INFO - Running statement: INSERT INTO artist_fact (artist_id,followers,popularity,date) VALUES (%s,%s,%s,%s) ON CONFLICT (artist_id,date) DO UPDATE SET artist_id=EXCLUDED.artist_id,followers=EXCLUDED.followers,popularity=EXCLUDED.popularity,date=EXCLUDED.date, parameters: ('63CZNEytugjFnZBdjBmWc8', 27318, 49, '2023-05-08')
[2023-05-08T16:25:58.604+0000] {sql.py:384} INFO - Rows affected: 1
[2023-05-08T16:25:58.611+0000] {base.py:73} INFO - Using connection ID '***' for task execution.
[2023-05-08T16:25:58.619+0000] {sql.py:375} INFO - Running statement: INSERT INTO artist_fact (artist_id,followers,popularity,date) VALUES (%s,%s,%s,%s) ON CONFLICT (artist_id,date) DO UPDATE SET artist_id=EXCLUDED.artist_id,followers=EXCLUDED.followers,popularity=EXCLUDED.popularity,date=EXCLUDED.date, parameters: ('0be7y7HUvSBf8uG1X7pK8f', 16922, 43, '2023-05-08')
[2023-05-08T16:25:58.621+0000] {sql.py:384} INFO - Rows affected: 1
[2023-05-08T16:25:58.627+0000] {base.py:73} INFO - Using connection ID '***' for task execution.
[2023-05-08T16:25:58.635+0000] {sql.py:375} INFO - Running statement: INSERT INTO artist_fact (artist_id,followers,popularity,date) VALUES (%s,%s,%s,%s) ON CONFLICT (artist_id,date) DO UPDATE SET artist_id=EXCLUDED.artist_id,followers=EXCLUDED.followers,popularity=EXCLUDED.popularity,date=EXCLUDED.date, parameters: ('2trvlbfMS5zVozEmrFNDTJ', 17902, 39, '2023-05-08')
[2023-05-08T16:25:58.636+0000] {sql.py:384} INFO - Rows affected: 1
[2023-05-08T16:25:58.643+0000] {base.py:73} INFO - Using connection ID '***' for task execution.
[2023-05-08T16:25:58.650+0000] {sql.py:375} INFO - Running statement: INSERT INTO artist_fact (artist_id,followers,popularity,date) VALUES (%s,%s,%s,%s) ON CONFLICT (artist_id,date) DO UPDATE SET artist_id=EXCLUDED.artist_id,followers=EXCLUDED.followers,popularity=EXCLUDED.popularity,date=EXCLUDED.date, parameters: ('63dmB3SM4vOZ8rK1EX5IkU', 17762, 41, '2023-05-08')
[2023-05-08T16:25:58.652+0000] {sql.py:384} INFO - Rows affected: 1
[2023-05-08T16:25:58.659+0000] {base.py:73} INFO - Using connection ID '***' for task execution.
[2023-05-08T16:25:58.666+0000] {sql.py:375} INFO - Running statement: INSERT INTO artist_fact (artist_id,followers,popularity,date) VALUES (%s,%s,%s,%s) ON CONFLICT (artist_id,date) DO UPDATE SET artist_id=EXCLUDED.artist_id,followers=EXCLUDED.followers,popularity=EXCLUDED.popularity,date=EXCLUDED.date, parameters: ('6fWVd57NKTalqvmjRd2t8Z', 2025844, 72, '2023-05-08')
[2023-05-08T16:25:58.669+0000] {sql.py:384} INFO - Rows affected: 1
[2023-05-08T16:25:58.676+0000] {base.py:73} INFO - Using connection ID '***' for task execution.
[2023-05-08T16:25:58.683+0000] {sql.py:375} INFO - Running statement: INSERT INTO artist_fact (artist_id,followers,popularity,date) VALUES (%s,%s,%s,%s) ON CONFLICT (artist_id,date) DO UPDATE SET artist_id=EXCLUDED.artist_id,followers=EXCLUDED.followers,popularity=EXCLUDED.popularity,date=EXCLUDED.date, parameters: ('3ddT1Q3KQAm1G7UcIfz5KJ', 198435, 53, '2023-05-08')
[2023-05-08T16:25:58.685+0000] {sql.py:384} INFO - Rows affected: 1
[2023-05-08T16:25:58.692+0000] {base.py:73} INFO - Using connection ID '***' for task execution.
[2023-05-08T16:25:58.699+0000] {sql.py:375} INFO - Running statement: INSERT INTO artist_fact (artist_id,followers,popularity,date) VALUES (%s,%s,%s,%s) ON CONFLICT (artist_id,date) DO UPDATE SET artist_id=EXCLUDED.artist_id,followers=EXCLUDED.followers,popularity=EXCLUDED.popularity,date=EXCLUDED.date, parameters: ('47SwNXPh17mIDcZwsCr6hX', 112, 0, '2023-05-08')
[2023-05-08T16:25:58.701+0000] {sql.py:384} INFO - Rows affected: 1
[2023-05-08T16:25:58.708+0000] {base.py:73} INFO - Using connection ID '***' for task execution.
[2023-05-08T16:25:58.715+0000] {sql.py:375} INFO - Running statement: INSERT INTO artist_fact (artist_id,followers,popularity,date) VALUES (%s,%s,%s,%s) ON CONFLICT (artist_id,date) DO UPDATE SET artist_id=EXCLUDED.artist_id,followers=EXCLUDED.followers,popularity=EXCLUDED.popularity,date=EXCLUDED.date, parameters: ('7MS7B4QRp1n6c5H8N7s3wB', 7718, 46, '2023-05-08')
[2023-05-08T16:25:58.717+0000] {sql.py:384} INFO - Rows affected: 1
[2023-05-08T16:25:58.723+0000] {base.py:73} INFO - Using connection ID '***' for task execution.
[2023-05-08T16:25:58.730+0000] {sql.py:375} INFO - Running statement: INSERT INTO artist_fact (artist_id,followers,popularity,date) VALUES (%s,%s,%s,%s) ON CONFLICT (artist_id,date) DO UPDATE SET artist_id=EXCLUDED.artist_id,followers=EXCLUDED.followers,popularity=EXCLUDED.popularity,date=EXCLUDED.date, parameters: ('6wUAn24MOirNVNqQM47fda', 35034, 54, '2023-05-08')
[2023-05-08T16:25:58.732+0000] {sql.py:384} INFO - Rows affected: 1
[2023-05-08T16:25:58.739+0000] {base.py:73} INFO - Using connection ID '***' for task execution.
[2023-05-08T16:25:58.746+0000] {sql.py:375} INFO - Running statement: INSERT INTO artist_fact (artist_id,followers,popularity,date) VALUES (%s,%s,%s,%s) ON CONFLICT (artist_id,date) DO UPDATE SET artist_id=EXCLUDED.artist_id,followers=EXCLUDED.followers,popularity=EXCLUDED.popularity,date=EXCLUDED.date, parameters: ('4KoNbDwbCK9D04dSmYG93E', 26953, 39, '2023-05-08')
[2023-05-08T16:25:58.748+0000] {sql.py:384} INFO - Rows affected: 1
[2023-05-08T16:25:58.754+0000] {base.py:73} INFO - Using connection ID '***' for task execution.
[2023-05-08T16:25:58.761+0000] {sql.py:375} INFO - Running statement: INSERT INTO artist_fact (artist_id,followers,popularity,date) VALUES (%s,%s,%s,%s) ON CONFLICT (artist_id,date) DO UPDATE SET artist_id=EXCLUDED.artist_id,followers=EXCLUDED.followers,popularity=EXCLUDED.popularity,date=EXCLUDED.date, parameters: ('2848adRcxvgWNRcz1g1tQD', 149597, 54, '2023-05-08')
[2023-05-08T16:25:58.763+0000] {sql.py:384} INFO - Rows affected: 1
[2023-05-08T16:25:58.769+0000] {base.py:73} INFO - Using connection ID '***' for task execution.
[2023-05-08T16:25:58.777+0000] {sql.py:375} INFO - Running statement: INSERT INTO artist_fact (artist_id,followers,popularity,date) VALUES (%s,%s,%s,%s) ON CONFLICT (artist_id,date) DO UPDATE SET artist_id=EXCLUDED.artist_id,followers=EXCLUDED.followers,popularity=EXCLUDED.popularity,date=EXCLUDED.date, parameters: ('0QkgnHpxSCOYdTnhUR9S5k', 68846, 50, '2023-05-08')
[2023-05-08T16:25:58.778+0000] {sql.py:384} INFO - Rows affected: 1
[2023-05-08T16:25:58.784+0000] {base.py:73} INFO - Using connection ID '***' for task execution.
[2023-05-08T16:25:58.792+0000] {sql.py:375} INFO - Running statement: INSERT INTO artist_fact (artist_id,followers,popularity,date) VALUES (%s,%s,%s,%s) ON CONFLICT (artist_id,date) DO UPDATE SET artist_id=EXCLUDED.artist_id,followers=EXCLUDED.followers,popularity=EXCLUDED.popularity,date=EXCLUDED.date, parameters: ('3AUIYVmhwrsw8UOPHEv91Z', 65305, 51, '2023-05-08')
[2023-05-08T16:25:58.794+0000] {sql.py:384} INFO - Rows affected: 1
[2023-05-08T16:25:58.800+0000] {base.py:73} INFO - Using connection ID '***' for task execution.
[2023-05-08T16:25:58.808+0000] {sql.py:375} INFO - Running statement: INSERT INTO artist_fact (artist_id,followers,popularity,date) VALUES (%s,%s,%s,%s) ON CONFLICT (artist_id,date) DO UPDATE SET artist_id=EXCLUDED.artist_id,followers=EXCLUDED.followers,popularity=EXCLUDED.popularity,date=EXCLUDED.date, parameters: ('71EAlWYAa5jb4phZIOlp7u', 5855, 28, '2023-05-08')
[2023-05-08T16:25:58.810+0000] {sql.py:384} INFO - Rows affected: 1
[2023-05-08T16:25:58.816+0000] {base.py:73} INFO - Using connection ID '***' for task execution.
[2023-05-08T16:25:58.823+0000] {sql.py:375} INFO - Running statement: INSERT INTO artist_fact (artist_id,followers,popularity,date) VALUES (%s,%s,%s,%s) ON CONFLICT (artist_id,date) DO UPDATE SET artist_id=EXCLUDED.artist_id,followers=EXCLUDED.followers,popularity=EXCLUDED.popularity,date=EXCLUDED.date, parameters: ('2GUw9Wzha61PkZoRVv1PDD', 59472, 52, '2023-05-08')
[2023-05-08T16:25:58.825+0000] {sql.py:384} INFO - Rows affected: 1
[2023-05-08T16:25:58.832+0000] {base.py:73} INFO - Using connection ID '***' for task execution.
[2023-05-08T16:25:58.839+0000] {sql.py:375} INFO - Running statement: INSERT INTO artist_fact (artist_id,followers,popularity,date) VALUES (%s,%s,%s,%s) ON CONFLICT (artist_id,date) DO UPDATE SET artist_id=EXCLUDED.artist_id,followers=EXCLUDED.followers,popularity=EXCLUDED.popularity,date=EXCLUDED.date, parameters: ('3wDeS1sr05fxaOeiJJrOnL', 31297, 51, '2023-05-08')
[2023-05-08T16:25:58.841+0000] {sql.py:384} INFO - Rows affected: 1
[2023-05-08T16:25:58.847+0000] {base.py:73} INFO - Using connection ID '***' for task execution.
[2023-05-08T16:25:58.854+0000] {sql.py:375} INFO - Running statement: INSERT INTO artist_fact (artist_id,followers,popularity,date) VALUES (%s,%s,%s,%s) ON CONFLICT (artist_id,date) DO UPDATE SET artist_id=EXCLUDED.artist_id,followers=EXCLUDED.followers,popularity=EXCLUDED.popularity,date=EXCLUDED.date, parameters: ('1OP39gZ2SXVnwg4NrARmsu', 4527, 31, '2023-05-08')
[2023-05-08T16:25:58.856+0000] {sql.py:384} INFO - Rows affected: 1
[2023-05-08T16:25:58.862+0000] {base.py:73} INFO - Using connection ID '***' for task execution.
[2023-05-08T16:25:58.869+0000] {sql.py:375} INFO - Running statement: INSERT INTO artist_fact (artist_id,followers,popularity,date) VALUES (%s,%s,%s,%s) ON CONFLICT (artist_id,date) DO UPDATE SET artist_id=EXCLUDED.artist_id,followers=EXCLUDED.followers,popularity=EXCLUDED.popularity,date=EXCLUDED.date, parameters: ('1vwwjIPFeYoRfAUCqqO6cZ', 43853, 52, '2023-05-08')
[2023-05-08T16:25:58.871+0000] {sql.py:384} INFO - Rows affected: 1
[2023-05-08T16:25:58.878+0000] {base.py:73} INFO - Using connection ID '***' for task execution.
[2023-05-08T16:25:58.885+0000] {sql.py:375} INFO - Running statement: INSERT INTO artist_fact (artist_id,followers,popularity,date) VALUES (%s,%s,%s,%s) ON CONFLICT (artist_id,date) DO UPDATE SET artist_id=EXCLUDED.artist_id,followers=EXCLUDED.followers,popularity=EXCLUDED.popularity,date=EXCLUDED.date, parameters: ('2Ci3Sflo2BfC77wTwn2hbH', 38947, 40, '2023-05-08')
[2023-05-08T16:25:58.887+0000] {sql.py:384} INFO - Rows affected: 1
[2023-05-08T16:25:58.894+0000] {base.py:73} INFO - Using connection ID '***' for task execution.
[2023-05-08T16:25:58.901+0000] {sql.py:375} INFO - Running statement: INSERT INTO artist_fact (artist_id,followers,popularity,date) VALUES (%s,%s,%s,%s) ON CONFLICT (artist_id,date) DO UPDATE SET artist_id=EXCLUDED.artist_id,followers=EXCLUDED.followers,popularity=EXCLUDED.popularity,date=EXCLUDED.date, parameters: ('670UISOh9XV1zlq5z5IfoY', 20683, 49, '2023-05-08')
[2023-05-08T16:25:58.902+0000] {sql.py:384} INFO - Rows affected: 1
[2023-05-08T16:25:58.908+0000] {base.py:73} INFO - Using connection ID '***' for task execution.
[2023-05-08T16:25:58.916+0000] {sql.py:375} INFO - Running statement: INSERT INTO artist_fact (artist_id,followers,popularity,date) VALUES (%s,%s,%s,%s) ON CONFLICT (artist_id,date) DO UPDATE SET artist_id=EXCLUDED.artist_id,followers=EXCLUDED.followers,popularity=EXCLUDED.popularity,date=EXCLUDED.date, parameters: ('3QZxOYl5zlZtfigtXOZsfT', 26534, 36, '2023-05-08')
[2023-05-08T16:25:58.918+0000] {sql.py:384} INFO - Rows affected: 1
[2023-05-08T16:25:58.924+0000] {base.py:73} INFO - Using connection ID '***' for task execution.
[2023-05-08T16:25:58.932+0000] {sql.py:375} INFO - Running statement: INSERT INTO artist_fact (artist_id,followers,popularity,date) VALUES (%s,%s,%s,%s) ON CONFLICT (artist_id,date) DO UPDATE SET artist_id=EXCLUDED.artist_id,followers=EXCLUDED.followers,popularity=EXCLUDED.popularity,date=EXCLUDED.date, parameters: ('2AfU5LYBVCiCtuCCfM7uVX', 597395, 62, '2023-05-08')
[2023-05-08T16:25:58.934+0000] {sql.py:384} INFO - Rows affected: 1
[2023-05-08T16:25:58.940+0000] {base.py:73} INFO - Using connection ID '***' for task execution.
[2023-05-08T16:25:58.949+0000] {sql.py:375} INFO - Running statement: INSERT INTO artist_fact (artist_id,followers,popularity,date) VALUES (%s,%s,%s,%s) ON CONFLICT (artist_id,date) DO UPDATE SET artist_id=EXCLUDED.artist_id,followers=EXCLUDED.followers,popularity=EXCLUDED.popularity,date=EXCLUDED.date, parameters: ('7MigDh04CCntQbsBvugEmb', 113307, 61, '2023-05-08')
[2023-05-08T16:25:58.951+0000] {sql.py:384} INFO - Rows affected: 1
[2023-05-08T16:25:58.957+0000] {base.py:73} INFO - Using connection ID '***' for task execution.
[2023-05-08T16:25:58.965+0000] {sql.py:375} INFO - Running statement: INSERT INTO artist_fact (artist_id,followers,popularity,date) VALUES (%s,%s,%s,%s) ON CONFLICT (artist_id,date) DO UPDATE SET artist_id=EXCLUDED.artist_id,followers=EXCLUDED.followers,popularity=EXCLUDED.popularity,date=EXCLUDED.date, parameters: ('1tQu5TjcAK68fx8qrc8ZgF', 74377, 51, '2023-05-08')
[2023-05-08T16:25:58.967+0000] {sql.py:384} INFO - Rows affected: 1
[2023-05-08T16:25:58.973+0000] {base.py:73} INFO - Using connection ID '***' for task execution.
[2023-05-08T16:25:58.980+0000] {sql.py:375} INFO - Running statement: INSERT INTO artist_fact (artist_id,followers,popularity,date) VALUES (%s,%s,%s,%s) ON CONFLICT (artist_id,date) DO UPDATE SET artist_id=EXCLUDED.artist_id,followers=EXCLUDED.followers,popularity=EXCLUDED.popularity,date=EXCLUDED.date, parameters: ('0Kx7qYhFiv0YD5lxEG1nsz', 5144, 25, '2023-05-08')
[2023-05-08T16:25:58.981+0000] {sql.py:384} INFO - Rows affected: 1
[2023-05-08T16:25:58.988+0000] {base.py:73} INFO - Using connection ID '***' for task execution.
[2023-05-08T16:25:58.996+0000] {sql.py:375} INFO - Running statement: INSERT INTO artist_fact (artist_id,followers,popularity,date) VALUES (%s,%s,%s,%s) ON CONFLICT (artist_id,date) DO UPDATE SET artist_id=EXCLUDED.artist_id,followers=EXCLUDED.followers,popularity=EXCLUDED.popularity,date=EXCLUDED.date, parameters: ('5ibWbhA0IkPT3xCN0YicRL', 6543, 52, '2023-05-08')
[2023-05-08T16:25:58.997+0000] {sql.py:384} INFO - Rows affected: 1
[2023-05-08T16:25:59.004+0000] {base.py:73} INFO - Using connection ID '***' for task execution.
[2023-05-08T16:25:59.011+0000] {sql.py:375} INFO - Running statement: INSERT INTO artist_fact (artist_id,followers,popularity,date) VALUES (%s,%s,%s,%s) ON CONFLICT (artist_id,date) DO UPDATE SET artist_id=EXCLUDED.artist_id,followers=EXCLUDED.followers,popularity=EXCLUDED.popularity,date=EXCLUDED.date, parameters: ('7naAJDAh7AZnf18YYfQruM', 295535, 60, '2023-05-08')
[2023-05-08T16:25:59.012+0000] {sql.py:384} INFO - Rows affected: 1
[2023-05-08T16:25:59.018+0000] {base.py:73} INFO - Using connection ID '***' for task execution.
[2023-05-08T16:25:59.026+0000] {sql.py:375} INFO - Running statement: INSERT INTO artist_fact (artist_id,followers,popularity,date) VALUES (%s,%s,%s,%s) ON CONFLICT (artist_id,date) DO UPDATE SET artist_id=EXCLUDED.artist_id,followers=EXCLUDED.followers,popularity=EXCLUDED.popularity,date=EXCLUDED.date, parameters: ('6fHEaFnFgMxMAtDt7mFoQ3', 13951, 41, '2023-05-08')
[2023-05-08T16:25:59.027+0000] {sql.py:384} INFO - Rows affected: 1
[2023-05-08T16:25:59.033+0000] {base.py:73} INFO - Using connection ID '***' for task execution.
[2023-05-08T16:25:59.040+0000] {sql.py:375} INFO - Running statement: INSERT INTO artist_fact (artist_id,followers,popularity,date) VALUES (%s,%s,%s,%s) ON CONFLICT (artist_id,date) DO UPDATE SET artist_id=EXCLUDED.artist_id,followers=EXCLUDED.followers,popularity=EXCLUDED.popularity,date=EXCLUDED.date, parameters: ('0S7eN9KAsbAaIZtFyCn1q1', 41738, 60, '2023-05-08')
[2023-05-08T16:25:59.042+0000] {sql.py:384} INFO - Rows affected: 1
[2023-05-08T16:25:59.048+0000] {base.py:73} INFO - Using connection ID '***' for task execution.
[2023-05-08T16:25:59.056+0000] {sql.py:375} INFO - Running statement: INSERT INTO artist_fact (artist_id,followers,popularity,date) VALUES (%s,%s,%s,%s) ON CONFLICT (artist_id,date) DO UPDATE SET artist_id=EXCLUDED.artist_id,followers=EXCLUDED.followers,popularity=EXCLUDED.popularity,date=EXCLUDED.date, parameters: ('4X8TR9pBFyewFlIDYt1o2s', 19549, 51, '2023-05-08')
[2023-05-08T16:25:59.058+0000] {sql.py:384} INFO - Rows affected: 1
[2023-05-08T16:25:59.064+0000] {base.py:73} INFO - Using connection ID '***' for task execution.
[2023-05-08T16:25:59.071+0000] {sql.py:375} INFO - Running statement: INSERT INTO artist_fact (artist_id,followers,popularity,date) VALUES (%s,%s,%s,%s) ON CONFLICT (artist_id,date) DO UPDATE SET artist_id=EXCLUDED.artist_id,followers=EXCLUDED.followers,popularity=EXCLUDED.popularity,date=EXCLUDED.date, parameters: ('5UrcghjIlj83Jf7QjZfBhZ', 88, 22, '2023-05-08')
[2023-05-08T16:25:59.073+0000] {sql.py:384} INFO - Rows affected: 1
[2023-05-08T16:25:59.080+0000] {base.py:73} INFO - Using connection ID '***' for task execution.
[2023-05-08T16:25:59.088+0000] {sql.py:375} INFO - Running statement: INSERT INTO artist_fact (artist_id,followers,popularity,date) VALUES (%s,%s,%s,%s) ON CONFLICT (artist_id,date) DO UPDATE SET artist_id=EXCLUDED.artist_id,followers=EXCLUDED.followers,popularity=EXCLUDED.popularity,date=EXCLUDED.date, parameters: ('3pob90yrusjcbgSYFKaeAk', 6147, 32, '2023-05-08')
[2023-05-08T16:25:59.090+0000] {sql.py:384} INFO - Rows affected: 1
[2023-05-08T16:25:59.096+0000] {base.py:73} INFO - Using connection ID '***' for task execution.
[2023-05-08T16:25:59.103+0000] {sql.py:375} INFO - Running statement: INSERT INTO artist_fact (artist_id,followers,popularity,date) VALUES (%s,%s,%s,%s) ON CONFLICT (artist_id,date) DO UPDATE SET artist_id=EXCLUDED.artist_id,followers=EXCLUDED.followers,popularity=EXCLUDED.popularity,date=EXCLUDED.date, parameters: ('7BoBxrm9jJ7us6U92oqr4N', 794, 24, '2023-05-08')
[2023-05-08T16:25:59.105+0000] {sql.py:384} INFO - Rows affected: 1
[2023-05-08T16:25:59.111+0000] {base.py:73} INFO - Using connection ID '***' for task execution.
[2023-05-08T16:25:59.118+0000] {sql.py:375} INFO - Running statement: INSERT INTO artist_fact (artist_id,followers,popularity,date) VALUES (%s,%s,%s,%s) ON CONFLICT (artist_id,date) DO UPDATE SET artist_id=EXCLUDED.artist_id,followers=EXCLUDED.followers,popularity=EXCLUDED.popularity,date=EXCLUDED.date, parameters: ('1fsCfvdiomqjKJFR6xI8e4', 109843, 56, '2023-05-08')
[2023-05-08T16:25:59.120+0000] {sql.py:384} INFO - Rows affected: 1
[2023-05-08T16:25:59.126+0000] {base.py:73} INFO - Using connection ID '***' for task execution.
[2023-05-08T16:25:59.134+0000] {sql.py:375} INFO - Running statement: INSERT INTO artist_fact (artist_id,followers,popularity,date) VALUES (%s,%s,%s,%s) ON CONFLICT (artist_id,date) DO UPDATE SET artist_id=EXCLUDED.artist_id,followers=EXCLUDED.followers,popularity=EXCLUDED.popularity,date=EXCLUDED.date, parameters: ('7wSr4otUV4ytUvHE4w3rBe', 41545, 31, '2023-05-08')
[2023-05-08T16:25:59.135+0000] {sql.py:384} INFO - Rows affected: 1
[2023-05-08T16:25:59.142+0000] {base.py:73} INFO - Using connection ID '***' for task execution.
[2023-05-08T16:25:59.150+0000] {sql.py:375} INFO - Running statement: INSERT INTO artist_fact (artist_id,followers,popularity,date) VALUES (%s,%s,%s,%s) ON CONFLICT (artist_id,date) DO UPDATE SET artist_id=EXCLUDED.artist_id,followers=EXCLUDED.followers,popularity=EXCLUDED.popularity,date=EXCLUDED.date, parameters: ('61qMnYXa1GxSBoV3IiYKjZ', 520551, 55, '2023-05-08')
[2023-05-08T16:25:59.152+0000] {sql.py:384} INFO - Rows affected: 1
[2023-05-08T16:25:59.160+0000] {base.py:73} INFO - Using connection ID '***' for task execution.
[2023-05-08T16:25:59.168+0000] {sql.py:375} INFO - Running statement: INSERT INTO artist_fact (artist_id,followers,popularity,date) VALUES (%s,%s,%s,%s) ON CONFLICT (artist_id,date) DO UPDATE SET artist_id=EXCLUDED.artist_id,followers=EXCLUDED.followers,popularity=EXCLUDED.popularity,date=EXCLUDED.date, parameters: ('7HfUJxeVTgrvhk0eWHFzV7', 56206, 47, '2023-05-08')
[2023-05-08T16:25:59.169+0000] {sql.py:384} INFO - Rows affected: 1
[2023-05-08T16:25:59.176+0000] {base.py:73} INFO - Using connection ID '***' for task execution.
[2023-05-08T16:25:59.185+0000] {sql.py:375} INFO - Running statement: INSERT INTO artist_fact (artist_id,followers,popularity,date) VALUES (%s,%s,%s,%s) ON CONFLICT (artist_id,date) DO UPDATE SET artist_id=EXCLUDED.artist_id,followers=EXCLUDED.followers,popularity=EXCLUDED.popularity,date=EXCLUDED.date, parameters: ('4HAfqyKr4Sqtab6ttHWXgE', 100007, 57, '2023-05-08')
[2023-05-08T16:25:59.187+0000] {sql.py:384} INFO - Rows affected: 1
[2023-05-08T16:25:59.194+0000] {base.py:73} INFO - Using connection ID '***' for task execution.
[2023-05-08T16:25:59.201+0000] {sql.py:375} INFO - Running statement: INSERT INTO artist_fact (artist_id,followers,popularity,date) VALUES (%s,%s,%s,%s) ON CONFLICT (artist_id,date) DO UPDATE SET artist_id=EXCLUDED.artist_id,followers=EXCLUDED.followers,popularity=EXCLUDED.popularity,date=EXCLUDED.date, parameters: ('27w1NoOLMX7tJMYqcetPyG', 606609, 61, '2023-05-08')
[2023-05-08T16:25:59.203+0000] {sql.py:384} INFO - Rows affected: 1
[2023-05-08T16:25:59.210+0000] {base.py:73} INFO - Using connection ID '***' for task execution.
[2023-05-08T16:25:59.218+0000] {sql.py:375} INFO - Running statement: INSERT INTO artist_fact (artist_id,followers,popularity,date) VALUES (%s,%s,%s,%s) ON CONFLICT (artist_id,date) DO UPDATE SET artist_id=EXCLUDED.artist_id,followers=EXCLUDED.followers,popularity=EXCLUDED.popularity,date=EXCLUDED.date, parameters: ('5G9kmDLg3OeUyj8KVBLzbu', 554757, 67, '2023-05-08')
[2023-05-08T16:25:59.220+0000] {sql.py:384} INFO - Rows affected: 1
[2023-05-08T16:25:59.227+0000] {base.py:73} INFO - Using connection ID '***' for task execution.
[2023-05-08T16:25:59.234+0000] {sql.py:375} INFO - Running statement: INSERT INTO artist_fact (artist_id,followers,popularity,date) VALUES (%s,%s,%s,%s) ON CONFLICT (artist_id,date) DO UPDATE SET artist_id=EXCLUDED.artist_id,followers=EXCLUDED.followers,popularity=EXCLUDED.popularity,date=EXCLUDED.date, parameters: ('7vSY9HEreOqb1Llar3UC38', 199893, 55, '2023-05-08')
[2023-05-08T16:25:59.236+0000] {sql.py:384} INFO - Rows affected: 1
[2023-05-08T16:25:59.243+0000] {base.py:73} INFO - Using connection ID '***' for task execution.
[2023-05-08T16:25:59.251+0000] {sql.py:375} INFO - Running statement: INSERT INTO artist_fact (artist_id,followers,popularity,date) VALUES (%s,%s,%s,%s) ON CONFLICT (artist_id,date) DO UPDATE SET artist_id=EXCLUDED.artist_id,followers=EXCLUDED.followers,popularity=EXCLUDED.popularity,date=EXCLUDED.date, parameters: ('5VfSeZYcDwD8WQVwbaoL6z', 5321, 30, '2023-05-08')
[2023-05-08T16:25:59.253+0000] {sql.py:384} INFO - Rows affected: 1
[2023-05-08T16:25:59.260+0000] {base.py:73} INFO - Using connection ID '***' for task execution.
[2023-05-08T16:25:59.268+0000] {sql.py:375} INFO - Running statement: INSERT INTO artist_fact (artist_id,followers,popularity,date) VALUES (%s,%s,%s,%s) ON CONFLICT (artist_id,date) DO UPDATE SET artist_id=EXCLUDED.artist_id,followers=EXCLUDED.followers,popularity=EXCLUDED.popularity,date=EXCLUDED.date, parameters: ('5JZPSVFMUk4HGDdx68lN77', 7206, 32, '2023-05-08')
[2023-05-08T16:25:59.270+0000] {sql.py:384} INFO - Rows affected: 1
[2023-05-08T16:25:59.277+0000] {base.py:73} INFO - Using connection ID '***' for task execution.
[2023-05-08T16:25:59.285+0000] {sql.py:375} INFO - Running statement: INSERT INTO artist_fact (artist_id,followers,popularity,date) VALUES (%s,%s,%s,%s) ON CONFLICT (artist_id,date) DO UPDATE SET artist_id=EXCLUDED.artist_id,followers=EXCLUDED.followers,popularity=EXCLUDED.popularity,date=EXCLUDED.date, parameters: ('6rEjEIfp3NSRteU3kJGSET', 10934, 42, '2023-05-08')
[2023-05-08T16:25:59.287+0000] {sql.py:384} INFO - Rows affected: 1
[2023-05-08T16:25:59.294+0000] {base.py:73} INFO - Using connection ID '***' for task execution.
[2023-05-08T16:25:59.301+0000] {sql.py:375} INFO - Running statement: INSERT INTO artist_fact (artist_id,followers,popularity,date) VALUES (%s,%s,%s,%s) ON CONFLICT (artist_id,date) DO UPDATE SET artist_id=EXCLUDED.artist_id,followers=EXCLUDED.followers,popularity=EXCLUDED.popularity,date=EXCLUDED.date, parameters: ('2IDLDx25HU1nQMKde4n61a', 2155618, 69, '2023-05-08')
[2023-05-08T16:25:59.303+0000] {sql.py:384} INFO - Rows affected: 1
[2023-05-08T16:25:59.310+0000] {base.py:73} INFO - Using connection ID '***' for task execution.
[2023-05-08T16:25:59.318+0000] {sql.py:375} INFO - Running statement: INSERT INTO artist_fact (artist_id,followers,popularity,date) VALUES (%s,%s,%s,%s) ON CONFLICT (artist_id,date) DO UPDATE SET artist_id=EXCLUDED.artist_id,followers=EXCLUDED.followers,popularity=EXCLUDED.popularity,date=EXCLUDED.date, parameters: ('1AhjOkOLkbHUfcHDSErXQs', 893033, 67, '2023-05-08')
[2023-05-08T16:25:59.320+0000] {sql.py:384} INFO - Rows affected: 1
[2023-05-08T16:25:59.321+0000] {python.py:183} INFO - Done. Returned value was: None
[2023-05-08T16:25:59.330+0000] {taskinstance.py:1373} INFO - Marking task as SUCCESS. dag_id=Summer_Warped_ETL, task_id=LoadData.LoadArtistFact, execution_date=20230508T160958, start_date=20230508T162552, end_date=20230508T162559
[2023-05-08T16:25:59.396+0000] {local_task_job_runner.py:232} INFO - Task exited with return code 0
[2023-05-08T16:25:59.415+0000] {taskinstance.py:2674} INFO - 0 downstream tasks scheduled from follow-on schedule check
