[2023-05-09T15:58:02.312+0000] {taskinstance.py:1125} INFO - Dependencies all met for dep_context=non-requeueable deps ti=<TaskInstance: Summer_Warped_ETL.LoadData.LoadArtistFact manual__2023-05-08T16:09:58.195696+00:00 [queued]>
[2023-05-09T15:58:02.317+0000] {taskinstance.py:1125} INFO - Dependencies all met for dep_context=requeueable deps ti=<TaskInstance: Summer_Warped_ETL.LoadData.LoadArtistFact manual__2023-05-08T16:09:58.195696+00:00 [queued]>
[2023-05-09T15:58:02.318+0000] {taskinstance.py:1331} INFO - Starting attempt 6 of 8
[2023-05-09T15:58:02.325+0000] {taskinstance.py:1350} INFO - Executing <Task(PythonOperator): LoadData.LoadArtistFact> on 2023-05-08 16:09:58.195696+00:00
[2023-05-09T15:58:02.331+0000] {standard_task_runner.py:57} INFO - Started process 6395 to run task
[2023-05-09T15:58:02.335+0000] {standard_task_runner.py:84} INFO - Running: ['***', 'tasks', 'run', 'Summer_Warped_ETL', 'LoadData.LoadArtistFact', 'manual__2023-05-08T16:09:58.195696+00:00', '--job-id', '2710', '--raw', '--subdir', 'DAGS_FOLDER/warped-dag.py', '--cfg-path', '/tmp/tmpjx60y3rr']
[2023-05-09T15:58:02.335+0000] {standard_task_runner.py:85} INFO - Job 2710: Subtask LoadData.LoadArtistFact
[2023-05-09T15:58:02.373+0000] {task_command.py:410} INFO - Running <TaskInstance: Summer_Warped_ETL.LoadData.LoadArtistFact manual__2023-05-08T16:09:58.195696+00:00 [running]> on host 7b4753e133cb
[2023-05-09T15:58:02.431+0000] {taskinstance.py:1570} INFO - Exporting env vars: AIRFLOW_CTX_DAG_OWNER='Ananta Moharana' AIRFLOW_CTX_DAG_ID='Summer_Warped_ETL' AIRFLOW_CTX_TASK_ID='LoadData.LoadArtistFact' AIRFLOW_CTX_EXECUTION_DATE='2023-05-08T16:09:58.195696+00:00' AIRFLOW_CTX_TRY_NUMBER='6' AIRFLOW_CTX_DAG_RUN_ID='manual__2023-05-08T16:09:58.195696+00:00'
[2023-05-09T15:58:02.434+0000] {logging_mixin.py:149} INFO - 2023-05/artist_fact.csv
[2023-05-09T15:58:02.441+0000] {base.py:73} INFO - Using connection ID 'aws_connection' for task execution.
[2023-05-09T15:58:02.442+0000] {connection_wrapper.py:337} INFO - AWS Connection (conn_id='aws_connection', conn_type='aws') credentials retrieved from login and password.
[2023-05-09T15:58:02.639+0000] {logging_mixin.py:149} INFO -                 artist_id  followers  popularity        date
0  5aTRa02UP1y6PW5klZiTt0      15174          40  2023-05-09
1  3XOHHfvBYKCMo1h0DFY27z       5496          36  2023-05-09
2  1trffosn0Alk3IlloOD5O8      16995          44  2023-05-09
3  04ei5kNgmDuNAydFhhIHnD     362020          58  2023-05-09
4  4kqFrZkeqDfOIEqTWqbOOV     193943          61  2023-05-09
[2023-05-09T15:58:02.639+0000] {logging_mixin.py:149} INFO - INSERT INTO artist_fact (artist_id,followers,popularity,date) VALUES (%s,%s,%s,%s) ON CONFLICT (artist_id,date) DO UPDATE SET artist_id=EXCLUDED.artist_id,followers=EXCLUDED.followers,popularity=EXCLUDED.popularity,date=EXCLUDED.date
[2023-05-09T15:58:02.645+0000] {base.py:73} INFO - Using connection ID '***' for task execution.
[2023-05-09T15:58:07.660+0000] {sql.py:375} INFO - Running statement: INSERT INTO artist_fact (artist_id,followers,popularity,date) VALUES (%s,%s,%s,%s) ON CONFLICT (artist_id,date) DO UPDATE SET artist_id=EXCLUDED.artist_id,followers=EXCLUDED.followers,popularity=EXCLUDED.popularity,date=EXCLUDED.date, parameters: ('5aTRa02UP1y6PW5klZiTt0', 15174, 40, '2023-05-09')
[2023-05-09T15:58:07.661+0000] {sql.py:384} INFO - Rows affected: 1
[2023-05-09T15:58:07.668+0000] {base.py:73} INFO - Using connection ID '***' for task execution.
[2023-05-09T15:58:07.677+0000] {sql.py:375} INFO - Running statement: INSERT INTO artist_fact (artist_id,followers,popularity,date) VALUES (%s,%s,%s,%s) ON CONFLICT (artist_id,date) DO UPDATE SET artist_id=EXCLUDED.artist_id,followers=EXCLUDED.followers,popularity=EXCLUDED.popularity,date=EXCLUDED.date, parameters: ('3XOHHfvBYKCMo1h0DFY27z', 5496, 36, '2023-05-09')
[2023-05-09T15:58:07.679+0000] {sql.py:384} INFO - Rows affected: 1
[2023-05-09T15:58:07.685+0000] {base.py:73} INFO - Using connection ID '***' for task execution.
[2023-05-09T15:58:07.691+0000] {sql.py:375} INFO - Running statement: INSERT INTO artist_fact (artist_id,followers,popularity,date) VALUES (%s,%s,%s,%s) ON CONFLICT (artist_id,date) DO UPDATE SET artist_id=EXCLUDED.artist_id,followers=EXCLUDED.followers,popularity=EXCLUDED.popularity,date=EXCLUDED.date, parameters: ('1trffosn0Alk3IlloOD5O8', 16995, 44, '2023-05-09')
[2023-05-09T15:58:07.693+0000] {sql.py:384} INFO - Rows affected: 1
[2023-05-09T15:58:07.700+0000] {base.py:73} INFO - Using connection ID '***' for task execution.
[2023-05-09T15:58:07.707+0000] {sql.py:375} INFO - Running statement: INSERT INTO artist_fact (artist_id,followers,popularity,date) VALUES (%s,%s,%s,%s) ON CONFLICT (artist_id,date) DO UPDATE SET artist_id=EXCLUDED.artist_id,followers=EXCLUDED.followers,popularity=EXCLUDED.popularity,date=EXCLUDED.date, parameters: ('04ei5kNgmDuNAydFhhIHnD', 362020, 58, '2023-05-09')
[2023-05-09T15:58:07.713+0000] {sql.py:384} INFO - Rows affected: 1
[2023-05-09T15:58:07.721+0000] {base.py:73} INFO - Using connection ID '***' for task execution.
[2023-05-09T15:58:07.729+0000] {sql.py:375} INFO - Running statement: INSERT INTO artist_fact (artist_id,followers,popularity,date) VALUES (%s,%s,%s,%s) ON CONFLICT (artist_id,date) DO UPDATE SET artist_id=EXCLUDED.artist_id,followers=EXCLUDED.followers,popularity=EXCLUDED.popularity,date=EXCLUDED.date, parameters: ('4kqFrZkeqDfOIEqTWqbOOV', 193943, 61, '2023-05-09')
[2023-05-09T15:58:07.730+0000] {sql.py:384} INFO - Rows affected: 1
[2023-05-09T15:58:07.736+0000] {base.py:73} INFO - Using connection ID '***' for task execution.
[2023-05-09T15:58:07.745+0000] {sql.py:375} INFO - Running statement: INSERT INTO artist_fact (artist_id,followers,popularity,date) VALUES (%s,%s,%s,%s) ON CONFLICT (artist_id,date) DO UPDATE SET artist_id=EXCLUDED.artist_id,followers=EXCLUDED.followers,popularity=EXCLUDED.popularity,date=EXCLUDED.date, parameters: ('0WvTK38rXqPCD5pZMDuX20', 207485, 52, '2023-05-09')
[2023-05-09T15:58:07.746+0000] {sql.py:384} INFO - Rows affected: 1
[2023-05-09T15:58:07.753+0000] {base.py:73} INFO - Using connection ID '***' for task execution.
[2023-05-09T15:58:07.760+0000] {sql.py:375} INFO - Running statement: INSERT INTO artist_fact (artist_id,followers,popularity,date) VALUES (%s,%s,%s,%s) ON CONFLICT (artist_id,date) DO UPDATE SET artist_id=EXCLUDED.artist_id,followers=EXCLUDED.followers,popularity=EXCLUDED.popularity,date=EXCLUDED.date, parameters: ('3hOdow4ZPmrby7Q1wfPLEy', 331980, 61, '2023-05-09')
[2023-05-09T15:58:07.762+0000] {sql.py:384} INFO - Rows affected: 1
[2023-05-09T15:58:07.769+0000] {base.py:73} INFO - Using connection ID '***' for task execution.
[2023-05-09T15:58:07.777+0000] {sql.py:375} INFO - Running statement: INSERT INTO artist_fact (artist_id,followers,popularity,date) VALUES (%s,%s,%s,%s) ON CONFLICT (artist_id,date) DO UPDATE SET artist_id=EXCLUDED.artist_id,followers=EXCLUDED.followers,popularity=EXCLUDED.popularity,date=EXCLUDED.date, parameters: ('7eRBEVzcZk4XyIdF0Btfg4', 2518, 31, '2023-05-09')
[2023-05-09T15:58:07.778+0000] {sql.py:384} INFO - Rows affected: 1
[2023-05-09T15:58:07.784+0000] {base.py:73} INFO - Using connection ID '***' for task execution.
[2023-05-09T15:58:07.792+0000] {sql.py:375} INFO - Running statement: INSERT INTO artist_fact (artist_id,followers,popularity,date) VALUES (%s,%s,%s,%s) ON CONFLICT (artist_id,date) DO UPDATE SET artist_id=EXCLUDED.artist_id,followers=EXCLUDED.followers,popularity=EXCLUDED.popularity,date=EXCLUDED.date, parameters: ('3Ae7AQITxFS0r3yGQHYDJI', 2104, 25, '2023-05-09')
[2023-05-09T15:58:07.793+0000] {sql.py:384} INFO - Rows affected: 1
[2023-05-09T15:58:07.800+0000] {base.py:73} INFO - Using connection ID '***' for task execution.
[2023-05-09T15:58:07.808+0000] {sql.py:375} INFO - Running statement: INSERT INTO artist_fact (artist_id,followers,popularity,date) VALUES (%s,%s,%s,%s) ON CONFLICT (artist_id,date) DO UPDATE SET artist_id=EXCLUDED.artist_id,followers=EXCLUDED.followers,popularity=EXCLUDED.popularity,date=EXCLUDED.date, parameters: ('7C4ztJMkuGRy0qkU6dG5hU', 26338, 39, '2023-05-09')
[2023-05-09T15:58:07.809+0000] {sql.py:384} INFO - Rows affected: 1
[2023-05-09T15:58:07.816+0000] {base.py:73} INFO - Using connection ID '***' for task execution.
[2023-05-09T15:58:07.825+0000] {sql.py:375} INFO - Running statement: INSERT INTO artist_fact (artist_id,followers,popularity,date) VALUES (%s,%s,%s,%s) ON CONFLICT (artist_id,date) DO UPDATE SET artist_id=EXCLUDED.artist_id,followers=EXCLUDED.followers,popularity=EXCLUDED.popularity,date=EXCLUDED.date, parameters: ('0vUk0rbl0BkFjmeFvjOvoj', 719, 18, '2023-05-09')
[2023-05-09T15:58:07.828+0000] {sql.py:384} INFO - Rows affected: 1
[2023-05-09T15:58:07.835+0000] {base.py:73} INFO - Using connection ID '***' for task execution.
[2023-05-09T15:58:07.842+0000] {sql.py:375} INFO - Running statement: INSERT INTO artist_fact (artist_id,followers,popularity,date) VALUES (%s,%s,%s,%s) ON CONFLICT (artist_id,date) DO UPDATE SET artist_id=EXCLUDED.artist_id,followers=EXCLUDED.followers,popularity=EXCLUDED.popularity,date=EXCLUDED.date, parameters: ('2cFrymmkijnjDg9SS92EPM', 4855844, 78, '2023-05-09')
[2023-05-09T15:58:07.843+0000] {sql.py:384} INFO - Rows affected: 1
[2023-05-09T15:58:07.849+0000] {base.py:73} INFO - Using connection ID '***' for task execution.
[2023-05-09T15:58:07.857+0000] {sql.py:375} INFO - Running statement: INSERT INTO artist_fact (artist_id,followers,popularity,date) VALUES (%s,%s,%s,%s) ON CONFLICT (artist_id,date) DO UPDATE SET artist_id=EXCLUDED.artist_id,followers=EXCLUDED.followers,popularity=EXCLUDED.popularity,date=EXCLUDED.date, parameters: ('3Ps6le7tj5BdNtdnfNgTU4', 290897, 52, '2023-05-09')
[2023-05-09T15:58:07.859+0000] {sql.py:384} INFO - Rows affected: 1
[2023-05-09T15:58:07.868+0000] {base.py:73} INFO - Using connection ID '***' for task execution.
[2023-05-09T15:58:07.874+0000] {sql.py:375} INFO - Running statement: INSERT INTO artist_fact (artist_id,followers,popularity,date) VALUES (%s,%s,%s,%s) ON CONFLICT (artist_id,date) DO UPDATE SET artist_id=EXCLUDED.artist_id,followers=EXCLUDED.followers,popularity=EXCLUDED.popularity,date=EXCLUDED.date, parameters: ('2QuPPChZpqAai29uqulNFe', 3660, 33, '2023-05-09')
[2023-05-09T15:58:07.876+0000] {sql.py:384} INFO - Rows affected: 1
[2023-05-09T15:58:07.883+0000] {base.py:73} INFO - Using connection ID '***' for task execution.
[2023-05-09T15:58:07.890+0000] {sql.py:375} INFO - Running statement: INSERT INTO artist_fact (artist_id,followers,popularity,date) VALUES (%s,%s,%s,%s) ON CONFLICT (artist_id,date) DO UPDATE SET artist_id=EXCLUDED.artist_id,followers=EXCLUDED.followers,popularity=EXCLUDED.popularity,date=EXCLUDED.date, parameters: ('5ZPYeVqoWNuukwfarvkyJX', 22564, 37, '2023-05-09')
[2023-05-09T15:58:07.891+0000] {sql.py:384} INFO - Rows affected: 1
[2023-05-09T15:58:07.900+0000] {base.py:73} INFO - Using connection ID '***' for task execution.
[2023-05-09T15:58:07.909+0000] {sql.py:375} INFO - Running statement: INSERT INTO artist_fact (artist_id,followers,popularity,date) VALUES (%s,%s,%s,%s) ON CONFLICT (artist_id,date) DO UPDATE SET artist_id=EXCLUDED.artist_id,followers=EXCLUDED.followers,popularity=EXCLUDED.popularity,date=EXCLUDED.date, parameters: ('0BxHc5dN9BSfLZ8PCch9wT', 3910, 23, '2023-05-09')
[2023-05-09T15:58:07.911+0000] {sql.py:384} INFO - Rows affected: 1
[2023-05-09T15:58:07.918+0000] {base.py:73} INFO - Using connection ID '***' for task execution.
[2023-05-09T15:58:07.925+0000] {sql.py:375} INFO - Running statement: INSERT INTO artist_fact (artist_id,followers,popularity,date) VALUES (%s,%s,%s,%s) ON CONFLICT (artist_id,date) DO UPDATE SET artist_id=EXCLUDED.artist_id,followers=EXCLUDED.followers,popularity=EXCLUDED.popularity,date=EXCLUDED.date, parameters: ('1iT8Vbd7KhZiBji3G72zDW', 3627, 24, '2023-05-09')
[2023-05-09T15:58:07.927+0000] {sql.py:384} INFO - Rows affected: 1
[2023-05-09T15:58:07.935+0000] {base.py:73} INFO - Using connection ID '***' for task execution.
[2023-05-09T15:58:07.943+0000] {sql.py:375} INFO - Running statement: INSERT INTO artist_fact (artist_id,followers,popularity,date) VALUES (%s,%s,%s,%s) ON CONFLICT (artist_id,date) DO UPDATE SET artist_id=EXCLUDED.artist_id,followers=EXCLUDED.followers,popularity=EXCLUDED.popularity,date=EXCLUDED.date, parameters: ('4cJKDGSv4Dz9QycXYmo565', 231250, 63, '2023-05-09')
[2023-05-09T15:58:07.945+0000] {sql.py:384} INFO - Rows affected: 1
[2023-05-09T15:58:07.952+0000] {base.py:73} INFO - Using connection ID '***' for task execution.
[2023-05-09T15:58:07.960+0000] {sql.py:375} INFO - Running statement: INSERT INTO artist_fact (artist_id,followers,popularity,date) VALUES (%s,%s,%s,%s) ON CONFLICT (artist_id,date) DO UPDATE SET artist_id=EXCLUDED.artist_id,followers=EXCLUDED.followers,popularity=EXCLUDED.popularity,date=EXCLUDED.date, parameters: ('0UENogXhLeGTZjub4eejjX', 4963, 39, '2023-05-09')
[2023-05-09T15:58:07.961+0000] {sql.py:384} INFO - Rows affected: 1
[2023-05-09T15:58:07.967+0000] {base.py:73} INFO - Using connection ID '***' for task execution.
[2023-05-09T15:58:07.974+0000] {sql.py:375} INFO - Running statement: INSERT INTO artist_fact (artist_id,followers,popularity,date) VALUES (%s,%s,%s,%s) ON CONFLICT (artist_id,date) DO UPDATE SET artist_id=EXCLUDED.artist_id,followers=EXCLUDED.followers,popularity=EXCLUDED.popularity,date=EXCLUDED.date, parameters: ('7b2FbxYmnpGMPqDe04QmyP', 33221, 46, '2023-05-09')
[2023-05-09T15:58:07.976+0000] {sql.py:384} INFO - Rows affected: 1
[2023-05-09T15:58:07.982+0000] {base.py:73} INFO - Using connection ID '***' for task execution.
[2023-05-09T15:58:07.991+0000] {sql.py:375} INFO - Running statement: INSERT INTO artist_fact (artist_id,followers,popularity,date) VALUES (%s,%s,%s,%s) ON CONFLICT (artist_id,date) DO UPDATE SET artist_id=EXCLUDED.artist_id,followers=EXCLUDED.followers,popularity=EXCLUDED.popularity,date=EXCLUDED.date, parameters: ('2anlj4dNUn9I1VxxmjRHRx', 12615, 44, '2023-05-09')
[2023-05-09T15:58:07.992+0000] {sql.py:384} INFO - Rows affected: 1
[2023-05-09T15:58:07.998+0000] {base.py:73} INFO - Using connection ID '***' for task execution.
[2023-05-09T15:58:08.008+0000] {sql.py:375} INFO - Running statement: INSERT INTO artist_fact (artist_id,followers,popularity,date) VALUES (%s,%s,%s,%s) ON CONFLICT (artist_id,date) DO UPDATE SET artist_id=EXCLUDED.artist_id,followers=EXCLUDED.followers,popularity=EXCLUDED.popularity,date=EXCLUDED.date, parameters: ('4FI4qPOnjt3D8DnJQrNWps', 8, 0, '2023-05-09')
[2023-05-09T15:58:08.009+0000] {sql.py:384} INFO - Rows affected: 1
[2023-05-09T15:58:08.016+0000] {base.py:73} INFO - Using connection ID '***' for task execution.
[2023-05-09T15:58:08.023+0000] {sql.py:375} INFO - Running statement: INSERT INTO artist_fact (artist_id,followers,popularity,date) VALUES (%s,%s,%s,%s) ON CONFLICT (artist_id,date) DO UPDATE SET artist_id=EXCLUDED.artist_id,followers=EXCLUDED.followers,popularity=EXCLUDED.popularity,date=EXCLUDED.date, parameters: ('5uLkZ7FWMTBUg1corQqdkR', 502311, 60, '2023-05-09')
[2023-05-09T15:58:08.024+0000] {sql.py:384} INFO - Rows affected: 1
[2023-05-09T15:58:08.030+0000] {base.py:73} INFO - Using connection ID '***' for task execution.
[2023-05-09T15:58:08.038+0000] {sql.py:375} INFO - Running statement: INSERT INTO artist_fact (artist_id,followers,popularity,date) VALUES (%s,%s,%s,%s) ON CONFLICT (artist_id,date) DO UPDATE SET artist_id=EXCLUDED.artist_id,followers=EXCLUDED.followers,popularity=EXCLUDED.popularity,date=EXCLUDED.date, parameters: ('0ILo2K3FmfIh4ICcbHE7RK', 30166, 52, '2023-05-09')
[2023-05-09T15:58:08.039+0000] {sql.py:384} INFO - Rows affected: 1
[2023-05-09T15:58:08.047+0000] {base.py:73} INFO - Using connection ID '***' for task execution.
[2023-05-09T15:58:08.053+0000] {sql.py:375} INFO - Running statement: INSERT INTO artist_fact (artist_id,followers,popularity,date) VALUES (%s,%s,%s,%s) ON CONFLICT (artist_id,date) DO UPDATE SET artist_id=EXCLUDED.artist_id,followers=EXCLUDED.followers,popularity=EXCLUDED.popularity,date=EXCLUDED.date, parameters: ('0r7PsZB4ePA6vHrW4agoGN', 30038, 28, '2023-05-09')
[2023-05-09T15:58:08.055+0000] {sql.py:384} INFO - Rows affected: 1
[2023-05-09T15:58:08.062+0000] {base.py:73} INFO - Using connection ID '***' for task execution.
[2023-05-09T15:58:08.068+0000] {sql.py:375} INFO - Running statement: INSERT INTO artist_fact (artist_id,followers,popularity,date) VALUES (%s,%s,%s,%s) ON CONFLICT (artist_id,date) DO UPDATE SET artist_id=EXCLUDED.artist_id,followers=EXCLUDED.followers,popularity=EXCLUDED.popularity,date=EXCLUDED.date, parameters: ('1PpFka2STGQ57kJcgYBgEF', 18135, 41, '2023-05-09')
[2023-05-09T15:58:08.070+0000] {sql.py:384} INFO - Rows affected: 1
[2023-05-09T15:58:08.076+0000] {base.py:73} INFO - Using connection ID '***' for task execution.
[2023-05-09T15:58:08.083+0000] {sql.py:375} INFO - Running statement: INSERT INTO artist_fact (artist_id,followers,popularity,date) VALUES (%s,%s,%s,%s) ON CONFLICT (artist_id,date) DO UPDATE SET artist_id=EXCLUDED.artist_id,followers=EXCLUDED.followers,popularity=EXCLUDED.popularity,date=EXCLUDED.date, parameters: ('6YxrfNCKBcQlbITpmDLErL', 104179, 54, '2023-05-09')
[2023-05-09T15:58:08.084+0000] {sql.py:384} INFO - Rows affected: 1
[2023-05-09T15:58:08.091+0000] {base.py:73} INFO - Using connection ID '***' for task execution.
[2023-05-09T15:58:08.098+0000] {sql.py:375} INFO - Running statement: INSERT INTO artist_fact (artist_id,followers,popularity,date) VALUES (%s,%s,%s,%s) ON CONFLICT (artist_id,date) DO UPDATE SET artist_id=EXCLUDED.artist_id,followers=EXCLUDED.followers,popularity=EXCLUDED.popularity,date=EXCLUDED.date, parameters: ('2R2Yg2qPloNOTOfqxfXX7l', 20622, 44, '2023-05-09')
[2023-05-09T15:58:08.099+0000] {sql.py:384} INFO - Rows affected: 1
[2023-05-09T15:58:08.105+0000] {base.py:73} INFO - Using connection ID '***' for task execution.
[2023-05-09T15:58:08.112+0000] {sql.py:375} INFO - Running statement: INSERT INTO artist_fact (artist_id,followers,popularity,date) VALUES (%s,%s,%s,%s) ON CONFLICT (artist_id,date) DO UPDATE SET artist_id=EXCLUDED.artist_id,followers=EXCLUDED.followers,popularity=EXCLUDED.popularity,date=EXCLUDED.date, parameters: ('4yOY5zmuuTlS1DbG3yZGki', 20, 38, '2023-05-09')
[2023-05-09T15:58:08.114+0000] {sql.py:384} INFO - Rows affected: 1
[2023-05-09T15:58:08.120+0000] {base.py:73} INFO - Using connection ID '***' for task execution.
[2023-05-09T15:58:08.126+0000] {sql.py:375} INFO - Running statement: INSERT INTO artist_fact (artist_id,followers,popularity,date) VALUES (%s,%s,%s,%s) ON CONFLICT (artist_id,date) DO UPDATE SET artist_id=EXCLUDED.artist_id,followers=EXCLUDED.followers,popularity=EXCLUDED.popularity,date=EXCLUDED.date, parameters: ('7iVscW49OWowl9SoLmWzfy', 11647, 44, '2023-05-09')
[2023-05-09T15:58:08.128+0000] {sql.py:384} INFO - Rows affected: 1
[2023-05-09T15:58:08.135+0000] {base.py:73} INFO - Using connection ID '***' for task execution.
[2023-05-09T15:58:08.141+0000] {sql.py:375} INFO - Running statement: INSERT INTO artist_fact (artist_id,followers,popularity,date) VALUES (%s,%s,%s,%s) ON CONFLICT (artist_id,date) DO UPDATE SET artist_id=EXCLUDED.artist_id,followers=EXCLUDED.followers,popularity=EXCLUDED.popularity,date=EXCLUDED.date, parameters: ('6c0lj01vVpHsCH7Z5CfJ9K', 80750, 48, '2023-05-09')
[2023-05-09T15:58:08.143+0000] {sql.py:384} INFO - Rows affected: 1
[2023-05-09T15:58:08.150+0000] {base.py:73} INFO - Using connection ID '***' for task execution.
[2023-05-09T15:58:08.158+0000] {sql.py:375} INFO - Running statement: INSERT INTO artist_fact (artist_id,followers,popularity,date) VALUES (%s,%s,%s,%s) ON CONFLICT (artist_id,date) DO UPDATE SET artist_id=EXCLUDED.artist_id,followers=EXCLUDED.followers,popularity=EXCLUDED.popularity,date=EXCLUDED.date, parameters: ('4tjqHer0BFQbJ1FVyWhffM', 33195, 49, '2023-05-09')
[2023-05-09T15:58:08.159+0000] {sql.py:384} INFO - Rows affected: 1
[2023-05-09T15:58:08.165+0000] {base.py:73} INFO - Using connection ID '***' for task execution.
[2023-05-09T15:58:08.176+0000] {sql.py:375} INFO - Running statement: INSERT INTO artist_fact (artist_id,followers,popularity,date) VALUES (%s,%s,%s,%s) ON CONFLICT (artist_id,date) DO UPDATE SET artist_id=EXCLUDED.artist_id,followers=EXCLUDED.followers,popularity=EXCLUDED.popularity,date=EXCLUDED.date, parameters: ('63CZNEytugjFnZBdjBmWc8', 27353, 49, '2023-05-09')
[2023-05-09T15:58:08.178+0000] {sql.py:384} INFO - Rows affected: 1
[2023-05-09T15:58:08.185+0000] {base.py:73} INFO - Using connection ID '***' for task execution.
[2023-05-09T15:58:08.193+0000] {sql.py:375} INFO - Running statement: INSERT INTO artist_fact (artist_id,followers,popularity,date) VALUES (%s,%s,%s,%s) ON CONFLICT (artist_id,date) DO UPDATE SET artist_id=EXCLUDED.artist_id,followers=EXCLUDED.followers,popularity=EXCLUDED.popularity,date=EXCLUDED.date, parameters: ('0be7y7HUvSBf8uG1X7pK8f', 16927, 43, '2023-05-09')
[2023-05-09T15:58:08.195+0000] {sql.py:384} INFO - Rows affected: 1
[2023-05-09T15:58:08.204+0000] {base.py:73} INFO - Using connection ID '***' for task execution.
[2023-05-09T15:58:08.212+0000] {sql.py:375} INFO - Running statement: INSERT INTO artist_fact (artist_id,followers,popularity,date) VALUES (%s,%s,%s,%s) ON CONFLICT (artist_id,date) DO UPDATE SET artist_id=EXCLUDED.artist_id,followers=EXCLUDED.followers,popularity=EXCLUDED.popularity,date=EXCLUDED.date, parameters: ('2trvlbfMS5zVozEmrFNDTJ', 17905, 39, '2023-05-09')
[2023-05-09T15:58:08.215+0000] {sql.py:384} INFO - Rows affected: 1
[2023-05-09T15:58:08.224+0000] {base.py:73} INFO - Using connection ID '***' for task execution.
[2023-05-09T15:58:08.231+0000] {sql.py:375} INFO - Running statement: INSERT INTO artist_fact (artist_id,followers,popularity,date) VALUES (%s,%s,%s,%s) ON CONFLICT (artist_id,date) DO UPDATE SET artist_id=EXCLUDED.artist_id,followers=EXCLUDED.followers,popularity=EXCLUDED.popularity,date=EXCLUDED.date, parameters: ('63dmB3SM4vOZ8rK1EX5IkU', 17763, 41, '2023-05-09')
[2023-05-09T15:58:08.233+0000] {sql.py:384} INFO - Rows affected: 1
[2023-05-09T15:58:08.239+0000] {base.py:73} INFO - Using connection ID '***' for task execution.
[2023-05-09T15:58:08.245+0000] {sql.py:375} INFO - Running statement: INSERT INTO artist_fact (artist_id,followers,popularity,date) VALUES (%s,%s,%s,%s) ON CONFLICT (artist_id,date) DO UPDATE SET artist_id=EXCLUDED.artist_id,followers=EXCLUDED.followers,popularity=EXCLUDED.popularity,date=EXCLUDED.date, parameters: ('6fWVd57NKTalqvmjRd2t8Z', 2019722, 72, '2023-05-09')
[2023-05-09T15:58:08.247+0000] {sql.py:384} INFO - Rows affected: 1
[2023-05-09T15:58:08.254+0000] {base.py:73} INFO - Using connection ID '***' for task execution.
[2023-05-09T15:58:08.261+0000] {sql.py:375} INFO - Running statement: INSERT INTO artist_fact (artist_id,followers,popularity,date) VALUES (%s,%s,%s,%s) ON CONFLICT (artist_id,date) DO UPDATE SET artist_id=EXCLUDED.artist_id,followers=EXCLUDED.followers,popularity=EXCLUDED.popularity,date=EXCLUDED.date, parameters: ('3ddT1Q3KQAm1G7UcIfz5KJ', 198468, 53, '2023-05-09')
[2023-05-09T15:58:08.263+0000] {sql.py:384} INFO - Rows affected: 1
[2023-05-09T15:58:08.269+0000] {base.py:73} INFO - Using connection ID '***' for task execution.
[2023-05-09T15:58:08.276+0000] {sql.py:375} INFO - Running statement: INSERT INTO artist_fact (artist_id,followers,popularity,date) VALUES (%s,%s,%s,%s) ON CONFLICT (artist_id,date) DO UPDATE SET artist_id=EXCLUDED.artist_id,followers=EXCLUDED.followers,popularity=EXCLUDED.popularity,date=EXCLUDED.date, parameters: ('47SwNXPh17mIDcZwsCr6hX', 112, 0, '2023-05-09')
[2023-05-09T15:58:08.277+0000] {sql.py:384} INFO - Rows affected: 1
[2023-05-09T15:58:08.284+0000] {base.py:73} INFO - Using connection ID '***' for task execution.
[2023-05-09T15:58:08.291+0000] {sql.py:375} INFO - Running statement: INSERT INTO artist_fact (artist_id,followers,popularity,date) VALUES (%s,%s,%s,%s) ON CONFLICT (artist_id,date) DO UPDATE SET artist_id=EXCLUDED.artist_id,followers=EXCLUDED.followers,popularity=EXCLUDED.popularity,date=EXCLUDED.date, parameters: ('7MS7B4QRp1n6c5H8N7s3wB', 7726, 46, '2023-05-09')
[2023-05-09T15:58:08.292+0000] {sql.py:384} INFO - Rows affected: 1
[2023-05-09T15:58:08.300+0000] {base.py:73} INFO - Using connection ID '***' for task execution.
[2023-05-09T15:58:08.306+0000] {sql.py:375} INFO - Running statement: INSERT INTO artist_fact (artist_id,followers,popularity,date) VALUES (%s,%s,%s,%s) ON CONFLICT (artist_id,date) DO UPDATE SET artist_id=EXCLUDED.artist_id,followers=EXCLUDED.followers,popularity=EXCLUDED.popularity,date=EXCLUDED.date, parameters: ('6wUAn24MOirNVNqQM47fda', 35047, 54, '2023-05-09')
[2023-05-09T15:58:08.308+0000] {sql.py:384} INFO - Rows affected: 1
[2023-05-09T15:58:08.314+0000] {base.py:73} INFO - Using connection ID '***' for task execution.
[2023-05-09T15:58:08.321+0000] {sql.py:375} INFO - Running statement: INSERT INTO artist_fact (artist_id,followers,popularity,date) VALUES (%s,%s,%s,%s) ON CONFLICT (artist_id,date) DO UPDATE SET artist_id=EXCLUDED.artist_id,followers=EXCLUDED.followers,popularity=EXCLUDED.popularity,date=EXCLUDED.date, parameters: ('4KoNbDwbCK9D04dSmYG93E', 26956, 39, '2023-05-09')
[2023-05-09T15:58:08.323+0000] {sql.py:384} INFO - Rows affected: 1
[2023-05-09T15:58:08.330+0000] {base.py:73} INFO - Using connection ID '***' for task execution.
[2023-05-09T15:58:08.336+0000] {sql.py:375} INFO - Running statement: INSERT INTO artist_fact (artist_id,followers,popularity,date) VALUES (%s,%s,%s,%s) ON CONFLICT (artist_id,date) DO UPDATE SET artist_id=EXCLUDED.artist_id,followers=EXCLUDED.followers,popularity=EXCLUDED.popularity,date=EXCLUDED.date, parameters: ('2848adRcxvgWNRcz1g1tQD', 149615, 54, '2023-05-09')
[2023-05-09T15:58:08.338+0000] {sql.py:384} INFO - Rows affected: 1
[2023-05-09T15:58:08.344+0000] {base.py:73} INFO - Using connection ID '***' for task execution.
[2023-05-09T15:58:08.351+0000] {sql.py:375} INFO - Running statement: INSERT INTO artist_fact (artist_id,followers,popularity,date) VALUES (%s,%s,%s,%s) ON CONFLICT (artist_id,date) DO UPDATE SET artist_id=EXCLUDED.artist_id,followers=EXCLUDED.followers,popularity=EXCLUDED.popularity,date=EXCLUDED.date, parameters: ('0QkgnHpxSCOYdTnhUR9S5k', 68856, 50, '2023-05-09')
[2023-05-09T15:58:08.352+0000] {sql.py:384} INFO - Rows affected: 1
[2023-05-09T15:58:08.359+0000] {base.py:73} INFO - Using connection ID '***' for task execution.
[2023-05-09T15:58:08.365+0000] {sql.py:375} INFO - Running statement: INSERT INTO artist_fact (artist_id,followers,popularity,date) VALUES (%s,%s,%s,%s) ON CONFLICT (artist_id,date) DO UPDATE SET artist_id=EXCLUDED.artist_id,followers=EXCLUDED.followers,popularity=EXCLUDED.popularity,date=EXCLUDED.date, parameters: ('3AUIYVmhwrsw8UOPHEv91Z', 65309, 51, '2023-05-09')
[2023-05-09T15:58:08.367+0000] {sql.py:384} INFO - Rows affected: 1
[2023-05-09T15:58:08.373+0000] {base.py:73} INFO - Using connection ID '***' for task execution.
[2023-05-09T15:58:08.380+0000] {sql.py:375} INFO - Running statement: INSERT INTO artist_fact (artist_id,followers,popularity,date) VALUES (%s,%s,%s,%s) ON CONFLICT (artist_id,date) DO UPDATE SET artist_id=EXCLUDED.artist_id,followers=EXCLUDED.followers,popularity=EXCLUDED.popularity,date=EXCLUDED.date, parameters: ('71EAlWYAa5jb4phZIOlp7u', 5854, 28, '2023-05-09')
[2023-05-09T15:58:08.381+0000] {sql.py:384} INFO - Rows affected: 1
[2023-05-09T15:58:08.388+0000] {base.py:73} INFO - Using connection ID '***' for task execution.
[2023-05-09T15:58:08.394+0000] {sql.py:375} INFO - Running statement: INSERT INTO artist_fact (artist_id,followers,popularity,date) VALUES (%s,%s,%s,%s) ON CONFLICT (artist_id,date) DO UPDATE SET artist_id=EXCLUDED.artist_id,followers=EXCLUDED.followers,popularity=EXCLUDED.popularity,date=EXCLUDED.date, parameters: ('2GUw9Wzha61PkZoRVv1PDD', 59512, 52, '2023-05-09')
[2023-05-09T15:58:08.395+0000] {sql.py:384} INFO - Rows affected: 1
[2023-05-09T15:58:08.402+0000] {base.py:73} INFO - Using connection ID '***' for task execution.
[2023-05-09T15:58:08.408+0000] {sql.py:375} INFO - Running statement: INSERT INTO artist_fact (artist_id,followers,popularity,date) VALUES (%s,%s,%s,%s) ON CONFLICT (artist_id,date) DO UPDATE SET artist_id=EXCLUDED.artist_id,followers=EXCLUDED.followers,popularity=EXCLUDED.popularity,date=EXCLUDED.date, parameters: ('3wDeS1sr05fxaOeiJJrOnL', 31336, 51, '2023-05-09')
[2023-05-09T15:58:08.410+0000] {sql.py:384} INFO - Rows affected: 1
[2023-05-09T15:58:08.416+0000] {base.py:73} INFO - Using connection ID '***' for task execution.
[2023-05-09T15:58:08.422+0000] {sql.py:375} INFO - Running statement: INSERT INTO artist_fact (artist_id,followers,popularity,date) VALUES (%s,%s,%s,%s) ON CONFLICT (artist_id,date) DO UPDATE SET artist_id=EXCLUDED.artist_id,followers=EXCLUDED.followers,popularity=EXCLUDED.popularity,date=EXCLUDED.date, parameters: ('1OP39gZ2SXVnwg4NrARmsu', 4529, 31, '2023-05-09')
[2023-05-09T15:58:08.424+0000] {sql.py:384} INFO - Rows affected: 1
[2023-05-09T15:58:08.430+0000] {base.py:73} INFO - Using connection ID '***' for task execution.
[2023-05-09T15:58:08.437+0000] {sql.py:375} INFO - Running statement: INSERT INTO artist_fact (artist_id,followers,popularity,date) VALUES (%s,%s,%s,%s) ON CONFLICT (artist_id,date) DO UPDATE SET artist_id=EXCLUDED.artist_id,followers=EXCLUDED.followers,popularity=EXCLUDED.popularity,date=EXCLUDED.date, parameters: ('1vwwjIPFeYoRfAUCqqO6cZ', 43893, 52, '2023-05-09')
[2023-05-09T15:58:08.439+0000] {sql.py:384} INFO - Rows affected: 1
[2023-05-09T15:58:08.445+0000] {base.py:73} INFO - Using connection ID '***' for task execution.
[2023-05-09T15:58:08.451+0000] {sql.py:375} INFO - Running statement: INSERT INTO artist_fact (artist_id,followers,popularity,date) VALUES (%s,%s,%s,%s) ON CONFLICT (artist_id,date) DO UPDATE SET artist_id=EXCLUDED.artist_id,followers=EXCLUDED.followers,popularity=EXCLUDED.popularity,date=EXCLUDED.date, parameters: ('2Ci3Sflo2BfC77wTwn2hbH', 38953, 40, '2023-05-09')
[2023-05-09T15:58:08.453+0000] {sql.py:384} INFO - Rows affected: 1
[2023-05-09T15:58:08.460+0000] {base.py:73} INFO - Using connection ID '***' for task execution.
[2023-05-09T15:58:08.466+0000] {sql.py:375} INFO - Running statement: INSERT INTO artist_fact (artist_id,followers,popularity,date) VALUES (%s,%s,%s,%s) ON CONFLICT (artist_id,date) DO UPDATE SET artist_id=EXCLUDED.artist_id,followers=EXCLUDED.followers,popularity=EXCLUDED.popularity,date=EXCLUDED.date, parameters: ('670UISOh9XV1zlq5z5IfoY', 20692, 49, '2023-05-09')
[2023-05-09T15:58:08.467+0000] {sql.py:384} INFO - Rows affected: 1
[2023-05-09T15:58:08.474+0000] {base.py:73} INFO - Using connection ID '***' for task execution.
[2023-05-09T15:58:08.480+0000] {sql.py:375} INFO - Running statement: INSERT INTO artist_fact (artist_id,followers,popularity,date) VALUES (%s,%s,%s,%s) ON CONFLICT (artist_id,date) DO UPDATE SET artist_id=EXCLUDED.artist_id,followers=EXCLUDED.followers,popularity=EXCLUDED.popularity,date=EXCLUDED.date, parameters: ('3QZxOYl5zlZtfigtXOZsfT', 26532, 36, '2023-05-09')
[2023-05-09T15:58:08.482+0000] {sql.py:384} INFO - Rows affected: 1
[2023-05-09T15:58:08.488+0000] {base.py:73} INFO - Using connection ID '***' for task execution.
[2023-05-09T15:58:08.495+0000] {sql.py:375} INFO - Running statement: INSERT INTO artist_fact (artist_id,followers,popularity,date) VALUES (%s,%s,%s,%s) ON CONFLICT (artist_id,date) DO UPDATE SET artist_id=EXCLUDED.artist_id,followers=EXCLUDED.followers,popularity=EXCLUDED.popularity,date=EXCLUDED.date, parameters: ('2AfU5LYBVCiCtuCCfM7uVX', 597525, 61, '2023-05-09')
[2023-05-09T15:58:08.496+0000] {sql.py:384} INFO - Rows affected: 1
[2023-05-09T15:58:08.502+0000] {base.py:73} INFO - Using connection ID '***' for task execution.
[2023-05-09T15:58:08.508+0000] {sql.py:375} INFO - Running statement: INSERT INTO artist_fact (artist_id,followers,popularity,date) VALUES (%s,%s,%s,%s) ON CONFLICT (artist_id,date) DO UPDATE SET artist_id=EXCLUDED.artist_id,followers=EXCLUDED.followers,popularity=EXCLUDED.popularity,date=EXCLUDED.date, parameters: ('7MigDh04CCntQbsBvugEmb', 113455, 61, '2023-05-09')
[2023-05-09T15:58:08.510+0000] {sql.py:384} INFO - Rows affected: 1
[2023-05-09T15:58:08.517+0000] {base.py:73} INFO - Using connection ID '***' for task execution.
[2023-05-09T15:58:08.523+0000] {sql.py:375} INFO - Running statement: INSERT INTO artist_fact (artist_id,followers,popularity,date) VALUES (%s,%s,%s,%s) ON CONFLICT (artist_id,date) DO UPDATE SET artist_id=EXCLUDED.artist_id,followers=EXCLUDED.followers,popularity=EXCLUDED.popularity,date=EXCLUDED.date, parameters: ('1tQu5TjcAK68fx8qrc8ZgF', 74417, 51, '2023-05-09')
[2023-05-09T15:58:08.524+0000] {sql.py:384} INFO - Rows affected: 1
[2023-05-09T15:58:08.531+0000] {base.py:73} INFO - Using connection ID '***' for task execution.
[2023-05-09T15:58:08.538+0000] {sql.py:375} INFO - Running statement: INSERT INTO artist_fact (artist_id,followers,popularity,date) VALUES (%s,%s,%s,%s) ON CONFLICT (artist_id,date) DO UPDATE SET artist_id=EXCLUDED.artist_id,followers=EXCLUDED.followers,popularity=EXCLUDED.popularity,date=EXCLUDED.date, parameters: ('0Kx7qYhFiv0YD5lxEG1nsz', 5144, 25, '2023-05-09')
[2023-05-09T15:58:08.539+0000] {sql.py:384} INFO - Rows affected: 1
[2023-05-09T15:58:08.545+0000] {base.py:73} INFO - Using connection ID '***' for task execution.
[2023-05-09T15:58:08.551+0000] {sql.py:375} INFO - Running statement: INSERT INTO artist_fact (artist_id,followers,popularity,date) VALUES (%s,%s,%s,%s) ON CONFLICT (artist_id,date) DO UPDATE SET artist_id=EXCLUDED.artist_id,followers=EXCLUDED.followers,popularity=EXCLUDED.popularity,date=EXCLUDED.date, parameters: ('5ibWbhA0IkPT3xCN0YicRL', 6562, 52, '2023-05-09')
[2023-05-09T15:58:08.553+0000] {sql.py:384} INFO - Rows affected: 1
[2023-05-09T15:58:08.560+0000] {base.py:73} INFO - Using connection ID '***' for task execution.
[2023-05-09T15:58:08.566+0000] {sql.py:375} INFO - Running statement: INSERT INTO artist_fact (artist_id,followers,popularity,date) VALUES (%s,%s,%s,%s) ON CONFLICT (artist_id,date) DO UPDATE SET artist_id=EXCLUDED.artist_id,followers=EXCLUDED.followers,popularity=EXCLUDED.popularity,date=EXCLUDED.date, parameters: ('7naAJDAh7AZnf18YYfQruM', 295610, 60, '2023-05-09')
[2023-05-09T15:58:08.568+0000] {sql.py:384} INFO - Rows affected: 1
[2023-05-09T15:58:08.575+0000] {base.py:73} INFO - Using connection ID '***' for task execution.
[2023-05-09T15:58:08.581+0000] {sql.py:375} INFO - Running statement: INSERT INTO artist_fact (artist_id,followers,popularity,date) VALUES (%s,%s,%s,%s) ON CONFLICT (artist_id,date) DO UPDATE SET artist_id=EXCLUDED.artist_id,followers=EXCLUDED.followers,popularity=EXCLUDED.popularity,date=EXCLUDED.date, parameters: ('6fHEaFnFgMxMAtDt7mFoQ3', 13972, 41, '2023-05-09')
[2023-05-09T15:58:08.583+0000] {sql.py:384} INFO - Rows affected: 1
[2023-05-09T15:58:08.589+0000] {base.py:73} INFO - Using connection ID '***' for task execution.
[2023-05-09T15:58:08.595+0000] {sql.py:375} INFO - Running statement: INSERT INTO artist_fact (artist_id,followers,popularity,date) VALUES (%s,%s,%s,%s) ON CONFLICT (artist_id,date) DO UPDATE SET artist_id=EXCLUDED.artist_id,followers=EXCLUDED.followers,popularity=EXCLUDED.popularity,date=EXCLUDED.date, parameters: ('0S7eN9KAsbAaIZtFyCn1q1', 41780, 60, '2023-05-09')
[2023-05-09T15:58:08.597+0000] {sql.py:384} INFO - Rows affected: 1
[2023-05-09T15:58:08.603+0000] {base.py:73} INFO - Using connection ID '***' for task execution.
[2023-05-09T15:58:08.610+0000] {sql.py:375} INFO - Running statement: INSERT INTO artist_fact (artist_id,followers,popularity,date) VALUES (%s,%s,%s,%s) ON CONFLICT (artist_id,date) DO UPDATE SET artist_id=EXCLUDED.artist_id,followers=EXCLUDED.followers,popularity=EXCLUDED.popularity,date=EXCLUDED.date, parameters: ('4X8TR9pBFyewFlIDYt1o2s', 19605, 52, '2023-05-09')
[2023-05-09T15:58:08.612+0000] {sql.py:384} INFO - Rows affected: 1
[2023-05-09T15:58:08.619+0000] {base.py:73} INFO - Using connection ID '***' for task execution.
[2023-05-09T15:58:08.626+0000] {sql.py:375} INFO - Running statement: INSERT INTO artist_fact (artist_id,followers,popularity,date) VALUES (%s,%s,%s,%s) ON CONFLICT (artist_id,date) DO UPDATE SET artist_id=EXCLUDED.artist_id,followers=EXCLUDED.followers,popularity=EXCLUDED.popularity,date=EXCLUDED.date, parameters: ('5UrcghjIlj83Jf7QjZfBhZ', 89, 22, '2023-05-09')
[2023-05-09T15:58:08.628+0000] {sql.py:384} INFO - Rows affected: 1
[2023-05-09T15:58:08.634+0000] {base.py:73} INFO - Using connection ID '***' for task execution.
[2023-05-09T15:58:08.643+0000] {sql.py:375} INFO - Running statement: INSERT INTO artist_fact (artist_id,followers,popularity,date) VALUES (%s,%s,%s,%s) ON CONFLICT (artist_id,date) DO UPDATE SET artist_id=EXCLUDED.artist_id,followers=EXCLUDED.followers,popularity=EXCLUDED.popularity,date=EXCLUDED.date, parameters: ('3pob90yrusjcbgSYFKaeAk', 6148, 32, '2023-05-09')
[2023-05-09T15:58:08.645+0000] {sql.py:384} INFO - Rows affected: 1
[2023-05-09T15:58:08.655+0000] {base.py:73} INFO - Using connection ID '***' for task execution.
[2023-05-09T15:58:08.662+0000] {sql.py:375} INFO - Running statement: INSERT INTO artist_fact (artist_id,followers,popularity,date) VALUES (%s,%s,%s,%s) ON CONFLICT (artist_id,date) DO UPDATE SET artist_id=EXCLUDED.artist_id,followers=EXCLUDED.followers,popularity=EXCLUDED.popularity,date=EXCLUDED.date, parameters: ('7BoBxrm9jJ7us6U92oqr4N', 794, 24, '2023-05-09')
[2023-05-09T15:58:08.664+0000] {sql.py:384} INFO - Rows affected: 1
[2023-05-09T15:58:08.671+0000] {base.py:73} INFO - Using connection ID '***' for task execution.
[2023-05-09T15:58:08.678+0000] {sql.py:375} INFO - Running statement: INSERT INTO artist_fact (artist_id,followers,popularity,date) VALUES (%s,%s,%s,%s) ON CONFLICT (artist_id,date) DO UPDATE SET artist_id=EXCLUDED.artist_id,followers=EXCLUDED.followers,popularity=EXCLUDED.popularity,date=EXCLUDED.date, parameters: ('1fsCfvdiomqjKJFR6xI8e4', 109859, 56, '2023-05-09')
[2023-05-09T15:58:08.679+0000] {sql.py:384} INFO - Rows affected: 1
[2023-05-09T15:58:08.686+0000] {base.py:73} INFO - Using connection ID '***' for task execution.
[2023-05-09T15:58:08.695+0000] {sql.py:375} INFO - Running statement: INSERT INTO artist_fact (artist_id,followers,popularity,date) VALUES (%s,%s,%s,%s) ON CONFLICT (artist_id,date) DO UPDATE SET artist_id=EXCLUDED.artist_id,followers=EXCLUDED.followers,popularity=EXCLUDED.popularity,date=EXCLUDED.date, parameters: ('61qMnYXa1GxSBoV3IiYKjZ', 520620, 55, '2023-05-09')
[2023-05-09T15:58:08.697+0000] {sql.py:384} INFO - Rows affected: 1
[2023-05-09T15:58:08.704+0000] {base.py:73} INFO - Using connection ID '***' for task execution.
[2023-05-09T15:58:08.711+0000] {sql.py:375} INFO - Running statement: INSERT INTO artist_fact (artist_id,followers,popularity,date) VALUES (%s,%s,%s,%s) ON CONFLICT (artist_id,date) DO UPDATE SET artist_id=EXCLUDED.artist_id,followers=EXCLUDED.followers,popularity=EXCLUDED.popularity,date=EXCLUDED.date, parameters: ('1KuV6xtFnLPsneN3yBrjFj', 14595, 41, '2023-05-09')
[2023-05-09T15:58:08.714+0000] {sql.py:384} INFO - Rows affected: 1
[2023-05-09T15:58:08.720+0000] {base.py:73} INFO - Using connection ID '***' for task execution.
[2023-05-09T15:58:08.727+0000] {sql.py:375} INFO - Running statement: INSERT INTO artist_fact (artist_id,followers,popularity,date) VALUES (%s,%s,%s,%s) ON CONFLICT (artist_id,date) DO UPDATE SET artist_id=EXCLUDED.artist_id,followers=EXCLUDED.followers,popularity=EXCLUDED.popularity,date=EXCLUDED.date, parameters: ('7wSr4otUV4ytUvHE4w3rBe', 41548, 31, '2023-05-09')
[2023-05-09T15:58:08.729+0000] {sql.py:384} INFO - Rows affected: 1
[2023-05-09T15:58:08.735+0000] {base.py:73} INFO - Using connection ID '***' for task execution.
[2023-05-09T15:58:08.742+0000] {sql.py:375} INFO - Running statement: INSERT INTO artist_fact (artist_id,followers,popularity,date) VALUES (%s,%s,%s,%s) ON CONFLICT (artist_id,date) DO UPDATE SET artist_id=EXCLUDED.artist_id,followers=EXCLUDED.followers,popularity=EXCLUDED.popularity,date=EXCLUDED.date, parameters: ('7HfUJxeVTgrvhk0eWHFzV7', 56326, 47, '2023-05-09')
[2023-05-09T15:58:08.744+0000] {sql.py:384} INFO - Rows affected: 1
[2023-05-09T15:58:08.750+0000] {base.py:73} INFO - Using connection ID '***' for task execution.
[2023-05-09T15:58:08.758+0000] {sql.py:375} INFO - Running statement: INSERT INTO artist_fact (artist_id,followers,popularity,date) VALUES (%s,%s,%s,%s) ON CONFLICT (artist_id,date) DO UPDATE SET artist_id=EXCLUDED.artist_id,followers=EXCLUDED.followers,popularity=EXCLUDED.popularity,date=EXCLUDED.date, parameters: ('4HAfqyKr4Sqtab6ttHWXgE', 100035, 57, '2023-05-09')
[2023-05-09T15:58:08.762+0000] {sql.py:384} INFO - Rows affected: 1
[2023-05-09T15:58:08.770+0000] {base.py:73} INFO - Using connection ID '***' for task execution.
[2023-05-09T15:58:08.778+0000] {sql.py:375} INFO - Running statement: INSERT INTO artist_fact (artist_id,followers,popularity,date) VALUES (%s,%s,%s,%s) ON CONFLICT (artist_id,date) DO UPDATE SET artist_id=EXCLUDED.artist_id,followers=EXCLUDED.followers,popularity=EXCLUDED.popularity,date=EXCLUDED.date, parameters: ('27w1NoOLMX7tJMYqcetPyG', 606695, 61, '2023-05-09')
[2023-05-09T15:58:08.780+0000] {sql.py:384} INFO - Rows affected: 1
[2023-05-09T15:58:08.789+0000] {base.py:73} INFO - Using connection ID '***' for task execution.
[2023-05-09T15:58:08.797+0000] {sql.py:375} INFO - Running statement: INSERT INTO artist_fact (artist_id,followers,popularity,date) VALUES (%s,%s,%s,%s) ON CONFLICT (artist_id,date) DO UPDATE SET artist_id=EXCLUDED.artist_id,followers=EXCLUDED.followers,popularity=EXCLUDED.popularity,date=EXCLUDED.date, parameters: ('5G9kmDLg3OeUyj8KVBLzbu', 554868, 67, '2023-05-09')
[2023-05-09T15:58:08.798+0000] {sql.py:384} INFO - Rows affected: 1
[2023-05-09T15:58:08.806+0000] {base.py:73} INFO - Using connection ID '***' for task execution.
[2023-05-09T15:58:08.813+0000] {sql.py:375} INFO - Running statement: INSERT INTO artist_fact (artist_id,followers,popularity,date) VALUES (%s,%s,%s,%s) ON CONFLICT (artist_id,date) DO UPDATE SET artist_id=EXCLUDED.artist_id,followers=EXCLUDED.followers,popularity=EXCLUDED.popularity,date=EXCLUDED.date, parameters: ('7vSY9HEreOqb1Llar3UC38', 199990, 55, '2023-05-09')
[2023-05-09T15:58:08.815+0000] {sql.py:384} INFO - Rows affected: 1
[2023-05-09T15:58:08.822+0000] {base.py:73} INFO - Using connection ID '***' for task execution.
[2023-05-09T15:58:08.829+0000] {sql.py:375} INFO - Running statement: INSERT INTO artist_fact (artist_id,followers,popularity,date) VALUES (%s,%s,%s,%s) ON CONFLICT (artist_id,date) DO UPDATE SET artist_id=EXCLUDED.artist_id,followers=EXCLUDED.followers,popularity=EXCLUDED.popularity,date=EXCLUDED.date, parameters: ('7FngGIEGgN3Iwauw1MvO4P', 404376, 60, '2023-05-09')
[2023-05-09T15:58:08.830+0000] {sql.py:384} INFO - Rows affected: 1
[2023-05-09T15:58:08.837+0000] {base.py:73} INFO - Using connection ID '***' for task execution.
[2023-05-09T15:58:08.843+0000] {sql.py:375} INFO - Running statement: INSERT INTO artist_fact (artist_id,followers,popularity,date) VALUES (%s,%s,%s,%s) ON CONFLICT (artist_id,date) DO UPDATE SET artist_id=EXCLUDED.artist_id,followers=EXCLUDED.followers,popularity=EXCLUDED.popularity,date=EXCLUDED.date, parameters: ('1N9JxmOPJqhMCw219uoEi8', 6154, 33, '2023-05-09')
[2023-05-09T15:58:08.844+0000] {sql.py:384} INFO - Rows affected: 1
[2023-05-09T15:58:08.851+0000] {base.py:73} INFO - Using connection ID '***' for task execution.
[2023-05-09T15:58:08.857+0000] {sql.py:375} INFO - Running statement: INSERT INTO artist_fact (artist_id,followers,popularity,date) VALUES (%s,%s,%s,%s) ON CONFLICT (artist_id,date) DO UPDATE SET artist_id=EXCLUDED.artist_id,followers=EXCLUDED.followers,popularity=EXCLUDED.popularity,date=EXCLUDED.date, parameters: ('5VfSeZYcDwD8WQVwbaoL6z', 5324, 29, '2023-05-09')
[2023-05-09T15:58:08.859+0000] {sql.py:384} INFO - Rows affected: 1
[2023-05-09T15:58:08.865+0000] {base.py:73} INFO - Using connection ID '***' for task execution.
[2023-05-09T15:58:08.871+0000] {sql.py:375} INFO - Running statement: INSERT INTO artist_fact (artist_id,followers,popularity,date) VALUES (%s,%s,%s,%s) ON CONFLICT (artist_id,date) DO UPDATE SET artist_id=EXCLUDED.artist_id,followers=EXCLUDED.followers,popularity=EXCLUDED.popularity,date=EXCLUDED.date, parameters: ('5JZPSVFMUk4HGDdx68lN77', 7213, 32, '2023-05-09')
[2023-05-09T15:58:08.874+0000] {sql.py:384} INFO - Rows affected: 1
[2023-05-09T15:58:08.880+0000] {base.py:73} INFO - Using connection ID '***' for task execution.
[2023-05-09T15:58:08.886+0000] {sql.py:375} INFO - Running statement: INSERT INTO artist_fact (artist_id,followers,popularity,date) VALUES (%s,%s,%s,%s) ON CONFLICT (artist_id,date) DO UPDATE SET artist_id=EXCLUDED.artist_id,followers=EXCLUDED.followers,popularity=EXCLUDED.popularity,date=EXCLUDED.date, parameters: ('6rEjEIfp3NSRteU3kJGSET', 10949, 42, '2023-05-09')
[2023-05-09T15:58:08.888+0000] {sql.py:384} INFO - Rows affected: 1
[2023-05-09T15:58:08.894+0000] {base.py:73} INFO - Using connection ID '***' for task execution.
[2023-05-09T15:58:08.901+0000] {sql.py:375} INFO - Running statement: INSERT INTO artist_fact (artist_id,followers,popularity,date) VALUES (%s,%s,%s,%s) ON CONFLICT (artist_id,date) DO UPDATE SET artist_id=EXCLUDED.artist_id,followers=EXCLUDED.followers,popularity=EXCLUDED.popularity,date=EXCLUDED.date, parameters: ('2IDLDx25HU1nQMKde4n61a', 2155829, 69, '2023-05-09')
[2023-05-09T15:58:08.902+0000] {sql.py:384} INFO - Rows affected: 1
[2023-05-09T15:58:08.908+0000] {base.py:73} INFO - Using connection ID '***' for task execution.
[2023-05-09T15:58:08.916+0000] {sql.py:375} INFO - Running statement: INSERT INTO artist_fact (artist_id,followers,popularity,date) VALUES (%s,%s,%s,%s) ON CONFLICT (artist_id,date) DO UPDATE SET artist_id=EXCLUDED.artist_id,followers=EXCLUDED.followers,popularity=EXCLUDED.popularity,date=EXCLUDED.date, parameters: ('1AhjOkOLkbHUfcHDSErXQs', 893241, 67, '2023-05-09')
[2023-05-09T15:58:08.918+0000] {sql.py:384} INFO - Rows affected: 1
[2023-05-09T15:58:08.919+0000] {python.py:183} INFO - Done. Returned value was: None
[2023-05-09T15:58:08.927+0000] {taskinstance.py:1373} INFO - Marking task as SUCCESS. dag_id=Summer_Warped_ETL, task_id=LoadData.LoadArtistFact, execution_date=20230508T160958, start_date=20230509T155802, end_date=20230509T155808
[2023-05-09T15:58:08.963+0000] {local_task_job_runner.py:232} INFO - Task exited with return code 0
[2023-05-09T15:58:08.976+0000] {taskinstance.py:2674} INFO - 0 downstream tasks scheduled from follow-on schedule check
