[2023-05-08T04:00:04.836+0000] {taskinstance.py:1125} INFO - Dependencies all met for dep_context=non-requeueable deps ti=<TaskInstance: Summer_Warped_ETL.GetArtistInfo manual__2023-05-08T03:59:59.847268+00:00 [queued]>
[2023-05-08T04:00:04.842+0000] {taskinstance.py:1125} INFO - Dependencies all met for dep_context=requeueable deps ti=<TaskInstance: Summer_Warped_ETL.GetArtistInfo manual__2023-05-08T03:59:59.847268+00:00 [queued]>
[2023-05-08T04:00:04.842+0000] {taskinstance.py:1331} INFO - Starting attempt 1 of 3
[2023-05-08T04:00:04.851+0000] {taskinstance.py:1350} INFO - Executing <Task(PythonOperator): GetArtistInfo> on 2023-05-08 03:59:59.847268+00:00
[2023-05-08T04:00:04.858+0000] {standard_task_runner.py:57} INFO - Started process 3252 to run task
[2023-05-08T04:00:04.870+0000] {standard_task_runner.py:84} INFO - Running: ['***', 'tasks', 'run', 'Summer_Warped_ETL', 'GetArtistInfo', 'manual__2023-05-08T03:59:59.847268+00:00', '--job-id', '2070', '--raw', '--subdir', 'DAGS_FOLDER/warped-dag.py', '--cfg-path', '/tmp/tmp36mlcn40']
[2023-05-08T04:00:04.871+0000] {standard_task_runner.py:85} INFO - Job 2070: Subtask GetArtistInfo
[2023-05-08T04:00:04.928+0000] {task_command.py:410} INFO - Running <TaskInstance: Summer_Warped_ETL.GetArtistInfo manual__2023-05-08T03:59:59.847268+00:00 [running]> on host a40687a10d43
[2023-05-08T04:00:05.019+0000] {taskinstance.py:1570} INFO - Exporting env vars: AIRFLOW_CTX_DAG_OWNER='Ananta Moharana' AIRFLOW_CTX_DAG_ID='Summer_Warped_ETL' AIRFLOW_CTX_TASK_ID='GetArtistInfo' AIRFLOW_CTX_EXECUTION_DATE='2023-05-08T03:59:59.847268+00:00' AIRFLOW_CTX_TRY_NUMBER='1' AIRFLOW_CTX_DAG_RUN_ID='manual__2023-05-08T03:59:59.847268+00:00'
[2023-05-08T04:00:05.188+0000] {logging_mixin.py:149} INFO - cloud rap
[2023-05-08T04:00:05.418+0000] {logging_mixin.py:149} INFO - cloud rap
[2023-05-08T04:00:05.608+0000] {logging_mixin.py:149} INFO - la pop
[2023-05-08T04:00:05.713+0000] {logging_mixin.py:149} INFO - indie hip hop
[2023-05-08T04:00:05.912+0000] {logging_mixin.py:149} INFO - cloud rap
[2023-05-08T04:00:06.102+0000] {logging_mixin.py:149} INFO - aesthetic rap
[2023-05-08T04:00:06.198+0000] {logging_mixin.py:149} INFO - emo rap
[2023-05-08T04:00:06.295+0000] {logging_mixin.py:149} INFO - canadian contemporary r&b
[2023-05-08T04:00:06.600+0000] {logging_mixin.py:149} INFO - deep underground hip hop
[2023-05-08T04:00:06.798+0000] {logging_mixin.py:149} INFO - cloud rap
[2023-05-08T04:00:06.904+0000] {logging_mixin.py:149} INFO - underground hip hop
[2023-05-08T04:00:07.092+0000] {logging_mixin.py:149} INFO - st louis rap
[2023-05-08T04:00:07.199+0000] {logging_mixin.py:149} INFO - cloud rap
[2023-05-08T04:00:07.390+0000] {logging_mixin.py:149} INFO - canadian contemporary r&b
[2023-05-08T04:00:07.566+0000] {logging_mixin.py:149} INFO - asian american hip hop
[2023-05-08T04:00:07.932+0000] {logging_mixin.py:149} INFO - nyc rap
[2023-05-08T04:00:08.131+0000] {logging_mixin.py:149} INFO - indie pop rap
[2023-05-08T04:00:08.222+0000] {logging_mixin.py:149} INFO - bedroom soul
[2023-05-08T04:00:08.320+0000] {logging_mixin.py:149} INFO - cloud rap
[2023-05-08T04:00:08.412+0000] {logging_mixin.py:149} INFO - glitchcore
[2023-05-08T04:00:08.506+0000] {logging_mixin.py:149} INFO - glitchcore
[2023-05-08T04:00:08.599+0000] {logging_mixin.py:149} INFO - hyperpop
[2023-05-08T04:00:08.700+0000] {logging_mixin.py:149} INFO - glitchcore
[2023-05-08T04:00:08.813+0000] {logging_mixin.py:149} INFO - cali rap
[2023-05-08T04:00:08.908+0000] {logging_mixin.py:149} INFO - sad rap
[2023-05-08T04:00:09.106+0000] {logging_mixin.py:149} INFO - emo rap
[2023-05-08T04:00:09.197+0000] {logging_mixin.py:149} INFO - indonesian hip hop
[2023-05-08T04:00:09.394+0000] {logging_mixin.py:149} INFO - pop edm
[2023-05-08T04:00:09.501+0000] {logging_mixin.py:149} INFO - upstate ny rap
[2023-05-08T04:00:09.598+0000] {logging_mixin.py:149} INFO - hyperpop
[2023-05-08T04:00:09.905+0000] {logging_mixin.py:149} INFO - cloud rap
[2023-05-08T04:00:10.109+0000] {logging_mixin.py:149} INFO - emoplugg
[2023-05-08T04:00:10.211+0000] {logging_mixin.py:149} INFO - emo rap
[2023-05-08T04:00:10.299+0000] {logging_mixin.py:149} INFO - hyperpop
[2023-05-08T04:00:10.401+0000] {logging_mixin.py:149} INFO - pittsburgh rap
[2023-05-08T04:00:10.491+0000] {logging_mixin.py:149} INFO - alt z
[2023-05-08T04:00:10.597+0000] {logging_mixin.py:149} INFO - canadian hip hop
[2023-05-08T04:00:10.680+0000] {logging_mixin.py:149} INFO - canadian hip hop
[2023-05-08T04:00:10.866+0000] {logging_mixin.py:149} INFO - aesthetic rap
[2023-05-08T04:00:10.964+0000] {logging_mixin.py:149} INFO - cloud rap
[2023-05-08T04:00:11.062+0000] {logging_mixin.py:149} INFO - cloud rap
[2023-05-08T04:00:11.434+0000] {logging_mixin.py:149} INFO - alt z
[2023-05-08T04:00:11.754+0000] {logging_mixin.py:149} INFO - emo rap
[2023-05-08T04:00:11.848+0000] {logging_mixin.py:149} INFO - atl hip hop
[2023-05-08T04:00:12.248+0000] {logging_mixin.py:149} INFO - hyperpop
[2023-05-08T04:00:12.451+0000] {logging_mixin.py:149} INFO - meme rap
[2023-05-08T04:00:12.529+0000] {logging_mixin.py:149} INFO - indie pop rap
[2023-05-08T04:00:12.659+0000] {logging_mixin.py:149} INFO - emo rap
[2023-05-08T04:00:12.748+0000] {logging_mixin.py:149} INFO - melodic rap
[2023-05-08T04:00:12.868+0000] {logging_mixin.py:149} INFO - future bass
[2023-05-08T04:00:13.274+0000] {logging_mixin.py:149} INFO - emo rap
[2023-05-08T04:00:13.372+0000] {logging_mixin.py:149} INFO - glitchcore
[2023-05-08T04:00:13.859+0000] {logging_mixin.py:149} INFO - sad rap
[2023-05-08T04:00:13.987+0000] {logging_mixin.py:149} INFO - emo rap
[2023-05-08T04:00:14.280+0000] {logging_mixin.py:149} INFO - vapor trap
[2023-05-08T04:00:14.373+0000] {logging_mixin.py:149} INFO - hyperpop
[2023-05-08T04:00:14.573+0000] {logging_mixin.py:149} INFO - lo-fi rap
[2023-05-08T04:00:14.776+0000] {logging_mixin.py:149} INFO - sad rap
[2023-05-08T04:00:14.890+0000] {python.py:183} INFO - Done. Returned value was: None
[2023-05-08T04:00:14.906+0000] {taskinstance.py:1373} INFO - Marking task as SUCCESS. dag_id=Summer_Warped_ETL, task_id=GetArtistInfo, execution_date=20230508T035959, start_date=20230508T040004, end_date=20230508T040014
[2023-05-08T04:00:14.933+0000] {local_task_job_runner.py:232} INFO - Task exited with return code 0
[2023-05-08T04:00:14.957+0000] {taskinstance.py:2674} INFO - 0 downstream tasks scheduled from follow-on schedule check
