[2023-05-08T03:56:14.380+0000] {taskinstance.py:1125} INFO - Dependencies all met for dep_context=non-requeueable deps ti=<TaskInstance: Summer_Warped_ETL.GetArtistInfo manual__2023-05-08T03:46:46.854496+00:00 [queued]>
[2023-05-08T03:56:14.394+0000] {taskinstance.py:1125} INFO - Dependencies all met for dep_context=requeueable deps ti=<TaskInstance: Summer_Warped_ETL.GetArtistInfo manual__2023-05-08T03:46:46.854496+00:00 [queued]>
[2023-05-08T03:56:14.394+0000] {taskinstance.py:1331} INFO - Starting attempt 2 of 4
[2023-05-08T03:56:14.408+0000] {taskinstance.py:1350} INFO - Executing <Task(PythonOperator): GetArtistInfo> on 2023-05-08 03:46:46.854496+00:00
[2023-05-08T03:56:14.413+0000] {standard_task_runner.py:57} INFO - Started process 2932 to run task
[2023-05-08T03:56:14.434+0000] {standard_task_runner.py:84} INFO - Running: ['***', 'tasks', 'run', 'Summer_Warped_ETL', 'GetArtistInfo', 'manual__2023-05-08T03:46:46.854496+00:00', '--job-id', '1997', '--raw', '--subdir', 'DAGS_FOLDER/warped-dag.py', '--cfg-path', '/tmp/tmpnk60b_id']
[2023-05-08T03:56:14.436+0000] {standard_task_runner.py:85} INFO - Job 1997: Subtask GetArtistInfo
[2023-05-08T03:56:14.542+0000] {task_command.py:410} INFO - Running <TaskInstance: Summer_Warped_ETL.GetArtistInfo manual__2023-05-08T03:46:46.854496+00:00 [running]> on host a40687a10d43
[2023-05-08T03:56:14.680+0000] {taskinstance.py:1570} INFO - Exporting env vars: AIRFLOW_CTX_DAG_OWNER='Ananta Moharana' AIRFLOW_CTX_DAG_ID='Summer_Warped_ETL' AIRFLOW_CTX_TASK_ID='GetArtistInfo' AIRFLOW_CTX_EXECUTION_DATE='2023-05-08T03:46:46.854496+00:00' AIRFLOW_CTX_TRY_NUMBER='2' AIRFLOW_CTX_DAG_RUN_ID='manual__2023-05-08T03:46:46.854496+00:00'
[2023-05-08T03:56:14.857+0000] {logging_mixin.py:149} INFO - cloud rap
[2023-05-08T03:56:15.056+0000] {logging_mixin.py:149} INFO - cloud rap
[2023-05-08T03:56:15.271+0000] {logging_mixin.py:149} INFO - la pop
[2023-05-08T03:56:15.361+0000] {logging_mixin.py:149} INFO - indie hip hop
[2023-05-08T03:56:15.542+0000] {logging_mixin.py:149} INFO - cloud rap
[2023-05-08T03:56:15.751+0000] {logging_mixin.py:149} INFO - aesthetic rap
[2023-05-08T03:56:15.842+0000] {logging_mixin.py:149} INFO - emo rap
[2023-05-08T03:56:15.937+0000] {logging_mixin.py:149} INFO - canadian contemporary r&b
[2023-05-08T03:56:16.095+0000] {logging_mixin.py:149} INFO - deep underground hip hop
[2023-05-08T03:56:16.292+0000] {logging_mixin.py:149} INFO - cloud rap
[2023-05-08T03:56:16.393+0000] {logging_mixin.py:149} INFO - underground hip hop
[2023-05-08T03:56:16.573+0000] {logging_mixin.py:149} INFO - st louis rap
[2023-05-08T03:56:16.670+0000] {logging_mixin.py:149} INFO - cloud rap
[2023-05-08T03:56:17.173+0000] {logging_mixin.py:149} INFO - canadian contemporary r&b
[2023-05-08T03:56:17.390+0000] {logging_mixin.py:149} INFO - asian american hip hop
[2023-05-08T03:56:17.578+0000] {logging_mixin.py:149} INFO - nyc rap
[2023-05-08T03:56:17.818+0000] {logging_mixin.py:149} INFO - indie pop rap
[2023-05-08T03:56:17.914+0000] {logging_mixin.py:149} INFO - bedroom soul
[2023-05-08T03:56:18.014+0000] {logging_mixin.py:149} INFO - cloud rap
[2023-05-08T03:56:18.097+0000] {logging_mixin.py:149} INFO - glitchcore
[2023-05-08T03:56:18.201+0000] {logging_mixin.py:149} INFO - glitchcore
[2023-05-08T03:56:18.307+0000] {logging_mixin.py:149} INFO - hyperpop
[2023-05-08T03:56:18.403+0000] {logging_mixin.py:149} INFO - glitchcore
[2023-05-08T03:56:18.503+0000] {logging_mixin.py:149} INFO - cali rap
[2023-05-08T03:56:18.597+0000] {logging_mixin.py:149} INFO - sad rap
[2023-05-08T03:56:18.798+0000] {logging_mixin.py:149} INFO - emo rap
[2023-05-08T03:56:18.912+0000] {logging_mixin.py:149} INFO - indonesian hip hop
[2023-05-08T03:56:19.152+0000] {logging_mixin.py:149} INFO - pop edm
[2023-05-08T03:56:19.247+0000] {logging_mixin.py:149} INFO - upstate ny rap
[2023-05-08T03:56:19.345+0000] {logging_mixin.py:149} INFO - hyperpop
[2023-05-08T03:56:19.626+0000] {logging_mixin.py:149} INFO - cloud rap
[2023-05-08T03:56:19.818+0000] {logging_mixin.py:149} INFO - emoplugg
[2023-05-08T03:56:19.922+0000] {logging_mixin.py:149} INFO - emo rap
[2023-05-08T03:56:20.024+0000] {logging_mixin.py:149} INFO - hyperpop
[2023-05-08T03:56:20.132+0000] {logging_mixin.py:149} INFO - pittsburgh rap
[2023-05-08T03:56:20.225+0000] {logging_mixin.py:149} INFO - alt z
[2023-05-08T03:56:20.324+0000] {logging_mixin.py:149} INFO - canadian hip hop
[2023-05-08T03:56:20.421+0000] {logging_mixin.py:149} INFO - canadian hip hop
[2023-05-08T03:56:20.752+0000] {logging_mixin.py:149} INFO - aesthetic rap
[2023-05-08T03:56:20.831+0000] {logging_mixin.py:149} INFO - cloud rap
[2023-05-08T03:56:20.928+0000] {logging_mixin.py:149} INFO - cloud rap
[2023-05-08T03:56:21.235+0000] {logging_mixin.py:149} INFO - alt z
[2023-05-08T03:56:21.504+0000] {logging_mixin.py:149} INFO - emo rap
[2023-05-08T03:56:21.595+0000] {logging_mixin.py:149} INFO - atl hip hop
[2023-05-08T03:56:21.800+0000] {logging_mixin.py:149} INFO - hyperpop
[2023-05-08T03:56:21.992+0000] {logging_mixin.py:149} INFO - meme rap
[2023-05-08T03:56:22.082+0000] {logging_mixin.py:149} INFO - indie pop rap
[2023-05-08T03:56:22.175+0000] {logging_mixin.py:149} INFO - emo rap
[2023-05-08T03:56:22.268+0000] {logging_mixin.py:149} INFO - melodic rap
[2023-05-08T03:56:22.358+0000] {logging_mixin.py:149} INFO - future bass
[2023-05-08T03:56:22.457+0000] {logging_mixin.py:149} INFO - emo rap
[2023-05-08T03:56:22.565+0000] {logging_mixin.py:149} INFO - glitchcore
[2023-05-08T03:56:23.060+0000] {logging_mixin.py:149} INFO - sad rap
[2023-05-08T03:56:23.171+0000] {logging_mixin.py:149} INFO - emo rap
[2023-05-08T03:56:23.494+0000] {logging_mixin.py:149} INFO - vapor trap
[2023-05-08T03:56:23.592+0000] {logging_mixin.py:149} INFO - hyperpop
[2023-05-08T03:56:23.764+0000] {logging_mixin.py:149} INFO - lo-fi rap
[2023-05-08T03:56:23.953+0000] {logging_mixin.py:149} INFO - sad rap
[2023-05-08T03:56:24.065+0000] {python.py:183} INFO - Done. Returned value was: None
[2023-05-08T03:56:24.072+0000] {taskinstance.py:1373} INFO - Marking task as SUCCESS. dag_id=Summer_Warped_ETL, task_id=GetArtistInfo, execution_date=20230508T034646, start_date=20230508T035614, end_date=20230508T035624
[2023-05-08T03:56:24.114+0000] {local_task_job_runner.py:232} INFO - Task exited with return code 0
[2023-05-08T03:56:24.132+0000] {taskinstance.py:2674} INFO - 0 downstream tasks scheduled from follow-on schedule check
