[2023-05-08T16:02:40.636+0000] {taskinstance.py:1125} INFO - Dependencies all met for dep_context=non-requeueable deps ti=<TaskInstance: Summer_Warped_ETL.GetArtistInfo manual__2023-05-08T15:48:40.629167+00:00 [queued]>
[2023-05-08T16:02:40.642+0000] {taskinstance.py:1125} INFO - Dependencies all met for dep_context=requeueable deps ti=<TaskInstance: Summer_Warped_ETL.GetArtistInfo manual__2023-05-08T15:48:40.629167+00:00 [queued]>
[2023-05-08T16:02:40.642+0000] {taskinstance.py:1331} INFO - Starting attempt 2 of 4
[2023-05-08T16:02:40.650+0000] {taskinstance.py:1350} INFO - Executing <Task(PythonOperator): GetArtistInfo> on 2023-05-08 15:48:40.629167+00:00
[2023-05-08T16:02:40.654+0000] {standard_task_runner.py:57} INFO - Started process 472 to run task
[2023-05-08T16:02:40.659+0000] {standard_task_runner.py:84} INFO - Running: ['***', 'tasks', 'run', 'Summer_Warped_ETL', 'GetArtistInfo', 'manual__2023-05-08T15:48:40.629167+00:00', '--job-id', '2396', '--raw', '--subdir', 'DAGS_FOLDER/warped-dag.py', '--cfg-path', '/tmp/tmpnpi82bw2']
[2023-05-08T16:02:40.660+0000] {standard_task_runner.py:85} INFO - Job 2396: Subtask GetArtistInfo
[2023-05-08T16:02:40.733+0000] {task_command.py:410} INFO - Running <TaskInstance: Summer_Warped_ETL.GetArtistInfo manual__2023-05-08T15:48:40.629167+00:00 [running]> on host 7b4753e133cb
[2023-05-08T16:02:40.844+0000] {taskinstance.py:1570} INFO - Exporting env vars: AIRFLOW_CTX_DAG_OWNER='Ananta Moharana' AIRFLOW_CTX_DAG_ID='Summer_Warped_ETL' AIRFLOW_CTX_TASK_ID='GetArtistInfo' AIRFLOW_CTX_EXECUTION_DATE='2023-05-08T15:48:40.629167+00:00' AIRFLOW_CTX_TRY_NUMBER='2' AIRFLOW_CTX_DAG_RUN_ID='manual__2023-05-08T15:48:40.629167+00:00'
[2023-05-08T16:02:41.092+0000] {logging_mixin.py:149} INFO - emo rap
[2023-05-08T16:02:41.195+0000] {logging_mixin.py:149} INFO - cloud rap
[2023-05-08T16:02:41.419+0000] {logging_mixin.py:149} INFO - hyperpop
[2023-05-08T16:02:41.534+0000] {logging_mixin.py:149} INFO - nyc rap
[2023-05-08T16:02:42.070+0000] {logging_mixin.py:149} INFO - upstate ny rap
[2023-05-08T16:02:42.169+0000] {logging_mixin.py:149} INFO - emo rap
[2023-05-08T16:02:42.272+0000] {logging_mixin.py:149} INFO - emo rap
[2023-05-08T16:02:42.373+0000] {logging_mixin.py:149} INFO - hyperpop
[2023-05-08T16:02:42.599+0000] {logging_mixin.py:149} INFO - glitchcore
[2023-05-08T16:02:42.822+0000] {logging_mixin.py:149} INFO - aesthetic rap
[2023-05-08T16:02:42.924+0000] {logging_mixin.py:149} INFO - glitchcore
[2023-05-08T16:02:43.144+0000] {logging_mixin.py:149} INFO - indie pop rap
[2023-05-08T16:02:43.433+0000] {logging_mixin.py:149} INFO - canadian hip hop
[2023-05-08T16:02:43.638+0000] {logging_mixin.py:149} INFO - glitchcore
[2023-05-08T16:02:43.725+0000] {logging_mixin.py:149} INFO - underground hip hop
[2023-05-08T16:02:43.822+0000] {logging_mixin.py:149} INFO - glitchcore
[2023-05-08T16:02:43.922+0000] {logging_mixin.py:149} INFO - asian american hip hop
[2023-05-08T16:02:44.043+0000] {logging_mixin.py:149} INFO - canadian hip hop
[2023-05-08T16:02:44.527+0000] {logging_mixin.py:149} INFO - emo rap
[2023-05-08T16:02:44.637+0000] {logging_mixin.py:149} INFO - sad rap
[2023-05-08T16:02:44.793+0000] {logging_mixin.py:149} INFO - meme rap
[2023-05-08T16:02:44.892+0000] {logging_mixin.py:149} INFO - cloud rap
[2023-05-08T16:02:44.999+0000] {logging_mixin.py:149} INFO - emoplugg
[2023-05-08T16:02:45.118+0000] {logging_mixin.py:149} INFO - alt z
[2023-05-08T16:02:45.412+0000] {logging_mixin.py:149} INFO - cloud rap
[2023-05-08T16:02:45.614+0000] {logging_mixin.py:149} INFO - emo rap
[2023-05-08T16:02:45.800+0000] {logging_mixin.py:149} INFO - canadian contemporary r&b
[2023-05-08T16:02:45.913+0000] {logging_mixin.py:149} INFO - bedroom soul
[2023-05-08T16:02:46.009+0000] {logging_mixin.py:149} INFO - la pop
[2023-05-08T16:02:46.286+0000] {logging_mixin.py:149} INFO - indie pop rap
[2023-05-08T16:02:46.401+0000] {logging_mixin.py:149} INFO - lo-fi rap
[2023-05-08T16:02:46.610+0000] {logging_mixin.py:149} INFO - pop edm
[2023-05-08T16:02:46.727+0000] {logging_mixin.py:149} INFO - indie hip hop
[2023-05-08T16:02:47.032+0000] {logging_mixin.py:149} INFO - emo rap
[2023-05-08T16:02:47.326+0000] {logging_mixin.py:149} INFO - cali rap
[2023-05-08T16:02:47.432+0000] {logging_mixin.py:149} INFO - hyperpop
[2023-05-08T16:02:47.529+0000] {logging_mixin.py:149} INFO - hyperpop
[2023-05-08T16:02:47.611+0000] {logging_mixin.py:149} INFO - pittsburgh rap
[2023-05-08T16:02:47.722+0000] {logging_mixin.py:149} INFO - cloud rap
[2023-05-08T16:02:48.024+0000] {logging_mixin.py:149} INFO - cloud rap
[2023-05-08T16:02:48.128+0000] {logging_mixin.py:149} INFO - alt z
[2023-05-08T16:02:48.332+0000] {logging_mixin.py:149} INFO - cloud rap
[2023-05-08T16:02:48.432+0000] {logging_mixin.py:149} INFO - future bass
[2023-05-08T16:02:48.531+0000] {logging_mixin.py:149} INFO - cloud rap
[2023-05-08T16:02:48.653+0000] {logging_mixin.py:149} INFO - cloud rap
[2023-05-08T16:02:49.021+0000] {logging_mixin.py:149} INFO - st louis rap
[2023-05-08T16:02:49.116+0000] {logging_mixin.py:149} INFO - melodic rap
[2023-05-08T16:02:49.229+0000] {logging_mixin.py:149} INFO - emo rap
[2023-05-08T16:02:49.338+0000] {logging_mixin.py:149} INFO - canadian contemporary r&b
[2023-05-08T16:02:49.462+0000] {logging_mixin.py:149} INFO - sad rap
[2023-05-08T16:02:49.558+0000] {logging_mixin.py:149} INFO - hyperpop
[2023-05-08T16:02:49.665+0000] {logging_mixin.py:149} INFO - aesthetic rap
[2023-05-08T16:02:49.829+0000] {logging_mixin.py:149} INFO - sad rap
[2023-05-08T16:02:49.931+0000] {logging_mixin.py:149} INFO - indonesian hip hop
[2023-05-08T16:02:50.035+0000] {logging_mixin.py:149} INFO - vapor trap
[2023-05-08T16:02:50.129+0000] {logging_mixin.py:149} INFO - indie pop rap
[2023-05-08T16:02:50.230+0000] {logging_mixin.py:149} INFO - cloud rap
[2023-05-08T16:02:50.427+0000] {logging_mixin.py:149} INFO - atl hip hop
[2023-05-08T16:02:50.441+0000] {python.py:183} INFO - Done. Returned value was: None
[2023-05-08T16:02:50.450+0000] {taskinstance.py:1373} INFO - Marking task as SUCCESS. dag_id=Summer_Warped_ETL, task_id=GetArtistInfo, execution_date=20230508T154840, start_date=20230508T160240, end_date=20230508T160250
[2023-05-08T16:02:50.492+0000] {local_task_job_runner.py:232} INFO - Task exited with return code 0
[2023-05-08T16:02:50.512+0000] {taskinstance.py:2674} INFO - 0 downstream tasks scheduled from follow-on schedule check
