[2023-05-07T22:45:26.211+0000] {taskinstance.py:1125} INFO - Dependencies all met for dep_context=non-requeueable deps ti=<TaskInstance: Summer_Warped_ETL.GetSongsFromPlaylist manual__2023-05-07T22:45:22.648490+00:00 [queued]>
[2023-05-07T22:45:26.216+0000] {taskinstance.py:1125} INFO - Dependencies all met for dep_context=requeueable deps ti=<TaskInstance: Summer_Warped_ETL.GetSongsFromPlaylist manual__2023-05-07T22:45:22.648490+00:00 [queued]>
[2023-05-07T22:45:26.217+0000] {taskinstance.py:1331} INFO - Starting attempt 1 of 3
[2023-05-07T22:45:26.224+0000] {taskinstance.py:1350} INFO - Executing <Task(PythonOperator): GetSongsFromPlaylist> on 2023-05-07 22:45:22.648490+00:00
[2023-05-07T22:45:26.230+0000] {standard_task_runner.py:57} INFO - Started process 2742 to run task
[2023-05-07T22:45:26.234+0000] {standard_task_runner.py:84} INFO - Running: ['***', 'tasks', 'run', 'Summer_Warped_ETL', 'GetSongsFromPlaylist', 'manual__2023-05-07T22:45:22.648490+00:00', '--job-id', '1333', '--raw', '--subdir', 'DAGS_FOLDER/warped-dag.py', '--cfg-path', '/tmp/tmpq3pq_mbs']
[2023-05-07T22:45:26.234+0000] {standard_task_runner.py:85} INFO - Job 1333: Subtask GetSongsFromPlaylist
[2023-05-07T22:45:26.270+0000] {task_command.py:410} INFO - Running <TaskInstance: Summer_Warped_ETL.GetSongsFromPlaylist manual__2023-05-07T22:45:22.648490+00:00 [running]> on host 31774baccecb
[2023-05-07T22:45:26.326+0000] {taskinstance.py:1570} INFO - Exporting env vars: AIRFLOW_CTX_DAG_OWNER='Ananta Moharana' AIRFLOW_CTX_DAG_ID='Summer_Warped_ETL' AIRFLOW_CTX_TASK_ID='GetSongsFromPlaylist' AIRFLOW_CTX_EXECUTION_DATE='2023-05-07T22:45:22.648490+00:00' AIRFLOW_CTX_TRY_NUMBER='1' AIRFLOW_CTX_DAG_RUN_ID='manual__2023-05-07T22:45:22.648490+00:00'
[2023-05-07T22:45:27.183+0000] {logging_mixin.py:149} INFO - 100
[2023-05-07T22:45:27.184+0000] {logging_mixin.py:149} INFO - 0
[2023-05-07T22:45:27.187+0000] {logging_mixin.py:149} INFO - 1
[2023-05-07T22:45:27.190+0000] {logging_mixin.py:149} INFO - 2
[2023-05-07T22:45:27.192+0000] {logging_mixin.py:149} INFO - 3
[2023-05-07T22:45:27.194+0000] {logging_mixin.py:149} INFO - 4
[2023-05-07T22:45:27.196+0000] {logging_mixin.py:149} INFO - 5
[2023-05-07T22:45:27.197+0000] {logging_mixin.py:149} INFO - 6
[2023-05-07T22:45:27.199+0000] {logging_mixin.py:149} INFO - 7
[2023-05-07T22:45:27.201+0000] {logging_mixin.py:149} INFO - 8
[2023-05-07T22:45:27.202+0000] {logging_mixin.py:149} INFO - 9
[2023-05-07T22:45:27.203+0000] {logging_mixin.py:149} INFO - 10
[2023-05-07T22:45:27.205+0000] {logging_mixin.py:149} INFO - 11
[2023-05-07T22:45:27.207+0000] {logging_mixin.py:149} INFO - 12
[2023-05-07T22:45:27.208+0000] {logging_mixin.py:149} INFO - 13
[2023-05-07T22:45:27.210+0000] {logging_mixin.py:149} INFO - 14
[2023-05-07T22:45:27.211+0000] {logging_mixin.py:149} INFO - 15
[2023-05-07T22:45:27.212+0000] {logging_mixin.py:149} INFO - 16
[2023-05-07T22:45:27.213+0000] {logging_mixin.py:149} INFO - 17
[2023-05-07T22:45:27.216+0000] {logging_mixin.py:149} INFO - 18
[2023-05-07T22:45:27.217+0000] {logging_mixin.py:149} INFO - 19
[2023-05-07T22:45:27.220+0000] {logging_mixin.py:149} INFO - 20
[2023-05-07T22:45:27.221+0000] {logging_mixin.py:149} INFO - 21
[2023-05-07T22:45:27.223+0000] {logging_mixin.py:149} INFO - 22
[2023-05-07T22:45:27.224+0000] {logging_mixin.py:149} INFO - 23
[2023-05-07T22:45:27.226+0000] {logging_mixin.py:149} INFO - 24
[2023-05-07T22:45:27.228+0000] {logging_mixin.py:149} INFO - 25
[2023-05-07T22:45:27.230+0000] {logging_mixin.py:149} INFO - 26
[2023-05-07T22:45:27.231+0000] {logging_mixin.py:149} INFO - 27
[2023-05-07T22:45:27.234+0000] {logging_mixin.py:149} INFO - 28
[2023-05-07T22:45:27.236+0000] {logging_mixin.py:149} INFO - 29
[2023-05-07T22:45:27.237+0000] {logging_mixin.py:149} INFO - 30
[2023-05-07T22:45:27.238+0000] {logging_mixin.py:149} INFO - 31
[2023-05-07T22:45:27.240+0000] {logging_mixin.py:149} INFO - 32
[2023-05-07T22:45:27.241+0000] {logging_mixin.py:149} INFO - 33
[2023-05-07T22:45:27.242+0000] {logging_mixin.py:149} INFO - 34
[2023-05-07T22:45:27.244+0000] {logging_mixin.py:149} INFO - 35
[2023-05-07T22:45:27.246+0000] {logging_mixin.py:149} INFO - 36
[2023-05-07T22:45:27.248+0000] {logging_mixin.py:149} INFO - 37
[2023-05-07T22:45:27.250+0000] {logging_mixin.py:149} INFO - 38
[2023-05-07T22:45:27.251+0000] {logging_mixin.py:149} INFO - 39
[2023-05-07T22:45:27.253+0000] {logging_mixin.py:149} INFO - 40
[2023-05-07T22:45:27.255+0000] {logging_mixin.py:149} INFO - 41
[2023-05-07T22:45:27.257+0000] {logging_mixin.py:149} INFO - 42
[2023-05-07T22:45:27.259+0000] {logging_mixin.py:149} INFO - 43
[2023-05-07T22:45:27.260+0000] {logging_mixin.py:149} INFO - 44
[2023-05-07T22:45:27.262+0000] {logging_mixin.py:149} INFO - 45
[2023-05-07T22:45:27.263+0000] {logging_mixin.py:149} INFO - 46
[2023-05-07T22:45:27.265+0000] {logging_mixin.py:149} INFO - 47
[2023-05-07T22:45:27.267+0000] {logging_mixin.py:149} INFO - 48
[2023-05-07T22:45:27.268+0000] {logging_mixin.py:149} INFO - 49
[2023-05-07T22:45:27.269+0000] {logging_mixin.py:149} INFO - 50
[2023-05-07T22:45:27.271+0000] {logging_mixin.py:149} INFO - 51
[2023-05-07T22:45:27.272+0000] {logging_mixin.py:149} INFO - 52
[2023-05-07T22:45:27.273+0000] {logging_mixin.py:149} INFO - 53
[2023-05-07T22:45:27.275+0000] {logging_mixin.py:149} INFO - 54
[2023-05-07T22:45:27.276+0000] {logging_mixin.py:149} INFO - 55
[2023-05-07T22:45:27.280+0000] {logging_mixin.py:149} INFO - 56
[2023-05-07T22:45:27.282+0000] {logging_mixin.py:149} INFO - 57
[2023-05-07T22:45:27.284+0000] {logging_mixin.py:149} INFO - 58
[2023-05-07T22:45:27.286+0000] {logging_mixin.py:149} INFO - 59
[2023-05-07T22:45:27.287+0000] {logging_mixin.py:149} INFO - 60
[2023-05-07T22:45:27.289+0000] {logging_mixin.py:149} INFO - 61
[2023-05-07T22:45:27.290+0000] {logging_mixin.py:149} INFO - 62
[2023-05-07T22:45:27.291+0000] {logging_mixin.py:149} INFO - 63
[2023-05-07T22:45:27.292+0000] {logging_mixin.py:149} INFO - 64
[2023-05-07T22:45:27.294+0000] {logging_mixin.py:149} INFO - 65
[2023-05-07T22:45:27.295+0000] {logging_mixin.py:149} INFO - 66
[2023-05-07T22:45:27.297+0000] {logging_mixin.py:149} INFO - 67
[2023-05-07T22:45:27.298+0000] {logging_mixin.py:149} INFO - 68
[2023-05-07T22:45:27.299+0000] {logging_mixin.py:149} INFO - 69
[2023-05-07T22:45:27.301+0000] {logging_mixin.py:149} INFO - 70
[2023-05-07T22:45:27.304+0000] {logging_mixin.py:149} INFO - 71
[2023-05-07T22:45:27.305+0000] {logging_mixin.py:149} INFO - 72
[2023-05-07T22:45:27.308+0000] {logging_mixin.py:149} INFO - 73
[2023-05-07T22:45:27.309+0000] {logging_mixin.py:149} INFO - 74
[2023-05-07T22:45:27.310+0000] {logging_mixin.py:149} INFO - 75
[2023-05-07T22:45:27.312+0000] {logging_mixin.py:149} INFO - 76
[2023-05-07T22:45:27.313+0000] {logging_mixin.py:149} INFO - 77
[2023-05-07T22:45:27.316+0000] {logging_mixin.py:149} INFO - 78
[2023-05-07T22:45:27.317+0000] {logging_mixin.py:149} INFO - 79
[2023-05-07T22:45:27.319+0000] {logging_mixin.py:149} INFO - 80
[2023-05-07T22:45:27.321+0000] {logging_mixin.py:149} INFO - 81
[2023-05-07T22:45:27.323+0000] {logging_mixin.py:149} INFO - 82
[2023-05-07T22:45:27.325+0000] {logging_mixin.py:149} INFO - 83
[2023-05-07T22:45:27.327+0000] {logging_mixin.py:149} INFO - 84
[2023-05-07T22:45:27.329+0000] {logging_mixin.py:149} INFO - 85
[2023-05-07T22:45:27.331+0000] {logging_mixin.py:149} INFO - 86
[2023-05-07T22:45:27.332+0000] {logging_mixin.py:149} INFO - 87
[2023-05-07T22:45:27.333+0000] {logging_mixin.py:149} INFO - 88
[2023-05-07T22:45:27.334+0000] {logging_mixin.py:149} INFO - 89
[2023-05-07T22:45:27.337+0000] {logging_mixin.py:149} INFO - 90
[2023-05-07T22:45:27.338+0000] {logging_mixin.py:149} INFO - 91
[2023-05-07T22:45:27.340+0000] {logging_mixin.py:149} INFO - 92
[2023-05-07T22:45:27.342+0000] {logging_mixin.py:149} INFO - 93
[2023-05-07T22:45:27.344+0000] {logging_mixin.py:149} INFO - 94
[2023-05-07T22:45:27.347+0000] {logging_mixin.py:149} INFO - 95
[2023-05-07T22:45:27.349+0000] {logging_mixin.py:149} INFO - 96
[2023-05-07T22:45:27.350+0000] {logging_mixin.py:149} INFO - 97
[2023-05-07T22:45:27.351+0000] {logging_mixin.py:149} INFO - 98
[2023-05-07T22:45:27.352+0000] {logging_mixin.py:149} INFO - 99
[2023-05-07T22:45:27.377+0000] {python.py:183} INFO - Done. Returned value was: None
[2023-05-07T22:45:27.388+0000] {taskinstance.py:1373} INFO - Marking task as SUCCESS. dag_id=Summer_Warped_ETL, task_id=GetSongsFromPlaylist, execution_date=20230507T224522, start_date=20230507T224526, end_date=20230507T224527
[2023-05-07T22:45:27.453+0000] {local_task_job_runner.py:232} INFO - Task exited with return code 0
[2023-05-07T22:45:27.478+0000] {taskinstance.py:2674} INFO - 2 downstream tasks scheduled from follow-on schedule check
