[2023-05-07T00:28:00.261+0000] {taskinstance.py:1125} INFO - Dependencies all met for dep_context=non-requeueable deps ti=<TaskInstance: Summer_Warped_ETL.GetSongsFromPlaylist manual__2023-05-07T00:24:55.029132+00:00 [queued]>
[2023-05-07T00:28:00.267+0000] {taskinstance.py:1125} INFO - Dependencies all met for dep_context=requeueable deps ti=<TaskInstance: Summer_Warped_ETL.GetSongsFromPlaylist manual__2023-05-07T00:24:55.029132+00:00 [queued]>
[2023-05-07T00:28:00.267+0000] {taskinstance.py:1331} INFO - Starting attempt 2 of 4
[2023-05-07T00:28:00.276+0000] {taskinstance.py:1350} INFO - Executing <Task(PythonOperator): GetSongsFromPlaylist> on 2023-05-07 00:24:55.029132+00:00
[2023-05-07T00:28:00.280+0000] {standard_task_runner.py:57} INFO - Started process 547 to run task
[2023-05-07T00:28:00.284+0000] {standard_task_runner.py:84} INFO - Running: ['***', 'tasks', 'run', 'Summer_Warped_ETL', 'GetSongsFromPlaylist', 'manual__2023-05-07T00:24:55.029132+00:00', '--job-id', '769', '--raw', '--subdir', 'DAGS_FOLDER/warped-dag.py', '--cfg-path', '/tmp/tmpmpu6aybk']
[2023-05-07T00:28:00.285+0000] {standard_task_runner.py:85} INFO - Job 769: Subtask GetSongsFromPlaylist
[2023-05-07T00:28:00.322+0000] {task_command.py:410} INFO - Running <TaskInstance: Summer_Warped_ETL.GetSongsFromPlaylist manual__2023-05-07T00:24:55.029132+00:00 [running]> on host 61437508c2dd
[2023-05-07T00:28:00.377+0000] {taskinstance.py:1570} INFO - Exporting env vars: AIRFLOW_CTX_DAG_OWNER='Ananta Moharana' AIRFLOW_CTX_DAG_ID='Summer_Warped_ETL' AIRFLOW_CTX_TASK_ID='GetSongsFromPlaylist' AIRFLOW_CTX_EXECUTION_DATE='2023-05-07T00:24:55.029132+00:00' AIRFLOW_CTX_TRY_NUMBER='2' AIRFLOW_CTX_DAG_RUN_ID='manual__2023-05-07T00:24:55.029132+00:00'
[2023-05-07T00:28:00.836+0000] {logging_mixin.py:149} INFO - 100
[2023-05-07T00:28:00.837+0000] {logging_mixin.py:149} INFO - 0
[2023-05-07T00:28:00.840+0000] {logging_mixin.py:149} INFO - 1
[2023-05-07T00:28:00.842+0000] {logging_mixin.py:149} INFO - 2
[2023-05-07T00:28:00.843+0000] {logging_mixin.py:149} INFO - 3
[2023-05-07T00:28:00.844+0000] {logging_mixin.py:149} INFO - 4
[2023-05-07T00:28:00.846+0000] {logging_mixin.py:149} INFO - 5
[2023-05-07T00:28:00.847+0000] {logging_mixin.py:149} INFO - 6
[2023-05-07T00:28:00.849+0000] {logging_mixin.py:149} INFO - 7
[2023-05-07T00:28:00.851+0000] {logging_mixin.py:149} INFO - 8
[2023-05-07T00:28:00.852+0000] {logging_mixin.py:149} INFO - 9
[2023-05-07T00:28:00.853+0000] {logging_mixin.py:149} INFO - 10
[2023-05-07T00:28:00.855+0000] {logging_mixin.py:149} INFO - 11
[2023-05-07T00:28:00.856+0000] {logging_mixin.py:149} INFO - 12
[2023-05-07T00:28:00.857+0000] {logging_mixin.py:149} INFO - 13
[2023-05-07T00:28:00.859+0000] {logging_mixin.py:149} INFO - 14
[2023-05-07T00:28:00.860+0000] {logging_mixin.py:149} INFO - 15
[2023-05-07T00:28:00.862+0000] {logging_mixin.py:149} INFO - 16
[2023-05-07T00:28:00.863+0000] {logging_mixin.py:149} INFO - 17
[2023-05-07T00:28:00.869+0000] {logging_mixin.py:149} INFO - 18
[2023-05-07T00:28:00.871+0000] {logging_mixin.py:149} INFO - 19
[2023-05-07T00:28:00.872+0000] {logging_mixin.py:149} INFO - 20
[2023-05-07T00:28:00.873+0000] {logging_mixin.py:149} INFO - 21
[2023-05-07T00:28:00.875+0000] {logging_mixin.py:149} INFO - 22
[2023-05-07T00:28:00.876+0000] {logging_mixin.py:149} INFO - 23
[2023-05-07T00:28:00.877+0000] {logging_mixin.py:149} INFO - 24
[2023-05-07T00:28:00.878+0000] {logging_mixin.py:149} INFO - 25
[2023-05-07T00:28:00.880+0000] {logging_mixin.py:149} INFO - 26
[2023-05-07T00:28:00.881+0000] {logging_mixin.py:149} INFO - 27
[2023-05-07T00:28:00.884+0000] {logging_mixin.py:149} INFO - 28
[2023-05-07T00:28:00.885+0000] {logging_mixin.py:149} INFO - 29
[2023-05-07T00:28:00.887+0000] {logging_mixin.py:149} INFO - 30
[2023-05-07T00:28:00.888+0000] {logging_mixin.py:149} INFO - 31
[2023-05-07T00:28:00.889+0000] {logging_mixin.py:149} INFO - 32
[2023-05-07T00:28:00.890+0000] {logging_mixin.py:149} INFO - 33
[2023-05-07T00:28:00.891+0000] {logging_mixin.py:149} INFO - 34
[2023-05-07T00:28:00.892+0000] {logging_mixin.py:149} INFO - 35
[2023-05-07T00:28:00.894+0000] {logging_mixin.py:149} INFO - 36
[2023-05-07T00:28:00.896+0000] {logging_mixin.py:149} INFO - 37
[2023-05-07T00:28:00.898+0000] {logging_mixin.py:149} INFO - 38
[2023-05-07T00:28:00.899+0000] {logging_mixin.py:149} INFO - 39
[2023-05-07T00:28:00.901+0000] {logging_mixin.py:149} INFO - 40
[2023-05-07T00:28:00.903+0000] {logging_mixin.py:149} INFO - 41
[2023-05-07T00:28:00.904+0000] {logging_mixin.py:149} INFO - 42
[2023-05-07T00:28:00.905+0000] {logging_mixin.py:149} INFO - 43
[2023-05-07T00:28:00.906+0000] {logging_mixin.py:149} INFO - 44
[2023-05-07T00:28:00.907+0000] {logging_mixin.py:149} INFO - 45
[2023-05-07T00:28:00.909+0000] {logging_mixin.py:149} INFO - 46
[2023-05-07T00:28:00.910+0000] {logging_mixin.py:149} INFO - 47
[2023-05-07T00:28:00.912+0000] {logging_mixin.py:149} INFO - 48
[2023-05-07T00:28:00.914+0000] {logging_mixin.py:149} INFO - 49
[2023-05-07T00:28:00.915+0000] {logging_mixin.py:149} INFO - 50
[2023-05-07T00:28:00.917+0000] {logging_mixin.py:149} INFO - 51
[2023-05-07T00:28:00.918+0000] {logging_mixin.py:149} INFO - 52
[2023-05-07T00:28:00.919+0000] {logging_mixin.py:149} INFO - 53
[2023-05-07T00:28:00.920+0000] {logging_mixin.py:149} INFO - 54
[2023-05-07T00:28:00.922+0000] {logging_mixin.py:149} INFO - 55
[2023-05-07T00:28:00.923+0000] {logging_mixin.py:149} INFO - 56
[2023-05-07T00:28:00.924+0000] {logging_mixin.py:149} INFO - 57
[2023-05-07T00:28:00.925+0000] {logging_mixin.py:149} INFO - 58
[2023-05-07T00:28:00.927+0000] {logging_mixin.py:149} INFO - 59
[2023-05-07T00:28:00.928+0000] {logging_mixin.py:149} INFO - 60
[2023-05-07T00:28:00.929+0000] {logging_mixin.py:149} INFO - 61
[2023-05-07T00:28:00.931+0000] {logging_mixin.py:149} INFO - 62
[2023-05-07T00:28:00.932+0000] {logging_mixin.py:149} INFO - 63
[2023-05-07T00:28:00.933+0000] {logging_mixin.py:149} INFO - 64
[2023-05-07T00:28:00.935+0000] {logging_mixin.py:149} INFO - 65
[2023-05-07T00:28:00.936+0000] {logging_mixin.py:149} INFO - 66
[2023-05-07T00:28:00.938+0000] {logging_mixin.py:149} INFO - 67
[2023-05-07T00:28:00.939+0000] {logging_mixin.py:149} INFO - 68
[2023-05-07T00:28:00.940+0000] {logging_mixin.py:149} INFO - 69
[2023-05-07T00:28:00.941+0000] {logging_mixin.py:149} INFO - 70
[2023-05-07T00:28:00.943+0000] {logging_mixin.py:149} INFO - 71
[2023-05-07T00:28:00.945+0000] {logging_mixin.py:149} INFO - 72
[2023-05-07T00:28:00.946+0000] {logging_mixin.py:149} INFO - 73
[2023-05-07T00:28:00.947+0000] {logging_mixin.py:149} INFO - 74
[2023-05-07T00:28:00.949+0000] {logging_mixin.py:149} INFO - 75
[2023-05-07T00:28:00.950+0000] {logging_mixin.py:149} INFO - 76
[2023-05-07T00:28:00.951+0000] {logging_mixin.py:149} INFO - 77
[2023-05-07T00:28:00.953+0000] {logging_mixin.py:149} INFO - 78
[2023-05-07T00:28:00.954+0000] {logging_mixin.py:149} INFO - 79
[2023-05-07T00:28:00.955+0000] {logging_mixin.py:149} INFO - 80
[2023-05-07T00:28:00.957+0000] {logging_mixin.py:149} INFO - 81
[2023-05-07T00:28:00.959+0000] {logging_mixin.py:149} INFO - 82
[2023-05-07T00:28:00.960+0000] {logging_mixin.py:149} INFO - 83
[2023-05-07T00:28:00.962+0000] {logging_mixin.py:149} INFO - 84
[2023-05-07T00:28:00.964+0000] {logging_mixin.py:149} INFO - 85
[2023-05-07T00:28:00.966+0000] {logging_mixin.py:149} INFO - 86
[2023-05-07T00:28:00.967+0000] {logging_mixin.py:149} INFO - 87
[2023-05-07T00:28:00.968+0000] {logging_mixin.py:149} INFO - 88
[2023-05-07T00:28:00.970+0000] {logging_mixin.py:149} INFO - 89
[2023-05-07T00:28:00.972+0000] {logging_mixin.py:149} INFO - 90
[2023-05-07T00:28:00.973+0000] {logging_mixin.py:149} INFO - 91
[2023-05-07T00:28:00.975+0000] {logging_mixin.py:149} INFO - 92
[2023-05-07T00:28:00.977+0000] {logging_mixin.py:149} INFO - 93
[2023-05-07T00:28:00.979+0000] {logging_mixin.py:149} INFO - 94
[2023-05-07T00:28:00.982+0000] {logging_mixin.py:149} INFO - 95
[2023-05-07T00:28:00.983+0000] {logging_mixin.py:149} INFO - 96
[2023-05-07T00:28:00.984+0000] {logging_mixin.py:149} INFO - 97
[2023-05-07T00:28:00.985+0000] {logging_mixin.py:149} INFO - 98
[2023-05-07T00:28:00.986+0000] {logging_mixin.py:149} INFO - 99
[2023-05-07T00:28:01.000+0000] {python.py:183} INFO - Done. Returned value was: None
[2023-05-07T00:28:01.009+0000] {taskinstance.py:1373} INFO - Marking task as SUCCESS. dag_id=Summer_Warped_ETL, task_id=GetSongsFromPlaylist, execution_date=20230507T002455, start_date=20230507T002800, end_date=20230507T002801
[2023-05-07T00:28:01.027+0000] {local_task_job_runner.py:232} INFO - Task exited with return code 0
[2023-05-07T00:28:01.051+0000] {taskinstance.py:2674} INFO - 2 downstream tasks scheduled from follow-on schedule check
