[2023-05-08T04:40:01.322+0000] {taskinstance.py:1125} INFO - Dependencies all met for dep_context=non-requeueable deps ti=<TaskInstance: Summer_Warped_ETL.LoadData.LoadCalendar manual__2023-05-08T04:39:18.130412+00:00 [queued]>
[2023-05-08T04:40:01.327+0000] {taskinstance.py:1125} INFO - Dependencies all met for dep_context=requeueable deps ti=<TaskInstance: Summer_Warped_ETL.LoadData.LoadCalendar manual__2023-05-08T04:39:18.130412+00:00 [queued]>
[2023-05-08T04:40:01.328+0000] {taskinstance.py:1331} INFO - Starting attempt 1 of 3
[2023-05-08T04:40:01.335+0000] {taskinstance.py:1350} INFO - Executing <Task(PostgresOperator): LoadData.LoadCalendar> on 2023-05-08 04:39:18.130412+00:00
[2023-05-08T04:40:01.340+0000] {standard_task_runner.py:57} INFO - Started process 4641 to run task
[2023-05-08T04:40:01.344+0000] {standard_task_runner.py:84} INFO - Running: ['***', 'tasks', 'run', 'Summer_Warped_ETL', 'LoadData.LoadCalendar', 'manual__2023-05-08T04:39:18.130412+00:00', '--job-id', '2274', '--raw', '--subdir', 'DAGS_FOLDER/warped-dag.py', '--cfg-path', '/tmp/tmpk8m08n_m']
[2023-05-08T04:40:01.345+0000] {standard_task_runner.py:85} INFO - Job 2274: Subtask LoadData.LoadCalendar
[2023-05-08T04:40:01.382+0000] {task_command.py:410} INFO - Running <TaskInstance: Summer_Warped_ETL.LoadData.LoadCalendar manual__2023-05-08T04:39:18.130412+00:00 [running]> on host a40687a10d43
[2023-05-08T04:40:01.439+0000] {taskinstance.py:1570} INFO - Exporting env vars: AIRFLOW_CTX_DAG_OWNER='Ananta Moharana' AIRFLOW_CTX_DAG_ID='Summer_Warped_ETL' AIRFLOW_CTX_TASK_ID='LoadData.LoadCalendar' AIRFLOW_CTX_EXECUTION_DATE='2023-05-08T04:39:18.130412+00:00' AIRFLOW_CTX_TRY_NUMBER='1' AIRFLOW_CTX_DAG_RUN_ID='manual__2023-05-08T04:39:18.130412+00:00'
[2023-05-08T04:40:01.442+0000] {sql.py:262} INFO - Executing: 
                INSERT INTO calendar (date, month, monthname,dayofmonth,dayofweek,dayname,quarter)
                VALUES ('2023-05-08', 5, 'May',8,0,'Monday',2)
                 
[2023-05-08T04:40:01.450+0000] {base.py:73} INFO - Using connection ID '***' for task execution.
[2023-05-08T04:40:01.487+0000] {base.py:73} INFO - Using connection ID '***' for task execution.
[2023-05-08T04:40:01.494+0000] {sql.py:375} INFO - Running statement: 
                INSERT INTO calendar (date, month, monthname,dayofmonth,dayofweek,dayname,quarter)
                VALUES ('2023-05-08', 5, 'May',8,0,'Monday',2)
                 , parameters: None
[2023-05-08T04:40:01.497+0000] {sql.py:384} INFO - Rows affected: 1
[2023-05-08T04:40:01.505+0000] {taskinstance.py:1373} INFO - Marking task as SUCCESS. dag_id=Summer_Warped_ETL, task_id=LoadData.LoadCalendar, execution_date=20230508T043918, start_date=20230508T044001, end_date=20230508T044001
[2023-05-08T04:40:01.555+0000] {local_task_job_runner.py:232} INFO - Task exited with return code 0
[2023-05-08T04:40:01.575+0000] {taskinstance.py:2674} INFO - 1 downstream tasks scheduled from follow-on schedule check
