[2023-05-07T00:17:06.062+0000] {taskinstance.py:1125} INFO - Dependencies all met for dep_context=non-requeueable deps ti=<TaskInstance: Summer_Warped_ETL.GetSongsFromPlaylist manual__2023-05-06T22:02:18.022658+00:00 [queued]>
[2023-05-07T00:17:06.067+0000] {taskinstance.py:1125} INFO - Dependencies all met for dep_context=requeueable deps ti=<TaskInstance: Summer_Warped_ETL.GetSongsFromPlaylist manual__2023-05-06T22:02:18.022658+00:00 [queued]>
[2023-05-07T00:17:06.068+0000] {taskinstance.py:1331} INFO - Starting attempt 28 of 30
[2023-05-07T00:17:06.075+0000] {taskinstance.py:1350} INFO - Executing <Task(PythonOperator): GetSongsFromPlaylist> on 2023-05-06 22:02:18.022658+00:00
[2023-05-07T00:17:06.081+0000] {standard_task_runner.py:57} INFO - Started process 102 to run task
[2023-05-07T00:17:06.085+0000] {standard_task_runner.py:84} INFO - Running: ['***', 'tasks', 'run', 'Summer_Warped_ETL', 'GetSongsFromPlaylist', 'manual__2023-05-06T22:02:18.022658+00:00', '--job-id', '704', '--raw', '--subdir', 'DAGS_FOLDER/warped-dag.py', '--cfg-path', '/tmp/tmpc5uminx5']
[2023-05-07T00:17:06.086+0000] {standard_task_runner.py:85} INFO - Job 704: Subtask GetSongsFromPlaylist
[2023-05-07T00:17:06.129+0000] {task_command.py:410} INFO - Running <TaskInstance: Summer_Warped_ETL.GetSongsFromPlaylist manual__2023-05-06T22:02:18.022658+00:00 [running]> on host 61437508c2dd
[2023-05-07T00:17:06.191+0000] {taskinstance.py:1570} INFO - Exporting env vars: AIRFLOW_CTX_DAG_OWNER='Ananta Moharana' AIRFLOW_CTX_DAG_ID='Summer_Warped_ETL' AIRFLOW_CTX_TASK_ID='GetSongsFromPlaylist' AIRFLOW_CTX_EXECUTION_DATE='2023-05-06T22:02:18.022658+00:00' AIRFLOW_CTX_TRY_NUMBER='28' AIRFLOW_CTX_DAG_RUN_ID='manual__2023-05-06T22:02:18.022658+00:00'
[2023-05-07T00:17:06.557+0000] {logging_mixin.py:149} INFO - 100
[2023-05-07T00:17:06.558+0000] {logging_mixin.py:149} INFO - 0
[2023-05-07T00:17:06.562+0000] {logging_mixin.py:149} INFO - 1
[2023-05-07T00:17:06.564+0000] {logging_mixin.py:149} INFO - 2
[2023-05-07T00:17:06.565+0000] {logging_mixin.py:149} INFO - 3
[2023-05-07T00:17:06.567+0000] {logging_mixin.py:149} INFO - 4
[2023-05-07T00:17:06.569+0000] {logging_mixin.py:149} INFO - 5
[2023-05-07T00:17:06.570+0000] {logging_mixin.py:149} INFO - 6
[2023-05-07T00:17:06.572+0000] {logging_mixin.py:149} INFO - 7
[2023-05-07T00:17:06.573+0000] {logging_mixin.py:149} INFO - 8
[2023-05-07T00:17:06.575+0000] {logging_mixin.py:149} INFO - 9
[2023-05-07T00:17:06.576+0000] {logging_mixin.py:149} INFO - 10
[2023-05-07T00:17:06.578+0000] {logging_mixin.py:149} INFO - 11
[2023-05-07T00:17:06.579+0000] {logging_mixin.py:149} INFO - 12
[2023-05-07T00:17:06.580+0000] {logging_mixin.py:149} INFO - 13
[2023-05-07T00:17:06.581+0000] {logging_mixin.py:149} INFO - 14
[2023-05-07T00:17:06.582+0000] {logging_mixin.py:149} INFO - 15
[2023-05-07T00:17:06.584+0000] {logging_mixin.py:149} INFO - 16
[2023-05-07T00:17:06.585+0000] {logging_mixin.py:149} INFO - 17
[2023-05-07T00:17:06.586+0000] {logging_mixin.py:149} INFO - 18
[2023-05-07T00:17:06.588+0000] {logging_mixin.py:149} INFO - 19
[2023-05-07T00:17:06.589+0000] {logging_mixin.py:149} INFO - 20
[2023-05-07T00:17:06.590+0000] {logging_mixin.py:149} INFO - 21
[2023-05-07T00:17:06.591+0000] {logging_mixin.py:149} INFO - 22
[2023-05-07T00:17:06.592+0000] {logging_mixin.py:149} INFO - 23
[2023-05-07T00:17:06.593+0000] {logging_mixin.py:149} INFO - 24
[2023-05-07T00:17:06.595+0000] {logging_mixin.py:149} INFO - 25
[2023-05-07T00:17:06.596+0000] {logging_mixin.py:149} INFO - 26
[2023-05-07T00:17:06.597+0000] {logging_mixin.py:149} INFO - 27
[2023-05-07T00:17:06.600+0000] {logging_mixin.py:149} INFO - 28
[2023-05-07T00:17:06.601+0000] {logging_mixin.py:149} INFO - 29
[2023-05-07T00:17:06.602+0000] {logging_mixin.py:149} INFO - 30
[2023-05-07T00:17:06.603+0000] {logging_mixin.py:149} INFO - 31
[2023-05-07T00:17:06.604+0000] {logging_mixin.py:149} INFO - 32
[2023-05-07T00:17:06.605+0000] {logging_mixin.py:149} INFO - 33
[2023-05-07T00:17:06.606+0000] {logging_mixin.py:149} INFO - 34
[2023-05-07T00:17:06.607+0000] {logging_mixin.py:149} INFO - 35
[2023-05-07T00:17:06.609+0000] {logging_mixin.py:149} INFO - 36
[2023-05-07T00:17:06.611+0000] {logging_mixin.py:149} INFO - 37
[2023-05-07T00:17:06.612+0000] {logging_mixin.py:149} INFO - 38
[2023-05-07T00:17:06.613+0000] {logging_mixin.py:149} INFO - 39
[2023-05-07T00:17:06.615+0000] {logging_mixin.py:149} INFO - 40
[2023-05-07T00:17:06.617+0000] {logging_mixin.py:149} INFO - 41
[2023-05-07T00:17:06.618+0000] {logging_mixin.py:149} INFO - 42
[2023-05-07T00:17:06.619+0000] {logging_mixin.py:149} INFO - 43
[2023-05-07T00:17:06.620+0000] {logging_mixin.py:149} INFO - 44
[2023-05-07T00:17:06.622+0000] {logging_mixin.py:149} INFO - 45
[2023-05-07T00:17:06.623+0000] {logging_mixin.py:149} INFO - 46
[2023-05-07T00:17:06.624+0000] {logging_mixin.py:149} INFO - 47
[2023-05-07T00:17:06.626+0000] {logging_mixin.py:149} INFO - 48
[2023-05-07T00:17:06.628+0000] {logging_mixin.py:149} INFO - 49
[2023-05-07T00:17:06.629+0000] {logging_mixin.py:149} INFO - 50
[2023-05-07T00:17:06.630+0000] {logging_mixin.py:149} INFO - 51
[2023-05-07T00:17:06.632+0000] {logging_mixin.py:149} INFO - 52
[2023-05-07T00:17:06.633+0000] {logging_mixin.py:149} INFO - 53
[2023-05-07T00:17:06.635+0000] {logging_mixin.py:149} INFO - 54
[2023-05-07T00:17:06.636+0000] {logging_mixin.py:149} INFO - 55
[2023-05-07T00:17:06.638+0000] {logging_mixin.py:149} INFO - 56
[2023-05-07T00:17:06.639+0000] {logging_mixin.py:149} INFO - 57
[2023-05-07T00:17:06.640+0000] {logging_mixin.py:149} INFO - 58
[2023-05-07T00:17:06.642+0000] {logging_mixin.py:149} INFO - 59
[2023-05-07T00:17:06.644+0000] {logging_mixin.py:149} INFO - 60
[2023-05-07T00:17:06.645+0000] {logging_mixin.py:149} INFO - 61
[2023-05-07T00:17:06.646+0000] {logging_mixin.py:149} INFO - 62
[2023-05-07T00:17:06.647+0000] {logging_mixin.py:149} INFO - 63
[2023-05-07T00:17:06.648+0000] {logging_mixin.py:149} INFO - 64
[2023-05-07T00:17:06.649+0000] {logging_mixin.py:149} INFO - 65
[2023-05-07T00:17:06.651+0000] {logging_mixin.py:149} INFO - 66
[2023-05-07T00:17:06.652+0000] {logging_mixin.py:149} INFO - 67
[2023-05-07T00:17:06.654+0000] {logging_mixin.py:149} INFO - 68
[2023-05-07T00:17:06.655+0000] {logging_mixin.py:149} INFO - 69
[2023-05-07T00:17:06.656+0000] {logging_mixin.py:149} INFO - 70
[2023-05-07T00:17:06.658+0000] {logging_mixin.py:149} INFO - 71
[2023-05-07T00:17:06.659+0000] {logging_mixin.py:149} INFO - 72
[2023-05-07T00:17:06.661+0000] {logging_mixin.py:149} INFO - 73
[2023-05-07T00:17:06.662+0000] {logging_mixin.py:149} INFO - 74
[2023-05-07T00:17:06.663+0000] {logging_mixin.py:149} INFO - 75
[2023-05-07T00:17:06.664+0000] {logging_mixin.py:149} INFO - 76
[2023-05-07T00:17:06.665+0000] {logging_mixin.py:149} INFO - 77
[2023-05-07T00:17:06.667+0000] {logging_mixin.py:149} INFO - 78
[2023-05-07T00:17:06.668+0000] {logging_mixin.py:149} INFO - 79
[2023-05-07T00:17:06.670+0000] {logging_mixin.py:149} INFO - 80
[2023-05-07T00:17:06.671+0000] {logging_mixin.py:149} INFO - 81
[2023-05-07T00:17:06.673+0000] {logging_mixin.py:149} INFO - 82
[2023-05-07T00:17:06.674+0000] {logging_mixin.py:149} INFO - 83
[2023-05-07T00:17:06.676+0000] {logging_mixin.py:149} INFO - 84
[2023-05-07T00:17:06.678+0000] {logging_mixin.py:149} INFO - 85
[2023-05-07T00:17:06.679+0000] {logging_mixin.py:149} INFO - 86
[2023-05-07T00:17:06.680+0000] {logging_mixin.py:149} INFO - 87
[2023-05-07T00:17:06.682+0000] {logging_mixin.py:149} INFO - 88
[2023-05-07T00:17:06.683+0000] {logging_mixin.py:149} INFO - 89
[2023-05-07T00:17:06.685+0000] {logging_mixin.py:149} INFO - 90
[2023-05-07T00:17:06.686+0000] {logging_mixin.py:149} INFO - 91
[2023-05-07T00:17:06.687+0000] {logging_mixin.py:149} INFO - 92
[2023-05-07T00:17:06.689+0000] {logging_mixin.py:149} INFO - 93
[2023-05-07T00:17:06.692+0000] {logging_mixin.py:149} INFO - 94
[2023-05-07T00:17:06.694+0000] {logging_mixin.py:149} INFO - 95
[2023-05-07T00:17:06.696+0000] {logging_mixin.py:149} INFO - 96
[2023-05-07T00:17:06.697+0000] {logging_mixin.py:149} INFO - 97
[2023-05-07T00:17:06.698+0000] {logging_mixin.py:149} INFO - 98
[2023-05-07T00:17:06.700+0000] {logging_mixin.py:149} INFO - 99
[2023-05-07T00:17:06.716+0000] {python.py:183} INFO - Done. Returned value was: None
[2023-05-07T00:17:06.725+0000] {taskinstance.py:1373} INFO - Marking task as SUCCESS. dag_id=Summer_Warped_ETL, task_id=GetSongsFromPlaylist, execution_date=20230506T220218, start_date=20230507T001706, end_date=20230507T001706
[2023-05-07T00:17:06.784+0000] {local_task_job_runner.py:232} INFO - Task exited with return code 0
[2023-05-07T00:17:06.803+0000] {taskinstance.py:2674} INFO - 2 downstream tasks scheduled from follow-on schedule check
