[2023-05-06T23:29:01.184+0000] {taskinstance.py:1125} INFO - Dependencies all met for dep_context=non-requeueable deps ti=<TaskInstance: Summer_Warped_ETL.GetSongsFromPlaylist manual__2023-05-06T22:02:18.022658+00:00 [queued]>
[2023-05-06T23:29:01.190+0000] {taskinstance.py:1125} INFO - Dependencies all met for dep_context=requeueable deps ti=<TaskInstance: Summer_Warped_ETL.GetSongsFromPlaylist manual__2023-05-06T22:02:18.022658+00:00 [queued]>
[2023-05-06T23:29:01.190+0000] {taskinstance.py:1331} INFO - Starting attempt 12 of 14
[2023-05-06T23:29:01.196+0000] {taskinstance.py:1350} INFO - Executing <Task(PythonOperator): GetSongsFromPlaylist> on 2023-05-06 22:02:18.022658+00:00
[2023-05-06T23:29:01.201+0000] {standard_task_runner.py:57} INFO - Started process 78 to run task
[2023-05-06T23:29:01.204+0000] {standard_task_runner.py:84} INFO - Running: ['***', 'tasks', 'run', 'Summer_Warped_ETL', 'GetSongsFromPlaylist', 'manual__2023-05-06T22:02:18.022658+00:00', '--job-id', '562', '--raw', '--subdir', 'DAGS_FOLDER/warped-dag.py', '--cfg-path', '/tmp/tmpti8vlltw']
[2023-05-06T23:29:01.204+0000] {standard_task_runner.py:85} INFO - Job 562: Subtask GetSongsFromPlaylist
[2023-05-06T23:29:01.235+0000] {task_command.py:410} INFO - Running <TaskInstance: Summer_Warped_ETL.GetSongsFromPlaylist manual__2023-05-06T22:02:18.022658+00:00 [running]> on host 0b419f4e7055
[2023-05-06T23:29:01.284+0000] {taskinstance.py:1570} INFO - Exporting env vars: AIRFLOW_CTX_DAG_OWNER='Ananta Moharana' AIRFLOW_CTX_DAG_ID='Summer_Warped_ETL' AIRFLOW_CTX_TASK_ID='GetSongsFromPlaylist' AIRFLOW_CTX_EXECUTION_DATE='2023-05-06T22:02:18.022658+00:00' AIRFLOW_CTX_TRY_NUMBER='12' AIRFLOW_CTX_DAG_RUN_ID='manual__2023-05-06T22:02:18.022658+00:00'
[2023-05-06T23:29:01.692+0000] {logging_mixin.py:149} INFO - 100
[2023-05-06T23:29:01.693+0000] {logging_mixin.py:149} INFO - 0
[2023-05-06T23:29:01.697+0000] {logging_mixin.py:149} INFO - 1
[2023-05-06T23:29:01.699+0000] {logging_mixin.py:149} INFO - 2
[2023-05-06T23:29:01.700+0000] {logging_mixin.py:149} INFO - 3
[2023-05-06T23:29:01.701+0000] {logging_mixin.py:149} INFO - 4
[2023-05-06T23:29:01.703+0000] {logging_mixin.py:149} INFO - 5
[2023-05-06T23:29:01.704+0000] {logging_mixin.py:149} INFO - 6
[2023-05-06T23:29:01.706+0000] {logging_mixin.py:149} INFO - 7
[2023-05-06T23:29:01.708+0000] {logging_mixin.py:149} INFO - 8
[2023-05-06T23:29:01.709+0000] {logging_mixin.py:149} INFO - 9
[2023-05-06T23:29:01.710+0000] {logging_mixin.py:149} INFO - 10
[2023-05-06T23:29:01.712+0000] {logging_mixin.py:149} INFO - 11
[2023-05-06T23:29:01.713+0000] {logging_mixin.py:149} INFO - 12
[2023-05-06T23:29:01.714+0000] {logging_mixin.py:149} INFO - 13
[2023-05-06T23:29:01.715+0000] {logging_mixin.py:149} INFO - 14
[2023-05-06T23:29:01.716+0000] {logging_mixin.py:149} INFO - 15
[2023-05-06T23:29:01.717+0000] {logging_mixin.py:149} INFO - 16
[2023-05-06T23:29:01.718+0000] {logging_mixin.py:149} INFO - 17
[2023-05-06T23:29:01.720+0000] {logging_mixin.py:149} INFO - 18
[2023-05-06T23:29:01.721+0000] {logging_mixin.py:149} INFO - 19
[2023-05-06T23:29:01.722+0000] {logging_mixin.py:149} INFO - 20
[2023-05-06T23:29:01.723+0000] {logging_mixin.py:149} INFO - 21
[2023-05-06T23:29:01.725+0000] {logging_mixin.py:149} INFO - 22
[2023-05-06T23:29:01.726+0000] {logging_mixin.py:149} INFO - 23
[2023-05-06T23:29:01.727+0000] {logging_mixin.py:149} INFO - 24
[2023-05-06T23:29:01.728+0000] {logging_mixin.py:149} INFO - 25
[2023-05-06T23:29:01.729+0000] {logging_mixin.py:149} INFO - 26
[2023-05-06T23:29:01.730+0000] {logging_mixin.py:149} INFO - 27
[2023-05-06T23:29:01.732+0000] {logging_mixin.py:149} INFO - 28
[2023-05-06T23:29:01.733+0000] {logging_mixin.py:149} INFO - 29
[2023-05-06T23:29:01.734+0000] {logging_mixin.py:149} INFO - 30
[2023-05-06T23:29:01.735+0000] {logging_mixin.py:149} INFO - 31
[2023-05-06T23:29:01.736+0000] {logging_mixin.py:149} INFO - 32
[2023-05-06T23:29:01.737+0000] {logging_mixin.py:149} INFO - 33
[2023-05-06T23:29:01.738+0000] {logging_mixin.py:149} INFO - 34
[2023-05-06T23:29:01.739+0000] {logging_mixin.py:149} INFO - 35
[2023-05-06T23:29:01.741+0000] {logging_mixin.py:149} INFO - 36
[2023-05-06T23:29:01.743+0000] {logging_mixin.py:149} INFO - 37
[2023-05-06T23:29:01.744+0000] {logging_mixin.py:149} INFO - 38
[2023-05-06T23:29:01.745+0000] {logging_mixin.py:149} INFO - 39
[2023-05-06T23:29:01.746+0000] {logging_mixin.py:149} INFO - 40
[2023-05-06T23:29:01.748+0000] {logging_mixin.py:149} INFO - 41
[2023-05-06T23:29:01.749+0000] {logging_mixin.py:149} INFO - 42
[2023-05-06T23:29:01.750+0000] {logging_mixin.py:149} INFO - 43
[2023-05-06T23:29:01.751+0000] {logging_mixin.py:149} INFO - 44
[2023-05-06T23:29:01.752+0000] {logging_mixin.py:149} INFO - 45
[2023-05-06T23:29:01.753+0000] {logging_mixin.py:149} INFO - 46
[2023-05-06T23:29:01.755+0000] {logging_mixin.py:149} INFO - 47
[2023-05-06T23:29:01.756+0000] {logging_mixin.py:149} INFO - 48
[2023-05-06T23:29:01.757+0000] {logging_mixin.py:149} INFO - 49
[2023-05-06T23:29:01.758+0000] {logging_mixin.py:149} INFO - 50
[2023-05-06T23:29:01.759+0000] {logging_mixin.py:149} INFO - 51
[2023-05-06T23:29:01.760+0000] {logging_mixin.py:149} INFO - 52
[2023-05-06T23:29:01.761+0000] {logging_mixin.py:149} INFO - 53
[2023-05-06T23:29:01.762+0000] {logging_mixin.py:149} INFO - 54
[2023-05-06T23:29:01.763+0000] {logging_mixin.py:149} INFO - 55
[2023-05-06T23:29:01.764+0000] {logging_mixin.py:149} INFO - 56
[2023-05-06T23:29:01.765+0000] {logging_mixin.py:149} INFO - 57
[2023-05-06T23:29:01.766+0000] {logging_mixin.py:149} INFO - 58
[2023-05-06T23:29:01.768+0000] {logging_mixin.py:149} INFO - 59
[2023-05-06T23:29:01.769+0000] {logging_mixin.py:149} INFO - 60
[2023-05-06T23:29:01.770+0000] {logging_mixin.py:149} INFO - 61
[2023-05-06T23:29:01.771+0000] {logging_mixin.py:149} INFO - 62
[2023-05-06T23:29:01.772+0000] {logging_mixin.py:149} INFO - 63
[2023-05-06T23:29:01.773+0000] {logging_mixin.py:149} INFO - 64
[2023-05-06T23:29:01.774+0000] {logging_mixin.py:149} INFO - 65
[2023-05-06T23:29:01.775+0000] {logging_mixin.py:149} INFO - 66
[2023-05-06T23:29:01.777+0000] {logging_mixin.py:149} INFO - 67
[2023-05-06T23:29:01.778+0000] {logging_mixin.py:149} INFO - 68
[2023-05-06T23:29:01.779+0000] {logging_mixin.py:149} INFO - 69
[2023-05-06T23:29:01.780+0000] {logging_mixin.py:149} INFO - 70
[2023-05-06T23:29:01.782+0000] {logging_mixin.py:149} INFO - 71
[2023-05-06T23:29:01.783+0000] {logging_mixin.py:149} INFO - 72
[2023-05-06T23:29:01.785+0000] {logging_mixin.py:149} INFO - 73
[2023-05-06T23:29:01.786+0000] {logging_mixin.py:149} INFO - 74
[2023-05-06T23:29:01.787+0000] {logging_mixin.py:149} INFO - 75
[2023-05-06T23:29:01.788+0000] {logging_mixin.py:149} INFO - 76
[2023-05-06T23:29:01.789+0000] {logging_mixin.py:149} INFO - 77
[2023-05-06T23:29:01.791+0000] {logging_mixin.py:149} INFO - 78
[2023-05-06T23:29:01.792+0000] {logging_mixin.py:149} INFO - 79
[2023-05-06T23:29:01.793+0000] {logging_mixin.py:149} INFO - 80
[2023-05-06T23:29:01.795+0000] {logging_mixin.py:149} INFO - 81
[2023-05-06T23:29:01.796+0000] {logging_mixin.py:149} INFO - 82
[2023-05-06T23:29:01.797+0000] {logging_mixin.py:149} INFO - 83
[2023-05-06T23:29:01.799+0000] {logging_mixin.py:149} INFO - 84
[2023-05-06T23:29:01.801+0000] {logging_mixin.py:149} INFO - 85
[2023-05-06T23:29:01.802+0000] {logging_mixin.py:149} INFO - 86
[2023-05-06T23:29:01.803+0000] {logging_mixin.py:149} INFO - 87
[2023-05-06T23:29:01.804+0000] {logging_mixin.py:149} INFO - 88
[2023-05-06T23:29:01.805+0000] {logging_mixin.py:149} INFO - 89
[2023-05-06T23:29:01.808+0000] {logging_mixin.py:149} INFO - 90
[2023-05-06T23:29:01.809+0000] {logging_mixin.py:149} INFO - 91
[2023-05-06T23:29:01.810+0000] {logging_mixin.py:149} INFO - 92
[2023-05-06T23:29:01.811+0000] {logging_mixin.py:149} INFO - 93
[2023-05-06T23:29:01.813+0000] {logging_mixin.py:149} INFO - 94
[2023-05-06T23:29:01.815+0000] {logging_mixin.py:149} INFO - 95
[2023-05-06T23:29:01.816+0000] {logging_mixin.py:149} INFO - 96
[2023-05-06T23:29:01.817+0000] {logging_mixin.py:149} INFO - 97
[2023-05-06T23:29:01.818+0000] {logging_mixin.py:149} INFO - 98
[2023-05-06T23:29:01.819+0000] {logging_mixin.py:149} INFO - 99
[2023-05-06T23:29:01.837+0000] {python.py:183} INFO - Done. Returned value was: None
[2023-05-06T23:29:01.845+0000] {taskinstance.py:1373} INFO - Marking task as SUCCESS. dag_id=Summer_Warped_ETL, task_id=GetSongsFromPlaylist, execution_date=20230506T220218, start_date=20230506T232901, end_date=20230506T232901
[2023-05-06T23:29:01.872+0000] {local_task_job_runner.py:232} INFO - Task exited with return code 0
[2023-05-06T23:29:01.893+0000] {taskinstance.py:2674} INFO - 2 downstream tasks scheduled from follow-on schedule check
