[2023-05-06T23:42:43.799+0000] {taskinstance.py:1125} INFO - Dependencies all met for dep_context=non-requeueable deps ti=<TaskInstance: Summer_Warped_ETL.GetSongsFromPlaylist manual__2023-05-06T22:02:18.022658+00:00 [queued]>
[2023-05-06T23:42:43.805+0000] {taskinstance.py:1125} INFO - Dependencies all met for dep_context=requeueable deps ti=<TaskInstance: Summer_Warped_ETL.GetSongsFromPlaylist manual__2023-05-06T22:02:18.022658+00:00 [queued]>
[2023-05-06T23:42:43.805+0000] {taskinstance.py:1331} INFO - Starting attempt 18 of 20
[2023-05-06T23:42:43.812+0000] {taskinstance.py:1350} INFO - Executing <Task(PythonOperator): GetSongsFromPlaylist> on 2023-05-06 22:02:18.022658+00:00
[2023-05-06T23:42:43.817+0000] {standard_task_runner.py:57} INFO - Started process 580 to run task
[2023-05-06T23:42:43.821+0000] {standard_task_runner.py:84} INFO - Running: ['***', 'tasks', 'run', 'Summer_Warped_ETL', 'GetSongsFromPlaylist', 'manual__2023-05-06T22:02:18.022658+00:00', '--job-id', '626', '--raw', '--subdir', 'DAGS_FOLDER/warped-dag.py', '--cfg-path', '/tmp/tmpk9z4ye2e']
[2023-05-06T23:42:43.822+0000] {standard_task_runner.py:85} INFO - Job 626: Subtask GetSongsFromPlaylist
[2023-05-06T23:42:43.861+0000] {task_command.py:410} INFO - Running <TaskInstance: Summer_Warped_ETL.GetSongsFromPlaylist manual__2023-05-06T22:02:18.022658+00:00 [running]> on host 0b419f4e7055
[2023-05-06T23:42:43.914+0000] {taskinstance.py:1570} INFO - Exporting env vars: AIRFLOW_CTX_DAG_OWNER='Ananta Moharana' AIRFLOW_CTX_DAG_ID='Summer_Warped_ETL' AIRFLOW_CTX_TASK_ID='GetSongsFromPlaylist' AIRFLOW_CTX_EXECUTION_DATE='2023-05-06T22:02:18.022658+00:00' AIRFLOW_CTX_TRY_NUMBER='18' AIRFLOW_CTX_DAG_RUN_ID='manual__2023-05-06T22:02:18.022658+00:00'
[2023-05-06T23:42:44.237+0000] {logging_mixin.py:149} INFO - 100
[2023-05-06T23:42:44.237+0000] {logging_mixin.py:149} INFO - 0
[2023-05-06T23:42:44.240+0000] {logging_mixin.py:149} INFO - 1
[2023-05-06T23:42:44.242+0000] {logging_mixin.py:149} INFO - 2
[2023-05-06T23:42:44.243+0000] {logging_mixin.py:149} INFO - 3
[2023-05-06T23:42:44.244+0000] {logging_mixin.py:149} INFO - 4
[2023-05-06T23:42:44.247+0000] {logging_mixin.py:149} INFO - 5
[2023-05-06T23:42:44.250+0000] {logging_mixin.py:149} INFO - 6
[2023-05-06T23:42:44.252+0000] {logging_mixin.py:149} INFO - 7
[2023-05-06T23:42:44.253+0000] {logging_mixin.py:149} INFO - 8
[2023-05-06T23:42:44.255+0000] {logging_mixin.py:149} INFO - 9
[2023-05-06T23:42:44.256+0000] {logging_mixin.py:149} INFO - 10
[2023-05-06T23:42:44.257+0000] {logging_mixin.py:149} INFO - 11
[2023-05-06T23:42:44.258+0000] {logging_mixin.py:149} INFO - 12
[2023-05-06T23:42:44.259+0000] {logging_mixin.py:149} INFO - 13
[2023-05-06T23:42:44.261+0000] {logging_mixin.py:149} INFO - 14
[2023-05-06T23:42:44.262+0000] {logging_mixin.py:149} INFO - 15
[2023-05-06T23:42:44.263+0000] {logging_mixin.py:149} INFO - 16
[2023-05-06T23:42:44.265+0000] {logging_mixin.py:149} INFO - 17
[2023-05-06T23:42:44.266+0000] {logging_mixin.py:149} INFO - 18
[2023-05-06T23:42:44.267+0000] {logging_mixin.py:149} INFO - 19
[2023-05-06T23:42:44.268+0000] {logging_mixin.py:149} INFO - 20
[2023-05-06T23:42:44.270+0000] {logging_mixin.py:149} INFO - 21
[2023-05-06T23:42:44.271+0000] {logging_mixin.py:149} INFO - 22
[2023-05-06T23:42:44.273+0000] {logging_mixin.py:149} INFO - 23
[2023-05-06T23:42:44.274+0000] {logging_mixin.py:149} INFO - 24
[2023-05-06T23:42:44.275+0000] {logging_mixin.py:149} INFO - 25
[2023-05-06T23:42:44.276+0000] {logging_mixin.py:149} INFO - 26
[2023-05-06T23:42:44.278+0000] {logging_mixin.py:149} INFO - 27
[2023-05-06T23:42:44.281+0000] {logging_mixin.py:149} INFO - 28
[2023-05-06T23:42:44.283+0000] {logging_mixin.py:149} INFO - 29
[2023-05-06T23:42:44.284+0000] {logging_mixin.py:149} INFO - 30
[2023-05-06T23:42:44.285+0000] {logging_mixin.py:149} INFO - 31
[2023-05-06T23:42:44.286+0000] {logging_mixin.py:149} INFO - 32
[2023-05-06T23:42:44.288+0000] {logging_mixin.py:149} INFO - 33
[2023-05-06T23:42:44.289+0000] {logging_mixin.py:149} INFO - 34
[2023-05-06T23:42:44.290+0000] {logging_mixin.py:149} INFO - 35
[2023-05-06T23:42:44.293+0000] {logging_mixin.py:149} INFO - 36
[2023-05-06T23:42:44.295+0000] {logging_mixin.py:149} INFO - 37
[2023-05-06T23:42:44.296+0000] {logging_mixin.py:149} INFO - 38
[2023-05-06T23:42:44.297+0000] {logging_mixin.py:149} INFO - 39
[2023-05-06T23:42:44.300+0000] {logging_mixin.py:149} INFO - 40
[2023-05-06T23:42:44.302+0000] {logging_mixin.py:149} INFO - 41
[2023-05-06T23:42:44.303+0000] {logging_mixin.py:149} INFO - 42
[2023-05-06T23:42:44.304+0000] {logging_mixin.py:149} INFO - 43
[2023-05-06T23:42:44.306+0000] {logging_mixin.py:149} INFO - 44
[2023-05-06T23:42:44.307+0000] {logging_mixin.py:149} INFO - 45
[2023-05-06T23:42:44.308+0000] {logging_mixin.py:149} INFO - 46
[2023-05-06T23:42:44.310+0000] {logging_mixin.py:149} INFO - 47
[2023-05-06T23:42:44.312+0000] {logging_mixin.py:149} INFO - 48
[2023-05-06T23:42:44.313+0000] {logging_mixin.py:149} INFO - 49
[2023-05-06T23:42:44.315+0000] {logging_mixin.py:149} INFO - 50
[2023-05-06T23:42:44.316+0000] {logging_mixin.py:149} INFO - 51
[2023-05-06T23:42:44.317+0000] {logging_mixin.py:149} INFO - 52
[2023-05-06T23:42:44.318+0000] {logging_mixin.py:149} INFO - 53
[2023-05-06T23:42:44.320+0000] {logging_mixin.py:149} INFO - 54
[2023-05-06T23:42:44.322+0000] {logging_mixin.py:149} INFO - 55
[2023-05-06T23:42:44.323+0000] {logging_mixin.py:149} INFO - 56
[2023-05-06T23:42:44.324+0000] {logging_mixin.py:149} INFO - 57
[2023-05-06T23:42:44.326+0000] {logging_mixin.py:149} INFO - 58
[2023-05-06T23:42:44.328+0000] {logging_mixin.py:149} INFO - 59
[2023-05-06T23:42:44.329+0000] {logging_mixin.py:149} INFO - 60
[2023-05-06T23:42:44.330+0000] {logging_mixin.py:149} INFO - 61
[2023-05-06T23:42:44.332+0000] {logging_mixin.py:149} INFO - 62
[2023-05-06T23:42:44.333+0000] {logging_mixin.py:149} INFO - 63
[2023-05-06T23:42:44.334+0000] {logging_mixin.py:149} INFO - 64
[2023-05-06T23:42:44.336+0000] {logging_mixin.py:149} INFO - 65
[2023-05-06T23:42:44.338+0000] {logging_mixin.py:149} INFO - 66
[2023-05-06T23:42:44.340+0000] {logging_mixin.py:149} INFO - 67
[2023-05-06T23:42:44.341+0000] {logging_mixin.py:149} INFO - 68
[2023-05-06T23:42:44.343+0000] {logging_mixin.py:149} INFO - 69
[2023-05-06T23:42:44.345+0000] {logging_mixin.py:149} INFO - 70
[2023-05-06T23:42:44.347+0000] {logging_mixin.py:149} INFO - 71
[2023-05-06T23:42:44.348+0000] {logging_mixin.py:149} INFO - 72
[2023-05-06T23:42:44.350+0000] {logging_mixin.py:149} INFO - 73
[2023-05-06T23:42:44.351+0000] {logging_mixin.py:149} INFO - 74
[2023-05-06T23:42:44.353+0000] {logging_mixin.py:149} INFO - 75
[2023-05-06T23:42:44.354+0000] {logging_mixin.py:149} INFO - 76
[2023-05-06T23:42:44.355+0000] {logging_mixin.py:149} INFO - 77
[2023-05-06T23:42:44.357+0000] {logging_mixin.py:149} INFO - 78
[2023-05-06T23:42:44.358+0000] {logging_mixin.py:149} INFO - 79
[2023-05-06T23:42:44.360+0000] {logging_mixin.py:149} INFO - 80
[2023-05-06T23:42:44.362+0000] {logging_mixin.py:149} INFO - 81
[2023-05-06T23:42:44.363+0000] {logging_mixin.py:149} INFO - 82
[2023-05-06T23:42:44.364+0000] {logging_mixin.py:149} INFO - 83
[2023-05-06T23:42:44.367+0000] {logging_mixin.py:149} INFO - 84
[2023-05-06T23:42:44.369+0000] {logging_mixin.py:149} INFO - 85
[2023-05-06T23:42:44.370+0000] {logging_mixin.py:149} INFO - 86
[2023-05-06T23:42:44.372+0000] {logging_mixin.py:149} INFO - 87
[2023-05-06T23:42:44.373+0000] {logging_mixin.py:149} INFO - 88
[2023-05-06T23:42:44.374+0000] {logging_mixin.py:149} INFO - 89
[2023-05-06T23:42:44.377+0000] {logging_mixin.py:149} INFO - 90
[2023-05-06T23:42:44.378+0000] {logging_mixin.py:149} INFO - 91
[2023-05-06T23:42:44.379+0000] {logging_mixin.py:149} INFO - 92
[2023-05-06T23:42:44.381+0000] {logging_mixin.py:149} INFO - 93
[2023-05-06T23:42:44.383+0000] {logging_mixin.py:149} INFO - 94
[2023-05-06T23:42:44.386+0000] {logging_mixin.py:149} INFO - 95
[2023-05-06T23:42:44.387+0000] {logging_mixin.py:149} INFO - 96
[2023-05-06T23:42:44.389+0000] {logging_mixin.py:149} INFO - 97
[2023-05-06T23:42:44.390+0000] {logging_mixin.py:149} INFO - 98
[2023-05-06T23:42:44.391+0000] {logging_mixin.py:149} INFO - 99
[2023-05-06T23:42:44.406+0000] {python.py:183} INFO - Done. Returned value was: None
[2023-05-06T23:42:44.414+0000] {taskinstance.py:1373} INFO - Marking task as SUCCESS. dag_id=Summer_Warped_ETL, task_id=GetSongsFromPlaylist, execution_date=20230506T220218, start_date=20230506T234243, end_date=20230506T234244
[2023-05-06T23:42:44.434+0000] {local_task_job_runner.py:232} INFO - Task exited with return code 0
[2023-05-06T23:42:44.458+0000] {taskinstance.py:2674} INFO - 2 downstream tasks scheduled from follow-on schedule check
