[2023-05-07T00:03:54.415+0000] {taskinstance.py:1125} INFO - Dependencies all met for dep_context=non-requeueable deps ti=<TaskInstance: Summer_Warped_ETL.GetSongsFromPlaylist manual__2023-05-06T22:02:18.022658+00:00 [queued]>
[2023-05-07T00:03:54.420+0000] {taskinstance.py:1125} INFO - Dependencies all met for dep_context=requeueable deps ti=<TaskInstance: Summer_Warped_ETL.GetSongsFromPlaylist manual__2023-05-06T22:02:18.022658+00:00 [queued]>
[2023-05-07T00:03:54.420+0000] {taskinstance.py:1331} INFO - Starting attempt 25 of 27
[2023-05-07T00:03:54.428+0000] {taskinstance.py:1350} INFO - Executing <Task(PythonOperator): GetSongsFromPlaylist> on 2023-05-06 22:02:18.022658+00:00
[2023-05-07T00:03:54.431+0000] {standard_task_runner.py:57} INFO - Started process 68 to run task
[2023-05-07T00:03:54.435+0000] {standard_task_runner.py:84} INFO - Running: ['***', 'tasks', 'run', 'Summer_Warped_ETL', 'GetSongsFromPlaylist', 'manual__2023-05-06T22:02:18.022658+00:00', '--job-id', '682', '--raw', '--subdir', 'DAGS_FOLDER/warped-dag.py', '--cfg-path', '/tmp/tmpwxbqaxj0']
[2023-05-07T00:03:54.436+0000] {standard_task_runner.py:85} INFO - Job 682: Subtask GetSongsFromPlaylist
[2023-05-07T00:03:54.468+0000] {task_command.py:410} INFO - Running <TaskInstance: Summer_Warped_ETL.GetSongsFromPlaylist manual__2023-05-06T22:02:18.022658+00:00 [running]> on host 2336b5f51000
[2023-05-07T00:03:54.517+0000] {taskinstance.py:1570} INFO - Exporting env vars: AIRFLOW_CTX_DAG_OWNER='Ananta Moharana' AIRFLOW_CTX_DAG_ID='Summer_Warped_ETL' AIRFLOW_CTX_TASK_ID='GetSongsFromPlaylist' AIRFLOW_CTX_EXECUTION_DATE='2023-05-06T22:02:18.022658+00:00' AIRFLOW_CTX_TRY_NUMBER='25' AIRFLOW_CTX_DAG_RUN_ID='manual__2023-05-06T22:02:18.022658+00:00'
[2023-05-07T00:03:54.889+0000] {logging_mixin.py:149} INFO - 100
[2023-05-07T00:03:54.889+0000] {logging_mixin.py:149} INFO - 0
[2023-05-07T00:03:54.893+0000] {logging_mixin.py:149} INFO - 1
[2023-05-07T00:03:54.895+0000] {logging_mixin.py:149} INFO - 2
[2023-05-07T00:03:54.897+0000] {logging_mixin.py:149} INFO - 3
[2023-05-07T00:03:54.899+0000] {logging_mixin.py:149} INFO - 4
[2023-05-07T00:03:54.901+0000] {logging_mixin.py:149} INFO - 5
[2023-05-07T00:03:54.902+0000] {logging_mixin.py:149} INFO - 6
[2023-05-07T00:03:54.905+0000] {logging_mixin.py:149} INFO - 7
[2023-05-07T00:03:54.907+0000] {logging_mixin.py:149} INFO - 8
[2023-05-07T00:03:54.908+0000] {logging_mixin.py:149} INFO - 9
[2023-05-07T00:03:54.910+0000] {logging_mixin.py:149} INFO - 10
[2023-05-07T00:03:54.912+0000] {logging_mixin.py:149} INFO - 11
[2023-05-07T00:03:54.913+0000] {logging_mixin.py:149} INFO - 12
[2023-05-07T00:03:54.915+0000] {logging_mixin.py:149} INFO - 13
[2023-05-07T00:03:54.916+0000] {logging_mixin.py:149} INFO - 14
[2023-05-07T00:03:54.917+0000] {logging_mixin.py:149} INFO - 15
[2023-05-07T00:03:54.919+0000] {logging_mixin.py:149} INFO - 16
[2023-05-07T00:03:54.920+0000] {logging_mixin.py:149} INFO - 17
[2023-05-07T00:03:54.921+0000] {logging_mixin.py:149} INFO - 18
[2023-05-07T00:03:54.923+0000] {logging_mixin.py:149} INFO - 19
[2023-05-07T00:03:54.923+0000] {logging_mixin.py:149} INFO - 20
[2023-05-07T00:03:54.924+0000] {logging_mixin.py:149} INFO - 21
[2023-05-07T00:03:54.925+0000] {logging_mixin.py:149} INFO - 22
[2023-05-07T00:03:54.927+0000] {logging_mixin.py:149} INFO - 23
[2023-05-07T00:03:54.928+0000] {logging_mixin.py:149} INFO - 24
[2023-05-07T00:03:54.929+0000] {logging_mixin.py:149} INFO - 25
[2023-05-07T00:03:54.930+0000] {logging_mixin.py:149} INFO - 26
[2023-05-07T00:03:54.931+0000] {logging_mixin.py:149} INFO - 27
[2023-05-07T00:03:54.933+0000] {logging_mixin.py:149} INFO - 28
[2023-05-07T00:03:54.934+0000] {logging_mixin.py:149} INFO - 29
[2023-05-07T00:03:54.935+0000] {logging_mixin.py:149} INFO - 30
[2023-05-07T00:03:54.936+0000] {logging_mixin.py:149} INFO - 31
[2023-05-07T00:03:54.937+0000] {logging_mixin.py:149} INFO - 32
[2023-05-07T00:03:54.938+0000] {logging_mixin.py:149} INFO - 33
[2023-05-07T00:03:54.939+0000] {logging_mixin.py:149} INFO - 34
[2023-05-07T00:03:54.940+0000] {logging_mixin.py:149} INFO - 35
[2023-05-07T00:03:54.942+0000] {logging_mixin.py:149} INFO - 36
[2023-05-07T00:03:54.944+0000] {logging_mixin.py:149} INFO - 37
[2023-05-07T00:03:54.945+0000] {logging_mixin.py:149} INFO - 38
[2023-05-07T00:03:54.946+0000] {logging_mixin.py:149} INFO - 39
[2023-05-07T00:03:54.948+0000] {logging_mixin.py:149} INFO - 40
[2023-05-07T00:03:54.950+0000] {logging_mixin.py:149} INFO - 41
[2023-05-07T00:03:54.951+0000] {logging_mixin.py:149} INFO - 42
[2023-05-07T00:03:54.952+0000] {logging_mixin.py:149} INFO - 43
[2023-05-07T00:03:54.953+0000] {logging_mixin.py:149} INFO - 44
[2023-05-07T00:03:54.954+0000] {logging_mixin.py:149} INFO - 45
[2023-05-07T00:03:54.955+0000] {logging_mixin.py:149} INFO - 46
[2023-05-07T00:03:54.957+0000] {logging_mixin.py:149} INFO - 47
[2023-05-07T00:03:54.959+0000] {logging_mixin.py:149} INFO - 48
[2023-05-07T00:03:54.960+0000] {logging_mixin.py:149} INFO - 49
[2023-05-07T00:03:54.961+0000] {logging_mixin.py:149} INFO - 50
[2023-05-07T00:03:54.962+0000] {logging_mixin.py:149} INFO - 51
[2023-05-07T00:03:54.963+0000] {logging_mixin.py:149} INFO - 52
[2023-05-07T00:03:54.963+0000] {logging_mixin.py:149} INFO - 53
[2023-05-07T00:03:54.964+0000] {logging_mixin.py:149} INFO - 54
[2023-05-07T00:03:54.965+0000] {logging_mixin.py:149} INFO - 55
[2023-05-07T00:03:54.966+0000] {logging_mixin.py:149} INFO - 56
[2023-05-07T00:03:54.967+0000] {logging_mixin.py:149} INFO - 57
[2023-05-07T00:03:54.968+0000] {logging_mixin.py:149} INFO - 58
[2023-05-07T00:03:54.970+0000] {logging_mixin.py:149} INFO - 59
[2023-05-07T00:03:54.971+0000] {logging_mixin.py:149} INFO - 60
[2023-05-07T00:03:54.972+0000] {logging_mixin.py:149} INFO - 61
[2023-05-07T00:03:54.974+0000] {logging_mixin.py:149} INFO - 62
[2023-05-07T00:03:54.975+0000] {logging_mixin.py:149} INFO - 63
[2023-05-07T00:03:54.976+0000] {logging_mixin.py:149} INFO - 64
[2023-05-07T00:03:54.977+0000] {logging_mixin.py:149} INFO - 65
[2023-05-07T00:03:54.978+0000] {logging_mixin.py:149} INFO - 66
[2023-05-07T00:03:54.980+0000] {logging_mixin.py:149} INFO - 67
[2023-05-07T00:03:54.980+0000] {logging_mixin.py:149} INFO - 68
[2023-05-07T00:03:54.981+0000] {logging_mixin.py:149} INFO - 69
[2023-05-07T00:03:54.982+0000] {logging_mixin.py:149} INFO - 70
[2023-05-07T00:03:54.984+0000] {logging_mixin.py:149} INFO - 71
[2023-05-07T00:03:54.985+0000] {logging_mixin.py:149} INFO - 72
[2023-05-07T00:03:54.986+0000] {logging_mixin.py:149} INFO - 73
[2023-05-07T00:03:54.987+0000] {logging_mixin.py:149} INFO - 74
[2023-05-07T00:03:54.988+0000] {logging_mixin.py:149} INFO - 75
[2023-05-07T00:03:54.989+0000] {logging_mixin.py:149} INFO - 76
[2023-05-07T00:03:54.990+0000] {logging_mixin.py:149} INFO - 77
[2023-05-07T00:03:54.992+0000] {logging_mixin.py:149} INFO - 78
[2023-05-07T00:03:54.993+0000] {logging_mixin.py:149} INFO - 79
[2023-05-07T00:03:54.994+0000] {logging_mixin.py:149} INFO - 80
[2023-05-07T00:03:54.996+0000] {logging_mixin.py:149} INFO - 81
[2023-05-07T00:03:54.997+0000] {logging_mixin.py:149} INFO - 82
[2023-05-07T00:03:54.998+0000] {logging_mixin.py:149} INFO - 83
[2023-05-07T00:03:55.000+0000] {logging_mixin.py:149} INFO - 84
[2023-05-07T00:03:55.002+0000] {logging_mixin.py:149} INFO - 85
[2023-05-07T00:03:55.003+0000] {logging_mixin.py:149} INFO - 86
[2023-05-07T00:03:55.004+0000] {logging_mixin.py:149} INFO - 87
[2023-05-07T00:03:55.005+0000] {logging_mixin.py:149} INFO - 88
[2023-05-07T00:03:55.006+0000] {logging_mixin.py:149} INFO - 89
[2023-05-07T00:03:55.009+0000] {logging_mixin.py:149} INFO - 90
[2023-05-07T00:03:55.010+0000] {logging_mixin.py:149} INFO - 91
[2023-05-07T00:03:55.011+0000] {logging_mixin.py:149} INFO - 92
[2023-05-07T00:03:55.012+0000] {logging_mixin.py:149} INFO - 93
[2023-05-07T00:03:55.015+0000] {logging_mixin.py:149} INFO - 94
[2023-05-07T00:03:55.017+0000] {logging_mixin.py:149} INFO - 95
[2023-05-07T00:03:55.018+0000] {logging_mixin.py:149} INFO - 96
[2023-05-07T00:03:55.019+0000] {logging_mixin.py:149} INFO - 97
[2023-05-07T00:03:55.020+0000] {logging_mixin.py:149} INFO - 98
[2023-05-07T00:03:55.021+0000] {logging_mixin.py:149} INFO - 99
[2023-05-07T00:03:55.034+0000] {python.py:183} INFO - Done. Returned value was: None
[2023-05-07T00:03:55.042+0000] {taskinstance.py:1373} INFO - Marking task as SUCCESS. dag_id=Summer_Warped_ETL, task_id=GetSongsFromPlaylist, execution_date=20230506T220218, start_date=20230507T000354, end_date=20230507T000355
[2023-05-07T00:03:55.058+0000] {local_task_job_runner.py:232} INFO - Task exited with return code 0
[2023-05-07T00:03:55.076+0000] {taskinstance.py:2674} INFO - 2 downstream tasks scheduled from follow-on schedule check
