[2023-05-06T22:54:06.553+0000] {taskinstance.py:1125} INFO - Dependencies all met for dep_context=non-requeueable deps ti=<TaskInstance: Summer_Warped_ETL.GetSongsFromPlaylist manual__2023-05-06T22:02:18.022658+00:00 [queued]>
[2023-05-06T22:54:06.559+0000] {taskinstance.py:1125} INFO - Dependencies all met for dep_context=requeueable deps ti=<TaskInstance: Summer_Warped_ETL.GetSongsFromPlaylist manual__2023-05-06T22:02:18.022658+00:00 [queued]>
[2023-05-06T22:54:06.559+0000] {taskinstance.py:1331} INFO - Starting attempt 7 of 9
[2023-05-06T22:54:06.566+0000] {taskinstance.py:1350} INFO - Executing <Task(PythonOperator): GetSongsFromPlaylist> on 2023-05-06 22:02:18.022658+00:00
[2023-05-06T22:54:06.571+0000] {standard_task_runner.py:57} INFO - Started process 1722 to run task
[2023-05-06T22:54:06.575+0000] {standard_task_runner.py:84} INFO - Running: ['***', 'tasks', 'run', 'Summer_Warped_ETL', 'GetSongsFromPlaylist', 'manual__2023-05-06T22:02:18.022658+00:00', '--job-id', '459', '--raw', '--subdir', 'DAGS_FOLDER/warped-dag.py', '--cfg-path', '/tmp/tmp_96hg5qe']
[2023-05-06T22:54:06.575+0000] {standard_task_runner.py:85} INFO - Job 459: Subtask GetSongsFromPlaylist
[2023-05-06T22:54:06.616+0000] {task_command.py:410} INFO - Running <TaskInstance: Summer_Warped_ETL.GetSongsFromPlaylist manual__2023-05-06T22:02:18.022658+00:00 [running]> on host b60ed7c33f68
[2023-05-06T22:54:06.674+0000] {taskinstance.py:1570} INFO - Exporting env vars: AIRFLOW_CTX_DAG_OWNER='Ananta Moharana' AIRFLOW_CTX_DAG_ID='Summer_Warped_ETL' AIRFLOW_CTX_TASK_ID='GetSongsFromPlaylist' AIRFLOW_CTX_EXECUTION_DATE='2023-05-06T22:02:18.022658+00:00' AIRFLOW_CTX_TRY_NUMBER='7' AIRFLOW_CTX_DAG_RUN_ID='manual__2023-05-06T22:02:18.022658+00:00'
[2023-05-06T22:54:07.217+0000] {logging_mixin.py:149} INFO - 100
[2023-05-06T22:54:07.219+0000] {logging_mixin.py:149} INFO - 0
[2023-05-06T22:54:07.223+0000] {logging_mixin.py:149} INFO - 1
[2023-05-06T22:54:07.226+0000] {logging_mixin.py:149} INFO - 2
[2023-05-06T22:54:07.229+0000] {logging_mixin.py:149} INFO - 3
[2023-05-06T22:54:07.231+0000] {logging_mixin.py:149} INFO - 4
[2023-05-06T22:54:07.234+0000] {logging_mixin.py:149} INFO - 5
[2023-05-06T22:54:07.236+0000] {logging_mixin.py:149} INFO - 6
[2023-05-06T22:54:07.239+0000] {logging_mixin.py:149} INFO - 7
[2023-05-06T22:54:07.242+0000] {logging_mixin.py:149} INFO - 8
[2023-05-06T22:54:07.244+0000] {logging_mixin.py:149} INFO - 9
[2023-05-06T22:54:07.245+0000] {logging_mixin.py:149} INFO - 10
[2023-05-06T22:54:07.248+0000] {logging_mixin.py:149} INFO - 11
[2023-05-06T22:54:07.250+0000] {logging_mixin.py:149} INFO - 12
[2023-05-06T22:54:07.251+0000] {logging_mixin.py:149} INFO - 13
[2023-05-06T22:54:07.254+0000] {logging_mixin.py:149} INFO - 14
[2023-05-06T22:54:07.255+0000] {logging_mixin.py:149} INFO - 15
[2023-05-06T22:54:07.257+0000] {logging_mixin.py:149} INFO - 16
[2023-05-06T22:54:07.258+0000] {logging_mixin.py:149} INFO - 17
[2023-05-06T22:54:07.260+0000] {logging_mixin.py:149} INFO - 18
[2023-05-06T22:54:07.261+0000] {logging_mixin.py:149} INFO - 19
[2023-05-06T22:54:07.263+0000] {logging_mixin.py:149} INFO - 20
[2023-05-06T22:54:07.264+0000] {logging_mixin.py:149} INFO - 21
[2023-05-06T22:54:07.265+0000] {logging_mixin.py:149} INFO - 22
[2023-05-06T22:54:07.266+0000] {logging_mixin.py:149} INFO - 23
[2023-05-06T22:54:07.268+0000] {logging_mixin.py:149} INFO - 24
[2023-05-06T22:54:07.269+0000] {logging_mixin.py:149} INFO - 25
[2023-05-06T22:54:07.270+0000] {logging_mixin.py:149} INFO - 26
[2023-05-06T22:54:07.271+0000] {logging_mixin.py:149} INFO - 27
[2023-05-06T22:54:07.274+0000] {logging_mixin.py:149} INFO - 28
[2023-05-06T22:54:07.275+0000] {logging_mixin.py:149} INFO - 29
[2023-05-06T22:54:07.276+0000] {logging_mixin.py:149} INFO - 30
[2023-05-06T22:54:07.277+0000] {logging_mixin.py:149} INFO - 31
[2023-05-06T22:54:07.278+0000] {logging_mixin.py:149} INFO - 32
[2023-05-06T22:54:07.280+0000] {logging_mixin.py:149} INFO - 33
[2023-05-06T22:54:07.281+0000] {logging_mixin.py:149} INFO - 34
[2023-05-06T22:54:07.282+0000] {logging_mixin.py:149} INFO - 35
[2023-05-06T22:54:07.283+0000] {logging_mixin.py:149} INFO - 36
[2023-05-06T22:54:07.285+0000] {logging_mixin.py:149} INFO - 37
[2023-05-06T22:54:07.286+0000] {logging_mixin.py:149} INFO - 38
[2023-05-06T22:54:07.287+0000] {logging_mixin.py:149} INFO - 39
[2023-05-06T22:54:07.289+0000] {logging_mixin.py:149} INFO - 40
[2023-05-06T22:54:07.290+0000] {logging_mixin.py:149} INFO - 41
[2023-05-06T22:54:07.291+0000] {logging_mixin.py:149} INFO - 42
[2023-05-06T22:54:07.292+0000] {logging_mixin.py:149} INFO - 43
[2023-05-06T22:54:07.293+0000] {logging_mixin.py:149} INFO - 44
[2023-05-06T22:54:07.294+0000] {logging_mixin.py:149} INFO - 45
[2023-05-06T22:54:07.295+0000] {logging_mixin.py:149} INFO - 46
[2023-05-06T22:54:07.297+0000] {logging_mixin.py:149} INFO - 47
[2023-05-06T22:54:07.298+0000] {logging_mixin.py:149} INFO - 48
[2023-05-06T22:54:07.299+0000] {logging_mixin.py:149} INFO - 49
[2023-05-06T22:54:07.300+0000] {logging_mixin.py:149} INFO - 50
[2023-05-06T22:54:07.301+0000] {logging_mixin.py:149} INFO - 51
[2023-05-06T22:54:07.302+0000] {logging_mixin.py:149} INFO - 52
[2023-05-06T22:54:07.303+0000] {logging_mixin.py:149} INFO - 53
[2023-05-06T22:54:07.304+0000] {logging_mixin.py:149} INFO - 54
[2023-05-06T22:54:07.305+0000] {logging_mixin.py:149} INFO - 55
[2023-05-06T22:54:07.306+0000] {logging_mixin.py:149} INFO - 56
[2023-05-06T22:54:07.307+0000] {logging_mixin.py:149} INFO - 57
[2023-05-06T22:54:07.308+0000] {logging_mixin.py:149} INFO - 58
[2023-05-06T22:54:07.310+0000] {logging_mixin.py:149} INFO - 59
[2023-05-06T22:54:07.311+0000] {logging_mixin.py:149} INFO - 60
[2023-05-06T22:54:07.312+0000] {logging_mixin.py:149} INFO - 61
[2023-05-06T22:54:07.313+0000] {logging_mixin.py:149} INFO - 62
[2023-05-06T22:54:07.314+0000] {logging_mixin.py:149} INFO - 63
[2023-05-06T22:54:07.315+0000] {logging_mixin.py:149} INFO - 64
[2023-05-06T22:54:07.316+0000] {logging_mixin.py:149} INFO - 65
[2023-05-06T22:54:07.318+0000] {logging_mixin.py:149} INFO - 66
[2023-05-06T22:54:07.319+0000] {logging_mixin.py:149} INFO - 67
[2023-05-06T22:54:07.320+0000] {logging_mixin.py:149} INFO - 68
[2023-05-06T22:54:07.322+0000] {logging_mixin.py:149} INFO - 69
[2023-05-06T22:54:07.323+0000] {logging_mixin.py:149} INFO - 70
[2023-05-06T22:54:07.324+0000] {logging_mixin.py:149} INFO - 71
[2023-05-06T22:54:07.325+0000] {logging_mixin.py:149} INFO - 72
[2023-05-06T22:54:07.327+0000] {logging_mixin.py:149} INFO - 73
[2023-05-06T22:54:07.328+0000] {logging_mixin.py:149} INFO - 74
[2023-05-06T22:54:07.329+0000] {logging_mixin.py:149} INFO - 75
[2023-05-06T22:54:07.330+0000] {logging_mixin.py:149} INFO - 76
[2023-05-06T22:54:07.331+0000] {logging_mixin.py:149} INFO - 77
[2023-05-06T22:54:07.333+0000] {logging_mixin.py:149} INFO - 78
[2023-05-06T22:54:07.334+0000] {logging_mixin.py:149} INFO - 79
[2023-05-06T22:54:07.335+0000] {logging_mixin.py:149} INFO - 80
[2023-05-06T22:54:07.337+0000] {logging_mixin.py:149} INFO - 81
[2023-05-06T22:54:07.338+0000] {logging_mixin.py:149} INFO - 82
[2023-05-06T22:54:07.339+0000] {logging_mixin.py:149} INFO - 83
[2023-05-06T22:54:07.341+0000] {logging_mixin.py:149} INFO - 84
[2023-05-06T22:54:07.342+0000] {logging_mixin.py:149} INFO - 85
[2023-05-06T22:54:07.344+0000] {logging_mixin.py:149} INFO - 86
[2023-05-06T22:54:07.345+0000] {logging_mixin.py:149} INFO - 87
[2023-05-06T22:54:07.346+0000] {logging_mixin.py:149} INFO - 88
[2023-05-06T22:54:07.347+0000] {logging_mixin.py:149} INFO - 89
[2023-05-06T22:54:07.349+0000] {logging_mixin.py:149} INFO - 90
[2023-05-06T22:54:07.350+0000] {logging_mixin.py:149} INFO - 91
[2023-05-06T22:54:07.351+0000] {logging_mixin.py:149} INFO - 92
[2023-05-06T22:54:07.352+0000] {logging_mixin.py:149} INFO - 93
[2023-05-06T22:54:07.354+0000] {logging_mixin.py:149} INFO - 94
[2023-05-06T22:54:07.357+0000] {logging_mixin.py:149} INFO - 95
[2023-05-06T22:54:07.358+0000] {logging_mixin.py:149} INFO - 96
[2023-05-06T22:54:07.359+0000] {logging_mixin.py:149} INFO - 97
[2023-05-06T22:54:07.360+0000] {logging_mixin.py:149} INFO - 98
[2023-05-06T22:54:07.361+0000] {logging_mixin.py:149} INFO - 99
[2023-05-06T22:54:07.374+0000] {python.py:183} INFO - Done. Returned value was: None
[2023-05-06T22:54:07.381+0000] {taskinstance.py:1373} INFO - Marking task as SUCCESS. dag_id=Summer_Warped_ETL, task_id=GetSongsFromPlaylist, execution_date=20230506T220218, start_date=20230506T225406, end_date=20230506T225407
[2023-05-06T22:54:07.403+0000] {local_task_job_runner.py:232} INFO - Task exited with return code 0
[2023-05-06T22:54:07.424+0000] {taskinstance.py:2674} INFO - 2 downstream tasks scheduled from follow-on schedule check
