[2023-05-06T22:02:22.127+0000] {taskinstance.py:1125} INFO - Dependencies all met for dep_context=non-requeueable deps ti=<TaskInstance: Summer_Warped_ETL.GetSongsFromPlaylist manual__2023-05-06T22:02:18.022658+00:00 [queued]>
[2023-05-06T22:02:22.132+0000] {taskinstance.py:1125} INFO - Dependencies all met for dep_context=requeueable deps ti=<TaskInstance: Summer_Warped_ETL.GetSongsFromPlaylist manual__2023-05-06T22:02:18.022658+00:00 [queued]>
[2023-05-06T22:02:22.133+0000] {taskinstance.py:1331} INFO - Starting attempt 1 of 3
[2023-05-06T22:02:22.140+0000] {taskinstance.py:1350} INFO - Executing <Task(PythonOperator): GetSongsFromPlaylist> on 2023-05-06 22:02:18.022658+00:00
[2023-05-06T22:02:22.144+0000] {standard_task_runner.py:57} INFO - Started process 702 to run task
[2023-05-06T22:02:22.148+0000] {standard_task_runner.py:84} INFO - Running: ['***', 'tasks', 'run', 'Summer_Warped_ETL', 'GetSongsFromPlaylist', 'manual__2023-05-06T22:02:18.022658+00:00', '--job-id', '370', '--raw', '--subdir', 'DAGS_FOLDER/warped-dag.py', '--cfg-path', '/tmp/tmp6siur4ja']
[2023-05-06T22:02:22.152+0000] {standard_task_runner.py:85} INFO - Job 370: Subtask GetSongsFromPlaylist
[2023-05-06T22:02:22.200+0000] {task_command.py:410} INFO - Running <TaskInstance: Summer_Warped_ETL.GetSongsFromPlaylist manual__2023-05-06T22:02:18.022658+00:00 [running]> on host b60ed7c33f68
[2023-05-06T22:02:22.258+0000] {taskinstance.py:1570} INFO - Exporting env vars: AIRFLOW_CTX_DAG_OWNER='Ananta Moharana' AIRFLOW_CTX_DAG_ID='Summer_Warped_ETL' AIRFLOW_CTX_TASK_ID='GetSongsFromPlaylist' AIRFLOW_CTX_EXECUTION_DATE='2023-05-06T22:02:18.022658+00:00' AIRFLOW_CTX_TRY_NUMBER='1' AIRFLOW_CTX_DAG_RUN_ID='manual__2023-05-06T22:02:18.022658+00:00'
[2023-05-06T22:02:22.626+0000] {logging_mixin.py:149} INFO - 100
[2023-05-06T22:02:22.627+0000] {logging_mixin.py:149} INFO - 0
[2023-05-06T22:02:22.629+0000] {logging_mixin.py:149} INFO - 1
[2023-05-06T22:02:22.632+0000] {logging_mixin.py:149} INFO - 2
[2023-05-06T22:02:22.633+0000] {logging_mixin.py:149} INFO - 3
[2023-05-06T22:02:22.635+0000] {logging_mixin.py:149} INFO - 4
[2023-05-06T22:02:22.637+0000] {logging_mixin.py:149} INFO - 5
[2023-05-06T22:02:22.638+0000] {logging_mixin.py:149} INFO - 6
[2023-05-06T22:02:22.640+0000] {logging_mixin.py:149} INFO - 7
[2023-05-06T22:02:22.642+0000] {logging_mixin.py:149} INFO - 8
[2023-05-06T22:02:22.643+0000] {logging_mixin.py:149} INFO - 9
[2023-05-06T22:02:22.644+0000] {logging_mixin.py:149} INFO - 10
[2023-05-06T22:02:22.646+0000] {logging_mixin.py:149} INFO - 11
[2023-05-06T22:02:22.648+0000] {logging_mixin.py:149} INFO - 12
[2023-05-06T22:02:22.649+0000] {logging_mixin.py:149} INFO - 13
[2023-05-06T22:02:22.651+0000] {logging_mixin.py:149} INFO - 14
[2023-05-06T22:02:22.653+0000] {logging_mixin.py:149} INFO - 15
[2023-05-06T22:02:22.654+0000] {logging_mixin.py:149} INFO - 16
[2023-05-06T22:02:22.655+0000] {logging_mixin.py:149} INFO - 17
[2023-05-06T22:02:22.657+0000] {logging_mixin.py:149} INFO - 18
[2023-05-06T22:02:22.659+0000] {logging_mixin.py:149} INFO - 19
[2023-05-06T22:02:22.660+0000] {logging_mixin.py:149} INFO - 20
[2023-05-06T22:02:22.661+0000] {logging_mixin.py:149} INFO - 21
[2023-05-06T22:02:22.662+0000] {logging_mixin.py:149} INFO - 22
[2023-05-06T22:02:22.663+0000] {logging_mixin.py:149} INFO - 23
[2023-05-06T22:02:22.664+0000] {logging_mixin.py:149} INFO - 24
[2023-05-06T22:02:22.665+0000] {logging_mixin.py:149} INFO - 25
[2023-05-06T22:02:22.666+0000] {logging_mixin.py:149} INFO - 26
[2023-05-06T22:02:22.667+0000] {logging_mixin.py:149} INFO - 27
[2023-05-06T22:02:22.670+0000] {logging_mixin.py:149} INFO - 28
[2023-05-06T22:02:22.671+0000] {logging_mixin.py:149} INFO - 29
[2023-05-06T22:02:22.672+0000] {logging_mixin.py:149} INFO - 30
[2023-05-06T22:02:22.673+0000] {logging_mixin.py:149} INFO - 31
[2023-05-06T22:02:22.674+0000] {logging_mixin.py:149} INFO - 32
[2023-05-06T22:02:22.675+0000] {logging_mixin.py:149} INFO - 33
[2023-05-06T22:02:22.676+0000] {logging_mixin.py:149} INFO - 34
[2023-05-06T22:02:22.677+0000] {logging_mixin.py:149} INFO - 35
[2023-05-06T22:02:22.679+0000] {logging_mixin.py:149} INFO - 36
[2023-05-06T22:02:22.681+0000] {logging_mixin.py:149} INFO - 37
[2023-05-06T22:02:22.682+0000] {logging_mixin.py:149} INFO - 38
[2023-05-06T22:02:22.683+0000] {logging_mixin.py:149} INFO - 39
[2023-05-06T22:02:22.684+0000] {logging_mixin.py:149} INFO - 40
[2023-05-06T22:02:22.686+0000] {logging_mixin.py:149} INFO - 41
[2023-05-06T22:02:22.687+0000] {logging_mixin.py:149} INFO - 42
[2023-05-06T22:02:22.688+0000] {logging_mixin.py:149} INFO - 43
[2023-05-06T22:02:22.689+0000] {logging_mixin.py:149} INFO - 44
[2023-05-06T22:02:22.690+0000] {logging_mixin.py:149} INFO - 45
[2023-05-06T22:02:22.691+0000] {logging_mixin.py:149} INFO - 46
[2023-05-06T22:02:22.693+0000] {logging_mixin.py:149} INFO - 47
[2023-05-06T22:02:22.694+0000] {logging_mixin.py:149} INFO - 48
[2023-05-06T22:02:22.695+0000] {logging_mixin.py:149} INFO - 49
[2023-05-06T22:02:22.696+0000] {logging_mixin.py:149} INFO - 50
[2023-05-06T22:02:22.697+0000] {logging_mixin.py:149} INFO - 51
[2023-05-06T22:02:22.698+0000] {logging_mixin.py:149} INFO - 52
[2023-05-06T22:02:22.699+0000] {logging_mixin.py:149} INFO - 53
[2023-05-06T22:02:22.700+0000] {logging_mixin.py:149} INFO - 54
[2023-05-06T22:02:22.701+0000] {logging_mixin.py:149} INFO - 55
[2023-05-06T22:02:22.702+0000] {logging_mixin.py:149} INFO - 56
[2023-05-06T22:02:22.703+0000] {logging_mixin.py:149} INFO - 57
[2023-05-06T22:02:22.704+0000] {logging_mixin.py:149} INFO - 58
[2023-05-06T22:02:22.706+0000] {logging_mixin.py:149} INFO - 59
[2023-05-06T22:02:22.707+0000] {logging_mixin.py:149} INFO - 60
[2023-05-06T22:02:22.708+0000] {logging_mixin.py:149} INFO - 61
[2023-05-06T22:02:22.709+0000] {logging_mixin.py:149} INFO - 62
[2023-05-06T22:02:22.710+0000] {logging_mixin.py:149} INFO - 63
[2023-05-06T22:02:22.711+0000] {logging_mixin.py:149} INFO - 64
[2023-05-06T22:02:22.712+0000] {logging_mixin.py:149} INFO - 65
[2023-05-06T22:02:22.714+0000] {logging_mixin.py:149} INFO - 66
[2023-05-06T22:02:22.715+0000] {logging_mixin.py:149} INFO - 67
[2023-05-06T22:02:22.717+0000] {logging_mixin.py:149} INFO - 68
[2023-05-06T22:02:22.718+0000] {logging_mixin.py:149} INFO - 69
[2023-05-06T22:02:22.719+0000] {logging_mixin.py:149} INFO - 70
[2023-05-06T22:02:22.721+0000] {logging_mixin.py:149} INFO - 71
[2023-05-06T22:02:22.722+0000] {logging_mixin.py:149} INFO - 72
[2023-05-06T22:02:22.724+0000] {logging_mixin.py:149} INFO - 73
[2023-05-06T22:02:22.725+0000] {logging_mixin.py:149} INFO - 74
[2023-05-06T22:02:22.726+0000] {logging_mixin.py:149} INFO - 75
[2023-05-06T22:02:22.727+0000] {logging_mixin.py:149} INFO - 76
[2023-05-06T22:02:22.728+0000] {logging_mixin.py:149} INFO - 77
[2023-05-06T22:02:22.730+0000] {logging_mixin.py:149} INFO - 78
[2023-05-06T22:02:22.732+0000] {logging_mixin.py:149} INFO - 79
[2023-05-06T22:02:22.733+0000] {logging_mixin.py:149} INFO - 80
[2023-05-06T22:02:22.735+0000] {logging_mixin.py:149} INFO - 81
[2023-05-06T22:02:22.737+0000] {logging_mixin.py:149} INFO - 82
[2023-05-06T22:02:22.738+0000] {logging_mixin.py:149} INFO - 83
[2023-05-06T22:02:22.739+0000] {logging_mixin.py:149} INFO - 84
[2023-05-06T22:02:22.741+0000] {logging_mixin.py:149} INFO - 85
[2023-05-06T22:02:22.743+0000] {logging_mixin.py:149} INFO - 86
[2023-05-06T22:02:22.744+0000] {logging_mixin.py:149} INFO - 87
[2023-05-06T22:02:22.745+0000] {logging_mixin.py:149} INFO - 88
[2023-05-06T22:02:22.746+0000] {logging_mixin.py:149} INFO - 89
[2023-05-06T22:02:22.748+0000] {logging_mixin.py:149} INFO - 90
[2023-05-06T22:02:22.749+0000] {logging_mixin.py:149} INFO - 91
[2023-05-06T22:02:22.750+0000] {logging_mixin.py:149} INFO - 92
[2023-05-06T22:02:22.752+0000] {logging_mixin.py:149} INFO - 93
[2023-05-06T22:02:22.754+0000] {logging_mixin.py:149} INFO - 94
[2023-05-06T22:02:22.756+0000] {logging_mixin.py:149} INFO - 95
[2023-05-06T22:02:22.757+0000] {logging_mixin.py:149} INFO - 96
[2023-05-06T22:02:22.758+0000] {logging_mixin.py:149} INFO - 97
[2023-05-06T22:02:22.759+0000] {logging_mixin.py:149} INFO - 98
[2023-05-06T22:02:22.760+0000] {logging_mixin.py:149} INFO - 99
[2023-05-06T22:02:22.774+0000] {python.py:183} INFO - Done. Returned value was: None
[2023-05-06T22:02:22.782+0000] {taskinstance.py:1373} INFO - Marking task as SUCCESS. dag_id=Summer_Warped_ETL, task_id=GetSongsFromPlaylist, execution_date=20230506T220218, start_date=20230506T220222, end_date=20230506T220222
[2023-05-06T22:02:22.815+0000] {local_task_job_runner.py:232} INFO - Task exited with return code 0
[2023-05-06T22:02:22.837+0000] {taskinstance.py:2674} INFO - 2 downstream tasks scheduled from follow-on schedule check
