[2023-05-06T22:04:38.765+0000] {taskinstance.py:1125} INFO - Dependencies all met for dep_context=non-requeueable deps ti=<TaskInstance: Summer_Warped_ETL.GetSongsFromPlaylist manual__2023-05-06T22:02:18.022658+00:00 [queued]>
[2023-05-06T22:04:38.773+0000] {taskinstance.py:1125} INFO - Dependencies all met for dep_context=requeueable deps ti=<TaskInstance: Summer_Warped_ETL.GetSongsFromPlaylist manual__2023-05-06T22:02:18.022658+00:00 [queued]>
[2023-05-06T22:04:38.774+0000] {taskinstance.py:1331} INFO - Starting attempt 2 of 4
[2023-05-06T22:04:38.785+0000] {taskinstance.py:1350} INFO - Executing <Task(PythonOperator): GetSongsFromPlaylist> on 2023-05-06 22:02:18.022658+00:00
[2023-05-06T22:04:38.792+0000] {standard_task_runner.py:57} INFO - Started process 816 to run task
[2023-05-06T22:04:38.798+0000] {standard_task_runner.py:84} INFO - Running: ['***', 'tasks', 'run', 'Summer_Warped_ETL', 'GetSongsFromPlaylist', 'manual__2023-05-06T22:02:18.022658+00:00', '--job-id', '389', '--raw', '--subdir', 'DAGS_FOLDER/warped-dag.py', '--cfg-path', '/tmp/tmpun7ne_ch']
[2023-05-06T22:04:38.799+0000] {standard_task_runner.py:85} INFO - Job 389: Subtask GetSongsFromPlaylist
[2023-05-06T22:04:38.849+0000] {task_command.py:410} INFO - Running <TaskInstance: Summer_Warped_ETL.GetSongsFromPlaylist manual__2023-05-06T22:02:18.022658+00:00 [running]> on host b60ed7c33f68
[2023-05-06T22:04:38.914+0000] {taskinstance.py:1570} INFO - Exporting env vars: AIRFLOW_CTX_DAG_OWNER='Ananta Moharana' AIRFLOW_CTX_DAG_ID='Summer_Warped_ETL' AIRFLOW_CTX_TASK_ID='GetSongsFromPlaylist' AIRFLOW_CTX_EXECUTION_DATE='2023-05-06T22:02:18.022658+00:00' AIRFLOW_CTX_TRY_NUMBER='2' AIRFLOW_CTX_DAG_RUN_ID='manual__2023-05-06T22:02:18.022658+00:00'
[2023-05-06T22:04:39.420+0000] {logging_mixin.py:149} INFO - 100
[2023-05-06T22:04:39.421+0000] {logging_mixin.py:149} INFO - 0
[2023-05-06T22:04:39.424+0000] {logging_mixin.py:149} INFO - 1
[2023-05-06T22:04:39.426+0000] {logging_mixin.py:149} INFO - 2
[2023-05-06T22:04:39.428+0000] {logging_mixin.py:149} INFO - 3
[2023-05-06T22:04:39.429+0000] {logging_mixin.py:149} INFO - 4
[2023-05-06T22:04:39.431+0000] {logging_mixin.py:149} INFO - 5
[2023-05-06T22:04:39.432+0000] {logging_mixin.py:149} INFO - 6
[2023-05-06T22:04:39.434+0000] {logging_mixin.py:149} INFO - 7
[2023-05-06T22:04:39.436+0000] {logging_mixin.py:149} INFO - 8
[2023-05-06T22:04:39.437+0000] {logging_mixin.py:149} INFO - 9
[2023-05-06T22:04:39.439+0000] {logging_mixin.py:149} INFO - 10
[2023-05-06T22:04:39.440+0000] {logging_mixin.py:149} INFO - 11
[2023-05-06T22:04:39.442+0000] {logging_mixin.py:149} INFO - 12
[2023-05-06T22:04:39.443+0000] {logging_mixin.py:149} INFO - 13
[2023-05-06T22:04:39.445+0000] {logging_mixin.py:149} INFO - 14
[2023-05-06T22:04:39.446+0000] {logging_mixin.py:149} INFO - 15
[2023-05-06T22:04:39.447+0000] {logging_mixin.py:149} INFO - 16
[2023-05-06T22:04:39.449+0000] {logging_mixin.py:149} INFO - 17
[2023-05-06T22:04:39.450+0000] {logging_mixin.py:149} INFO - 18
[2023-05-06T22:04:39.452+0000] {logging_mixin.py:149} INFO - 19
[2023-05-06T22:04:39.453+0000] {logging_mixin.py:149} INFO - 20
[2023-05-06T22:04:39.454+0000] {logging_mixin.py:149} INFO - 21
[2023-05-06T22:04:39.455+0000] {logging_mixin.py:149} INFO - 22
[2023-05-06T22:04:39.456+0000] {logging_mixin.py:149} INFO - 23
[2023-05-06T22:04:39.458+0000] {logging_mixin.py:149} INFO - 24
[2023-05-06T22:04:39.459+0000] {logging_mixin.py:149} INFO - 25
[2023-05-06T22:04:39.461+0000] {logging_mixin.py:149} INFO - 26
[2023-05-06T22:04:39.462+0000] {logging_mixin.py:149} INFO - 27
[2023-05-06T22:04:39.467+0000] {logging_mixin.py:149} INFO - 28
[2023-05-06T22:04:39.468+0000] {logging_mixin.py:149} INFO - 29
[2023-05-06T22:04:39.469+0000] {logging_mixin.py:149} INFO - 30
[2023-05-06T22:04:39.471+0000] {logging_mixin.py:149} INFO - 31
[2023-05-06T22:04:39.472+0000] {logging_mixin.py:149} INFO - 32
[2023-05-06T22:04:39.474+0000] {logging_mixin.py:149} INFO - 33
[2023-05-06T22:04:39.475+0000] {logging_mixin.py:149} INFO - 34
[2023-05-06T22:04:39.477+0000] {logging_mixin.py:149} INFO - 35
[2023-05-06T22:04:39.478+0000] {logging_mixin.py:149} INFO - 36
[2023-05-06T22:04:39.481+0000] {logging_mixin.py:149} INFO - 37
[2023-05-06T22:04:39.482+0000] {logging_mixin.py:149} INFO - 38
[2023-05-06T22:04:39.484+0000] {logging_mixin.py:149} INFO - 39
[2023-05-06T22:04:39.486+0000] {logging_mixin.py:149} INFO - 40
[2023-05-06T22:04:39.488+0000] {logging_mixin.py:149} INFO - 41
[2023-05-06T22:04:39.489+0000] {logging_mixin.py:149} INFO - 42
[2023-05-06T22:04:39.490+0000] {logging_mixin.py:149} INFO - 43
[2023-05-06T22:04:39.491+0000] {logging_mixin.py:149} INFO - 44
[2023-05-06T22:04:39.492+0000] {logging_mixin.py:149} INFO - 45
[2023-05-06T22:04:39.494+0000] {logging_mixin.py:149} INFO - 46
[2023-05-06T22:04:39.496+0000] {logging_mixin.py:149} INFO - 47
[2023-05-06T22:04:39.498+0000] {logging_mixin.py:149} INFO - 48
[2023-05-06T22:04:39.499+0000] {logging_mixin.py:149} INFO - 49
[2023-05-06T22:04:39.501+0000] {logging_mixin.py:149} INFO - 50
[2023-05-06T22:04:39.502+0000] {logging_mixin.py:149} INFO - 51
[2023-05-06T22:04:39.503+0000] {logging_mixin.py:149} INFO - 52
[2023-05-06T22:04:39.504+0000] {logging_mixin.py:149} INFO - 53
[2023-05-06T22:04:39.506+0000] {logging_mixin.py:149} INFO - 54
[2023-05-06T22:04:39.507+0000] {logging_mixin.py:149} INFO - 55
[2023-05-06T22:04:39.508+0000] {logging_mixin.py:149} INFO - 56
[2023-05-06T22:04:39.509+0000] {logging_mixin.py:149} INFO - 57
[2023-05-06T22:04:39.511+0000] {logging_mixin.py:149} INFO - 58
[2023-05-06T22:04:39.513+0000] {logging_mixin.py:149} INFO - 59
[2023-05-06T22:04:39.514+0000] {logging_mixin.py:149} INFO - 60
[2023-05-06T22:04:39.515+0000] {logging_mixin.py:149} INFO - 61
[2023-05-06T22:04:39.516+0000] {logging_mixin.py:149} INFO - 62
[2023-05-06T22:04:39.517+0000] {logging_mixin.py:149} INFO - 63
[2023-05-06T22:04:39.519+0000] {logging_mixin.py:149} INFO - 64
[2023-05-06T22:04:39.521+0000] {logging_mixin.py:149} INFO - 65
[2023-05-06T22:04:39.523+0000] {logging_mixin.py:149} INFO - 66
[2023-05-06T22:04:39.525+0000] {logging_mixin.py:149} INFO - 67
[2023-05-06T22:04:39.526+0000] {logging_mixin.py:149} INFO - 68
[2023-05-06T22:04:39.527+0000] {logging_mixin.py:149} INFO - 69
[2023-05-06T22:04:39.529+0000] {logging_mixin.py:149} INFO - 70
[2023-05-06T22:04:39.531+0000] {logging_mixin.py:149} INFO - 71
[2023-05-06T22:04:39.532+0000] {logging_mixin.py:149} INFO - 72
[2023-05-06T22:04:39.534+0000] {logging_mixin.py:149} INFO - 73
[2023-05-06T22:04:39.536+0000] {logging_mixin.py:149} INFO - 74
[2023-05-06T22:04:39.537+0000] {logging_mixin.py:149} INFO - 75
[2023-05-06T22:04:39.538+0000] {logging_mixin.py:149} INFO - 76
[2023-05-06T22:04:39.539+0000] {logging_mixin.py:149} INFO - 77
[2023-05-06T22:04:39.541+0000] {logging_mixin.py:149} INFO - 78
[2023-05-06T22:04:39.542+0000] {logging_mixin.py:149} INFO - 79
[2023-05-06T22:04:39.544+0000] {logging_mixin.py:149} INFO - 80
[2023-05-06T22:04:39.546+0000] {logging_mixin.py:149} INFO - 81
[2023-05-06T22:04:39.547+0000] {logging_mixin.py:149} INFO - 82
[2023-05-06T22:04:39.549+0000] {logging_mixin.py:149} INFO - 83
[2023-05-06T22:04:39.550+0000] {logging_mixin.py:149} INFO - 84
[2023-05-06T22:04:39.553+0000] {logging_mixin.py:149} INFO - 85
[2023-05-06T22:04:39.555+0000] {logging_mixin.py:149} INFO - 86
[2023-05-06T22:04:39.556+0000] {logging_mixin.py:149} INFO - 87
[2023-05-06T22:04:39.557+0000] {logging_mixin.py:149} INFO - 88
[2023-05-06T22:04:39.558+0000] {logging_mixin.py:149} INFO - 89
[2023-05-06T22:04:39.561+0000] {logging_mixin.py:149} INFO - 90
[2023-05-06T22:04:39.562+0000] {logging_mixin.py:149} INFO - 91
[2023-05-06T22:04:39.563+0000] {logging_mixin.py:149} INFO - 92
[2023-05-06T22:04:39.565+0000] {logging_mixin.py:149} INFO - 93
[2023-05-06T22:04:39.568+0000] {logging_mixin.py:149} INFO - 94
[2023-05-06T22:04:39.570+0000] {logging_mixin.py:149} INFO - 95
[2023-05-06T22:04:39.572+0000] {logging_mixin.py:149} INFO - 96
[2023-05-06T22:04:39.573+0000] {logging_mixin.py:149} INFO - 97
[2023-05-06T22:04:39.574+0000] {logging_mixin.py:149} INFO - 98
[2023-05-06T22:04:39.575+0000] {logging_mixin.py:149} INFO - 99
[2023-05-06T22:04:39.590+0000] {python.py:183} INFO - Done. Returned value was: None
[2023-05-06T22:04:39.601+0000] {taskinstance.py:1373} INFO - Marking task as SUCCESS. dag_id=Summer_Warped_ETL, task_id=GetSongsFromPlaylist, execution_date=20230506T220218, start_date=20230506T220438, end_date=20230506T220439
[2023-05-06T22:04:39.622+0000] {local_task_job_runner.py:232} INFO - Task exited with return code 0
[2023-05-06T22:04:39.648+0000] {taskinstance.py:2674} INFO - 2 downstream tasks scheduled from follow-on schedule check
