[2023-05-06T22:25:18.044+0000] {taskinstance.py:1125} INFO - Dependencies all met for dep_context=non-requeueable deps ti=<TaskInstance: Summer_Warped_ETL.GetSongsFromPlaylist manual__2023-05-06T22:02:18.022658+00:00 [queued]>
[2023-05-06T22:25:18.048+0000] {taskinstance.py:1125} INFO - Dependencies all met for dep_context=requeueable deps ti=<TaskInstance: Summer_Warped_ETL.GetSongsFromPlaylist manual__2023-05-06T22:02:18.022658+00:00 [queued]>
[2023-05-06T22:25:18.049+0000] {taskinstance.py:1331} INFO - Starting attempt 3 of 5
[2023-05-06T22:25:18.056+0000] {taskinstance.py:1350} INFO - Executing <Task(PythonOperator): GetSongsFromPlaylist> on 2023-05-06 22:02:18.022658+00:00
[2023-05-06T22:25:18.062+0000] {standard_task_runner.py:57} INFO - Started process 972 to run task
[2023-05-06T22:25:18.066+0000] {standard_task_runner.py:84} INFO - Running: ['***', 'tasks', 'run', 'Summer_Warped_ETL', 'GetSongsFromPlaylist', 'manual__2023-05-06T22:02:18.022658+00:00', '--job-id', '400', '--raw', '--subdir', 'DAGS_FOLDER/warped-dag.py', '--cfg-path', '/tmp/tmpjyeaayt6']
[2023-05-06T22:25:18.067+0000] {standard_task_runner.py:85} INFO - Job 400: Subtask GetSongsFromPlaylist
[2023-05-06T22:25:18.109+0000] {task_command.py:410} INFO - Running <TaskInstance: Summer_Warped_ETL.GetSongsFromPlaylist manual__2023-05-06T22:02:18.022658+00:00 [running]> on host b60ed7c33f68
[2023-05-06T22:25:18.164+0000] {taskinstance.py:1570} INFO - Exporting env vars: AIRFLOW_CTX_DAG_OWNER='Ananta Moharana' AIRFLOW_CTX_DAG_ID='Summer_Warped_ETL' AIRFLOW_CTX_TASK_ID='GetSongsFromPlaylist' AIRFLOW_CTX_EXECUTION_DATE='2023-05-06T22:02:18.022658+00:00' AIRFLOW_CTX_TRY_NUMBER='3' AIRFLOW_CTX_DAG_RUN_ID='manual__2023-05-06T22:02:18.022658+00:00'
[2023-05-06T22:25:18.528+0000] {logging_mixin.py:149} INFO - 100
[2023-05-06T22:25:18.529+0000] {logging_mixin.py:149} INFO - 0
[2023-05-06T22:25:18.533+0000] {logging_mixin.py:149} INFO - 1
[2023-05-06T22:25:18.536+0000] {logging_mixin.py:149} INFO - 2
[2023-05-06T22:25:18.537+0000] {logging_mixin.py:149} INFO - 3
[2023-05-06T22:25:18.539+0000] {logging_mixin.py:149} INFO - 4
[2023-05-06T22:25:18.541+0000] {logging_mixin.py:149} INFO - 5
[2023-05-06T22:25:18.542+0000] {logging_mixin.py:149} INFO - 6
[2023-05-06T22:25:18.544+0000] {logging_mixin.py:149} INFO - 7
[2023-05-06T22:25:18.546+0000] {logging_mixin.py:149} INFO - 8
[2023-05-06T22:25:18.548+0000] {logging_mixin.py:149} INFO - 9
[2023-05-06T22:25:18.549+0000] {logging_mixin.py:149} INFO - 10
[2023-05-06T22:25:18.551+0000] {logging_mixin.py:149} INFO - 11
[2023-05-06T22:25:18.552+0000] {logging_mixin.py:149} INFO - 12
[2023-05-06T22:25:18.554+0000] {logging_mixin.py:149} INFO - 13
[2023-05-06T22:25:18.556+0000] {logging_mixin.py:149} INFO - 14
[2023-05-06T22:25:18.557+0000] {logging_mixin.py:149} INFO - 15
[2023-05-06T22:25:18.558+0000] {logging_mixin.py:149} INFO - 16
[2023-05-06T22:25:18.559+0000] {logging_mixin.py:149} INFO - 17
[2023-05-06T22:25:18.561+0000] {logging_mixin.py:149} INFO - 18
[2023-05-06T22:25:18.562+0000] {logging_mixin.py:149} INFO - 19
[2023-05-06T22:25:18.563+0000] {logging_mixin.py:149} INFO - 20
[2023-05-06T22:25:18.564+0000] {logging_mixin.py:149} INFO - 21
[2023-05-06T22:25:18.565+0000] {logging_mixin.py:149} INFO - 22
[2023-05-06T22:25:18.566+0000] {logging_mixin.py:149} INFO - 23
[2023-05-06T22:25:18.567+0000] {logging_mixin.py:149} INFO - 24
[2023-05-06T22:25:18.568+0000] {logging_mixin.py:149} INFO - 25
[2023-05-06T22:25:18.569+0000] {logging_mixin.py:149} INFO - 26
[2023-05-06T22:25:18.570+0000] {logging_mixin.py:149} INFO - 27
[2023-05-06T22:25:18.573+0000] {logging_mixin.py:149} INFO - 28
[2023-05-06T22:25:18.574+0000] {logging_mixin.py:149} INFO - 29
[2023-05-06T22:25:18.575+0000] {logging_mixin.py:149} INFO - 30
[2023-05-06T22:25:18.576+0000] {logging_mixin.py:149} INFO - 31
[2023-05-06T22:25:18.577+0000] {logging_mixin.py:149} INFO - 32
[2023-05-06T22:25:18.578+0000] {logging_mixin.py:149} INFO - 33
[2023-05-06T22:25:18.579+0000] {logging_mixin.py:149} INFO - 34
[2023-05-06T22:25:18.580+0000] {logging_mixin.py:149} INFO - 35
[2023-05-06T22:25:18.581+0000] {logging_mixin.py:149} INFO - 36
[2023-05-06T22:25:18.583+0000] {logging_mixin.py:149} INFO - 37
[2023-05-06T22:25:18.584+0000] {logging_mixin.py:149} INFO - 38
[2023-05-06T22:25:18.585+0000] {logging_mixin.py:149} INFO - 39
[2023-05-06T22:25:18.586+0000] {logging_mixin.py:149} INFO - 40
[2023-05-06T22:25:18.588+0000] {logging_mixin.py:149} INFO - 41
[2023-05-06T22:25:18.589+0000] {logging_mixin.py:149} INFO - 42
[2023-05-06T22:25:18.590+0000] {logging_mixin.py:149} INFO - 43
[2023-05-06T22:25:18.591+0000] {logging_mixin.py:149} INFO - 44
[2023-05-06T22:25:18.592+0000] {logging_mixin.py:149} INFO - 45
[2023-05-06T22:25:18.593+0000] {logging_mixin.py:149} INFO - 46
[2023-05-06T22:25:18.595+0000] {logging_mixin.py:149} INFO - 47
[2023-05-06T22:25:18.597+0000] {logging_mixin.py:149} INFO - 48
[2023-05-06T22:25:18.598+0000] {logging_mixin.py:149} INFO - 49
[2023-05-06T22:25:18.599+0000] {logging_mixin.py:149} INFO - 50
[2023-05-06T22:25:18.600+0000] {logging_mixin.py:149} INFO - 51
[2023-05-06T22:25:18.601+0000] {logging_mixin.py:149} INFO - 52
[2023-05-06T22:25:18.601+0000] {logging_mixin.py:149} INFO - 53
[2023-05-06T22:25:18.603+0000] {logging_mixin.py:149} INFO - 54
[2023-05-06T22:25:18.604+0000] {logging_mixin.py:149} INFO - 55
[2023-05-06T22:25:18.605+0000] {logging_mixin.py:149} INFO - 56
[2023-05-06T22:25:18.606+0000] {logging_mixin.py:149} INFO - 57
[2023-05-06T22:25:18.607+0000] {logging_mixin.py:149} INFO - 58
[2023-05-06T22:25:18.608+0000] {logging_mixin.py:149} INFO - 59
[2023-05-06T22:25:18.609+0000] {logging_mixin.py:149} INFO - 60
[2023-05-06T22:25:18.610+0000] {logging_mixin.py:149} INFO - 61
[2023-05-06T22:25:18.611+0000] {logging_mixin.py:149} INFO - 62
[2023-05-06T22:25:18.612+0000] {logging_mixin.py:149} INFO - 63
[2023-05-06T22:25:18.613+0000] {logging_mixin.py:149} INFO - 64
[2023-05-06T22:25:18.614+0000] {logging_mixin.py:149} INFO - 65
[2023-05-06T22:25:18.615+0000] {logging_mixin.py:149} INFO - 66
[2023-05-06T22:25:18.617+0000] {logging_mixin.py:149} INFO - 67
[2023-05-06T22:25:18.618+0000] {logging_mixin.py:149} INFO - 68
[2023-05-06T22:25:18.619+0000] {logging_mixin.py:149} INFO - 69
[2023-05-06T22:25:18.620+0000] {logging_mixin.py:149} INFO - 70
[2023-05-06T22:25:18.622+0000] {logging_mixin.py:149} INFO - 71
[2023-05-06T22:25:18.623+0000] {logging_mixin.py:149} INFO - 72
[2023-05-06T22:25:18.624+0000] {logging_mixin.py:149} INFO - 73
[2023-05-06T22:25:18.625+0000] {logging_mixin.py:149} INFO - 74
[2023-05-06T22:25:18.626+0000] {logging_mixin.py:149} INFO - 75
[2023-05-06T22:25:18.627+0000] {logging_mixin.py:149} INFO - 76
[2023-05-06T22:25:18.628+0000] {logging_mixin.py:149} INFO - 77
[2023-05-06T22:25:18.630+0000] {logging_mixin.py:149} INFO - 78
[2023-05-06T22:25:18.631+0000] {logging_mixin.py:149} INFO - 79
[2023-05-06T22:25:18.631+0000] {logging_mixin.py:149} INFO - 80
[2023-05-06T22:25:18.633+0000] {logging_mixin.py:149} INFO - 81
[2023-05-06T22:25:18.635+0000] {logging_mixin.py:149} INFO - 82
[2023-05-06T22:25:18.636+0000] {logging_mixin.py:149} INFO - 83
[2023-05-06T22:25:18.637+0000] {logging_mixin.py:149} INFO - 84
[2023-05-06T22:25:18.639+0000] {logging_mixin.py:149} INFO - 85
[2023-05-06T22:25:18.641+0000] {logging_mixin.py:149} INFO - 86
[2023-05-06T22:25:18.642+0000] {logging_mixin.py:149} INFO - 87
[2023-05-06T22:25:18.643+0000] {logging_mixin.py:149} INFO - 88
[2023-05-06T22:25:18.644+0000] {logging_mixin.py:149} INFO - 89
[2023-05-06T22:25:18.646+0000] {logging_mixin.py:149} INFO - 90
[2023-05-06T22:25:18.647+0000] {logging_mixin.py:149} INFO - 91
[2023-05-06T22:25:18.648+0000] {logging_mixin.py:149} INFO - 92
[2023-05-06T22:25:18.649+0000] {logging_mixin.py:149} INFO - 93
[2023-05-06T22:25:18.651+0000] {logging_mixin.py:149} INFO - 94
[2023-05-06T22:25:18.654+0000] {logging_mixin.py:149} INFO - 95
[2023-05-06T22:25:18.655+0000] {logging_mixin.py:149} INFO - 96
[2023-05-06T22:25:18.656+0000] {logging_mixin.py:149} INFO - 97
[2023-05-06T22:25:18.657+0000] {logging_mixin.py:149} INFO - 98
[2023-05-06T22:25:18.658+0000] {logging_mixin.py:149} INFO - 99
[2023-05-06T22:25:18.671+0000] {python.py:183} INFO - Done. Returned value was: None
[2023-05-06T22:25:18.679+0000] {taskinstance.py:1373} INFO - Marking task as SUCCESS. dag_id=Summer_Warped_ETL, task_id=GetSongsFromPlaylist, execution_date=20230506T220218, start_date=20230506T222518, end_date=20230506T222518
[2023-05-06T22:25:18.732+0000] {local_task_job_runner.py:232} INFO - Task exited with return code 0
[2023-05-06T22:25:18.753+0000] {taskinstance.py:2674} INFO - 2 downstream tasks scheduled from follow-on schedule check
