[2023-05-06T22:58:55.945+0000] {taskinstance.py:1125} INFO - Dependencies all met for dep_context=non-requeueable deps ti=<TaskInstance: Summer_Warped_ETL.GetSongsFromPlaylist manual__2023-05-06T22:02:18.022658+00:00 [queued]>
[2023-05-06T22:58:55.951+0000] {taskinstance.py:1125} INFO - Dependencies all met for dep_context=requeueable deps ti=<TaskInstance: Summer_Warped_ETL.GetSongsFromPlaylist manual__2023-05-06T22:02:18.022658+00:00 [queued]>
[2023-05-06T22:58:55.951+0000] {taskinstance.py:1331} INFO - Starting attempt 8 of 10
[2023-05-06T22:58:55.959+0000] {taskinstance.py:1350} INFO - Executing <Task(PythonOperator): GetSongsFromPlaylist> on 2023-05-06 22:02:18.022658+00:00
[2023-05-06T22:58:55.964+0000] {standard_task_runner.py:57} INFO - Started process 1847 to run task
[2023-05-06T22:58:55.967+0000] {standard_task_runner.py:84} INFO - Running: ['***', 'tasks', 'run', 'Summer_Warped_ETL', 'GetSongsFromPlaylist', 'manual__2023-05-06T22:02:18.022658+00:00', '--job-id', '470', '--raw', '--subdir', 'DAGS_FOLDER/warped-dag.py', '--cfg-path', '/tmp/tmpndxiab7h']
[2023-05-06T22:58:55.968+0000] {standard_task_runner.py:85} INFO - Job 470: Subtask GetSongsFromPlaylist
[2023-05-06T22:58:56.013+0000] {task_command.py:410} INFO - Running <TaskInstance: Summer_Warped_ETL.GetSongsFromPlaylist manual__2023-05-06T22:02:18.022658+00:00 [running]> on host b60ed7c33f68
[2023-05-06T22:58:56.072+0000] {taskinstance.py:1570} INFO - Exporting env vars: AIRFLOW_CTX_DAG_OWNER='Ananta Moharana' AIRFLOW_CTX_DAG_ID='Summer_Warped_ETL' AIRFLOW_CTX_TASK_ID='GetSongsFromPlaylist' AIRFLOW_CTX_EXECUTION_DATE='2023-05-06T22:02:18.022658+00:00' AIRFLOW_CTX_TRY_NUMBER='8' AIRFLOW_CTX_DAG_RUN_ID='manual__2023-05-06T22:02:18.022658+00:00'
[2023-05-06T22:58:56.569+0000] {logging_mixin.py:149} INFO - 100
[2023-05-06T22:58:56.571+0000] {logging_mixin.py:149} INFO - 0
[2023-05-06T22:58:56.577+0000] {logging_mixin.py:149} INFO - 1
[2023-05-06T22:58:56.582+0000] {logging_mixin.py:149} INFO - 2
[2023-05-06T22:58:56.584+0000] {logging_mixin.py:149} INFO - 3
[2023-05-06T22:58:56.586+0000] {logging_mixin.py:149} INFO - 4
[2023-05-06T22:58:56.589+0000] {logging_mixin.py:149} INFO - 5
[2023-05-06T22:58:56.591+0000] {logging_mixin.py:149} INFO - 6
[2023-05-06T22:58:56.594+0000] {logging_mixin.py:149} INFO - 7
[2023-05-06T22:58:56.597+0000] {logging_mixin.py:149} INFO - 8
[2023-05-06T22:58:56.598+0000] {logging_mixin.py:149} INFO - 9
[2023-05-06T22:58:56.600+0000] {logging_mixin.py:149} INFO - 10
[2023-05-06T22:58:56.603+0000] {logging_mixin.py:149} INFO - 11
[2023-05-06T22:58:56.604+0000] {logging_mixin.py:149} INFO - 12
[2023-05-06T22:58:56.606+0000] {logging_mixin.py:149} INFO - 13
[2023-05-06T22:58:56.608+0000] {logging_mixin.py:149} INFO - 14
[2023-05-06T22:58:56.610+0000] {logging_mixin.py:149} INFO - 15
[2023-05-06T22:58:56.611+0000] {logging_mixin.py:149} INFO - 16
[2023-05-06T22:58:56.613+0000] {logging_mixin.py:149} INFO - 17
[2023-05-06T22:58:56.615+0000] {logging_mixin.py:149} INFO - 18
[2023-05-06T22:58:56.616+0000] {logging_mixin.py:149} INFO - 19
[2023-05-06T22:58:56.618+0000] {logging_mixin.py:149} INFO - 20
[2023-05-06T22:58:56.619+0000] {logging_mixin.py:149} INFO - 21
[2023-05-06T22:58:56.620+0000] {logging_mixin.py:149} INFO - 22
[2023-05-06T22:58:56.622+0000] {logging_mixin.py:149} INFO - 23
[2023-05-06T22:58:56.623+0000] {logging_mixin.py:149} INFO - 24
[2023-05-06T22:58:56.624+0000] {logging_mixin.py:149} INFO - 25
[2023-05-06T22:58:56.625+0000] {logging_mixin.py:149} INFO - 26
[2023-05-06T22:58:56.626+0000] {logging_mixin.py:149} INFO - 27
[2023-05-06T22:58:56.629+0000] {logging_mixin.py:149} INFO - 28
[2023-05-06T22:58:56.630+0000] {logging_mixin.py:149} INFO - 29
[2023-05-06T22:58:56.631+0000] {logging_mixin.py:149} INFO - 30
[2023-05-06T22:58:56.632+0000] {logging_mixin.py:149} INFO - 31
[2023-05-06T22:58:56.634+0000] {logging_mixin.py:149} INFO - 32
[2023-05-06T22:58:56.635+0000] {logging_mixin.py:149} INFO - 33
[2023-05-06T22:58:56.636+0000] {logging_mixin.py:149} INFO - 34
[2023-05-06T22:58:56.637+0000] {logging_mixin.py:149} INFO - 35
[2023-05-06T22:58:56.639+0000] {logging_mixin.py:149} INFO - 36
[2023-05-06T22:58:56.640+0000] {logging_mixin.py:149} INFO - 37
[2023-05-06T22:58:56.642+0000] {logging_mixin.py:149} INFO - 38
[2023-05-06T22:58:56.643+0000] {logging_mixin.py:149} INFO - 39
[2023-05-06T22:58:56.644+0000] {logging_mixin.py:149} INFO - 40
[2023-05-06T22:58:56.646+0000] {logging_mixin.py:149} INFO - 41
[2023-05-06T22:58:56.647+0000] {logging_mixin.py:149} INFO - 42
[2023-05-06T22:58:56.648+0000] {logging_mixin.py:149} INFO - 43
[2023-05-06T22:58:56.649+0000] {logging_mixin.py:149} INFO - 44
[2023-05-06T22:58:56.650+0000] {logging_mixin.py:149} INFO - 45
[2023-05-06T22:58:56.651+0000] {logging_mixin.py:149} INFO - 46
[2023-05-06T22:58:56.653+0000] {logging_mixin.py:149} INFO - 47
[2023-05-06T22:58:56.654+0000] {logging_mixin.py:149} INFO - 48
[2023-05-06T22:58:56.655+0000] {logging_mixin.py:149} INFO - 49
[2023-05-06T22:58:56.656+0000] {logging_mixin.py:149} INFO - 50
[2023-05-06T22:58:56.658+0000] {logging_mixin.py:149} INFO - 51
[2023-05-06T22:58:56.658+0000] {logging_mixin.py:149} INFO - 52
[2023-05-06T22:58:56.660+0000] {logging_mixin.py:149} INFO - 53
[2023-05-06T22:58:56.661+0000] {logging_mixin.py:149} INFO - 54
[2023-05-06T22:58:56.662+0000] {logging_mixin.py:149} INFO - 55
[2023-05-06T22:58:56.663+0000] {logging_mixin.py:149} INFO - 56
[2023-05-06T22:58:56.664+0000] {logging_mixin.py:149} INFO - 57
[2023-05-06T22:58:56.665+0000] {logging_mixin.py:149} INFO - 58
[2023-05-06T22:58:56.666+0000] {logging_mixin.py:149} INFO - 59
[2023-05-06T22:58:56.667+0000] {logging_mixin.py:149} INFO - 60
[2023-05-06T22:58:56.668+0000] {logging_mixin.py:149} INFO - 61
[2023-05-06T22:58:56.670+0000] {logging_mixin.py:149} INFO - 62
[2023-05-06T22:58:56.671+0000] {logging_mixin.py:149} INFO - 63
[2023-05-06T22:58:56.672+0000] {logging_mixin.py:149} INFO - 64
[2023-05-06T22:58:56.673+0000] {logging_mixin.py:149} INFO - 65
[2023-05-06T22:58:56.674+0000] {logging_mixin.py:149} INFO - 66
[2023-05-06T22:58:56.675+0000] {logging_mixin.py:149} INFO - 67
[2023-05-06T22:58:56.677+0000] {logging_mixin.py:149} INFO - 68
[2023-05-06T22:58:56.677+0000] {logging_mixin.py:149} INFO - 69
[2023-05-06T22:58:56.679+0000] {logging_mixin.py:149} INFO - 70
[2023-05-06T22:58:56.680+0000] {logging_mixin.py:149} INFO - 71
[2023-05-06T22:58:56.681+0000] {logging_mixin.py:149} INFO - 72
[2023-05-06T22:58:56.683+0000] {logging_mixin.py:149} INFO - 73
[2023-05-06T22:58:56.684+0000] {logging_mixin.py:149} INFO - 74
[2023-05-06T22:58:56.685+0000] {logging_mixin.py:149} INFO - 75
[2023-05-06T22:58:56.686+0000] {logging_mixin.py:149} INFO - 76
[2023-05-06T22:58:56.687+0000] {logging_mixin.py:149} INFO - 77
[2023-05-06T22:58:56.689+0000] {logging_mixin.py:149} INFO - 78
[2023-05-06T22:58:56.690+0000] {logging_mixin.py:149} INFO - 79
[2023-05-06T22:58:56.691+0000] {logging_mixin.py:149} INFO - 80
[2023-05-06T22:58:56.693+0000] {logging_mixin.py:149} INFO - 81
[2023-05-06T22:58:56.694+0000] {logging_mixin.py:149} INFO - 82
[2023-05-06T22:58:56.695+0000] {logging_mixin.py:149} INFO - 83
[2023-05-06T22:58:56.697+0000] {logging_mixin.py:149} INFO - 84
[2023-05-06T22:58:56.698+0000] {logging_mixin.py:149} INFO - 85
[2023-05-06T22:58:56.700+0000] {logging_mixin.py:149} INFO - 86
[2023-05-06T22:58:56.701+0000] {logging_mixin.py:149} INFO - 87
[2023-05-06T22:58:56.702+0000] {logging_mixin.py:149} INFO - 88
[2023-05-06T22:58:56.703+0000] {logging_mixin.py:149} INFO - 89
[2023-05-06T22:58:56.705+0000] {logging_mixin.py:149} INFO - 90
[2023-05-06T22:58:56.706+0000] {logging_mixin.py:149} INFO - 91
[2023-05-06T22:58:56.707+0000] {logging_mixin.py:149} INFO - 92
[2023-05-06T22:58:56.709+0000] {logging_mixin.py:149} INFO - 93
[2023-05-06T22:58:56.711+0000] {logging_mixin.py:149} INFO - 94
[2023-05-06T22:58:56.713+0000] {logging_mixin.py:149} INFO - 95
[2023-05-06T22:58:56.714+0000] {logging_mixin.py:149} INFO - 96
[2023-05-06T22:58:56.715+0000] {logging_mixin.py:149} INFO - 97
[2023-05-06T22:58:56.717+0000] {logging_mixin.py:149} INFO - 98
[2023-05-06T22:58:56.718+0000] {logging_mixin.py:149} INFO - 99
[2023-05-06T22:58:56.731+0000] {python.py:183} INFO - Done. Returned value was: None
[2023-05-06T22:58:56.739+0000] {taskinstance.py:1373} INFO - Marking task as SUCCESS. dag_id=Summer_Warped_ETL, task_id=GetSongsFromPlaylist, execution_date=20230506T220218, start_date=20230506T225855, end_date=20230506T225856
[2023-05-06T22:58:56.798+0000] {local_task_job_runner.py:232} INFO - Task exited with return code 0
[2023-05-06T22:58:56.819+0000] {taskinstance.py:2674} INFO - 2 downstream tasks scheduled from follow-on schedule check
