[2023-05-06T23:58:37.507+0000] {taskinstance.py:1125} INFO - Dependencies all met for dep_context=non-requeueable deps ti=<TaskInstance: Summer_Warped_ETL.GetSongsFromPlaylist manual__2023-05-06T22:02:18.022658+00:00 [queued]>
[2023-05-06T23:58:37.512+0000] {taskinstance.py:1125} INFO - Dependencies all met for dep_context=requeueable deps ti=<TaskInstance: Summer_Warped_ETL.GetSongsFromPlaylist manual__2023-05-06T22:02:18.022658+00:00 [queued]>
[2023-05-06T23:58:37.512+0000] {taskinstance.py:1331} INFO - Starting attempt 23 of 25
[2023-05-06T23:58:37.520+0000] {taskinstance.py:1350} INFO - Executing <Task(PythonOperator): GetSongsFromPlaylist> on 2023-05-06 22:02:18.022658+00:00
[2023-05-06T23:58:37.524+0000] {standard_task_runner.py:57} INFO - Started process 221 to run task
[2023-05-06T23:58:37.528+0000] {standard_task_runner.py:84} INFO - Running: ['***', 'tasks', 'run', 'Summer_Warped_ETL', 'GetSongsFromPlaylist', 'manual__2023-05-06T22:02:18.022658+00:00', '--job-id', '666', '--raw', '--subdir', 'DAGS_FOLDER/warped-dag.py', '--cfg-path', '/tmp/tmph89wzgmz']
[2023-05-06T23:58:37.528+0000] {standard_task_runner.py:85} INFO - Job 666: Subtask GetSongsFromPlaylist
[2023-05-06T23:58:37.562+0000] {task_command.py:410} INFO - Running <TaskInstance: Summer_Warped_ETL.GetSongsFromPlaylist manual__2023-05-06T22:02:18.022658+00:00 [running]> on host 2336b5f51000
[2023-05-06T23:58:37.612+0000] {taskinstance.py:1570} INFO - Exporting env vars: AIRFLOW_CTX_DAG_OWNER='Ananta Moharana' AIRFLOW_CTX_DAG_ID='Summer_Warped_ETL' AIRFLOW_CTX_TASK_ID='GetSongsFromPlaylist' AIRFLOW_CTX_EXECUTION_DATE='2023-05-06T22:02:18.022658+00:00' AIRFLOW_CTX_TRY_NUMBER='23' AIRFLOW_CTX_DAG_RUN_ID='manual__2023-05-06T22:02:18.022658+00:00'
[2023-05-06T23:58:37.964+0000] {logging_mixin.py:149} INFO - 100
[2023-05-06T23:58:37.964+0000] {logging_mixin.py:149} INFO - 0
[2023-05-06T23:58:37.967+0000] {logging_mixin.py:149} INFO - 1
[2023-05-06T23:58:37.969+0000] {logging_mixin.py:149} INFO - 2
[2023-05-06T23:58:37.971+0000] {logging_mixin.py:149} INFO - 3
[2023-05-06T23:58:37.972+0000] {logging_mixin.py:149} INFO - 4
[2023-05-06T23:58:37.974+0000] {logging_mixin.py:149} INFO - 5
[2023-05-06T23:58:37.976+0000] {logging_mixin.py:149} INFO - 6
[2023-05-06T23:58:37.978+0000] {logging_mixin.py:149} INFO - 7
[2023-05-06T23:58:37.979+0000] {logging_mixin.py:149} INFO - 8
[2023-05-06T23:58:37.980+0000] {logging_mixin.py:149} INFO - 9
[2023-05-06T23:58:37.981+0000] {logging_mixin.py:149} INFO - 10
[2023-05-06T23:58:37.983+0000] {logging_mixin.py:149} INFO - 11
[2023-05-06T23:58:37.984+0000] {logging_mixin.py:149} INFO - 12
[2023-05-06T23:58:37.985+0000] {logging_mixin.py:149} INFO - 13
[2023-05-06T23:58:37.986+0000] {logging_mixin.py:149} INFO - 14
[2023-05-06T23:58:37.987+0000] {logging_mixin.py:149} INFO - 15
[2023-05-06T23:58:37.988+0000] {logging_mixin.py:149} INFO - 16
[2023-05-06T23:58:37.989+0000] {logging_mixin.py:149} INFO - 17
[2023-05-06T23:58:37.991+0000] {logging_mixin.py:149} INFO - 18
[2023-05-06T23:58:37.992+0000] {logging_mixin.py:149} INFO - 19
[2023-05-06T23:58:37.993+0000] {logging_mixin.py:149} INFO - 20
[2023-05-06T23:58:37.994+0000] {logging_mixin.py:149} INFO - 21
[2023-05-06T23:58:37.995+0000] {logging_mixin.py:149} INFO - 22
[2023-05-06T23:58:37.996+0000] {logging_mixin.py:149} INFO - 23
[2023-05-06T23:58:37.997+0000] {logging_mixin.py:149} INFO - 24
[2023-05-06T23:58:37.999+0000] {logging_mixin.py:149} INFO - 25
[2023-05-06T23:58:38.000+0000] {logging_mixin.py:149} INFO - 26
[2023-05-06T23:58:38.001+0000] {logging_mixin.py:149} INFO - 27
[2023-05-06T23:58:38.004+0000] {logging_mixin.py:149} INFO - 28
[2023-05-06T23:58:38.005+0000] {logging_mixin.py:149} INFO - 29
[2023-05-06T23:58:38.006+0000] {logging_mixin.py:149} INFO - 30
[2023-05-06T23:58:38.006+0000] {logging_mixin.py:149} INFO - 31
[2023-05-06T23:58:38.007+0000] {logging_mixin.py:149} INFO - 32
[2023-05-06T23:58:38.008+0000] {logging_mixin.py:149} INFO - 33
[2023-05-06T23:58:38.009+0000] {logging_mixin.py:149} INFO - 34
[2023-05-06T23:58:38.010+0000] {logging_mixin.py:149} INFO - 35
[2023-05-06T23:58:38.012+0000] {logging_mixin.py:149} INFO - 36
[2023-05-06T23:58:38.014+0000] {logging_mixin.py:149} INFO - 37
[2023-05-06T23:58:38.015+0000] {logging_mixin.py:149} INFO - 38
[2023-05-06T23:58:38.016+0000] {logging_mixin.py:149} INFO - 39
[2023-05-06T23:58:38.017+0000] {logging_mixin.py:149} INFO - 40
[2023-05-06T23:58:38.019+0000] {logging_mixin.py:149} INFO - 41
[2023-05-06T23:58:38.020+0000] {logging_mixin.py:149} INFO - 42
[2023-05-06T23:58:38.021+0000] {logging_mixin.py:149} INFO - 43
[2023-05-06T23:58:38.022+0000] {logging_mixin.py:149} INFO - 44
[2023-05-06T23:58:38.023+0000] {logging_mixin.py:149} INFO - 45
[2023-05-06T23:58:38.024+0000] {logging_mixin.py:149} INFO - 46
[2023-05-06T23:58:38.026+0000] {logging_mixin.py:149} INFO - 47
[2023-05-06T23:58:38.028+0000] {logging_mixin.py:149} INFO - 48
[2023-05-06T23:58:38.029+0000] {logging_mixin.py:149} INFO - 49
[2023-05-06T23:58:38.030+0000] {logging_mixin.py:149} INFO - 50
[2023-05-06T23:58:38.031+0000] {logging_mixin.py:149} INFO - 51
[2023-05-06T23:58:38.032+0000] {logging_mixin.py:149} INFO - 52
[2023-05-06T23:58:38.033+0000] {logging_mixin.py:149} INFO - 53
[2023-05-06T23:58:38.034+0000] {logging_mixin.py:149} INFO - 54
[2023-05-06T23:58:38.035+0000] {logging_mixin.py:149} INFO - 55
[2023-05-06T23:58:38.036+0000] {logging_mixin.py:149} INFO - 56
[2023-05-06T23:58:38.037+0000] {logging_mixin.py:149} INFO - 57
[2023-05-06T23:58:38.038+0000] {logging_mixin.py:149} INFO - 58
[2023-05-06T23:58:38.040+0000] {logging_mixin.py:149} INFO - 59
[2023-05-06T23:58:38.041+0000] {logging_mixin.py:149} INFO - 60
[2023-05-06T23:58:38.042+0000] {logging_mixin.py:149} INFO - 61
[2023-05-06T23:58:38.043+0000] {logging_mixin.py:149} INFO - 62
[2023-05-06T23:58:38.044+0000] {logging_mixin.py:149} INFO - 63
[2023-05-06T23:58:38.045+0000] {logging_mixin.py:149} INFO - 64
[2023-05-06T23:58:38.046+0000] {logging_mixin.py:149} INFO - 65
[2023-05-06T23:58:38.047+0000] {logging_mixin.py:149} INFO - 66
[2023-05-06T23:58:38.049+0000] {logging_mixin.py:149} INFO - 67
[2023-05-06T23:58:38.050+0000] {logging_mixin.py:149} INFO - 68
[2023-05-06T23:58:38.051+0000] {logging_mixin.py:149} INFO - 69
[2023-05-06T23:58:38.052+0000] {logging_mixin.py:149} INFO - 70
[2023-05-06T23:58:38.053+0000] {logging_mixin.py:149} INFO - 71
[2023-05-06T23:58:38.054+0000] {logging_mixin.py:149} INFO - 72
[2023-05-06T23:58:38.056+0000] {logging_mixin.py:149} INFO - 73
[2023-05-06T23:58:38.057+0000] {logging_mixin.py:149} INFO - 74
[2023-05-06T23:58:38.058+0000] {logging_mixin.py:149} INFO - 75
[2023-05-06T23:58:38.059+0000] {logging_mixin.py:149} INFO - 76
[2023-05-06T23:58:38.060+0000] {logging_mixin.py:149} INFO - 77
[2023-05-06T23:58:38.061+0000] {logging_mixin.py:149} INFO - 78
[2023-05-06T23:58:38.062+0000] {logging_mixin.py:149} INFO - 79
[2023-05-06T23:58:38.063+0000] {logging_mixin.py:149} INFO - 80
[2023-05-06T23:58:38.065+0000] {logging_mixin.py:149} INFO - 81
[2023-05-06T23:58:38.066+0000] {logging_mixin.py:149} INFO - 82
[2023-05-06T23:58:38.067+0000] {logging_mixin.py:149} INFO - 83
[2023-05-06T23:58:38.069+0000] {logging_mixin.py:149} INFO - 84
[2023-05-06T23:58:38.071+0000] {logging_mixin.py:149} INFO - 85
[2023-05-06T23:58:38.072+0000] {logging_mixin.py:149} INFO - 86
[2023-05-06T23:58:38.073+0000] {logging_mixin.py:149} INFO - 87
[2023-05-06T23:58:38.074+0000] {logging_mixin.py:149} INFO - 88
[2023-05-06T23:58:38.075+0000] {logging_mixin.py:149} INFO - 89
[2023-05-06T23:58:38.078+0000] {logging_mixin.py:149} INFO - 90
[2023-05-06T23:58:38.079+0000] {logging_mixin.py:149} INFO - 91
[2023-05-06T23:58:38.080+0000] {logging_mixin.py:149} INFO - 92
[2023-05-06T23:58:38.081+0000] {logging_mixin.py:149} INFO - 93
[2023-05-06T23:58:38.084+0000] {logging_mixin.py:149} INFO - 94
[2023-05-06T23:58:38.086+0000] {logging_mixin.py:149} INFO - 95
[2023-05-06T23:58:38.087+0000] {logging_mixin.py:149} INFO - 96
[2023-05-06T23:58:38.088+0000] {logging_mixin.py:149} INFO - 97
[2023-05-06T23:58:38.089+0000] {logging_mixin.py:149} INFO - 98
[2023-05-06T23:58:38.090+0000] {logging_mixin.py:149} INFO - 99
[2023-05-06T23:58:38.103+0000] {python.py:183} INFO - Done. Returned value was: None
[2023-05-06T23:58:38.111+0000] {taskinstance.py:1373} INFO - Marking task as SUCCESS. dag_id=Summer_Warped_ETL, task_id=GetSongsFromPlaylist, execution_date=20230506T220218, start_date=20230506T235837, end_date=20230506T235838
[2023-05-06T23:58:38.148+0000] {local_task_job_runner.py:232} INFO - Task exited with return code 0
[2023-05-06T23:58:38.168+0000] {taskinstance.py:2674} INFO - 2 downstream tasks scheduled from follow-on schedule check
