[2023-05-08T16:10:01.206+0000] {taskinstance.py:1125} INFO - Dependencies all met for dep_context=non-requeueable deps ti=<TaskInstance: Summer_Warped_ETL.GetSongsFromPlaylist manual__2023-05-08T16:02:34.709403+00:00 [queued]>
[2023-05-08T16:10:01.212+0000] {taskinstance.py:1125} INFO - Dependencies all met for dep_context=requeueable deps ti=<TaskInstance: Summer_Warped_ETL.GetSongsFromPlaylist manual__2023-05-08T16:02:34.709403+00:00 [queued]>
[2023-05-08T16:10:01.212+0000] {taskinstance.py:1331} INFO - Starting attempt 2 of 4
[2023-05-08T16:10:01.219+0000] {taskinstance.py:1350} INFO - Executing <Task(PythonOperator): GetSongsFromPlaylist> on 2023-05-08 16:02:34.709403+00:00
[2023-05-08T16:10:01.224+0000] {standard_task_runner.py:57} INFO - Started process 735 to run task
[2023-05-08T16:10:01.228+0000] {standard_task_runner.py:84} INFO - Running: ['***', 'tasks', 'run', 'Summer_Warped_ETL', 'GetSongsFromPlaylist', 'manual__2023-05-08T16:02:34.709403+00:00', '--job-id', '2432', '--raw', '--subdir', 'DAGS_FOLDER/warped-dag.py', '--cfg-path', '/tmp/tmptpe2vw2z']
[2023-05-08T16:10:01.229+0000] {standard_task_runner.py:85} INFO - Job 2432: Subtask GetSongsFromPlaylist
[2023-05-08T16:10:01.264+0000] {task_command.py:410} INFO - Running <TaskInstance: Summer_Warped_ETL.GetSongsFromPlaylist manual__2023-05-08T16:02:34.709403+00:00 [running]> on host 7b4753e133cb
[2023-05-08T16:10:01.318+0000] {taskinstance.py:1570} INFO - Exporting env vars: AIRFLOW_CTX_DAG_OWNER='Ananta Moharana' AIRFLOW_CTX_DAG_ID='Summer_Warped_ETL' AIRFLOW_CTX_TASK_ID='GetSongsFromPlaylist' AIRFLOW_CTX_EXECUTION_DATE='2023-05-08T16:02:34.709403+00:00' AIRFLOW_CTX_TRY_NUMBER='2' AIRFLOW_CTX_DAG_RUN_ID='manual__2023-05-08T16:02:34.709403+00:00'
[2023-05-08T16:10:01.787+0000] {logging_mixin.py:149} INFO - 100
[2023-05-08T16:10:01.787+0000] {logging_mixin.py:149} INFO - 0
[2023-05-08T16:10:01.791+0000] {logging_mixin.py:149} INFO - 1
[2023-05-08T16:10:01.793+0000] {logging_mixin.py:149} INFO - 2
[2023-05-08T16:10:01.794+0000] {logging_mixin.py:149} INFO - 3
[2023-05-08T16:10:01.795+0000] {logging_mixin.py:149} INFO - 4
[2023-05-08T16:10:01.797+0000] {logging_mixin.py:149} INFO - 5
[2023-05-08T16:10:01.798+0000] {logging_mixin.py:149} INFO - 6
[2023-05-08T16:10:01.800+0000] {logging_mixin.py:149} INFO - 7
[2023-05-08T16:10:01.802+0000] {logging_mixin.py:149} INFO - 8
[2023-05-08T16:10:01.803+0000] {logging_mixin.py:149} INFO - 9
[2023-05-08T16:10:01.804+0000] {logging_mixin.py:149} INFO - 10
[2023-05-08T16:10:01.806+0000] {logging_mixin.py:149} INFO - 11
[2023-05-08T16:10:01.807+0000] {logging_mixin.py:149} INFO - 12
[2023-05-08T16:10:01.808+0000] {logging_mixin.py:149} INFO - 13
[2023-05-08T16:10:01.810+0000] {logging_mixin.py:149} INFO - 14
[2023-05-08T16:10:01.811+0000] {logging_mixin.py:149} INFO - 15
[2023-05-08T16:10:01.812+0000] {logging_mixin.py:149} INFO - 16
[2023-05-08T16:10:01.813+0000] {logging_mixin.py:149} INFO - 17
[2023-05-08T16:10:01.815+0000] {logging_mixin.py:149} INFO - 18
[2023-05-08T16:10:01.816+0000] {logging_mixin.py:149} INFO - 19
[2023-05-08T16:10:01.817+0000] {logging_mixin.py:149} INFO - 20
[2023-05-08T16:10:01.818+0000] {logging_mixin.py:149} INFO - 21
[2023-05-08T16:10:01.819+0000] {logging_mixin.py:149} INFO - 22
[2023-05-08T16:10:01.820+0000] {logging_mixin.py:149} INFO - 23
[2023-05-08T16:10:01.822+0000] {logging_mixin.py:149} INFO - 24
[2023-05-08T16:10:01.823+0000] {logging_mixin.py:149} INFO - 25
[2023-05-08T16:10:01.824+0000] {logging_mixin.py:149} INFO - 26
[2023-05-08T16:10:01.825+0000] {logging_mixin.py:149} INFO - 27
[2023-05-08T16:10:01.828+0000] {logging_mixin.py:149} INFO - 28
[2023-05-08T16:10:01.829+0000] {logging_mixin.py:149} INFO - 29
[2023-05-08T16:10:01.830+0000] {logging_mixin.py:149} INFO - 30
[2023-05-08T16:10:01.831+0000] {logging_mixin.py:149} INFO - 31
[2023-05-08T16:10:01.832+0000] {logging_mixin.py:149} INFO - 32
[2023-05-08T16:10:01.833+0000] {logging_mixin.py:149} INFO - 33
[2023-05-08T16:10:01.834+0000] {logging_mixin.py:149} INFO - 34
[2023-05-08T16:10:01.836+0000] {logging_mixin.py:149} INFO - 35
[2023-05-08T16:10:01.838+0000] {logging_mixin.py:149} INFO - 36
[2023-05-08T16:10:01.840+0000] {logging_mixin.py:149} INFO - 37
[2023-05-08T16:10:01.841+0000] {logging_mixin.py:149} INFO - 38
[2023-05-08T16:10:01.842+0000] {logging_mixin.py:149} INFO - 39
[2023-05-08T16:10:01.844+0000] {logging_mixin.py:149} INFO - 40
[2023-05-08T16:10:01.846+0000] {logging_mixin.py:149} INFO - 41
[2023-05-08T16:10:01.847+0000] {logging_mixin.py:149} INFO - 42
[2023-05-08T16:10:01.848+0000] {logging_mixin.py:149} INFO - 43
[2023-05-08T16:10:01.849+0000] {logging_mixin.py:149} INFO - 44
[2023-05-08T16:10:01.850+0000] {logging_mixin.py:149} INFO - 45
[2023-05-08T16:10:01.851+0000] {logging_mixin.py:149} INFO - 46
[2023-05-08T16:10:01.853+0000] {logging_mixin.py:149} INFO - 47
[2023-05-08T16:10:01.855+0000] {logging_mixin.py:149} INFO - 48
[2023-05-08T16:10:01.856+0000] {logging_mixin.py:149} INFO - 49
[2023-05-08T16:10:01.857+0000] {logging_mixin.py:149} INFO - 50
[2023-05-08T16:10:01.858+0000] {logging_mixin.py:149} INFO - 51
[2023-05-08T16:10:01.859+0000] {logging_mixin.py:149} INFO - 52
[2023-05-08T16:10:01.861+0000] {logging_mixin.py:149} INFO - 53
[2023-05-08T16:10:01.862+0000] {logging_mixin.py:149} INFO - 54
[2023-05-08T16:10:01.863+0000] {logging_mixin.py:149} INFO - 55
[2023-05-08T16:10:01.864+0000] {logging_mixin.py:149} INFO - 56
[2023-05-08T16:10:01.865+0000] {logging_mixin.py:149} INFO - 57
[2023-05-08T16:10:01.866+0000] {logging_mixin.py:149} INFO - 58
[2023-05-08T16:10:01.868+0000] {logging_mixin.py:149} INFO - 59
[2023-05-08T16:10:01.869+0000] {logging_mixin.py:149} INFO - 60
[2023-05-08T16:10:01.870+0000] {logging_mixin.py:149} INFO - 61
[2023-05-08T16:10:01.871+0000] {logging_mixin.py:149} INFO - 62
[2023-05-08T16:10:01.872+0000] {logging_mixin.py:149} INFO - 63
[2023-05-08T16:10:01.873+0000] {logging_mixin.py:149} INFO - 64
[2023-05-08T16:10:01.874+0000] {logging_mixin.py:149} INFO - 65
[2023-05-08T16:10:01.875+0000] {logging_mixin.py:149} INFO - 66
[2023-05-08T16:10:01.877+0000] {logging_mixin.py:149} INFO - 67
[2023-05-08T16:10:01.878+0000] {logging_mixin.py:149} INFO - 68
[2023-05-08T16:10:01.879+0000] {logging_mixin.py:149} INFO - 69
[2023-05-08T16:10:01.880+0000] {logging_mixin.py:149} INFO - 70
[2023-05-08T16:10:01.882+0000] {logging_mixin.py:149} INFO - 71
[2023-05-08T16:10:01.883+0000] {logging_mixin.py:149} INFO - 72
[2023-05-08T16:10:01.885+0000] {logging_mixin.py:149} INFO - 73
[2023-05-08T16:10:01.886+0000] {logging_mixin.py:149} INFO - 74
[2023-05-08T16:10:01.887+0000] {logging_mixin.py:149} INFO - 75
[2023-05-08T16:10:01.888+0000] {logging_mixin.py:149} INFO - 76
[2023-05-08T16:10:01.889+0000] {logging_mixin.py:149} INFO - 77
[2023-05-08T16:10:01.890+0000] {logging_mixin.py:149} INFO - 78
[2023-05-08T16:10:01.891+0000] {logging_mixin.py:149} INFO - 79
[2023-05-08T16:10:01.892+0000] {logging_mixin.py:149} INFO - 80
[2023-05-08T16:10:01.894+0000] {logging_mixin.py:149} INFO - 81
[2023-05-08T16:10:01.896+0000] {logging_mixin.py:149} INFO - 82
[2023-05-08T16:10:01.897+0000] {logging_mixin.py:149} INFO - 83
[2023-05-08T16:10:01.898+0000] {logging_mixin.py:149} INFO - 84
[2023-05-08T16:10:01.900+0000] {logging_mixin.py:149} INFO - 85
[2023-05-08T16:10:01.902+0000] {logging_mixin.py:149} INFO - 86
[2023-05-08T16:10:01.903+0000] {logging_mixin.py:149} INFO - 87
[2023-05-08T16:10:01.904+0000] {logging_mixin.py:149} INFO - 88
[2023-05-08T16:10:01.905+0000] {logging_mixin.py:149} INFO - 89
[2023-05-08T16:10:01.907+0000] {logging_mixin.py:149} INFO - 90
[2023-05-08T16:10:01.908+0000] {logging_mixin.py:149} INFO - 91
[2023-05-08T16:10:01.910+0000] {logging_mixin.py:149} INFO - 92
[2023-05-08T16:10:01.911+0000] {logging_mixin.py:149} INFO - 93
[2023-05-08T16:10:01.914+0000] {logging_mixin.py:149} INFO - 94
[2023-05-08T16:10:01.916+0000] {logging_mixin.py:149} INFO - 95
[2023-05-08T16:10:01.917+0000] {logging_mixin.py:149} INFO - 96
[2023-05-08T16:10:01.918+0000] {logging_mixin.py:149} INFO - 97
[2023-05-08T16:10:01.919+0000] {logging_mixin.py:149} INFO - 98
[2023-05-08T16:10:01.920+0000] {logging_mixin.py:149} INFO - 99
[2023-05-08T16:10:01.936+0000] {python.py:183} INFO - Done. Returned value was: None
[2023-05-08T16:10:01.945+0000] {taskinstance.py:1373} INFO - Marking task as SUCCESS. dag_id=Summer_Warped_ETL, task_id=GetSongsFromPlaylist, execution_date=20230508T160234, start_date=20230508T161001, end_date=20230508T161001
[2023-05-08T16:10:01.982+0000] {local_task_job_runner.py:232} INFO - Task exited with return code 0
[2023-05-08T16:10:02.004+0000] {taskinstance.py:2674} INFO - 2 downstream tasks scheduled from follow-on schedule check
