[2023-05-07T22:49:18.272+0000] {taskinstance.py:1125} INFO - Dependencies all met for dep_context=non-requeueable deps ti=<TaskInstance: Summer_Warped_ETL.GetArtistInfo manual__2023-05-07T22:49:12.479459+00:00 [queued]>
[2023-05-07T22:49:18.278+0000] {taskinstance.py:1125} INFO - Dependencies all met for dep_context=requeueable deps ti=<TaskInstance: Summer_Warped_ETL.GetArtistInfo manual__2023-05-07T22:49:12.479459+00:00 [queued]>
[2023-05-07T22:49:18.278+0000] {taskinstance.py:1331} INFO - Starting attempt 1 of 3
[2023-05-07T22:49:18.286+0000] {taskinstance.py:1350} INFO - Executing <Task(PythonOperator): GetArtistInfo> on 2023-05-07 22:49:12.479459+00:00
[2023-05-07T22:49:18.291+0000] {standard_task_runner.py:57} INFO - Started process 3157 to run task
[2023-05-07T22:49:18.296+0000] {standard_task_runner.py:84} INFO - Running: ['***', 'tasks', 'run', 'Summer_Warped_ETL', 'GetArtistInfo', 'manual__2023-05-07T22:49:12.479459+00:00', '--job-id', '1408', '--raw', '--subdir', 'DAGS_FOLDER/warped-dag.py', '--cfg-path', '/tmp/tmpbz6i2i7d']
[2023-05-07T22:49:18.297+0000] {standard_task_runner.py:85} INFO - Job 1408: Subtask GetArtistInfo
[2023-05-07T22:49:18.357+0000] {task_command.py:410} INFO - Running <TaskInstance: Summer_Warped_ETL.GetArtistInfo manual__2023-05-07T22:49:12.479459+00:00 [running]> on host 31774baccecb
[2023-05-07T22:49:18.425+0000] {taskinstance.py:1570} INFO - Exporting env vars: AIRFLOW_CTX_DAG_OWNER='Ananta Moharana' AIRFLOW_CTX_DAG_ID='Summer_Warped_ETL' AIRFLOW_CTX_TASK_ID='GetArtistInfo' AIRFLOW_CTX_EXECUTION_DATE='2023-05-07T22:49:12.479459+00:00' AIRFLOW_CTX_TRY_NUMBER='1' AIRFLOW_CTX_DAG_RUN_ID='manual__2023-05-07T22:49:12.479459+00:00'
[2023-05-07T22:49:18.563+0000] {logging_mixin.py:149} INFO - emo rap
[2023-05-07T22:49:19.009+0000] {logging_mixin.py:149} INFO - hyperpop
[2023-05-07T22:49:19.109+0000] {logging_mixin.py:149} INFO - underground hip hop
[2023-05-07T22:49:19.206+0000] {logging_mixin.py:149} INFO - sad rap
[2023-05-07T22:49:19.445+0000] {logging_mixin.py:149} INFO - emo rap
[2023-05-07T22:49:19.539+0000] {logging_mixin.py:149} INFO - cloud rap
[2023-05-07T22:49:19.663+0000] {logging_mixin.py:149} INFO - cloud rap
[2023-05-07T22:49:19.760+0000] {logging_mixin.py:149} INFO - emo rap
[2023-05-07T22:49:19.864+0000] {logging_mixin.py:149} INFO - indie pop rap
[2023-05-07T22:49:19.963+0000] {logging_mixin.py:149} INFO - indonesian hip hop
[2023-05-07T22:49:20.063+0000] {logging_mixin.py:149} INFO - canadian hip hop
[2023-05-07T22:49:20.161+0000] {logging_mixin.py:149} INFO - glitchcore
[2023-05-07T22:49:20.258+0000] {logging_mixin.py:149} INFO - emoplugg
[2023-05-07T22:49:20.362+0000] {logging_mixin.py:149} INFO - glitchcore
[2023-05-07T22:49:20.849+0000] {logging_mixin.py:149} INFO - pittsburgh rap
[2023-05-07T22:49:20.952+0000] {logging_mixin.py:149} INFO - emo rap
[2023-05-07T22:49:21.146+0000] {logging_mixin.py:149} INFO - indie hip hop
[2023-05-07T22:49:21.245+0000] {logging_mixin.py:149} INFO - aesthetic rap
[2023-05-07T22:49:21.333+0000] {logging_mixin.py:149} INFO - nyc rap
[2023-05-07T22:49:21.423+0000] {logging_mixin.py:149} INFO - cloud rap
[2023-05-07T22:49:21.522+0000] {logging_mixin.py:149} INFO - future bass
[2023-05-07T22:49:21.730+0000] {logging_mixin.py:149} INFO - sad rap
[2023-05-07T22:49:22.284+0000] {logging_mixin.py:149} INFO - alt z
[2023-05-07T22:49:22.380+0000] {logging_mixin.py:149} INFO - sad rap
[2023-05-07T22:49:22.478+0000] {logging_mixin.py:149} INFO - vapor trap
[2023-05-07T22:49:22.582+0000] {logging_mixin.py:149} INFO - glitchcore
[2023-05-07T22:49:22.785+0000] {logging_mixin.py:149} INFO - cloud rap
[2023-05-07T22:49:22.909+0000] {logging_mixin.py:149} INFO - canadian contemporary r&b
[2023-05-07T22:49:23.545+0000] {logging_mixin.py:149} INFO - deep underground hip hop
[2023-05-07T22:49:23.662+0000] {logging_mixin.py:149} INFO - bedroom soul
[2023-05-07T22:49:23.764+0000] {logging_mixin.py:149} INFO - canadian hip hop
[2023-05-07T22:49:23.863+0000] {logging_mixin.py:149} INFO - la pop
[2023-05-07T22:49:23.963+0000] {logging_mixin.py:149} INFO - emo rap
[2023-05-07T22:49:24.163+0000] {logging_mixin.py:149} INFO - indie pop rap
[2023-05-07T22:49:24.264+0000] {logging_mixin.py:149} INFO - cloud rap
[2023-05-07T22:49:24.364+0000] {logging_mixin.py:149} INFO - canadian contemporary r&b
[2023-05-07T22:49:24.691+0000] {logging_mixin.py:149} INFO - st louis rap
[2023-05-07T22:49:24.888+0000] {logging_mixin.py:149} INFO - atl hip hop
[2023-05-07T22:49:25.087+0000] {logging_mixin.py:149} INFO - emo rap
[2023-05-07T22:49:25.185+0000] {logging_mixin.py:149} INFO - cloud rap
[2023-05-07T22:49:25.326+0000] {logging_mixin.py:149} INFO - aesthetic rap
[2023-05-07T22:49:25.637+0000] {logging_mixin.py:149} INFO - melodic rap
[2023-05-07T22:49:25.742+0000] {logging_mixin.py:149} INFO - cloud rap
[2023-05-07T22:49:26.075+0000] {logging_mixin.py:149} INFO - hyperpop
[2023-05-07T22:49:26.188+0000] {logging_mixin.py:149} INFO - cloud rap
[2023-05-07T22:49:26.285+0000] {logging_mixin.py:149} INFO - hyperpop
[2023-05-07T22:49:26.484+0000] {logging_mixin.py:149} INFO - cali rap
[2023-05-07T22:49:26.793+0000] {logging_mixin.py:149} INFO - emo rap
[2023-05-07T22:49:26.890+0000] {logging_mixin.py:149} INFO - alt z
[2023-05-07T22:49:27.085+0000] {logging_mixin.py:149} INFO - meme rap
[2023-05-07T22:49:27.185+0000] {logging_mixin.py:149} INFO - lo-fi rap
[2023-05-07T22:49:27.302+0000] {logging_mixin.py:149} INFO - glitchcore
[2023-05-07T22:49:27.541+0000] {logging_mixin.py:149} INFO - cloud rap
[2023-05-07T22:49:27.838+0000] {logging_mixin.py:149} INFO - hyperpop
[2023-05-07T22:49:27.969+0000] {logging_mixin.py:149} INFO - asian american hip hop
[2023-05-07T22:49:28.096+0000] {logging_mixin.py:149} INFO - pop edm
[2023-05-07T22:49:28.196+0000] {logging_mixin.py:149} INFO - hyperpop
[2023-05-07T22:49:28.300+0000] {logging_mixin.py:149} INFO - upstate ny rap
[2023-05-07T22:49:28.315+0000] {python.py:183} INFO - Done. Returned value was: None
[2023-05-07T22:49:28.323+0000] {taskinstance.py:1373} INFO - Marking task as SUCCESS. dag_id=Summer_Warped_ETL, task_id=GetArtistInfo, execution_date=20230507T224912, start_date=20230507T224918, end_date=20230507T224928
[2023-05-07T22:49:28.357+0000] {local_task_job_runner.py:232} INFO - Task exited with return code 0
[2023-05-07T22:49:28.377+0000] {taskinstance.py:2674} INFO - 0 downstream tasks scheduled from follow-on schedule check
