[2023-05-08T03:58:22.674+0000] {taskinstance.py:1125} INFO - Dependencies all met for dep_context=non-requeueable deps ti=<TaskInstance: Summer_Warped_ETL.GetSongsFromPlaylist manual__2023-05-08T03:58:19.663910+00:00 [queued]>
[2023-05-08T03:58:22.679+0000] {taskinstance.py:1125} INFO - Dependencies all met for dep_context=requeueable deps ti=<TaskInstance: Summer_Warped_ETL.GetSongsFromPlaylist manual__2023-05-08T03:58:19.663910+00:00 [queued]>
[2023-05-08T03:58:22.680+0000] {taskinstance.py:1331} INFO - Starting attempt 1 of 3
[2023-05-08T03:58:22.687+0000] {taskinstance.py:1350} INFO - Executing <Task(PythonOperator): GetSongsFromPlaylist> on 2023-05-08 03:58:19.663910+00:00
[2023-05-08T03:58:22.692+0000] {standard_task_runner.py:57} INFO - Started process 3086 to run task
[2023-05-08T03:58:22.695+0000] {standard_task_runner.py:84} INFO - Running: ['***', 'tasks', 'run', 'Summer_Warped_ETL', 'GetSongsFromPlaylist', 'manual__2023-05-08T03:58:19.663910+00:00', '--job-id', '2030', '--raw', '--subdir', 'DAGS_FOLDER/warped-dag.py', '--cfg-path', '/tmp/tmpnc8r1hxd']
[2023-05-08T03:58:22.696+0000] {standard_task_runner.py:85} INFO - Job 2030: Subtask GetSongsFromPlaylist
[2023-05-08T03:58:22.734+0000] {task_command.py:410} INFO - Running <TaskInstance: Summer_Warped_ETL.GetSongsFromPlaylist manual__2023-05-08T03:58:19.663910+00:00 [running]> on host a40687a10d43
[2023-05-08T03:58:22.789+0000] {taskinstance.py:1570} INFO - Exporting env vars: AIRFLOW_CTX_DAG_OWNER='Ananta Moharana' AIRFLOW_CTX_DAG_ID='Summer_Warped_ETL' AIRFLOW_CTX_TASK_ID='GetSongsFromPlaylist' AIRFLOW_CTX_EXECUTION_DATE='2023-05-08T03:58:19.663910+00:00' AIRFLOW_CTX_TRY_NUMBER='1' AIRFLOW_CTX_DAG_RUN_ID='manual__2023-05-08T03:58:19.663910+00:00'
[2023-05-08T03:58:23.227+0000] {logging_mixin.py:149} INFO - 100
[2023-05-08T03:58:23.228+0000] {logging_mixin.py:149} INFO - 0
[2023-05-08T03:58:23.231+0000] {logging_mixin.py:149} INFO - 1
[2023-05-08T03:58:23.234+0000] {logging_mixin.py:149} INFO - 2
[2023-05-08T03:58:23.236+0000] {logging_mixin.py:149} INFO - 3
[2023-05-08T03:58:23.237+0000] {logging_mixin.py:149} INFO - 4
[2023-05-08T03:58:23.240+0000] {logging_mixin.py:149} INFO - 5
[2023-05-08T03:58:23.241+0000] {logging_mixin.py:149} INFO - 6
[2023-05-08T03:58:23.243+0000] {logging_mixin.py:149} INFO - 7
[2023-05-08T03:58:23.246+0000] {logging_mixin.py:149} INFO - 8
[2023-05-08T03:58:23.247+0000] {logging_mixin.py:149} INFO - 9
[2023-05-08T03:58:23.248+0000] {logging_mixin.py:149} INFO - 10
[2023-05-08T03:58:23.250+0000] {logging_mixin.py:149} INFO - 11
[2023-05-08T03:58:23.252+0000] {logging_mixin.py:149} INFO - 12
[2023-05-08T03:58:23.253+0000] {logging_mixin.py:149} INFO - 13
[2023-05-08T03:58:23.255+0000] {logging_mixin.py:149} INFO - 14
[2023-05-08T03:58:23.256+0000] {logging_mixin.py:149} INFO - 15
[2023-05-08T03:58:23.257+0000] {logging_mixin.py:149} INFO - 16
[2023-05-08T03:58:23.258+0000] {logging_mixin.py:149} INFO - 17
[2023-05-08T03:58:23.260+0000] {logging_mixin.py:149} INFO - 18
[2023-05-08T03:58:23.261+0000] {logging_mixin.py:149} INFO - 19
[2023-05-08T03:58:23.263+0000] {logging_mixin.py:149} INFO - 20
[2023-05-08T03:58:23.264+0000] {logging_mixin.py:149} INFO - 21
[2023-05-08T03:58:23.265+0000] {logging_mixin.py:149} INFO - 22
[2023-05-08T03:58:23.267+0000] {logging_mixin.py:149} INFO - 23
[2023-05-08T03:58:23.268+0000] {logging_mixin.py:149} INFO - 24
[2023-05-08T03:58:23.269+0000] {logging_mixin.py:149} INFO - 25
[2023-05-08T03:58:23.271+0000] {logging_mixin.py:149} INFO - 26
[2023-05-08T03:58:23.272+0000] {logging_mixin.py:149} INFO - 27
[2023-05-08T03:58:23.275+0000] {logging_mixin.py:149} INFO - 28
[2023-05-08T03:58:23.277+0000] {logging_mixin.py:149} INFO - 29
[2023-05-08T03:58:23.279+0000] {logging_mixin.py:149} INFO - 30
[2023-05-08T03:58:23.280+0000] {logging_mixin.py:149} INFO - 31
[2023-05-08T03:58:23.281+0000] {logging_mixin.py:149} INFO - 32
[2023-05-08T03:58:23.282+0000] {logging_mixin.py:149} INFO - 33
[2023-05-08T03:58:23.283+0000] {logging_mixin.py:149} INFO - 34
[2023-05-08T03:58:23.284+0000] {logging_mixin.py:149} INFO - 35
[2023-05-08T03:58:23.286+0000] {logging_mixin.py:149} INFO - 36
[2023-05-08T03:58:23.288+0000] {logging_mixin.py:149} INFO - 37
[2023-05-08T03:58:23.289+0000] {logging_mixin.py:149} INFO - 38
[2023-05-08T03:58:23.291+0000] {logging_mixin.py:149} INFO - 39
[2023-05-08T03:58:23.292+0000] {logging_mixin.py:149} INFO - 40
[2023-05-08T03:58:23.294+0000] {logging_mixin.py:149} INFO - 41
[2023-05-08T03:58:23.295+0000] {logging_mixin.py:149} INFO - 42
[2023-05-08T03:58:23.296+0000] {logging_mixin.py:149} INFO - 43
[2023-05-08T03:58:23.297+0000] {logging_mixin.py:149} INFO - 44
[2023-05-08T03:58:23.298+0000] {logging_mixin.py:149} INFO - 45
[2023-05-08T03:58:23.299+0000] {logging_mixin.py:149} INFO - 46
[2023-05-08T03:58:23.301+0000] {logging_mixin.py:149} INFO - 47
[2023-05-08T03:58:23.303+0000] {logging_mixin.py:149} INFO - 48
[2023-05-08T03:58:23.304+0000] {logging_mixin.py:149} INFO - 49
[2023-05-08T03:58:23.305+0000] {logging_mixin.py:149} INFO - 50
[2023-05-08T03:58:23.306+0000] {logging_mixin.py:149} INFO - 51
[2023-05-08T03:58:23.307+0000] {logging_mixin.py:149} INFO - 52
[2023-05-08T03:58:23.309+0000] {logging_mixin.py:149} INFO - 53
[2023-05-08T03:58:23.310+0000] {logging_mixin.py:149} INFO - 54
[2023-05-08T03:58:23.311+0000] {logging_mixin.py:149} INFO - 55
[2023-05-08T03:58:23.312+0000] {logging_mixin.py:149} INFO - 56
[2023-05-08T03:58:23.313+0000] {logging_mixin.py:149} INFO - 57
[2023-05-08T03:58:23.314+0000] {logging_mixin.py:149} INFO - 58
[2023-05-08T03:58:23.315+0000] {logging_mixin.py:149} INFO - 59
[2023-05-08T03:58:23.317+0000] {logging_mixin.py:149} INFO - 60
[2023-05-08T03:58:23.318+0000] {logging_mixin.py:149} INFO - 61
[2023-05-08T03:58:23.319+0000] {logging_mixin.py:149} INFO - 62
[2023-05-08T03:58:23.320+0000] {logging_mixin.py:149} INFO - 63
[2023-05-08T03:58:23.321+0000] {logging_mixin.py:149} INFO - 64
[2023-05-08T03:58:23.322+0000] {logging_mixin.py:149} INFO - 65
[2023-05-08T03:58:23.323+0000] {logging_mixin.py:149} INFO - 66
[2023-05-08T03:58:23.325+0000] {logging_mixin.py:149} INFO - 67
[2023-05-08T03:58:23.326+0000] {logging_mixin.py:149} INFO - 68
[2023-05-08T03:58:23.327+0000] {logging_mixin.py:149} INFO - 69
[2023-05-08T03:58:23.328+0000] {logging_mixin.py:149} INFO - 70
[2023-05-08T03:58:23.330+0000] {logging_mixin.py:149} INFO - 71
[2023-05-08T03:58:23.331+0000] {logging_mixin.py:149} INFO - 72
[2023-05-08T03:58:23.333+0000] {logging_mixin.py:149} INFO - 73
[2023-05-08T03:58:23.334+0000] {logging_mixin.py:149} INFO - 74
[2023-05-08T03:58:23.335+0000] {logging_mixin.py:149} INFO - 75
[2023-05-08T03:58:23.336+0000] {logging_mixin.py:149} INFO - 76
[2023-05-08T03:58:23.337+0000] {logging_mixin.py:149} INFO - 77
[2023-05-08T03:58:23.339+0000] {logging_mixin.py:149} INFO - 78
[2023-05-08T03:58:23.340+0000] {logging_mixin.py:149} INFO - 79
[2023-05-08T03:58:23.341+0000] {logging_mixin.py:149} INFO - 80
[2023-05-08T03:58:23.343+0000] {logging_mixin.py:149} INFO - 81
[2023-05-08T03:58:23.345+0000] {logging_mixin.py:149} INFO - 82
[2023-05-08T03:58:23.346+0000] {logging_mixin.py:149} INFO - 83
[2023-05-08T03:58:23.348+0000] {logging_mixin.py:149} INFO - 84
[2023-05-08T03:58:23.350+0000] {logging_mixin.py:149} INFO - 85
[2023-05-08T03:58:23.352+0000] {logging_mixin.py:149} INFO - 86
[2023-05-08T03:58:23.353+0000] {logging_mixin.py:149} INFO - 87
[2023-05-08T03:58:23.354+0000] {logging_mixin.py:149} INFO - 88
[2023-05-08T03:58:23.355+0000] {logging_mixin.py:149} INFO - 89
[2023-05-08T03:58:23.357+0000] {logging_mixin.py:149} INFO - 90
[2023-05-08T03:58:23.358+0000] {logging_mixin.py:149} INFO - 91
[2023-05-08T03:58:23.359+0000] {logging_mixin.py:149} INFO - 92
[2023-05-08T03:58:23.361+0000] {logging_mixin.py:149} INFO - 93
[2023-05-08T03:58:23.364+0000] {logging_mixin.py:149} INFO - 94
[2023-05-08T03:58:23.366+0000] {logging_mixin.py:149} INFO - 95
[2023-05-08T03:58:23.367+0000] {logging_mixin.py:149} INFO - 96
[2023-05-08T03:58:23.368+0000] {logging_mixin.py:149} INFO - 97
[2023-05-08T03:58:23.369+0000] {logging_mixin.py:149} INFO - 98
[2023-05-08T03:58:23.371+0000] {logging_mixin.py:149} INFO - 99
[2023-05-08T03:58:23.384+0000] {python.py:183} INFO - Done. Returned value was: None
[2023-05-08T03:58:23.392+0000] {taskinstance.py:1373} INFO - Marking task as SUCCESS. dag_id=Summer_Warped_ETL, task_id=GetSongsFromPlaylist, execution_date=20230508T035819, start_date=20230508T035822, end_date=20230508T035823
[2023-05-08T03:58:23.446+0000] {local_task_job_runner.py:232} INFO - Task exited with return code 0
[2023-05-08T03:58:23.471+0000] {taskinstance.py:2674} INFO - 2 downstream tasks scheduled from follow-on schedule check
