[2023-05-06T20:04:33.350+0000] {taskinstance.py:1125} INFO - Dependencies all met for dep_context=non-requeueable deps ti=<TaskInstance: Summer_Warped_ETL.GetArtistInfo manual__2023-05-06T20:04:28.044320+00:00 [queued]>
[2023-05-06T20:04:33.355+0000] {taskinstance.py:1125} INFO - Dependencies all met for dep_context=requeueable deps ti=<TaskInstance: Summer_Warped_ETL.GetArtistInfo manual__2023-05-06T20:04:28.044320+00:00 [queued]>
[2023-05-06T20:04:33.355+0000] {taskinstance.py:1331} INFO - Starting attempt 1 of 3
[2023-05-06T20:04:33.364+0000] {taskinstance.py:1350} INFO - Executing <Task(PythonOperator): GetArtistInfo> on 2023-05-06 20:04:28.044320+00:00
[2023-05-06T20:04:33.369+0000] {standard_task_runner.py:57} INFO - Started process 125 to run task
[2023-05-06T20:04:33.374+0000] {standard_task_runner.py:84} INFO - Running: ['***', 'tasks', 'run', 'Summer_Warped_ETL', 'GetArtistInfo', 'manual__2023-05-06T20:04:28.044320+00:00', '--job-id', '292', '--raw', '--subdir', 'DAGS_FOLDER/warped-dag.py', '--cfg-path', '/tmp/tmpc2xwci0z']
[2023-05-06T20:04:33.375+0000] {standard_task_runner.py:85} INFO - Job 292: Subtask GetArtistInfo
[2023-05-06T20:04:33.430+0000] {task_command.py:410} INFO - Running <TaskInstance: Summer_Warped_ETL.GetArtistInfo manual__2023-05-06T20:04:28.044320+00:00 [running]> on host 24f14f0e7c77
[2023-05-06T20:04:33.494+0000] {taskinstance.py:1570} INFO - Exporting env vars: AIRFLOW_CTX_DAG_OWNER='Ananta Moharana' AIRFLOW_CTX_DAG_ID='Summer_Warped_ETL' AIRFLOW_CTX_TASK_ID='GetArtistInfo' AIRFLOW_CTX_EXECUTION_DATE='2023-05-06T20:04:28.044320+00:00' AIRFLOW_CTX_TRY_NUMBER='1' AIRFLOW_CTX_DAG_RUN_ID='manual__2023-05-06T20:04:28.044320+00:00'
[2023-05-06T20:04:33.627+0000] {logging_mixin.py:149} INFO - cloud rap
[2023-05-06T20:04:33.736+0000] {logging_mixin.py:149} INFO - alt z
[2023-05-06T20:04:33.850+0000] {logging_mixin.py:149} INFO - cloud rap
[2023-05-06T20:04:33.957+0000] {logging_mixin.py:149} INFO - atl hip hop
[2023-05-06T20:04:34.063+0000] {logging_mixin.py:149} INFO - emo rap
[2023-05-06T20:04:34.202+0000] {logging_mixin.py:149} INFO - canadian hip hop
[2023-05-06T20:04:34.311+0000] {logging_mixin.py:149} INFO - glitchcore
[2023-05-06T20:04:34.569+0000] {logging_mixin.py:149} INFO - alt z
[2023-05-06T20:04:35.109+0000] {logging_mixin.py:149} INFO - indie pop rap
[2023-05-06T20:04:35.219+0000] {logging_mixin.py:149} INFO - emo rap
[2023-05-06T20:04:35.316+0000] {logging_mixin.py:149} INFO - sad rap
[2023-05-06T20:04:35.410+0000] {logging_mixin.py:149} INFO - emo rap
[2023-05-06T20:04:35.564+0000] {logging_mixin.py:149} INFO - st louis rap
[2023-05-06T20:04:35.658+0000] {logging_mixin.py:149} INFO - emoplugg
[2023-05-06T20:04:35.841+0000] {logging_mixin.py:149} INFO - cloud rap
[2023-05-06T20:04:36.337+0000] {logging_mixin.py:149} INFO - asian american hip hop
[2023-05-06T20:04:36.642+0000] {logging_mixin.py:149} INFO - cloud rap
[2023-05-06T20:04:36.756+0000] {logging_mixin.py:149} INFO - hyperpop
[2023-05-06T20:04:36.857+0000] {logging_mixin.py:149} INFO - lo-fi rap
[2023-05-06T20:04:37.113+0000] {logging_mixin.py:149} INFO - sad rap
[2023-05-06T20:04:37.429+0000] {logging_mixin.py:149} INFO - indie pop rap
[2023-05-06T20:04:37.554+0000] {logging_mixin.py:149} INFO - emo rap
[2023-05-06T20:04:37.653+0000] {logging_mixin.py:149} INFO - hyperpop
[2023-05-06T20:04:38.074+0000] {logging_mixin.py:149} INFO - deep underground hip hop
[2023-05-06T20:04:38.215+0000] {logging_mixin.py:149} INFO - pop edm
[2023-05-06T20:04:38.595+0000] {logging_mixin.py:149} INFO - glitchcore
[2023-05-06T20:04:38.816+0000] {logging_mixin.py:149} INFO - indonesian hip hop
[2023-05-06T20:04:39.138+0000] {logging_mixin.py:149} INFO - emo rap
[2023-05-06T20:04:39.236+0000] {logging_mixin.py:149} INFO - la pop
[2023-05-06T20:04:39.653+0000] {logging_mixin.py:149} INFO - meme rap
[2023-05-06T20:04:39.848+0000] {logging_mixin.py:149} INFO - cloud rap
[2023-05-06T20:04:40.066+0000] {logging_mixin.py:149} INFO - glitchcore
[2023-05-06T20:04:40.170+0000] {logging_mixin.py:149} INFO - hyperpop
[2023-05-06T20:04:40.273+0000] {logging_mixin.py:149} INFO - underground hip hop
[2023-05-06T20:04:40.495+0000] {logging_mixin.py:149} INFO - pittsburgh rap
[2023-05-06T20:04:40.994+0000] {logging_mixin.py:149} INFO - aesthetic rap
[2023-05-06T20:04:41.193+0000] {logging_mixin.py:149} INFO - indie hip hop
[2023-05-06T20:04:41.494+0000] {logging_mixin.py:149} INFO - canadian contemporary r&b
[2023-05-06T20:04:41.613+0000] {logging_mixin.py:149} INFO - upstate ny rap
[2023-05-06T20:04:41.725+0000] {logging_mixin.py:149} INFO - cloud rap
[2023-05-06T20:04:41.811+0000] {logging_mixin.py:149} INFO - glitchcore
[2023-05-06T20:04:41.914+0000] {logging_mixin.py:149} INFO - nyc rap
[2023-05-06T20:04:42.015+0000] {logging_mixin.py:149} INFO - emo rap
[2023-05-06T20:04:42.206+0000] {logging_mixin.py:149} INFO - vapor trap
[2023-05-06T20:04:42.310+0000] {logging_mixin.py:149} INFO - aesthetic rap
[2023-05-06T20:04:42.503+0000] {logging_mixin.py:149} INFO - cali rap
[2023-05-06T20:04:42.599+0000] {logging_mixin.py:149} INFO - hyperpop
[2023-05-06T20:04:42.700+0000] {logging_mixin.py:149} INFO - sad rap
[2023-05-06T20:04:42.782+0000] {logging_mixin.py:149} INFO - canadian hip hop
[2023-05-06T20:04:42.880+0000] {logging_mixin.py:149} INFO - emo rap
[2023-05-06T20:04:42.972+0000] {logging_mixin.py:149} INFO - hyperpop
[2023-05-06T20:04:43.087+0000] {logging_mixin.py:149} INFO - cloud rap
[2023-05-06T20:04:43.188+0000] {logging_mixin.py:149} INFO - melodic rap
[2023-05-06T20:04:43.292+0000] {logging_mixin.py:149} INFO - bedroom soul
[2023-05-06T20:04:43.400+0000] {logging_mixin.py:149} INFO - future bass
[2023-05-06T20:04:43.495+0000] {logging_mixin.py:149} INFO - canadian contemporary r&b
[2023-05-06T20:04:43.603+0000] {logging_mixin.py:149} INFO - cloud rap
[2023-05-06T20:04:43.699+0000] {logging_mixin.py:149} INFO - cloud rap
[2023-05-06T20:04:43.711+0000] {python.py:183} INFO - Done. Returned value was: None
[2023-05-06T20:04:43.719+0000] {taskinstance.py:1373} INFO - Marking task as SUCCESS. dag_id=Summer_Warped_ETL, task_id=GetArtistInfo, execution_date=20230506T200428, start_date=20230506T200433, end_date=20230506T200443
[2023-05-06T20:04:43.769+0000] {local_task_job_runner.py:232} INFO - Task exited with return code 0
[2023-05-06T20:04:43.793+0000] {taskinstance.py:2674} INFO - 0 downstream tasks scheduled from follow-on schedule check
