[2023-05-06T22:00:57.469+0000] {taskinstance.py:1125} INFO - Dependencies all met for dep_context=non-requeueable deps ti=<TaskInstance: Summer_Warped_ETL.GetArtistInfo manual__2023-05-06T20:04:28.044320+00:00 [queued]>
[2023-05-06T22:00:57.474+0000] {taskinstance.py:1125} INFO - Dependencies all met for dep_context=requeueable deps ti=<TaskInstance: Summer_Warped_ETL.GetArtistInfo manual__2023-05-06T20:04:28.044320+00:00 [queued]>
[2023-05-06T22:00:57.474+0000] {taskinstance.py:1331} INFO - Starting attempt 3 of 5
[2023-05-06T22:00:57.481+0000] {taskinstance.py:1350} INFO - Executing <Task(PythonOperator): GetArtistInfo> on 2023-05-06 20:04:28.044320+00:00
[2023-05-06T22:00:57.486+0000] {standard_task_runner.py:57} INFO - Started process 651 to run task
[2023-05-06T22:00:57.489+0000] {standard_task_runner.py:84} INFO - Running: ['***', 'tasks', 'run', 'Summer_Warped_ETL', 'GetArtistInfo', 'manual__2023-05-06T20:04:28.044320+00:00', '--job-id', '364', '--raw', '--subdir', 'DAGS_FOLDER/warped-dag.py', '--cfg-path', '/tmp/tmp4g7t3pab']
[2023-05-06T22:00:57.490+0000] {standard_task_runner.py:85} INFO - Job 364: Subtask GetArtistInfo
[2023-05-06T22:00:57.528+0000] {task_command.py:410} INFO - Running <TaskInstance: Summer_Warped_ETL.GetArtistInfo manual__2023-05-06T20:04:28.044320+00:00 [running]> on host b60ed7c33f68
[2023-05-06T22:00:57.581+0000] {taskinstance.py:1570} INFO - Exporting env vars: AIRFLOW_CTX_DAG_OWNER='Ananta Moharana' AIRFLOW_CTX_DAG_ID='Summer_Warped_ETL' AIRFLOW_CTX_TASK_ID='GetArtistInfo' AIRFLOW_CTX_EXECUTION_DATE='2023-05-06T20:04:28.044320+00:00' AIRFLOW_CTX_TRY_NUMBER='3' AIRFLOW_CTX_DAG_RUN_ID='manual__2023-05-06T20:04:28.044320+00:00'
[2023-05-06T22:00:57.733+0000] {logging_mixin.py:149} INFO - sad rap
[2023-05-06T22:00:58.208+0000] {logging_mixin.py:149} INFO - deep underground hip hop
[2023-05-06T22:00:58.348+0000] {logging_mixin.py:149} INFO - indie hip hop
[2023-05-06T22:00:58.463+0000] {logging_mixin.py:149} INFO - canadian contemporary r&b
[2023-05-06T22:00:58.578+0000] {logging_mixin.py:149} INFO - emo rap
[2023-05-06T22:00:59.070+0000] {logging_mixin.py:149} INFO - st louis rap
[2023-05-06T22:00:59.300+0000] {logging_mixin.py:149} INFO - canadian hip hop
[2023-05-06T22:00:59.430+0000] {logging_mixin.py:149} INFO - alt z
[2023-05-06T22:00:59.534+0000] {logging_mixin.py:149} INFO - cloud rap
[2023-05-06T22:00:59.633+0000] {logging_mixin.py:149} INFO - pop edm
[2023-05-06T22:00:59.733+0000] {logging_mixin.py:149} INFO - aesthetic rap
[2023-05-06T22:00:59.925+0000] {logging_mixin.py:149} INFO - emoplugg
[2023-05-06T22:01:00.187+0000] {logging_mixin.py:149} INFO - underground hip hop
[2023-05-06T22:01:00.314+0000] {logging_mixin.py:149} INFO - hyperpop
[2023-05-06T22:01:00.420+0000] {logging_mixin.py:149} INFO - upstate ny rap
[2023-05-06T22:01:00.531+0000] {logging_mixin.py:149} INFO - nyc rap
[2023-05-06T22:01:00.629+0000] {logging_mixin.py:149} INFO - lo-fi rap
[2023-05-06T22:01:00.726+0000] {logging_mixin.py:149} INFO - cloud rap
[2023-05-06T22:01:00.833+0000] {logging_mixin.py:149} INFO - pittsburgh rap
[2023-05-06T22:01:00.936+0000] {logging_mixin.py:149} INFO - bedroom soul
[2023-05-06T22:01:01.251+0000] {logging_mixin.py:149} INFO - cali rap
[2023-05-06T22:01:01.711+0000] {logging_mixin.py:149} INFO - cloud rap
[2023-05-06T22:01:01.934+0000] {logging_mixin.py:149} INFO - glitchcore
[2023-05-06T22:01:02.042+0000] {logging_mixin.py:149} INFO - glitchcore
[2023-05-06T22:01:02.143+0000] {logging_mixin.py:149} INFO - glitchcore
[2023-05-06T22:01:02.340+0000] {logging_mixin.py:149} INFO - sad rap
[2023-05-06T22:01:02.566+0000] {logging_mixin.py:149} INFO - asian american hip hop
[2023-05-06T22:01:02.774+0000] {logging_mixin.py:149} INFO - glitchcore
[2023-05-06T22:01:02.873+0000] {logging_mixin.py:149} INFO - cloud rap
[2023-05-06T22:01:03.110+0000] {logging_mixin.py:149} INFO - cloud rap
[2023-05-06T22:01:03.220+0000] {logging_mixin.py:149} INFO - emo rap
[2023-05-06T22:01:03.408+0000] {logging_mixin.py:149} INFO - emo rap
[2023-05-06T22:01:03.604+0000] {logging_mixin.py:149} INFO - emo rap
[2023-05-06T22:01:03.717+0000] {logging_mixin.py:149} INFO - indonesian hip hop
[2023-05-06T22:01:04.245+0000] {logging_mixin.py:149} INFO - hyperpop
[2023-05-06T22:01:04.349+0000] {logging_mixin.py:149} INFO - emo rap
[2023-05-06T22:01:04.456+0000] {logging_mixin.py:149} INFO - emo rap
[2023-05-06T22:01:04.546+0000] {logging_mixin.py:149} INFO - indie pop rap
[2023-05-06T22:01:04.739+0000] {logging_mixin.py:149} INFO - hyperpop
[2023-05-06T22:01:04.837+0000] {logging_mixin.py:149} INFO - emo rap
[2023-05-06T22:01:05.089+0000] {logging_mixin.py:149} INFO - indie pop rap
[2023-05-06T22:01:05.429+0000] {logging_mixin.py:149} INFO - cloud rap
[2023-05-06T22:01:05.651+0000] {logging_mixin.py:149} INFO - vapor trap
[2023-05-06T22:01:05.749+0000] {logging_mixin.py:149} INFO - meme rap
[2023-05-06T22:01:05.833+0000] {logging_mixin.py:149} INFO - la pop
[2023-05-06T22:01:05.985+0000] {logging_mixin.py:149} INFO - cloud rap
[2023-05-06T22:01:06.089+0000] {logging_mixin.py:149} INFO - sad rap
[2023-05-06T22:01:06.293+0000] {logging_mixin.py:149} INFO - alt z
[2023-05-06T22:01:06.407+0000] {logging_mixin.py:149} INFO - canadian contemporary r&b
[2023-05-06T22:01:06.509+0000] {logging_mixin.py:149} INFO - cloud rap
[2023-05-06T22:01:06.615+0000] {logging_mixin.py:149} INFO - hyperpop
[2023-05-06T22:01:06.748+0000] {logging_mixin.py:149} INFO - aesthetic rap
[2023-05-06T22:01:06.914+0000] {logging_mixin.py:149} INFO - canadian hip hop
[2023-05-06T22:01:07.010+0000] {logging_mixin.py:149} INFO - melodic rap
[2023-05-06T22:01:07.404+0000] {logging_mixin.py:149} INFO - hyperpop
[2023-05-06T22:01:07.635+0000] {logging_mixin.py:149} INFO - cloud rap
[2023-05-06T22:01:07.738+0000] {logging_mixin.py:149} INFO - atl hip hop
[2023-05-06T22:01:07.839+0000] {logging_mixin.py:149} INFO - future bass
[2023-05-06T22:01:08.075+0000] {python.py:183} INFO - Done. Returned value was: None
[2023-05-06T22:01:08.083+0000] {taskinstance.py:1373} INFO - Marking task as SUCCESS. dag_id=Summer_Warped_ETL, task_id=GetArtistInfo, execution_date=20230506T200428, start_date=20230506T220057, end_date=20230506T220108
[2023-05-06T22:01:08.115+0000] {local_task_job_runner.py:232} INFO - Task exited with return code 0
[2023-05-06T22:01:08.132+0000] {taskinstance.py:2674} INFO - 0 downstream tasks scheduled from follow-on schedule check
