[2023-05-06T22:02:18.352+0000] {taskinstance.py:1125} INFO - Dependencies all met for dep_context=non-requeueable deps ti=<TaskInstance: Summer_Warped_ETL.GetArtistInfo manual__2023-05-06T20:04:28.044320+00:00 [queued]>
[2023-05-06T22:02:18.360+0000] {taskinstance.py:1125} INFO - Dependencies all met for dep_context=requeueable deps ti=<TaskInstance: Summer_Warped_ETL.GetArtistInfo manual__2023-05-06T20:04:28.044320+00:00 [queued]>
[2023-05-06T22:02:18.360+0000] {taskinstance.py:1331} INFO - Starting attempt 4 of 6
[2023-05-06T22:02:18.371+0000] {taskinstance.py:1350} INFO - Executing <Task(PythonOperator): GetArtistInfo> on 2023-05-06 20:04:28.044320+00:00
[2023-05-06T22:02:18.376+0000] {standard_task_runner.py:57} INFO - Started process 694 to run task
[2023-05-06T22:02:18.383+0000] {standard_task_runner.py:84} INFO - Running: ['***', 'tasks', 'run', 'Summer_Warped_ETL', 'GetArtistInfo', 'manual__2023-05-06T20:04:28.044320+00:00', '--job-id', '368', '--raw', '--subdir', 'DAGS_FOLDER/warped-dag.py', '--cfg-path', '/tmp/tmpnnqvvtlw']
[2023-05-06T22:02:18.383+0000] {standard_task_runner.py:85} INFO - Job 368: Subtask GetArtistInfo
[2023-05-06T22:02:18.427+0000] {task_command.py:410} INFO - Running <TaskInstance: Summer_Warped_ETL.GetArtistInfo manual__2023-05-06T20:04:28.044320+00:00 [running]> on host b60ed7c33f68
[2023-05-06T22:02:18.490+0000] {taskinstance.py:1570} INFO - Exporting env vars: AIRFLOW_CTX_DAG_OWNER='Ananta Moharana' AIRFLOW_CTX_DAG_ID='Summer_Warped_ETL' AIRFLOW_CTX_TASK_ID='GetArtistInfo' AIRFLOW_CTX_EXECUTION_DATE='2023-05-06T20:04:28.044320+00:00' AIRFLOW_CTX_TRY_NUMBER='4' AIRFLOW_CTX_DAG_RUN_ID='manual__2023-05-06T20:04:28.044320+00:00'
[2023-05-06T22:02:18.626+0000] {logging_mixin.py:149} INFO - sad rap
[2023-05-06T22:02:19.099+0000] {logging_mixin.py:149} INFO - deep underground hip hop
[2023-05-06T22:02:19.215+0000] {logging_mixin.py:149} INFO - indie hip hop
[2023-05-06T22:02:19.309+0000] {logging_mixin.py:149} INFO - canadian contemporary r&b
[2023-05-06T22:02:19.422+0000] {logging_mixin.py:149} INFO - emo rap
[2023-05-06T22:02:19.935+0000] {logging_mixin.py:149} INFO - st louis rap
[2023-05-06T22:02:20.173+0000] {logging_mixin.py:149} INFO - canadian hip hop
[2023-05-06T22:02:20.295+0000] {logging_mixin.py:149} INFO - alt z
[2023-05-06T22:02:20.402+0000] {logging_mixin.py:149} INFO - cloud rap
[2023-05-06T22:02:20.514+0000] {logging_mixin.py:149} INFO - pop edm
[2023-05-06T22:02:20.604+0000] {logging_mixin.py:149} INFO - aesthetic rap
[2023-05-06T22:02:20.809+0000] {logging_mixin.py:149} INFO - emoplugg
[2023-05-06T22:02:21.006+0000] {logging_mixin.py:149} INFO - underground hip hop
[2023-05-06T22:02:21.114+0000] {logging_mixin.py:149} INFO - hyperpop
[2023-05-06T22:02:21.221+0000] {logging_mixin.py:149} INFO - upstate ny rap
[2023-05-06T22:02:21.316+0000] {logging_mixin.py:149} INFO - nyc rap
[2023-05-06T22:02:21.425+0000] {logging_mixin.py:149} INFO - lo-fi rap
[2023-05-06T22:02:21.529+0000] {logging_mixin.py:149} INFO - cloud rap
[2023-05-06T22:02:21.650+0000] {logging_mixin.py:149} INFO - pittsburgh rap
[2023-05-06T22:02:21.750+0000] {logging_mixin.py:149} INFO - bedroom soul
[2023-05-06T22:02:21.985+0000] {logging_mixin.py:149} INFO - cali rap
[2023-05-06T22:02:22.518+0000] {logging_mixin.py:149} INFO - cloud rap
[2023-05-06T22:02:22.725+0000] {logging_mixin.py:149} INFO - glitchcore
[2023-05-06T22:02:22.929+0000] {logging_mixin.py:149} INFO - glitchcore
[2023-05-06T22:02:23.026+0000] {logging_mixin.py:149} INFO - glitchcore
[2023-05-06T22:02:23.217+0000] {logging_mixin.py:149} INFO - sad rap
[2023-05-06T22:02:23.424+0000] {logging_mixin.py:149} INFO - asian american hip hop
[2023-05-06T22:02:23.655+0000] {logging_mixin.py:149} INFO - glitchcore
[2023-05-06T22:02:23.754+0000] {logging_mixin.py:149} INFO - cloud rap
[2023-05-06T22:02:24.052+0000] {logging_mixin.py:149} INFO - cloud rap
[2023-05-06T22:02:24.152+0000] {logging_mixin.py:149} INFO - emo rap
[2023-05-06T22:02:24.434+0000] {logging_mixin.py:149} INFO - emo rap
[2023-05-06T22:02:24.647+0000] {logging_mixin.py:149} INFO - emo rap
[2023-05-06T22:02:24.752+0000] {logging_mixin.py:149} INFO - indonesian hip hop
[2023-05-06T22:02:25.156+0000] {logging_mixin.py:149} INFO - hyperpop
[2023-05-06T22:02:25.264+0000] {logging_mixin.py:149} INFO - emo rap
[2023-05-06T22:02:25.368+0000] {logging_mixin.py:149} INFO - emo rap
[2023-05-06T22:02:25.462+0000] {logging_mixin.py:149} INFO - indie pop rap
[2023-05-06T22:02:25.665+0000] {logging_mixin.py:149} INFO - hyperpop
[2023-05-06T22:02:25.764+0000] {logging_mixin.py:149} INFO - emo rap
[2023-05-06T22:02:25.968+0000] {logging_mixin.py:149} INFO - indie pop rap
[2023-05-06T22:02:26.248+0000] {logging_mixin.py:149} INFO - cloud rap
[2023-05-06T22:02:26.437+0000] {logging_mixin.py:149} INFO - vapor trap
[2023-05-06T22:02:26.530+0000] {logging_mixin.py:149} INFO - meme rap
[2023-05-06T22:02:26.651+0000] {logging_mixin.py:149} INFO - la pop
[2023-05-06T22:02:26.744+0000] {logging_mixin.py:149} INFO - cloud rap
[2023-05-06T22:02:26.848+0000] {logging_mixin.py:149} INFO - sad rap
[2023-05-06T22:02:27.031+0000] {logging_mixin.py:149} INFO - alt z
[2023-05-06T22:02:27.147+0000] {logging_mixin.py:149} INFO - canadian contemporary r&b
[2023-05-06T22:02:27.243+0000] {logging_mixin.py:149} INFO - cloud rap
[2023-05-06T22:02:27.339+0000] {logging_mixin.py:149} INFO - hyperpop
[2023-05-06T22:02:27.438+0000] {logging_mixin.py:149} INFO - aesthetic rap
[2023-05-06T22:02:27.538+0000] {logging_mixin.py:149} INFO - canadian hip hop
[2023-05-06T22:02:27.647+0000] {logging_mixin.py:149} INFO - melodic rap
[2023-05-06T22:02:27.756+0000] {logging_mixin.py:149} INFO - hyperpop
[2023-05-06T22:02:27.944+0000] {logging_mixin.py:149} INFO - cloud rap
[2023-05-06T22:02:28.056+0000] {logging_mixin.py:149} INFO - atl hip hop
[2023-05-06T22:02:28.160+0000] {logging_mixin.py:149} INFO - future bass
[2023-05-06T22:02:28.391+0000] {python.py:183} INFO - Done. Returned value was: None
[2023-05-06T22:02:28.400+0000] {taskinstance.py:1373} INFO - Marking task as SUCCESS. dag_id=Summer_Warped_ETL, task_id=GetArtistInfo, execution_date=20230506T200428, start_date=20230506T220218, end_date=20230506T220228
[2023-05-06T22:02:28.427+0000] {local_task_job_runner.py:232} INFO - Task exited with return code 0
[2023-05-06T22:02:28.444+0000] {taskinstance.py:2674} INFO - 0 downstream tasks scheduled from follow-on schedule check
