[2023-05-05T19:28:31.366+0000] {taskinstance.py:1125} INFO - Dependencies all met for dep_context=non-requeueable deps ti=<TaskInstance: Summer_Warped_ETL.GetArtistInfo manual__2023-05-05T19:18:13.032704+00:00 [queued]>
[2023-05-05T19:28:31.371+0000] {taskinstance.py:1125} INFO - Dependencies all met for dep_context=requeueable deps ti=<TaskInstance: Summer_Warped_ETL.GetArtistInfo manual__2023-05-05T19:18:13.032704+00:00 [queued]>
[2023-05-05T19:28:31.371+0000] {taskinstance.py:1331} INFO - Starting attempt 6 of 6
[2023-05-05T19:28:31.378+0000] {taskinstance.py:1350} INFO - Executing <Task(PythonOperator): GetArtistInfo> on 2023-05-05 19:18:13.032704+00:00
[2023-05-05T19:28:31.383+0000] {standard_task_runner.py:57} INFO - Started process 211 to run task
[2023-05-05T19:28:31.386+0000] {standard_task_runner.py:84} INFO - Running: ['***', 'tasks', 'run', 'Summer_Warped_ETL', 'GetArtistInfo', 'manual__2023-05-05T19:18:13.032704+00:00', '--job-id', '55', '--raw', '--subdir', 'DAGS_FOLDER/warped-dag.py', '--cfg-path', '/tmp/tmp8svre03_']
[2023-05-05T19:28:31.387+0000] {standard_task_runner.py:85} INFO - Job 55: Subtask GetArtistInfo
[2023-05-05T19:28:31.419+0000] {task_command.py:410} INFO - Running <TaskInstance: Summer_Warped_ETL.GetArtistInfo manual__2023-05-05T19:18:13.032704+00:00 [running]> on host ca49569c325a
[2023-05-05T19:28:31.469+0000] {taskinstance.py:1570} INFO - Exporting env vars: AIRFLOW_CTX_DAG_OWNER='Ananta Moharana' AIRFLOW_CTX_DAG_ID='Summer_Warped_ETL' AIRFLOW_CTX_TASK_ID='GetArtistInfo' AIRFLOW_CTX_EXECUTION_DATE='2023-05-05T19:18:13.032704+00:00' AIRFLOW_CTX_TRY_NUMBER='6' AIRFLOW_CTX_DAG_RUN_ID='manual__2023-05-05T19:18:13.032704+00:00'
[2023-05-05T19:28:31.609+0000] {logging_mixin.py:149} INFO - ['uk contemporary r&b', 'uk pop']
[2023-05-05T19:28:31.746+0000] {logging_mixin.py:149} INFO - ['colombian pop', 'pop reggaeton', 'reggaeton colombiano', 'trap latino', 'urbano latino']
[2023-05-05T19:28:31.853+0000] {logging_mixin.py:149} INFO - ['corrido', 'nueva musica mexicana', 'sad sierreno']
[2023-05-05T19:28:31.982+0000] {logging_mixin.py:149} INFO - ['reggaeton', 'reggaeton colombiano', 'trap latino', 'urbano latino']
[2023-05-05T19:28:32.131+0000] {logging_mixin.py:149} INFO - ['canadian contemporary r&b', 'canadian pop', 'pop']
[2023-05-05T19:28:32.279+0000] {logging_mixin.py:149} INFO - ['puerto rican pop', 'reggaeton', 'trap latino', 'urbano latino']
[2023-05-05T19:28:32.393+0000] {logging_mixin.py:149} INFO - ['trap boricua', 'trap latino', 'trap triste', 'urbano latino']
[2023-05-05T19:28:32.528+0000] {logging_mixin.py:149} INFO - ['colombian pop', 'reggaeton', 'reggaeton colombiano', 'trap latino', 'urbano latino']
[2023-05-05T19:28:32.641+0000] {logging_mixin.py:149} INFO - ['bronx drill']
[2023-05-05T19:28:33.150+0000] {logging_mixin.py:149} INFO - ['chill pop']
[2023-05-05T19:28:33.266+0000] {logging_mixin.py:149} INFO - ['hip hop', 'rap', 'trap']
[2023-05-05T19:28:33.374+0000] {logging_mixin.py:149} INFO - []
[2023-05-05T19:28:33.479+0000] {logging_mixin.py:149} INFO - ['detroit hip hop', 'hip hop', 'rap']
[2023-05-05T19:28:33.599+0000] {logging_mixin.py:149} INFO - ['pop']
[2023-05-05T19:28:33.718+0000] {logging_mixin.py:149} INFO - ['corrido']
[2023-05-05T19:28:33.863+0000] {logging_mixin.py:149} INFO - ['atl hip hop', 'hip hop', 'rap', 'southern hip hop', 'trap']
[2023-05-05T19:28:34.003+0000] {logging_mixin.py:149} INFO - ['corrido', 'corridos tumbados', 'musica mexicana', 'nueva musica mexicana', 'sad sierreno', 'sierreno']
[2023-05-05T19:28:34.140+0000] {logging_mixin.py:149} INFO - ['argentine hip hop', 'pop venezolano', 'trap argentino', 'trap latino', 'urbano latino']
[2023-05-05T19:28:34.266+0000] {logging_mixin.py:149} INFO - ['corrido', 'corridos tumbados', 'musica mexicana', 'nueva musica mexicana', 'sad sierreno', 'sierreno']
[2023-05-05T19:28:34.395+0000] {logging_mixin.py:149} INFO - ['latin pop', 'latin viral pop', 'rap latina', 'reggaeton', 'urbano latino']
[2023-05-05T19:28:34.509+0000] {logging_mixin.py:149} INFO - ['garage rock', 'modern rock', 'permanent wave', 'rock', 'sheffield indie']
[2023-05-05T19:28:34.643+0000] {logging_mixin.py:149} INFO - ['reggaeton', 'trap latino', 'urbano latino']
[2023-05-05T19:28:34.761+0000] {logging_mixin.py:149} INFO - ['alt z', 'pop', 'transpop']
[2023-05-05T19:28:34.870+0000] {logging_mixin.py:149} INFO - ['puerto rican pop', 'reggaeton', 'trap latino', 'urbano latino']
[2023-05-05T19:28:35.003+0000] {logging_mixin.py:149} INFO - ['k-pop']
[2023-05-05T19:28:35.121+0000] {logging_mixin.py:149} INFO - ['hip hop', 'rap']
[2023-05-05T19:28:35.281+0000] {logging_mixin.py:149} INFO - ['gen z singer-songwriter']
[2023-05-05T19:28:35.409+0000] {logging_mixin.py:149} INFO - ['colombian pop']
[2023-05-05T19:28:35.571+0000] {logging_mixin.py:149} INFO - ['latin hip hop', 'reggaeton', 'trap latino', 'urbano latino']
[2023-05-05T19:28:35.702+0000] {logging_mixin.py:149} INFO - ['big room', 'dance pop', 'edm', 'pop', 'pop dance']
[2023-05-05T19:28:35.812+0000] {logging_mixin.py:149} INFO - ['k-pop']
[2023-05-05T19:28:35.986+0000] {logging_mixin.py:149} INFO - ['pop', 'post-teen pop']
[2023-05-05T19:28:36.143+0000] {logging_mixin.py:149} INFO - ['piano rock', 'pop']
[2023-05-05T19:28:36.275+0000] {logging_mixin.py:149} INFO - ['colombian pop', 'dance pop', 'latin pop', 'pop']
[2023-05-05T19:28:36.408+0000] {logging_mixin.py:149} INFO - ['contemporary country']
[2023-05-05T19:28:36.534+0000] {logging_mixin.py:149} INFO - ['new jersey rap']
[2023-05-05T19:28:36.651+0000] {logging_mixin.py:149} INFO - ['pop', 'r&b en espanol']
[2023-05-05T19:28:36.938+0000] {logging_mixin.py:149} INFO - ['afrobeats']
[2023-05-05T19:28:37.058+0000] {logging_mixin.py:149} INFO - ['bedroom pop']
[2023-05-05T19:28:37.206+0000] {logging_mixin.py:149} INFO - ['rap canario', 'trap latino', 'urbano latino']
[2023-05-05T19:28:37.386+0000] {logging_mixin.py:149} INFO - ['dance pop', 'pop']
[2023-05-05T19:28:37.506+0000] {logging_mixin.py:149} INFO - ['atl hip hop', 'hip hop', 'rap', 'trap']
[2023-05-05T19:28:37.617+0000] {logging_mixin.py:149} INFO - ['alt z', 'gen z singer-songwriter']
[2023-05-05T19:28:37.749+0000] {logging_mixin.py:149} INFO - ['k-pop', 'k-pop girl group']
[2023-05-05T19:28:37.942+0000] {logging_mixin.py:149} INFO - ['trap latino', 'urbano latino']
[2023-05-05T19:28:38.094+0000] {logging_mixin.py:149} INFO - ['pop', 'uk pop']
[2023-05-05T19:28:38.247+0000] {logging_mixin.py:149} INFO - ['k-pop girl group']
[2023-05-05T19:28:38.385+0000] {logging_mixin.py:149} INFO - []
[2023-05-05T19:28:38.499+0000] {logging_mixin.py:149} INFO - ['afrobeats', 'nigerian pop']
[2023-05-05T19:28:38.619+0000] {logging_mixin.py:149} INFO - ['corrido', 'corridos tumbados', 'nueva musica mexicana', 'sad sierreno', 'sierreno']
[2023-05-05T19:28:38.747+0000] {logging_mixin.py:149} INFO - ['pop']
[2023-05-05T19:28:38.847+0000] {logging_mixin.py:149} INFO - ['modern indie pop', 'pov: indie']
[2023-05-05T19:28:38.956+0000] {logging_mixin.py:149} INFO - ['pop']
[2023-05-05T19:28:39.046+0000] {logging_mixin.py:149} INFO - ['corrido', 'nueva musica mexicana', 'sierreno']
[2023-05-05T19:28:39.199+0000] {logging_mixin.py:149} INFO - ['dfw rap', 'melodic rap', 'pop', 'rap']
[2023-05-05T19:28:39.307+0000] {logging_mixin.py:149} INFO - ['gen z singer-songwriter']
[2023-05-05T19:28:39.497+0000] {logging_mixin.py:149} INFO - ['pop', 'r&b', 'rap']
[2023-05-05T19:28:39.622+0000] {logging_mixin.py:149} INFO - ['electro', 'filter house', 'rock']
[2023-05-05T19:28:39.737+0000] {logging_mixin.py:149} INFO - ['musica chihuahuense', 'nueva musica mexicana']
[2023-05-05T19:28:39.862+0000] {logging_mixin.py:149} INFO - ['pop']
[2023-05-05T19:28:39.891+0000] {python.py:183} INFO - Done. Returned value was: None
[2023-05-05T19:28:39.905+0000] {taskinstance.py:1373} INFO - Marking task as SUCCESS. dag_id=Summer_Warped_ETL, task_id=GetArtistInfo, execution_date=20230505T191813, start_date=20230505T192831, end_date=20230505T192839
[2023-05-05T19:28:39.934+0000] {local_task_job_runner.py:232} INFO - Task exited with return code 0
[2023-05-05T19:28:39.947+0000] {taskinstance.py:2674} INFO - 0 downstream tasks scheduled from follow-on schedule check
