[2023-05-06T03:39:08.997+0000] {taskinstance.py:1125} INFO - Dependencies all met for dep_context=non-requeueable deps ti=<TaskInstance: Summer_Warped_ETL.GetArtistInfo manual__2023-05-05T19:18:13.032704+00:00 [queued]>
[2023-05-06T03:39:09.002+0000] {taskinstance.py:1125} INFO - Dependencies all met for dep_context=requeueable deps ti=<TaskInstance: Summer_Warped_ETL.GetArtistInfo manual__2023-05-05T19:18:13.032704+00:00 [queued]>
[2023-05-06T03:39:09.003+0000] {taskinstance.py:1331} INFO - Starting attempt 13 of 15
[2023-05-06T03:39:09.011+0000] {taskinstance.py:1350} INFO - Executing <Task(PythonOperator): GetArtistInfo> on 2023-05-05 19:18:13.032704+00:00
[2023-05-06T03:39:09.016+0000] {standard_task_runner.py:57} INFO - Started process 103 to run task
[2023-05-06T03:39:09.020+0000] {standard_task_runner.py:84} INFO - Running: ['***', 'tasks', 'run', 'Summer_Warped_ETL', 'GetArtistInfo', 'manual__2023-05-05T19:18:13.032704+00:00', '--job-id', '114', '--raw', '--subdir', 'DAGS_FOLDER/warped-dag.py', '--cfg-path', '/tmp/tmp6hz7u1v9']
[2023-05-06T03:39:09.021+0000] {standard_task_runner.py:85} INFO - Job 114: Subtask GetArtistInfo
[2023-05-06T03:39:09.067+0000] {task_command.py:410} INFO - Running <TaskInstance: Summer_Warped_ETL.GetArtistInfo manual__2023-05-05T19:18:13.032704+00:00 [running]> on host 49f85d1317d0
[2023-05-06T03:39:09.130+0000] {taskinstance.py:1570} INFO - Exporting env vars: AIRFLOW_CTX_DAG_OWNER='Ananta Moharana' AIRFLOW_CTX_DAG_ID='Summer_Warped_ETL' AIRFLOW_CTX_TASK_ID='GetArtistInfo' AIRFLOW_CTX_EXECUTION_DATE='2023-05-05T19:18:13.032704+00:00' AIRFLOW_CTX_TRY_NUMBER='13' AIRFLOW_CTX_DAG_RUN_ID='manual__2023-05-05T19:18:13.032704+00:00'
[2023-05-06T03:39:09.300+0000] {logging_mixin.py:149} INFO - big room
[2023-05-06T03:39:09.403+0000] {logging_mixin.py:149} INFO - alt z
[2023-05-06T03:39:09.502+0000] {logging_mixin.py:149} INFO - trap latino
[2023-05-06T03:39:09.623+0000] {logging_mixin.py:149} INFO - pop
[2023-05-06T03:39:09.885+0000] {logging_mixin.py:149} INFO - pop
[2023-05-06T03:39:10.012+0000] {logging_mixin.py:149} INFO - canadian contemporary r&b
[2023-05-06T03:39:10.122+0000] {logging_mixin.py:149} INFO - hip hop
[2023-05-06T03:39:10.249+0000] {logging_mixin.py:149} INFO - atl hip hop
[2023-05-06T03:39:10.389+0000] {logging_mixin.py:149} INFO - colombian pop
[2023-05-06T03:39:10.485+0000] {logging_mixin.py:149} INFO - argentine hip hop
[2023-05-06T03:39:10.581+0000] {logging_mixin.py:149} INFO - pop
[2023-05-06T03:39:10.695+0000] {logging_mixin.py:149} INFO - latin hip hop
[2023-05-06T03:39:10.837+0000] {logging_mixin.py:149} INFO - uk contemporary r&b
[2023-05-06T03:39:10.954+0000] {logging_mixin.py:149} INFO - new jersey rap
[2023-05-06T03:39:11.041+0000] {logging_mixin.py:149} INFO - electro
[2023-05-06T03:39:11.170+0000] {logging_mixin.py:149} INFO - atl hip hop
[2023-05-06T03:39:11.276+0000] {logging_mixin.py:149} INFO - afrobeats
[2023-05-06T03:39:11.400+0000] {logging_mixin.py:149} INFO - puerto rican pop
[2023-05-06T03:39:11.531+0000] {logging_mixin.py:149} INFO - dfw rap
[2023-05-06T03:39:11.624+0000] {logging_mixin.py:149} INFO - gen z singer-songwriter
[2023-05-06T03:39:11.720+0000] {logging_mixin.py:149} INFO - contemporary country
[2023-05-06T03:39:11.815+0000] {logging_mixin.py:149} INFO - latin pop
[2023-05-06T03:39:11.906+0000] {logging_mixin.py:149} INFO - rap canario
[2023-05-06T03:39:12.002+0000] {logging_mixin.py:149} INFO - k-pop
[2023-05-06T03:39:12.110+0000] {logging_mixin.py:149} INFO - puerto rican pop
[2023-05-06T03:39:12.208+0000] {logging_mixin.py:149} INFO - modern indie pop
[2023-05-06T03:39:12.456+0000] {logging_mixin.py:149} INFO - chill pop
[2023-05-06T03:39:12.551+0000] {logging_mixin.py:149} INFO - k-pop
[2023-05-06T03:39:12.670+0000] {logging_mixin.py:149} INFO - pop
[2023-05-06T03:39:12.763+0000] {logging_mixin.py:149} INFO - k-pop girl group
[2023-05-06T03:39:12.884+0000] {logging_mixin.py:149} INFO - reggaeton
[2023-05-06T03:39:12.988+0000] {logging_mixin.py:149} INFO - trap boricua
[2023-05-06T03:39:13.104+0000] {logging_mixin.py:149} INFO - detroit hip hop
[2023-05-06T03:39:13.221+0000] {logging_mixin.py:149} INFO - afrobeats
[2023-05-06T03:39:13.320+0000] {logging_mixin.py:149} INFO - corrido
[2023-05-06T03:39:13.419+0000] {logging_mixin.py:149} INFO - garage rock
[2023-05-06T03:39:13.521+0000] {logging_mixin.py:149} INFO - pop
[2023-05-06T03:39:13.615+0000] {logging_mixin.py:149} INFO - musica chihuahuense
[2023-05-06T03:39:13.707+0000] {logging_mixin.py:149} INFO - hip hop
[2023-05-06T03:39:13.815+0000] {logging_mixin.py:149} INFO - colombian pop
[2023-05-06T03:39:13.907+0000] {logging_mixin.py:149} INFO - bronx drill
[2023-05-06T03:39:14.009+0000] {logging_mixin.py:149} INFO - corrido
[2023-05-06T03:39:14.129+0000] {logging_mixin.py:149} INFO - dance pop
[2023-05-06T03:39:14.253+0000] {logging_mixin.py:149} INFO - piano rock
[2023-05-06T03:39:14.354+0000] {logging_mixin.py:149} INFO - corrido
[2023-05-06T03:39:14.570+0000] {logging_mixin.py:149} INFO - reggaeton
[2023-05-06T03:39:14.668+0000] {logging_mixin.py:149} INFO - corrido
[2023-05-06T03:39:14.761+0000] {logging_mixin.py:149} INFO - bedroom pop
[2023-05-06T03:39:14.866+0000] {logging_mixin.py:149} INFO - corrido
[2023-05-06T03:39:14.977+0000] {logging_mixin.py:149} INFO - pop
[2023-05-06T03:39:15.080+0000] {logging_mixin.py:149} INFO - colombian pop
[2023-05-06T03:39:15.186+0000] {logging_mixin.py:149} INFO - colombian pop
[2023-05-06T03:39:15.335+0000] {logging_mixin.py:149} INFO - k-pop
[2023-05-06T03:39:15.444+0000] {logging_mixin.py:149} INFO - pop
[2023-05-06T03:39:15.534+0000] {logging_mixin.py:149} INFO - gen z singer-songwriter
[2023-05-06T03:39:15.733+0000] {logging_mixin.py:149} INFO - alt z
[2023-05-06T03:39:15.828+0000] {logging_mixin.py:149} INFO - corrido
[2023-05-06T03:39:15.925+0000] {logging_mixin.py:149} INFO - pop
[2023-05-06T03:39:15.937+0000] {python.py:183} INFO - Done. Returned value was: None
[2023-05-06T03:39:15.945+0000] {taskinstance.py:1373} INFO - Marking task as SUCCESS. dag_id=Summer_Warped_ETL, task_id=GetArtistInfo, execution_date=20230505T191813, start_date=20230506T033908, end_date=20230506T033915
[2023-05-06T03:39:15.983+0000] {local_task_job_runner.py:232} INFO - Task exited with return code 0
[2023-05-06T03:39:15.996+0000] {taskinstance.py:2674} INFO - 0 downstream tasks scheduled from follow-on schedule check
