[2023-05-07T22:56:39.500+0000] {taskinstance.py:1125} INFO - Dependencies all met for dep_context=non-requeueable deps ti=<TaskInstance: Summer_Warped_ETL.GetSongsFromPlaylist manual__2023-05-07T22:56:35.323279+00:00 [queued]>
[2023-05-07T22:56:39.505+0000] {taskinstance.py:1125} INFO - Dependencies all met for dep_context=requeueable deps ti=<TaskInstance: Summer_Warped_ETL.GetSongsFromPlaylist manual__2023-05-07T22:56:35.323279+00:00 [queued]>
[2023-05-07T22:56:39.505+0000] {taskinstance.py:1331} INFO - Starting attempt 1 of 3
[2023-05-07T22:56:39.513+0000] {taskinstance.py:1350} INFO - Executing <Task(PythonOperator): GetSongsFromPlaylist> on 2023-05-07 22:56:35.323279+00:00
[2023-05-07T22:56:39.519+0000] {standard_task_runner.py:57} INFO - Started process 277 to run task
[2023-05-07T22:56:39.522+0000] {standard_task_runner.py:84} INFO - Running: ['***', 'tasks', 'run', 'Summer_Warped_ETL', 'GetSongsFromPlaylist', 'manual__2023-05-07T22:56:35.323279+00:00', '--job-id', '1509', '--raw', '--subdir', 'DAGS_FOLDER/warped-dag.py', '--cfg-path', '/tmp/tmpuft9zg1p']
[2023-05-07T22:56:39.523+0000] {standard_task_runner.py:85} INFO - Job 1509: Subtask GetSongsFromPlaylist
[2023-05-07T22:56:39.556+0000] {task_command.py:410} INFO - Running <TaskInstance: Summer_Warped_ETL.GetSongsFromPlaylist manual__2023-05-07T22:56:35.323279+00:00 [running]> on host fa349db4fc2f
[2023-05-07T22:56:39.614+0000] {taskinstance.py:1570} INFO - Exporting env vars: AIRFLOW_CTX_DAG_OWNER='Ananta Moharana' AIRFLOW_CTX_DAG_ID='Summer_Warped_ETL' AIRFLOW_CTX_TASK_ID='GetSongsFromPlaylist' AIRFLOW_CTX_EXECUTION_DATE='2023-05-07T22:56:35.323279+00:00' AIRFLOW_CTX_TRY_NUMBER='1' AIRFLOW_CTX_DAG_RUN_ID='manual__2023-05-07T22:56:35.323279+00:00'
[2023-05-07T22:56:40.037+0000] {logging_mixin.py:149} INFO - 100
[2023-05-07T22:56:40.038+0000] {logging_mixin.py:149} INFO - 0
[2023-05-07T22:56:40.041+0000] {logging_mixin.py:149} INFO - 1
[2023-05-07T22:56:40.043+0000] {logging_mixin.py:149} INFO - 2
[2023-05-07T22:56:40.044+0000] {logging_mixin.py:149} INFO - 3
[2023-05-07T22:56:40.045+0000] {logging_mixin.py:149} INFO - 4
[2023-05-07T22:56:40.047+0000] {logging_mixin.py:149} INFO - 5
[2023-05-07T22:56:40.048+0000] {logging_mixin.py:149} INFO - 6
[2023-05-07T22:56:40.050+0000] {logging_mixin.py:149} INFO - 7
[2023-05-07T22:56:40.052+0000] {logging_mixin.py:149} INFO - 8
[2023-05-07T22:56:40.053+0000] {logging_mixin.py:149} INFO - 9
[2023-05-07T22:56:40.054+0000] {logging_mixin.py:149} INFO - 10
[2023-05-07T22:56:40.056+0000] {logging_mixin.py:149} INFO - 11
[2023-05-07T22:56:40.057+0000] {logging_mixin.py:149} INFO - 12
[2023-05-07T22:56:40.058+0000] {logging_mixin.py:149} INFO - 13
[2023-05-07T22:56:40.060+0000] {logging_mixin.py:149} INFO - 14
[2023-05-07T22:56:40.061+0000] {logging_mixin.py:149} INFO - 15
[2023-05-07T22:56:40.064+0000] {logging_mixin.py:149} INFO - 16
[2023-05-07T22:56:40.066+0000] {logging_mixin.py:149} INFO - 17
[2023-05-07T22:56:40.068+0000] {logging_mixin.py:149} INFO - 18
[2023-05-07T22:56:40.070+0000] {logging_mixin.py:149} INFO - 19
[2023-05-07T22:56:40.071+0000] {logging_mixin.py:149} INFO - 20
[2023-05-07T22:56:40.072+0000] {logging_mixin.py:149} INFO - 21
[2023-05-07T22:56:40.074+0000] {logging_mixin.py:149} INFO - 22
[2023-05-07T22:56:40.075+0000] {logging_mixin.py:149} INFO - 23
[2023-05-07T22:56:40.076+0000] {logging_mixin.py:149} INFO - 24
[2023-05-07T22:56:40.077+0000] {logging_mixin.py:149} INFO - 25
[2023-05-07T22:56:40.078+0000] {logging_mixin.py:149} INFO - 26
[2023-05-07T22:56:40.080+0000] {logging_mixin.py:149} INFO - 27
[2023-05-07T22:56:40.082+0000] {logging_mixin.py:149} INFO - 28
[2023-05-07T22:56:40.084+0000] {logging_mixin.py:149} INFO - 29
[2023-05-07T22:56:40.085+0000] {logging_mixin.py:149} INFO - 30
[2023-05-07T22:56:40.086+0000] {logging_mixin.py:149} INFO - 31
[2023-05-07T22:56:40.089+0000] {logging_mixin.py:149} INFO - 32
[2023-05-07T22:56:40.090+0000] {logging_mixin.py:149} INFO - 33
[2023-05-07T22:56:40.092+0000] {logging_mixin.py:149} INFO - 34
[2023-05-07T22:56:40.093+0000] {logging_mixin.py:149} INFO - 35
[2023-05-07T22:56:40.096+0000] {logging_mixin.py:149} INFO - 36
[2023-05-07T22:56:40.098+0000] {logging_mixin.py:149} INFO - 37
[2023-05-07T22:56:40.099+0000] {logging_mixin.py:149} INFO - 38
[2023-05-07T22:56:40.103+0000] {logging_mixin.py:149} INFO - 39
[2023-05-07T22:56:40.105+0000] {logging_mixin.py:149} INFO - 40
[2023-05-07T22:56:40.107+0000] {logging_mixin.py:149} INFO - 41
[2023-05-07T22:56:40.108+0000] {logging_mixin.py:149} INFO - 42
[2023-05-07T22:56:40.109+0000] {logging_mixin.py:149} INFO - 43
[2023-05-07T22:56:40.111+0000] {logging_mixin.py:149} INFO - 44
[2023-05-07T22:56:40.112+0000] {logging_mixin.py:149} INFO - 45
[2023-05-07T22:56:40.113+0000] {logging_mixin.py:149} INFO - 46
[2023-05-07T22:56:40.115+0000] {logging_mixin.py:149} INFO - 47
[2023-05-07T22:56:40.116+0000] {logging_mixin.py:149} INFO - 48
[2023-05-07T22:56:40.117+0000] {logging_mixin.py:149} INFO - 49
[2023-05-07T22:56:40.118+0000] {logging_mixin.py:149} INFO - 50
[2023-05-07T22:56:40.120+0000] {logging_mixin.py:149} INFO - 51
[2023-05-07T22:56:40.121+0000] {logging_mixin.py:149} INFO - 52
[2023-05-07T22:56:40.122+0000] {logging_mixin.py:149} INFO - 53
[2023-05-07T22:56:40.123+0000] {logging_mixin.py:149} INFO - 54
[2023-05-07T22:56:40.124+0000] {logging_mixin.py:149} INFO - 55
[2023-05-07T22:56:40.125+0000] {logging_mixin.py:149} INFO - 56
[2023-05-07T22:56:40.126+0000] {logging_mixin.py:149} INFO - 57
[2023-05-07T22:56:40.128+0000] {logging_mixin.py:149} INFO - 58
[2023-05-07T22:56:40.129+0000] {logging_mixin.py:149} INFO - 59
[2023-05-07T22:56:40.130+0000] {logging_mixin.py:149} INFO - 60
[2023-05-07T22:56:40.132+0000] {logging_mixin.py:149} INFO - 61
[2023-05-07T22:56:40.133+0000] {logging_mixin.py:149} INFO - 62
[2023-05-07T22:56:40.134+0000] {logging_mixin.py:149} INFO - 63
[2023-05-07T22:56:40.135+0000] {logging_mixin.py:149} INFO - 64
[2023-05-07T22:56:40.136+0000] {logging_mixin.py:149} INFO - 65
[2023-05-07T22:56:40.137+0000] {logging_mixin.py:149} INFO - 66
[2023-05-07T22:56:40.139+0000] {logging_mixin.py:149} INFO - 67
[2023-05-07T22:56:40.140+0000] {logging_mixin.py:149} INFO - 68
[2023-05-07T22:56:40.141+0000] {logging_mixin.py:149} INFO - 69
[2023-05-07T22:56:40.142+0000] {logging_mixin.py:149} INFO - 70
[2023-05-07T22:56:40.144+0000] {logging_mixin.py:149} INFO - 71
[2023-05-07T22:56:40.145+0000] {logging_mixin.py:149} INFO - 72
[2023-05-07T22:56:40.147+0000] {logging_mixin.py:149} INFO - 73
[2023-05-07T22:56:40.148+0000] {logging_mixin.py:149} INFO - 74
[2023-05-07T22:56:40.149+0000] {logging_mixin.py:149} INFO - 75
[2023-05-07T22:56:40.150+0000] {logging_mixin.py:149} INFO - 76
[2023-05-07T22:56:40.151+0000] {logging_mixin.py:149} INFO - 77
[2023-05-07T22:56:40.153+0000] {logging_mixin.py:149} INFO - 78
[2023-05-07T22:56:40.154+0000] {logging_mixin.py:149} INFO - 79
[2023-05-07T22:56:40.155+0000] {logging_mixin.py:149} INFO - 80
[2023-05-07T22:56:40.157+0000] {logging_mixin.py:149} INFO - 81
[2023-05-07T22:56:40.159+0000] {logging_mixin.py:149} INFO - 82
[2023-05-07T22:56:40.160+0000] {logging_mixin.py:149} INFO - 83
[2023-05-07T22:56:40.161+0000] {logging_mixin.py:149} INFO - 84
[2023-05-07T22:56:40.163+0000] {logging_mixin.py:149} INFO - 85
[2023-05-07T22:56:40.165+0000] {logging_mixin.py:149} INFO - 86
[2023-05-07T22:56:40.166+0000] {logging_mixin.py:149} INFO - 87
[2023-05-07T22:56:40.167+0000] {logging_mixin.py:149} INFO - 88
[2023-05-07T22:56:40.168+0000] {logging_mixin.py:149} INFO - 89
[2023-05-07T22:56:40.171+0000] {logging_mixin.py:149} INFO - 90
[2023-05-07T22:56:40.172+0000] {logging_mixin.py:149} INFO - 91
[2023-05-07T22:56:40.173+0000] {logging_mixin.py:149} INFO - 92
[2023-05-07T22:56:40.175+0000] {logging_mixin.py:149} INFO - 93
[2023-05-07T22:56:40.177+0000] {logging_mixin.py:149} INFO - 94
[2023-05-07T22:56:40.180+0000] {logging_mixin.py:149} INFO - 95
[2023-05-07T22:56:40.181+0000] {logging_mixin.py:149} INFO - 96
[2023-05-07T22:56:40.182+0000] {logging_mixin.py:149} INFO - 97
[2023-05-07T22:56:40.183+0000] {logging_mixin.py:149} INFO - 98
[2023-05-07T22:56:40.184+0000] {logging_mixin.py:149} INFO - 99
[2023-05-07T22:56:40.199+0000] {python.py:183} INFO - Done. Returned value was: None
[2023-05-07T22:56:40.207+0000] {taskinstance.py:1373} INFO - Marking task as SUCCESS. dag_id=Summer_Warped_ETL, task_id=GetSongsFromPlaylist, execution_date=20230507T225635, start_date=20230507T225639, end_date=20230507T225640
[2023-05-07T22:56:40.261+0000] {local_task_job_runner.py:232} INFO - Task exited with return code 0
[2023-05-07T22:56:40.283+0000] {taskinstance.py:2674} INFO - 2 downstream tasks scheduled from follow-on schedule check
