[2023-05-06T20:04:29.294+0000] {taskinstance.py:1125} INFO - Dependencies all met for dep_context=non-requeueable deps ti=<TaskInstance: Summer_Warped_ETL.GetSongsFromPlaylist manual__2023-05-05T19:18:13.032704+00:00 [queued]>
[2023-05-06T20:04:29.300+0000] {taskinstance.py:1125} INFO - Dependencies all met for dep_context=requeueable deps ti=<TaskInstance: Summer_Warped_ETL.GetSongsFromPlaylist manual__2023-05-05T19:18:13.032704+00:00 [queued]>
[2023-05-06T20:04:29.301+0000] {taskinstance.py:1331} INFO - Starting attempt 11 of 13
[2023-05-06T20:04:29.308+0000] {taskinstance.py:1350} INFO - Executing <Task(PythonOperator): GetSongsFromPlaylist> on 2023-05-05 19:18:13.032704+00:00
[2023-05-06T20:04:29.313+0000] {standard_task_runner.py:57} INFO - Started process 105 to run task
[2023-05-06T20:04:29.319+0000] {standard_task_runner.py:84} INFO - Running: ['***', 'tasks', 'run', 'Summer_Warped_ETL', 'GetSongsFromPlaylist', 'manual__2023-05-05T19:18:13.032704+00:00', '--job-id', '287', '--raw', '--subdir', 'DAGS_FOLDER/warped-dag.py', '--cfg-path', '/tmp/tmpqcyyowwz']
[2023-05-06T20:04:29.319+0000] {standard_task_runner.py:85} INFO - Job 287: Subtask GetSongsFromPlaylist
[2023-05-06T20:04:29.362+0000] {task_command.py:410} INFO - Running <TaskInstance: Summer_Warped_ETL.GetSongsFromPlaylist manual__2023-05-05T19:18:13.032704+00:00 [running]> on host 24f14f0e7c77
[2023-05-06T20:04:29.428+0000] {taskinstance.py:1570} INFO - Exporting env vars: AIRFLOW_CTX_DAG_OWNER='Ananta Moharana' AIRFLOW_CTX_DAG_ID='Summer_Warped_ETL' AIRFLOW_CTX_TASK_ID='GetSongsFromPlaylist' AIRFLOW_CTX_EXECUTION_DATE='2023-05-05T19:18:13.032704+00:00' AIRFLOW_CTX_TRY_NUMBER='11' AIRFLOW_CTX_DAG_RUN_ID='manual__2023-05-05T19:18:13.032704+00:00'
[2023-05-06T20:04:29.774+0000] {logging_mixin.py:149} INFO - 100
[2023-05-06T20:04:29.774+0000] {logging_mixin.py:149} INFO - 0
[2023-05-06T20:04:29.777+0000] {logging_mixin.py:149} INFO - 1
[2023-05-06T20:04:29.779+0000] {logging_mixin.py:149} INFO - 2
[2023-05-06T20:04:29.780+0000] {logging_mixin.py:149} INFO - 3
[2023-05-06T20:04:29.781+0000] {logging_mixin.py:149} INFO - 4
[2023-05-06T20:04:29.783+0000] {logging_mixin.py:149} INFO - 5
[2023-05-06T20:04:29.784+0000] {logging_mixin.py:149} INFO - 6
[2023-05-06T20:04:29.786+0000] {logging_mixin.py:149} INFO - 7
[2023-05-06T20:04:29.788+0000] {logging_mixin.py:149} INFO - 8
[2023-05-06T20:04:29.789+0000] {logging_mixin.py:149} INFO - 9
[2023-05-06T20:04:29.791+0000] {logging_mixin.py:149} INFO - 10
[2023-05-06T20:04:29.792+0000] {logging_mixin.py:149} INFO - 11
[2023-05-06T20:04:29.793+0000] {logging_mixin.py:149} INFO - 12
[2023-05-06T20:04:29.795+0000] {logging_mixin.py:149} INFO - 13
[2023-05-06T20:04:29.796+0000] {logging_mixin.py:149} INFO - 14
[2023-05-06T20:04:29.797+0000] {logging_mixin.py:149} INFO - 15
[2023-05-06T20:04:29.798+0000] {logging_mixin.py:149} INFO - 16
[2023-05-06T20:04:29.800+0000] {logging_mixin.py:149} INFO - 17
[2023-05-06T20:04:29.802+0000] {logging_mixin.py:149} INFO - 18
[2023-05-06T20:04:29.803+0000] {logging_mixin.py:149} INFO - 19
[2023-05-06T20:04:29.805+0000] {logging_mixin.py:149} INFO - 20
[2023-05-06T20:04:29.806+0000] {logging_mixin.py:149} INFO - 21
[2023-05-06T20:04:29.807+0000] {logging_mixin.py:149} INFO - 22
[2023-05-06T20:04:29.808+0000] {logging_mixin.py:149} INFO - 23
[2023-05-06T20:04:29.809+0000] {logging_mixin.py:149} INFO - 24
[2023-05-06T20:04:29.810+0000] {logging_mixin.py:149} INFO - 25
[2023-05-06T20:04:29.811+0000] {logging_mixin.py:149} INFO - 26
[2023-05-06T20:04:29.812+0000] {logging_mixin.py:149} INFO - 27
[2023-05-06T20:04:29.815+0000] {logging_mixin.py:149} INFO - 28
[2023-05-06T20:04:29.816+0000] {logging_mixin.py:149} INFO - 29
[2023-05-06T20:04:29.817+0000] {logging_mixin.py:149} INFO - 30
[2023-05-06T20:04:29.818+0000] {logging_mixin.py:149} INFO - 31
[2023-05-06T20:04:29.819+0000] {logging_mixin.py:149} INFO - 32
[2023-05-06T20:04:29.820+0000] {logging_mixin.py:149} INFO - 33
[2023-05-06T20:04:29.821+0000] {logging_mixin.py:149} INFO - 34
[2023-05-06T20:04:29.822+0000] {logging_mixin.py:149} INFO - 35
[2023-05-06T20:04:29.824+0000] {logging_mixin.py:149} INFO - 36
[2023-05-06T20:04:29.826+0000] {logging_mixin.py:149} INFO - 37
[2023-05-06T20:04:29.828+0000] {logging_mixin.py:149} INFO - 38
[2023-05-06T20:04:29.829+0000] {logging_mixin.py:149} INFO - 39
[2023-05-06T20:04:29.830+0000] {logging_mixin.py:149} INFO - 40
[2023-05-06T20:04:29.832+0000] {logging_mixin.py:149} INFO - 41
[2023-05-06T20:04:29.833+0000] {logging_mixin.py:149} INFO - 42
[2023-05-06T20:04:29.834+0000] {logging_mixin.py:149} INFO - 43
[2023-05-06T20:04:29.835+0000] {logging_mixin.py:149} INFO - 44
[2023-05-06T20:04:29.836+0000] {logging_mixin.py:149} INFO - 45
[2023-05-06T20:04:29.837+0000] {logging_mixin.py:149} INFO - 46
[2023-05-06T20:04:29.839+0000] {logging_mixin.py:149} INFO - 47
[2023-05-06T20:04:29.842+0000] {logging_mixin.py:149} INFO - 48
[2023-05-06T20:04:29.844+0000] {logging_mixin.py:149} INFO - 49
[2023-05-06T20:04:29.846+0000] {logging_mixin.py:149} INFO - 50
[2023-05-06T20:04:29.849+0000] {logging_mixin.py:149} INFO - 51
[2023-05-06T20:04:29.850+0000] {logging_mixin.py:149} INFO - 52
[2023-05-06T20:04:29.851+0000] {logging_mixin.py:149} INFO - 53
[2023-05-06T20:04:29.852+0000] {logging_mixin.py:149} INFO - 54
[2023-05-06T20:04:29.854+0000] {logging_mixin.py:149} INFO - 55
[2023-05-06T20:04:29.855+0000] {logging_mixin.py:149} INFO - 56
[2023-05-06T20:04:29.856+0000] {logging_mixin.py:149} INFO - 57
[2023-05-06T20:04:29.857+0000] {logging_mixin.py:149} INFO - 58
[2023-05-06T20:04:29.859+0000] {logging_mixin.py:149} INFO - 59
[2023-05-06T20:04:29.860+0000] {logging_mixin.py:149} INFO - 60
[2023-05-06T20:04:29.861+0000] {logging_mixin.py:149} INFO - 61
[2023-05-06T20:04:29.863+0000] {logging_mixin.py:149} INFO - 62
[2023-05-06T20:04:29.864+0000] {logging_mixin.py:149} INFO - 63
[2023-05-06T20:04:29.865+0000] {logging_mixin.py:149} INFO - 64
[2023-05-06T20:04:29.866+0000] {logging_mixin.py:149} INFO - 65
[2023-05-06T20:04:29.867+0000] {logging_mixin.py:149} INFO - 66
[2023-05-06T20:04:29.869+0000] {logging_mixin.py:149} INFO - 67
[2023-05-06T20:04:29.870+0000] {logging_mixin.py:149} INFO - 68
[2023-05-06T20:04:29.871+0000] {logging_mixin.py:149} INFO - 69
[2023-05-06T20:04:29.872+0000] {logging_mixin.py:149} INFO - 70
[2023-05-06T20:04:29.874+0000] {logging_mixin.py:149} INFO - 71
[2023-05-06T20:04:29.875+0000] {logging_mixin.py:149} INFO - 72
[2023-05-06T20:04:29.877+0000] {logging_mixin.py:149} INFO - 73
[2023-05-06T20:04:29.878+0000] {logging_mixin.py:149} INFO - 74
[2023-05-06T20:04:29.879+0000] {logging_mixin.py:149} INFO - 75
[2023-05-06T20:04:29.880+0000] {logging_mixin.py:149} INFO - 76
[2023-05-06T20:04:29.881+0000] {logging_mixin.py:149} INFO - 77
[2023-05-06T20:04:29.883+0000] {logging_mixin.py:149} INFO - 78
[2023-05-06T20:04:29.884+0000] {logging_mixin.py:149} INFO - 79
[2023-05-06T20:04:29.885+0000] {logging_mixin.py:149} INFO - 80
[2023-05-06T20:04:29.887+0000] {logging_mixin.py:149} INFO - 81
[2023-05-06T20:04:29.889+0000] {logging_mixin.py:149} INFO - 82
[2023-05-06T20:04:29.890+0000] {logging_mixin.py:149} INFO - 83
[2023-05-06T20:04:29.892+0000] {logging_mixin.py:149} INFO - 84
[2023-05-06T20:04:29.894+0000] {logging_mixin.py:149} INFO - 85
[2023-05-06T20:04:29.896+0000] {logging_mixin.py:149} INFO - 86
[2023-05-06T20:04:29.897+0000] {logging_mixin.py:149} INFO - 87
[2023-05-06T20:04:29.898+0000] {logging_mixin.py:149} INFO - 88
[2023-05-06T20:04:29.899+0000] {logging_mixin.py:149} INFO - 89
[2023-05-06T20:04:29.901+0000] {logging_mixin.py:149} INFO - 90
[2023-05-06T20:04:29.903+0000] {logging_mixin.py:149} INFO - 91
[2023-05-06T20:04:29.904+0000] {logging_mixin.py:149} INFO - 92
[2023-05-06T20:04:29.906+0000] {logging_mixin.py:149} INFO - 93
[2023-05-06T20:04:29.908+0000] {logging_mixin.py:149} INFO - 94
[2023-05-06T20:04:29.911+0000] {logging_mixin.py:149} INFO - 95
[2023-05-06T20:04:29.912+0000] {logging_mixin.py:149} INFO - 96
[2023-05-06T20:04:29.913+0000] {logging_mixin.py:149} INFO - 97
[2023-05-06T20:04:29.914+0000] {logging_mixin.py:149} INFO - 98
[2023-05-06T20:04:29.915+0000] {logging_mixin.py:149} INFO - 99
[2023-05-06T20:04:29.932+0000] {python.py:183} INFO - Done. Returned value was: None
[2023-05-06T20:04:29.940+0000] {taskinstance.py:1373} INFO - Marking task as SUCCESS. dag_id=Summer_Warped_ETL, task_id=GetSongsFromPlaylist, execution_date=20230505T191813, start_date=20230506T200429, end_date=20230506T200429
[2023-05-06T20:04:29.972+0000] {local_task_job_runner.py:232} INFO - Task exited with return code 0
[2023-05-06T20:04:29.991+0000] {taskinstance.py:2674} INFO - 2 downstream tasks scheduled from follow-on schedule check
