[2023-05-09T19:26:18.632+0000] {taskinstance.py:1125} INFO - Dependencies all met for dep_context=non-requeueable deps ti=<TaskInstance: Summer_Warped_ETL.LoadData.LoadArtistDim manual__2023-05-09T19:16:16.189302+00:00 [queued]>
[2023-05-09T19:26:18.637+0000] {taskinstance.py:1125} INFO - Dependencies all met for dep_context=requeueable deps ti=<TaskInstance: Summer_Warped_ETL.LoadData.LoadArtistDim manual__2023-05-09T19:16:16.189302+00:00 [queued]>
[2023-05-09T19:26:18.638+0000] {taskinstance.py:1331} INFO - Starting attempt 2 of 4
[2023-05-09T19:26:18.645+0000] {taskinstance.py:1350} INFO - Executing <Task(PythonOperator): LoadData.LoadArtistDim> on 2023-05-09 19:16:16.189302+00:00
[2023-05-09T19:26:18.650+0000] {standard_task_runner.py:57} INFO - Started process 739 to run task
[2023-05-09T19:26:18.653+0000] {standard_task_runner.py:84} INFO - Running: ['***', 'tasks', 'run', 'Summer_Warped_ETL', 'LoadData.LoadArtistDim', 'manual__2023-05-09T19:16:16.189302+00:00', '--job-id', '3055', '--raw', '--subdir', 'DAGS_FOLDER/warped-dag.py', '--cfg-path', '/tmp/tmpomyex4ui']
[2023-05-09T19:26:18.654+0000] {standard_task_runner.py:85} INFO - Job 3055: Subtask LoadData.LoadArtistDim
[2023-05-09T19:26:18.688+0000] {task_command.py:410} INFO - Running <TaskInstance: Summer_Warped_ETL.LoadData.LoadArtistDim manual__2023-05-09T19:16:16.189302+00:00 [running]> on host 4b5a01a6ab5f
[2023-05-09T19:26:18.755+0000] {taskinstance.py:1570} INFO - Exporting env vars: AIRFLOW_CTX_DAG_OWNER='Ananta Moharana' AIRFLOW_CTX_DAG_ID='Summer_Warped_ETL' AIRFLOW_CTX_TASK_ID='LoadData.LoadArtistDim' AIRFLOW_CTX_EXECUTION_DATE='2023-05-09T19:16:16.189302+00:00' AIRFLOW_CTX_TRY_NUMBER='2' AIRFLOW_CTX_DAG_RUN_ID='manual__2023-05-09T19:16:16.189302+00:00'
[2023-05-09T19:26:18.758+0000] {logging_mixin.py:149} INFO - 2023-05/artist_dim.csv
[2023-05-09T19:26:18.765+0000] {base.py:73} INFO - Using connection ID 'aws_connection' for task execution.
[2023-05-09T19:26:18.766+0000] {connection_wrapper.py:337} INFO - AWS Connection (conn_id='aws_connection', conn_type='aws') credentials retrieved from login and password.
[2023-05-09T19:26:18.942+0000] {logging_mixin.py:149} INFO -         artist_name               artist_id        genre
0       Saint Motel  1dWEYMPtNmvSVaDNLgB6NV     la indie
1  Childish Gambino  73sIBHcqh3Z3NyqHKZ7FOL  atl hip hop
2            Anassa  09p3sjSfBEDE6f9WUwEEgf          NaN
3         Remi Wolf  0NB5HROxc8dDBXpkIi1v3d    indie pop
4       Franc Moody  10GT4yz8c6xjjnPGtGPI1l   indie soul
[2023-05-09T19:26:18.943+0000] {logging_mixin.py:149} INFO - INSERT INTO artist_dim (artist_name,artist_id,genre) VALUES (%s,%s,%s) ON CONFLICT (artist_id) DO UPDATE SET artist_name=EXCLUDED.artist_name,artist_id=EXCLUDED.artist_id,genre=EXCLUDED.genre
[2023-05-09T19:26:18.951+0000] {base.py:73} INFO - Using connection ID '***' for task execution.
[2023-05-09T19:26:18.959+0000] {sql.py:375} INFO - Running statement: INSERT INTO artist_dim (artist_name,artist_id,genre) VALUES (%s,%s,%s) ON CONFLICT (artist_id) DO UPDATE SET artist_name=EXCLUDED.artist_name,artist_id=EXCLUDED.artist_id,genre=EXCLUDED.genre, parameters: ('Saint Motel', '1dWEYMPtNmvSVaDNLgB6NV', 'la indie')
[2023-05-09T19:26:18.960+0000] {sql.py:384} INFO - Rows affected: 1
[2023-05-09T19:26:18.967+0000] {base.py:73} INFO - Using connection ID '***' for task execution.
[2023-05-09T19:26:18.974+0000] {sql.py:375} INFO - Running statement: INSERT INTO artist_dim (artist_name,artist_id,genre) VALUES (%s,%s,%s) ON CONFLICT (artist_id) DO UPDATE SET artist_name=EXCLUDED.artist_name,artist_id=EXCLUDED.artist_id,genre=EXCLUDED.genre, parameters: ('Childish Gambino', '73sIBHcqh3Z3NyqHKZ7FOL', 'atl hip hop')
[2023-05-09T19:26:18.975+0000] {sql.py:384} INFO - Rows affected: 1
[2023-05-09T19:26:18.984+0000] {base.py:73} INFO - Using connection ID '***' for task execution.
[2023-05-09T19:26:18.993+0000] {sql.py:375} INFO - Running statement: INSERT INTO artist_dim (artist_name,artist_id,genre) VALUES (%s,%s,%s) ON CONFLICT (artist_id) DO UPDATE SET artist_name=EXCLUDED.artist_name,artist_id=EXCLUDED.artist_id,genre=EXCLUDED.genre, parameters: ('Anassa', '09p3sjSfBEDE6f9WUwEEgf', nan)
[2023-05-09T19:26:18.995+0000] {sql.py:384} INFO - Rows affected: 1
[2023-05-09T19:26:19.001+0000] {base.py:73} INFO - Using connection ID '***' for task execution.
[2023-05-09T19:26:19.008+0000] {sql.py:375} INFO - Running statement: INSERT INTO artist_dim (artist_name,artist_id,genre) VALUES (%s,%s,%s) ON CONFLICT (artist_id) DO UPDATE SET artist_name=EXCLUDED.artist_name,artist_id=EXCLUDED.artist_id,genre=EXCLUDED.genre, parameters: ('Remi Wolf', '0NB5HROxc8dDBXpkIi1v3d', 'indie pop')
[2023-05-09T19:26:19.010+0000] {sql.py:384} INFO - Rows affected: 1
[2023-05-09T19:26:19.016+0000] {base.py:73} INFO - Using connection ID '***' for task execution.
[2023-05-09T19:26:19.022+0000] {sql.py:375} INFO - Running statement: INSERT INTO artist_dim (artist_name,artist_id,genre) VALUES (%s,%s,%s) ON CONFLICT (artist_id) DO UPDATE SET artist_name=EXCLUDED.artist_name,artist_id=EXCLUDED.artist_id,genre=EXCLUDED.genre, parameters: ('Franc Moody', '10GT4yz8c6xjjnPGtGPI1l', 'indie soul')
[2023-05-09T19:26:19.024+0000] {sql.py:384} INFO - Rows affected: 1
[2023-05-09T19:26:19.030+0000] {base.py:73} INFO - Using connection ID '***' for task execution.
[2023-05-09T19:26:19.042+0000] {sql.py:375} INFO - Running statement: INSERT INTO artist_dim (artist_name,artist_id,genre) VALUES (%s,%s,%s) ON CONFLICT (artist_id) DO UPDATE SET artist_name=EXCLUDED.artist_name,artist_id=EXCLUDED.artist_id,genre=EXCLUDED.genre, parameters: ('ROBI', '4JNTfGIaxV06Lm81hszL56', nan)
[2023-05-09T19:26:19.044+0000] {sql.py:384} INFO - Rows affected: 1
[2023-05-09T19:26:19.050+0000] {base.py:73} INFO - Using connection ID '***' for task execution.
[2023-05-09T19:26:19.057+0000] {sql.py:375} INFO - Running statement: INSERT INTO artist_dim (artist_name,artist_id,genre) VALUES (%s,%s,%s) ON CONFLICT (artist_id) DO UPDATE SET artist_name=EXCLUDED.artist_name,artist_id=EXCLUDED.artist_id,genre=EXCLUDED.genre, parameters: ('Doja Cat', '5cj0lLjcoR7YOSnhnX0Po5', 'dance pop')
[2023-05-09T19:26:19.059+0000] {sql.py:384} INFO - Rows affected: 1
[2023-05-09T19:26:19.066+0000] {base.py:73} INFO - Using connection ID '***' for task execution.
[2023-05-09T19:26:19.073+0000] {sql.py:375} INFO - Running statement: INSERT INTO artist_dim (artist_name,artist_id,genre) VALUES (%s,%s,%s) ON CONFLICT (artist_id) DO UPDATE SET artist_name=EXCLUDED.artist_name,artist_id=EXCLUDED.artist_id,genre=EXCLUDED.genre, parameters: ('Ariana Grande', '66CXWjxzNUsdJxJ2JdwvnR', 'pop')
[2023-05-09T19:26:19.076+0000] {sql.py:384} INFO - Rows affected: 1
[2023-05-09T19:26:19.082+0000] {base.py:73} INFO - Using connection ID '***' for task execution.
[2023-05-09T19:26:19.088+0000] {sql.py:375} INFO - Running statement: INSERT INTO artist_dim (artist_name,artist_id,genre) VALUES (%s,%s,%s) ON CONFLICT (artist_id) DO UPDATE SET artist_name=EXCLUDED.artist_name,artist_id=EXCLUDED.artist_id,genre=EXCLUDED.genre, parameters: ('Christee Palace', '5kFD3vMqMrZc9YdJztJSOw', nan)
[2023-05-09T19:26:19.090+0000] {sql.py:384} INFO - Rows affected: 1
[2023-05-09T19:26:19.096+0000] {base.py:73} INFO - Using connection ID '***' for task execution.
[2023-05-09T19:26:19.105+0000] {sql.py:375} INFO - Running statement: INSERT INTO artist_dim (artist_name,artist_id,genre) VALUES (%s,%s,%s) ON CONFLICT (artist_id) DO UPDATE SET artist_name=EXCLUDED.artist_name,artist_id=EXCLUDED.artist_id,genre=EXCLUDED.genre, parameters: ('Mac Miller', '4LLpKhyESsyAXpc4laK94U', 'hip hop')
[2023-05-09T19:26:19.107+0000] {sql.py:384} INFO - Rows affected: 1
[2023-05-09T19:26:19.113+0000] {base.py:73} INFO - Using connection ID '***' for task execution.
[2023-05-09T19:26:19.119+0000] {sql.py:375} INFO - Running statement: INSERT INTO artist_dim (artist_name,artist_id,genre) VALUES (%s,%s,%s) ON CONFLICT (artist_id) DO UPDATE SET artist_name=EXCLUDED.artist_name,artist_id=EXCLUDED.artist_id,genre=EXCLUDED.genre, parameters: ('Raphael Palacci', '6wj2SK1cy0hNOAdL72U0Av', nan)
[2023-05-09T19:26:19.121+0000] {sql.py:384} INFO - Rows affected: 1
[2023-05-09T19:26:19.127+0000] {base.py:73} INFO - Using connection ID '***' for task execution.
[2023-05-09T19:26:19.134+0000] {sql.py:375} INFO - Running statement: INSERT INTO artist_dim (artist_name,artist_id,genre) VALUES (%s,%s,%s) ON CONFLICT (artist_id) DO UPDATE SET artist_name=EXCLUDED.artist_name,artist_id=EXCLUDED.artist_id,genre=EXCLUDED.genre, parameters: ('Galbinus', '2ZxyfTLryVI4qPDqZCc24v', nan)
[2023-05-09T19:26:19.136+0000] {sql.py:384} INFO - Rows affected: 1
[2023-05-09T19:26:19.142+0000] {base.py:73} INFO - Using connection ID '***' for task execution.
[2023-05-09T19:26:19.148+0000] {sql.py:375} INFO - Running statement: INSERT INTO artist_dim (artist_name,artist_id,genre) VALUES (%s,%s,%s) ON CONFLICT (artist_id) DO UPDATE SET artist_name=EXCLUDED.artist_name,artist_id=EXCLUDED.artist_id,genre=EXCLUDED.genre, parameters: ('Wallows', '0NIPkIjTV8mB795yEIiPYL', 'pov: indie')
[2023-05-09T19:26:19.150+0000] {sql.py:384} INFO - Rows affected: 1
[2023-05-09T19:26:19.156+0000] {base.py:73} INFO - Using connection ID '***' for task execution.
[2023-05-09T19:26:19.162+0000] {sql.py:375} INFO - Running statement: INSERT INTO artist_dim (artist_name,artist_id,genre) VALUES (%s,%s,%s) ON CONFLICT (artist_id) DO UPDATE SET artist_name=EXCLUDED.artist_name,artist_id=EXCLUDED.artist_id,genre=EXCLUDED.genre, parameters: ('Jeremy Zucker', '3gIRvgZssIb9aiirIg0nI3', 'alt z')
[2023-05-09T19:26:19.163+0000] {sql.py:384} INFO - Rows affected: 1
[2023-05-09T19:26:19.170+0000] {base.py:73} INFO - Using connection ID '***' for task execution.
[2023-05-09T19:26:19.177+0000] {sql.py:375} INFO - Running statement: INSERT INTO artist_dim (artist_name,artist_id,genre) VALUES (%s,%s,%s) ON CONFLICT (artist_id) DO UPDATE SET artist_name=EXCLUDED.artist_name,artist_id=EXCLUDED.artist_id,genre=EXCLUDED.genre, parameters: ('Anna Shoemaker', '3STjhKc10jr3X60mDRpHV4', nan)
[2023-05-09T19:26:19.178+0000] {sql.py:384} INFO - Rows affected: 1
[2023-05-09T19:26:19.185+0000] {base.py:73} INFO - Using connection ID '***' for task execution.
[2023-05-09T19:26:19.190+0000] {sql.py:375} INFO - Running statement: INSERT INTO artist_dim (artist_name,artist_id,genre) VALUES (%s,%s,%s) ON CONFLICT (artist_id) DO UPDATE SET artist_name=EXCLUDED.artist_name,artist_id=EXCLUDED.artist_id,genre=EXCLUDED.genre, parameters: ('BENEE', '0Cp8WN4V8Tu4QJQwCN5Md4', 'alt z')
[2023-05-09T19:26:19.192+0000] {sql.py:384} INFO - Rows affected: 1
[2023-05-09T19:26:19.198+0000] {base.py:73} INFO - Using connection ID '***' for task execution.
[2023-05-09T19:26:19.204+0000] {sql.py:375} INFO - Running statement: INSERT INTO artist_dim (artist_name,artist_id,genre) VALUES (%s,%s,%s) ON CONFLICT (artist_id) DO UPDATE SET artist_name=EXCLUDED.artist_name,artist_id=EXCLUDED.artist_id,genre=EXCLUDED.genre, parameters: ('DALE', '06wUJg0I0A4Eda5TxDqxvF', nan)
[2023-05-09T19:26:19.205+0000] {sql.py:384} INFO - Rows affected: 1
[2023-05-09T19:26:19.212+0000] {base.py:73} INFO - Using connection ID '***' for task execution.
[2023-05-09T19:26:19.218+0000] {sql.py:375} INFO - Running statement: INSERT INTO artist_dim (artist_name,artist_id,genre) VALUES (%s,%s,%s) ON CONFLICT (artist_id) DO UPDATE SET artist_name=EXCLUDED.artist_name,artist_id=EXCLUDED.artist_id,genre=EXCLUDED.genre, parameters: ('Current Joys', '0m5FakHKCQdA7UN0PIzMcL', 'lo-fi indie')
[2023-05-09T19:26:19.220+0000] {sql.py:384} INFO - Rows affected: 1
[2023-05-09T19:26:19.226+0000] {base.py:73} INFO - Using connection ID '***' for task execution.
[2023-05-09T19:26:19.232+0000] {sql.py:375} INFO - Running statement: INSERT INTO artist_dim (artist_name,artist_id,genre) VALUES (%s,%s,%s) ON CONFLICT (artist_id) DO UPDATE SET artist_name=EXCLUDED.artist_name,artist_id=EXCLUDED.artist_id,genre=EXCLUDED.genre, parameters: ('Yoshi Flower', '0rAt7V95LWbRPvWQFd21il', 'detroit indie')
[2023-05-09T19:26:19.233+0000] {sql.py:384} INFO - Rows affected: 1
[2023-05-09T19:26:19.239+0000] {base.py:73} INFO - Using connection ID '***' for task execution.
[2023-05-09T19:26:19.247+0000] {sql.py:375} INFO - Running statement: INSERT INTO artist_dim (artist_name,artist_id,genre) VALUES (%s,%s,%s) ON CONFLICT (artist_id) DO UPDATE SET artist_name=EXCLUDED.artist_name,artist_id=EXCLUDED.artist_id,genre=EXCLUDED.genre, parameters: ('Your Neighbors', '6mpyU2azr3zfZDY9k8w5GP', 'nashville indie')
[2023-05-09T19:26:19.250+0000] {sql.py:384} INFO - Rows affected: 1
[2023-05-09T19:26:19.256+0000] {base.py:73} INFO - Using connection ID '***' for task execution.
[2023-05-09T19:26:19.264+0000] {sql.py:375} INFO - Running statement: INSERT INTO artist_dim (artist_name,artist_id,genre) VALUES (%s,%s,%s) ON CONFLICT (artist_id) DO UPDATE SET artist_name=EXCLUDED.artist_name,artist_id=EXCLUDED.artist_id,genre=EXCLUDED.genre, parameters: ('Annie Omalley', '0TEaL7Y50jr7N3mjxqFGBK', nan)
[2023-05-09T19:26:19.266+0000] {sql.py:384} INFO - Rows affected: 1
[2023-05-09T19:26:19.271+0000] {base.py:73} INFO - Using connection ID '***' for task execution.
[2023-05-09T19:26:19.277+0000] {sql.py:375} INFO - Running statement: INSERT INTO artist_dim (artist_name,artist_id,genre) VALUES (%s,%s,%s) ON CONFLICT (artist_id) DO UPDATE SET artist_name=EXCLUDED.artist_name,artist_id=EXCLUDED.artist_id,genre=EXCLUDED.genre, parameters: ('Quinn XCII', '3ApUX1o6oSz321MMECyIYd', 'indie pop rap')
[2023-05-09T19:26:19.279+0000] {sql.py:384} INFO - Rows affected: 1
[2023-05-09T19:26:19.285+0000] {base.py:73} INFO - Using connection ID '***' for task execution.
[2023-05-09T19:26:19.291+0000] {sql.py:375} INFO - Running statement: INSERT INTO artist_dim (artist_name,artist_id,genre) VALUES (%s,%s,%s) ON CONFLICT (artist_id) DO UPDATE SET artist_name=EXCLUDED.artist_name,artist_id=EXCLUDED.artist_id,genre=EXCLUDED.genre, parameters: ('DVBBS', '5X4LWwbUFNzPkEas04uU82', 'canadian electronic')
[2023-05-09T19:26:19.293+0000] {sql.py:384} INFO - Rows affected: 1
[2023-05-09T19:26:19.299+0000] {base.py:73} INFO - Using connection ID '***' for task execution.
[2023-05-09T19:26:19.305+0000] {sql.py:375} INFO - Running statement: INSERT INTO artist_dim (artist_name,artist_id,genre) VALUES (%s,%s,%s) ON CONFLICT (artist_id) DO UPDATE SET artist_name=EXCLUDED.artist_name,artist_id=EXCLUDED.artist_id,genre=EXCLUDED.genre, parameters: ('COIN', '0ZxZlO7oWCSYMXhehpyMvE', 'pov: indie')
[2023-05-09T19:26:19.306+0000] {sql.py:384} INFO - Rows affected: 1
[2023-05-09T19:26:19.312+0000] {base.py:73} INFO - Using connection ID '***' for task execution.
[2023-05-09T19:26:19.318+0000] {sql.py:375} INFO - Running statement: INSERT INTO artist_dim (artist_name,artist_id,genre) VALUES (%s,%s,%s) ON CONFLICT (artist_id) DO UPDATE SET artist_name=EXCLUDED.artist_name,artist_id=EXCLUDED.artist_id,genre=EXCLUDED.genre, parameters: ('J. Cole', '6l3HvQ5sa6mXTsMTB19rO5', 'conscious hip hop')
[2023-05-09T19:26:19.319+0000] {sql.py:384} INFO - Rows affected: 1
[2023-05-09T19:26:19.325+0000] {base.py:73} INFO - Using connection ID '***' for task execution.
[2023-05-09T19:26:19.331+0000] {sql.py:375} INFO - Running statement: INSERT INTO artist_dim (artist_name,artist_id,genre) VALUES (%s,%s,%s) ON CONFLICT (artist_id) DO UPDATE SET artist_name=EXCLUDED.artist_name,artist_id=EXCLUDED.artist_id,genre=EXCLUDED.genre, parameters: ('Interplanetary Criminal', '6uJ51uV5rYzu1MJkC4CceI', 'breaks')
[2023-05-09T19:26:19.333+0000] {sql.py:384} INFO - Rows affected: 1
[2023-05-09T19:26:19.339+0000] {base.py:73} INFO - Using connection ID '***' for task execution.
[2023-05-09T19:26:19.347+0000] {sql.py:375} INFO - Running statement: INSERT INTO artist_dim (artist_name,artist_id,genre) VALUES (%s,%s,%s) ON CONFLICT (artist_id) DO UPDATE SET artist_name=EXCLUDED.artist_name,artist_id=EXCLUDED.artist_id,genre=EXCLUDED.genre, parameters: ('Eliza Rose', '4XC335ouK6pXyq4QiIb8bP', 'house')
[2023-05-09T19:26:19.348+0000] {sql.py:384} INFO - Rows affected: 1
[2023-05-09T19:26:19.354+0000] {base.py:73} INFO - Using connection ID '***' for task execution.
[2023-05-09T19:26:19.359+0000] {sql.py:375} INFO - Running statement: INSERT INTO artist_dim (artist_name,artist_id,genre) VALUES (%s,%s,%s) ON CONFLICT (artist_id) DO UPDATE SET artist_name=EXCLUDED.artist_name,artist_id=EXCLUDED.artist_id,genre=EXCLUDED.genre, parameters: ('BabyJake', '07Asx51VtMw5kbNXKrpZlq', nan)
[2023-05-09T19:26:19.361+0000] {sql.py:384} INFO - Rows affected: 1
[2023-05-09T19:26:19.367+0000] {base.py:73} INFO - Using connection ID '***' for task execution.
[2023-05-09T19:26:19.374+0000] {sql.py:375} INFO - Running statement: INSERT INTO artist_dim (artist_name,artist_id,genre) VALUES (%s,%s,%s) ON CONFLICT (artist_id) DO UPDATE SET artist_name=EXCLUDED.artist_name,artist_id=EXCLUDED.artist_id,genre=EXCLUDED.genre, parameters: ('HUNNY', '5rebfYbZVIhbRVcRKWVOAh', 'indie pop')
[2023-05-09T19:26:19.376+0000] {sql.py:384} INFO - Rows affected: 1
[2023-05-09T19:26:19.382+0000] {base.py:73} INFO - Using connection ID '***' for task execution.
[2023-05-09T19:26:19.388+0000] {sql.py:375} INFO - Running statement: INSERT INTO artist_dim (artist_name,artist_id,genre) VALUES (%s,%s,%s) ON CONFLICT (artist_id) DO UPDATE SET artist_name=EXCLUDED.artist_name,artist_id=EXCLUDED.artist_id,genre=EXCLUDED.genre, parameters: ('Dirty Heads', '6GkJh85o22LfD2vgL9DP6f', 'reggae fusion')
[2023-05-09T19:26:19.389+0000] {sql.py:384} INFO - Rows affected: 1
[2023-05-09T19:26:19.394+0000] {base.py:73} INFO - Using connection ID '***' for task execution.
[2023-05-09T19:26:19.400+0000] {sql.py:375} INFO - Running statement: INSERT INTO artist_dim (artist_name,artist_id,genre) VALUES (%s,%s,%s) ON CONFLICT (artist_id) DO UPDATE SET artist_name=EXCLUDED.artist_name,artist_id=EXCLUDED.artist_id,genre=EXCLUDED.genre, parameters: ('CVBZ', '0pt7PX4Hftlg8mV1ySU84Q', nan)
[2023-05-09T19:26:19.402+0000] {sql.py:384} INFO - Rows affected: 1
[2023-05-09T19:26:19.408+0000] {base.py:73} INFO - Using connection ID '***' for task execution.
[2023-05-09T19:26:19.414+0000] {sql.py:375} INFO - Running statement: INSERT INTO artist_dim (artist_name,artist_id,genre) VALUES (%s,%s,%s) ON CONFLICT (artist_id) DO UPDATE SET artist_name=EXCLUDED.artist_name,artist_id=EXCLUDED.artist_id,genre=EXCLUDED.genre, parameters: ('almost monday', '42FzVuyJH8YbkhzWSR2n8E', 'modern indie pop')
[2023-05-09T19:26:19.415+0000] {sql.py:384} INFO - Rows affected: 1
[2023-05-09T19:26:19.421+0000] {base.py:73} INFO - Using connection ID '***' for task execution.
[2023-05-09T19:26:19.427+0000] {sql.py:375} INFO - Running statement: INSERT INTO artist_dim (artist_name,artist_id,genre) VALUES (%s,%s,%s) ON CONFLICT (artist_id) DO UPDATE SET artist_name=EXCLUDED.artist_name,artist_id=EXCLUDED.artist_id,genre=EXCLUDED.genre, parameters: ('Omar Apollo', '5FxD8fkQZ6KcsSYupDVoSO', 'bedroom pop')
[2023-05-09T19:26:19.428+0000] {sql.py:384} INFO - Rows affected: 1
[2023-05-09T19:26:19.435+0000] {base.py:73} INFO - Using connection ID '***' for task execution.
[2023-05-09T19:26:19.441+0000] {sql.py:375} INFO - Running statement: INSERT INTO artist_dim (artist_name,artist_id,genre) VALUES (%s,%s,%s) ON CONFLICT (artist_id) DO UPDATE SET artist_name=EXCLUDED.artist_name,artist_id=EXCLUDED.artist_id,genre=EXCLUDED.genre, parameters: ('George Ezra', '2ysnwxxNtSgbb9t1m2Ur4j', 'folk-pop')
[2023-05-09T19:26:19.443+0000] {sql.py:384} INFO - Rows affected: 1
[2023-05-09T19:26:19.448+0000] {base.py:73} INFO - Using connection ID '***' for task execution.
[2023-05-09T19:26:19.456+0000] {sql.py:375} INFO - Running statement: INSERT INTO artist_dim (artist_name,artist_id,genre) VALUES (%s,%s,%s) ON CONFLICT (artist_id) DO UPDATE SET artist_name=EXCLUDED.artist_name,artist_id=EXCLUDED.artist_id,genre=EXCLUDED.genre, parameters: ('Cassy London', '4mnmbTf9xkVT7KV0P7Gqe9', nan)
[2023-05-09T19:26:19.458+0000] {sql.py:384} INFO - Rows affected: 1
[2023-05-09T19:26:19.464+0000] {base.py:73} INFO - Using connection ID '***' for task execution.
[2023-05-09T19:26:19.470+0000] {sql.py:375} INFO - Running statement: INSERT INTO artist_dim (artist_name,artist_id,genre) VALUES (%s,%s,%s) ON CONFLICT (artist_id) DO UPDATE SET artist_name=EXCLUDED.artist_name,artist_id=EXCLUDED.artist_id,genre=EXCLUDED.genre, parameters: ('Gus Dapperton', '6sHCvZe1PHrOAuYlwTLNH4', 'bedroom pop')
[2023-05-09T19:26:19.471+0000] {sql.py:384} INFO - Rows affected: 1
[2023-05-09T19:26:19.478+0000] {base.py:73} INFO - Using connection ID '***' for task execution.
[2023-05-09T19:26:19.485+0000] {sql.py:375} INFO - Running statement: INSERT INTO artist_dim (artist_name,artist_id,genre) VALUES (%s,%s,%s) ON CONFLICT (artist_id) DO UPDATE SET artist_name=EXCLUDED.artist_name,artist_id=EXCLUDED.artist_id,genre=EXCLUDED.genre, parameters: ('Surf Mesa', '1lmU3giNF3CSbkVSQmLpHQ', 'tropical house')
[2023-05-09T19:26:19.486+0000] {sql.py:384} INFO - Rows affected: 1
[2023-05-09T19:26:19.492+0000] {base.py:73} INFO - Using connection ID '***' for task execution.
[2023-05-09T19:26:19.498+0000] {sql.py:375} INFO - Running statement: INSERT INTO artist_dim (artist_name,artist_id,genre) VALUES (%s,%s,%s) ON CONFLICT (artist_id) DO UPDATE SET artist_name=EXCLUDED.artist_name,artist_id=EXCLUDED.artist_id,genre=EXCLUDED.genre, parameters: ('Ben Williams', '2NVNbP5qYO9vHhOPGGuPJV', nan)
[2023-05-09T19:26:19.500+0000] {sql.py:384} INFO - Rows affected: 1
[2023-05-09T19:26:19.505+0000] {base.py:73} INFO - Using connection ID '***' for task execution.
[2023-05-09T19:26:19.511+0000] {sql.py:375} INFO - Running statement: INSERT INTO artist_dim (artist_name,artist_id,genre) VALUES (%s,%s,%s) ON CONFLICT (artist_id) DO UPDATE SET artist_name=EXCLUDED.artist_name,artist_id=EXCLUDED.artist_id,genre=EXCLUDED.genre, parameters: ('Syndee Winters', '3KazMr4LzwJkfE4YdYQSwB', nan)
[2023-05-09T19:26:19.512+0000] {sql.py:384} INFO - Rows affected: 1
[2023-05-09T19:26:19.518+0000] {base.py:73} INFO - Using connection ID '***' for task execution.
[2023-05-09T19:26:19.524+0000] {sql.py:375} INFO - Running statement: INSERT INTO artist_dim (artist_name,artist_id,genre) VALUES (%s,%s,%s) ON CONFLICT (artist_id) DO UPDATE SET artist_name=EXCLUDED.artist_name,artist_id=EXCLUDED.artist_id,genre=EXCLUDED.genre, parameters: ('Butterfly Black', '651sRFU6tpY33fXFD50uYX', nan)
[2023-05-09T19:26:19.525+0000] {sql.py:384} INFO - Rows affected: 1
[2023-05-09T19:26:19.531+0000] {base.py:73} INFO - Using connection ID '***' for task execution.
[2023-05-09T19:26:19.536+0000] {sql.py:375} INFO - Running statement: INSERT INTO artist_dim (artist_name,artist_id,genre) VALUES (%s,%s,%s) ON CONFLICT (artist_id) DO UPDATE SET artist_name=EXCLUDED.artist_name,artist_id=EXCLUDED.artist_id,genre=EXCLUDED.genre, parameters: ('The Backseat Lovers', '6p2HnfM955TI1bX34dkLnI', 'pov: indie')
[2023-05-09T19:26:19.538+0000] {sql.py:384} INFO - Rows affected: 1
[2023-05-09T19:26:19.543+0000] {base.py:73} INFO - Using connection ID '***' for task execution.
[2023-05-09T19:26:19.549+0000] {sql.py:375} INFO - Running statement: INSERT INTO artist_dim (artist_name,artist_id,genre) VALUES (%s,%s,%s) ON CONFLICT (artist_id) DO UPDATE SET artist_name=EXCLUDED.artist_name,artist_id=EXCLUDED.artist_id,genre=EXCLUDED.genre, parameters: ('Tasha Layton', '3yCv2yloJueOb4Y3HEYgSq', 'ccm')
[2023-05-09T19:26:19.550+0000] {sql.py:384} INFO - Rows affected: 1
[2023-05-09T19:26:19.556+0000] {base.py:73} INFO - Using connection ID '***' for task execution.
[2023-05-09T19:26:19.562+0000] {sql.py:375} INFO - Running statement: INSERT INTO artist_dim (artist_name,artist_id,genre) VALUES (%s,%s,%s) ON CONFLICT (artist_id) DO UPDATE SET artist_name=EXCLUDED.artist_name,artist_id=EXCLUDED.artist_id,genre=EXCLUDED.genre, parameters: ('Dominic Fike', '6USv9qhCn6zfxlBQIYJ9qs', 'alternative pop rock')
[2023-05-09T19:26:19.564+0000] {sql.py:384} INFO - Rows affected: 1
[2023-05-09T19:26:19.569+0000] {base.py:73} INFO - Using connection ID '***' for task execution.
[2023-05-09T19:26:19.576+0000] {sql.py:375} INFO - Running statement: INSERT INTO artist_dim (artist_name,artist_id,genre) VALUES (%s,%s,%s) ON CONFLICT (artist_id) DO UPDATE SET artist_name=EXCLUDED.artist_name,artist_id=EXCLUDED.artist_id,genre=EXCLUDED.genre, parameters: ('MAZEMIRROR', '4bpTpEQKjHhs4K04ctIwJA', nan)
[2023-05-09T19:26:19.577+0000] {sql.py:384} INFO - Rows affected: 1
[2023-05-09T19:26:19.584+0000] {base.py:73} INFO - Using connection ID '***' for task execution.
[2023-05-09T19:26:19.589+0000] {sql.py:375} INFO - Running statement: INSERT INTO artist_dim (artist_name,artist_id,genre) VALUES (%s,%s,%s) ON CONFLICT (artist_id) DO UPDATE SET artist_name=EXCLUDED.artist_name,artist_id=EXCLUDED.artist_id,genre=EXCLUDED.genre, parameters: ('Zummer', '5GL9tpTGMrbIjLzpHbZV4d', nan)
[2023-05-09T19:26:19.591+0000] {sql.py:384} INFO - Rows affected: 1
[2023-05-09T19:26:19.597+0000] {base.py:73} INFO - Using connection ID '***' for task execution.
[2023-05-09T19:26:19.603+0000] {sql.py:375} INFO - Running statement: INSERT INTO artist_dim (artist_name,artist_id,genre) VALUES (%s,%s,%s) ON CONFLICT (artist_id) DO UPDATE SET artist_name=EXCLUDED.artist_name,artist_id=EXCLUDED.artist_id,genre=EXCLUDED.genre, parameters: ('ConKi', '2oBcbbUQy8Md3FYXifyPTF', nan)
[2023-05-09T19:26:19.605+0000] {sql.py:384} INFO - Rows affected: 1
[2023-05-09T19:26:19.611+0000] {base.py:73} INFO - Using connection ID '***' for task execution.
[2023-05-09T19:26:19.616+0000] {sql.py:375} INFO - Running statement: INSERT INTO artist_dim (artist_name,artist_id,genre) VALUES (%s,%s,%s) ON CONFLICT (artist_id) DO UPDATE SET artist_name=EXCLUDED.artist_name,artist_id=EXCLUDED.artist_id,genre=EXCLUDED.genre, parameters: ('Glass Animals', '4yvcSjfu4PC0CYQyLy4wSq', 'gauze pop')
[2023-05-09T19:26:19.618+0000] {sql.py:384} INFO - Rows affected: 1
[2023-05-09T19:26:19.624+0000] {base.py:73} INFO - Using connection ID '***' for task execution.
[2023-05-09T19:26:19.629+0000] {sql.py:375} INFO - Running statement: INSERT INTO artist_dim (artist_name,artist_id,genre) VALUES (%s,%s,%s) ON CONFLICT (artist_id) DO UPDATE SET artist_name=EXCLUDED.artist_name,artist_id=EXCLUDED.artist_id,genre=EXCLUDED.genre, parameters: ('The Jungle Giants', '6wFwvxJkurQPU2UdeD4qVt', 'australian indie')
[2023-05-09T19:26:19.631+0000] {sql.py:384} INFO - Rows affected: 1
[2023-05-09T19:26:19.637+0000] {base.py:73} INFO - Using connection ID '***' for task execution.
[2023-05-09T19:26:19.642+0000] {sql.py:375} INFO - Running statement: INSERT INTO artist_dim (artist_name,artist_id,genre) VALUES (%s,%s,%s) ON CONFLICT (artist_id) DO UPDATE SET artist_name=EXCLUDED.artist_name,artist_id=EXCLUDED.artist_id,genre=EXCLUDED.genre, parameters: ('The Neighbourhood', '77SW9BnxLY8rJ0RciFqkHh', 'modern alternative rock')
[2023-05-09T19:26:19.644+0000] {sql.py:384} INFO - Rows affected: 1
[2023-05-09T19:26:19.649+0000] {base.py:73} INFO - Using connection ID '***' for task execution.
[2023-05-09T19:26:19.655+0000] {sql.py:375} INFO - Running statement: INSERT INTO artist_dim (artist_name,artist_id,genre) VALUES (%s,%s,%s) ON CONFLICT (artist_id) DO UPDATE SET artist_name=EXCLUDED.artist_name,artist_id=EXCLUDED.artist_id,genre=EXCLUDED.genre, parameters: ('Ruff Loaderz', '5JOIrGvup0vD5VjodB62Ui', nan)
[2023-05-09T19:26:19.656+0000] {sql.py:384} INFO - Rows affected: 1
[2023-05-09T19:26:19.662+0000] {base.py:73} INFO - Using connection ID '***' for task execution.
[2023-05-09T19:26:19.668+0000] {sql.py:375} INFO - Running statement: INSERT INTO artist_dim (artist_name,artist_id,genre) VALUES (%s,%s,%s) ON CONFLICT (artist_id) DO UPDATE SET artist_name=EXCLUDED.artist_name,artist_id=EXCLUDED.artist_id,genre=EXCLUDED.genre, parameters: ('Ryan Tedder', '4we5S2VLjgY9KzIzApL1KI', nan)
[2023-05-09T19:26:19.669+0000] {sql.py:384} INFO - Rows affected: 1
[2023-05-09T19:26:19.675+0000] {base.py:73} INFO - Using connection ID '***' for task execution.
[2023-05-09T19:26:19.681+0000] {sql.py:375} INFO - Running statement: INSERT INTO artist_dim (artist_name,artist_id,genre) VALUES (%s,%s,%s) ON CONFLICT (artist_id) DO UPDATE SET artist_name=EXCLUDED.artist_name,artist_id=EXCLUDED.artist_id,genre=EXCLUDED.genre, parameters: ('Far East Movement', '698hF4vcwHwPy8ltmXermq', 'asian american hip hop')
[2023-05-09T19:26:19.683+0000] {sql.py:384} INFO - Rows affected: 1
[2023-05-09T19:26:19.690+0000] {base.py:73} INFO - Using connection ID '***' for task execution.
[2023-05-09T19:26:19.697+0000] {sql.py:375} INFO - Running statement: INSERT INTO artist_dim (artist_name,artist_id,genre) VALUES (%s,%s,%s) ON CONFLICT (artist_id) DO UPDATE SET artist_name=EXCLUDED.artist_name,artist_id=EXCLUDED.artist_id,genre=EXCLUDED.genre, parameters: ('Vanesa Seco', '0S97B7bjeZ49LtU7imdlT7', nan)
[2023-05-09T19:26:19.699+0000] {sql.py:384} INFO - Rows affected: 1
[2023-05-09T19:26:19.705+0000] {base.py:73} INFO - Using connection ID '***' for task execution.
[2023-05-09T19:26:19.711+0000] {sql.py:375} INFO - Running statement: INSERT INTO artist_dim (artist_name,artist_id,genre) VALUES (%s,%s,%s) ON CONFLICT (artist_id) DO UPDATE SET artist_name=EXCLUDED.artist_name,artist_id=EXCLUDED.artist_id,genre=EXCLUDED.genre, parameters: ('THE HOTEL LOBBY', '2bFpvoGZ1lD2HiAfE34Ypl', nan)
[2023-05-09T19:26:19.713+0000] {sql.py:384} INFO - Rows affected: 1
[2023-05-09T19:26:19.719+0000] {base.py:73} INFO - Using connection ID '***' for task execution.
[2023-05-09T19:26:19.725+0000] {sql.py:375} INFO - Running statement: INSERT INTO artist_dim (artist_name,artist_id,genre) VALUES (%s,%s,%s) ON CONFLICT (artist_id) DO UPDATE SET artist_name=EXCLUDED.artist_name,artist_id=EXCLUDED.artist_id,genre=EXCLUDED.genre, parameters: ('Pharrell Williams', '2RdwBSPQiwcmiDo9kixcl8', 'dance pop')
[2023-05-09T19:26:19.727+0000] {sql.py:384} INFO - Rows affected: 1
[2023-05-09T19:26:19.733+0000] {base.py:73} INFO - Using connection ID '***' for task execution.
[2023-05-09T19:26:19.740+0000] {sql.py:375} INFO - Running statement: INSERT INTO artist_dim (artist_name,artist_id,genre) VALUES (%s,%s,%s) ON CONFLICT (artist_id) DO UPDATE SET artist_name=EXCLUDED.artist_name,artist_id=EXCLUDED.artist_id,genre=EXCLUDED.genre, parameters: ('Anthony Ortiz', '7kiCkMJHLchcrQByu2yHDk', nan)
[2023-05-09T19:26:19.742+0000] {sql.py:384} INFO - Rows affected: 1
[2023-05-09T19:26:19.748+0000] {base.py:73} INFO - Using connection ID '***' for task execution.
[2023-05-09T19:26:19.754+0000] {sql.py:375} INFO - Running statement: INSERT INTO artist_dim (artist_name,artist_id,genre) VALUES (%s,%s,%s) ON CONFLICT (artist_id) DO UPDATE SET artist_name=EXCLUDED.artist_name,artist_id=EXCLUDED.artist_id,genre=EXCLUDED.genre, parameters: ('Ecca Vandal', '0NhKCHTPG7Sz62S3zxV1Cf', nan)
[2023-05-09T19:26:19.755+0000] {sql.py:384} INFO - Rows affected: 1
[2023-05-09T19:26:19.760+0000] {base.py:73} INFO - Using connection ID '***' for task execution.
[2023-05-09T19:26:19.766+0000] {sql.py:375} INFO - Running statement: INSERT INTO artist_dim (artist_name,artist_id,genre) VALUES (%s,%s,%s) ON CONFLICT (artist_id) DO UPDATE SET artist_name=EXCLUDED.artist_name,artist_id=EXCLUDED.artist_id,genre=EXCLUDED.genre, parameters: ('Illy', '6NFyaN9PMCDZ3LKxGwHAXt', 'australian hip hop')
[2023-05-09T19:26:19.768+0000] {sql.py:384} INFO - Rows affected: 1
[2023-05-09T19:26:19.773+0000] {base.py:73} INFO - Using connection ID '***' for task execution.
[2023-05-09T19:26:19.781+0000] {sql.py:375} INFO - Running statement: INSERT INTO artist_dim (artist_name,artist_id,genre) VALUES (%s,%s,%s) ON CONFLICT (artist_id) DO UPDATE SET artist_name=EXCLUDED.artist_name,artist_id=EXCLUDED.artist_id,genre=EXCLUDED.genre, parameters: ('Hilltop Hoods', '7dlqUnjoF2U2DkNDMhcgG4', 'australian hip hop')
[2023-05-09T19:26:19.783+0000] {sql.py:384} INFO - Rows affected: 1
[2023-05-09T19:26:19.789+0000] {base.py:73} INFO - Using connection ID '***' for task execution.
[2023-05-09T19:26:19.794+0000] {sql.py:375} INFO - Running statement: INSERT INTO artist_dim (artist_name,artist_id,genre) VALUES (%s,%s,%s) ON CONFLICT (artist_id) DO UPDATE SET artist_name=EXCLUDED.artist_name,artist_id=EXCLUDED.artist_id,genre=EXCLUDED.genre, parameters: ('Paramore', '74XFHRwlV6OrjEM0A2NCMF', 'candy pop')
[2023-05-09T19:26:19.796+0000] {sql.py:384} INFO - Rows affected: 1
[2023-05-09T19:26:19.801+0000] {base.py:73} INFO - Using connection ID '***' for task execution.
[2023-05-09T19:26:19.807+0000] {sql.py:375} INFO - Running statement: INSERT INTO artist_dim (artist_name,artist_id,genre) VALUES (%s,%s,%s) ON CONFLICT (artist_id) DO UPDATE SET artist_name=EXCLUDED.artist_name,artist_id=EXCLUDED.artist_id,genre=EXCLUDED.genre, parameters: ('Lil Yachty', '6icQOAFXDZKsumw3YXyusw', 'atl hip hop')
[2023-05-09T19:26:19.809+0000] {sql.py:384} INFO - Rows affected: 1
[2023-05-09T19:26:19.815+0000] {base.py:73} INFO - Using connection ID '***' for task execution.
[2023-05-09T19:26:19.822+0000] {sql.py:375} INFO - Running statement: INSERT INTO artist_dim (artist_name,artist_id,genre) VALUES (%s,%s,%s) ON CONFLICT (artist_id) DO UPDATE SET artist_name=EXCLUDED.artist_name,artist_id=EXCLUDED.artist_id,genre=EXCLUDED.genre, parameters: ('Social House', '5UjifI1TYefXWn9GdqDOHl', nan)
[2023-05-09T19:26:19.824+0000] {sql.py:384} INFO - Rows affected: 1
[2023-05-09T19:26:19.830+0000] {base.py:73} INFO - Using connection ID '***' for task execution.
[2023-05-09T19:26:19.836+0000] {sql.py:375} INFO - Running statement: INSERT INTO artist_dim (artist_name,artist_id,genre) VALUES (%s,%s,%s) ON CONFLICT (artist_id) DO UPDATE SET artist_name=EXCLUDED.artist_name,artist_id=EXCLUDED.artist_id,genre=EXCLUDED.genre, parameters: ('brady', '7nq9mnjjuDB4dYxMOFUTy4', nan)
[2023-05-09T19:26:19.837+0000] {sql.py:384} INFO - Rows affected: 1
[2023-05-09T19:26:19.843+0000] {base.py:73} INFO - Using connection ID '***' for task execution.
[2023-05-09T19:26:19.849+0000] {sql.py:375} INFO - Running statement: INSERT INTO artist_dim (artist_name,artist_id,genre) VALUES (%s,%s,%s) ON CONFLICT (artist_id) DO UPDATE SET artist_name=EXCLUDED.artist_name,artist_id=EXCLUDED.artist_id,genre=EXCLUDED.genre, parameters: ('Dyo', '4H1PNuHElBLVok0lnYMrRb', 'alte')
[2023-05-09T19:26:19.850+0000] {sql.py:384} INFO - Rows affected: 1
[2023-05-09T19:26:19.856+0000] {base.py:73} INFO - Using connection ID '***' for task execution.
[2023-05-09T19:26:19.862+0000] {sql.py:375} INFO - Running statement: INSERT INTO artist_dim (artist_name,artist_id,genre) VALUES (%s,%s,%s) ON CONFLICT (artist_id) DO UPDATE SET artist_name=EXCLUDED.artist_name,artist_id=EXCLUDED.artist_id,genre=EXCLUDED.genre, parameters: ('NEIKED', '5H6xmHXjsq98NLbEjuE29f', 'scandipop')
[2023-05-09T19:26:19.863+0000] {sql.py:384} INFO - Rows affected: 1
[2023-05-09T19:26:19.869+0000] {base.py:73} INFO - Using connection ID '***' for task execution.
[2023-05-09T19:26:19.877+0000] {sql.py:375} INFO - Running statement: INSERT INTO artist_dim (artist_name,artist_id,genre) VALUES (%s,%s,%s) ON CONFLICT (artist_id) DO UPDATE SET artist_name=EXCLUDED.artist_name,artist_id=EXCLUDED.artist_id,genre=EXCLUDED.genre, parameters: ('Nile Rodgers', '3yDIp0kaq9EFKe07X1X2rz', 'disco')
[2023-05-09T19:26:19.880+0000] {sql.py:384} INFO - Rows affected: 1
[2023-05-09T19:26:19.887+0000] {base.py:73} INFO - Using connection ID '***' for task execution.
[2023-05-09T19:26:19.893+0000] {sql.py:375} INFO - Running statement: INSERT INTO artist_dim (artist_name,artist_id,genre) VALUES (%s,%s,%s) ON CONFLICT (artist_id) DO UPDATE SET artist_name=EXCLUDED.artist_name,artist_id=EXCLUDED.artist_id,genre=EXCLUDED.genre, parameters: ('Daft Punk', '4tZwfgrHOc3mvqYlEYSvVi', 'electro')
[2023-05-09T19:26:19.895+0000] {sql.py:384} INFO - Rows affected: 1
[2023-05-09T19:26:19.901+0000] {base.py:73} INFO - Using connection ID '***' for task execution.
[2023-05-09T19:26:19.907+0000] {sql.py:375} INFO - Running statement: INSERT INTO artist_dim (artist_name,artist_id,genre) VALUES (%s,%s,%s) ON CONFLICT (artist_id) DO UPDATE SET artist_name=EXCLUDED.artist_name,artist_id=EXCLUDED.artist_id,genre=EXCLUDED.genre, parameters: ('Nick Luebke', '7q0j7Eg2VkNxT5ci6HbGLy', nan)
[2023-05-09T19:26:19.908+0000] {sql.py:384} INFO - Rows affected: 1
[2023-05-09T19:26:19.914+0000] {base.py:73} INFO - Using connection ID '***' for task execution.
[2023-05-09T19:26:19.920+0000] {sql.py:375} INFO - Running statement: INSERT INTO artist_dim (artist_name,artist_id,genre) VALUES (%s,%s,%s) ON CONFLICT (artist_id) DO UPDATE SET artist_name=EXCLUDED.artist_name,artist_id=EXCLUDED.artist_id,genre=EXCLUDED.genre, parameters: ('Garrett Adair', '3h1Yoz6jZ6kWDRQaA7v1t1', nan)
[2023-05-09T19:26:19.922+0000] {sql.py:384} INFO - Rows affected: 1
[2023-05-09T19:26:19.927+0000] {base.py:73} INFO - Using connection ID '***' for task execution.
[2023-05-09T19:26:19.933+0000] {sql.py:375} INFO - Running statement: INSERT INTO artist_dim (artist_name,artist_id,genre) VALUES (%s,%s,%s) ON CONFLICT (artist_id) DO UPDATE SET artist_name=EXCLUDED.artist_name,artist_id=EXCLUDED.artist_id,genre=EXCLUDED.genre, parameters: ('MØ', '0bdfiayQAKewqEvaU6rXCv', 'danish pop')
[2023-05-09T19:26:19.935+0000] {sql.py:384} INFO - Rows affected: 1
[2023-05-09T19:26:19.940+0000] {base.py:73} INFO - Using connection ID '***' for task execution.
[2023-05-09T19:26:19.946+0000] {sql.py:375} INFO - Running statement: INSERT INTO artist_dim (artist_name,artist_id,genre) VALUES (%s,%s,%s) ON CONFLICT (artist_id) DO UPDATE SET artist_name=EXCLUDED.artist_name,artist_id=EXCLUDED.artist_id,genre=EXCLUDED.genre, parameters: ('Joji', '3MZsBdqDrRTJihTHQrO6Dq', 'viral pop')
[2023-05-09T19:26:19.947+0000] {sql.py:384} INFO - Rows affected: 1
[2023-05-09T19:26:19.953+0000] {base.py:73} INFO - Using connection ID '***' for task execution.
[2023-05-09T19:26:19.960+0000] {sql.py:375} INFO - Running statement: INSERT INTO artist_dim (artist_name,artist_id,genre) VALUES (%s,%s,%s) ON CONFLICT (artist_id) DO UPDATE SET artist_name=EXCLUDED.artist_name,artist_id=EXCLUDED.artist_id,genre=EXCLUDED.genre, parameters: ('Jordan McGraw', '29wdR87Jh14i39ruPMMXYx', 'la pop')
[2023-05-09T19:26:19.962+0000] {sql.py:384} INFO - Rows affected: 1
[2023-05-09T19:26:19.967+0000] {base.py:73} INFO - Using connection ID '***' for task execution.
[2023-05-09T19:26:19.973+0000] {sql.py:375} INFO - Running statement: INSERT INTO artist_dim (artist_name,artist_id,genre) VALUES (%s,%s,%s) ON CONFLICT (artist_id) DO UPDATE SET artist_name=EXCLUDED.artist_name,artist_id=EXCLUDED.artist_id,genre=EXCLUDED.genre, parameters: ('M.I.A.', '0QJIPDAEDILuo8AIq3pMuU', 'escape room')
[2023-05-09T19:26:19.975+0000] {sql.py:384} INFO - Rows affected: 1
[2023-05-09T19:26:19.981+0000] {base.py:73} INFO - Using connection ID '***' for task execution.
[2023-05-09T19:26:19.987+0000] {sql.py:375} INFO - Running statement: INSERT INTO artist_dim (artist_name,artist_id,genre) VALUES (%s,%s,%s) ON CONFLICT (artist_id) DO UPDATE SET artist_name=EXCLUDED.artist_name,artist_id=EXCLUDED.artist_id,genre=EXCLUDED.genre, parameters: ('Katy Perry', '6jJ0s89eD6GaHleKKya26X', 'pop')
[2023-05-09T19:26:19.989+0000] {sql.py:384} INFO - Rows affected: 1
[2023-05-09T19:26:19.995+0000] {base.py:73} INFO - Using connection ID '***' for task execution.
[2023-05-09T19:26:20.002+0000] {sql.py:375} INFO - Running statement: INSERT INTO artist_dim (artist_name,artist_id,genre) VALUES (%s,%s,%s) ON CONFLICT (artist_id) DO UPDATE SET artist_name=EXCLUDED.artist_name,artist_id=EXCLUDED.artist_id,genre=EXCLUDED.genre, parameters: ('Empire of the Sun', '67hb7towEyKvt5Z8Bx306c', 'australian dance')
[2023-05-09T19:26:20.004+0000] {sql.py:384} INFO - Rows affected: 1
[2023-05-09T19:26:20.010+0000] {base.py:73} INFO - Using connection ID '***' for task execution.
[2023-05-09T19:26:25.025+0000] {sql.py:375} INFO - Running statement: INSERT INTO artist_dim (artist_name,artist_id,genre) VALUES (%s,%s,%s) ON CONFLICT (artist_id) DO UPDATE SET artist_name=EXCLUDED.artist_name,artist_id=EXCLUDED.artist_id,genre=EXCLUDED.genre, parameters: ('NEEKA', '1JPZHb1qziDJ05n0a1OvfW', nan)
[2023-05-09T19:26:25.028+0000] {sql.py:384} INFO - Rows affected: 1
[2023-05-09T19:26:25.037+0000] {base.py:73} INFO - Using connection ID '***' for task execution.
[2023-05-09T19:26:25.044+0000] {sql.py:375} INFO - Running statement: INSERT INTO artist_dim (artist_name,artist_id,genre) VALUES (%s,%s,%s) ON CONFLICT (artist_id) DO UPDATE SET artist_name=EXCLUDED.artist_name,artist_id=EXCLUDED.artist_id,genre=EXCLUDED.genre, parameters: ('SUPER-Hi', '2lJ6K4PTrrweXhRiqh1CZE', nan)
[2023-05-09T19:26:25.046+0000] {sql.py:384} INFO - Rows affected: 1
[2023-05-09T19:26:25.053+0000] {base.py:73} INFO - Using connection ID '***' for task execution.
[2023-05-09T19:26:25.061+0000] {sql.py:375} INFO - Running statement: INSERT INTO artist_dim (artist_name,artist_id,genre) VALUES (%s,%s,%s) ON CONFLICT (artist_id) DO UPDATE SET artist_name=EXCLUDED.artist_name,artist_id=EXCLUDED.artist_id,genre=EXCLUDED.genre, parameters: ('Calvin Harris', '7CajNmpbOovFoOoasH2HaY', 'dance pop')
[2023-05-09T19:26:25.063+0000] {sql.py:384} INFO - Rows affected: 1
[2023-05-09T19:26:25.069+0000] {base.py:73} INFO - Using connection ID '***' for task execution.
[2023-05-09T19:26:25.077+0000] {sql.py:375} INFO - Running statement: INSERT INTO artist_dim (artist_name,artist_id,genre) VALUES (%s,%s,%s) ON CONFLICT (artist_id) DO UPDATE SET artist_name=EXCLUDED.artist_name,artist_id=EXCLUDED.artist_id,genre=EXCLUDED.genre, parameters: ('Dujak', '5vNeqphZZDB8susU5xA8mP', nan)
[2023-05-09T19:26:25.079+0000] {sql.py:384} INFO - Rows affected: 1
[2023-05-09T19:26:25.085+0000] {base.py:73} INFO - Using connection ID '***' for task execution.
[2023-05-09T19:26:25.093+0000] {sql.py:375} INFO - Running statement: INSERT INTO artist_dim (artist_name,artist_id,genre) VALUES (%s,%s,%s) ON CONFLICT (artist_id) DO UPDATE SET artist_name=EXCLUDED.artist_name,artist_id=EXCLUDED.artist_id,genre=EXCLUDED.genre, parameters: ('Duck Sauce', '0q8J3Yj810t5cpAYEJ7gxt', 'disco house')
[2023-05-09T19:26:25.095+0000] {sql.py:384} INFO - Rows affected: 1
[2023-05-09T19:26:25.101+0000] {base.py:73} INFO - Using connection ID '***' for task execution.
[2023-05-09T19:26:25.109+0000] {sql.py:375} INFO - Running statement: INSERT INTO artist_dim (artist_name,artist_id,genre) VALUES (%s,%s,%s) ON CONFLICT (artist_id) DO UPDATE SET artist_name=EXCLUDED.artist_name,artist_id=EXCLUDED.artist_id,genre=EXCLUDED.genre, parameters: ('Kendrick Lamar', '2YZyLoL8N0Wb9xBt1NhZWg', 'conscious hip hop')
[2023-05-09T19:26:25.110+0000] {sql.py:384} INFO - Rows affected: 1
[2023-05-09T19:26:25.117+0000] {base.py:73} INFO - Using connection ID '***' for task execution.
[2023-05-09T19:26:25.126+0000] {sql.py:375} INFO - Running statement: INSERT INTO artist_dim (artist_name,artist_id,genre) VALUES (%s,%s,%s) ON CONFLICT (artist_id) DO UPDATE SET artist_name=EXCLUDED.artist_name,artist_id=EXCLUDED.artist_id,genre=EXCLUDED.genre, parameters: ('Kali Uchis', '1U1el3k54VvEUzo3ybLPlM', 'colombian pop')
[2023-05-09T19:26:25.127+0000] {sql.py:384} INFO - Rows affected: 1
[2023-05-09T19:26:25.134+0000] {base.py:73} INFO - Using connection ID '***' for task execution.
[2023-05-09T19:26:25.142+0000] {sql.py:375} INFO - Running statement: INSERT INTO artist_dim (artist_name,artist_id,genre) VALUES (%s,%s,%s) ON CONFLICT (artist_id) DO UPDATE SET artist_name=EXCLUDED.artist_name,artist_id=EXCLUDED.artist_id,genre=EXCLUDED.genre, parameters: ('Tyler, The Creator', '4V8LLVI7PbaPR0K2TGSxFF', 'hip hop')
[2023-05-09T19:26:25.143+0000] {sql.py:384} INFO - Rows affected: 1
[2023-05-09T19:26:25.150+0000] {base.py:73} INFO - Using connection ID '***' for task execution.
[2023-05-09T19:26:25.158+0000] {sql.py:375} INFO - Running statement: INSERT INTO artist_dim (artist_name,artist_id,genre) VALUES (%s,%s,%s) ON CONFLICT (artist_id) DO UPDATE SET artist_name=EXCLUDED.artist_name,artist_id=EXCLUDED.artist_id,genre=EXCLUDED.genre, parameters: ('Drake', '3TVXtAsR1Inumwj472S9r4', 'canadian hip hop')
[2023-05-09T19:26:25.159+0000] {sql.py:384} INFO - Rows affected: 1
[2023-05-09T19:26:25.166+0000] {base.py:73} INFO - Using connection ID '***' for task execution.
[2023-05-09T19:26:25.173+0000] {sql.py:375} INFO - Running statement: INSERT INTO artist_dim (artist_name,artist_id,genre) VALUES (%s,%s,%s) ON CONFLICT (artist_id) DO UPDATE SET artist_name=EXCLUDED.artist_name,artist_id=EXCLUDED.artist_id,genre=EXCLUDED.genre, parameters: ('Ramz', '6ywXRaHY7m2DJ0dd7CsLAB', 'afroswing')
[2023-05-09T19:26:25.175+0000] {sql.py:384} INFO - Rows affected: 1
[2023-05-09T19:26:25.182+0000] {base.py:73} INFO - Using connection ID '***' for task execution.
[2023-05-09T19:26:25.190+0000] {sql.py:375} INFO - Running statement: INSERT INTO artist_dim (artist_name,artist_id,genre) VALUES (%s,%s,%s) ON CONFLICT (artist_id) DO UPDATE SET artist_name=EXCLUDED.artist_name,artist_id=EXCLUDED.artist_id,genre=EXCLUDED.genre, parameters: ('RAYE', '5KKpBU5eC2tJDzf0wmlRp2', 'uk contemporary r&b')
[2023-05-09T19:26:25.191+0000] {sql.py:384} INFO - Rows affected: 1
[2023-05-09T19:26:25.198+0000] {base.py:73} INFO - Using connection ID '***' for task execution.
[2023-05-09T19:26:25.205+0000] {sql.py:375} INFO - Running statement: INSERT INTO artist_dim (artist_name,artist_id,genre) VALUES (%s,%s,%s) ON CONFLICT (artist_id) DO UPDATE SET artist_name=EXCLUDED.artist_name,artist_id=EXCLUDED.artist_id,genre=EXCLUDED.genre, parameters: ('LALZIN', '0j4hdmNGBCznlyeFs618eM', nan)
[2023-05-09T19:26:25.207+0000] {sql.py:384} INFO - Rows affected: 1
[2023-05-09T19:26:25.213+0000] {base.py:73} INFO - Using connection ID '***' for task execution.
[2023-05-09T19:26:25.221+0000] {sql.py:375} INFO - Running statement: INSERT INTO artist_dim (artist_name,artist_id,genre) VALUES (%s,%s,%s) ON CONFLICT (artist_id) DO UPDATE SET artist_name=EXCLUDED.artist_name,artist_id=EXCLUDED.artist_id,genre=EXCLUDED.genre, parameters: ('Taylor Swift', '06HL4z0CvFAxyc27GXpf02', 'pop')
[2023-05-09T19:26:25.223+0000] {sql.py:384} INFO - Rows affected: 1
[2023-05-09T19:26:25.229+0000] {base.py:73} INFO - Using connection ID '***' for task execution.
[2023-05-09T19:26:25.237+0000] {sql.py:375} INFO - Running statement: INSERT INTO artist_dim (artist_name,artist_id,genre) VALUES (%s,%s,%s) ON CONFLICT (artist_id) DO UPDATE SET artist_name=EXCLUDED.artist_name,artist_id=EXCLUDED.artist_id,genre=EXCLUDED.genre, parameters: ('Golden Features', '2SrWifjYv7b5tR8EzEmn1x', 'industrial pop')
[2023-05-09T19:26:25.239+0000] {sql.py:384} INFO - Rows affected: 1
[2023-05-09T19:26:25.245+0000] {base.py:73} INFO - Using connection ID '***' for task execution.
[2023-05-09T19:26:25.257+0000] {sql.py:375} INFO - Running statement: INSERT INTO artist_dim (artist_name,artist_id,genre) VALUES (%s,%s,%s) ON CONFLICT (artist_id) DO UPDATE SET artist_name=EXCLUDED.artist_name,artist_id=EXCLUDED.artist_id,genre=EXCLUDED.genre, parameters: ('Tame Impala', '5INjqkS1o8h1imAzPqGZBb', 'australian psych')
[2023-05-09T19:26:25.258+0000] {sql.py:384} INFO - Rows affected: 1
[2023-05-09T19:26:25.265+0000] {base.py:73} INFO - Using connection ID '***' for task execution.
[2023-05-09T19:26:25.278+0000] {sql.py:375} INFO - Running statement: INSERT INTO artist_dim (artist_name,artist_id,genre) VALUES (%s,%s,%s) ON CONFLICT (artist_id) DO UPDATE SET artist_name=EXCLUDED.artist_name,artist_id=EXCLUDED.artist_id,genre=EXCLUDED.genre, parameters: ('Mac DeMarco', '3Sz7ZnJQBIHsXLUSo0OQtM', 'edmonton indie')
[2023-05-09T19:26:25.280+0000] {sql.py:384} INFO - Rows affected: 1
[2023-05-09T19:26:25.288+0000] {base.py:73} INFO - Using connection ID '***' for task execution.
[2023-05-09T19:26:25.341+0000] {sql.py:375} INFO - Running statement: INSERT INTO artist_dim (artist_name,artist_id,genre) VALUES (%s,%s,%s) ON CONFLICT (artist_id) DO UPDATE SET artist_name=EXCLUDED.artist_name,artist_id=EXCLUDED.artist_id,genre=EXCLUDED.genre, parameters: ('Eric Prydz', '5sm0jQ1mq0dusiLtDJ2b4R', 'edm')
[2023-05-09T19:26:25.349+0000] {sql.py:384} INFO - Rows affected: 1
[2023-05-09T19:26:25.361+0000] {base.py:73} INFO - Using connection ID '***' for task execution.
[2023-05-09T19:26:25.375+0000] {sql.py:375} INFO - Running statement: INSERT INTO artist_dim (artist_name,artist_id,genre) VALUES (%s,%s,%s) ON CONFLICT (artist_id) DO UPDATE SET artist_name=EXCLUDED.artist_name,artist_id=EXCLUDED.artist_id,genre=EXCLUDED.genre, parameters: ('Zara Larsson', '1Xylc3o4UrD53lo9CvFvVg', 'pop')
[2023-05-09T19:26:25.382+0000] {sql.py:384} INFO - Rows affected: 1
[2023-05-09T19:26:25.398+0000] {base.py:73} INFO - Using connection ID '***' for task execution.
[2023-05-09T19:26:25.411+0000] {sql.py:375} INFO - Running statement: INSERT INTO artist_dim (artist_name,artist_id,genre) VALUES (%s,%s,%s) ON CONFLICT (artist_id) DO UPDATE SET artist_name=EXCLUDED.artist_name,artist_id=EXCLUDED.artist_id,genre=EXCLUDED.genre, parameters: ('Jay Mason', '0dS5IlInNc5Qq0wIrFTKob', 'covertronica')
[2023-05-09T19:26:25.413+0000] {sql.py:384} INFO - Rows affected: 1
[2023-05-09T19:26:25.422+0000] {base.py:73} INFO - Using connection ID '***' for task execution.
[2023-05-09T19:26:25.429+0000] {sql.py:375} INFO - Running statement: INSERT INTO artist_dim (artist_name,artist_id,genre) VALUES (%s,%s,%s) ON CONFLICT (artist_id) DO UPDATE SET artist_name=EXCLUDED.artist_name,artist_id=EXCLUDED.artist_id,genre=EXCLUDED.genre, parameters: ('Thierry Von Der Warth', '2mF9PcfpN8vxRtCfra8hz1', nan)
[2023-05-09T19:26:25.430+0000] {sql.py:384} INFO - Rows affected: 1
[2023-05-09T19:26:25.438+0000] {base.py:73} INFO - Using connection ID '***' for task execution.
[2023-05-09T19:26:25.446+0000] {sql.py:375} INFO - Running statement: INSERT INTO artist_dim (artist_name,artist_id,genre) VALUES (%s,%s,%s) ON CONFLICT (artist_id) DO UPDATE SET artist_name=EXCLUDED.artist_name,artist_id=EXCLUDED.artist_id,genre=EXCLUDED.genre, parameters: ('Post Malone', '246dkjvS1zLTtiykXe5h60', 'dfw rap')
[2023-05-09T19:26:25.447+0000] {sql.py:384} INFO - Rows affected: 1
[2023-05-09T19:26:25.454+0000] {base.py:73} INFO - Using connection ID '***' for task execution.
[2023-05-09T19:26:25.460+0000] {sql.py:375} INFO - Running statement: INSERT INTO artist_dim (artist_name,artist_id,genre) VALUES (%s,%s,%s) ON CONFLICT (artist_id) DO UPDATE SET artist_name=EXCLUDED.artist_name,artist_id=EXCLUDED.artist_id,genre=EXCLUDED.genre, parameters: ('PNAU', '6n28c9qs9hNGriNa72b26u', 'alternative dance')
[2023-05-09T19:26:25.462+0000] {sql.py:384} INFO - Rows affected: 1
[2023-05-09T19:26:25.468+0000] {base.py:73} INFO - Using connection ID '***' for task execution.
[2023-05-09T19:26:25.475+0000] {sql.py:375} INFO - Running statement: INSERT INTO artist_dim (artist_name,artist_id,genre) VALUES (%s,%s,%s) ON CONFLICT (artist_id) DO UPDATE SET artist_name=EXCLUDED.artist_name,artist_id=EXCLUDED.artist_id,genre=EXCLUDED.genre, parameters: ('Dua Lipa', '6M2wZ9GZgrQXHCFfjv46we', 'dance pop')
[2023-05-09T19:26:25.477+0000] {sql.py:384} INFO - Rows affected: 1
[2023-05-09T19:26:25.484+0000] {base.py:73} INFO - Using connection ID '***' for task execution.
[2023-05-09T19:26:25.493+0000] {sql.py:375} INFO - Running statement: INSERT INTO artist_dim (artist_name,artist_id,genre) VALUES (%s,%s,%s) ON CONFLICT (artist_id) DO UPDATE SET artist_name=EXCLUDED.artist_name,artist_id=EXCLUDED.artist_id,genre=EXCLUDED.genre, parameters: ('Elton John', '3PhoLpVuITZKcymswpck5b', 'glam rock')
[2023-05-09T19:26:25.494+0000] {sql.py:384} INFO - Rows affected: 1
[2023-05-09T19:26:25.501+0000] {base.py:73} INFO - Using connection ID '***' for task execution.
[2023-05-09T19:26:25.508+0000] {sql.py:375} INFO - Running statement: INSERT INTO artist_dim (artist_name,artist_id,genre) VALUES (%s,%s,%s) ON CONFLICT (artist_id) DO UPDATE SET artist_name=EXCLUDED.artist_name,artist_id=EXCLUDED.artist_id,genre=EXCLUDED.genre, parameters: ('Khalid', '6LuN9FCkKOj5PcnpouEgny', 'pop')
[2023-05-09T19:26:25.510+0000] {sql.py:384} INFO - Rows affected: 1
[2023-05-09T19:26:25.516+0000] {base.py:73} INFO - Using connection ID '***' for task execution.
[2023-05-09T19:26:25.524+0000] {sql.py:375} INFO - Running statement: INSERT INTO artist_dim (artist_name,artist_id,genre) VALUES (%s,%s,%s) ON CONFLICT (artist_id) DO UPDATE SET artist_name=EXCLUDED.artist_name,artist_id=EXCLUDED.artist_id,genre=EXCLUDED.genre, parameters: ('Halsey', '26VFTg2z8YR0cCuwLzESi2', 'electropop')
[2023-05-09T19:26:25.525+0000] {sql.py:384} INFO - Rows affected: 1
[2023-05-09T19:26:25.531+0000] {base.py:73} INFO - Using connection ID '***' for task execution.
[2023-05-09T19:26:25.538+0000] {sql.py:375} INFO - Running statement: INSERT INTO artist_dim (artist_name,artist_id,genre) VALUES (%s,%s,%s) ON CONFLICT (artist_id) DO UPDATE SET artist_name=EXCLUDED.artist_name,artist_id=EXCLUDED.artist_id,genre=EXCLUDED.genre, parameters: ('benny blanco', '5CiGnKThu5ctn9pBxv7DGa', 'pop')
[2023-05-09T19:26:25.540+0000] {sql.py:384} INFO - Rows affected: 1
[2023-05-09T19:26:25.546+0000] {base.py:73} INFO - Using connection ID '***' for task execution.
[2023-05-09T19:26:25.553+0000] {sql.py:375} INFO - Running statement: INSERT INTO artist_dim (artist_name,artist_id,genre) VALUES (%s,%s,%s) ON CONFLICT (artist_id) DO UPDATE SET artist_name=EXCLUDED.artist_name,artist_id=EXCLUDED.artist_id,genre=EXCLUDED.genre, parameters: ('Dayglow', '6eJa3zG1QZLRB3xgRuyxbm', 'austindie')
[2023-05-09T19:26:25.555+0000] {sql.py:384} INFO - Rows affected: 1
[2023-05-09T19:26:25.562+0000] {base.py:73} INFO - Using connection ID '***' for task execution.
[2023-05-09T19:26:25.573+0000] {sql.py:375} INFO - Running statement: INSERT INTO artist_dim (artist_name,artist_id,genre) VALUES (%s,%s,%s) ON CONFLICT (artist_id) DO UPDATE SET artist_name=EXCLUDED.artist_name,artist_id=EXCLUDED.artist_id,genre=EXCLUDED.genre, parameters: ('5 Seconds of Summer', '5Rl15oVamLq7FbSb0NNBNy', 'boy band')
[2023-05-09T19:26:25.575+0000] {sql.py:384} INFO - Rows affected: 1
[2023-05-09T19:26:25.582+0000] {base.py:73} INFO - Using connection ID '***' for task execution.
[2023-05-09T19:26:25.589+0000] {sql.py:375} INFO - Running statement: INSERT INTO artist_dim (artist_name,artist_id,genre) VALUES (%s,%s,%s) ON CONFLICT (artist_id) DO UPDATE SET artist_name=EXCLUDED.artist_name,artist_id=EXCLUDED.artist_id,genre=EXCLUDED.genre, parameters: ('Bakar', '3K2Srho6NCF3o9MswGR76H', 'uk alternative hip hop')
[2023-05-09T19:26:25.591+0000] {sql.py:384} INFO - Rows affected: 1
[2023-05-09T19:26:25.597+0000] {base.py:73} INFO - Using connection ID '***' for task execution.
[2023-05-09T19:26:25.604+0000] {sql.py:375} INFO - Running statement: INSERT INTO artist_dim (artist_name,artist_id,genre) VALUES (%s,%s,%s) ON CONFLICT (artist_id) DO UPDATE SET artist_name=EXCLUDED.artist_name,artist_id=EXCLUDED.artist_id,genre=EXCLUDED.genre, parameters: ('Milky Chance', '1hzfo8twXdOegF3xireCYs', 'german pop')
[2023-05-09T19:26:25.606+0000] {sql.py:384} INFO - Rows affected: 1
[2023-05-09T19:26:25.614+0000] {base.py:73} INFO - Using connection ID '***' for task execution.
[2023-05-09T19:26:25.621+0000] {sql.py:375} INFO - Running statement: INSERT INTO artist_dim (artist_name,artist_id,genre) VALUES (%s,%s,%s) ON CONFLICT (artist_id) DO UPDATE SET artist_name=EXCLUDED.artist_name,artist_id=EXCLUDED.artist_id,genre=EXCLUDED.genre, parameters: ('Neon Trees', '0RpddSzUHfncUWNJXKOsjy', 'modern rock')
[2023-05-09T19:26:25.623+0000] {sql.py:384} INFO - Rows affected: 1
[2023-05-09T19:26:25.629+0000] {base.py:73} INFO - Using connection ID '***' for task execution.
[2023-05-09T19:26:25.638+0000] {sql.py:375} INFO - Running statement: INSERT INTO artist_dim (artist_name,artist_id,genre) VALUES (%s,%s,%s) ON CONFLICT (artist_id) DO UPDATE SET artist_name=EXCLUDED.artist_name,artist_id=EXCLUDED.artist_id,genre=EXCLUDED.genre, parameters: ('Ellie Goulding', '0X2BH1fck6amBIoJhDVmmJ', 'indietronica')
[2023-05-09T19:26:25.640+0000] {sql.py:384} INFO - Rows affected: 1
[2023-05-09T19:26:25.646+0000] {base.py:73} INFO - Using connection ID '***' for task execution.
[2023-05-09T19:26:25.654+0000] {sql.py:375} INFO - Running statement: INSERT INTO artist_dim (artist_name,artist_id,genre) VALUES (%s,%s,%s) ON CONFLICT (artist_id) DO UPDATE SET artist_name=EXCLUDED.artist_name,artist_id=EXCLUDED.artist_id,genre=EXCLUDED.genre, parameters: ('GROUPLOVE', '3kVUvbeRdcrqQ3oHk5hPdx', 'indie rock')
[2023-05-09T19:26:25.656+0000] {sql.py:384} INFO - Rows affected: 1
[2023-05-09T19:26:25.663+0000] {base.py:73} INFO - Using connection ID '***' for task execution.
[2023-05-09T19:26:25.671+0000] {sql.py:375} INFO - Running statement: INSERT INTO artist_dim (artist_name,artist_id,genre) VALUES (%s,%s,%s) ON CONFLICT (artist_id) DO UPDATE SET artist_name=EXCLUDED.artist_name,artist_id=EXCLUDED.artist_id,genre=EXCLUDED.genre, parameters: ('Surfaces', '4ETSs924pXMzjIeD6E9b4u', 'bedroom soul')
[2023-05-09T19:26:25.673+0000] {sql.py:384} INFO - Rows affected: 1
[2023-05-09T19:26:25.679+0000] {base.py:73} INFO - Using connection ID '***' for task execution.
[2023-05-09T19:26:25.686+0000] {sql.py:375} INFO - Running statement: INSERT INTO artist_dim (artist_name,artist_id,genre) VALUES (%s,%s,%s) ON CONFLICT (artist_id) DO UPDATE SET artist_name=EXCLUDED.artist_name,artist_id=EXCLUDED.artist_id,genre=EXCLUDED.genre, parameters: ('Miley Cyrus', '5YGY8feqx7naU7z4HrwZM6', 'pop')
[2023-05-09T19:26:25.687+0000] {sql.py:384} INFO - Rows affected: 1
[2023-05-09T19:26:25.693+0000] {base.py:73} INFO - Using connection ID '***' for task execution.
[2023-05-09T19:26:25.700+0000] {sql.py:375} INFO - Running statement: INSERT INTO artist_dim (artist_name,artist_id,genre) VALUES (%s,%s,%s) ON CONFLICT (artist_id) DO UPDATE SET artist_name=EXCLUDED.artist_name,artist_id=EXCLUDED.artist_id,genre=EXCLUDED.genre, parameters: ('Funk Wav', '4A0TivfinfALCAMJqqjZIk', nan)
[2023-05-09T19:26:25.702+0000] {sql.py:384} INFO - Rows affected: 1
[2023-05-09T19:26:25.707+0000] {base.py:73} INFO - Using connection ID '***' for task execution.
[2023-05-09T19:26:25.714+0000] {sql.py:375} INFO - Running statement: INSERT INTO artist_dim (artist_name,artist_id,genre) VALUES (%s,%s,%s) ON CONFLICT (artist_id) DO UPDATE SET artist_name=EXCLUDED.artist_name,artist_id=EXCLUDED.artist_id,genre=EXCLUDED.genre, parameters: ('Migos', '6oMuImdp5ZcFhWP0ESe6mG', 'atl hip hop')
[2023-05-09T19:26:25.716+0000] {sql.py:384} INFO - Rows affected: 1
[2023-05-09T19:26:25.721+0000] {base.py:73} INFO - Using connection ID '***' for task execution.
[2023-05-09T19:26:25.728+0000] {sql.py:375} INFO - Running statement: INSERT INTO artist_dim (artist_name,artist_id,genre) VALUES (%s,%s,%s) ON CONFLICT (artist_id) DO UPDATE SET artist_name=EXCLUDED.artist_name,artist_id=EXCLUDED.artist_id,genre=EXCLUDED.genre, parameters: ('Frank Ocean', '2h93pZq0e7k5yf4dywlkpM', 'lgbtq+ hip hop')
[2023-05-09T19:26:25.730+0000] {sql.py:384} INFO - Rows affected: 1
[2023-05-09T19:26:25.736+0000] {base.py:73} INFO - Using connection ID '***' for task execution.
[2023-05-09T19:26:25.742+0000] {sql.py:375} INFO - Running statement: INSERT INTO artist_dim (artist_name,artist_id,genre) VALUES (%s,%s,%s) ON CONFLICT (artist_id) DO UPDATE SET artist_name=EXCLUDED.artist_name,artist_id=EXCLUDED.artist_id,genre=EXCLUDED.genre, parameters: ('OneRepublic', '5Pwc4xIPtQLFEnJriah9YJ', 'piano rock')
[2023-05-09T19:26:25.744+0000] {sql.py:384} INFO - Rows affected: 1
[2023-05-09T19:26:25.750+0000] {base.py:73} INFO - Using connection ID '***' for task execution.
[2023-05-09T19:26:25.757+0000] {sql.py:375} INFO - Running statement: INSERT INTO artist_dim (artist_name,artist_id,genre) VALUES (%s,%s,%s) ON CONFLICT (artist_id) DO UPDATE SET artist_name=EXCLUDED.artist_name,artist_id=EXCLUDED.artist_id,genre=EXCLUDED.genre, parameters: ('dazy', '38PzLQE4GW8o7A18oGhi0x', nan)
[2023-05-09T19:26:25.759+0000] {sql.py:384} INFO - Rows affected: 1
[2023-05-09T19:26:25.765+0000] {base.py:73} INFO - Using connection ID '***' for task execution.
[2023-05-09T19:26:25.772+0000] {sql.py:375} INFO - Running statement: INSERT INTO artist_dim (artist_name,artist_id,genre) VALUES (%s,%s,%s) ON CONFLICT (artist_id) DO UPDATE SET artist_name=EXCLUDED.artist_name,artist_id=EXCLUDED.artist_id,genre=EXCLUDED.genre, parameters: ('Nicky Youre', '7qmpXeNz2ojlMl2EEfkeLs', nan)
[2023-05-09T19:26:25.774+0000] {sql.py:384} INFO - Rows affected: 1
[2023-05-09T19:26:25.775+0000] {python.py:183} INFO - Done. Returned value was: None
[2023-05-09T19:26:25.784+0000] {taskinstance.py:1373} INFO - Marking task as SUCCESS. dag_id=Summer_Warped_ETL, task_id=LoadData.LoadArtistDim, execution_date=20230509T191616, start_date=20230509T192618, end_date=20230509T192625
[2023-05-09T19:26:25.816+0000] {local_task_job_runner.py:232} INFO - Task exited with return code 0
[2023-05-09T19:26:25.835+0000] {taskinstance.py:2674} INFO - 0 downstream tasks scheduled from follow-on schedule check
