[2023-05-08T15:49:16.931+0000] {taskinstance.py:1125} INFO - Dependencies all met for dep_context=non-requeueable deps ti=<TaskInstance: Summer_Warped_ETL.LoadData.LoadArtistDim manual__2023-05-08T04:41:38.915348+00:00 [queued]>
[2023-05-08T15:49:16.937+0000] {taskinstance.py:1125} INFO - Dependencies all met for dep_context=requeueable deps ti=<TaskInstance: Summer_Warped_ETL.LoadData.LoadArtistDim manual__2023-05-08T04:41:38.915348+00:00 [queued]>
[2023-05-08T15:49:16.938+0000] {taskinstance.py:1331} INFO - Starting attempt 2 of 4
[2023-05-08T15:49:16.945+0000] {taskinstance.py:1350} INFO - Executing <Task(PythonOperator): LoadData.LoadArtistDim> on 2023-05-08 04:41:38.915348+00:00
[2023-05-08T15:49:16.950+0000] {standard_task_runner.py:57} INFO - Started process 195 to run task
[2023-05-08T15:49:16.954+0000] {standard_task_runner.py:84} INFO - Running: ['***', 'tasks', 'run', 'Summer_Warped_ETL', 'LoadData.LoadArtistDim', 'manual__2023-05-08T04:41:38.915348+00:00', '--job-id', '2381', '--raw', '--subdir', 'DAGS_FOLDER/warped-dag.py', '--cfg-path', '/tmp/tmpetwrk5p8']
[2023-05-08T15:49:16.954+0000] {standard_task_runner.py:85} INFO - Job 2381: Subtask LoadData.LoadArtistDim
[2023-05-08T15:49:16.994+0000] {task_command.py:410} INFO - Running <TaskInstance: Summer_Warped_ETL.LoadData.LoadArtistDim manual__2023-05-08T04:41:38.915348+00:00 [running]> on host 7b4753e133cb
[2023-05-08T15:49:17.051+0000] {taskinstance.py:1570} INFO - Exporting env vars: AIRFLOW_CTX_DAG_OWNER='Ananta Moharana' AIRFLOW_CTX_DAG_ID='Summer_Warped_ETL' AIRFLOW_CTX_TASK_ID='LoadData.LoadArtistDim' AIRFLOW_CTX_EXECUTION_DATE='2023-05-08T04:41:38.915348+00:00' AIRFLOW_CTX_TRY_NUMBER='2' AIRFLOW_CTX_DAG_RUN_ID='manual__2023-05-08T04:41:38.915348+00:00'
[2023-05-08T15:49:17.054+0000] {logging_mixin.py:149} INFO - 2023-05/artist_dim.csv
[2023-05-08T15:49:17.061+0000] {base.py:73} INFO - Using connection ID 'aws_connection' for task execution.
[2023-05-08T15:49:17.062+0000] {connection_wrapper.py:337} INFO - AWS Connection (conn_id='aws_connection', conn_type='aws') credentials retrieved from login and password.
[2023-05-08T15:49:17.255+0000] {logging_mixin.py:149} INFO -         artist_name               artist_id        genre
0              Zaia  1m0t5VYISq6TcyMo7UqLMz  atl hip hop
1  nothing,nowhere.  7FngGIEGgN3Iwauw1MvO4P    cloud rap
2          brakence  4kqFrZkeqDfOIEqTWqbOOV   glitchcore
3        Marco Luka  4tjqHer0BFQbJ1FVyWhffM          NaN
4               Sky  62UdSpLGWjDU75OAFKLxWV          NaN
[2023-05-08T15:49:17.256+0000] {logging_mixin.py:149} INFO - INSERT INTO artist_dim (artist_name,artist_id,genre) VALUES (%s,%s,%s) ON CONFLICT (artist_id) DO UPDATE SET artist_name=EXCLUDED.artist_name,artist_id=EXCLUDED.artist_id,genre=EXCLUDED.genre
[2023-05-08T15:49:17.263+0000] {base.py:73} INFO - Using connection ID '***' for task execution.
[2023-05-08T15:49:17.272+0000] {sql.py:375} INFO - Running statement: INSERT INTO artist_dim (artist_name,artist_id,genre) VALUES (%s,%s,%s) ON CONFLICT (artist_id) DO UPDATE SET artist_name=EXCLUDED.artist_name,artist_id=EXCLUDED.artist_id,genre=EXCLUDED.genre, parameters: ('Zaia', '1m0t5VYISq6TcyMo7UqLMz', 'atl hip hop')
[2023-05-08T15:49:17.274+0000] {sql.py:384} INFO - Rows affected: 1
[2023-05-08T15:49:17.281+0000] {base.py:73} INFO - Using connection ID '***' for task execution.
[2023-05-08T15:49:17.288+0000] {sql.py:375} INFO - Running statement: INSERT INTO artist_dim (artist_name,artist_id,genre) VALUES (%s,%s,%s) ON CONFLICT (artist_id) DO UPDATE SET artist_name=EXCLUDED.artist_name,artist_id=EXCLUDED.artist_id,genre=EXCLUDED.genre, parameters: ('nothing,nowhere.', '7FngGIEGgN3Iwauw1MvO4P', 'cloud rap')
[2023-05-08T15:49:17.291+0000] {sql.py:384} INFO - Rows affected: 1
[2023-05-08T15:49:17.297+0000] {base.py:73} INFO - Using connection ID '***' for task execution.
[2023-05-08T15:49:17.304+0000] {sql.py:375} INFO - Running statement: INSERT INTO artist_dim (artist_name,artist_id,genre) VALUES (%s,%s,%s) ON CONFLICT (artist_id) DO UPDATE SET artist_name=EXCLUDED.artist_name,artist_id=EXCLUDED.artist_id,genre=EXCLUDED.genre, parameters: ('brakence', '4kqFrZkeqDfOIEqTWqbOOV', 'glitchcore')
[2023-05-08T15:49:17.306+0000] {sql.py:384} INFO - Rows affected: 1
[2023-05-08T15:49:17.312+0000] {base.py:73} INFO - Using connection ID '***' for task execution.
[2023-05-08T15:49:17.320+0000] {sql.py:375} INFO - Running statement: INSERT INTO artist_dim (artist_name,artist_id,genre) VALUES (%s,%s,%s) ON CONFLICT (artist_id) DO UPDATE SET artist_name=EXCLUDED.artist_name,artist_id=EXCLUDED.artist_id,genre=EXCLUDED.genre, parameters: ('Marco Luka', '4tjqHer0BFQbJ1FVyWhffM', nan)
[2023-05-08T15:49:17.321+0000] {sql.py:384} INFO - Rows affected: 1
[2023-05-08T15:49:17.328+0000] {base.py:73} INFO - Using connection ID '***' for task execution.
[2023-05-08T15:49:17.336+0000] {sql.py:375} INFO - Running statement: INSERT INTO artist_dim (artist_name,artist_id,genre) VALUES (%s,%s,%s) ON CONFLICT (artist_id) DO UPDATE SET artist_name=EXCLUDED.artist_name,artist_id=EXCLUDED.artist_id,genre=EXCLUDED.genre, parameters: ('Sky', '62UdSpLGWjDU75OAFKLxWV', nan)
[2023-05-08T15:49:17.337+0000] {sql.py:384} INFO - Rows affected: 1
[2023-05-08T15:49:17.344+0000] {base.py:73} INFO - Using connection ID '***' for task execution.
[2023-05-08T15:49:17.353+0000] {sql.py:375} INFO - Running statement: INSERT INTO artist_dim (artist_name,artist_id,genre) VALUES (%s,%s,%s) ON CONFLICT (artist_id) DO UPDATE SET artist_name=EXCLUDED.artist_name,artist_id=EXCLUDED.artist_id,genre=EXCLUDED.genre, parameters: ('abbot', '0Ro9LZA0sRl1FG66KgsA1u', nan)
[2023-05-08T15:49:17.356+0000] {sql.py:384} INFO - Rows affected: 1
[2023-05-08T15:49:17.363+0000] {base.py:73} INFO - Using connection ID '***' for task execution.
[2023-05-08T15:49:17.370+0000] {sql.py:375} INFO - Running statement: INSERT INTO artist_dim (artist_name,artist_id,genre) VALUES (%s,%s,%s) ON CONFLICT (artist_id) DO UPDATE SET artist_name=EXCLUDED.artist_name,artist_id=EXCLUDED.artist_id,genre=EXCLUDED.genre, parameters: ('guardin', '6zqcGQ6MH6yetBUoquMnL7', 'cloud rap')
[2023-05-08T15:49:17.372+0000] {sql.py:384} INFO - Rows affected: 1
[2023-05-08T15:49:17.379+0000] {base.py:73} INFO - Using connection ID '***' for task execution.
[2023-05-08T15:49:17.387+0000] {sql.py:375} INFO - Running statement: INSERT INTO artist_dim (artist_name,artist_id,genre) VALUES (%s,%s,%s) ON CONFLICT (artist_id) DO UPDATE SET artist_name=EXCLUDED.artist_name,artist_id=EXCLUDED.artist_id,genre=EXCLUDED.genre, parameters: ('gravehours', '5cwtCGap3COvJNt1yineor', nan)
[2023-05-08T15:49:17.389+0000] {sql.py:384} INFO - Rows affected: 1
[2023-05-08T15:49:17.396+0000] {base.py:73} INFO - Using connection ID '***' for task execution.
[2023-05-08T15:49:17.405+0000] {sql.py:375} INFO - Running statement: INSERT INTO artist_dim (artist_name,artist_id,genre) VALUES (%s,%s,%s) ON CONFLICT (artist_id) DO UPDATE SET artist_name=EXCLUDED.artist_name,artist_id=EXCLUDED.artist_id,genre=EXCLUDED.genre, parameters: ('50landing', '5aTRa02UP1y6PW5klZiTt0', nan)
[2023-05-08T15:49:17.407+0000] {sql.py:384} INFO - Rows affected: 1
[2023-05-08T15:49:17.413+0000] {base.py:73} INFO - Using connection ID '***' for task execution.
[2023-05-08T15:49:17.420+0000] {sql.py:375} INFO - Running statement: INSERT INTO artist_dim (artist_name,artist_id,genre) VALUES (%s,%s,%s) ON CONFLICT (artist_id) DO UPDATE SET artist_name=EXCLUDED.artist_name,artist_id=EXCLUDED.artist_id,genre=EXCLUDED.genre, parameters: ('Atlas in Motion', '1N9JxmOPJqhMCw219uoEi8', nan)
[2023-05-08T15:49:17.422+0000] {sql.py:384} INFO - Rows affected: 1
[2023-05-08T15:49:17.428+0000] {base.py:73} INFO - Using connection ID '***' for task execution.
[2023-05-08T15:49:17.439+0000] {sql.py:375} INFO - Running statement: INSERT INTO artist_dim (artist_name,artist_id,genre) VALUES (%s,%s,%s) ON CONFLICT (artist_id) DO UPDATE SET artist_name=EXCLUDED.artist_name,artist_id=EXCLUDED.artist_id,genre=EXCLUDED.genre, parameters: ('93FEETOFSMOKE', '0plNgbIlOc13T8ot3vyK79', 'cloud rap')
[2023-05-08T15:49:17.441+0000] {sql.py:384} INFO - Rows affected: 1
[2023-05-08T15:49:17.447+0000] {base.py:73} INFO - Using connection ID '***' for task execution.
[2023-05-08T15:49:17.454+0000] {sql.py:375} INFO - Running statement: INSERT INTO artist_dim (artist_name,artist_id,genre) VALUES (%s,%s,%s) ON CONFLICT (artist_id) DO UPDATE SET artist_name=EXCLUDED.artist_name,artist_id=EXCLUDED.artist_id,genre=EXCLUDED.genre, parameters: ('brody', '0t7bbGUdyq3urfDddwXhdY', 'emo rap')
[2023-05-08T15:49:17.456+0000] {sql.py:384} INFO - Rows affected: 1
[2023-05-08T15:49:17.463+0000] {base.py:73} INFO - Using connection ID '***' for task execution.
[2023-05-08T15:49:17.469+0000] {sql.py:375} INFO - Running statement: INSERT INTO artist_dim (artist_name,artist_id,genre) VALUES (%s,%s,%s) ON CONFLICT (artist_id) DO UPDATE SET artist_name=EXCLUDED.artist_name,artist_id=EXCLUDED.artist_id,genre=EXCLUDED.genre, parameters: ('Roderick Porter', '7Lcln0AXqNHMahrca8KVpy', 'aesthetic rap')
[2023-05-08T15:49:17.470+0000] {sql.py:384} INFO - Rows affected: 1
[2023-05-08T15:49:17.477+0000] {base.py:73} INFO - Using connection ID '***' for task execution.
[2023-05-08T15:49:17.482+0000] {sql.py:375} INFO - Running statement: INSERT INTO artist_dim (artist_name,artist_id,genre) VALUES (%s,%s,%s) ON CONFLICT (artist_id) DO UPDATE SET artist_name=EXCLUDED.artist_name,artist_id=EXCLUDED.artist_id,genre=EXCLUDED.genre, parameters: ('SypSki', '3XOHHfvBYKCMo1h0DFY27z', nan)
[2023-05-08T15:49:17.484+0000] {sql.py:384} INFO - Rows affected: 1
[2023-05-08T15:49:17.490+0000] {base.py:73} INFO - Using connection ID '***' for task execution.
[2023-05-08T15:49:17.497+0000] {sql.py:375} INFO - Running statement: INSERT INTO artist_dim (artist_name,artist_id,genre) VALUES (%s,%s,%s) ON CONFLICT (artist_id) DO UPDATE SET artist_name=EXCLUDED.artist_name,artist_id=EXCLUDED.artist_id,genre=EXCLUDED.genre, parameters: ('raspy', '1trffosn0Alk3IlloOD5O8', 'pittsburgh rap')
[2023-05-08T15:49:17.498+0000] {sql.py:384} INFO - Rows affected: 1
[2023-05-08T15:49:17.505+0000] {base.py:73} INFO - Using connection ID '***' for task execution.
[2023-05-08T15:49:17.511+0000] {sql.py:375} INFO - Running statement: INSERT INTO artist_dim (artist_name,artist_id,genre) VALUES (%s,%s,%s) ON CONFLICT (artist_id) DO UPDATE SET artist_name=EXCLUDED.artist_name,artist_id=EXCLUDED.artist_id,genre=EXCLUDED.genre, parameters: ('Landon Cube', '04ei5kNgmDuNAydFhhIHnD', 'vapor trap')
[2023-05-08T15:49:17.514+0000] {sql.py:384} INFO - Rows affected: 1
[2023-05-08T15:49:17.520+0000] {base.py:73} INFO - Using connection ID '***' for task execution.
[2023-05-08T15:49:17.526+0000] {sql.py:375} INFO - Running statement: INSERT INTO artist_dim (artist_name,artist_id,genre) VALUES (%s,%s,%s) ON CONFLICT (artist_id) DO UPDATE SET artist_name=EXCLUDED.artist_name,artist_id=EXCLUDED.artist_id,genre=EXCLUDED.genre, parameters: ('Oliver Francis', '0WvTK38rXqPCD5pZMDuX20', 'cloud rap')
[2023-05-08T15:49:17.527+0000] {sql.py:384} INFO - Rows affected: 1
[2023-05-08T15:49:17.533+0000] {base.py:73} INFO - Using connection ID '***' for task execution.
[2023-05-08T15:49:17.541+0000] {sql.py:375} INFO - Running statement: INSERT INTO artist_dim (artist_name,artist_id,genre) VALUES (%s,%s,%s) ON CONFLICT (artist_id) DO UPDATE SET artist_name=EXCLUDED.artist_name,artist_id=EXCLUDED.artist_id,genre=EXCLUDED.genre, parameters: ('Aries', '3hOdow4ZPmrby7Q1wfPLEy', nan)
[2023-05-08T15:49:17.543+0000] {sql.py:384} INFO - Rows affected: 1
[2023-05-08T15:49:17.550+0000] {base.py:73} INFO - Using connection ID '***' for task execution.
[2023-05-08T15:49:17.557+0000] {sql.py:375} INFO - Running statement: INSERT INTO artist_dim (artist_name,artist_id,genre) VALUES (%s,%s,%s) ON CONFLICT (artist_id) DO UPDATE SET artist_name=EXCLUDED.artist_name,artist_id=EXCLUDED.artist_id,genre=EXCLUDED.genre, parameters: ('elias', '7eRBEVzcZk4XyIdF0Btfg4', 'lo-fi rap')
[2023-05-08T15:49:17.559+0000] {sql.py:384} INFO - Rows affected: 1
[2023-05-08T15:49:17.565+0000] {base.py:73} INFO - Using connection ID '***' for task execution.
[2023-05-08T15:49:17.572+0000] {sql.py:375} INFO - Running statement: INSERT INTO artist_dim (artist_name,artist_id,genre) VALUES (%s,%s,%s) ON CONFLICT (artist_id) DO UPDATE SET artist_name=EXCLUDED.artist_name,artist_id=EXCLUDED.artist_id,genre=EXCLUDED.genre, parameters: ('MostlyEverything', '3Ae7AQITxFS0r3yGQHYDJI', 'upstate ny rap')
[2023-05-08T15:49:17.574+0000] {sql.py:384} INFO - Rows affected: 1
[2023-05-08T15:49:17.580+0000] {base.py:73} INFO - Using connection ID '***' for task execution.
[2023-05-08T15:49:17.588+0000] {sql.py:375} INFO - Running statement: INSERT INTO artist_dim (artist_name,artist_id,genre) VALUES (%s,%s,%s) ON CONFLICT (artist_id) DO UPDATE SET artist_name=EXCLUDED.artist_name,artist_id=EXCLUDED.artist_id,genre=EXCLUDED.genre, parameters: ('Foreign Forest', '7C4ztJMkuGRy0qkU6dG5hU', 'emo rap')
[2023-05-08T15:49:17.590+0000] {sql.py:384} INFO - Rows affected: 1
[2023-05-08T15:49:17.596+0000] {base.py:73} INFO - Using connection ID '***' for task execution.
[2023-05-08T15:49:17.602+0000] {sql.py:375} INFO - Running statement: INSERT INTO artist_dim (artist_name,artist_id,genre) VALUES (%s,%s,%s) ON CONFLICT (artist_id) DO UPDATE SET artist_name=EXCLUDED.artist_name,artist_id=EXCLUDED.artist_id,genre=EXCLUDED.genre, parameters: ('Ashes', '0vUk0rbl0BkFjmeFvjOvoj', nan)
[2023-05-08T15:49:17.604+0000] {sql.py:384} INFO - Rows affected: 1
[2023-05-08T15:49:17.610+0000] {base.py:73} INFO - Using connection ID '***' for task execution.
[2023-05-08T15:49:17.616+0000] {sql.py:375} INFO - Running statement: INSERT INTO artist_dim (artist_name,artist_id,genre) VALUES (%s,%s,%s) ON CONFLICT (artist_id) DO UPDATE SET artist_name=EXCLUDED.artist_name,artist_id=EXCLUDED.artist_id,genre=EXCLUDED.genre, parameters: ('blackbear', '2cFrymmkijnjDg9SS92EPM', 'alt z')
[2023-05-08T15:49:17.619+0000] {sql.py:384} INFO - Rows affected: 1
[2023-05-08T15:49:17.625+0000] {base.py:73} INFO - Using connection ID '***' for task execution.
[2023-05-08T15:49:17.631+0000] {sql.py:375} INFO - Running statement: INSERT INTO artist_dim (artist_name,artist_id,genre) VALUES (%s,%s,%s) ON CONFLICT (artist_id) DO UPDATE SET artist_name=EXCLUDED.artist_name,artist_id=EXCLUDED.artist_id,genre=EXCLUDED.genre, parameters: ('6 Dogs', '3Ps6le7tj5BdNtdnfNgTU4', 'cloud rap')
[2023-05-08T15:49:17.632+0000] {sql.py:384} INFO - Rows affected: 1
[2023-05-08T15:49:17.638+0000] {base.py:73} INFO - Using connection ID '***' for task execution.
[2023-05-08T15:49:17.645+0000] {sql.py:375} INFO - Running statement: INSERT INTO artist_dim (artist_name,artist_id,genre) VALUES (%s,%s,%s) ON CONFLICT (artist_id) DO UPDATE SET artist_name=EXCLUDED.artist_name,artist_id=EXCLUDED.artist_id,genre=EXCLUDED.genre, parameters: ('Pretty Pacc', '2QuPPChZpqAai29uqulNFe', nan)
[2023-05-08T15:49:17.647+0000] {sql.py:384} INFO - Rows affected: 1
[2023-05-08T15:49:17.653+0000] {base.py:73} INFO - Using connection ID '***' for task execution.
[2023-05-08T15:49:17.660+0000] {sql.py:375} INFO - Running statement: INSERT INTO artist_dim (artist_name,artist_id,genre) VALUES (%s,%s,%s) ON CONFLICT (artist_id) DO UPDATE SET artist_name=EXCLUDED.artist_name,artist_id=EXCLUDED.artist_id,genre=EXCLUDED.genre, parameters: ('SAIAH', '5ZPYeVqoWNuukwfarvkyJX', nan)
[2023-05-08T15:49:17.661+0000] {sql.py:384} INFO - Rows affected: 1
[2023-05-08T15:49:17.668+0000] {base.py:73} INFO - Using connection ID '***' for task execution.
[2023-05-08T15:49:17.674+0000] {sql.py:375} INFO - Running statement: INSERT INTO artist_dim (artist_name,artist_id,genre) VALUES (%s,%s,%s) ON CONFLICT (artist_id) DO UPDATE SET artist_name=EXCLUDED.artist_name,artist_id=EXCLUDED.artist_id,genre=EXCLUDED.genre, parameters: ('Lucy Fer', '0BxHc5dN9BSfLZ8PCch9wT', nan)
[2023-05-08T15:49:17.675+0000] {sql.py:384} INFO - Rows affected: 1
[2023-05-08T15:49:17.682+0000] {base.py:73} INFO - Using connection ID '***' for task execution.
[2023-05-08T15:49:17.689+0000] {sql.py:375} INFO - Running statement: INSERT INTO artist_dim (artist_name,artist_id,genre) VALUES (%s,%s,%s) ON CONFLICT (artist_id) DO UPDATE SET artist_name=EXCLUDED.artist_name,artist_id=EXCLUDED.artist_id,genre=EXCLUDED.genre, parameters: ('Sleepa', '1iT8Vbd7KhZiBji3G72zDW', nan)
[2023-05-08T15:49:17.692+0000] {sql.py:384} INFO - Rows affected: 1
[2023-05-08T15:49:17.698+0000] {base.py:73} INFO - Using connection ID '***' for task execution.
[2023-05-08T15:49:17.704+0000] {sql.py:375} INFO - Running statement: INSERT INTO artist_dim (artist_name,artist_id,genre) VALUES (%s,%s,%s) ON CONFLICT (artist_id) DO UPDATE SET artist_name=EXCLUDED.artist_name,artist_id=EXCLUDED.artist_id,genre=EXCLUDED.genre, parameters: ('glaive', '4cJKDGSv4Dz9QycXYmo565', 'glitchcore')
[2023-05-08T15:49:17.706+0000] {sql.py:384} INFO - Rows affected: 1
[2023-05-08T15:49:17.712+0000] {base.py:73} INFO - Using connection ID '***' for task execution.
[2023-05-08T15:49:17.718+0000] {sql.py:375} INFO - Running statement: INSERT INTO artist_dim (artist_name,artist_id,genre) VALUES (%s,%s,%s) ON CONFLICT (artist_id) DO UPDATE SET artist_name=EXCLUDED.artist_name,artist_id=EXCLUDED.artist_id,genre=EXCLUDED.genre, parameters: ('kaido', '0UENogXhLeGTZjub4eejjX', 'hyperpop')
[2023-05-08T15:49:17.719+0000] {sql.py:384} INFO - Rows affected: 1
[2023-05-08T15:49:17.725+0000] {base.py:73} INFO - Using connection ID '***' for task execution.
[2023-05-08T15:49:17.731+0000] {sql.py:375} INFO - Running statement: INSERT INTO artist_dim (artist_name,artist_id,genre) VALUES (%s,%s,%s) ON CONFLICT (artist_id) DO UPDATE SET artist_name=EXCLUDED.artist_name,artist_id=EXCLUDED.artist_id,genre=EXCLUDED.genre, parameters: ('kurtains', '7b2FbxYmnpGMPqDe04QmyP', 'emoplugg')
[2023-05-08T15:49:17.733+0000] {sql.py:384} INFO - Rows affected: 1
[2023-05-08T15:49:17.739+0000] {base.py:73} INFO - Using connection ID '***' for task execution.
[2023-05-08T15:49:17.746+0000] {sql.py:375} INFO - Running statement: INSERT INTO artist_dim (artist_name,artist_id,genre) VALUES (%s,%s,%s) ON CONFLICT (artist_id) DO UPDATE SET artist_name=EXCLUDED.artist_name,artist_id=EXCLUDED.artist_id,genre=EXCLUDED.genre, parameters: ('Numl6ck', '2anlj4dNUn9I1VxxmjRHRx', 'glitchcore')
[2023-05-08T15:49:17.747+0000] {sql.py:384} INFO - Rows affected: 1
[2023-05-08T15:49:17.753+0000] {base.py:73} INFO - Using connection ID '***' for task execution.
[2023-05-08T15:49:17.759+0000] {sql.py:375} INFO - Running statement: INSERT INTO artist_dim (artist_name,artist_id,genre) VALUES (%s,%s,%s) ON CONFLICT (artist_id) DO UPDATE SET artist_name=EXCLUDED.artist_name,artist_id=EXCLUDED.artist_id,genre=EXCLUDED.genre, parameters: ('Deadman Era', '4FI4qPOnjt3D8DnJQrNWps', nan)
[2023-05-08T15:49:17.761+0000] {sql.py:384} INFO - Rows affected: 1
[2023-05-08T15:49:17.767+0000] {base.py:73} INFO - Using connection ID '***' for task execution.
[2023-05-08T15:49:17.773+0000] {sql.py:375} INFO - Running statement: INSERT INTO artist_dim (artist_name,artist_id,genre) VALUES (%s,%s,%s) ON CONFLICT (artist_id) DO UPDATE SET artist_name=EXCLUDED.artist_name,artist_id=EXCLUDED.artist_id,genre=EXCLUDED.genre, parameters: ('Lund', '5uLkZ7FWMTBUg1corQqdkR', 'cloud rap')
[2023-05-08T15:49:17.775+0000] {sql.py:384} INFO - Rows affected: 1
[2023-05-08T15:49:17.781+0000] {base.py:73} INFO - Using connection ID '***' for task execution.
[2023-05-08T15:49:17.787+0000] {sql.py:375} INFO - Running statement: INSERT INTO artist_dim (artist_name,artist_id,genre) VALUES (%s,%s,%s) ON CONFLICT (artist_id) DO UPDATE SET artist_name=EXCLUDED.artist_name,artist_id=EXCLUDED.artist_id,genre=EXCLUDED.genre, parameters: ('Lil Cobaine', '0ILo2K3FmfIh4ICcbHE7RK', nan)
[2023-05-08T15:49:17.789+0000] {sql.py:384} INFO - Rows affected: 1
[2023-05-08T15:49:17.795+0000] {base.py:73} INFO - Using connection ID '***' for task execution.
[2023-05-08T15:49:17.801+0000] {sql.py:375} INFO - Running statement: INSERT INTO artist_dim (artist_name,artist_id,genre) VALUES (%s,%s,%s) ON CONFLICT (artist_id) DO UPDATE SET artist_name=EXCLUDED.artist_name,artist_id=EXCLUDED.artist_id,genre=EXCLUDED.genre, parameters: ('ilham', '0r7PsZB4ePA6vHrW4agoGN', nan)
[2023-05-08T15:49:17.803+0000] {sql.py:384} INFO - Rows affected: 1
[2023-05-08T15:49:17.809+0000] {base.py:73} INFO - Using connection ID '***' for task execution.
[2023-05-08T15:49:17.815+0000] {sql.py:375} INFO - Running statement: INSERT INTO artist_dim (artist_name,artist_id,genre) VALUES (%s,%s,%s) ON CONFLICT (artist_id) DO UPDATE SET artist_name=EXCLUDED.artist_name,artist_id=EXCLUDED.artist_id,genre=EXCLUDED.genre, parameters: ('Angelo Mota', '1PpFka2STGQ57kJcgYBgEF', 'indie hip hop')
[2023-05-08T15:49:17.817+0000] {sql.py:384} INFO - Rows affected: 1
[2023-05-08T15:49:17.823+0000] {base.py:73} INFO - Using connection ID '***' for task execution.
[2023-05-08T15:49:17.830+0000] {sql.py:375} INFO - Running statement: INSERT INTO artist_dim (artist_name,artist_id,genre) VALUES (%s,%s,%s) ON CONFLICT (artist_id) DO UPDATE SET artist_name=EXCLUDED.artist_name,artist_id=EXCLUDED.artist_id,genre=EXCLUDED.genre, parameters: ('Xuitcasecity', '6YxrfNCKBcQlbITpmDLErL', 'indie pop rap')
[2023-05-08T15:49:17.831+0000] {sql.py:384} INFO - Rows affected: 1
[2023-05-08T15:49:17.838+0000] {base.py:73} INFO - Using connection ID '***' for task execution.
[2023-05-08T15:49:17.844+0000] {sql.py:375} INFO - Running statement: INSERT INTO artist_dim (artist_name,artist_id,genre) VALUES (%s,%s,%s) ON CONFLICT (artist_id) DO UPDATE SET artist_name=EXCLUDED.artist_name,artist_id=EXCLUDED.artist_id,genre=EXCLUDED.genre, parameters: ('benny mayne', '2R2Yg2qPloNOTOfqxfXX7l', 'canadian contemporary r&b')
[2023-05-08T15:49:17.847+0000] {sql.py:384} INFO - Rows affected: 1
[2023-05-08T15:49:17.853+0000] {base.py:73} INFO - Using connection ID '***' for task execution.
[2023-05-08T15:49:17.858+0000] {sql.py:375} INFO - Running statement: INSERT INTO artist_dim (artist_name,artist_id,genre) VALUES (%s,%s,%s) ON CONFLICT (artist_id) DO UPDATE SET artist_name=EXCLUDED.artist_name,artist_id=EXCLUDED.artist_id,genre=EXCLUDED.genre, parameters: ('Isekai', '4yOY5zmuuTlS1DbG3yZGki', nan)
[2023-05-08T15:49:17.860+0000] {sql.py:384} INFO - Rows affected: 1
[2023-05-08T15:49:17.866+0000] {base.py:73} INFO - Using connection ID '***' for task execution.
[2023-05-08T15:49:17.872+0000] {sql.py:375} INFO - Running statement: INSERT INTO artist_dim (artist_name,artist_id,genre) VALUES (%s,%s,%s) ON CONFLICT (artist_id) DO UPDATE SET artist_name=EXCLUDED.artist_name,artist_id=EXCLUDED.artist_id,genre=EXCLUDED.genre, parameters: ('Lil Rae', '7iVscW49OWowl9SoLmWzfy', nan)
[2023-05-08T15:49:17.874+0000] {sql.py:384} INFO - Rows affected: 1
[2023-05-08T15:49:17.880+0000] {base.py:73} INFO - Using connection ID '***' for task execution.
[2023-05-08T15:49:17.886+0000] {sql.py:375} INFO - Running statement: INSERT INTO artist_dim (artist_name,artist_id,genre) VALUES (%s,%s,%s) ON CONFLICT (artist_id) DO UPDATE SET artist_name=EXCLUDED.artist_name,artist_id=EXCLUDED.artist_id,genre=EXCLUDED.genre, parameters: ('916frosty', '6c0lj01vVpHsCH7Z5CfJ9K', 'emo rap')
[2023-05-08T15:49:17.887+0000] {sql.py:384} INFO - Rows affected: 1
[2023-05-08T15:49:17.894+0000] {base.py:73} INFO - Using connection ID '***' for task execution.
[2023-05-08T15:49:17.900+0000] {sql.py:375} INFO - Running statement: INSERT INTO artist_dim (artist_name,artist_id,genre) VALUES (%s,%s,%s) ON CONFLICT (artist_id) DO UPDATE SET artist_name=EXCLUDED.artist_name,artist_id=EXCLUDED.artist_id,genre=EXCLUDED.genre, parameters: ('COTIS', '63CZNEytugjFnZBdjBmWc8', 'canadian contemporary r&b')
[2023-05-08T15:49:17.901+0000] {sql.py:384} INFO - Rows affected: 1
[2023-05-08T15:49:17.908+0000] {base.py:73} INFO - Using connection ID '***' for task execution.
[2023-05-08T15:49:17.914+0000] {sql.py:375} INFO - Running statement: INSERT INTO artist_dim (artist_name,artist_id,genre) VALUES (%s,%s,%s) ON CONFLICT (artist_id) DO UPDATE SET artist_name=EXCLUDED.artist_name,artist_id=EXCLUDED.artist_id,genre=EXCLUDED.genre, parameters: ('diveliner', '0be7y7HUvSBf8uG1X7pK8f', nan)
[2023-05-08T15:49:17.915+0000] {sql.py:384} INFO - Rows affected: 1
[2023-05-08T15:49:17.922+0000] {base.py:73} INFO - Using connection ID '***' for task execution.
[2023-05-08T15:49:17.928+0000] {sql.py:375} INFO - Running statement: INSERT INTO artist_dim (artist_name,artist_id,genre) VALUES (%s,%s,%s) ON CONFLICT (artist_id) DO UPDATE SET artist_name=EXCLUDED.artist_name,artist_id=EXCLUDED.artist_id,genre=EXCLUDED.genre, parameters: ('Young Lungs', '2trvlbfMS5zVozEmrFNDTJ', 'canadian hip hop')
[2023-05-08T15:49:17.930+0000] {sql.py:384} INFO - Rows affected: 1
[2023-05-08T15:49:17.937+0000] {base.py:73} INFO - Using connection ID '***' for task execution.
[2023-05-08T15:49:17.944+0000] {sql.py:375} INFO - Running statement: INSERT INTO artist_dim (artist_name,artist_id,genre) VALUES (%s,%s,%s) ON CONFLICT (artist_id) DO UPDATE SET artist_name=EXCLUDED.artist_name,artist_id=EXCLUDED.artist_id,genre=EXCLUDED.genre, parameters: ('Darko', '63dmB3SM4vOZ8rK1EX5IkU', 'sad rap')
[2023-05-08T15:49:17.946+0000] {sql.py:384} INFO - Rows affected: 1
[2023-05-08T15:49:17.952+0000] {base.py:73} INFO - Using connection ID '***' for task execution.
[2023-05-08T15:49:17.959+0000] {sql.py:375} INFO - Running statement: INSERT INTO artist_dim (artist_name,artist_id,genre) VALUES (%s,%s,%s) ON CONFLICT (artist_id) DO UPDATE SET artist_name=EXCLUDED.artist_name,artist_id=EXCLUDED.artist_id,genre=EXCLUDED.genre, parameters: ('24kGoldn', '6fWVd57NKTalqvmjRd2t8Z', 'cali rap')
[2023-05-08T15:49:17.960+0000] {sql.py:384} INFO - Rows affected: 1
[2023-05-08T15:49:17.966+0000] {base.py:73} INFO - Using connection ID '***' for task execution.
[2023-05-08T15:49:17.973+0000] {sql.py:375} INFO - Running statement: INSERT INTO artist_dim (artist_name,artist_id,genre) VALUES (%s,%s,%s) ON CONFLICT (artist_id) DO UPDATE SET artist_name=EXCLUDED.artist_name,artist_id=EXCLUDED.artist_id,genre=EXCLUDED.genre, parameters: ('convolk', '3ddT1Q3KQAm1G7UcIfz5KJ', 'cloud rap')
[2023-05-08T15:49:17.974+0000] {sql.py:384} INFO - Rows affected: 1
[2023-05-08T15:49:17.980+0000] {base.py:73} INFO - Using connection ID '***' for task execution.
[2023-05-08T15:49:17.987+0000] {sql.py:375} INFO - Running statement: INSERT INTO artist_dim (artist_name,artist_id,genre) VALUES (%s,%s,%s) ON CONFLICT (artist_id) DO UPDATE SET artist_name=EXCLUDED.artist_name,artist_id=EXCLUDED.artist_id,genre=EXCLUDED.genre, parameters: ('Sevant', '47SwNXPh17mIDcZwsCr6hX', nan)
[2023-05-08T15:49:17.989+0000] {sql.py:384} INFO - Rows affected: 1
[2023-05-08T15:49:17.995+0000] {base.py:73} INFO - Using connection ID '***' for task execution.
[2023-05-08T15:49:18.002+0000] {sql.py:375} INFO - Running statement: INSERT INTO artist_dim (artist_name,artist_id,genre) VALUES (%s,%s,%s) ON CONFLICT (artist_id) DO UPDATE SET artist_name=EXCLUDED.artist_name,artist_id=EXCLUDED.artist_id,genre=EXCLUDED.genre, parameters: ('Lui Joseph', '7MS7B4QRp1n6c5H8N7s3wB', 'sad rap')
[2023-05-08T15:49:18.005+0000] {sql.py:384} INFO - Rows affected: 1
[2023-05-08T15:49:18.011+0000] {base.py:73} INFO - Using connection ID '***' for task execution.
[2023-05-08T15:49:18.018+0000] {sql.py:375} INFO - Running statement: INSERT INTO artist_dim (artist_name,artist_id,genre) VALUES (%s,%s,%s) ON CONFLICT (artist_id) DO UPDATE SET artist_name=EXCLUDED.artist_name,artist_id=EXCLUDED.artist_id,genre=EXCLUDED.genre, parameters: ('Josh Golden', '6wUAn24MOirNVNqQM47fda', 'la pop')
[2023-05-08T15:49:18.019+0000] {sql.py:384} INFO - Rows affected: 1
[2023-05-08T15:49:18.026+0000] {base.py:73} INFO - Using connection ID '***' for task execution.
[2023-05-08T15:49:18.033+0000] {sql.py:375} INFO - Running statement: INSERT INTO artist_dim (artist_name,artist_id,genre) VALUES (%s,%s,%s) ON CONFLICT (artist_id) DO UPDATE SET artist_name=EXCLUDED.artist_name,artist_id=EXCLUDED.artist_id,genre=EXCLUDED.genre, parameters: ('ATO', '4KoNbDwbCK9D04dSmYG93E', nan)
[2023-05-08T15:49:18.034+0000] {sql.py:384} INFO - Rows affected: 1
[2023-05-08T15:49:18.041+0000] {base.py:73} INFO - Using connection ID '***' for task execution.
[2023-05-08T15:49:18.047+0000] {sql.py:375} INFO - Running statement: INSERT INTO artist_dim (artist_name,artist_id,genre) VALUES (%s,%s,%s) ON CONFLICT (artist_id) DO UPDATE SET artist_name=EXCLUDED.artist_name,artist_id=EXCLUDED.artist_id,genre=EXCLUDED.genre, parameters: ('Felly', '2848adRcxvgWNRcz1g1tQD', 'indie pop rap')
[2023-05-08T15:49:18.049+0000] {sql.py:384} INFO - Rows affected: 1
[2023-05-08T15:49:18.055+0000] {base.py:73} INFO - Using connection ID '***' for task execution.
[2023-05-08T15:49:18.062+0000] {sql.py:375} INFO - Running statement: INSERT INTO artist_dim (artist_name,artist_id,genre) VALUES (%s,%s,%s) ON CONFLICT (artist_id) DO UPDATE SET artist_name=EXCLUDED.artist_name,artist_id=EXCLUDED.artist_id,genre=EXCLUDED.genre, parameters: ('RIZ LA VIE', '0QkgnHpxSCOYdTnhUR9S5k', 'bedroom soul')
[2023-05-08T15:49:18.063+0000] {sql.py:384} INFO - Rows affected: 1
[2023-05-08T15:49:18.069+0000] {base.py:73} INFO - Using connection ID '***' for task execution.
[2023-05-08T15:49:18.076+0000] {sql.py:375} INFO - Running statement: INSERT INTO artist_dim (artist_name,artist_id,genre) VALUES (%s,%s,%s) ON CONFLICT (artist_id) DO UPDATE SET artist_name=EXCLUDED.artist_name,artist_id=EXCLUDED.artist_id,genre=EXCLUDED.genre, parameters: ('Tommy Ice', '3AUIYVmhwrsw8UOPHEv91Z', 'emo rap')
[2023-05-08T15:49:18.078+0000] {sql.py:384} INFO - Rows affected: 1
[2023-05-08T15:49:18.084+0000] {base.py:73} INFO - Using connection ID '***' for task execution.
[2023-05-08T15:49:18.091+0000] {sql.py:375} INFO - Running statement: INSERT INTO artist_dim (artist_name,artist_id,genre) VALUES (%s,%s,%s) ON CONFLICT (artist_id) DO UPDATE SET artist_name=EXCLUDED.artist_name,artist_id=EXCLUDED.artist_id,genre=EXCLUDED.genre, parameters: ('Andrew Spacey', '71EAlWYAa5jb4phZIOlp7u', 'st louis rap')
[2023-05-08T15:49:18.093+0000] {sql.py:384} INFO - Rows affected: 1
[2023-05-08T15:49:18.099+0000] {base.py:73} INFO - Using connection ID '***' for task execution.
[2023-05-08T15:49:18.108+0000] {sql.py:375} INFO - Running statement: INSERT INTO artist_dim (artist_name,artist_id,genre) VALUES (%s,%s,%s) ON CONFLICT (artist_id) DO UPDATE SET artist_name=EXCLUDED.artist_name,artist_id=EXCLUDED.artist_id,genre=EXCLUDED.genre, parameters: ('aldn', '2GUw9Wzha61PkZoRVv1PDD', 'glitchcore')
[2023-05-08T15:49:18.110+0000] {sql.py:384} INFO - Rows affected: 1
[2023-05-08T15:49:18.116+0000] {base.py:73} INFO - Using connection ID '***' for task execution.
[2023-05-08T15:49:18.122+0000] {sql.py:375} INFO - Running statement: INSERT INTO artist_dim (artist_name,artist_id,genre) VALUES (%s,%s,%s) ON CONFLICT (artist_id) DO UPDATE SET artist_name=EXCLUDED.artist_name,artist_id=EXCLUDED.artist_id,genre=EXCLUDED.genre, parameters: ('RONEN', '3wDeS1sr05fxaOeiJJrOnL', 'aesthetic rap')
[2023-05-08T15:49:18.124+0000] {sql.py:384} INFO - Rows affected: 1
[2023-05-08T15:49:18.130+0000] {base.py:73} INFO - Using connection ID '***' for task execution.
[2023-05-08T15:49:18.137+0000] {sql.py:375} INFO - Running statement: INSERT INTO artist_dim (artist_name,artist_id,genre) VALUES (%s,%s,%s) ON CONFLICT (artist_id) DO UPDATE SET artist_name=EXCLUDED.artist_name,artist_id=EXCLUDED.artist_id,genre=EXCLUDED.genre, parameters: ('Elroy', '1OP39gZ2SXVnwg4NrARmsu', 'hyperpop')
[2023-05-08T15:49:18.140+0000] {sql.py:384} INFO - Rows affected: 1
[2023-05-08T15:49:18.146+0000] {base.py:73} INFO - Using connection ID '***' for task execution.
[2023-05-08T15:49:18.152+0000] {sql.py:375} INFO - Running statement: INSERT INTO artist_dim (artist_name,artist_id,genre) VALUES (%s,%s,%s) ON CONFLICT (artist_id) DO UPDATE SET artist_name=EXCLUDED.artist_name,artist_id=EXCLUDED.artist_id,genre=EXCLUDED.genre, parameters: ('44phantom', '1vwwjIPFeYoRfAUCqqO6cZ', nan)
[2023-05-08T15:49:18.153+0000] {sql.py:384} INFO - Rows affected: 1
[2023-05-08T15:49:18.159+0000] {base.py:73} INFO - Using connection ID '***' for task execution.
[2023-05-08T15:49:18.165+0000] {sql.py:375} INFO - Running statement: INSERT INTO artist_dim (artist_name,artist_id,genre) VALUES (%s,%s,%s) ON CONFLICT (artist_id) DO UPDATE SET artist_name=EXCLUDED.artist_name,artist_id=EXCLUDED.artist_id,genre=EXCLUDED.genre, parameters: ('Ramzoid', '2Ci3Sflo2BfC77wTwn2hbH', 'future bass')
[2023-05-08T15:49:18.167+0000] {sql.py:384} INFO - Rows affected: 1
[2023-05-08T15:49:18.174+0000] {base.py:73} INFO - Using connection ID '***' for task execution.
[2023-05-08T15:49:18.181+0000] {sql.py:375} INFO - Running statement: INSERT INTO artist_dim (artist_name,artist_id,genre) VALUES (%s,%s,%s) ON CONFLICT (artist_id) DO UPDATE SET artist_name=EXCLUDED.artist_name,artist_id=EXCLUDED.artist_id,genre=EXCLUDED.genre, parameters: ('GOLDHOUSE', '670UISOh9XV1zlq5z5IfoY', 'pop edm')
[2023-05-08T15:49:18.183+0000] {sql.py:384} INFO - Rows affected: 1
[2023-05-08T15:49:18.190+0000] {base.py:73} INFO - Using connection ID '***' for task execution.
[2023-05-08T15:49:18.196+0000] {sql.py:375} INFO - Running statement: INSERT INTO artist_dim (artist_name,artist_id,genre) VALUES (%s,%s,%s) ON CONFLICT (artist_id) DO UPDATE SET artist_name=EXCLUDED.artist_name,artist_id=EXCLUDED.artist_id,genre=EXCLUDED.genre, parameters: ('dying in designer', '3QZxOYl5zlZtfigtXOZsfT', 'emo rap')
[2023-05-08T15:49:18.198+0000] {sql.py:384} INFO - Rows affected: 1
[2023-05-08T15:49:18.205+0000] {base.py:73} INFO - Using connection ID '***' for task execution.
[2023-05-08T15:49:18.211+0000] {sql.py:375} INFO - Running statement: INSERT INTO artist_dim (artist_name,artist_id,genre) VALUES (%s,%s,%s) ON CONFLICT (artist_id) DO UPDATE SET artist_name=EXCLUDED.artist_name,artist_id=EXCLUDED.artist_id,genre=EXCLUDED.genre, parameters: ('Kota the Friend', '2AfU5LYBVCiCtuCCfM7uVX', 'underground hip hop')
[2023-05-08T15:49:18.212+0000] {sql.py:384} INFO - Rows affected: 1
[2023-05-08T15:49:18.220+0000] {base.py:73} INFO - Using connection ID '***' for task execution.
[2023-05-08T15:49:18.227+0000] {sql.py:375} INFO - Running statement: INSERT INTO artist_dim (artist_name,artist_id,genre) VALUES (%s,%s,%s) ON CONFLICT (artist_id) DO UPDATE SET artist_name=EXCLUDED.artist_name,artist_id=EXCLUDED.artist_id,genre=EXCLUDED.genre, parameters: ('Marlon Craft', '7MigDh04CCntQbsBvugEmb', 'nyc rap')
[2023-05-08T15:49:18.228+0000] {sql.py:384} INFO - Rows affected: 1
[2023-05-08T15:49:18.234+0000] {base.py:73} INFO - Using connection ID '***' for task execution.
[2023-05-08T15:49:18.240+0000] {sql.py:375} INFO - Running statement: INSERT INTO artist_dim (artist_name,artist_id,genre) VALUES (%s,%s,%s) ON CONFLICT (artist_id) DO UPDATE SET artist_name=EXCLUDED.artist_name,artist_id=EXCLUDED.artist_id,genre=EXCLUDED.genre, parameters: ('SEBASTIAN PAUL', '1tQu5TjcAK68fx8qrc8ZgF', nan)
[2023-05-08T15:49:18.241+0000] {sql.py:384} INFO - Rows affected: 1
[2023-05-08T15:49:18.248+0000] {base.py:73} INFO - Using connection ID '***' for task execution.
[2023-05-08T15:49:18.254+0000] {sql.py:375} INFO - Running statement: INSERT INTO artist_dim (artist_name,artist_id,genre) VALUES (%s,%s,%s) ON CONFLICT (artist_id) DO UPDATE SET artist_name=EXCLUDED.artist_name,artist_id=EXCLUDED.artist_id,genre=EXCLUDED.genre, parameters: ('Max Wells', '0Kx7qYhFiv0YD5lxEG1nsz', nan)
[2023-05-08T15:49:18.255+0000] {sql.py:384} INFO - Rows affected: 1
[2023-05-08T15:49:18.261+0000] {base.py:73} INFO - Using connection ID '***' for task execution.
[2023-05-08T15:49:18.268+0000] {sql.py:375} INFO - Running statement: INSERT INTO artist_dim (artist_name,artist_id,genre) VALUES (%s,%s,%s) ON CONFLICT (artist_id) DO UPDATE SET artist_name=EXCLUDED.artist_name,artist_id=EXCLUDED.artist_id,genre=EXCLUDED.genre, parameters: ('Gomey', '5ibWbhA0IkPT3xCN0YicRL', nan)
[2023-05-08T15:49:18.269+0000] {sql.py:384} INFO - Rows affected: 1
[2023-05-08T15:49:18.276+0000] {base.py:73} INFO - Using connection ID '***' for task execution.
[2023-05-08T15:49:18.282+0000] {sql.py:375} INFO - Running statement: INSERT INTO artist_dim (artist_name,artist_id,genre) VALUES (%s,%s,%s) ON CONFLICT (artist_id) DO UPDATE SET artist_name=EXCLUDED.artist_name,artist_id=EXCLUDED.artist_id,genre=EXCLUDED.genre, parameters: ('Christian French', '7naAJDAh7AZnf18YYfQruM', 'alt z')
[2023-05-08T15:49:18.284+0000] {sql.py:384} INFO - Rows affected: 1
[2023-05-08T15:49:18.290+0000] {base.py:73} INFO - Using connection ID '***' for task execution.
[2023-05-08T15:49:18.297+0000] {sql.py:375} INFO - Running statement: INSERT INTO artist_dim (artist_name,artist_id,genre) VALUES (%s,%s,%s) ON CONFLICT (artist_id) DO UPDATE SET artist_name=EXCLUDED.artist_name,artist_id=EXCLUDED.artist_id,genre=EXCLUDED.genre, parameters: ('tsubi club', '6fHEaFnFgMxMAtDt7mFoQ3', 'hyperpop')
[2023-05-08T15:49:18.299+0000] {sql.py:384} INFO - Rows affected: 1
[2023-05-08T15:49:18.306+0000] {base.py:73} INFO - Using connection ID '***' for task execution.
[2023-05-08T15:49:18.312+0000] {sql.py:375} INFO - Running statement: INSERT INTO artist_dim (artist_name,artist_id,genre) VALUES (%s,%s,%s) ON CONFLICT (artist_id) DO UPDATE SET artist_name=EXCLUDED.artist_name,artist_id=EXCLUDED.artist_id,genre=EXCLUDED.genre, parameters: ('Vwillz', '0S7eN9KAsbAaIZtFyCn1q1', nan)
[2023-05-08T15:49:18.314+0000] {sql.py:384} INFO - Rows affected: 1
[2023-05-08T15:49:18.320+0000] {base.py:73} INFO - Using connection ID '***' for task execution.
[2023-05-08T15:49:18.327+0000] {sql.py:375} INFO - Running statement: INSERT INTO artist_dim (artist_name,artist_id,genre) VALUES (%s,%s,%s) ON CONFLICT (artist_id) DO UPDATE SET artist_name=EXCLUDED.artist_name,artist_id=EXCLUDED.artist_id,genre=EXCLUDED.genre, parameters: ('Kevin Powers', '4X8TR9pBFyewFlIDYt1o2s', nan)
[2023-05-08T15:49:18.330+0000] {sql.py:384} INFO - Rows affected: 1
[2023-05-08T15:49:18.336+0000] {base.py:73} INFO - Using connection ID '***' for task execution.
[2023-05-08T15:49:18.342+0000] {sql.py:375} INFO - Running statement: INSERT INTO artist_dim (artist_name,artist_id,genre) VALUES (%s,%s,%s) ON CONFLICT (artist_id) DO UPDATE SET artist_name=EXCLUDED.artist_name,artist_id=EXCLUDED.artist_id,genre=EXCLUDED.genre, parameters: ('Brennan', '5UrcghjIlj83Jf7QjZfBhZ', nan)
[2023-05-08T15:49:18.344+0000] {sql.py:384} INFO - Rows affected: 1
[2023-05-08T15:49:18.349+0000] {base.py:73} INFO - Using connection ID '***' for task execution.
[2023-05-08T15:49:18.356+0000] {sql.py:375} INFO - Running statement: INSERT INTO artist_dim (artist_name,artist_id,genre) VALUES (%s,%s,%s) ON CONFLICT (artist_id) DO UPDATE SET artist_name=EXCLUDED.artist_name,artist_id=EXCLUDED.artist_id,genre=EXCLUDED.genre, parameters: ('Rawska', '3pob90yrusjcbgSYFKaeAk', 'cloud rap')
[2023-05-08T15:49:18.357+0000] {sql.py:384} INFO - Rows affected: 1
[2023-05-08T15:49:18.364+0000] {base.py:73} INFO - Using connection ID '***' for task execution.
[2023-05-08T15:49:18.370+0000] {sql.py:375} INFO - Running statement: INSERT INTO artist_dim (artist_name,artist_id,genre) VALUES (%s,%s,%s) ON CONFLICT (artist_id) DO UPDATE SET artist_name=EXCLUDED.artist_name,artist_id=EXCLUDED.artist_id,genre=EXCLUDED.genre, parameters: ('Ghostrage', '7BoBxrm9jJ7us6U92oqr4N', nan)
[2023-05-08T15:49:18.372+0000] {sql.py:384} INFO - Rows affected: 1
[2023-05-08T15:49:18.378+0000] {base.py:73} INFO - Using connection ID '***' for task execution.
[2023-05-08T15:49:18.384+0000] {sql.py:375} INFO - Running statement: INSERT INTO artist_dim (artist_name,artist_id,genre) VALUES (%s,%s,%s) ON CONFLICT (artist_id) DO UPDATE SET artist_name=EXCLUDED.artist_name,artist_id=EXCLUDED.artist_id,genre=EXCLUDED.genre, parameters: ('Cold Hart', '1fsCfvdiomqjKJFR6xI8e4', 'cloud rap')
[2023-05-08T15:49:18.385+0000] {sql.py:384} INFO - Rows affected: 1
[2023-05-08T15:49:18.391+0000] {base.py:73} INFO - Using connection ID '***' for task execution.
[2023-05-08T15:49:18.398+0000] {sql.py:375} INFO - Running statement: INSERT INTO artist_dim (artist_name,artist_id,genre) VALUES (%s,%s,%s) ON CONFLICT (artist_id) DO UPDATE SET artist_name=EXCLUDED.artist_name,artist_id=EXCLUDED.artist_id,genre=EXCLUDED.genre, parameters: ('Hovey Benjamin', '7wSr4otUV4ytUvHE4w3rBe', 'meme rap')
[2023-05-08T15:49:18.401+0000] {sql.py:384} INFO - Rows affected: 1
[2023-05-08T15:49:18.407+0000] {base.py:73} INFO - Using connection ID '***' for task execution.
[2023-05-08T15:49:18.414+0000] {sql.py:375} INFO - Running statement: INSERT INTO artist_dim (artist_name,artist_id,genre) VALUES (%s,%s,%s) ON CONFLICT (artist_id) DO UPDATE SET artist_name=EXCLUDED.artist_name,artist_id=EXCLUDED.artist_id,genre=EXCLUDED.genre, parameters: ('Yung Pinch', '61qMnYXa1GxSBoV3IiYKjZ', 'melodic rap')
[2023-05-08T15:49:18.416+0000] {sql.py:384} INFO - Rows affected: 1
[2023-05-08T15:49:18.422+0000] {base.py:73} INFO - Using connection ID '***' for task execution.
[2023-05-08T15:49:18.429+0000] {sql.py:375} INFO - Running statement: INSERT INTO artist_dim (artist_name,artist_id,genre) VALUES (%s,%s,%s) ON CONFLICT (artist_id) DO UPDATE SET artist_name=EXCLUDED.artist_name,artist_id=EXCLUDED.artist_id,genre=EXCLUDED.genre, parameters: ('underscores', '7HfUJxeVTgrvhk0eWHFzV7', 'hyperpop')
[2023-05-08T15:49:18.431+0000] {sql.py:384} INFO - Rows affected: 1
[2023-05-08T15:49:18.437+0000] {base.py:73} INFO - Using connection ID '***' for task execution.
[2023-05-08T15:49:18.443+0000] {sql.py:375} INFO - Running statement: INSERT INTO artist_dim (artist_name,artist_id,genre) VALUES (%s,%s,%s) ON CONFLICT (artist_id) DO UPDATE SET artist_name=EXCLUDED.artist_name,artist_id=EXCLUDED.artist_id,genre=EXCLUDED.genre, parameters: ('MASN', '4HAfqyKr4Sqtab6ttHWXgE', 'sad rap')
[2023-05-08T15:49:18.446+0000] {sql.py:384} INFO - Rows affected: 1
[2023-05-08T15:49:18.452+0000] {base.py:73} INFO - Using connection ID '***' for task execution.
[2023-05-08T15:49:18.458+0000] {sql.py:375} INFO - Running statement: INSERT INTO artist_dim (artist_name,artist_id,genre) VALUES (%s,%s,%s) ON CONFLICT (artist_id) DO UPDATE SET artist_name=EXCLUDED.artist_name,artist_id=EXCLUDED.artist_id,genre=EXCLUDED.genre, parameters: ('VIC MENSA', '27w1NoOLMX7tJMYqcetPyG', 'canadian hip hop')
[2023-05-08T15:49:18.460+0000] {sql.py:384} INFO - Rows affected: 1
[2023-05-08T15:49:18.466+0000] {base.py:73} INFO - Using connection ID '***' for task execution.
[2023-05-08T15:49:18.472+0000] {sql.py:375} INFO - Running statement: INSERT INTO artist_dim (artist_name,artist_id,genre) VALUES (%s,%s,%s) ON CONFLICT (artist_id) DO UPDATE SET artist_name=EXCLUDED.artist_name,artist_id=EXCLUDED.artist_id,genre=EXCLUDED.genre, parameters: ('mike.', '5G9kmDLg3OeUyj8KVBLzbu', 'indie pop rap')
[2023-05-08T15:49:18.474+0000] {sql.py:384} INFO - Rows affected: 1
[2023-05-08T15:49:18.480+0000] {base.py:73} INFO - Using connection ID '***' for task execution.
[2023-05-08T15:49:18.486+0000] {sql.py:375} INFO - Running statement: INSERT INTO artist_dim (artist_name,artist_id,genre) VALUES (%s,%s,%s) ON CONFLICT (artist_id) DO UPDATE SET artist_name=EXCLUDED.artist_name,artist_id=EXCLUDED.artist_id,genre=EXCLUDED.genre, parameters: ('POORSTACY', '7vSY9HEreOqb1Llar3UC38', 'emo rap')
[2023-05-08T15:49:18.488+0000] {sql.py:384} INFO - Rows affected: 1
[2023-05-08T15:49:18.494+0000] {base.py:73} INFO - Using connection ID '***' for task execution.
[2023-05-08T15:49:18.500+0000] {sql.py:375} INFO - Running statement: INSERT INTO artist_dim (artist_name,artist_id,genre) VALUES (%s,%s,%s) ON CONFLICT (artist_id) DO UPDATE SET artist_name=EXCLUDED.artist_name,artist_id=EXCLUDED.artist_id,genre=EXCLUDED.genre, parameters: ('han.irl <3', '5VfSeZYcDwD8WQVwbaoL6z', nan)
[2023-05-08T15:49:18.501+0000] {sql.py:384} INFO - Rows affected: 1
[2023-05-08T15:49:18.507+0000] {base.py:73} INFO - Using connection ID '***' for task execution.
[2023-05-08T15:49:18.524+0000] {sql.py:375} INFO - Running statement: INSERT INTO artist_dim (artist_name,artist_id,genre) VALUES (%s,%s,%s) ON CONFLICT (artist_id) DO UPDATE SET artist_name=EXCLUDED.artist_name,artist_id=EXCLUDED.artist_id,genre=EXCLUDED.genre, parameters: ('login', '5JZPSVFMUk4HGDdx68lN77', 'hyperpop')
[2023-05-08T15:49:18.526+0000] {sql.py:384} INFO - Rows affected: 1
[2023-05-08T15:49:18.532+0000] {base.py:73} INFO - Using connection ID '***' for task execution.
[2023-05-08T15:49:18.538+0000] {sql.py:375} INFO - Running statement: INSERT INTO artist_dim (artist_name,artist_id,genre) VALUES (%s,%s,%s) ON CONFLICT (artist_id) DO UPDATE SET artist_name=EXCLUDED.artist_name,artist_id=EXCLUDED.artist_id,genre=EXCLUDED.genre, parameters: ('静的 Static', '6rEjEIfp3NSRteU3kJGSET', 'emo rap')
[2023-05-08T15:49:18.540+0000] {sql.py:384} INFO - Rows affected: 1
[2023-05-08T15:49:18.546+0000] {base.py:73} INFO - Using connection ID '***' for task execution.
[2023-05-08T15:49:18.553+0000] {sql.py:375} INFO - Running statement: INSERT INTO artist_dim (artist_name,artist_id,genre) VALUES (%s,%s,%s) ON CONFLICT (artist_id) DO UPDATE SET artist_name=EXCLUDED.artist_name,artist_id=EXCLUDED.artist_id,genre=EXCLUDED.genre, parameters: ('Rich Brian', '2IDLDx25HU1nQMKde4n61a', 'indonesian hip hop')
[2023-05-08T15:49:18.554+0000] {sql.py:384} INFO - Rows affected: 1
[2023-05-08T15:49:18.561+0000] {base.py:73} INFO - Using connection ID '***' for task execution.
[2023-05-08T15:49:18.566+0000] {sql.py:375} INFO - Running statement: INSERT INTO artist_dim (artist_name,artist_id,genre) VALUES (%s,%s,%s) ON CONFLICT (artist_id) DO UPDATE SET artist_name=EXCLUDED.artist_name,artist_id=EXCLUDED.artist_id,genre=EXCLUDED.genre, parameters: ('88rising', '1AhjOkOLkbHUfcHDSErXQs', 'asian american hip hop')
[2023-05-08T15:49:18.568+0000] {sql.py:384} INFO - Rows affected: 1
[2023-05-08T15:49:18.569+0000] {python.py:183} INFO - Done. Returned value was: None
[2023-05-08T15:49:18.577+0000] {taskinstance.py:1373} INFO - Marking task as SUCCESS. dag_id=Summer_Warped_ETL, task_id=LoadData.LoadArtistDim, execution_date=20230508T044138, start_date=20230508T154916, end_date=20230508T154918
[2023-05-08T15:49:18.608+0000] {local_task_job_runner.py:232} INFO - Task exited with return code 0
[2023-05-08T15:49:18.628+0000] {taskinstance.py:2674} INFO - 1 downstream tasks scheduled from follow-on schedule check
