[2023-05-08T16:29:08.687+0000] {taskinstance.py:1125} INFO - Dependencies all met for dep_context=non-requeueable deps ti=<TaskInstance: Summer_Warped_ETL.LoadData.LoadSongFact manual__2023-05-08T16:09:58.195696+00:00 [queued]>
[2023-05-08T16:29:08.692+0000] {taskinstance.py:1125} INFO - Dependencies all met for dep_context=requeueable deps ti=<TaskInstance: Summer_Warped_ETL.LoadData.LoadSongFact manual__2023-05-08T16:09:58.195696+00:00 [queued]>
[2023-05-08T16:29:08.693+0000] {taskinstance.py:1331} INFO - Starting attempt 8 of 10
[2023-05-08T16:29:08.700+0000] {taskinstance.py:1350} INFO - Executing <Task(PythonOperator): LoadData.LoadSongFact> on 2023-05-08 16:09:58.195696+00:00
[2023-05-08T16:29:08.705+0000] {standard_task_runner.py:57} INFO - Started process 1544 to run task
[2023-05-08T16:29:08.709+0000] {standard_task_runner.py:84} INFO - Running: ['***', 'tasks', 'run', 'Summer_Warped_ETL', 'LoadData.LoadSongFact', 'manual__2023-05-08T16:09:58.195696+00:00', '--job-id', '2567', '--raw', '--subdir', 'DAGS_FOLDER/warped-dag.py', '--cfg-path', '/tmp/tmp4d301jeq']
[2023-05-08T16:29:08.709+0000] {standard_task_runner.py:85} INFO - Job 2567: Subtask LoadData.LoadSongFact
[2023-05-08T16:29:08.744+0000] {task_command.py:410} INFO - Running <TaskInstance: Summer_Warped_ETL.LoadData.LoadSongFact manual__2023-05-08T16:09:58.195696+00:00 [running]> on host 7b4753e133cb
[2023-05-08T16:29:08.796+0000] {taskinstance.py:1570} INFO - Exporting env vars: AIRFLOW_CTX_DAG_OWNER='Ananta Moharana' AIRFLOW_CTX_DAG_ID='Summer_Warped_ETL' AIRFLOW_CTX_TASK_ID='LoadData.LoadSongFact' AIRFLOW_CTX_EXECUTION_DATE='2023-05-08T16:09:58.195696+00:00' AIRFLOW_CTX_TRY_NUMBER='8' AIRFLOW_CTX_DAG_RUN_ID='manual__2023-05-08T16:09:58.195696+00:00'
[2023-05-08T16:29:08.799+0000] {logging_mixin.py:149} INFO - 2023-05/song_fact.csv
[2023-05-08T16:29:08.806+0000] {base.py:73} INFO - Using connection ID 'aws_connection' for task execution.
[2023-05-08T16:29:08.807+0000] {connection_wrapper.py:337} INFO - AWS Connection (conn_id='aws_connection', conn_type='aws') credentials retrieved from login and password.
[2023-05-08T16:29:09.114+0000] {logging_mixin.py:149} INFO -                   song_id  popularity        date
0  7evQqGTWfKz8hIHzLVzneT          45  2023-05-08
1  3PDNGdhCtiQemL14eKhCup          49  2023-05-08
2  1bLEa8W1VVMFBIwp9hKYTL          44  2023-05-08
3  7H74AdiJYM7hh4SYGrq9xe          53  2023-05-08
4  2SWK4LJWLyev4yVYIVhjEV          33  2023-05-08
[2023-05-08T16:29:09.115+0000] {logging_mixin.py:149} INFO - INSERT INTO song_fact (song_id,popularity,date) VALUES (%s,%s,%s) ON CONFLICT (song_id,date) DO UPDATE SET song_id=EXCLUDED.song_id,popularity=EXCLUDED.popularity,date=EXCLUDED.date
[2023-05-08T16:29:09.124+0000] {base.py:73} INFO - Using connection ID '***' for task execution.
[2023-05-08T16:29:09.131+0000] {sql.py:375} INFO - Running statement: INSERT INTO song_fact (song_id,popularity,date) VALUES (%s,%s,%s) ON CONFLICT (song_id,date) DO UPDATE SET song_id=EXCLUDED.song_id,popularity=EXCLUDED.popularity,date=EXCLUDED.date, parameters: ('7evQqGTWfKz8hIHzLVzneT', 45, '2023-05-08')
[2023-05-08T16:29:09.133+0000] {sql.py:384} INFO - Rows affected: 1
[2023-05-08T16:29:09.140+0000] {base.py:73} INFO - Using connection ID '***' for task execution.
[2023-05-08T16:29:09.147+0000] {sql.py:375} INFO - Running statement: INSERT INTO song_fact (song_id,popularity,date) VALUES (%s,%s,%s) ON CONFLICT (song_id,date) DO UPDATE SET song_id=EXCLUDED.song_id,popularity=EXCLUDED.popularity,date=EXCLUDED.date, parameters: ('3PDNGdhCtiQemL14eKhCup', 49, '2023-05-08')
[2023-05-08T16:29:09.148+0000] {sql.py:384} INFO - Rows affected: 1
[2023-05-08T16:29:09.154+0000] {base.py:73} INFO - Using connection ID '***' for task execution.
[2023-05-08T16:29:09.160+0000] {sql.py:375} INFO - Running statement: INSERT INTO song_fact (song_id,popularity,date) VALUES (%s,%s,%s) ON CONFLICT (song_id,date) DO UPDATE SET song_id=EXCLUDED.song_id,popularity=EXCLUDED.popularity,date=EXCLUDED.date, parameters: ('1bLEa8W1VVMFBIwp9hKYTL', 44, '2023-05-08')
[2023-05-08T16:29:09.162+0000] {sql.py:384} INFO - Rows affected: 1
[2023-05-08T16:29:09.168+0000] {base.py:73} INFO - Using connection ID '***' for task execution.
[2023-05-08T16:29:09.174+0000] {sql.py:375} INFO - Running statement: INSERT INTO song_fact (song_id,popularity,date) VALUES (%s,%s,%s) ON CONFLICT (song_id,date) DO UPDATE SET song_id=EXCLUDED.song_id,popularity=EXCLUDED.popularity,date=EXCLUDED.date, parameters: ('7H74AdiJYM7hh4SYGrq9xe', 53, '2023-05-08')
[2023-05-08T16:29:09.176+0000] {sql.py:384} INFO - Rows affected: 1
[2023-05-08T16:29:09.181+0000] {base.py:73} INFO - Using connection ID '***' for task execution.
[2023-05-08T16:29:14.220+0000] {sql.py:375} INFO - Running statement: INSERT INTO song_fact (song_id,popularity,date) VALUES (%s,%s,%s) ON CONFLICT (song_id,date) DO UPDATE SET song_id=EXCLUDED.song_id,popularity=EXCLUDED.popularity,date=EXCLUDED.date, parameters: ('2SWK4LJWLyev4yVYIVhjEV', 33, '2023-05-08')
[2023-05-08T16:29:14.222+0000] {sql.py:384} INFO - Rows affected: 1
[2023-05-08T16:29:14.229+0000] {base.py:73} INFO - Using connection ID '***' for task execution.
[2023-05-08T16:29:14.236+0000] {sql.py:375} INFO - Running statement: INSERT INTO song_fact (song_id,popularity,date) VALUES (%s,%s,%s) ON CONFLICT (song_id,date) DO UPDATE SET song_id=EXCLUDED.song_id,popularity=EXCLUDED.popularity,date=EXCLUDED.date, parameters: ('6PGqbqEuh9naY4DaZCfuFp', 40, '2023-05-08')
[2023-05-08T16:29:14.238+0000] {sql.py:384} INFO - Rows affected: 1
[2023-05-08T16:29:14.245+0000] {base.py:73} INFO - Using connection ID '***' for task execution.
[2023-05-08T16:29:14.253+0000] {sql.py:375} INFO - Running statement: INSERT INTO song_fact (song_id,popularity,date) VALUES (%s,%s,%s) ON CONFLICT (song_id,date) DO UPDATE SET song_id=EXCLUDED.song_id,popularity=EXCLUDED.popularity,date=EXCLUDED.date, parameters: ('7BQ1bO60AKrJdaHxfSeU0w', 41, '2023-05-08')
[2023-05-08T16:29:14.254+0000] {sql.py:384} INFO - Rows affected: 1
[2023-05-08T16:29:14.261+0000] {base.py:73} INFO - Using connection ID '***' for task execution.
[2023-05-08T16:29:14.268+0000] {sql.py:375} INFO - Running statement: INSERT INTO song_fact (song_id,popularity,date) VALUES (%s,%s,%s) ON CONFLICT (song_id,date) DO UPDATE SET song_id=EXCLUDED.song_id,popularity=EXCLUDED.popularity,date=EXCLUDED.date, parameters: ('3kx8NAbhl29I2bx1e5V1GS', 33, '2023-05-08')
[2023-05-08T16:29:14.269+0000] {sql.py:384} INFO - Rows affected: 1
[2023-05-08T16:29:14.276+0000] {base.py:73} INFO - Using connection ID '***' for task execution.
[2023-05-08T16:29:14.284+0000] {sql.py:375} INFO - Running statement: INSERT INTO song_fact (song_id,popularity,date) VALUES (%s,%s,%s) ON CONFLICT (song_id,date) DO UPDATE SET song_id=EXCLUDED.song_id,popularity=EXCLUDED.popularity,date=EXCLUDED.date, parameters: ('4A8XN6nMGahLTMLMPKVBKd', 37, '2023-05-08')
[2023-05-08T16:29:14.285+0000] {sql.py:384} INFO - Rows affected: 1
[2023-05-08T16:29:14.292+0000] {base.py:73} INFO - Using connection ID '***' for task execution.
[2023-05-08T16:29:14.299+0000] {sql.py:375} INFO - Running statement: INSERT INTO song_fact (song_id,popularity,date) VALUES (%s,%s,%s) ON CONFLICT (song_id,date) DO UPDATE SET song_id=EXCLUDED.song_id,popularity=EXCLUDED.popularity,date=EXCLUDED.date, parameters: ('1LmNhEkyaKl1mSJDNSNwjZ', 38, '2023-05-08')
[2023-05-08T16:29:14.301+0000] {sql.py:384} INFO - Rows affected: 1
[2023-05-08T16:29:14.308+0000] {base.py:73} INFO - Using connection ID '***' for task execution.
[2023-05-08T16:29:14.315+0000] {sql.py:375} INFO - Running statement: INSERT INTO song_fact (song_id,popularity,date) VALUES (%s,%s,%s) ON CONFLICT (song_id,date) DO UPDATE SET song_id=EXCLUDED.song_id,popularity=EXCLUDED.popularity,date=EXCLUDED.date, parameters: ('7wIcRhedBpZGpLf9PGKUEh', 47, '2023-05-08')
[2023-05-08T16:29:14.317+0000] {sql.py:384} INFO - Rows affected: 1
[2023-05-08T16:29:14.323+0000] {base.py:73} INFO - Using connection ID '***' for task execution.
[2023-05-08T16:29:14.331+0000] {sql.py:375} INFO - Running statement: INSERT INTO song_fact (song_id,popularity,date) VALUES (%s,%s,%s) ON CONFLICT (song_id,date) DO UPDATE SET song_id=EXCLUDED.song_id,popularity=EXCLUDED.popularity,date=EXCLUDED.date, parameters: ('1ioQDNCREA6I1BVg8VuD7Z', 44, '2023-05-08')
[2023-05-08T16:29:14.333+0000] {sql.py:384} INFO - Rows affected: 1
[2023-05-08T16:29:14.340+0000] {base.py:73} INFO - Using connection ID '***' for task execution.
[2023-05-08T16:29:14.348+0000] {sql.py:375} INFO - Running statement: INSERT INTO song_fact (song_id,popularity,date) VALUES (%s,%s,%s) ON CONFLICT (song_id,date) DO UPDATE SET song_id=EXCLUDED.song_id,popularity=EXCLUDED.popularity,date=EXCLUDED.date, parameters: ('5CsHSdXkw5hxN9LOwHn5mZ', 41, '2023-05-08')
[2023-05-08T16:29:14.349+0000] {sql.py:384} INFO - Rows affected: 1
[2023-05-08T16:29:14.355+0000] {base.py:73} INFO - Using connection ID '***' for task execution.
[2023-05-08T16:29:14.362+0000] {sql.py:375} INFO - Running statement: INSERT INTO song_fact (song_id,popularity,date) VALUES (%s,%s,%s) ON CONFLICT (song_id,date) DO UPDATE SET song_id=EXCLUDED.song_id,popularity=EXCLUDED.popularity,date=EXCLUDED.date, parameters: ('32FMAbZAzs3D70UuvnN6y4', 53, '2023-05-08')
[2023-05-08T16:29:14.363+0000] {sql.py:384} INFO - Rows affected: 1
[2023-05-08T16:29:14.370+0000] {base.py:73} INFO - Using connection ID '***' for task execution.
[2023-05-08T16:29:14.377+0000] {sql.py:375} INFO - Running statement: INSERT INTO song_fact (song_id,popularity,date) VALUES (%s,%s,%s) ON CONFLICT (song_id,date) DO UPDATE SET song_id=EXCLUDED.song_id,popularity=EXCLUDED.popularity,date=EXCLUDED.date, parameters: ('2fx3JQWD6evgucAoArYojR', 34, '2023-05-08')
[2023-05-08T16:29:14.378+0000] {sql.py:384} INFO - Rows affected: 1
[2023-05-08T16:29:14.385+0000] {base.py:73} INFO - Using connection ID '***' for task execution.
[2023-05-08T16:29:14.392+0000] {sql.py:375} INFO - Running statement: INSERT INTO song_fact (song_id,popularity,date) VALUES (%s,%s,%s) ON CONFLICT (song_id,date) DO UPDATE SET song_id=EXCLUDED.song_id,popularity=EXCLUDED.popularity,date=EXCLUDED.date, parameters: ('6sLGpYvLDqGCdX9G1sV7rH', 33, '2023-05-08')
[2023-05-08T16:29:14.393+0000] {sql.py:384} INFO - Rows affected: 1
[2023-05-08T16:29:14.400+0000] {base.py:73} INFO - Using connection ID '***' for task execution.
[2023-05-08T16:29:14.408+0000] {sql.py:375} INFO - Running statement: INSERT INTO song_fact (song_id,popularity,date) VALUES (%s,%s,%s) ON CONFLICT (song_id,date) DO UPDATE SET song_id=EXCLUDED.song_id,popularity=EXCLUDED.popularity,date=EXCLUDED.date, parameters: ('1hV0Ue00iyNCZvb1n0VyGf', 54, '2023-05-08')
[2023-05-08T16:29:14.409+0000] {sql.py:384} INFO - Rows affected: 1
[2023-05-08T16:29:14.416+0000] {base.py:73} INFO - Using connection ID '***' for task execution.
[2023-05-08T16:29:14.422+0000] {sql.py:375} INFO - Running statement: INSERT INTO song_fact (song_id,popularity,date) VALUES (%s,%s,%s) ON CONFLICT (song_id,date) DO UPDATE SET song_id=EXCLUDED.song_id,popularity=EXCLUDED.popularity,date=EXCLUDED.date, parameters: ('1XnnLXcvFd21B25H4IHEIY', 54, '2023-05-08')
[2023-05-08T16:29:14.424+0000] {sql.py:384} INFO - Rows affected: 1
[2023-05-08T16:29:14.430+0000] {base.py:73} INFO - Using connection ID '***' for task execution.
[2023-05-08T16:29:14.436+0000] {sql.py:375} INFO - Running statement: INSERT INTO song_fact (song_id,popularity,date) VALUES (%s,%s,%s) ON CONFLICT (song_id,date) DO UPDATE SET song_id=EXCLUDED.song_id,popularity=EXCLUDED.popularity,date=EXCLUDED.date, parameters: ('5cSg8SdClubjZ32WrKwzAW', 45, '2023-05-08')
[2023-05-08T16:29:14.438+0000] {sql.py:384} INFO - Rows affected: 1
[2023-05-08T16:29:14.445+0000] {base.py:73} INFO - Using connection ID '***' for task execution.
[2023-05-08T16:29:14.450+0000] {sql.py:375} INFO - Running statement: INSERT INTO song_fact (song_id,popularity,date) VALUES (%s,%s,%s) ON CONFLICT (song_id,date) DO UPDATE SET song_id=EXCLUDED.song_id,popularity=EXCLUDED.popularity,date=EXCLUDED.date, parameters: ('5vsmYBZnG3kL6RWul1B4c9', 37, '2023-05-08')
[2023-05-08T16:29:14.452+0000] {sql.py:384} INFO - Rows affected: 1
[2023-05-08T16:29:14.459+0000] {base.py:73} INFO - Using connection ID '***' for task execution.
[2023-05-08T16:29:14.465+0000] {sql.py:375} INFO - Running statement: INSERT INTO song_fact (song_id,popularity,date) VALUES (%s,%s,%s) ON CONFLICT (song_id,date) DO UPDATE SET song_id=EXCLUDED.song_id,popularity=EXCLUDED.popularity,date=EXCLUDED.date, parameters: ('14FdeSXWFUosFEevBfOyPb', 34, '2023-05-08')
[2023-05-08T16:29:14.467+0000] {sql.py:384} INFO - Rows affected: 1
[2023-05-08T16:29:14.473+0000] {base.py:73} INFO - Using connection ID '***' for task execution.
[2023-05-08T16:29:14.480+0000] {sql.py:375} INFO - Running statement: INSERT INTO song_fact (song_id,popularity,date) VALUES (%s,%s,%s) ON CONFLICT (song_id,date) DO UPDATE SET song_id=EXCLUDED.song_id,popularity=EXCLUDED.popularity,date=EXCLUDED.date, parameters: ('3nIlBeSIVnDbWFO3mExxV2', 58, '2023-05-08')
[2023-05-08T16:29:14.481+0000] {sql.py:384} INFO - Rows affected: 1
[2023-05-08T16:29:14.487+0000] {base.py:73} INFO - Using connection ID '***' for task execution.
[2023-05-08T16:29:14.494+0000] {sql.py:375} INFO - Running statement: INSERT INTO song_fact (song_id,popularity,date) VALUES (%s,%s,%s) ON CONFLICT (song_id,date) DO UPDATE SET song_id=EXCLUDED.song_id,popularity=EXCLUDED.popularity,date=EXCLUDED.date, parameters: ('4zjkYaWZcr6QNr0YkcZQgK', 31, '2023-05-08')
[2023-05-08T16:29:14.496+0000] {sql.py:384} INFO - Rows affected: 1
[2023-05-08T16:29:14.503+0000] {base.py:73} INFO - Using connection ID '***' for task execution.
[2023-05-08T16:29:14.509+0000] {sql.py:375} INFO - Running statement: INSERT INTO song_fact (song_id,popularity,date) VALUES (%s,%s,%s) ON CONFLICT (song_id,date) DO UPDATE SET song_id=EXCLUDED.song_id,popularity=EXCLUDED.popularity,date=EXCLUDED.date, parameters: ('495p4HdTEzWJ7CkLYD51wO', 49, '2023-05-08')
[2023-05-08T16:29:14.511+0000] {sql.py:384} INFO - Rows affected: 1
[2023-05-08T16:29:14.517+0000] {base.py:73} INFO - Using connection ID '***' for task execution.
[2023-05-08T16:29:14.523+0000] {sql.py:375} INFO - Running statement: INSERT INTO song_fact (song_id,popularity,date) VALUES (%s,%s,%s) ON CONFLICT (song_id,date) DO UPDATE SET song_id=EXCLUDED.song_id,popularity=EXCLUDED.popularity,date=EXCLUDED.date, parameters: ('2Vgp8Ah9NuTTKDfQykl0f8', 48, '2023-05-08')
[2023-05-08T16:29:14.525+0000] {sql.py:384} INFO - Rows affected: 1
[2023-05-08T16:29:14.531+0000] {base.py:73} INFO - Using connection ID '***' for task execution.
[2023-05-08T16:29:14.537+0000] {sql.py:375} INFO - Running statement: INSERT INTO song_fact (song_id,popularity,date) VALUES (%s,%s,%s) ON CONFLICT (song_id,date) DO UPDATE SET song_id=EXCLUDED.song_id,popularity=EXCLUDED.popularity,date=EXCLUDED.date, parameters: ('37y67nNfTNLfMbCh6Mn5PL', 46, '2023-05-08')
[2023-05-08T16:29:14.539+0000] {sql.py:384} INFO - Rows affected: 1
[2023-05-08T16:29:14.545+0000] {base.py:73} INFO - Using connection ID '***' for task execution.
[2023-05-08T16:29:14.552+0000] {sql.py:375} INFO - Running statement: INSERT INTO song_fact (song_id,popularity,date) VALUES (%s,%s,%s) ON CONFLICT (song_id,date) DO UPDATE SET song_id=EXCLUDED.song_id,popularity=EXCLUDED.popularity,date=EXCLUDED.date, parameters: ('63PBsYANeKAvmW6vMMus4Y', 46, '2023-05-08')
[2023-05-08T16:29:14.554+0000] {sql.py:384} INFO - Rows affected: 1
[2023-05-08T16:29:14.560+0000] {base.py:73} INFO - Using connection ID '***' for task execution.
[2023-05-08T16:29:14.568+0000] {sql.py:375} INFO - Running statement: INSERT INTO song_fact (song_id,popularity,date) VALUES (%s,%s,%s) ON CONFLICT (song_id,date) DO UPDATE SET song_id=EXCLUDED.song_id,popularity=EXCLUDED.popularity,date=EXCLUDED.date, parameters: ('7aGsybFB60iTiG1AyyeVpF', 0, '2023-05-08')
[2023-05-08T16:29:14.570+0000] {sql.py:384} INFO - Rows affected: 1
[2023-05-08T16:29:14.576+0000] {base.py:73} INFO - Using connection ID '***' for task execution.
[2023-05-08T16:29:14.583+0000] {sql.py:375} INFO - Running statement: INSERT INTO song_fact (song_id,popularity,date) VALUES (%s,%s,%s) ON CONFLICT (song_id,date) DO UPDATE SET song_id=EXCLUDED.song_id,popularity=EXCLUDED.popularity,date=EXCLUDED.date, parameters: ('6ax40d2A1qCJ0q6v4usuNG', 42, '2023-05-08')
[2023-05-08T16:29:14.585+0000] {sql.py:384} INFO - Rows affected: 1
[2023-05-08T16:29:14.591+0000] {base.py:73} INFO - Using connection ID '***' for task execution.
[2023-05-08T16:29:14.597+0000] {sql.py:375} INFO - Running statement: INSERT INTO song_fact (song_id,popularity,date) VALUES (%s,%s,%s) ON CONFLICT (song_id,date) DO UPDATE SET song_id=EXCLUDED.song_id,popularity=EXCLUDED.popularity,date=EXCLUDED.date, parameters: ('5FZ5p7OoluyzZNPEAgkYiV', 34, '2023-05-08')
[2023-05-08T16:29:14.599+0000] {sql.py:384} INFO - Rows affected: 1
[2023-05-08T16:29:14.605+0000] {base.py:73} INFO - Using connection ID '***' for task execution.
[2023-05-08T16:29:14.613+0000] {sql.py:375} INFO - Running statement: INSERT INTO song_fact (song_id,popularity,date) VALUES (%s,%s,%s) ON CONFLICT (song_id,date) DO UPDATE SET song_id=EXCLUDED.song_id,popularity=EXCLUDED.popularity,date=EXCLUDED.date, parameters: ('03frKXXCZEzd9n9QOEpUQA', 43, '2023-05-08')
[2023-05-08T16:29:14.614+0000] {sql.py:384} INFO - Rows affected: 1
[2023-05-08T16:29:14.621+0000] {base.py:73} INFO - Using connection ID '***' for task execution.
[2023-05-08T16:29:14.627+0000] {sql.py:375} INFO - Running statement: INSERT INTO song_fact (song_id,popularity,date) VALUES (%s,%s,%s) ON CONFLICT (song_id,date) DO UPDATE SET song_id=EXCLUDED.song_id,popularity=EXCLUDED.popularity,date=EXCLUDED.date, parameters: ('5YLBkEgpKzkPJOu2JZd2Xo', 48, '2023-05-08')
[2023-05-08T16:29:14.628+0000] {sql.py:384} INFO - Rows affected: 1
[2023-05-08T16:29:14.634+0000] {base.py:73} INFO - Using connection ID '***' for task execution.
[2023-05-08T16:29:14.641+0000] {sql.py:375} INFO - Running statement: INSERT INTO song_fact (song_id,popularity,date) VALUES (%s,%s,%s) ON CONFLICT (song_id,date) DO UPDATE SET song_id=EXCLUDED.song_id,popularity=EXCLUDED.popularity,date=EXCLUDED.date, parameters: ('6Jfd9OQNmtspaEGLI5R5kr', 43, '2023-05-08')
[2023-05-08T16:29:14.643+0000] {sql.py:384} INFO - Rows affected: 1
[2023-05-08T16:29:14.650+0000] {base.py:73} INFO - Using connection ID '***' for task execution.
[2023-05-08T16:29:14.656+0000] {sql.py:375} INFO - Running statement: INSERT INTO song_fact (song_id,popularity,date) VALUES (%s,%s,%s) ON CONFLICT (song_id,date) DO UPDATE SET song_id=EXCLUDED.song_id,popularity=EXCLUDED.popularity,date=EXCLUDED.date, parameters: ('0LHdHYe5ssIheUX5RZw4rN', 57, '2023-05-08')
[2023-05-08T16:29:14.658+0000] {sql.py:384} INFO - Rows affected: 1
[2023-05-08T16:29:14.665+0000] {base.py:73} INFO - Using connection ID '***' for task execution.
[2023-05-08T16:29:14.674+0000] {sql.py:375} INFO - Running statement: INSERT INTO song_fact (song_id,popularity,date) VALUES (%s,%s,%s) ON CONFLICT (song_id,date) DO UPDATE SET song_id=EXCLUDED.song_id,popularity=EXCLUDED.popularity,date=EXCLUDED.date, parameters: ('46s77n3x4XZqUhZfIOCax9', 57, '2023-05-08')
[2023-05-08T16:29:14.675+0000] {sql.py:384} INFO - Rows affected: 1
[2023-05-08T16:29:14.681+0000] {base.py:73} INFO - Using connection ID '***' for task execution.
[2023-05-08T16:29:14.688+0000] {sql.py:375} INFO - Running statement: INSERT INTO song_fact (song_id,popularity,date) VALUES (%s,%s,%s) ON CONFLICT (song_id,date) DO UPDATE SET song_id=EXCLUDED.song_id,popularity=EXCLUDED.popularity,date=EXCLUDED.date, parameters: ('6XpVAVpg3PfxcoO0tUG8jJ', 60, '2023-05-08')
[2023-05-08T16:29:14.690+0000] {sql.py:384} INFO - Rows affected: 1
[2023-05-08T16:29:14.696+0000] {base.py:73} INFO - Using connection ID '***' for task execution.
[2023-05-08T16:29:14.705+0000] {sql.py:375} INFO - Running statement: INSERT INTO song_fact (song_id,popularity,date) VALUES (%s,%s,%s) ON CONFLICT (song_id,date) DO UPDATE SET song_id=EXCLUDED.song_id,popularity=EXCLUDED.popularity,date=EXCLUDED.date, parameters: ('3l9VCXMSoS1KBRhkCU5zuO', 58, '2023-05-08')
[2023-05-08T16:29:14.706+0000] {sql.py:384} INFO - Rows affected: 1
[2023-05-08T16:29:14.713+0000] {base.py:73} INFO - Using connection ID '***' for task execution.
[2023-05-08T16:29:14.720+0000] {sql.py:375} INFO - Running statement: INSERT INTO song_fact (song_id,popularity,date) VALUES (%s,%s,%s) ON CONFLICT (song_id,date) DO UPDATE SET song_id=EXCLUDED.song_id,popularity=EXCLUDED.popularity,date=EXCLUDED.date, parameters: ('1xHtMESwwsyUhV2ezvH7kR', 41, '2023-05-08')
[2023-05-08T16:29:14.722+0000] {sql.py:384} INFO - Rows affected: 1
[2023-05-08T16:29:14.728+0000] {base.py:73} INFO - Using connection ID '***' for task execution.
[2023-05-08T16:29:14.734+0000] {sql.py:375} INFO - Running statement: INSERT INTO song_fact (song_id,popularity,date) VALUES (%s,%s,%s) ON CONFLICT (song_id,date) DO UPDATE SET song_id=EXCLUDED.song_id,popularity=EXCLUDED.popularity,date=EXCLUDED.date, parameters: ('0YRuwU4V9qO0NM4T3mcu0u', 31, '2023-05-08')
[2023-05-08T16:29:14.736+0000] {sql.py:384} INFO - Rows affected: 1
[2023-05-08T16:29:14.742+0000] {base.py:73} INFO - Using connection ID '***' for task execution.
[2023-05-08T16:29:14.748+0000] {sql.py:375} INFO - Running statement: INSERT INTO song_fact (song_id,popularity,date) VALUES (%s,%s,%s) ON CONFLICT (song_id,date) DO UPDATE SET song_id=EXCLUDED.song_id,popularity=EXCLUDED.popularity,date=EXCLUDED.date, parameters: ('2nQ8RFX92URyHJeL2Naf3n', 0, '2023-05-08')
[2023-05-08T16:29:14.750+0000] {sql.py:384} INFO - Rows affected: 1
[2023-05-08T16:29:14.756+0000] {base.py:73} INFO - Using connection ID '***' for task execution.
[2023-05-08T16:29:14.762+0000] {sql.py:375} INFO - Running statement: INSERT INTO song_fact (song_id,popularity,date) VALUES (%s,%s,%s) ON CONFLICT (song_id,date) DO UPDATE SET song_id=EXCLUDED.song_id,popularity=EXCLUDED.popularity,date=EXCLUDED.date, parameters: ('3SpRtNO7GKWaFyWydXArvn', 63, '2023-05-08')
[2023-05-08T16:29:14.764+0000] {sql.py:384} INFO - Rows affected: 1
[2023-05-08T16:29:14.769+0000] {base.py:73} INFO - Using connection ID '***' for task execution.
[2023-05-08T16:29:14.776+0000] {sql.py:375} INFO - Running statement: INSERT INTO song_fact (song_id,popularity,date) VALUES (%s,%s,%s) ON CONFLICT (song_id,date) DO UPDATE SET song_id=EXCLUDED.song_id,popularity=EXCLUDED.popularity,date=EXCLUDED.date, parameters: ('7J66j3JaTRQ3vCxwr4Cwf0', 28, '2023-05-08')
[2023-05-08T16:29:14.777+0000] {sql.py:384} INFO - Rows affected: 1
[2023-05-08T16:29:14.783+0000] {base.py:73} INFO - Using connection ID '***' for task execution.
[2023-05-08T16:29:14.790+0000] {sql.py:375} INFO - Running statement: INSERT INTO song_fact (song_id,popularity,date) VALUES (%s,%s,%s) ON CONFLICT (song_id,date) DO UPDATE SET song_id=EXCLUDED.song_id,popularity=EXCLUDED.popularity,date=EXCLUDED.date, parameters: ('2EsyJN3AvC3zBlkQpb119M', 57, '2023-05-08')
[2023-05-08T16:29:14.792+0000] {sql.py:384} INFO - Rows affected: 1
[2023-05-08T16:29:14.798+0000] {base.py:73} INFO - Using connection ID '***' for task execution.
[2023-05-08T16:29:14.804+0000] {sql.py:375} INFO - Running statement: INSERT INTO song_fact (song_id,popularity,date) VALUES (%s,%s,%s) ON CONFLICT (song_id,date) DO UPDATE SET song_id=EXCLUDED.song_id,popularity=EXCLUDED.popularity,date=EXCLUDED.date, parameters: ('38Yamwrtcc9Niupl3kH8pH', 49, '2023-05-08')
[2023-05-08T16:29:14.806+0000] {sql.py:384} INFO - Rows affected: 1
[2023-05-08T16:29:14.812+0000] {base.py:73} INFO - Using connection ID '***' for task execution.
[2023-05-08T16:29:14.820+0000] {sql.py:375} INFO - Running statement: INSERT INTO song_fact (song_id,popularity,date) VALUES (%s,%s,%s) ON CONFLICT (song_id,date) DO UPDATE SET song_id=EXCLUDED.song_id,popularity=EXCLUDED.popularity,date=EXCLUDED.date, parameters: ('7qqhkLSwb7910F2LHpYJFo', 46, '2023-05-08')
[2023-05-08T16:29:14.822+0000] {sql.py:384} INFO - Rows affected: 1
[2023-05-08T16:29:14.827+0000] {base.py:73} INFO - Using connection ID '***' for task execution.
[2023-05-08T16:29:14.833+0000] {sql.py:375} INFO - Running statement: INSERT INTO song_fact (song_id,popularity,date) VALUES (%s,%s,%s) ON CONFLICT (song_id,date) DO UPDATE SET song_id=EXCLUDED.song_id,popularity=EXCLUDED.popularity,date=EXCLUDED.date, parameters: ('2dkv1xqXpAjP6HtzQLP39Z', 1, '2023-05-08')
[2023-05-08T16:29:14.835+0000] {sql.py:384} INFO - Rows affected: 1
[2023-05-08T16:29:14.840+0000] {base.py:73} INFO - Using connection ID '***' for task execution.
[2023-05-08T16:29:14.849+0000] {sql.py:375} INFO - Running statement: INSERT INTO song_fact (song_id,popularity,date) VALUES (%s,%s,%s) ON CONFLICT (song_id,date) DO UPDATE SET song_id=EXCLUDED.song_id,popularity=EXCLUDED.popularity,date=EXCLUDED.date, parameters: ('2RJo6RNV5dpjLh6Co4nPsI', 50, '2023-05-08')
[2023-05-08T16:29:14.850+0000] {sql.py:384} INFO - Rows affected: 1
[2023-05-08T16:29:14.856+0000] {base.py:73} INFO - Using connection ID '***' for task execution.
[2023-05-08T16:29:14.864+0000] {sql.py:375} INFO - Running statement: INSERT INTO song_fact (song_id,popularity,date) VALUES (%s,%s,%s) ON CONFLICT (song_id,date) DO UPDATE SET song_id=EXCLUDED.song_id,popularity=EXCLUDED.popularity,date=EXCLUDED.date, parameters: ('703SHNf8XtJnM3gtryjyJ6', 0, '2023-05-08')
[2023-05-08T16:29:14.865+0000] {sql.py:384} INFO - Rows affected: 1
[2023-05-08T16:29:14.871+0000] {base.py:73} INFO - Using connection ID '***' for task execution.
[2023-05-08T16:29:14.878+0000] {sql.py:375} INFO - Running statement: INSERT INTO song_fact (song_id,popularity,date) VALUES (%s,%s,%s) ON CONFLICT (song_id,date) DO UPDATE SET song_id=EXCLUDED.song_id,popularity=EXCLUDED.popularity,date=EXCLUDED.date, parameters: ('0UPPkMYBbotUYqRmekWOqn', 29, '2023-05-08')
[2023-05-08T16:29:14.879+0000] {sql.py:384} INFO - Rows affected: 1
[2023-05-08T16:29:14.885+0000] {base.py:73} INFO - Using connection ID '***' for task execution.
[2023-05-08T16:29:14.892+0000] {sql.py:375} INFO - Running statement: INSERT INTO song_fact (song_id,popularity,date) VALUES (%s,%s,%s) ON CONFLICT (song_id,date) DO UPDATE SET song_id=EXCLUDED.song_id,popularity=EXCLUDED.popularity,date=EXCLUDED.date, parameters: ('4xalL1bGV2FoRgAVt62mti', 41, '2023-05-08')
[2023-05-08T16:29:14.893+0000] {sql.py:384} INFO - Rows affected: 1
[2023-05-08T16:29:14.900+0000] {base.py:73} INFO - Using connection ID '***' for task execution.
[2023-05-08T16:29:14.906+0000] {sql.py:375} INFO - Running statement: INSERT INTO song_fact (song_id,popularity,date) VALUES (%s,%s,%s) ON CONFLICT (song_id,date) DO UPDATE SET song_id=EXCLUDED.song_id,popularity=EXCLUDED.popularity,date=EXCLUDED.date, parameters: ('7lpUYOCEH6EEOSLF6r1f7r', 47, '2023-05-08')
[2023-05-08T16:29:14.908+0000] {sql.py:384} INFO - Rows affected: 1
[2023-05-08T16:29:14.913+0000] {base.py:73} INFO - Using connection ID '***' for task execution.
[2023-05-08T16:29:14.920+0000] {sql.py:375} INFO - Running statement: INSERT INTO song_fact (song_id,popularity,date) VALUES (%s,%s,%s) ON CONFLICT (song_id,date) DO UPDATE SET song_id=EXCLUDED.song_id,popularity=EXCLUDED.popularity,date=EXCLUDED.date, parameters: ('6MZ91tbZxwwqimJffOoLsW', 61, '2023-05-08')
[2023-05-08T16:29:14.922+0000] {sql.py:384} INFO - Rows affected: 1
[2023-05-08T16:29:14.928+0000] {base.py:73} INFO - Using connection ID '***' for task execution.
[2023-05-08T16:29:14.934+0000] {sql.py:375} INFO - Running statement: INSERT INTO song_fact (song_id,popularity,date) VALUES (%s,%s,%s) ON CONFLICT (song_id,date) DO UPDATE SET song_id=EXCLUDED.song_id,popularity=EXCLUDED.popularity,date=EXCLUDED.date, parameters: ('6UHRvtm1Be1NJOSJMpbGLu', 41, '2023-05-08')
[2023-05-08T16:29:14.936+0000] {sql.py:384} INFO - Rows affected: 1
[2023-05-08T16:29:14.942+0000] {base.py:73} INFO - Using connection ID '***' for task execution.
[2023-05-08T16:29:14.951+0000] {sql.py:375} INFO - Running statement: INSERT INTO song_fact (song_id,popularity,date) VALUES (%s,%s,%s) ON CONFLICT (song_id,date) DO UPDATE SET song_id=EXCLUDED.song_id,popularity=EXCLUDED.popularity,date=EXCLUDED.date, parameters: ('7j8Pum7QmJNtFR5mjniLMu', 51, '2023-05-08')
[2023-05-08T16:29:14.953+0000] {sql.py:384} INFO - Rows affected: 1
[2023-05-08T16:29:14.958+0000] {base.py:73} INFO - Using connection ID '***' for task execution.
[2023-05-08T16:29:14.965+0000] {sql.py:375} INFO - Running statement: INSERT INTO song_fact (song_id,popularity,date) VALUES (%s,%s,%s) ON CONFLICT (song_id,date) DO UPDATE SET song_id=EXCLUDED.song_id,popularity=EXCLUDED.popularity,date=EXCLUDED.date, parameters: ('06hNKFqaLBZ3FrEKlmwpf7', 43, '2023-05-08')
[2023-05-08T16:29:14.966+0000] {sql.py:384} INFO - Rows affected: 1
[2023-05-08T16:29:14.972+0000] {base.py:73} INFO - Using connection ID '***' for task execution.
[2023-05-08T16:29:14.979+0000] {sql.py:375} INFO - Running statement: INSERT INTO song_fact (song_id,popularity,date) VALUES (%s,%s,%s) ON CONFLICT (song_id,date) DO UPDATE SET song_id=EXCLUDED.song_id,popularity=EXCLUDED.popularity,date=EXCLUDED.date, parameters: ('1HIrapG2x5sw0CTJu7VHAH', 38, '2023-05-08')
[2023-05-08T16:29:14.980+0000] {sql.py:384} INFO - Rows affected: 1
[2023-05-08T16:29:14.987+0000] {base.py:73} INFO - Using connection ID '***' for task execution.
[2023-05-08T16:29:14.995+0000] {sql.py:375} INFO - Running statement: INSERT INTO song_fact (song_id,popularity,date) VALUES (%s,%s,%s) ON CONFLICT (song_id,date) DO UPDATE SET song_id=EXCLUDED.song_id,popularity=EXCLUDED.popularity,date=EXCLUDED.date, parameters: ('0EnhumMxDBQ6Ap09rluA4k', 31, '2023-05-08')
[2023-05-08T16:29:14.997+0000] {sql.py:384} INFO - Rows affected: 1
[2023-05-08T16:29:15.003+0000] {base.py:73} INFO - Using connection ID '***' for task execution.
[2023-05-08T16:29:15.010+0000] {sql.py:375} INFO - Running statement: INSERT INTO song_fact (song_id,popularity,date) VALUES (%s,%s,%s) ON CONFLICT (song_id,date) DO UPDATE SET song_id=EXCLUDED.song_id,popularity=EXCLUDED.popularity,date=EXCLUDED.date, parameters: ('4Ptg6MQDWURiKpXzgnsroE', 45, '2023-05-08')
[2023-05-08T16:29:15.012+0000] {sql.py:384} INFO - Rows affected: 1
[2023-05-08T16:29:15.019+0000] {base.py:73} INFO - Using connection ID '***' for task execution.
[2023-05-08T16:29:15.026+0000] {sql.py:375} INFO - Running statement: INSERT INTO song_fact (song_id,popularity,date) VALUES (%s,%s,%s) ON CONFLICT (song_id,date) DO UPDATE SET song_id=EXCLUDED.song_id,popularity=EXCLUDED.popularity,date=EXCLUDED.date, parameters: ('7iTWmRy9u5tkXdkxStO4u7', 31, '2023-05-08')
[2023-05-08T16:29:15.028+0000] {sql.py:384} INFO - Rows affected: 1
[2023-05-08T16:29:15.035+0000] {base.py:73} INFO - Using connection ID '***' for task execution.
[2023-05-08T16:29:15.042+0000] {sql.py:375} INFO - Running statement: INSERT INTO song_fact (song_id,popularity,date) VALUES (%s,%s,%s) ON CONFLICT (song_id,date) DO UPDATE SET song_id=EXCLUDED.song_id,popularity=EXCLUDED.popularity,date=EXCLUDED.date, parameters: ('3iYOMRgZVvlmNahSu9hEWi', 29, '2023-05-08')
[2023-05-08T16:29:15.044+0000] {sql.py:384} INFO - Rows affected: 1
[2023-05-08T16:29:15.050+0000] {base.py:73} INFO - Using connection ID '***' for task execution.
[2023-05-08T16:29:15.057+0000] {sql.py:375} INFO - Running statement: INSERT INTO song_fact (song_id,popularity,date) VALUES (%s,%s,%s) ON CONFLICT (song_id,date) DO UPDATE SET song_id=EXCLUDED.song_id,popularity=EXCLUDED.popularity,date=EXCLUDED.date, parameters: ('3ZPqsNlUyRHebbc6r5gSDD', 48, '2023-05-08')
[2023-05-08T16:29:15.058+0000] {sql.py:384} INFO - Rows affected: 1
[2023-05-08T16:29:15.065+0000] {base.py:73} INFO - Using connection ID '***' for task execution.
[2023-05-08T16:29:15.073+0000] {sql.py:375} INFO - Running statement: INSERT INTO song_fact (song_id,popularity,date) VALUES (%s,%s,%s) ON CONFLICT (song_id,date) DO UPDATE SET song_id=EXCLUDED.song_id,popularity=EXCLUDED.popularity,date=EXCLUDED.date, parameters: ('6ue8qsdLrXbj9UDmhnYkEa', 58, '2023-05-08')
[2023-05-08T16:29:15.074+0000] {sql.py:384} INFO - Rows affected: 1
[2023-05-08T16:29:15.081+0000] {base.py:73} INFO - Using connection ID '***' for task execution.
[2023-05-08T16:29:15.088+0000] {sql.py:375} INFO - Running statement: INSERT INTO song_fact (song_id,popularity,date) VALUES (%s,%s,%s) ON CONFLICT (song_id,date) DO UPDATE SET song_id=EXCLUDED.song_id,popularity=EXCLUDED.popularity,date=EXCLUDED.date, parameters: ('37dVuP5d1BtVDagETMqP3k', 59, '2023-05-08')
[2023-05-08T16:29:15.089+0000] {sql.py:384} INFO - Rows affected: 1
[2023-05-08T16:29:15.095+0000] {base.py:73} INFO - Using connection ID '***' for task execution.
[2023-05-08T16:29:15.103+0000] {sql.py:375} INFO - Running statement: INSERT INTO song_fact (song_id,popularity,date) VALUES (%s,%s,%s) ON CONFLICT (song_id,date) DO UPDATE SET song_id=EXCLUDED.song_id,popularity=EXCLUDED.popularity,date=EXCLUDED.date, parameters: ('0NIVVOcnLUSq73tppaWV9h', 26, '2023-05-08')
[2023-05-08T16:29:15.105+0000] {sql.py:384} INFO - Rows affected: 1
[2023-05-08T16:29:15.111+0000] {base.py:73} INFO - Using connection ID '***' for task execution.
[2023-05-08T16:29:15.118+0000] {sql.py:375} INFO - Running statement: INSERT INTO song_fact (song_id,popularity,date) VALUES (%s,%s,%s) ON CONFLICT (song_id,date) DO UPDATE SET song_id=EXCLUDED.song_id,popularity=EXCLUDED.popularity,date=EXCLUDED.date, parameters: ('4zp8noasnK5XNuNojkVhiy', 57, '2023-05-08')
[2023-05-08T16:29:15.120+0000] {sql.py:384} INFO - Rows affected: 1
[2023-05-08T16:29:15.126+0000] {base.py:73} INFO - Using connection ID '***' for task execution.
[2023-05-08T16:29:15.134+0000] {sql.py:375} INFO - Running statement: INSERT INTO song_fact (song_id,popularity,date) VALUES (%s,%s,%s) ON CONFLICT (song_id,date) DO UPDATE SET song_id=EXCLUDED.song_id,popularity=EXCLUDED.popularity,date=EXCLUDED.date, parameters: ('6wFqLYmiXyGvprbWa4ogm8', 58, '2023-05-08')
[2023-05-08T16:29:15.135+0000] {sql.py:384} INFO - Rows affected: 1
[2023-05-08T16:29:15.143+0000] {base.py:73} INFO - Using connection ID '***' for task execution.
[2023-05-08T16:29:15.149+0000] {sql.py:375} INFO - Running statement: INSERT INTO song_fact (song_id,popularity,date) VALUES (%s,%s,%s) ON CONFLICT (song_id,date) DO UPDATE SET song_id=EXCLUDED.song_id,popularity=EXCLUDED.popularity,date=EXCLUDED.date, parameters: ('0WeFvEY2QEjcKVd8ymli4i', 43, '2023-05-08')
[2023-05-08T16:29:15.151+0000] {sql.py:384} INFO - Rows affected: 1
[2023-05-08T16:29:15.157+0000] {base.py:73} INFO - Using connection ID '***' for task execution.
[2023-05-08T16:29:15.164+0000] {sql.py:375} INFO - Running statement: INSERT INTO song_fact (song_id,popularity,date) VALUES (%s,%s,%s) ON CONFLICT (song_id,date) DO UPDATE SET song_id=EXCLUDED.song_id,popularity=EXCLUDED.popularity,date=EXCLUDED.date, parameters: ('3DErMJzUrtfGUjet3xpUml', 59, '2023-05-08')
[2023-05-08T16:29:15.165+0000] {sql.py:384} INFO - Rows affected: 1
[2023-05-08T16:29:15.172+0000] {base.py:73} INFO - Using connection ID '***' for task execution.
[2023-05-08T16:29:15.179+0000] {sql.py:375} INFO - Running statement: INSERT INTO song_fact (song_id,popularity,date) VALUES (%s,%s,%s) ON CONFLICT (song_id,date) DO UPDATE SET song_id=EXCLUDED.song_id,popularity=EXCLUDED.popularity,date=EXCLUDED.date, parameters: ('3tyOS69tgk87QiY3B6TsPY', 44, '2023-05-08')
[2023-05-08T16:29:15.181+0000] {sql.py:384} INFO - Rows affected: 1
[2023-05-08T16:29:15.188+0000] {base.py:73} INFO - Using connection ID '***' for task execution.
[2023-05-08T16:29:15.196+0000] {sql.py:375} INFO - Running statement: INSERT INTO song_fact (song_id,popularity,date) VALUES (%s,%s,%s) ON CONFLICT (song_id,date) DO UPDATE SET song_id=EXCLUDED.song_id,popularity=EXCLUDED.popularity,date=EXCLUDED.date, parameters: ('6nlZ1HZuqOGypB1dEUlO77', 20, '2023-05-08')
[2023-05-08T16:29:15.197+0000] {sql.py:384} INFO - Rows affected: 1
[2023-05-08T16:29:15.204+0000] {base.py:73} INFO - Using connection ID '***' for task execution.
[2023-05-08T16:29:15.210+0000] {sql.py:375} INFO - Running statement: INSERT INTO song_fact (song_id,popularity,date) VALUES (%s,%s,%s) ON CONFLICT (song_id,date) DO UPDATE SET song_id=EXCLUDED.song_id,popularity=EXCLUDED.popularity,date=EXCLUDED.date, parameters: ('3BvqjMhMCLNlluQagWb589', 25, '2023-05-08')
[2023-05-08T16:29:15.212+0000] {sql.py:384} INFO - Rows affected: 1
[2023-05-08T16:29:15.218+0000] {base.py:73} INFO - Using connection ID '***' for task execution.
[2023-05-08T16:29:15.225+0000] {sql.py:375} INFO - Running statement: INSERT INTO song_fact (song_id,popularity,date) VALUES (%s,%s,%s) ON CONFLICT (song_id,date) DO UPDATE SET song_id=EXCLUDED.song_id,popularity=EXCLUDED.popularity,date=EXCLUDED.date, parameters: ('4hOuJIB1norFj3j84oY2Cq', 58, '2023-05-08')
[2023-05-08T16:29:15.227+0000] {sql.py:384} INFO - Rows affected: 1
[2023-05-08T16:29:15.233+0000] {base.py:73} INFO - Using connection ID '***' for task execution.
[2023-05-08T16:29:15.240+0000] {sql.py:375} INFO - Running statement: INSERT INTO song_fact (song_id,popularity,date) VALUES (%s,%s,%s) ON CONFLICT (song_id,date) DO UPDATE SET song_id=EXCLUDED.song_id,popularity=EXCLUDED.popularity,date=EXCLUDED.date, parameters: ('2YkOpi22nrGAspbEBX5aU8', 40, '2023-05-08')
[2023-05-08T16:29:15.241+0000] {sql.py:384} INFO - Rows affected: 1
[2023-05-08T16:29:15.248+0000] {base.py:73} INFO - Using connection ID '***' for task execution.
[2023-05-08T16:29:15.255+0000] {sql.py:375} INFO - Running statement: INSERT INTO song_fact (song_id,popularity,date) VALUES (%s,%s,%s) ON CONFLICT (song_id,date) DO UPDATE SET song_id=EXCLUDED.song_id,popularity=EXCLUDED.popularity,date=EXCLUDED.date, parameters: ('5l5SMWVPhVlJOmYFzDmJvY', 59, '2023-05-08')
[2023-05-08T16:29:15.256+0000] {sql.py:384} INFO - Rows affected: 1
[2023-05-08T16:29:15.262+0000] {base.py:73} INFO - Using connection ID '***' for task execution.
[2023-05-08T16:29:15.269+0000] {sql.py:375} INFO - Running statement: INSERT INTO song_fact (song_id,popularity,date) VALUES (%s,%s,%s) ON CONFLICT (song_id,date) DO UPDATE SET song_id=EXCLUDED.song_id,popularity=EXCLUDED.popularity,date=EXCLUDED.date, parameters: ('4GRLGjwgWzZ33HQU3BIdH9', 51, '2023-05-08')
[2023-05-08T16:29:15.271+0000] {sql.py:384} INFO - Rows affected: 1
[2023-05-08T16:29:15.278+0000] {base.py:73} INFO - Using connection ID '***' for task execution.
[2023-05-08T16:29:15.285+0000] {sql.py:375} INFO - Running statement: INSERT INTO song_fact (song_id,popularity,date) VALUES (%s,%s,%s) ON CONFLICT (song_id,date) DO UPDATE SET song_id=EXCLUDED.song_id,popularity=EXCLUDED.popularity,date=EXCLUDED.date, parameters: ('1akuKqHyYofuNsvLfvNPBe', 32, '2023-05-08')
[2023-05-08T16:29:15.287+0000] {sql.py:384} INFO - Rows affected: 1
[2023-05-08T16:29:15.294+0000] {base.py:73} INFO - Using connection ID '***' for task execution.
[2023-05-08T16:29:15.301+0000] {sql.py:375} INFO - Running statement: INSERT INTO song_fact (song_id,popularity,date) VALUES (%s,%s,%s) ON CONFLICT (song_id,date) DO UPDATE SET song_id=EXCLUDED.song_id,popularity=EXCLUDED.popularity,date=EXCLUDED.date, parameters: ('2BSICryahPlMusTqQDrsYe', 23, '2023-05-08')
[2023-05-08T16:29:15.302+0000] {sql.py:384} INFO - Rows affected: 1
[2023-05-08T16:29:15.308+0000] {base.py:73} INFO - Using connection ID '***' for task execution.
[2023-05-08T16:29:15.315+0000] {sql.py:375} INFO - Running statement: INSERT INTO song_fact (song_id,popularity,date) VALUES (%s,%s,%s) ON CONFLICT (song_id,date) DO UPDATE SET song_id=EXCLUDED.song_id,popularity=EXCLUDED.popularity,date=EXCLUDED.date, parameters: ('6tiENvREXsXPDdnMGoioP0', 40, '2023-05-08')
[2023-05-08T16:29:15.317+0000] {sql.py:384} INFO - Rows affected: 1
[2023-05-08T16:29:15.323+0000] {base.py:73} INFO - Using connection ID '***' for task execution.
[2023-05-08T16:29:15.330+0000] {sql.py:375} INFO - Running statement: INSERT INTO song_fact (song_id,popularity,date) VALUES (%s,%s,%s) ON CONFLICT (song_id,date) DO UPDATE SET song_id=EXCLUDED.song_id,popularity=EXCLUDED.popularity,date=EXCLUDED.date, parameters: ('5oLnXmEdr6h92pFNtBgJVR', 41, '2023-05-08')
[2023-05-08T16:29:15.333+0000] {sql.py:384} INFO - Rows affected: 1
[2023-05-08T16:29:15.339+0000] {base.py:73} INFO - Using connection ID '***' for task execution.
[2023-05-08T16:29:15.346+0000] {sql.py:375} INFO - Running statement: INSERT INTO song_fact (song_id,popularity,date) VALUES (%s,%s,%s) ON CONFLICT (song_id,date) DO UPDATE SET song_id=EXCLUDED.song_id,popularity=EXCLUDED.popularity,date=EXCLUDED.date, parameters: ('1rCdmjQUxxdvcCY92D7UiR', 49, '2023-05-08')
[2023-05-08T16:29:15.348+0000] {sql.py:384} INFO - Rows affected: 1
[2023-05-08T16:29:15.354+0000] {base.py:73} INFO - Using connection ID '***' for task execution.
[2023-05-08T16:29:15.362+0000] {sql.py:375} INFO - Running statement: INSERT INTO song_fact (song_id,popularity,date) VALUES (%s,%s,%s) ON CONFLICT (song_id,date) DO UPDATE SET song_id=EXCLUDED.song_id,popularity=EXCLUDED.popularity,date=EXCLUDED.date, parameters: ('1Juo9g0Rjxo6fxOmr8N3wV', 33, '2023-05-08')
[2023-05-08T16:29:15.364+0000] {sql.py:384} INFO - Rows affected: 1
[2023-05-08T16:29:15.371+0000] {base.py:73} INFO - Using connection ID '***' for task execution.
[2023-05-08T16:29:15.378+0000] {sql.py:375} INFO - Running statement: INSERT INTO song_fact (song_id,popularity,date) VALUES (%s,%s,%s) ON CONFLICT (song_id,date) DO UPDATE SET song_id=EXCLUDED.song_id,popularity=EXCLUDED.popularity,date=EXCLUDED.date, parameters: ('6NTD9xwzvTisuBhDxSvldL', 35, '2023-05-08')
[2023-05-08T16:29:15.380+0000] {sql.py:384} INFO - Rows affected: 1
[2023-05-08T16:29:15.387+0000] {base.py:73} INFO - Using connection ID '***' for task execution.
[2023-05-08T16:29:15.394+0000] {sql.py:375} INFO - Running statement: INSERT INTO song_fact (song_id,popularity,date) VALUES (%s,%s,%s) ON CONFLICT (song_id,date) DO UPDATE SET song_id=EXCLUDED.song_id,popularity=EXCLUDED.popularity,date=EXCLUDED.date, parameters: ('3v61DyG93LsHgpAtCaXMYV', 38, '2023-05-08')
[2023-05-08T16:29:15.396+0000] {sql.py:384} INFO - Rows affected: 1
[2023-05-08T16:29:15.403+0000] {base.py:73} INFO - Using connection ID '***' for task execution.
[2023-05-08T16:29:15.411+0000] {sql.py:375} INFO - Running statement: INSERT INTO song_fact (song_id,popularity,date) VALUES (%s,%s,%s) ON CONFLICT (song_id,date) DO UPDATE SET song_id=EXCLUDED.song_id,popularity=EXCLUDED.popularity,date=EXCLUDED.date, parameters: ('5OxGWmF7NIZ1q2JM3bxeOr', 50, '2023-05-08')
[2023-05-08T16:29:15.413+0000] {sql.py:384} INFO - Rows affected: 1
[2023-05-08T16:29:15.420+0000] {base.py:73} INFO - Using connection ID '***' for task execution.
[2023-05-08T16:29:15.428+0000] {sql.py:375} INFO - Running statement: INSERT INTO song_fact (song_id,popularity,date) VALUES (%s,%s,%s) ON CONFLICT (song_id,date) DO UPDATE SET song_id=EXCLUDED.song_id,popularity=EXCLUDED.popularity,date=EXCLUDED.date, parameters: ('0nygzznhANm4uiBwhUkE6o', 50, '2023-05-08')
[2023-05-08T16:29:15.429+0000] {sql.py:384} INFO - Rows affected: 1
[2023-05-08T16:29:15.436+0000] {base.py:73} INFO - Using connection ID '***' for task execution.
[2023-05-08T16:29:15.443+0000] {sql.py:375} INFO - Running statement: INSERT INTO song_fact (song_id,popularity,date) VALUES (%s,%s,%s) ON CONFLICT (song_id,date) DO UPDATE SET song_id=EXCLUDED.song_id,popularity=EXCLUDED.popularity,date=EXCLUDED.date, parameters: ('2Y4ol1FiPdSPMwaEMJgXMN', 55, '2023-05-08')
[2023-05-08T16:29:15.445+0000] {sql.py:384} INFO - Rows affected: 1
[2023-05-08T16:29:15.451+0000] {base.py:73} INFO - Using connection ID '***' for task execution.
[2023-05-08T16:29:15.458+0000] {sql.py:375} INFO - Running statement: INSERT INTO song_fact (song_id,popularity,date) VALUES (%s,%s,%s) ON CONFLICT (song_id,date) DO UPDATE SET song_id=EXCLUDED.song_id,popularity=EXCLUDED.popularity,date=EXCLUDED.date, parameters: ('5ui2l0pTXT0cjHB1gw4MEa', 16, '2023-05-08')
[2023-05-08T16:29:15.459+0000] {sql.py:384} INFO - Rows affected: 1
[2023-05-08T16:29:15.465+0000] {base.py:73} INFO - Using connection ID '***' for task execution.
[2023-05-08T16:29:15.472+0000] {sql.py:375} INFO - Running statement: INSERT INTO song_fact (song_id,popularity,date) VALUES (%s,%s,%s) ON CONFLICT (song_id,date) DO UPDATE SET song_id=EXCLUDED.song_id,popularity=EXCLUDED.popularity,date=EXCLUDED.date, parameters: ('79iuMoPY5U9jVQfLIWN3xO', 26, '2023-05-08')
[2023-05-08T16:29:15.474+0000] {sql.py:384} INFO - Rows affected: 1
[2023-05-08T16:29:15.480+0000] {base.py:73} INFO - Using connection ID '***' for task execution.
[2023-05-08T16:29:15.494+0000] {sql.py:375} INFO - Running statement: INSERT INTO song_fact (song_id,popularity,date) VALUES (%s,%s,%s) ON CONFLICT (song_id,date) DO UPDATE SET song_id=EXCLUDED.song_id,popularity=EXCLUDED.popularity,date=EXCLUDED.date, parameters: ('7d01oOW0gldyGW8hlUVN1J', 27, '2023-05-08')
[2023-05-08T16:29:15.495+0000] {sql.py:384} INFO - Rows affected: 1
[2023-05-08T16:29:15.502+0000] {base.py:73} INFO - Using connection ID '***' for task execution.
[2023-05-08T16:29:15.510+0000] {sql.py:375} INFO - Running statement: INSERT INTO song_fact (song_id,popularity,date) VALUES (%s,%s,%s) ON CONFLICT (song_id,date) DO UPDATE SET song_id=EXCLUDED.song_id,popularity=EXCLUDED.popularity,date=EXCLUDED.date, parameters: ('1cOVM7E3WZchifwUBf1FHT', 49, '2023-05-08')
[2023-05-08T16:29:15.512+0000] {sql.py:384} INFO - Rows affected: 1
[2023-05-08T16:29:15.518+0000] {base.py:73} INFO - Using connection ID '***' for task execution.
[2023-05-08T16:29:15.525+0000] {sql.py:375} INFO - Running statement: INSERT INTO song_fact (song_id,popularity,date) VALUES (%s,%s,%s) ON CONFLICT (song_id,date) DO UPDATE SET song_id=EXCLUDED.song_id,popularity=EXCLUDED.popularity,date=EXCLUDED.date, parameters: ('3leQHWQif6ZH4mKRUk3YkW', 28, '2023-05-08')
[2023-05-08T16:29:15.526+0000] {sql.py:384} INFO - Rows affected: 1
[2023-05-08T16:29:15.532+0000] {base.py:73} INFO - Using connection ID '***' for task execution.
[2023-05-08T16:29:15.539+0000] {sql.py:375} INFO - Running statement: INSERT INTO song_fact (song_id,popularity,date) VALUES (%s,%s,%s) ON CONFLICT (song_id,date) DO UPDATE SET song_id=EXCLUDED.song_id,popularity=EXCLUDED.popularity,date=EXCLUDED.date, parameters: ('0tBQVOAtBpqdQK2ExkbHZX', 32, '2023-05-08')
[2023-05-08T16:29:15.540+0000] {sql.py:384} INFO - Rows affected: 1
[2023-05-08T16:29:15.547+0000] {base.py:73} INFO - Using connection ID '***' for task execution.
[2023-05-08T16:29:15.553+0000] {sql.py:375} INFO - Running statement: INSERT INTO song_fact (song_id,popularity,date) VALUES (%s,%s,%s) ON CONFLICT (song_id,date) DO UPDATE SET song_id=EXCLUDED.song_id,popularity=EXCLUDED.popularity,date=EXCLUDED.date, parameters: ('2UFxllzBQap2AqgpeqHUKX', 39, '2023-05-08')
[2023-05-08T16:29:15.555+0000] {sql.py:384} INFO - Rows affected: 1
[2023-05-08T16:29:15.561+0000] {base.py:73} INFO - Using connection ID '***' for task execution.
[2023-05-08T16:29:15.568+0000] {sql.py:375} INFO - Running statement: INSERT INTO song_fact (song_id,popularity,date) VALUES (%s,%s,%s) ON CONFLICT (song_id,date) DO UPDATE SET song_id=EXCLUDED.song_id,popularity=EXCLUDED.popularity,date=EXCLUDED.date, parameters: ('0hBCGjhWa8Z9ou9JLighrR', 43, '2023-05-08')
[2023-05-08T16:29:15.570+0000] {sql.py:384} INFO - Rows affected: 1
[2023-05-08T16:29:15.577+0000] {base.py:73} INFO - Using connection ID '***' for task execution.
[2023-05-08T16:29:15.584+0000] {sql.py:375} INFO - Running statement: INSERT INTO song_fact (song_id,popularity,date) VALUES (%s,%s,%s) ON CONFLICT (song_id,date) DO UPDATE SET song_id=EXCLUDED.song_id,popularity=EXCLUDED.popularity,date=EXCLUDED.date, parameters: ('7cELheBXF3jIShGuewCy44', 54, '2023-05-08')
[2023-05-08T16:29:15.585+0000] {sql.py:384} INFO - Rows affected: 1
[2023-05-08T16:29:15.592+0000] {base.py:73} INFO - Using connection ID '***' for task execution.
[2023-05-08T16:29:15.602+0000] {sql.py:375} INFO - Running statement: INSERT INTO song_fact (song_id,popularity,date) VALUES (%s,%s,%s) ON CONFLICT (song_id,date) DO UPDATE SET song_id=EXCLUDED.song_id,popularity=EXCLUDED.popularity,date=EXCLUDED.date, parameters: ('5bwSx1hwmUivlUgY9UhfEB', 46, '2023-05-08')
[2023-05-08T16:29:15.603+0000] {sql.py:384} INFO - Rows affected: 1
[2023-05-08T16:29:15.610+0000] {base.py:73} INFO - Using connection ID '***' for task execution.
[2023-05-08T16:29:15.617+0000] {sql.py:375} INFO - Running statement: INSERT INTO song_fact (song_id,popularity,date) VALUES (%s,%s,%s) ON CONFLICT (song_id,date) DO UPDATE SET song_id=EXCLUDED.song_id,popularity=EXCLUDED.popularity,date=EXCLUDED.date, parameters: ('1Sl3gcmaeiU3vOMPpeM98V', 51, '2023-05-08')
[2023-05-08T16:29:15.618+0000] {sql.py:384} INFO - Rows affected: 1
[2023-05-08T16:29:15.624+0000] {base.py:73} INFO - Using connection ID '***' for task execution.
[2023-05-08T16:29:15.631+0000] {sql.py:375} INFO - Running statement: INSERT INTO song_fact (song_id,popularity,date) VALUES (%s,%s,%s) ON CONFLICT (song_id,date) DO UPDATE SET song_id=EXCLUDED.song_id,popularity=EXCLUDED.popularity,date=EXCLUDED.date, parameters: ('7JdarpX08FLhmfNZpxqgUO', 56, '2023-05-08')
[2023-05-08T16:29:15.633+0000] {sql.py:384} INFO - Rows affected: 1
[2023-05-08T16:29:15.639+0000] {base.py:73} INFO - Using connection ID '***' for task execution.
[2023-05-08T16:29:15.646+0000] {sql.py:375} INFO - Running statement: INSERT INTO song_fact (song_id,popularity,date) VALUES (%s,%s,%s) ON CONFLICT (song_id,date) DO UPDATE SET song_id=EXCLUDED.song_id,popularity=EXCLUDED.popularity,date=EXCLUDED.date, parameters: ('4TwVtW8hS5LyLoDtJGpUOg', 62, '2023-05-08')
[2023-05-08T16:29:15.647+0000] {sql.py:384} INFO - Rows affected: 1
[2023-05-08T16:29:15.654+0000] {base.py:73} INFO - Using connection ID '***' for task execution.
[2023-05-08T16:29:15.661+0000] {sql.py:375} INFO - Running statement: INSERT INTO song_fact (song_id,popularity,date) VALUES (%s,%s,%s) ON CONFLICT (song_id,date) DO UPDATE SET song_id=EXCLUDED.song_id,popularity=EXCLUDED.popularity,date=EXCLUDED.date, parameters: ('30AnNG3dFbHLQuSbIVWEbF', 47, '2023-05-08')
[2023-05-08T16:29:15.663+0000] {sql.py:384} INFO - Rows affected: 1
[2023-05-08T16:29:15.664+0000] {python.py:183} INFO - Done. Returned value was: None
[2023-05-08T16:29:15.673+0000] {taskinstance.py:1373} INFO - Marking task as SUCCESS. dag_id=Summer_Warped_ETL, task_id=LoadData.LoadSongFact, execution_date=20230508T160958, start_date=20230508T162908, end_date=20230508T162915
[2023-05-08T16:29:15.729+0000] {local_task_job_runner.py:232} INFO - Task exited with return code 0
[2023-05-08T16:29:15.749+0000] {taskinstance.py:2674} INFO - 1 downstream tasks scheduled from follow-on schedule check
