[2023-05-09T02:08:50.770+0000] {taskinstance.py:1125} INFO - Dependencies all met for dep_context=non-requeueable deps ti=<TaskInstance: Summer_Warped_ETL.LoadData.LoadSongFact manual__2023-05-08T16:09:58.195696+00:00 [queued]>
[2023-05-09T02:08:50.775+0000] {taskinstance.py:1125} INFO - Dependencies all met for dep_context=requeueable deps ti=<TaskInstance: Summer_Warped_ETL.LoadData.LoadSongFact manual__2023-05-08T16:09:58.195696+00:00 [queued]>
[2023-05-09T02:08:50.776+0000] {taskinstance.py:1331} INFO - Starting attempt 11 of 13
[2023-05-09T02:08:50.783+0000] {taskinstance.py:1350} INFO - Executing <Task(PythonOperator): LoadData.LoadSongFact> on 2023-05-08 16:09:58.195696+00:00
[2023-05-09T02:08:50.788+0000] {standard_task_runner.py:57} INFO - Started process 5949 to run task
[2023-05-09T02:08:50.791+0000] {standard_task_runner.py:84} INFO - Running: ['***', 'tasks', 'run', 'Summer_Warped_ETL', 'LoadData.LoadSongFact', 'manual__2023-05-08T16:09:58.195696+00:00', '--job-id', '2670', '--raw', '--subdir', 'DAGS_FOLDER/warped-dag.py', '--cfg-path', '/tmp/tmp27d8jexg']
[2023-05-09T02:08:50.792+0000] {standard_task_runner.py:85} INFO - Job 2670: Subtask LoadData.LoadSongFact
[2023-05-09T02:08:50.825+0000] {task_command.py:410} INFO - Running <TaskInstance: Summer_Warped_ETL.LoadData.LoadSongFact manual__2023-05-08T16:09:58.195696+00:00 [running]> on host 7b4753e133cb
[2023-05-09T02:08:50.878+0000] {taskinstance.py:1570} INFO - Exporting env vars: AIRFLOW_CTX_DAG_OWNER='Ananta Moharana' AIRFLOW_CTX_DAG_ID='Summer_Warped_ETL' AIRFLOW_CTX_TASK_ID='LoadData.LoadSongFact' AIRFLOW_CTX_EXECUTION_DATE='2023-05-08T16:09:58.195696+00:00' AIRFLOW_CTX_TRY_NUMBER='11' AIRFLOW_CTX_DAG_RUN_ID='manual__2023-05-08T16:09:58.195696+00:00'
[2023-05-09T02:08:50.882+0000] {logging_mixin.py:149} INFO - 2023-05/song_fact.csv
[2023-05-09T02:08:50.890+0000] {base.py:73} INFO - Using connection ID 'aws_connection' for task execution.
[2023-05-09T02:08:50.891+0000] {connection_wrapper.py:337} INFO - AWS Connection (conn_id='aws_connection', conn_type='aws') credentials retrieved from login and password.
[2023-05-09T02:08:51.075+0000] {logging_mixin.py:149} INFO -                   song_id  popularity        date
0  2SWK4LJWLyev4yVYIVhjEV          33  2023-05-09
1  6PGqbqEuh9naY4DaZCfuFp          40  2023-05-09
2  7BQ1bO60AKrJdaHxfSeU0w          41  2023-05-09
3  3kx8NAbhl29I2bx1e5V1GS          33  2023-05-09
4  4A8XN6nMGahLTMLMPKVBKd          37  2023-05-09
[2023-05-09T02:08:51.076+0000] {logging_mixin.py:149} INFO - INSERT INTO song_fact (song_id,popularity,date) VALUES (%s,%s,%s) ON CONFLICT (song_id,date) DO UPDATE SET song_id=EXCLUDED.song_id,popularity=EXCLUDED.popularity,date=EXCLUDED.date
[2023-05-09T02:08:51.083+0000] {base.py:73} INFO - Using connection ID '***' for task execution.
[2023-05-09T02:08:51.090+0000] {sql.py:375} INFO - Running statement: INSERT INTO song_fact (song_id,popularity,date) VALUES (%s,%s,%s) ON CONFLICT (song_id,date) DO UPDATE SET song_id=EXCLUDED.song_id,popularity=EXCLUDED.popularity,date=EXCLUDED.date, parameters: ('2SWK4LJWLyev4yVYIVhjEV', 33, '2023-05-09')
[2023-05-09T02:08:51.091+0000] {sql.py:384} INFO - Rows affected: 1
[2023-05-09T02:08:51.098+0000] {base.py:73} INFO - Using connection ID '***' for task execution.
[2023-05-09T02:08:51.104+0000] {sql.py:375} INFO - Running statement: INSERT INTO song_fact (song_id,popularity,date) VALUES (%s,%s,%s) ON CONFLICT (song_id,date) DO UPDATE SET song_id=EXCLUDED.song_id,popularity=EXCLUDED.popularity,date=EXCLUDED.date, parameters: ('6PGqbqEuh9naY4DaZCfuFp', 40, '2023-05-09')
[2023-05-09T02:08:51.106+0000] {sql.py:384} INFO - Rows affected: 1
[2023-05-09T02:08:51.111+0000] {base.py:73} INFO - Using connection ID '***' for task execution.
[2023-05-09T02:08:51.119+0000] {sql.py:375} INFO - Running statement: INSERT INTO song_fact (song_id,popularity,date) VALUES (%s,%s,%s) ON CONFLICT (song_id,date) DO UPDATE SET song_id=EXCLUDED.song_id,popularity=EXCLUDED.popularity,date=EXCLUDED.date, parameters: ('7BQ1bO60AKrJdaHxfSeU0w', 41, '2023-05-09')
[2023-05-09T02:08:51.120+0000] {sql.py:384} INFO - Rows affected: 1
[2023-05-09T02:08:51.126+0000] {base.py:73} INFO - Using connection ID '***' for task execution.
[2023-05-09T02:08:51.132+0000] {sql.py:375} INFO - Running statement: INSERT INTO song_fact (song_id,popularity,date) VALUES (%s,%s,%s) ON CONFLICT (song_id,date) DO UPDATE SET song_id=EXCLUDED.song_id,popularity=EXCLUDED.popularity,date=EXCLUDED.date, parameters: ('3kx8NAbhl29I2bx1e5V1GS', 33, '2023-05-09')
[2023-05-09T02:08:51.133+0000] {sql.py:384} INFO - Rows affected: 1
[2023-05-09T02:08:51.139+0000] {base.py:73} INFO - Using connection ID '***' for task execution.
[2023-05-09T02:08:51.146+0000] {sql.py:375} INFO - Running statement: INSERT INTO song_fact (song_id,popularity,date) VALUES (%s,%s,%s) ON CONFLICT (song_id,date) DO UPDATE SET song_id=EXCLUDED.song_id,popularity=EXCLUDED.popularity,date=EXCLUDED.date, parameters: ('4A8XN6nMGahLTMLMPKVBKd', 37, '2023-05-09')
[2023-05-09T02:08:51.147+0000] {sql.py:384} INFO - Rows affected: 1
[2023-05-09T02:08:51.152+0000] {base.py:73} INFO - Using connection ID '***' for task execution.
[2023-05-09T02:08:51.158+0000] {sql.py:375} INFO - Running statement: INSERT INTO song_fact (song_id,popularity,date) VALUES (%s,%s,%s) ON CONFLICT (song_id,date) DO UPDATE SET song_id=EXCLUDED.song_id,popularity=EXCLUDED.popularity,date=EXCLUDED.date, parameters: ('1LmNhEkyaKl1mSJDNSNwjZ', 38, '2023-05-09')
[2023-05-09T02:08:51.159+0000] {sql.py:384} INFO - Rows affected: 1
[2023-05-09T02:08:51.165+0000] {base.py:73} INFO - Using connection ID '***' for task execution.
[2023-05-09T02:08:51.170+0000] {sql.py:375} INFO - Running statement: INSERT INTO song_fact (song_id,popularity,date) VALUES (%s,%s,%s) ON CONFLICT (song_id,date) DO UPDATE SET song_id=EXCLUDED.song_id,popularity=EXCLUDED.popularity,date=EXCLUDED.date, parameters: ('7wIcRhedBpZGpLf9PGKUEh', 47, '2023-05-09')
[2023-05-09T02:08:51.172+0000] {sql.py:384} INFO - Rows affected: 1
[2023-05-09T02:08:51.178+0000] {base.py:73} INFO - Using connection ID '***' for task execution.
[2023-05-09T02:08:51.184+0000] {sql.py:375} INFO - Running statement: INSERT INTO song_fact (song_id,popularity,date) VALUES (%s,%s,%s) ON CONFLICT (song_id,date) DO UPDATE SET song_id=EXCLUDED.song_id,popularity=EXCLUDED.popularity,date=EXCLUDED.date, parameters: ('1ioQDNCREA6I1BVg8VuD7Z', 44, '2023-05-09')
[2023-05-09T02:08:51.185+0000] {sql.py:384} INFO - Rows affected: 1
[2023-05-09T02:08:51.191+0000] {base.py:73} INFO - Using connection ID '***' for task execution.
[2023-05-09T02:08:51.196+0000] {sql.py:375} INFO - Running statement: INSERT INTO song_fact (song_id,popularity,date) VALUES (%s,%s,%s) ON CONFLICT (song_id,date) DO UPDATE SET song_id=EXCLUDED.song_id,popularity=EXCLUDED.popularity,date=EXCLUDED.date, parameters: ('5CsHSdXkw5hxN9LOwHn5mZ', 41, '2023-05-09')
[2023-05-09T02:08:51.198+0000] {sql.py:384} INFO - Rows affected: 1
[2023-05-09T02:08:51.203+0000] {base.py:73} INFO - Using connection ID '***' for task execution.
[2023-05-09T02:08:51.210+0000] {sql.py:375} INFO - Running statement: INSERT INTO song_fact (song_id,popularity,date) VALUES (%s,%s,%s) ON CONFLICT (song_id,date) DO UPDATE SET song_id=EXCLUDED.song_id,popularity=EXCLUDED.popularity,date=EXCLUDED.date, parameters: ('32FMAbZAzs3D70UuvnN6y4', 53, '2023-05-09')
[2023-05-09T02:08:51.212+0000] {sql.py:384} INFO - Rows affected: 1
[2023-05-09T02:08:51.218+0000] {base.py:73} INFO - Using connection ID '***' for task execution.
[2023-05-09T02:08:51.225+0000] {sql.py:375} INFO - Running statement: INSERT INTO song_fact (song_id,popularity,date) VALUES (%s,%s,%s) ON CONFLICT (song_id,date) DO UPDATE SET song_id=EXCLUDED.song_id,popularity=EXCLUDED.popularity,date=EXCLUDED.date, parameters: ('2fx3JQWD6evgucAoArYojR', 34, '2023-05-09')
[2023-05-09T02:08:51.227+0000] {sql.py:384} INFO - Rows affected: 1
[2023-05-09T02:08:51.233+0000] {base.py:73} INFO - Using connection ID '***' for task execution.
[2023-05-09T02:08:51.239+0000] {sql.py:375} INFO - Running statement: INSERT INTO song_fact (song_id,popularity,date) VALUES (%s,%s,%s) ON CONFLICT (song_id,date) DO UPDATE SET song_id=EXCLUDED.song_id,popularity=EXCLUDED.popularity,date=EXCLUDED.date, parameters: ('6sLGpYvLDqGCdX9G1sV7rH', 33, '2023-05-09')
[2023-05-09T02:08:51.241+0000] {sql.py:384} INFO - Rows affected: 1
[2023-05-09T02:08:51.247+0000] {base.py:73} INFO - Using connection ID '***' for task execution.
[2023-05-09T02:08:51.253+0000] {sql.py:375} INFO - Running statement: INSERT INTO song_fact (song_id,popularity,date) VALUES (%s,%s,%s) ON CONFLICT (song_id,date) DO UPDATE SET song_id=EXCLUDED.song_id,popularity=EXCLUDED.popularity,date=EXCLUDED.date, parameters: ('1hV0Ue00iyNCZvb1n0VyGf', 54, '2023-05-09')
[2023-05-09T02:08:51.255+0000] {sql.py:384} INFO - Rows affected: 1
[2023-05-09T02:08:51.261+0000] {base.py:73} INFO - Using connection ID '***' for task execution.
[2023-05-09T02:08:51.266+0000] {sql.py:375} INFO - Running statement: INSERT INTO song_fact (song_id,popularity,date) VALUES (%s,%s,%s) ON CONFLICT (song_id,date) DO UPDATE SET song_id=EXCLUDED.song_id,popularity=EXCLUDED.popularity,date=EXCLUDED.date, parameters: ('1XnnLXcvFd21B25H4IHEIY', 54, '2023-05-09')
[2023-05-09T02:08:51.268+0000] {sql.py:384} INFO - Rows affected: 1
[2023-05-09T02:08:51.274+0000] {base.py:73} INFO - Using connection ID '***' for task execution.
[2023-05-09T02:08:51.279+0000] {sql.py:375} INFO - Running statement: INSERT INTO song_fact (song_id,popularity,date) VALUES (%s,%s,%s) ON CONFLICT (song_id,date) DO UPDATE SET song_id=EXCLUDED.song_id,popularity=EXCLUDED.popularity,date=EXCLUDED.date, parameters: ('5cSg8SdClubjZ32WrKwzAW', 45, '2023-05-09')
[2023-05-09T02:08:51.281+0000] {sql.py:384} INFO - Rows affected: 1
[2023-05-09T02:08:51.287+0000] {base.py:73} INFO - Using connection ID '***' for task execution.
[2023-05-09T02:08:51.293+0000] {sql.py:375} INFO - Running statement: INSERT INTO song_fact (song_id,popularity,date) VALUES (%s,%s,%s) ON CONFLICT (song_id,date) DO UPDATE SET song_id=EXCLUDED.song_id,popularity=EXCLUDED.popularity,date=EXCLUDED.date, parameters: ('5vsmYBZnG3kL6RWul1B4c9', 37, '2023-05-09')
[2023-05-09T02:08:51.294+0000] {sql.py:384} INFO - Rows affected: 1
[2023-05-09T02:08:51.301+0000] {base.py:73} INFO - Using connection ID '***' for task execution.
[2023-05-09T02:08:51.308+0000] {sql.py:375} INFO - Running statement: INSERT INTO song_fact (song_id,popularity,date) VALUES (%s,%s,%s) ON CONFLICT (song_id,date) DO UPDATE SET song_id=EXCLUDED.song_id,popularity=EXCLUDED.popularity,date=EXCLUDED.date, parameters: ('14FdeSXWFUosFEevBfOyPb', 34, '2023-05-09')
[2023-05-09T02:08:51.310+0000] {sql.py:384} INFO - Rows affected: 1
[2023-05-09T02:08:51.316+0000] {base.py:73} INFO - Using connection ID '***' for task execution.
[2023-05-09T02:08:51.324+0000] {sql.py:375} INFO - Running statement: INSERT INTO song_fact (song_id,popularity,date) VALUES (%s,%s,%s) ON CONFLICT (song_id,date) DO UPDATE SET song_id=EXCLUDED.song_id,popularity=EXCLUDED.popularity,date=EXCLUDED.date, parameters: ('3nIlBeSIVnDbWFO3mExxV2', 58, '2023-05-09')
[2023-05-09T02:08:51.326+0000] {sql.py:384} INFO - Rows affected: 1
[2023-05-09T02:08:51.333+0000] {base.py:73} INFO - Using connection ID '***' for task execution.
[2023-05-09T02:08:51.339+0000] {sql.py:375} INFO - Running statement: INSERT INTO song_fact (song_id,popularity,date) VALUES (%s,%s,%s) ON CONFLICT (song_id,date) DO UPDATE SET song_id=EXCLUDED.song_id,popularity=EXCLUDED.popularity,date=EXCLUDED.date, parameters: ('4zjkYaWZcr6QNr0YkcZQgK', 31, '2023-05-09')
[2023-05-09T02:08:51.341+0000] {sql.py:384} INFO - Rows affected: 1
[2023-05-09T02:08:51.347+0000] {base.py:73} INFO - Using connection ID '***' for task execution.
[2023-05-09T02:08:51.355+0000] {sql.py:375} INFO - Running statement: INSERT INTO song_fact (song_id,popularity,date) VALUES (%s,%s,%s) ON CONFLICT (song_id,date) DO UPDATE SET song_id=EXCLUDED.song_id,popularity=EXCLUDED.popularity,date=EXCLUDED.date, parameters: ('495p4HdTEzWJ7CkLYD51wO', 49, '2023-05-09')
[2023-05-09T02:08:51.357+0000] {sql.py:384} INFO - Rows affected: 1
[2023-05-09T02:08:51.363+0000] {base.py:73} INFO - Using connection ID '***' for task execution.
[2023-05-09T02:08:51.370+0000] {sql.py:375} INFO - Running statement: INSERT INTO song_fact (song_id,popularity,date) VALUES (%s,%s,%s) ON CONFLICT (song_id,date) DO UPDATE SET song_id=EXCLUDED.song_id,popularity=EXCLUDED.popularity,date=EXCLUDED.date, parameters: ('2Vgp8Ah9NuTTKDfQykl0f8', 48, '2023-05-09')
[2023-05-09T02:08:51.372+0000] {sql.py:384} INFO - Rows affected: 1
[2023-05-09T02:08:51.379+0000] {base.py:73} INFO - Using connection ID '***' for task execution.
[2023-05-09T02:08:51.385+0000] {sql.py:375} INFO - Running statement: INSERT INTO song_fact (song_id,popularity,date) VALUES (%s,%s,%s) ON CONFLICT (song_id,date) DO UPDATE SET song_id=EXCLUDED.song_id,popularity=EXCLUDED.popularity,date=EXCLUDED.date, parameters: ('37y67nNfTNLfMbCh6Mn5PL', 46, '2023-05-09')
[2023-05-09T02:08:51.386+0000] {sql.py:384} INFO - Rows affected: 1
[2023-05-09T02:08:51.393+0000] {base.py:73} INFO - Using connection ID '***' for task execution.
[2023-05-09T02:08:51.401+0000] {sql.py:375} INFO - Running statement: INSERT INTO song_fact (song_id,popularity,date) VALUES (%s,%s,%s) ON CONFLICT (song_id,date) DO UPDATE SET song_id=EXCLUDED.song_id,popularity=EXCLUDED.popularity,date=EXCLUDED.date, parameters: ('63PBsYANeKAvmW6vMMus4Y', 46, '2023-05-09')
[2023-05-09T02:08:51.403+0000] {sql.py:384} INFO - Rows affected: 1
[2023-05-09T02:08:51.410+0000] {base.py:73} INFO - Using connection ID '***' for task execution.
[2023-05-09T02:08:51.417+0000] {sql.py:375} INFO - Running statement: INSERT INTO song_fact (song_id,popularity,date) VALUES (%s,%s,%s) ON CONFLICT (song_id,date) DO UPDATE SET song_id=EXCLUDED.song_id,popularity=EXCLUDED.popularity,date=EXCLUDED.date, parameters: ('7aGsybFB60iTiG1AyyeVpF', 0, '2023-05-09')
[2023-05-09T02:08:51.419+0000] {sql.py:384} INFO - Rows affected: 1
[2023-05-09T02:08:51.425+0000] {base.py:73} INFO - Using connection ID '***' for task execution.
[2023-05-09T02:08:51.431+0000] {sql.py:375} INFO - Running statement: INSERT INTO song_fact (song_id,popularity,date) VALUES (%s,%s,%s) ON CONFLICT (song_id,date) DO UPDATE SET song_id=EXCLUDED.song_id,popularity=EXCLUDED.popularity,date=EXCLUDED.date, parameters: ('6ax40d2A1qCJ0q6v4usuNG', 42, '2023-05-09')
[2023-05-09T02:08:51.433+0000] {sql.py:384} INFO - Rows affected: 1
[2023-05-09T02:08:51.439+0000] {base.py:73} INFO - Using connection ID '***' for task execution.
[2023-05-09T02:08:51.448+0000] {sql.py:375} INFO - Running statement: INSERT INTO song_fact (song_id,popularity,date) VALUES (%s,%s,%s) ON CONFLICT (song_id,date) DO UPDATE SET song_id=EXCLUDED.song_id,popularity=EXCLUDED.popularity,date=EXCLUDED.date, parameters: ('5FZ5p7OoluyzZNPEAgkYiV', 34, '2023-05-09')
[2023-05-09T02:08:51.449+0000] {sql.py:384} INFO - Rows affected: 1
[2023-05-09T02:08:51.456+0000] {base.py:73} INFO - Using connection ID '***' for task execution.
[2023-05-09T02:08:51.463+0000] {sql.py:375} INFO - Running statement: INSERT INTO song_fact (song_id,popularity,date) VALUES (%s,%s,%s) ON CONFLICT (song_id,date) DO UPDATE SET song_id=EXCLUDED.song_id,popularity=EXCLUDED.popularity,date=EXCLUDED.date, parameters: ('03frKXXCZEzd9n9QOEpUQA', 43, '2023-05-09')
[2023-05-09T02:08:51.464+0000] {sql.py:384} INFO - Rows affected: 1
[2023-05-09T02:08:51.471+0000] {base.py:73} INFO - Using connection ID '***' for task execution.
[2023-05-09T02:08:51.477+0000] {sql.py:375} INFO - Running statement: INSERT INTO song_fact (song_id,popularity,date) VALUES (%s,%s,%s) ON CONFLICT (song_id,date) DO UPDATE SET song_id=EXCLUDED.song_id,popularity=EXCLUDED.popularity,date=EXCLUDED.date, parameters: ('5YLBkEgpKzkPJOu2JZd2Xo', 48, '2023-05-09')
[2023-05-09T02:08:51.478+0000] {sql.py:384} INFO - Rows affected: 1
[2023-05-09T02:08:51.485+0000] {base.py:73} INFO - Using connection ID '***' for task execution.
[2023-05-09T02:08:51.493+0000] {sql.py:375} INFO - Running statement: INSERT INTO song_fact (song_id,popularity,date) VALUES (%s,%s,%s) ON CONFLICT (song_id,date) DO UPDATE SET song_id=EXCLUDED.song_id,popularity=EXCLUDED.popularity,date=EXCLUDED.date, parameters: ('6Jfd9OQNmtspaEGLI5R5kr', 43, '2023-05-09')
[2023-05-09T02:08:51.495+0000] {sql.py:384} INFO - Rows affected: 1
[2023-05-09T02:08:51.501+0000] {base.py:73} INFO - Using connection ID '***' for task execution.
[2023-05-09T02:08:51.508+0000] {sql.py:375} INFO - Running statement: INSERT INTO song_fact (song_id,popularity,date) VALUES (%s,%s,%s) ON CONFLICT (song_id,date) DO UPDATE SET song_id=EXCLUDED.song_id,popularity=EXCLUDED.popularity,date=EXCLUDED.date, parameters: ('0LHdHYe5ssIheUX5RZw4rN', 57, '2023-05-09')
[2023-05-09T02:08:51.509+0000] {sql.py:384} INFO - Rows affected: 1
[2023-05-09T02:08:51.515+0000] {base.py:73} INFO - Using connection ID '***' for task execution.
[2023-05-09T02:08:51.521+0000] {sql.py:375} INFO - Running statement: INSERT INTO song_fact (song_id,popularity,date) VALUES (%s,%s,%s) ON CONFLICT (song_id,date) DO UPDATE SET song_id=EXCLUDED.song_id,popularity=EXCLUDED.popularity,date=EXCLUDED.date, parameters: ('46s77n3x4XZqUhZfIOCax9', 57, '2023-05-09')
[2023-05-09T02:08:51.523+0000] {sql.py:384} INFO - Rows affected: 1
[2023-05-09T02:08:51.529+0000] {base.py:73} INFO - Using connection ID '***' for task execution.
[2023-05-09T02:08:51.540+0000] {sql.py:375} INFO - Running statement: INSERT INTO song_fact (song_id,popularity,date) VALUES (%s,%s,%s) ON CONFLICT (song_id,date) DO UPDATE SET song_id=EXCLUDED.song_id,popularity=EXCLUDED.popularity,date=EXCLUDED.date, parameters: ('6XpVAVpg3PfxcoO0tUG8jJ', 60, '2023-05-09')
[2023-05-09T02:08:51.541+0000] {sql.py:384} INFO - Rows affected: 1
[2023-05-09T02:08:51.548+0000] {base.py:73} INFO - Using connection ID '***' for task execution.
[2023-05-09T02:08:51.555+0000] {sql.py:375} INFO - Running statement: INSERT INTO song_fact (song_id,popularity,date) VALUES (%s,%s,%s) ON CONFLICT (song_id,date) DO UPDATE SET song_id=EXCLUDED.song_id,popularity=EXCLUDED.popularity,date=EXCLUDED.date, parameters: ('3l9VCXMSoS1KBRhkCU5zuO', 58, '2023-05-09')
[2023-05-09T02:08:51.556+0000] {sql.py:384} INFO - Rows affected: 1
[2023-05-09T02:08:51.562+0000] {base.py:73} INFO - Using connection ID '***' for task execution.
[2023-05-09T02:08:51.569+0000] {sql.py:375} INFO - Running statement: INSERT INTO song_fact (song_id,popularity,date) VALUES (%s,%s,%s) ON CONFLICT (song_id,date) DO UPDATE SET song_id=EXCLUDED.song_id,popularity=EXCLUDED.popularity,date=EXCLUDED.date, parameters: ('1xHtMESwwsyUhV2ezvH7kR', 41, '2023-05-09')
[2023-05-09T02:08:51.570+0000] {sql.py:384} INFO - Rows affected: 1
[2023-05-09T02:08:51.577+0000] {base.py:73} INFO - Using connection ID '***' for task execution.
[2023-05-09T02:08:51.585+0000] {sql.py:375} INFO - Running statement: INSERT INTO song_fact (song_id,popularity,date) VALUES (%s,%s,%s) ON CONFLICT (song_id,date) DO UPDATE SET song_id=EXCLUDED.song_id,popularity=EXCLUDED.popularity,date=EXCLUDED.date, parameters: ('0YRuwU4V9qO0NM4T3mcu0u', 31, '2023-05-09')
[2023-05-09T02:08:51.587+0000] {sql.py:384} INFO - Rows affected: 1
[2023-05-09T02:08:51.592+0000] {base.py:73} INFO - Using connection ID '***' for task execution.
[2023-05-09T02:08:51.598+0000] {sql.py:375} INFO - Running statement: INSERT INTO song_fact (song_id,popularity,date) VALUES (%s,%s,%s) ON CONFLICT (song_id,date) DO UPDATE SET song_id=EXCLUDED.song_id,popularity=EXCLUDED.popularity,date=EXCLUDED.date, parameters: ('2nQ8RFX92URyHJeL2Naf3n', 0, '2023-05-09')
[2023-05-09T02:08:51.601+0000] {sql.py:384} INFO - Rows affected: 1
[2023-05-09T02:08:51.607+0000] {base.py:73} INFO - Using connection ID '***' for task execution.
[2023-05-09T02:08:51.613+0000] {sql.py:375} INFO - Running statement: INSERT INTO song_fact (song_id,popularity,date) VALUES (%s,%s,%s) ON CONFLICT (song_id,date) DO UPDATE SET song_id=EXCLUDED.song_id,popularity=EXCLUDED.popularity,date=EXCLUDED.date, parameters: ('3SpRtNO7GKWaFyWydXArvn', 63, '2023-05-09')
[2023-05-09T02:08:51.615+0000] {sql.py:384} INFO - Rows affected: 1
[2023-05-09T02:08:51.621+0000] {base.py:73} INFO - Using connection ID '***' for task execution.
[2023-05-09T02:08:51.631+0000] {sql.py:375} INFO - Running statement: INSERT INTO song_fact (song_id,popularity,date) VALUES (%s,%s,%s) ON CONFLICT (song_id,date) DO UPDATE SET song_id=EXCLUDED.song_id,popularity=EXCLUDED.popularity,date=EXCLUDED.date, parameters: ('7J66j3JaTRQ3vCxwr4Cwf0', 28, '2023-05-09')
[2023-05-09T02:08:51.633+0000] {sql.py:384} INFO - Rows affected: 1
[2023-05-09T02:08:51.639+0000] {base.py:73} INFO - Using connection ID '***' for task execution.
[2023-05-09T02:08:51.646+0000] {sql.py:375} INFO - Running statement: INSERT INTO song_fact (song_id,popularity,date) VALUES (%s,%s,%s) ON CONFLICT (song_id,date) DO UPDATE SET song_id=EXCLUDED.song_id,popularity=EXCLUDED.popularity,date=EXCLUDED.date, parameters: ('2EsyJN3AvC3zBlkQpb119M', 57, '2023-05-09')
[2023-05-09T02:08:51.647+0000] {sql.py:384} INFO - Rows affected: 1
[2023-05-09T02:08:51.653+0000] {base.py:73} INFO - Using connection ID '***' for task execution.
[2023-05-09T02:08:51.659+0000] {sql.py:375} INFO - Running statement: INSERT INTO song_fact (song_id,popularity,date) VALUES (%s,%s,%s) ON CONFLICT (song_id,date) DO UPDATE SET song_id=EXCLUDED.song_id,popularity=EXCLUDED.popularity,date=EXCLUDED.date, parameters: ('38Yamwrtcc9Niupl3kH8pH', 49, '2023-05-09')
[2023-05-09T02:08:51.661+0000] {sql.py:384} INFO - Rows affected: 1
[2023-05-09T02:08:51.667+0000] {base.py:73} INFO - Using connection ID '***' for task execution.
[2023-05-09T02:08:51.675+0000] {sql.py:375} INFO - Running statement: INSERT INTO song_fact (song_id,popularity,date) VALUES (%s,%s,%s) ON CONFLICT (song_id,date) DO UPDATE SET song_id=EXCLUDED.song_id,popularity=EXCLUDED.popularity,date=EXCLUDED.date, parameters: ('7qqhkLSwb7910F2LHpYJFo', 46, '2023-05-09')
[2023-05-09T02:08:51.677+0000] {sql.py:384} INFO - Rows affected: 1
[2023-05-09T02:08:51.683+0000] {base.py:73} INFO - Using connection ID '***' for task execution.
[2023-05-09T02:08:51.689+0000] {sql.py:375} INFO - Running statement: INSERT INTO song_fact (song_id,popularity,date) VALUES (%s,%s,%s) ON CONFLICT (song_id,date) DO UPDATE SET song_id=EXCLUDED.song_id,popularity=EXCLUDED.popularity,date=EXCLUDED.date, parameters: ('2dkv1xqXpAjP6HtzQLP39Z', 1, '2023-05-09')
[2023-05-09T02:08:51.690+0000] {sql.py:384} INFO - Rows affected: 1
[2023-05-09T02:08:51.697+0000] {base.py:73} INFO - Using connection ID '***' for task execution.
[2023-05-09T02:08:51.702+0000] {sql.py:375} INFO - Running statement: INSERT INTO song_fact (song_id,popularity,date) VALUES (%s,%s,%s) ON CONFLICT (song_id,date) DO UPDATE SET song_id=EXCLUDED.song_id,popularity=EXCLUDED.popularity,date=EXCLUDED.date, parameters: ('2RJo6RNV5dpjLh6Co4nPsI', 50, '2023-05-09')
[2023-05-09T02:08:51.704+0000] {sql.py:384} INFO - Rows affected: 1
[2023-05-09T02:08:51.710+0000] {base.py:73} INFO - Using connection ID '***' for task execution.
[2023-05-09T02:08:51.715+0000] {sql.py:375} INFO - Running statement: INSERT INTO song_fact (song_id,popularity,date) VALUES (%s,%s,%s) ON CONFLICT (song_id,date) DO UPDATE SET song_id=EXCLUDED.song_id,popularity=EXCLUDED.popularity,date=EXCLUDED.date, parameters: ('703SHNf8XtJnM3gtryjyJ6', 0, '2023-05-09')
[2023-05-09T02:08:51.717+0000] {sql.py:384} INFO - Rows affected: 1
[2023-05-09T02:08:51.723+0000] {base.py:73} INFO - Using connection ID '***' for task execution.
[2023-05-09T02:08:51.729+0000] {sql.py:375} INFO - Running statement: INSERT INTO song_fact (song_id,popularity,date) VALUES (%s,%s,%s) ON CONFLICT (song_id,date) DO UPDATE SET song_id=EXCLUDED.song_id,popularity=EXCLUDED.popularity,date=EXCLUDED.date, parameters: ('7fZrKwhsgCM5HzZSpWe2HX', 42, '2023-05-09')
[2023-05-09T02:08:51.731+0000] {sql.py:384} INFO - Rows affected: 1
[2023-05-09T02:08:51.737+0000] {base.py:73} INFO - Using connection ID '***' for task execution.
[2023-05-09T02:08:51.743+0000] {sql.py:375} INFO - Running statement: INSERT INTO song_fact (song_id,popularity,date) VALUES (%s,%s,%s) ON CONFLICT (song_id,date) DO UPDATE SET song_id=EXCLUDED.song_id,popularity=EXCLUDED.popularity,date=EXCLUDED.date, parameters: ('0UPPkMYBbotUYqRmekWOqn', 29, '2023-05-09')
[2023-05-09T02:08:51.745+0000] {sql.py:384} INFO - Rows affected: 1
[2023-05-09T02:08:51.750+0000] {base.py:73} INFO - Using connection ID '***' for task execution.
[2023-05-09T02:08:51.757+0000] {sql.py:375} INFO - Running statement: INSERT INTO song_fact (song_id,popularity,date) VALUES (%s,%s,%s) ON CONFLICT (song_id,date) DO UPDATE SET song_id=EXCLUDED.song_id,popularity=EXCLUDED.popularity,date=EXCLUDED.date, parameters: ('4xalL1bGV2FoRgAVt62mti', 41, '2023-05-09')
[2023-05-09T02:08:51.758+0000] {sql.py:384} INFO - Rows affected: 1
[2023-05-09T02:08:51.764+0000] {base.py:73} INFO - Using connection ID '***' for task execution.
[2023-05-09T02:08:51.769+0000] {sql.py:375} INFO - Running statement: INSERT INTO song_fact (song_id,popularity,date) VALUES (%s,%s,%s) ON CONFLICT (song_id,date) DO UPDATE SET song_id=EXCLUDED.song_id,popularity=EXCLUDED.popularity,date=EXCLUDED.date, parameters: ('7lpUYOCEH6EEOSLF6r1f7r', 47, '2023-05-09')
[2023-05-09T02:08:51.771+0000] {sql.py:384} INFO - Rows affected: 1
[2023-05-09T02:08:51.776+0000] {base.py:73} INFO - Using connection ID '***' for task execution.
[2023-05-09T02:08:51.782+0000] {sql.py:375} INFO - Running statement: INSERT INTO song_fact (song_id,popularity,date) VALUES (%s,%s,%s) ON CONFLICT (song_id,date) DO UPDATE SET song_id=EXCLUDED.song_id,popularity=EXCLUDED.popularity,date=EXCLUDED.date, parameters: ('6MZ91tbZxwwqimJffOoLsW', 61, '2023-05-09')
[2023-05-09T02:08:51.784+0000] {sql.py:384} INFO - Rows affected: 1
[2023-05-09T02:08:51.790+0000] {base.py:73} INFO - Using connection ID '***' for task execution.
[2023-05-09T02:08:51.796+0000] {sql.py:375} INFO - Running statement: INSERT INTO song_fact (song_id,popularity,date) VALUES (%s,%s,%s) ON CONFLICT (song_id,date) DO UPDATE SET song_id=EXCLUDED.song_id,popularity=EXCLUDED.popularity,date=EXCLUDED.date, parameters: ('6UHRvtm1Be1NJOSJMpbGLu', 41, '2023-05-09')
[2023-05-09T02:08:51.797+0000] {sql.py:384} INFO - Rows affected: 1
[2023-05-09T02:08:51.803+0000] {base.py:73} INFO - Using connection ID '***' for task execution.
[2023-05-09T02:08:51.809+0000] {sql.py:375} INFO - Running statement: INSERT INTO song_fact (song_id,popularity,date) VALUES (%s,%s,%s) ON CONFLICT (song_id,date) DO UPDATE SET song_id=EXCLUDED.song_id,popularity=EXCLUDED.popularity,date=EXCLUDED.date, parameters: ('7j8Pum7QmJNtFR5mjniLMu', 51, '2023-05-09')
[2023-05-09T02:08:51.810+0000] {sql.py:384} INFO - Rows affected: 1
[2023-05-09T02:08:51.816+0000] {base.py:73} INFO - Using connection ID '***' for task execution.
[2023-05-09T02:08:51.823+0000] {sql.py:375} INFO - Running statement: INSERT INTO song_fact (song_id,popularity,date) VALUES (%s,%s,%s) ON CONFLICT (song_id,date) DO UPDATE SET song_id=EXCLUDED.song_id,popularity=EXCLUDED.popularity,date=EXCLUDED.date, parameters: ('06hNKFqaLBZ3FrEKlmwpf7', 43, '2023-05-09')
[2023-05-09T02:08:51.824+0000] {sql.py:384} INFO - Rows affected: 1
[2023-05-09T02:08:51.830+0000] {base.py:73} INFO - Using connection ID '***' for task execution.
[2023-05-09T02:08:51.836+0000] {sql.py:375} INFO - Running statement: INSERT INTO song_fact (song_id,popularity,date) VALUES (%s,%s,%s) ON CONFLICT (song_id,date) DO UPDATE SET song_id=EXCLUDED.song_id,popularity=EXCLUDED.popularity,date=EXCLUDED.date, parameters: ('1HIrapG2x5sw0CTJu7VHAH', 38, '2023-05-09')
[2023-05-09T02:08:51.837+0000] {sql.py:384} INFO - Rows affected: 1
[2023-05-09T02:08:51.843+0000] {base.py:73} INFO - Using connection ID '***' for task execution.
[2023-05-09T02:08:51.849+0000] {sql.py:375} INFO - Running statement: INSERT INTO song_fact (song_id,popularity,date) VALUES (%s,%s,%s) ON CONFLICT (song_id,date) DO UPDATE SET song_id=EXCLUDED.song_id,popularity=EXCLUDED.popularity,date=EXCLUDED.date, parameters: ('0EnhumMxDBQ6Ap09rluA4k', 31, '2023-05-09')
[2023-05-09T02:08:51.850+0000] {sql.py:384} INFO - Rows affected: 1
[2023-05-09T02:08:51.856+0000] {base.py:73} INFO - Using connection ID '***' for task execution.
[2023-05-09T02:08:51.869+0000] {sql.py:375} INFO - Running statement: INSERT INTO song_fact (song_id,popularity,date) VALUES (%s,%s,%s) ON CONFLICT (song_id,date) DO UPDATE SET song_id=EXCLUDED.song_id,popularity=EXCLUDED.popularity,date=EXCLUDED.date, parameters: ('4Ptg6MQDWURiKpXzgnsroE', 45, '2023-05-09')
[2023-05-09T02:08:51.871+0000] {sql.py:384} INFO - Rows affected: 1
[2023-05-09T02:08:51.878+0000] {base.py:73} INFO - Using connection ID '***' for task execution.
[2023-05-09T02:08:51.884+0000] {sql.py:375} INFO - Running statement: INSERT INTO song_fact (song_id,popularity,date) VALUES (%s,%s,%s) ON CONFLICT (song_id,date) DO UPDATE SET song_id=EXCLUDED.song_id,popularity=EXCLUDED.popularity,date=EXCLUDED.date, parameters: ('7iTWmRy9u5tkXdkxStO4u7', 31, '2023-05-09')
[2023-05-09T02:08:51.885+0000] {sql.py:384} INFO - Rows affected: 1
[2023-05-09T02:08:51.892+0000] {base.py:73} INFO - Using connection ID '***' for task execution.
[2023-05-09T02:08:51.899+0000] {sql.py:375} INFO - Running statement: INSERT INTO song_fact (song_id,popularity,date) VALUES (%s,%s,%s) ON CONFLICT (song_id,date) DO UPDATE SET song_id=EXCLUDED.song_id,popularity=EXCLUDED.popularity,date=EXCLUDED.date, parameters: ('3iYOMRgZVvlmNahSu9hEWi', 29, '2023-05-09')
[2023-05-09T02:08:51.901+0000] {sql.py:384} INFO - Rows affected: 1
[2023-05-09T02:08:51.907+0000] {base.py:73} INFO - Using connection ID '***' for task execution.
[2023-05-09T02:08:51.912+0000] {sql.py:375} INFO - Running statement: INSERT INTO song_fact (song_id,popularity,date) VALUES (%s,%s,%s) ON CONFLICT (song_id,date) DO UPDATE SET song_id=EXCLUDED.song_id,popularity=EXCLUDED.popularity,date=EXCLUDED.date, parameters: ('3ZPqsNlUyRHebbc6r5gSDD', 48, '2023-05-09')
[2023-05-09T02:08:51.914+0000] {sql.py:384} INFO - Rows affected: 1
[2023-05-09T02:08:51.920+0000] {base.py:73} INFO - Using connection ID '***' for task execution.
[2023-05-09T02:08:51.926+0000] {sql.py:375} INFO - Running statement: INSERT INTO song_fact (song_id,popularity,date) VALUES (%s,%s,%s) ON CONFLICT (song_id,date) DO UPDATE SET song_id=EXCLUDED.song_id,popularity=EXCLUDED.popularity,date=EXCLUDED.date, parameters: ('6ue8qsdLrXbj9UDmhnYkEa', 58, '2023-05-09')
[2023-05-09T02:08:51.928+0000] {sql.py:384} INFO - Rows affected: 1
[2023-05-09T02:08:51.934+0000] {base.py:73} INFO - Using connection ID '***' for task execution.
[2023-05-09T02:08:51.940+0000] {sql.py:375} INFO - Running statement: INSERT INTO song_fact (song_id,popularity,date) VALUES (%s,%s,%s) ON CONFLICT (song_id,date) DO UPDATE SET song_id=EXCLUDED.song_id,popularity=EXCLUDED.popularity,date=EXCLUDED.date, parameters: ('0741N487QVIKOvKGJCYGU0', 41, '2023-05-09')
[2023-05-09T02:08:51.941+0000] {sql.py:384} INFO - Rows affected: 1
[2023-05-09T02:08:51.948+0000] {base.py:73} INFO - Using connection ID '***' for task execution.
[2023-05-09T02:08:51.953+0000] {sql.py:375} INFO - Running statement: INSERT INTO song_fact (song_id,popularity,date) VALUES (%s,%s,%s) ON CONFLICT (song_id,date) DO UPDATE SET song_id=EXCLUDED.song_id,popularity=EXCLUDED.popularity,date=EXCLUDED.date, parameters: ('37dVuP5d1BtVDagETMqP3k', 59, '2023-05-09')
[2023-05-09T02:08:51.955+0000] {sql.py:384} INFO - Rows affected: 1
[2023-05-09T02:08:51.961+0000] {base.py:73} INFO - Using connection ID '***' for task execution.
[2023-05-09T02:08:51.966+0000] {sql.py:375} INFO - Running statement: INSERT INTO song_fact (song_id,popularity,date) VALUES (%s,%s,%s) ON CONFLICT (song_id,date) DO UPDATE SET song_id=EXCLUDED.song_id,popularity=EXCLUDED.popularity,date=EXCLUDED.date, parameters: ('0NIVVOcnLUSq73tppaWV9h', 26, '2023-05-09')
[2023-05-09T02:08:51.968+0000] {sql.py:384} INFO - Rows affected: 1
[2023-05-09T02:08:51.974+0000] {base.py:73} INFO - Using connection ID '***' for task execution.
[2023-05-09T02:08:51.979+0000] {sql.py:375} INFO - Running statement: INSERT INTO song_fact (song_id,popularity,date) VALUES (%s,%s,%s) ON CONFLICT (song_id,date) DO UPDATE SET song_id=EXCLUDED.song_id,popularity=EXCLUDED.popularity,date=EXCLUDED.date, parameters: ('4zp8noasnK5XNuNojkVhiy', 57, '2023-05-09')
[2023-05-09T02:08:51.981+0000] {sql.py:384} INFO - Rows affected: 1
[2023-05-09T02:08:51.987+0000] {base.py:73} INFO - Using connection ID '***' for task execution.
[2023-05-09T02:08:51.992+0000] {sql.py:375} INFO - Running statement: INSERT INTO song_fact (song_id,popularity,date) VALUES (%s,%s,%s) ON CONFLICT (song_id,date) DO UPDATE SET song_id=EXCLUDED.song_id,popularity=EXCLUDED.popularity,date=EXCLUDED.date, parameters: ('6wFqLYmiXyGvprbWa4ogm8', 58, '2023-05-09')
[2023-05-09T02:08:51.994+0000] {sql.py:384} INFO - Rows affected: 1
[2023-05-09T02:08:52.000+0000] {base.py:73} INFO - Using connection ID '***' for task execution.
[2023-05-09T02:08:52.005+0000] {sql.py:375} INFO - Running statement: INSERT INTO song_fact (song_id,popularity,date) VALUES (%s,%s,%s) ON CONFLICT (song_id,date) DO UPDATE SET song_id=EXCLUDED.song_id,popularity=EXCLUDED.popularity,date=EXCLUDED.date, parameters: ('7EYpq1ezCFgO8Ioj86mArL', 34, '2023-05-09')
[2023-05-09T02:08:52.007+0000] {sql.py:384} INFO - Rows affected: 1
[2023-05-09T02:08:52.014+0000] {base.py:73} INFO - Using connection ID '***' for task execution.
[2023-05-09T02:08:52.021+0000] {sql.py:375} INFO - Running statement: INSERT INTO song_fact (song_id,popularity,date) VALUES (%s,%s,%s) ON CONFLICT (song_id,date) DO UPDATE SET song_id=EXCLUDED.song_id,popularity=EXCLUDED.popularity,date=EXCLUDED.date, parameters: ('0WeFvEY2QEjcKVd8ymli4i', 43, '2023-05-09')
[2023-05-09T02:08:52.023+0000] {sql.py:384} INFO - Rows affected: 1
[2023-05-09T02:08:52.031+0000] {base.py:73} INFO - Using connection ID '***' for task execution.
[2023-05-09T02:08:52.038+0000] {sql.py:375} INFO - Running statement: INSERT INTO song_fact (song_id,popularity,date) VALUES (%s,%s,%s) ON CONFLICT (song_id,date) DO UPDATE SET song_id=EXCLUDED.song_id,popularity=EXCLUDED.popularity,date=EXCLUDED.date, parameters: ('3DErMJzUrtfGUjet3xpUml', 59, '2023-05-09')
[2023-05-09T02:08:52.040+0000] {sql.py:384} INFO - Rows affected: 1
[2023-05-09T02:08:52.047+0000] {base.py:73} INFO - Using connection ID '***' for task execution.
[2023-05-09T02:08:52.052+0000] {sql.py:375} INFO - Running statement: INSERT INTO song_fact (song_id,popularity,date) VALUES (%s,%s,%s) ON CONFLICT (song_id,date) DO UPDATE SET song_id=EXCLUDED.song_id,popularity=EXCLUDED.popularity,date=EXCLUDED.date, parameters: ('3tyOS69tgk87QiY3B6TsPY', 44, '2023-05-09')
[2023-05-09T02:08:52.054+0000] {sql.py:384} INFO - Rows affected: 1
[2023-05-09T02:08:52.061+0000] {base.py:73} INFO - Using connection ID '***' for task execution.
[2023-05-09T02:08:52.067+0000] {sql.py:375} INFO - Running statement: INSERT INTO song_fact (song_id,popularity,date) VALUES (%s,%s,%s) ON CONFLICT (song_id,date) DO UPDATE SET song_id=EXCLUDED.song_id,popularity=EXCLUDED.popularity,date=EXCLUDED.date, parameters: ('6nlZ1HZuqOGypB1dEUlO77', 20, '2023-05-09')
[2023-05-09T02:08:52.068+0000] {sql.py:384} INFO - Rows affected: 1
[2023-05-09T02:08:52.074+0000] {base.py:73} INFO - Using connection ID '***' for task execution.
[2023-05-09T02:08:52.079+0000] {sql.py:375} INFO - Running statement: INSERT INTO song_fact (song_id,popularity,date) VALUES (%s,%s,%s) ON CONFLICT (song_id,date) DO UPDATE SET song_id=EXCLUDED.song_id,popularity=EXCLUDED.popularity,date=EXCLUDED.date, parameters: ('3BvqjMhMCLNlluQagWb589', 25, '2023-05-09')
[2023-05-09T02:08:52.081+0000] {sql.py:384} INFO - Rows affected: 1
[2023-05-09T02:08:52.086+0000] {base.py:73} INFO - Using connection ID '***' for task execution.
[2023-05-09T02:08:52.092+0000] {sql.py:375} INFO - Running statement: INSERT INTO song_fact (song_id,popularity,date) VALUES (%s,%s,%s) ON CONFLICT (song_id,date) DO UPDATE SET song_id=EXCLUDED.song_id,popularity=EXCLUDED.popularity,date=EXCLUDED.date, parameters: ('4hOuJIB1norFj3j84oY2Cq', 58, '2023-05-09')
[2023-05-09T02:08:52.094+0000] {sql.py:384} INFO - Rows affected: 1
[2023-05-09T02:08:52.100+0000] {base.py:73} INFO - Using connection ID '***' for task execution.
[2023-05-09T02:08:52.105+0000] {sql.py:375} INFO - Running statement: INSERT INTO song_fact (song_id,popularity,date) VALUES (%s,%s,%s) ON CONFLICT (song_id,date) DO UPDATE SET song_id=EXCLUDED.song_id,popularity=EXCLUDED.popularity,date=EXCLUDED.date, parameters: ('2YkOpi22nrGAspbEBX5aU8', 40, '2023-05-09')
[2023-05-09T02:08:52.107+0000] {sql.py:384} INFO - Rows affected: 1
[2023-05-09T02:08:52.113+0000] {base.py:73} INFO - Using connection ID '***' for task execution.
[2023-05-09T02:08:52.118+0000] {sql.py:375} INFO - Running statement: INSERT INTO song_fact (song_id,popularity,date) VALUES (%s,%s,%s) ON CONFLICT (song_id,date) DO UPDATE SET song_id=EXCLUDED.song_id,popularity=EXCLUDED.popularity,date=EXCLUDED.date, parameters: ('5l5SMWVPhVlJOmYFzDmJvY', 59, '2023-05-09')
[2023-05-09T02:08:52.120+0000] {sql.py:384} INFO - Rows affected: 1
[2023-05-09T02:08:52.125+0000] {base.py:73} INFO - Using connection ID '***' for task execution.
[2023-05-09T02:08:52.131+0000] {sql.py:375} INFO - Running statement: INSERT INTO song_fact (song_id,popularity,date) VALUES (%s,%s,%s) ON CONFLICT (song_id,date) DO UPDATE SET song_id=EXCLUDED.song_id,popularity=EXCLUDED.popularity,date=EXCLUDED.date, parameters: ('4GRLGjwgWzZ33HQU3BIdH9', 51, '2023-05-09')
[2023-05-09T02:08:52.132+0000] {sql.py:384} INFO - Rows affected: 1
[2023-05-09T02:08:52.138+0000] {base.py:73} INFO - Using connection ID '***' for task execution.
[2023-05-09T02:08:52.144+0000] {sql.py:375} INFO - Running statement: INSERT INTO song_fact (song_id,popularity,date) VALUES (%s,%s,%s) ON CONFLICT (song_id,date) DO UPDATE SET song_id=EXCLUDED.song_id,popularity=EXCLUDED.popularity,date=EXCLUDED.date, parameters: ('1akuKqHyYofuNsvLfvNPBe', 32, '2023-05-09')
[2023-05-09T02:08:52.145+0000] {sql.py:384} INFO - Rows affected: 1
[2023-05-09T02:08:52.151+0000] {base.py:73} INFO - Using connection ID '***' for task execution.
[2023-05-09T02:08:52.156+0000] {sql.py:375} INFO - Running statement: INSERT INTO song_fact (song_id,popularity,date) VALUES (%s,%s,%s) ON CONFLICT (song_id,date) DO UPDATE SET song_id=EXCLUDED.song_id,popularity=EXCLUDED.popularity,date=EXCLUDED.date, parameters: ('2BSICryahPlMusTqQDrsYe', 23, '2023-05-09')
[2023-05-09T02:08:52.158+0000] {sql.py:384} INFO - Rows affected: 1
[2023-05-09T02:08:52.164+0000] {base.py:73} INFO - Using connection ID '***' for task execution.
[2023-05-09T02:08:52.169+0000] {sql.py:375} INFO - Running statement: INSERT INTO song_fact (song_id,popularity,date) VALUES (%s,%s,%s) ON CONFLICT (song_id,date) DO UPDATE SET song_id=EXCLUDED.song_id,popularity=EXCLUDED.popularity,date=EXCLUDED.date, parameters: ('6tiENvREXsXPDdnMGoioP0', 40, '2023-05-09')
[2023-05-09T02:08:52.171+0000] {sql.py:384} INFO - Rows affected: 1
[2023-05-09T02:08:52.176+0000] {base.py:73} INFO - Using connection ID '***' for task execution.
[2023-05-09T02:08:52.182+0000] {sql.py:375} INFO - Running statement: INSERT INTO song_fact (song_id,popularity,date) VALUES (%s,%s,%s) ON CONFLICT (song_id,date) DO UPDATE SET song_id=EXCLUDED.song_id,popularity=EXCLUDED.popularity,date=EXCLUDED.date, parameters: ('5oLnXmEdr6h92pFNtBgJVR', 41, '2023-05-09')
[2023-05-09T02:08:52.184+0000] {sql.py:384} INFO - Rows affected: 1
[2023-05-09T02:08:52.191+0000] {base.py:73} INFO - Using connection ID '***' for task execution.
[2023-05-09T02:08:52.197+0000] {sql.py:375} INFO - Running statement: INSERT INTO song_fact (song_id,popularity,date) VALUES (%s,%s,%s) ON CONFLICT (song_id,date) DO UPDATE SET song_id=EXCLUDED.song_id,popularity=EXCLUDED.popularity,date=EXCLUDED.date, parameters: ('1rCdmjQUxxdvcCY92D7UiR', 49, '2023-05-09')
[2023-05-09T02:08:52.198+0000] {sql.py:384} INFO - Rows affected: 1
[2023-05-09T02:08:52.204+0000] {base.py:73} INFO - Using connection ID '***' for task execution.
[2023-05-09T02:08:52.210+0000] {sql.py:375} INFO - Running statement: INSERT INTO song_fact (song_id,popularity,date) VALUES (%s,%s,%s) ON CONFLICT (song_id,date) DO UPDATE SET song_id=EXCLUDED.song_id,popularity=EXCLUDED.popularity,date=EXCLUDED.date, parameters: ('1Juo9g0Rjxo6fxOmr8N3wV', 33, '2023-05-09')
[2023-05-09T02:08:52.211+0000] {sql.py:384} INFO - Rows affected: 1
[2023-05-09T02:08:52.217+0000] {base.py:73} INFO - Using connection ID '***' for task execution.
[2023-05-09T02:08:52.223+0000] {sql.py:375} INFO - Running statement: INSERT INTO song_fact (song_id,popularity,date) VALUES (%s,%s,%s) ON CONFLICT (song_id,date) DO UPDATE SET song_id=EXCLUDED.song_id,popularity=EXCLUDED.popularity,date=EXCLUDED.date, parameters: ('6NTD9xwzvTisuBhDxSvldL', 35, '2023-05-09')
[2023-05-09T02:08:52.225+0000] {sql.py:384} INFO - Rows affected: 1
[2023-05-09T02:08:52.231+0000] {base.py:73} INFO - Using connection ID '***' for task execution.
[2023-05-09T02:08:52.236+0000] {sql.py:375} INFO - Running statement: INSERT INTO song_fact (song_id,popularity,date) VALUES (%s,%s,%s) ON CONFLICT (song_id,date) DO UPDATE SET song_id=EXCLUDED.song_id,popularity=EXCLUDED.popularity,date=EXCLUDED.date, parameters: ('3v61DyG93LsHgpAtCaXMYV', 38, '2023-05-09')
[2023-05-09T02:08:52.238+0000] {sql.py:384} INFO - Rows affected: 1
[2023-05-09T02:08:52.244+0000] {base.py:73} INFO - Using connection ID '***' for task execution.
[2023-05-09T02:08:52.249+0000] {sql.py:375} INFO - Running statement: INSERT INTO song_fact (song_id,popularity,date) VALUES (%s,%s,%s) ON CONFLICT (song_id,date) DO UPDATE SET song_id=EXCLUDED.song_id,popularity=EXCLUDED.popularity,date=EXCLUDED.date, parameters: ('5OxGWmF7NIZ1q2JM3bxeOr', 50, '2023-05-09')
[2023-05-09T02:08:52.250+0000] {sql.py:384} INFO - Rows affected: 1
[2023-05-09T02:08:52.257+0000] {base.py:73} INFO - Using connection ID '***' for task execution.
[2023-05-09T02:08:52.262+0000] {sql.py:375} INFO - Running statement: INSERT INTO song_fact (song_id,popularity,date) VALUES (%s,%s,%s) ON CONFLICT (song_id,date) DO UPDATE SET song_id=EXCLUDED.song_id,popularity=EXCLUDED.popularity,date=EXCLUDED.date, parameters: ('0nygzznhANm4uiBwhUkE6o', 50, '2023-05-09')
[2023-05-09T02:08:52.263+0000] {sql.py:384} INFO - Rows affected: 1
[2023-05-09T02:08:52.269+0000] {base.py:73} INFO - Using connection ID '***' for task execution.
[2023-05-09T02:08:52.275+0000] {sql.py:375} INFO - Running statement: INSERT INTO song_fact (song_id,popularity,date) VALUES (%s,%s,%s) ON CONFLICT (song_id,date) DO UPDATE SET song_id=EXCLUDED.song_id,popularity=EXCLUDED.popularity,date=EXCLUDED.date, parameters: ('2Y4ol1FiPdSPMwaEMJgXMN', 55, '2023-05-09')
[2023-05-09T02:08:52.276+0000] {sql.py:384} INFO - Rows affected: 1
[2023-05-09T02:08:52.282+0000] {base.py:73} INFO - Using connection ID '***' for task execution.
[2023-05-09T02:08:52.288+0000] {sql.py:375} INFO - Running statement: INSERT INTO song_fact (song_id,popularity,date) VALUES (%s,%s,%s) ON CONFLICT (song_id,date) DO UPDATE SET song_id=EXCLUDED.song_id,popularity=EXCLUDED.popularity,date=EXCLUDED.date, parameters: ('5ui2l0pTXT0cjHB1gw4MEa', 16, '2023-05-09')
[2023-05-09T02:08:52.290+0000] {sql.py:384} INFO - Rows affected: 1
[2023-05-09T02:08:52.296+0000] {base.py:73} INFO - Using connection ID '***' for task execution.
[2023-05-09T02:08:52.301+0000] {sql.py:375} INFO - Running statement: INSERT INTO song_fact (song_id,popularity,date) VALUES (%s,%s,%s) ON CONFLICT (song_id,date) DO UPDATE SET song_id=EXCLUDED.song_id,popularity=EXCLUDED.popularity,date=EXCLUDED.date, parameters: ('79iuMoPY5U9jVQfLIWN3xO', 26, '2023-05-09')
[2023-05-09T02:08:52.303+0000] {sql.py:384} INFO - Rows affected: 1
[2023-05-09T02:08:52.308+0000] {base.py:73} INFO - Using connection ID '***' for task execution.
[2023-05-09T02:08:52.314+0000] {sql.py:375} INFO - Running statement: INSERT INTO song_fact (song_id,popularity,date) VALUES (%s,%s,%s) ON CONFLICT (song_id,date) DO UPDATE SET song_id=EXCLUDED.song_id,popularity=EXCLUDED.popularity,date=EXCLUDED.date, parameters: ('7d01oOW0gldyGW8hlUVN1J', 27, '2023-05-09')
[2023-05-09T02:08:52.315+0000] {sql.py:384} INFO - Rows affected: 1
[2023-05-09T02:08:52.321+0000] {base.py:73} INFO - Using connection ID '***' for task execution.
[2023-05-09T02:08:52.326+0000] {sql.py:375} INFO - Running statement: INSERT INTO song_fact (song_id,popularity,date) VALUES (%s,%s,%s) ON CONFLICT (song_id,date) DO UPDATE SET song_id=EXCLUDED.song_id,popularity=EXCLUDED.popularity,date=EXCLUDED.date, parameters: ('1cOVM7E3WZchifwUBf1FHT', 49, '2023-05-09')
[2023-05-09T02:08:52.328+0000] {sql.py:384} INFO - Rows affected: 1
[2023-05-09T02:08:52.333+0000] {base.py:73} INFO - Using connection ID '***' for task execution.
[2023-05-09T02:08:52.339+0000] {sql.py:375} INFO - Running statement: INSERT INTO song_fact (song_id,popularity,date) VALUES (%s,%s,%s) ON CONFLICT (song_id,date) DO UPDATE SET song_id=EXCLUDED.song_id,popularity=EXCLUDED.popularity,date=EXCLUDED.date, parameters: ('3leQHWQif6ZH4mKRUk3YkW', 28, '2023-05-09')
[2023-05-09T02:08:52.340+0000] {sql.py:384} INFO - Rows affected: 1
[2023-05-09T02:08:52.346+0000] {base.py:73} INFO - Using connection ID '***' for task execution.
[2023-05-09T02:08:52.351+0000] {sql.py:375} INFO - Running statement: INSERT INTO song_fact (song_id,popularity,date) VALUES (%s,%s,%s) ON CONFLICT (song_id,date) DO UPDATE SET song_id=EXCLUDED.song_id,popularity=EXCLUDED.popularity,date=EXCLUDED.date, parameters: ('0tBQVOAtBpqdQK2ExkbHZX', 32, '2023-05-09')
[2023-05-09T02:08:52.353+0000] {sql.py:384} INFO - Rows affected: 1
[2023-05-09T02:08:52.359+0000] {base.py:73} INFO - Using connection ID '***' for task execution.
[2023-05-09T02:08:52.364+0000] {sql.py:375} INFO - Running statement: INSERT INTO song_fact (song_id,popularity,date) VALUES (%s,%s,%s) ON CONFLICT (song_id,date) DO UPDATE SET song_id=EXCLUDED.song_id,popularity=EXCLUDED.popularity,date=EXCLUDED.date, parameters: ('1frV7Du2WwiKx0bHHphYCM', 36, '2023-05-09')
[2023-05-09T02:08:52.366+0000] {sql.py:384} INFO - Rows affected: 1
[2023-05-09T02:08:52.371+0000] {base.py:73} INFO - Using connection ID '***' for task execution.
[2023-05-09T02:08:52.376+0000] {sql.py:375} INFO - Running statement: INSERT INTO song_fact (song_id,popularity,date) VALUES (%s,%s,%s) ON CONFLICT (song_id,date) DO UPDATE SET song_id=EXCLUDED.song_id,popularity=EXCLUDED.popularity,date=EXCLUDED.date, parameters: ('2UFxllzBQap2AqgpeqHUKX', 39, '2023-05-09')
[2023-05-09T02:08:52.377+0000] {sql.py:384} INFO - Rows affected: 1
[2023-05-09T02:08:52.383+0000] {base.py:73} INFO - Using connection ID '***' for task execution.
[2023-05-09T02:08:52.388+0000] {sql.py:375} INFO - Running statement: INSERT INTO song_fact (song_id,popularity,date) VALUES (%s,%s,%s) ON CONFLICT (song_id,date) DO UPDATE SET song_id=EXCLUDED.song_id,popularity=EXCLUDED.popularity,date=EXCLUDED.date, parameters: ('0hBCGjhWa8Z9ou9JLighrR', 43, '2023-05-09')
[2023-05-09T02:08:52.390+0000] {sql.py:384} INFO - Rows affected: 1
[2023-05-09T02:08:52.396+0000] {base.py:73} INFO - Using connection ID '***' for task execution.
[2023-05-09T02:08:52.402+0000] {sql.py:375} INFO - Running statement: INSERT INTO song_fact (song_id,popularity,date) VALUES (%s,%s,%s) ON CONFLICT (song_id,date) DO UPDATE SET song_id=EXCLUDED.song_id,popularity=EXCLUDED.popularity,date=EXCLUDED.date, parameters: ('7cELheBXF3jIShGuewCy44', 54, '2023-05-09')
[2023-05-09T02:08:52.404+0000] {sql.py:384} INFO - Rows affected: 1
[2023-05-09T02:08:52.409+0000] {base.py:73} INFO - Using connection ID '***' for task execution.
[2023-05-09T02:08:52.417+0000] {sql.py:375} INFO - Running statement: INSERT INTO song_fact (song_id,popularity,date) VALUES (%s,%s,%s) ON CONFLICT (song_id,date) DO UPDATE SET song_id=EXCLUDED.song_id,popularity=EXCLUDED.popularity,date=EXCLUDED.date, parameters: ('5bwSx1hwmUivlUgY9UhfEB', 46, '2023-05-09')
[2023-05-09T02:08:52.418+0000] {sql.py:384} INFO - Rows affected: 1
[2023-05-09T02:08:52.425+0000] {base.py:73} INFO - Using connection ID '***' for task execution.
[2023-05-09T02:08:52.431+0000] {sql.py:375} INFO - Running statement: INSERT INTO song_fact (song_id,popularity,date) VALUES (%s,%s,%s) ON CONFLICT (song_id,date) DO UPDATE SET song_id=EXCLUDED.song_id,popularity=EXCLUDED.popularity,date=EXCLUDED.date, parameters: ('1Sl3gcmaeiU3vOMPpeM98V', 51, '2023-05-09')
[2023-05-09T02:08:52.433+0000] {sql.py:384} INFO - Rows affected: 1
[2023-05-09T02:08:52.439+0000] {base.py:73} INFO - Using connection ID '***' for task execution.
[2023-05-09T02:08:52.445+0000] {sql.py:375} INFO - Running statement: INSERT INTO song_fact (song_id,popularity,date) VALUES (%s,%s,%s) ON CONFLICT (song_id,date) DO UPDATE SET song_id=EXCLUDED.song_id,popularity=EXCLUDED.popularity,date=EXCLUDED.date, parameters: ('7JdarpX08FLhmfNZpxqgUO', 56, '2023-05-09')
[2023-05-09T02:08:52.446+0000] {sql.py:384} INFO - Rows affected: 1
[2023-05-09T02:08:52.452+0000] {base.py:73} INFO - Using connection ID '***' for task execution.
[2023-05-09T02:08:52.458+0000] {sql.py:375} INFO - Running statement: INSERT INTO song_fact (song_id,popularity,date) VALUES (%s,%s,%s) ON CONFLICT (song_id,date) DO UPDATE SET song_id=EXCLUDED.song_id,popularity=EXCLUDED.popularity,date=EXCLUDED.date, parameters: ('4TwVtW8hS5LyLoDtJGpUOg', 62, '2023-05-09')
[2023-05-09T02:08:52.459+0000] {sql.py:384} INFO - Rows affected: 1
[2023-05-09T02:08:52.465+0000] {base.py:73} INFO - Using connection ID '***' for task execution.
[2023-05-09T02:08:52.471+0000] {sql.py:375} INFO - Running statement: INSERT INTO song_fact (song_id,popularity,date) VALUES (%s,%s,%s) ON CONFLICT (song_id,date) DO UPDATE SET song_id=EXCLUDED.song_id,popularity=EXCLUDED.popularity,date=EXCLUDED.date, parameters: ('30AnNG3dFbHLQuSbIVWEbF', 47, '2023-05-09')
[2023-05-09T02:08:52.473+0000] {sql.py:384} INFO - Rows affected: 1
[2023-05-09T02:08:52.474+0000] {python.py:183} INFO - Done. Returned value was: None
[2023-05-09T02:08:52.482+0000] {taskinstance.py:1373} INFO - Marking task as SUCCESS. dag_id=Summer_Warped_ETL, task_id=LoadData.LoadSongFact, execution_date=20230508T160958, start_date=20230509T020850, end_date=20230509T020852
[2023-05-09T02:08:52.529+0000] {local_task_job_runner.py:232} INFO - Task exited with return code 0
[2023-05-09T02:08:52.548+0000] {taskinstance.py:2674} INFO - 1 downstream tasks scheduled from follow-on schedule check
