[2023-05-06T22:00:55.246+0000] {taskinstance.py:1125} INFO - Dependencies all met for dep_context=non-requeueable deps ti=<TaskInstance: Summer_Warped_ETL.GetSongsFromPlaylist manual__2023-05-06T20:04:28.044320+00:00 [queued]>
[2023-05-06T22:00:55.251+0000] {taskinstance.py:1125} INFO - Dependencies all met for dep_context=requeueable deps ti=<TaskInstance: Summer_Warped_ETL.GetSongsFromPlaylist manual__2023-05-06T20:04:28.044320+00:00 [queued]>
[2023-05-06T22:00:55.252+0000] {taskinstance.py:1331} INFO - Starting attempt 3 of 5
[2023-05-06T22:00:55.259+0000] {taskinstance.py:1350} INFO - Executing <Task(PythonOperator): GetSongsFromPlaylist> on 2023-05-06 20:04:28.044320+00:00
[2023-05-06T22:00:55.263+0000] {standard_task_runner.py:57} INFO - Started process 643 to run task
[2023-05-06T22:00:55.267+0000] {standard_task_runner.py:84} INFO - Running: ['***', 'tasks', 'run', 'Summer_Warped_ETL', 'GetSongsFromPlaylist', 'manual__2023-05-06T20:04:28.044320+00:00', '--job-id', '362', '--raw', '--subdir', 'DAGS_FOLDER/warped-dag.py', '--cfg-path', '/tmp/tmpgd2b35eh']
[2023-05-06T22:00:55.267+0000] {standard_task_runner.py:85} INFO - Job 362: Subtask GetSongsFromPlaylist
[2023-05-06T22:00:55.298+0000] {task_command.py:410} INFO - Running <TaskInstance: Summer_Warped_ETL.GetSongsFromPlaylist manual__2023-05-06T20:04:28.044320+00:00 [running]> on host b60ed7c33f68
[2023-05-06T22:00:55.347+0000] {taskinstance.py:1570} INFO - Exporting env vars: AIRFLOW_CTX_DAG_OWNER='Ananta Moharana' AIRFLOW_CTX_DAG_ID='Summer_Warped_ETL' AIRFLOW_CTX_TASK_ID='GetSongsFromPlaylist' AIRFLOW_CTX_EXECUTION_DATE='2023-05-06T20:04:28.044320+00:00' AIRFLOW_CTX_TRY_NUMBER='3' AIRFLOW_CTX_DAG_RUN_ID='manual__2023-05-06T20:04:28.044320+00:00'
[2023-05-06T22:00:55.782+0000] {logging_mixin.py:149} INFO - 100
[2023-05-06T22:00:55.783+0000] {logging_mixin.py:149} INFO - 0
[2023-05-06T22:00:55.786+0000] {logging_mixin.py:149} INFO - 1
[2023-05-06T22:00:55.789+0000] {logging_mixin.py:149} INFO - 2
[2023-05-06T22:00:55.790+0000] {logging_mixin.py:149} INFO - 3
[2023-05-06T22:00:55.791+0000] {logging_mixin.py:149} INFO - 4
[2023-05-06T22:00:55.793+0000] {logging_mixin.py:149} INFO - 5
[2023-05-06T22:00:55.795+0000] {logging_mixin.py:149} INFO - 6
[2023-05-06T22:00:55.797+0000] {logging_mixin.py:149} INFO - 7
[2023-05-06T22:00:55.798+0000] {logging_mixin.py:149} INFO - 8
[2023-05-06T22:00:55.799+0000] {logging_mixin.py:149} INFO - 9
[2023-05-06T22:00:55.801+0000] {logging_mixin.py:149} INFO - 10
[2023-05-06T22:00:55.803+0000] {logging_mixin.py:149} INFO - 11
[2023-05-06T22:00:55.804+0000] {logging_mixin.py:149} INFO - 12
[2023-05-06T22:00:55.805+0000] {logging_mixin.py:149} INFO - 13
[2023-05-06T22:00:55.807+0000] {logging_mixin.py:149} INFO - 14
[2023-05-06T22:00:55.808+0000] {logging_mixin.py:149} INFO - 15
[2023-05-06T22:00:55.809+0000] {logging_mixin.py:149} INFO - 16
[2023-05-06T22:00:55.810+0000] {logging_mixin.py:149} INFO - 17
[2023-05-06T22:00:55.812+0000] {logging_mixin.py:149} INFO - 18
[2023-05-06T22:00:55.813+0000] {logging_mixin.py:149} INFO - 19
[2023-05-06T22:00:55.814+0000] {logging_mixin.py:149} INFO - 20
[2023-05-06T22:00:55.815+0000] {logging_mixin.py:149} INFO - 21
[2023-05-06T22:00:55.816+0000] {logging_mixin.py:149} INFO - 22
[2023-05-06T22:00:55.817+0000] {logging_mixin.py:149} INFO - 23
[2023-05-06T22:00:55.818+0000] {logging_mixin.py:149} INFO - 24
[2023-05-06T22:00:55.820+0000] {logging_mixin.py:149} INFO - 25
[2023-05-06T22:00:55.821+0000] {logging_mixin.py:149} INFO - 26
[2023-05-06T22:00:55.822+0000] {logging_mixin.py:149} INFO - 27
[2023-05-06T22:00:55.825+0000] {logging_mixin.py:149} INFO - 28
[2023-05-06T22:00:55.826+0000] {logging_mixin.py:149} INFO - 29
[2023-05-06T22:00:55.827+0000] {logging_mixin.py:149} INFO - 30
[2023-05-06T22:00:55.829+0000] {logging_mixin.py:149} INFO - 31
[2023-05-06T22:00:55.830+0000] {logging_mixin.py:149} INFO - 32
[2023-05-06T22:00:55.831+0000] {logging_mixin.py:149} INFO - 33
[2023-05-06T22:00:55.832+0000] {logging_mixin.py:149} INFO - 34
[2023-05-06T22:00:55.833+0000] {logging_mixin.py:149} INFO - 35
[2023-05-06T22:00:55.835+0000] {logging_mixin.py:149} INFO - 36
[2023-05-06T22:00:55.838+0000] {logging_mixin.py:149} INFO - 37
[2023-05-06T22:00:55.839+0000] {logging_mixin.py:149} INFO - 38
[2023-05-06T22:00:55.840+0000] {logging_mixin.py:149} INFO - 39
[2023-05-06T22:00:55.842+0000] {logging_mixin.py:149} INFO - 40
[2023-05-06T22:00:55.843+0000] {logging_mixin.py:149} INFO - 41
[2023-05-06T22:00:55.844+0000] {logging_mixin.py:149} INFO - 42
[2023-05-06T22:00:55.845+0000] {logging_mixin.py:149} INFO - 43
[2023-05-06T22:00:55.847+0000] {logging_mixin.py:149} INFO - 44
[2023-05-06T22:00:55.848+0000] {logging_mixin.py:149} INFO - 45
[2023-05-06T22:00:55.849+0000] {logging_mixin.py:149} INFO - 46
[2023-05-06T22:00:55.850+0000] {logging_mixin.py:149} INFO - 47
[2023-05-06T22:00:55.852+0000] {logging_mixin.py:149} INFO - 48
[2023-05-06T22:00:55.854+0000] {logging_mixin.py:149} INFO - 49
[2023-05-06T22:00:55.855+0000] {logging_mixin.py:149} INFO - 50
[2023-05-06T22:00:55.856+0000] {logging_mixin.py:149} INFO - 51
[2023-05-06T22:00:55.857+0000] {logging_mixin.py:149} INFO - 52
[2023-05-06T22:00:55.858+0000] {logging_mixin.py:149} INFO - 53
[2023-05-06T22:00:55.859+0000] {logging_mixin.py:149} INFO - 54
[2023-05-06T22:00:55.860+0000] {logging_mixin.py:149} INFO - 55
[2023-05-06T22:00:55.861+0000] {logging_mixin.py:149} INFO - 56
[2023-05-06T22:00:55.863+0000] {logging_mixin.py:149} INFO - 57
[2023-05-06T22:00:55.864+0000] {logging_mixin.py:149} INFO - 58
[2023-05-06T22:00:55.865+0000] {logging_mixin.py:149} INFO - 59
[2023-05-06T22:00:55.866+0000] {logging_mixin.py:149} INFO - 60
[2023-05-06T22:00:55.867+0000] {logging_mixin.py:149} INFO - 61
[2023-05-06T22:00:55.868+0000] {logging_mixin.py:149} INFO - 62
[2023-05-06T22:00:55.869+0000] {logging_mixin.py:149} INFO - 63
[2023-05-06T22:00:55.871+0000] {logging_mixin.py:149} INFO - 64
[2023-05-06T22:00:55.872+0000] {logging_mixin.py:149} INFO - 65
[2023-05-06T22:00:55.873+0000] {logging_mixin.py:149} INFO - 66
[2023-05-06T22:00:55.874+0000] {logging_mixin.py:149} INFO - 67
[2023-05-06T22:00:55.876+0000] {logging_mixin.py:149} INFO - 68
[2023-05-06T22:00:55.877+0000] {logging_mixin.py:149} INFO - 69
[2023-05-06T22:00:55.878+0000] {logging_mixin.py:149} INFO - 70
[2023-05-06T22:00:55.880+0000] {logging_mixin.py:149} INFO - 71
[2023-05-06T22:00:55.881+0000] {logging_mixin.py:149} INFO - 72
[2023-05-06T22:00:55.883+0000] {logging_mixin.py:149} INFO - 73
[2023-05-06T22:00:55.884+0000] {logging_mixin.py:149} INFO - 74
[2023-05-06T22:00:55.885+0000] {logging_mixin.py:149} INFO - 75
[2023-05-06T22:00:55.886+0000] {logging_mixin.py:149} INFO - 76
[2023-05-06T22:00:55.887+0000] {logging_mixin.py:149} INFO - 77
[2023-05-06T22:00:55.889+0000] {logging_mixin.py:149} INFO - 78
[2023-05-06T22:00:55.890+0000] {logging_mixin.py:149} INFO - 79
[2023-05-06T22:00:55.892+0000] {logging_mixin.py:149} INFO - 80
[2023-05-06T22:00:55.893+0000] {logging_mixin.py:149} INFO - 81
[2023-05-06T22:00:55.895+0000] {logging_mixin.py:149} INFO - 82
[2023-05-06T22:00:55.896+0000] {logging_mixin.py:149} INFO - 83
[2023-05-06T22:00:55.898+0000] {logging_mixin.py:149} INFO - 84
[2023-05-06T22:00:55.899+0000] {logging_mixin.py:149} INFO - 85
[2023-05-06T22:00:55.901+0000] {logging_mixin.py:149} INFO - 86
[2023-05-06T22:00:55.902+0000] {logging_mixin.py:149} INFO - 87
[2023-05-06T22:00:55.903+0000] {logging_mixin.py:149} INFO - 88
[2023-05-06T22:00:55.904+0000] {logging_mixin.py:149} INFO - 89
[2023-05-06T22:00:55.906+0000] {logging_mixin.py:149} INFO - 90
[2023-05-06T22:00:55.907+0000] {logging_mixin.py:149} INFO - 91
[2023-05-06T22:00:55.908+0000] {logging_mixin.py:149} INFO - 92
[2023-05-06T22:00:55.910+0000] {logging_mixin.py:149} INFO - 93
[2023-05-06T22:00:55.912+0000] {logging_mixin.py:149} INFO - 94
[2023-05-06T22:00:55.914+0000] {logging_mixin.py:149} INFO - 95
[2023-05-06T22:00:55.915+0000] {logging_mixin.py:149} INFO - 96
[2023-05-06T22:00:55.916+0000] {logging_mixin.py:149} INFO - 97
[2023-05-06T22:00:55.917+0000] {logging_mixin.py:149} INFO - 98
[2023-05-06T22:00:55.918+0000] {logging_mixin.py:149} INFO - 99
[2023-05-06T22:00:55.931+0000] {python.py:183} INFO - Done. Returned value was: None
[2023-05-06T22:00:55.939+0000] {taskinstance.py:1373} INFO - Marking task as SUCCESS. dag_id=Summer_Warped_ETL, task_id=GetSongsFromPlaylist, execution_date=20230506T200428, start_date=20230506T220055, end_date=20230506T220055
[2023-05-06T22:00:55.981+0000] {local_task_job_runner.py:232} INFO - Task exited with return code 0
[2023-05-06T22:00:56.000+0000] {taskinstance.py:2674} INFO - 2 downstream tasks scheduled from follow-on schedule check
