[2023-05-09T18:57:04.178+0000] {taskinstance.py:1125} INFO - Dependencies all met for dep_context=non-requeueable deps ti=<TaskInstance: Summer_Warped_ETL.LoadData.LoadSongArtistBridge manual__2023-05-09T18:56:12.065687+00:00 [queued]>
[2023-05-09T18:57:04.185+0000] {taskinstance.py:1125} INFO - Dependencies all met for dep_context=requeueable deps ti=<TaskInstance: Summer_Warped_ETL.LoadData.LoadSongArtistBridge manual__2023-05-09T18:56:12.065687+00:00 [queued]>
[2023-05-09T18:57:04.189+0000] {taskinstance.py:1331} INFO - Starting attempt 1 of 3
[2023-05-09T18:57:04.198+0000] {taskinstance.py:1350} INFO - Executing <Task(PythonOperator): LoadData.LoadSongArtistBridge> on 2023-05-09 18:56:12.065687+00:00
[2023-05-09T18:57:04.205+0000] {standard_task_runner.py:57} INFO - Started process 2993 to run task
[2023-05-09T18:57:04.210+0000] {standard_task_runner.py:84} INFO - Running: ['***', 'tasks', 'run', 'Summer_Warped_ETL', 'LoadData.LoadSongArtistBridge', 'manual__2023-05-09T18:56:12.065687+00:00', '--job-id', '2916', '--raw', '--subdir', 'DAGS_FOLDER/warped-dag.py', '--cfg-path', '/tmp/tmp12w64tvh']
[2023-05-09T18:57:04.210+0000] {standard_task_runner.py:85} INFO - Job 2916: Subtask LoadData.LoadSongArtistBridge
[2023-05-09T18:57:04.253+0000] {task_command.py:410} INFO - Running <TaskInstance: Summer_Warped_ETL.LoadData.LoadSongArtistBridge manual__2023-05-09T18:56:12.065687+00:00 [running]> on host 544e3a3b1eb2
[2023-05-09T18:57:04.330+0000] {taskinstance.py:1570} INFO - Exporting env vars: AIRFLOW_CTX_DAG_OWNER='Ananta Moharana' AIRFLOW_CTX_DAG_ID='Summer_Warped_ETL' AIRFLOW_CTX_TASK_ID='LoadData.LoadSongArtistBridge' AIRFLOW_CTX_EXECUTION_DATE='2023-05-09T18:56:12.065687+00:00' AIRFLOW_CTX_TRY_NUMBER='1' AIRFLOW_CTX_DAG_RUN_ID='manual__2023-05-09T18:56:12.065687+00:00'
[2023-05-09T18:57:04.334+0000] {logging_mixin.py:149} INFO - 2023-05/song_artist_bridge.csv
[2023-05-09T18:57:04.341+0000] {base.py:73} INFO - Using connection ID 'aws_connection' for task execution.
[2023-05-09T18:57:04.342+0000] {connection_wrapper.py:337} INFO - AWS Connection (conn_id='aws_connection', conn_type='aws') credentials retrieved from login and password.
[2023-05-09T18:57:04.549+0000] {logging_mixin.py:149} INFO -                   song_id               artist_id
0  1LmNhEkyaKl1mSJDNSNwjZ  5aTRa02UP1y6PW5klZiTt0
1  7wIcRhedBpZGpLf9PGKUEh  3XOHHfvBYKCMo1h0DFY27z
2  7wIcRhedBpZGpLf9PGKUEh  1trffosn0Alk3IlloOD5O8
3  7wIcRhedBpZGpLf9PGKUEh  04ei5kNgmDuNAydFhhIHnD
4  1ioQDNCREA6I1BVg8VuD7Z  4kqFrZkeqDfOIEqTWqbOOV
[2023-05-09T18:57:04.550+0000] {logging_mixin.py:149} INFO - INSERT INTO song_artist_bridge (song_id,artist_id) VALUES (%s,%s) ON CONFLICT (song_id,artist_id) DO UPDATE SET song_id=EXCLUDED.song_id,artist_id=EXCLUDED.artist_id
[2023-05-09T18:57:04.558+0000] {base.py:73} INFO - Using connection ID '***' for task execution.
[2023-05-09T18:57:04.566+0000] {sql.py:375} INFO - Running statement: INSERT INTO song_artist_bridge (song_id,artist_id) VALUES (%s,%s) ON CONFLICT (song_id,artist_id) DO UPDATE SET song_id=EXCLUDED.song_id,artist_id=EXCLUDED.artist_id, parameters: ('1LmNhEkyaKl1mSJDNSNwjZ', '5aTRa02UP1y6PW5klZiTt0')
[2023-05-09T18:57:04.568+0000] {sql.py:384} INFO - Rows affected: 1
[2023-05-09T18:57:04.574+0000] {base.py:73} INFO - Using connection ID '***' for task execution.
[2023-05-09T18:57:04.582+0000] {sql.py:375} INFO - Running statement: INSERT INTO song_artist_bridge (song_id,artist_id) VALUES (%s,%s) ON CONFLICT (song_id,artist_id) DO UPDATE SET song_id=EXCLUDED.song_id,artist_id=EXCLUDED.artist_id, parameters: ('7wIcRhedBpZGpLf9PGKUEh', '3XOHHfvBYKCMo1h0DFY27z')
[2023-05-09T18:57:04.584+0000] {sql.py:384} INFO - Rows affected: 1
[2023-05-09T18:57:04.594+0000] {base.py:73} INFO - Using connection ID '***' for task execution.
[2023-05-09T18:57:04.602+0000] {sql.py:375} INFO - Running statement: INSERT INTO song_artist_bridge (song_id,artist_id) VALUES (%s,%s) ON CONFLICT (song_id,artist_id) DO UPDATE SET song_id=EXCLUDED.song_id,artist_id=EXCLUDED.artist_id, parameters: ('7wIcRhedBpZGpLf9PGKUEh', '1trffosn0Alk3IlloOD5O8')
[2023-05-09T18:57:04.605+0000] {sql.py:384} INFO - Rows affected: 1
[2023-05-09T18:57:04.611+0000] {base.py:73} INFO - Using connection ID '***' for task execution.
[2023-05-09T18:57:04.618+0000] {sql.py:375} INFO - Running statement: INSERT INTO song_artist_bridge (song_id,artist_id) VALUES (%s,%s) ON CONFLICT (song_id,artist_id) DO UPDATE SET song_id=EXCLUDED.song_id,artist_id=EXCLUDED.artist_id, parameters: ('7wIcRhedBpZGpLf9PGKUEh', '04ei5kNgmDuNAydFhhIHnD')
[2023-05-09T18:57:04.619+0000] {sql.py:384} INFO - Rows affected: 1
[2023-05-09T18:57:04.627+0000] {base.py:73} INFO - Using connection ID '***' for task execution.
[2023-05-09T18:57:04.633+0000] {sql.py:375} INFO - Running statement: INSERT INTO song_artist_bridge (song_id,artist_id) VALUES (%s,%s) ON CONFLICT (song_id,artist_id) DO UPDATE SET song_id=EXCLUDED.song_id,artist_id=EXCLUDED.artist_id, parameters: ('1ioQDNCREA6I1BVg8VuD7Z', '4kqFrZkeqDfOIEqTWqbOOV')
[2023-05-09T18:57:04.635+0000] {sql.py:384} INFO - Rows affected: 1
[2023-05-09T18:57:04.641+0000] {base.py:73} INFO - Using connection ID '***' for task execution.
[2023-05-09T18:57:04.647+0000] {sql.py:375} INFO - Running statement: INSERT INTO song_artist_bridge (song_id,artist_id) VALUES (%s,%s) ON CONFLICT (song_id,artist_id) DO UPDATE SET song_id=EXCLUDED.song_id,artist_id=EXCLUDED.artist_id, parameters: ('5CsHSdXkw5hxN9LOwHn5mZ', '0WvTK38rXqPCD5pZMDuX20')
[2023-05-09T18:57:04.648+0000] {sql.py:384} INFO - Rows affected: 1
[2023-05-09T18:57:04.655+0000] {base.py:73} INFO - Using connection ID '***' for task execution.
[2023-05-09T18:57:04.661+0000] {sql.py:375} INFO - Running statement: INSERT INTO song_artist_bridge (song_id,artist_id) VALUES (%s,%s) ON CONFLICT (song_id,artist_id) DO UPDATE SET song_id=EXCLUDED.song_id,artist_id=EXCLUDED.artist_id, parameters: ('32FMAbZAzs3D70UuvnN6y4', '3hOdow4ZPmrby7Q1wfPLEy')
[2023-05-09T18:57:04.663+0000] {sql.py:384} INFO - Rows affected: 1
[2023-05-09T18:57:04.669+0000] {base.py:73} INFO - Using connection ID '***' for task execution.
[2023-05-09T18:57:04.675+0000] {sql.py:375} INFO - Running statement: INSERT INTO song_artist_bridge (song_id,artist_id) VALUES (%s,%s) ON CONFLICT (song_id,artist_id) DO UPDATE SET song_id=EXCLUDED.song_id,artist_id=EXCLUDED.artist_id, parameters: ('2fx3JQWD6evgucAoArYojR', '7eRBEVzcZk4XyIdF0Btfg4')
[2023-05-09T18:57:04.677+0000] {sql.py:384} INFO - Rows affected: 1
[2023-05-09T18:57:04.682+0000] {base.py:73} INFO - Using connection ID '***' for task execution.
[2023-05-09T18:57:04.691+0000] {sql.py:375} INFO - Running statement: INSERT INTO song_artist_bridge (song_id,artist_id) VALUES (%s,%s) ON CONFLICT (song_id,artist_id) DO UPDATE SET song_id=EXCLUDED.song_id,artist_id=EXCLUDED.artist_id, parameters: ('2fx3JQWD6evgucAoArYojR', '3Ae7AQITxFS0r3yGQHYDJI')
[2023-05-09T18:57:04.692+0000] {sql.py:384} INFO - Rows affected: 1
[2023-05-09T18:57:04.698+0000] {base.py:73} INFO - Using connection ID '***' for task execution.
[2023-05-09T18:57:04.706+0000] {sql.py:375} INFO - Running statement: INSERT INTO song_artist_bridge (song_id,artist_id) VALUES (%s,%s) ON CONFLICT (song_id,artist_id) DO UPDATE SET song_id=EXCLUDED.song_id,artist_id=EXCLUDED.artist_id, parameters: ('6sLGpYvLDqGCdX9G1sV7rH', '7C4ztJMkuGRy0qkU6dG5hU')
[2023-05-09T18:57:04.708+0000] {sql.py:384} INFO - Rows affected: 1
[2023-05-09T18:57:04.714+0000] {base.py:73} INFO - Using connection ID '***' for task execution.
[2023-05-09T18:57:04.721+0000] {sql.py:375} INFO - Running statement: INSERT INTO song_artist_bridge (song_id,artist_id) VALUES (%s,%s) ON CONFLICT (song_id,artist_id) DO UPDATE SET song_id=EXCLUDED.song_id,artist_id=EXCLUDED.artist_id, parameters: ('6sLGpYvLDqGCdX9G1sV7rH', '0vUk0rbl0BkFjmeFvjOvoj')
[2023-05-09T18:57:04.722+0000] {sql.py:384} INFO - Rows affected: 1
[2023-05-09T18:57:04.728+0000] {base.py:73} INFO - Using connection ID '***' for task execution.
[2023-05-09T18:57:04.734+0000] {sql.py:375} INFO - Running statement: INSERT INTO song_artist_bridge (song_id,artist_id) VALUES (%s,%s) ON CONFLICT (song_id,artist_id) DO UPDATE SET song_id=EXCLUDED.song_id,artist_id=EXCLUDED.artist_id, parameters: ('1hV0Ue00iyNCZvb1n0VyGf', '2cFrymmkijnjDg9SS92EPM')
[2023-05-09T18:57:04.736+0000] {sql.py:384} INFO - Rows affected: 1
[2023-05-09T18:57:04.742+0000] {base.py:73} INFO - Using connection ID '***' for task execution.
[2023-05-09T18:57:04.748+0000] {sql.py:375} INFO - Running statement: INSERT INTO song_artist_bridge (song_id,artist_id) VALUES (%s,%s) ON CONFLICT (song_id,artist_id) DO UPDATE SET song_id=EXCLUDED.song_id,artist_id=EXCLUDED.artist_id, parameters: ('1hV0Ue00iyNCZvb1n0VyGf', '4kqFrZkeqDfOIEqTWqbOOV')
[2023-05-09T18:57:04.750+0000] {sql.py:384} INFO - Rows affected: 1
[2023-05-09T18:57:04.756+0000] {base.py:73} INFO - Using connection ID '***' for task execution.
[2023-05-09T18:57:04.763+0000] {sql.py:375} INFO - Running statement: INSERT INTO song_artist_bridge (song_id,artist_id) VALUES (%s,%s) ON CONFLICT (song_id,artist_id) DO UPDATE SET song_id=EXCLUDED.song_id,artist_id=EXCLUDED.artist_id, parameters: ('1XnnLXcvFd21B25H4IHEIY', '4kqFrZkeqDfOIEqTWqbOOV')
[2023-05-09T18:57:04.765+0000] {sql.py:384} INFO - Rows affected: 1
[2023-05-09T18:57:04.772+0000] {base.py:73} INFO - Using connection ID '***' for task execution.
[2023-05-09T18:57:04.778+0000] {sql.py:375} INFO - Running statement: INSERT INTO song_artist_bridge (song_id,artist_id) VALUES (%s,%s) ON CONFLICT (song_id,artist_id) DO UPDATE SET song_id=EXCLUDED.song_id,artist_id=EXCLUDED.artist_id, parameters: ('5cSg8SdClubjZ32WrKwzAW', '3Ps6le7tj5BdNtdnfNgTU4')
[2023-05-09T18:57:04.779+0000] {sql.py:384} INFO - Rows affected: 1
[2023-05-09T18:57:04.785+0000] {base.py:73} INFO - Using connection ID '***' for task execution.
[2023-05-09T18:57:04.791+0000] {sql.py:375} INFO - Running statement: INSERT INTO song_artist_bridge (song_id,artist_id) VALUES (%s,%s) ON CONFLICT (song_id,artist_id) DO UPDATE SET song_id=EXCLUDED.song_id,artist_id=EXCLUDED.artist_id, parameters: ('5cSg8SdClubjZ32WrKwzAW', '2QuPPChZpqAai29uqulNFe')
[2023-05-09T18:57:04.792+0000] {sql.py:384} INFO - Rows affected: 1
[2023-05-09T18:57:04.798+0000] {base.py:73} INFO - Using connection ID '***' for task execution.
[2023-05-09T18:57:04.804+0000] {sql.py:375} INFO - Running statement: INSERT INTO song_artist_bridge (song_id,artist_id) VALUES (%s,%s) ON CONFLICT (song_id,artist_id) DO UPDATE SET song_id=EXCLUDED.song_id,artist_id=EXCLUDED.artist_id, parameters: ('5vsmYBZnG3kL6RWul1B4c9', '3Ps6le7tj5BdNtdnfNgTU4')
[2023-05-09T18:57:04.806+0000] {sql.py:384} INFO - Rows affected: 1
[2023-05-09T18:57:04.812+0000] {base.py:73} INFO - Using connection ID '***' for task execution.
[2023-05-09T18:57:04.819+0000] {sql.py:375} INFO - Running statement: INSERT INTO song_artist_bridge (song_id,artist_id) VALUES (%s,%s) ON CONFLICT (song_id,artist_id) DO UPDATE SET song_id=EXCLUDED.song_id,artist_id=EXCLUDED.artist_id, parameters: ('5vsmYBZnG3kL6RWul1B4c9', '2QuPPChZpqAai29uqulNFe')
[2023-05-09T18:57:04.821+0000] {sql.py:384} INFO - Rows affected: 1
[2023-05-09T18:57:04.827+0000] {base.py:73} INFO - Using connection ID '***' for task execution.
[2023-05-09T18:57:04.835+0000] {sql.py:375} INFO - Running statement: INSERT INTO song_artist_bridge (song_id,artist_id) VALUES (%s,%s) ON CONFLICT (song_id,artist_id) DO UPDATE SET song_id=EXCLUDED.song_id,artist_id=EXCLUDED.artist_id, parameters: ('14FdeSXWFUosFEevBfOyPb', '5ZPYeVqoWNuukwfarvkyJX')
[2023-05-09T18:57:04.837+0000] {sql.py:384} INFO - Rows affected: 1
[2023-05-09T18:57:04.844+0000] {base.py:73} INFO - Using connection ID '***' for task execution.
[2023-05-09T18:57:04.850+0000] {sql.py:375} INFO - Running statement: INSERT INTO song_artist_bridge (song_id,artist_id) VALUES (%s,%s) ON CONFLICT (song_id,artist_id) DO UPDATE SET song_id=EXCLUDED.song_id,artist_id=EXCLUDED.artist_id, parameters: ('3nIlBeSIVnDbWFO3mExxV2', '3hOdow4ZPmrby7Q1wfPLEy')
[2023-05-09T18:57:04.852+0000] {sql.py:384} INFO - Rows affected: 1
[2023-05-09T18:57:04.858+0000] {base.py:73} INFO - Using connection ID '***' for task execution.
[2023-05-09T18:57:04.864+0000] {sql.py:375} INFO - Running statement: INSERT INTO song_artist_bridge (song_id,artist_id) VALUES (%s,%s) ON CONFLICT (song_id,artist_id) DO UPDATE SET song_id=EXCLUDED.song_id,artist_id=EXCLUDED.artist_id, parameters: ('4zjkYaWZcr6QNr0YkcZQgK', '0BxHc5dN9BSfLZ8PCch9wT')
[2023-05-09T18:57:04.866+0000] {sql.py:384} INFO - Rows affected: 1
[2023-05-09T18:57:04.872+0000] {base.py:73} INFO - Using connection ID '***' for task execution.
[2023-05-09T18:57:04.878+0000] {sql.py:375} INFO - Running statement: INSERT INTO song_artist_bridge (song_id,artist_id) VALUES (%s,%s) ON CONFLICT (song_id,artist_id) DO UPDATE SET song_id=EXCLUDED.song_id,artist_id=EXCLUDED.artist_id, parameters: ('4zjkYaWZcr6QNr0YkcZQgK', '1iT8Vbd7KhZiBji3G72zDW')
[2023-05-09T18:57:04.880+0000] {sql.py:384} INFO - Rows affected: 1
[2023-05-09T18:57:04.885+0000] {base.py:73} INFO - Using connection ID '***' for task execution.
[2023-05-09T18:57:04.892+0000] {sql.py:375} INFO - Running statement: INSERT INTO song_artist_bridge (song_id,artist_id) VALUES (%s,%s) ON CONFLICT (song_id,artist_id) DO UPDATE SET song_id=EXCLUDED.song_id,artist_id=EXCLUDED.artist_id, parameters: ('495p4HdTEzWJ7CkLYD51wO', '4cJKDGSv4Dz9QycXYmo565')
[2023-05-09T18:57:04.893+0000] {sql.py:384} INFO - Rows affected: 1
[2023-05-09T18:57:04.899+0000] {base.py:73} INFO - Using connection ID '***' for task execution.
[2023-05-09T18:57:04.906+0000] {sql.py:375} INFO - Running statement: INSERT INTO song_artist_bridge (song_id,artist_id) VALUES (%s,%s) ON CONFLICT (song_id,artist_id) DO UPDATE SET song_id=EXCLUDED.song_id,artist_id=EXCLUDED.artist_id, parameters: ('2Vgp8Ah9NuTTKDfQykl0f8', '0UENogXhLeGTZjub4eejjX')
[2023-05-09T18:57:04.907+0000] {sql.py:384} INFO - Rows affected: 1
[2023-05-09T18:57:04.913+0000] {base.py:73} INFO - Using connection ID '***' for task execution.
[2023-05-09T18:57:04.919+0000] {sql.py:375} INFO - Running statement: INSERT INTO song_artist_bridge (song_id,artist_id) VALUES (%s,%s) ON CONFLICT (song_id,artist_id) DO UPDATE SET song_id=EXCLUDED.song_id,artist_id=EXCLUDED.artist_id, parameters: ('37y67nNfTNLfMbCh6Mn5PL', '7b2FbxYmnpGMPqDe04QmyP')
[2023-05-09T18:57:04.921+0000] {sql.py:384} INFO - Rows affected: 1
[2023-05-09T18:57:04.927+0000] {base.py:73} INFO - Using connection ID '***' for task execution.
[2023-05-09T18:57:04.935+0000] {sql.py:375} INFO - Running statement: INSERT INTO song_artist_bridge (song_id,artist_id) VALUES (%s,%s) ON CONFLICT (song_id,artist_id) DO UPDATE SET song_id=EXCLUDED.song_id,artist_id=EXCLUDED.artist_id, parameters: ('63PBsYANeKAvmW6vMMus4Y', '2anlj4dNUn9I1VxxmjRHRx')
[2023-05-09T18:57:04.937+0000] {sql.py:384} INFO - Rows affected: 1
[2023-05-09T18:57:04.943+0000] {base.py:73} INFO - Using connection ID '***' for task execution.
[2023-05-09T18:57:04.949+0000] {sql.py:375} INFO - Running statement: INSERT INTO song_artist_bridge (song_id,artist_id) VALUES (%s,%s) ON CONFLICT (song_id,artist_id) DO UPDATE SET song_id=EXCLUDED.song_id,artist_id=EXCLUDED.artist_id, parameters: ('7aGsybFB60iTiG1AyyeVpF', '3hOdow4ZPmrby7Q1wfPLEy')
[2023-05-09T18:57:04.951+0000] {sql.py:384} INFO - Rows affected: 1
[2023-05-09T18:57:04.957+0000] {base.py:73} INFO - Using connection ID '***' for task execution.
[2023-05-09T18:57:04.962+0000] {sql.py:375} INFO - Running statement: INSERT INTO song_artist_bridge (song_id,artist_id) VALUES (%s,%s) ON CONFLICT (song_id,artist_id) DO UPDATE SET song_id=EXCLUDED.song_id,artist_id=EXCLUDED.artist_id, parameters: ('7aGsybFB60iTiG1AyyeVpF', '4FI4qPOnjt3D8DnJQrNWps')
[2023-05-09T18:57:04.965+0000] {sql.py:384} INFO - Rows affected: 1
[2023-05-09T18:57:04.971+0000] {base.py:73} INFO - Using connection ID '***' for task execution.
[2023-05-09T18:57:04.978+0000] {sql.py:375} INFO - Running statement: INSERT INTO song_artist_bridge (song_id,artist_id) VALUES (%s,%s) ON CONFLICT (song_id,artist_id) DO UPDATE SET song_id=EXCLUDED.song_id,artist_id=EXCLUDED.artist_id, parameters: ('6ax40d2A1qCJ0q6v4usuNG', '5uLkZ7FWMTBUg1corQqdkR')
[2023-05-09T18:57:04.980+0000] {sql.py:384} INFO - Rows affected: 1
[2023-05-09T18:57:04.986+0000] {base.py:73} INFO - Using connection ID '***' for task execution.
[2023-05-09T18:57:04.993+0000] {sql.py:375} INFO - Running statement: INSERT INTO song_artist_bridge (song_id,artist_id) VALUES (%s,%s) ON CONFLICT (song_id,artist_id) DO UPDATE SET song_id=EXCLUDED.song_id,artist_id=EXCLUDED.artist_id, parameters: ('5FZ5p7OoluyzZNPEAgkYiV', '0ILo2K3FmfIh4ICcbHE7RK')
[2023-05-09T18:57:04.994+0000] {sql.py:384} INFO - Rows affected: 1
[2023-05-09T18:57:05.000+0000] {base.py:73} INFO - Using connection ID '***' for task execution.
[2023-05-09T18:57:05.007+0000] {sql.py:375} INFO - Running statement: INSERT INTO song_artist_bridge (song_id,artist_id) VALUES (%s,%s) ON CONFLICT (song_id,artist_id) DO UPDATE SET song_id=EXCLUDED.song_id,artist_id=EXCLUDED.artist_id, parameters: ('5FZ5p7OoluyzZNPEAgkYiV', '0r7PsZB4ePA6vHrW4agoGN')
[2023-05-09T18:57:05.008+0000] {sql.py:384} INFO - Rows affected: 1
[2023-05-09T18:57:05.014+0000] {base.py:73} INFO - Using connection ID '***' for task execution.
[2023-05-09T18:57:05.021+0000] {sql.py:375} INFO - Running statement: INSERT INTO song_artist_bridge (song_id,artist_id) VALUES (%s,%s) ON CONFLICT (song_id,artist_id) DO UPDATE SET song_id=EXCLUDED.song_id,artist_id=EXCLUDED.artist_id, parameters: ('03frKXXCZEzd9n9QOEpUQA', '1PpFka2STGQ57kJcgYBgEF')
[2023-05-09T18:57:05.023+0000] {sql.py:384} INFO - Rows affected: 1
[2023-05-09T18:57:05.029+0000] {base.py:73} INFO - Using connection ID '***' for task execution.
[2023-05-09T18:57:05.036+0000] {sql.py:375} INFO - Running statement: INSERT INTO song_artist_bridge (song_id,artist_id) VALUES (%s,%s) ON CONFLICT (song_id,artist_id) DO UPDATE SET song_id=EXCLUDED.song_id,artist_id=EXCLUDED.artist_id, parameters: ('5YLBkEgpKzkPJOu2JZd2Xo', '6YxrfNCKBcQlbITpmDLErL')
[2023-05-09T18:57:05.037+0000] {sql.py:384} INFO - Rows affected: 1
[2023-05-09T18:57:05.043+0000] {base.py:73} INFO - Using connection ID '***' for task execution.
[2023-05-09T18:57:05.050+0000] {sql.py:375} INFO - Running statement: INSERT INTO song_artist_bridge (song_id,artist_id) VALUES (%s,%s) ON CONFLICT (song_id,artist_id) DO UPDATE SET song_id=EXCLUDED.song_id,artist_id=EXCLUDED.artist_id, parameters: ('6Jfd9OQNmtspaEGLI5R5kr', '2R2Yg2qPloNOTOfqxfXX7l')
[2023-05-09T18:57:05.052+0000] {sql.py:384} INFO - Rows affected: 1
[2023-05-09T18:57:05.058+0000] {base.py:73} INFO - Using connection ID '***' for task execution.
[2023-05-09T18:57:05.064+0000] {sql.py:375} INFO - Running statement: INSERT INTO song_artist_bridge (song_id,artist_id) VALUES (%s,%s) ON CONFLICT (song_id,artist_id) DO UPDATE SET song_id=EXCLUDED.song_id,artist_id=EXCLUDED.artist_id, parameters: ('0LHdHYe5ssIheUX5RZw4rN', '4yOY5zmuuTlS1DbG3yZGki')
[2023-05-09T18:57:05.065+0000] {sql.py:384} INFO - Rows affected: 1
[2023-05-09T18:57:05.071+0000] {base.py:73} INFO - Using connection ID '***' for task execution.
[2023-05-09T18:57:05.077+0000] {sql.py:375} INFO - Running statement: INSERT INTO song_artist_bridge (song_id,artist_id) VALUES (%s,%s) ON CONFLICT (song_id,artist_id) DO UPDATE SET song_id=EXCLUDED.song_id,artist_id=EXCLUDED.artist_id, parameters: ('0LHdHYe5ssIheUX5RZw4rN', '7iVscW49OWowl9SoLmWzfy')
[2023-05-09T18:57:05.079+0000] {sql.py:384} INFO - Rows affected: 1
[2023-05-09T18:57:05.085+0000] {base.py:73} INFO - Using connection ID '***' for task execution.
[2023-05-09T18:57:05.091+0000] {sql.py:375} INFO - Running statement: INSERT INTO song_artist_bridge (song_id,artist_id) VALUES (%s,%s) ON CONFLICT (song_id,artist_id) DO UPDATE SET song_id=EXCLUDED.song_id,artist_id=EXCLUDED.artist_id, parameters: ('46s77n3x4XZqUhZfIOCax9', '6c0lj01vVpHsCH7Z5CfJ9K')
[2023-05-09T18:57:05.092+0000] {sql.py:384} INFO - Rows affected: 1
[2023-05-09T18:57:05.098+0000] {base.py:73} INFO - Using connection ID '***' for task execution.
[2023-05-09T18:57:05.103+0000] {sql.py:375} INFO - Running statement: INSERT INTO song_artist_bridge (song_id,artist_id) VALUES (%s,%s) ON CONFLICT (song_id,artist_id) DO UPDATE SET song_id=EXCLUDED.song_id,artist_id=EXCLUDED.artist_id, parameters: ('6XpVAVpg3PfxcoO0tUG8jJ', '4tjqHer0BFQbJ1FVyWhffM')
[2023-05-09T18:57:05.105+0000] {sql.py:384} INFO - Rows affected: 1
[2023-05-09T18:57:05.111+0000] {base.py:73} INFO - Using connection ID '***' for task execution.
[2023-05-09T18:57:05.116+0000] {sql.py:375} INFO - Running statement: INSERT INTO song_artist_bridge (song_id,artist_id) VALUES (%s,%s) ON CONFLICT (song_id,artist_id) DO UPDATE SET song_id=EXCLUDED.song_id,artist_id=EXCLUDED.artist_id, parameters: ('3l9VCXMSoS1KBRhkCU5zuO', '63CZNEytugjFnZBdjBmWc8')
[2023-05-09T18:57:05.118+0000] {sql.py:384} INFO - Rows affected: 1
[2023-05-09T18:57:05.123+0000] {base.py:73} INFO - Using connection ID '***' for task execution.
[2023-05-09T18:57:05.129+0000] {sql.py:375} INFO - Running statement: INSERT INTO song_artist_bridge (song_id,artist_id) VALUES (%s,%s) ON CONFLICT (song_id,artist_id) DO UPDATE SET song_id=EXCLUDED.song_id,artist_id=EXCLUDED.artist_id, parameters: ('1xHtMESwwsyUhV2ezvH7kR', '0ILo2K3FmfIh4ICcbHE7RK')
[2023-05-09T18:57:05.130+0000] {sql.py:384} INFO - Rows affected: 1
[2023-05-09T18:57:05.136+0000] {base.py:73} INFO - Using connection ID '***' for task execution.
[2023-05-09T18:57:05.143+0000] {sql.py:375} INFO - Running statement: INSERT INTO song_artist_bridge (song_id,artist_id) VALUES (%s,%s) ON CONFLICT (song_id,artist_id) DO UPDATE SET song_id=EXCLUDED.song_id,artist_id=EXCLUDED.artist_id, parameters: ('0YRuwU4V9qO0NM4T3mcu0u', '0be7y7HUvSBf8uG1X7pK8f')
[2023-05-09T18:57:05.145+0000] {sql.py:384} INFO - Rows affected: 1
[2023-05-09T18:57:05.151+0000] {base.py:73} INFO - Using connection ID '***' for task execution.
[2023-05-09T18:57:05.156+0000] {sql.py:375} INFO - Running statement: INSERT INTO song_artist_bridge (song_id,artist_id) VALUES (%s,%s) ON CONFLICT (song_id,artist_id) DO UPDATE SET song_id=EXCLUDED.song_id,artist_id=EXCLUDED.artist_id, parameters: ('2nQ8RFX92URyHJeL2Naf3n', '3hOdow4ZPmrby7Q1wfPLEy')
[2023-05-09T18:57:05.158+0000] {sql.py:384} INFO - Rows affected: 1
[2023-05-09T18:57:05.163+0000] {base.py:73} INFO - Using connection ID '***' for task execution.
[2023-05-09T18:57:05.169+0000] {sql.py:375} INFO - Running statement: INSERT INTO song_artist_bridge (song_id,artist_id) VALUES (%s,%s) ON CONFLICT (song_id,artist_id) DO UPDATE SET song_id=EXCLUDED.song_id,artist_id=EXCLUDED.artist_id, parameters: ('3SpRtNO7GKWaFyWydXArvn', '4cJKDGSv4Dz9QycXYmo565')
[2023-05-09T18:57:05.170+0000] {sql.py:384} INFO - Rows affected: 1
[2023-05-09T18:57:05.175+0000] {base.py:73} INFO - Using connection ID '***' for task execution.
[2023-05-09T18:57:05.183+0000] {sql.py:375} INFO - Running statement: INSERT INTO song_artist_bridge (song_id,artist_id) VALUES (%s,%s) ON CONFLICT (song_id,artist_id) DO UPDATE SET song_id=EXCLUDED.song_id,artist_id=EXCLUDED.artist_id, parameters: ('7J66j3JaTRQ3vCxwr4Cwf0', '2trvlbfMS5zVozEmrFNDTJ')
[2023-05-09T18:57:05.185+0000] {sql.py:384} INFO - Rows affected: 1
[2023-05-09T18:57:05.191+0000] {base.py:73} INFO - Using connection ID '***' for task execution.
[2023-05-09T18:57:05.196+0000] {sql.py:375} INFO - Running statement: INSERT INTO song_artist_bridge (song_id,artist_id) VALUES (%s,%s) ON CONFLICT (song_id,artist_id) DO UPDATE SET song_id=EXCLUDED.song_id,artist_id=EXCLUDED.artist_id, parameters: ('7J66j3JaTRQ3vCxwr4Cwf0', '63dmB3SM4vOZ8rK1EX5IkU')
[2023-05-09T18:57:05.198+0000] {sql.py:384} INFO - Rows affected: 1
[2023-05-09T18:57:05.203+0000] {base.py:73} INFO - Using connection ID '***' for task execution.
[2023-05-09T18:57:05.211+0000] {sql.py:375} INFO - Running statement: INSERT INTO song_artist_bridge (song_id,artist_id) VALUES (%s,%s) ON CONFLICT (song_id,artist_id) DO UPDATE SET song_id=EXCLUDED.song_id,artist_id=EXCLUDED.artist_id, parameters: ('2EsyJN3AvC3zBlkQpb119M', '6fWVd57NKTalqvmjRd2t8Z')
[2023-05-09T18:57:05.214+0000] {sql.py:384} INFO - Rows affected: 1
[2023-05-09T18:57:05.220+0000] {base.py:73} INFO - Using connection ID '***' for task execution.
[2023-05-09T18:57:05.226+0000] {sql.py:375} INFO - Running statement: INSERT INTO song_artist_bridge (song_id,artist_id) VALUES (%s,%s) ON CONFLICT (song_id,artist_id) DO UPDATE SET song_id=EXCLUDED.song_id,artist_id=EXCLUDED.artist_id, parameters: ('38Yamwrtcc9Niupl3kH8pH', '3hOdow4ZPmrby7Q1wfPLEy')
[2023-05-09T18:57:05.228+0000] {sql.py:384} INFO - Rows affected: 1
[2023-05-09T18:57:05.233+0000] {base.py:73} INFO - Using connection ID '***' for task execution.
[2023-05-09T18:57:05.239+0000] {sql.py:375} INFO - Running statement: INSERT INTO song_artist_bridge (song_id,artist_id) VALUES (%s,%s) ON CONFLICT (song_id,artist_id) DO UPDATE SET song_id=EXCLUDED.song_id,artist_id=EXCLUDED.artist_id, parameters: ('7qqhkLSwb7910F2LHpYJFo', '3ddT1Q3KQAm1G7UcIfz5KJ')
[2023-05-09T18:57:05.240+0000] {sql.py:384} INFO - Rows affected: 1
[2023-05-09T18:57:05.246+0000] {base.py:73} INFO - Using connection ID '***' for task execution.
[2023-05-09T18:57:05.253+0000] {sql.py:375} INFO - Running statement: INSERT INTO song_artist_bridge (song_id,artist_id) VALUES (%s,%s) ON CONFLICT (song_id,artist_id) DO UPDATE SET song_id=EXCLUDED.song_id,artist_id=EXCLUDED.artist_id, parameters: ('2dkv1xqXpAjP6HtzQLP39Z', '47SwNXPh17mIDcZwsCr6hX')
[2023-05-09T18:57:05.255+0000] {sql.py:384} INFO - Rows affected: 1
[2023-05-09T18:57:05.261+0000] {base.py:73} INFO - Using connection ID '***' for task execution.
[2023-05-09T18:57:05.267+0000] {sql.py:375} INFO - Running statement: INSERT INTO song_artist_bridge (song_id,artist_id) VALUES (%s,%s) ON CONFLICT (song_id,artist_id) DO UPDATE SET song_id=EXCLUDED.song_id,artist_id=EXCLUDED.artist_id, parameters: ('2RJo6RNV5dpjLh6Co4nPsI', '7MS7B4QRp1n6c5H8N7s3wB')
[2023-05-09T18:57:05.269+0000] {sql.py:384} INFO - Rows affected: 1
[2023-05-09T18:57:05.275+0000] {base.py:73} INFO - Using connection ID '***' for task execution.
[2023-05-09T18:57:05.280+0000] {sql.py:375} INFO - Running statement: INSERT INTO song_artist_bridge (song_id,artist_id) VALUES (%s,%s) ON CONFLICT (song_id,artist_id) DO UPDATE SET song_id=EXCLUDED.song_id,artist_id=EXCLUDED.artist_id, parameters: ('703SHNf8XtJnM3gtryjyJ6', '6wUAn24MOirNVNqQM47fda')
[2023-05-09T18:57:05.282+0000] {sql.py:384} INFO - Rows affected: 1
[2023-05-09T18:57:05.288+0000] {base.py:73} INFO - Using connection ID '***' for task execution.
[2023-05-09T18:57:05.294+0000] {sql.py:375} INFO - Running statement: INSERT INTO song_artist_bridge (song_id,artist_id) VALUES (%s,%s) ON CONFLICT (song_id,artist_id) DO UPDATE SET song_id=EXCLUDED.song_id,artist_id=EXCLUDED.artist_id, parameters: ('7fZrKwhsgCM5HzZSpWe2HX', '4tjqHer0BFQbJ1FVyWhffM')
[2023-05-09T18:57:05.296+0000] {sql.py:384} INFO - Rows affected: 1
[2023-05-09T18:57:05.302+0000] {base.py:73} INFO - Using connection ID '***' for task execution.
[2023-05-09T18:57:05.308+0000] {sql.py:375} INFO - Running statement: INSERT INTO song_artist_bridge (song_id,artist_id) VALUES (%s,%s) ON CONFLICT (song_id,artist_id) DO UPDATE SET song_id=EXCLUDED.song_id,artist_id=EXCLUDED.artist_id, parameters: ('0UPPkMYBbotUYqRmekWOqn', '4KoNbDwbCK9D04dSmYG93E')
[2023-05-09T18:57:05.309+0000] {sql.py:384} INFO - Rows affected: 1
[2023-05-09T18:57:05.315+0000] {base.py:73} INFO - Using connection ID '***' for task execution.
[2023-05-09T18:57:05.321+0000] {sql.py:375} INFO - Running statement: INSERT INTO song_artist_bridge (song_id,artist_id) VALUES (%s,%s) ON CONFLICT (song_id,artist_id) DO UPDATE SET song_id=EXCLUDED.song_id,artist_id=EXCLUDED.artist_id, parameters: ('4xalL1bGV2FoRgAVt62mti', '2848adRcxvgWNRcz1g1tQD')
[2023-05-09T18:57:05.323+0000] {sql.py:384} INFO - Rows affected: 1
[2023-05-09T18:57:05.331+0000] {base.py:73} INFO - Using connection ID '***' for task execution.
[2023-05-09T18:57:05.341+0000] {sql.py:375} INFO - Running statement: INSERT INTO song_artist_bridge (song_id,artist_id) VALUES (%s,%s) ON CONFLICT (song_id,artist_id) DO UPDATE SET song_id=EXCLUDED.song_id,artist_id=EXCLUDED.artist_id, parameters: ('7lpUYOCEH6EEOSLF6r1f7r', '0QkgnHpxSCOYdTnhUR9S5k')
[2023-05-09T18:57:05.342+0000] {sql.py:384} INFO - Rows affected: 1
[2023-05-09T18:57:05.349+0000] {base.py:73} INFO - Using connection ID '***' for task execution.
[2023-05-09T18:57:05.355+0000] {sql.py:375} INFO - Running statement: INSERT INTO song_artist_bridge (song_id,artist_id) VALUES (%s,%s) ON CONFLICT (song_id,artist_id) DO UPDATE SET song_id=EXCLUDED.song_id,artist_id=EXCLUDED.artist_id, parameters: ('6MZ91tbZxwwqimJffOoLsW', '7MS7B4QRp1n6c5H8N7s3wB')
[2023-05-09T18:57:05.357+0000] {sql.py:384} INFO - Rows affected: 1
[2023-05-09T18:57:05.364+0000] {base.py:73} INFO - Using connection ID '***' for task execution.
[2023-05-09T18:57:05.370+0000] {sql.py:375} INFO - Running statement: INSERT INTO song_artist_bridge (song_id,artist_id) VALUES (%s,%s) ON CONFLICT (song_id,artist_id) DO UPDATE SET song_id=EXCLUDED.song_id,artist_id=EXCLUDED.artist_id, parameters: ('6UHRvtm1Be1NJOSJMpbGLu', '3AUIYVmhwrsw8UOPHEv91Z')
[2023-05-09T18:57:05.372+0000] {sql.py:384} INFO - Rows affected: 1
[2023-05-09T18:57:05.379+0000] {base.py:73} INFO - Using connection ID '***' for task execution.
[2023-05-09T18:57:05.385+0000] {sql.py:375} INFO - Running statement: INSERT INTO song_artist_bridge (song_id,artist_id) VALUES (%s,%s) ON CONFLICT (song_id,artist_id) DO UPDATE SET song_id=EXCLUDED.song_id,artist_id=EXCLUDED.artist_id, parameters: ('6UHRvtm1Be1NJOSJMpbGLu', '71EAlWYAa5jb4phZIOlp7u')
[2023-05-09T18:57:05.387+0000] {sql.py:384} INFO - Rows affected: 1
[2023-05-09T18:57:05.393+0000] {base.py:73} INFO - Using connection ID '***' for task execution.
[2023-05-09T18:57:05.400+0000] {sql.py:375} INFO - Running statement: INSERT INTO song_artist_bridge (song_id,artist_id) VALUES (%s,%s) ON CONFLICT (song_id,artist_id) DO UPDATE SET song_id=EXCLUDED.song_id,artist_id=EXCLUDED.artist_id, parameters: ('7j8Pum7QmJNtFR5mjniLMu', '4cJKDGSv4Dz9QycXYmo565')
[2023-05-09T18:57:05.401+0000] {sql.py:384} INFO - Rows affected: 1
[2023-05-09T18:57:05.407+0000] {base.py:73} INFO - Using connection ID '***' for task execution.
[2023-05-09T18:57:05.414+0000] {sql.py:375} INFO - Running statement: INSERT INTO song_artist_bridge (song_id,artist_id) VALUES (%s,%s) ON CONFLICT (song_id,artist_id) DO UPDATE SET song_id=EXCLUDED.song_id,artist_id=EXCLUDED.artist_id, parameters: ('7j8Pum7QmJNtFR5mjniLMu', '2GUw9Wzha61PkZoRVv1PDD')
[2023-05-09T18:57:05.416+0000] {sql.py:384} INFO - Rows affected: 1
[2023-05-09T18:57:05.422+0000] {base.py:73} INFO - Using connection ID '***' for task execution.
[2023-05-09T18:57:05.428+0000] {sql.py:375} INFO - Running statement: INSERT INTO song_artist_bridge (song_id,artist_id) VALUES (%s,%s) ON CONFLICT (song_id,artist_id) DO UPDATE SET song_id=EXCLUDED.song_id,artist_id=EXCLUDED.artist_id, parameters: ('06hNKFqaLBZ3FrEKlmwpf7', '3wDeS1sr05fxaOeiJJrOnL')
[2023-05-09T18:57:05.429+0000] {sql.py:384} INFO - Rows affected: 1
[2023-05-09T18:57:05.435+0000] {base.py:73} INFO - Using connection ID '***' for task execution.
[2023-05-09T18:57:05.441+0000] {sql.py:375} INFO - Running statement: INSERT INTO song_artist_bridge (song_id,artist_id) VALUES (%s,%s) ON CONFLICT (song_id,artist_id) DO UPDATE SET song_id=EXCLUDED.song_id,artist_id=EXCLUDED.artist_id, parameters: ('1HIrapG2x5sw0CTJu7VHAH', '7b2FbxYmnpGMPqDe04QmyP')
[2023-05-09T18:57:05.442+0000] {sql.py:384} INFO - Rows affected: 1
[2023-05-09T18:57:05.448+0000] {base.py:73} INFO - Using connection ID '***' for task execution.
[2023-05-09T18:57:05.454+0000] {sql.py:375} INFO - Running statement: INSERT INTO song_artist_bridge (song_id,artist_id) VALUES (%s,%s) ON CONFLICT (song_id,artist_id) DO UPDATE SET song_id=EXCLUDED.song_id,artist_id=EXCLUDED.artist_id, parameters: ('0EnhumMxDBQ6Ap09rluA4k', '1OP39gZ2SXVnwg4NrARmsu')
[2023-05-09T18:57:05.456+0000] {sql.py:384} INFO - Rows affected: 1
[2023-05-09T18:57:05.462+0000] {base.py:73} INFO - Using connection ID '***' for task execution.
[2023-05-09T18:57:05.468+0000] {sql.py:375} INFO - Running statement: INSERT INTO song_artist_bridge (song_id,artist_id) VALUES (%s,%s) ON CONFLICT (song_id,artist_id) DO UPDATE SET song_id=EXCLUDED.song_id,artist_id=EXCLUDED.artist_id, parameters: ('4Ptg6MQDWURiKpXzgnsroE', '1vwwjIPFeYoRfAUCqqO6cZ')
[2023-05-09T18:57:05.470+0000] {sql.py:384} INFO - Rows affected: 1
[2023-05-09T18:57:05.475+0000] {base.py:73} INFO - Using connection ID '***' for task execution.
[2023-05-09T18:57:05.484+0000] {sql.py:375} INFO - Running statement: INSERT INTO song_artist_bridge (song_id,artist_id) VALUES (%s,%s) ON CONFLICT (song_id,artist_id) DO UPDATE SET song_id=EXCLUDED.song_id,artist_id=EXCLUDED.artist_id, parameters: ('7iTWmRy9u5tkXdkxStO4u7', '2Ci3Sflo2BfC77wTwn2hbH')
[2023-05-09T18:57:05.485+0000] {sql.py:384} INFO - Rows affected: 1
[2023-05-09T18:57:05.491+0000] {base.py:73} INFO - Using connection ID '***' for task execution.
[2023-05-09T18:57:05.497+0000] {sql.py:375} INFO - Running statement: INSERT INTO song_artist_bridge (song_id,artist_id) VALUES (%s,%s) ON CONFLICT (song_id,artist_id) DO UPDATE SET song_id=EXCLUDED.song_id,artist_id=EXCLUDED.artist_id, parameters: ('3iYOMRgZVvlmNahSu9hEWi', '670UISOh9XV1zlq5z5IfoY')
[2023-05-09T18:57:05.499+0000] {sql.py:384} INFO - Rows affected: 1
[2023-05-09T18:57:05.505+0000] {base.py:73} INFO - Using connection ID '***' for task execution.
[2023-05-09T18:57:05.512+0000] {sql.py:375} INFO - Running statement: INSERT INTO song_artist_bridge (song_id,artist_id) VALUES (%s,%s) ON CONFLICT (song_id,artist_id) DO UPDATE SET song_id=EXCLUDED.song_id,artist_id=EXCLUDED.artist_id, parameters: ('3iYOMRgZVvlmNahSu9hEWi', '3QZxOYl5zlZtfigtXOZsfT')
[2023-05-09T18:57:05.514+0000] {sql.py:384} INFO - Rows affected: 1
[2023-05-09T18:57:05.520+0000] {base.py:73} INFO - Using connection ID '***' for task execution.
[2023-05-09T18:57:05.527+0000] {sql.py:375} INFO - Running statement: INSERT INTO song_artist_bridge (song_id,artist_id) VALUES (%s,%s) ON CONFLICT (song_id,artist_id) DO UPDATE SET song_id=EXCLUDED.song_id,artist_id=EXCLUDED.artist_id, parameters: ('3ZPqsNlUyRHebbc6r5gSDD', '2AfU5LYBVCiCtuCCfM7uVX')
[2023-05-09T18:57:05.529+0000] {sql.py:384} INFO - Rows affected: 1
[2023-05-09T18:57:05.535+0000] {base.py:73} INFO - Using connection ID '***' for task execution.
[2023-05-09T18:57:05.541+0000] {sql.py:375} INFO - Running statement: INSERT INTO song_artist_bridge (song_id,artist_id) VALUES (%s,%s) ON CONFLICT (song_id,artist_id) DO UPDATE SET song_id=EXCLUDED.song_id,artist_id=EXCLUDED.artist_id, parameters: ('3ZPqsNlUyRHebbc6r5gSDD', '7MigDh04CCntQbsBvugEmb')
[2023-05-09T18:57:05.544+0000] {sql.py:384} INFO - Rows affected: 1
[2023-05-09T18:57:05.549+0000] {base.py:73} INFO - Using connection ID '***' for task execution.
[2023-05-09T18:57:05.556+0000] {sql.py:375} INFO - Running statement: INSERT INTO song_artist_bridge (song_id,artist_id) VALUES (%s,%s) ON CONFLICT (song_id,artist_id) DO UPDATE SET song_id=EXCLUDED.song_id,artist_id=EXCLUDED.artist_id, parameters: ('6ue8qsdLrXbj9UDmhnYkEa', '3ddT1Q3KQAm1G7UcIfz5KJ')
[2023-05-09T18:57:05.557+0000] {sql.py:384} INFO - Rows affected: 1
[2023-05-09T18:57:05.563+0000] {base.py:73} INFO - Using connection ID '***' for task execution.
[2023-05-09T18:57:05.569+0000] {sql.py:375} INFO - Running statement: INSERT INTO song_artist_bridge (song_id,artist_id) VALUES (%s,%s) ON CONFLICT (song_id,artist_id) DO UPDATE SET song_id=EXCLUDED.song_id,artist_id=EXCLUDED.artist_id, parameters: ('0741N487QVIKOvKGJCYGU0', '0QkgnHpxSCOYdTnhUR9S5k')
[2023-05-09T18:57:05.570+0000] {sql.py:384} INFO - Rows affected: 1
[2023-05-09T18:57:05.577+0000] {base.py:73} INFO - Using connection ID '***' for task execution.
[2023-05-09T18:57:05.585+0000] {sql.py:375} INFO - Running statement: INSERT INTO song_artist_bridge (song_id,artist_id) VALUES (%s,%s) ON CONFLICT (song_id,artist_id) DO UPDATE SET song_id=EXCLUDED.song_id,artist_id=EXCLUDED.artist_id, parameters: ('37dVuP5d1BtVDagETMqP3k', '1tQu5TjcAK68fx8qrc8ZgF')
[2023-05-09T18:57:05.586+0000] {sql.py:384} INFO - Rows affected: 1
[2023-05-09T18:57:05.592+0000] {base.py:73} INFO - Using connection ID '***' for task execution.
[2023-05-09T18:57:05.600+0000] {sql.py:375} INFO - Running statement: INSERT INTO song_artist_bridge (song_id,artist_id) VALUES (%s,%s) ON CONFLICT (song_id,artist_id) DO UPDATE SET song_id=EXCLUDED.song_id,artist_id=EXCLUDED.artist_id, parameters: ('0NIVVOcnLUSq73tppaWV9h', '7C4ztJMkuGRy0qkU6dG5hU')
[2023-05-09T18:57:05.602+0000] {sql.py:384} INFO - Rows affected: 1
[2023-05-09T18:57:05.608+0000] {base.py:73} INFO - Using connection ID '***' for task execution.
[2023-05-09T18:57:05.614+0000] {sql.py:375} INFO - Running statement: INSERT INTO song_artist_bridge (song_id,artist_id) VALUES (%s,%s) ON CONFLICT (song_id,artist_id) DO UPDATE SET song_id=EXCLUDED.song_id,artist_id=EXCLUDED.artist_id, parameters: ('0NIVVOcnLUSq73tppaWV9h', '0Kx7qYhFiv0YD5lxEG1nsz')
[2023-05-09T18:57:05.616+0000] {sql.py:384} INFO - Rows affected: 1
[2023-05-09T18:57:05.622+0000] {base.py:73} INFO - Using connection ID '***' for task execution.
[2023-05-09T18:57:05.628+0000] {sql.py:375} INFO - Running statement: INSERT INTO song_artist_bridge (song_id,artist_id) VALUES (%s,%s) ON CONFLICT (song_id,artist_id) DO UPDATE SET song_id=EXCLUDED.song_id,artist_id=EXCLUDED.artist_id, parameters: ('4zp8noasnK5XNuNojkVhiy', '5ibWbhA0IkPT3xCN0YicRL')
[2023-05-09T18:57:05.630+0000] {sql.py:384} INFO - Rows affected: 1
[2023-05-09T18:57:05.636+0000] {base.py:73} INFO - Using connection ID '***' for task execution.
[2023-05-09T18:57:05.642+0000] {sql.py:375} INFO - Running statement: INSERT INTO song_artist_bridge (song_id,artist_id) VALUES (%s,%s) ON CONFLICT (song_id,artist_id) DO UPDATE SET song_id=EXCLUDED.song_id,artist_id=EXCLUDED.artist_id, parameters: ('4zp8noasnK5XNuNojkVhiy', '6YxrfNCKBcQlbITpmDLErL')
[2023-05-09T18:57:05.643+0000] {sql.py:384} INFO - Rows affected: 1
[2023-05-09T18:57:05.649+0000] {base.py:73} INFO - Using connection ID '***' for task execution.
[2023-05-09T18:57:05.658+0000] {sql.py:375} INFO - Running statement: INSERT INTO song_artist_bridge (song_id,artist_id) VALUES (%s,%s) ON CONFLICT (song_id,artist_id) DO UPDATE SET song_id=EXCLUDED.song_id,artist_id=EXCLUDED.artist_id, parameters: ('6wFqLYmiXyGvprbWa4ogm8', '7naAJDAh7AZnf18YYfQruM')
[2023-05-09T18:57:05.660+0000] {sql.py:384} INFO - Rows affected: 1
[2023-05-09T18:57:05.667+0000] {base.py:73} INFO - Using connection ID '***' for task execution.
[2023-05-09T18:57:05.672+0000] {sql.py:375} INFO - Running statement: INSERT INTO song_artist_bridge (song_id,artist_id) VALUES (%s,%s) ON CONFLICT (song_id,artist_id) DO UPDATE SET song_id=EXCLUDED.song_id,artist_id=EXCLUDED.artist_id, parameters: ('7EYpq1ezCFgO8Ioj86mArL', '1OP39gZ2SXVnwg4NrARmsu')
[2023-05-09T18:57:05.674+0000] {sql.py:384} INFO - Rows affected: 1
[2023-05-09T18:57:05.680+0000] {base.py:73} INFO - Using connection ID '***' for task execution.
[2023-05-09T18:57:05.685+0000] {sql.py:375} INFO - Running statement: INSERT INTO song_artist_bridge (song_id,artist_id) VALUES (%s,%s) ON CONFLICT (song_id,artist_id) DO UPDATE SET song_id=EXCLUDED.song_id,artist_id=EXCLUDED.artist_id, parameters: ('0WeFvEY2QEjcKVd8ymli4i', '5aTRa02UP1y6PW5klZiTt0')
[2023-05-09T18:57:05.687+0000] {sql.py:384} INFO - Rows affected: 1
[2023-05-09T18:57:05.693+0000] {base.py:73} INFO - Using connection ID '***' for task execution.
[2023-05-09T18:57:05.698+0000] {sql.py:375} INFO - Running statement: INSERT INTO song_artist_bridge (song_id,artist_id) VALUES (%s,%s) ON CONFLICT (song_id,artist_id) DO UPDATE SET song_id=EXCLUDED.song_id,artist_id=EXCLUDED.artist_id, parameters: ('3DErMJzUrtfGUjet3xpUml', '6fHEaFnFgMxMAtDt7mFoQ3')
[2023-05-09T18:57:05.700+0000] {sql.py:384} INFO - Rows affected: 1
[2023-05-09T18:57:05.706+0000] {base.py:73} INFO - Using connection ID '***' for task execution.
[2023-05-09T18:57:05.712+0000] {sql.py:375} INFO - Running statement: INSERT INTO song_artist_bridge (song_id,artist_id) VALUES (%s,%s) ON CONFLICT (song_id,artist_id) DO UPDATE SET song_id=EXCLUDED.song_id,artist_id=EXCLUDED.artist_id, parameters: ('3tyOS69tgk87QiY3B6TsPY', '3hOdow4ZPmrby7Q1wfPLEy')
[2023-05-09T18:57:05.713+0000] {sql.py:384} INFO - Rows affected: 1
[2023-05-09T18:57:05.719+0000] {base.py:73} INFO - Using connection ID '***' for task execution.
[2023-05-09T18:57:05.724+0000] {sql.py:375} INFO - Running statement: INSERT INTO song_artist_bridge (song_id,artist_id) VALUES (%s,%s) ON CONFLICT (song_id,artist_id) DO UPDATE SET song_id=EXCLUDED.song_id,artist_id=EXCLUDED.artist_id, parameters: ('6nlZ1HZuqOGypB1dEUlO77', '2Ci3Sflo2BfC77wTwn2hbH')
[2023-05-09T18:57:05.726+0000] {sql.py:384} INFO - Rows affected: 1
[2023-05-09T18:57:05.732+0000] {base.py:73} INFO - Using connection ID '***' for task execution.
[2023-05-09T18:57:05.740+0000] {sql.py:375} INFO - Running statement: INSERT INTO song_artist_bridge (song_id,artist_id) VALUES (%s,%s) ON CONFLICT (song_id,artist_id) DO UPDATE SET song_id=EXCLUDED.song_id,artist_id=EXCLUDED.artist_id, parameters: ('3BvqjMhMCLNlluQagWb589', '0S7eN9KAsbAaIZtFyCn1q1')
[2023-05-09T18:57:05.742+0000] {sql.py:384} INFO - Rows affected: 1
[2023-05-09T18:57:05.747+0000] {base.py:73} INFO - Using connection ID '***' for task execution.
[2023-05-09T18:57:05.753+0000] {sql.py:375} INFO - Running statement: INSERT INTO song_artist_bridge (song_id,artist_id) VALUES (%s,%s) ON CONFLICT (song_id,artist_id) DO UPDATE SET song_id=EXCLUDED.song_id,artist_id=EXCLUDED.artist_id, parameters: ('4hOuJIB1norFj3j84oY2Cq', '4X8TR9pBFyewFlIDYt1o2s')
[2023-05-09T18:57:05.756+0000] {sql.py:384} INFO - Rows affected: 1
[2023-05-09T18:57:05.762+0000] {base.py:73} INFO - Using connection ID '***' for task execution.
[2023-05-09T18:57:05.770+0000] {sql.py:375} INFO - Running statement: INSERT INTO song_artist_bridge (song_id,artist_id) VALUES (%s,%s) ON CONFLICT (song_id,artist_id) DO UPDATE SET song_id=EXCLUDED.song_id,artist_id=EXCLUDED.artist_id, parameters: ('2YkOpi22nrGAspbEBX5aU8', '5UrcghjIlj83Jf7QjZfBhZ')
[2023-05-09T18:57:05.771+0000] {sql.py:384} INFO - Rows affected: 1
[2023-05-09T18:57:05.778+0000] {base.py:73} INFO - Using connection ID '***' for task execution.
[2023-05-09T18:57:05.784+0000] {sql.py:375} INFO - Running statement: INSERT INTO song_artist_bridge (song_id,artist_id) VALUES (%s,%s) ON CONFLICT (song_id,artist_id) DO UPDATE SET song_id=EXCLUDED.song_id,artist_id=EXCLUDED.artist_id, parameters: ('2YkOpi22nrGAspbEBX5aU8', '3pob90yrusjcbgSYFKaeAk')
[2023-05-09T18:57:05.785+0000] {sql.py:384} INFO - Rows affected: 1
[2023-05-09T18:57:05.792+0000] {base.py:73} INFO - Using connection ID '***' for task execution.
[2023-05-09T18:57:05.797+0000] {sql.py:375} INFO - Running statement: INSERT INTO song_artist_bridge (song_id,artist_id) VALUES (%s,%s) ON CONFLICT (song_id,artist_id) DO UPDATE SET song_id=EXCLUDED.song_id,artist_id=EXCLUDED.artist_id, parameters: ('2YkOpi22nrGAspbEBX5aU8', '7BoBxrm9jJ7us6U92oqr4N')
[2023-05-09T18:57:05.799+0000] {sql.py:384} INFO - Rows affected: 1
[2023-05-09T18:57:05.806+0000] {base.py:73} INFO - Using connection ID '***' for task execution.
[2023-05-09T18:57:05.812+0000] {sql.py:375} INFO - Running statement: INSERT INTO song_artist_bridge (song_id,artist_id) VALUES (%s,%s) ON CONFLICT (song_id,artist_id) DO UPDATE SET song_id=EXCLUDED.song_id,artist_id=EXCLUDED.artist_id, parameters: ('2YkOpi22nrGAspbEBX5aU8', '1fsCfvdiomqjKJFR6xI8e4')
[2023-05-09T18:57:05.814+0000] {sql.py:384} INFO - Rows affected: 1
[2023-05-09T18:57:05.821+0000] {base.py:73} INFO - Using connection ID '***' for task execution.
[2023-05-09T18:57:05.827+0000] {sql.py:375} INFO - Running statement: INSERT INTO song_artist_bridge (song_id,artist_id) VALUES (%s,%s) ON CONFLICT (song_id,artist_id) DO UPDATE SET song_id=EXCLUDED.song_id,artist_id=EXCLUDED.artist_id, parameters: ('3eZXeTzRtqFrpj5zSfw9V0', '5uLkZ7FWMTBUg1corQqdkR')
[2023-05-09T18:57:05.829+0000] {sql.py:384} INFO - Rows affected: 1
[2023-05-09T18:57:05.836+0000] {base.py:73} INFO - Using connection ID '***' for task execution.
[2023-05-09T18:57:05.842+0000] {sql.py:375} INFO - Running statement: INSERT INTO song_artist_bridge (song_id,artist_id) VALUES (%s,%s) ON CONFLICT (song_id,artist_id) DO UPDATE SET song_id=EXCLUDED.song_id,artist_id=EXCLUDED.artist_id, parameters: ('5l5SMWVPhVlJOmYFzDmJvY', '3hOdow4ZPmrby7Q1wfPLEy')
[2023-05-09T18:57:05.843+0000] {sql.py:384} INFO - Rows affected: 1
[2023-05-09T18:57:05.850+0000] {base.py:73} INFO - Using connection ID '***' for task execution.
[2023-05-09T18:57:05.856+0000] {sql.py:375} INFO - Running statement: INSERT INTO song_artist_bridge (song_id,artist_id) VALUES (%s,%s) ON CONFLICT (song_id,artist_id) DO UPDATE SET song_id=EXCLUDED.song_id,artist_id=EXCLUDED.artist_id, parameters: ('1OQb4VaksoBhhreYGQ3ppU', '61qMnYXa1GxSBoV3IiYKjZ')
[2023-05-09T18:57:05.858+0000] {sql.py:384} INFO - Rows affected: 1
[2023-05-09T18:57:05.864+0000] {base.py:73} INFO - Using connection ID '***' for task execution.
[2023-05-09T18:57:05.872+0000] {sql.py:375} INFO - Running statement: INSERT INTO song_artist_bridge (song_id,artist_id) VALUES (%s,%s) ON CONFLICT (song_id,artist_id) DO UPDATE SET song_id=EXCLUDED.song_id,artist_id=EXCLUDED.artist_id, parameters: ('6ER2Dbq8uoZYd8IQ19OSqS', '61qMnYXa1GxSBoV3IiYKjZ')
[2023-05-09T18:57:05.874+0000] {sql.py:384} INFO - Rows affected: 1
[2023-05-09T18:57:05.880+0000] {base.py:73} INFO - Using connection ID '***' for task execution.
[2023-05-09T18:57:05.888+0000] {sql.py:375} INFO - Running statement: INSERT INTO song_artist_bridge (song_id,artist_id) VALUES (%s,%s) ON CONFLICT (song_id,artist_id) DO UPDATE SET song_id=EXCLUDED.song_id,artist_id=EXCLUDED.artist_id, parameters: ('6ER2Dbq8uoZYd8IQ19OSqS', '1KuV6xtFnLPsneN3yBrjFj')
[2023-05-09T18:57:05.890+0000] {sql.py:384} INFO - Rows affected: 1
[2023-05-09T18:57:05.897+0000] {base.py:73} INFO - Using connection ID '***' for task execution.
[2023-05-09T18:57:05.918+0000] {sql.py:375} INFO - Running statement: INSERT INTO song_artist_bridge (song_id,artist_id) VALUES (%s,%s) ON CONFLICT (song_id,artist_id) DO UPDATE SET song_id=EXCLUDED.song_id,artist_id=EXCLUDED.artist_id, parameters: ('4GRLGjwgWzZ33HQU3BIdH9', '4tjqHer0BFQbJ1FVyWhffM')
[2023-05-09T18:57:05.922+0000] {sql.py:384} INFO - Rows affected: 1
[2023-05-09T18:57:05.934+0000] {base.py:73} INFO - Using connection ID '***' for task execution.
[2023-05-09T18:57:05.942+0000] {sql.py:375} INFO - Running statement: INSERT INTO song_artist_bridge (song_id,artist_id) VALUES (%s,%s) ON CONFLICT (song_id,artist_id) DO UPDATE SET song_id=EXCLUDED.song_id,artist_id=EXCLUDED.artist_id, parameters: ('1JmEymqQwLXvCg3sJ7gz0n', '61qMnYXa1GxSBoV3IiYKjZ')
[2023-05-09T18:57:05.944+0000] {sql.py:384} INFO - Rows affected: 1
[2023-05-09T18:57:05.953+0000] {base.py:73} INFO - Using connection ID '***' for task execution.
[2023-05-09T18:57:05.964+0000] {sql.py:375} INFO - Running statement: INSERT INTO song_artist_bridge (song_id,artist_id) VALUES (%s,%s) ON CONFLICT (song_id,artist_id) DO UPDATE SET song_id=EXCLUDED.song_id,artist_id=EXCLUDED.artist_id, parameters: ('1akuKqHyYofuNsvLfvNPBe', '7wSr4otUV4ytUvHE4w3rBe')
[2023-05-09T18:57:05.967+0000] {sql.py:384} INFO - Rows affected: 1
[2023-05-09T18:57:05.979+0000] {base.py:73} INFO - Using connection ID '***' for task execution.
[2023-05-09T18:57:05.988+0000] {sql.py:375} INFO - Running statement: INSERT INTO song_artist_bridge (song_id,artist_id) VALUES (%s,%s) ON CONFLICT (song_id,artist_id) DO UPDATE SET song_id=EXCLUDED.song_id,artist_id=EXCLUDED.artist_id, parameters: ('2BSICryahPlMusTqQDrsYe', '3QZxOYl5zlZtfigtXOZsfT')
[2023-05-09T18:57:05.991+0000] {sql.py:384} INFO - Rows affected: 1
[2023-05-09T18:57:05.998+0000] {base.py:73} INFO - Using connection ID '***' for task execution.
[2023-05-09T18:57:06.005+0000] {sql.py:375} INFO - Running statement: INSERT INTO song_artist_bridge (song_id,artist_id) VALUES (%s,%s) ON CONFLICT (song_id,artist_id) DO UPDATE SET song_id=EXCLUDED.song_id,artist_id=EXCLUDED.artist_id, parameters: ('6tiENvREXsXPDdnMGoioP0', '61qMnYXa1GxSBoV3IiYKjZ')
[2023-05-09T18:57:06.006+0000] {sql.py:384} INFO - Rows affected: 1
[2023-05-09T18:57:06.013+0000] {base.py:73} INFO - Using connection ID '***' for task execution.
[2023-05-09T18:57:06.020+0000] {sql.py:375} INFO - Running statement: INSERT INTO song_artist_bridge (song_id,artist_id) VALUES (%s,%s) ON CONFLICT (song_id,artist_id) DO UPDATE SET song_id=EXCLUDED.song_id,artist_id=EXCLUDED.artist_id, parameters: ('5oLnXmEdr6h92pFNtBgJVR', '7HfUJxeVTgrvhk0eWHFzV7')
[2023-05-09T18:57:06.021+0000] {sql.py:384} INFO - Rows affected: 1
[2023-05-09T18:57:06.027+0000] {base.py:73} INFO - Using connection ID '***' for task execution.
[2023-05-09T18:57:06.033+0000] {sql.py:375} INFO - Running statement: INSERT INTO song_artist_bridge (song_id,artist_id) VALUES (%s,%s) ON CONFLICT (song_id,artist_id) DO UPDATE SET song_id=EXCLUDED.song_id,artist_id=EXCLUDED.artist_id, parameters: ('1rCdmjQUxxdvcCY92D7UiR', '0be7y7HUvSBf8uG1X7pK8f')
[2023-05-09T18:57:06.035+0000] {sql.py:384} INFO - Rows affected: 1
[2023-05-09T18:57:06.040+0000] {base.py:73} INFO - Using connection ID '***' for task execution.
[2023-05-09T18:57:06.047+0000] {sql.py:375} INFO - Running statement: INSERT INTO song_artist_bridge (song_id,artist_id) VALUES (%s,%s) ON CONFLICT (song_id,artist_id) DO UPDATE SET song_id=EXCLUDED.song_id,artist_id=EXCLUDED.artist_id, parameters: ('1Juo9g0Rjxo6fxOmr8N3wV', '4HAfqyKr4Sqtab6ttHWXgE')
[2023-05-09T18:57:06.048+0000] {sql.py:384} INFO - Rows affected: 1
[2023-05-09T18:57:06.054+0000] {base.py:73} INFO - Using connection ID '***' for task execution.
[2023-05-09T18:57:06.060+0000] {sql.py:375} INFO - Running statement: INSERT INTO song_artist_bridge (song_id,artist_id) VALUES (%s,%s) ON CONFLICT (song_id,artist_id) DO UPDATE SET song_id=EXCLUDED.song_id,artist_id=EXCLUDED.artist_id, parameters: ('6NTD9xwzvTisuBhDxSvldL', '5aTRa02UP1y6PW5klZiTt0')
[2023-05-09T18:57:06.062+0000] {sql.py:384} INFO - Rows affected: 1
[2023-05-09T18:57:06.068+0000] {base.py:73} INFO - Using connection ID '***' for task execution.
[2023-05-09T18:57:06.077+0000] {sql.py:375} INFO - Running statement: INSERT INTO song_artist_bridge (song_id,artist_id) VALUES (%s,%s) ON CONFLICT (song_id,artist_id) DO UPDATE SET song_id=EXCLUDED.song_id,artist_id=EXCLUDED.artist_id, parameters: ('3v61DyG93LsHgpAtCaXMYV', '27w1NoOLMX7tJMYqcetPyG')
[2023-05-09T18:57:06.079+0000] {sql.py:384} INFO - Rows affected: 1
[2023-05-09T18:57:06.085+0000] {base.py:73} INFO - Using connection ID '***' for task execution.
[2023-05-09T18:57:06.091+0000] {sql.py:375} INFO - Running statement: INSERT INTO song_artist_bridge (song_id,artist_id) VALUES (%s,%s) ON CONFLICT (song_id,artist_id) DO UPDATE SET song_id=EXCLUDED.song_id,artist_id=EXCLUDED.artist_id, parameters: ('3v61DyG93LsHgpAtCaXMYV', '4KoNbDwbCK9D04dSmYG93E')
[2023-05-09T18:57:06.093+0000] {sql.py:384} INFO - Rows affected: 1
[2023-05-09T18:57:06.098+0000] {base.py:73} INFO - Using connection ID '***' for task execution.
[2023-05-09T18:57:06.107+0000] {sql.py:375} INFO - Running statement: INSERT INTO song_artist_bridge (song_id,artist_id) VALUES (%s,%s) ON CONFLICT (song_id,artist_id) DO UPDATE SET song_id=EXCLUDED.song_id,artist_id=EXCLUDED.artist_id, parameters: ('5OxGWmF7NIZ1q2JM3bxeOr', '5G9kmDLg3OeUyj8KVBLzbu')
[2023-05-09T18:57:06.109+0000] {sql.py:384} INFO - Rows affected: 1
[2023-05-09T18:57:06.114+0000] {base.py:73} INFO - Using connection ID '***' for task execution.
[2023-05-09T18:57:06.122+0000] {sql.py:375} INFO - Running statement: INSERT INTO song_artist_bridge (song_id,artist_id) VALUES (%s,%s) ON CONFLICT (song_id,artist_id) DO UPDATE SET song_id=EXCLUDED.song_id,artist_id=EXCLUDED.artist_id, parameters: ('0nygzznhANm4uiBwhUkE6o', '7vSY9HEreOqb1Llar3UC38')
[2023-05-09T18:57:06.124+0000] {sql.py:384} INFO - Rows affected: 1
[2023-05-09T18:57:06.130+0000] {base.py:73} INFO - Using connection ID '***' for task execution.
[2023-05-09T18:57:06.135+0000] {sql.py:375} INFO - Running statement: INSERT INTO song_artist_bridge (song_id,artist_id) VALUES (%s,%s) ON CONFLICT (song_id,artist_id) DO UPDATE SET song_id=EXCLUDED.song_id,artist_id=EXCLUDED.artist_id, parameters: ('1I0529lSZwDiYDts9aKaLy', '3QZxOYl5zlZtfigtXOZsfT')
[2023-05-09T18:57:06.136+0000] {sql.py:384} INFO - Rows affected: 1
[2023-05-09T18:57:06.142+0000] {base.py:73} INFO - Using connection ID '***' for task execution.
[2023-05-09T18:57:06.147+0000] {sql.py:375} INFO - Running statement: INSERT INTO song_artist_bridge (song_id,artist_id) VALUES (%s,%s) ON CONFLICT (song_id,artist_id) DO UPDATE SET song_id=EXCLUDED.song_id,artist_id=EXCLUDED.artist_id, parameters: ('2Y4ol1FiPdSPMwaEMJgXMN', '7FngGIEGgN3Iwauw1MvO4P')
[2023-05-09T18:57:06.149+0000] {sql.py:384} INFO - Rows affected: 1
[2023-05-09T18:57:06.155+0000] {base.py:73} INFO - Using connection ID '***' for task execution.
[2023-05-09T18:57:06.164+0000] {sql.py:375} INFO - Running statement: INSERT INTO song_artist_bridge (song_id,artist_id) VALUES (%s,%s) ON CONFLICT (song_id,artist_id) DO UPDATE SET song_id=EXCLUDED.song_id,artist_id=EXCLUDED.artist_id, parameters: ('5ui2l0pTXT0cjHB1gw4MEa', '1N9JxmOPJqhMCw219uoEi8')
[2023-05-09T18:57:06.166+0000] {sql.py:384} INFO - Rows affected: 1
[2023-05-09T18:57:06.171+0000] {base.py:73} INFO - Using connection ID '***' for task execution.
[2023-05-09T18:57:06.186+0000] {sql.py:375} INFO - Running statement: INSERT INTO song_artist_bridge (song_id,artist_id) VALUES (%s,%s) ON CONFLICT (song_id,artist_id) DO UPDATE SET song_id=EXCLUDED.song_id,artist_id=EXCLUDED.artist_id, parameters: ('5ui2l0pTXT0cjHB1gw4MEa', '5VfSeZYcDwD8WQVwbaoL6z')
[2023-05-09T18:57:06.188+0000] {sql.py:384} INFO - Rows affected: 1
[2023-05-09T18:57:06.194+0000] {base.py:73} INFO - Using connection ID '***' for task execution.
[2023-05-09T18:57:06.201+0000] {sql.py:375} INFO - Running statement: INSERT INTO song_artist_bridge (song_id,artist_id) VALUES (%s,%s) ON CONFLICT (song_id,artist_id) DO UPDATE SET song_id=EXCLUDED.song_id,artist_id=EXCLUDED.artist_id, parameters: ('79iuMoPY5U9jVQfLIWN3xO', '1N9JxmOPJqhMCw219uoEi8')
[2023-05-09T18:57:06.203+0000] {sql.py:384} INFO - Rows affected: 1
[2023-05-09T18:57:06.209+0000] {base.py:73} INFO - Using connection ID '***' for task execution.
[2023-05-09T18:57:06.216+0000] {sql.py:375} INFO - Running statement: INSERT INTO song_artist_bridge (song_id,artist_id) VALUES (%s,%s) ON CONFLICT (song_id,artist_id) DO UPDATE SET song_id=EXCLUDED.song_id,artist_id=EXCLUDED.artist_id, parameters: ('7d01oOW0gldyGW8hlUVN1J', '5aTRa02UP1y6PW5klZiTt0')
[2023-05-09T18:57:06.218+0000] {sql.py:384} INFO - Rows affected: 1
[2023-05-09T18:57:06.224+0000] {base.py:73} INFO - Using connection ID '***' for task execution.
[2023-05-09T18:57:06.230+0000] {sql.py:375} INFO - Running statement: INSERT INTO song_artist_bridge (song_id,artist_id) VALUES (%s,%s) ON CONFLICT (song_id,artist_id) DO UPDATE SET song_id=EXCLUDED.song_id,artist_id=EXCLUDED.artist_id, parameters: ('1cOVM7E3WZchifwUBf1FHT', '5aTRa02UP1y6PW5klZiTt0')
[2023-05-09T18:57:06.232+0000] {sql.py:384} INFO - Rows affected: 1
[2023-05-09T18:57:06.238+0000] {base.py:73} INFO - Using connection ID '***' for task execution.
[2023-05-09T18:57:06.245+0000] {sql.py:375} INFO - Running statement: INSERT INTO song_artist_bridge (song_id,artist_id) VALUES (%s,%s) ON CONFLICT (song_id,artist_id) DO UPDATE SET song_id=EXCLUDED.song_id,artist_id=EXCLUDED.artist_id, parameters: ('1cOVM7E3WZchifwUBf1FHT', '4kqFrZkeqDfOIEqTWqbOOV')
[2023-05-09T18:57:06.247+0000] {sql.py:384} INFO - Rows affected: 1
[2023-05-09T18:57:06.252+0000] {base.py:73} INFO - Using connection ID '***' for task execution.
[2023-05-09T18:57:06.258+0000] {sql.py:375} INFO - Running statement: INSERT INTO song_artist_bridge (song_id,artist_id) VALUES (%s,%s) ON CONFLICT (song_id,artist_id) DO UPDATE SET song_id=EXCLUDED.song_id,artist_id=EXCLUDED.artist_id, parameters: ('3leQHWQif6ZH4mKRUk3YkW', '5JZPSVFMUk4HGDdx68lN77')
[2023-05-09T18:57:06.260+0000] {sql.py:384} INFO - Rows affected: 1
[2023-05-09T18:57:06.267+0000] {base.py:73} INFO - Using connection ID '***' for task execution.
[2023-05-09T18:57:06.274+0000] {sql.py:375} INFO - Running statement: INSERT INTO song_artist_bridge (song_id,artist_id) VALUES (%s,%s) ON CONFLICT (song_id,artist_id) DO UPDATE SET song_id=EXCLUDED.song_id,artist_id=EXCLUDED.artist_id, parameters: ('0tBQVOAtBpqdQK2ExkbHZX', '5aTRa02UP1y6PW5klZiTt0')
[2023-05-09T18:57:06.276+0000] {sql.py:384} INFO - Rows affected: 1
[2023-05-09T18:57:06.282+0000] {base.py:73} INFO - Using connection ID '***' for task execution.
[2023-05-09T18:57:06.290+0000] {sql.py:375} INFO - Running statement: INSERT INTO song_artist_bridge (song_id,artist_id) VALUES (%s,%s) ON CONFLICT (song_id,artist_id) DO UPDATE SET song_id=EXCLUDED.song_id,artist_id=EXCLUDED.artist_id, parameters: ('1frV7Du2WwiKx0bHHphYCM', '5JZPSVFMUk4HGDdx68lN77')
[2023-05-09T18:57:06.292+0000] {sql.py:384} INFO - Rows affected: 1
[2023-05-09T18:57:06.299+0000] {base.py:73} INFO - Using connection ID '***' for task execution.
[2023-05-09T18:57:06.305+0000] {sql.py:375} INFO - Running statement: INSERT INTO song_artist_bridge (song_id,artist_id) VALUES (%s,%s) ON CONFLICT (song_id,artist_id) DO UPDATE SET song_id=EXCLUDED.song_id,artist_id=EXCLUDED.artist_id, parameters: ('2UFxllzBQap2AqgpeqHUKX', '5aTRa02UP1y6PW5klZiTt0')
[2023-05-09T18:57:06.306+0000] {sql.py:384} INFO - Rows affected: 1
[2023-05-09T18:57:06.312+0000] {base.py:73} INFO - Using connection ID '***' for task execution.
[2023-05-09T18:57:06.318+0000] {sql.py:375} INFO - Running statement: INSERT INTO song_artist_bridge (song_id,artist_id) VALUES (%s,%s) ON CONFLICT (song_id,artist_id) DO UPDATE SET song_id=EXCLUDED.song_id,artist_id=EXCLUDED.artist_id, parameters: ('2UFxllzBQap2AqgpeqHUKX', '6rEjEIfp3NSRteU3kJGSET')
[2023-05-09T18:57:06.319+0000] {sql.py:384} INFO - Rows affected: 1
[2023-05-09T18:57:06.325+0000] {base.py:73} INFO - Using connection ID '***' for task execution.
[2023-05-09T18:57:06.330+0000] {sql.py:375} INFO - Running statement: INSERT INTO song_artist_bridge (song_id,artist_id) VALUES (%s,%s) ON CONFLICT (song_id,artist_id) DO UPDATE SET song_id=EXCLUDED.song_id,artist_id=EXCLUDED.artist_id, parameters: ('0hBCGjhWa8Z9ou9JLighrR', '4kqFrZkeqDfOIEqTWqbOOV')
[2023-05-09T18:57:06.332+0000] {sql.py:384} INFO - Rows affected: 1
[2023-05-09T18:57:06.338+0000] {base.py:73} INFO - Using connection ID '***' for task execution.
[2023-05-09T18:57:06.344+0000] {sql.py:375} INFO - Running statement: INSERT INTO song_artist_bridge (song_id,artist_id) VALUES (%s,%s) ON CONFLICT (song_id,artist_id) DO UPDATE SET song_id=EXCLUDED.song_id,artist_id=EXCLUDED.artist_id, parameters: ('0hBCGjhWa8Z9ou9JLighrR', '5aTRa02UP1y6PW5klZiTt0')
[2023-05-09T18:57:06.346+0000] {sql.py:384} INFO - Rows affected: 1
[2023-05-09T18:57:06.353+0000] {base.py:73} INFO - Using connection ID '***' for task execution.
[2023-05-09T18:57:06.370+0000] {sql.py:375} INFO - Running statement: INSERT INTO song_artist_bridge (song_id,artist_id) VALUES (%s,%s) ON CONFLICT (song_id,artist_id) DO UPDATE SET song_id=EXCLUDED.song_id,artist_id=EXCLUDED.artist_id, parameters: ('7cELheBXF3jIShGuewCy44', '4kqFrZkeqDfOIEqTWqbOOV')
[2023-05-09T18:57:06.372+0000] {sql.py:384} INFO - Rows affected: 1
[2023-05-09T18:57:06.381+0000] {base.py:73} INFO - Using connection ID '***' for task execution.
[2023-05-09T18:57:06.387+0000] {sql.py:375} INFO - Running statement: INSERT INTO song_artist_bridge (song_id,artist_id) VALUES (%s,%s) ON CONFLICT (song_id,artist_id) DO UPDATE SET song_id=EXCLUDED.song_id,artist_id=EXCLUDED.artist_id, parameters: ('5bwSx1hwmUivlUgY9UhfEB', '4kqFrZkeqDfOIEqTWqbOOV')
[2023-05-09T18:57:06.389+0000] {sql.py:384} INFO - Rows affected: 1
[2023-05-09T18:57:06.396+0000] {base.py:73} INFO - Using connection ID '***' for task execution.
[2023-05-09T18:57:06.402+0000] {sql.py:375} INFO - Running statement: INSERT INTO song_artist_bridge (song_id,artist_id) VALUES (%s,%s) ON CONFLICT (song_id,artist_id) DO UPDATE SET song_id=EXCLUDED.song_id,artist_id=EXCLUDED.artist_id, parameters: ('5bwSx1hwmUivlUgY9UhfEB', '5aTRa02UP1y6PW5klZiTt0')
[2023-05-09T18:57:06.404+0000] {sql.py:384} INFO - Rows affected: 1
[2023-05-09T18:57:06.410+0000] {base.py:73} INFO - Using connection ID '***' for task execution.
[2023-05-09T18:57:06.416+0000] {sql.py:375} INFO - Running statement: INSERT INTO song_artist_bridge (song_id,artist_id) VALUES (%s,%s) ON CONFLICT (song_id,artist_id) DO UPDATE SET song_id=EXCLUDED.song_id,artist_id=EXCLUDED.artist_id, parameters: ('1Sl3gcmaeiU3vOMPpeM98V', '4kqFrZkeqDfOIEqTWqbOOV')
[2023-05-09T18:57:06.417+0000] {sql.py:384} INFO - Rows affected: 1
[2023-05-09T18:57:06.424+0000] {base.py:73} INFO - Using connection ID '***' for task execution.
[2023-05-09T18:57:06.430+0000] {sql.py:375} INFO - Running statement: INSERT INTO song_artist_bridge (song_id,artist_id) VALUES (%s,%s) ON CONFLICT (song_id,artist_id) DO UPDATE SET song_id=EXCLUDED.song_id,artist_id=EXCLUDED.artist_id, parameters: ('7JdarpX08FLhmfNZpxqgUO', '3hOdow4ZPmrby7Q1wfPLEy')
[2023-05-09T18:57:06.432+0000] {sql.py:384} INFO - Rows affected: 1
[2023-05-09T18:57:06.438+0000] {base.py:73} INFO - Using connection ID '***' for task execution.
[2023-05-09T18:57:06.443+0000] {sql.py:375} INFO - Running statement: INSERT INTO song_artist_bridge (song_id,artist_id) VALUES (%s,%s) ON CONFLICT (song_id,artist_id) DO UPDATE SET song_id=EXCLUDED.song_id,artist_id=EXCLUDED.artist_id, parameters: ('4TwVtW8hS5LyLoDtJGpUOg', '2IDLDx25HU1nQMKde4n61a')
[2023-05-09T18:57:06.445+0000] {sql.py:384} INFO - Rows affected: 1
[2023-05-09T18:57:06.451+0000] {base.py:73} INFO - Using connection ID '***' for task execution.
[2023-05-09T18:57:06.457+0000] {sql.py:375} INFO - Running statement: INSERT INTO song_artist_bridge (song_id,artist_id) VALUES (%s,%s) ON CONFLICT (song_id,artist_id) DO UPDATE SET song_id=EXCLUDED.song_id,artist_id=EXCLUDED.artist_id, parameters: ('4TwVtW8hS5LyLoDtJGpUOg', '1AhjOkOLkbHUfcHDSErXQs')
[2023-05-09T18:57:06.458+0000] {sql.py:384} INFO - Rows affected: 1
[2023-05-09T18:57:06.464+0000] {base.py:73} INFO - Using connection ID '***' for task execution.
[2023-05-09T18:57:06.470+0000] {sql.py:375} INFO - Running statement: INSERT INTO song_artist_bridge (song_id,artist_id) VALUES (%s,%s) ON CONFLICT (song_id,artist_id) DO UPDATE SET song_id=EXCLUDED.song_id,artist_id=EXCLUDED.artist_id, parameters: ('30AnNG3dFbHLQuSbIVWEbF', '3hOdow4ZPmrby7Q1wfPLEy')
[2023-05-09T18:57:06.472+0000] {sql.py:384} INFO - Rows affected: 1
[2023-05-09T18:57:06.473+0000] {python.py:183} INFO - Done. Returned value was: None
[2023-05-09T18:57:06.481+0000] {taskinstance.py:1373} INFO - Marking task as SUCCESS. dag_id=Summer_Warped_ETL, task_id=LoadData.LoadSongArtistBridge, execution_date=20230509T185612, start_date=20230509T185704, end_date=20230509T185706
[2023-05-09T18:57:06.513+0000] {local_task_job_runner.py:232} INFO - Task exited with return code 0
[2023-05-09T18:57:06.538+0000] {taskinstance.py:2674} INFO - 1 downstream tasks scheduled from follow-on schedule check
