[2023-05-09T19:40:41.965+0000] {taskinstance.py:1125} INFO - Dependencies all met for dep_context=non-requeueable deps ti=<TaskInstance: Summer_Warped_ETL.LoadData.LoadArtistFact manual__2023-05-09T19:25:39.396890+00:00 [queued]>
[2023-05-09T19:40:41.971+0000] {taskinstance.py:1125} INFO - Dependencies all met for dep_context=requeueable deps ti=<TaskInstance: Summer_Warped_ETL.LoadData.LoadArtistFact manual__2023-05-09T19:25:39.396890+00:00 [queued]>
[2023-05-09T19:40:41.971+0000] {taskinstance.py:1331} INFO - Starting attempt 2 of 4
[2023-05-09T19:40:41.980+0000] {taskinstance.py:1350} INFO - Executing <Task(PythonOperator): LoadData.LoadArtistFact> on 2023-05-09 19:25:39.396890+00:00
[2023-05-09T19:40:41.985+0000] {standard_task_runner.py:57} INFO - Started process 1159 to run task
[2023-05-09T19:40:41.989+0000] {standard_task_runner.py:84} INFO - Running: ['***', 'tasks', 'run', 'Summer_Warped_ETL', 'LoadData.LoadArtistFact', 'manual__2023-05-09T19:25:39.396890+00:00', '--job-id', '3104', '--raw', '--subdir', 'DAGS_FOLDER/warped-dag.py', '--cfg-path', '/tmp/tmp92yzta4i']
[2023-05-09T19:40:41.990+0000] {standard_task_runner.py:85} INFO - Job 3104: Subtask LoadData.LoadArtistFact
[2023-05-09T19:40:42.030+0000] {task_command.py:410} INFO - Running <TaskInstance: Summer_Warped_ETL.LoadData.LoadArtistFact manual__2023-05-09T19:25:39.396890+00:00 [running]> on host 4b5a01a6ab5f
[2023-05-09T19:40:42.094+0000] {taskinstance.py:1570} INFO - Exporting env vars: AIRFLOW_CTX_DAG_OWNER='Ananta Moharana' AIRFLOW_CTX_DAG_ID='Summer_Warped_ETL' AIRFLOW_CTX_TASK_ID='LoadData.LoadArtistFact' AIRFLOW_CTX_EXECUTION_DATE='2023-05-09T19:25:39.396890+00:00' AIRFLOW_CTX_TRY_NUMBER='2' AIRFLOW_CTX_DAG_RUN_ID='manual__2023-05-09T19:25:39.396890+00:00'
[2023-05-09T19:40:42.096+0000] {logging_mixin.py:149} INFO - 2023-05/artist_fact.csv
[2023-05-09T19:40:42.106+0000] {base.py:73} INFO - Using connection ID 'aws_connection' for task execution.
[2023-05-09T19:40:42.107+0000] {connection_wrapper.py:337} INFO - AWS Connection (conn_id='aws_connection', conn_type='aws') credentials retrieved from login and password.
[2023-05-09T19:40:42.341+0000] {logging_mixin.py:149} INFO -                 artist_id  followers  popularity        date
0  1LbK4g8mKezX7iAmpiq3sX      17764          42  2023-05-09
1  6USv9qhCn6zfxlBQIYJ9qs    1081669          74  2023-05-09
2  0NB5HROxc8dDBXpkIi1v3d     367554          65  2023-05-09
3  7wbkl3zgDZEoZer357mVIw    1170028          65  2023-05-09
4  4AcHt3JxKy59IX7JNNlZn4     828445          66  2023-05-09
[2023-05-09T19:40:42.341+0000] {logging_mixin.py:149} INFO - INSERT INTO artist_fact (artist_id,followers,popularity,date) VALUES (%s,%s,%s,%s) ON CONFLICT (artist_id,date) DO UPDATE SET artist_id=EXCLUDED.artist_id,followers=EXCLUDED.followers,popularity=EXCLUDED.popularity,date=EXCLUDED.date
[2023-05-09T19:40:42.349+0000] {base.py:73} INFO - Using connection ID '***' for task execution.
[2023-05-09T19:40:42.355+0000] {sql.py:375} INFO - Running statement: INSERT INTO artist_fact (artist_id,followers,popularity,date) VALUES (%s,%s,%s,%s) ON CONFLICT (artist_id,date) DO UPDATE SET artist_id=EXCLUDED.artist_id,followers=EXCLUDED.followers,popularity=EXCLUDED.popularity,date=EXCLUDED.date, parameters: ('1LbK4g8mKezX7iAmpiq3sX', 17764, 42, '2023-05-09')
[2023-05-09T19:40:42.359+0000] {sql.py:384} INFO - Rows affected: 1
[2023-05-09T19:40:42.366+0000] {base.py:73} INFO - Using connection ID '***' for task execution.
[2023-05-09T19:40:42.372+0000] {sql.py:375} INFO - Running statement: INSERT INTO artist_fact (artist_id,followers,popularity,date) VALUES (%s,%s,%s,%s) ON CONFLICT (artist_id,date) DO UPDATE SET artist_id=EXCLUDED.artist_id,followers=EXCLUDED.followers,popularity=EXCLUDED.popularity,date=EXCLUDED.date, parameters: ('6USv9qhCn6zfxlBQIYJ9qs', 1081669, 74, '2023-05-09')
[2023-05-09T19:40:42.375+0000] {sql.py:384} INFO - Rows affected: 1
[2023-05-09T19:40:42.383+0000] {base.py:73} INFO - Using connection ID '***' for task execution.
[2023-05-09T19:40:42.389+0000] {sql.py:375} INFO - Running statement: INSERT INTO artist_fact (artist_id,followers,popularity,date) VALUES (%s,%s,%s,%s) ON CONFLICT (artist_id,date) DO UPDATE SET artist_id=EXCLUDED.artist_id,followers=EXCLUDED.followers,popularity=EXCLUDED.popularity,date=EXCLUDED.date, parameters: ('0NB5HROxc8dDBXpkIi1v3d', 367554, 65, '2023-05-09')
[2023-05-09T19:40:42.392+0000] {sql.py:384} INFO - Rows affected: 1
[2023-05-09T19:40:42.399+0000] {base.py:73} INFO - Using connection ID '***' for task execution.
[2023-05-09T19:40:42.406+0000] {sql.py:375} INFO - Running statement: INSERT INTO artist_fact (artist_id,followers,popularity,date) VALUES (%s,%s,%s,%s) ON CONFLICT (artist_id,date) DO UPDATE SET artist_id=EXCLUDED.artist_id,followers=EXCLUDED.followers,popularity=EXCLUDED.popularity,date=EXCLUDED.date, parameters: ('7wbkl3zgDZEoZer357mVIw', 1170028, 65, '2023-05-09')
[2023-05-09T19:40:42.408+0000] {sql.py:384} INFO - Rows affected: 1
[2023-05-09T19:40:42.414+0000] {base.py:73} INFO - Using connection ID '***' for task execution.
[2023-05-09T19:40:42.421+0000] {sql.py:375} INFO - Running statement: INSERT INTO artist_fact (artist_id,followers,popularity,date) VALUES (%s,%s,%s,%s) ON CONFLICT (artist_id,date) DO UPDATE SET artist_id=EXCLUDED.artist_id,followers=EXCLUDED.followers,popularity=EXCLUDED.popularity,date=EXCLUDED.date, parameters: ('4AcHt3JxKy59IX7JNNlZn4', 828445, 66, '2023-05-09')
[2023-05-09T19:40:42.424+0000] {sql.py:384} INFO - Rows affected: 1
[2023-05-09T19:40:42.431+0000] {base.py:73} INFO - Using connection ID '***' for task execution.
[2023-05-09T19:40:42.438+0000] {sql.py:375} INFO - Running statement: INSERT INTO artist_fact (artist_id,followers,popularity,date) VALUES (%s,%s,%s,%s) ON CONFLICT (artist_id,date) DO UPDATE SET artist_id=EXCLUDED.artist_id,followers=EXCLUDED.followers,popularity=EXCLUDED.popularity,date=EXCLUDED.date, parameters: ('7tYKF4w9nC0nq9CsPZTHyP', 12367574, 91, '2023-05-09')
[2023-05-09T19:40:42.441+0000] {sql.py:384} INFO - Rows affected: 1
[2023-05-09T19:40:42.448+0000] {base.py:73} INFO - Using connection ID '***' for task execution.
[2023-05-09T19:40:42.455+0000] {sql.py:375} INFO - Running statement: INSERT INTO artist_fact (artist_id,followers,popularity,date) VALUES (%s,%s,%s,%s) ON CONFLICT (artist_id,date) DO UPDATE SET artist_id=EXCLUDED.artist_id,followers=EXCLUDED.followers,popularity=EXCLUDED.popularity,date=EXCLUDED.date, parameters: ('5cj0lLjcoR7YOSnhnX0Po5', 25304481, 87, '2023-05-09')
[2023-05-09T19:40:42.458+0000] {sql.py:384} INFO - Rows affected: 1
[2023-05-09T19:40:42.464+0000] {base.py:73} INFO - Using connection ID '***' for task execution.
[2023-05-09T19:40:42.471+0000] {sql.py:375} INFO - Running statement: INSERT INTO artist_fact (artist_id,followers,popularity,date) VALUES (%s,%s,%s,%s) ON CONFLICT (artist_id,date) DO UPDATE SET artist_id=EXCLUDED.artist_id,followers=EXCLUDED.followers,popularity=EXCLUDED.popularity,date=EXCLUDED.date, parameters: ('5bdwzvp6eirvqh0TwOwjgE', 61271, 48, '2023-05-09')
[2023-05-09T19:40:42.474+0000] {sql.py:384} INFO - Rows affected: 1
[2023-05-09T19:40:42.480+0000] {base.py:73} INFO - Using connection ID '***' for task execution.
[2023-05-09T19:40:42.487+0000] {sql.py:375} INFO - Running statement: INSERT INTO artist_fact (artist_id,followers,popularity,date) VALUES (%s,%s,%s,%s) ON CONFLICT (artist_id,date) DO UPDATE SET artist_id=EXCLUDED.artist_id,followers=EXCLUDED.followers,popularity=EXCLUDED.popularity,date=EXCLUDED.date, parameters: ('246dkjvS1zLTtiykXe5h60', 40511757, 89, '2023-05-09')
[2023-05-09T19:40:42.490+0000] {sql.py:384} INFO - Rows affected: 1
[2023-05-09T19:40:42.497+0000] {base.py:73} INFO - Using connection ID '***' for task execution.
[2023-05-09T19:40:42.503+0000] {sql.py:375} INFO - Running statement: INSERT INTO artist_fact (artist_id,followers,popularity,date) VALUES (%s,%s,%s,%s) ON CONFLICT (artist_id,date) DO UPDATE SET artist_id=EXCLUDED.artist_id,followers=EXCLUDED.followers,popularity=EXCLUDED.popularity,date=EXCLUDED.date, parameters: ('6LuN9FCkKOj5PcnpouEgny', 15951805, 86, '2023-05-09')
[2023-05-09T19:40:42.506+0000] {sql.py:384} INFO - Rows affected: 1
[2023-05-09T19:40:42.513+0000] {base.py:73} INFO - Using connection ID '***' for task execution.
[2023-05-09T19:40:42.520+0000] {sql.py:375} INFO - Running statement: INSERT INTO artist_fact (artist_id,followers,popularity,date) VALUES (%s,%s,%s,%s) ON CONFLICT (artist_id,date) DO UPDATE SET artist_id=EXCLUDED.artist_id,followers=EXCLUDED.followers,popularity=EXCLUDED.popularity,date=EXCLUDED.date, parameters: ('163tK9Wjr9P9DmM0AVK7lm', 9950459, 77, '2023-05-09')
[2023-05-09T19:40:42.523+0000] {sql.py:384} INFO - Rows affected: 1
[2023-05-09T19:40:42.529+0000] {base.py:73} INFO - Using connection ID '***' for task execution.
[2023-05-09T19:40:42.544+0000] {sql.py:375} INFO - Running statement: INSERT INTO artist_fact (artist_id,followers,popularity,date) VALUES (%s,%s,%s,%s) ON CONFLICT (artist_id,date) DO UPDATE SET artist_id=EXCLUDED.artist_id,followers=EXCLUDED.followers,popularity=EXCLUDED.popularity,date=EXCLUDED.date, parameters: ('6wFwvxJkurQPU2UdeD4qVt', 248069, 56, '2023-05-09')
[2023-05-09T19:40:42.546+0000] {sql.py:384} INFO - Rows affected: 1
[2023-05-09T19:40:42.553+0000] {base.py:73} INFO - Using connection ID '***' for task execution.
[2023-05-09T19:40:42.560+0000] {sql.py:375} INFO - Running statement: INSERT INTO artist_fact (artist_id,followers,popularity,date) VALUES (%s,%s,%s,%s) ON CONFLICT (artist_id,date) DO UPDATE SET artist_id=EXCLUDED.artist_id,followers=EXCLUDED.followers,popularity=EXCLUDED.popularity,date=EXCLUDED.date, parameters: ('3YQKmKGau1PzlVlkL1iodx', 23594940, 80, '2023-05-09')
[2023-05-09T19:40:42.562+0000] {sql.py:384} INFO - Rows affected: 1
[2023-05-09T19:40:42.568+0000] {base.py:73} INFO - Using connection ID '***' for task execution.
[2023-05-09T19:40:42.575+0000] {sql.py:375} INFO - Running statement: INSERT INTO artist_fact (artist_id,followers,popularity,date) VALUES (%s,%s,%s,%s) ON CONFLICT (artist_id,date) DO UPDATE SET artist_id=EXCLUDED.artist_id,followers=EXCLUDED.followers,popularity=EXCLUDED.popularity,date=EXCLUDED.date, parameters: ('0du5cEVh5yTK9QJze8zA0C', 48013007, 88, '2023-05-09')
[2023-05-09T19:40:42.577+0000] {sql.py:384} INFO - Rows affected: 1
[2023-05-09T19:40:42.583+0000] {base.py:73} INFO - Using connection ID '***' for task execution.
[2023-05-09T19:40:42.590+0000] {sql.py:375} INFO - Running statement: INSERT INTO artist_fact (artist_id,followers,popularity,date) VALUES (%s,%s,%s,%s) ON CONFLICT (artist_id,date) DO UPDATE SET artist_id=EXCLUDED.artist_id,followers=EXCLUDED.followers,popularity=EXCLUDED.popularity,date=EXCLUDED.date, parameters: ('1Cs0zKBU1kc0i8ypK3B9ai', 25951003, 89, '2023-05-09')
[2023-05-09T19:40:42.592+0000] {sql.py:384} INFO - Rows affected: 1
[2023-05-09T19:40:42.598+0000] {base.py:73} INFO - Using connection ID '***' for task execution.
[2023-05-09T19:40:42.604+0000] {sql.py:375} INFO - Running statement: INSERT INTO artist_fact (artist_id,followers,popularity,date) VALUES (%s,%s,%s,%s) ON CONFLICT (artist_id,date) DO UPDATE SET artist_id=EXCLUDED.artist_id,followers=EXCLUDED.followers,popularity=EXCLUDED.popularity,date=EXCLUDED.date, parameters: ('6eUKZXaKkcviH0Ku9w2n3V', 111754254, 91, '2023-05-09')
[2023-05-09T19:40:42.607+0000] {sql.py:384} INFO - Rows affected: 1
[2023-05-09T19:40:42.613+0000] {base.py:73} INFO - Using connection ID '***' for task execution.
[2023-05-09T19:40:42.619+0000] {sql.py:375} INFO - Running statement: INSERT INTO artist_fact (artist_id,followers,popularity,date) VALUES (%s,%s,%s,%s) ON CONFLICT (artist_id,date) DO UPDATE SET artist_id=EXCLUDED.artist_id,followers=EXCLUDED.followers,popularity=EXCLUDED.popularity,date=EXCLUDED.date, parameters: ('5WhXMSMSiOyEhXBNI6Lf2h', 1568, 33, '2023-05-09')
[2023-05-09T19:40:42.621+0000] {sql.py:384} INFO - Rows affected: 1
[2023-05-09T19:40:42.628+0000] {base.py:73} INFO - Using connection ID '***' for task execution.
[2023-05-09T19:40:42.634+0000] {sql.py:375} INFO - Running statement: INSERT INTO artist_fact (artist_id,followers,popularity,date) VALUES (%s,%s,%s,%s) ON CONFLICT (artist_id,date) DO UPDATE SET artist_id=EXCLUDED.artist_id,followers=EXCLUDED.followers,popularity=EXCLUDED.popularity,date=EXCLUDED.date, parameters: ('4yvcSjfu4PC0CYQyLy4wSq', 3765139, 77, '2023-05-09')
[2023-05-09T19:40:42.637+0000] {sql.py:384} INFO - Rows affected: 1
[2023-05-09T19:40:42.643+0000] {base.py:73} INFO - Using connection ID '***' for task execution.
[2023-05-09T19:40:42.650+0000] {sql.py:375} INFO - Running statement: INSERT INTO artist_fact (artist_id,followers,popularity,date) VALUES (%s,%s,%s,%s) ON CONFLICT (artist_id,date) DO UPDATE SET artist_id=EXCLUDED.artist_id,followers=EXCLUDED.followers,popularity=EXCLUDED.popularity,date=EXCLUDED.date, parameters: ('1dWEYMPtNmvSVaDNLgB6NV', 638675, 64, '2023-05-09')
[2023-05-09T19:40:42.652+0000] {sql.py:384} INFO - Rows affected: 1
[2023-05-09T19:40:42.658+0000] {base.py:73} INFO - Using connection ID '***' for task execution.
[2023-05-09T19:40:42.664+0000] {sql.py:375} INFO - Running statement: INSERT INTO artist_fact (artist_id,followers,popularity,date) VALUES (%s,%s,%s,%s) ON CONFLICT (artist_id,date) DO UPDATE SET artist_id=EXCLUDED.artist_id,followers=EXCLUDED.followers,popularity=EXCLUDED.popularity,date=EXCLUDED.date, parameters: ('73sIBHcqh3Z3NyqHKZ7FOL', 10823658, 79, '2023-05-09')
[2023-05-09T19:40:42.666+0000] {sql.py:384} INFO - Rows affected: 1
[2023-05-09T19:40:42.673+0000] {base.py:73} INFO - Using connection ID '***' for task execution.
[2023-05-09T19:40:42.679+0000] {sql.py:375} INFO - Running statement: INSERT INTO artist_fact (artist_id,followers,popularity,date) VALUES (%s,%s,%s,%s) ON CONFLICT (artist_id,date) DO UPDATE SET artist_id=EXCLUDED.artist_id,followers=EXCLUDED.followers,popularity=EXCLUDED.popularity,date=EXCLUDED.date, parameters: ('09p3sjSfBEDE6f9WUwEEgf', 105, 28, '2023-05-09')
[2023-05-09T19:40:42.681+0000] {sql.py:384} INFO - Rows affected: 1
[2023-05-09T19:40:42.688+0000] {base.py:73} INFO - Using connection ID '***' for task execution.
[2023-05-09T19:40:42.694+0000] {sql.py:375} INFO - Running statement: INSERT INTO artist_fact (artist_id,followers,popularity,date) VALUES (%s,%s,%s,%s) ON CONFLICT (artist_id,date) DO UPDATE SET artist_id=EXCLUDED.artist_id,followers=EXCLUDED.followers,popularity=EXCLUDED.popularity,date=EXCLUDED.date, parameters: ('10GT4yz8c6xjjnPGtGPI1l', 141190, 58, '2023-05-09')
[2023-05-09T19:40:42.696+0000] {sql.py:384} INFO - Rows affected: 1
[2023-05-09T19:40:42.702+0000] {base.py:73} INFO - Using connection ID '***' for task execution.
[2023-05-09T19:40:42.708+0000] {sql.py:375} INFO - Running statement: INSERT INTO artist_fact (artist_id,followers,popularity,date) VALUES (%s,%s,%s,%s) ON CONFLICT (artist_id,date) DO UPDATE SET artist_id=EXCLUDED.artist_id,followers=EXCLUDED.followers,popularity=EXCLUDED.popularity,date=EXCLUDED.date, parameters: ('4JNTfGIaxV06Lm81hszL56', 4419, 33, '2023-05-09')
[2023-05-09T19:40:42.711+0000] {sql.py:384} INFO - Rows affected: 1
[2023-05-09T19:40:42.718+0000] {base.py:73} INFO - Using connection ID '***' for task execution.
[2023-05-09T19:40:42.724+0000] {sql.py:375} INFO - Running statement: INSERT INTO artist_fact (artist_id,followers,popularity,date) VALUES (%s,%s,%s,%s) ON CONFLICT (artist_id,date) DO UPDATE SET artist_id=EXCLUDED.artist_id,followers=EXCLUDED.followers,popularity=EXCLUDED.popularity,date=EXCLUDED.date, parameters: ('66CXWjxzNUsdJxJ2JdwvnR', 90131779, 90, '2023-05-09')
[2023-05-09T19:40:42.727+0000] {sql.py:384} INFO - Rows affected: 1
[2023-05-09T19:40:42.734+0000] {base.py:73} INFO - Using connection ID '***' for task execution.
[2023-05-09T19:40:42.740+0000] {sql.py:375} INFO - Running statement: INSERT INTO artist_fact (artist_id,followers,popularity,date) VALUES (%s,%s,%s,%s) ON CONFLICT (artist_id,date) DO UPDATE SET artist_id=EXCLUDED.artist_id,followers=EXCLUDED.followers,popularity=EXCLUDED.popularity,date=EXCLUDED.date, parameters: ('5kFD3vMqMrZc9YdJztJSOw', 648, 18, '2023-05-09')
[2023-05-09T19:40:42.742+0000] {sql.py:384} INFO - Rows affected: 1
[2023-05-09T19:40:42.748+0000] {base.py:73} INFO - Using connection ID '***' for task execution.
[2023-05-09T19:40:42.754+0000] {sql.py:375} INFO - Running statement: INSERT INTO artist_fact (artist_id,followers,popularity,date) VALUES (%s,%s,%s,%s) ON CONFLICT (artist_id,date) DO UPDATE SET artist_id=EXCLUDED.artist_id,followers=EXCLUDED.followers,popularity=EXCLUDED.popularity,date=EXCLUDED.date, parameters: ('4LLpKhyESsyAXpc4laK94U', 8933801, 84, '2023-05-09')
[2023-05-09T19:40:42.757+0000] {sql.py:384} INFO - Rows affected: 1
[2023-05-09T19:40:42.764+0000] {base.py:73} INFO - Using connection ID '***' for task execution.
[2023-05-09T19:40:42.769+0000] {sql.py:375} INFO - Running statement: INSERT INTO artist_fact (artist_id,followers,popularity,date) VALUES (%s,%s,%s,%s) ON CONFLICT (artist_id,date) DO UPDATE SET artist_id=EXCLUDED.artist_id,followers=EXCLUDED.followers,popularity=EXCLUDED.popularity,date=EXCLUDED.date, parameters: ('6wj2SK1cy0hNOAdL72U0Av', 709, 29, '2023-05-09')
[2023-05-09T19:40:42.772+0000] {sql.py:384} INFO - Rows affected: 1
[2023-05-09T19:40:42.778+0000] {base.py:73} INFO - Using connection ID '***' for task execution.
[2023-05-09T19:40:42.785+0000] {sql.py:375} INFO - Running statement: INSERT INTO artist_fact (artist_id,followers,popularity,date) VALUES (%s,%s,%s,%s) ON CONFLICT (artist_id,date) DO UPDATE SET artist_id=EXCLUDED.artist_id,followers=EXCLUDED.followers,popularity=EXCLUDED.popularity,date=EXCLUDED.date, parameters: ('2ZxyfTLryVI4qPDqZCc24v', 790, 29, '2023-05-09')
[2023-05-09T19:40:42.788+0000] {sql.py:384} INFO - Rows affected: 1
[2023-05-09T19:40:42.795+0000] {base.py:73} INFO - Using connection ID '***' for task execution.
[2023-05-09T19:40:42.801+0000] {sql.py:375} INFO - Running statement: INSERT INTO artist_fact (artist_id,followers,popularity,date) VALUES (%s,%s,%s,%s) ON CONFLICT (artist_id,date) DO UPDATE SET artist_id=EXCLUDED.artist_id,followers=EXCLUDED.followers,popularity=EXCLUDED.popularity,date=EXCLUDED.date, parameters: ('0NIPkIjTV8mB795yEIiPYL', 2519791, 71, '2023-05-09')
[2023-05-09T19:40:42.803+0000] {sql.py:384} INFO - Rows affected: 1
[2023-05-09T19:40:42.810+0000] {base.py:73} INFO - Using connection ID '***' for task execution.
[2023-05-09T19:40:42.815+0000] {sql.py:375} INFO - Running statement: INSERT INTO artist_fact (artist_id,followers,popularity,date) VALUES (%s,%s,%s,%s) ON CONFLICT (artist_id,date) DO UPDATE SET artist_id=EXCLUDED.artist_id,followers=EXCLUDED.followers,popularity=EXCLUDED.popularity,date=EXCLUDED.date, parameters: ('3gIRvgZssIb9aiirIg0nI3', 2144273, 72, '2023-05-09')
[2023-05-09T19:40:42.817+0000] {sql.py:384} INFO - Rows affected: 1
[2023-05-09T19:40:42.825+0000] {base.py:73} INFO - Using connection ID '***' for task execution.
[2023-05-09T19:40:42.830+0000] {sql.py:375} INFO - Running statement: INSERT INTO artist_fact (artist_id,followers,popularity,date) VALUES (%s,%s,%s,%s) ON CONFLICT (artist_id,date) DO UPDATE SET artist_id=EXCLUDED.artist_id,followers=EXCLUDED.followers,popularity=EXCLUDED.popularity,date=EXCLUDED.date, parameters: ('3STjhKc10jr3X60mDRpHV4', 9736, 42, '2023-05-09')
[2023-05-09T19:40:42.832+0000] {sql.py:384} INFO - Rows affected: 1
[2023-05-09T19:40:42.839+0000] {base.py:73} INFO - Using connection ID '***' for task execution.
[2023-05-09T19:40:42.844+0000] {sql.py:375} INFO - Running statement: INSERT INTO artist_fact (artist_id,followers,popularity,date) VALUES (%s,%s,%s,%s) ON CONFLICT (artist_id,date) DO UPDATE SET artist_id=EXCLUDED.artist_id,followers=EXCLUDED.followers,popularity=EXCLUDED.popularity,date=EXCLUDED.date, parameters: ('0Cp8WN4V8Tu4QJQwCN5Md4', 750153, 67, '2023-05-09')
[2023-05-09T19:40:42.847+0000] {sql.py:384} INFO - Rows affected: 1
[2023-05-09T19:40:42.853+0000] {base.py:73} INFO - Using connection ID '***' for task execution.
[2023-05-09T19:40:42.861+0000] {sql.py:375} INFO - Running statement: INSERT INTO artist_fact (artist_id,followers,popularity,date) VALUES (%s,%s,%s,%s) ON CONFLICT (artist_id,date) DO UPDATE SET artist_id=EXCLUDED.artist_id,followers=EXCLUDED.followers,popularity=EXCLUDED.popularity,date=EXCLUDED.date, parameters: ('06wUJg0I0A4Eda5TxDqxvF', 935, 26, '2023-05-09')
[2023-05-09T19:40:42.863+0000] {sql.py:384} INFO - Rows affected: 1
[2023-05-09T19:40:42.870+0000] {base.py:73} INFO - Using connection ID '***' for task execution.
[2023-05-09T19:40:42.876+0000] {sql.py:375} INFO - Running statement: INSERT INTO artist_fact (artist_id,followers,popularity,date) VALUES (%s,%s,%s,%s) ON CONFLICT (artist_id,date) DO UPDATE SET artist_id=EXCLUDED.artist_id,followers=EXCLUDED.followers,popularity=EXCLUDED.popularity,date=EXCLUDED.date, parameters: ('0m5FakHKCQdA7UN0PIzMcL', 931267, 67, '2023-05-09')
[2023-05-09T19:40:42.878+0000] {sql.py:384} INFO - Rows affected: 1
[2023-05-09T19:40:42.888+0000] {base.py:73} INFO - Using connection ID '***' for task execution.
[2023-05-09T19:40:42.894+0000] {sql.py:375} INFO - Running statement: INSERT INTO artist_fact (artist_id,followers,popularity,date) VALUES (%s,%s,%s,%s) ON CONFLICT (artist_id,date) DO UPDATE SET artist_id=EXCLUDED.artist_id,followers=EXCLUDED.followers,popularity=EXCLUDED.popularity,date=EXCLUDED.date, parameters: ('0rAt7V95LWbRPvWQFd21il', 19151, 39, '2023-05-09')
[2023-05-09T19:40:42.896+0000] {sql.py:384} INFO - Rows affected: 1
[2023-05-09T19:40:42.903+0000] {base.py:73} INFO - Using connection ID '***' for task execution.
[2023-05-09T19:40:42.910+0000] {sql.py:375} INFO - Running statement: INSERT INTO artist_fact (artist_id,followers,popularity,date) VALUES (%s,%s,%s,%s) ON CONFLICT (artist_id,date) DO UPDATE SET artist_id=EXCLUDED.artist_id,followers=EXCLUDED.followers,popularity=EXCLUDED.popularity,date=EXCLUDED.date, parameters: ('6mpyU2azr3zfZDY9k8w5GP', 32319, 46, '2023-05-09')
[2023-05-09T19:40:42.912+0000] {sql.py:384} INFO - Rows affected: 1
[2023-05-09T19:40:42.921+0000] {base.py:73} INFO - Using connection ID '***' for task execution.
[2023-05-09T19:40:42.928+0000] {sql.py:375} INFO - Running statement: INSERT INTO artist_fact (artist_id,followers,popularity,date) VALUES (%s,%s,%s,%s) ON CONFLICT (artist_id,date) DO UPDATE SET artist_id=EXCLUDED.artist_id,followers=EXCLUDED.followers,popularity=EXCLUDED.popularity,date=EXCLUDED.date, parameters: ('0TEaL7Y50jr7N3mjxqFGBK', 6170, 37, '2023-05-09')
[2023-05-09T19:40:42.930+0000] {sql.py:384} INFO - Rows affected: 1
[2023-05-09T19:40:42.936+0000] {base.py:73} INFO - Using connection ID '***' for task execution.
[2023-05-09T19:40:42.944+0000] {sql.py:375} INFO - Running statement: INSERT INTO artist_fact (artist_id,followers,popularity,date) VALUES (%s,%s,%s,%s) ON CONFLICT (artist_id,date) DO UPDATE SET artist_id=EXCLUDED.artist_id,followers=EXCLUDED.followers,popularity=EXCLUDED.popularity,date=EXCLUDED.date, parameters: ('3ApUX1o6oSz321MMECyIYd', 758504, 69, '2023-05-09')
[2023-05-09T19:40:42.946+0000] {sql.py:384} INFO - Rows affected: 1
[2023-05-09T19:40:42.952+0000] {base.py:73} INFO - Using connection ID '***' for task execution.
[2023-05-09T19:40:42.959+0000] {sql.py:375} INFO - Running statement: INSERT INTO artist_fact (artist_id,followers,popularity,date) VALUES (%s,%s,%s,%s) ON CONFLICT (artist_id,date) DO UPDATE SET artist_id=EXCLUDED.artist_id,followers=EXCLUDED.followers,popularity=EXCLUDED.popularity,date=EXCLUDED.date, parameters: ('5X4LWwbUFNzPkEas04uU82', 1038556, 65, '2023-05-09')
[2023-05-09T19:40:42.961+0000] {sql.py:384} INFO - Rows affected: 1
[2023-05-09T19:40:42.967+0000] {base.py:73} INFO - Using connection ID '***' for task execution.
[2023-05-09T19:40:42.973+0000] {sql.py:375} INFO - Running statement: INSERT INTO artist_fact (artist_id,followers,popularity,date) VALUES (%s,%s,%s,%s) ON CONFLICT (artist_id,date) DO UPDATE SET artist_id=EXCLUDED.artist_id,followers=EXCLUDED.followers,popularity=EXCLUDED.popularity,date=EXCLUDED.date, parameters: ('0ZxZlO7oWCSYMXhehpyMvE', 611797, 64, '2023-05-09')
[2023-05-09T19:40:42.975+0000] {sql.py:384} INFO - Rows affected: 1
[2023-05-09T19:40:42.981+0000] {base.py:73} INFO - Using connection ID '***' for task execution.
[2023-05-09T19:40:42.987+0000] {sql.py:375} INFO - Running statement: INSERT INTO artist_fact (artist_id,followers,popularity,date) VALUES (%s,%s,%s,%s) ON CONFLICT (artist_id,date) DO UPDATE SET artist_id=EXCLUDED.artist_id,followers=EXCLUDED.followers,popularity=EXCLUDED.popularity,date=EXCLUDED.date, parameters: ('6l3HvQ5sa6mXTsMTB19rO5', 20024059, 87, '2023-05-09')
[2023-05-09T19:40:42.990+0000] {sql.py:384} INFO - Rows affected: 1
[2023-05-09T19:40:42.996+0000] {base.py:73} INFO - Using connection ID '***' for task execution.
[2023-05-09T19:40:43.002+0000] {sql.py:375} INFO - Running statement: INSERT INTO artist_fact (artist_id,followers,popularity,date) VALUES (%s,%s,%s,%s) ON CONFLICT (artist_id,date) DO UPDATE SET artist_id=EXCLUDED.artist_id,followers=EXCLUDED.followers,popularity=EXCLUDED.popularity,date=EXCLUDED.date, parameters: ('6uJ51uV5rYzu1MJkC4CceI', 26076, 65, '2023-05-09')
[2023-05-09T19:40:43.005+0000] {sql.py:384} INFO - Rows affected: 1
[2023-05-09T19:40:43.011+0000] {base.py:73} INFO - Using connection ID '***' for task execution.
[2023-05-09T19:40:43.018+0000] {sql.py:375} INFO - Running statement: INSERT INTO artist_fact (artist_id,followers,popularity,date) VALUES (%s,%s,%s,%s) ON CONFLICT (artist_id,date) DO UPDATE SET artist_id=EXCLUDED.artist_id,followers=EXCLUDED.followers,popularity=EXCLUDED.popularity,date=EXCLUDED.date, parameters: ('4XC335ouK6pXyq4QiIb8bP', 37169, 65, '2023-05-09')
[2023-05-09T19:40:43.022+0000] {sql.py:384} INFO - Rows affected: 1
[2023-05-09T19:40:43.028+0000] {base.py:73} INFO - Using connection ID '***' for task execution.
[2023-05-09T19:40:43.034+0000] {sql.py:375} INFO - Running statement: INSERT INTO artist_fact (artist_id,followers,popularity,date) VALUES (%s,%s,%s,%s) ON CONFLICT (artist_id,date) DO UPDATE SET artist_id=EXCLUDED.artist_id,followers=EXCLUDED.followers,popularity=EXCLUDED.popularity,date=EXCLUDED.date, parameters: ('07Asx51VtMw5kbNXKrpZlq', 53600, 56, '2023-05-09')
[2023-05-09T19:40:43.036+0000] {sql.py:384} INFO - Rows affected: 1
[2023-05-09T19:40:43.042+0000] {base.py:73} INFO - Using connection ID '***' for task execution.
[2023-05-09T19:40:43.048+0000] {sql.py:375} INFO - Running statement: INSERT INTO artist_fact (artist_id,followers,popularity,date) VALUES (%s,%s,%s,%s) ON CONFLICT (artist_id,date) DO UPDATE SET artist_id=EXCLUDED.artist_id,followers=EXCLUDED.followers,popularity=EXCLUDED.popularity,date=EXCLUDED.date, parameters: ('5rebfYbZVIhbRVcRKWVOAh', 241966, 52, '2023-05-09')
[2023-05-09T19:40:43.052+0000] {sql.py:384} INFO - Rows affected: 1
[2023-05-09T19:40:43.058+0000] {base.py:73} INFO - Using connection ID '***' for task execution.
[2023-05-09T19:40:43.063+0000] {sql.py:375} INFO - Running statement: INSERT INTO artist_fact (artist_id,followers,popularity,date) VALUES (%s,%s,%s,%s) ON CONFLICT (artist_id,date) DO UPDATE SET artist_id=EXCLUDED.artist_id,followers=EXCLUDED.followers,popularity=EXCLUDED.popularity,date=EXCLUDED.date, parameters: ('6GkJh85o22LfD2vgL9DP6f', 754712, 65, '2023-05-09')
[2023-05-09T19:40:43.066+0000] {sql.py:384} INFO - Rows affected: 1
[2023-05-09T19:40:43.073+0000] {base.py:73} INFO - Using connection ID '***' for task execution.
[2023-05-09T19:40:43.078+0000] {sql.py:375} INFO - Running statement: INSERT INTO artist_fact (artist_id,followers,popularity,date) VALUES (%s,%s,%s,%s) ON CONFLICT (artist_id,date) DO UPDATE SET artist_id=EXCLUDED.artist_id,followers=EXCLUDED.followers,popularity=EXCLUDED.popularity,date=EXCLUDED.date, parameters: ('0pt7PX4Hftlg8mV1ySU84Q', 88031, 56, '2023-05-09')
[2023-05-09T19:40:43.080+0000] {sql.py:384} INFO - Rows affected: 1
[2023-05-09T19:40:43.087+0000] {base.py:73} INFO - Using connection ID '***' for task execution.
[2023-05-09T19:40:43.092+0000] {sql.py:375} INFO - Running statement: INSERT INTO artist_fact (artist_id,followers,popularity,date) VALUES (%s,%s,%s,%s) ON CONFLICT (artist_id,date) DO UPDATE SET artist_id=EXCLUDED.artist_id,followers=EXCLUDED.followers,popularity=EXCLUDED.popularity,date=EXCLUDED.date, parameters: ('42FzVuyJH8YbkhzWSR2n8E', 71543, 56, '2023-05-09')
[2023-05-09T19:40:43.095+0000] {sql.py:384} INFO - Rows affected: 1
[2023-05-09T19:40:43.102+0000] {base.py:73} INFO - Using connection ID '***' for task execution.
[2023-05-09T19:40:43.109+0000] {sql.py:375} INFO - Running statement: INSERT INTO artist_fact (artist_id,followers,popularity,date) VALUES (%s,%s,%s,%s) ON CONFLICT (artist_id,date) DO UPDATE SET artist_id=EXCLUDED.artist_id,followers=EXCLUDED.followers,popularity=EXCLUDED.popularity,date=EXCLUDED.date, parameters: ('5FxD8fkQZ6KcsSYupDVoSO', 800333, 72, '2023-05-09')
[2023-05-09T19:40:43.112+0000] {sql.py:384} INFO - Rows affected: 1
[2023-05-09T19:40:43.119+0000] {base.py:73} INFO - Using connection ID '***' for task execution.
[2023-05-09T19:40:43.125+0000] {sql.py:375} INFO - Running statement: INSERT INTO artist_fact (artist_id,followers,popularity,date) VALUES (%s,%s,%s,%s) ON CONFLICT (artist_id,date) DO UPDATE SET artist_id=EXCLUDED.artist_id,followers=EXCLUDED.followers,popularity=EXCLUDED.popularity,date=EXCLUDED.date, parameters: ('2ysnwxxNtSgbb9t1m2Ur4j', 4020782, 76, '2023-05-09')
[2023-05-09T19:40:43.128+0000] {sql.py:384} INFO - Rows affected: 1
[2023-05-09T19:40:43.134+0000] {base.py:73} INFO - Using connection ID '***' for task execution.
[2023-05-09T19:40:43.139+0000] {sql.py:375} INFO - Running statement: INSERT INTO artist_fact (artist_id,followers,popularity,date) VALUES (%s,%s,%s,%s) ON CONFLICT (artist_id,date) DO UPDATE SET artist_id=EXCLUDED.artist_id,followers=EXCLUDED.followers,popularity=EXCLUDED.popularity,date=EXCLUDED.date, parameters: ('4bpTpEQKjHhs4K04ctIwJA', 754, 47, '2023-05-09')
[2023-05-09T19:40:43.142+0000] {sql.py:384} INFO - Rows affected: 1
[2023-05-09T19:40:43.152+0000] {base.py:73} INFO - Using connection ID '***' for task execution.
[2023-05-09T19:40:43.158+0000] {sql.py:375} INFO - Running statement: INSERT INTO artist_fact (artist_id,followers,popularity,date) VALUES (%s,%s,%s,%s) ON CONFLICT (artist_id,date) DO UPDATE SET artist_id=EXCLUDED.artist_id,followers=EXCLUDED.followers,popularity=EXCLUDED.popularity,date=EXCLUDED.date, parameters: ('5GL9tpTGMrbIjLzpHbZV4d', 15, 49, '2023-05-09')
[2023-05-09T19:40:43.161+0000] {sql.py:384} INFO - Rows affected: 1
[2023-05-09T19:40:43.167+0000] {base.py:73} INFO - Using connection ID '***' for task execution.
[2023-05-09T19:40:43.173+0000] {sql.py:375} INFO - Running statement: INSERT INTO artist_fact (artist_id,followers,popularity,date) VALUES (%s,%s,%s,%s) ON CONFLICT (artist_id,date) DO UPDATE SET artist_id=EXCLUDED.artist_id,followers=EXCLUDED.followers,popularity=EXCLUDED.popularity,date=EXCLUDED.date, parameters: ('2oBcbbUQy8Md3FYXifyPTF', 10216, 63, '2023-05-09')
[2023-05-09T19:40:43.176+0000] {sql.py:384} INFO - Rows affected: 1
[2023-05-09T19:40:43.181+0000] {base.py:73} INFO - Using connection ID '***' for task execution.
[2023-05-09T19:40:43.191+0000] {sql.py:375} INFO - Running statement: INSERT INTO artist_fact (artist_id,followers,popularity,date) VALUES (%s,%s,%s,%s) ON CONFLICT (artist_id,date) DO UPDATE SET artist_id=EXCLUDED.artist_id,followers=EXCLUDED.followers,popularity=EXCLUDED.popularity,date=EXCLUDED.date, parameters: ('77SW9BnxLY8rJ0RciFqkHh', 12364312, 84, '2023-05-09')
[2023-05-09T19:40:43.193+0000] {sql.py:384} INFO - Rows affected: 1
[2023-05-09T19:40:43.200+0000] {base.py:73} INFO - Using connection ID '***' for task execution.
[2023-05-09T19:40:43.207+0000] {sql.py:375} INFO - Running statement: INSERT INTO artist_fact (artist_id,followers,popularity,date) VALUES (%s,%s,%s,%s) ON CONFLICT (artist_id,date) DO UPDATE SET artist_id=EXCLUDED.artist_id,followers=EXCLUDED.followers,popularity=EXCLUDED.popularity,date=EXCLUDED.date, parameters: ('5JOIrGvup0vD5VjodB62Ui', 996, 53, '2023-05-09')
[2023-05-09T19:40:43.209+0000] {sql.py:384} INFO - Rows affected: 1
[2023-05-09T19:40:43.215+0000] {base.py:73} INFO - Using connection ID '***' for task execution.
[2023-05-09T19:40:43.220+0000] {sql.py:375} INFO - Running statement: INSERT INTO artist_fact (artist_id,followers,popularity,date) VALUES (%s,%s,%s,%s) ON CONFLICT (artist_id,date) DO UPDATE SET artist_id=EXCLUDED.artist_id,followers=EXCLUDED.followers,popularity=EXCLUDED.popularity,date=EXCLUDED.date, parameters: ('4we5S2VLjgY9KzIzApL1KI', 31862, 58, '2023-05-09')
[2023-05-09T19:40:43.224+0000] {sql.py:384} INFO - Rows affected: 1
[2023-05-09T19:40:43.230+0000] {base.py:73} INFO - Using connection ID '***' for task execution.
[2023-05-09T19:40:43.236+0000] {sql.py:375} INFO - Running statement: INSERT INTO artist_fact (artist_id,followers,popularity,date) VALUES (%s,%s,%s,%s) ON CONFLICT (artist_id,date) DO UPDATE SET artist_id=EXCLUDED.artist_id,followers=EXCLUDED.followers,popularity=EXCLUDED.popularity,date=EXCLUDED.date, parameters: ('698hF4vcwHwPy8ltmXermq', 1146706, 66, '2023-05-09')
[2023-05-09T19:40:43.239+0000] {sql.py:384} INFO - Rows affected: 1
[2023-05-09T19:40:43.245+0000] {base.py:73} INFO - Using connection ID '***' for task execution.
[2023-05-09T19:40:43.251+0000] {sql.py:375} INFO - Running statement: INSERT INTO artist_fact (artist_id,followers,popularity,date) VALUES (%s,%s,%s,%s) ON CONFLICT (artist_id,date) DO UPDATE SET artist_id=EXCLUDED.artist_id,followers=EXCLUDED.followers,popularity=EXCLUDED.popularity,date=EXCLUDED.date, parameters: ('0S97B7bjeZ49LtU7imdlT7', 89, 16, '2023-05-09')
[2023-05-09T19:40:43.253+0000] {sql.py:384} INFO - Rows affected: 1
[2023-05-09T19:40:43.259+0000] {base.py:73} INFO - Using connection ID '***' for task execution.
[2023-05-09T19:40:43.265+0000] {sql.py:375} INFO - Running statement: INSERT INTO artist_fact (artist_id,followers,popularity,date) VALUES (%s,%s,%s,%s) ON CONFLICT (artist_id,date) DO UPDATE SET artist_id=EXCLUDED.artist_id,followers=EXCLUDED.followers,popularity=EXCLUDED.popularity,date=EXCLUDED.date, parameters: ('2bFpvoGZ1lD2HiAfE34Ypl', 12531, 28, '2023-05-09')
[2023-05-09T19:40:43.267+0000] {sql.py:384} INFO - Rows affected: 1
[2023-05-09T19:40:43.273+0000] {base.py:73} INFO - Using connection ID '***' for task execution.
[2023-05-09T19:40:43.279+0000] {sql.py:375} INFO - Running statement: INSERT INTO artist_fact (artist_id,followers,popularity,date) VALUES (%s,%s,%s,%s) ON CONFLICT (artist_id,date) DO UPDATE SET artist_id=EXCLUDED.artist_id,followers=EXCLUDED.followers,popularity=EXCLUDED.popularity,date=EXCLUDED.date, parameters: ('2RdwBSPQiwcmiDo9kixcl8', 4181992, 80, '2023-05-09')
[2023-05-09T19:40:43.282+0000] {sql.py:384} INFO - Rows affected: 1
[2023-05-09T19:40:43.288+0000] {base.py:73} INFO - Using connection ID '***' for task execution.
[2023-05-09T19:40:43.296+0000] {sql.py:375} INFO - Running statement: INSERT INTO artist_fact (artist_id,followers,popularity,date) VALUES (%s,%s,%s,%s) ON CONFLICT (artist_id,date) DO UPDATE SET artist_id=EXCLUDED.artist_id,followers=EXCLUDED.followers,popularity=EXCLUDED.popularity,date=EXCLUDED.date, parameters: ('7kiCkMJHLchcrQByu2yHDk', 7834, 28, '2023-05-09')
[2023-05-09T19:40:43.298+0000] {sql.py:384} INFO - Rows affected: 1
[2023-05-09T19:40:43.304+0000] {base.py:73} INFO - Using connection ID '***' for task execution.
[2023-05-09T19:40:43.310+0000] {sql.py:375} INFO - Running statement: INSERT INTO artist_fact (artist_id,followers,popularity,date) VALUES (%s,%s,%s,%s) ON CONFLICT (artist_id,date) DO UPDATE SET artist_id=EXCLUDED.artist_id,followers=EXCLUDED.followers,popularity=EXCLUDED.popularity,date=EXCLUDED.date, parameters: ('0NhKCHTPG7Sz62S3zxV1Cf', 11760, 43, '2023-05-09')
[2023-05-09T19:40:43.312+0000] {sql.py:384} INFO - Rows affected: 1
[2023-05-09T19:40:43.317+0000] {base.py:73} INFO - Using connection ID '***' for task execution.
[2023-05-09T19:40:43.325+0000] {sql.py:375} INFO - Running statement: INSERT INTO artist_fact (artist_id,followers,popularity,date) VALUES (%s,%s,%s,%s) ON CONFLICT (artist_id,date) DO UPDATE SET artist_id=EXCLUDED.artist_id,followers=EXCLUDED.followers,popularity=EXCLUDED.popularity,date=EXCLUDED.date, parameters: ('6NFyaN9PMCDZ3LKxGwHAXt', 182518, 49, '2023-05-09')
[2023-05-09T19:40:43.329+0000] {sql.py:384} INFO - Rows affected: 1
[2023-05-09T19:40:43.335+0000] {base.py:73} INFO - Using connection ID '***' for task execution.
[2023-05-09T19:40:43.341+0000] {sql.py:375} INFO - Running statement: INSERT INTO artist_fact (artist_id,followers,popularity,date) VALUES (%s,%s,%s,%s) ON CONFLICT (artist_id,date) DO UPDATE SET artist_id=EXCLUDED.artist_id,followers=EXCLUDED.followers,popularity=EXCLUDED.popularity,date=EXCLUDED.date, parameters: ('7dlqUnjoF2U2DkNDMhcgG4', 826329, 62, '2023-05-09')
[2023-05-09T19:40:43.343+0000] {sql.py:384} INFO - Rows affected: 1
[2023-05-09T19:40:43.350+0000] {base.py:73} INFO - Using connection ID '***' for task execution.
[2023-05-09T19:40:43.356+0000] {sql.py:375} INFO - Running statement: INSERT INTO artist_fact (artist_id,followers,popularity,date) VALUES (%s,%s,%s,%s) ON CONFLICT (artist_id,date) DO UPDATE SET artist_id=EXCLUDED.artist_id,followers=EXCLUDED.followers,popularity=EXCLUDED.popularity,date=EXCLUDED.date, parameters: ('74XFHRwlV6OrjEM0A2NCMF', 7744719, 79, '2023-05-09')
[2023-05-09T19:40:43.358+0000] {sql.py:384} INFO - Rows affected: 1
[2023-05-09T19:40:43.364+0000] {base.py:73} INFO - Using connection ID '***' for task execution.
[2023-05-09T19:40:43.371+0000] {sql.py:375} INFO - Running statement: INSERT INTO artist_fact (artist_id,followers,popularity,date) VALUES (%s,%s,%s,%s) ON CONFLICT (artist_id,date) DO UPDATE SET artist_id=EXCLUDED.artist_id,followers=EXCLUDED.followers,popularity=EXCLUDED.popularity,date=EXCLUDED.date, parameters: ('6icQOAFXDZKsumw3YXyusw', 8973956, 79, '2023-05-09')
[2023-05-09T19:40:43.373+0000] {sql.py:384} INFO - Rows affected: 1
[2023-05-09T19:40:43.379+0000] {base.py:73} INFO - Using connection ID '***' for task execution.
[2023-05-09T19:40:43.386+0000] {sql.py:375} INFO - Running statement: INSERT INTO artist_fact (artist_id,followers,popularity,date) VALUES (%s,%s,%s,%s) ON CONFLICT (artist_id,date) DO UPDATE SET artist_id=EXCLUDED.artist_id,followers=EXCLUDED.followers,popularity=EXCLUDED.popularity,date=EXCLUDED.date, parameters: ('5UjifI1TYefXWn9GdqDOHl', 143567, 65, '2023-05-09')
[2023-05-09T19:40:43.388+0000] {sql.py:384} INFO - Rows affected: 1
[2023-05-09T19:40:43.395+0000] {base.py:73} INFO - Using connection ID '***' for task execution.
[2023-05-09T19:40:43.401+0000] {sql.py:375} INFO - Running statement: INSERT INTO artist_fact (artist_id,followers,popularity,date) VALUES (%s,%s,%s,%s) ON CONFLICT (artist_id,date) DO UPDATE SET artist_id=EXCLUDED.artist_id,followers=EXCLUDED.followers,popularity=EXCLUDED.popularity,date=EXCLUDED.date, parameters: ('7q0j7Eg2VkNxT5ci6HbGLy', 1905, 30, '2023-05-09')
[2023-05-09T19:40:43.403+0000] {sql.py:384} INFO - Rows affected: 1
[2023-05-09T19:40:43.410+0000] {base.py:73} INFO - Using connection ID '***' for task execution.
[2023-05-09T19:40:43.417+0000] {sql.py:375} INFO - Running statement: INSERT INTO artist_fact (artist_id,followers,popularity,date) VALUES (%s,%s,%s,%s) ON CONFLICT (artist_id,date) DO UPDATE SET artist_id=EXCLUDED.artist_id,followers=EXCLUDED.followers,popularity=EXCLUDED.popularity,date=EXCLUDED.date, parameters: ('3h1Yoz6jZ6kWDRQaA7v1t1', 1655, 31, '2023-05-09')
[2023-05-09T19:40:43.419+0000] {sql.py:384} INFO - Rows affected: 1
[2023-05-09T19:40:43.426+0000] {base.py:73} INFO - Using connection ID '***' for task execution.
[2023-05-09T19:40:43.432+0000] {sql.py:375} INFO - Running statement: INSERT INTO artist_fact (artist_id,followers,popularity,date) VALUES (%s,%s,%s,%s) ON CONFLICT (artist_id,date) DO UPDATE SET artist_id=EXCLUDED.artist_id,followers=EXCLUDED.followers,popularity=EXCLUDED.popularity,date=EXCLUDED.date, parameters: ('0bdfiayQAKewqEvaU6rXCv', 1431474, 70, '2023-05-09')
[2023-05-09T19:40:43.434+0000] {sql.py:384} INFO - Rows affected: 1
[2023-05-09T19:40:43.440+0000] {base.py:73} INFO - Using connection ID '***' for task execution.
[2023-05-09T19:40:43.445+0000] {sql.py:375} INFO - Running statement: INSERT INTO artist_fact (artist_id,followers,popularity,date) VALUES (%s,%s,%s,%s) ON CONFLICT (artist_id,date) DO UPDATE SET artist_id=EXCLUDED.artist_id,followers=EXCLUDED.followers,popularity=EXCLUDED.popularity,date=EXCLUDED.date, parameters: ('0QJIPDAEDILuo8AIq3pMuU', 1219200, 67, '2023-05-09')
[2023-05-09T19:40:43.448+0000] {sql.py:384} INFO - Rows affected: 1
[2023-05-09T19:40:43.454+0000] {base.py:73} INFO - Using connection ID '***' for task execution.
[2023-05-09T19:40:43.461+0000] {sql.py:375} INFO - Running statement: INSERT INTO artist_fact (artist_id,followers,popularity,date) VALUES (%s,%s,%s,%s) ON CONFLICT (artist_id,date) DO UPDATE SET artist_id=EXCLUDED.artist_id,followers=EXCLUDED.followers,popularity=EXCLUDED.popularity,date=EXCLUDED.date, parameters: ('67hb7towEyKvt5Z8Bx306c', 1282966, 72, '2023-05-09')
[2023-05-09T19:40:43.464+0000] {sql.py:384} INFO - Rows affected: 1
[2023-05-09T19:40:43.471+0000] {base.py:73} INFO - Using connection ID '***' for task execution.
[2023-05-09T19:40:43.479+0000] {sql.py:375} INFO - Running statement: INSERT INTO artist_fact (artist_id,followers,popularity,date) VALUES (%s,%s,%s,%s) ON CONFLICT (artist_id,date) DO UPDATE SET artist_id=EXCLUDED.artist_id,followers=EXCLUDED.followers,popularity=EXCLUDED.popularity,date=EXCLUDED.date, parameters: ('7CajNmpbOovFoOoasH2HaY', 23364228, 87, '2023-05-09')
[2023-05-09T19:40:43.481+0000] {sql.py:384} INFO - Rows affected: 1
[2023-05-09T19:40:43.487+0000] {base.py:73} INFO - Using connection ID '***' for task execution.
[2023-05-09T19:40:43.493+0000] {sql.py:375} INFO - Running statement: INSERT INTO artist_fact (artist_id,followers,popularity,date) VALUES (%s,%s,%s,%s) ON CONFLICT (artist_id,date) DO UPDATE SET artist_id=EXCLUDED.artist_id,followers=EXCLUDED.followers,popularity=EXCLUDED.popularity,date=EXCLUDED.date, parameters: ('5vNeqphZZDB8susU5xA8mP', 2273, 37, '2023-05-09')
[2023-05-09T19:40:43.497+0000] {sql.py:384} INFO - Rows affected: 1
[2023-05-09T19:40:43.503+0000] {base.py:73} INFO - Using connection ID '***' for task execution.
[2023-05-09T19:40:43.510+0000] {sql.py:375} INFO - Running statement: INSERT INTO artist_fact (artist_id,followers,popularity,date) VALUES (%s,%s,%s,%s) ON CONFLICT (artist_id,date) DO UPDATE SET artist_id=EXCLUDED.artist_id,followers=EXCLUDED.followers,popularity=EXCLUDED.popularity,date=EXCLUDED.date, parameters: ('3TVXtAsR1Inumwj472S9r4', 75006160, 96, '2023-05-09')
[2023-05-09T19:40:43.513+0000] {sql.py:384} INFO - Rows affected: 1
[2023-05-09T19:40:43.519+0000] {base.py:73} INFO - Using connection ID '***' for task execution.
[2023-05-09T19:40:43.525+0000] {sql.py:375} INFO - Running statement: INSERT INTO artist_fact (artist_id,followers,popularity,date) VALUES (%s,%s,%s,%s) ON CONFLICT (artist_id,date) DO UPDATE SET artist_id=EXCLUDED.artist_id,followers=EXCLUDED.followers,popularity=EXCLUDED.popularity,date=EXCLUDED.date, parameters: ('6ywXRaHY7m2DJ0dd7CsLAB', 290464, 59, '2023-05-09')
[2023-05-09T19:40:43.527+0000] {sql.py:384} INFO - Rows affected: 1
[2023-05-09T19:40:43.533+0000] {base.py:73} INFO - Using connection ID '***' for task execution.
[2023-05-09T19:40:43.539+0000] {sql.py:375} INFO - Running statement: INSERT INTO artist_fact (artist_id,followers,popularity,date) VALUES (%s,%s,%s,%s) ON CONFLICT (artist_id,date) DO UPDATE SET artist_id=EXCLUDED.artist_id,followers=EXCLUDED.followers,popularity=EXCLUDED.popularity,date=EXCLUDED.date, parameters: ('5KKpBU5eC2tJDzf0wmlRp2', 869434, 80, '2023-05-09')
[2023-05-09T19:40:43.541+0000] {sql.py:384} INFO - Rows affected: 1
[2023-05-09T19:40:43.547+0000] {base.py:73} INFO - Using connection ID '***' for task execution.
[2023-05-09T19:40:43.553+0000] {sql.py:375} INFO - Running statement: INSERT INTO artist_fact (artist_id,followers,popularity,date) VALUES (%s,%s,%s,%s) ON CONFLICT (artist_id,date) DO UPDATE SET artist_id=EXCLUDED.artist_id,followers=EXCLUDED.followers,popularity=EXCLUDED.popularity,date=EXCLUDED.date, parameters: ('0j4hdmNGBCznlyeFs618eM', 2844, 41, '2023-05-09')
[2023-05-09T19:40:43.555+0000] {sql.py:384} INFO - Rows affected: 1
[2023-05-09T19:40:43.561+0000] {base.py:73} INFO - Using connection ID '***' for task execution.
[2023-05-09T19:40:43.567+0000] {sql.py:375} INFO - Running statement: INSERT INTO artist_fact (artist_id,followers,popularity,date) VALUES (%s,%s,%s,%s) ON CONFLICT (artist_id,date) DO UPDATE SET artist_id=EXCLUDED.artist_id,followers=EXCLUDED.followers,popularity=EXCLUDED.popularity,date=EXCLUDED.date, parameters: ('06HL4z0CvFAxyc27GXpf02', 73610653, 100, '2023-05-09')
[2023-05-09T19:40:43.570+0000] {sql.py:384} INFO - Rows affected: 1
[2023-05-09T19:40:43.576+0000] {base.py:73} INFO - Using connection ID '***' for task execution.
[2023-05-09T19:40:43.581+0000] {sql.py:375} INFO - Running statement: INSERT INTO artist_fact (artist_id,followers,popularity,date) VALUES (%s,%s,%s,%s) ON CONFLICT (artist_id,date) DO UPDATE SET artist_id=EXCLUDED.artist_id,followers=EXCLUDED.followers,popularity=EXCLUDED.popularity,date=EXCLUDED.date, parameters: ('2SrWifjYv7b5tR8EzEmn1x', 113689, 56, '2023-05-09')
[2023-05-09T19:40:43.583+0000] {sql.py:384} INFO - Rows affected: 1
[2023-05-09T19:40:43.589+0000] {base.py:73} INFO - Using connection ID '***' for task execution.
[2023-05-09T19:40:43.595+0000] {sql.py:375} INFO - Running statement: INSERT INTO artist_fact (artist_id,followers,popularity,date) VALUES (%s,%s,%s,%s) ON CONFLICT (artist_id,date) DO UPDATE SET artist_id=EXCLUDED.artist_id,followers=EXCLUDED.followers,popularity=EXCLUDED.popularity,date=EXCLUDED.date, parameters: ('5INjqkS1o8h1imAzPqGZBb', 6499964, 81, '2023-05-09')
[2023-05-09T19:40:43.597+0000] {sql.py:384} INFO - Rows affected: 1
[2023-05-09T19:40:43.603+0000] {base.py:73} INFO - Using connection ID '***' for task execution.
[2023-05-09T19:40:43.610+0000] {sql.py:375} INFO - Running statement: INSERT INTO artist_fact (artist_id,followers,popularity,date) VALUES (%s,%s,%s,%s) ON CONFLICT (artist_id,date) DO UPDATE SET artist_id=EXCLUDED.artist_id,followers=EXCLUDED.followers,popularity=EXCLUDED.popularity,date=EXCLUDED.date, parameters: ('5sm0jQ1mq0dusiLtDJ2b4R', 557927, 65, '2023-05-09')
[2023-05-09T19:40:43.614+0000] {sql.py:384} INFO - Rows affected: 1
[2023-05-09T19:40:43.621+0000] {base.py:73} INFO - Using connection ID '***' for task execution.
[2023-05-09T19:40:43.627+0000] {sql.py:375} INFO - Running statement: INSERT INTO artist_fact (artist_id,followers,popularity,date) VALUES (%s,%s,%s,%s) ON CONFLICT (artist_id,date) DO UPDATE SET artist_id=EXCLUDED.artist_id,followers=EXCLUDED.followers,popularity=EXCLUDED.popularity,date=EXCLUDED.date, parameters: ('1Xylc3o4UrD53lo9CvFvVg', 10385851, 77, '2023-05-09')
[2023-05-09T19:40:43.629+0000] {sql.py:384} INFO - Rows affected: 1
[2023-05-09T19:40:43.634+0000] {base.py:73} INFO - Using connection ID '***' for task execution.
[2023-05-09T19:40:43.640+0000] {sql.py:375} INFO - Running statement: INSERT INTO artist_fact (artist_id,followers,popularity,date) VALUES (%s,%s,%s,%s) ON CONFLICT (artist_id,date) DO UPDATE SET artist_id=EXCLUDED.artist_id,followers=EXCLUDED.followers,popularity=EXCLUDED.popularity,date=EXCLUDED.date, parameters: ('0dS5IlInNc5Qq0wIrFTKob', 1753, 57, '2023-05-09')
[2023-05-09T19:40:43.643+0000] {sql.py:384} INFO - Rows affected: 1
[2023-05-09T19:40:43.650+0000] {base.py:73} INFO - Using connection ID '***' for task execution.
[2023-05-09T19:40:43.655+0000] {sql.py:375} INFO - Running statement: INSERT INTO artist_fact (artist_id,followers,popularity,date) VALUES (%s,%s,%s,%s) ON CONFLICT (artist_id,date) DO UPDATE SET artist_id=EXCLUDED.artist_id,followers=EXCLUDED.followers,popularity=EXCLUDED.popularity,date=EXCLUDED.date, parameters: ('2mF9PcfpN8vxRtCfra8hz1', 41634, 58, '2023-05-09')
[2023-05-09T19:40:43.659+0000] {sql.py:384} INFO - Rows affected: 1
[2023-05-09T19:40:43.665+0000] {base.py:73} INFO - Using connection ID '***' for task execution.
[2023-05-09T19:40:43.673+0000] {sql.py:375} INFO - Running statement: INSERT INTO artist_fact (artist_id,followers,popularity,date) VALUES (%s,%s,%s,%s) ON CONFLICT (artist_id,date) DO UPDATE SET artist_id=EXCLUDED.artist_id,followers=EXCLUDED.followers,popularity=EXCLUDED.popularity,date=EXCLUDED.date, parameters: ('4V8LLVI7PbaPR0K2TGSxFF', 11362084, 89, '2023-05-09')
[2023-05-09T19:40:43.675+0000] {sql.py:384} INFO - Rows affected: 1
[2023-05-09T19:40:43.681+0000] {base.py:73} INFO - Using connection ID '***' for task execution.
[2023-05-09T19:40:43.688+0000] {sql.py:375} INFO - Running statement: INSERT INTO artist_fact (artist_id,followers,popularity,date) VALUES (%s,%s,%s,%s) ON CONFLICT (artist_id,date) DO UPDATE SET artist_id=EXCLUDED.artist_id,followers=EXCLUDED.followers,popularity=EXCLUDED.popularity,date=EXCLUDED.date, parameters: ('26VFTg2z8YR0cCuwLzESi2', 20081554, 83, '2023-05-09')
[2023-05-09T19:40:43.692+0000] {sql.py:384} INFO - Rows affected: 1
[2023-05-09T19:40:43.698+0000] {base.py:73} INFO - Using connection ID '***' for task execution.
[2023-05-09T19:40:43.704+0000] {sql.py:375} INFO - Running statement: INSERT INTO artist_fact (artist_id,followers,popularity,date) VALUES (%s,%s,%s,%s) ON CONFLICT (artist_id,date) DO UPDATE SET artist_id=EXCLUDED.artist_id,followers=EXCLUDED.followers,popularity=EXCLUDED.popularity,date=EXCLUDED.date, parameters: ('5CiGnKThu5ctn9pBxv7DGa', 1045832, 73, '2023-05-09')
[2023-05-09T19:40:43.707+0000] {sql.py:384} INFO - Rows affected: 1
[2023-05-09T19:40:43.713+0000] {base.py:73} INFO - Using connection ID '***' for task execution.
[2023-05-09T19:40:43.718+0000] {sql.py:375} INFO - Running statement: INSERT INTO artist_fact (artist_id,followers,popularity,date) VALUES (%s,%s,%s,%s) ON CONFLICT (artist_id,date) DO UPDATE SET artist_id=EXCLUDED.artist_id,followers=EXCLUDED.followers,popularity=EXCLUDED.popularity,date=EXCLUDED.date, parameters: ('6eJa3zG1QZLRB3xgRuyxbm', 887510, 67, '2023-05-09')
[2023-05-09T19:40:43.721+0000] {sql.py:384} INFO - Rows affected: 1
[2023-05-09T19:40:43.727+0000] {base.py:73} INFO - Using connection ID '***' for task execution.
[2023-05-09T19:40:43.735+0000] {sql.py:375} INFO - Running statement: INSERT INTO artist_fact (artist_id,followers,popularity,date) VALUES (%s,%s,%s,%s) ON CONFLICT (artist_id,date) DO UPDATE SET artist_id=EXCLUDED.artist_id,followers=EXCLUDED.followers,popularity=EXCLUDED.popularity,date=EXCLUDED.date, parameters: ('5Rl15oVamLq7FbSb0NNBNy', 9351850, 79, '2023-05-09')
[2023-05-09T19:40:43.738+0000] {sql.py:384} INFO - Rows affected: 1
[2023-05-09T19:40:43.745+0000] {base.py:73} INFO - Using connection ID '***' for task execution.
[2023-05-09T19:40:43.752+0000] {sql.py:375} INFO - Running statement: INSERT INTO artist_fact (artist_id,followers,popularity,date) VALUES (%s,%s,%s,%s) ON CONFLICT (artist_id,date) DO UPDATE SET artist_id=EXCLUDED.artist_id,followers=EXCLUDED.followers,popularity=EXCLUDED.popularity,date=EXCLUDED.date, parameters: ('3K2Srho6NCF3o9MswGR76H', 378625, 70, '2023-05-09')
[2023-05-09T19:40:43.754+0000] {sql.py:384} INFO - Rows affected: 1
[2023-05-09T19:40:43.760+0000] {base.py:73} INFO - Using connection ID '***' for task execution.
[2023-05-09T19:40:43.766+0000] {sql.py:375} INFO - Running statement: INSERT INTO artist_fact (artist_id,followers,popularity,date) VALUES (%s,%s,%s,%s) ON CONFLICT (artist_id,date) DO UPDATE SET artist_id=EXCLUDED.artist_id,followers=EXCLUDED.followers,popularity=EXCLUDED.popularity,date=EXCLUDED.date, parameters: ('1hzfo8twXdOegF3xireCYs', 1775175, 73, '2023-05-09')
[2023-05-09T19:40:43.770+0000] {sql.py:384} INFO - Rows affected: 1
[2023-05-09T19:40:43.776+0000] {base.py:73} INFO - Using connection ID '***' for task execution.
[2023-05-09T19:40:43.782+0000] {sql.py:375} INFO - Running statement: INSERT INTO artist_fact (artist_id,followers,popularity,date) VALUES (%s,%s,%s,%s) ON CONFLICT (artist_id,date) DO UPDATE SET artist_id=EXCLUDED.artist_id,followers=EXCLUDED.followers,popularity=EXCLUDED.popularity,date=EXCLUDED.date, parameters: ('0RpddSzUHfncUWNJXKOsjy', 1228652, 66, '2023-05-09')
[2023-05-09T19:40:43.785+0000] {sql.py:384} INFO - Rows affected: 1
[2023-05-09T19:40:43.791+0000] {base.py:73} INFO - Using connection ID '***' for task execution.
[2023-05-09T19:40:43.798+0000] {sql.py:375} INFO - Running statement: INSERT INTO artist_fact (artist_id,followers,popularity,date) VALUES (%s,%s,%s,%s) ON CONFLICT (artist_id,date) DO UPDATE SET artist_id=EXCLUDED.artist_id,followers=EXCLUDED.followers,popularity=EXCLUDED.popularity,date=EXCLUDED.date, parameters: ('0X2BH1fck6amBIoJhDVmmJ', 11917977, 82, '2023-05-09')
[2023-05-09T19:40:43.800+0000] {sql.py:384} INFO - Rows affected: 1
[2023-05-09T19:40:43.808+0000] {base.py:73} INFO - Using connection ID '***' for task execution.
[2023-05-09T19:40:43.815+0000] {sql.py:375} INFO - Running statement: INSERT INTO artist_fact (artist_id,followers,popularity,date) VALUES (%s,%s,%s,%s) ON CONFLICT (artist_id,date) DO UPDATE SET artist_id=EXCLUDED.artist_id,followers=EXCLUDED.followers,popularity=EXCLUDED.popularity,date=EXCLUDED.date, parameters: ('3kVUvbeRdcrqQ3oHk5hPdx', 1138605, 65, '2023-05-09')
[2023-05-09T19:40:43.817+0000] {sql.py:384} INFO - Rows affected: 1
[2023-05-09T19:40:43.824+0000] {base.py:73} INFO - Using connection ID '***' for task execution.
[2023-05-09T19:40:43.830+0000] {sql.py:375} INFO - Running statement: INSERT INTO artist_fact (artist_id,followers,popularity,date) VALUES (%s,%s,%s,%s) ON CONFLICT (artist_id,date) DO UPDATE SET artist_id=EXCLUDED.artist_id,followers=EXCLUDED.followers,popularity=EXCLUDED.popularity,date=EXCLUDED.date, parameters: ('4ETSs924pXMzjIeD6E9b4u', 892429, 69, '2023-05-09')
[2023-05-09T19:40:43.832+0000] {sql.py:384} INFO - Rows affected: 1
[2023-05-09T19:40:43.839+0000] {base.py:73} INFO - Using connection ID '***' for task execution.
[2023-05-09T19:40:43.845+0000] {sql.py:375} INFO - Running statement: INSERT INTO artist_fact (artist_id,followers,popularity,date) VALUES (%s,%s,%s,%s) ON CONFLICT (artist_id,date) DO UPDATE SET artist_id=EXCLUDED.artist_id,followers=EXCLUDED.followers,popularity=EXCLUDED.popularity,date=EXCLUDED.date, parameters: ('5YGY8feqx7naU7z4HrwZM6', 20620982, 89, '2023-05-09')
[2023-05-09T19:40:43.848+0000] {sql.py:384} INFO - Rows affected: 1
[2023-05-09T19:40:43.854+0000] {base.py:73} INFO - Using connection ID '***' for task execution.
[2023-05-09T19:40:43.861+0000] {sql.py:375} INFO - Running statement: INSERT INTO artist_fact (artist_id,followers,popularity,date) VALUES (%s,%s,%s,%s) ON CONFLICT (artist_id,date) DO UPDATE SET artist_id=EXCLUDED.artist_id,followers=EXCLUDED.followers,popularity=EXCLUDED.popularity,date=EXCLUDED.date, parameters: ('4A0TivfinfALCAMJqqjZIk', 11189, 67, '2023-05-09')
[2023-05-09T19:40:43.863+0000] {sql.py:384} INFO - Rows affected: 1
[2023-05-09T19:40:43.870+0000] {base.py:73} INFO - Using connection ID '***' for task execution.
[2023-05-09T19:40:43.878+0000] {sql.py:375} INFO - Running statement: INSERT INTO artist_fact (artist_id,followers,popularity,date) VALUES (%s,%s,%s,%s) ON CONFLICT (artist_id,date) DO UPDATE SET artist_id=EXCLUDED.artist_id,followers=EXCLUDED.followers,popularity=EXCLUDED.popularity,date=EXCLUDED.date, parameters: ('6oMuImdp5ZcFhWP0ESe6mG', 13143826, 77, '2023-05-09')
[2023-05-09T19:40:43.882+0000] {sql.py:384} INFO - Rows affected: 1
[2023-05-09T19:40:43.889+0000] {base.py:73} INFO - Using connection ID '***' for task execution.
[2023-05-09T19:40:43.895+0000] {sql.py:375} INFO - Running statement: INSERT INTO artist_fact (artist_id,followers,popularity,date) VALUES (%s,%s,%s,%s) ON CONFLICT (artist_id,date) DO UPDATE SET artist_id=EXCLUDED.artist_id,followers=EXCLUDED.followers,popularity=EXCLUDED.popularity,date=EXCLUDED.date, parameters: ('2h93pZq0e7k5yf4dywlkpM', 11073770, 85, '2023-05-09')
[2023-05-09T19:40:43.897+0000] {sql.py:384} INFO - Rows affected: 1
[2023-05-09T19:40:43.904+0000] {base.py:73} INFO - Using connection ID '***' for task execution.
[2023-05-09T19:40:43.910+0000] {sql.py:375} INFO - Running statement: INSERT INTO artist_fact (artist_id,followers,popularity,date) VALUES (%s,%s,%s,%s) ON CONFLICT (artist_id,date) DO UPDATE SET artist_id=EXCLUDED.artist_id,followers=EXCLUDED.followers,popularity=EXCLUDED.popularity,date=EXCLUDED.date, parameters: ('5Pwc4xIPtQLFEnJriah9YJ', 15505146, 84, '2023-05-09')
[2023-05-09T19:40:43.912+0000] {sql.py:384} INFO - Rows affected: 1
[2023-05-09T19:40:43.913+0000] {python.py:183} INFO - Done. Returned value was: None
[2023-05-09T19:40:43.921+0000] {taskinstance.py:1373} INFO - Marking task as SUCCESS. dag_id=Summer_Warped_ETL, task_id=LoadData.LoadArtistFact, execution_date=20230509T192539, start_date=20230509T194041, end_date=20230509T194043
[2023-05-09T19:40:43.965+0000] {local_task_job_runner.py:232} INFO - Task exited with return code 0
[2023-05-09T19:40:43.981+0000] {taskinstance.py:2674} INFO - 0 downstream tasks scheduled from follow-on schedule check
