[2023-05-09T15:57:22.095+0000] {taskinstance.py:1125} INFO - Dependencies all met for dep_context=non-requeueable deps ti=<TaskInstance: Summer_Warped_ETL.GetArtistInfo manual__2023-05-09T15:57:15.457413+00:00 [queued]>
[2023-05-09T15:57:22.100+0000] {taskinstance.py:1125} INFO - Dependencies all met for dep_context=requeueable deps ti=<TaskInstance: Summer_Warped_ETL.GetArtistInfo manual__2023-05-09T15:57:15.457413+00:00 [queued]>
[2023-05-09T15:57:22.101+0000] {taskinstance.py:1331} INFO - Starting attempt 1 of 3
[2023-05-09T15:57:22.109+0000] {taskinstance.py:1350} INFO - Executing <Task(PythonOperator): GetArtistInfo> on 2023-05-09 15:57:15.457413+00:00
[2023-05-09T15:57:22.113+0000] {standard_task_runner.py:57} INFO - Started process 6274 to run task
[2023-05-09T15:57:22.118+0000] {standard_task_runner.py:84} INFO - Running: ['***', 'tasks', 'run', 'Summer_Warped_ETL', 'GetArtistInfo', 'manual__2023-05-09T15:57:15.457413+00:00', '--job-id', '2679', '--raw', '--subdir', 'DAGS_FOLDER/warped-dag.py', '--cfg-path', '/tmp/tmprv4fsffs']
[2023-05-09T15:57:22.119+0000] {standard_task_runner.py:85} INFO - Job 2679: Subtask GetArtistInfo
[2023-05-09T15:57:22.258+0000] {task_command.py:410} INFO - Running <TaskInstance: Summer_Warped_ETL.GetArtistInfo manual__2023-05-09T15:57:15.457413+00:00 [running]> on host 7b4753e133cb
[2023-05-09T15:57:22.359+0000] {taskinstance.py:1570} INFO - Exporting env vars: AIRFLOW_CTX_DAG_OWNER='Ananta Moharana' AIRFLOW_CTX_DAG_ID='Summer_Warped_ETL' AIRFLOW_CTX_TASK_ID='GetArtistInfo' AIRFLOW_CTX_EXECUTION_DATE='2023-05-09T15:57:15.457413+00:00' AIRFLOW_CTX_TRY_NUMBER='1' AIRFLOW_CTX_DAG_RUN_ID='manual__2023-05-09T15:57:15.457413+00:00'
[2023-05-09T15:57:22.628+0000] {logging_mixin.py:149} INFO - emo rap
[2023-05-09T15:57:22.744+0000] {logging_mixin.py:149} INFO - cloud rap
[2023-05-09T15:57:22.944+0000] {logging_mixin.py:149} INFO - hyperpop
[2023-05-09T15:57:23.045+0000] {logging_mixin.py:149} INFO - nyc rap
[2023-05-09T15:57:23.624+0000] {logging_mixin.py:149} INFO - upstate ny rap
[2023-05-09T15:57:23.722+0000] {logging_mixin.py:149} INFO - emo rap
[2023-05-09T15:57:23.840+0000] {logging_mixin.py:149} INFO - emo rap
[2023-05-09T15:57:23.941+0000] {logging_mixin.py:149} INFO - hyperpop
[2023-05-09T15:57:24.125+0000] {logging_mixin.py:149} INFO - glitchcore
[2023-05-09T15:57:24.352+0000] {logging_mixin.py:149} INFO - glitchcore
[2023-05-09T15:57:24.560+0000] {logging_mixin.py:149} INFO - indie pop rap
[2023-05-09T15:57:24.867+0000] {logging_mixin.py:149} INFO - canadian hip hop
[2023-05-09T15:57:25.044+0000] {logging_mixin.py:149} INFO - glitchcore
[2023-05-09T15:57:25.155+0000] {logging_mixin.py:149} INFO - underground hip hop
[2023-05-09T15:57:25.258+0000] {logging_mixin.py:149} INFO - glitchcore
[2023-05-09T15:57:25.362+0000] {logging_mixin.py:149} INFO - asian american hip hop
[2023-05-09T15:57:25.463+0000] {logging_mixin.py:149} INFO - canadian hip hop
[2023-05-09T15:57:25.662+0000] {logging_mixin.py:149} INFO - emo rap
[2023-05-09T15:57:25.765+0000] {logging_mixin.py:149} INFO - sad rap
[2023-05-09T15:57:25.862+0000] {logging_mixin.py:149} INFO - meme rap
[2023-05-09T15:57:25.968+0000] {logging_mixin.py:149} INFO - cloud rap
[2023-05-09T15:57:26.060+0000] {logging_mixin.py:149} INFO - emoplugg
[2023-05-09T15:57:26.198+0000] {logging_mixin.py:149} INFO - alt z
[2023-05-09T15:57:26.507+0000] {logging_mixin.py:149} INFO - cloud rap
[2023-05-09T15:57:26.709+0000] {logging_mixin.py:149} INFO - emo rap
[2023-05-09T15:57:26.916+0000] {logging_mixin.py:149} INFO - canadian contemporary r&b
[2023-05-09T15:57:27.012+0000] {logging_mixin.py:149} INFO - bedroom soul
[2023-05-09T15:57:27.128+0000] {logging_mixin.py:149} INFO - la pop
[2023-05-09T15:57:27.422+0000] {logging_mixin.py:149} INFO - indie pop rap
[2023-05-09T15:57:27.504+0000] {logging_mixin.py:149} INFO - lo-fi rap
[2023-05-09T15:57:27.689+0000] {logging_mixin.py:149} INFO - pop edm
[2023-05-09T15:57:27.840+0000] {logging_mixin.py:149} INFO - indie hip hop
[2023-05-09T15:57:28.346+0000] {logging_mixin.py:149} INFO - cali rap
[2023-05-09T15:57:28.455+0000] {logging_mixin.py:149} INFO - hyperpop
[2023-05-09T15:57:28.545+0000] {logging_mixin.py:149} INFO - hyperpop
[2023-05-09T15:57:28.646+0000] {logging_mixin.py:149} INFO - pittsburgh rap
[2023-05-09T15:57:28.755+0000] {logging_mixin.py:149} INFO - cloud rap
[2023-05-09T15:57:29.052+0000] {logging_mixin.py:149} INFO - cloud rap
[2023-05-09T15:57:29.163+0000] {logging_mixin.py:149} INFO - alt z
[2023-05-09T15:57:29.273+0000] {logging_mixin.py:149} INFO - cloud rap
[2023-05-09T15:57:29.372+0000] {logging_mixin.py:149} INFO - future bass
[2023-05-09T15:57:29.498+0000] {logging_mixin.py:149} INFO - cloud rap
[2023-05-09T15:57:29.810+0000] {logging_mixin.py:149} INFO - st louis rap
[2023-05-09T15:57:29.901+0000] {logging_mixin.py:149} INFO - melodic rap
[2023-05-09T15:57:30.000+0000] {logging_mixin.py:149} INFO - emo rap
[2023-05-09T15:57:30.099+0000] {logging_mixin.py:149} INFO - canadian contemporary r&b
[2023-05-09T15:57:30.201+0000] {logging_mixin.py:149} INFO - sad rap
[2023-05-09T15:57:30.301+0000] {logging_mixin.py:149} INFO - hyperpop
[2023-05-09T15:57:30.572+0000] {logging_mixin.py:149} INFO - aesthetic rap
[2023-05-09T15:57:30.667+0000] {logging_mixin.py:149} INFO - sad rap
[2023-05-09T15:57:30.769+0000] {logging_mixin.py:149} INFO - indonesian hip hop
[2023-05-09T15:57:30.883+0000] {logging_mixin.py:149} INFO - vapor trap
[2023-05-09T15:57:30.981+0000] {logging_mixin.py:149} INFO - indie pop rap
[2023-05-09T15:57:31.089+0000] {python.py:183} INFO - Done. Returned value was: None
[2023-05-09T15:57:31.100+0000] {taskinstance.py:1373} INFO - Marking task as SUCCESS. dag_id=Summer_Warped_ETL, task_id=GetArtistInfo, execution_date=20230509T155715, start_date=20230509T155722, end_date=20230509T155731
[2023-05-09T15:57:31.155+0000] {local_task_job_runner.py:232} INFO - Task exited with return code 0
[2023-05-09T15:57:31.175+0000] {taskinstance.py:2674} INFO - 0 downstream tasks scheduled from follow-on schedule check
