[2023-05-07T22:31:26.384+0000] {taskinstance.py:1125} INFO - Dependencies all met for dep_context=non-requeueable deps ti=<TaskInstance: Summer_Warped_ETL.GetArtistInfo manual__2023-05-07T22:31:20.455930+00:00 [queued]>
[2023-05-07T22:31:26.390+0000] {taskinstance.py:1125} INFO - Dependencies all met for dep_context=requeueable deps ti=<TaskInstance: Summer_Warped_ETL.GetArtistInfo manual__2023-05-07T22:31:20.455930+00:00 [queued]>
[2023-05-07T22:31:26.390+0000] {taskinstance.py:1331} INFO - Starting attempt 1 of 3
[2023-05-07T22:31:26.398+0000] {taskinstance.py:1350} INFO - Executing <Task(PythonOperator): GetArtistInfo> on 2023-05-07 22:31:20.455930+00:00
[2023-05-07T22:31:26.402+0000] {standard_task_runner.py:57} INFO - Started process 1816 to run task
[2023-05-07T22:31:26.406+0000] {standard_task_runner.py:84} INFO - Running: ['***', 'tasks', 'run', 'Summer_Warped_ETL', 'GetArtistInfo', 'manual__2023-05-07T22:31:20.455930+00:00', '--job-id', '1185', '--raw', '--subdir', 'DAGS_FOLDER/warped-dag.py', '--cfg-path', '/tmp/tmp3khzxv6o']
[2023-05-07T22:31:26.407+0000] {standard_task_runner.py:85} INFO - Job 1185: Subtask GetArtistInfo
[2023-05-07T22:31:26.460+0000] {task_command.py:410} INFO - Running <TaskInstance: Summer_Warped_ETL.GetArtistInfo manual__2023-05-07T22:31:20.455930+00:00 [running]> on host 31774baccecb
[2023-05-07T22:31:26.534+0000] {taskinstance.py:1570} INFO - Exporting env vars: AIRFLOW_CTX_DAG_OWNER='Ananta Moharana' AIRFLOW_CTX_DAG_ID='Summer_Warped_ETL' AIRFLOW_CTX_TASK_ID='GetArtistInfo' AIRFLOW_CTX_EXECUTION_DATE='2023-05-07T22:31:20.455930+00:00' AIRFLOW_CTX_TRY_NUMBER='1' AIRFLOW_CTX_DAG_RUN_ID='manual__2023-05-07T22:31:20.455930+00:00'
[2023-05-07T22:31:26.905+0000] {logging_mixin.py:149} INFO - emo rap
[2023-05-07T22:31:27.629+0000] {logging_mixin.py:149} INFO - hyperpop
[2023-05-07T22:31:27.952+0000] {logging_mixin.py:149} INFO - underground hip hop
[2023-05-07T22:31:28.052+0000] {logging_mixin.py:149} INFO - sad rap
[2023-05-07T22:31:28.401+0000] {logging_mixin.py:149} INFO - emo rap
[2023-05-07T22:31:28.538+0000] {logging_mixin.py:149} INFO - cloud rap
[2023-05-07T22:31:28.665+0000] {logging_mixin.py:149} INFO - cloud rap
[2023-05-07T22:31:28.928+0000] {logging_mixin.py:149} INFO - emo rap
[2023-05-07T22:31:29.061+0000] {logging_mixin.py:149} INFO - indie pop rap
[2023-05-07T22:31:29.213+0000] {logging_mixin.py:149} INFO - indonesian hip hop
[2023-05-07T22:31:29.451+0000] {logging_mixin.py:149} INFO - canadian hip hop
[2023-05-07T22:31:29.554+0000] {logging_mixin.py:149} INFO - glitchcore
[2023-05-07T22:31:29.660+0000] {logging_mixin.py:149} INFO - emoplugg
[2023-05-07T22:31:29.974+0000] {logging_mixin.py:149} INFO - glitchcore
[2023-05-07T22:31:30.127+0000] {logging_mixin.py:149} INFO - pittsburgh rap
[2023-05-07T22:31:30.235+0000] {logging_mixin.py:149} INFO - emo rap
[2023-05-07T22:31:30.627+0000] {logging_mixin.py:149} INFO - indie hip hop
[2023-05-07T22:31:31.024+0000] {logging_mixin.py:149} INFO - aesthetic rap
[2023-05-07T22:31:31.132+0000] {logging_mixin.py:149} INFO - nyc rap
[2023-05-07T22:31:31.241+0000] {logging_mixin.py:149} INFO - cloud rap
[2023-05-07T22:31:31.343+0000] {logging_mixin.py:149} INFO - future bass
[2023-05-07T22:31:31.643+0000] {logging_mixin.py:149} INFO - sad rap
[2023-05-07T22:31:32.596+0000] {logging_mixin.py:149} INFO - alt z
[2023-05-07T22:31:32.701+0000] {logging_mixin.py:149} INFO - sad rap
[2023-05-07T22:31:32.814+0000] {logging_mixin.py:149} INFO - vapor trap
[2023-05-07T22:31:33.122+0000] {logging_mixin.py:149} INFO - glitchcore
[2023-05-07T22:31:33.732+0000] {logging_mixin.py:149} INFO - cloud rap
[2023-05-07T22:31:33.888+0000] {logging_mixin.py:149} INFO - canadian contemporary r&b
[2023-05-07T22:31:34.809+0000] {logging_mixin.py:149} INFO - deep underground hip hop
[2023-05-07T22:31:34.945+0000] {logging_mixin.py:149} INFO - bedroom soul
[2023-05-07T22:31:35.044+0000] {logging_mixin.py:149} INFO - canadian hip hop
[2023-05-07T22:31:35.190+0000] {logging_mixin.py:149} INFO - la pop
[2023-05-07T22:31:35.283+0000] {logging_mixin.py:149} INFO - emo rap
[2023-05-07T22:31:35.476+0000] {logging_mixin.py:149} INFO - indie pop rap
[2023-05-07T22:31:35.570+0000] {logging_mixin.py:149} INFO - cloud rap
[2023-05-07T22:31:35.673+0000] {logging_mixin.py:149} INFO - canadian contemporary r&b
[2023-05-07T22:31:36.028+0000] {logging_mixin.py:149} INFO - st louis rap
[2023-05-07T22:31:36.232+0000] {logging_mixin.py:149} INFO - atl hip hop
[2023-05-07T22:31:36.468+0000] {logging_mixin.py:149} INFO - emo rap
[2023-05-07T22:31:36.586+0000] {logging_mixin.py:149} INFO - cloud rap
[2023-05-07T22:31:36.692+0000] {logging_mixin.py:149} INFO - aesthetic rap
[2023-05-07T22:31:37.071+0000] {logging_mixin.py:149} INFO - melodic rap
[2023-05-07T22:31:37.224+0000] {logging_mixin.py:149} INFO - cloud rap
[2023-05-07T22:31:37.608+0000] {logging_mixin.py:149} INFO - hyperpop
[2023-05-07T22:31:37.711+0000] {logging_mixin.py:149} INFO - cloud rap
[2023-05-07T22:31:37.825+0000] {logging_mixin.py:149} INFO - hyperpop
[2023-05-07T22:31:38.048+0000] {logging_mixin.py:149} INFO - cali rap
[2023-05-07T22:31:38.440+0000] {logging_mixin.py:149} INFO - emo rap
[2023-05-07T22:31:38.553+0000] {logging_mixin.py:149} INFO - alt z
[2023-05-07T22:31:38.787+0000] {logging_mixin.py:149} INFO - meme rap
[2023-05-07T22:31:38.914+0000] {logging_mixin.py:149} INFO - lo-fi rap
[2023-05-07T22:31:39.030+0000] {logging_mixin.py:149} INFO - glitchcore
[2023-05-07T22:31:39.261+0000] {logging_mixin.py:149} INFO - cloud rap
[2023-05-07T22:31:39.574+0000] {logging_mixin.py:149} INFO - hyperpop
[2023-05-07T22:31:39.676+0000] {logging_mixin.py:149} INFO - asian american hip hop
[2023-05-07T22:31:39.787+0000] {logging_mixin.py:149} INFO - pop edm
[2023-05-07T22:31:39.896+0000] {logging_mixin.py:149} INFO - hyperpop
[2023-05-07T22:31:40.011+0000] {logging_mixin.py:149} INFO - upstate ny rap
[2023-05-07T22:31:40.037+0000] {python.py:183} INFO - Done. Returned value was: None
[2023-05-07T22:31:40.067+0000] {taskinstance.py:1373} INFO - Marking task as SUCCESS. dag_id=Summer_Warped_ETL, task_id=GetArtistInfo, execution_date=20230507T223120, start_date=20230507T223126, end_date=20230507T223140
[2023-05-07T22:31:40.141+0000] {local_task_job_runner.py:232} INFO - Task exited with return code 0
[2023-05-07T22:31:40.220+0000] {taskinstance.py:2674} INFO - 0 downstream tasks scheduled from follow-on schedule check
