[2023-05-09T18:56:19.171+0000] {taskinstance.py:1125} INFO - Dependencies all met for dep_context=non-requeueable deps ti=<TaskInstance: Summer_Warped_ETL.GetArtistInfo manual__2023-05-09T17:07:30.625545+00:00 [queued]>
[2023-05-09T18:56:19.181+0000] {taskinstance.py:1125} INFO - Dependencies all met for dep_context=requeueable deps ti=<TaskInstance: Summer_Warped_ETL.GetArtistInfo manual__2023-05-09T17:07:30.625545+00:00 [queued]>
[2023-05-09T18:56:19.181+0000] {taskinstance.py:1331} INFO - Starting attempt 2 of 4
[2023-05-09T18:56:19.195+0000] {taskinstance.py:1350} INFO - Executing <Task(PythonOperator): GetArtistInfo> on 2023-05-09 17:07:30.625545+00:00
[2023-05-09T18:56:19.207+0000] {standard_task_runner.py:57} INFO - Started process 2869 to run task
[2023-05-09T18:56:19.221+0000] {standard_task_runner.py:84} INFO - Running: ['***', 'tasks', 'run', 'Summer_Warped_ETL', 'GetArtistInfo', 'manual__2023-05-09T17:07:30.625545+00:00', '--job-id', '2885', '--raw', '--subdir', 'DAGS_FOLDER/warped-dag.py', '--cfg-path', '/tmp/tmp76vto_7c']
[2023-05-09T18:56:19.223+0000] {standard_task_runner.py:85} INFO - Job 2885: Subtask GetArtistInfo
[2023-05-09T18:56:19.296+0000] {task_command.py:410} INFO - Running <TaskInstance: Summer_Warped_ETL.GetArtistInfo manual__2023-05-09T17:07:30.625545+00:00 [running]> on host 544e3a3b1eb2
[2023-05-09T18:56:19.414+0000] {taskinstance.py:1570} INFO - Exporting env vars: AIRFLOW_CTX_DAG_OWNER='Ananta Moharana' AIRFLOW_CTX_DAG_ID='Summer_Warped_ETL' AIRFLOW_CTX_TASK_ID='GetArtistInfo' AIRFLOW_CTX_EXECUTION_DATE='2023-05-09T17:07:30.625545+00:00' AIRFLOW_CTX_TRY_NUMBER='2' AIRFLOW_CTX_DAG_RUN_ID='manual__2023-05-09T17:07:30.625545+00:00'
[2023-05-09T18:56:19.598+0000] {logging_mixin.py:149} INFO - canadian contemporary r&b
[2023-05-09T18:56:19.865+0000] {logging_mixin.py:149} INFO - cloud rap
[2023-05-09T18:56:19.959+0000] {logging_mixin.py:149} INFO - glitchcore
[2023-05-09T18:56:20.189+0000] {logging_mixin.py:149} INFO - upstate ny rap
[2023-05-09T18:56:20.290+0000] {logging_mixin.py:149} INFO - hyperpop
[2023-05-09T18:56:20.385+0000] {logging_mixin.py:149} INFO - hyperpop
[2023-05-09T18:56:20.590+0000] {logging_mixin.py:149} INFO - glitchcore
[2023-05-09T18:56:20.696+0000] {logging_mixin.py:149} INFO - sad rap
[2023-05-09T18:56:20.794+0000] {logging_mixin.py:149} INFO - sad rap
[2023-05-09T18:56:20.899+0000] {logging_mixin.py:149} INFO - cali rap
[2023-05-09T18:56:21.121+0000] {logging_mixin.py:149} INFO - aesthetic rap
[2023-05-09T18:56:21.220+0000] {logging_mixin.py:149} INFO - indie pop rap
[2023-05-09T18:56:21.435+0000] {logging_mixin.py:149} INFO - cloud rap
[2023-05-09T18:56:21.657+0000] {logging_mixin.py:149} INFO - canadian hip hop
[2023-05-09T18:56:21.867+0000] {logging_mixin.py:149} INFO - hyperpop
[2023-05-09T18:56:22.049+0000] {logging_mixin.py:149} INFO - sad rap
[2023-05-09T18:56:22.139+0000] {logging_mixin.py:149} INFO - emo rap
[2023-05-09T18:56:22.266+0000] {logging_mixin.py:149} INFO - emo rap
[2023-05-09T18:56:22.392+0000] {logging_mixin.py:149} INFO - pop edm
[2023-05-09T18:56:22.550+0000] {logging_mixin.py:149} INFO - indie pop rap
[2023-05-09T18:56:22.787+0000] {logging_mixin.py:149} INFO - nyc rap
[2023-05-09T18:56:23.001+0000] {logging_mixin.py:149} INFO - emoplugg
[2023-05-09T18:56:23.107+0000] {logging_mixin.py:149} INFO - canadian hip hop
[2023-05-09T18:56:23.501+0000] {logging_mixin.py:149} INFO - future bass
[2023-05-09T18:56:23.600+0000] {logging_mixin.py:149} INFO - canadian contemporary r&b
[2023-05-09T18:56:23.716+0000] {logging_mixin.py:149} INFO - alt z
[2023-05-09T18:56:23.913+0000] {logging_mixin.py:149} INFO - cloud rap
[2023-05-09T18:56:24.122+0000] {logging_mixin.py:149} INFO - glitchcore
[2023-05-09T18:56:24.219+0000] {logging_mixin.py:149} INFO - indie hip hop
[2023-05-09T18:56:24.320+0000] {logging_mixin.py:149} INFO - meme rap
[2023-05-09T18:56:24.420+0000] {logging_mixin.py:149} INFO - emo rap
[2023-05-09T18:56:24.506+0000] {logging_mixin.py:149} INFO - alt z
[2023-05-09T18:56:24.719+0000] {logging_mixin.py:149} INFO - emo rap
[2023-05-09T18:56:25.020+0000] {logging_mixin.py:149} INFO - lo-fi rap
[2023-05-09T18:56:25.318+0000] {logging_mixin.py:149} INFO - cloud rap
[2023-05-09T18:56:25.429+0000] {logging_mixin.py:149} INFO - hyperpop
[2023-05-09T18:56:25.710+0000] {logging_mixin.py:149} INFO - st louis rap
[2023-05-09T18:56:26.038+0000] {logging_mixin.py:149} INFO - pittsburgh rap
[2023-05-09T18:56:26.260+0000] {logging_mixin.py:149} INFO - asian american hip hop
[2023-05-09T18:56:26.357+0000] {logging_mixin.py:149} INFO - la pop
[2023-05-09T18:56:26.441+0000] {logging_mixin.py:149} INFO - cloud rap
[2023-05-09T18:56:26.542+0000] {logging_mixin.py:149} INFO - indie pop rap
[2023-05-09T18:56:26.641+0000] {logging_mixin.py:149} INFO - melodic rap
[2023-05-09T18:56:26.743+0000] {logging_mixin.py:149} INFO - emo rap
[2023-05-09T18:56:26.979+0000] {logging_mixin.py:149} INFO - cloud rap
[2023-05-09T18:56:27.175+0000] {logging_mixin.py:149} INFO - cloud rap
[2023-05-09T18:56:27.276+0000] {logging_mixin.py:149} INFO - indonesian hip hop
[2023-05-09T18:56:27.387+0000] {logging_mixin.py:149} INFO - hyperpop
[2023-05-09T18:56:27.485+0000] {logging_mixin.py:149} INFO - glitchcore
[2023-05-09T18:56:27.590+0000] {logging_mixin.py:149} INFO - bedroom soul
[2023-05-09T18:56:28.042+0000] {logging_mixin.py:149} INFO - emo rap
[2023-05-09T18:56:28.268+0000] {logging_mixin.py:149} INFO - underground hip hop
[2023-05-09T18:56:28.458+0000] {logging_mixin.py:149} INFO - vapor trap
[2023-05-09T18:56:28.475+0000] {python.py:183} INFO - Done. Returned value was: None
[2023-05-09T18:56:28.486+0000] {taskinstance.py:1373} INFO - Marking task as SUCCESS. dag_id=Summer_Warped_ETL, task_id=GetArtistInfo, execution_date=20230509T170730, start_date=20230509T185619, end_date=20230509T185628
[2023-05-09T18:56:28.544+0000] {local_task_job_runner.py:232} INFO - Task exited with return code 0
[2023-05-09T18:56:28.576+0000] {taskinstance.py:2674} INFO - 0 downstream tasks scheduled from follow-on schedule check
