[2023-05-09T17:07:35.521+0000] {taskinstance.py:1125} INFO - Dependencies all met for dep_context=non-requeueable deps ti=<TaskInstance: Summer_Warped_ETL.GetArtistInfo manual__2023-05-09T17:07:30.625545+00:00 [queued]>
[2023-05-09T17:07:35.527+0000] {taskinstance.py:1125} INFO - Dependencies all met for dep_context=requeueable deps ti=<TaskInstance: Summer_Warped_ETL.GetArtistInfo manual__2023-05-09T17:07:30.625545+00:00 [queued]>
[2023-05-09T17:07:35.527+0000] {taskinstance.py:1331} INFO - Starting attempt 1 of 3
[2023-05-09T17:07:35.536+0000] {taskinstance.py:1350} INFO - Executing <Task(PythonOperator): GetArtistInfo> on 2023-05-09 17:07:30.625545+00:00
[2023-05-09T17:07:35.541+0000] {standard_task_runner.py:57} INFO - Started process 816 to run task
[2023-05-09T17:07:35.548+0000] {standard_task_runner.py:84} INFO - Running: ['***', 'tasks', 'run', 'Summer_Warped_ETL', 'GetArtistInfo', 'manual__2023-05-09T17:07:30.625545+00:00', '--job-id', '2839', '--raw', '--subdir', 'DAGS_FOLDER/warped-dag.py', '--cfg-path', '/tmp/tmppjohkldj']
[2023-05-09T17:07:35.549+0000] {standard_task_runner.py:85} INFO - Job 2839: Subtask GetArtistInfo
[2023-05-09T17:07:35.602+0000] {task_command.py:410} INFO - Running <TaskInstance: Summer_Warped_ETL.GetArtistInfo manual__2023-05-09T17:07:30.625545+00:00 [running]> on host 544e3a3b1eb2
[2023-05-09T17:07:35.680+0000] {taskinstance.py:1570} INFO - Exporting env vars: AIRFLOW_CTX_DAG_OWNER='Ananta Moharana' AIRFLOW_CTX_DAG_ID='Summer_Warped_ETL' AIRFLOW_CTX_TASK_ID='GetArtistInfo' AIRFLOW_CTX_EXECUTION_DATE='2023-05-09T17:07:30.625545+00:00' AIRFLOW_CTX_TRY_NUMBER='1' AIRFLOW_CTX_DAG_RUN_ID='manual__2023-05-09T17:07:30.625545+00:00'
[2023-05-09T17:07:35.850+0000] {logging_mixin.py:149} INFO - canadian contemporary r&b
[2023-05-09T17:07:36.062+0000] {logging_mixin.py:149} INFO - cloud rap
[2023-05-09T17:07:36.169+0000] {logging_mixin.py:149} INFO - glitchcore
[2023-05-09T17:07:36.391+0000] {logging_mixin.py:149} INFO - upstate ny rap
[2023-05-09T17:07:36.493+0000] {logging_mixin.py:149} INFO - hyperpop
[2023-05-09T17:07:36.592+0000] {logging_mixin.py:149} INFO - hyperpop
[2023-05-09T17:07:36.703+0000] {logging_mixin.py:149} INFO - glitchcore
[2023-05-09T17:07:36.801+0000] {logging_mixin.py:149} INFO - sad rap
[2023-05-09T17:07:36.899+0000] {logging_mixin.py:149} INFO - sad rap
[2023-05-09T17:07:37.005+0000] {logging_mixin.py:149} INFO - cali rap
[2023-05-09T17:07:37.237+0000] {logging_mixin.py:149} INFO - aesthetic rap
[2023-05-09T17:07:37.339+0000] {logging_mixin.py:149} INFO - indie pop rap
[2023-05-09T17:07:37.559+0000] {logging_mixin.py:149} INFO - cloud rap
[2023-05-09T17:07:37.941+0000] {logging_mixin.py:149} INFO - canadian hip hop
[2023-05-09T17:07:38.166+0000] {logging_mixin.py:149} INFO - hyperpop
[2023-05-09T17:07:38.329+0000] {logging_mixin.py:149} INFO - sad rap
[2023-05-09T17:07:38.459+0000] {logging_mixin.py:149} INFO - emo rap
[2023-05-09T17:07:38.551+0000] {logging_mixin.py:149} INFO - emo rap
[2023-05-09T17:07:38.730+0000] {logging_mixin.py:149} INFO - pop edm
[2023-05-09T17:07:38.879+0000] {logging_mixin.py:149} INFO - indie pop rap
[2023-05-09T17:07:39.070+0000] {logging_mixin.py:149} INFO - nyc rap
[2023-05-09T17:07:39.268+0000] {logging_mixin.py:149} INFO - emoplugg
[2023-05-09T17:07:39.363+0000] {logging_mixin.py:149} INFO - canadian hip hop
[2023-05-09T17:07:39.990+0000] {logging_mixin.py:149} INFO - future bass
[2023-05-09T17:07:40.097+0000] {logging_mixin.py:149} INFO - canadian contemporary r&b
[2023-05-09T17:07:40.217+0000] {logging_mixin.py:149} INFO - alt z
[2023-05-09T17:07:40.318+0000] {logging_mixin.py:149} INFO - cloud rap
[2023-05-09T17:07:40.562+0000] {logging_mixin.py:149} INFO - glitchcore
[2023-05-09T17:07:40.673+0000] {logging_mixin.py:149} INFO - indie hip hop
[2023-05-09T17:07:40.775+0000] {logging_mixin.py:149} INFO - meme rap
[2023-05-09T17:07:40.875+0000] {logging_mixin.py:149} INFO - emo rap
[2023-05-09T17:07:40.976+0000] {logging_mixin.py:149} INFO - alt z
[2023-05-09T17:07:41.176+0000] {logging_mixin.py:149} INFO - emo rap
[2023-05-09T17:07:41.475+0000] {logging_mixin.py:149} INFO - lo-fi rap
[2023-05-09T17:07:41.781+0000] {logging_mixin.py:149} INFO - cloud rap
[2023-05-09T17:07:41.889+0000] {logging_mixin.py:149} INFO - hyperpop
[2023-05-09T17:07:42.111+0000] {logging_mixin.py:149} INFO - st louis rap
[2023-05-09T17:07:42.437+0000] {logging_mixin.py:149} INFO - pittsburgh rap
[2023-05-09T17:07:42.685+0000] {logging_mixin.py:149} INFO - asian american hip hop
[2023-05-09T17:07:42.786+0000] {logging_mixin.py:149} INFO - la pop
[2023-05-09T17:07:42.878+0000] {logging_mixin.py:149} INFO - cloud rap
[2023-05-09T17:07:42.975+0000] {logging_mixin.py:149} INFO - indie pop rap
[2023-05-09T17:07:43.095+0000] {logging_mixin.py:149} INFO - melodic rap
[2023-05-09T17:07:43.210+0000] {logging_mixin.py:149} INFO - emo rap
[2023-05-09T17:07:43.422+0000] {logging_mixin.py:149} INFO - cloud rap
[2023-05-09T17:07:43.626+0000] {logging_mixin.py:149} INFO - cloud rap
[2023-05-09T17:07:43.727+0000] {logging_mixin.py:149} INFO - indonesian hip hop
[2023-05-09T17:07:43.823+0000] {logging_mixin.py:149} INFO - hyperpop
[2023-05-09T17:07:43.923+0000] {logging_mixin.py:149} INFO - glitchcore
[2023-05-09T17:07:44.022+0000] {logging_mixin.py:149} INFO - bedroom soul
[2023-05-09T17:07:44.472+0000] {logging_mixin.py:149} INFO - emo rap
[2023-05-09T17:07:44.705+0000] {logging_mixin.py:149} INFO - underground hip hop
[2023-05-09T17:07:44.905+0000] {logging_mixin.py:149} INFO - vapor trap
[2023-05-09T17:07:44.920+0000] {python.py:183} INFO - Done. Returned value was: None
[2023-05-09T17:07:44.931+0000] {taskinstance.py:1373} INFO - Marking task as SUCCESS. dag_id=Summer_Warped_ETL, task_id=GetArtistInfo, execution_date=20230509T170730, start_date=20230509T170735, end_date=20230509T170744
[2023-05-09T17:07:44.970+0000] {local_task_job_runner.py:232} INFO - Task exited with return code 0
[2023-05-09T17:07:45.000+0000] {taskinstance.py:2674} INFO - 0 downstream tasks scheduled from follow-on schedule check
