[2023-05-09T19:11:07.531+0000] {taskinstance.py:1125} INFO - Dependencies all met for dep_context=non-requeueable deps ti=<TaskInstance: Summer_Warped_ETL.LoadData.LoadSongFact manual__2023-05-09T19:10:05.925903+00:00 [queued]>
[2023-05-09T19:11:07.536+0000] {taskinstance.py:1125} INFO - Dependencies all met for dep_context=requeueable deps ti=<TaskInstance: Summer_Warped_ETL.LoadData.LoadSongFact manual__2023-05-09T19:10:05.925903+00:00 [queued]>
[2023-05-09T19:11:07.537+0000] {taskinstance.py:1331} INFO - Starting attempt 1 of 3
[2023-05-09T19:11:07.544+0000] {taskinstance.py:1350} INFO - Executing <Task(PythonOperator): LoadData.LoadSongFact> on 2023-05-09 19:10:05.925903+00:00
[2023-05-09T19:11:07.549+0000] {standard_task_runner.py:57} INFO - Started process 222 to run task
[2023-05-09T19:11:07.552+0000] {standard_task_runner.py:84} INFO - Running: ['***', 'tasks', 'run', 'Summer_Warped_ETL', 'LoadData.LoadSongFact', 'manual__2023-05-09T19:10:05.925903+00:00', '--job-id', '2983', '--raw', '--subdir', 'DAGS_FOLDER/warped-dag.py', '--cfg-path', '/tmp/tmpw2_gcwxz']
[2023-05-09T19:11:07.553+0000] {standard_task_runner.py:85} INFO - Job 2983: Subtask LoadData.LoadSongFact
[2023-05-09T19:11:07.590+0000] {task_command.py:410} INFO - Running <TaskInstance: Summer_Warped_ETL.LoadData.LoadSongFact manual__2023-05-09T19:10:05.925903+00:00 [running]> on host 4b5a01a6ab5f
[2023-05-09T19:11:07.646+0000] {taskinstance.py:1570} INFO - Exporting env vars: AIRFLOW_CTX_DAG_OWNER='Ananta Moharana' AIRFLOW_CTX_DAG_ID='Summer_Warped_ETL' AIRFLOW_CTX_TASK_ID='LoadData.LoadSongFact' AIRFLOW_CTX_EXECUTION_DATE='2023-05-09T19:10:05.925903+00:00' AIRFLOW_CTX_TRY_NUMBER='1' AIRFLOW_CTX_DAG_RUN_ID='manual__2023-05-09T19:10:05.925903+00:00'
[2023-05-09T19:11:07.649+0000] {logging_mixin.py:149} INFO - 2023-05/song_fact.csv
[2023-05-09T19:11:07.657+0000] {base.py:73} INFO - Using connection ID 'aws_connection' for task execution.
[2023-05-09T19:11:07.658+0000] {connection_wrapper.py:337} INFO - AWS Connection (conn_id='aws_connection', conn_type='aws') credentials retrieved from login and password.
[2023-05-09T19:11:07.842+0000] {logging_mixin.py:149} INFO -                   song_id  popularity        date
0  1LmNhEkyaKl1mSJDNSNwjZ          38  2023-05-09
1  7wIcRhedBpZGpLf9PGKUEh          47  2023-05-09
2  1ioQDNCREA6I1BVg8VuD7Z          44  2023-05-09
3  5CsHSdXkw5hxN9LOwHn5mZ          41  2023-05-09
4  32FMAbZAzs3D70UuvnN6y4          53  2023-05-09
[2023-05-09T19:11:07.842+0000] {logging_mixin.py:149} INFO - INSERT INTO song_fact (song_id,popularity,date) VALUES (%s,%s,%s) ON CONFLICT (song_id,date) DO UPDATE SET song_id=EXCLUDED.song_id,popularity=EXCLUDED.popularity,date=EXCLUDED.date
[2023-05-09T19:11:07.849+0000] {base.py:73} INFO - Using connection ID '***' for task execution.
[2023-05-09T19:11:07.856+0000] {sql.py:375} INFO - Running statement: INSERT INTO song_fact (song_id,popularity,date) VALUES (%s,%s,%s) ON CONFLICT (song_id,date) DO UPDATE SET song_id=EXCLUDED.song_id,popularity=EXCLUDED.popularity,date=EXCLUDED.date, parameters: ('1LmNhEkyaKl1mSJDNSNwjZ', 38, '2023-05-09')
[2023-05-09T19:11:07.857+0000] {sql.py:384} INFO - Rows affected: 1
[2023-05-09T19:11:07.864+0000] {base.py:73} INFO - Using connection ID '***' for task execution.
[2023-05-09T19:11:07.870+0000] {sql.py:375} INFO - Running statement: INSERT INTO song_fact (song_id,popularity,date) VALUES (%s,%s,%s) ON CONFLICT (song_id,date) DO UPDATE SET song_id=EXCLUDED.song_id,popularity=EXCLUDED.popularity,date=EXCLUDED.date, parameters: ('7wIcRhedBpZGpLf9PGKUEh', 47, '2023-05-09')
[2023-05-09T19:11:07.871+0000] {sql.py:384} INFO - Rows affected: 1
[2023-05-09T19:11:07.878+0000] {base.py:73} INFO - Using connection ID '***' for task execution.
[2023-05-09T19:11:07.884+0000] {sql.py:375} INFO - Running statement: INSERT INTO song_fact (song_id,popularity,date) VALUES (%s,%s,%s) ON CONFLICT (song_id,date) DO UPDATE SET song_id=EXCLUDED.song_id,popularity=EXCLUDED.popularity,date=EXCLUDED.date, parameters: ('1ioQDNCREA6I1BVg8VuD7Z', 44, '2023-05-09')
[2023-05-09T19:11:07.886+0000] {sql.py:384} INFO - Rows affected: 1
[2023-05-09T19:11:07.892+0000] {base.py:73} INFO - Using connection ID '***' for task execution.
[2023-05-09T19:11:07.898+0000] {sql.py:375} INFO - Running statement: INSERT INTO song_fact (song_id,popularity,date) VALUES (%s,%s,%s) ON CONFLICT (song_id,date) DO UPDATE SET song_id=EXCLUDED.song_id,popularity=EXCLUDED.popularity,date=EXCLUDED.date, parameters: ('5CsHSdXkw5hxN9LOwHn5mZ', 41, '2023-05-09')
[2023-05-09T19:11:07.899+0000] {sql.py:384} INFO - Rows affected: 1
[2023-05-09T19:11:07.906+0000] {base.py:73} INFO - Using connection ID '***' for task execution.
[2023-05-09T19:11:07.912+0000] {sql.py:375} INFO - Running statement: INSERT INTO song_fact (song_id,popularity,date) VALUES (%s,%s,%s) ON CONFLICT (song_id,date) DO UPDATE SET song_id=EXCLUDED.song_id,popularity=EXCLUDED.popularity,date=EXCLUDED.date, parameters: ('32FMAbZAzs3D70UuvnN6y4', 53, '2023-05-09')
[2023-05-09T19:11:07.913+0000] {sql.py:384} INFO - Rows affected: 1
[2023-05-09T19:11:07.921+0000] {base.py:73} INFO - Using connection ID '***' for task execution.
[2023-05-09T19:11:07.928+0000] {sql.py:375} INFO - Running statement: INSERT INTO song_fact (song_id,popularity,date) VALUES (%s,%s,%s) ON CONFLICT (song_id,date) DO UPDATE SET song_id=EXCLUDED.song_id,popularity=EXCLUDED.popularity,date=EXCLUDED.date, parameters: ('2fx3JQWD6evgucAoArYojR', 34, '2023-05-09')
[2023-05-09T19:11:07.932+0000] {sql.py:384} INFO - Rows affected: 1
[2023-05-09T19:11:07.940+0000] {base.py:73} INFO - Using connection ID '***' for task execution.
[2023-05-09T19:11:07.946+0000] {sql.py:375} INFO - Running statement: INSERT INTO song_fact (song_id,popularity,date) VALUES (%s,%s,%s) ON CONFLICT (song_id,date) DO UPDATE SET song_id=EXCLUDED.song_id,popularity=EXCLUDED.popularity,date=EXCLUDED.date, parameters: ('6sLGpYvLDqGCdX9G1sV7rH', 33, '2023-05-09')
[2023-05-09T19:11:07.947+0000] {sql.py:384} INFO - Rows affected: 1
[2023-05-09T19:11:07.954+0000] {base.py:73} INFO - Using connection ID '***' for task execution.
[2023-05-09T19:11:07.960+0000] {sql.py:375} INFO - Running statement: INSERT INTO song_fact (song_id,popularity,date) VALUES (%s,%s,%s) ON CONFLICT (song_id,date) DO UPDATE SET song_id=EXCLUDED.song_id,popularity=EXCLUDED.popularity,date=EXCLUDED.date, parameters: ('1hV0Ue00iyNCZvb1n0VyGf', 54, '2023-05-09')
[2023-05-09T19:11:07.961+0000] {sql.py:384} INFO - Rows affected: 1
[2023-05-09T19:11:07.969+0000] {base.py:73} INFO - Using connection ID '***' for task execution.
[2023-05-09T19:11:07.975+0000] {sql.py:375} INFO - Running statement: INSERT INTO song_fact (song_id,popularity,date) VALUES (%s,%s,%s) ON CONFLICT (song_id,date) DO UPDATE SET song_id=EXCLUDED.song_id,popularity=EXCLUDED.popularity,date=EXCLUDED.date, parameters: ('1XnnLXcvFd21B25H4IHEIY', 54, '2023-05-09')
[2023-05-09T19:11:07.976+0000] {sql.py:384} INFO - Rows affected: 1
[2023-05-09T19:11:07.983+0000] {base.py:73} INFO - Using connection ID '***' for task execution.
[2023-05-09T19:11:07.989+0000] {sql.py:375} INFO - Running statement: INSERT INTO song_fact (song_id,popularity,date) VALUES (%s,%s,%s) ON CONFLICT (song_id,date) DO UPDATE SET song_id=EXCLUDED.song_id,popularity=EXCLUDED.popularity,date=EXCLUDED.date, parameters: ('5cSg8SdClubjZ32WrKwzAW', 45, '2023-05-09')
[2023-05-09T19:11:07.991+0000] {sql.py:384} INFO - Rows affected: 1
[2023-05-09T19:11:07.997+0000] {base.py:73} INFO - Using connection ID '***' for task execution.
[2023-05-09T19:11:08.004+0000] {sql.py:375} INFO - Running statement: INSERT INTO song_fact (song_id,popularity,date) VALUES (%s,%s,%s) ON CONFLICT (song_id,date) DO UPDATE SET song_id=EXCLUDED.song_id,popularity=EXCLUDED.popularity,date=EXCLUDED.date, parameters: ('5vsmYBZnG3kL6RWul1B4c9', 37, '2023-05-09')
[2023-05-09T19:11:08.006+0000] {sql.py:384} INFO - Rows affected: 1
[2023-05-09T19:11:08.013+0000] {base.py:73} INFO - Using connection ID '***' for task execution.
[2023-05-09T19:11:08.020+0000] {sql.py:375} INFO - Running statement: INSERT INTO song_fact (song_id,popularity,date) VALUES (%s,%s,%s) ON CONFLICT (song_id,date) DO UPDATE SET song_id=EXCLUDED.song_id,popularity=EXCLUDED.popularity,date=EXCLUDED.date, parameters: ('14FdeSXWFUosFEevBfOyPb', 34, '2023-05-09')
[2023-05-09T19:11:08.022+0000] {sql.py:384} INFO - Rows affected: 1
[2023-05-09T19:11:08.029+0000] {base.py:73} INFO - Using connection ID '***' for task execution.
[2023-05-09T19:11:08.037+0000] {sql.py:375} INFO - Running statement: INSERT INTO song_fact (song_id,popularity,date) VALUES (%s,%s,%s) ON CONFLICT (song_id,date) DO UPDATE SET song_id=EXCLUDED.song_id,popularity=EXCLUDED.popularity,date=EXCLUDED.date, parameters: ('3nIlBeSIVnDbWFO3mExxV2', 58, '2023-05-09')
[2023-05-09T19:11:08.039+0000] {sql.py:384} INFO - Rows affected: 1
[2023-05-09T19:11:08.051+0000] {base.py:73} INFO - Using connection ID '***' for task execution.
[2023-05-09T19:11:08.058+0000] {sql.py:375} INFO - Running statement: INSERT INTO song_fact (song_id,popularity,date) VALUES (%s,%s,%s) ON CONFLICT (song_id,date) DO UPDATE SET song_id=EXCLUDED.song_id,popularity=EXCLUDED.popularity,date=EXCLUDED.date, parameters: ('4zjkYaWZcr6QNr0YkcZQgK', 31, '2023-05-09')
[2023-05-09T19:11:08.059+0000] {sql.py:384} INFO - Rows affected: 1
[2023-05-09T19:11:08.066+0000] {base.py:73} INFO - Using connection ID '***' for task execution.
[2023-05-09T19:11:08.073+0000] {sql.py:375} INFO - Running statement: INSERT INTO song_fact (song_id,popularity,date) VALUES (%s,%s,%s) ON CONFLICT (song_id,date) DO UPDATE SET song_id=EXCLUDED.song_id,popularity=EXCLUDED.popularity,date=EXCLUDED.date, parameters: ('495p4HdTEzWJ7CkLYD51wO', 49, '2023-05-09')
[2023-05-09T19:11:08.075+0000] {sql.py:384} INFO - Rows affected: 1
[2023-05-09T19:11:08.082+0000] {base.py:73} INFO - Using connection ID '***' for task execution.
[2023-05-09T19:11:08.092+0000] {sql.py:375} INFO - Running statement: INSERT INTO song_fact (song_id,popularity,date) VALUES (%s,%s,%s) ON CONFLICT (song_id,date) DO UPDATE SET song_id=EXCLUDED.song_id,popularity=EXCLUDED.popularity,date=EXCLUDED.date, parameters: ('2Vgp8Ah9NuTTKDfQykl0f8', 48, '2023-05-09')
[2023-05-09T19:11:08.095+0000] {sql.py:384} INFO - Rows affected: 1
[2023-05-09T19:11:08.102+0000] {base.py:73} INFO - Using connection ID '***' for task execution.
[2023-05-09T19:11:13.118+0000] {sql.py:375} INFO - Running statement: INSERT INTO song_fact (song_id,popularity,date) VALUES (%s,%s,%s) ON CONFLICT (song_id,date) DO UPDATE SET song_id=EXCLUDED.song_id,popularity=EXCLUDED.popularity,date=EXCLUDED.date, parameters: ('37y67nNfTNLfMbCh6Mn5PL', 46, '2023-05-09')
[2023-05-09T19:11:13.121+0000] {sql.py:384} INFO - Rows affected: 1
[2023-05-09T19:11:13.129+0000] {base.py:73} INFO - Using connection ID '***' for task execution.
[2023-05-09T19:11:13.136+0000] {sql.py:375} INFO - Running statement: INSERT INTO song_fact (song_id,popularity,date) VALUES (%s,%s,%s) ON CONFLICT (song_id,date) DO UPDATE SET song_id=EXCLUDED.song_id,popularity=EXCLUDED.popularity,date=EXCLUDED.date, parameters: ('63PBsYANeKAvmW6vMMus4Y', 47, '2023-05-09')
[2023-05-09T19:11:13.138+0000] {sql.py:384} INFO - Rows affected: 1
[2023-05-09T19:11:13.145+0000] {base.py:73} INFO - Using connection ID '***' for task execution.
[2023-05-09T19:11:13.153+0000] {sql.py:375} INFO - Running statement: INSERT INTO song_fact (song_id,popularity,date) VALUES (%s,%s,%s) ON CONFLICT (song_id,date) DO UPDATE SET song_id=EXCLUDED.song_id,popularity=EXCLUDED.popularity,date=EXCLUDED.date, parameters: ('7aGsybFB60iTiG1AyyeVpF', 0, '2023-05-09')
[2023-05-09T19:11:13.155+0000] {sql.py:384} INFO - Rows affected: 1
[2023-05-09T19:11:13.163+0000] {base.py:73} INFO - Using connection ID '***' for task execution.
[2023-05-09T19:11:13.170+0000] {sql.py:375} INFO - Running statement: INSERT INTO song_fact (song_id,popularity,date) VALUES (%s,%s,%s) ON CONFLICT (song_id,date) DO UPDATE SET song_id=EXCLUDED.song_id,popularity=EXCLUDED.popularity,date=EXCLUDED.date, parameters: ('6ax40d2A1qCJ0q6v4usuNG', 42, '2023-05-09')
[2023-05-09T19:11:13.172+0000] {sql.py:384} INFO - Rows affected: 1
[2023-05-09T19:11:13.178+0000] {base.py:73} INFO - Using connection ID '***' for task execution.
[2023-05-09T19:11:13.187+0000] {sql.py:375} INFO - Running statement: INSERT INTO song_fact (song_id,popularity,date) VALUES (%s,%s,%s) ON CONFLICT (song_id,date) DO UPDATE SET song_id=EXCLUDED.song_id,popularity=EXCLUDED.popularity,date=EXCLUDED.date, parameters: ('5FZ5p7OoluyzZNPEAgkYiV', 34, '2023-05-09')
[2023-05-09T19:11:13.190+0000] {sql.py:384} INFO - Rows affected: 1
[2023-05-09T19:11:13.196+0000] {base.py:73} INFO - Using connection ID '***' for task execution.
[2023-05-09T19:11:13.203+0000] {sql.py:375} INFO - Running statement: INSERT INTO song_fact (song_id,popularity,date) VALUES (%s,%s,%s) ON CONFLICT (song_id,date) DO UPDATE SET song_id=EXCLUDED.song_id,popularity=EXCLUDED.popularity,date=EXCLUDED.date, parameters: ('03frKXXCZEzd9n9QOEpUQA', 43, '2023-05-09')
[2023-05-09T19:11:13.205+0000] {sql.py:384} INFO - Rows affected: 1
[2023-05-09T19:11:13.211+0000] {base.py:73} INFO - Using connection ID '***' for task execution.
[2023-05-09T19:11:13.219+0000] {sql.py:375} INFO - Running statement: INSERT INTO song_fact (song_id,popularity,date) VALUES (%s,%s,%s) ON CONFLICT (song_id,date) DO UPDATE SET song_id=EXCLUDED.song_id,popularity=EXCLUDED.popularity,date=EXCLUDED.date, parameters: ('5YLBkEgpKzkPJOu2JZd2Xo', 48, '2023-05-09')
[2023-05-09T19:11:13.221+0000] {sql.py:384} INFO - Rows affected: 1
[2023-05-09T19:11:13.227+0000] {base.py:73} INFO - Using connection ID '***' for task execution.
[2023-05-09T19:11:13.235+0000] {sql.py:375} INFO - Running statement: INSERT INTO song_fact (song_id,popularity,date) VALUES (%s,%s,%s) ON CONFLICT (song_id,date) DO UPDATE SET song_id=EXCLUDED.song_id,popularity=EXCLUDED.popularity,date=EXCLUDED.date, parameters: ('6Jfd9OQNmtspaEGLI5R5kr', 43, '2023-05-09')
[2023-05-09T19:11:13.236+0000] {sql.py:384} INFO - Rows affected: 1
[2023-05-09T19:11:13.243+0000] {base.py:73} INFO - Using connection ID '***' for task execution.
[2023-05-09T19:11:13.250+0000] {sql.py:375} INFO - Running statement: INSERT INTO song_fact (song_id,popularity,date) VALUES (%s,%s,%s) ON CONFLICT (song_id,date) DO UPDATE SET song_id=EXCLUDED.song_id,popularity=EXCLUDED.popularity,date=EXCLUDED.date, parameters: ('0LHdHYe5ssIheUX5RZw4rN', 57, '2023-05-09')
[2023-05-09T19:11:13.252+0000] {sql.py:384} INFO - Rows affected: 1
[2023-05-09T19:11:13.258+0000] {base.py:73} INFO - Using connection ID '***' for task execution.
[2023-05-09T19:11:13.267+0000] {sql.py:375} INFO - Running statement: INSERT INTO song_fact (song_id,popularity,date) VALUES (%s,%s,%s) ON CONFLICT (song_id,date) DO UPDATE SET song_id=EXCLUDED.song_id,popularity=EXCLUDED.popularity,date=EXCLUDED.date, parameters: ('46s77n3x4XZqUhZfIOCax9', 57, '2023-05-09')
[2023-05-09T19:11:13.269+0000] {sql.py:384} INFO - Rows affected: 1
[2023-05-09T19:11:13.276+0000] {base.py:73} INFO - Using connection ID '***' for task execution.
[2023-05-09T19:11:13.283+0000] {sql.py:375} INFO - Running statement: INSERT INTO song_fact (song_id,popularity,date) VALUES (%s,%s,%s) ON CONFLICT (song_id,date) DO UPDATE SET song_id=EXCLUDED.song_id,popularity=EXCLUDED.popularity,date=EXCLUDED.date, parameters: ('6XpVAVpg3PfxcoO0tUG8jJ', 60, '2023-05-09')
[2023-05-09T19:11:13.285+0000] {sql.py:384} INFO - Rows affected: 1
[2023-05-09T19:11:13.291+0000] {base.py:73} INFO - Using connection ID '***' for task execution.
[2023-05-09T19:11:13.298+0000] {sql.py:375} INFO - Running statement: INSERT INTO song_fact (song_id,popularity,date) VALUES (%s,%s,%s) ON CONFLICT (song_id,date) DO UPDATE SET song_id=EXCLUDED.song_id,popularity=EXCLUDED.popularity,date=EXCLUDED.date, parameters: ('3l9VCXMSoS1KBRhkCU5zuO', 58, '2023-05-09')
[2023-05-09T19:11:13.300+0000] {sql.py:384} INFO - Rows affected: 1
[2023-05-09T19:11:13.306+0000] {base.py:73} INFO - Using connection ID '***' for task execution.
[2023-05-09T19:11:13.315+0000] {sql.py:375} INFO - Running statement: INSERT INTO song_fact (song_id,popularity,date) VALUES (%s,%s,%s) ON CONFLICT (song_id,date) DO UPDATE SET song_id=EXCLUDED.song_id,popularity=EXCLUDED.popularity,date=EXCLUDED.date, parameters: ('1xHtMESwwsyUhV2ezvH7kR', 41, '2023-05-09')
[2023-05-09T19:11:13.318+0000] {sql.py:384} INFO - Rows affected: 1
[2023-05-09T19:11:13.324+0000] {base.py:73} INFO - Using connection ID '***' for task execution.
[2023-05-09T19:11:13.331+0000] {sql.py:375} INFO - Running statement: INSERT INTO song_fact (song_id,popularity,date) VALUES (%s,%s,%s) ON CONFLICT (song_id,date) DO UPDATE SET song_id=EXCLUDED.song_id,popularity=EXCLUDED.popularity,date=EXCLUDED.date, parameters: ('0YRuwU4V9qO0NM4T3mcu0u', 31, '2023-05-09')
[2023-05-09T19:11:13.333+0000] {sql.py:384} INFO - Rows affected: 1
[2023-05-09T19:11:13.339+0000] {base.py:73} INFO - Using connection ID '***' for task execution.
[2023-05-09T19:11:13.348+0000] {sql.py:375} INFO - Running statement: INSERT INTO song_fact (song_id,popularity,date) VALUES (%s,%s,%s) ON CONFLICT (song_id,date) DO UPDATE SET song_id=EXCLUDED.song_id,popularity=EXCLUDED.popularity,date=EXCLUDED.date, parameters: ('2nQ8RFX92URyHJeL2Naf3n', 0, '2023-05-09')
[2023-05-09T19:11:13.350+0000] {sql.py:384} INFO - Rows affected: 1
[2023-05-09T19:11:13.357+0000] {base.py:73} INFO - Using connection ID '***' for task execution.
[2023-05-09T19:11:13.364+0000] {sql.py:375} INFO - Running statement: INSERT INTO song_fact (song_id,popularity,date) VALUES (%s,%s,%s) ON CONFLICT (song_id,date) DO UPDATE SET song_id=EXCLUDED.song_id,popularity=EXCLUDED.popularity,date=EXCLUDED.date, parameters: ('3SpRtNO7GKWaFyWydXArvn', 63, '2023-05-09')
[2023-05-09T19:11:13.366+0000] {sql.py:384} INFO - Rows affected: 1
[2023-05-09T19:11:13.372+0000] {base.py:73} INFO - Using connection ID '***' for task execution.
[2023-05-09T19:11:13.379+0000] {sql.py:375} INFO - Running statement: INSERT INTO song_fact (song_id,popularity,date) VALUES (%s,%s,%s) ON CONFLICT (song_id,date) DO UPDATE SET song_id=EXCLUDED.song_id,popularity=EXCLUDED.popularity,date=EXCLUDED.date, parameters: ('7J66j3JaTRQ3vCxwr4Cwf0', 28, '2023-05-09')
[2023-05-09T19:11:13.381+0000] {sql.py:384} INFO - Rows affected: 1
[2023-05-09T19:11:13.387+0000] {base.py:73} INFO - Using connection ID '***' for task execution.
[2023-05-09T19:11:13.396+0000] {sql.py:375} INFO - Running statement: INSERT INTO song_fact (song_id,popularity,date) VALUES (%s,%s,%s) ON CONFLICT (song_id,date) DO UPDATE SET song_id=EXCLUDED.song_id,popularity=EXCLUDED.popularity,date=EXCLUDED.date, parameters: ('2EsyJN3AvC3zBlkQpb119M', 57, '2023-05-09')
[2023-05-09T19:11:13.398+0000] {sql.py:384} INFO - Rows affected: 1
[2023-05-09T19:11:13.405+0000] {base.py:73} INFO - Using connection ID '***' for task execution.
[2023-05-09T19:11:13.411+0000] {sql.py:375} INFO - Running statement: INSERT INTO song_fact (song_id,popularity,date) VALUES (%s,%s,%s) ON CONFLICT (song_id,date) DO UPDATE SET song_id=EXCLUDED.song_id,popularity=EXCLUDED.popularity,date=EXCLUDED.date, parameters: ('38Yamwrtcc9Niupl3kH8pH', 49, '2023-05-09')
[2023-05-09T19:11:13.412+0000] {sql.py:384} INFO - Rows affected: 1
[2023-05-09T19:11:13.418+0000] {base.py:73} INFO - Using connection ID '***' for task execution.
[2023-05-09T19:11:13.425+0000] {sql.py:375} INFO - Running statement: INSERT INTO song_fact (song_id,popularity,date) VALUES (%s,%s,%s) ON CONFLICT (song_id,date) DO UPDATE SET song_id=EXCLUDED.song_id,popularity=EXCLUDED.popularity,date=EXCLUDED.date, parameters: ('7qqhkLSwb7910F2LHpYJFo', 46, '2023-05-09')
[2023-05-09T19:11:13.427+0000] {sql.py:384} INFO - Rows affected: 1
[2023-05-09T19:11:13.433+0000] {base.py:73} INFO - Using connection ID '***' for task execution.
[2023-05-09T19:11:13.440+0000] {sql.py:375} INFO - Running statement: INSERT INTO song_fact (song_id,popularity,date) VALUES (%s,%s,%s) ON CONFLICT (song_id,date) DO UPDATE SET song_id=EXCLUDED.song_id,popularity=EXCLUDED.popularity,date=EXCLUDED.date, parameters: ('2dkv1xqXpAjP6HtzQLP39Z', 0, '2023-05-09')
[2023-05-09T19:11:13.441+0000] {sql.py:384} INFO - Rows affected: 1
[2023-05-09T19:11:13.448+0000] {base.py:73} INFO - Using connection ID '***' for task execution.
[2023-05-09T19:11:13.456+0000] {sql.py:375} INFO - Running statement: INSERT INTO song_fact (song_id,popularity,date) VALUES (%s,%s,%s) ON CONFLICT (song_id,date) DO UPDATE SET song_id=EXCLUDED.song_id,popularity=EXCLUDED.popularity,date=EXCLUDED.date, parameters: ('2RJo6RNV5dpjLh6Co4nPsI', 50, '2023-05-09')
[2023-05-09T19:11:13.458+0000] {sql.py:384} INFO - Rows affected: 1
[2023-05-09T19:11:13.464+0000] {base.py:73} INFO - Using connection ID '***' for task execution.
[2023-05-09T19:11:13.471+0000] {sql.py:375} INFO - Running statement: INSERT INTO song_fact (song_id,popularity,date) VALUES (%s,%s,%s) ON CONFLICT (song_id,date) DO UPDATE SET song_id=EXCLUDED.song_id,popularity=EXCLUDED.popularity,date=EXCLUDED.date, parameters: ('703SHNf8XtJnM3gtryjyJ6', 0, '2023-05-09')
[2023-05-09T19:11:13.473+0000] {sql.py:384} INFO - Rows affected: 1
[2023-05-09T19:11:13.479+0000] {base.py:73} INFO - Using connection ID '***' for task execution.
[2023-05-09T19:11:13.485+0000] {sql.py:375} INFO - Running statement: INSERT INTO song_fact (song_id,popularity,date) VALUES (%s,%s,%s) ON CONFLICT (song_id,date) DO UPDATE SET song_id=EXCLUDED.song_id,popularity=EXCLUDED.popularity,date=EXCLUDED.date, parameters: ('7fZrKwhsgCM5HzZSpWe2HX', 42, '2023-05-09')
[2023-05-09T19:11:13.487+0000] {sql.py:384} INFO - Rows affected: 1
[2023-05-09T19:11:13.493+0000] {base.py:73} INFO - Using connection ID '***' for task execution.
[2023-05-09T19:11:13.503+0000] {sql.py:375} INFO - Running statement: INSERT INTO song_fact (song_id,popularity,date) VALUES (%s,%s,%s) ON CONFLICT (song_id,date) DO UPDATE SET song_id=EXCLUDED.song_id,popularity=EXCLUDED.popularity,date=EXCLUDED.date, parameters: ('0UPPkMYBbotUYqRmekWOqn', 29, '2023-05-09')
[2023-05-09T19:11:13.504+0000] {sql.py:384} INFO - Rows affected: 1
[2023-05-09T19:11:13.510+0000] {base.py:73} INFO - Using connection ID '***' for task execution.
[2023-05-09T19:11:13.518+0000] {sql.py:375} INFO - Running statement: INSERT INTO song_fact (song_id,popularity,date) VALUES (%s,%s,%s) ON CONFLICT (song_id,date) DO UPDATE SET song_id=EXCLUDED.song_id,popularity=EXCLUDED.popularity,date=EXCLUDED.date, parameters: ('4xalL1bGV2FoRgAVt62mti', 41, '2023-05-09')
[2023-05-09T19:11:13.521+0000] {sql.py:384} INFO - Rows affected: 1
[2023-05-09T19:11:13.527+0000] {base.py:73} INFO - Using connection ID '***' for task execution.
[2023-05-09T19:11:13.535+0000] {sql.py:375} INFO - Running statement: INSERT INTO song_fact (song_id,popularity,date) VALUES (%s,%s,%s) ON CONFLICT (song_id,date) DO UPDATE SET song_id=EXCLUDED.song_id,popularity=EXCLUDED.popularity,date=EXCLUDED.date, parameters: ('7lpUYOCEH6EEOSLF6r1f7r', 47, '2023-05-09')
[2023-05-09T19:11:13.537+0000] {sql.py:384} INFO - Rows affected: 1
[2023-05-09T19:11:13.543+0000] {base.py:73} INFO - Using connection ID '***' for task execution.
[2023-05-09T19:11:13.552+0000] {sql.py:375} INFO - Running statement: INSERT INTO song_fact (song_id,popularity,date) VALUES (%s,%s,%s) ON CONFLICT (song_id,date) DO UPDATE SET song_id=EXCLUDED.song_id,popularity=EXCLUDED.popularity,date=EXCLUDED.date, parameters: ('6MZ91tbZxwwqimJffOoLsW', 61, '2023-05-09')
[2023-05-09T19:11:13.554+0000] {sql.py:384} INFO - Rows affected: 1
[2023-05-09T19:11:13.562+0000] {base.py:73} INFO - Using connection ID '***' for task execution.
[2023-05-09T19:11:13.570+0000] {sql.py:375} INFO - Running statement: INSERT INTO song_fact (song_id,popularity,date) VALUES (%s,%s,%s) ON CONFLICT (song_id,date) DO UPDATE SET song_id=EXCLUDED.song_id,popularity=EXCLUDED.popularity,date=EXCLUDED.date, parameters: ('6UHRvtm1Be1NJOSJMpbGLu', 41, '2023-05-09')
[2023-05-09T19:11:13.571+0000] {sql.py:384} INFO - Rows affected: 1
[2023-05-09T19:11:13.577+0000] {base.py:73} INFO - Using connection ID '***' for task execution.
[2023-05-09T19:11:13.588+0000] {sql.py:375} INFO - Running statement: INSERT INTO song_fact (song_id,popularity,date) VALUES (%s,%s,%s) ON CONFLICT (song_id,date) DO UPDATE SET song_id=EXCLUDED.song_id,popularity=EXCLUDED.popularity,date=EXCLUDED.date, parameters: ('7j8Pum7QmJNtFR5mjniLMu', 51, '2023-05-09')
[2023-05-09T19:11:13.590+0000] {sql.py:384} INFO - Rows affected: 1
[2023-05-09T19:11:13.596+0000] {base.py:73} INFO - Using connection ID '***' for task execution.
[2023-05-09T19:11:13.604+0000] {sql.py:375} INFO - Running statement: INSERT INTO song_fact (song_id,popularity,date) VALUES (%s,%s,%s) ON CONFLICT (song_id,date) DO UPDATE SET song_id=EXCLUDED.song_id,popularity=EXCLUDED.popularity,date=EXCLUDED.date, parameters: ('06hNKFqaLBZ3FrEKlmwpf7', 43, '2023-05-09')
[2023-05-09T19:11:13.606+0000] {sql.py:384} INFO - Rows affected: 1
[2023-05-09T19:11:13.612+0000] {base.py:73} INFO - Using connection ID '***' for task execution.
[2023-05-09T19:11:13.619+0000] {sql.py:375} INFO - Running statement: INSERT INTO song_fact (song_id,popularity,date) VALUES (%s,%s,%s) ON CONFLICT (song_id,date) DO UPDATE SET song_id=EXCLUDED.song_id,popularity=EXCLUDED.popularity,date=EXCLUDED.date, parameters: ('1HIrapG2x5sw0CTJu7VHAH', 38, '2023-05-09')
[2023-05-09T19:11:13.621+0000] {sql.py:384} INFO - Rows affected: 1
[2023-05-09T19:11:13.627+0000] {base.py:73} INFO - Using connection ID '***' for task execution.
[2023-05-09T19:11:13.635+0000] {sql.py:375} INFO - Running statement: INSERT INTO song_fact (song_id,popularity,date) VALUES (%s,%s,%s) ON CONFLICT (song_id,date) DO UPDATE SET song_id=EXCLUDED.song_id,popularity=EXCLUDED.popularity,date=EXCLUDED.date, parameters: ('0EnhumMxDBQ6Ap09rluA4k', 32, '2023-05-09')
[2023-05-09T19:11:13.638+0000] {sql.py:384} INFO - Rows affected: 1
[2023-05-09T19:11:13.644+0000] {base.py:73} INFO - Using connection ID '***' for task execution.
[2023-05-09T19:11:13.653+0000] {sql.py:375} INFO - Running statement: INSERT INTO song_fact (song_id,popularity,date) VALUES (%s,%s,%s) ON CONFLICT (song_id,date) DO UPDATE SET song_id=EXCLUDED.song_id,popularity=EXCLUDED.popularity,date=EXCLUDED.date, parameters: ('4Ptg6MQDWURiKpXzgnsroE', 45, '2023-05-09')
[2023-05-09T19:11:13.655+0000] {sql.py:384} INFO - Rows affected: 1
[2023-05-09T19:11:13.661+0000] {base.py:73} INFO - Using connection ID '***' for task execution.
[2023-05-09T19:11:13.668+0000] {sql.py:375} INFO - Running statement: INSERT INTO song_fact (song_id,popularity,date) VALUES (%s,%s,%s) ON CONFLICT (song_id,date) DO UPDATE SET song_id=EXCLUDED.song_id,popularity=EXCLUDED.popularity,date=EXCLUDED.date, parameters: ('7iTWmRy9u5tkXdkxStO4u7', 31, '2023-05-09')
[2023-05-09T19:11:13.670+0000] {sql.py:384} INFO - Rows affected: 1
[2023-05-09T19:11:13.676+0000] {base.py:73} INFO - Using connection ID '***' for task execution.
[2023-05-09T19:11:13.683+0000] {sql.py:375} INFO - Running statement: INSERT INTO song_fact (song_id,popularity,date) VALUES (%s,%s,%s) ON CONFLICT (song_id,date) DO UPDATE SET song_id=EXCLUDED.song_id,popularity=EXCLUDED.popularity,date=EXCLUDED.date, parameters: ('3iYOMRgZVvlmNahSu9hEWi', 29, '2023-05-09')
[2023-05-09T19:11:13.685+0000] {sql.py:384} INFO - Rows affected: 1
[2023-05-09T19:11:13.692+0000] {base.py:73} INFO - Using connection ID '***' for task execution.
[2023-05-09T19:11:13.699+0000] {sql.py:375} INFO - Running statement: INSERT INTO song_fact (song_id,popularity,date) VALUES (%s,%s,%s) ON CONFLICT (song_id,date) DO UPDATE SET song_id=EXCLUDED.song_id,popularity=EXCLUDED.popularity,date=EXCLUDED.date, parameters: ('3ZPqsNlUyRHebbc6r5gSDD', 48, '2023-05-09')
[2023-05-09T19:11:13.701+0000] {sql.py:384} INFO - Rows affected: 1
[2023-05-09T19:11:13.707+0000] {base.py:73} INFO - Using connection ID '***' for task execution.
[2023-05-09T19:11:13.714+0000] {sql.py:375} INFO - Running statement: INSERT INTO song_fact (song_id,popularity,date) VALUES (%s,%s,%s) ON CONFLICT (song_id,date) DO UPDATE SET song_id=EXCLUDED.song_id,popularity=EXCLUDED.popularity,date=EXCLUDED.date, parameters: ('6ue8qsdLrXbj9UDmhnYkEa', 58, '2023-05-09')
[2023-05-09T19:11:13.716+0000] {sql.py:384} INFO - Rows affected: 1
[2023-05-09T19:11:13.722+0000] {base.py:73} INFO - Using connection ID '***' for task execution.
[2023-05-09T19:11:13.730+0000] {sql.py:375} INFO - Running statement: INSERT INTO song_fact (song_id,popularity,date) VALUES (%s,%s,%s) ON CONFLICT (song_id,date) DO UPDATE SET song_id=EXCLUDED.song_id,popularity=EXCLUDED.popularity,date=EXCLUDED.date, parameters: ('0741N487QVIKOvKGJCYGU0', 41, '2023-05-09')
[2023-05-09T19:11:13.732+0000] {sql.py:384} INFO - Rows affected: 1
[2023-05-09T19:11:13.738+0000] {base.py:73} INFO - Using connection ID '***' for task execution.
[2023-05-09T19:11:13.745+0000] {sql.py:375} INFO - Running statement: INSERT INTO song_fact (song_id,popularity,date) VALUES (%s,%s,%s) ON CONFLICT (song_id,date) DO UPDATE SET song_id=EXCLUDED.song_id,popularity=EXCLUDED.popularity,date=EXCLUDED.date, parameters: ('37dVuP5d1BtVDagETMqP3k', 59, '2023-05-09')
[2023-05-09T19:11:13.747+0000] {sql.py:384} INFO - Rows affected: 1
[2023-05-09T19:11:13.753+0000] {base.py:73} INFO - Using connection ID '***' for task execution.
[2023-05-09T19:11:13.759+0000] {sql.py:375} INFO - Running statement: INSERT INTO song_fact (song_id,popularity,date) VALUES (%s,%s,%s) ON CONFLICT (song_id,date) DO UPDATE SET song_id=EXCLUDED.song_id,popularity=EXCLUDED.popularity,date=EXCLUDED.date, parameters: ('0NIVVOcnLUSq73tppaWV9h', 26, '2023-05-09')
[2023-05-09T19:11:13.761+0000] {sql.py:384} INFO - Rows affected: 1
[2023-05-09T19:11:13.767+0000] {base.py:73} INFO - Using connection ID '***' for task execution.
[2023-05-09T19:11:13.774+0000] {sql.py:375} INFO - Running statement: INSERT INTO song_fact (song_id,popularity,date) VALUES (%s,%s,%s) ON CONFLICT (song_id,date) DO UPDATE SET song_id=EXCLUDED.song_id,popularity=EXCLUDED.popularity,date=EXCLUDED.date, parameters: ('4zp8noasnK5XNuNojkVhiy', 57, '2023-05-09')
[2023-05-09T19:11:13.775+0000] {sql.py:384} INFO - Rows affected: 1
[2023-05-09T19:11:13.781+0000] {base.py:73} INFO - Using connection ID '***' for task execution.
[2023-05-09T19:11:13.788+0000] {sql.py:375} INFO - Running statement: INSERT INTO song_fact (song_id,popularity,date) VALUES (%s,%s,%s) ON CONFLICT (song_id,date) DO UPDATE SET song_id=EXCLUDED.song_id,popularity=EXCLUDED.popularity,date=EXCLUDED.date, parameters: ('6wFqLYmiXyGvprbWa4ogm8', 58, '2023-05-09')
[2023-05-09T19:11:13.791+0000] {sql.py:384} INFO - Rows affected: 1
[2023-05-09T19:11:13.797+0000] {base.py:73} INFO - Using connection ID '***' for task execution.
[2023-05-09T19:11:13.803+0000] {sql.py:375} INFO - Running statement: INSERT INTO song_fact (song_id,popularity,date) VALUES (%s,%s,%s) ON CONFLICT (song_id,date) DO UPDATE SET song_id=EXCLUDED.song_id,popularity=EXCLUDED.popularity,date=EXCLUDED.date, parameters: ('7EYpq1ezCFgO8Ioj86mArL', 34, '2023-05-09')
[2023-05-09T19:11:13.805+0000] {sql.py:384} INFO - Rows affected: 1
[2023-05-09T19:11:13.811+0000] {base.py:73} INFO - Using connection ID '***' for task execution.
[2023-05-09T19:11:13.818+0000] {sql.py:375} INFO - Running statement: INSERT INTO song_fact (song_id,popularity,date) VALUES (%s,%s,%s) ON CONFLICT (song_id,date) DO UPDATE SET song_id=EXCLUDED.song_id,popularity=EXCLUDED.popularity,date=EXCLUDED.date, parameters: ('0WeFvEY2QEjcKVd8ymli4i', 43, '2023-05-09')
[2023-05-09T19:11:13.819+0000] {sql.py:384} INFO - Rows affected: 1
[2023-05-09T19:11:13.825+0000] {base.py:73} INFO - Using connection ID '***' for task execution.
[2023-05-09T19:11:13.831+0000] {sql.py:375} INFO - Running statement: INSERT INTO song_fact (song_id,popularity,date) VALUES (%s,%s,%s) ON CONFLICT (song_id,date) DO UPDATE SET song_id=EXCLUDED.song_id,popularity=EXCLUDED.popularity,date=EXCLUDED.date, parameters: ('3DErMJzUrtfGUjet3xpUml', 59, '2023-05-09')
[2023-05-09T19:11:13.833+0000] {sql.py:384} INFO - Rows affected: 1
[2023-05-09T19:11:13.839+0000] {base.py:73} INFO - Using connection ID '***' for task execution.
[2023-05-09T19:11:13.846+0000] {sql.py:375} INFO - Running statement: INSERT INTO song_fact (song_id,popularity,date) VALUES (%s,%s,%s) ON CONFLICT (song_id,date) DO UPDATE SET song_id=EXCLUDED.song_id,popularity=EXCLUDED.popularity,date=EXCLUDED.date, parameters: ('3tyOS69tgk87QiY3B6TsPY', 44, '2023-05-09')
[2023-05-09T19:11:13.847+0000] {sql.py:384} INFO - Rows affected: 1
[2023-05-09T19:11:13.853+0000] {base.py:73} INFO - Using connection ID '***' for task execution.
[2023-05-09T19:11:13.862+0000] {sql.py:375} INFO - Running statement: INSERT INTO song_fact (song_id,popularity,date) VALUES (%s,%s,%s) ON CONFLICT (song_id,date) DO UPDATE SET song_id=EXCLUDED.song_id,popularity=EXCLUDED.popularity,date=EXCLUDED.date, parameters: ('6nlZ1HZuqOGypB1dEUlO77', 21, '2023-05-09')
[2023-05-09T19:11:13.864+0000] {sql.py:384} INFO - Rows affected: 1
[2023-05-09T19:11:13.871+0000] {base.py:73} INFO - Using connection ID '***' for task execution.
[2023-05-09T19:11:13.877+0000] {sql.py:375} INFO - Running statement: INSERT INTO song_fact (song_id,popularity,date) VALUES (%s,%s,%s) ON CONFLICT (song_id,date) DO UPDATE SET song_id=EXCLUDED.song_id,popularity=EXCLUDED.popularity,date=EXCLUDED.date, parameters: ('3BvqjMhMCLNlluQagWb589', 25, '2023-05-09')
[2023-05-09T19:11:13.880+0000] {sql.py:384} INFO - Rows affected: 1
[2023-05-09T19:11:13.887+0000] {base.py:73} INFO - Using connection ID '***' for task execution.
[2023-05-09T19:11:13.894+0000] {sql.py:375} INFO - Running statement: INSERT INTO song_fact (song_id,popularity,date) VALUES (%s,%s,%s) ON CONFLICT (song_id,date) DO UPDATE SET song_id=EXCLUDED.song_id,popularity=EXCLUDED.popularity,date=EXCLUDED.date, parameters: ('4hOuJIB1norFj3j84oY2Cq', 58, '2023-05-09')
[2023-05-09T19:11:13.897+0000] {sql.py:384} INFO - Rows affected: 1
[2023-05-09T19:11:13.903+0000] {base.py:73} INFO - Using connection ID '***' for task execution.
[2023-05-09T19:11:13.910+0000] {sql.py:375} INFO - Running statement: INSERT INTO song_fact (song_id,popularity,date) VALUES (%s,%s,%s) ON CONFLICT (song_id,date) DO UPDATE SET song_id=EXCLUDED.song_id,popularity=EXCLUDED.popularity,date=EXCLUDED.date, parameters: ('2YkOpi22nrGAspbEBX5aU8', 40, '2023-05-09')
[2023-05-09T19:11:13.911+0000] {sql.py:384} INFO - Rows affected: 1
[2023-05-09T19:11:13.918+0000] {base.py:73} INFO - Using connection ID '***' for task execution.
[2023-05-09T19:11:13.925+0000] {sql.py:375} INFO - Running statement: INSERT INTO song_fact (song_id,popularity,date) VALUES (%s,%s,%s) ON CONFLICT (song_id,date) DO UPDATE SET song_id=EXCLUDED.song_id,popularity=EXCLUDED.popularity,date=EXCLUDED.date, parameters: ('3eZXeTzRtqFrpj5zSfw9V0', 49, '2023-05-09')
[2023-05-09T19:11:13.926+0000] {sql.py:384} INFO - Rows affected: 1
[2023-05-09T19:11:13.933+0000] {base.py:73} INFO - Using connection ID '***' for task execution.
[2023-05-09T19:11:13.940+0000] {sql.py:375} INFO - Running statement: INSERT INTO song_fact (song_id,popularity,date) VALUES (%s,%s,%s) ON CONFLICT (song_id,date) DO UPDATE SET song_id=EXCLUDED.song_id,popularity=EXCLUDED.popularity,date=EXCLUDED.date, parameters: ('5l5SMWVPhVlJOmYFzDmJvY', 59, '2023-05-09')
[2023-05-09T19:11:13.941+0000] {sql.py:384} INFO - Rows affected: 1
[2023-05-09T19:11:13.947+0000] {base.py:73} INFO - Using connection ID '***' for task execution.
[2023-05-09T19:11:13.954+0000] {sql.py:375} INFO - Running statement: INSERT INTO song_fact (song_id,popularity,date) VALUES (%s,%s,%s) ON CONFLICT (song_id,date) DO UPDATE SET song_id=EXCLUDED.song_id,popularity=EXCLUDED.popularity,date=EXCLUDED.date, parameters: ('1OQb4VaksoBhhreYGQ3ppU', 31, '2023-05-09')
[2023-05-09T19:11:13.955+0000] {sql.py:384} INFO - Rows affected: 1
[2023-05-09T19:11:13.961+0000] {base.py:73} INFO - Using connection ID '***' for task execution.
[2023-05-09T19:11:13.968+0000] {sql.py:375} INFO - Running statement: INSERT INTO song_fact (song_id,popularity,date) VALUES (%s,%s,%s) ON CONFLICT (song_id,date) DO UPDATE SET song_id=EXCLUDED.song_id,popularity=EXCLUDED.popularity,date=EXCLUDED.date, parameters: ('6ER2Dbq8uoZYd8IQ19OSqS', 27, '2023-05-09')
[2023-05-09T19:11:13.969+0000] {sql.py:384} INFO - Rows affected: 1
[2023-05-09T19:11:13.975+0000] {base.py:73} INFO - Using connection ID '***' for task execution.
[2023-05-09T19:11:13.982+0000] {sql.py:375} INFO - Running statement: INSERT INTO song_fact (song_id,popularity,date) VALUES (%s,%s,%s) ON CONFLICT (song_id,date) DO UPDATE SET song_id=EXCLUDED.song_id,popularity=EXCLUDED.popularity,date=EXCLUDED.date, parameters: ('4GRLGjwgWzZ33HQU3BIdH9', 51, '2023-05-09')
[2023-05-09T19:11:13.984+0000] {sql.py:384} INFO - Rows affected: 1
[2023-05-09T19:11:13.991+0000] {base.py:73} INFO - Using connection ID '***' for task execution.
[2023-05-09T19:11:13.998+0000] {sql.py:375} INFO - Running statement: INSERT INTO song_fact (song_id,popularity,date) VALUES (%s,%s,%s) ON CONFLICT (song_id,date) DO UPDATE SET song_id=EXCLUDED.song_id,popularity=EXCLUDED.popularity,date=EXCLUDED.date, parameters: ('1JmEymqQwLXvCg3sJ7gz0n', 55, '2023-05-09')
[2023-05-09T19:11:14.001+0000] {sql.py:384} INFO - Rows affected: 1
[2023-05-09T19:11:14.007+0000] {base.py:73} INFO - Using connection ID '***' for task execution.
[2023-05-09T19:11:14.013+0000] {sql.py:375} INFO - Running statement: INSERT INTO song_fact (song_id,popularity,date) VALUES (%s,%s,%s) ON CONFLICT (song_id,date) DO UPDATE SET song_id=EXCLUDED.song_id,popularity=EXCLUDED.popularity,date=EXCLUDED.date, parameters: ('1akuKqHyYofuNsvLfvNPBe', 32, '2023-05-09')
[2023-05-09T19:11:14.015+0000] {sql.py:384} INFO - Rows affected: 1
[2023-05-09T19:11:14.021+0000] {base.py:73} INFO - Using connection ID '***' for task execution.
[2023-05-09T19:11:14.028+0000] {sql.py:375} INFO - Running statement: INSERT INTO song_fact (song_id,popularity,date) VALUES (%s,%s,%s) ON CONFLICT (song_id,date) DO UPDATE SET song_id=EXCLUDED.song_id,popularity=EXCLUDED.popularity,date=EXCLUDED.date, parameters: ('2BSICryahPlMusTqQDrsYe', 23, '2023-05-09')
[2023-05-09T19:11:14.029+0000] {sql.py:384} INFO - Rows affected: 1
[2023-05-09T19:11:14.035+0000] {base.py:73} INFO - Using connection ID '***' for task execution.
[2023-05-09T19:11:14.044+0000] {sql.py:375} INFO - Running statement: INSERT INTO song_fact (song_id,popularity,date) VALUES (%s,%s,%s) ON CONFLICT (song_id,date) DO UPDATE SET song_id=EXCLUDED.song_id,popularity=EXCLUDED.popularity,date=EXCLUDED.date, parameters: ('6tiENvREXsXPDdnMGoioP0', 40, '2023-05-09')
[2023-05-09T19:11:14.047+0000] {sql.py:384} INFO - Rows affected: 1
[2023-05-09T19:11:14.053+0000] {base.py:73} INFO - Using connection ID '***' for task execution.
[2023-05-09T19:11:14.061+0000] {sql.py:375} INFO - Running statement: INSERT INTO song_fact (song_id,popularity,date) VALUES (%s,%s,%s) ON CONFLICT (song_id,date) DO UPDATE SET song_id=EXCLUDED.song_id,popularity=EXCLUDED.popularity,date=EXCLUDED.date, parameters: ('5oLnXmEdr6h92pFNtBgJVR', 41, '2023-05-09')
[2023-05-09T19:11:14.063+0000] {sql.py:384} INFO - Rows affected: 1
[2023-05-09T19:11:14.069+0000] {base.py:73} INFO - Using connection ID '***' for task execution.
[2023-05-09T19:11:14.075+0000] {sql.py:375} INFO - Running statement: INSERT INTO song_fact (song_id,popularity,date) VALUES (%s,%s,%s) ON CONFLICT (song_id,date) DO UPDATE SET song_id=EXCLUDED.song_id,popularity=EXCLUDED.popularity,date=EXCLUDED.date, parameters: ('1rCdmjQUxxdvcCY92D7UiR', 49, '2023-05-09')
[2023-05-09T19:11:14.076+0000] {sql.py:384} INFO - Rows affected: 1
[2023-05-09T19:11:14.082+0000] {base.py:73} INFO - Using connection ID '***' for task execution.
[2023-05-09T19:11:14.090+0000] {sql.py:375} INFO - Running statement: INSERT INTO song_fact (song_id,popularity,date) VALUES (%s,%s,%s) ON CONFLICT (song_id,date) DO UPDATE SET song_id=EXCLUDED.song_id,popularity=EXCLUDED.popularity,date=EXCLUDED.date, parameters: ('1Juo9g0Rjxo6fxOmr8N3wV', 33, '2023-05-09')
[2023-05-09T19:11:14.092+0000] {sql.py:384} INFO - Rows affected: 1
[2023-05-09T19:11:14.098+0000] {base.py:73} INFO - Using connection ID '***' for task execution.
[2023-05-09T19:11:14.109+0000] {sql.py:375} INFO - Running statement: INSERT INTO song_fact (song_id,popularity,date) VALUES (%s,%s,%s) ON CONFLICT (song_id,date) DO UPDATE SET song_id=EXCLUDED.song_id,popularity=EXCLUDED.popularity,date=EXCLUDED.date, parameters: ('6NTD9xwzvTisuBhDxSvldL', 35, '2023-05-09')
[2023-05-09T19:11:14.111+0000] {sql.py:384} INFO - Rows affected: 1
[2023-05-09T19:11:14.118+0000] {base.py:73} INFO - Using connection ID '***' for task execution.
[2023-05-09T19:11:14.126+0000] {sql.py:375} INFO - Running statement: INSERT INTO song_fact (song_id,popularity,date) VALUES (%s,%s,%s) ON CONFLICT (song_id,date) DO UPDATE SET song_id=EXCLUDED.song_id,popularity=EXCLUDED.popularity,date=EXCLUDED.date, parameters: ('3v61DyG93LsHgpAtCaXMYV', 38, '2023-05-09')
[2023-05-09T19:11:14.128+0000] {sql.py:384} INFO - Rows affected: 1
[2023-05-09T19:11:14.134+0000] {base.py:73} INFO - Using connection ID '***' for task execution.
[2023-05-09T19:11:14.141+0000] {sql.py:375} INFO - Running statement: INSERT INTO song_fact (song_id,popularity,date) VALUES (%s,%s,%s) ON CONFLICT (song_id,date) DO UPDATE SET song_id=EXCLUDED.song_id,popularity=EXCLUDED.popularity,date=EXCLUDED.date, parameters: ('5OxGWmF7NIZ1q2JM3bxeOr', 50, '2023-05-09')
[2023-05-09T19:11:14.143+0000] {sql.py:384} INFO - Rows affected: 1
[2023-05-09T19:11:14.149+0000] {base.py:73} INFO - Using connection ID '***' for task execution.
[2023-05-09T19:11:14.156+0000] {sql.py:375} INFO - Running statement: INSERT INTO song_fact (song_id,popularity,date) VALUES (%s,%s,%s) ON CONFLICT (song_id,date) DO UPDATE SET song_id=EXCLUDED.song_id,popularity=EXCLUDED.popularity,date=EXCLUDED.date, parameters: ('0nygzznhANm4uiBwhUkE6o', 50, '2023-05-09')
[2023-05-09T19:11:14.158+0000] {sql.py:384} INFO - Rows affected: 1
[2023-05-09T19:11:14.164+0000] {base.py:73} INFO - Using connection ID '***' for task execution.
[2023-05-09T19:11:14.174+0000] {sql.py:375} INFO - Running statement: INSERT INTO song_fact (song_id,popularity,date) VALUES (%s,%s,%s) ON CONFLICT (song_id,date) DO UPDATE SET song_id=EXCLUDED.song_id,popularity=EXCLUDED.popularity,date=EXCLUDED.date, parameters: ('1I0529lSZwDiYDts9aKaLy', 43, '2023-05-09')
[2023-05-09T19:11:14.176+0000] {sql.py:384} INFO - Rows affected: 1
[2023-05-09T19:11:14.183+0000] {base.py:73} INFO - Using connection ID '***' for task execution.
[2023-05-09T19:11:14.193+0000] {sql.py:375} INFO - Running statement: INSERT INTO song_fact (song_id,popularity,date) VALUES (%s,%s,%s) ON CONFLICT (song_id,date) DO UPDATE SET song_id=EXCLUDED.song_id,popularity=EXCLUDED.popularity,date=EXCLUDED.date, parameters: ('2Y4ol1FiPdSPMwaEMJgXMN', 55, '2023-05-09')
[2023-05-09T19:11:14.194+0000] {sql.py:384} INFO - Rows affected: 1
[2023-05-09T19:11:14.203+0000] {base.py:73} INFO - Using connection ID '***' for task execution.
[2023-05-09T19:11:14.211+0000] {sql.py:375} INFO - Running statement: INSERT INTO song_fact (song_id,popularity,date) VALUES (%s,%s,%s) ON CONFLICT (song_id,date) DO UPDATE SET song_id=EXCLUDED.song_id,popularity=EXCLUDED.popularity,date=EXCLUDED.date, parameters: ('5ui2l0pTXT0cjHB1gw4MEa', 16, '2023-05-09')
[2023-05-09T19:11:14.213+0000] {sql.py:384} INFO - Rows affected: 1
[2023-05-09T19:11:14.220+0000] {base.py:73} INFO - Using connection ID '***' for task execution.
[2023-05-09T19:11:14.227+0000] {sql.py:375} INFO - Running statement: INSERT INTO song_fact (song_id,popularity,date) VALUES (%s,%s,%s) ON CONFLICT (song_id,date) DO UPDATE SET song_id=EXCLUDED.song_id,popularity=EXCLUDED.popularity,date=EXCLUDED.date, parameters: ('79iuMoPY5U9jVQfLIWN3xO', 26, '2023-05-09')
[2023-05-09T19:11:14.229+0000] {sql.py:384} INFO - Rows affected: 1
[2023-05-09T19:11:14.236+0000] {base.py:73} INFO - Using connection ID '***' for task execution.
[2023-05-09T19:11:14.243+0000] {sql.py:375} INFO - Running statement: INSERT INTO song_fact (song_id,popularity,date) VALUES (%s,%s,%s) ON CONFLICT (song_id,date) DO UPDATE SET song_id=EXCLUDED.song_id,popularity=EXCLUDED.popularity,date=EXCLUDED.date, parameters: ('7d01oOW0gldyGW8hlUVN1J', 27, '2023-05-09')
[2023-05-09T19:11:14.245+0000] {sql.py:384} INFO - Rows affected: 1
[2023-05-09T19:11:14.253+0000] {base.py:73} INFO - Using connection ID '***' for task execution.
[2023-05-09T19:11:14.261+0000] {sql.py:375} INFO - Running statement: INSERT INTO song_fact (song_id,popularity,date) VALUES (%s,%s,%s) ON CONFLICT (song_id,date) DO UPDATE SET song_id=EXCLUDED.song_id,popularity=EXCLUDED.popularity,date=EXCLUDED.date, parameters: ('1cOVM7E3WZchifwUBf1FHT', 49, '2023-05-09')
[2023-05-09T19:11:14.263+0000] {sql.py:384} INFO - Rows affected: 1
[2023-05-09T19:11:14.269+0000] {base.py:73} INFO - Using connection ID '***' for task execution.
[2023-05-09T19:11:14.276+0000] {sql.py:375} INFO - Running statement: INSERT INTO song_fact (song_id,popularity,date) VALUES (%s,%s,%s) ON CONFLICT (song_id,date) DO UPDATE SET song_id=EXCLUDED.song_id,popularity=EXCLUDED.popularity,date=EXCLUDED.date, parameters: ('3leQHWQif6ZH4mKRUk3YkW', 28, '2023-05-09')
[2023-05-09T19:11:14.279+0000] {sql.py:384} INFO - Rows affected: 1
[2023-05-09T19:11:14.285+0000] {base.py:73} INFO - Using connection ID '***' for task execution.
[2023-05-09T19:11:14.292+0000] {sql.py:375} INFO - Running statement: INSERT INTO song_fact (song_id,popularity,date) VALUES (%s,%s,%s) ON CONFLICT (song_id,date) DO UPDATE SET song_id=EXCLUDED.song_id,popularity=EXCLUDED.popularity,date=EXCLUDED.date, parameters: ('0tBQVOAtBpqdQK2ExkbHZX', 32, '2023-05-09')
[2023-05-09T19:11:14.293+0000] {sql.py:384} INFO - Rows affected: 1
[2023-05-09T19:11:14.299+0000] {base.py:73} INFO - Using connection ID '***' for task execution.
[2023-05-09T19:11:14.307+0000] {sql.py:375} INFO - Running statement: INSERT INTO song_fact (song_id,popularity,date) VALUES (%s,%s,%s) ON CONFLICT (song_id,date) DO UPDATE SET song_id=EXCLUDED.song_id,popularity=EXCLUDED.popularity,date=EXCLUDED.date, parameters: ('1frV7Du2WwiKx0bHHphYCM', 36, '2023-05-09')
[2023-05-09T19:11:14.309+0000] {sql.py:384} INFO - Rows affected: 1
[2023-05-09T19:11:14.315+0000] {base.py:73} INFO - Using connection ID '***' for task execution.
[2023-05-09T19:11:14.323+0000] {sql.py:375} INFO - Running statement: INSERT INTO song_fact (song_id,popularity,date) VALUES (%s,%s,%s) ON CONFLICT (song_id,date) DO UPDATE SET song_id=EXCLUDED.song_id,popularity=EXCLUDED.popularity,date=EXCLUDED.date, parameters: ('2UFxllzBQap2AqgpeqHUKX', 39, '2023-05-09')
[2023-05-09T19:11:14.325+0000] {sql.py:384} INFO - Rows affected: 1
[2023-05-09T19:11:14.331+0000] {base.py:73} INFO - Using connection ID '***' for task execution.
[2023-05-09T19:11:14.338+0000] {sql.py:375} INFO - Running statement: INSERT INTO song_fact (song_id,popularity,date) VALUES (%s,%s,%s) ON CONFLICT (song_id,date) DO UPDATE SET song_id=EXCLUDED.song_id,popularity=EXCLUDED.popularity,date=EXCLUDED.date, parameters: ('0hBCGjhWa8Z9ou9JLighrR', 43, '2023-05-09')
[2023-05-09T19:11:14.340+0000] {sql.py:384} INFO - Rows affected: 1
[2023-05-09T19:11:14.347+0000] {base.py:73} INFO - Using connection ID '***' for task execution.
[2023-05-09T19:11:14.353+0000] {sql.py:375} INFO - Running statement: INSERT INTO song_fact (song_id,popularity,date) VALUES (%s,%s,%s) ON CONFLICT (song_id,date) DO UPDATE SET song_id=EXCLUDED.song_id,popularity=EXCLUDED.popularity,date=EXCLUDED.date, parameters: ('7cELheBXF3jIShGuewCy44', 54, '2023-05-09')
[2023-05-09T19:11:14.355+0000] {sql.py:384} INFO - Rows affected: 1
[2023-05-09T19:11:14.361+0000] {base.py:73} INFO - Using connection ID '***' for task execution.
[2023-05-09T19:11:14.368+0000] {sql.py:375} INFO - Running statement: INSERT INTO song_fact (song_id,popularity,date) VALUES (%s,%s,%s) ON CONFLICT (song_id,date) DO UPDATE SET song_id=EXCLUDED.song_id,popularity=EXCLUDED.popularity,date=EXCLUDED.date, parameters: ('5bwSx1hwmUivlUgY9UhfEB', 46, '2023-05-09')
[2023-05-09T19:11:14.369+0000] {sql.py:384} INFO - Rows affected: 1
[2023-05-09T19:11:14.376+0000] {base.py:73} INFO - Using connection ID '***' for task execution.
[2023-05-09T19:11:14.383+0000] {sql.py:375} INFO - Running statement: INSERT INTO song_fact (song_id,popularity,date) VALUES (%s,%s,%s) ON CONFLICT (song_id,date) DO UPDATE SET song_id=EXCLUDED.song_id,popularity=EXCLUDED.popularity,date=EXCLUDED.date, parameters: ('1Sl3gcmaeiU3vOMPpeM98V', 51, '2023-05-09')
[2023-05-09T19:11:14.385+0000] {sql.py:384} INFO - Rows affected: 1
[2023-05-09T19:11:14.391+0000] {base.py:73} INFO - Using connection ID '***' for task execution.
[2023-05-09T19:11:14.400+0000] {sql.py:375} INFO - Running statement: INSERT INTO song_fact (song_id,popularity,date) VALUES (%s,%s,%s) ON CONFLICT (song_id,date) DO UPDATE SET song_id=EXCLUDED.song_id,popularity=EXCLUDED.popularity,date=EXCLUDED.date, parameters: ('7JdarpX08FLhmfNZpxqgUO', 56, '2023-05-09')
[2023-05-09T19:11:14.403+0000] {sql.py:384} INFO - Rows affected: 1
[2023-05-09T19:11:14.409+0000] {base.py:73} INFO - Using connection ID '***' for task execution.
[2023-05-09T19:11:14.416+0000] {sql.py:375} INFO - Running statement: INSERT INTO song_fact (song_id,popularity,date) VALUES (%s,%s,%s) ON CONFLICT (song_id,date) DO UPDATE SET song_id=EXCLUDED.song_id,popularity=EXCLUDED.popularity,date=EXCLUDED.date, parameters: ('4TwVtW8hS5LyLoDtJGpUOg', 62, '2023-05-09')
[2023-05-09T19:11:14.418+0000] {sql.py:384} INFO - Rows affected: 1
[2023-05-09T19:11:14.424+0000] {base.py:73} INFO - Using connection ID '***' for task execution.
[2023-05-09T19:11:14.430+0000] {sql.py:375} INFO - Running statement: INSERT INTO song_fact (song_id,popularity,date) VALUES (%s,%s,%s) ON CONFLICT (song_id,date) DO UPDATE SET song_id=EXCLUDED.song_id,popularity=EXCLUDED.popularity,date=EXCLUDED.date, parameters: ('30AnNG3dFbHLQuSbIVWEbF', 47, '2023-05-09')
[2023-05-09T19:11:14.433+0000] {sql.py:384} INFO - Rows affected: 1
[2023-05-09T19:11:14.434+0000] {python.py:183} INFO - Done. Returned value was: None
[2023-05-09T19:11:14.442+0000] {taskinstance.py:1373} INFO - Marking task as SUCCESS. dag_id=Summer_Warped_ETL, task_id=LoadData.LoadSongFact, execution_date=20230509T191005, start_date=20230509T191107, end_date=20230509T191114
[2023-05-09T19:11:14.491+0000] {local_task_job_runner.py:232} INFO - Task exited with return code 0
[2023-05-09T19:11:14.511+0000] {taskinstance.py:2674} INFO - 1 downstream tasks scheduled from follow-on schedule check
