[2023-05-06T04:01:23.088+0000] {taskinstance.py:1125} INFO - Dependencies all met for dep_context=non-requeueable deps ti=<TaskInstance: Summer_Warped_ETL.GetArtistInfo manual__2023-05-06T03:40:12.069128+00:00 [queued]>
[2023-05-06T04:01:23.095+0000] {taskinstance.py:1125} INFO - Dependencies all met for dep_context=requeueable deps ti=<TaskInstance: Summer_Warped_ETL.GetArtistInfo manual__2023-05-06T03:40:12.069128+00:00 [queued]>
[2023-05-06T04:01:23.095+0000] {taskinstance.py:1331} INFO - Starting attempt 2 of 4
[2023-05-06T04:01:23.106+0000] {taskinstance.py:1350} INFO - Executing <Task(PythonOperator): GetArtistInfo> on 2023-05-06 03:40:12.069128+00:00
[2023-05-06T04:01:23.112+0000] {standard_task_runner.py:57} INFO - Started process 438 to run task
[2023-05-06T04:01:23.117+0000] {standard_task_runner.py:84} INFO - Running: ['***', 'tasks', 'run', 'Summer_Warped_ETL', 'GetArtistInfo', 'manual__2023-05-06T03:40:12.069128+00:00', '--job-id', '128', '--raw', '--subdir', 'DAGS_FOLDER/warped-dag.py', '--cfg-path', '/tmp/tmp2ohrfdzd']
[2023-05-06T04:01:23.118+0000] {standard_task_runner.py:85} INFO - Job 128: Subtask GetArtistInfo
[2023-05-06T04:01:23.164+0000] {task_command.py:410} INFO - Running <TaskInstance: Summer_Warped_ETL.GetArtistInfo manual__2023-05-06T03:40:12.069128+00:00 [running]> on host 49f85d1317d0
[2023-05-06T04:01:23.232+0000] {taskinstance.py:1570} INFO - Exporting env vars: AIRFLOW_CTX_DAG_OWNER='Ananta Moharana' AIRFLOW_CTX_DAG_ID='Summer_Warped_ETL' AIRFLOW_CTX_TASK_ID='GetArtistInfo' AIRFLOW_CTX_EXECUTION_DATE='2023-05-06T03:40:12.069128+00:00' AIRFLOW_CTX_TRY_NUMBER='2' AIRFLOW_CTX_DAG_RUN_ID='manual__2023-05-06T03:40:12.069128+00:00'
[2023-05-06T04:01:23.407+0000] {logging_mixin.py:149} INFO - big room
[2023-05-06T04:01:23.511+0000] {logging_mixin.py:149} INFO - alt z
[2023-05-06T04:01:23.609+0000] {logging_mixin.py:149} INFO - trap latino
[2023-05-06T04:01:23.708+0000] {logging_mixin.py:149} INFO - pop
[2023-05-06T04:01:23.859+0000] {logging_mixin.py:149} INFO - pop
[2023-05-06T04:01:23.967+0000] {logging_mixin.py:149} INFO - canadian contemporary r&b
[2023-05-06T04:01:24.065+0000] {logging_mixin.py:149} INFO - hip hop
[2023-05-06T04:01:24.180+0000] {logging_mixin.py:149} INFO - atl hip hop
[2023-05-06T04:01:24.276+0000] {logging_mixin.py:149} INFO - colombian pop
[2023-05-06T04:01:24.377+0000] {logging_mixin.py:149} INFO - argentine hip hop
[2023-05-06T04:01:24.469+0000] {logging_mixin.py:149} INFO - pop
[2023-05-06T04:01:24.584+0000] {logging_mixin.py:149} INFO - latin hip hop
[2023-05-06T04:01:24.690+0000] {logging_mixin.py:149} INFO - uk contemporary r&b
[2023-05-06T04:01:24.789+0000] {logging_mixin.py:149} INFO - new jersey rap
[2023-05-06T04:01:24.897+0000] {logging_mixin.py:149} INFO - electro
[2023-05-06T04:01:24.991+0000] {logging_mixin.py:149} INFO - atl hip hop
[2023-05-06T04:01:25.091+0000] {logging_mixin.py:149} INFO - afrobeats
[2023-05-06T04:01:25.220+0000] {logging_mixin.py:149} INFO - puerto rican pop
[2023-05-06T04:01:25.376+0000] {logging_mixin.py:149} INFO - dfw rap
[2023-05-06T04:01:25.472+0000] {logging_mixin.py:149} INFO - gen z singer-songwriter
[2023-05-06T04:01:25.580+0000] {logging_mixin.py:149} INFO - contemporary country
[2023-05-06T04:01:25.677+0000] {logging_mixin.py:149} INFO - latin pop
[2023-05-06T04:01:25.786+0000] {logging_mixin.py:149} INFO - rap canario
[2023-05-06T04:01:25.884+0000] {logging_mixin.py:149} INFO - k-pop
[2023-05-06T04:01:25.998+0000] {logging_mixin.py:149} INFO - puerto rican pop
[2023-05-06T04:01:26.098+0000] {logging_mixin.py:149} INFO - modern indie pop
[2023-05-06T04:01:26.342+0000] {logging_mixin.py:149} INFO - chill pop
[2023-05-06T04:01:26.451+0000] {logging_mixin.py:149} INFO - k-pop
[2023-05-06T04:01:26.577+0000] {logging_mixin.py:149} INFO - pop
[2023-05-06T04:01:26.670+0000] {logging_mixin.py:149} INFO - k-pop girl group
[2023-05-06T04:01:26.800+0000] {logging_mixin.py:149} INFO - reggaeton
[2023-05-06T04:01:26.926+0000] {logging_mixin.py:149} INFO - trap boricua
[2023-05-06T04:01:27.016+0000] {logging_mixin.py:149} INFO - detroit hip hop
[2023-05-06T04:01:27.137+0000] {logging_mixin.py:149} INFO - afrobeats
[2023-05-06T04:01:27.231+0000] {logging_mixin.py:149} INFO - corrido
[2023-05-06T04:01:27.333+0000] {logging_mixin.py:149} INFO - garage rock
[2023-05-06T04:01:27.434+0000] {logging_mixin.py:149} INFO - pop
[2023-05-06T04:01:27.520+0000] {logging_mixin.py:149} INFO - musica chihuahuense
[2023-05-06T04:01:27.636+0000] {logging_mixin.py:149} INFO - hip hop
[2023-05-06T04:01:27.735+0000] {logging_mixin.py:149} INFO - colombian pop
[2023-05-06T04:01:27.834+0000] {logging_mixin.py:149} INFO - bronx drill
[2023-05-06T04:01:27.929+0000] {logging_mixin.py:149} INFO - corrido
[2023-05-06T04:01:28.051+0000] {logging_mixin.py:149} INFO - dance pop
[2023-05-06T04:01:28.171+0000] {logging_mixin.py:149} INFO - piano rock
[2023-05-06T04:01:28.262+0000] {logging_mixin.py:149} INFO - corrido
[2023-05-06T04:01:28.464+0000] {logging_mixin.py:149} INFO - reggaeton
[2023-05-06T04:01:28.553+0000] {logging_mixin.py:149} INFO - corrido
[2023-05-06T04:01:28.652+0000] {logging_mixin.py:149} INFO - bedroom pop
[2023-05-06T04:01:28.752+0000] {logging_mixin.py:149} INFO - corrido
[2023-05-06T04:01:28.851+0000] {logging_mixin.py:149} INFO - pop
[2023-05-06T04:01:28.977+0000] {logging_mixin.py:149} INFO - colombian pop
[2023-05-06T04:01:29.108+0000] {logging_mixin.py:149} INFO - colombian pop
[2023-05-06T04:01:29.218+0000] {logging_mixin.py:149} INFO - k-pop
[2023-05-06T04:01:29.327+0000] {logging_mixin.py:149} INFO - pop
[2023-05-06T04:01:29.446+0000] {logging_mixin.py:149} INFO - gen z singer-songwriter
[2023-05-06T04:01:29.696+0000] {logging_mixin.py:149} INFO - alt z
[2023-05-06T04:01:29.795+0000] {logging_mixin.py:149} INFO - corrido
[2023-05-06T04:01:29.900+0000] {logging_mixin.py:149} INFO - pop
[2023-05-06T04:01:29.920+0000] {python.py:183} INFO - Done. Returned value was: None
[2023-05-06T04:01:29.931+0000] {taskinstance.py:1373} INFO - Marking task as SUCCESS. dag_id=Summer_Warped_ETL, task_id=GetArtistInfo, execution_date=20230506T034012, start_date=20230506T040123, end_date=20230506T040129
[2023-05-06T04:01:29.971+0000] {local_task_job_runner.py:232} INFO - Task exited with return code 0
[2023-05-06T04:01:29.991+0000] {taskinstance.py:2674} INFO - 1 downstream tasks scheduled from follow-on schedule check
