[2023-05-06T19:22:24.123+0000] {taskinstance.py:1125} INFO - Dependencies all met for dep_context=non-requeueable deps ti=<TaskInstance: Summer_Warped_ETL.GetArtistInfo manual__2023-05-06T03:40:12.069128+00:00 [queued]>
[2023-05-06T19:22:24.128+0000] {taskinstance.py:1125} INFO - Dependencies all met for dep_context=requeueable deps ti=<TaskInstance: Summer_Warped_ETL.GetArtistInfo manual__2023-05-06T03:40:12.069128+00:00 [queued]>
[2023-05-06T19:22:24.129+0000] {taskinstance.py:1331} INFO - Starting attempt 11 of 13
[2023-05-06T19:22:24.138+0000] {taskinstance.py:1350} INFO - Executing <Task(PythonOperator): GetArtistInfo> on 2023-05-06 03:40:12.069128+00:00
[2023-05-06T19:22:24.144+0000] {standard_task_runner.py:57} INFO - Started process 3452 to run task
[2023-05-06T19:22:24.149+0000] {standard_task_runner.py:84} INFO - Running: ['***', 'tasks', 'run', 'Summer_Warped_ETL', 'GetArtistInfo', 'manual__2023-05-06T03:40:12.069128+00:00', '--job-id', '219', '--raw', '--subdir', 'DAGS_FOLDER/warped-dag.py', '--cfg-path', '/tmp/tmptyde5qr5']
[2023-05-06T19:22:24.149+0000] {standard_task_runner.py:85} INFO - Job 219: Subtask GetArtistInfo
[2023-05-06T19:22:24.194+0000] {task_command.py:410} INFO - Running <TaskInstance: Summer_Warped_ETL.GetArtistInfo manual__2023-05-06T03:40:12.069128+00:00 [running]> on host 49f85d1317d0
[2023-05-06T19:22:24.255+0000] {taskinstance.py:1570} INFO - Exporting env vars: AIRFLOW_CTX_DAG_OWNER='Ananta Moharana' AIRFLOW_CTX_DAG_ID='Summer_Warped_ETL' AIRFLOW_CTX_TASK_ID='GetArtistInfo' AIRFLOW_CTX_EXECUTION_DATE='2023-05-06T03:40:12.069128+00:00' AIRFLOW_CTX_TRY_NUMBER='11' AIRFLOW_CTX_DAG_RUN_ID='manual__2023-05-06T03:40:12.069128+00:00'
[2023-05-06T19:22:24.399+0000] {logging_mixin.py:149} INFO - vapor trap
[2023-05-06T19:22:24.503+0000] {logging_mixin.py:149} INFO - sad rap
[2023-05-06T19:22:24.604+0000] {logging_mixin.py:149} INFO - cloud rap
[2023-05-06T19:22:24.830+0000] {logging_mixin.py:149} INFO - glitchcore
[2023-05-06T19:22:25.166+0000] {logging_mixin.py:149} INFO - emoplugg
[2023-05-06T19:22:25.369+0000] {logging_mixin.py:149} INFO - alt z
[2023-05-06T19:22:25.489+0000] {logging_mixin.py:149} INFO - cloud rap
[2023-05-06T19:22:25.595+0000] {logging_mixin.py:149} INFO - canadian hip hop
[2023-05-06T19:22:25.698+0000] {logging_mixin.py:149} INFO - nyc rap
[2023-05-06T19:22:25.918+0000] {logging_mixin.py:149} INFO - indie pop rap
[2023-05-06T19:22:26.512+0000] {logging_mixin.py:149} INFO - canadian hip hop
[2023-05-06T19:22:26.630+0000] {logging_mixin.py:149} INFO - upstate ny rap
[2023-05-06T19:22:26.724+0000] {logging_mixin.py:149} INFO - emo rap
[2023-05-06T19:22:26.994+0000] {logging_mixin.py:149} INFO - deep underground hip hop
[2023-05-06T19:22:27.102+0000] {logging_mixin.py:149} INFO - sad rap
[2023-05-06T19:22:27.318+0000] {logging_mixin.py:149} INFO - emo rap
[2023-05-06T19:22:27.883+0000] {logging_mixin.py:149} INFO - hyperpop
[2023-05-06T19:22:27.998+0000] {logging_mixin.py:149} INFO - emo rap
[2023-05-06T19:22:28.195+0000] {logging_mixin.py:149} INFO - cali rap
[2023-05-06T19:22:28.389+0000] {logging_mixin.py:149} INFO - canadian contemporary r&b
[2023-05-06T19:22:28.487+0000] {logging_mixin.py:149} INFO - st louis rap
[2023-05-06T19:22:28.595+0000] {logging_mixin.py:149} INFO - melodic rap
[2023-05-06T19:22:28.702+0000] {logging_mixin.py:149} INFO - pop edm
[2023-05-06T19:22:28.904+0000] {logging_mixin.py:149} INFO - cloud rap
[2023-05-06T19:22:29.164+0000] {logging_mixin.py:149} INFO - hyperpop
[2023-05-06T19:22:29.293+0000] {logging_mixin.py:149} INFO - alt z
[2023-05-06T19:22:29.664+0000] {logging_mixin.py:149} INFO - glitchcore
[2023-05-06T19:22:30.001+0000] {logging_mixin.py:149} INFO - atl hip hop
[2023-05-06T19:22:30.119+0000] {logging_mixin.py:149} INFO - indonesian hip hop
[2023-05-06T19:22:30.221+0000] {logging_mixin.py:149} INFO - cloud rap
[2023-05-06T19:22:30.403+0000] {logging_mixin.py:149} INFO - meme rap
[2023-05-06T19:22:30.603+0000] {logging_mixin.py:149} INFO - cloud rap
[2023-05-06T19:22:30.818+0000] {logging_mixin.py:149} INFO - canadian contemporary r&b
[2023-05-06T19:22:30.922+0000] {logging_mixin.py:149} INFO - cloud rap
[2023-05-06T19:22:31.033+0000] {logging_mixin.py:149} INFO - underground hip hop
[2023-05-06T19:22:31.142+0000] {logging_mixin.py:149} INFO - sad rap
[2023-05-06T19:22:31.250+0000] {logging_mixin.py:149} INFO - glitchcore
[2023-05-06T19:22:31.463+0000] {logging_mixin.py:149} INFO - future bass
[2023-05-06T19:22:31.654+0000] {logging_mixin.py:149} INFO - pittsburgh rap
[2023-05-06T19:22:31.781+0000] {logging_mixin.py:149} INFO - glitchcore
[2023-05-06T19:22:31.890+0000] {logging_mixin.py:149} INFO - hyperpop
[2023-05-06T19:22:32.000+0000] {logging_mixin.py:149} INFO - lo-fi rap
[2023-05-06T19:22:32.111+0000] {logging_mixin.py:149} INFO - emo rap
[2023-05-06T19:22:32.239+0000] {logging_mixin.py:149} INFO - cloud rap
[2023-05-06T19:22:32.553+0000] {logging_mixin.py:149} INFO - hyperpop
[2023-05-06T19:22:32.950+0000] {logging_mixin.py:149} INFO - emo rap
[2023-05-06T19:22:33.061+0000] {logging_mixin.py:149} INFO - bedroom soul
[2023-05-06T19:22:33.168+0000] {logging_mixin.py:149} INFO - emo rap
[2023-05-06T19:22:33.329+0000] {logging_mixin.py:149} INFO - cloud rap
[2023-05-06T19:22:33.439+0000] {logging_mixin.py:149} INFO - asian american hip hop
[2023-05-06T19:22:33.796+0000] {logging_mixin.py:149} INFO - cloud rap
[2023-05-06T19:22:33.921+0000] {logging_mixin.py:149} INFO - hyperpop
[2023-05-06T19:22:34.032+0000] {logging_mixin.py:149} INFO - indie hip hop
[2023-05-06T19:22:34.126+0000] {logging_mixin.py:149} INFO - aesthetic rap
[2023-05-06T19:22:34.244+0000] {logging_mixin.py:149} INFO - indie pop rap
[2023-05-06T19:22:34.394+0000] {logging_mixin.py:149} INFO - aesthetic rap
[2023-05-06T19:22:34.495+0000] {logging_mixin.py:149} INFO - la pop
[2023-05-06T19:22:34.605+0000] {logging_mixin.py:149} INFO - emo rap
[2023-05-06T19:22:34.624+0000] {python.py:183} INFO - Done. Returned value was: None
[2023-05-06T19:22:34.634+0000] {taskinstance.py:1373} INFO - Marking task as SUCCESS. dag_id=Summer_Warped_ETL, task_id=GetArtistInfo, execution_date=20230506T034012, start_date=20230506T192224, end_date=20230506T192234
[2023-05-06T19:22:34.684+0000] {local_task_job_runner.py:232} INFO - Task exited with return code 0
[2023-05-06T19:22:34.713+0000] {taskinstance.py:2674} INFO - 0 downstream tasks scheduled from follow-on schedule check
