[2023-05-08T01:10:22.322+0000] {taskinstance.py:1125} INFO - Dependencies all met for dep_context=non-requeueable deps ti=<TaskInstance: Summer_Warped_ETL.LoadData.LoadSongDim manual__2023-05-08T01:09:52.601148+00:00 [queued]>
[2023-05-08T01:10:22.328+0000] {taskinstance.py:1125} INFO - Dependencies all met for dep_context=requeueable deps ti=<TaskInstance: Summer_Warped_ETL.LoadData.LoadSongDim manual__2023-05-08T01:09:52.601148+00:00 [queued]>
[2023-05-08T01:10:22.329+0000] {taskinstance.py:1331} INFO - Starting attempt 1 of 3
[2023-05-08T01:10:22.336+0000] {taskinstance.py:1350} INFO - Executing <Task(PythonOperator): LoadData.LoadSongDim> on 2023-05-08 01:09:52.601148+00:00
[2023-05-08T01:10:22.341+0000] {standard_task_runner.py:57} INFO - Started process 886 to run task
[2023-05-08T01:10:22.345+0000] {standard_task_runner.py:84} INFO - Running: ['***', 'tasks', 'run', 'Summer_Warped_ETL', 'LoadData.LoadSongDim', 'manual__2023-05-08T01:09:52.601148+00:00', '--job-id', '1763', '--raw', '--subdir', 'DAGS_FOLDER/warped-dag.py', '--cfg-path', '/tmp/tmp3grdjji8']
[2023-05-08T01:10:22.346+0000] {standard_task_runner.py:85} INFO - Job 1763: Subtask LoadData.LoadSongDim
[2023-05-08T01:10:22.384+0000] {task_command.py:410} INFO - Running <TaskInstance: Summer_Warped_ETL.LoadData.LoadSongDim manual__2023-05-08T01:09:52.601148+00:00 [running]> on host a40687a10d43
[2023-05-08T01:10:22.443+0000] {taskinstance.py:1570} INFO - Exporting env vars: AIRFLOW_CTX_DAG_OWNER='Ananta Moharana' AIRFLOW_CTX_DAG_ID='Summer_Warped_ETL' AIRFLOW_CTX_TASK_ID='LoadData.LoadSongDim' AIRFLOW_CTX_EXECUTION_DATE='2023-05-08T01:09:52.601148+00:00' AIRFLOW_CTX_TRY_NUMBER='1' AIRFLOW_CTX_DAG_RUN_ID='manual__2023-05-08T01:09:52.601148+00:00'
[2023-05-08T01:10:22.446+0000] {logging_mixin.py:149} INFO - 2023-05/song_dim.csv
[2023-05-08T01:10:22.454+0000] {base.py:73} INFO - Using connection ID 'aws_connection' for task execution.
[2023-05-08T01:10:22.455+0000] {connection_wrapper.py:337} INFO - AWS Connection (conn_id='aws_connection', conn_type='aws') credentials retrieved from login and password.
[2023-05-08T01:10:22.646+0000] {logging_mixin.py:149} INFO -        song_name                 song_id  explicit  ...    tempo  valence  mode
0          WINGZ  7evQqGTWfKz8hIHzLVzneT     False  ...  170.025    0.120     0
1  lights (4444)  3PDNGdhCtiQemL14eKhCup      True  ...   89.982    0.428     1
2         softie  1bLEa8W1VVMFBIwp9hKYTL      True  ...  119.063    0.498     0
3    do me wrong  7H74AdiJYM7hh4SYGrq9xe     False  ...  174.960    0.396     0
4            HMU  2SWK4LJWLyev4yVYIVhjEV     False  ...   72.993    0.389     1

[5 rows x 15 columns]
[2023-05-08T01:10:22.647+0000] {logging_mixin.py:149} INFO - ['song_name', 'song_id', 'explicit', 'acousticness', 'danceability', 'duration_ms', 'energy', 'instrumentalness', 'key', 'liveness', 'loudness', 'speechiness', 'tempo', 'valence', 'mode']
[2023-05-08T01:10:22.653+0000] {base.py:73} INFO - Using connection ID '***' for task execution.
[2023-05-08T01:10:22.654+0000] {taskinstance.py:1847} ERROR - Task failed with exception
Traceback (most recent call last):
  File "/home/airflow/.local/lib/python3.7/site-packages/airflow/operators/python.py", line 181, in execute
    return_value = self.execute_callable()
  File "/home/airflow/.local/lib/python3.7/site-packages/airflow/operators/python.py", line 198, in execute_callable
    return self.python_callable(*self.op_args, **self.op_kwargs)
  File "/opt/airflow/dags/src/load.py", line 35, in upload_to_database
    df.to_sql(name=table, con=postgres_hook.get_sqlalchemy_engine(), schema='summer_warped', if_exists='truncate', index=False)
  File "/home/airflow/.local/lib/python3.7/site-packages/pandas/core/generic.py", line 2882, in to_sql
    method=method,
  File "/home/airflow/.local/lib/python3.7/site-packages/pandas/io/sql.py", line 706, in to_sql
    raise ValueError(f"'{if_exists}' is not valid for if_exists")
ValueError: 'truncate' is not valid for if_exists
[2023-05-08T01:10:22.664+0000] {taskinstance.py:1373} INFO - Marking task as UP_FOR_RETRY. dag_id=Summer_Warped_ETL, task_id=LoadData.LoadSongDim, execution_date=20230508T010952, start_date=20230508T011022, end_date=20230508T011022
[2023-05-08T01:10:22.671+0000] {standard_task_runner.py:109} ERROR - Failed to execute job 1763 for task LoadData.LoadSongDim ('truncate' is not valid for if_exists; 886)
[2023-05-08T01:10:22.718+0000] {local_task_job_runner.py:232} INFO - Task exited with return code 1
[2023-05-08T01:10:22.737+0000] {taskinstance.py:2674} INFO - 0 downstream tasks scheduled from follow-on schedule check
