[2023-05-06T19:33:13.840+0000] {taskinstance.py:1125} INFO - Dependencies all met for dep_context=non-requeueable deps ti=<TaskInstance: Summer_Warped_ETL.GetSongsFromPlaylist manual__2023-05-06T19:13:59.513626+00:00 [queued]>
[2023-05-06T19:33:13.845+0000] {taskinstance.py:1125} INFO - Dependencies all met for dep_context=requeueable deps ti=<TaskInstance: Summer_Warped_ETL.GetSongsFromPlaylist manual__2023-05-06T19:13:59.513626+00:00 [queued]>
[2023-05-06T19:33:13.845+0000] {taskinstance.py:1331} INFO - Starting attempt 5 of 7
[2023-05-06T19:33:13.853+0000] {taskinstance.py:1350} INFO - Executing <Task(PythonOperator): GetSongsFromPlaylist> on 2023-05-06 19:13:59.513626+00:00
[2023-05-06T19:33:13.858+0000] {standard_task_runner.py:57} INFO - Started process 3834 to run task
[2023-05-06T19:33:13.861+0000] {standard_task_runner.py:84} INFO - Running: ['***', 'tasks', 'run', 'Summer_Warped_ETL', 'GetSongsFromPlaylist', 'manual__2023-05-06T19:13:59.513626+00:00', '--job-id', '249', '--raw', '--subdir', 'DAGS_FOLDER/warped-dag.py', '--cfg-path', '/tmp/tmpaf_8jpjs']
[2023-05-06T19:33:13.862+0000] {standard_task_runner.py:85} INFO - Job 249: Subtask GetSongsFromPlaylist
[2023-05-06T19:33:13.895+0000] {task_command.py:410} INFO - Running <TaskInstance: Summer_Warped_ETL.GetSongsFromPlaylist manual__2023-05-06T19:13:59.513626+00:00 [running]> on host 49f85d1317d0
[2023-05-06T19:33:13.948+0000] {taskinstance.py:1570} INFO - Exporting env vars: AIRFLOW_CTX_DAG_OWNER='Ananta Moharana' AIRFLOW_CTX_DAG_ID='Summer_Warped_ETL' AIRFLOW_CTX_TASK_ID='GetSongsFromPlaylist' AIRFLOW_CTX_EXECUTION_DATE='2023-05-06T19:13:59.513626+00:00' AIRFLOW_CTX_TRY_NUMBER='5' AIRFLOW_CTX_DAG_RUN_ID='manual__2023-05-06T19:13:59.513626+00:00'
[2023-05-06T19:33:14.320+0000] {logging_mixin.py:149} INFO - 100
[2023-05-06T19:33:14.321+0000] {logging_mixin.py:149} INFO - 0
[2023-05-06T19:33:14.323+0000] {logging_mixin.py:149} INFO - 1
[2023-05-06T19:33:14.326+0000] {logging_mixin.py:149} INFO - 2
[2023-05-06T19:33:14.327+0000] {logging_mixin.py:149} INFO - 3
[2023-05-06T19:33:14.328+0000] {logging_mixin.py:149} INFO - 4
[2023-05-06T19:33:14.336+0000] {logging_mixin.py:149} INFO - 5
[2023-05-06T19:33:14.337+0000] {logging_mixin.py:149} INFO - 6
[2023-05-06T19:33:14.340+0000] {logging_mixin.py:149} INFO - 7
[2023-05-06T19:33:14.343+0000] {logging_mixin.py:149} INFO - 8
[2023-05-06T19:33:14.344+0000] {logging_mixin.py:149} INFO - 9
[2023-05-06T19:33:14.345+0000] {logging_mixin.py:149} INFO - 10
[2023-05-06T19:33:14.347+0000] {logging_mixin.py:149} INFO - 11
[2023-05-06T19:33:14.349+0000] {logging_mixin.py:149} INFO - 12
[2023-05-06T19:33:14.350+0000] {logging_mixin.py:149} INFO - 13
[2023-05-06T19:33:14.351+0000] {logging_mixin.py:149} INFO - 14
[2023-05-06T19:33:14.353+0000] {logging_mixin.py:149} INFO - 15
[2023-05-06T19:33:14.354+0000] {logging_mixin.py:149} INFO - 16
[2023-05-06T19:33:14.355+0000] {logging_mixin.py:149} INFO - 17
[2023-05-06T19:33:14.357+0000] {logging_mixin.py:149} INFO - 18
[2023-05-06T19:33:14.358+0000] {logging_mixin.py:149} INFO - 19
[2023-05-06T19:33:14.359+0000] {logging_mixin.py:149} INFO - 20
[2023-05-06T19:33:14.360+0000] {logging_mixin.py:149} INFO - 21
[2023-05-06T19:33:14.361+0000] {logging_mixin.py:149} INFO - 22
[2023-05-06T19:33:14.363+0000] {logging_mixin.py:149} INFO - 23
[2023-05-06T19:33:14.364+0000] {logging_mixin.py:149} INFO - 24
[2023-05-06T19:33:14.365+0000] {logging_mixin.py:149} INFO - 25
[2023-05-06T19:33:14.366+0000] {logging_mixin.py:149} INFO - 26
[2023-05-06T19:33:14.367+0000] {logging_mixin.py:149} INFO - 27
[2023-05-06T19:33:14.370+0000] {logging_mixin.py:149} INFO - 28
[2023-05-06T19:33:14.371+0000] {logging_mixin.py:149} INFO - 29
[2023-05-06T19:33:14.372+0000] {logging_mixin.py:149} INFO - 30
[2023-05-06T19:33:14.373+0000] {logging_mixin.py:149} INFO - 31
[2023-05-06T19:33:14.375+0000] {logging_mixin.py:149} INFO - 32
[2023-05-06T19:33:14.376+0000] {logging_mixin.py:149} INFO - 33
[2023-05-06T19:33:14.377+0000] {logging_mixin.py:149} INFO - 34
[2023-05-06T19:33:14.378+0000] {logging_mixin.py:149} INFO - 35
[2023-05-06T19:33:14.380+0000] {logging_mixin.py:149} INFO - 36
[2023-05-06T19:33:14.382+0000] {logging_mixin.py:149} INFO - 37
[2023-05-06T19:33:14.383+0000] {logging_mixin.py:149} INFO - 38
[2023-05-06T19:33:14.384+0000] {logging_mixin.py:149} INFO - 39
[2023-05-06T19:33:14.386+0000] {logging_mixin.py:149} INFO - 40
[2023-05-06T19:33:14.388+0000] {logging_mixin.py:149} INFO - 41
[2023-05-06T19:33:14.389+0000] {logging_mixin.py:149} INFO - 42
[2023-05-06T19:33:14.390+0000] {logging_mixin.py:149} INFO - 43
[2023-05-06T19:33:14.391+0000] {logging_mixin.py:149} INFO - 44
[2023-05-06T19:33:14.392+0000] {logging_mixin.py:149} INFO - 45
[2023-05-06T19:33:14.394+0000] {logging_mixin.py:149} INFO - 46
[2023-05-06T19:33:14.396+0000] {logging_mixin.py:149} INFO - 47
[2023-05-06T19:33:14.398+0000] {logging_mixin.py:149} INFO - 48
[2023-05-06T19:33:14.399+0000] {logging_mixin.py:149} INFO - 49
[2023-05-06T19:33:14.400+0000] {logging_mixin.py:149} INFO - 50
[2023-05-06T19:33:14.401+0000] {logging_mixin.py:149} INFO - 51
[2023-05-06T19:33:14.402+0000] {logging_mixin.py:149} INFO - 52
[2023-05-06T19:33:14.403+0000] {logging_mixin.py:149} INFO - 53
[2023-05-06T19:33:14.405+0000] {logging_mixin.py:149} INFO - 54
[2023-05-06T19:33:14.406+0000] {logging_mixin.py:149} INFO - 55
[2023-05-06T19:33:14.407+0000] {logging_mixin.py:149} INFO - 56
[2023-05-06T19:33:14.409+0000] {logging_mixin.py:149} INFO - 57
[2023-05-06T19:33:14.410+0000] {logging_mixin.py:149} INFO - 58
[2023-05-06T19:33:14.411+0000] {logging_mixin.py:149} INFO - 59
[2023-05-06T19:33:14.413+0000] {logging_mixin.py:149} INFO - 60
[2023-05-06T19:33:14.414+0000] {logging_mixin.py:149} INFO - 61
[2023-05-06T19:33:14.415+0000] {logging_mixin.py:149} INFO - 62
[2023-05-06T19:33:14.416+0000] {logging_mixin.py:149} INFO - 63
[2023-05-06T19:33:14.417+0000] {logging_mixin.py:149} INFO - 64
[2023-05-06T19:33:14.418+0000] {logging_mixin.py:149} INFO - 65
[2023-05-06T19:33:14.419+0000] {logging_mixin.py:149} INFO - 66
[2023-05-06T19:33:14.421+0000] {logging_mixin.py:149} INFO - 67
[2023-05-06T19:33:14.422+0000] {logging_mixin.py:149} INFO - 68
[2023-05-06T19:33:14.424+0000] {logging_mixin.py:149} INFO - 69
[2023-05-06T19:33:14.425+0000] {logging_mixin.py:149} INFO - 70
[2023-05-06T19:33:14.426+0000] {logging_mixin.py:149} INFO - 71
[2023-05-06T19:33:14.428+0000] {logging_mixin.py:149} INFO - 72
[2023-05-06T19:33:14.429+0000] {logging_mixin.py:149} INFO - 73
[2023-05-06T19:33:14.430+0000] {logging_mixin.py:149} INFO - 74
[2023-05-06T19:33:14.432+0000] {logging_mixin.py:149} INFO - 75
[2023-05-06T19:33:14.433+0000] {logging_mixin.py:149} INFO - 76
[2023-05-06T19:33:14.434+0000] {logging_mixin.py:149} INFO - 77
[2023-05-06T19:33:14.435+0000] {logging_mixin.py:149} INFO - 78
[2023-05-06T19:33:14.436+0000] {logging_mixin.py:149} INFO - 79
[2023-05-06T19:33:14.438+0000] {logging_mixin.py:149} INFO - 80
[2023-05-06T19:33:14.439+0000] {logging_mixin.py:149} INFO - 81
[2023-05-06T19:33:14.441+0000] {logging_mixin.py:149} INFO - 82
[2023-05-06T19:33:14.442+0000] {logging_mixin.py:149} INFO - 83
[2023-05-06T19:33:14.444+0000] {logging_mixin.py:149} INFO - 84
[2023-05-06T19:33:14.445+0000] {logging_mixin.py:149} INFO - 85
[2023-05-06T19:33:14.447+0000] {logging_mixin.py:149} INFO - 86
[2023-05-06T19:33:14.448+0000] {logging_mixin.py:149} INFO - 87
[2023-05-06T19:33:14.449+0000] {logging_mixin.py:149} INFO - 88
[2023-05-06T19:33:14.450+0000] {logging_mixin.py:149} INFO - 89
[2023-05-06T19:33:14.452+0000] {logging_mixin.py:149} INFO - 90
[2023-05-06T19:33:14.454+0000] {logging_mixin.py:149} INFO - 91
[2023-05-06T19:33:14.455+0000] {logging_mixin.py:149} INFO - 92
[2023-05-06T19:33:14.457+0000] {logging_mixin.py:149} INFO - 93
[2023-05-06T19:33:14.460+0000] {logging_mixin.py:149} INFO - 94
[2023-05-06T19:33:14.463+0000] {logging_mixin.py:149} INFO - 95
[2023-05-06T19:33:14.464+0000] {logging_mixin.py:149} INFO - 96
[2023-05-06T19:33:14.465+0000] {logging_mixin.py:149} INFO - 97
[2023-05-06T19:33:14.466+0000] {logging_mixin.py:149} INFO - 98
[2023-05-06T19:33:14.467+0000] {logging_mixin.py:149} INFO - 99
[2023-05-06T19:33:14.483+0000] {python.py:183} INFO - Done. Returned value was: None
[2023-05-06T19:33:14.491+0000] {taskinstance.py:1373} INFO - Marking task as SUCCESS. dag_id=Summer_Warped_ETL, task_id=GetSongsFromPlaylist, execution_date=20230506T191359, start_date=20230506T193313, end_date=20230506T193314
[2023-05-06T19:33:14.521+0000] {local_task_job_runner.py:232} INFO - Task exited with return code 0
[2023-05-06T19:33:14.542+0000] {taskinstance.py:2674} INFO - 2 downstream tasks scheduled from follow-on schedule check
