[2023-05-06T19:55:25.768+0000] {taskinstance.py:1125} INFO - Dependencies all met for dep_context=non-requeueable deps ti=<TaskInstance: Summer_Warped_ETL.GetSongsFromPlaylist manual__2023-05-06T19:13:59.513626+00:00 [queued]>
[2023-05-06T19:55:25.773+0000] {taskinstance.py:1125} INFO - Dependencies all met for dep_context=requeueable deps ti=<TaskInstance: Summer_Warped_ETL.GetSongsFromPlaylist manual__2023-05-06T19:13:59.513626+00:00 [queued]>
[2023-05-06T19:55:25.774+0000] {taskinstance.py:1331} INFO - Starting attempt 7 of 9
[2023-05-06T19:55:25.781+0000] {taskinstance.py:1350} INFO - Executing <Task(PythonOperator): GetSongsFromPlaylist> on 2023-05-06 19:13:59.513626+00:00
[2023-05-06T19:55:25.787+0000] {standard_task_runner.py:57} INFO - Started process 4309 to run task
[2023-05-06T19:55:25.790+0000] {standard_task_runner.py:84} INFO - Running: ['***', 'tasks', 'run', 'Summer_Warped_ETL', 'GetSongsFromPlaylist', 'manual__2023-05-06T19:13:59.513626+00:00', '--job-id', '271', '--raw', '--subdir', 'DAGS_FOLDER/warped-dag.py', '--cfg-path', '/tmp/tmpyeh5l329']
[2023-05-06T19:55:25.791+0000] {standard_task_runner.py:85} INFO - Job 271: Subtask GetSongsFromPlaylist
[2023-05-06T19:55:25.825+0000] {task_command.py:410} INFO - Running <TaskInstance: Summer_Warped_ETL.GetSongsFromPlaylist manual__2023-05-06T19:13:59.513626+00:00 [running]> on host 49f85d1317d0
[2023-05-06T19:55:25.879+0000] {taskinstance.py:1570} INFO - Exporting env vars: AIRFLOW_CTX_DAG_OWNER='Ananta Moharana' AIRFLOW_CTX_DAG_ID='Summer_Warped_ETL' AIRFLOW_CTX_TASK_ID='GetSongsFromPlaylist' AIRFLOW_CTX_EXECUTION_DATE='2023-05-06T19:13:59.513626+00:00' AIRFLOW_CTX_TRY_NUMBER='7' AIRFLOW_CTX_DAG_RUN_ID='manual__2023-05-06T19:13:59.513626+00:00'
[2023-05-06T19:55:26.236+0000] {logging_mixin.py:149} INFO - 100
[2023-05-06T19:55:26.237+0000] {logging_mixin.py:149} INFO - 0
[2023-05-06T19:55:26.241+0000] {logging_mixin.py:149} INFO - 1
[2023-05-06T19:55:26.244+0000] {logging_mixin.py:149} INFO - 2
[2023-05-06T19:55:26.246+0000] {logging_mixin.py:149} INFO - 3
[2023-05-06T19:55:26.247+0000] {logging_mixin.py:149} INFO - 4
[2023-05-06T19:55:26.249+0000] {logging_mixin.py:149} INFO - 5
[2023-05-06T19:55:26.250+0000] {logging_mixin.py:149} INFO - 6
[2023-05-06T19:55:26.252+0000] {logging_mixin.py:149} INFO - 7
[2023-05-06T19:55:26.254+0000] {logging_mixin.py:149} INFO - 8
[2023-05-06T19:55:26.255+0000] {logging_mixin.py:149} INFO - 9
[2023-05-06T19:55:26.256+0000] {logging_mixin.py:149} INFO - 10
[2023-05-06T19:55:26.258+0000] {logging_mixin.py:149} INFO - 11
[2023-05-06T19:55:26.259+0000] {logging_mixin.py:149} INFO - 12
[2023-05-06T19:55:26.260+0000] {logging_mixin.py:149} INFO - 13
[2023-05-06T19:55:26.262+0000] {logging_mixin.py:149} INFO - 14
[2023-05-06T19:55:26.263+0000] {logging_mixin.py:149} INFO - 15
[2023-05-06T19:55:26.264+0000] {logging_mixin.py:149} INFO - 16
[2023-05-06T19:55:26.265+0000] {logging_mixin.py:149} INFO - 17
[2023-05-06T19:55:26.267+0000] {logging_mixin.py:149} INFO - 18
[2023-05-06T19:55:26.268+0000] {logging_mixin.py:149} INFO - 19
[2023-05-06T19:55:26.269+0000] {logging_mixin.py:149} INFO - 20
[2023-05-06T19:55:26.270+0000] {logging_mixin.py:149} INFO - 21
[2023-05-06T19:55:26.271+0000] {logging_mixin.py:149} INFO - 22
[2023-05-06T19:55:26.273+0000] {logging_mixin.py:149} INFO - 23
[2023-05-06T19:55:26.274+0000] {logging_mixin.py:149} INFO - 24
[2023-05-06T19:55:26.275+0000] {logging_mixin.py:149} INFO - 25
[2023-05-06T19:55:26.276+0000] {logging_mixin.py:149} INFO - 26
[2023-05-06T19:55:26.277+0000] {logging_mixin.py:149} INFO - 27
[2023-05-06T19:55:26.280+0000] {logging_mixin.py:149} INFO - 28
[2023-05-06T19:55:26.281+0000] {logging_mixin.py:149} INFO - 29
[2023-05-06T19:55:26.282+0000] {logging_mixin.py:149} INFO - 30
[2023-05-06T19:55:26.284+0000] {logging_mixin.py:149} INFO - 31
[2023-05-06T19:55:26.285+0000] {logging_mixin.py:149} INFO - 32
[2023-05-06T19:55:26.286+0000] {logging_mixin.py:149} INFO - 33
[2023-05-06T19:55:26.287+0000] {logging_mixin.py:149} INFO - 34
[2023-05-06T19:55:26.288+0000] {logging_mixin.py:149} INFO - 35
[2023-05-06T19:55:26.290+0000] {logging_mixin.py:149} INFO - 36
[2023-05-06T19:55:26.292+0000] {logging_mixin.py:149} INFO - 37
[2023-05-06T19:55:26.293+0000] {logging_mixin.py:149} INFO - 38
[2023-05-06T19:55:26.294+0000] {logging_mixin.py:149} INFO - 39
[2023-05-06T19:55:26.296+0000] {logging_mixin.py:149} INFO - 40
[2023-05-06T19:55:26.297+0000] {logging_mixin.py:149} INFO - 41
[2023-05-06T19:55:26.298+0000] {logging_mixin.py:149} INFO - 42
[2023-05-06T19:55:26.299+0000] {logging_mixin.py:149} INFO - 43
[2023-05-06T19:55:26.300+0000] {logging_mixin.py:149} INFO - 44
[2023-05-06T19:55:26.302+0000] {logging_mixin.py:149} INFO - 45
[2023-05-06T19:55:26.303+0000] {logging_mixin.py:149} INFO - 46
[2023-05-06T19:55:26.305+0000] {logging_mixin.py:149} INFO - 47
[2023-05-06T19:55:26.306+0000] {logging_mixin.py:149} INFO - 48
[2023-05-06T19:55:26.307+0000] {logging_mixin.py:149} INFO - 49
[2023-05-06T19:55:26.308+0000] {logging_mixin.py:149} INFO - 50
[2023-05-06T19:55:26.309+0000] {logging_mixin.py:149} INFO - 51
[2023-05-06T19:55:26.310+0000] {logging_mixin.py:149} INFO - 52
[2023-05-06T19:55:26.312+0000] {logging_mixin.py:149} INFO - 53
[2023-05-06T19:55:26.313+0000] {logging_mixin.py:149} INFO - 54
[2023-05-06T19:55:26.314+0000] {logging_mixin.py:149} INFO - 55
[2023-05-06T19:55:26.315+0000] {logging_mixin.py:149} INFO - 56
[2023-05-06T19:55:26.316+0000] {logging_mixin.py:149} INFO - 57
[2023-05-06T19:55:26.317+0000] {logging_mixin.py:149} INFO - 58
[2023-05-06T19:55:26.319+0000] {logging_mixin.py:149} INFO - 59
[2023-05-06T19:55:26.320+0000] {logging_mixin.py:149} INFO - 60
[2023-05-06T19:55:26.321+0000] {logging_mixin.py:149} INFO - 61
[2023-05-06T19:55:26.322+0000] {logging_mixin.py:149} INFO - 62
[2023-05-06T19:55:26.323+0000] {logging_mixin.py:149} INFO - 63
[2023-05-06T19:55:26.324+0000] {logging_mixin.py:149} INFO - 64
[2023-05-06T19:55:26.325+0000] {logging_mixin.py:149} INFO - 65
[2023-05-06T19:55:26.326+0000] {logging_mixin.py:149} INFO - 66
[2023-05-06T19:55:26.328+0000] {logging_mixin.py:149} INFO - 67
[2023-05-06T19:55:26.329+0000] {logging_mixin.py:149} INFO - 68
[2023-05-06T19:55:26.330+0000] {logging_mixin.py:149} INFO - 69
[2023-05-06T19:55:26.331+0000] {logging_mixin.py:149} INFO - 70
[2023-05-06T19:55:26.333+0000] {logging_mixin.py:149} INFO - 71
[2023-05-06T19:55:26.334+0000] {logging_mixin.py:149} INFO - 72
[2023-05-06T19:55:26.336+0000] {logging_mixin.py:149} INFO - 73
[2023-05-06T19:55:26.337+0000] {logging_mixin.py:149} INFO - 74
[2023-05-06T19:55:26.338+0000] {logging_mixin.py:149} INFO - 75
[2023-05-06T19:55:26.339+0000] {logging_mixin.py:149} INFO - 76
[2023-05-06T19:55:26.340+0000] {logging_mixin.py:149} INFO - 77
[2023-05-06T19:55:26.342+0000] {logging_mixin.py:149} INFO - 78
[2023-05-06T19:55:26.343+0000] {logging_mixin.py:149} INFO - 79
[2023-05-06T19:55:26.344+0000] {logging_mixin.py:149} INFO - 80
[2023-05-06T19:55:26.346+0000] {logging_mixin.py:149} INFO - 81
[2023-05-06T19:55:26.348+0000] {logging_mixin.py:149} INFO - 82
[2023-05-06T19:55:26.349+0000] {logging_mixin.py:149} INFO - 83
[2023-05-06T19:55:26.351+0000] {logging_mixin.py:149} INFO - 84
[2023-05-06T19:55:26.352+0000] {logging_mixin.py:149} INFO - 85
[2023-05-06T19:55:26.354+0000] {logging_mixin.py:149} INFO - 86
[2023-05-06T19:55:26.355+0000] {logging_mixin.py:149} INFO - 87
[2023-05-06T19:55:26.356+0000] {logging_mixin.py:149} INFO - 88
[2023-05-06T19:55:26.357+0000] {logging_mixin.py:149} INFO - 89
[2023-05-06T19:55:26.360+0000] {logging_mixin.py:149} INFO - 90
[2023-05-06T19:55:26.361+0000] {logging_mixin.py:149} INFO - 91
[2023-05-06T19:55:26.363+0000] {logging_mixin.py:149} INFO - 92
[2023-05-06T19:55:26.364+0000] {logging_mixin.py:149} INFO - 93
[2023-05-06T19:55:26.367+0000] {logging_mixin.py:149} INFO - 94
[2023-05-06T19:55:26.369+0000] {logging_mixin.py:149} INFO - 95
[2023-05-06T19:55:26.370+0000] {logging_mixin.py:149} INFO - 96
[2023-05-06T19:55:26.371+0000] {logging_mixin.py:149} INFO - 97
[2023-05-06T19:55:26.372+0000] {logging_mixin.py:149} INFO - 98
[2023-05-06T19:55:26.373+0000] {logging_mixin.py:149} INFO - 99
[2023-05-06T19:55:26.388+0000] {python.py:183} INFO - Done. Returned value was: None
[2023-05-06T19:55:26.398+0000] {taskinstance.py:1373} INFO - Marking task as SUCCESS. dag_id=Summer_Warped_ETL, task_id=GetSongsFromPlaylist, execution_date=20230506T191359, start_date=20230506T195525, end_date=20230506T195526
[2023-05-06T19:55:26.457+0000] {local_task_job_runner.py:232} INFO - Task exited with return code 0
[2023-05-06T19:55:26.480+0000] {taskinstance.py:2674} INFO - 2 downstream tasks scheduled from follow-on schedule check
