[2023-05-09T18:56:16.090+0000] {taskinstance.py:1125} INFO - Dependencies all met for dep_context=non-requeueable deps ti=<TaskInstance: Summer_Warped_ETL.GetSongsFromPlaylist manual__2023-05-09T18:56:12.065687+00:00 [queued]>
[2023-05-09T18:56:16.096+0000] {taskinstance.py:1125} INFO - Dependencies all met for dep_context=requeueable deps ti=<TaskInstance: Summer_Warped_ETL.GetSongsFromPlaylist manual__2023-05-09T18:56:12.065687+00:00 [queued]>
[2023-05-09T18:56:16.096+0000] {taskinstance.py:1331} INFO - Starting attempt 1 of 3
[2023-05-09T18:56:16.104+0000] {taskinstance.py:1350} INFO - Executing <Task(PythonOperator): GetSongsFromPlaylist> on 2023-05-09 18:56:12.065687+00:00
[2023-05-09T18:56:16.109+0000] {standard_task_runner.py:57} INFO - Started process 2857 to run task
[2023-05-09T18:56:16.114+0000] {standard_task_runner.py:84} INFO - Running: ['***', 'tasks', 'run', 'Summer_Warped_ETL', 'GetSongsFromPlaylist', 'manual__2023-05-09T18:56:12.065687+00:00', '--job-id', '2881', '--raw', '--subdir', 'DAGS_FOLDER/warped-dag.py', '--cfg-path', '/tmp/tmpysx1b409']
[2023-05-09T18:56:16.115+0000] {standard_task_runner.py:85} INFO - Job 2881: Subtask GetSongsFromPlaylist
[2023-05-09T18:56:16.154+0000] {task_command.py:410} INFO - Running <TaskInstance: Summer_Warped_ETL.GetSongsFromPlaylist manual__2023-05-09T18:56:12.065687+00:00 [running]> on host 544e3a3b1eb2
[2023-05-09T18:56:16.211+0000] {taskinstance.py:1570} INFO - Exporting env vars: AIRFLOW_CTX_DAG_OWNER='Ananta Moharana' AIRFLOW_CTX_DAG_ID='Summer_Warped_ETL' AIRFLOW_CTX_TASK_ID='GetSongsFromPlaylist' AIRFLOW_CTX_EXECUTION_DATE='2023-05-09T18:56:12.065687+00:00' AIRFLOW_CTX_TRY_NUMBER='1' AIRFLOW_CTX_DAG_RUN_ID='manual__2023-05-09T18:56:12.065687+00:00'
[2023-05-09T18:56:16.629+0000] {logging_mixin.py:149} INFO - 100
[2023-05-09T18:56:16.630+0000] {logging_mixin.py:149} INFO - 0
[2023-05-09T18:56:16.635+0000] {logging_mixin.py:149} INFO - 1
[2023-05-09T18:56:16.638+0000] {logging_mixin.py:149} INFO - 2
[2023-05-09T18:56:16.640+0000] {logging_mixin.py:149} INFO - 3
[2023-05-09T18:56:16.643+0000] {logging_mixin.py:149} INFO - 4
[2023-05-09T18:56:16.646+0000] {logging_mixin.py:149} INFO - 5
[2023-05-09T18:56:16.648+0000] {logging_mixin.py:149} INFO - 6
[2023-05-09T18:56:16.655+0000] {logging_mixin.py:149} INFO - 7
[2023-05-09T18:56:16.659+0000] {logging_mixin.py:149} INFO - 8
[2023-05-09T18:56:16.661+0000] {logging_mixin.py:149} INFO - 9
[2023-05-09T18:56:16.663+0000] {logging_mixin.py:149} INFO - 10
[2023-05-09T18:56:16.665+0000] {logging_mixin.py:149} INFO - 11
[2023-05-09T18:56:16.668+0000] {logging_mixin.py:149} INFO - 12
[2023-05-09T18:56:16.670+0000] {logging_mixin.py:149} INFO - 13
[2023-05-09T18:56:16.673+0000] {logging_mixin.py:149} INFO - 14
[2023-05-09T18:56:16.677+0000] {logging_mixin.py:149} INFO - 15
[2023-05-09T18:56:16.680+0000] {logging_mixin.py:149} INFO - 16
[2023-05-09T18:56:16.683+0000] {logging_mixin.py:149} INFO - 17
[2023-05-09T18:56:16.685+0000] {logging_mixin.py:149} INFO - 18
[2023-05-09T18:56:16.689+0000] {logging_mixin.py:149} INFO - 19
[2023-05-09T18:56:16.694+0000] {logging_mixin.py:149} INFO - 20
[2023-05-09T18:56:16.705+0000] {logging_mixin.py:149} INFO - 21
[2023-05-09T18:56:16.731+0000] {logging_mixin.py:149} INFO - 22
[2023-05-09T18:56:16.741+0000] {logging_mixin.py:149} INFO - 23
[2023-05-09T18:56:16.771+0000] {logging_mixin.py:149} INFO - 24
[2023-05-09T18:56:16.789+0000] {logging_mixin.py:149} INFO - 25
[2023-05-09T18:56:16.809+0000] {logging_mixin.py:149} INFO - 26
[2023-05-09T18:56:16.813+0000] {logging_mixin.py:149} INFO - 27
[2023-05-09T18:56:16.819+0000] {logging_mixin.py:149} INFO - 28
[2023-05-09T18:56:16.829+0000] {logging_mixin.py:149} INFO - 29
[2023-05-09T18:56:16.837+0000] {logging_mixin.py:149} INFO - 30
[2023-05-09T18:56:16.839+0000] {logging_mixin.py:149} INFO - 31
[2023-05-09T18:56:16.843+0000] {logging_mixin.py:149} INFO - 32
[2023-05-09T18:56:16.852+0000] {logging_mixin.py:149} INFO - 33
[2023-05-09T18:56:16.864+0000] {logging_mixin.py:149} INFO - 34
[2023-05-09T18:56:16.870+0000] {logging_mixin.py:149} INFO - 35
[2023-05-09T18:56:16.879+0000] {logging_mixin.py:149} INFO - 36
[2023-05-09T18:56:16.881+0000] {logging_mixin.py:149} INFO - 37
[2023-05-09T18:56:16.884+0000] {logging_mixin.py:149} INFO - 38
[2023-05-09T18:56:16.888+0000] {logging_mixin.py:149} INFO - 39
[2023-05-09T18:56:16.890+0000] {logging_mixin.py:149} INFO - 40
[2023-05-09T18:56:16.893+0000] {logging_mixin.py:149} INFO - 41
[2023-05-09T18:56:16.895+0000] {logging_mixin.py:149} INFO - 42
[2023-05-09T18:56:16.898+0000] {logging_mixin.py:149} INFO - 43
[2023-05-09T18:56:16.901+0000] {logging_mixin.py:149} INFO - 44
[2023-05-09T18:56:16.902+0000] {logging_mixin.py:149} INFO - 45
[2023-05-09T18:56:16.904+0000] {logging_mixin.py:149} INFO - 46
[2023-05-09T18:56:16.905+0000] {logging_mixin.py:149} INFO - 47
[2023-05-09T18:56:16.907+0000] {logging_mixin.py:149} INFO - 48
[2023-05-09T18:56:16.910+0000] {logging_mixin.py:149} INFO - 49
[2023-05-09T18:56:16.911+0000] {logging_mixin.py:149} INFO - 50
[2023-05-09T18:56:16.913+0000] {logging_mixin.py:149} INFO - 51
[2023-05-09T18:56:16.914+0000] {logging_mixin.py:149} INFO - 52
[2023-05-09T18:56:16.916+0000] {logging_mixin.py:149} INFO - 53
[2023-05-09T18:56:16.917+0000] {logging_mixin.py:149} INFO - 54
[2023-05-09T18:56:16.919+0000] {logging_mixin.py:149} INFO - 55
[2023-05-09T18:56:16.921+0000] {logging_mixin.py:149} INFO - 56
[2023-05-09T18:56:16.923+0000] {logging_mixin.py:149} INFO - 57
[2023-05-09T18:56:16.924+0000] {logging_mixin.py:149} INFO - 58
[2023-05-09T18:56:16.925+0000] {logging_mixin.py:149} INFO - 59
[2023-05-09T18:56:16.927+0000] {logging_mixin.py:149} INFO - 60
[2023-05-09T18:56:16.928+0000] {logging_mixin.py:149} INFO - 61
[2023-05-09T18:56:16.929+0000] {logging_mixin.py:149} INFO - 62
[2023-05-09T18:56:16.931+0000] {logging_mixin.py:149} INFO - 63
[2023-05-09T18:56:16.932+0000] {logging_mixin.py:149} INFO - 64
[2023-05-09T18:56:16.933+0000] {logging_mixin.py:149} INFO - 65
[2023-05-09T18:56:16.935+0000] {logging_mixin.py:149} INFO - 66
[2023-05-09T18:56:16.936+0000] {logging_mixin.py:149} INFO - 67
[2023-05-09T18:56:16.938+0000] {logging_mixin.py:149} INFO - 68
[2023-05-09T18:56:16.940+0000] {logging_mixin.py:149} INFO - 69
[2023-05-09T18:56:16.941+0000] {logging_mixin.py:149} INFO - 70
[2023-05-09T18:56:16.942+0000] {logging_mixin.py:149} INFO - 71
[2023-05-09T18:56:16.943+0000] {logging_mixin.py:149} INFO - 72
[2023-05-09T18:56:16.945+0000] {logging_mixin.py:149} INFO - 73
[2023-05-09T18:56:16.946+0000] {logging_mixin.py:149} INFO - 74
[2023-05-09T18:56:16.948+0000] {logging_mixin.py:149} INFO - 75
[2023-05-09T18:56:16.950+0000] {logging_mixin.py:149} INFO - 76
[2023-05-09T18:56:16.951+0000] {logging_mixin.py:149} INFO - 77
[2023-05-09T18:56:16.952+0000] {logging_mixin.py:149} INFO - 78
[2023-05-09T18:56:16.954+0000] {logging_mixin.py:149} INFO - 79
[2023-05-09T18:56:16.956+0000] {logging_mixin.py:149} INFO - 80
[2023-05-09T18:56:16.957+0000] {logging_mixin.py:149} INFO - 81
[2023-05-09T18:56:16.959+0000] {logging_mixin.py:149} INFO - 82
[2023-05-09T18:56:16.961+0000] {logging_mixin.py:149} INFO - 83
[2023-05-09T18:56:16.962+0000] {logging_mixin.py:149} INFO - 84
[2023-05-09T18:56:16.963+0000] {logging_mixin.py:149} INFO - 85
[2023-05-09T18:56:16.965+0000] {logging_mixin.py:149} INFO - 86
[2023-05-09T18:56:16.967+0000] {logging_mixin.py:149} INFO - 87
[2023-05-09T18:56:16.968+0000] {logging_mixin.py:149} INFO - 88
[2023-05-09T18:56:16.970+0000] {logging_mixin.py:149} INFO - 89
[2023-05-09T18:56:16.972+0000] {logging_mixin.py:149} INFO - 90
[2023-05-09T18:56:16.975+0000] {logging_mixin.py:149} INFO - 91
[2023-05-09T18:56:16.976+0000] {logging_mixin.py:149} INFO - 92
[2023-05-09T18:56:16.978+0000] {logging_mixin.py:149} INFO - 93
[2023-05-09T18:56:16.980+0000] {logging_mixin.py:149} INFO - 94
[2023-05-09T18:56:16.982+0000] {logging_mixin.py:149} INFO - 95
[2023-05-09T18:56:16.984+0000] {logging_mixin.py:149} INFO - 96
[2023-05-09T18:56:16.985+0000] {logging_mixin.py:149} INFO - 97
[2023-05-09T18:56:16.987+0000] {logging_mixin.py:149} INFO - 98
[2023-05-09T18:56:16.990+0000] {logging_mixin.py:149} INFO - 99
[2023-05-09T18:56:17.011+0000] {python.py:183} INFO - Done. Returned value was: None
[2023-05-09T18:56:17.025+0000] {taskinstance.py:1373} INFO - Marking task as SUCCESS. dag_id=Summer_Warped_ETL, task_id=GetSongsFromPlaylist, execution_date=20230509T185612, start_date=20230509T185616, end_date=20230509T185617
[2023-05-09T18:56:17.069+0000] {local_task_job_runner.py:232} INFO - Task exited with return code 0
[2023-05-09T18:56:17.100+0000] {taskinstance.py:2674} INFO - 2 downstream tasks scheduled from follow-on schedule check
