[2023-05-09T19:00:37.708+0000] {taskinstance.py:1125} INFO - Dependencies all met for dep_context=non-requeueable deps ti=<TaskInstance: Summer_Warped_ETL.GetSongsFromPlaylist manual__2023-05-09T18:56:12.065687+00:00 [queued]>
[2023-05-09T19:00:37.713+0000] {taskinstance.py:1125} INFO - Dependencies all met for dep_context=requeueable deps ti=<TaskInstance: Summer_Warped_ETL.GetSongsFromPlaylist manual__2023-05-09T18:56:12.065687+00:00 [queued]>
[2023-05-09T19:00:37.714+0000] {taskinstance.py:1331} INFO - Starting attempt 2 of 4
[2023-05-09T19:00:37.721+0000] {taskinstance.py:1350} INFO - Executing <Task(PythonOperator): GetSongsFromPlaylist> on 2023-05-09 18:56:12.065687+00:00
[2023-05-09T19:00:37.726+0000] {standard_task_runner.py:57} INFO - Started process 3070 to run task
[2023-05-09T19:00:37.729+0000] {standard_task_runner.py:84} INFO - Running: ['***', 'tasks', 'run', 'Summer_Warped_ETL', 'GetSongsFromPlaylist', 'manual__2023-05-09T18:56:12.065687+00:00', '--job-id', '2921', '--raw', '--subdir', 'DAGS_FOLDER/warped-dag.py', '--cfg-path', '/tmp/tmp7b4gpx4o']
[2023-05-09T19:00:37.730+0000] {standard_task_runner.py:85} INFO - Job 2921: Subtask GetSongsFromPlaylist
[2023-05-09T19:00:37.765+0000] {task_command.py:410} INFO - Running <TaskInstance: Summer_Warped_ETL.GetSongsFromPlaylist manual__2023-05-09T18:56:12.065687+00:00 [running]> on host 544e3a3b1eb2
[2023-05-09T19:00:37.816+0000] {taskinstance.py:1570} INFO - Exporting env vars: AIRFLOW_CTX_DAG_OWNER='Ananta Moharana' AIRFLOW_CTX_DAG_ID='Summer_Warped_ETL' AIRFLOW_CTX_TASK_ID='GetSongsFromPlaylist' AIRFLOW_CTX_EXECUTION_DATE='2023-05-09T18:56:12.065687+00:00' AIRFLOW_CTX_TRY_NUMBER='2' AIRFLOW_CTX_DAG_RUN_ID='manual__2023-05-09T18:56:12.065687+00:00'
[2023-05-09T19:00:38.269+0000] {logging_mixin.py:149} INFO - 100
[2023-05-09T19:00:38.271+0000] {logging_mixin.py:149} INFO - 0
[2023-05-09T19:00:38.275+0000] {logging_mixin.py:149} INFO - 1
[2023-05-09T19:00:38.278+0000] {logging_mixin.py:149} INFO - 2
[2023-05-09T19:00:38.280+0000] {logging_mixin.py:149} INFO - 3
[2023-05-09T19:00:38.282+0000] {logging_mixin.py:149} INFO - 4
[2023-05-09T19:00:38.285+0000] {logging_mixin.py:149} INFO - 5
[2023-05-09T19:00:38.286+0000] {logging_mixin.py:149} INFO - 6
[2023-05-09T19:00:38.289+0000] {logging_mixin.py:149} INFO - 7
[2023-05-09T19:00:38.291+0000] {logging_mixin.py:149} INFO - 8
[2023-05-09T19:00:38.293+0000] {logging_mixin.py:149} INFO - 9
[2023-05-09T19:00:38.294+0000] {logging_mixin.py:149} INFO - 10
[2023-05-09T19:00:38.296+0000] {logging_mixin.py:149} INFO - 11
[2023-05-09T19:00:38.298+0000] {logging_mixin.py:149} INFO - 12
[2023-05-09T19:00:38.300+0000] {logging_mixin.py:149} INFO - 13
[2023-05-09T19:00:38.301+0000] {logging_mixin.py:149} INFO - 14
[2023-05-09T19:00:38.303+0000] {logging_mixin.py:149} INFO - 15
[2023-05-09T19:00:38.304+0000] {logging_mixin.py:149} INFO - 16
[2023-05-09T19:00:38.306+0000] {logging_mixin.py:149} INFO - 17
[2023-05-09T19:00:38.307+0000] {logging_mixin.py:149} INFO - 18
[2023-05-09T19:00:38.308+0000] {logging_mixin.py:149} INFO - 19
[2023-05-09T19:00:38.310+0000] {logging_mixin.py:149} INFO - 20
[2023-05-09T19:00:38.311+0000] {logging_mixin.py:149} INFO - 21
[2023-05-09T19:00:38.313+0000] {logging_mixin.py:149} INFO - 22
[2023-05-09T19:00:38.314+0000] {logging_mixin.py:149} INFO - 23
[2023-05-09T19:00:38.315+0000] {logging_mixin.py:149} INFO - 24
[2023-05-09T19:00:38.316+0000] {logging_mixin.py:149} INFO - 25
[2023-05-09T19:00:38.317+0000] {logging_mixin.py:149} INFO - 26
[2023-05-09T19:00:38.319+0000] {logging_mixin.py:149} INFO - 27
[2023-05-09T19:00:38.320+0000] {logging_mixin.py:149} INFO - 28
[2023-05-09T19:00:38.321+0000] {logging_mixin.py:149} INFO - 29
[2023-05-09T19:00:38.322+0000] {logging_mixin.py:149} INFO - 30
[2023-05-09T19:00:38.324+0000] {logging_mixin.py:149} INFO - 31
[2023-05-09T19:00:38.325+0000] {logging_mixin.py:149} INFO - 32
[2023-05-09T19:00:38.326+0000] {logging_mixin.py:149} INFO - 33
[2023-05-09T19:00:38.328+0000] {logging_mixin.py:149} INFO - 34
[2023-05-09T19:00:38.329+0000] {logging_mixin.py:149} INFO - 35
[2023-05-09T19:00:38.331+0000] {logging_mixin.py:149} INFO - 36
[2023-05-09T19:00:38.332+0000] {logging_mixin.py:149} INFO - 37
[2023-05-09T19:00:38.333+0000] {logging_mixin.py:149} INFO - 38
[2023-05-09T19:00:38.334+0000] {logging_mixin.py:149} INFO - 39
[2023-05-09T19:00:38.335+0000] {logging_mixin.py:149} INFO - 40
[2023-05-09T19:00:38.336+0000] {logging_mixin.py:149} INFO - 41
[2023-05-09T19:00:38.337+0000] {logging_mixin.py:149} INFO - 42
[2023-05-09T19:00:38.339+0000] {logging_mixin.py:149} INFO - 43
[2023-05-09T19:00:38.341+0000] {logging_mixin.py:149} INFO - 44
[2023-05-09T19:00:38.342+0000] {logging_mixin.py:149} INFO - 45
[2023-05-09T19:00:38.343+0000] {logging_mixin.py:149} INFO - 46
[2023-05-09T19:00:38.344+0000] {logging_mixin.py:149} INFO - 47
[2023-05-09T19:00:38.345+0000] {logging_mixin.py:149} INFO - 48
[2023-05-09T19:00:38.347+0000] {logging_mixin.py:149} INFO - 49
[2023-05-09T19:00:38.348+0000] {logging_mixin.py:149} INFO - 50
[2023-05-09T19:00:38.349+0000] {logging_mixin.py:149} INFO - 51
[2023-05-09T19:00:38.350+0000] {logging_mixin.py:149} INFO - 52
[2023-05-09T19:00:38.351+0000] {logging_mixin.py:149} INFO - 53
[2023-05-09T19:00:38.352+0000] {logging_mixin.py:149} INFO - 54
[2023-05-09T19:00:38.354+0000] {logging_mixin.py:149} INFO - 55
[2023-05-09T19:00:38.355+0000] {logging_mixin.py:149} INFO - 56
[2023-05-09T19:00:38.356+0000] {logging_mixin.py:149} INFO - 57
[2023-05-09T19:00:38.357+0000] {logging_mixin.py:149} INFO - 58
[2023-05-09T19:00:38.358+0000] {logging_mixin.py:149} INFO - 59
[2023-05-09T19:00:38.359+0000] {logging_mixin.py:149} INFO - 60
[2023-05-09T19:00:38.360+0000] {logging_mixin.py:149} INFO - 61
[2023-05-09T19:00:38.361+0000] {logging_mixin.py:149} INFO - 62
[2023-05-09T19:00:38.362+0000] {logging_mixin.py:149} INFO - 63
[2023-05-09T19:00:38.364+0000] {logging_mixin.py:149} INFO - 64
[2023-05-09T19:00:38.365+0000] {logging_mixin.py:149} INFO - 65
[2023-05-09T19:00:38.366+0000] {logging_mixin.py:149} INFO - 66
[2023-05-09T19:00:38.367+0000] {logging_mixin.py:149} INFO - 67
[2023-05-09T19:00:38.368+0000] {logging_mixin.py:149} INFO - 68
[2023-05-09T19:00:38.369+0000] {logging_mixin.py:149} INFO - 69
[2023-05-09T19:00:38.370+0000] {logging_mixin.py:149} INFO - 70
[2023-05-09T19:00:38.371+0000] {logging_mixin.py:149} INFO - 71
[2023-05-09T19:00:38.372+0000] {logging_mixin.py:149} INFO - 72
[2023-05-09T19:00:38.373+0000] {logging_mixin.py:149} INFO - 73
[2023-05-09T19:00:38.374+0000] {logging_mixin.py:149} INFO - 74
[2023-05-09T19:00:38.375+0000] {logging_mixin.py:149} INFO - 75
[2023-05-09T19:00:38.377+0000] {logging_mixin.py:149} INFO - 76
[2023-05-09T19:00:38.378+0000] {logging_mixin.py:149} INFO - 77
[2023-05-09T19:00:38.379+0000] {logging_mixin.py:149} INFO - 78
[2023-05-09T19:00:38.380+0000] {logging_mixin.py:149} INFO - 79
[2023-05-09T19:00:38.382+0000] {logging_mixin.py:149} INFO - 80
[2023-05-09T19:00:38.383+0000] {logging_mixin.py:149} INFO - 81
[2023-05-09T19:00:38.384+0000] {logging_mixin.py:149} INFO - 82
[2023-05-09T19:00:38.385+0000] {logging_mixin.py:149} INFO - 83
[2023-05-09T19:00:38.386+0000] {logging_mixin.py:149} INFO - 84
[2023-05-09T19:00:38.387+0000] {logging_mixin.py:149} INFO - 85
[2023-05-09T19:00:38.389+0000] {logging_mixin.py:149} INFO - 86
[2023-05-09T19:00:38.390+0000] {logging_mixin.py:149} INFO - 87
[2023-05-09T19:00:38.392+0000] {logging_mixin.py:149} INFO - 88
[2023-05-09T19:00:38.393+0000] {logging_mixin.py:149} INFO - 89
[2023-05-09T19:00:38.394+0000] {logging_mixin.py:149} INFO - 90
[2023-05-09T19:00:38.396+0000] {logging_mixin.py:149} INFO - 91
[2023-05-09T19:00:38.397+0000] {logging_mixin.py:149} INFO - 92
[2023-05-09T19:00:38.399+0000] {logging_mixin.py:149} INFO - 93
[2023-05-09T19:00:38.401+0000] {logging_mixin.py:149} INFO - 94
[2023-05-09T19:00:38.402+0000] {logging_mixin.py:149} INFO - 95
[2023-05-09T19:00:38.403+0000] {logging_mixin.py:149} INFO - 96
[2023-05-09T19:00:38.404+0000] {logging_mixin.py:149} INFO - 97
[2023-05-09T19:00:38.405+0000] {logging_mixin.py:149} INFO - 98
[2023-05-09T19:00:38.407+0000] {logging_mixin.py:149} INFO - 99
[2023-05-09T19:00:38.421+0000] {python.py:183} INFO - Done. Returned value was: None
[2023-05-09T19:00:38.428+0000] {taskinstance.py:1373} INFO - Marking task as SUCCESS. dag_id=Summer_Warped_ETL, task_id=GetSongsFromPlaylist, execution_date=20230509T185612, start_date=20230509T190037, end_date=20230509T190038
[2023-05-09T19:00:38.483+0000] {local_task_job_runner.py:232} INFO - Task exited with return code 0
[2023-05-09T19:00:38.507+0000] {taskinstance.py:2674} INFO - 2 downstream tasks scheduled from follow-on schedule check
