[2023-05-08T18:05:12.738+0000] {taskinstance.py:1125} INFO - Dependencies all met for dep_context=non-requeueable deps ti=<TaskInstance: Summer_Warped_ETL.LoadData.LoadSongFact manual__2023-05-08T18:04:10.743513+00:00 [queued]>
[2023-05-08T18:05:12.745+0000] {taskinstance.py:1125} INFO - Dependencies all met for dep_context=requeueable deps ti=<TaskInstance: Summer_Warped_ETL.LoadData.LoadSongFact manual__2023-05-08T18:04:10.743513+00:00 [queued]>
[2023-05-08T18:05:12.745+0000] {taskinstance.py:1331} INFO - Starting attempt 1 of 3
[2023-05-08T18:05:12.753+0000] {taskinstance.py:1350} INFO - Executing <Task(PythonOperator): LoadData.LoadSongFact> on 2023-05-08 18:04:10.743513+00:00
[2023-05-08T18:05:12.769+0000] {standard_task_runner.py:57} INFO - Started process 3360 to run task
[2023-05-08T18:05:12.774+0000] {standard_task_runner.py:84} INFO - Running: ['***', 'tasks', 'run', 'Summer_Warped_ETL', 'LoadData.LoadSongFact', 'manual__2023-05-08T18:04:10.743513+00:00', '--job-id', '2610', '--raw', '--subdir', 'DAGS_FOLDER/warped-dag.py', '--cfg-path', '/tmp/tmpz5c953n5']
[2023-05-08T18:05:12.775+0000] {standard_task_runner.py:85} INFO - Job 2610: Subtask LoadData.LoadSongFact
[2023-05-08T18:05:12.823+0000] {task_command.py:410} INFO - Running <TaskInstance: Summer_Warped_ETL.LoadData.LoadSongFact manual__2023-05-08T18:04:10.743513+00:00 [running]> on host 7b4753e133cb
[2023-05-08T18:05:12.884+0000] {taskinstance.py:1570} INFO - Exporting env vars: AIRFLOW_CTX_DAG_OWNER='Ananta Moharana' AIRFLOW_CTX_DAG_ID='Summer_Warped_ETL' AIRFLOW_CTX_TASK_ID='LoadData.LoadSongFact' AIRFLOW_CTX_EXECUTION_DATE='2023-05-08T18:04:10.743513+00:00' AIRFLOW_CTX_TRY_NUMBER='1' AIRFLOW_CTX_DAG_RUN_ID='manual__2023-05-08T18:04:10.743513+00:00'
[2023-05-08T18:05:12.888+0000] {logging_mixin.py:149} INFO - 2023-05/song_fact.csv
[2023-05-08T18:05:12.895+0000] {base.py:73} INFO - Using connection ID 'aws_connection' for task execution.
[2023-05-08T18:05:12.896+0000] {connection_wrapper.py:337} INFO - AWS Connection (conn_id='aws_connection', conn_type='aws') credentials retrieved from login and password.
[2023-05-08T18:05:13.207+0000] {logging_mixin.py:149} INFO -                   song_id  popularity        date
0  7evQqGTWfKz8hIHzLVzneT          45  2023-05-08
1  3PDNGdhCtiQemL14eKhCup          49  2023-05-08
2  1bLEa8W1VVMFBIwp9hKYTL          44  2023-05-08
3  7H74AdiJYM7hh4SYGrq9xe          53  2023-05-08
4  2SWK4LJWLyev4yVYIVhjEV          33  2023-05-08
[2023-05-08T18:05:13.208+0000] {logging_mixin.py:149} INFO - INSERT INTO song_fact (song_id,popularity,date) VALUES (%s,%s,%s) ON CONFLICT (song_id,date) DO UPDATE SET song_id=EXCLUDED.song_id,popularity=EXCLUDED.popularity,date=EXCLUDED.date
[2023-05-08T18:05:13.217+0000] {base.py:73} INFO - Using connection ID '***' for task execution.
[2023-05-08T18:05:13.227+0000] {sql.py:375} INFO - Running statement: INSERT INTO song_fact (song_id,popularity,date) VALUES (%s,%s,%s) ON CONFLICT (song_id,date) DO UPDATE SET song_id=EXCLUDED.song_id,popularity=EXCLUDED.popularity,date=EXCLUDED.date, parameters: ('7evQqGTWfKz8hIHzLVzneT', 45, '2023-05-08')
[2023-05-08T18:05:13.229+0000] {sql.py:384} INFO - Rows affected: 1
[2023-05-08T18:05:13.237+0000] {base.py:73} INFO - Using connection ID '***' for task execution.
[2023-05-08T18:05:13.245+0000] {sql.py:375} INFO - Running statement: INSERT INTO song_fact (song_id,popularity,date) VALUES (%s,%s,%s) ON CONFLICT (song_id,date) DO UPDATE SET song_id=EXCLUDED.song_id,popularity=EXCLUDED.popularity,date=EXCLUDED.date, parameters: ('3PDNGdhCtiQemL14eKhCup', 49, '2023-05-08')
[2023-05-08T18:05:13.247+0000] {sql.py:384} INFO - Rows affected: 1
[2023-05-08T18:05:13.254+0000] {base.py:73} INFO - Using connection ID '***' for task execution.
[2023-05-08T18:05:13.262+0000] {sql.py:375} INFO - Running statement: INSERT INTO song_fact (song_id,popularity,date) VALUES (%s,%s,%s) ON CONFLICT (song_id,date) DO UPDATE SET song_id=EXCLUDED.song_id,popularity=EXCLUDED.popularity,date=EXCLUDED.date, parameters: ('1bLEa8W1VVMFBIwp9hKYTL', 44, '2023-05-08')
[2023-05-08T18:05:13.263+0000] {sql.py:384} INFO - Rows affected: 1
[2023-05-08T18:05:13.270+0000] {base.py:73} INFO - Using connection ID '***' for task execution.
[2023-05-08T18:05:13.283+0000] {sql.py:375} INFO - Running statement: INSERT INTO song_fact (song_id,popularity,date) VALUES (%s,%s,%s) ON CONFLICT (song_id,date) DO UPDATE SET song_id=EXCLUDED.song_id,popularity=EXCLUDED.popularity,date=EXCLUDED.date, parameters: ('7H74AdiJYM7hh4SYGrq9xe', 53, '2023-05-08')
[2023-05-08T18:05:13.285+0000] {sql.py:384} INFO - Rows affected: 1
[2023-05-08T18:05:13.295+0000] {base.py:73} INFO - Using connection ID '***' for task execution.
[2023-05-08T18:05:13.305+0000] {sql.py:375} INFO - Running statement: INSERT INTO song_fact (song_id,popularity,date) VALUES (%s,%s,%s) ON CONFLICT (song_id,date) DO UPDATE SET song_id=EXCLUDED.song_id,popularity=EXCLUDED.popularity,date=EXCLUDED.date, parameters: ('2SWK4LJWLyev4yVYIVhjEV', 33, '2023-05-08')
[2023-05-08T18:05:13.307+0000] {sql.py:384} INFO - Rows affected: 1
[2023-05-08T18:05:13.315+0000] {base.py:73} INFO - Using connection ID '***' for task execution.
[2023-05-08T18:05:13.323+0000] {sql.py:375} INFO - Running statement: INSERT INTO song_fact (song_id,popularity,date) VALUES (%s,%s,%s) ON CONFLICT (song_id,date) DO UPDATE SET song_id=EXCLUDED.song_id,popularity=EXCLUDED.popularity,date=EXCLUDED.date, parameters: ('6PGqbqEuh9naY4DaZCfuFp', 40, '2023-05-08')
[2023-05-08T18:05:13.325+0000] {sql.py:384} INFO - Rows affected: 1
[2023-05-08T18:05:13.333+0000] {base.py:73} INFO - Using connection ID '***' for task execution.
[2023-05-08T18:05:13.341+0000] {sql.py:375} INFO - Running statement: INSERT INTO song_fact (song_id,popularity,date) VALUES (%s,%s,%s) ON CONFLICT (song_id,date) DO UPDATE SET song_id=EXCLUDED.song_id,popularity=EXCLUDED.popularity,date=EXCLUDED.date, parameters: ('7BQ1bO60AKrJdaHxfSeU0w', 41, '2023-05-08')
[2023-05-08T18:05:13.343+0000] {sql.py:384} INFO - Rows affected: 1
[2023-05-08T18:05:13.349+0000] {base.py:73} INFO - Using connection ID '***' for task execution.
[2023-05-08T18:05:13.356+0000] {sql.py:375} INFO - Running statement: INSERT INTO song_fact (song_id,popularity,date) VALUES (%s,%s,%s) ON CONFLICT (song_id,date) DO UPDATE SET song_id=EXCLUDED.song_id,popularity=EXCLUDED.popularity,date=EXCLUDED.date, parameters: ('3kx8NAbhl29I2bx1e5V1GS', 33, '2023-05-08')
[2023-05-08T18:05:13.357+0000] {sql.py:384} INFO - Rows affected: 1
[2023-05-08T18:05:13.364+0000] {base.py:73} INFO - Using connection ID '***' for task execution.
[2023-05-08T18:05:13.371+0000] {sql.py:375} INFO - Running statement: INSERT INTO song_fact (song_id,popularity,date) VALUES (%s,%s,%s) ON CONFLICT (song_id,date) DO UPDATE SET song_id=EXCLUDED.song_id,popularity=EXCLUDED.popularity,date=EXCLUDED.date, parameters: ('4A8XN6nMGahLTMLMPKVBKd', 37, '2023-05-08')
[2023-05-08T18:05:13.372+0000] {sql.py:384} INFO - Rows affected: 1
[2023-05-08T18:05:13.380+0000] {base.py:73} INFO - Using connection ID '***' for task execution.
[2023-05-08T18:05:13.387+0000] {sql.py:375} INFO - Running statement: INSERT INTO song_fact (song_id,popularity,date) VALUES (%s,%s,%s) ON CONFLICT (song_id,date) DO UPDATE SET song_id=EXCLUDED.song_id,popularity=EXCLUDED.popularity,date=EXCLUDED.date, parameters: ('1LmNhEkyaKl1mSJDNSNwjZ', 38, '2023-05-08')
[2023-05-08T18:05:13.389+0000] {sql.py:384} INFO - Rows affected: 1
[2023-05-08T18:05:13.395+0000] {base.py:73} INFO - Using connection ID '***' for task execution.
[2023-05-08T18:05:13.402+0000] {sql.py:375} INFO - Running statement: INSERT INTO song_fact (song_id,popularity,date) VALUES (%s,%s,%s) ON CONFLICT (song_id,date) DO UPDATE SET song_id=EXCLUDED.song_id,popularity=EXCLUDED.popularity,date=EXCLUDED.date, parameters: ('7wIcRhedBpZGpLf9PGKUEh', 47, '2023-05-08')
[2023-05-08T18:05:13.404+0000] {sql.py:384} INFO - Rows affected: 1
[2023-05-08T18:05:13.410+0000] {base.py:73} INFO - Using connection ID '***' for task execution.
[2023-05-08T18:05:13.416+0000] {sql.py:375} INFO - Running statement: INSERT INTO song_fact (song_id,popularity,date) VALUES (%s,%s,%s) ON CONFLICT (song_id,date) DO UPDATE SET song_id=EXCLUDED.song_id,popularity=EXCLUDED.popularity,date=EXCLUDED.date, parameters: ('1ioQDNCREA6I1BVg8VuD7Z', 44, '2023-05-08')
[2023-05-08T18:05:13.418+0000] {sql.py:384} INFO - Rows affected: 1
[2023-05-08T18:05:13.424+0000] {base.py:73} INFO - Using connection ID '***' for task execution.
[2023-05-08T18:05:13.431+0000] {sql.py:375} INFO - Running statement: INSERT INTO song_fact (song_id,popularity,date) VALUES (%s,%s,%s) ON CONFLICT (song_id,date) DO UPDATE SET song_id=EXCLUDED.song_id,popularity=EXCLUDED.popularity,date=EXCLUDED.date, parameters: ('5CsHSdXkw5hxN9LOwHn5mZ', 41, '2023-05-08')
[2023-05-08T18:05:13.432+0000] {sql.py:384} INFO - Rows affected: 1
[2023-05-08T18:05:13.438+0000] {base.py:73} INFO - Using connection ID '***' for task execution.
[2023-05-08T18:05:13.445+0000] {sql.py:375} INFO - Running statement: INSERT INTO song_fact (song_id,popularity,date) VALUES (%s,%s,%s) ON CONFLICT (song_id,date) DO UPDATE SET song_id=EXCLUDED.song_id,popularity=EXCLUDED.popularity,date=EXCLUDED.date, parameters: ('32FMAbZAzs3D70UuvnN6y4', 53, '2023-05-08')
[2023-05-08T18:05:13.446+0000] {sql.py:384} INFO - Rows affected: 1
[2023-05-08T18:05:13.453+0000] {base.py:73} INFO - Using connection ID '***' for task execution.
[2023-05-08T18:05:13.459+0000] {sql.py:375} INFO - Running statement: INSERT INTO song_fact (song_id,popularity,date) VALUES (%s,%s,%s) ON CONFLICT (song_id,date) DO UPDATE SET song_id=EXCLUDED.song_id,popularity=EXCLUDED.popularity,date=EXCLUDED.date, parameters: ('2fx3JQWD6evgucAoArYojR', 34, '2023-05-08')
[2023-05-08T18:05:13.461+0000] {sql.py:384} INFO - Rows affected: 1
[2023-05-08T18:05:13.467+0000] {base.py:73} INFO - Using connection ID '***' for task execution.
[2023-05-08T18:05:13.489+0000] {sql.py:375} INFO - Running statement: INSERT INTO song_fact (song_id,popularity,date) VALUES (%s,%s,%s) ON CONFLICT (song_id,date) DO UPDATE SET song_id=EXCLUDED.song_id,popularity=EXCLUDED.popularity,date=EXCLUDED.date, parameters: ('6sLGpYvLDqGCdX9G1sV7rH', 33, '2023-05-08')
[2023-05-08T18:05:13.491+0000] {sql.py:384} INFO - Rows affected: 1
[2023-05-08T18:05:13.498+0000] {base.py:73} INFO - Using connection ID '***' for task execution.
[2023-05-08T18:05:13.505+0000] {sql.py:375} INFO - Running statement: INSERT INTO song_fact (song_id,popularity,date) VALUES (%s,%s,%s) ON CONFLICT (song_id,date) DO UPDATE SET song_id=EXCLUDED.song_id,popularity=EXCLUDED.popularity,date=EXCLUDED.date, parameters: ('1hV0Ue00iyNCZvb1n0VyGf', 54, '2023-05-08')
[2023-05-08T18:05:13.507+0000] {sql.py:384} INFO - Rows affected: 1
[2023-05-08T18:05:13.514+0000] {base.py:73} INFO - Using connection ID '***' for task execution.
[2023-05-08T18:05:13.522+0000] {sql.py:375} INFO - Running statement: INSERT INTO song_fact (song_id,popularity,date) VALUES (%s,%s,%s) ON CONFLICT (song_id,date) DO UPDATE SET song_id=EXCLUDED.song_id,popularity=EXCLUDED.popularity,date=EXCLUDED.date, parameters: ('1XnnLXcvFd21B25H4IHEIY', 54, '2023-05-08')
[2023-05-08T18:05:13.523+0000] {sql.py:384} INFO - Rows affected: 1
[2023-05-08T18:05:13.530+0000] {base.py:73} INFO - Using connection ID '***' for task execution.
[2023-05-08T18:05:13.536+0000] {sql.py:375} INFO - Running statement: INSERT INTO song_fact (song_id,popularity,date) VALUES (%s,%s,%s) ON CONFLICT (song_id,date) DO UPDATE SET song_id=EXCLUDED.song_id,popularity=EXCLUDED.popularity,date=EXCLUDED.date, parameters: ('5cSg8SdClubjZ32WrKwzAW', 45, '2023-05-08')
[2023-05-08T18:05:13.537+0000] {sql.py:384} INFO - Rows affected: 1
[2023-05-08T18:05:13.543+0000] {base.py:73} INFO - Using connection ID '***' for task execution.
[2023-05-08T18:05:13.550+0000] {sql.py:375} INFO - Running statement: INSERT INTO song_fact (song_id,popularity,date) VALUES (%s,%s,%s) ON CONFLICT (song_id,date) DO UPDATE SET song_id=EXCLUDED.song_id,popularity=EXCLUDED.popularity,date=EXCLUDED.date, parameters: ('5vsmYBZnG3kL6RWul1B4c9', 37, '2023-05-08')
[2023-05-08T18:05:13.552+0000] {sql.py:384} INFO - Rows affected: 1
[2023-05-08T18:05:13.558+0000] {base.py:73} INFO - Using connection ID '***' for task execution.
[2023-05-08T18:05:13.565+0000] {sql.py:375} INFO - Running statement: INSERT INTO song_fact (song_id,popularity,date) VALUES (%s,%s,%s) ON CONFLICT (song_id,date) DO UPDATE SET song_id=EXCLUDED.song_id,popularity=EXCLUDED.popularity,date=EXCLUDED.date, parameters: ('14FdeSXWFUosFEevBfOyPb', 34, '2023-05-08')
[2023-05-08T18:05:13.566+0000] {sql.py:384} INFO - Rows affected: 1
[2023-05-08T18:05:13.572+0000] {base.py:73} INFO - Using connection ID '***' for task execution.
[2023-05-08T18:05:13.578+0000] {sql.py:375} INFO - Running statement: INSERT INTO song_fact (song_id,popularity,date) VALUES (%s,%s,%s) ON CONFLICT (song_id,date) DO UPDATE SET song_id=EXCLUDED.song_id,popularity=EXCLUDED.popularity,date=EXCLUDED.date, parameters: ('3nIlBeSIVnDbWFO3mExxV2', 58, '2023-05-08')
[2023-05-08T18:05:13.579+0000] {sql.py:384} INFO - Rows affected: 1
[2023-05-08T18:05:13.585+0000] {base.py:73} INFO - Using connection ID '***' for task execution.
[2023-05-08T18:05:13.592+0000] {sql.py:375} INFO - Running statement: INSERT INTO song_fact (song_id,popularity,date) VALUES (%s,%s,%s) ON CONFLICT (song_id,date) DO UPDATE SET song_id=EXCLUDED.song_id,popularity=EXCLUDED.popularity,date=EXCLUDED.date, parameters: ('4zjkYaWZcr6QNr0YkcZQgK', 31, '2023-05-08')
[2023-05-08T18:05:13.594+0000] {sql.py:384} INFO - Rows affected: 1
[2023-05-08T18:05:13.600+0000] {base.py:73} INFO - Using connection ID '***' for task execution.
[2023-05-08T18:05:13.607+0000] {sql.py:375} INFO - Running statement: INSERT INTO song_fact (song_id,popularity,date) VALUES (%s,%s,%s) ON CONFLICT (song_id,date) DO UPDATE SET song_id=EXCLUDED.song_id,popularity=EXCLUDED.popularity,date=EXCLUDED.date, parameters: ('495p4HdTEzWJ7CkLYD51wO', 49, '2023-05-08')
[2023-05-08T18:05:13.609+0000] {sql.py:384} INFO - Rows affected: 1
[2023-05-08T18:05:13.615+0000] {base.py:73} INFO - Using connection ID '***' for task execution.
[2023-05-08T18:05:13.622+0000] {sql.py:375} INFO - Running statement: INSERT INTO song_fact (song_id,popularity,date) VALUES (%s,%s,%s) ON CONFLICT (song_id,date) DO UPDATE SET song_id=EXCLUDED.song_id,popularity=EXCLUDED.popularity,date=EXCLUDED.date, parameters: ('2Vgp8Ah9NuTTKDfQykl0f8', 48, '2023-05-08')
[2023-05-08T18:05:13.623+0000] {sql.py:384} INFO - Rows affected: 1
[2023-05-08T18:05:13.629+0000] {base.py:73} INFO - Using connection ID '***' for task execution.
[2023-05-08T18:05:13.636+0000] {sql.py:375} INFO - Running statement: INSERT INTO song_fact (song_id,popularity,date) VALUES (%s,%s,%s) ON CONFLICT (song_id,date) DO UPDATE SET song_id=EXCLUDED.song_id,popularity=EXCLUDED.popularity,date=EXCLUDED.date, parameters: ('37y67nNfTNLfMbCh6Mn5PL', 46, '2023-05-08')
[2023-05-08T18:05:13.637+0000] {sql.py:384} INFO - Rows affected: 1
[2023-05-08T18:05:13.644+0000] {base.py:73} INFO - Using connection ID '***' for task execution.
[2023-05-08T18:05:13.650+0000] {sql.py:375} INFO - Running statement: INSERT INTO song_fact (song_id,popularity,date) VALUES (%s,%s,%s) ON CONFLICT (song_id,date) DO UPDATE SET song_id=EXCLUDED.song_id,popularity=EXCLUDED.popularity,date=EXCLUDED.date, parameters: ('63PBsYANeKAvmW6vMMus4Y', 46, '2023-05-08')
[2023-05-08T18:05:13.652+0000] {sql.py:384} INFO - Rows affected: 1
[2023-05-08T18:05:13.658+0000] {base.py:73} INFO - Using connection ID '***' for task execution.
[2023-05-08T18:05:13.664+0000] {sql.py:375} INFO - Running statement: INSERT INTO song_fact (song_id,popularity,date) VALUES (%s,%s,%s) ON CONFLICT (song_id,date) DO UPDATE SET song_id=EXCLUDED.song_id,popularity=EXCLUDED.popularity,date=EXCLUDED.date, parameters: ('7aGsybFB60iTiG1AyyeVpF', 0, '2023-05-08')
[2023-05-08T18:05:13.666+0000] {sql.py:384} INFO - Rows affected: 1
[2023-05-08T18:05:13.672+0000] {base.py:73} INFO - Using connection ID '***' for task execution.
[2023-05-08T18:05:13.679+0000] {sql.py:375} INFO - Running statement: INSERT INTO song_fact (song_id,popularity,date) VALUES (%s,%s,%s) ON CONFLICT (song_id,date) DO UPDATE SET song_id=EXCLUDED.song_id,popularity=EXCLUDED.popularity,date=EXCLUDED.date, parameters: ('6ax40d2A1qCJ0q6v4usuNG', 42, '2023-05-08')
[2023-05-08T18:05:13.681+0000] {sql.py:384} INFO - Rows affected: 1
[2023-05-08T18:05:13.687+0000] {base.py:73} INFO - Using connection ID '***' for task execution.
[2023-05-08T18:05:13.694+0000] {sql.py:375} INFO - Running statement: INSERT INTO song_fact (song_id,popularity,date) VALUES (%s,%s,%s) ON CONFLICT (song_id,date) DO UPDATE SET song_id=EXCLUDED.song_id,popularity=EXCLUDED.popularity,date=EXCLUDED.date, parameters: ('5FZ5p7OoluyzZNPEAgkYiV', 34, '2023-05-08')
[2023-05-08T18:05:13.695+0000] {sql.py:384} INFO - Rows affected: 1
[2023-05-08T18:05:13.701+0000] {base.py:73} INFO - Using connection ID '***' for task execution.
[2023-05-08T18:05:13.708+0000] {sql.py:375} INFO - Running statement: INSERT INTO song_fact (song_id,popularity,date) VALUES (%s,%s,%s) ON CONFLICT (song_id,date) DO UPDATE SET song_id=EXCLUDED.song_id,popularity=EXCLUDED.popularity,date=EXCLUDED.date, parameters: ('03frKXXCZEzd9n9QOEpUQA', 43, '2023-05-08')
[2023-05-08T18:05:13.709+0000] {sql.py:384} INFO - Rows affected: 1
[2023-05-08T18:05:13.715+0000] {base.py:73} INFO - Using connection ID '***' for task execution.
[2023-05-08T18:05:13.723+0000] {sql.py:375} INFO - Running statement: INSERT INTO song_fact (song_id,popularity,date) VALUES (%s,%s,%s) ON CONFLICT (song_id,date) DO UPDATE SET song_id=EXCLUDED.song_id,popularity=EXCLUDED.popularity,date=EXCLUDED.date, parameters: ('5YLBkEgpKzkPJOu2JZd2Xo', 48, '2023-05-08')
[2023-05-08T18:05:13.724+0000] {sql.py:384} INFO - Rows affected: 1
[2023-05-08T18:05:13.731+0000] {base.py:73} INFO - Using connection ID '***' for task execution.
[2023-05-08T18:05:13.737+0000] {sql.py:375} INFO - Running statement: INSERT INTO song_fact (song_id,popularity,date) VALUES (%s,%s,%s) ON CONFLICT (song_id,date) DO UPDATE SET song_id=EXCLUDED.song_id,popularity=EXCLUDED.popularity,date=EXCLUDED.date, parameters: ('6Jfd9OQNmtspaEGLI5R5kr', 43, '2023-05-08')
[2023-05-08T18:05:13.738+0000] {sql.py:384} INFO - Rows affected: 1
[2023-05-08T18:05:13.744+0000] {base.py:73} INFO - Using connection ID '***' for task execution.
[2023-05-08T18:05:13.751+0000] {sql.py:375} INFO - Running statement: INSERT INTO song_fact (song_id,popularity,date) VALUES (%s,%s,%s) ON CONFLICT (song_id,date) DO UPDATE SET song_id=EXCLUDED.song_id,popularity=EXCLUDED.popularity,date=EXCLUDED.date, parameters: ('0LHdHYe5ssIheUX5RZw4rN', 57, '2023-05-08')
[2023-05-08T18:05:13.753+0000] {sql.py:384} INFO - Rows affected: 1
[2023-05-08T18:05:13.759+0000] {base.py:73} INFO - Using connection ID '***' for task execution.
[2023-05-08T18:05:13.765+0000] {sql.py:375} INFO - Running statement: INSERT INTO song_fact (song_id,popularity,date) VALUES (%s,%s,%s) ON CONFLICT (song_id,date) DO UPDATE SET song_id=EXCLUDED.song_id,popularity=EXCLUDED.popularity,date=EXCLUDED.date, parameters: ('46s77n3x4XZqUhZfIOCax9', 57, '2023-05-08')
[2023-05-08T18:05:13.767+0000] {sql.py:384} INFO - Rows affected: 1
[2023-05-08T18:05:13.773+0000] {base.py:73} INFO - Using connection ID '***' for task execution.
[2023-05-08T18:05:13.779+0000] {sql.py:375} INFO - Running statement: INSERT INTO song_fact (song_id,popularity,date) VALUES (%s,%s,%s) ON CONFLICT (song_id,date) DO UPDATE SET song_id=EXCLUDED.song_id,popularity=EXCLUDED.popularity,date=EXCLUDED.date, parameters: ('6XpVAVpg3PfxcoO0tUG8jJ', 60, '2023-05-08')
[2023-05-08T18:05:13.780+0000] {sql.py:384} INFO - Rows affected: 1
[2023-05-08T18:05:13.786+0000] {base.py:73} INFO - Using connection ID '***' for task execution.
[2023-05-08T18:05:13.792+0000] {sql.py:375} INFO - Running statement: INSERT INTO song_fact (song_id,popularity,date) VALUES (%s,%s,%s) ON CONFLICT (song_id,date) DO UPDATE SET song_id=EXCLUDED.song_id,popularity=EXCLUDED.popularity,date=EXCLUDED.date, parameters: ('3l9VCXMSoS1KBRhkCU5zuO', 58, '2023-05-08')
[2023-05-08T18:05:13.794+0000] {sql.py:384} INFO - Rows affected: 1
[2023-05-08T18:05:13.800+0000] {base.py:73} INFO - Using connection ID '***' for task execution.
[2023-05-08T18:05:13.807+0000] {sql.py:375} INFO - Running statement: INSERT INTO song_fact (song_id,popularity,date) VALUES (%s,%s,%s) ON CONFLICT (song_id,date) DO UPDATE SET song_id=EXCLUDED.song_id,popularity=EXCLUDED.popularity,date=EXCLUDED.date, parameters: ('1xHtMESwwsyUhV2ezvH7kR', 41, '2023-05-08')
[2023-05-08T18:05:13.809+0000] {sql.py:384} INFO - Rows affected: 1
[2023-05-08T18:05:13.816+0000] {base.py:73} INFO - Using connection ID '***' for task execution.
[2023-05-08T18:05:13.822+0000] {sql.py:375} INFO - Running statement: INSERT INTO song_fact (song_id,popularity,date) VALUES (%s,%s,%s) ON CONFLICT (song_id,date) DO UPDATE SET song_id=EXCLUDED.song_id,popularity=EXCLUDED.popularity,date=EXCLUDED.date, parameters: ('0YRuwU4V9qO0NM4T3mcu0u', 31, '2023-05-08')
[2023-05-08T18:05:13.824+0000] {sql.py:384} INFO - Rows affected: 1
[2023-05-08T18:05:13.830+0000] {base.py:73} INFO - Using connection ID '***' for task execution.
[2023-05-08T18:05:13.836+0000] {sql.py:375} INFO - Running statement: INSERT INTO song_fact (song_id,popularity,date) VALUES (%s,%s,%s) ON CONFLICT (song_id,date) DO UPDATE SET song_id=EXCLUDED.song_id,popularity=EXCLUDED.popularity,date=EXCLUDED.date, parameters: ('2nQ8RFX92URyHJeL2Naf3n', 0, '2023-05-08')
[2023-05-08T18:05:13.838+0000] {sql.py:384} INFO - Rows affected: 1
[2023-05-08T18:05:13.844+0000] {base.py:73} INFO - Using connection ID '***' for task execution.
[2023-05-08T18:05:13.851+0000] {sql.py:375} INFO - Running statement: INSERT INTO song_fact (song_id,popularity,date) VALUES (%s,%s,%s) ON CONFLICT (song_id,date) DO UPDATE SET song_id=EXCLUDED.song_id,popularity=EXCLUDED.popularity,date=EXCLUDED.date, parameters: ('3SpRtNO7GKWaFyWydXArvn', 63, '2023-05-08')
[2023-05-08T18:05:13.853+0000] {sql.py:384} INFO - Rows affected: 1
[2023-05-08T18:05:13.859+0000] {base.py:73} INFO - Using connection ID '***' for task execution.
[2023-05-08T18:05:13.865+0000] {sql.py:375} INFO - Running statement: INSERT INTO song_fact (song_id,popularity,date) VALUES (%s,%s,%s) ON CONFLICT (song_id,date) DO UPDATE SET song_id=EXCLUDED.song_id,popularity=EXCLUDED.popularity,date=EXCLUDED.date, parameters: ('7J66j3JaTRQ3vCxwr4Cwf0', 28, '2023-05-08')
[2023-05-08T18:05:13.867+0000] {sql.py:384} INFO - Rows affected: 1
[2023-05-08T18:05:13.873+0000] {base.py:73} INFO - Using connection ID '***' for task execution.
[2023-05-08T18:05:13.881+0000] {sql.py:375} INFO - Running statement: INSERT INTO song_fact (song_id,popularity,date) VALUES (%s,%s,%s) ON CONFLICT (song_id,date) DO UPDATE SET song_id=EXCLUDED.song_id,popularity=EXCLUDED.popularity,date=EXCLUDED.date, parameters: ('2EsyJN3AvC3zBlkQpb119M', 57, '2023-05-08')
[2023-05-08T18:05:13.883+0000] {sql.py:384} INFO - Rows affected: 1
[2023-05-08T18:05:13.889+0000] {base.py:73} INFO - Using connection ID '***' for task execution.
[2023-05-08T18:05:13.896+0000] {sql.py:375} INFO - Running statement: INSERT INTO song_fact (song_id,popularity,date) VALUES (%s,%s,%s) ON CONFLICT (song_id,date) DO UPDATE SET song_id=EXCLUDED.song_id,popularity=EXCLUDED.popularity,date=EXCLUDED.date, parameters: ('38Yamwrtcc9Niupl3kH8pH', 49, '2023-05-08')
[2023-05-08T18:05:13.898+0000] {sql.py:384} INFO - Rows affected: 1
[2023-05-08T18:05:13.905+0000] {base.py:73} INFO - Using connection ID '***' for task execution.
[2023-05-08T18:05:13.912+0000] {sql.py:375} INFO - Running statement: INSERT INTO song_fact (song_id,popularity,date) VALUES (%s,%s,%s) ON CONFLICT (song_id,date) DO UPDATE SET song_id=EXCLUDED.song_id,popularity=EXCLUDED.popularity,date=EXCLUDED.date, parameters: ('7qqhkLSwb7910F2LHpYJFo', 46, '2023-05-08')
[2023-05-08T18:05:13.913+0000] {sql.py:384} INFO - Rows affected: 1
[2023-05-08T18:05:13.919+0000] {base.py:73} INFO - Using connection ID '***' for task execution.
[2023-05-08T18:05:13.926+0000] {sql.py:375} INFO - Running statement: INSERT INTO song_fact (song_id,popularity,date) VALUES (%s,%s,%s) ON CONFLICT (song_id,date) DO UPDATE SET song_id=EXCLUDED.song_id,popularity=EXCLUDED.popularity,date=EXCLUDED.date, parameters: ('2dkv1xqXpAjP6HtzQLP39Z', 1, '2023-05-08')
[2023-05-08T18:05:13.928+0000] {sql.py:384} INFO - Rows affected: 1
[2023-05-08T18:05:13.935+0000] {base.py:73} INFO - Using connection ID '***' for task execution.
[2023-05-08T18:05:13.942+0000] {sql.py:375} INFO - Running statement: INSERT INTO song_fact (song_id,popularity,date) VALUES (%s,%s,%s) ON CONFLICT (song_id,date) DO UPDATE SET song_id=EXCLUDED.song_id,popularity=EXCLUDED.popularity,date=EXCLUDED.date, parameters: ('2RJo6RNV5dpjLh6Co4nPsI', 50, '2023-05-08')
[2023-05-08T18:05:13.944+0000] {sql.py:384} INFO - Rows affected: 1
[2023-05-08T18:05:13.950+0000] {base.py:73} INFO - Using connection ID '***' for task execution.
[2023-05-08T18:05:13.958+0000] {sql.py:375} INFO - Running statement: INSERT INTO song_fact (song_id,popularity,date) VALUES (%s,%s,%s) ON CONFLICT (song_id,date) DO UPDATE SET song_id=EXCLUDED.song_id,popularity=EXCLUDED.popularity,date=EXCLUDED.date, parameters: ('703SHNf8XtJnM3gtryjyJ6', 0, '2023-05-08')
[2023-05-08T18:05:13.960+0000] {sql.py:384} INFO - Rows affected: 1
[2023-05-08T18:05:13.966+0000] {base.py:73} INFO - Using connection ID '***' for task execution.
[2023-05-08T18:05:13.974+0000] {sql.py:375} INFO - Running statement: INSERT INTO song_fact (song_id,popularity,date) VALUES (%s,%s,%s) ON CONFLICT (song_id,date) DO UPDATE SET song_id=EXCLUDED.song_id,popularity=EXCLUDED.popularity,date=EXCLUDED.date, parameters: ('0UPPkMYBbotUYqRmekWOqn', 29, '2023-05-08')
[2023-05-08T18:05:13.976+0000] {sql.py:384} INFO - Rows affected: 1
[2023-05-08T18:05:13.983+0000] {base.py:73} INFO - Using connection ID '***' for task execution.
[2023-05-08T18:05:13.989+0000] {sql.py:375} INFO - Running statement: INSERT INTO song_fact (song_id,popularity,date) VALUES (%s,%s,%s) ON CONFLICT (song_id,date) DO UPDATE SET song_id=EXCLUDED.song_id,popularity=EXCLUDED.popularity,date=EXCLUDED.date, parameters: ('4xalL1bGV2FoRgAVt62mti', 41, '2023-05-08')
[2023-05-08T18:05:13.991+0000] {sql.py:384} INFO - Rows affected: 1
[2023-05-08T18:05:13.997+0000] {base.py:73} INFO - Using connection ID '***' for task execution.
[2023-05-08T18:05:14.004+0000] {sql.py:375} INFO - Running statement: INSERT INTO song_fact (song_id,popularity,date) VALUES (%s,%s,%s) ON CONFLICT (song_id,date) DO UPDATE SET song_id=EXCLUDED.song_id,popularity=EXCLUDED.popularity,date=EXCLUDED.date, parameters: ('7lpUYOCEH6EEOSLF6r1f7r', 47, '2023-05-08')
[2023-05-08T18:05:14.006+0000] {sql.py:384} INFO - Rows affected: 1
[2023-05-08T18:05:14.012+0000] {base.py:73} INFO - Using connection ID '***' for task execution.
[2023-05-08T18:05:14.019+0000] {sql.py:375} INFO - Running statement: INSERT INTO song_fact (song_id,popularity,date) VALUES (%s,%s,%s) ON CONFLICT (song_id,date) DO UPDATE SET song_id=EXCLUDED.song_id,popularity=EXCLUDED.popularity,date=EXCLUDED.date, parameters: ('6MZ91tbZxwwqimJffOoLsW', 61, '2023-05-08')
[2023-05-08T18:05:14.021+0000] {sql.py:384} INFO - Rows affected: 1
[2023-05-08T18:05:14.029+0000] {base.py:73} INFO - Using connection ID '***' for task execution.
[2023-05-08T18:05:14.036+0000] {sql.py:375} INFO - Running statement: INSERT INTO song_fact (song_id,popularity,date) VALUES (%s,%s,%s) ON CONFLICT (song_id,date) DO UPDATE SET song_id=EXCLUDED.song_id,popularity=EXCLUDED.popularity,date=EXCLUDED.date, parameters: ('6UHRvtm1Be1NJOSJMpbGLu', 41, '2023-05-08')
[2023-05-08T18:05:14.038+0000] {sql.py:384} INFO - Rows affected: 1
[2023-05-08T18:05:14.044+0000] {base.py:73} INFO - Using connection ID '***' for task execution.
[2023-05-08T18:05:14.065+0000] {sql.py:375} INFO - Running statement: INSERT INTO song_fact (song_id,popularity,date) VALUES (%s,%s,%s) ON CONFLICT (song_id,date) DO UPDATE SET song_id=EXCLUDED.song_id,popularity=EXCLUDED.popularity,date=EXCLUDED.date, parameters: ('7j8Pum7QmJNtFR5mjniLMu', 51, '2023-05-08')
[2023-05-08T18:05:14.068+0000] {sql.py:384} INFO - Rows affected: 1
[2023-05-08T18:05:14.076+0000] {base.py:73} INFO - Using connection ID '***' for task execution.
[2023-05-08T18:05:14.083+0000] {sql.py:375} INFO - Running statement: INSERT INTO song_fact (song_id,popularity,date) VALUES (%s,%s,%s) ON CONFLICT (song_id,date) DO UPDATE SET song_id=EXCLUDED.song_id,popularity=EXCLUDED.popularity,date=EXCLUDED.date, parameters: ('06hNKFqaLBZ3FrEKlmwpf7', 43, '2023-05-08')
[2023-05-08T18:05:14.085+0000] {sql.py:384} INFO - Rows affected: 1
[2023-05-08T18:05:14.092+0000] {base.py:73} INFO - Using connection ID '***' for task execution.
[2023-05-08T18:05:14.098+0000] {sql.py:375} INFO - Running statement: INSERT INTO song_fact (song_id,popularity,date) VALUES (%s,%s,%s) ON CONFLICT (song_id,date) DO UPDATE SET song_id=EXCLUDED.song_id,popularity=EXCLUDED.popularity,date=EXCLUDED.date, parameters: ('1HIrapG2x5sw0CTJu7VHAH', 38, '2023-05-08')
[2023-05-08T18:05:14.100+0000] {sql.py:384} INFO - Rows affected: 1
[2023-05-08T18:05:14.106+0000] {base.py:73} INFO - Using connection ID '***' for task execution.
[2023-05-08T18:05:14.113+0000] {sql.py:375} INFO - Running statement: INSERT INTO song_fact (song_id,popularity,date) VALUES (%s,%s,%s) ON CONFLICT (song_id,date) DO UPDATE SET song_id=EXCLUDED.song_id,popularity=EXCLUDED.popularity,date=EXCLUDED.date, parameters: ('0EnhumMxDBQ6Ap09rluA4k', 31, '2023-05-08')
[2023-05-08T18:05:14.114+0000] {sql.py:384} INFO - Rows affected: 1
[2023-05-08T18:05:14.121+0000] {base.py:73} INFO - Using connection ID '***' for task execution.
[2023-05-08T18:05:14.128+0000] {sql.py:375} INFO - Running statement: INSERT INTO song_fact (song_id,popularity,date) VALUES (%s,%s,%s) ON CONFLICT (song_id,date) DO UPDATE SET song_id=EXCLUDED.song_id,popularity=EXCLUDED.popularity,date=EXCLUDED.date, parameters: ('4Ptg6MQDWURiKpXzgnsroE', 45, '2023-05-08')
[2023-05-08T18:05:14.130+0000] {sql.py:384} INFO - Rows affected: 1
[2023-05-08T18:05:14.137+0000] {base.py:73} INFO - Using connection ID '***' for task execution.
[2023-05-08T18:05:14.146+0000] {sql.py:375} INFO - Running statement: INSERT INTO song_fact (song_id,popularity,date) VALUES (%s,%s,%s) ON CONFLICT (song_id,date) DO UPDATE SET song_id=EXCLUDED.song_id,popularity=EXCLUDED.popularity,date=EXCLUDED.date, parameters: ('7iTWmRy9u5tkXdkxStO4u7', 31, '2023-05-08')
[2023-05-08T18:05:14.147+0000] {sql.py:384} INFO - Rows affected: 1
[2023-05-08T18:05:14.155+0000] {base.py:73} INFO - Using connection ID '***' for task execution.
[2023-05-08T18:05:14.161+0000] {sql.py:375} INFO - Running statement: INSERT INTO song_fact (song_id,popularity,date) VALUES (%s,%s,%s) ON CONFLICT (song_id,date) DO UPDATE SET song_id=EXCLUDED.song_id,popularity=EXCLUDED.popularity,date=EXCLUDED.date, parameters: ('3iYOMRgZVvlmNahSu9hEWi', 29, '2023-05-08')
[2023-05-08T18:05:14.163+0000] {sql.py:384} INFO - Rows affected: 1
[2023-05-08T18:05:14.169+0000] {base.py:73} INFO - Using connection ID '***' for task execution.
[2023-05-08T18:05:14.176+0000] {sql.py:375} INFO - Running statement: INSERT INTO song_fact (song_id,popularity,date) VALUES (%s,%s,%s) ON CONFLICT (song_id,date) DO UPDATE SET song_id=EXCLUDED.song_id,popularity=EXCLUDED.popularity,date=EXCLUDED.date, parameters: ('3ZPqsNlUyRHebbc6r5gSDD', 48, '2023-05-08')
[2023-05-08T18:05:14.177+0000] {sql.py:384} INFO - Rows affected: 1
[2023-05-08T18:05:14.184+0000] {base.py:73} INFO - Using connection ID '***' for task execution.
[2023-05-08T18:05:14.191+0000] {sql.py:375} INFO - Running statement: INSERT INTO song_fact (song_id,popularity,date) VALUES (%s,%s,%s) ON CONFLICT (song_id,date) DO UPDATE SET song_id=EXCLUDED.song_id,popularity=EXCLUDED.popularity,date=EXCLUDED.date, parameters: ('6ue8qsdLrXbj9UDmhnYkEa', 58, '2023-05-08')
[2023-05-08T18:05:14.192+0000] {sql.py:384} INFO - Rows affected: 1
[2023-05-08T18:05:14.199+0000] {base.py:73} INFO - Using connection ID '***' for task execution.
[2023-05-08T18:05:14.206+0000] {sql.py:375} INFO - Running statement: INSERT INTO song_fact (song_id,popularity,date) VALUES (%s,%s,%s) ON CONFLICT (song_id,date) DO UPDATE SET song_id=EXCLUDED.song_id,popularity=EXCLUDED.popularity,date=EXCLUDED.date, parameters: ('37dVuP5d1BtVDagETMqP3k', 59, '2023-05-08')
[2023-05-08T18:05:14.207+0000] {sql.py:384} INFO - Rows affected: 1
[2023-05-08T18:05:14.213+0000] {base.py:73} INFO - Using connection ID '***' for task execution.
[2023-05-08T18:05:14.220+0000] {sql.py:375} INFO - Running statement: INSERT INTO song_fact (song_id,popularity,date) VALUES (%s,%s,%s) ON CONFLICT (song_id,date) DO UPDATE SET song_id=EXCLUDED.song_id,popularity=EXCLUDED.popularity,date=EXCLUDED.date, parameters: ('0NIVVOcnLUSq73tppaWV9h', 26, '2023-05-08')
[2023-05-08T18:05:14.222+0000] {sql.py:384} INFO - Rows affected: 1
[2023-05-08T18:05:14.228+0000] {base.py:73} INFO - Using connection ID '***' for task execution.
[2023-05-08T18:05:14.236+0000] {sql.py:375} INFO - Running statement: INSERT INTO song_fact (song_id,popularity,date) VALUES (%s,%s,%s) ON CONFLICT (song_id,date) DO UPDATE SET song_id=EXCLUDED.song_id,popularity=EXCLUDED.popularity,date=EXCLUDED.date, parameters: ('4zp8noasnK5XNuNojkVhiy', 57, '2023-05-08')
[2023-05-08T18:05:14.238+0000] {sql.py:384} INFO - Rows affected: 1
[2023-05-08T18:05:14.245+0000] {base.py:73} INFO - Using connection ID '***' for task execution.
[2023-05-08T18:05:14.251+0000] {sql.py:375} INFO - Running statement: INSERT INTO song_fact (song_id,popularity,date) VALUES (%s,%s,%s) ON CONFLICT (song_id,date) DO UPDATE SET song_id=EXCLUDED.song_id,popularity=EXCLUDED.popularity,date=EXCLUDED.date, parameters: ('6wFqLYmiXyGvprbWa4ogm8', 58, '2023-05-08')
[2023-05-08T18:05:14.252+0000] {sql.py:384} INFO - Rows affected: 1
[2023-05-08T18:05:14.259+0000] {base.py:73} INFO - Using connection ID '***' for task execution.
[2023-05-08T18:05:14.266+0000] {sql.py:375} INFO - Running statement: INSERT INTO song_fact (song_id,popularity,date) VALUES (%s,%s,%s) ON CONFLICT (song_id,date) DO UPDATE SET song_id=EXCLUDED.song_id,popularity=EXCLUDED.popularity,date=EXCLUDED.date, parameters: ('0WeFvEY2QEjcKVd8ymli4i', 43, '2023-05-08')
[2023-05-08T18:05:14.267+0000] {sql.py:384} INFO - Rows affected: 1
[2023-05-08T18:05:14.274+0000] {base.py:73} INFO - Using connection ID '***' for task execution.
[2023-05-08T18:05:14.281+0000] {sql.py:375} INFO - Running statement: INSERT INTO song_fact (song_id,popularity,date) VALUES (%s,%s,%s) ON CONFLICT (song_id,date) DO UPDATE SET song_id=EXCLUDED.song_id,popularity=EXCLUDED.popularity,date=EXCLUDED.date, parameters: ('3DErMJzUrtfGUjet3xpUml', 59, '2023-05-08')
[2023-05-08T18:05:14.283+0000] {sql.py:384} INFO - Rows affected: 1
[2023-05-08T18:05:14.289+0000] {base.py:73} INFO - Using connection ID '***' for task execution.
[2023-05-08T18:05:14.296+0000] {sql.py:375} INFO - Running statement: INSERT INTO song_fact (song_id,popularity,date) VALUES (%s,%s,%s) ON CONFLICT (song_id,date) DO UPDATE SET song_id=EXCLUDED.song_id,popularity=EXCLUDED.popularity,date=EXCLUDED.date, parameters: ('3tyOS69tgk87QiY3B6TsPY', 44, '2023-05-08')
[2023-05-08T18:05:14.298+0000] {sql.py:384} INFO - Rows affected: 1
[2023-05-08T18:05:14.305+0000] {base.py:73} INFO - Using connection ID '***' for task execution.
[2023-05-08T18:05:14.311+0000] {sql.py:375} INFO - Running statement: INSERT INTO song_fact (song_id,popularity,date) VALUES (%s,%s,%s) ON CONFLICT (song_id,date) DO UPDATE SET song_id=EXCLUDED.song_id,popularity=EXCLUDED.popularity,date=EXCLUDED.date, parameters: ('6nlZ1HZuqOGypB1dEUlO77', 20, '2023-05-08')
[2023-05-08T18:05:14.313+0000] {sql.py:384} INFO - Rows affected: 1
[2023-05-08T18:05:14.319+0000] {base.py:73} INFO - Using connection ID '***' for task execution.
[2023-05-08T18:05:14.327+0000] {sql.py:375} INFO - Running statement: INSERT INTO song_fact (song_id,popularity,date) VALUES (%s,%s,%s) ON CONFLICT (song_id,date) DO UPDATE SET song_id=EXCLUDED.song_id,popularity=EXCLUDED.popularity,date=EXCLUDED.date, parameters: ('3BvqjMhMCLNlluQagWb589', 25, '2023-05-08')
[2023-05-08T18:05:14.328+0000] {sql.py:384} INFO - Rows affected: 1
[2023-05-08T18:05:14.335+0000] {base.py:73} INFO - Using connection ID '***' for task execution.
[2023-05-08T18:05:14.341+0000] {sql.py:375} INFO - Running statement: INSERT INTO song_fact (song_id,popularity,date) VALUES (%s,%s,%s) ON CONFLICT (song_id,date) DO UPDATE SET song_id=EXCLUDED.song_id,popularity=EXCLUDED.popularity,date=EXCLUDED.date, parameters: ('4hOuJIB1norFj3j84oY2Cq', 58, '2023-05-08')
[2023-05-08T18:05:14.343+0000] {sql.py:384} INFO - Rows affected: 1
[2023-05-08T18:05:14.350+0000] {base.py:73} INFO - Using connection ID '***' for task execution.
[2023-05-08T18:05:14.357+0000] {sql.py:375} INFO - Running statement: INSERT INTO song_fact (song_id,popularity,date) VALUES (%s,%s,%s) ON CONFLICT (song_id,date) DO UPDATE SET song_id=EXCLUDED.song_id,popularity=EXCLUDED.popularity,date=EXCLUDED.date, parameters: ('2YkOpi22nrGAspbEBX5aU8', 40, '2023-05-08')
[2023-05-08T18:05:14.358+0000] {sql.py:384} INFO - Rows affected: 1
[2023-05-08T18:05:14.365+0000] {base.py:73} INFO - Using connection ID '***' for task execution.
[2023-05-08T18:05:14.372+0000] {sql.py:375} INFO - Running statement: INSERT INTO song_fact (song_id,popularity,date) VALUES (%s,%s,%s) ON CONFLICT (song_id,date) DO UPDATE SET song_id=EXCLUDED.song_id,popularity=EXCLUDED.popularity,date=EXCLUDED.date, parameters: ('5l5SMWVPhVlJOmYFzDmJvY', 59, '2023-05-08')
[2023-05-08T18:05:14.373+0000] {sql.py:384} INFO - Rows affected: 1
[2023-05-08T18:05:14.379+0000] {base.py:73} INFO - Using connection ID '***' for task execution.
[2023-05-08T18:05:14.386+0000] {sql.py:375} INFO - Running statement: INSERT INTO song_fact (song_id,popularity,date) VALUES (%s,%s,%s) ON CONFLICT (song_id,date) DO UPDATE SET song_id=EXCLUDED.song_id,popularity=EXCLUDED.popularity,date=EXCLUDED.date, parameters: ('4GRLGjwgWzZ33HQU3BIdH9', 51, '2023-05-08')
[2023-05-08T18:05:14.388+0000] {sql.py:384} INFO - Rows affected: 1
[2023-05-08T18:05:14.394+0000] {base.py:73} INFO - Using connection ID '***' for task execution.
[2023-05-08T18:05:14.401+0000] {sql.py:375} INFO - Running statement: INSERT INTO song_fact (song_id,popularity,date) VALUES (%s,%s,%s) ON CONFLICT (song_id,date) DO UPDATE SET song_id=EXCLUDED.song_id,popularity=EXCLUDED.popularity,date=EXCLUDED.date, parameters: ('1akuKqHyYofuNsvLfvNPBe', 32, '2023-05-08')
[2023-05-08T18:05:14.403+0000] {sql.py:384} INFO - Rows affected: 1
[2023-05-08T18:05:14.409+0000] {base.py:73} INFO - Using connection ID '***' for task execution.
[2023-05-08T18:05:14.416+0000] {sql.py:375} INFO - Running statement: INSERT INTO song_fact (song_id,popularity,date) VALUES (%s,%s,%s) ON CONFLICT (song_id,date) DO UPDATE SET song_id=EXCLUDED.song_id,popularity=EXCLUDED.popularity,date=EXCLUDED.date, parameters: ('2BSICryahPlMusTqQDrsYe', 23, '2023-05-08')
[2023-05-08T18:05:14.417+0000] {sql.py:384} INFO - Rows affected: 1
[2023-05-08T18:05:14.423+0000] {base.py:73} INFO - Using connection ID '***' for task execution.
[2023-05-08T18:05:14.430+0000] {sql.py:375} INFO - Running statement: INSERT INTO song_fact (song_id,popularity,date) VALUES (%s,%s,%s) ON CONFLICT (song_id,date) DO UPDATE SET song_id=EXCLUDED.song_id,popularity=EXCLUDED.popularity,date=EXCLUDED.date, parameters: ('6tiENvREXsXPDdnMGoioP0', 40, '2023-05-08')
[2023-05-08T18:05:14.432+0000] {sql.py:384} INFO - Rows affected: 1
[2023-05-08T18:05:14.439+0000] {base.py:73} INFO - Using connection ID '***' for task execution.
[2023-05-08T18:05:14.446+0000] {sql.py:375} INFO - Running statement: INSERT INTO song_fact (song_id,popularity,date) VALUES (%s,%s,%s) ON CONFLICT (song_id,date) DO UPDATE SET song_id=EXCLUDED.song_id,popularity=EXCLUDED.popularity,date=EXCLUDED.date, parameters: ('5oLnXmEdr6h92pFNtBgJVR', 41, '2023-05-08')
[2023-05-08T18:05:14.447+0000] {sql.py:384} INFO - Rows affected: 1
[2023-05-08T18:05:14.453+0000] {base.py:73} INFO - Using connection ID '***' for task execution.
[2023-05-08T18:05:14.460+0000] {sql.py:375} INFO - Running statement: INSERT INTO song_fact (song_id,popularity,date) VALUES (%s,%s,%s) ON CONFLICT (song_id,date) DO UPDATE SET song_id=EXCLUDED.song_id,popularity=EXCLUDED.popularity,date=EXCLUDED.date, parameters: ('1rCdmjQUxxdvcCY92D7UiR', 49, '2023-05-08')
[2023-05-08T18:05:14.461+0000] {sql.py:384} INFO - Rows affected: 1
[2023-05-08T18:05:14.469+0000] {base.py:73} INFO - Using connection ID '***' for task execution.
[2023-05-08T18:05:14.482+0000] {sql.py:375} INFO - Running statement: INSERT INTO song_fact (song_id,popularity,date) VALUES (%s,%s,%s) ON CONFLICT (song_id,date) DO UPDATE SET song_id=EXCLUDED.song_id,popularity=EXCLUDED.popularity,date=EXCLUDED.date, parameters: ('1Juo9g0Rjxo6fxOmr8N3wV', 33, '2023-05-08')
[2023-05-08T18:05:14.484+0000] {sql.py:384} INFO - Rows affected: 1
[2023-05-08T18:05:14.491+0000] {base.py:73} INFO - Using connection ID '***' for task execution.
[2023-05-08T18:05:14.497+0000] {sql.py:375} INFO - Running statement: INSERT INTO song_fact (song_id,popularity,date) VALUES (%s,%s,%s) ON CONFLICT (song_id,date) DO UPDATE SET song_id=EXCLUDED.song_id,popularity=EXCLUDED.popularity,date=EXCLUDED.date, parameters: ('6NTD9xwzvTisuBhDxSvldL', 35, '2023-05-08')
[2023-05-08T18:05:14.498+0000] {sql.py:384} INFO - Rows affected: 1
[2023-05-08T18:05:14.505+0000] {base.py:73} INFO - Using connection ID '***' for task execution.
[2023-05-08T18:05:14.511+0000] {sql.py:375} INFO - Running statement: INSERT INTO song_fact (song_id,popularity,date) VALUES (%s,%s,%s) ON CONFLICT (song_id,date) DO UPDATE SET song_id=EXCLUDED.song_id,popularity=EXCLUDED.popularity,date=EXCLUDED.date, parameters: ('3v61DyG93LsHgpAtCaXMYV', 38, '2023-05-08')
[2023-05-08T18:05:14.513+0000] {sql.py:384} INFO - Rows affected: 1
[2023-05-08T18:05:14.519+0000] {base.py:73} INFO - Using connection ID '***' for task execution.
[2023-05-08T18:05:14.526+0000] {sql.py:375} INFO - Running statement: INSERT INTO song_fact (song_id,popularity,date) VALUES (%s,%s,%s) ON CONFLICT (song_id,date) DO UPDATE SET song_id=EXCLUDED.song_id,popularity=EXCLUDED.popularity,date=EXCLUDED.date, parameters: ('5OxGWmF7NIZ1q2JM3bxeOr', 50, '2023-05-08')
[2023-05-08T18:05:14.528+0000] {sql.py:384} INFO - Rows affected: 1
[2023-05-08T18:05:14.534+0000] {base.py:73} INFO - Using connection ID '***' for task execution.
[2023-05-08T18:05:14.540+0000] {sql.py:375} INFO - Running statement: INSERT INTO song_fact (song_id,popularity,date) VALUES (%s,%s,%s) ON CONFLICT (song_id,date) DO UPDATE SET song_id=EXCLUDED.song_id,popularity=EXCLUDED.popularity,date=EXCLUDED.date, parameters: ('0nygzznhANm4uiBwhUkE6o', 50, '2023-05-08')
[2023-05-08T18:05:14.541+0000] {sql.py:384} INFO - Rows affected: 1
[2023-05-08T18:05:14.548+0000] {base.py:73} INFO - Using connection ID '***' for task execution.
[2023-05-08T18:05:14.555+0000] {sql.py:375} INFO - Running statement: INSERT INTO song_fact (song_id,popularity,date) VALUES (%s,%s,%s) ON CONFLICT (song_id,date) DO UPDATE SET song_id=EXCLUDED.song_id,popularity=EXCLUDED.popularity,date=EXCLUDED.date, parameters: ('2Y4ol1FiPdSPMwaEMJgXMN', 55, '2023-05-08')
[2023-05-08T18:05:14.557+0000] {sql.py:384} INFO - Rows affected: 1
[2023-05-08T18:05:14.563+0000] {base.py:73} INFO - Using connection ID '***' for task execution.
[2023-05-08T18:05:14.571+0000] {sql.py:375} INFO - Running statement: INSERT INTO song_fact (song_id,popularity,date) VALUES (%s,%s,%s) ON CONFLICT (song_id,date) DO UPDATE SET song_id=EXCLUDED.song_id,popularity=EXCLUDED.popularity,date=EXCLUDED.date, parameters: ('5ui2l0pTXT0cjHB1gw4MEa', 16, '2023-05-08')
[2023-05-08T18:05:14.572+0000] {sql.py:384} INFO - Rows affected: 1
[2023-05-08T18:05:14.578+0000] {base.py:73} INFO - Using connection ID '***' for task execution.
[2023-05-08T18:05:14.584+0000] {sql.py:375} INFO - Running statement: INSERT INTO song_fact (song_id,popularity,date) VALUES (%s,%s,%s) ON CONFLICT (song_id,date) DO UPDATE SET song_id=EXCLUDED.song_id,popularity=EXCLUDED.popularity,date=EXCLUDED.date, parameters: ('79iuMoPY5U9jVQfLIWN3xO', 26, '2023-05-08')
[2023-05-08T18:05:14.586+0000] {sql.py:384} INFO - Rows affected: 1
[2023-05-08T18:05:14.592+0000] {base.py:73} INFO - Using connection ID '***' for task execution.
[2023-05-08T18:05:14.599+0000] {sql.py:375} INFO - Running statement: INSERT INTO song_fact (song_id,popularity,date) VALUES (%s,%s,%s) ON CONFLICT (song_id,date) DO UPDATE SET song_id=EXCLUDED.song_id,popularity=EXCLUDED.popularity,date=EXCLUDED.date, parameters: ('7d01oOW0gldyGW8hlUVN1J', 27, '2023-05-08')
[2023-05-08T18:05:14.601+0000] {sql.py:384} INFO - Rows affected: 1
[2023-05-08T18:05:14.613+0000] {base.py:73} INFO - Using connection ID '***' for task execution.
[2023-05-08T18:05:14.624+0000] {sql.py:375} INFO - Running statement: INSERT INTO song_fact (song_id,popularity,date) VALUES (%s,%s,%s) ON CONFLICT (song_id,date) DO UPDATE SET song_id=EXCLUDED.song_id,popularity=EXCLUDED.popularity,date=EXCLUDED.date, parameters: ('1cOVM7E3WZchifwUBf1FHT', 49, '2023-05-08')
[2023-05-08T18:05:14.626+0000] {sql.py:384} INFO - Rows affected: 1
[2023-05-08T18:05:14.640+0000] {base.py:73} INFO - Using connection ID '***' for task execution.
[2023-05-08T18:05:14.648+0000] {sql.py:375} INFO - Running statement: INSERT INTO song_fact (song_id,popularity,date) VALUES (%s,%s,%s) ON CONFLICT (song_id,date) DO UPDATE SET song_id=EXCLUDED.song_id,popularity=EXCLUDED.popularity,date=EXCLUDED.date, parameters: ('3leQHWQif6ZH4mKRUk3YkW', 28, '2023-05-08')
[2023-05-08T18:05:14.651+0000] {sql.py:384} INFO - Rows affected: 1
[2023-05-08T18:05:14.659+0000] {base.py:73} INFO - Using connection ID '***' for task execution.
[2023-05-08T18:05:14.666+0000] {sql.py:375} INFO - Running statement: INSERT INTO song_fact (song_id,popularity,date) VALUES (%s,%s,%s) ON CONFLICT (song_id,date) DO UPDATE SET song_id=EXCLUDED.song_id,popularity=EXCLUDED.popularity,date=EXCLUDED.date, parameters: ('0tBQVOAtBpqdQK2ExkbHZX', 32, '2023-05-08')
[2023-05-08T18:05:14.668+0000] {sql.py:384} INFO - Rows affected: 1
[2023-05-08T18:05:14.676+0000] {base.py:73} INFO - Using connection ID '***' for task execution.
[2023-05-08T18:05:14.683+0000] {sql.py:375} INFO - Running statement: INSERT INTO song_fact (song_id,popularity,date) VALUES (%s,%s,%s) ON CONFLICT (song_id,date) DO UPDATE SET song_id=EXCLUDED.song_id,popularity=EXCLUDED.popularity,date=EXCLUDED.date, parameters: ('2UFxllzBQap2AqgpeqHUKX', 39, '2023-05-08')
[2023-05-08T18:05:14.685+0000] {sql.py:384} INFO - Rows affected: 1
[2023-05-08T18:05:14.692+0000] {base.py:73} INFO - Using connection ID '***' for task execution.
[2023-05-08T18:05:14.700+0000] {sql.py:375} INFO - Running statement: INSERT INTO song_fact (song_id,popularity,date) VALUES (%s,%s,%s) ON CONFLICT (song_id,date) DO UPDATE SET song_id=EXCLUDED.song_id,popularity=EXCLUDED.popularity,date=EXCLUDED.date, parameters: ('0hBCGjhWa8Z9ou9JLighrR', 43, '2023-05-08')
[2023-05-08T18:05:14.701+0000] {sql.py:384} INFO - Rows affected: 1
[2023-05-08T18:05:14.709+0000] {base.py:73} INFO - Using connection ID '***' for task execution.
[2023-05-08T18:05:14.716+0000] {sql.py:375} INFO - Running statement: INSERT INTO song_fact (song_id,popularity,date) VALUES (%s,%s,%s) ON CONFLICT (song_id,date) DO UPDATE SET song_id=EXCLUDED.song_id,popularity=EXCLUDED.popularity,date=EXCLUDED.date, parameters: ('7cELheBXF3jIShGuewCy44', 54, '2023-05-08')
[2023-05-08T18:05:14.718+0000] {sql.py:384} INFO - Rows affected: 1
[2023-05-08T18:05:14.725+0000] {base.py:73} INFO - Using connection ID '***' for task execution.
[2023-05-08T18:05:14.731+0000] {sql.py:375} INFO - Running statement: INSERT INTO song_fact (song_id,popularity,date) VALUES (%s,%s,%s) ON CONFLICT (song_id,date) DO UPDATE SET song_id=EXCLUDED.song_id,popularity=EXCLUDED.popularity,date=EXCLUDED.date, parameters: ('5bwSx1hwmUivlUgY9UhfEB', 46, '2023-05-08')
[2023-05-08T18:05:14.733+0000] {sql.py:384} INFO - Rows affected: 1
[2023-05-08T18:05:14.739+0000] {base.py:73} INFO - Using connection ID '***' for task execution.
[2023-05-08T18:05:14.746+0000] {sql.py:375} INFO - Running statement: INSERT INTO song_fact (song_id,popularity,date) VALUES (%s,%s,%s) ON CONFLICT (song_id,date) DO UPDATE SET song_id=EXCLUDED.song_id,popularity=EXCLUDED.popularity,date=EXCLUDED.date, parameters: ('1Sl3gcmaeiU3vOMPpeM98V', 51, '2023-05-08')
[2023-05-08T18:05:14.747+0000] {sql.py:384} INFO - Rows affected: 1
[2023-05-08T18:05:14.754+0000] {base.py:73} INFO - Using connection ID '***' for task execution.
[2023-05-08T18:05:14.761+0000] {sql.py:375} INFO - Running statement: INSERT INTO song_fact (song_id,popularity,date) VALUES (%s,%s,%s) ON CONFLICT (song_id,date) DO UPDATE SET song_id=EXCLUDED.song_id,popularity=EXCLUDED.popularity,date=EXCLUDED.date, parameters: ('7JdarpX08FLhmfNZpxqgUO', 56, '2023-05-08')
[2023-05-08T18:05:14.763+0000] {sql.py:384} INFO - Rows affected: 1
[2023-05-08T18:05:14.770+0000] {base.py:73} INFO - Using connection ID '***' for task execution.
[2023-05-08T18:05:14.777+0000] {sql.py:375} INFO - Running statement: INSERT INTO song_fact (song_id,popularity,date) VALUES (%s,%s,%s) ON CONFLICT (song_id,date) DO UPDATE SET song_id=EXCLUDED.song_id,popularity=EXCLUDED.popularity,date=EXCLUDED.date, parameters: ('4TwVtW8hS5LyLoDtJGpUOg', 62, '2023-05-08')
[2023-05-08T18:05:14.779+0000] {sql.py:384} INFO - Rows affected: 1
[2023-05-08T18:05:14.787+0000] {base.py:73} INFO - Using connection ID '***' for task execution.
[2023-05-08T18:05:14.793+0000] {sql.py:375} INFO - Running statement: INSERT INTO song_fact (song_id,popularity,date) VALUES (%s,%s,%s) ON CONFLICT (song_id,date) DO UPDATE SET song_id=EXCLUDED.song_id,popularity=EXCLUDED.popularity,date=EXCLUDED.date, parameters: ('30AnNG3dFbHLQuSbIVWEbF', 47, '2023-05-08')
[2023-05-08T18:05:14.795+0000] {sql.py:384} INFO - Rows affected: 1
[2023-05-08T18:05:14.796+0000] {python.py:183} INFO - Done. Returned value was: None
[2023-05-08T18:05:14.805+0000] {taskinstance.py:1373} INFO - Marking task as SUCCESS. dag_id=Summer_Warped_ETL, task_id=LoadData.LoadSongFact, execution_date=20230508T180410, start_date=20230508T180512, end_date=20230508T180514
[2023-05-08T18:05:14.873+0000] {local_task_job_runner.py:232} INFO - Task exited with return code 0
[2023-05-08T18:05:14.900+0000] {taskinstance.py:2674} INFO - 1 downstream tasks scheduled from follow-on schedule check
