[2023-05-09T16:32:34.187+0000] {taskinstance.py:1125} INFO - Dependencies all met for dep_context=non-requeueable deps ti=<TaskInstance: Summer_Warped_ETL.GetSongsFromPlaylist manual__2023-05-09T16:32:30.374715+00:00 [queued]>
[2023-05-09T16:32:34.195+0000] {taskinstance.py:1125} INFO - Dependencies all met for dep_context=requeueable deps ti=<TaskInstance: Summer_Warped_ETL.GetSongsFromPlaylist manual__2023-05-09T16:32:30.374715+00:00 [queued]>
[2023-05-09T16:32:34.195+0000] {taskinstance.py:1331} INFO - Starting attempt 1 of 3
[2023-05-09T16:32:34.202+0000] {taskinstance.py:1350} INFO - Executing <Task(PythonOperator): GetSongsFromPlaylist> on 2023-05-09 16:32:30.374715+00:00
[2023-05-09T16:32:34.207+0000] {standard_task_runner.py:57} INFO - Started process 7150 to run task
[2023-05-09T16:32:34.211+0000] {standard_task_runner.py:84} INFO - Running: ['***', 'tasks', 'run', 'Summer_Warped_ETL', 'GetSongsFromPlaylist', 'manual__2023-05-09T16:32:30.374715+00:00', '--job-id', '2754', '--raw', '--subdir', 'DAGS_FOLDER/warped-dag.py', '--cfg-path', '/tmp/tmpe3qieefs']
[2023-05-09T16:32:34.211+0000] {standard_task_runner.py:85} INFO - Job 2754: Subtask GetSongsFromPlaylist
[2023-05-09T16:32:34.246+0000] {task_command.py:410} INFO - Running <TaskInstance: Summer_Warped_ETL.GetSongsFromPlaylist manual__2023-05-09T16:32:30.374715+00:00 [running]> on host 7b4753e133cb
[2023-05-09T16:32:34.304+0000] {taskinstance.py:1570} INFO - Exporting env vars: AIRFLOW_CTX_DAG_OWNER='Ananta Moharana' AIRFLOW_CTX_DAG_ID='Summer_Warped_ETL' AIRFLOW_CTX_TASK_ID='GetSongsFromPlaylist' AIRFLOW_CTX_EXECUTION_DATE='2023-05-09T16:32:30.374715+00:00' AIRFLOW_CTX_TRY_NUMBER='1' AIRFLOW_CTX_DAG_RUN_ID='manual__2023-05-09T16:32:30.374715+00:00'
[2023-05-09T16:32:34.638+0000] {logging_mixin.py:149} INFO - 100
[2023-05-09T16:32:34.638+0000] {logging_mixin.py:149} INFO - 0
[2023-05-09T16:32:34.641+0000] {logging_mixin.py:149} INFO - 1
[2023-05-09T16:32:34.643+0000] {logging_mixin.py:149} INFO - 2
[2023-05-09T16:32:34.644+0000] {logging_mixin.py:149} INFO - 3
[2023-05-09T16:32:34.645+0000] {logging_mixin.py:149} INFO - 4
[2023-05-09T16:32:34.647+0000] {logging_mixin.py:149} INFO - 5
[2023-05-09T16:32:34.648+0000] {logging_mixin.py:149} INFO - 6
[2023-05-09T16:32:34.650+0000] {logging_mixin.py:149} INFO - 7
[2023-05-09T16:32:34.652+0000] {logging_mixin.py:149} INFO - 8
[2023-05-09T16:32:34.653+0000] {logging_mixin.py:149} INFO - 9
[2023-05-09T16:32:34.654+0000] {logging_mixin.py:149} INFO - 10
[2023-05-09T16:32:34.655+0000] {logging_mixin.py:149} INFO - 11
[2023-05-09T16:32:34.657+0000] {logging_mixin.py:149} INFO - 12
[2023-05-09T16:32:34.658+0000] {logging_mixin.py:149} INFO - 13
[2023-05-09T16:32:34.659+0000] {logging_mixin.py:149} INFO - 14
[2023-05-09T16:32:34.660+0000] {logging_mixin.py:149} INFO - 15
[2023-05-09T16:32:34.662+0000] {logging_mixin.py:149} INFO - 16
[2023-05-09T16:32:34.663+0000] {logging_mixin.py:149} INFO - 17
[2023-05-09T16:32:34.665+0000] {logging_mixin.py:149} INFO - 18
[2023-05-09T16:32:34.667+0000] {logging_mixin.py:149} INFO - 19
[2023-05-09T16:32:34.669+0000] {logging_mixin.py:149} INFO - 20
[2023-05-09T16:32:34.671+0000] {logging_mixin.py:149} INFO - 21
[2023-05-09T16:32:34.672+0000] {logging_mixin.py:149} INFO - 22
[2023-05-09T16:32:34.674+0000] {logging_mixin.py:149} INFO - 23
[2023-05-09T16:32:34.675+0000] {logging_mixin.py:149} INFO - 24
[2023-05-09T16:32:34.676+0000] {logging_mixin.py:149} INFO - 25
[2023-05-09T16:32:34.677+0000] {logging_mixin.py:149} INFO - 26
[2023-05-09T16:32:34.679+0000] {logging_mixin.py:149} INFO - 27
[2023-05-09T16:32:34.680+0000] {logging_mixin.py:149} INFO - 28
[2023-05-09T16:32:34.681+0000] {logging_mixin.py:149} INFO - 29
[2023-05-09T16:32:34.683+0000] {logging_mixin.py:149} INFO - 30
[2023-05-09T16:32:34.684+0000] {logging_mixin.py:149} INFO - 31
[2023-05-09T16:32:34.685+0000] {logging_mixin.py:149} INFO - 32
[2023-05-09T16:32:34.686+0000] {logging_mixin.py:149} INFO - 33
[2023-05-09T16:32:34.689+0000] {logging_mixin.py:149} INFO - 34
[2023-05-09T16:32:34.690+0000] {logging_mixin.py:149} INFO - 35
[2023-05-09T16:32:34.692+0000] {logging_mixin.py:149} INFO - 36
[2023-05-09T16:32:34.693+0000] {logging_mixin.py:149} INFO - 37
[2023-05-09T16:32:34.694+0000] {logging_mixin.py:149} INFO - 38
[2023-05-09T16:32:34.695+0000] {logging_mixin.py:149} INFO - 39
[2023-05-09T16:32:34.696+0000] {logging_mixin.py:149} INFO - 40
[2023-05-09T16:32:34.697+0000] {logging_mixin.py:149} INFO - 41
[2023-05-09T16:32:34.699+0000] {logging_mixin.py:149} INFO - 42
[2023-05-09T16:32:34.701+0000] {logging_mixin.py:149} INFO - 43
[2023-05-09T16:32:34.704+0000] {logging_mixin.py:149} INFO - 44
[2023-05-09T16:32:34.705+0000] {logging_mixin.py:149} INFO - 45
[2023-05-09T16:32:34.706+0000] {logging_mixin.py:149} INFO - 46
[2023-05-09T16:32:34.708+0000] {logging_mixin.py:149} INFO - 47
[2023-05-09T16:32:34.709+0000] {logging_mixin.py:149} INFO - 48
[2023-05-09T16:32:34.711+0000] {logging_mixin.py:149} INFO - 49
[2023-05-09T16:32:34.712+0000] {logging_mixin.py:149} INFO - 50
[2023-05-09T16:32:34.714+0000] {logging_mixin.py:149} INFO - 51
[2023-05-09T16:32:34.715+0000] {logging_mixin.py:149} INFO - 52
[2023-05-09T16:32:34.716+0000] {logging_mixin.py:149} INFO - 53
[2023-05-09T16:32:34.717+0000] {logging_mixin.py:149} INFO - 54
[2023-05-09T16:32:34.719+0000] {logging_mixin.py:149} INFO - 55
[2023-05-09T16:32:34.721+0000] {logging_mixin.py:149} INFO - 56
[2023-05-09T16:32:34.723+0000] {logging_mixin.py:149} INFO - 57
[2023-05-09T16:32:34.724+0000] {logging_mixin.py:149} INFO - 58
[2023-05-09T16:32:34.726+0000] {logging_mixin.py:149} INFO - 59
[2023-05-09T16:32:34.728+0000] {logging_mixin.py:149} INFO - 60
[2023-05-09T16:32:34.729+0000] {logging_mixin.py:149} INFO - 61
[2023-05-09T16:32:34.730+0000] {logging_mixin.py:149} INFO - 62
[2023-05-09T16:32:34.731+0000] {logging_mixin.py:149} INFO - 63
[2023-05-09T16:32:34.733+0000] {logging_mixin.py:149} INFO - 64
[2023-05-09T16:32:34.734+0000] {logging_mixin.py:149} INFO - 65
[2023-05-09T16:32:34.736+0000] {logging_mixin.py:149} INFO - 66
[2023-05-09T16:32:34.737+0000] {logging_mixin.py:149} INFO - 67
[2023-05-09T16:32:34.738+0000] {logging_mixin.py:149} INFO - 68
[2023-05-09T16:32:34.740+0000] {logging_mixin.py:149} INFO - 69
[2023-05-09T16:32:34.741+0000] {logging_mixin.py:149} INFO - 70
[2023-05-09T16:32:34.742+0000] {logging_mixin.py:149} INFO - 71
[2023-05-09T16:32:34.743+0000] {logging_mixin.py:149} INFO - 72
[2023-05-09T16:32:34.744+0000] {logging_mixin.py:149} INFO - 73
[2023-05-09T16:32:34.746+0000] {logging_mixin.py:149} INFO - 74
[2023-05-09T16:32:34.747+0000] {logging_mixin.py:149} INFO - 75
[2023-05-09T16:32:34.749+0000] {logging_mixin.py:149} INFO - 76
[2023-05-09T16:32:34.750+0000] {logging_mixin.py:149} INFO - 77
[2023-05-09T16:32:34.751+0000] {logging_mixin.py:149} INFO - 78
[2023-05-09T16:32:34.752+0000] {logging_mixin.py:149} INFO - 79
[2023-05-09T16:32:34.754+0000] {logging_mixin.py:149} INFO - 80
[2023-05-09T16:32:34.755+0000] {logging_mixin.py:149} INFO - 81
[2023-05-09T16:32:34.757+0000] {logging_mixin.py:149} INFO - 82
[2023-05-09T16:32:34.758+0000] {logging_mixin.py:149} INFO - 83
[2023-05-09T16:32:34.760+0000] {logging_mixin.py:149} INFO - 84
[2023-05-09T16:32:34.761+0000] {logging_mixin.py:149} INFO - 85
[2023-05-09T16:32:34.762+0000] {logging_mixin.py:149} INFO - 86
[2023-05-09T16:32:34.764+0000] {logging_mixin.py:149} INFO - 87
[2023-05-09T16:32:34.765+0000] {logging_mixin.py:149} INFO - 88
[2023-05-09T16:32:34.766+0000] {logging_mixin.py:149} INFO - 89
[2023-05-09T16:32:34.768+0000] {logging_mixin.py:149} INFO - 90
[2023-05-09T16:32:34.770+0000] {logging_mixin.py:149} INFO - 91
[2023-05-09T16:32:34.771+0000] {logging_mixin.py:149} INFO - 92
[2023-05-09T16:32:34.773+0000] {logging_mixin.py:149} INFO - 93
[2023-05-09T16:32:34.775+0000] {logging_mixin.py:149} INFO - 94
[2023-05-09T16:32:34.777+0000] {logging_mixin.py:149} INFO - 95
[2023-05-09T16:32:34.778+0000] {logging_mixin.py:149} INFO - 96
[2023-05-09T16:32:34.780+0000] {logging_mixin.py:149} INFO - 97
[2023-05-09T16:32:34.781+0000] {logging_mixin.py:149} INFO - 98
[2023-05-09T16:32:34.783+0000] {logging_mixin.py:149} INFO - 99
[2023-05-09T16:32:34.800+0000] {python.py:183} INFO - Done. Returned value was: None
[2023-05-09T16:32:34.808+0000] {taskinstance.py:1373} INFO - Marking task as SUCCESS. dag_id=Summer_Warped_ETL, task_id=GetSongsFromPlaylist, execution_date=20230509T163230, start_date=20230509T163234, end_date=20230509T163234
[2023-05-09T16:32:34.834+0000] {local_task_job_runner.py:232} INFO - Task exited with return code 0
[2023-05-09T16:32:34.859+0000] {taskinstance.py:2674} INFO - 2 downstream tasks scheduled from follow-on schedule check
