[2023-05-08T01:02:42.719+0000] {taskinstance.py:1125} INFO - Dependencies all met for dep_context=non-requeueable deps ti=<TaskInstance: Summer_Warped_ETL.GetArtistInfo manual__2023-05-08T01:02:38.104073+00:00 [queued]>
[2023-05-08T01:02:42.728+0000] {taskinstance.py:1125} INFO - Dependencies all met for dep_context=requeueable deps ti=<TaskInstance: Summer_Warped_ETL.GetArtistInfo manual__2023-05-08T01:02:38.104073+00:00 [queued]>
[2023-05-08T01:02:42.729+0000] {taskinstance.py:1331} INFO - Starting attempt 1 of 3
[2023-05-08T01:02:42.741+0000] {taskinstance.py:1350} INFO - Executing <Task(PythonOperator): GetArtistInfo> on 2023-05-08 01:02:38.104073+00:00
[2023-05-08T01:02:42.748+0000] {standard_task_runner.py:57} INFO - Started process 455 to run task
[2023-05-08T01:02:42.759+0000] {standard_task_runner.py:84} INFO - Running: ['***', 'tasks', 'run', 'Summer_Warped_ETL', 'GetArtistInfo', 'manual__2023-05-08T01:02:38.104073+00:00', '--job-id', '1680', '--raw', '--subdir', 'DAGS_FOLDER/warped-dag.py', '--cfg-path', '/tmp/tmpau5peyf_']
[2023-05-08T01:02:42.761+0000] {standard_task_runner.py:85} INFO - Job 1680: Subtask GetArtistInfo
[2023-05-08T01:02:42.822+0000] {task_command.py:410} INFO - Running <TaskInstance: Summer_Warped_ETL.GetArtistInfo manual__2023-05-08T01:02:38.104073+00:00 [running]> on host a40687a10d43
[2023-05-08T01:02:42.882+0000] {taskinstance.py:1570} INFO - Exporting env vars: AIRFLOW_CTX_DAG_OWNER='Ananta Moharana' AIRFLOW_CTX_DAG_ID='Summer_Warped_ETL' AIRFLOW_CTX_TASK_ID='GetArtistInfo' AIRFLOW_CTX_EXECUTION_DATE='2023-05-08T01:02:38.104073+00:00' AIRFLOW_CTX_TRY_NUMBER='1' AIRFLOW_CTX_DAG_RUN_ID='manual__2023-05-08T01:02:38.104073+00:00'
[2023-05-08T01:02:43.009+0000] {logging_mixin.py:149} INFO - cloud rap
[2023-05-08T01:02:43.754+0000] {logging_mixin.py:149} INFO - cloud rap
[2023-05-08T01:02:43.957+0000] {logging_mixin.py:149} INFO - la pop
[2023-05-08T01:02:44.090+0000] {logging_mixin.py:149} INFO - indie hip hop
[2023-05-08T01:02:44.286+0000] {logging_mixin.py:149} INFO - cloud rap
[2023-05-08T01:02:44.552+0000] {logging_mixin.py:149} INFO - aesthetic rap
[2023-05-08T01:02:44.663+0000] {logging_mixin.py:149} INFO - emo rap
[2023-05-08T01:02:44.816+0000] {logging_mixin.py:149} INFO - canadian contemporary r&b
[2023-05-08T01:02:45.247+0000] {logging_mixin.py:149} INFO - deep underground hip hop
[2023-05-08T01:02:45.967+0000] {logging_mixin.py:149} INFO - cloud rap
[2023-05-08T01:02:46.065+0000] {logging_mixin.py:149} INFO - underground hip hop
[2023-05-08T01:02:46.379+0000] {logging_mixin.py:149} INFO - st louis rap
[2023-05-08T01:02:46.482+0000] {logging_mixin.py:149} INFO - cloud rap
[2023-05-08T01:02:46.685+0000] {logging_mixin.py:149} INFO - canadian contemporary r&b
[2023-05-08T01:02:46.919+0000] {logging_mixin.py:149} INFO - asian american hip hop
[2023-05-08T01:02:47.133+0000] {logging_mixin.py:149} INFO - nyc rap
[2023-05-08T01:02:47.334+0000] {logging_mixin.py:149} INFO - indie pop rap
[2023-05-08T01:02:47.430+0000] {logging_mixin.py:149} INFO - bedroom soul
[2023-05-08T01:02:47.526+0000] {logging_mixin.py:149} INFO - cloud rap
[2023-05-08T01:02:47.629+0000] {logging_mixin.py:149} INFO - glitchcore
[2023-05-08T01:02:47.728+0000] {logging_mixin.py:149} INFO - glitchcore
[2023-05-08T01:02:47.914+0000] {logging_mixin.py:149} INFO - hyperpop
[2023-05-08T01:02:48.014+0000] {logging_mixin.py:149} INFO - glitchcore
[2023-05-08T01:02:48.118+0000] {logging_mixin.py:149} INFO - cali rap
[2023-05-08T01:02:48.214+0000] {logging_mixin.py:149} INFO - sad rap
[2023-05-08T01:02:48.415+0000] {logging_mixin.py:149} INFO - emo rap
[2023-05-08T01:02:48.538+0000] {logging_mixin.py:149} INFO - indonesian hip hop
[2023-05-08T01:02:48.767+0000] {logging_mixin.py:149} INFO - pop edm
[2023-05-08T01:02:48.878+0000] {logging_mixin.py:149} INFO - upstate ny rap
[2023-05-08T01:02:48.979+0000] {logging_mixin.py:149} INFO - hyperpop
[2023-05-08T01:02:49.282+0000] {logging_mixin.py:149} INFO - cloud rap
[2023-05-08T01:02:49.552+0000] {logging_mixin.py:149} INFO - emoplugg
[2023-05-08T01:02:49.650+0000] {logging_mixin.py:149} INFO - emo rap
[2023-05-08T01:02:49.753+0000] {logging_mixin.py:149} INFO - hyperpop
[2023-05-08T01:02:49.866+0000] {logging_mixin.py:149} INFO - pittsburgh rap
[2023-05-08T01:02:49.964+0000] {logging_mixin.py:149} INFO - alt z
[2023-05-08T01:02:50.076+0000] {logging_mixin.py:149} INFO - canadian hip hop
[2023-05-08T01:02:50.175+0000] {logging_mixin.py:149} INFO - canadian hip hop
[2023-05-08T01:02:50.364+0000] {logging_mixin.py:149} INFO - aesthetic rap
[2023-05-08T01:02:50.474+0000] {logging_mixin.py:149} INFO - cloud rap
[2023-05-08T01:02:50.583+0000] {logging_mixin.py:149} INFO - cloud rap
[2023-05-08T01:02:50.910+0000] {logging_mixin.py:149} INFO - alt z
[2023-05-08T01:02:51.125+0000] {logging_mixin.py:149} INFO - emo rap
[2023-05-08T01:02:51.221+0000] {logging_mixin.py:149} INFO - atl hip hop
[2023-05-08T01:02:51.427+0000] {logging_mixin.py:149} INFO - hyperpop
[2023-05-08T01:02:51.619+0000] {logging_mixin.py:149} INFO - meme rap
[2023-05-08T01:02:51.724+0000] {logging_mixin.py:149} INFO - indie pop rap
[2023-05-08T01:02:51.826+0000] {logging_mixin.py:149} INFO - emo rap
[2023-05-08T01:02:51.926+0000] {logging_mixin.py:149} INFO - melodic rap
[2023-05-08T01:02:52.031+0000] {logging_mixin.py:149} INFO - future bass
[2023-05-08T01:02:52.183+0000] {logging_mixin.py:149} INFO - emo rap
[2023-05-08T01:02:52.292+0000] {logging_mixin.py:149} INFO - glitchcore
[2023-05-08T01:02:52.876+0000] {logging_mixin.py:149} INFO - sad rap
[2023-05-08T01:02:52.982+0000] {logging_mixin.py:149} INFO - emo rap
[2023-05-08T01:02:53.288+0000] {logging_mixin.py:149} INFO - vapor trap
[2023-05-08T01:02:53.385+0000] {logging_mixin.py:149} INFO - hyperpop
[2023-05-08T01:02:53.611+0000] {logging_mixin.py:149} INFO - lo-fi rap
[2023-05-08T01:02:53.810+0000] {logging_mixin.py:149} INFO - sad rap
[2023-05-08T01:02:53.922+0000] {python.py:183} INFO - Done. Returned value was: None
[2023-05-08T01:02:53.934+0000] {taskinstance.py:1373} INFO - Marking task as SUCCESS. dag_id=Summer_Warped_ETL, task_id=GetArtistInfo, execution_date=20230508T010238, start_date=20230508T010242, end_date=20230508T010253
[2023-05-08T01:02:53.974+0000] {local_task_job_runner.py:232} INFO - Task exited with return code 0
[2023-05-08T01:02:53.994+0000] {taskinstance.py:2674} INFO - 0 downstream tasks scheduled from follow-on schedule check
