[2023-05-08T01:10:01.019+0000] {taskinstance.py:1125} INFO - Dependencies all met for dep_context=non-requeueable deps ti=<TaskInstance: Summer_Warped_ETL.GetArtistInfo manual__2023-05-08T01:09:52.601148+00:00 [queued]>
[2023-05-08T01:10:01.032+0000] {taskinstance.py:1125} INFO - Dependencies all met for dep_context=requeueable deps ti=<TaskInstance: Summer_Warped_ETL.GetArtistInfo manual__2023-05-08T01:09:52.601148+00:00 [queued]>
[2023-05-08T01:10:01.036+0000] {taskinstance.py:1331} INFO - Starting attempt 1 of 3
[2023-05-08T01:10:01.044+0000] {taskinstance.py:1350} INFO - Executing <Task(PythonOperator): GetArtistInfo> on 2023-05-08 01:09:52.601148+00:00
[2023-05-08T01:10:01.052+0000] {standard_task_runner.py:57} INFO - Started process 767 to run task
[2023-05-08T01:10:01.061+0000] {standard_task_runner.py:84} INFO - Running: ['***', 'tasks', 'run', 'Summer_Warped_ETL', 'GetArtistInfo', 'manual__2023-05-08T01:09:52.601148+00:00', '--job-id', '1732', '--raw', '--subdir', 'DAGS_FOLDER/warped-dag.py', '--cfg-path', '/tmp/tmp9k5_8xq0']
[2023-05-08T01:10:01.061+0000] {standard_task_runner.py:85} INFO - Job 1732: Subtask GetArtistInfo
[2023-05-08T01:10:01.152+0000] {task_command.py:410} INFO - Running <TaskInstance: Summer_Warped_ETL.GetArtistInfo manual__2023-05-08T01:09:52.601148+00:00 [running]> on host a40687a10d43
[2023-05-08T01:10:01.356+0000] {taskinstance.py:1570} INFO - Exporting env vars: AIRFLOW_CTX_DAG_OWNER='Ananta Moharana' AIRFLOW_CTX_DAG_ID='Summer_Warped_ETL' AIRFLOW_CTX_TASK_ID='GetArtistInfo' AIRFLOW_CTX_EXECUTION_DATE='2023-05-08T01:09:52.601148+00:00' AIRFLOW_CTX_TRY_NUMBER='1' AIRFLOW_CTX_DAG_RUN_ID='manual__2023-05-08T01:09:52.601148+00:00'
[2023-05-08T01:10:01.657+0000] {logging_mixin.py:149} INFO - cloud rap
[2023-05-08T01:10:02.050+0000] {logging_mixin.py:149} INFO - cloud rap
[2023-05-08T01:10:03.254+0000] {logging_mixin.py:149} INFO - la pop
[2023-05-08T01:10:03.364+0000] {logging_mixin.py:149} INFO - indie hip hop
[2023-05-08T01:10:03.563+0000] {logging_mixin.py:149} INFO - cloud rap
[2023-05-08T01:10:03.798+0000] {logging_mixin.py:149} INFO - aesthetic rap
[2023-05-08T01:10:03.919+0000] {logging_mixin.py:149} INFO - emo rap
[2023-05-08T01:10:04.040+0000] {logging_mixin.py:149} INFO - canadian contemporary r&b
[2023-05-08T01:10:04.319+0000] {logging_mixin.py:149} INFO - deep underground hip hop
[2023-05-08T01:10:04.520+0000] {logging_mixin.py:149} INFO - cloud rap
[2023-05-08T01:10:04.618+0000] {logging_mixin.py:149} INFO - underground hip hop
[2023-05-08T01:10:04.820+0000] {logging_mixin.py:149} INFO - st louis rap
[2023-05-08T01:10:04.924+0000] {logging_mixin.py:149} INFO - cloud rap
[2023-05-08T01:10:05.113+0000] {logging_mixin.py:149} INFO - canadian contemporary r&b
[2023-05-08T01:10:05.365+0000] {logging_mixin.py:149} INFO - asian american hip hop
[2023-05-08T01:10:05.572+0000] {logging_mixin.py:149} INFO - nyc rap
[2023-05-08T01:10:05.776+0000] {logging_mixin.py:149} INFO - indie pop rap
[2023-05-08T01:10:05.882+0000] {logging_mixin.py:149} INFO - bedroom soul
[2023-05-08T01:10:05.981+0000] {logging_mixin.py:149} INFO - cloud rap
[2023-05-08T01:10:06.079+0000] {logging_mixin.py:149} INFO - glitchcore
[2023-05-08T01:10:06.193+0000] {logging_mixin.py:149} INFO - glitchcore
[2023-05-08T01:10:06.295+0000] {logging_mixin.py:149} INFO - hyperpop
[2023-05-08T01:10:06.426+0000] {logging_mixin.py:149} INFO - glitchcore
[2023-05-08T01:10:06.529+0000] {logging_mixin.py:149} INFO - cali rap
[2023-05-08T01:10:06.633+0000] {logging_mixin.py:149} INFO - sad rap
[2023-05-08T01:10:06.836+0000] {logging_mixin.py:149} INFO - emo rap
[2023-05-08T01:10:06.937+0000] {logging_mixin.py:149} INFO - indonesian hip hop
[2023-05-08T01:10:07.145+0000] {logging_mixin.py:149} INFO - pop edm
[2023-05-08T01:10:07.308+0000] {logging_mixin.py:149} INFO - upstate ny rap
[2023-05-08T01:10:07.422+0000] {logging_mixin.py:149} INFO - hyperpop
[2023-05-08T01:10:07.705+0000] {logging_mixin.py:149} INFO - cloud rap
[2023-05-08T01:10:07.915+0000] {logging_mixin.py:149} INFO - emoplugg
[2023-05-08T01:10:08.018+0000] {logging_mixin.py:149} INFO - emo rap
[2023-05-08T01:10:08.145+0000] {logging_mixin.py:149} INFO - hyperpop
[2023-05-08T01:10:08.249+0000] {logging_mixin.py:149} INFO - pittsburgh rap
[2023-05-08T01:10:08.362+0000] {logging_mixin.py:149} INFO - alt z
[2023-05-08T01:10:08.465+0000] {logging_mixin.py:149} INFO - canadian hip hop
[2023-05-08T01:10:08.557+0000] {logging_mixin.py:149} INFO - canadian hip hop
[2023-05-08T01:10:08.782+0000] {logging_mixin.py:149} INFO - aesthetic rap
[2023-05-08T01:10:08.872+0000] {logging_mixin.py:149} INFO - cloud rap
[2023-05-08T01:10:08.969+0000] {logging_mixin.py:149} INFO - cloud rap
[2023-05-08T01:10:09.255+0000] {logging_mixin.py:149} INFO - alt z
[2023-05-08T01:10:09.498+0000] {logging_mixin.py:149} INFO - emo rap
[2023-05-08T01:10:09.588+0000] {logging_mixin.py:149} INFO - atl hip hop
[2023-05-08T01:10:09.784+0000] {logging_mixin.py:149} INFO - hyperpop
[2023-05-08T01:10:09.978+0000] {logging_mixin.py:149} INFO - meme rap
[2023-05-08T01:10:10.085+0000] {logging_mixin.py:149} INFO - indie pop rap
[2023-05-08T01:10:10.180+0000] {logging_mixin.py:149} INFO - emo rap
[2023-05-08T01:10:10.286+0000] {logging_mixin.py:149} INFO - melodic rap
[2023-05-08T01:10:10.386+0000] {logging_mixin.py:149} INFO - future bass
[2023-05-08T01:10:10.491+0000] {logging_mixin.py:149} INFO - emo rap
[2023-05-08T01:10:10.590+0000] {logging_mixin.py:149} INFO - glitchcore
[2023-05-08T01:10:11.195+0000] {logging_mixin.py:149} INFO - sad rap
[2023-05-08T01:10:11.294+0000] {logging_mixin.py:149} INFO - emo rap
[2023-05-08T01:10:11.584+0000] {logging_mixin.py:149} INFO - vapor trap
[2023-05-08T01:10:11.675+0000] {logging_mixin.py:149} INFO - hyperpop
[2023-05-08T01:10:11.899+0000] {logging_mixin.py:149} INFO - lo-fi rap
[2023-05-08T01:10:12.101+0000] {logging_mixin.py:149} INFO - sad rap
[2023-05-08T01:10:12.218+0000] {python.py:183} INFO - Done. Returned value was: None
[2023-05-08T01:10:12.227+0000] {taskinstance.py:1373} INFO - Marking task as SUCCESS. dag_id=Summer_Warped_ETL, task_id=GetArtistInfo, execution_date=20230508T010952, start_date=20230508T011001, end_date=20230508T011012
[2023-05-08T01:10:12.248+0000] {local_task_job_runner.py:232} INFO - Task exited with return code 0
[2023-05-08T01:10:12.269+0000] {taskinstance.py:2674} INFO - 0 downstream tasks scheduled from follow-on schedule check
