[2023-05-08T04:23:40.862+0000] {taskinstance.py:1125} INFO - Dependencies all met for dep_context=non-requeueable deps ti=<TaskInstance: Summer_Warped_ETL.GetSongsFromPlaylist manual__2023-05-08T00:55:07.270213+00:00 [queued]>
[2023-05-08T04:23:40.867+0000] {taskinstance.py:1125} INFO - Dependencies all met for dep_context=requeueable deps ti=<TaskInstance: Summer_Warped_ETL.GetSongsFromPlaylist manual__2023-05-08T00:55:07.270213+00:00 [queued]>
[2023-05-08T04:23:40.868+0000] {taskinstance.py:1331} INFO - Starting attempt 11 of 13
[2023-05-08T04:23:40.875+0000] {taskinstance.py:1350} INFO - Executing <Task(PythonOperator): GetSongsFromPlaylist> on 2023-05-08 00:55:07.270213+00:00
[2023-05-08T04:23:40.879+0000] {standard_task_runner.py:57} INFO - Started process 3730 to run task
[2023-05-08T04:23:40.883+0000] {standard_task_runner.py:84} INFO - Running: ['***', 'tasks', 'run', 'Summer_Warped_ETL', 'GetSongsFromPlaylist', 'manual__2023-05-08T00:55:07.270213+00:00', '--job-id', '2096', '--raw', '--subdir', 'DAGS_FOLDER/warped-dag.py', '--cfg-path', '/tmp/tmpo7glpukx']
[2023-05-08T04:23:40.883+0000] {standard_task_runner.py:85} INFO - Job 2096: Subtask GetSongsFromPlaylist
[2023-05-08T04:23:40.915+0000] {task_command.py:410} INFO - Running <TaskInstance: Summer_Warped_ETL.GetSongsFromPlaylist manual__2023-05-08T00:55:07.270213+00:00 [running]> on host a40687a10d43
[2023-05-08T04:23:40.964+0000] {taskinstance.py:1570} INFO - Exporting env vars: AIRFLOW_CTX_DAG_OWNER='Ananta Moharana' AIRFLOW_CTX_DAG_ID='Summer_Warped_ETL' AIRFLOW_CTX_TASK_ID='GetSongsFromPlaylist' AIRFLOW_CTX_EXECUTION_DATE='2023-05-08T00:55:07.270213+00:00' AIRFLOW_CTX_TRY_NUMBER='11' AIRFLOW_CTX_DAG_RUN_ID='manual__2023-05-08T00:55:07.270213+00:00'
[2023-05-08T04:23:41.436+0000] {logging_mixin.py:149} INFO - 100
[2023-05-08T04:23:41.437+0000] {logging_mixin.py:149} INFO - 0
[2023-05-08T04:23:41.441+0000] {logging_mixin.py:149} INFO - 1
[2023-05-08T04:23:41.443+0000] {logging_mixin.py:149} INFO - 2
[2023-05-08T04:23:41.444+0000] {logging_mixin.py:149} INFO - 3
[2023-05-08T04:23:41.446+0000] {logging_mixin.py:149} INFO - 4
[2023-05-08T04:23:41.448+0000] {logging_mixin.py:149} INFO - 5
[2023-05-08T04:23:41.449+0000] {logging_mixin.py:149} INFO - 6
[2023-05-08T04:23:41.451+0000] {logging_mixin.py:149} INFO - 7
[2023-05-08T04:23:41.453+0000] {logging_mixin.py:149} INFO - 8
[2023-05-08T04:23:41.454+0000] {logging_mixin.py:149} INFO - 9
[2023-05-08T04:23:41.455+0000] {logging_mixin.py:149} INFO - 10
[2023-05-08T04:23:41.457+0000] {logging_mixin.py:149} INFO - 11
[2023-05-08T04:23:41.458+0000] {logging_mixin.py:149} INFO - 12
[2023-05-08T04:23:41.459+0000] {logging_mixin.py:149} INFO - 13
[2023-05-08T04:23:41.461+0000] {logging_mixin.py:149} INFO - 14
[2023-05-08T04:23:41.462+0000] {logging_mixin.py:149} INFO - 15
[2023-05-08T04:23:41.463+0000] {logging_mixin.py:149} INFO - 16
[2023-05-08T04:23:41.464+0000] {logging_mixin.py:149} INFO - 17
[2023-05-08T04:23:41.466+0000] {logging_mixin.py:149} INFO - 18
[2023-05-08T04:23:41.467+0000] {logging_mixin.py:149} INFO - 19
[2023-05-08T04:23:41.468+0000] {logging_mixin.py:149} INFO - 20
[2023-05-08T04:23:41.469+0000] {logging_mixin.py:149} INFO - 21
[2023-05-08T04:23:41.470+0000] {logging_mixin.py:149} INFO - 22
[2023-05-08T04:23:41.472+0000] {logging_mixin.py:149} INFO - 23
[2023-05-08T04:23:41.473+0000] {logging_mixin.py:149} INFO - 24
[2023-05-08T04:23:41.474+0000] {logging_mixin.py:149} INFO - 25
[2023-05-08T04:23:41.475+0000] {logging_mixin.py:149} INFO - 26
[2023-05-08T04:23:41.476+0000] {logging_mixin.py:149} INFO - 27
[2023-05-08T04:23:41.479+0000] {logging_mixin.py:149} INFO - 28
[2023-05-08T04:23:41.480+0000] {logging_mixin.py:149} INFO - 29
[2023-05-08T04:23:41.481+0000] {logging_mixin.py:149} INFO - 30
[2023-05-08T04:23:41.482+0000] {logging_mixin.py:149} INFO - 31
[2023-05-08T04:23:41.484+0000] {logging_mixin.py:149} INFO - 32
[2023-05-08T04:23:41.485+0000] {logging_mixin.py:149} INFO - 33
[2023-05-08T04:23:41.486+0000] {logging_mixin.py:149} INFO - 34
[2023-05-08T04:23:41.487+0000] {logging_mixin.py:149} INFO - 35
[2023-05-08T04:23:41.489+0000] {logging_mixin.py:149} INFO - 36
[2023-05-08T04:23:41.491+0000] {logging_mixin.py:149} INFO - 37
[2023-05-08T04:23:41.493+0000] {logging_mixin.py:149} INFO - 38
[2023-05-08T04:23:41.494+0000] {logging_mixin.py:149} INFO - 39
[2023-05-08T04:23:41.496+0000] {logging_mixin.py:149} INFO - 40
[2023-05-08T04:23:41.498+0000] {logging_mixin.py:149} INFO - 41
[2023-05-08T04:23:41.499+0000] {logging_mixin.py:149} INFO - 42
[2023-05-08T04:23:41.500+0000] {logging_mixin.py:149} INFO - 43
[2023-05-08T04:23:41.502+0000] {logging_mixin.py:149} INFO - 44
[2023-05-08T04:23:41.503+0000] {logging_mixin.py:149} INFO - 45
[2023-05-08T04:23:41.505+0000] {logging_mixin.py:149} INFO - 46
[2023-05-08T04:23:41.506+0000] {logging_mixin.py:149} INFO - 47
[2023-05-08T04:23:41.508+0000] {logging_mixin.py:149} INFO - 48
[2023-05-08T04:23:41.509+0000] {logging_mixin.py:149} INFO - 49
[2023-05-08T04:23:41.510+0000] {logging_mixin.py:149} INFO - 50
[2023-05-08T04:23:41.511+0000] {logging_mixin.py:149} INFO - 51
[2023-05-08T04:23:41.512+0000] {logging_mixin.py:149} INFO - 52
[2023-05-08T04:23:41.513+0000] {logging_mixin.py:149} INFO - 53
[2023-05-08T04:23:41.515+0000] {logging_mixin.py:149} INFO - 54
[2023-05-08T04:23:41.516+0000] {logging_mixin.py:149} INFO - 55
[2023-05-08T04:23:41.517+0000] {logging_mixin.py:149} INFO - 56
[2023-05-08T04:23:41.518+0000] {logging_mixin.py:149} INFO - 57
[2023-05-08T04:23:41.519+0000] {logging_mixin.py:149} INFO - 58
[2023-05-08T04:23:41.521+0000] {logging_mixin.py:149} INFO - 59
[2023-05-08T04:23:41.522+0000] {logging_mixin.py:149} INFO - 60
[2023-05-08T04:23:41.523+0000] {logging_mixin.py:149} INFO - 61
[2023-05-08T04:23:41.524+0000] {logging_mixin.py:149} INFO - 62
[2023-05-08T04:23:41.525+0000] {logging_mixin.py:149} INFO - 63
[2023-05-08T04:23:41.526+0000] {logging_mixin.py:149} INFO - 64
[2023-05-08T04:23:41.527+0000] {logging_mixin.py:149} INFO - 65
[2023-05-08T04:23:41.528+0000] {logging_mixin.py:149} INFO - 66
[2023-05-08T04:23:41.530+0000] {logging_mixin.py:149} INFO - 67
[2023-05-08T04:23:41.530+0000] {logging_mixin.py:149} INFO - 68
[2023-05-08T04:23:41.532+0000] {logging_mixin.py:149} INFO - 69
[2023-05-08T04:23:41.533+0000] {logging_mixin.py:149} INFO - 70
[2023-05-08T04:23:41.535+0000] {logging_mixin.py:149} INFO - 71
[2023-05-08T04:23:41.536+0000] {logging_mixin.py:149} INFO - 72
[2023-05-08T04:23:41.537+0000] {logging_mixin.py:149} INFO - 73
[2023-05-08T04:23:41.538+0000] {logging_mixin.py:149} INFO - 74
[2023-05-08T04:23:41.539+0000] {logging_mixin.py:149} INFO - 75
[2023-05-08T04:23:41.540+0000] {logging_mixin.py:149} INFO - 76
[2023-05-08T04:23:41.542+0000] {logging_mixin.py:149} INFO - 77
[2023-05-08T04:23:41.543+0000] {logging_mixin.py:149} INFO - 78
[2023-05-08T04:23:41.544+0000] {logging_mixin.py:149} INFO - 79
[2023-05-08T04:23:41.546+0000] {logging_mixin.py:149} INFO - 80
[2023-05-08T04:23:41.547+0000] {logging_mixin.py:149} INFO - 81
[2023-05-08T04:23:41.549+0000] {logging_mixin.py:149} INFO - 82
[2023-05-08T04:23:41.550+0000] {logging_mixin.py:149} INFO - 83
[2023-05-08T04:23:41.551+0000] {logging_mixin.py:149} INFO - 84
[2023-05-08T04:23:41.553+0000] {logging_mixin.py:149} INFO - 85
[2023-05-08T04:23:41.555+0000] {logging_mixin.py:149} INFO - 86
[2023-05-08T04:23:41.557+0000] {logging_mixin.py:149} INFO - 87
[2023-05-08T04:23:41.558+0000] {logging_mixin.py:149} INFO - 88
[2023-05-08T04:23:41.560+0000] {logging_mixin.py:149} INFO - 89
[2023-05-08T04:23:41.563+0000] {logging_mixin.py:149} INFO - 90
[2023-05-08T04:23:41.564+0000] {logging_mixin.py:149} INFO - 91
[2023-05-08T04:23:41.565+0000] {logging_mixin.py:149} INFO - 92
[2023-05-08T04:23:41.567+0000] {logging_mixin.py:149} INFO - 93
[2023-05-08T04:23:41.570+0000] {logging_mixin.py:149} INFO - 94
[2023-05-08T04:23:41.573+0000] {logging_mixin.py:149} INFO - 95
[2023-05-08T04:23:41.574+0000] {logging_mixin.py:149} INFO - 96
[2023-05-08T04:23:41.575+0000] {logging_mixin.py:149} INFO - 97
[2023-05-08T04:23:41.576+0000] {logging_mixin.py:149} INFO - 98
[2023-05-08T04:23:41.577+0000] {logging_mixin.py:149} INFO - 99
[2023-05-08T04:23:41.591+0000] {python.py:183} INFO - Done. Returned value was: None
[2023-05-08T04:23:41.598+0000] {taskinstance.py:1373} INFO - Marking task as SUCCESS. dag_id=Summer_Warped_ETL, task_id=GetSongsFromPlaylist, execution_date=20230508T005507, start_date=20230508T042340, end_date=20230508T042341
[2023-05-08T04:23:41.619+0000] {local_task_job_runner.py:232} INFO - Task exited with return code 0
[2023-05-08T04:23:41.641+0000] {taskinstance.py:2674} INFO - 2 downstream tasks scheduled from follow-on schedule check
