[2023-05-08T01:09:29.848+0000] {taskinstance.py:1125} INFO - Dependencies all met for dep_context=non-requeueable deps ti=<TaskInstance: Summer_Warped_ETL.GetSongsFromPlaylist manual__2023-05-08T00:55:07.270213+00:00 [queued]>
[2023-05-08T01:09:29.853+0000] {taskinstance.py:1125} INFO - Dependencies all met for dep_context=requeueable deps ti=<TaskInstance: Summer_Warped_ETL.GetSongsFromPlaylist manual__2023-05-08T00:55:07.270213+00:00 [queued]>
[2023-05-08T01:09:29.854+0000] {taskinstance.py:1331} INFO - Starting attempt 3 of 5
[2023-05-08T01:09:29.861+0000] {taskinstance.py:1350} INFO - Executing <Task(PythonOperator): GetSongsFromPlaylist> on 2023-05-08 00:55:07.270213+00:00
[2023-05-08T01:09:29.865+0000] {standard_task_runner.py:57} INFO - Started process 683 to run task
[2023-05-08T01:09:29.869+0000] {standard_task_runner.py:84} INFO - Running: ['***', 'tasks', 'run', 'Summer_Warped_ETL', 'GetSongsFromPlaylist', 'manual__2023-05-08T00:55:07.270213+00:00', '--job-id', '1711', '--raw', '--subdir', 'DAGS_FOLDER/warped-dag.py', '--cfg-path', '/tmp/tmpzdpec7vw']
[2023-05-08T01:09:29.870+0000] {standard_task_runner.py:85} INFO - Job 1711: Subtask GetSongsFromPlaylist
[2023-05-08T01:09:29.903+0000] {task_command.py:410} INFO - Running <TaskInstance: Summer_Warped_ETL.GetSongsFromPlaylist manual__2023-05-08T00:55:07.270213+00:00 [running]> on host a40687a10d43
[2023-05-08T01:09:29.953+0000] {taskinstance.py:1570} INFO - Exporting env vars: AIRFLOW_CTX_DAG_OWNER='Ananta Moharana' AIRFLOW_CTX_DAG_ID='Summer_Warped_ETL' AIRFLOW_CTX_TASK_ID='GetSongsFromPlaylist' AIRFLOW_CTX_EXECUTION_DATE='2023-05-08T00:55:07.270213+00:00' AIRFLOW_CTX_TRY_NUMBER='3' AIRFLOW_CTX_DAG_RUN_ID='manual__2023-05-08T00:55:07.270213+00:00'
[2023-05-08T01:09:30.527+0000] {logging_mixin.py:149} INFO - 100
[2023-05-08T01:09:30.529+0000] {logging_mixin.py:149} INFO - 0
[2023-05-08T01:09:30.535+0000] {logging_mixin.py:149} INFO - 1
[2023-05-08T01:09:30.539+0000] {logging_mixin.py:149} INFO - 2
[2023-05-08T01:09:30.541+0000] {logging_mixin.py:149} INFO - 3
[2023-05-08T01:09:30.545+0000] {logging_mixin.py:149} INFO - 4
[2023-05-08T01:09:30.548+0000] {logging_mixin.py:149} INFO - 5
[2023-05-08T01:09:30.550+0000] {logging_mixin.py:149} INFO - 6
[2023-05-08T01:09:30.553+0000] {logging_mixin.py:149} INFO - 7
[2023-05-08T01:09:30.555+0000] {logging_mixin.py:149} INFO - 8
[2023-05-08T01:09:30.557+0000] {logging_mixin.py:149} INFO - 9
[2023-05-08T01:09:30.558+0000] {logging_mixin.py:149} INFO - 10
[2023-05-08T01:09:30.561+0000] {logging_mixin.py:149} INFO - 11
[2023-05-08T01:09:30.562+0000] {logging_mixin.py:149} INFO - 12
[2023-05-08T01:09:30.564+0000] {logging_mixin.py:149} INFO - 13
[2023-05-08T01:09:30.566+0000] {logging_mixin.py:149} INFO - 14
[2023-05-08T01:09:30.568+0000] {logging_mixin.py:149} INFO - 15
[2023-05-08T01:09:30.569+0000] {logging_mixin.py:149} INFO - 16
[2023-05-08T01:09:30.570+0000] {logging_mixin.py:149} INFO - 17
[2023-05-08T01:09:30.572+0000] {logging_mixin.py:149} INFO - 18
[2023-05-08T01:09:30.574+0000] {logging_mixin.py:149} INFO - 19
[2023-05-08T01:09:30.575+0000] {logging_mixin.py:149} INFO - 20
[2023-05-08T01:09:30.576+0000] {logging_mixin.py:149} INFO - 21
[2023-05-08T01:09:30.578+0000] {logging_mixin.py:149} INFO - 22
[2023-05-08T01:09:30.579+0000] {logging_mixin.py:149} INFO - 23
[2023-05-08T01:09:30.580+0000] {logging_mixin.py:149} INFO - 24
[2023-05-08T01:09:30.581+0000] {logging_mixin.py:149} INFO - 25
[2023-05-08T01:09:30.582+0000] {logging_mixin.py:149} INFO - 26
[2023-05-08T01:09:30.583+0000] {logging_mixin.py:149} INFO - 27
[2023-05-08T01:09:30.587+0000] {logging_mixin.py:149} INFO - 28
[2023-05-08T01:09:30.588+0000] {logging_mixin.py:149} INFO - 29
[2023-05-08T01:09:30.589+0000] {logging_mixin.py:149} INFO - 30
[2023-05-08T01:09:30.590+0000] {logging_mixin.py:149} INFO - 31
[2023-05-08T01:09:30.592+0000] {logging_mixin.py:149} INFO - 32
[2023-05-08T01:09:30.593+0000] {logging_mixin.py:149} INFO - 33
[2023-05-08T01:09:30.594+0000] {logging_mixin.py:149} INFO - 34
[2023-05-08T01:09:30.595+0000] {logging_mixin.py:149} INFO - 35
[2023-05-08T01:09:30.598+0000] {logging_mixin.py:149} INFO - 36
[2023-05-08T01:09:30.600+0000] {logging_mixin.py:149} INFO - 37
[2023-05-08T01:09:30.601+0000] {logging_mixin.py:149} INFO - 38
[2023-05-08T01:09:30.602+0000] {logging_mixin.py:149} INFO - 39
[2023-05-08T01:09:30.604+0000] {logging_mixin.py:149} INFO - 40
[2023-05-08T01:09:30.606+0000] {logging_mixin.py:149} INFO - 41
[2023-05-08T01:09:30.607+0000] {logging_mixin.py:149} INFO - 42
[2023-05-08T01:09:30.609+0000] {logging_mixin.py:149} INFO - 43
[2023-05-08T01:09:30.610+0000] {logging_mixin.py:149} INFO - 44
[2023-05-08T01:09:30.611+0000] {logging_mixin.py:149} INFO - 45
[2023-05-08T01:09:30.612+0000] {logging_mixin.py:149} INFO - 46
[2023-05-08T01:09:30.614+0000] {logging_mixin.py:149} INFO - 47
[2023-05-08T01:09:30.616+0000] {logging_mixin.py:149} INFO - 48
[2023-05-08T01:09:30.618+0000] {logging_mixin.py:149} INFO - 49
[2023-05-08T01:09:30.619+0000] {logging_mixin.py:149} INFO - 50
[2023-05-08T01:09:30.620+0000] {logging_mixin.py:149} INFO - 51
[2023-05-08T01:09:30.621+0000] {logging_mixin.py:149} INFO - 52
[2023-05-08T01:09:30.622+0000] {logging_mixin.py:149} INFO - 53
[2023-05-08T01:09:30.624+0000] {logging_mixin.py:149} INFO - 54
[2023-05-08T01:09:30.625+0000] {logging_mixin.py:149} INFO - 55
[2023-05-08T01:09:30.626+0000] {logging_mixin.py:149} INFO - 56
[2023-05-08T01:09:30.627+0000] {logging_mixin.py:149} INFO - 57
[2023-05-08T01:09:30.628+0000] {logging_mixin.py:149} INFO - 58
[2023-05-08T01:09:30.630+0000] {logging_mixin.py:149} INFO - 59
[2023-05-08T01:09:30.631+0000] {logging_mixin.py:149} INFO - 60
[2023-05-08T01:09:30.632+0000] {logging_mixin.py:149} INFO - 61
[2023-05-08T01:09:30.633+0000] {logging_mixin.py:149} INFO - 62
[2023-05-08T01:09:30.635+0000] {logging_mixin.py:149} INFO - 63
[2023-05-08T01:09:30.636+0000] {logging_mixin.py:149} INFO - 64
[2023-05-08T01:09:30.637+0000] {logging_mixin.py:149} INFO - 65
[2023-05-08T01:09:30.639+0000] {logging_mixin.py:149} INFO - 66
[2023-05-08T01:09:30.641+0000] {logging_mixin.py:149} INFO - 67
[2023-05-08T01:09:30.642+0000] {logging_mixin.py:149} INFO - 68
[2023-05-08T01:09:30.643+0000] {logging_mixin.py:149} INFO - 69
[2023-05-08T01:09:30.644+0000] {logging_mixin.py:149} INFO - 70
[2023-05-08T01:09:30.646+0000] {logging_mixin.py:149} INFO - 71
[2023-05-08T01:09:30.647+0000] {logging_mixin.py:149} INFO - 72
[2023-05-08T01:09:30.649+0000] {logging_mixin.py:149} INFO - 73
[2023-05-08T01:09:30.651+0000] {logging_mixin.py:149} INFO - 74
[2023-05-08T01:09:30.652+0000] {logging_mixin.py:149} INFO - 75
[2023-05-08T01:09:30.653+0000] {logging_mixin.py:149} INFO - 76
[2023-05-08T01:09:30.654+0000] {logging_mixin.py:149} INFO - 77
[2023-05-08T01:09:30.656+0000] {logging_mixin.py:149} INFO - 78
[2023-05-08T01:09:30.657+0000] {logging_mixin.py:149} INFO - 79
[2023-05-08T01:09:30.658+0000] {logging_mixin.py:149} INFO - 80
[2023-05-08T01:09:30.660+0000] {logging_mixin.py:149} INFO - 81
[2023-05-08T01:09:30.662+0000] {logging_mixin.py:149} INFO - 82
[2023-05-08T01:09:30.663+0000] {logging_mixin.py:149} INFO - 83
[2023-05-08T01:09:30.665+0000] {logging_mixin.py:149} INFO - 84
[2023-05-08T01:09:30.667+0000] {logging_mixin.py:149} INFO - 85
[2023-05-08T01:09:30.669+0000] {logging_mixin.py:149} INFO - 86
[2023-05-08T01:09:30.670+0000] {logging_mixin.py:149} INFO - 87
[2023-05-08T01:09:30.672+0000] {logging_mixin.py:149} INFO - 88
[2023-05-08T01:09:30.673+0000] {logging_mixin.py:149} INFO - 89
[2023-05-08T01:09:30.675+0000] {logging_mixin.py:149} INFO - 90
[2023-05-08T01:09:30.676+0000] {logging_mixin.py:149} INFO - 91
[2023-05-08T01:09:30.677+0000] {logging_mixin.py:149} INFO - 92
[2023-05-08T01:09:30.679+0000] {logging_mixin.py:149} INFO - 93
[2023-05-08T01:09:30.681+0000] {logging_mixin.py:149} INFO - 94
[2023-05-08T01:09:30.684+0000] {logging_mixin.py:149} INFO - 95
[2023-05-08T01:09:30.685+0000] {logging_mixin.py:149} INFO - 96
[2023-05-08T01:09:30.686+0000] {logging_mixin.py:149} INFO - 97
[2023-05-08T01:09:30.687+0000] {logging_mixin.py:149} INFO - 98
[2023-05-08T01:09:30.688+0000] {logging_mixin.py:149} INFO - 99
[2023-05-08T01:09:30.701+0000] {python.py:183} INFO - Done. Returned value was: None
[2023-05-08T01:09:30.708+0000] {taskinstance.py:1373} INFO - Marking task as SUCCESS. dag_id=Summer_Warped_ETL, task_id=GetSongsFromPlaylist, execution_date=20230508T005507, start_date=20230508T010929, end_date=20230508T010930
[2023-05-08T01:09:30.735+0000] {local_task_job_runner.py:232} INFO - Task exited with return code 0
[2023-05-08T01:09:30.757+0000] {taskinstance.py:2674} INFO - 2 downstream tasks scheduled from follow-on schedule check
