[2023-05-08T03:40:05.556+0000] {taskinstance.py:1125} INFO - Dependencies all met for dep_context=non-requeueable deps ti=<TaskInstance: Summer_Warped_ETL.GetSongsFromPlaylist manual__2023-05-08T00:55:07.270213+00:00 [queued]>
[2023-05-08T03:40:05.561+0000] {taskinstance.py:1125} INFO - Dependencies all met for dep_context=requeueable deps ti=<TaskInstance: Summer_Warped_ETL.GetSongsFromPlaylist manual__2023-05-08T00:55:07.270213+00:00 [queued]>
[2023-05-08T03:40:05.562+0000] {taskinstance.py:1331} INFO - Starting attempt 6 of 8
[2023-05-08T03:40:05.570+0000] {taskinstance.py:1350} INFO - Executing <Task(PythonOperator): GetSongsFromPlaylist> on 2023-05-08 00:55:07.270213+00:00
[2023-05-08T03:40:05.575+0000] {standard_task_runner.py:57} INFO - Started process 2079 to run task
[2023-05-08T03:40:05.578+0000] {standard_task_runner.py:84} INFO - Running: ['***', 'tasks', 'run', 'Summer_Warped_ETL', 'GetSongsFromPlaylist', 'manual__2023-05-08T00:55:07.270213+00:00', '--job-id', '1838', '--raw', '--subdir', 'DAGS_FOLDER/warped-dag.py', '--cfg-path', '/tmp/tmp8aingxeo']
[2023-05-08T03:40:05.579+0000] {standard_task_runner.py:85} INFO - Job 1838: Subtask GetSongsFromPlaylist
[2023-05-08T03:40:05.616+0000] {task_command.py:410} INFO - Running <TaskInstance: Summer_Warped_ETL.GetSongsFromPlaylist manual__2023-05-08T00:55:07.270213+00:00 [running]> on host a40687a10d43
[2023-05-08T03:40:05.669+0000] {taskinstance.py:1570} INFO - Exporting env vars: AIRFLOW_CTX_DAG_OWNER='Ananta Moharana' AIRFLOW_CTX_DAG_ID='Summer_Warped_ETL' AIRFLOW_CTX_TASK_ID='GetSongsFromPlaylist' AIRFLOW_CTX_EXECUTION_DATE='2023-05-08T00:55:07.270213+00:00' AIRFLOW_CTX_TRY_NUMBER='6' AIRFLOW_CTX_DAG_RUN_ID='manual__2023-05-08T00:55:07.270213+00:00'
[2023-05-08T03:40:06.117+0000] {logging_mixin.py:149} INFO - 100
[2023-05-08T03:40:06.117+0000] {logging_mixin.py:149} INFO - 0
[2023-05-08T03:40:06.120+0000] {logging_mixin.py:149} INFO - 1
[2023-05-08T03:40:06.122+0000] {logging_mixin.py:149} INFO - 2
[2023-05-08T03:40:06.124+0000] {logging_mixin.py:149} INFO - 3
[2023-05-08T03:40:06.125+0000] {logging_mixin.py:149} INFO - 4
[2023-05-08T03:40:06.127+0000] {logging_mixin.py:149} INFO - 5
[2023-05-08T03:40:06.128+0000] {logging_mixin.py:149} INFO - 6
[2023-05-08T03:40:06.130+0000] {logging_mixin.py:149} INFO - 7
[2023-05-08T03:40:06.131+0000] {logging_mixin.py:149} INFO - 8
[2023-05-08T03:40:06.132+0000] {logging_mixin.py:149} INFO - 9
[2023-05-08T03:40:06.134+0000] {logging_mixin.py:149} INFO - 10
[2023-05-08T03:40:06.135+0000] {logging_mixin.py:149} INFO - 11
[2023-05-08T03:40:06.136+0000] {logging_mixin.py:149} INFO - 12
[2023-05-08T03:40:06.137+0000] {logging_mixin.py:149} INFO - 13
[2023-05-08T03:40:06.139+0000] {logging_mixin.py:149} INFO - 14
[2023-05-08T03:40:06.140+0000] {logging_mixin.py:149} INFO - 15
[2023-05-08T03:40:06.141+0000] {logging_mixin.py:149} INFO - 16
[2023-05-08T03:40:06.143+0000] {logging_mixin.py:149} INFO - 17
[2023-05-08T03:40:06.144+0000] {logging_mixin.py:149} INFO - 18
[2023-05-08T03:40:06.146+0000] {logging_mixin.py:149} INFO - 19
[2023-05-08T03:40:06.147+0000] {logging_mixin.py:149} INFO - 20
[2023-05-08T03:40:06.148+0000] {logging_mixin.py:149} INFO - 21
[2023-05-08T03:40:06.149+0000] {logging_mixin.py:149} INFO - 22
[2023-05-08T03:40:06.151+0000] {logging_mixin.py:149} INFO - 23
[2023-05-08T03:40:06.152+0000] {logging_mixin.py:149} INFO - 24
[2023-05-08T03:40:06.153+0000] {logging_mixin.py:149} INFO - 25
[2023-05-08T03:40:06.154+0000] {logging_mixin.py:149} INFO - 26
[2023-05-08T03:40:06.155+0000] {logging_mixin.py:149} INFO - 27
[2023-05-08T03:40:06.158+0000] {logging_mixin.py:149} INFO - 28
[2023-05-08T03:40:06.159+0000] {logging_mixin.py:149} INFO - 29
[2023-05-08T03:40:06.160+0000] {logging_mixin.py:149} INFO - 30
[2023-05-08T03:40:06.161+0000] {logging_mixin.py:149} INFO - 31
[2023-05-08T03:40:06.163+0000] {logging_mixin.py:149} INFO - 32
[2023-05-08T03:40:06.164+0000] {logging_mixin.py:149} INFO - 33
[2023-05-08T03:40:06.165+0000] {logging_mixin.py:149} INFO - 34
[2023-05-08T03:40:06.166+0000] {logging_mixin.py:149} INFO - 35
[2023-05-08T03:40:06.168+0000] {logging_mixin.py:149} INFO - 36
[2023-05-08T03:40:06.170+0000] {logging_mixin.py:149} INFO - 37
[2023-05-08T03:40:06.171+0000] {logging_mixin.py:149} INFO - 38
[2023-05-08T03:40:06.172+0000] {logging_mixin.py:149} INFO - 39
[2023-05-08T03:40:06.174+0000] {logging_mixin.py:149} INFO - 40
[2023-05-08T03:40:06.176+0000] {logging_mixin.py:149} INFO - 41
[2023-05-08T03:40:06.177+0000] {logging_mixin.py:149} INFO - 42
[2023-05-08T03:40:06.178+0000] {logging_mixin.py:149} INFO - 43
[2023-05-08T03:40:06.179+0000] {logging_mixin.py:149} INFO - 44
[2023-05-08T03:40:06.180+0000] {logging_mixin.py:149} INFO - 45
[2023-05-08T03:40:06.181+0000] {logging_mixin.py:149} INFO - 46
[2023-05-08T03:40:06.182+0000] {logging_mixin.py:149} INFO - 47
[2023-05-08T03:40:06.184+0000] {logging_mixin.py:149} INFO - 48
[2023-05-08T03:40:06.185+0000] {logging_mixin.py:149} INFO - 49
[2023-05-08T03:40:06.186+0000] {logging_mixin.py:149} INFO - 50
[2023-05-08T03:40:06.187+0000] {logging_mixin.py:149} INFO - 51
[2023-05-08T03:40:06.188+0000] {logging_mixin.py:149} INFO - 52
[2023-05-08T03:40:06.189+0000] {logging_mixin.py:149} INFO - 53
[2023-05-08T03:40:06.190+0000] {logging_mixin.py:149} INFO - 54
[2023-05-08T03:40:06.191+0000] {logging_mixin.py:149} INFO - 55
[2023-05-08T03:40:06.193+0000] {logging_mixin.py:149} INFO - 56
[2023-05-08T03:40:06.194+0000] {logging_mixin.py:149} INFO - 57
[2023-05-08T03:40:06.195+0000] {logging_mixin.py:149} INFO - 58
[2023-05-08T03:40:06.197+0000] {logging_mixin.py:149} INFO - 59
[2023-05-08T03:40:06.198+0000] {logging_mixin.py:149} INFO - 60
[2023-05-08T03:40:06.199+0000] {logging_mixin.py:149} INFO - 61
[2023-05-08T03:40:06.200+0000] {logging_mixin.py:149} INFO - 62
[2023-05-08T03:40:06.201+0000] {logging_mixin.py:149} INFO - 63
[2023-05-08T03:40:06.202+0000] {logging_mixin.py:149} INFO - 64
[2023-05-08T03:40:06.204+0000] {logging_mixin.py:149} INFO - 65
[2023-05-08T03:40:06.205+0000] {logging_mixin.py:149} INFO - 66
[2023-05-08T03:40:06.206+0000] {logging_mixin.py:149} INFO - 67
[2023-05-08T03:40:06.208+0000] {logging_mixin.py:149} INFO - 68
[2023-05-08T03:40:06.209+0000] {logging_mixin.py:149} INFO - 69
[2023-05-08T03:40:06.210+0000] {logging_mixin.py:149} INFO - 70
[2023-05-08T03:40:06.211+0000] {logging_mixin.py:149} INFO - 71
[2023-05-08T03:40:06.213+0000] {logging_mixin.py:149} INFO - 72
[2023-05-08T03:40:06.214+0000] {logging_mixin.py:149} INFO - 73
[2023-05-08T03:40:06.215+0000] {logging_mixin.py:149} INFO - 74
[2023-05-08T03:40:06.217+0000] {logging_mixin.py:149} INFO - 75
[2023-05-08T03:40:06.218+0000] {logging_mixin.py:149} INFO - 76
[2023-05-08T03:40:06.219+0000] {logging_mixin.py:149} INFO - 77
[2023-05-08T03:40:06.220+0000] {logging_mixin.py:149} INFO - 78
[2023-05-08T03:40:06.221+0000] {logging_mixin.py:149} INFO - 79
[2023-05-08T03:40:06.223+0000] {logging_mixin.py:149} INFO - 80
[2023-05-08T03:40:06.225+0000] {logging_mixin.py:149} INFO - 81
[2023-05-08T03:40:06.226+0000] {logging_mixin.py:149} INFO - 82
[2023-05-08T03:40:06.228+0000] {logging_mixin.py:149} INFO - 83
[2023-05-08T03:40:06.230+0000] {logging_mixin.py:149} INFO - 84
[2023-05-08T03:40:06.232+0000] {logging_mixin.py:149} INFO - 85
[2023-05-08T03:40:06.233+0000] {logging_mixin.py:149} INFO - 86
[2023-05-08T03:40:06.234+0000] {logging_mixin.py:149} INFO - 87
[2023-05-08T03:40:06.236+0000] {logging_mixin.py:149} INFO - 88
[2023-05-08T03:40:06.237+0000] {logging_mixin.py:149} INFO - 89
[2023-05-08T03:40:06.239+0000] {logging_mixin.py:149} INFO - 90
[2023-05-08T03:40:06.240+0000] {logging_mixin.py:149} INFO - 91
[2023-05-08T03:40:06.241+0000] {logging_mixin.py:149} INFO - 92
[2023-05-08T03:40:06.243+0000] {logging_mixin.py:149} INFO - 93
[2023-05-08T03:40:06.245+0000] {logging_mixin.py:149} INFO - 94
[2023-05-08T03:40:06.248+0000] {logging_mixin.py:149} INFO - 95
[2023-05-08T03:40:06.249+0000] {logging_mixin.py:149} INFO - 96
[2023-05-08T03:40:06.251+0000] {logging_mixin.py:149} INFO - 97
[2023-05-08T03:40:06.252+0000] {logging_mixin.py:149} INFO - 98
[2023-05-08T03:40:06.253+0000] {logging_mixin.py:149} INFO - 99
[2023-05-08T03:40:06.267+0000] {python.py:183} INFO - Done. Returned value was: None
[2023-05-08T03:40:06.275+0000] {taskinstance.py:1373} INFO - Marking task as SUCCESS. dag_id=Summer_Warped_ETL, task_id=GetSongsFromPlaylist, execution_date=20230508T005507, start_date=20230508T034005, end_date=20230508T034006
[2023-05-08T03:40:06.323+0000] {local_task_job_runner.py:232} INFO - Task exited with return code 0
[2023-05-08T03:40:06.347+0000] {taskinstance.py:2674} INFO - 2 downstream tasks scheduled from follow-on schedule check
