[2023-05-08T00:55:10.019+0000] {taskinstance.py:1125} INFO - Dependencies all met for dep_context=non-requeueable deps ti=<TaskInstance: Summer_Warped_ETL.GetSongsFromPlaylist manual__2023-05-08T00:55:07.270213+00:00 [queued]>
[2023-05-08T00:55:10.024+0000] {taskinstance.py:1125} INFO - Dependencies all met for dep_context=requeueable deps ti=<TaskInstance: Summer_Warped_ETL.GetSongsFromPlaylist manual__2023-05-08T00:55:07.270213+00:00 [queued]>
[2023-05-08T00:55:10.025+0000] {taskinstance.py:1331} INFO - Starting attempt 1 of 3
[2023-05-08T00:55:10.033+0000] {taskinstance.py:1350} INFO - Executing <Task(PythonOperator): GetSongsFromPlaylist> on 2023-05-08 00:55:07.270213+00:00
[2023-05-08T00:55:10.037+0000] {standard_task_runner.py:57} INFO - Started process 181 to run task
[2023-05-08T00:55:10.042+0000] {standard_task_runner.py:84} INFO - Running: ['***', 'tasks', 'run', 'Summer_Warped_ETL', 'GetSongsFromPlaylist', 'manual__2023-05-08T00:55:07.270213+00:00', '--job-id', '1641', '--raw', '--subdir', 'DAGS_FOLDER/warped-dag.py', '--cfg-path', '/tmp/tmp3cnftz_r']
[2023-05-08T00:55:10.042+0000] {standard_task_runner.py:85} INFO - Job 1641: Subtask GetSongsFromPlaylist
[2023-05-08T00:55:10.079+0000] {task_command.py:410} INFO - Running <TaskInstance: Summer_Warped_ETL.GetSongsFromPlaylist manual__2023-05-08T00:55:07.270213+00:00 [running]> on host a40687a10d43
[2023-05-08T00:55:10.144+0000] {taskinstance.py:1570} INFO - Exporting env vars: AIRFLOW_CTX_DAG_OWNER='Ananta Moharana' AIRFLOW_CTX_DAG_ID='Summer_Warped_ETL' AIRFLOW_CTX_TASK_ID='GetSongsFromPlaylist' AIRFLOW_CTX_EXECUTION_DATE='2023-05-08T00:55:07.270213+00:00' AIRFLOW_CTX_TRY_NUMBER='1' AIRFLOW_CTX_DAG_RUN_ID='manual__2023-05-08T00:55:07.270213+00:00'
[2023-05-08T00:55:10.591+0000] {logging_mixin.py:149} INFO - 100
[2023-05-08T00:55:10.591+0000] {logging_mixin.py:149} INFO - 0
[2023-05-08T00:55:10.594+0000] {logging_mixin.py:149} INFO - 1
[2023-05-08T00:55:10.596+0000] {logging_mixin.py:149} INFO - 2
[2023-05-08T00:55:10.597+0000] {logging_mixin.py:149} INFO - 3
[2023-05-08T00:55:10.599+0000] {logging_mixin.py:149} INFO - 4
[2023-05-08T00:55:10.601+0000] {logging_mixin.py:149} INFO - 5
[2023-05-08T00:55:10.602+0000] {logging_mixin.py:149} INFO - 6
[2023-05-08T00:55:10.604+0000] {logging_mixin.py:149} INFO - 7
[2023-05-08T00:55:10.606+0000] {logging_mixin.py:149} INFO - 8
[2023-05-08T00:55:10.608+0000] {logging_mixin.py:149} INFO - 9
[2023-05-08T00:55:10.609+0000] {logging_mixin.py:149} INFO - 10
[2023-05-08T00:55:10.612+0000] {logging_mixin.py:149} INFO - 11
[2023-05-08T00:55:10.613+0000] {logging_mixin.py:149} INFO - 12
[2023-05-08T00:55:10.615+0000] {logging_mixin.py:149} INFO - 13
[2023-05-08T00:55:10.617+0000] {logging_mixin.py:149} INFO - 14
[2023-05-08T00:55:10.618+0000] {logging_mixin.py:149} INFO - 15
[2023-05-08T00:55:10.620+0000] {logging_mixin.py:149} INFO - 16
[2023-05-08T00:55:10.621+0000] {logging_mixin.py:149} INFO - 17
[2023-05-08T00:55:10.624+0000] {logging_mixin.py:149} INFO - 18
[2023-05-08T00:55:10.625+0000] {logging_mixin.py:149} INFO - 19
[2023-05-08T00:55:10.626+0000] {logging_mixin.py:149} INFO - 20
[2023-05-08T00:55:10.628+0000] {logging_mixin.py:149} INFO - 21
[2023-05-08T00:55:10.629+0000] {logging_mixin.py:149} INFO - 22
[2023-05-08T00:55:10.631+0000] {logging_mixin.py:149} INFO - 23
[2023-05-08T00:55:10.632+0000] {logging_mixin.py:149} INFO - 24
[2023-05-08T00:55:10.633+0000] {logging_mixin.py:149} INFO - 25
[2023-05-08T00:55:10.635+0000] {logging_mixin.py:149} INFO - 26
[2023-05-08T00:55:10.636+0000] {logging_mixin.py:149} INFO - 27
[2023-05-08T00:55:10.640+0000] {logging_mixin.py:149} INFO - 28
[2023-05-08T00:55:10.642+0000] {logging_mixin.py:149} INFO - 29
[2023-05-08T00:55:10.643+0000] {logging_mixin.py:149} INFO - 30
[2023-05-08T00:55:10.644+0000] {logging_mixin.py:149} INFO - 31
[2023-05-08T00:55:10.646+0000] {logging_mixin.py:149} INFO - 32
[2023-05-08T00:55:10.647+0000] {logging_mixin.py:149} INFO - 33
[2023-05-08T00:55:10.648+0000] {logging_mixin.py:149} INFO - 34
[2023-05-08T00:55:10.650+0000] {logging_mixin.py:149} INFO - 35
[2023-05-08T00:55:10.652+0000] {logging_mixin.py:149} INFO - 36
[2023-05-08T00:55:10.654+0000] {logging_mixin.py:149} INFO - 37
[2023-05-08T00:55:10.656+0000] {logging_mixin.py:149} INFO - 38
[2023-05-08T00:55:10.657+0000] {logging_mixin.py:149} INFO - 39
[2023-05-08T00:55:10.659+0000] {logging_mixin.py:149} INFO - 40
[2023-05-08T00:55:10.661+0000] {logging_mixin.py:149} INFO - 41
[2023-05-08T00:55:10.663+0000] {logging_mixin.py:149} INFO - 42
[2023-05-08T00:55:10.664+0000] {logging_mixin.py:149} INFO - 43
[2023-05-08T00:55:10.665+0000] {logging_mixin.py:149} INFO - 44
[2023-05-08T00:55:10.667+0000] {logging_mixin.py:149} INFO - 45
[2023-05-08T00:55:10.668+0000] {logging_mixin.py:149} INFO - 46
[2023-05-08T00:55:10.670+0000] {logging_mixin.py:149} INFO - 47
[2023-05-08T00:55:10.672+0000] {logging_mixin.py:149} INFO - 48
[2023-05-08T00:55:10.673+0000] {logging_mixin.py:149} INFO - 49
[2023-05-08T00:55:10.674+0000] {logging_mixin.py:149} INFO - 50
[2023-05-08T00:55:10.675+0000] {logging_mixin.py:149} INFO - 51
[2023-05-08T00:55:10.677+0000] {logging_mixin.py:149} INFO - 52
[2023-05-08T00:55:10.678+0000] {logging_mixin.py:149} INFO - 53
[2023-05-08T00:55:10.679+0000] {logging_mixin.py:149} INFO - 54
[2023-05-08T00:55:10.681+0000] {logging_mixin.py:149} INFO - 55
[2023-05-08T00:55:10.682+0000] {logging_mixin.py:149} INFO - 56
[2023-05-08T00:55:10.683+0000] {logging_mixin.py:149} INFO - 57
[2023-05-08T00:55:10.684+0000] {logging_mixin.py:149} INFO - 58
[2023-05-08T00:55:10.686+0000] {logging_mixin.py:149} INFO - 59
[2023-05-08T00:55:10.687+0000] {logging_mixin.py:149} INFO - 60
[2023-05-08T00:55:10.689+0000] {logging_mixin.py:149} INFO - 61
[2023-05-08T00:55:10.690+0000] {logging_mixin.py:149} INFO - 62
[2023-05-08T00:55:10.691+0000] {logging_mixin.py:149} INFO - 63
[2023-05-08T00:55:10.692+0000] {logging_mixin.py:149} INFO - 64
[2023-05-08T00:55:10.694+0000] {logging_mixin.py:149} INFO - 65
[2023-05-08T00:55:10.695+0000] {logging_mixin.py:149} INFO - 66
[2023-05-08T00:55:10.697+0000] {logging_mixin.py:149} INFO - 67
[2023-05-08T00:55:10.700+0000] {logging_mixin.py:149} INFO - 68
[2023-05-08T00:55:10.701+0000] {logging_mixin.py:149} INFO - 69
[2023-05-08T00:55:10.702+0000] {logging_mixin.py:149} INFO - 70
[2023-05-08T00:55:10.704+0000] {logging_mixin.py:149} INFO - 71
[2023-05-08T00:55:10.705+0000] {logging_mixin.py:149} INFO - 72
[2023-05-08T00:55:10.707+0000] {logging_mixin.py:149} INFO - 73
[2023-05-08T00:55:10.709+0000] {logging_mixin.py:149} INFO - 74
[2023-05-08T00:55:10.710+0000] {logging_mixin.py:149} INFO - 75
[2023-05-08T00:55:10.711+0000] {logging_mixin.py:149} INFO - 76
[2023-05-08T00:55:10.712+0000] {logging_mixin.py:149} INFO - 77
[2023-05-08T00:55:10.714+0000] {logging_mixin.py:149} INFO - 78
[2023-05-08T00:55:10.716+0000] {logging_mixin.py:149} INFO - 79
[2023-05-08T00:55:10.720+0000] {logging_mixin.py:149} INFO - 80
[2023-05-08T00:55:10.722+0000] {logging_mixin.py:149} INFO - 81
[2023-05-08T00:55:10.724+0000] {logging_mixin.py:149} INFO - 82
[2023-05-08T00:55:10.726+0000] {logging_mixin.py:149} INFO - 83
[2023-05-08T00:55:10.729+0000] {logging_mixin.py:149} INFO - 84
[2023-05-08T00:55:10.731+0000] {logging_mixin.py:149} INFO - 85
[2023-05-08T00:55:10.734+0000] {logging_mixin.py:149} INFO - 86
[2023-05-08T00:55:10.736+0000] {logging_mixin.py:149} INFO - 87
[2023-05-08T00:55:10.737+0000] {logging_mixin.py:149} INFO - 88
[2023-05-08T00:55:10.739+0000] {logging_mixin.py:149} INFO - 89
[2023-05-08T00:55:10.743+0000] {logging_mixin.py:149} INFO - 90
[2023-05-08T00:55:10.745+0000] {logging_mixin.py:149} INFO - 91
[2023-05-08T00:55:10.746+0000] {logging_mixin.py:149} INFO - 92
[2023-05-08T00:55:10.749+0000] {logging_mixin.py:149} INFO - 93
[2023-05-08T00:55:10.753+0000] {logging_mixin.py:149} INFO - 94
[2023-05-08T00:55:10.757+0000] {logging_mixin.py:149} INFO - 95
[2023-05-08T00:55:10.759+0000] {logging_mixin.py:149} INFO - 96
[2023-05-08T00:55:10.761+0000] {logging_mixin.py:149} INFO - 97
[2023-05-08T00:55:10.763+0000] {logging_mixin.py:149} INFO - 98
[2023-05-08T00:55:10.765+0000] {logging_mixin.py:149} INFO - 99
[2023-05-08T00:55:10.780+0000] {python.py:183} INFO - Done. Returned value was: None
[2023-05-08T00:55:10.790+0000] {taskinstance.py:1373} INFO - Marking task as SUCCESS. dag_id=Summer_Warped_ETL, task_id=GetSongsFromPlaylist, execution_date=20230508T005507, start_date=20230508T005510, end_date=20230508T005510
[2023-05-08T00:55:10.814+0000] {local_task_job_runner.py:232} INFO - Task exited with return code 0
[2023-05-08T00:55:10.840+0000] {taskinstance.py:2674} INFO - 2 downstream tasks scheduled from follow-on schedule check
