[2023-05-08T04:26:10.814+0000] {taskinstance.py:1125} INFO - Dependencies all met for dep_context=non-requeueable deps ti=<TaskInstance: Summer_Warped_ETL.GetSongsFromPlaylist manual__2023-05-08T00:55:07.270213+00:00 [queued]>
[2023-05-08T04:26:10.819+0000] {taskinstance.py:1125} INFO - Dependencies all met for dep_context=requeueable deps ti=<TaskInstance: Summer_Warped_ETL.GetSongsFromPlaylist manual__2023-05-08T00:55:07.270213+00:00 [queued]>
[2023-05-08T04:26:10.820+0000] {taskinstance.py:1331} INFO - Starting attempt 14 of 16
[2023-05-08T04:26:10.831+0000] {taskinstance.py:1350} INFO - Executing <Task(PythonOperator): GetSongsFromPlaylist> on 2023-05-08 00:55:07.270213+00:00
[2023-05-08T04:26:10.836+0000] {standard_task_runner.py:57} INFO - Started process 3999 to run task
[2023-05-08T04:26:10.840+0000] {standard_task_runner.py:84} INFO - Running: ['***', 'tasks', 'run', 'Summer_Warped_ETL', 'GetSongsFromPlaylist', 'manual__2023-05-08T00:55:07.270213+00:00', '--job-id', '2160', '--raw', '--subdir', 'DAGS_FOLDER/warped-dag.py', '--cfg-path', '/tmp/tmpujz460rc']
[2023-05-08T04:26:10.840+0000] {standard_task_runner.py:85} INFO - Job 2160: Subtask GetSongsFromPlaylist
[2023-05-08T04:26:10.882+0000] {task_command.py:410} INFO - Running <TaskInstance: Summer_Warped_ETL.GetSongsFromPlaylist manual__2023-05-08T00:55:07.270213+00:00 [running]> on host a40687a10d43
[2023-05-08T04:26:10.944+0000] {taskinstance.py:1570} INFO - Exporting env vars: AIRFLOW_CTX_DAG_OWNER='Ananta Moharana' AIRFLOW_CTX_DAG_ID='Summer_Warped_ETL' AIRFLOW_CTX_TASK_ID='GetSongsFromPlaylist' AIRFLOW_CTX_EXECUTION_DATE='2023-05-08T00:55:07.270213+00:00' AIRFLOW_CTX_TRY_NUMBER='14' AIRFLOW_CTX_DAG_RUN_ID='manual__2023-05-08T00:55:07.270213+00:00'
[2023-05-08T04:26:11.338+0000] {logging_mixin.py:149} INFO - 100
[2023-05-08T04:26:11.339+0000] {logging_mixin.py:149} INFO - 0
[2023-05-08T04:26:11.341+0000] {logging_mixin.py:149} INFO - 1
[2023-05-08T04:26:11.343+0000] {logging_mixin.py:149} INFO - 2
[2023-05-08T04:26:11.345+0000] {logging_mixin.py:149} INFO - 3
[2023-05-08T04:26:11.346+0000] {logging_mixin.py:149} INFO - 4
[2023-05-08T04:26:11.348+0000] {logging_mixin.py:149} INFO - 5
[2023-05-08T04:26:11.349+0000] {logging_mixin.py:149} INFO - 6
[2023-05-08T04:26:11.351+0000] {logging_mixin.py:149} INFO - 7
[2023-05-08T04:26:11.353+0000] {logging_mixin.py:149} INFO - 8
[2023-05-08T04:26:11.354+0000] {logging_mixin.py:149} INFO - 9
[2023-05-08T04:26:11.356+0000] {logging_mixin.py:149} INFO - 10
[2023-05-08T04:26:11.357+0000] {logging_mixin.py:149} INFO - 11
[2023-05-08T04:26:11.359+0000] {logging_mixin.py:149} INFO - 12
[2023-05-08T04:26:11.361+0000] {logging_mixin.py:149} INFO - 13
[2023-05-08T04:26:11.363+0000] {logging_mixin.py:149} INFO - 14
[2023-05-08T04:26:11.364+0000] {logging_mixin.py:149} INFO - 15
[2023-05-08T04:26:11.365+0000] {logging_mixin.py:149} INFO - 16
[2023-05-08T04:26:11.366+0000] {logging_mixin.py:149} INFO - 17
[2023-05-08T04:26:11.368+0000] {logging_mixin.py:149} INFO - 18
[2023-05-08T04:26:11.369+0000] {logging_mixin.py:149} INFO - 19
[2023-05-08T04:26:11.370+0000] {logging_mixin.py:149} INFO - 20
[2023-05-08T04:26:11.371+0000] {logging_mixin.py:149} INFO - 21
[2023-05-08T04:26:11.372+0000] {logging_mixin.py:149} INFO - 22
[2023-05-08T04:26:11.373+0000] {logging_mixin.py:149} INFO - 23
[2023-05-08T04:26:11.374+0000] {logging_mixin.py:149} INFO - 24
[2023-05-08T04:26:11.376+0000] {logging_mixin.py:149} INFO - 25
[2023-05-08T04:26:11.377+0000] {logging_mixin.py:149} INFO - 26
[2023-05-08T04:26:11.378+0000] {logging_mixin.py:149} INFO - 27
[2023-05-08T04:26:11.381+0000] {logging_mixin.py:149} INFO - 28
[2023-05-08T04:26:11.382+0000] {logging_mixin.py:149} INFO - 29
[2023-05-08T04:26:11.384+0000] {logging_mixin.py:149} INFO - 30
[2023-05-08T04:26:11.385+0000] {logging_mixin.py:149} INFO - 31
[2023-05-08T04:26:11.386+0000] {logging_mixin.py:149} INFO - 32
[2023-05-08T04:26:11.387+0000] {logging_mixin.py:149} INFO - 33
[2023-05-08T04:26:11.388+0000] {logging_mixin.py:149} INFO - 34
[2023-05-08T04:26:11.389+0000] {logging_mixin.py:149} INFO - 35
[2023-05-08T04:26:11.391+0000] {logging_mixin.py:149} INFO - 36
[2023-05-08T04:26:11.393+0000] {logging_mixin.py:149} INFO - 37
[2023-05-08T04:26:11.394+0000] {logging_mixin.py:149} INFO - 38
[2023-05-08T04:26:11.395+0000] {logging_mixin.py:149} INFO - 39
[2023-05-08T04:26:11.397+0000] {logging_mixin.py:149} INFO - 40
[2023-05-08T04:26:11.398+0000] {logging_mixin.py:149} INFO - 41
[2023-05-08T04:26:11.400+0000] {logging_mixin.py:149} INFO - 42
[2023-05-08T04:26:11.401+0000] {logging_mixin.py:149} INFO - 43
[2023-05-08T04:26:11.402+0000] {logging_mixin.py:149} INFO - 44
[2023-05-08T04:26:11.403+0000] {logging_mixin.py:149} INFO - 45
[2023-05-08T04:26:11.404+0000] {logging_mixin.py:149} INFO - 46
[2023-05-08T04:26:11.406+0000] {logging_mixin.py:149} INFO - 47
[2023-05-08T04:26:11.407+0000] {logging_mixin.py:149} INFO - 48
[2023-05-08T04:26:11.409+0000] {logging_mixin.py:149} INFO - 49
[2023-05-08T04:26:11.410+0000] {logging_mixin.py:149} INFO - 50
[2023-05-08T04:26:11.411+0000] {logging_mixin.py:149} INFO - 51
[2023-05-08T04:26:11.412+0000] {logging_mixin.py:149} INFO - 52
[2023-05-08T04:26:11.413+0000] {logging_mixin.py:149} INFO - 53
[2023-05-08T04:26:11.414+0000] {logging_mixin.py:149} INFO - 54
[2023-05-08T04:26:11.415+0000] {logging_mixin.py:149} INFO - 55
[2023-05-08T04:26:11.416+0000] {logging_mixin.py:149} INFO - 56
[2023-05-08T04:26:11.417+0000] {logging_mixin.py:149} INFO - 57
[2023-05-08T04:26:11.418+0000] {logging_mixin.py:149} INFO - 58
[2023-05-08T04:26:11.420+0000] {logging_mixin.py:149} INFO - 59
[2023-05-08T04:26:11.421+0000] {logging_mixin.py:149} INFO - 60
[2023-05-08T04:26:11.422+0000] {logging_mixin.py:149} INFO - 61
[2023-05-08T04:26:11.423+0000] {logging_mixin.py:149} INFO - 62
[2023-05-08T04:26:11.424+0000] {logging_mixin.py:149} INFO - 63
[2023-05-08T04:26:11.425+0000] {logging_mixin.py:149} INFO - 64
[2023-05-08T04:26:11.426+0000] {logging_mixin.py:149} INFO - 65
[2023-05-08T04:26:11.427+0000] {logging_mixin.py:149} INFO - 66
[2023-05-08T04:26:11.429+0000] {logging_mixin.py:149} INFO - 67
[2023-05-08T04:26:11.430+0000] {logging_mixin.py:149} INFO - 68
[2023-05-08T04:26:11.431+0000] {logging_mixin.py:149} INFO - 69
[2023-05-08T04:26:11.432+0000] {logging_mixin.py:149} INFO - 70
[2023-05-08T04:26:11.434+0000] {logging_mixin.py:149} INFO - 71
[2023-05-08T04:26:11.435+0000] {logging_mixin.py:149} INFO - 72
[2023-05-08T04:26:11.437+0000] {logging_mixin.py:149} INFO - 73
[2023-05-08T04:26:11.438+0000] {logging_mixin.py:149} INFO - 74
[2023-05-08T04:26:11.439+0000] {logging_mixin.py:149} INFO - 75
[2023-05-08T04:26:11.441+0000] {logging_mixin.py:149} INFO - 76
[2023-05-08T04:26:11.442+0000] {logging_mixin.py:149} INFO - 77
[2023-05-08T04:26:11.444+0000] {logging_mixin.py:149} INFO - 78
[2023-05-08T04:26:11.445+0000] {logging_mixin.py:149} INFO - 79
[2023-05-08T04:26:11.446+0000] {logging_mixin.py:149} INFO - 80
[2023-05-08T04:26:11.448+0000] {logging_mixin.py:149} INFO - 81
[2023-05-08T04:26:11.450+0000] {logging_mixin.py:149} INFO - 82
[2023-05-08T04:26:11.451+0000] {logging_mixin.py:149} INFO - 83
[2023-05-08T04:26:11.453+0000] {logging_mixin.py:149} INFO - 84
[2023-05-08T04:26:11.455+0000] {logging_mixin.py:149} INFO - 85
[2023-05-08T04:26:11.456+0000] {logging_mixin.py:149} INFO - 86
[2023-05-08T04:26:11.457+0000] {logging_mixin.py:149} INFO - 87
[2023-05-08T04:26:11.459+0000] {logging_mixin.py:149} INFO - 88
[2023-05-08T04:26:11.460+0000] {logging_mixin.py:149} INFO - 89
[2023-05-08T04:26:11.462+0000] {logging_mixin.py:149} INFO - 90
[2023-05-08T04:26:11.463+0000] {logging_mixin.py:149} INFO - 91
[2023-05-08T04:26:11.464+0000] {logging_mixin.py:149} INFO - 92
[2023-05-08T04:26:11.466+0000] {logging_mixin.py:149} INFO - 93
[2023-05-08T04:26:11.468+0000] {logging_mixin.py:149} INFO - 94
[2023-05-08T04:26:11.470+0000] {logging_mixin.py:149} INFO - 95
[2023-05-08T04:26:11.472+0000] {logging_mixin.py:149} INFO - 96
[2023-05-08T04:26:11.473+0000] {logging_mixin.py:149} INFO - 97
[2023-05-08T04:26:11.474+0000] {logging_mixin.py:149} INFO - 98
[2023-05-08T04:26:11.475+0000] {logging_mixin.py:149} INFO - 99
[2023-05-08T04:26:11.490+0000] {python.py:183} INFO - Done. Returned value was: None
[2023-05-08T04:26:11.498+0000] {taskinstance.py:1373} INFO - Marking task as SUCCESS. dag_id=Summer_Warped_ETL, task_id=GetSongsFromPlaylist, execution_date=20230508T005507, start_date=20230508T042610, end_date=20230508T042611
[2023-05-08T04:26:11.536+0000] {local_task_job_runner.py:232} INFO - Task exited with return code 0
[2023-05-08T04:26:11.559+0000] {taskinstance.py:2674} INFO - 2 downstream tasks scheduled from follow-on schedule check
