[2023-05-08T04:30:22.649+0000] {taskinstance.py:1125} INFO - Dependencies all met for dep_context=non-requeueable deps ti=<TaskInstance: Summer_Warped_ETL.GetSongsFromPlaylist manual__2023-05-08T00:55:07.270213+00:00 [queued]>
[2023-05-08T04:30:22.654+0000] {taskinstance.py:1125} INFO - Dependencies all met for dep_context=requeueable deps ti=<TaskInstance: Summer_Warped_ETL.GetSongsFromPlaylist manual__2023-05-08T00:55:07.270213+00:00 [queued]>
[2023-05-08T04:30:22.654+0000] {taskinstance.py:1331} INFO - Starting attempt 15 of 17
[2023-05-08T04:30:22.662+0000] {taskinstance.py:1350} INFO - Executing <Task(PythonOperator): GetSongsFromPlaylist> on 2023-05-08 00:55:07.270213+00:00
[2023-05-08T04:30:22.666+0000] {standard_task_runner.py:57} INFO - Started process 4226 to run task
[2023-05-08T04:30:22.670+0000] {standard_task_runner.py:84} INFO - Running: ['***', 'tasks', 'run', 'Summer_Warped_ETL', 'GetSongsFromPlaylist', 'manual__2023-05-08T00:55:07.270213+00:00', '--job-id', '2205', '--raw', '--subdir', 'DAGS_FOLDER/warped-dag.py', '--cfg-path', '/tmp/tmpphz53ij5']
[2023-05-08T04:30:22.671+0000] {standard_task_runner.py:85} INFO - Job 2205: Subtask GetSongsFromPlaylist
[2023-05-08T04:30:22.707+0000] {task_command.py:410} INFO - Running <TaskInstance: Summer_Warped_ETL.GetSongsFromPlaylist manual__2023-05-08T00:55:07.270213+00:00 [running]> on host a40687a10d43
[2023-05-08T04:30:22.761+0000] {taskinstance.py:1570} INFO - Exporting env vars: AIRFLOW_CTX_DAG_OWNER='Ananta Moharana' AIRFLOW_CTX_DAG_ID='Summer_Warped_ETL' AIRFLOW_CTX_TASK_ID='GetSongsFromPlaylist' AIRFLOW_CTX_EXECUTION_DATE='2023-05-08T00:55:07.270213+00:00' AIRFLOW_CTX_TRY_NUMBER='15' AIRFLOW_CTX_DAG_RUN_ID='manual__2023-05-08T00:55:07.270213+00:00'
[2023-05-08T04:30:23.172+0000] {logging_mixin.py:149} INFO - 100
[2023-05-08T04:30:23.173+0000] {logging_mixin.py:149} INFO - 0
[2023-05-08T04:30:23.178+0000] {logging_mixin.py:149} INFO - 1
[2023-05-08T04:30:23.182+0000] {logging_mixin.py:149} INFO - 2
[2023-05-08T04:30:23.184+0000] {logging_mixin.py:149} INFO - 3
[2023-05-08T04:30:23.185+0000] {logging_mixin.py:149} INFO - 4
[2023-05-08T04:30:23.188+0000] {logging_mixin.py:149} INFO - 5
[2023-05-08T04:30:23.189+0000] {logging_mixin.py:149} INFO - 6
[2023-05-08T04:30:23.191+0000] {logging_mixin.py:149} INFO - 7
[2023-05-08T04:30:23.194+0000] {logging_mixin.py:149} INFO - 8
[2023-05-08T04:30:23.196+0000] {logging_mixin.py:149} INFO - 9
[2023-05-08T04:30:23.197+0000] {logging_mixin.py:149} INFO - 10
[2023-05-08T04:30:23.200+0000] {logging_mixin.py:149} INFO - 11
[2023-05-08T04:30:23.201+0000] {logging_mixin.py:149} INFO - 12
[2023-05-08T04:30:23.203+0000] {logging_mixin.py:149} INFO - 13
[2023-05-08T04:30:23.206+0000] {logging_mixin.py:149} INFO - 14
[2023-05-08T04:30:23.208+0000] {logging_mixin.py:149} INFO - 15
[2023-05-08T04:30:23.209+0000] {logging_mixin.py:149} INFO - 16
[2023-05-08T04:30:23.210+0000] {logging_mixin.py:149} INFO - 17
[2023-05-08T04:30:23.212+0000] {logging_mixin.py:149} INFO - 18
[2023-05-08T04:30:23.213+0000] {logging_mixin.py:149} INFO - 19
[2023-05-08T04:30:23.214+0000] {logging_mixin.py:149} INFO - 20
[2023-05-08T04:30:23.216+0000] {logging_mixin.py:149} INFO - 21
[2023-05-08T04:30:23.217+0000] {logging_mixin.py:149} INFO - 22
[2023-05-08T04:30:23.218+0000] {logging_mixin.py:149} INFO - 23
[2023-05-08T04:30:23.219+0000] {logging_mixin.py:149} INFO - 24
[2023-05-08T04:30:23.220+0000] {logging_mixin.py:149} INFO - 25
[2023-05-08T04:30:23.221+0000] {logging_mixin.py:149} INFO - 26
[2023-05-08T04:30:23.222+0000] {logging_mixin.py:149} INFO - 27
[2023-05-08T04:30:23.226+0000] {logging_mixin.py:149} INFO - 28
[2023-05-08T04:30:23.227+0000] {logging_mixin.py:149} INFO - 29
[2023-05-08T04:30:23.228+0000] {logging_mixin.py:149} INFO - 30
[2023-05-08T04:30:23.230+0000] {logging_mixin.py:149} INFO - 31
[2023-05-08T04:30:23.231+0000] {logging_mixin.py:149} INFO - 32
[2023-05-08T04:30:23.232+0000] {logging_mixin.py:149} INFO - 33
[2023-05-08T04:30:23.234+0000] {logging_mixin.py:149} INFO - 34
[2023-05-08T04:30:23.235+0000] {logging_mixin.py:149} INFO - 35
[2023-05-08T04:30:23.237+0000] {logging_mixin.py:149} INFO - 36
[2023-05-08T04:30:23.238+0000] {logging_mixin.py:149} INFO - 37
[2023-05-08T04:30:23.240+0000] {logging_mixin.py:149} INFO - 38
[2023-05-08T04:30:23.241+0000] {logging_mixin.py:149} INFO - 39
[2023-05-08T04:30:23.242+0000] {logging_mixin.py:149} INFO - 40
[2023-05-08T04:30:23.244+0000] {logging_mixin.py:149} INFO - 41
[2023-05-08T04:30:23.245+0000] {logging_mixin.py:149} INFO - 42
[2023-05-08T04:30:23.247+0000] {logging_mixin.py:149} INFO - 43
[2023-05-08T04:30:23.248+0000] {logging_mixin.py:149} INFO - 44
[2023-05-08T04:30:23.249+0000] {logging_mixin.py:149} INFO - 45
[2023-05-08T04:30:23.250+0000] {logging_mixin.py:149} INFO - 46
[2023-05-08T04:30:23.252+0000] {logging_mixin.py:149} INFO - 47
[2023-05-08T04:30:23.254+0000] {logging_mixin.py:149} INFO - 48
[2023-05-08T04:30:23.255+0000] {logging_mixin.py:149} INFO - 49
[2023-05-08T04:30:23.256+0000] {logging_mixin.py:149} INFO - 50
[2023-05-08T04:30:23.257+0000] {logging_mixin.py:149} INFO - 51
[2023-05-08T04:30:23.258+0000] {logging_mixin.py:149} INFO - 52
[2023-05-08T04:30:23.260+0000] {logging_mixin.py:149} INFO - 53
[2023-05-08T04:30:23.261+0000] {logging_mixin.py:149} INFO - 54
[2023-05-08T04:30:23.262+0000] {logging_mixin.py:149} INFO - 55
[2023-05-08T04:30:23.263+0000] {logging_mixin.py:149} INFO - 56
[2023-05-08T04:30:23.264+0000] {logging_mixin.py:149} INFO - 57
[2023-05-08T04:30:23.265+0000] {logging_mixin.py:149} INFO - 58
[2023-05-08T04:30:23.267+0000] {logging_mixin.py:149} INFO - 59
[2023-05-08T04:30:23.268+0000] {logging_mixin.py:149} INFO - 60
[2023-05-08T04:30:23.269+0000] {logging_mixin.py:149} INFO - 61
[2023-05-08T04:30:23.270+0000] {logging_mixin.py:149} INFO - 62
[2023-05-08T04:30:23.271+0000] {logging_mixin.py:149} INFO - 63
[2023-05-08T04:30:23.272+0000] {logging_mixin.py:149} INFO - 64
[2023-05-08T04:30:23.273+0000] {logging_mixin.py:149} INFO - 65
[2023-05-08T04:30:23.274+0000] {logging_mixin.py:149} INFO - 66
[2023-05-08T04:30:23.276+0000] {logging_mixin.py:149} INFO - 67
[2023-05-08T04:30:23.277+0000] {logging_mixin.py:149} INFO - 68
[2023-05-08T04:30:23.278+0000] {logging_mixin.py:149} INFO - 69
[2023-05-08T04:30:23.279+0000] {logging_mixin.py:149} INFO - 70
[2023-05-08T04:30:23.281+0000] {logging_mixin.py:149} INFO - 71
[2023-05-08T04:30:23.282+0000] {logging_mixin.py:149} INFO - 72
[2023-05-08T04:30:23.284+0000] {logging_mixin.py:149} INFO - 73
[2023-05-08T04:30:23.285+0000] {logging_mixin.py:149} INFO - 74
[2023-05-08T04:30:23.286+0000] {logging_mixin.py:149} INFO - 75
[2023-05-08T04:30:23.287+0000] {logging_mixin.py:149} INFO - 76
[2023-05-08T04:30:23.288+0000] {logging_mixin.py:149} INFO - 77
[2023-05-08T04:30:23.290+0000] {logging_mixin.py:149} INFO - 78
[2023-05-08T04:30:23.291+0000] {logging_mixin.py:149} INFO - 79
[2023-05-08T04:30:23.292+0000] {logging_mixin.py:149} INFO - 80
[2023-05-08T04:30:23.295+0000] {logging_mixin.py:149} INFO - 81
[2023-05-08T04:30:23.297+0000] {logging_mixin.py:149} INFO - 82
[2023-05-08T04:30:23.298+0000] {logging_mixin.py:149} INFO - 83
[2023-05-08T04:30:23.300+0000] {logging_mixin.py:149} INFO - 84
[2023-05-08T04:30:23.301+0000] {logging_mixin.py:149} INFO - 85
[2023-05-08T04:30:23.303+0000] {logging_mixin.py:149} INFO - 86
[2023-05-08T04:30:23.304+0000] {logging_mixin.py:149} INFO - 87
[2023-05-08T04:30:23.305+0000] {logging_mixin.py:149} INFO - 88
[2023-05-08T04:30:23.306+0000] {logging_mixin.py:149} INFO - 89
[2023-05-08T04:30:23.309+0000] {logging_mixin.py:149} INFO - 90
[2023-05-08T04:30:23.310+0000] {logging_mixin.py:149} INFO - 91
[2023-05-08T04:30:23.311+0000] {logging_mixin.py:149} INFO - 92
[2023-05-08T04:30:23.313+0000] {logging_mixin.py:149} INFO - 93
[2023-05-08T04:30:23.315+0000] {logging_mixin.py:149} INFO - 94
[2023-05-08T04:30:23.317+0000] {logging_mixin.py:149} INFO - 95
[2023-05-08T04:30:23.319+0000] {logging_mixin.py:149} INFO - 96
[2023-05-08T04:30:23.320+0000] {logging_mixin.py:149} INFO - 97
[2023-05-08T04:30:23.321+0000] {logging_mixin.py:149} INFO - 98
[2023-05-08T04:30:23.322+0000] {logging_mixin.py:149} INFO - 99
[2023-05-08T04:30:23.338+0000] {python.py:183} INFO - Done. Returned value was: None
[2023-05-08T04:30:23.346+0000] {taskinstance.py:1373} INFO - Marking task as SUCCESS. dag_id=Summer_Warped_ETL, task_id=GetSongsFromPlaylist, execution_date=20230508T005507, start_date=20230508T043022, end_date=20230508T043023
[2023-05-08T04:30:23.373+0000] {local_task_job_runner.py:232} INFO - Task exited with return code 0
[2023-05-08T04:30:23.395+0000] {taskinstance.py:2674} INFO - 2 downstream tasks scheduled from follow-on schedule check
