[2023-05-08T01:09:42.005+0000] {taskinstance.py:1125} INFO - Dependencies all met for dep_context=non-requeueable deps ti=<TaskInstance: Summer_Warped_ETL.GetSongsFromPlaylist manual__2023-05-08T00:55:07.270213+00:00 [queued]>
[2023-05-08T01:09:42.012+0000] {taskinstance.py:1125} INFO - Dependencies all met for dep_context=requeueable deps ti=<TaskInstance: Summer_Warped_ETL.GetSongsFromPlaylist manual__2023-05-08T00:55:07.270213+00:00 [queued]>
[2023-05-08T01:09:42.012+0000] {taskinstance.py:1331} INFO - Starting attempt 4 of 6
[2023-05-08T01:09:42.023+0000] {taskinstance.py:1350} INFO - Executing <Task(PythonOperator): GetSongsFromPlaylist> on 2023-05-08 00:55:07.270213+00:00
[2023-05-08T01:09:42.028+0000] {standard_task_runner.py:57} INFO - Started process 701 to run task
[2023-05-08T01:09:42.034+0000] {standard_task_runner.py:84} INFO - Running: ['***', 'tasks', 'run', 'Summer_Warped_ETL', 'GetSongsFromPlaylist', 'manual__2023-05-08T00:55:07.270213+00:00', '--job-id', '1716', '--raw', '--subdir', 'DAGS_FOLDER/warped-dag.py', '--cfg-path', '/tmp/tmptbm1v8mt']
[2023-05-08T01:09:42.035+0000] {standard_task_runner.py:85} INFO - Job 1716: Subtask GetSongsFromPlaylist
[2023-05-08T01:09:42.075+0000] {task_command.py:410} INFO - Running <TaskInstance: Summer_Warped_ETL.GetSongsFromPlaylist manual__2023-05-08T00:55:07.270213+00:00 [running]> on host a40687a10d43
[2023-05-08T01:09:42.130+0000] {taskinstance.py:1570} INFO - Exporting env vars: AIRFLOW_CTX_DAG_OWNER='Ananta Moharana' AIRFLOW_CTX_DAG_ID='Summer_Warped_ETL' AIRFLOW_CTX_TASK_ID='GetSongsFromPlaylist' AIRFLOW_CTX_EXECUTION_DATE='2023-05-08T00:55:07.270213+00:00' AIRFLOW_CTX_TRY_NUMBER='4' AIRFLOW_CTX_DAG_RUN_ID='manual__2023-05-08T00:55:07.270213+00:00'
[2023-05-08T01:09:43.001+0000] {logging_mixin.py:149} INFO - 100
[2023-05-08T01:09:43.002+0000] {logging_mixin.py:149} INFO - 0
[2023-05-08T01:09:43.004+0000] {logging_mixin.py:149} INFO - 1
[2023-05-08T01:09:43.007+0000] {logging_mixin.py:149} INFO - 2
[2023-05-08T01:09:43.009+0000] {logging_mixin.py:149} INFO - 3
[2023-05-08T01:09:43.010+0000] {logging_mixin.py:149} INFO - 4
[2023-05-08T01:09:43.012+0000] {logging_mixin.py:149} INFO - 5
[2023-05-08T01:09:43.014+0000] {logging_mixin.py:149} INFO - 6
[2023-05-08T01:09:43.016+0000] {logging_mixin.py:149} INFO - 7
[2023-05-08T01:09:43.018+0000] {logging_mixin.py:149} INFO - 8
[2023-05-08T01:09:43.019+0000] {logging_mixin.py:149} INFO - 9
[2023-05-08T01:09:43.021+0000] {logging_mixin.py:149} INFO - 10
[2023-05-08T01:09:43.023+0000] {logging_mixin.py:149} INFO - 11
[2023-05-08T01:09:43.024+0000] {logging_mixin.py:149} INFO - 12
[2023-05-08T01:09:43.025+0000] {logging_mixin.py:149} INFO - 13
[2023-05-08T01:09:43.027+0000] {logging_mixin.py:149} INFO - 14
[2023-05-08T01:09:43.028+0000] {logging_mixin.py:149} INFO - 15
[2023-05-08T01:09:43.029+0000] {logging_mixin.py:149} INFO - 16
[2023-05-08T01:09:43.031+0000] {logging_mixin.py:149} INFO - 17
[2023-05-08T01:09:43.032+0000] {logging_mixin.py:149} INFO - 18
[2023-05-08T01:09:43.033+0000] {logging_mixin.py:149} INFO - 19
[2023-05-08T01:09:43.035+0000] {logging_mixin.py:149} INFO - 20
[2023-05-08T01:09:43.036+0000] {logging_mixin.py:149} INFO - 21
[2023-05-08T01:09:43.037+0000] {logging_mixin.py:149} INFO - 22
[2023-05-08T01:09:43.038+0000] {logging_mixin.py:149} INFO - 23
[2023-05-08T01:09:43.039+0000] {logging_mixin.py:149} INFO - 24
[2023-05-08T01:09:43.040+0000] {logging_mixin.py:149} INFO - 25
[2023-05-08T01:09:43.041+0000] {logging_mixin.py:149} INFO - 26
[2023-05-08T01:09:43.042+0000] {logging_mixin.py:149} INFO - 27
[2023-05-08T01:09:43.045+0000] {logging_mixin.py:149} INFO - 28
[2023-05-08T01:09:43.046+0000] {logging_mixin.py:149} INFO - 29
[2023-05-08T01:09:43.047+0000] {logging_mixin.py:149} INFO - 30
[2023-05-08T01:09:43.048+0000] {logging_mixin.py:149} INFO - 31
[2023-05-08T01:09:43.049+0000] {logging_mixin.py:149} INFO - 32
[2023-05-08T01:09:43.050+0000] {logging_mixin.py:149} INFO - 33
[2023-05-08T01:09:43.051+0000] {logging_mixin.py:149} INFO - 34
[2023-05-08T01:09:43.053+0000] {logging_mixin.py:149} INFO - 35
[2023-05-08T01:09:43.055+0000] {logging_mixin.py:149} INFO - 36
[2023-05-08T01:09:43.056+0000] {logging_mixin.py:149} INFO - 37
[2023-05-08T01:09:43.058+0000] {logging_mixin.py:149} INFO - 38
[2023-05-08T01:09:43.059+0000] {logging_mixin.py:149} INFO - 39
[2023-05-08T01:09:43.060+0000] {logging_mixin.py:149} INFO - 40
[2023-05-08T01:09:43.062+0000] {logging_mixin.py:149} INFO - 41
[2023-05-08T01:09:43.063+0000] {logging_mixin.py:149} INFO - 42
[2023-05-08T01:09:43.064+0000] {logging_mixin.py:149} INFO - 43
[2023-05-08T01:09:43.065+0000] {logging_mixin.py:149} INFO - 44
[2023-05-08T01:09:43.066+0000] {logging_mixin.py:149} INFO - 45
[2023-05-08T01:09:43.067+0000] {logging_mixin.py:149} INFO - 46
[2023-05-08T01:09:43.069+0000] {logging_mixin.py:149} INFO - 47
[2023-05-08T01:09:43.071+0000] {logging_mixin.py:149} INFO - 48
[2023-05-08T01:09:43.072+0000] {logging_mixin.py:149} INFO - 49
[2023-05-08T01:09:43.073+0000] {logging_mixin.py:149} INFO - 50
[2023-05-08T01:09:43.074+0000] {logging_mixin.py:149} INFO - 51
[2023-05-08T01:09:43.075+0000] {logging_mixin.py:149} INFO - 52
[2023-05-08T01:09:43.076+0000] {logging_mixin.py:149} INFO - 53
[2023-05-08T01:09:43.077+0000] {logging_mixin.py:149} INFO - 54
[2023-05-08T01:09:43.078+0000] {logging_mixin.py:149} INFO - 55
[2023-05-08T01:09:43.080+0000] {logging_mixin.py:149} INFO - 56
[2023-05-08T01:09:43.081+0000] {logging_mixin.py:149} INFO - 57
[2023-05-08T01:09:43.082+0000] {logging_mixin.py:149} INFO - 58
[2023-05-08T01:09:43.084+0000] {logging_mixin.py:149} INFO - 59
[2023-05-08T01:09:43.085+0000] {logging_mixin.py:149} INFO - 60
[2023-05-08T01:09:43.086+0000] {logging_mixin.py:149} INFO - 61
[2023-05-08T01:09:43.087+0000] {logging_mixin.py:149} INFO - 62
[2023-05-08T01:09:43.088+0000] {logging_mixin.py:149} INFO - 63
[2023-05-08T01:09:43.089+0000] {logging_mixin.py:149} INFO - 64
[2023-05-08T01:09:43.091+0000] {logging_mixin.py:149} INFO - 65
[2023-05-08T01:09:43.092+0000] {logging_mixin.py:149} INFO - 66
[2023-05-08T01:09:43.093+0000] {logging_mixin.py:149} INFO - 67
[2023-05-08T01:09:43.094+0000] {logging_mixin.py:149} INFO - 68
[2023-05-08T01:09:43.095+0000] {logging_mixin.py:149} INFO - 69
[2023-05-08T01:09:43.097+0000] {logging_mixin.py:149} INFO - 70
[2023-05-08T01:09:43.098+0000] {logging_mixin.py:149} INFO - 71
[2023-05-08T01:09:43.099+0000] {logging_mixin.py:149} INFO - 72
[2023-05-08T01:09:43.101+0000] {logging_mixin.py:149} INFO - 73
[2023-05-08T01:09:43.102+0000] {logging_mixin.py:149} INFO - 74
[2023-05-08T01:09:43.103+0000] {logging_mixin.py:149} INFO - 75
[2023-05-08T01:09:43.104+0000] {logging_mixin.py:149} INFO - 76
[2023-05-08T01:09:43.105+0000] {logging_mixin.py:149} INFO - 77
[2023-05-08T01:09:43.107+0000] {logging_mixin.py:149} INFO - 78
[2023-05-08T01:09:43.108+0000] {logging_mixin.py:149} INFO - 79
[2023-05-08T01:09:43.109+0000] {logging_mixin.py:149} INFO - 80
[2023-05-08T01:09:43.111+0000] {logging_mixin.py:149} INFO - 81
[2023-05-08T01:09:43.113+0000] {logging_mixin.py:149} INFO - 82
[2023-05-08T01:09:43.114+0000] {logging_mixin.py:149} INFO - 83
[2023-05-08T01:09:43.115+0000] {logging_mixin.py:149} INFO - 84
[2023-05-08T01:09:43.117+0000] {logging_mixin.py:149} INFO - 85
[2023-05-08T01:09:43.119+0000] {logging_mixin.py:149} INFO - 86
[2023-05-08T01:09:43.120+0000] {logging_mixin.py:149} INFO - 87
[2023-05-08T01:09:43.121+0000] {logging_mixin.py:149} INFO - 88
[2023-05-08T01:09:43.122+0000] {logging_mixin.py:149} INFO - 89
[2023-05-08T01:09:43.124+0000] {logging_mixin.py:149} INFO - 90
[2023-05-08T01:09:43.125+0000] {logging_mixin.py:149} INFO - 91
[2023-05-08T01:09:43.126+0000] {logging_mixin.py:149} INFO - 92
[2023-05-08T01:09:43.128+0000] {logging_mixin.py:149} INFO - 93
[2023-05-08T01:09:43.130+0000] {logging_mixin.py:149} INFO - 94
[2023-05-08T01:09:43.133+0000] {logging_mixin.py:149} INFO - 95
[2023-05-08T01:09:43.134+0000] {logging_mixin.py:149} INFO - 96
[2023-05-08T01:09:43.135+0000] {logging_mixin.py:149} INFO - 97
[2023-05-08T01:09:43.136+0000] {logging_mixin.py:149} INFO - 98
[2023-05-08T01:09:43.137+0000] {logging_mixin.py:149} INFO - 99
[2023-05-08T01:09:43.153+0000] {python.py:183} INFO - Done. Returned value was: None
[2023-05-08T01:09:43.160+0000] {taskinstance.py:1373} INFO - Marking task as SUCCESS. dag_id=Summer_Warped_ETL, task_id=GetSongsFromPlaylist, execution_date=20230508T005507, start_date=20230508T010942, end_date=20230508T010943
[2023-05-08T01:09:43.184+0000] {local_task_job_runner.py:232} INFO - Task exited with return code 0
[2023-05-08T01:09:43.204+0000] {taskinstance.py:2674} INFO - 0 downstream tasks scheduled from follow-on schedule check
