[2023-05-08T04:24:13.394+0000] {taskinstance.py:1125} INFO - Dependencies all met for dep_context=non-requeueable deps ti=<TaskInstance: Summer_Warped_ETL.GetSongsFromPlaylist manual__2023-05-08T00:55:07.270213+00:00 [queued]>
[2023-05-08T04:24:13.398+0000] {taskinstance.py:1125} INFO - Dependencies all met for dep_context=requeueable deps ti=<TaskInstance: Summer_Warped_ETL.GetSongsFromPlaylist manual__2023-05-08T00:55:07.270213+00:00 [queued]>
[2023-05-08T04:24:13.399+0000] {taskinstance.py:1331} INFO - Starting attempt 13 of 15
[2023-05-08T04:24:13.406+0000] {taskinstance.py:1350} INFO - Executing <Task(PythonOperator): GetSongsFromPlaylist> on 2023-05-08 00:55:07.270213+00:00
[2023-05-08T04:24:13.410+0000] {standard_task_runner.py:57} INFO - Started process 3775 to run task
[2023-05-08T04:24:13.414+0000] {standard_task_runner.py:84} INFO - Running: ['***', 'tasks', 'run', 'Summer_Warped_ETL', 'GetSongsFromPlaylist', 'manual__2023-05-08T00:55:07.270213+00:00', '--job-id', '2108', '--raw', '--subdir', 'DAGS_FOLDER/warped-dag.py', '--cfg-path', '/tmp/tmpoc8o83b_']
[2023-05-08T04:24:13.415+0000] {standard_task_runner.py:85} INFO - Job 2108: Subtask GetSongsFromPlaylist
[2023-05-08T04:24:13.455+0000] {task_command.py:410} INFO - Running <TaskInstance: Summer_Warped_ETL.GetSongsFromPlaylist manual__2023-05-08T00:55:07.270213+00:00 [running]> on host a40687a10d43
[2023-05-08T04:24:13.509+0000] {taskinstance.py:1570} INFO - Exporting env vars: AIRFLOW_CTX_DAG_OWNER='Ananta Moharana' AIRFLOW_CTX_DAG_ID='Summer_Warped_ETL' AIRFLOW_CTX_TASK_ID='GetSongsFromPlaylist' AIRFLOW_CTX_EXECUTION_DATE='2023-05-08T00:55:07.270213+00:00' AIRFLOW_CTX_TRY_NUMBER='13' AIRFLOW_CTX_DAG_RUN_ID='manual__2023-05-08T00:55:07.270213+00:00'
[2023-05-08T04:24:13.831+0000] {logging_mixin.py:149} INFO - 100
[2023-05-08T04:24:13.832+0000] {logging_mixin.py:149} INFO - 0
[2023-05-08T04:24:13.834+0000] {logging_mixin.py:149} INFO - 1
[2023-05-08T04:24:13.836+0000] {logging_mixin.py:149} INFO - 2
[2023-05-08T04:24:13.837+0000] {logging_mixin.py:149} INFO - 3
[2023-05-08T04:24:13.838+0000] {logging_mixin.py:149} INFO - 4
[2023-05-08T04:24:13.840+0000] {logging_mixin.py:149} INFO - 5
[2023-05-08T04:24:13.841+0000] {logging_mixin.py:149} INFO - 6
[2023-05-08T04:24:13.843+0000] {logging_mixin.py:149} INFO - 7
[2023-05-08T04:24:13.845+0000] {logging_mixin.py:149} INFO - 8
[2023-05-08T04:24:13.846+0000] {logging_mixin.py:149} INFO - 9
[2023-05-08T04:24:13.847+0000] {logging_mixin.py:149} INFO - 10
[2023-05-08T04:24:13.848+0000] {logging_mixin.py:149} INFO - 11
[2023-05-08T04:24:13.849+0000] {logging_mixin.py:149} INFO - 12
[2023-05-08T04:24:13.850+0000] {logging_mixin.py:149} INFO - 13
[2023-05-08T04:24:13.852+0000] {logging_mixin.py:149} INFO - 14
[2023-05-08T04:24:13.853+0000] {logging_mixin.py:149} INFO - 15
[2023-05-08T04:24:13.854+0000] {logging_mixin.py:149} INFO - 16
[2023-05-08T04:24:13.855+0000] {logging_mixin.py:149} INFO - 17
[2023-05-08T04:24:13.857+0000] {logging_mixin.py:149} INFO - 18
[2023-05-08T04:24:13.858+0000] {logging_mixin.py:149} INFO - 19
[2023-05-08T04:24:13.859+0000] {logging_mixin.py:149} INFO - 20
[2023-05-08T04:24:13.860+0000] {logging_mixin.py:149} INFO - 21
[2023-05-08T04:24:13.861+0000] {logging_mixin.py:149} INFO - 22
[2023-05-08T04:24:13.862+0000] {logging_mixin.py:149} INFO - 23
[2023-05-08T04:24:13.863+0000] {logging_mixin.py:149} INFO - 24
[2023-05-08T04:24:13.864+0000] {logging_mixin.py:149} INFO - 25
[2023-05-08T04:24:13.865+0000] {logging_mixin.py:149} INFO - 26
[2023-05-08T04:24:13.867+0000] {logging_mixin.py:149} INFO - 27
[2023-05-08T04:24:13.869+0000] {logging_mixin.py:149} INFO - 28
[2023-05-08T04:24:13.871+0000] {logging_mixin.py:149} INFO - 29
[2023-05-08T04:24:13.872+0000] {logging_mixin.py:149} INFO - 30
[2023-05-08T04:24:13.873+0000] {logging_mixin.py:149} INFO - 31
[2023-05-08T04:24:13.874+0000] {logging_mixin.py:149} INFO - 32
[2023-05-08T04:24:13.875+0000] {logging_mixin.py:149} INFO - 33
[2023-05-08T04:24:13.876+0000] {logging_mixin.py:149} INFO - 34
[2023-05-08T04:24:13.877+0000] {logging_mixin.py:149} INFO - 35
[2023-05-08T04:24:13.879+0000] {logging_mixin.py:149} INFO - 36
[2023-05-08T04:24:13.881+0000] {logging_mixin.py:149} INFO - 37
[2023-05-08T04:24:13.882+0000] {logging_mixin.py:149} INFO - 38
[2023-05-08T04:24:13.883+0000] {logging_mixin.py:149} INFO - 39
[2023-05-08T04:24:13.885+0000] {logging_mixin.py:149} INFO - 40
[2023-05-08T04:24:13.887+0000] {logging_mixin.py:149} INFO - 41
[2023-05-08T04:24:13.888+0000] {logging_mixin.py:149} INFO - 42
[2023-05-08T04:24:13.889+0000] {logging_mixin.py:149} INFO - 43
[2023-05-08T04:24:13.890+0000] {logging_mixin.py:149} INFO - 44
[2023-05-08T04:24:13.891+0000] {logging_mixin.py:149} INFO - 45
[2023-05-08T04:24:13.892+0000] {logging_mixin.py:149} INFO - 46
[2023-05-08T04:24:13.894+0000] {logging_mixin.py:149} INFO - 47
[2023-05-08T04:24:13.896+0000] {logging_mixin.py:149} INFO - 48
[2023-05-08T04:24:13.897+0000] {logging_mixin.py:149} INFO - 49
[2023-05-08T04:24:13.898+0000] {logging_mixin.py:149} INFO - 50
[2023-05-08T04:24:13.899+0000] {logging_mixin.py:149} INFO - 51
[2023-05-08T04:24:13.900+0000] {logging_mixin.py:149} INFO - 52
[2023-05-08T04:24:13.901+0000] {logging_mixin.py:149} INFO - 53
[2023-05-08T04:24:13.903+0000] {logging_mixin.py:149} INFO - 54
[2023-05-08T04:24:13.904+0000] {logging_mixin.py:149} INFO - 55
[2023-05-08T04:24:13.905+0000] {logging_mixin.py:149} INFO - 56
[2023-05-08T04:24:13.906+0000] {logging_mixin.py:149} INFO - 57
[2023-05-08T04:24:13.907+0000] {logging_mixin.py:149} INFO - 58
[2023-05-08T04:24:13.909+0000] {logging_mixin.py:149} INFO - 59
[2023-05-08T04:24:13.910+0000] {logging_mixin.py:149} INFO - 60
[2023-05-08T04:24:13.911+0000] {logging_mixin.py:149} INFO - 61
[2023-05-08T04:24:13.912+0000] {logging_mixin.py:149} INFO - 62
[2023-05-08T04:24:13.914+0000] {logging_mixin.py:149} INFO - 63
[2023-05-08T04:24:13.915+0000] {logging_mixin.py:149} INFO - 64
[2023-05-08T04:24:13.916+0000] {logging_mixin.py:149} INFO - 65
[2023-05-08T04:24:13.917+0000] {logging_mixin.py:149} INFO - 66
[2023-05-08T04:24:13.919+0000] {logging_mixin.py:149} INFO - 67
[2023-05-08T04:24:13.920+0000] {logging_mixin.py:149} INFO - 68
[2023-05-08T04:24:13.921+0000] {logging_mixin.py:149} INFO - 69
[2023-05-08T04:24:13.922+0000] {logging_mixin.py:149} INFO - 70
[2023-05-08T04:24:13.924+0000] {logging_mixin.py:149} INFO - 71
[2023-05-08T04:24:13.926+0000] {logging_mixin.py:149} INFO - 72
[2023-05-08T04:24:13.928+0000] {logging_mixin.py:149} INFO - 73
[2023-05-08T04:24:13.929+0000] {logging_mixin.py:149} INFO - 74
[2023-05-08T04:24:13.930+0000] {logging_mixin.py:149} INFO - 75
[2023-05-08T04:24:13.932+0000] {logging_mixin.py:149} INFO - 76
[2023-05-08T04:24:13.933+0000] {logging_mixin.py:149} INFO - 77
[2023-05-08T04:24:13.935+0000] {logging_mixin.py:149} INFO - 78
[2023-05-08T04:24:13.936+0000] {logging_mixin.py:149} INFO - 79
[2023-05-08T04:24:13.937+0000] {logging_mixin.py:149} INFO - 80
[2023-05-08T04:24:13.939+0000] {logging_mixin.py:149} INFO - 81
[2023-05-08T04:24:13.941+0000] {logging_mixin.py:149} INFO - 82
[2023-05-08T04:24:13.942+0000] {logging_mixin.py:149} INFO - 83
[2023-05-08T04:24:13.944+0000] {logging_mixin.py:149} INFO - 84
[2023-05-08T04:24:13.946+0000] {logging_mixin.py:149} INFO - 85
[2023-05-08T04:24:13.948+0000] {logging_mixin.py:149} INFO - 86
[2023-05-08T04:24:13.949+0000] {logging_mixin.py:149} INFO - 87
[2023-05-08T04:24:13.950+0000] {logging_mixin.py:149} INFO - 88
[2023-05-08T04:24:13.951+0000] {logging_mixin.py:149} INFO - 89
[2023-05-08T04:24:13.953+0000] {logging_mixin.py:149} INFO - 90
[2023-05-08T04:24:13.954+0000] {logging_mixin.py:149} INFO - 91
[2023-05-08T04:24:13.955+0000] {logging_mixin.py:149} INFO - 92
[2023-05-08T04:24:13.957+0000] {logging_mixin.py:149} INFO - 93
[2023-05-08T04:24:13.959+0000] {logging_mixin.py:149} INFO - 94
[2023-05-08T04:24:13.962+0000] {logging_mixin.py:149} INFO - 95
[2023-05-08T04:24:13.962+0000] {logging_mixin.py:149} INFO - 96
[2023-05-08T04:24:13.964+0000] {logging_mixin.py:149} INFO - 97
[2023-05-08T04:24:13.965+0000] {logging_mixin.py:149} INFO - 98
[2023-05-08T04:24:13.966+0000] {logging_mixin.py:149} INFO - 99
[2023-05-08T04:24:13.979+0000] {python.py:183} INFO - Done. Returned value was: None
[2023-05-08T04:24:13.986+0000] {taskinstance.py:1373} INFO - Marking task as SUCCESS. dag_id=Summer_Warped_ETL, task_id=GetSongsFromPlaylist, execution_date=20230508T005507, start_date=20230508T042413, end_date=20230508T042413
[2023-05-08T04:24:14.027+0000] {local_task_job_runner.py:232} INFO - Task exited with return code 0
[2023-05-08T04:24:14.050+0000] {taskinstance.py:2674} INFO - 2 downstream tasks scheduled from follow-on schedule check
