[2023-05-08T04:00:03.066+0000] {taskinstance.py:1125} INFO - Dependencies all met for dep_context=non-requeueable deps ti=<TaskInstance: Summer_Warped_ETL.GetSongsFromPlaylist manual__2023-05-08T00:55:07.270213+00:00 [queued]>
[2023-05-08T04:00:03.072+0000] {taskinstance.py:1125} INFO - Dependencies all met for dep_context=requeueable deps ti=<TaskInstance: Summer_Warped_ETL.GetSongsFromPlaylist manual__2023-05-08T00:55:07.270213+00:00 [queued]>
[2023-05-08T04:00:03.074+0000] {taskinstance.py:1331} INFO - Starting attempt 10 of 12
[2023-05-08T04:00:03.085+0000] {taskinstance.py:1350} INFO - Executing <Task(PythonOperator): GetSongsFromPlaylist> on 2023-05-08 00:55:07.270213+00:00
[2023-05-08T04:00:03.091+0000] {standard_task_runner.py:57} INFO - Started process 3241 to run task
[2023-05-08T04:00:03.102+0000] {standard_task_runner.py:84} INFO - Running: ['***', 'tasks', 'run', 'Summer_Warped_ETL', 'GetSongsFromPlaylist', 'manual__2023-05-08T00:55:07.270213+00:00', '--job-id', '2067', '--raw', '--subdir', 'DAGS_FOLDER/warped-dag.py', '--cfg-path', '/tmp/tmprfenld4k']
[2023-05-08T04:00:03.103+0000] {standard_task_runner.py:85} INFO - Job 2067: Subtask GetSongsFromPlaylist
[2023-05-08T04:00:03.154+0000] {task_command.py:410} INFO - Running <TaskInstance: Summer_Warped_ETL.GetSongsFromPlaylist manual__2023-05-08T00:55:07.270213+00:00 [running]> on host a40687a10d43
[2023-05-08T04:00:03.233+0000] {taskinstance.py:1570} INFO - Exporting env vars: AIRFLOW_CTX_DAG_OWNER='Ananta Moharana' AIRFLOW_CTX_DAG_ID='Summer_Warped_ETL' AIRFLOW_CTX_TASK_ID='GetSongsFromPlaylist' AIRFLOW_CTX_EXECUTION_DATE='2023-05-08T00:55:07.270213+00:00' AIRFLOW_CTX_TRY_NUMBER='10' AIRFLOW_CTX_DAG_RUN_ID='manual__2023-05-08T00:55:07.270213+00:00'
[2023-05-08T04:00:03.546+0000] {logging_mixin.py:149} INFO - 100
[2023-05-08T04:00:03.547+0000] {logging_mixin.py:149} INFO - 0
[2023-05-08T04:00:03.550+0000] {logging_mixin.py:149} INFO - 1
[2023-05-08T04:00:03.553+0000] {logging_mixin.py:149} INFO - 2
[2023-05-08T04:00:03.554+0000] {logging_mixin.py:149} INFO - 3
[2023-05-08T04:00:03.555+0000] {logging_mixin.py:149} INFO - 4
[2023-05-08T04:00:03.557+0000] {logging_mixin.py:149} INFO - 5
[2023-05-08T04:00:03.558+0000] {logging_mixin.py:149} INFO - 6
[2023-05-08T04:00:03.560+0000] {logging_mixin.py:149} INFO - 7
[2023-05-08T04:00:03.562+0000] {logging_mixin.py:149} INFO - 8
[2023-05-08T04:00:03.564+0000] {logging_mixin.py:149} INFO - 9
[2023-05-08T04:00:03.565+0000] {logging_mixin.py:149} INFO - 10
[2023-05-08T04:00:03.567+0000] {logging_mixin.py:149} INFO - 11
[2023-05-08T04:00:03.568+0000] {logging_mixin.py:149} INFO - 12
[2023-05-08T04:00:03.569+0000] {logging_mixin.py:149} INFO - 13
[2023-05-08T04:00:03.571+0000] {logging_mixin.py:149} INFO - 14
[2023-05-08T04:00:03.573+0000] {logging_mixin.py:149} INFO - 15
[2023-05-08T04:00:03.574+0000] {logging_mixin.py:149} INFO - 16
[2023-05-08T04:00:03.576+0000] {logging_mixin.py:149} INFO - 17
[2023-05-08T04:00:03.578+0000] {logging_mixin.py:149} INFO - 18
[2023-05-08T04:00:03.580+0000] {logging_mixin.py:149} INFO - 19
[2023-05-08T04:00:03.581+0000] {logging_mixin.py:149} INFO - 20
[2023-05-08T04:00:03.582+0000] {logging_mixin.py:149} INFO - 21
[2023-05-08T04:00:03.590+0000] {logging_mixin.py:149} INFO - 22
[2023-05-08T04:00:03.592+0000] {logging_mixin.py:149} INFO - 23
[2023-05-08T04:00:03.593+0000] {logging_mixin.py:149} INFO - 24
[2023-05-08T04:00:03.595+0000] {logging_mixin.py:149} INFO - 25
[2023-05-08T04:00:03.596+0000] {logging_mixin.py:149} INFO - 26
[2023-05-08T04:00:03.597+0000] {logging_mixin.py:149} INFO - 27
[2023-05-08T04:00:03.600+0000] {logging_mixin.py:149} INFO - 28
[2023-05-08T04:00:03.601+0000] {logging_mixin.py:149} INFO - 29
[2023-05-08T04:00:03.603+0000] {logging_mixin.py:149} INFO - 30
[2023-05-08T04:00:03.604+0000] {logging_mixin.py:149} INFO - 31
[2023-05-08T04:00:03.605+0000] {logging_mixin.py:149} INFO - 32
[2023-05-08T04:00:03.606+0000] {logging_mixin.py:149} INFO - 33
[2023-05-08T04:00:03.608+0000] {logging_mixin.py:149} INFO - 34
[2023-05-08T04:00:03.609+0000] {logging_mixin.py:149} INFO - 35
[2023-05-08T04:00:03.611+0000] {logging_mixin.py:149} INFO - 36
[2023-05-08T04:00:03.613+0000] {logging_mixin.py:149} INFO - 37
[2023-05-08T04:00:03.614+0000] {logging_mixin.py:149} INFO - 38
[2023-05-08T04:00:03.615+0000] {logging_mixin.py:149} INFO - 39
[2023-05-08T04:00:03.617+0000] {logging_mixin.py:149} INFO - 40
[2023-05-08T04:00:03.619+0000] {logging_mixin.py:149} INFO - 41
[2023-05-08T04:00:03.620+0000] {logging_mixin.py:149} INFO - 42
[2023-05-08T04:00:03.621+0000] {logging_mixin.py:149} INFO - 43
[2023-05-08T04:00:03.622+0000] {logging_mixin.py:149} INFO - 44
[2023-05-08T04:00:03.623+0000] {logging_mixin.py:149} INFO - 45
[2023-05-08T04:00:03.625+0000] {logging_mixin.py:149} INFO - 46
[2023-05-08T04:00:03.626+0000] {logging_mixin.py:149} INFO - 47
[2023-05-08T04:00:03.628+0000] {logging_mixin.py:149} INFO - 48
[2023-05-08T04:00:03.630+0000] {logging_mixin.py:149} INFO - 49
[2023-05-08T04:00:03.631+0000] {logging_mixin.py:149} INFO - 50
[2023-05-08T04:00:03.632+0000] {logging_mixin.py:149} INFO - 51
[2023-05-08T04:00:03.633+0000] {logging_mixin.py:149} INFO - 52
[2023-05-08T04:00:03.634+0000] {logging_mixin.py:149} INFO - 53
[2023-05-08T04:00:03.635+0000] {logging_mixin.py:149} INFO - 54
[2023-05-08T04:00:03.636+0000] {logging_mixin.py:149} INFO - 55
[2023-05-08T04:00:03.637+0000] {logging_mixin.py:149} INFO - 56
[2023-05-08T04:00:03.638+0000] {logging_mixin.py:149} INFO - 57
[2023-05-08T04:00:03.640+0000] {logging_mixin.py:149} INFO - 58
[2023-05-08T04:00:03.641+0000] {logging_mixin.py:149} INFO - 59
[2023-05-08T04:00:03.643+0000] {logging_mixin.py:149} INFO - 60
[2023-05-08T04:00:03.644+0000] {logging_mixin.py:149} INFO - 61
[2023-05-08T04:00:03.645+0000] {logging_mixin.py:149} INFO - 62
[2023-05-08T04:00:03.646+0000] {logging_mixin.py:149} INFO - 63
[2023-05-08T04:00:03.647+0000] {logging_mixin.py:149} INFO - 64
[2023-05-08T04:00:03.648+0000] {logging_mixin.py:149} INFO - 65
[2023-05-08T04:00:03.649+0000] {logging_mixin.py:149} INFO - 66
[2023-05-08T04:00:03.651+0000] {logging_mixin.py:149} INFO - 67
[2023-05-08T04:00:03.652+0000] {logging_mixin.py:149} INFO - 68
[2023-05-08T04:00:03.654+0000] {logging_mixin.py:149} INFO - 69
[2023-05-08T04:00:03.655+0000] {logging_mixin.py:149} INFO - 70
[2023-05-08T04:00:03.656+0000] {logging_mixin.py:149} INFO - 71
[2023-05-08T04:00:03.657+0000] {logging_mixin.py:149} INFO - 72
[2023-05-08T04:00:03.659+0000] {logging_mixin.py:149} INFO - 73
[2023-05-08T04:00:03.660+0000] {logging_mixin.py:149} INFO - 74
[2023-05-08T04:00:03.661+0000] {logging_mixin.py:149} INFO - 75
[2023-05-08T04:00:03.662+0000] {logging_mixin.py:149} INFO - 76
[2023-05-08T04:00:03.664+0000] {logging_mixin.py:149} INFO - 77
[2023-05-08T04:00:03.665+0000] {logging_mixin.py:149} INFO - 78
[2023-05-08T04:00:03.666+0000] {logging_mixin.py:149} INFO - 79
[2023-05-08T04:00:03.667+0000] {logging_mixin.py:149} INFO - 80
[2023-05-08T04:00:03.669+0000] {logging_mixin.py:149} INFO - 81
[2023-05-08T04:00:03.671+0000] {logging_mixin.py:149} INFO - 82
[2023-05-08T04:00:03.673+0000] {logging_mixin.py:149} INFO - 83
[2023-05-08T04:00:03.674+0000] {logging_mixin.py:149} INFO - 84
[2023-05-08T04:00:03.676+0000] {logging_mixin.py:149} INFO - 85
[2023-05-08T04:00:03.678+0000] {logging_mixin.py:149} INFO - 86
[2023-05-08T04:00:03.680+0000] {logging_mixin.py:149} INFO - 87
[2023-05-08T04:00:03.681+0000] {logging_mixin.py:149} INFO - 88
[2023-05-08T04:00:03.682+0000] {logging_mixin.py:149} INFO - 89
[2023-05-08T04:00:03.684+0000] {logging_mixin.py:149} INFO - 90
[2023-05-08T04:00:03.685+0000] {logging_mixin.py:149} INFO - 91
[2023-05-08T04:00:03.686+0000] {logging_mixin.py:149} INFO - 92
[2023-05-08T04:00:03.688+0000] {logging_mixin.py:149} INFO - 93
[2023-05-08T04:00:03.691+0000] {logging_mixin.py:149} INFO - 94
[2023-05-08T04:00:03.693+0000] {logging_mixin.py:149} INFO - 95
[2023-05-08T04:00:03.694+0000] {logging_mixin.py:149} INFO - 96
[2023-05-08T04:00:03.696+0000] {logging_mixin.py:149} INFO - 97
[2023-05-08T04:00:03.697+0000] {logging_mixin.py:149} INFO - 98
[2023-05-08T04:00:03.698+0000] {logging_mixin.py:149} INFO - 99
[2023-05-08T04:00:03.713+0000] {python.py:183} INFO - Done. Returned value was: None
[2023-05-08T04:00:03.721+0000] {taskinstance.py:1373} INFO - Marking task as SUCCESS. dag_id=Summer_Warped_ETL, task_id=GetSongsFromPlaylist, execution_date=20230508T005507, start_date=20230508T040003, end_date=20230508T040003
[2023-05-08T04:00:03.750+0000] {local_task_job_runner.py:232} INFO - Task exited with return code 0
[2023-05-08T04:00:03.774+0000] {taskinstance.py:2674} INFO - 2 downstream tasks scheduled from follow-on schedule check
