[2023-05-07T22:41:52.956+0000] {taskinstance.py:1125} INFO - Dependencies all met for dep_context=non-requeueable deps ti=<TaskInstance: Summer_Warped_ETL.GetArtistInfo manual__2023-05-07T22:41:47.649390+00:00 [queued]>
[2023-05-07T22:41:52.963+0000] {taskinstance.py:1125} INFO - Dependencies all met for dep_context=requeueable deps ti=<TaskInstance: Summer_Warped_ETL.GetArtistInfo manual__2023-05-07T22:41:47.649390+00:00 [queued]>
[2023-05-07T22:41:52.963+0000] {taskinstance.py:1331} INFO - Starting attempt 1 of 3
[2023-05-07T22:41:52.972+0000] {taskinstance.py:1350} INFO - Executing <Task(PythonOperator): GetArtistInfo> on 2023-05-07 22:41:47.649390+00:00
[2023-05-07T22:41:52.977+0000] {standard_task_runner.py:57} INFO - Started process 2529 to run task
[2023-05-07T22:41:52.985+0000] {standard_task_runner.py:84} INFO - Running: ['***', 'tasks', 'run', 'Summer_Warped_ETL', 'GetArtistInfo', 'manual__2023-05-07T22:41:47.649390+00:00', '--job-id', '1299', '--raw', '--subdir', 'DAGS_FOLDER/warped-dag.py', '--cfg-path', '/tmp/tmplq0mqna3']
[2023-05-07T22:41:52.986+0000] {standard_task_runner.py:85} INFO - Job 1299: Subtask GetArtistInfo
[2023-05-07T22:41:53.041+0000] {task_command.py:410} INFO - Running <TaskInstance: Summer_Warped_ETL.GetArtistInfo manual__2023-05-07T22:41:47.649390+00:00 [running]> on host 31774baccecb
[2023-05-07T22:41:53.113+0000] {taskinstance.py:1570} INFO - Exporting env vars: AIRFLOW_CTX_DAG_OWNER='Ananta Moharana' AIRFLOW_CTX_DAG_ID='Summer_Warped_ETL' AIRFLOW_CTX_TASK_ID='GetArtistInfo' AIRFLOW_CTX_EXECUTION_DATE='2023-05-07T22:41:47.649390+00:00' AIRFLOW_CTX_TRY_NUMBER='1' AIRFLOW_CTX_DAG_RUN_ID='manual__2023-05-07T22:41:47.649390+00:00'
[2023-05-07T22:41:53.257+0000] {logging_mixin.py:149} INFO - emo rap
[2023-05-07T22:41:53.659+0000] {logging_mixin.py:149} INFO - hyperpop
[2023-05-07T22:41:53.757+0000] {logging_mixin.py:149} INFO - underground hip hop
[2023-05-07T22:41:53.855+0000] {logging_mixin.py:149} INFO - sad rap
[2023-05-07T22:41:54.059+0000] {logging_mixin.py:149} INFO - emo rap
[2023-05-07T22:41:54.155+0000] {logging_mixin.py:149} INFO - cloud rap
[2023-05-07T22:41:54.262+0000] {logging_mixin.py:149} INFO - cloud rap
[2023-05-07T22:41:54.363+0000] {logging_mixin.py:149} INFO - emo rap
[2023-05-07T22:41:54.465+0000] {logging_mixin.py:149} INFO - indie pop rap
[2023-05-07T22:41:54.569+0000] {logging_mixin.py:149} INFO - indonesian hip hop
[2023-05-07T22:41:54.675+0000] {logging_mixin.py:149} INFO - canadian hip hop
[2023-05-07T22:41:54.771+0000] {logging_mixin.py:149} INFO - glitchcore
[2023-05-07T22:41:54.883+0000] {logging_mixin.py:149} INFO - emoplugg
[2023-05-07T22:41:54.980+0000] {logging_mixin.py:149} INFO - glitchcore
[2023-05-07T22:41:55.095+0000] {logging_mixin.py:149} INFO - pittsburgh rap
[2023-05-07T22:41:55.190+0000] {logging_mixin.py:149} INFO - emo rap
[2023-05-07T22:41:55.388+0000] {logging_mixin.py:149} INFO - indie hip hop
[2023-05-07T22:41:55.502+0000] {logging_mixin.py:149} INFO - aesthetic rap
[2023-05-07T22:41:55.632+0000] {logging_mixin.py:149} INFO - nyc rap
[2023-05-07T22:41:55.745+0000] {logging_mixin.py:149} INFO - cloud rap
[2023-05-07T22:41:55.856+0000] {logging_mixin.py:149} INFO - future bass
[2023-05-07T22:41:56.067+0000] {logging_mixin.py:149} INFO - sad rap
[2023-05-07T22:41:56.621+0000] {logging_mixin.py:149} INFO - alt z
[2023-05-07T22:41:56.719+0000] {logging_mixin.py:149} INFO - sad rap
[2023-05-07T22:41:56.805+0000] {logging_mixin.py:149} INFO - vapor trap
[2023-05-07T22:41:56.903+0000] {logging_mixin.py:149} INFO - glitchcore
[2023-05-07T22:41:57.158+0000] {logging_mixin.py:149} INFO - cloud rap
[2023-05-07T22:41:57.306+0000] {logging_mixin.py:149} INFO - canadian contemporary r&b
[2023-05-07T22:41:57.859+0000] {logging_mixin.py:149} INFO - deep underground hip hop
[2023-05-07T22:41:57.964+0000] {logging_mixin.py:149} INFO - bedroom soul
[2023-05-07T22:41:58.084+0000] {logging_mixin.py:149} INFO - canadian hip hop
[2023-05-07T22:41:58.180+0000] {logging_mixin.py:149} INFO - la pop
[2023-05-07T22:41:58.274+0000] {logging_mixin.py:149} INFO - emo rap
[2023-05-07T22:41:58.466+0000] {logging_mixin.py:149} INFO - indie pop rap
[2023-05-07T22:41:58.549+0000] {logging_mixin.py:149} INFO - cloud rap
[2023-05-07T22:41:58.685+0000] {logging_mixin.py:149} INFO - canadian contemporary r&b
[2023-05-07T22:41:59.064+0000] {logging_mixin.py:149} INFO - st louis rap
[2023-05-07T22:41:59.261+0000] {logging_mixin.py:149} INFO - atl hip hop
[2023-05-07T22:41:59.470+0000] {logging_mixin.py:149} INFO - emo rap
[2023-05-07T22:41:59.561+0000] {logging_mixin.py:149} INFO - cloud rap
[2023-05-07T22:41:59.675+0000] {logging_mixin.py:149} INFO - aesthetic rap
[2023-05-07T22:42:00.008+0000] {logging_mixin.py:149} INFO - melodic rap
[2023-05-07T22:42:00.104+0000] {logging_mixin.py:149} INFO - cloud rap
[2023-05-07T22:42:00.395+0000] {logging_mixin.py:149} INFO - hyperpop
[2023-05-07T22:42:00.504+0000] {logging_mixin.py:149} INFO - cloud rap
[2023-05-07T22:42:00.600+0000] {logging_mixin.py:149} INFO - hyperpop
[2023-05-07T22:42:00.793+0000] {logging_mixin.py:149} INFO - cali rap
[2023-05-07T22:42:01.120+0000] {logging_mixin.py:149} INFO - emo rap
[2023-05-07T22:42:01.220+0000] {logging_mixin.py:149} INFO - alt z
[2023-05-07T22:42:01.412+0000] {logging_mixin.py:149} INFO - meme rap
[2023-05-07T22:42:01.523+0000] {logging_mixin.py:149} INFO - lo-fi rap
[2023-05-07T22:42:01.612+0000] {logging_mixin.py:149} INFO - glitchcore
[2023-05-07T22:42:01.824+0000] {logging_mixin.py:149} INFO - cloud rap
[2023-05-07T22:42:02.112+0000] {logging_mixin.py:149} INFO - hyperpop
[2023-05-07T22:42:02.211+0000] {logging_mixin.py:149} INFO - asian american hip hop
[2023-05-07T22:42:02.327+0000] {logging_mixin.py:149} INFO - pop edm
[2023-05-07T22:42:02.426+0000] {logging_mixin.py:149} INFO - hyperpop
[2023-05-07T22:42:02.554+0000] {logging_mixin.py:149} INFO - upstate ny rap
[2023-05-07T22:42:02.571+0000] {python.py:183} INFO - Done. Returned value was: None
[2023-05-07T22:42:02.580+0000] {taskinstance.py:1373} INFO - Marking task as SUCCESS. dag_id=Summer_Warped_ETL, task_id=GetArtistInfo, execution_date=20230507T224147, start_date=20230507T224152, end_date=20230507T224202
[2023-05-07T22:42:02.640+0000] {local_task_job_runner.py:232} INFO - Task exited with return code 0
[2023-05-07T22:42:02.660+0000] {taskinstance.py:2674} INFO - 0 downstream tasks scheduled from follow-on schedule check
