[2023-05-08T00:55:36.624+0000] {taskinstance.py:1125} INFO - Dependencies all met for dep_context=non-requeueable deps ti=<TaskInstance: Summer_Warped_ETL.LoadData.LoadArtistDim manual__2023-05-08T00:07:39.219723+00:00 [queued]>
[2023-05-08T00:55:36.629+0000] {taskinstance.py:1125} INFO - Dependencies all met for dep_context=requeueable deps ti=<TaskInstance: Summer_Warped_ETL.LoadData.LoadArtistDim manual__2023-05-08T00:07:39.219723+00:00 [queued]>
[2023-05-08T00:55:36.630+0000] {taskinstance.py:1331} INFO - Starting attempt 1 of 3
[2023-05-08T00:55:36.637+0000] {taskinstance.py:1350} INFO - Executing <Task(PythonOperator): LoadData.LoadArtistDim> on 2023-05-08 00:07:39.219723+00:00
[2023-05-08T00:55:36.642+0000] {standard_task_runner.py:57} INFO - Started process 297 to run task
[2023-05-08T00:55:36.645+0000] {standard_task_runner.py:84} INFO - Running: ['***', 'tasks', 'run', 'Summer_Warped_ETL', 'LoadData.LoadArtistDim', 'manual__2023-05-08T00:07:39.219723+00:00', '--job-id', '1670', '--raw', '--subdir', 'DAGS_FOLDER/warped-dag.py', '--cfg-path', '/tmp/tmp_6ukvrb5']
[2023-05-08T00:55:36.646+0000] {standard_task_runner.py:85} INFO - Job 1670: Subtask LoadData.LoadArtistDim
[2023-05-08T00:55:36.682+0000] {task_command.py:410} INFO - Running <TaskInstance: Summer_Warped_ETL.LoadData.LoadArtistDim manual__2023-05-08T00:07:39.219723+00:00 [running]> on host a40687a10d43
[2023-05-08T00:55:36.734+0000] {taskinstance.py:1570} INFO - Exporting env vars: AIRFLOW_CTX_DAG_OWNER='Ananta Moharana' AIRFLOW_CTX_DAG_ID='Summer_Warped_ETL' AIRFLOW_CTX_TASK_ID='LoadData.LoadArtistDim' AIRFLOW_CTX_EXECUTION_DATE='2023-05-08T00:07:39.219723+00:00' AIRFLOW_CTX_TRY_NUMBER='1' AIRFLOW_CTX_DAG_RUN_ID='manual__2023-05-08T00:07:39.219723+00:00'
[2023-05-08T00:55:36.736+0000] {logging_mixin.py:149} INFO - 2023-05/artist_dim.csv
[2023-05-08T00:55:36.743+0000] {base.py:73} INFO - Using connection ID 'aws_connection' for task execution.
[2023-05-08T00:55:36.744+0000] {connection_wrapper.py:337} INFO - AWS Connection (conn_id='aws_connection', conn_type='aws') credentials retrieved from login and password.
[2023-05-08T00:55:36.941+0000] {logging_mixin.py:149} INFO -         artist_name               artist_id        genre
0              Zaia  1m0t5VYISq6TcyMo7UqLMz  atl hip hop
1  nothing,nowhere.  7FngGIEGgN3Iwauw1MvO4P    cloud rap
2          brakence  4kqFrZkeqDfOIEqTWqbOOV   glitchcore
3        Marco Luka  4tjqHer0BFQbJ1FVyWhffM          NaN
4               Sky  62UdSpLGWjDU75OAFKLxWV          NaN
[2023-05-08T00:55:36.941+0000] {logging_mixin.py:149} INFO - ['artist_name', 'artist_id', 'genre']
[2023-05-08T00:55:36.948+0000] {base.py:73} INFO - Using connection ID '***' for task execution.
[2023-05-08T00:55:36.968+0000] {python.py:183} INFO - Done. Returned value was: None
[2023-05-08T00:55:36.976+0000] {taskinstance.py:1373} INFO - Marking task as SUCCESS. dag_id=Summer_Warped_ETL, task_id=LoadData.LoadArtistDim, execution_date=20230508T000739, start_date=20230508T005536, end_date=20230508T005536
[2023-05-08T00:55:37.017+0000] {local_task_job_runner.py:232} INFO - Task exited with return code 0
[2023-05-08T00:55:37.036+0000] {taskinstance.py:2674} INFO - 1 downstream tasks scheduled from follow-on schedule check
