[2023-05-09T19:26:33.805+0000] {taskinstance.py:1125} INFO - Dependencies all met for dep_context=non-requeueable deps ti=<TaskInstance: Summer_Warped_ETL.LoadData.LoadSongFact manual__2023-05-09T19:25:39.396890+00:00 [queued]>
[2023-05-09T19:26:33.812+0000] {taskinstance.py:1125} INFO - Dependencies all met for dep_context=requeueable deps ti=<TaskInstance: Summer_Warped_ETL.LoadData.LoadSongFact manual__2023-05-09T19:25:39.396890+00:00 [queued]>
[2023-05-09T19:26:33.813+0000] {taskinstance.py:1331} INFO - Starting attempt 1 of 3
[2023-05-09T19:26:33.821+0000] {taskinstance.py:1350} INFO - Executing <Task(PythonOperator): LoadData.LoadSongFact> on 2023-05-09 19:25:39.396890+00:00
[2023-05-09T19:26:33.827+0000] {standard_task_runner.py:57} INFO - Started process 754 to run task
[2023-05-09T19:26:33.831+0000] {standard_task_runner.py:84} INFO - Running: ['***', 'tasks', 'run', 'Summer_Warped_ETL', 'LoadData.LoadSongFact', 'manual__2023-05-09T19:25:39.396890+00:00', '--job-id', '3060', '--raw', '--subdir', 'DAGS_FOLDER/warped-dag.py', '--cfg-path', '/tmp/tmpd2lw3cxo']
[2023-05-09T19:26:33.832+0000] {standard_task_runner.py:85} INFO - Job 3060: Subtask LoadData.LoadSongFact
[2023-05-09T19:26:33.877+0000] {task_command.py:410} INFO - Running <TaskInstance: Summer_Warped_ETL.LoadData.LoadSongFact manual__2023-05-09T19:25:39.396890+00:00 [running]> on host 4b5a01a6ab5f
[2023-05-09T19:26:33.941+0000] {taskinstance.py:1570} INFO - Exporting env vars: AIRFLOW_CTX_DAG_OWNER='Ananta Moharana' AIRFLOW_CTX_DAG_ID='Summer_Warped_ETL' AIRFLOW_CTX_TASK_ID='LoadData.LoadSongFact' AIRFLOW_CTX_EXECUTION_DATE='2023-05-09T19:25:39.396890+00:00' AIRFLOW_CTX_TRY_NUMBER='1' AIRFLOW_CTX_DAG_RUN_ID='manual__2023-05-09T19:25:39.396890+00:00'
[2023-05-09T19:26:33.943+0000] {logging_mixin.py:149} INFO - 2023-05/song_fact.csv
[2023-05-09T19:26:33.951+0000] {base.py:73} INFO - Using connection ID 'aws_connection' for task execution.
[2023-05-09T19:26:33.951+0000] {connection_wrapper.py:337} INFO - AWS Connection (conn_id='aws_connection', conn_type='aws') credentials retrieved from login and password.
[2023-05-09T19:26:34.194+0000] {logging_mixin.py:149} INFO -                   song_id  popularity        date
0  6RKGBcDtgzXx21zUjpeu6F          68  2023-05-09
1  799f6Ih1Pu4AUApMyXhxUc           8  2023-05-09
2  36yIvRSkhRIBpCD3qiRR1T          41  2023-05-09
3  0T7aTl1t15HKHfwep4nANV          65  2023-05-09
4  5enKTHTO3V8qFrsyCtXwRF           1  2023-05-09
[2023-05-09T19:26:34.195+0000] {logging_mixin.py:149} INFO - INSERT INTO song_fact (song_id,popularity,date) VALUES (%s,%s,%s) ON CONFLICT (song_id,date) DO UPDATE SET song_id=EXCLUDED.song_id,popularity=EXCLUDED.popularity,date=EXCLUDED.date
[2023-05-09T19:26:34.202+0000] {base.py:73} INFO - Using connection ID '***' for task execution.
[2023-05-09T19:26:34.209+0000] {sql.py:375} INFO - Running statement: INSERT INTO song_fact (song_id,popularity,date) VALUES (%s,%s,%s) ON CONFLICT (song_id,date) DO UPDATE SET song_id=EXCLUDED.song_id,popularity=EXCLUDED.popularity,date=EXCLUDED.date, parameters: ('6RKGBcDtgzXx21zUjpeu6F', 68, '2023-05-09')
[2023-05-09T19:26:34.212+0000] {sql.py:384} INFO - Rows affected: 1
[2023-05-09T19:26:34.218+0000] {base.py:73} INFO - Using connection ID '***' for task execution.
[2023-05-09T19:26:34.225+0000] {sql.py:375} INFO - Running statement: INSERT INTO song_fact (song_id,popularity,date) VALUES (%s,%s,%s) ON CONFLICT (song_id,date) DO UPDATE SET song_id=EXCLUDED.song_id,popularity=EXCLUDED.popularity,date=EXCLUDED.date, parameters: ('799f6Ih1Pu4AUApMyXhxUc', 8, '2023-05-09')
[2023-05-09T19:26:34.228+0000] {sql.py:384} INFO - Rows affected: 1
[2023-05-09T19:26:34.235+0000] {base.py:73} INFO - Using connection ID '***' for task execution.
[2023-05-09T19:26:34.242+0000] {sql.py:375} INFO - Running statement: INSERT INTO song_fact (song_id,popularity,date) VALUES (%s,%s,%s) ON CONFLICT (song_id,date) DO UPDATE SET song_id=EXCLUDED.song_id,popularity=EXCLUDED.popularity,date=EXCLUDED.date, parameters: ('36yIvRSkhRIBpCD3qiRR1T', 41, '2023-05-09')
[2023-05-09T19:26:34.244+0000] {sql.py:384} INFO - Rows affected: 1
[2023-05-09T19:26:34.250+0000] {base.py:73} INFO - Using connection ID '***' for task execution.
[2023-05-09T19:26:34.257+0000] {sql.py:375} INFO - Running statement: INSERT INTO song_fact (song_id,popularity,date) VALUES (%s,%s,%s) ON CONFLICT (song_id,date) DO UPDATE SET song_id=EXCLUDED.song_id,popularity=EXCLUDED.popularity,date=EXCLUDED.date, parameters: ('0T7aTl1t15HKHfwep4nANV', 65, '2023-05-09')
[2023-05-09T19:26:34.259+0000] {sql.py:384} INFO - Rows affected: 1
[2023-05-09T19:26:34.266+0000] {base.py:73} INFO - Using connection ID '***' for task execution.
[2023-05-09T19:26:34.272+0000] {sql.py:375} INFO - Running statement: INSERT INTO song_fact (song_id,popularity,date) VALUES (%s,%s,%s) ON CONFLICT (song_id,date) DO UPDATE SET song_id=EXCLUDED.song_id,popularity=EXCLUDED.popularity,date=EXCLUDED.date, parameters: ('5enKTHTO3V8qFrsyCtXwRF', 1, '2023-05-09')
[2023-05-09T19:26:34.274+0000] {sql.py:384} INFO - Rows affected: 1
[2023-05-09T19:26:34.280+0000] {base.py:73} INFO - Using connection ID '***' for task execution.
[2023-05-09T19:26:34.287+0000] {sql.py:375} INFO - Running statement: INSERT INTO song_fact (song_id,popularity,date) VALUES (%s,%s,%s) ON CONFLICT (song_id,date) DO UPDATE SET song_id=EXCLUDED.song_id,popularity=EXCLUDED.popularity,date=EXCLUDED.date, parameters: ('1LGdSjpspVixePF8HpVPdh', 39, '2023-05-09')
[2023-05-09T19:26:34.289+0000] {sql.py:384} INFO - Rows affected: 1
[2023-05-09T19:26:34.296+0000] {base.py:73} INFO - Using connection ID '***' for task execution.
[2023-05-09T19:26:34.303+0000] {sql.py:375} INFO - Running statement: INSERT INTO song_fact (song_id,popularity,date) VALUES (%s,%s,%s) ON CONFLICT (song_id,date) DO UPDATE SET song_id=EXCLUDED.song_id,popularity=EXCLUDED.popularity,date=EXCLUDED.date, parameters: ('3Hgk2MiY3hIIp6Hmf1fxeW', 52, '2023-05-09')
[2023-05-09T19:26:34.305+0000] {sql.py:384} INFO - Rows affected: 1
[2023-05-09T19:26:34.311+0000] {base.py:73} INFO - Using connection ID '***' for task execution.
[2023-05-09T19:26:34.317+0000] {sql.py:375} INFO - Running statement: INSERT INTO song_fact (song_id,popularity,date) VALUES (%s,%s,%s) ON CONFLICT (song_id,date) DO UPDATE SET song_id=EXCLUDED.song_id,popularity=EXCLUDED.popularity,date=EXCLUDED.date, parameters: ('1k0G56TXxHVZbQMYA1Q4Xo', 36, '2023-05-09')
[2023-05-09T19:26:34.319+0000] {sql.py:384} INFO - Rows affected: 1
[2023-05-09T19:26:34.326+0000] {base.py:73} INFO - Using connection ID '***' for task execution.
[2023-05-09T19:26:34.332+0000] {sql.py:375} INFO - Running statement: INSERT INTO song_fact (song_id,popularity,date) VALUES (%s,%s,%s) ON CONFLICT (song_id,date) DO UPDATE SET song_id=EXCLUDED.song_id,popularity=EXCLUDED.popularity,date=EXCLUDED.date, parameters: ('2hwOoMtWPtTSSn6WHV7Vp5', 75, '2023-05-09')
[2023-05-09T19:26:34.334+0000] {sql.py:384} INFO - Rows affected: 1
[2023-05-09T19:26:34.340+0000] {base.py:73} INFO - Using connection ID '***' for task execution.
[2023-05-09T19:26:34.346+0000] {sql.py:375} INFO - Running statement: INSERT INTO song_fact (song_id,popularity,date) VALUES (%s,%s,%s) ON CONFLICT (song_id,date) DO UPDATE SET song_id=EXCLUDED.song_id,popularity=EXCLUDED.popularity,date=EXCLUDED.date, parameters: ('4vN6Tw6LcDcwNE3RU8xU6P', 47, '2023-05-09')
[2023-05-09T19:26:34.348+0000] {sql.py:384} INFO - Rows affected: 1
[2023-05-09T19:26:34.355+0000] {base.py:73} INFO - Using connection ID '***' for task execution.
[2023-05-09T19:26:34.362+0000] {sql.py:375} INFO - Running statement: INSERT INTO song_fact (song_id,popularity,date) VALUES (%s,%s,%s) ON CONFLICT (song_id,date) DO UPDATE SET song_id=EXCLUDED.song_id,popularity=EXCLUDED.popularity,date=EXCLUDED.date, parameters: ('5naar7XewEOAjOywIp6Jjq', 76, '2023-05-09')
[2023-05-09T19:26:34.364+0000] {sql.py:384} INFO - Rows affected: 1
[2023-05-09T19:26:34.370+0000] {base.py:73} INFO - Using connection ID '***' for task execution.
[2023-05-09T19:26:39.405+0000] {sql.py:375} INFO - Running statement: INSERT INTO song_fact (song_id,popularity,date) VALUES (%s,%s,%s) ON CONFLICT (song_id,date) DO UPDATE SET song_id=EXCLUDED.song_id,popularity=EXCLUDED.popularity,date=EXCLUDED.date, parameters: ('4PyMK7JTcu6l30D8KogokR', 61, '2023-05-09')
[2023-05-09T19:26:39.411+0000] {sql.py:384} INFO - Rows affected: 1
[2023-05-09T19:26:39.431+0000] {base.py:73} INFO - Using connection ID '***' for task execution.
[2023-05-09T19:26:39.444+0000] {sql.py:375} INFO - Running statement: INSERT INTO song_fact (song_id,popularity,date) VALUES (%s,%s,%s) ON CONFLICT (song_id,date) DO UPDATE SET song_id=EXCLUDED.song_id,popularity=EXCLUDED.popularity,date=EXCLUDED.date, parameters: ('3ubTScTReBYihSnVuRD81D', 45, '2023-05-09')
[2023-05-09T19:26:39.446+0000] {sql.py:384} INFO - Rows affected: 1
[2023-05-09T19:26:39.455+0000] {base.py:73} INFO - Using connection ID '***' for task execution.
[2023-05-09T19:26:39.463+0000] {sql.py:375} INFO - Running statement: INSERT INTO song_fact (song_id,popularity,date) VALUES (%s,%s,%s) ON CONFLICT (song_id,date) DO UPDATE SET song_id=EXCLUDED.song_id,popularity=EXCLUDED.popularity,date=EXCLUDED.date, parameters: ('35arSG83D9FCN2Ts0qOuoc', 50, '2023-05-09')
[2023-05-09T19:26:39.465+0000] {sql.py:384} INFO - Rows affected: 1
[2023-05-09T19:26:39.472+0000] {base.py:73} INFO - Using connection ID '***' for task execution.
[2023-05-09T19:26:39.481+0000] {sql.py:375} INFO - Running statement: INSERT INTO song_fact (song_id,popularity,date) VALUES (%s,%s,%s) ON CONFLICT (song_id,date) DO UPDATE SET song_id=EXCLUDED.song_id,popularity=EXCLUDED.popularity,date=EXCLUDED.date, parameters: ('6cMmoLRmpWeSjxkBsthrLN', 42, '2023-05-09')
[2023-05-09T19:26:39.483+0000] {sql.py:384} INFO - Rows affected: 1
[2023-05-09T19:26:39.491+0000] {base.py:73} INFO - Using connection ID '***' for task execution.
[2023-05-09T19:26:39.497+0000] {sql.py:375} INFO - Running statement: INSERT INTO song_fact (song_id,popularity,date) VALUES (%s,%s,%s) ON CONFLICT (song_id,date) DO UPDATE SET song_id=EXCLUDED.song_id,popularity=EXCLUDED.popularity,date=EXCLUDED.date, parameters: ('6HJxxqHWMdidwTVZmZWeHU', 74, '2023-05-09')
[2023-05-09T19:26:39.499+0000] {sql.py:384} INFO - Rows affected: 1
[2023-05-09T19:26:39.505+0000] {base.py:73} INFO - Using connection ID '***' for task execution.
[2023-05-09T19:26:39.513+0000] {sql.py:375} INFO - Running statement: INSERT INTO song_fact (song_id,popularity,date) VALUES (%s,%s,%s) ON CONFLICT (song_id,date) DO UPDATE SET song_id=EXCLUDED.song_id,popularity=EXCLUDED.popularity,date=EXCLUDED.date, parameters: ('7It1kdwA1cvzci57GFA0CZ', 41, '2023-05-09')
[2023-05-09T19:26:39.514+0000] {sql.py:384} INFO - Rows affected: 1
[2023-05-09T19:26:39.521+0000] {base.py:73} INFO - Using connection ID '***' for task execution.
[2023-05-09T19:26:39.527+0000] {sql.py:375} INFO - Running statement: INSERT INTO song_fact (song_id,popularity,date) VALUES (%s,%s,%s) ON CONFLICT (song_id,date) DO UPDATE SET song_id=EXCLUDED.song_id,popularity=EXCLUDED.popularity,date=EXCLUDED.date, parameters: ('4zIiarkbaDt2cm6sukb1Xt', 60, '2023-05-09')
[2023-05-09T19:26:39.529+0000] {sql.py:384} INFO - Rows affected: 1
[2023-05-09T19:26:39.535+0000] {base.py:73} INFO - Using connection ID '***' for task execution.
[2023-05-09T19:26:39.544+0000] {sql.py:375} INFO - Running statement: INSERT INTO song_fact (song_id,popularity,date) VALUES (%s,%s,%s) ON CONFLICT (song_id,date) DO UPDATE SET song_id=EXCLUDED.song_id,popularity=EXCLUDED.popularity,date=EXCLUDED.date, parameters: ('5UyG628jm48eYIwfCGLwXj', 45, '2023-05-09')
[2023-05-09T19:26:39.546+0000] {sql.py:384} INFO - Rows affected: 1
[2023-05-09T19:26:39.553+0000] {base.py:73} INFO - Using connection ID '***' for task execution.
[2023-05-09T19:26:39.559+0000] {sql.py:375} INFO - Running statement: INSERT INTO song_fact (song_id,popularity,date) VALUES (%s,%s,%s) ON CONFLICT (song_id,date) DO UPDATE SET song_id=EXCLUDED.song_id,popularity=EXCLUDED.popularity,date=EXCLUDED.date, parameters: ('5J27R0gL3EwImclrOrCEJG', 42, '2023-05-09')
[2023-05-09T19:26:39.561+0000] {sql.py:384} INFO - Rows affected: 1
[2023-05-09T19:26:39.567+0000] {base.py:73} INFO - Using connection ID '***' for task execution.
[2023-05-09T19:26:39.575+0000] {sql.py:375} INFO - Running statement: INSERT INTO song_fact (song_id,popularity,date) VALUES (%s,%s,%s) ON CONFLICT (song_id,date) DO UPDATE SET song_id=EXCLUDED.song_id,popularity=EXCLUDED.popularity,date=EXCLUDED.date, parameters: ('4fCE1SCDulouoac9Q8XroU', 61, '2023-05-09')
[2023-05-09T19:26:39.578+0000] {sql.py:384} INFO - Rows affected: 1
[2023-05-09T19:26:39.584+0000] {base.py:73} INFO - Using connection ID '***' for task execution.
[2023-05-09T19:26:39.592+0000] {sql.py:375} INFO - Running statement: INSERT INTO song_fact (song_id,popularity,date) VALUES (%s,%s,%s) ON CONFLICT (song_id,date) DO UPDATE SET song_id=EXCLUDED.song_id,popularity=EXCLUDED.popularity,date=EXCLUDED.date, parameters: ('0X5mtNbqxbiTYkwj0CQc2f', 14, '2023-05-09')
[2023-05-09T19:26:39.594+0000] {sql.py:384} INFO - Rows affected: 1
[2023-05-09T19:26:39.600+0000] {base.py:73} INFO - Using connection ID '***' for task execution.
[2023-05-09T19:26:39.607+0000] {sql.py:375} INFO - Running statement: INSERT INTO song_fact (song_id,popularity,date) VALUES (%s,%s,%s) ON CONFLICT (song_id,date) DO UPDATE SET song_id=EXCLUDED.song_id,popularity=EXCLUDED.popularity,date=EXCLUDED.date, parameters: ('2wAJTrFhCnQyNSD3oUgTZO', 82, '2023-05-09')
[2023-05-09T19:26:39.609+0000] {sql.py:384} INFO - Rows affected: 1
[2023-05-09T19:26:39.615+0000] {base.py:73} INFO - Using connection ID '***' for task execution.
[2023-05-09T19:26:39.621+0000] {sql.py:375} INFO - Running statement: INSERT INTO song_fact (song_id,popularity,date) VALUES (%s,%s,%s) ON CONFLICT (song_id,date) DO UPDATE SET song_id=EXCLUDED.song_id,popularity=EXCLUDED.popularity,date=EXCLUDED.date, parameters: ('39JofJHEtg8I4fSyo7Imft', 82, '2023-05-09')
[2023-05-09T19:26:39.623+0000] {sql.py:384} INFO - Rows affected: 1
[2023-05-09T19:26:39.629+0000] {base.py:73} INFO - Using connection ID '***' for task execution.
[2023-05-09T19:26:39.638+0000] {sql.py:375} INFO - Running statement: INSERT INTO song_fact (song_id,popularity,date) VALUES (%s,%s,%s) ON CONFLICT (song_id,date) DO UPDATE SET song_id=EXCLUDED.song_id,popularity=EXCLUDED.popularity,date=EXCLUDED.date, parameters: ('44yeuXXaEnaK5Cugptf7GH', 52, '2023-05-09')
[2023-05-09T19:26:39.640+0000] {sql.py:384} INFO - Rows affected: 1
[2023-05-09T19:26:39.646+0000] {base.py:73} INFO - Using connection ID '***' for task execution.
[2023-05-09T19:26:39.652+0000] {sql.py:375} INFO - Running statement: INSERT INTO song_fact (song_id,popularity,date) VALUES (%s,%s,%s) ON CONFLICT (song_id,date) DO UPDATE SET song_id=EXCLUDED.song_id,popularity=EXCLUDED.popularity,date=EXCLUDED.date, parameters: ('2jE3wqMD0Btzsf3cxr0FhO', 0, '2023-05-09')
[2023-05-09T19:26:39.654+0000] {sql.py:384} INFO - Rows affected: 1
[2023-05-09T19:26:39.659+0000] {base.py:73} INFO - Using connection ID '***' for task execution.
[2023-05-09T19:26:39.666+0000] {sql.py:375} INFO - Running statement: INSERT INTO song_fact (song_id,popularity,date) VALUES (%s,%s,%s) ON CONFLICT (song_id,date) DO UPDATE SET song_id=EXCLUDED.song_id,popularity=EXCLUDED.popularity,date=EXCLUDED.date, parameters: ('6KEdjhTORrn8HOVeuABlUg', 56, '2023-05-09')
[2023-05-09T19:26:39.667+0000] {sql.py:384} INFO - Rows affected: 1
[2023-05-09T19:26:39.674+0000] {base.py:73} INFO - Using connection ID '***' for task execution.
[2023-05-09T19:26:39.680+0000] {sql.py:375} INFO - Running statement: INSERT INTO song_fact (song_id,popularity,date) VALUES (%s,%s,%s) ON CONFLICT (song_id,date) DO UPDATE SET song_id=EXCLUDED.song_id,popularity=EXCLUDED.popularity,date=EXCLUDED.date, parameters: ('7cTMowRfTAvLBLpTtZuv1M', 0, '2023-05-09')
[2023-05-09T19:26:39.681+0000] {sql.py:384} INFO - Rows affected: 1
[2023-05-09T19:26:39.687+0000] {base.py:73} INFO - Using connection ID '***' for task execution.
[2023-05-09T19:26:39.694+0000] {sql.py:375} INFO - Running statement: INSERT INTO song_fact (song_id,popularity,date) VALUES (%s,%s,%s) ON CONFLICT (song_id,date) DO UPDATE SET song_id=EXCLUDED.song_id,popularity=EXCLUDED.popularity,date=EXCLUDED.date, parameters: ('44pLGyqKLmAULejSvPNLtl', 52, '2023-05-09')
[2023-05-09T19:26:39.696+0000] {sql.py:384} INFO - Rows affected: 1
[2023-05-09T19:26:39.703+0000] {base.py:73} INFO - Using connection ID '***' for task execution.
[2023-05-09T19:26:39.711+0000] {sql.py:375} INFO - Running statement: INSERT INTO song_fact (song_id,popularity,date) VALUES (%s,%s,%s) ON CONFLICT (song_id,date) DO UPDATE SET song_id=EXCLUDED.song_id,popularity=EXCLUDED.popularity,date=EXCLUDED.date, parameters: ('3g4o4r0eC0aySaIRNCheL2', 54, '2023-05-09')
[2023-05-09T19:26:39.713+0000] {sql.py:384} INFO - Rows affected: 1
[2023-05-09T19:26:39.719+0000] {base.py:73} INFO - Using connection ID '***' for task execution.
[2023-05-09T19:26:39.727+0000] {sql.py:375} INFO - Running statement: INSERT INTO song_fact (song_id,popularity,date) VALUES (%s,%s,%s) ON CONFLICT (song_id,date) DO UPDATE SET song_id=EXCLUDED.song_id,popularity=EXCLUDED.popularity,date=EXCLUDED.date, parameters: ('5uUjYnzcjEgiIFWR0av19g', 60, '2023-05-09')
[2023-05-09T19:26:39.728+0000] {sql.py:384} INFO - Rows affected: 1
[2023-05-09T19:26:39.735+0000] {base.py:73} INFO - Using connection ID '***' for task execution.
[2023-05-09T19:26:39.742+0000] {sql.py:375} INFO - Running statement: INSERT INTO song_fact (song_id,popularity,date) VALUES (%s,%s,%s) ON CONFLICT (song_id,date) DO UPDATE SET song_id=EXCLUDED.song_id,popularity=EXCLUDED.popularity,date=EXCLUDED.date, parameters: ('4ofwffwvvnbSkrMSCKQDaC', 79, '2023-05-09')
[2023-05-09T19:26:39.744+0000] {sql.py:384} INFO - Rows affected: 1
[2023-05-09T19:26:39.750+0000] {base.py:73} INFO - Using connection ID '***' for task execution.
[2023-05-09T19:26:39.757+0000] {sql.py:375} INFO - Running statement: INSERT INTO song_fact (song_id,popularity,date) VALUES (%s,%s,%s) ON CONFLICT (song_id,date) DO UPDATE SET song_id=EXCLUDED.song_id,popularity=EXCLUDED.popularity,date=EXCLUDED.date, parameters: ('4vgwlkyD2dnXqM8ZRTg6ju', 14, '2023-05-09')
[2023-05-09T19:26:39.759+0000] {sql.py:384} INFO - Rows affected: 1
[2023-05-09T19:26:39.765+0000] {base.py:73} INFO - Using connection ID '***' for task execution.
[2023-05-09T19:26:39.772+0000] {sql.py:375} INFO - Running statement: INSERT INTO song_fact (song_id,popularity,date) VALUES (%s,%s,%s) ON CONFLICT (song_id,date) DO UPDATE SET song_id=EXCLUDED.song_id,popularity=EXCLUDED.popularity,date=EXCLUDED.date, parameters: ('0bmQ5H9mHFzRnJ4ZntylFg', 50, '2023-05-09')
[2023-05-09T19:26:39.773+0000] {sql.py:384} INFO - Rows affected: 1
[2023-05-09T19:26:39.779+0000] {base.py:73} INFO - Using connection ID '***' for task execution.
[2023-05-09T19:26:39.786+0000] {sql.py:375} INFO - Running statement: INSERT INTO song_fact (song_id,popularity,date) VALUES (%s,%s,%s) ON CONFLICT (song_id,date) DO UPDATE SET song_id=EXCLUDED.song_id,popularity=EXCLUDED.popularity,date=EXCLUDED.date, parameters: ('7utenMA93Ldpg9O5oC6AP4', 48, '2023-05-09')
[2023-05-09T19:26:39.788+0000] {sql.py:384} INFO - Rows affected: 1
[2023-05-09T19:26:39.794+0000] {base.py:73} INFO - Using connection ID '***' for task execution.
[2023-05-09T19:26:39.801+0000] {sql.py:375} INFO - Running statement: INSERT INTO song_fact (song_id,popularity,date) VALUES (%s,%s,%s) ON CONFLICT (song_id,date) DO UPDATE SET song_id=EXCLUDED.song_id,popularity=EXCLUDED.popularity,date=EXCLUDED.date, parameters: ('4odVrSLDdzelmLcOiOkwg1', 36, '2023-05-09')
[2023-05-09T19:26:39.803+0000] {sql.py:384} INFO - Rows affected: 1
[2023-05-09T19:26:39.809+0000] {base.py:73} INFO - Using connection ID '***' for task execution.
[2023-05-09T19:26:39.817+0000] {sql.py:375} INFO - Running statement: INSERT INTO song_fact (song_id,popularity,date) VALUES (%s,%s,%s) ON CONFLICT (song_id,date) DO UPDATE SET song_id=EXCLUDED.song_id,popularity=EXCLUDED.popularity,date=EXCLUDED.date, parameters: ('1170VohRSx6GwE6QDCHPPH', 78, '2023-05-09')
[2023-05-09T19:26:39.818+0000] {sql.py:384} INFO - Rows affected: 1
[2023-05-09T19:26:39.824+0000] {base.py:73} INFO - Using connection ID '***' for task execution.
[2023-05-09T19:26:39.832+0000] {sql.py:375} INFO - Running statement: INSERT INTO song_fact (song_id,popularity,date) VALUES (%s,%s,%s) ON CONFLICT (song_id,date) DO UPDATE SET song_id=EXCLUDED.song_id,popularity=EXCLUDED.popularity,date=EXCLUDED.date, parameters: ('4djIFfof5TpbSGRZUpsTXq', 72, '2023-05-09')
[2023-05-09T19:26:39.834+0000] {sql.py:384} INFO - Rows affected: 1
[2023-05-09T19:26:39.840+0000] {base.py:73} INFO - Using connection ID '***' for task execution.
[2023-05-09T19:26:39.848+0000] {sql.py:375} INFO - Running statement: INSERT INTO song_fact (song_id,popularity,date) VALUES (%s,%s,%s) ON CONFLICT (song_id,date) DO UPDATE SET song_id=EXCLUDED.song_id,popularity=EXCLUDED.popularity,date=EXCLUDED.date, parameters: ('1hbvXOQPUpodXhZ51ipfcZ', 50, '2023-05-09')
[2023-05-09T19:26:39.850+0000] {sql.py:384} INFO - Rows affected: 1
[2023-05-09T19:26:39.856+0000] {base.py:73} INFO - Using connection ID '***' for task execution.
[2023-05-09T19:26:39.863+0000] {sql.py:375} INFO - Running statement: INSERT INTO song_fact (song_id,popularity,date) VALUES (%s,%s,%s) ON CONFLICT (song_id,date) DO UPDATE SET song_id=EXCLUDED.song_id,popularity=EXCLUDED.popularity,date=EXCLUDED.date, parameters: ('4sYbZjRCyaFqCtJ2Uvfh8B', 62, '2023-05-09')
[2023-05-09T19:26:39.865+0000] {sql.py:384} INFO - Rows affected: 1
[2023-05-09T19:26:39.871+0000] {base.py:73} INFO - Using connection ID '***' for task execution.
[2023-05-09T19:26:39.878+0000] {sql.py:375} INFO - Running statement: INSERT INTO song_fact (song_id,popularity,date) VALUES (%s,%s,%s) ON CONFLICT (song_id,date) DO UPDATE SET song_id=EXCLUDED.song_id,popularity=EXCLUDED.popularity,date=EXCLUDED.date, parameters: ('4h4Em3iM0Vp45KD7b5wW3Z', 65, '2023-05-09')
[2023-05-09T19:26:39.880+0000] {sql.py:384} INFO - Rows affected: 1
[2023-05-09T19:26:39.888+0000] {base.py:73} INFO - Using connection ID '***' for task execution.
[2023-05-09T19:26:39.897+0000] {sql.py:375} INFO - Running statement: INSERT INTO song_fact (song_id,popularity,date) VALUES (%s,%s,%s) ON CONFLICT (song_id,date) DO UPDATE SET song_id=EXCLUDED.song_id,popularity=EXCLUDED.popularity,date=EXCLUDED.date, parameters: ('0bx6v84HtmEYFRBAOvDTgk', 60, '2023-05-09')
[2023-05-09T19:26:39.899+0000] {sql.py:384} INFO - Rows affected: 1
[2023-05-09T19:26:39.905+0000] {base.py:73} INFO - Using connection ID '***' for task execution.
[2023-05-09T19:26:39.912+0000] {sql.py:375} INFO - Running statement: INSERT INTO song_fact (song_id,popularity,date) VALUES (%s,%s,%s) ON CONFLICT (song_id,date) DO UPDATE SET song_id=EXCLUDED.song_id,popularity=EXCLUDED.popularity,date=EXCLUDED.date, parameters: ('1QwhWld3yDy65MJCeBelCp', 53, '2023-05-09')
[2023-05-09T19:26:39.914+0000] {sql.py:384} INFO - Rows affected: 1
[2023-05-09T19:26:39.920+0000] {base.py:73} INFO - Using connection ID '***' for task execution.
[2023-05-09T19:26:39.929+0000] {sql.py:375} INFO - Running statement: INSERT INTO song_fact (song_id,popularity,date) VALUES (%s,%s,%s) ON CONFLICT (song_id,date) DO UPDATE SET song_id=EXCLUDED.song_id,popularity=EXCLUDED.popularity,date=EXCLUDED.date, parameters: ('0VF7YLIxSQKyNiFL3X6MmN', 75, '2023-05-09')
[2023-05-09T19:26:39.931+0000] {sql.py:384} INFO - Rows affected: 1
[2023-05-09T19:26:39.937+0000] {base.py:73} INFO - Using connection ID '***' for task execution.
[2023-05-09T19:26:39.947+0000] {sql.py:375} INFO - Running statement: INSERT INTO song_fact (song_id,popularity,date) VALUES (%s,%s,%s) ON CONFLICT (song_id,date) DO UPDATE SET song_id=EXCLUDED.song_id,popularity=EXCLUDED.popularity,date=EXCLUDED.date, parameters: ('45sDIKapDyxPl307QpEAwl', 69, '2023-05-09')
[2023-05-09T19:26:39.950+0000] {sql.py:384} INFO - Rows affected: 1
[2023-05-09T19:26:39.955+0000] {base.py:73} INFO - Using connection ID '***' for task execution.
[2023-05-09T19:26:39.962+0000] {sql.py:375} INFO - Running statement: INSERT INTO song_fact (song_id,popularity,date) VALUES (%s,%s,%s) ON CONFLICT (song_id,date) DO UPDATE SET song_id=EXCLUDED.song_id,popularity=EXCLUDED.popularity,date=EXCLUDED.date, parameters: ('51pshtuYkgUQnt5huMPbKL', 75, '2023-05-09')
[2023-05-09T19:26:39.963+0000] {sql.py:384} INFO - Rows affected: 1
[2023-05-09T19:26:39.969+0000] {base.py:73} INFO - Using connection ID '***' for task execution.
[2023-05-09T19:26:39.977+0000] {sql.py:375} INFO - Running statement: INSERT INTO song_fact (song_id,popularity,date) VALUES (%s,%s,%s) ON CONFLICT (song_id,date) DO UPDATE SET song_id=EXCLUDED.song_id,popularity=EXCLUDED.popularity,date=EXCLUDED.date, parameters: ('5dIyY5jZcOkwiapTDvudLl', 34, '2023-05-09')
[2023-05-09T19:26:39.979+0000] {sql.py:384} INFO - Rows affected: 1
[2023-05-09T19:26:39.985+0000] {base.py:73} INFO - Using connection ID '***' for task execution.
[2023-05-09T19:26:39.992+0000] {sql.py:375} INFO - Running statement: INSERT INTO song_fact (song_id,popularity,date) VALUES (%s,%s,%s) ON CONFLICT (song_id,date) DO UPDATE SET song_id=EXCLUDED.song_id,popularity=EXCLUDED.popularity,date=EXCLUDED.date, parameters: ('4UPQiDmYScn2C6S2C2WATY', 66, '2023-05-09')
[2023-05-09T19:26:39.993+0000] {sql.py:384} INFO - Rows affected: 1
[2023-05-09T19:26:39.999+0000] {base.py:73} INFO - Using connection ID '***' for task execution.
[2023-05-09T19:26:40.008+0000] {sql.py:375} INFO - Running statement: INSERT INTO song_fact (song_id,popularity,date) VALUES (%s,%s,%s) ON CONFLICT (song_id,date) DO UPDATE SET song_id=EXCLUDED.song_id,popularity=EXCLUDED.popularity,date=EXCLUDED.date, parameters: ('1TOwnUP5GmYd7kXrcFj76S', 43, '2023-05-09')
[2023-05-09T19:26:40.010+0000] {sql.py:384} INFO - Rows affected: 1
[2023-05-09T19:26:40.016+0000] {base.py:73} INFO - Using connection ID '***' for task execution.
[2023-05-09T19:26:40.023+0000] {sql.py:375} INFO - Running statement: INSERT INTO song_fact (song_id,popularity,date) VALUES (%s,%s,%s) ON CONFLICT (song_id,date) DO UPDATE SET song_id=EXCLUDED.song_id,popularity=EXCLUDED.popularity,date=EXCLUDED.date, parameters: ('4c2cdWv3GLKoP12tY0OzZl', 59, '2023-05-09')
[2023-05-09T19:26:40.025+0000] {sql.py:384} INFO - Rows affected: 1
[2023-05-09T19:26:40.031+0000] {base.py:73} INFO - Using connection ID '***' for task execution.
[2023-05-09T19:26:40.038+0000] {sql.py:375} INFO - Running statement: INSERT INTO song_fact (song_id,popularity,date) VALUES (%s,%s,%s) ON CONFLICT (song_id,date) DO UPDATE SET song_id=EXCLUDED.song_id,popularity=EXCLUDED.popularity,date=EXCLUDED.date, parameters: ('1yjY7rpaAQvKwpdUliHx0d', 80, '2023-05-09')
[2023-05-09T19:26:40.039+0000] {sql.py:384} INFO - Rows affected: 1
[2023-05-09T19:26:40.045+0000] {base.py:73} INFO - Using connection ID '***' for task execution.
[2023-05-09T19:26:40.053+0000] {sql.py:375} INFO - Running statement: INSERT INTO song_fact (song_id,popularity,date) VALUES (%s,%s,%s) ON CONFLICT (song_id,date) DO UPDATE SET song_id=EXCLUDED.song_id,popularity=EXCLUDED.popularity,date=EXCLUDED.date, parameters: ('2Yer0p7uB2lVBUAtANuuQp', 75, '2023-05-09')
[2023-05-09T19:26:40.055+0000] {sql.py:384} INFO - Rows affected: 1
[2023-05-09T19:26:40.062+0000] {base.py:73} INFO - Using connection ID '***' for task execution.
[2023-05-09T19:26:40.071+0000] {sql.py:375} INFO - Running statement: INSERT INTO song_fact (song_id,popularity,date) VALUES (%s,%s,%s) ON CONFLICT (song_id,date) DO UPDATE SET song_id=EXCLUDED.song_id,popularity=EXCLUDED.popularity,date=EXCLUDED.date, parameters: ('6sbSGzDHj2832Ns1laCw9s', 42, '2023-05-09')
[2023-05-09T19:26:40.074+0000] {sql.py:384} INFO - Rows affected: 1
[2023-05-09T19:26:40.080+0000] {base.py:73} INFO - Using connection ID '***' for task execution.
[2023-05-09T19:26:40.088+0000] {sql.py:375} INFO - Running statement: INSERT INTO song_fact (song_id,popularity,date) VALUES (%s,%s,%s) ON CONFLICT (song_id,date) DO UPDATE SET song_id=EXCLUDED.song_id,popularity=EXCLUDED.popularity,date=EXCLUDED.date, parameters: ('5fKBwqSTuCbnJlCOpeRa3o', 65, '2023-05-09')
[2023-05-09T19:26:40.090+0000] {sql.py:384} INFO - Rows affected: 1
[2023-05-09T19:26:40.096+0000] {base.py:73} INFO - Using connection ID '***' for task execution.
[2023-05-09T19:26:40.103+0000] {sql.py:375} INFO - Running statement: INSERT INTO song_fact (song_id,popularity,date) VALUES (%s,%s,%s) ON CONFLICT (song_id,date) DO UPDATE SET song_id=EXCLUDED.song_id,popularity=EXCLUDED.popularity,date=EXCLUDED.date, parameters: ('2Foc5Q5nqNiosCNqttzHof', 83, '2023-05-09')
[2023-05-09T19:26:40.106+0000] {sql.py:384} INFO - Rows affected: 1
[2023-05-09T19:26:40.111+0000] {base.py:73} INFO - Using connection ID '***' for task execution.
[2023-05-09T19:26:40.118+0000] {sql.py:375} INFO - Running statement: INSERT INTO song_fact (song_id,popularity,date) VALUES (%s,%s,%s) ON CONFLICT (song_id,date) DO UPDATE SET song_id=EXCLUDED.song_id,popularity=EXCLUDED.popularity,date=EXCLUDED.date, parameters: ('3oxlnVvPVGpAx4kaVh63bl', 46, '2023-05-09')
[2023-05-09T19:26:40.121+0000] {sql.py:384} INFO - Rows affected: 1
[2023-05-09T19:26:40.127+0000] {base.py:73} INFO - Using connection ID '***' for task execution.
[2023-05-09T19:26:40.133+0000] {sql.py:375} INFO - Running statement: INSERT INTO song_fact (song_id,popularity,date) VALUES (%s,%s,%s) ON CONFLICT (song_id,date) DO UPDATE SET song_id=EXCLUDED.song_id,popularity=EXCLUDED.popularity,date=EXCLUDED.date, parameters: ('4qqArAiTPueDxIp7cf87h7', 67, '2023-05-09')
[2023-05-09T19:26:40.136+0000] {sql.py:384} INFO - Rows affected: 1
[2023-05-09T19:26:40.143+0000] {base.py:73} INFO - Using connection ID '***' for task execution.
[2023-05-09T19:26:40.150+0000] {sql.py:375} INFO - Running statement: INSERT INTO song_fact (song_id,popularity,date) VALUES (%s,%s,%s) ON CONFLICT (song_id,date) DO UPDATE SET song_id=EXCLUDED.song_id,popularity=EXCLUDED.popularity,date=EXCLUDED.date, parameters: ('5jSBnH9NyaNP5zdSB3pwgu', 66, '2023-05-09')
[2023-05-09T19:26:40.152+0000] {sql.py:384} INFO - Rows affected: 1
[2023-05-09T19:26:40.158+0000] {base.py:73} INFO - Using connection ID '***' for task execution.
[2023-05-09T19:26:40.165+0000] {sql.py:375} INFO - Running statement: INSERT INTO song_fact (song_id,popularity,date) VALUES (%s,%s,%s) ON CONFLICT (song_id,date) DO UPDATE SET song_id=EXCLUDED.song_id,popularity=EXCLUDED.popularity,date=EXCLUDED.date, parameters: ('4hGWpeJ4Aq4yvUJ7KpQ2oa', 61, '2023-05-09')
[2023-05-09T19:26:40.168+0000] {sql.py:384} INFO - Rows affected: 1
[2023-05-09T19:26:40.174+0000] {base.py:73} INFO - Using connection ID '***' for task execution.
[2023-05-09T19:26:40.180+0000] {sql.py:375} INFO - Running statement: INSERT INTO song_fact (song_id,popularity,date) VALUES (%s,%s,%s) ON CONFLICT (song_id,date) DO UPDATE SET song_id=EXCLUDED.song_id,popularity=EXCLUDED.popularity,date=EXCLUDED.date, parameters: ('6nzXkCBOhb2mxctNihOqbb', 75, '2023-05-09')
[2023-05-09T19:26:40.182+0000] {sql.py:384} INFO - Rows affected: 1
[2023-05-09T19:26:40.188+0000] {base.py:73} INFO - Using connection ID '***' for task execution.
[2023-05-09T19:26:40.195+0000] {sql.py:375} INFO - Running statement: INSERT INTO song_fact (song_id,popularity,date) VALUES (%s,%s,%s) ON CONFLICT (song_id,date) DO UPDATE SET song_id=EXCLUDED.song_id,popularity=EXCLUDED.popularity,date=EXCLUDED.date, parameters: ('5nCthAh3jt4xKuLJAifAaR', 73, '2023-05-09')
[2023-05-09T19:26:40.197+0000] {sql.py:384} INFO - Rows affected: 1
[2023-05-09T19:26:40.203+0000] {base.py:73} INFO - Using connection ID '***' for task execution.
[2023-05-09T19:26:40.211+0000] {sql.py:375} INFO - Running statement: INSERT INTO song_fact (song_id,popularity,date) VALUES (%s,%s,%s) ON CONFLICT (song_id,date) DO UPDATE SET song_id=EXCLUDED.song_id,popularity=EXCLUDED.popularity,date=EXCLUDED.date, parameters: ('6A6qBFJHid4WutQu6HHEZt', 59, '2023-05-09')
[2023-05-09T19:26:40.214+0000] {sql.py:384} INFO - Rows affected: 1
[2023-05-09T19:26:40.220+0000] {base.py:73} INFO - Using connection ID '***' for task execution.
[2023-05-09T19:26:40.227+0000] {sql.py:375} INFO - Running statement: INSERT INTO song_fact (song_id,popularity,date) VALUES (%s,%s,%s) ON CONFLICT (song_id,date) DO UPDATE SET song_id=EXCLUDED.song_id,popularity=EXCLUDED.popularity,date=EXCLUDED.date, parameters: ('5A5bLKdL5I3k3FTEQlAUw7', 69, '2023-05-09')
[2023-05-09T19:26:40.229+0000] {sql.py:384} INFO - Rows affected: 1
[2023-05-09T19:26:40.235+0000] {base.py:73} INFO - Using connection ID '***' for task execution.
[2023-05-09T19:26:40.242+0000] {sql.py:375} INFO - Running statement: INSERT INTO song_fact (song_id,popularity,date) VALUES (%s,%s,%s) ON CONFLICT (song_id,date) DO UPDATE SET song_id=EXCLUDED.song_id,popularity=EXCLUDED.popularity,date=EXCLUDED.date, parameters: ('6YUTL4dYpB9xZO5qExPf05', 83, '2023-05-09')
[2023-05-09T19:26:40.244+0000] {sql.py:384} INFO - Rows affected: 1
[2023-05-09T19:26:40.250+0000] {base.py:73} INFO - Using connection ID '***' for task execution.
[2023-05-09T19:26:40.258+0000] {sql.py:375} INFO - Running statement: INSERT INTO song_fact (song_id,popularity,date) VALUES (%s,%s,%s) ON CONFLICT (song_id,date) DO UPDATE SET song_id=EXCLUDED.song_id,popularity=EXCLUDED.popularity,date=EXCLUDED.date, parameters: ('2QLAStuvDy5OIbjeCwcNgB', 54, '2023-05-09')
[2023-05-09T19:26:40.261+0000] {sql.py:384} INFO - Rows affected: 1
[2023-05-09T19:26:40.266+0000] {base.py:73} INFO - Using connection ID '***' for task execution.
[2023-05-09T19:26:40.274+0000] {sql.py:375} INFO - Running statement: INSERT INTO song_fact (song_id,popularity,date) VALUES (%s,%s,%s) ON CONFLICT (song_id,date) DO UPDATE SET song_id=EXCLUDED.song_id,popularity=EXCLUDED.popularity,date=EXCLUDED.date, parameters: ('0sci7ppTZFm4mjcH3nu8yO', 67, '2023-05-09')
[2023-05-09T19:26:40.277+0000] {sql.py:384} INFO - Rows affected: 1
[2023-05-09T19:26:40.283+0000] {base.py:73} INFO - Using connection ID '***' for task execution.
[2023-05-09T19:26:40.290+0000] {sql.py:375} INFO - Running statement: INSERT INTO song_fact (song_id,popularity,date) VALUES (%s,%s,%s) ON CONFLICT (song_id,date) DO UPDATE SET song_id=EXCLUDED.song_id,popularity=EXCLUDED.popularity,date=EXCLUDED.date, parameters: ('4P57hnx1SK88ULEcQls2vV', 38, '2023-05-09')
[2023-05-09T19:26:40.292+0000] {sql.py:384} INFO - Rows affected: 1
[2023-05-09T19:26:40.298+0000] {base.py:73} INFO - Using connection ID '***' for task execution.
[2023-05-09T19:26:40.306+0000] {sql.py:375} INFO - Running statement: INSERT INTO song_fact (song_id,popularity,date) VALUES (%s,%s,%s) ON CONFLICT (song_id,date) DO UPDATE SET song_id=EXCLUDED.song_id,popularity=EXCLUDED.popularity,date=EXCLUDED.date, parameters: ('40wUM3LFZOlUcZfxEIZrYK', 64, '2023-05-09')
[2023-05-09T19:26:40.309+0000] {sql.py:384} INFO - Rows affected: 1
[2023-05-09T19:26:40.315+0000] {base.py:73} INFO - Using connection ID '***' for task execution.
[2023-05-09T19:26:40.322+0000] {sql.py:375} INFO - Running statement: INSERT INTO song_fact (song_id,popularity,date) VALUES (%s,%s,%s) ON CONFLICT (song_id,date) DO UPDATE SET song_id=EXCLUDED.song_id,popularity=EXCLUDED.popularity,date=EXCLUDED.date, parameters: ('7KA4W4McWYRpgf0fWsJZWB', 93, '2023-05-09')
[2023-05-09T19:26:40.324+0000] {sql.py:384} INFO - Rows affected: 1
[2023-05-09T19:26:40.330+0000] {base.py:73} INFO - Using connection ID '***' for task execution.
[2023-05-09T19:26:40.338+0000] {sql.py:375} INFO - Running statement: INSERT INTO song_fact (song_id,popularity,date) VALUES (%s,%s,%s) ON CONFLICT (song_id,date) DO UPDATE SET song_id=EXCLUDED.song_id,popularity=EXCLUDED.popularity,date=EXCLUDED.date, parameters: ('0w5Bdu51Ka25Pf3hojsKHh', 74, '2023-05-09')
[2023-05-09T19:26:40.340+0000] {sql.py:384} INFO - Rows affected: 1
[2023-05-09T19:26:40.346+0000] {base.py:73} INFO - Using connection ID '***' for task execution.
[2023-05-09T19:26:40.354+0000] {sql.py:375} INFO - Running statement: INSERT INTO song_fact (song_id,popularity,date) VALUES (%s,%s,%s) ON CONFLICT (song_id,date) DO UPDATE SET song_id=EXCLUDED.song_id,popularity=EXCLUDED.popularity,date=EXCLUDED.date, parameters: ('2G7V7zsVDxg1yRsu7Ew9RJ', 76, '2023-05-09')
[2023-05-09T19:26:40.356+0000] {sql.py:384} INFO - Rows affected: 1
[2023-05-09T19:26:40.362+0000] {base.py:73} INFO - Using connection ID '***' for task execution.
[2023-05-09T19:26:40.369+0000] {sql.py:375} INFO - Running statement: INSERT INTO song_fact (song_id,popularity,date) VALUES (%s,%s,%s) ON CONFLICT (song_id,date) DO UPDATE SET song_id=EXCLUDED.song_id,popularity=EXCLUDED.popularity,date=EXCLUDED.date, parameters: ('6vvQCWLhsRoE5sjYn8mxmL', 47, '2023-05-09')
[2023-05-09T19:26:40.372+0000] {sql.py:384} INFO - Rows affected: 1
[2023-05-09T19:26:40.378+0000] {base.py:73} INFO - Using connection ID '***' for task execution.
[2023-05-09T19:26:40.385+0000] {sql.py:375} INFO - Running statement: INSERT INTO song_fact (song_id,popularity,date) VALUES (%s,%s,%s) ON CONFLICT (song_id,date) DO UPDATE SET song_id=EXCLUDED.song_id,popularity=EXCLUDED.popularity,date=EXCLUDED.date, parameters: ('6LOZws7T3jqZz78unPgFF9', 80, '2023-05-09')
[2023-05-09T19:26:40.386+0000] {sql.py:384} INFO - Rows affected: 1
[2023-05-09T19:26:40.392+0000] {base.py:73} INFO - Using connection ID '***' for task execution.
[2023-05-09T19:26:40.399+0000] {sql.py:375} INFO - Running statement: INSERT INTO song_fact (song_id,popularity,date) VALUES (%s,%s,%s) ON CONFLICT (song_id,date) DO UPDATE SET song_id=EXCLUDED.song_id,popularity=EXCLUDED.popularity,date=EXCLUDED.date, parameters: ('65i5x6gOn0IaHblO974ZKa', 44, '2023-05-09')
[2023-05-09T19:26:40.402+0000] {sql.py:384} INFO - Rows affected: 1
[2023-05-09T19:26:40.408+0000] {base.py:73} INFO - Using connection ID '***' for task execution.
[2023-05-09T19:26:40.415+0000] {sql.py:375} INFO - Running statement: INSERT INTO song_fact (song_id,popularity,date) VALUES (%s,%s,%s) ON CONFLICT (song_id,date) DO UPDATE SET song_id=EXCLUDED.song_id,popularity=EXCLUDED.popularity,date=EXCLUDED.date, parameters: ('4lIxdJw6W3Fg4vUIYCB0S5', 80, '2023-05-09')
[2023-05-09T19:26:40.417+0000] {sql.py:384} INFO - Rows affected: 1
[2023-05-09T19:26:40.423+0000] {base.py:73} INFO - Using connection ID '***' for task execution.
[2023-05-09T19:26:40.429+0000] {sql.py:375} INFO - Running statement: INSERT INTO song_fact (song_id,popularity,date) VALUES (%s,%s,%s) ON CONFLICT (song_id,date) DO UPDATE SET song_id=EXCLUDED.song_id,popularity=EXCLUDED.popularity,date=EXCLUDED.date, parameters: ('2zDdinauXLATZMeyk4WnTR', 46, '2023-05-09')
[2023-05-09T19:26:40.432+0000] {sql.py:384} INFO - Rows affected: 1
[2023-05-09T19:26:40.438+0000] {base.py:73} INFO - Using connection ID '***' for task execution.
[2023-05-09T19:26:40.446+0000] {sql.py:375} INFO - Running statement: INSERT INTO song_fact (song_id,popularity,date) VALUES (%s,%s,%s) ON CONFLICT (song_id,date) DO UPDATE SET song_id=EXCLUDED.song_id,popularity=EXCLUDED.popularity,date=EXCLUDED.date, parameters: ('5hM5arv9KDbCHS0k9uqwjr', 84, '2023-05-09')
[2023-05-09T19:26:40.448+0000] {sql.py:384} INFO - Rows affected: 1
[2023-05-09T19:26:40.454+0000] {base.py:73} INFO - Using connection ID '***' for task execution.
[2023-05-09T19:26:40.461+0000] {sql.py:375} INFO - Running statement: INSERT INTO song_fact (song_id,popularity,date) VALUES (%s,%s,%s) ON CONFLICT (song_id,date) DO UPDATE SET song_id=EXCLUDED.song_id,popularity=EXCLUDED.popularity,date=EXCLUDED.date, parameters: ('6jgkEbmQ2F2onEqsEhiliL', 82, '2023-05-09')
[2023-05-09T19:26:40.463+0000] {sql.py:384} INFO - Rows affected: 1
[2023-05-09T19:26:40.469+0000] {base.py:73} INFO - Using connection ID '***' for task execution.
[2023-05-09T19:26:40.475+0000] {sql.py:375} INFO - Running statement: INSERT INTO song_fact (song_id,popularity,date) VALUES (%s,%s,%s) ON CONFLICT (song_id,date) DO UPDATE SET song_id=EXCLUDED.song_id,popularity=EXCLUDED.popularity,date=EXCLUDED.date, parameters: ('65Wn0KpbPXTVLNQNEMtK1j', 0, '2023-05-09')
[2023-05-09T19:26:40.477+0000] {sql.py:384} INFO - Rows affected: 1
[2023-05-09T19:26:40.483+0000] {base.py:73} INFO - Using connection ID '***' for task execution.
[2023-05-09T19:26:40.489+0000] {sql.py:375} INFO - Running statement: INSERT INTO song_fact (song_id,popularity,date) VALUES (%s,%s,%s) ON CONFLICT (song_id,date) DO UPDATE SET song_id=EXCLUDED.song_id,popularity=EXCLUDED.popularity,date=EXCLUDED.date, parameters: ('4Q4jmPHwu0wrJvqrld0FQ6', 59, '2023-05-09')
[2023-05-09T19:26:40.491+0000] {sql.py:384} INFO - Rows affected: 1
[2023-05-09T19:26:40.497+0000] {base.py:73} INFO - Using connection ID '***' for task execution.
[2023-05-09T19:26:40.503+0000] {sql.py:375} INFO - Running statement: INSERT INTO song_fact (song_id,popularity,date) VALUES (%s,%s,%s) ON CONFLICT (song_id,date) DO UPDATE SET song_id=EXCLUDED.song_id,popularity=EXCLUDED.popularity,date=EXCLUDED.date, parameters: ('6UbNrW8X1v4oOR29vzSVqX', 68, '2023-05-09')
[2023-05-09T19:26:40.506+0000] {sql.py:384} INFO - Rows affected: 1
[2023-05-09T19:26:40.511+0000] {base.py:73} INFO - Using connection ID '***' for task execution.
[2023-05-09T19:26:40.520+0000] {sql.py:375} INFO - Running statement: INSERT INTO song_fact (song_id,popularity,date) VALUES (%s,%s,%s) ON CONFLICT (song_id,date) DO UPDATE SET song_id=EXCLUDED.song_id,popularity=EXCLUDED.popularity,date=EXCLUDED.date, parameters: ('21jGcNKet2qwijlDFuPiPb', 87, '2023-05-09')
[2023-05-09T19:26:40.522+0000] {sql.py:384} INFO - Rows affected: 1
[2023-05-09T19:26:40.528+0000] {base.py:73} INFO - Using connection ID '***' for task execution.
[2023-05-09T19:26:40.535+0000] {sql.py:375} INFO - Running statement: INSERT INTO song_fact (song_id,popularity,date) VALUES (%s,%s,%s) ON CONFLICT (song_id,date) DO UPDATE SET song_id=EXCLUDED.song_id,popularity=EXCLUDED.popularity,date=EXCLUDED.date, parameters: ('6zSpb8dQRaw0M1dK8PBwQz', 86, '2023-05-09')
[2023-05-09T19:26:40.537+0000] {sql.py:384} INFO - Rows affected: 1
[2023-05-09T19:26:40.543+0000] {base.py:73} INFO - Using connection ID '***' for task execution.
[2023-05-09T19:26:40.549+0000] {sql.py:375} INFO - Running statement: INSERT INTO song_fact (song_id,popularity,date) VALUES (%s,%s,%s) ON CONFLICT (song_id,date) DO UPDATE SET song_id=EXCLUDED.song_id,popularity=EXCLUDED.popularity,date=EXCLUDED.date, parameters: ('3jHdKaLCkuNEkWcLVmQPCX', 83, '2023-05-09')
[2023-05-09T19:26:40.551+0000] {sql.py:384} INFO - Rows affected: 1
[2023-05-09T19:26:40.559+0000] {base.py:73} INFO - Using connection ID '***' for task execution.
[2023-05-09T19:26:40.566+0000] {sql.py:375} INFO - Running statement: INSERT INTO song_fact (song_id,popularity,date) VALUES (%s,%s,%s) ON CONFLICT (song_id,date) DO UPDATE SET song_id=EXCLUDED.song_id,popularity=EXCLUDED.popularity,date=EXCLUDED.date, parameters: ('1ixbwbeBi5ufN4noUKmW5a', 78, '2023-05-09')
[2023-05-09T19:26:40.570+0000] {sql.py:384} INFO - Rows affected: 1
[2023-05-09T19:26:40.576+0000] {base.py:73} INFO - Using connection ID '***' for task execution.
[2023-05-09T19:26:40.584+0000] {sql.py:375} INFO - Running statement: INSERT INTO song_fact (song_id,popularity,date) VALUES (%s,%s,%s) ON CONFLICT (song_id,date) DO UPDATE SET song_id=EXCLUDED.song_id,popularity=EXCLUDED.popularity,date=EXCLUDED.date, parameters: ('0d2iYfpKoM0QCKvcLCkBao', 77, '2023-05-09')
[2023-05-09T19:26:40.587+0000] {sql.py:384} INFO - Rows affected: 1
[2023-05-09T19:26:40.593+0000] {base.py:73} INFO - Using connection ID '***' for task execution.
[2023-05-09T19:26:40.600+0000] {sql.py:375} INFO - Running statement: INSERT INTO song_fact (song_id,popularity,date) VALUES (%s,%s,%s) ON CONFLICT (song_id,date) DO UPDATE SET song_id=EXCLUDED.song_id,popularity=EXCLUDED.popularity,date=EXCLUDED.date, parameters: ('64lsIF5pw0sJY0gV5kz0RN', 13, '2023-05-09')
[2023-05-09T19:26:40.602+0000] {sql.py:384} INFO - Rows affected: 1
[2023-05-09T19:26:40.608+0000] {base.py:73} INFO - Using connection ID '***' for task execution.
[2023-05-09T19:26:40.616+0000] {sql.py:375} INFO - Running statement: INSERT INTO song_fact (song_id,popularity,date) VALUES (%s,%s,%s) ON CONFLICT (song_id,date) DO UPDATE SET song_id=EXCLUDED.song_id,popularity=EXCLUDED.popularity,date=EXCLUDED.date, parameters: ('55S2PQgSMYAhgoTCcGCDfw', 69, '2023-05-09')
[2023-05-09T19:26:40.619+0000] {sql.py:384} INFO - Rows affected: 1
[2023-05-09T19:26:40.625+0000] {base.py:73} INFO - Using connection ID '***' for task execution.
[2023-05-09T19:26:40.632+0000] {sql.py:375} INFO - Running statement: INSERT INTO song_fact (song_id,popularity,date) VALUES (%s,%s,%s) ON CONFLICT (song_id,date) DO UPDATE SET song_id=EXCLUDED.song_id,popularity=EXCLUDED.popularity,date=EXCLUDED.date, parameters: ('6xxG3HbexOhJKyiLmtUPhT', 66, '2023-05-09')
[2023-05-09T19:26:40.634+0000] {sql.py:384} INFO - Rows affected: 1
[2023-05-09T19:26:40.640+0000] {base.py:73} INFO - Using connection ID '***' for task execution.
[2023-05-09T19:26:40.646+0000] {sql.py:375} INFO - Running statement: INSERT INTO song_fact (song_id,popularity,date) VALUES (%s,%s,%s) ON CONFLICT (song_id,date) DO UPDATE SET song_id=EXCLUDED.song_id,popularity=EXCLUDED.popularity,date=EXCLUDED.date, parameters: ('3yfki4r5cgFA784trLoHnk', 75, '2023-05-09')
[2023-05-09T19:26:40.648+0000] {sql.py:384} INFO - Rows affected: 1
[2023-05-09T19:26:40.654+0000] {base.py:73} INFO - Using connection ID '***' for task execution.
[2023-05-09T19:26:40.661+0000] {sql.py:375} INFO - Running statement: INSERT INTO song_fact (song_id,popularity,date) VALUES (%s,%s,%s) ON CONFLICT (song_id,date) DO UPDATE SET song_id=EXCLUDED.song_id,popularity=EXCLUDED.popularity,date=EXCLUDED.date, parameters: ('6K4t31amVTZDgR3sKmwUJJ', 86, '2023-05-09')
[2023-05-09T19:26:40.664+0000] {sql.py:384} INFO - Rows affected: 1
[2023-05-09T19:26:40.670+0000] {base.py:73} INFO - Using connection ID '***' for task execution.
[2023-05-09T19:26:40.677+0000] {sql.py:375} INFO - Running statement: INSERT INTO song_fact (song_id,popularity,date) VALUES (%s,%s,%s) ON CONFLICT (song_id,date) DO UPDATE SET song_id=EXCLUDED.song_id,popularity=EXCLUDED.popularity,date=EXCLUDED.date, parameters: ('2iUmqdfGZcHIhS3b9E9EWq', 80, '2023-05-09')
[2023-05-09T19:26:40.679+0000] {sql.py:384} INFO - Rows affected: 1
[2023-05-09T19:26:40.685+0000] {base.py:73} INFO - Using connection ID '***' for task execution.
[2023-05-09T19:26:40.692+0000] {sql.py:375} INFO - Running statement: INSERT INTO song_fact (song_id,popularity,date) VALUES (%s,%s,%s) ON CONFLICT (song_id,date) DO UPDATE SET song_id=EXCLUDED.song_id,popularity=EXCLUDED.popularity,date=EXCLUDED.date, parameters: ('5eTaQYBE1yrActixMAeLcZ', 91, '2023-05-09')
[2023-05-09T19:26:40.695+0000] {sql.py:384} INFO - Rows affected: 1
[2023-05-09T19:26:40.702+0000] {base.py:73} INFO - Using connection ID '***' for task execution.
[2023-05-09T19:26:40.709+0000] {sql.py:375} INFO - Running statement: INSERT INTO song_fact (song_id,popularity,date) VALUES (%s,%s,%s) ON CONFLICT (song_id,date) DO UPDATE SET song_id=EXCLUDED.song_id,popularity=EXCLUDED.popularity,date=EXCLUDED.date, parameters: ('0GO8y8jQk1PkHzS31d699N', 80, '2023-05-09')
[2023-05-09T19:26:40.711+0000] {sql.py:384} INFO - Rows affected: 1
[2023-05-09T19:26:40.717+0000] {base.py:73} INFO - Using connection ID '***' for task execution.
[2023-05-09T19:26:40.726+0000] {sql.py:375} INFO - Running statement: INSERT INTO song_fact (song_id,popularity,date) VALUES (%s,%s,%s) ON CONFLICT (song_id,date) DO UPDATE SET song_id=EXCLUDED.song_id,popularity=EXCLUDED.popularity,date=EXCLUDED.date, parameters: ('1Cv1YLb4q0RzL6pybtaMLo', 77, '2023-05-09')
[2023-05-09T19:26:40.729+0000] {sql.py:384} INFO - Rows affected: 1
[2023-05-09T19:26:40.735+0000] {base.py:73} INFO - Using connection ID '***' for task execution.
[2023-05-09T19:26:40.742+0000] {sql.py:375} INFO - Running statement: INSERT INTO song_fact (song_id,popularity,date) VALUES (%s,%s,%s) ON CONFLICT (song_id,date) DO UPDATE SET song_id=EXCLUDED.song_id,popularity=EXCLUDED.popularity,date=EXCLUDED.date, parameters: ('0yLdNVWF3Srea0uzk55zFn', 98, '2023-05-09')
[2023-05-09T19:26:40.745+0000] {sql.py:384} INFO - Rows affected: 1
[2023-05-09T19:26:40.751+0000] {base.py:73} INFO - Using connection ID '***' for task execution.
[2023-05-09T19:26:40.760+0000] {sql.py:375} INFO - Running statement: INSERT INTO song_fact (song_id,popularity,date) VALUES (%s,%s,%s) ON CONFLICT (song_id,date) DO UPDATE SET song_id=EXCLUDED.song_id,popularity=EXCLUDED.popularity,date=EXCLUDED.date, parameters: ('7tr2za8SQg2CI8EDgrdtNl', 75, '2023-05-09')
[2023-05-09T19:26:40.762+0000] {sql.py:384} INFO - Rows affected: 1
[2023-05-09T19:26:40.768+0000] {base.py:73} INFO - Using connection ID '***' for task execution.
[2023-05-09T19:26:40.777+0000] {sql.py:375} INFO - Running statement: INSERT INTO song_fact (song_id,popularity,date) VALUES (%s,%s,%s) ON CONFLICT (song_id,date) DO UPDATE SET song_id=EXCLUDED.song_id,popularity=EXCLUDED.popularity,date=EXCLUDED.date, parameters: ('4h9wh7iOZ0GGn8QVp4RAOB', 93, '2023-05-09')
[2023-05-09T19:26:40.780+0000] {sql.py:384} INFO - Rows affected: 1
[2023-05-09T19:26:40.786+0000] {base.py:73} INFO - Using connection ID '***' for task execution.
[2023-05-09T19:26:40.794+0000] {sql.py:375} INFO - Running statement: INSERT INTO song_fact (song_id,popularity,date) VALUES (%s,%s,%s) ON CONFLICT (song_id,date) DO UPDATE SET song_id=EXCLUDED.song_id,popularity=EXCLUDED.popularity,date=EXCLUDED.date, parameters: ('1gihuPhrLraKYrJMAEONyc', 82, '2023-05-09')
[2023-05-09T19:26:40.797+0000] {sql.py:384} INFO - Rows affected: 1
[2023-05-09T19:26:40.803+0000] {base.py:73} INFO - Using connection ID '***' for task execution.
[2023-05-09T19:26:40.809+0000] {sql.py:375} INFO - Running statement: INSERT INTO song_fact (song_id,popularity,date) VALUES (%s,%s,%s) ON CONFLICT (song_id,date) DO UPDATE SET song_id=EXCLUDED.song_id,popularity=EXCLUDED.popularity,date=EXCLUDED.date, parameters: ('4h4QlmocP3IuwYEj2j14p8', 88, '2023-05-09')
[2023-05-09T19:26:40.812+0000] {sql.py:384} INFO - Rows affected: 1
[2023-05-09T19:26:40.813+0000] {python.py:183} INFO - Done. Returned value was: None
[2023-05-09T19:26:40.821+0000] {taskinstance.py:1373} INFO - Marking task as SUCCESS. dag_id=Summer_Warped_ETL, task_id=LoadData.LoadSongFact, execution_date=20230509T192539, start_date=20230509T192633, end_date=20230509T192640
[2023-05-09T19:26:40.880+0000] {local_task_job_runner.py:232} INFO - Task exited with return code 0
[2023-05-09T19:26:40.898+0000] {taskinstance.py:2674} INFO - 0 downstream tasks scheduled from follow-on schedule check
