[2023-05-08T16:25:42.648+0000] {taskinstance.py:1125} INFO - Dependencies all met for dep_context=non-requeueable deps ti=<TaskInstance: Summer_Warped_ETL.LoadData.LoadCalendar manual__2023-05-08T16:09:58.195696+00:00 [queued]>
[2023-05-08T16:25:42.654+0000] {taskinstance.py:1125} INFO - Dependencies all met for dep_context=requeueable deps ti=<TaskInstance: Summer_Warped_ETL.LoadData.LoadCalendar manual__2023-05-08T16:09:58.195696+00:00 [queued]>
[2023-05-08T16:25:42.654+0000] {taskinstance.py:1331} INFO - Starting attempt 3 of 5
[2023-05-08T16:25:42.662+0000] {taskinstance.py:1350} INFO - Executing <Task(PostgresOperator): LoadData.LoadCalendar> on 2023-05-08 16:09:58.195696+00:00
[2023-05-08T16:25:42.668+0000] {standard_task_runner.py:57} INFO - Started process 1338 to run task
[2023-05-08T16:25:42.672+0000] {standard_task_runner.py:84} INFO - Running: ['***', 'tasks', 'run', 'Summer_Warped_ETL', 'LoadData.LoadCalendar', 'manual__2023-05-08T16:09:58.195696+00:00', '--job-id', '2526', '--raw', '--subdir', 'DAGS_FOLDER/warped-dag.py', '--cfg-path', '/tmp/tmp0efzoxih']
[2023-05-08T16:25:42.673+0000] {standard_task_runner.py:85} INFO - Job 2526: Subtask LoadData.LoadCalendar
[2023-05-08T16:25:42.713+0000] {task_command.py:410} INFO - Running <TaskInstance: Summer_Warped_ETL.LoadData.LoadCalendar manual__2023-05-08T16:09:58.195696+00:00 [running]> on host 7b4753e133cb
[2023-05-08T16:25:42.776+0000] {taskinstance.py:1570} INFO - Exporting env vars: AIRFLOW_CTX_DAG_OWNER='Ananta Moharana' AIRFLOW_CTX_DAG_ID='Summer_Warped_ETL' AIRFLOW_CTX_TASK_ID='LoadData.LoadCalendar' AIRFLOW_CTX_EXECUTION_DATE='2023-05-08T16:09:58.195696+00:00' AIRFLOW_CTX_TRY_NUMBER='3' AIRFLOW_CTX_DAG_RUN_ID='manual__2023-05-08T16:09:58.195696+00:00'
[2023-05-08T16:25:42.778+0000] {sql.py:262} INFO - Executing: 
                INSERT INTO calendar (date, month, monthname,dayofmonth,dayofweek,dayname,quarter)
                VALUES ('2023-05-08', 5, 'May',8,0,'Monday',2)
                ON CONFLICT (date) DO NOTHING;
                 
[2023-05-08T16:25:42.786+0000] {base.py:73} INFO - Using connection ID '***' for task execution.
[2023-05-08T16:25:42.827+0000] {base.py:73} INFO - Using connection ID '***' for task execution.
[2023-05-08T16:25:42.835+0000] {sql.py:375} INFO - Running statement: 
                INSERT INTO calendar (date, month, monthname,dayofmonth,dayofweek,dayname,quarter)
                VALUES ('2023-05-08', 5, 'May',8,0,'Monday',2)
                ON CONFLICT (date) DO NOTHING;
                 , parameters: None
[2023-05-08T16:25:42.836+0000] {sql.py:384} INFO - Rows affected: 0
[2023-05-08T16:25:42.845+0000] {taskinstance.py:1373} INFO - Marking task as SUCCESS. dag_id=Summer_Warped_ETL, task_id=LoadData.LoadCalendar, execution_date=20230508T160958, start_date=20230508T162542, end_date=20230508T162542
[2023-05-08T16:25:42.883+0000] {local_task_job_runner.py:232} INFO - Task exited with return code 0
[2023-05-08T16:25:42.903+0000] {taskinstance.py:2674} INFO - 1 downstream tasks scheduled from follow-on schedule check
