[2023-05-08T18:04:59.147+0000] {taskinstance.py:1125} INFO - Dependencies all met for dep_context=non-requeueable deps ti=<TaskInstance: Summer_Warped_ETL.LoadData.LoadCalendar manual__2023-05-08T16:09:58.195696+00:00 [queued]>
[2023-05-08T18:04:59.152+0000] {taskinstance.py:1125} INFO - Dependencies all met for dep_context=requeueable deps ti=<TaskInstance: Summer_Warped_ETL.LoadData.LoadCalendar manual__2023-05-08T16:09:58.195696+00:00 [queued]>
[2023-05-08T18:04:59.153+0000] {taskinstance.py:1331} INFO - Starting attempt 5 of 7
[2023-05-08T18:04:59.161+0000] {taskinstance.py:1350} INFO - Executing <Task(PostgresOperator): LoadData.LoadCalendar> on 2023-05-08 16:09:58.195696+00:00
[2023-05-08T18:04:59.166+0000] {standard_task_runner.py:57} INFO - Started process 3345 to run task
[2023-05-08T18:04:59.171+0000] {standard_task_runner.py:84} INFO - Running: ['***', 'tasks', 'run', 'Summer_Warped_ETL', 'LoadData.LoadCalendar', 'manual__2023-05-08T16:09:58.195696+00:00', '--job-id', '2605', '--raw', '--subdir', 'DAGS_FOLDER/warped-dag.py', '--cfg-path', '/tmp/tmpew56zze1']
[2023-05-08T18:04:59.171+0000] {standard_task_runner.py:85} INFO - Job 2605: Subtask LoadData.LoadCalendar
[2023-05-08T18:04:59.217+0000] {task_command.py:410} INFO - Running <TaskInstance: Summer_Warped_ETL.LoadData.LoadCalendar manual__2023-05-08T16:09:58.195696+00:00 [running]> on host 7b4753e133cb
[2023-05-08T18:04:59.279+0000] {taskinstance.py:1570} INFO - Exporting env vars: AIRFLOW_CTX_DAG_OWNER='Ananta Moharana' AIRFLOW_CTX_DAG_ID='Summer_Warped_ETL' AIRFLOW_CTX_TASK_ID='LoadData.LoadCalendar' AIRFLOW_CTX_EXECUTION_DATE='2023-05-08T16:09:58.195696+00:00' AIRFLOW_CTX_TRY_NUMBER='5' AIRFLOW_CTX_DAG_RUN_ID='manual__2023-05-08T16:09:58.195696+00:00'
[2023-05-08T18:04:59.281+0000] {sql.py:262} INFO - Executing: 
                INSERT INTO calendar (date, month, monthname,dayofmonth,dayofweek,dayname,quarter)
                VALUES ('2023-05-08', 5, 'May',8,0,'Monday',2)
                ON CONFLICT (date) DO NOTHING;
                 
[2023-05-08T18:04:59.288+0000] {base.py:73} INFO - Using connection ID '***' for task execution.
[2023-05-08T18:04:59.340+0000] {base.py:73} INFO - Using connection ID '***' for task execution.
[2023-05-08T18:04:59.348+0000] {sql.py:375} INFO - Running statement: 
                INSERT INTO calendar (date, month, monthname,dayofmonth,dayofweek,dayname,quarter)
                VALUES ('2023-05-08', 5, 'May',8,0,'Monday',2)
                ON CONFLICT (date) DO NOTHING;
                 , parameters: None
[2023-05-08T18:04:59.351+0000] {sql.py:384} INFO - Rows affected: 0
[2023-05-08T18:04:59.360+0000] {taskinstance.py:1373} INFO - Marking task as SUCCESS. dag_id=Summer_Warped_ETL, task_id=LoadData.LoadCalendar, execution_date=20230508T160958, start_date=20230508T180459, end_date=20230508T180459
[2023-05-08T18:04:59.381+0000] {local_task_job_runner.py:232} INFO - Task exited with return code 0
[2023-05-08T18:04:59.406+0000] {taskinstance.py:2674} INFO - 1 downstream tasks scheduled from follow-on schedule check
