[2023-05-09T16:36:40.907+0000] {taskinstance.py:1125} INFO - Dependencies all met for dep_context=non-requeueable deps ti=<TaskInstance: Summer_Warped_ETL.LoadData.LoadArtistFact manual__2023-05-09T16:35:47.043294+00:00 [queued]>
[2023-05-09T16:36:40.912+0000] {taskinstance.py:1125} INFO - Dependencies all met for dep_context=requeueable deps ti=<TaskInstance: Summer_Warped_ETL.LoadData.LoadArtistFact manual__2023-05-09T16:35:47.043294+00:00 [queued]>
[2023-05-09T16:36:40.913+0000] {taskinstance.py:1331} INFO - Starting attempt 1 of 3
[2023-05-09T16:36:40.920+0000] {taskinstance.py:1350} INFO - Executing <Task(PythonOperator): LoadData.LoadArtistFact> on 2023-05-09 16:35:47.043294+00:00
[2023-05-09T16:36:40.924+0000] {standard_task_runner.py:57} INFO - Started process 247 to run task
[2023-05-09T16:36:40.928+0000] {standard_task_runner.py:84} INFO - Running: ['***', 'tasks', 'run', 'Summer_Warped_ETL', 'LoadData.LoadArtistFact', 'manual__2023-05-09T16:35:47.043294+00:00', '--job-id', '2834', '--raw', '--subdir', 'DAGS_FOLDER/warped-dag.py', '--cfg-path', '/tmp/tmpb5vm3lnw']
[2023-05-09T16:36:40.929+0000] {standard_task_runner.py:85} INFO - Job 2834: Subtask LoadData.LoadArtistFact
[2023-05-09T16:36:40.962+0000] {task_command.py:410} INFO - Running <TaskInstance: Summer_Warped_ETL.LoadData.LoadArtistFact manual__2023-05-09T16:35:47.043294+00:00 [running]> on host 544e3a3b1eb2
[2023-05-09T16:36:41.013+0000] {taskinstance.py:1570} INFO - Exporting env vars: AIRFLOW_CTX_DAG_OWNER='Ananta Moharana' AIRFLOW_CTX_DAG_ID='Summer_Warped_ETL' AIRFLOW_CTX_TASK_ID='LoadData.LoadArtistFact' AIRFLOW_CTX_EXECUTION_DATE='2023-05-09T16:35:47.043294+00:00' AIRFLOW_CTX_TRY_NUMBER='1' AIRFLOW_CTX_DAG_RUN_ID='manual__2023-05-09T16:35:47.043294+00:00'
[2023-05-09T16:36:41.015+0000] {logging_mixin.py:149} INFO - 2023-05/artist_fact.csv
[2023-05-09T16:36:41.022+0000] {base.py:73} INFO - Using connection ID 'aws_connection' for task execution.
[2023-05-09T16:36:41.023+0000] {connection_wrapper.py:337} INFO - AWS Connection (conn_id='aws_connection', conn_type='aws') credentials retrieved from login and password.
[2023-05-09T16:36:41.206+0000] {logging_mixin.py:149} INFO -                 artist_id  followers  popularity        date
0  5aTRa02UP1y6PW5klZiTt0      15174          40  2023-05-09
1  3XOHHfvBYKCMo1h0DFY27z       5496          36  2023-05-09
2  1trffosn0Alk3IlloOD5O8      16995          44  2023-05-09
3  04ei5kNgmDuNAydFhhIHnD     362020          58  2023-05-09
4  4kqFrZkeqDfOIEqTWqbOOV     193943          61  2023-05-09
[2023-05-09T16:36:41.206+0000] {logging_mixin.py:149} INFO - INSERT INTO artist_fact (artist_id,followers,popularity,date) VALUES (%s,%s,%s,%s) ON CONFLICT (artist_id,date) DO UPDATE SET artist_id=EXCLUDED.artist_id,followers=EXCLUDED.followers,popularity=EXCLUDED.popularity,date=EXCLUDED.date
[2023-05-09T16:36:41.214+0000] {base.py:73} INFO - Using connection ID '***' for task execution.
[2023-05-09T16:36:41.221+0000] {sql.py:375} INFO - Running statement: INSERT INTO artist_fact (artist_id,followers,popularity,date) VALUES (%s,%s,%s,%s) ON CONFLICT (artist_id,date) DO UPDATE SET artist_id=EXCLUDED.artist_id,followers=EXCLUDED.followers,popularity=EXCLUDED.popularity,date=EXCLUDED.date, parameters: ('5aTRa02UP1y6PW5klZiTt0', 15174, 40, '2023-05-09')
[2023-05-09T16:36:41.223+0000] {sql.py:384} INFO - Rows affected: 1
[2023-05-09T16:36:41.228+0000] {base.py:73} INFO - Using connection ID '***' for task execution.
[2023-05-09T16:36:41.235+0000] {sql.py:375} INFO - Running statement: INSERT INTO artist_fact (artist_id,followers,popularity,date) VALUES (%s,%s,%s,%s) ON CONFLICT (artist_id,date) DO UPDATE SET artist_id=EXCLUDED.artist_id,followers=EXCLUDED.followers,popularity=EXCLUDED.popularity,date=EXCLUDED.date, parameters: ('3XOHHfvBYKCMo1h0DFY27z', 5496, 36, '2023-05-09')
[2023-05-09T16:36:41.237+0000] {sql.py:384} INFO - Rows affected: 1
[2023-05-09T16:36:41.243+0000] {base.py:73} INFO - Using connection ID '***' for task execution.
[2023-05-09T16:36:41.250+0000] {sql.py:375} INFO - Running statement: INSERT INTO artist_fact (artist_id,followers,popularity,date) VALUES (%s,%s,%s,%s) ON CONFLICT (artist_id,date) DO UPDATE SET artist_id=EXCLUDED.artist_id,followers=EXCLUDED.followers,popularity=EXCLUDED.popularity,date=EXCLUDED.date, parameters: ('1trffosn0Alk3IlloOD5O8', 16995, 44, '2023-05-09')
[2023-05-09T16:36:41.252+0000] {sql.py:384} INFO - Rows affected: 1
[2023-05-09T16:36:41.259+0000] {base.py:73} INFO - Using connection ID '***' for task execution.
[2023-05-09T16:36:41.265+0000] {sql.py:375} INFO - Running statement: INSERT INTO artist_fact (artist_id,followers,popularity,date) VALUES (%s,%s,%s,%s) ON CONFLICT (artist_id,date) DO UPDATE SET artist_id=EXCLUDED.artist_id,followers=EXCLUDED.followers,popularity=EXCLUDED.popularity,date=EXCLUDED.date, parameters: ('04ei5kNgmDuNAydFhhIHnD', 362020, 58, '2023-05-09')
[2023-05-09T16:36:41.267+0000] {sql.py:384} INFO - Rows affected: 1
[2023-05-09T16:36:41.274+0000] {base.py:73} INFO - Using connection ID '***' for task execution.
[2023-05-09T16:36:41.281+0000] {sql.py:375} INFO - Running statement: INSERT INTO artist_fact (artist_id,followers,popularity,date) VALUES (%s,%s,%s,%s) ON CONFLICT (artist_id,date) DO UPDATE SET artist_id=EXCLUDED.artist_id,followers=EXCLUDED.followers,popularity=EXCLUDED.popularity,date=EXCLUDED.date, parameters: ('4kqFrZkeqDfOIEqTWqbOOV', 193943, 61, '2023-05-09')
[2023-05-09T16:36:41.283+0000] {sql.py:384} INFO - Rows affected: 1
[2023-05-09T16:36:41.290+0000] {base.py:73} INFO - Using connection ID '***' for task execution.
[2023-05-09T16:36:41.300+0000] {sql.py:375} INFO - Running statement: INSERT INTO artist_fact (artist_id,followers,popularity,date) VALUES (%s,%s,%s,%s) ON CONFLICT (artist_id,date) DO UPDATE SET artist_id=EXCLUDED.artist_id,followers=EXCLUDED.followers,popularity=EXCLUDED.popularity,date=EXCLUDED.date, parameters: ('0WvTK38rXqPCD5pZMDuX20', 207485, 52, '2023-05-09')
[2023-05-09T16:36:41.303+0000] {sql.py:384} INFO - Rows affected: 1
[2023-05-09T16:36:41.310+0000] {base.py:73} INFO - Using connection ID '***' for task execution.
[2023-05-09T16:36:41.319+0000] {sql.py:375} INFO - Running statement: INSERT INTO artist_fact (artist_id,followers,popularity,date) VALUES (%s,%s,%s,%s) ON CONFLICT (artist_id,date) DO UPDATE SET artist_id=EXCLUDED.artist_id,followers=EXCLUDED.followers,popularity=EXCLUDED.popularity,date=EXCLUDED.date, parameters: ('3hOdow4ZPmrby7Q1wfPLEy', 331980, 61, '2023-05-09')
[2023-05-09T16:36:41.321+0000] {sql.py:384} INFO - Rows affected: 1
[2023-05-09T16:36:41.331+0000] {base.py:73} INFO - Using connection ID '***' for task execution.
[2023-05-09T16:36:41.339+0000] {sql.py:375} INFO - Running statement: INSERT INTO artist_fact (artist_id,followers,popularity,date) VALUES (%s,%s,%s,%s) ON CONFLICT (artist_id,date) DO UPDATE SET artist_id=EXCLUDED.artist_id,followers=EXCLUDED.followers,popularity=EXCLUDED.popularity,date=EXCLUDED.date, parameters: ('7eRBEVzcZk4XyIdF0Btfg4', 2518, 31, '2023-05-09')
[2023-05-09T16:36:41.340+0000] {sql.py:384} INFO - Rows affected: 1
[2023-05-09T16:36:41.347+0000] {base.py:73} INFO - Using connection ID '***' for task execution.
[2023-05-09T16:36:41.356+0000] {sql.py:375} INFO - Running statement: INSERT INTO artist_fact (artist_id,followers,popularity,date) VALUES (%s,%s,%s,%s) ON CONFLICT (artist_id,date) DO UPDATE SET artist_id=EXCLUDED.artist_id,followers=EXCLUDED.followers,popularity=EXCLUDED.popularity,date=EXCLUDED.date, parameters: ('3Ae7AQITxFS0r3yGQHYDJI', 2104, 25, '2023-05-09')
[2023-05-09T16:36:41.358+0000] {sql.py:384} INFO - Rows affected: 1
[2023-05-09T16:36:41.365+0000] {base.py:73} INFO - Using connection ID '***' for task execution.
[2023-05-09T16:36:41.372+0000] {sql.py:375} INFO - Running statement: INSERT INTO artist_fact (artist_id,followers,popularity,date) VALUES (%s,%s,%s,%s) ON CONFLICT (artist_id,date) DO UPDATE SET artist_id=EXCLUDED.artist_id,followers=EXCLUDED.followers,popularity=EXCLUDED.popularity,date=EXCLUDED.date, parameters: ('7C4ztJMkuGRy0qkU6dG5hU', 26338, 39, '2023-05-09')
[2023-05-09T16:36:41.374+0000] {sql.py:384} INFO - Rows affected: 1
[2023-05-09T16:36:41.382+0000] {base.py:73} INFO - Using connection ID '***' for task execution.
[2023-05-09T16:36:41.390+0000] {sql.py:375} INFO - Running statement: INSERT INTO artist_fact (artist_id,followers,popularity,date) VALUES (%s,%s,%s,%s) ON CONFLICT (artist_id,date) DO UPDATE SET artist_id=EXCLUDED.artist_id,followers=EXCLUDED.followers,popularity=EXCLUDED.popularity,date=EXCLUDED.date, parameters: ('0vUk0rbl0BkFjmeFvjOvoj', 719, 18, '2023-05-09')
[2023-05-09T16:36:41.392+0000] {sql.py:384} INFO - Rows affected: 1
[2023-05-09T16:36:41.399+0000] {base.py:73} INFO - Using connection ID '***' for task execution.
[2023-05-09T16:36:41.408+0000] {sql.py:375} INFO - Running statement: INSERT INTO artist_fact (artist_id,followers,popularity,date) VALUES (%s,%s,%s,%s) ON CONFLICT (artist_id,date) DO UPDATE SET artist_id=EXCLUDED.artist_id,followers=EXCLUDED.followers,popularity=EXCLUDED.popularity,date=EXCLUDED.date, parameters: ('2cFrymmkijnjDg9SS92EPM', 4855844, 78, '2023-05-09')
[2023-05-09T16:36:41.410+0000] {sql.py:384} INFO - Rows affected: 1
[2023-05-09T16:36:41.418+0000] {base.py:73} INFO - Using connection ID '***' for task execution.
[2023-05-09T16:36:41.425+0000] {sql.py:375} INFO - Running statement: INSERT INTO artist_fact (artist_id,followers,popularity,date) VALUES (%s,%s,%s,%s) ON CONFLICT (artist_id,date) DO UPDATE SET artist_id=EXCLUDED.artist_id,followers=EXCLUDED.followers,popularity=EXCLUDED.popularity,date=EXCLUDED.date, parameters: ('3Ps6le7tj5BdNtdnfNgTU4', 290897, 52, '2023-05-09')
[2023-05-09T16:36:41.427+0000] {sql.py:384} INFO - Rows affected: 1
[2023-05-09T16:36:41.434+0000] {base.py:73} INFO - Using connection ID '***' for task execution.
[2023-05-09T16:36:41.442+0000] {sql.py:375} INFO - Running statement: INSERT INTO artist_fact (artist_id,followers,popularity,date) VALUES (%s,%s,%s,%s) ON CONFLICT (artist_id,date) DO UPDATE SET artist_id=EXCLUDED.artist_id,followers=EXCLUDED.followers,popularity=EXCLUDED.popularity,date=EXCLUDED.date, parameters: ('2QuPPChZpqAai29uqulNFe', 3660, 33, '2023-05-09')
[2023-05-09T16:36:41.443+0000] {sql.py:384} INFO - Rows affected: 1
[2023-05-09T16:36:41.450+0000] {base.py:73} INFO - Using connection ID '***' for task execution.
[2023-05-09T16:36:41.458+0000] {sql.py:375} INFO - Running statement: INSERT INTO artist_fact (artist_id,followers,popularity,date) VALUES (%s,%s,%s,%s) ON CONFLICT (artist_id,date) DO UPDATE SET artist_id=EXCLUDED.artist_id,followers=EXCLUDED.followers,popularity=EXCLUDED.popularity,date=EXCLUDED.date, parameters: ('5ZPYeVqoWNuukwfarvkyJX', 22564, 37, '2023-05-09')
[2023-05-09T16:36:41.460+0000] {sql.py:384} INFO - Rows affected: 1
[2023-05-09T16:36:41.467+0000] {base.py:73} INFO - Using connection ID '***' for task execution.
[2023-05-09T16:36:41.475+0000] {sql.py:375} INFO - Running statement: INSERT INTO artist_fact (artist_id,followers,popularity,date) VALUES (%s,%s,%s,%s) ON CONFLICT (artist_id,date) DO UPDATE SET artist_id=EXCLUDED.artist_id,followers=EXCLUDED.followers,popularity=EXCLUDED.popularity,date=EXCLUDED.date, parameters: ('0BxHc5dN9BSfLZ8PCch9wT', 3910, 23, '2023-05-09')
[2023-05-09T16:36:41.477+0000] {sql.py:384} INFO - Rows affected: 1
[2023-05-09T16:36:41.484+0000] {base.py:73} INFO - Using connection ID '***' for task execution.
[2023-05-09T16:36:41.492+0000] {sql.py:375} INFO - Running statement: INSERT INTO artist_fact (artist_id,followers,popularity,date) VALUES (%s,%s,%s,%s) ON CONFLICT (artist_id,date) DO UPDATE SET artist_id=EXCLUDED.artist_id,followers=EXCLUDED.followers,popularity=EXCLUDED.popularity,date=EXCLUDED.date, parameters: ('1iT8Vbd7KhZiBji3G72zDW', 3627, 24, '2023-05-09')
[2023-05-09T16:36:41.494+0000] {sql.py:384} INFO - Rows affected: 1
[2023-05-09T16:36:41.501+0000] {base.py:73} INFO - Using connection ID '***' for task execution.
[2023-05-09T16:36:41.508+0000] {sql.py:375} INFO - Running statement: INSERT INTO artist_fact (artist_id,followers,popularity,date) VALUES (%s,%s,%s,%s) ON CONFLICT (artist_id,date) DO UPDATE SET artist_id=EXCLUDED.artist_id,followers=EXCLUDED.followers,popularity=EXCLUDED.popularity,date=EXCLUDED.date, parameters: ('4cJKDGSv4Dz9QycXYmo565', 231250, 63, '2023-05-09')
[2023-05-09T16:36:41.510+0000] {sql.py:384} INFO - Rows affected: 1
[2023-05-09T16:36:41.517+0000] {base.py:73} INFO - Using connection ID '***' for task execution.
[2023-05-09T16:36:41.524+0000] {sql.py:375} INFO - Running statement: INSERT INTO artist_fact (artist_id,followers,popularity,date) VALUES (%s,%s,%s,%s) ON CONFLICT (artist_id,date) DO UPDATE SET artist_id=EXCLUDED.artist_id,followers=EXCLUDED.followers,popularity=EXCLUDED.popularity,date=EXCLUDED.date, parameters: ('0UENogXhLeGTZjub4eejjX', 4963, 39, '2023-05-09')
[2023-05-09T16:36:41.526+0000] {sql.py:384} INFO - Rows affected: 1
[2023-05-09T16:36:41.533+0000] {base.py:73} INFO - Using connection ID '***' for task execution.
[2023-05-09T16:36:41.540+0000] {sql.py:375} INFO - Running statement: INSERT INTO artist_fact (artist_id,followers,popularity,date) VALUES (%s,%s,%s,%s) ON CONFLICT (artist_id,date) DO UPDATE SET artist_id=EXCLUDED.artist_id,followers=EXCLUDED.followers,popularity=EXCLUDED.popularity,date=EXCLUDED.date, parameters: ('7b2FbxYmnpGMPqDe04QmyP', 33221, 46, '2023-05-09')
[2023-05-09T16:36:41.542+0000] {sql.py:384} INFO - Rows affected: 1
[2023-05-09T16:36:41.548+0000] {base.py:73} INFO - Using connection ID '***' for task execution.
[2023-05-09T16:36:41.555+0000] {sql.py:375} INFO - Running statement: INSERT INTO artist_fact (artist_id,followers,popularity,date) VALUES (%s,%s,%s,%s) ON CONFLICT (artist_id,date) DO UPDATE SET artist_id=EXCLUDED.artist_id,followers=EXCLUDED.followers,popularity=EXCLUDED.popularity,date=EXCLUDED.date, parameters: ('2anlj4dNUn9I1VxxmjRHRx', 12615, 44, '2023-05-09')
[2023-05-09T16:36:41.556+0000] {sql.py:384} INFO - Rows affected: 1
[2023-05-09T16:36:41.563+0000] {base.py:73} INFO - Using connection ID '***' for task execution.
[2023-05-09T16:36:41.570+0000] {sql.py:375} INFO - Running statement: INSERT INTO artist_fact (artist_id,followers,popularity,date) VALUES (%s,%s,%s,%s) ON CONFLICT (artist_id,date) DO UPDATE SET artist_id=EXCLUDED.artist_id,followers=EXCLUDED.followers,popularity=EXCLUDED.popularity,date=EXCLUDED.date, parameters: ('4FI4qPOnjt3D8DnJQrNWps', 8, 0, '2023-05-09')
[2023-05-09T16:36:41.572+0000] {sql.py:384} INFO - Rows affected: 1
[2023-05-09T16:36:41.579+0000] {base.py:73} INFO - Using connection ID '***' for task execution.
[2023-05-09T16:36:41.586+0000] {sql.py:375} INFO - Running statement: INSERT INTO artist_fact (artist_id,followers,popularity,date) VALUES (%s,%s,%s,%s) ON CONFLICT (artist_id,date) DO UPDATE SET artist_id=EXCLUDED.artist_id,followers=EXCLUDED.followers,popularity=EXCLUDED.popularity,date=EXCLUDED.date, parameters: ('5uLkZ7FWMTBUg1corQqdkR', 502311, 60, '2023-05-09')
[2023-05-09T16:36:41.588+0000] {sql.py:384} INFO - Rows affected: 1
[2023-05-09T16:36:41.595+0000] {base.py:73} INFO - Using connection ID '***' for task execution.
[2023-05-09T16:36:41.601+0000] {sql.py:375} INFO - Running statement: INSERT INTO artist_fact (artist_id,followers,popularity,date) VALUES (%s,%s,%s,%s) ON CONFLICT (artist_id,date) DO UPDATE SET artist_id=EXCLUDED.artist_id,followers=EXCLUDED.followers,popularity=EXCLUDED.popularity,date=EXCLUDED.date, parameters: ('0ILo2K3FmfIh4ICcbHE7RK', 30166, 52, '2023-05-09')
[2023-05-09T16:36:41.603+0000] {sql.py:384} INFO - Rows affected: 1
[2023-05-09T16:36:41.609+0000] {base.py:73} INFO - Using connection ID '***' for task execution.
[2023-05-09T16:36:41.616+0000] {sql.py:375} INFO - Running statement: INSERT INTO artist_fact (artist_id,followers,popularity,date) VALUES (%s,%s,%s,%s) ON CONFLICT (artist_id,date) DO UPDATE SET artist_id=EXCLUDED.artist_id,followers=EXCLUDED.followers,popularity=EXCLUDED.popularity,date=EXCLUDED.date, parameters: ('0r7PsZB4ePA6vHrW4agoGN', 30038, 28, '2023-05-09')
[2023-05-09T16:36:41.617+0000] {sql.py:384} INFO - Rows affected: 1
[2023-05-09T16:36:41.624+0000] {base.py:73} INFO - Using connection ID '***' for task execution.
[2023-05-09T16:36:41.631+0000] {sql.py:375} INFO - Running statement: INSERT INTO artist_fact (artist_id,followers,popularity,date) VALUES (%s,%s,%s,%s) ON CONFLICT (artist_id,date) DO UPDATE SET artist_id=EXCLUDED.artist_id,followers=EXCLUDED.followers,popularity=EXCLUDED.popularity,date=EXCLUDED.date, parameters: ('1PpFka2STGQ57kJcgYBgEF', 18135, 41, '2023-05-09')
[2023-05-09T16:36:41.633+0000] {sql.py:384} INFO - Rows affected: 1
[2023-05-09T16:36:41.640+0000] {base.py:73} INFO - Using connection ID '***' for task execution.
[2023-05-09T16:36:41.647+0000] {sql.py:375} INFO - Running statement: INSERT INTO artist_fact (artist_id,followers,popularity,date) VALUES (%s,%s,%s,%s) ON CONFLICT (artist_id,date) DO UPDATE SET artist_id=EXCLUDED.artist_id,followers=EXCLUDED.followers,popularity=EXCLUDED.popularity,date=EXCLUDED.date, parameters: ('6YxrfNCKBcQlbITpmDLErL', 104179, 54, '2023-05-09')
[2023-05-09T16:36:41.648+0000] {sql.py:384} INFO - Rows affected: 1
[2023-05-09T16:36:41.655+0000] {base.py:73} INFO - Using connection ID '***' for task execution.
[2023-05-09T16:36:41.662+0000] {sql.py:375} INFO - Running statement: INSERT INTO artist_fact (artist_id,followers,popularity,date) VALUES (%s,%s,%s,%s) ON CONFLICT (artist_id,date) DO UPDATE SET artist_id=EXCLUDED.artist_id,followers=EXCLUDED.followers,popularity=EXCLUDED.popularity,date=EXCLUDED.date, parameters: ('2R2Yg2qPloNOTOfqxfXX7l', 20622, 44, '2023-05-09')
[2023-05-09T16:36:41.664+0000] {sql.py:384} INFO - Rows affected: 1
[2023-05-09T16:36:41.671+0000] {base.py:73} INFO - Using connection ID '***' for task execution.
[2023-05-09T16:36:41.677+0000] {sql.py:375} INFO - Running statement: INSERT INTO artist_fact (artist_id,followers,popularity,date) VALUES (%s,%s,%s,%s) ON CONFLICT (artist_id,date) DO UPDATE SET artist_id=EXCLUDED.artist_id,followers=EXCLUDED.followers,popularity=EXCLUDED.popularity,date=EXCLUDED.date, parameters: ('4yOY5zmuuTlS1DbG3yZGki', 20, 38, '2023-05-09')
[2023-05-09T16:36:41.679+0000] {sql.py:384} INFO - Rows affected: 1
[2023-05-09T16:36:41.686+0000] {base.py:73} INFO - Using connection ID '***' for task execution.
[2023-05-09T16:36:41.692+0000] {sql.py:375} INFO - Running statement: INSERT INTO artist_fact (artist_id,followers,popularity,date) VALUES (%s,%s,%s,%s) ON CONFLICT (artist_id,date) DO UPDATE SET artist_id=EXCLUDED.artist_id,followers=EXCLUDED.followers,popularity=EXCLUDED.popularity,date=EXCLUDED.date, parameters: ('7iVscW49OWowl9SoLmWzfy', 11647, 44, '2023-05-09')
[2023-05-09T16:36:41.694+0000] {sql.py:384} INFO - Rows affected: 1
[2023-05-09T16:36:41.700+0000] {base.py:73} INFO - Using connection ID '***' for task execution.
[2023-05-09T16:36:41.707+0000] {sql.py:375} INFO - Running statement: INSERT INTO artist_fact (artist_id,followers,popularity,date) VALUES (%s,%s,%s,%s) ON CONFLICT (artist_id,date) DO UPDATE SET artist_id=EXCLUDED.artist_id,followers=EXCLUDED.followers,popularity=EXCLUDED.popularity,date=EXCLUDED.date, parameters: ('6c0lj01vVpHsCH7Z5CfJ9K', 80750, 48, '2023-05-09')
[2023-05-09T16:36:41.709+0000] {sql.py:384} INFO - Rows affected: 1
[2023-05-09T16:36:41.717+0000] {base.py:73} INFO - Using connection ID '***' for task execution.
[2023-05-09T16:36:41.723+0000] {sql.py:375} INFO - Running statement: INSERT INTO artist_fact (artist_id,followers,popularity,date) VALUES (%s,%s,%s,%s) ON CONFLICT (artist_id,date) DO UPDATE SET artist_id=EXCLUDED.artist_id,followers=EXCLUDED.followers,popularity=EXCLUDED.popularity,date=EXCLUDED.date, parameters: ('4tjqHer0BFQbJ1FVyWhffM', 33195, 49, '2023-05-09')
[2023-05-09T16:36:41.725+0000] {sql.py:384} INFO - Rows affected: 1
[2023-05-09T16:36:41.732+0000] {base.py:73} INFO - Using connection ID '***' for task execution.
[2023-05-09T16:36:41.739+0000] {sql.py:375} INFO - Running statement: INSERT INTO artist_fact (artist_id,followers,popularity,date) VALUES (%s,%s,%s,%s) ON CONFLICT (artist_id,date) DO UPDATE SET artist_id=EXCLUDED.artist_id,followers=EXCLUDED.followers,popularity=EXCLUDED.popularity,date=EXCLUDED.date, parameters: ('63CZNEytugjFnZBdjBmWc8', 27353, 49, '2023-05-09')
[2023-05-09T16:36:41.741+0000] {sql.py:384} INFO - Rows affected: 1
[2023-05-09T16:36:41.748+0000] {base.py:73} INFO - Using connection ID '***' for task execution.
[2023-05-09T16:36:41.755+0000] {sql.py:375} INFO - Running statement: INSERT INTO artist_fact (artist_id,followers,popularity,date) VALUES (%s,%s,%s,%s) ON CONFLICT (artist_id,date) DO UPDATE SET artist_id=EXCLUDED.artist_id,followers=EXCLUDED.followers,popularity=EXCLUDED.popularity,date=EXCLUDED.date, parameters: ('0be7y7HUvSBf8uG1X7pK8f', 16927, 43, '2023-05-09')
[2023-05-09T16:36:41.757+0000] {sql.py:384} INFO - Rows affected: 1
[2023-05-09T16:36:41.763+0000] {base.py:73} INFO - Using connection ID '***' for task execution.
[2023-05-09T16:36:41.770+0000] {sql.py:375} INFO - Running statement: INSERT INTO artist_fact (artist_id,followers,popularity,date) VALUES (%s,%s,%s,%s) ON CONFLICT (artist_id,date) DO UPDATE SET artist_id=EXCLUDED.artist_id,followers=EXCLUDED.followers,popularity=EXCLUDED.popularity,date=EXCLUDED.date, parameters: ('2trvlbfMS5zVozEmrFNDTJ', 17905, 39, '2023-05-09')
[2023-05-09T16:36:41.772+0000] {sql.py:384} INFO - Rows affected: 1
[2023-05-09T16:36:41.779+0000] {base.py:73} INFO - Using connection ID '***' for task execution.
[2023-05-09T16:36:41.785+0000] {sql.py:375} INFO - Running statement: INSERT INTO artist_fact (artist_id,followers,popularity,date) VALUES (%s,%s,%s,%s) ON CONFLICT (artist_id,date) DO UPDATE SET artist_id=EXCLUDED.artist_id,followers=EXCLUDED.followers,popularity=EXCLUDED.popularity,date=EXCLUDED.date, parameters: ('63dmB3SM4vOZ8rK1EX5IkU', 17763, 41, '2023-05-09')
[2023-05-09T16:36:41.787+0000] {sql.py:384} INFO - Rows affected: 1
[2023-05-09T16:36:41.793+0000] {base.py:73} INFO - Using connection ID '***' for task execution.
[2023-05-09T16:36:41.800+0000] {sql.py:375} INFO - Running statement: INSERT INTO artist_fact (artist_id,followers,popularity,date) VALUES (%s,%s,%s,%s) ON CONFLICT (artist_id,date) DO UPDATE SET artist_id=EXCLUDED.artist_id,followers=EXCLUDED.followers,popularity=EXCLUDED.popularity,date=EXCLUDED.date, parameters: ('6fWVd57NKTalqvmjRd2t8Z', 2019722, 72, '2023-05-09')
[2023-05-09T16:36:41.802+0000] {sql.py:384} INFO - Rows affected: 1
[2023-05-09T16:36:41.809+0000] {base.py:73} INFO - Using connection ID '***' for task execution.
[2023-05-09T16:36:41.815+0000] {sql.py:375} INFO - Running statement: INSERT INTO artist_fact (artist_id,followers,popularity,date) VALUES (%s,%s,%s,%s) ON CONFLICT (artist_id,date) DO UPDATE SET artist_id=EXCLUDED.artist_id,followers=EXCLUDED.followers,popularity=EXCLUDED.popularity,date=EXCLUDED.date, parameters: ('3ddT1Q3KQAm1G7UcIfz5KJ', 198468, 53, '2023-05-09')
[2023-05-09T16:36:41.817+0000] {sql.py:384} INFO - Rows affected: 1
[2023-05-09T16:36:41.824+0000] {base.py:73} INFO - Using connection ID '***' for task execution.
[2023-05-09T16:36:41.831+0000] {sql.py:375} INFO - Running statement: INSERT INTO artist_fact (artist_id,followers,popularity,date) VALUES (%s,%s,%s,%s) ON CONFLICT (artist_id,date) DO UPDATE SET artist_id=EXCLUDED.artist_id,followers=EXCLUDED.followers,popularity=EXCLUDED.popularity,date=EXCLUDED.date, parameters: ('47SwNXPh17mIDcZwsCr6hX', 112, 0, '2023-05-09')
[2023-05-09T16:36:41.832+0000] {sql.py:384} INFO - Rows affected: 1
[2023-05-09T16:36:41.839+0000] {base.py:73} INFO - Using connection ID '***' for task execution.
[2023-05-09T16:36:41.845+0000] {sql.py:375} INFO - Running statement: INSERT INTO artist_fact (artist_id,followers,popularity,date) VALUES (%s,%s,%s,%s) ON CONFLICT (artist_id,date) DO UPDATE SET artist_id=EXCLUDED.artist_id,followers=EXCLUDED.followers,popularity=EXCLUDED.popularity,date=EXCLUDED.date, parameters: ('7MS7B4QRp1n6c5H8N7s3wB', 7726, 46, '2023-05-09')
[2023-05-09T16:36:41.847+0000] {sql.py:384} INFO - Rows affected: 1
[2023-05-09T16:36:41.854+0000] {base.py:73} INFO - Using connection ID '***' for task execution.
[2023-05-09T16:36:41.860+0000] {sql.py:375} INFO - Running statement: INSERT INTO artist_fact (artist_id,followers,popularity,date) VALUES (%s,%s,%s,%s) ON CONFLICT (artist_id,date) DO UPDATE SET artist_id=EXCLUDED.artist_id,followers=EXCLUDED.followers,popularity=EXCLUDED.popularity,date=EXCLUDED.date, parameters: ('6wUAn24MOirNVNqQM47fda', 35047, 54, '2023-05-09')
[2023-05-09T16:36:41.863+0000] {sql.py:384} INFO - Rows affected: 1
[2023-05-09T16:36:41.869+0000] {base.py:73} INFO - Using connection ID '***' for task execution.
[2023-05-09T16:36:41.875+0000] {sql.py:375} INFO - Running statement: INSERT INTO artist_fact (artist_id,followers,popularity,date) VALUES (%s,%s,%s,%s) ON CONFLICT (artist_id,date) DO UPDATE SET artist_id=EXCLUDED.artist_id,followers=EXCLUDED.followers,popularity=EXCLUDED.popularity,date=EXCLUDED.date, parameters: ('4KoNbDwbCK9D04dSmYG93E', 26956, 39, '2023-05-09')
[2023-05-09T16:36:41.877+0000] {sql.py:384} INFO - Rows affected: 1
[2023-05-09T16:36:41.883+0000] {base.py:73} INFO - Using connection ID '***' for task execution.
[2023-05-09T16:36:41.889+0000] {sql.py:375} INFO - Running statement: INSERT INTO artist_fact (artist_id,followers,popularity,date) VALUES (%s,%s,%s,%s) ON CONFLICT (artist_id,date) DO UPDATE SET artist_id=EXCLUDED.artist_id,followers=EXCLUDED.followers,popularity=EXCLUDED.popularity,date=EXCLUDED.date, parameters: ('2848adRcxvgWNRcz1g1tQD', 149615, 54, '2023-05-09')
[2023-05-09T16:36:41.891+0000] {sql.py:384} INFO - Rows affected: 1
[2023-05-09T16:36:41.898+0000] {base.py:73} INFO - Using connection ID '***' for task execution.
[2023-05-09T16:36:41.904+0000] {sql.py:375} INFO - Running statement: INSERT INTO artist_fact (artist_id,followers,popularity,date) VALUES (%s,%s,%s,%s) ON CONFLICT (artist_id,date) DO UPDATE SET artist_id=EXCLUDED.artist_id,followers=EXCLUDED.followers,popularity=EXCLUDED.popularity,date=EXCLUDED.date, parameters: ('0QkgnHpxSCOYdTnhUR9S5k', 68856, 50, '2023-05-09')
[2023-05-09T16:36:41.906+0000] {sql.py:384} INFO - Rows affected: 1
[2023-05-09T16:36:41.913+0000] {base.py:73} INFO - Using connection ID '***' for task execution.
[2023-05-09T16:36:41.918+0000] {sql.py:375} INFO - Running statement: INSERT INTO artist_fact (artist_id,followers,popularity,date) VALUES (%s,%s,%s,%s) ON CONFLICT (artist_id,date) DO UPDATE SET artist_id=EXCLUDED.artist_id,followers=EXCLUDED.followers,popularity=EXCLUDED.popularity,date=EXCLUDED.date, parameters: ('3AUIYVmhwrsw8UOPHEv91Z', 65309, 51, '2023-05-09')
[2023-05-09T16:36:41.920+0000] {sql.py:384} INFO - Rows affected: 1
[2023-05-09T16:36:41.927+0000] {base.py:73} INFO - Using connection ID '***' for task execution.
[2023-05-09T16:36:41.932+0000] {sql.py:375} INFO - Running statement: INSERT INTO artist_fact (artist_id,followers,popularity,date) VALUES (%s,%s,%s,%s) ON CONFLICT (artist_id,date) DO UPDATE SET artist_id=EXCLUDED.artist_id,followers=EXCLUDED.followers,popularity=EXCLUDED.popularity,date=EXCLUDED.date, parameters: ('71EAlWYAa5jb4phZIOlp7u', 5854, 28, '2023-05-09')
[2023-05-09T16:36:41.934+0000] {sql.py:384} INFO - Rows affected: 1
[2023-05-09T16:36:41.941+0000] {base.py:73} INFO - Using connection ID '***' for task execution.
[2023-05-09T16:36:41.947+0000] {sql.py:375} INFO - Running statement: INSERT INTO artist_fact (artist_id,followers,popularity,date) VALUES (%s,%s,%s,%s) ON CONFLICT (artist_id,date) DO UPDATE SET artist_id=EXCLUDED.artist_id,followers=EXCLUDED.followers,popularity=EXCLUDED.popularity,date=EXCLUDED.date, parameters: ('2GUw9Wzha61PkZoRVv1PDD', 59512, 52, '2023-05-09')
[2023-05-09T16:36:41.949+0000] {sql.py:384} INFO - Rows affected: 1
[2023-05-09T16:36:41.956+0000] {base.py:73} INFO - Using connection ID '***' for task execution.
[2023-05-09T16:36:41.966+0000] {sql.py:375} INFO - Running statement: INSERT INTO artist_fact (artist_id,followers,popularity,date) VALUES (%s,%s,%s,%s) ON CONFLICT (artist_id,date) DO UPDATE SET artist_id=EXCLUDED.artist_id,followers=EXCLUDED.followers,popularity=EXCLUDED.popularity,date=EXCLUDED.date, parameters: ('3wDeS1sr05fxaOeiJJrOnL', 31336, 51, '2023-05-09')
[2023-05-09T16:36:41.967+0000] {sql.py:384} INFO - Rows affected: 1
[2023-05-09T16:36:41.975+0000] {base.py:73} INFO - Using connection ID '***' for task execution.
[2023-05-09T16:36:41.982+0000] {sql.py:375} INFO - Running statement: INSERT INTO artist_fact (artist_id,followers,popularity,date) VALUES (%s,%s,%s,%s) ON CONFLICT (artist_id,date) DO UPDATE SET artist_id=EXCLUDED.artist_id,followers=EXCLUDED.followers,popularity=EXCLUDED.popularity,date=EXCLUDED.date, parameters: ('1OP39gZ2SXVnwg4NrARmsu', 4529, 31, '2023-05-09')
[2023-05-09T16:36:41.984+0000] {sql.py:384} INFO - Rows affected: 1
[2023-05-09T16:36:41.994+0000] {base.py:73} INFO - Using connection ID '***' for task execution.
[2023-05-09T16:36:42.000+0000] {sql.py:375} INFO - Running statement: INSERT INTO artist_fact (artist_id,followers,popularity,date) VALUES (%s,%s,%s,%s) ON CONFLICT (artist_id,date) DO UPDATE SET artist_id=EXCLUDED.artist_id,followers=EXCLUDED.followers,popularity=EXCLUDED.popularity,date=EXCLUDED.date, parameters: ('1vwwjIPFeYoRfAUCqqO6cZ', 43893, 52, '2023-05-09')
[2023-05-09T16:36:42.001+0000] {sql.py:384} INFO - Rows affected: 1
[2023-05-09T16:36:42.008+0000] {base.py:73} INFO - Using connection ID '***' for task execution.
[2023-05-09T16:36:42.014+0000] {sql.py:375} INFO - Running statement: INSERT INTO artist_fact (artist_id,followers,popularity,date) VALUES (%s,%s,%s,%s) ON CONFLICT (artist_id,date) DO UPDATE SET artist_id=EXCLUDED.artist_id,followers=EXCLUDED.followers,popularity=EXCLUDED.popularity,date=EXCLUDED.date, parameters: ('2Ci3Sflo2BfC77wTwn2hbH', 38953, 40, '2023-05-09')
[2023-05-09T16:36:42.016+0000] {sql.py:384} INFO - Rows affected: 1
[2023-05-09T16:36:42.023+0000] {base.py:73} INFO - Using connection ID '***' for task execution.
[2023-05-09T16:36:42.029+0000] {sql.py:375} INFO - Running statement: INSERT INTO artist_fact (artist_id,followers,popularity,date) VALUES (%s,%s,%s,%s) ON CONFLICT (artist_id,date) DO UPDATE SET artist_id=EXCLUDED.artist_id,followers=EXCLUDED.followers,popularity=EXCLUDED.popularity,date=EXCLUDED.date, parameters: ('670UISOh9XV1zlq5z5IfoY', 20692, 49, '2023-05-09')
[2023-05-09T16:36:42.030+0000] {sql.py:384} INFO - Rows affected: 1
[2023-05-09T16:36:42.037+0000] {base.py:73} INFO - Using connection ID '***' for task execution.
[2023-05-09T16:36:42.044+0000] {sql.py:375} INFO - Running statement: INSERT INTO artist_fact (artist_id,followers,popularity,date) VALUES (%s,%s,%s,%s) ON CONFLICT (artist_id,date) DO UPDATE SET artist_id=EXCLUDED.artist_id,followers=EXCLUDED.followers,popularity=EXCLUDED.popularity,date=EXCLUDED.date, parameters: ('3QZxOYl5zlZtfigtXOZsfT', 26532, 36, '2023-05-09')
[2023-05-09T16:36:42.045+0000] {sql.py:384} INFO - Rows affected: 1
[2023-05-09T16:36:42.052+0000] {base.py:73} INFO - Using connection ID '***' for task execution.
[2023-05-09T16:36:42.060+0000] {sql.py:375} INFO - Running statement: INSERT INTO artist_fact (artist_id,followers,popularity,date) VALUES (%s,%s,%s,%s) ON CONFLICT (artist_id,date) DO UPDATE SET artist_id=EXCLUDED.artist_id,followers=EXCLUDED.followers,popularity=EXCLUDED.popularity,date=EXCLUDED.date, parameters: ('2AfU5LYBVCiCtuCCfM7uVX', 597525, 61, '2023-05-09')
[2023-05-09T16:36:42.062+0000] {sql.py:384} INFO - Rows affected: 1
[2023-05-09T16:36:42.070+0000] {base.py:73} INFO - Using connection ID '***' for task execution.
[2023-05-09T16:36:42.077+0000] {sql.py:375} INFO - Running statement: INSERT INTO artist_fact (artist_id,followers,popularity,date) VALUES (%s,%s,%s,%s) ON CONFLICT (artist_id,date) DO UPDATE SET artist_id=EXCLUDED.artist_id,followers=EXCLUDED.followers,popularity=EXCLUDED.popularity,date=EXCLUDED.date, parameters: ('7MigDh04CCntQbsBvugEmb', 113455, 61, '2023-05-09')
[2023-05-09T16:36:42.079+0000] {sql.py:384} INFO - Rows affected: 1
[2023-05-09T16:36:42.085+0000] {base.py:73} INFO - Using connection ID '***' for task execution.
[2023-05-09T16:36:42.093+0000] {sql.py:375} INFO - Running statement: INSERT INTO artist_fact (artist_id,followers,popularity,date) VALUES (%s,%s,%s,%s) ON CONFLICT (artist_id,date) DO UPDATE SET artist_id=EXCLUDED.artist_id,followers=EXCLUDED.followers,popularity=EXCLUDED.popularity,date=EXCLUDED.date, parameters: ('1tQu5TjcAK68fx8qrc8ZgF', 74417, 51, '2023-05-09')
[2023-05-09T16:36:42.095+0000] {sql.py:384} INFO - Rows affected: 1
[2023-05-09T16:36:42.102+0000] {base.py:73} INFO - Using connection ID '***' for task execution.
[2023-05-09T16:36:42.110+0000] {sql.py:375} INFO - Running statement: INSERT INTO artist_fact (artist_id,followers,popularity,date) VALUES (%s,%s,%s,%s) ON CONFLICT (artist_id,date) DO UPDATE SET artist_id=EXCLUDED.artist_id,followers=EXCLUDED.followers,popularity=EXCLUDED.popularity,date=EXCLUDED.date, parameters: ('0Kx7qYhFiv0YD5lxEG1nsz', 5144, 25, '2023-05-09')
[2023-05-09T16:36:42.112+0000] {sql.py:384} INFO - Rows affected: 1
[2023-05-09T16:36:42.119+0000] {base.py:73} INFO - Using connection ID '***' for task execution.
[2023-05-09T16:36:42.130+0000] {sql.py:375} INFO - Running statement: INSERT INTO artist_fact (artist_id,followers,popularity,date) VALUES (%s,%s,%s,%s) ON CONFLICT (artist_id,date) DO UPDATE SET artist_id=EXCLUDED.artist_id,followers=EXCLUDED.followers,popularity=EXCLUDED.popularity,date=EXCLUDED.date, parameters: ('5ibWbhA0IkPT3xCN0YicRL', 6562, 52, '2023-05-09')
[2023-05-09T16:36:42.132+0000] {sql.py:384} INFO - Rows affected: 1
[2023-05-09T16:36:42.140+0000] {base.py:73} INFO - Using connection ID '***' for task execution.
[2023-05-09T16:36:42.148+0000] {sql.py:375} INFO - Running statement: INSERT INTO artist_fact (artist_id,followers,popularity,date) VALUES (%s,%s,%s,%s) ON CONFLICT (artist_id,date) DO UPDATE SET artist_id=EXCLUDED.artist_id,followers=EXCLUDED.followers,popularity=EXCLUDED.popularity,date=EXCLUDED.date, parameters: ('7naAJDAh7AZnf18YYfQruM', 295610, 60, '2023-05-09')
[2023-05-09T16:36:42.150+0000] {sql.py:384} INFO - Rows affected: 1
[2023-05-09T16:36:42.157+0000] {base.py:73} INFO - Using connection ID '***' for task execution.
[2023-05-09T16:36:42.167+0000] {sql.py:375} INFO - Running statement: INSERT INTO artist_fact (artist_id,followers,popularity,date) VALUES (%s,%s,%s,%s) ON CONFLICT (artist_id,date) DO UPDATE SET artist_id=EXCLUDED.artist_id,followers=EXCLUDED.followers,popularity=EXCLUDED.popularity,date=EXCLUDED.date, parameters: ('6fHEaFnFgMxMAtDt7mFoQ3', 13972, 41, '2023-05-09')
[2023-05-09T16:36:42.169+0000] {sql.py:384} INFO - Rows affected: 1
[2023-05-09T16:36:42.176+0000] {base.py:73} INFO - Using connection ID '***' for task execution.
[2023-05-09T16:36:42.183+0000] {sql.py:375} INFO - Running statement: INSERT INTO artist_fact (artist_id,followers,popularity,date) VALUES (%s,%s,%s,%s) ON CONFLICT (artist_id,date) DO UPDATE SET artist_id=EXCLUDED.artist_id,followers=EXCLUDED.followers,popularity=EXCLUDED.popularity,date=EXCLUDED.date, parameters: ('0S7eN9KAsbAaIZtFyCn1q1', 41780, 60, '2023-05-09')
[2023-05-09T16:36:42.185+0000] {sql.py:384} INFO - Rows affected: 1
[2023-05-09T16:36:42.192+0000] {base.py:73} INFO - Using connection ID '***' for task execution.
[2023-05-09T16:36:42.199+0000] {sql.py:375} INFO - Running statement: INSERT INTO artist_fact (artist_id,followers,popularity,date) VALUES (%s,%s,%s,%s) ON CONFLICT (artist_id,date) DO UPDATE SET artist_id=EXCLUDED.artist_id,followers=EXCLUDED.followers,popularity=EXCLUDED.popularity,date=EXCLUDED.date, parameters: ('4X8TR9pBFyewFlIDYt1o2s', 19605, 52, '2023-05-09')
[2023-05-09T16:36:42.201+0000] {sql.py:384} INFO - Rows affected: 1
[2023-05-09T16:36:42.208+0000] {base.py:73} INFO - Using connection ID '***' for task execution.
[2023-05-09T16:36:42.215+0000] {sql.py:375} INFO - Running statement: INSERT INTO artist_fact (artist_id,followers,popularity,date) VALUES (%s,%s,%s,%s) ON CONFLICT (artist_id,date) DO UPDATE SET artist_id=EXCLUDED.artist_id,followers=EXCLUDED.followers,popularity=EXCLUDED.popularity,date=EXCLUDED.date, parameters: ('5UrcghjIlj83Jf7QjZfBhZ', 89, 22, '2023-05-09')
[2023-05-09T16:36:42.217+0000] {sql.py:384} INFO - Rows affected: 1
[2023-05-09T16:36:42.224+0000] {base.py:73} INFO - Using connection ID '***' for task execution.
[2023-05-09T16:36:42.230+0000] {sql.py:375} INFO - Running statement: INSERT INTO artist_fact (artist_id,followers,popularity,date) VALUES (%s,%s,%s,%s) ON CONFLICT (artist_id,date) DO UPDATE SET artist_id=EXCLUDED.artist_id,followers=EXCLUDED.followers,popularity=EXCLUDED.popularity,date=EXCLUDED.date, parameters: ('3pob90yrusjcbgSYFKaeAk', 6148, 32, '2023-05-09')
[2023-05-09T16:36:42.235+0000] {sql.py:384} INFO - Rows affected: 1
[2023-05-09T16:36:42.248+0000] {base.py:73} INFO - Using connection ID '***' for task execution.
[2023-05-09T16:36:42.254+0000] {sql.py:375} INFO - Running statement: INSERT INTO artist_fact (artist_id,followers,popularity,date) VALUES (%s,%s,%s,%s) ON CONFLICT (artist_id,date) DO UPDATE SET artist_id=EXCLUDED.artist_id,followers=EXCLUDED.followers,popularity=EXCLUDED.popularity,date=EXCLUDED.date, parameters: ('7BoBxrm9jJ7us6U92oqr4N', 794, 24, '2023-05-09')
[2023-05-09T16:36:42.256+0000] {sql.py:384} INFO - Rows affected: 1
[2023-05-09T16:36:42.264+0000] {base.py:73} INFO - Using connection ID '***' for task execution.
[2023-05-09T16:36:42.271+0000] {sql.py:375} INFO - Running statement: INSERT INTO artist_fact (artist_id,followers,popularity,date) VALUES (%s,%s,%s,%s) ON CONFLICT (artist_id,date) DO UPDATE SET artist_id=EXCLUDED.artist_id,followers=EXCLUDED.followers,popularity=EXCLUDED.popularity,date=EXCLUDED.date, parameters: ('1fsCfvdiomqjKJFR6xI8e4', 109859, 56, '2023-05-09')
[2023-05-09T16:36:42.272+0000] {sql.py:384} INFO - Rows affected: 1
[2023-05-09T16:36:42.280+0000] {base.py:73} INFO - Using connection ID '***' for task execution.
[2023-05-09T16:36:42.286+0000] {sql.py:375} INFO - Running statement: INSERT INTO artist_fact (artist_id,followers,popularity,date) VALUES (%s,%s,%s,%s) ON CONFLICT (artist_id,date) DO UPDATE SET artist_id=EXCLUDED.artist_id,followers=EXCLUDED.followers,popularity=EXCLUDED.popularity,date=EXCLUDED.date, parameters: ('61qMnYXa1GxSBoV3IiYKjZ', 520620, 55, '2023-05-09')
[2023-05-09T16:36:42.288+0000] {sql.py:384} INFO - Rows affected: 1
[2023-05-09T16:36:42.295+0000] {base.py:73} INFO - Using connection ID '***' for task execution.
[2023-05-09T16:36:42.302+0000] {sql.py:375} INFO - Running statement: INSERT INTO artist_fact (artist_id,followers,popularity,date) VALUES (%s,%s,%s,%s) ON CONFLICT (artist_id,date) DO UPDATE SET artist_id=EXCLUDED.artist_id,followers=EXCLUDED.followers,popularity=EXCLUDED.popularity,date=EXCLUDED.date, parameters: ('1KuV6xtFnLPsneN3yBrjFj', 14595, 41, '2023-05-09')
[2023-05-09T16:36:42.303+0000] {sql.py:384} INFO - Rows affected: 1
[2023-05-09T16:36:42.310+0000] {base.py:73} INFO - Using connection ID '***' for task execution.
[2023-05-09T16:36:42.317+0000] {sql.py:375} INFO - Running statement: INSERT INTO artist_fact (artist_id,followers,popularity,date) VALUES (%s,%s,%s,%s) ON CONFLICT (artist_id,date) DO UPDATE SET artist_id=EXCLUDED.artist_id,followers=EXCLUDED.followers,popularity=EXCLUDED.popularity,date=EXCLUDED.date, parameters: ('7wSr4otUV4ytUvHE4w3rBe', 41548, 31, '2023-05-09')
[2023-05-09T16:36:42.318+0000] {sql.py:384} INFO - Rows affected: 1
[2023-05-09T16:36:42.326+0000] {base.py:73} INFO - Using connection ID '***' for task execution.
[2023-05-09T16:36:42.333+0000] {sql.py:375} INFO - Running statement: INSERT INTO artist_fact (artist_id,followers,popularity,date) VALUES (%s,%s,%s,%s) ON CONFLICT (artist_id,date) DO UPDATE SET artist_id=EXCLUDED.artist_id,followers=EXCLUDED.followers,popularity=EXCLUDED.popularity,date=EXCLUDED.date, parameters: ('7HfUJxeVTgrvhk0eWHFzV7', 56326, 47, '2023-05-09')
[2023-05-09T16:36:42.334+0000] {sql.py:384} INFO - Rows affected: 1
[2023-05-09T16:36:42.341+0000] {base.py:73} INFO - Using connection ID '***' for task execution.
[2023-05-09T16:36:42.349+0000] {sql.py:375} INFO - Running statement: INSERT INTO artist_fact (artist_id,followers,popularity,date) VALUES (%s,%s,%s,%s) ON CONFLICT (artist_id,date) DO UPDATE SET artist_id=EXCLUDED.artist_id,followers=EXCLUDED.followers,popularity=EXCLUDED.popularity,date=EXCLUDED.date, parameters: ('4HAfqyKr4Sqtab6ttHWXgE', 100035, 57, '2023-05-09')
[2023-05-09T16:36:42.351+0000] {sql.py:384} INFO - Rows affected: 1
[2023-05-09T16:36:42.358+0000] {base.py:73} INFO - Using connection ID '***' for task execution.
[2023-05-09T16:36:42.366+0000] {sql.py:375} INFO - Running statement: INSERT INTO artist_fact (artist_id,followers,popularity,date) VALUES (%s,%s,%s,%s) ON CONFLICT (artist_id,date) DO UPDATE SET artist_id=EXCLUDED.artist_id,followers=EXCLUDED.followers,popularity=EXCLUDED.popularity,date=EXCLUDED.date, parameters: ('27w1NoOLMX7tJMYqcetPyG', 606695, 61, '2023-05-09')
[2023-05-09T16:36:42.368+0000] {sql.py:384} INFO - Rows affected: 1
[2023-05-09T16:36:42.375+0000] {base.py:73} INFO - Using connection ID '***' for task execution.
[2023-05-09T16:36:42.382+0000] {sql.py:375} INFO - Running statement: INSERT INTO artist_fact (artist_id,followers,popularity,date) VALUES (%s,%s,%s,%s) ON CONFLICT (artist_id,date) DO UPDATE SET artist_id=EXCLUDED.artist_id,followers=EXCLUDED.followers,popularity=EXCLUDED.popularity,date=EXCLUDED.date, parameters: ('5G9kmDLg3OeUyj8KVBLzbu', 554868, 67, '2023-05-09')
[2023-05-09T16:36:42.384+0000] {sql.py:384} INFO - Rows affected: 1
[2023-05-09T16:36:42.391+0000] {base.py:73} INFO - Using connection ID '***' for task execution.
[2023-05-09T16:36:42.398+0000] {sql.py:375} INFO - Running statement: INSERT INTO artist_fact (artist_id,followers,popularity,date) VALUES (%s,%s,%s,%s) ON CONFLICT (artist_id,date) DO UPDATE SET artist_id=EXCLUDED.artist_id,followers=EXCLUDED.followers,popularity=EXCLUDED.popularity,date=EXCLUDED.date, parameters: ('7vSY9HEreOqb1Llar3UC38', 199990, 55, '2023-05-09')
[2023-05-09T16:36:42.400+0000] {sql.py:384} INFO - Rows affected: 1
[2023-05-09T16:36:42.408+0000] {base.py:73} INFO - Using connection ID '***' for task execution.
[2023-05-09T16:36:42.415+0000] {sql.py:375} INFO - Running statement: INSERT INTO artist_fact (artist_id,followers,popularity,date) VALUES (%s,%s,%s,%s) ON CONFLICT (artist_id,date) DO UPDATE SET artist_id=EXCLUDED.artist_id,followers=EXCLUDED.followers,popularity=EXCLUDED.popularity,date=EXCLUDED.date, parameters: ('7FngGIEGgN3Iwauw1MvO4P', 404376, 60, '2023-05-09')
[2023-05-09T16:36:42.417+0000] {sql.py:384} INFO - Rows affected: 1
[2023-05-09T16:36:42.424+0000] {base.py:73} INFO - Using connection ID '***' for task execution.
[2023-05-09T16:36:42.431+0000] {sql.py:375} INFO - Running statement: INSERT INTO artist_fact (artist_id,followers,popularity,date) VALUES (%s,%s,%s,%s) ON CONFLICT (artist_id,date) DO UPDATE SET artist_id=EXCLUDED.artist_id,followers=EXCLUDED.followers,popularity=EXCLUDED.popularity,date=EXCLUDED.date, parameters: ('1N9JxmOPJqhMCw219uoEi8', 6154, 33, '2023-05-09')
[2023-05-09T16:36:42.433+0000] {sql.py:384} INFO - Rows affected: 1
[2023-05-09T16:36:42.441+0000] {base.py:73} INFO - Using connection ID '***' for task execution.
[2023-05-09T16:36:42.447+0000] {sql.py:375} INFO - Running statement: INSERT INTO artist_fact (artist_id,followers,popularity,date) VALUES (%s,%s,%s,%s) ON CONFLICT (artist_id,date) DO UPDATE SET artist_id=EXCLUDED.artist_id,followers=EXCLUDED.followers,popularity=EXCLUDED.popularity,date=EXCLUDED.date, parameters: ('5VfSeZYcDwD8WQVwbaoL6z', 5324, 29, '2023-05-09')
[2023-05-09T16:36:42.449+0000] {sql.py:384} INFO - Rows affected: 1
[2023-05-09T16:36:42.457+0000] {base.py:73} INFO - Using connection ID '***' for task execution.
[2023-05-09T16:36:42.463+0000] {sql.py:375} INFO - Running statement: INSERT INTO artist_fact (artist_id,followers,popularity,date) VALUES (%s,%s,%s,%s) ON CONFLICT (artist_id,date) DO UPDATE SET artist_id=EXCLUDED.artist_id,followers=EXCLUDED.followers,popularity=EXCLUDED.popularity,date=EXCLUDED.date, parameters: ('5JZPSVFMUk4HGDdx68lN77', 7213, 32, '2023-05-09')
[2023-05-09T16:36:42.464+0000] {sql.py:384} INFO - Rows affected: 1
[2023-05-09T16:36:42.472+0000] {base.py:73} INFO - Using connection ID '***' for task execution.
[2023-05-09T16:36:42.480+0000] {sql.py:375} INFO - Running statement: INSERT INTO artist_fact (artist_id,followers,popularity,date) VALUES (%s,%s,%s,%s) ON CONFLICT (artist_id,date) DO UPDATE SET artist_id=EXCLUDED.artist_id,followers=EXCLUDED.followers,popularity=EXCLUDED.popularity,date=EXCLUDED.date, parameters: ('6rEjEIfp3NSRteU3kJGSET', 10949, 42, '2023-05-09')
[2023-05-09T16:36:42.482+0000] {sql.py:384} INFO - Rows affected: 1
[2023-05-09T16:36:42.490+0000] {base.py:73} INFO - Using connection ID '***' for task execution.
[2023-05-09T16:36:42.497+0000] {sql.py:375} INFO - Running statement: INSERT INTO artist_fact (artist_id,followers,popularity,date) VALUES (%s,%s,%s,%s) ON CONFLICT (artist_id,date) DO UPDATE SET artist_id=EXCLUDED.artist_id,followers=EXCLUDED.followers,popularity=EXCLUDED.popularity,date=EXCLUDED.date, parameters: ('2IDLDx25HU1nQMKde4n61a', 2155829, 69, '2023-05-09')
[2023-05-09T16:36:42.499+0000] {sql.py:384} INFO - Rows affected: 1
[2023-05-09T16:36:42.507+0000] {base.py:73} INFO - Using connection ID '***' for task execution.
[2023-05-09T16:36:42.515+0000] {sql.py:375} INFO - Running statement: INSERT INTO artist_fact (artist_id,followers,popularity,date) VALUES (%s,%s,%s,%s) ON CONFLICT (artist_id,date) DO UPDATE SET artist_id=EXCLUDED.artist_id,followers=EXCLUDED.followers,popularity=EXCLUDED.popularity,date=EXCLUDED.date, parameters: ('1AhjOkOLkbHUfcHDSErXQs', 893241, 67, '2023-05-09')
[2023-05-09T16:36:42.517+0000] {sql.py:384} INFO - Rows affected: 1
[2023-05-09T16:36:42.519+0000] {python.py:183} INFO - Done. Returned value was: None
[2023-05-09T16:36:42.532+0000] {taskinstance.py:1373} INFO - Marking task as SUCCESS. dag_id=Summer_Warped_ETL, task_id=LoadData.LoadArtistFact, execution_date=20230509T163547, start_date=20230509T163640, end_date=20230509T163642
[2023-05-09T16:36:42.586+0000] {local_task_job_runner.py:232} INFO - Task exited with return code 0
[2023-05-09T16:36:42.601+0000] {taskinstance.py:2674} INFO - 0 downstream tasks scheduled from follow-on schedule check
