[2023-05-08T16:28:19.801+0000] {taskinstance.py:1125} INFO - Dependencies all met for dep_context=non-requeueable deps ti=<TaskInstance: Summer_Warped_ETL.GetArtistInfo manual__2023-05-08T16:28:14.290927+00:00 [queued]>
[2023-05-08T16:28:19.807+0000] {taskinstance.py:1125} INFO - Dependencies all met for dep_context=requeueable deps ti=<TaskInstance: Summer_Warped_ETL.GetArtistInfo manual__2023-05-08T16:28:14.290927+00:00 [queued]>
[2023-05-08T16:28:19.807+0000] {taskinstance.py:1331} INFO - Starting attempt 1 of 3
[2023-05-08T16:28:19.817+0000] {taskinstance.py:1350} INFO - Executing <Task(PythonOperator): GetArtistInfo> on 2023-05-08 16:28:14.290927+00:00
[2023-05-08T16:28:19.822+0000] {standard_task_runner.py:57} INFO - Started process 1416 to run task
[2023-05-08T16:28:19.826+0000] {standard_task_runner.py:84} INFO - Running: ['***', 'tasks', 'run', 'Summer_Warped_ETL', 'GetArtistInfo', 'manual__2023-05-08T16:28:14.290927+00:00', '--job-id', '2536', '--raw', '--subdir', 'DAGS_FOLDER/warped-dag.py', '--cfg-path', '/tmp/tmp5c5ma9n6']
[2023-05-08T16:28:19.826+0000] {standard_task_runner.py:85} INFO - Job 2536: Subtask GetArtistInfo
[2023-05-08T16:28:19.867+0000] {task_command.py:410} INFO - Running <TaskInstance: Summer_Warped_ETL.GetArtistInfo manual__2023-05-08T16:28:14.290927+00:00 [running]> on host 7b4753e133cb
[2023-05-08T16:28:19.927+0000] {taskinstance.py:1570} INFO - Exporting env vars: AIRFLOW_CTX_DAG_OWNER='Ananta Moharana' AIRFLOW_CTX_DAG_ID='Summer_Warped_ETL' AIRFLOW_CTX_TASK_ID='GetArtistInfo' AIRFLOW_CTX_EXECUTION_DATE='2023-05-08T16:28:14.290927+00:00' AIRFLOW_CTX_TRY_NUMBER='1' AIRFLOW_CTX_DAG_RUN_ID='manual__2023-05-08T16:28:14.290927+00:00'
[2023-05-08T16:28:20.185+0000] {logging_mixin.py:149} INFO - emo rap
[2023-05-08T16:28:20.299+0000] {logging_mixin.py:149} INFO - cloud rap
[2023-05-08T16:28:20.508+0000] {logging_mixin.py:149} INFO - hyperpop
[2023-05-08T16:28:20.615+0000] {logging_mixin.py:149} INFO - nyc rap
[2023-05-08T16:28:21.161+0000] {logging_mixin.py:149} INFO - upstate ny rap
[2023-05-08T16:28:21.276+0000] {logging_mixin.py:149} INFO - emo rap
[2023-05-08T16:28:21.395+0000] {logging_mixin.py:149} INFO - emo rap
[2023-05-08T16:28:21.495+0000] {logging_mixin.py:149} INFO - hyperpop
[2023-05-08T16:28:21.706+0000] {logging_mixin.py:149} INFO - glitchcore
[2023-05-08T16:28:21.967+0000] {logging_mixin.py:149} INFO - aesthetic rap
[2023-05-08T16:28:22.059+0000] {logging_mixin.py:149} INFO - glitchcore
[2023-05-08T16:28:22.254+0000] {logging_mixin.py:149} INFO - indie pop rap
[2023-05-08T16:28:22.554+0000] {logging_mixin.py:149} INFO - canadian hip hop
[2023-05-08T16:28:22.772+0000] {logging_mixin.py:149} INFO - glitchcore
[2023-05-08T16:28:22.869+0000] {logging_mixin.py:149} INFO - underground hip hop
[2023-05-08T16:28:22.968+0000] {logging_mixin.py:149} INFO - glitchcore
[2023-05-08T16:28:23.079+0000] {logging_mixin.py:149} INFO - asian american hip hop
[2023-05-08T16:28:23.263+0000] {logging_mixin.py:149} INFO - canadian hip hop
[2023-05-08T16:28:23.706+0000] {logging_mixin.py:149} INFO - emo rap
[2023-05-08T16:28:23.802+0000] {logging_mixin.py:149} INFO - sad rap
[2023-05-08T16:28:23.904+0000] {logging_mixin.py:149} INFO - meme rap
[2023-05-08T16:28:24.006+0000] {logging_mixin.py:149} INFO - cloud rap
[2023-05-08T16:28:24.134+0000] {logging_mixin.py:149} INFO - emoplugg
[2023-05-08T16:28:24.249+0000] {logging_mixin.py:149} INFO - alt z
[2023-05-08T16:28:24.555+0000] {logging_mixin.py:149} INFO - cloud rap
[2023-05-08T16:28:24.761+0000] {logging_mixin.py:149} INFO - emo rap
[2023-05-08T16:28:24.978+0000] {logging_mixin.py:149} INFO - canadian contemporary r&b
[2023-05-08T16:28:25.091+0000] {logging_mixin.py:149} INFO - bedroom soul
[2023-05-08T16:28:25.190+0000] {logging_mixin.py:149} INFO - la pop
[2023-05-08T16:28:25.664+0000] {logging_mixin.py:149} INFO - indie pop rap
[2023-05-08T16:28:25.786+0000] {logging_mixin.py:149} INFO - lo-fi rap
[2023-05-08T16:28:26.024+0000] {logging_mixin.py:149} INFO - pop edm
[2023-05-08T16:28:26.132+0000] {logging_mixin.py:149} INFO - indie hip hop
[2023-05-08T16:28:26.455+0000] {logging_mixin.py:149} INFO - emo rap
[2023-05-08T16:28:26.804+0000] {logging_mixin.py:149} INFO - cali rap
[2023-05-08T16:28:26.900+0000] {logging_mixin.py:149} INFO - hyperpop
[2023-05-08T16:28:26.994+0000] {logging_mixin.py:149} INFO - hyperpop
[2023-05-08T16:28:27.099+0000] {logging_mixin.py:149} INFO - pittsburgh rap
[2023-05-08T16:28:27.211+0000] {logging_mixin.py:149} INFO - cloud rap
[2023-05-08T16:28:27.551+0000] {logging_mixin.py:149} INFO - cloud rap
[2023-05-08T16:28:27.656+0000] {logging_mixin.py:149} INFO - alt z
[2023-05-08T16:28:27.886+0000] {logging_mixin.py:149} INFO - cloud rap
[2023-05-08T16:28:27.993+0000] {logging_mixin.py:149} INFO - future bass
[2023-05-08T16:28:28.102+0000] {logging_mixin.py:149} INFO - cloud rap
[2023-05-08T16:28:28.204+0000] {logging_mixin.py:149} INFO - cloud rap
[2023-05-08T16:28:28.537+0000] {logging_mixin.py:149} INFO - st louis rap
[2023-05-08T16:28:28.645+0000] {logging_mixin.py:149} INFO - melodic rap
[2023-05-08T16:28:28.776+0000] {logging_mixin.py:149} INFO - emo rap
[2023-05-08T16:28:28.881+0000] {logging_mixin.py:149} INFO - canadian contemporary r&b
[2023-05-08T16:28:28.991+0000] {logging_mixin.py:149} INFO - sad rap
[2023-05-08T16:28:29.091+0000] {logging_mixin.py:149} INFO - hyperpop
[2023-05-08T16:28:29.202+0000] {logging_mixin.py:149} INFO - aesthetic rap
[2023-05-08T16:28:29.298+0000] {logging_mixin.py:149} INFO - sad rap
[2023-05-08T16:28:29.408+0000] {logging_mixin.py:149} INFO - indonesian hip hop
[2023-05-08T16:28:29.506+0000] {logging_mixin.py:149} INFO - vapor trap
[2023-05-08T16:28:29.599+0000] {logging_mixin.py:149} INFO - indie pop rap
[2023-05-08T16:28:29.717+0000] {logging_mixin.py:149} INFO - cloud rap
[2023-05-08T16:28:29.941+0000] {logging_mixin.py:149} INFO - atl hip hop
[2023-05-08T16:28:29.971+0000] {python.py:183} INFO - Done. Returned value was: None
[2023-05-08T16:28:29.982+0000] {taskinstance.py:1373} INFO - Marking task as SUCCESS. dag_id=Summer_Warped_ETL, task_id=GetArtistInfo, execution_date=20230508T162814, start_date=20230508T162819, end_date=20230508T162829
[2023-05-08T16:28:30.032+0000] {local_task_job_runner.py:232} INFO - Task exited with return code 0
[2023-05-08T16:28:30.065+0000] {taskinstance.py:2674} INFO - 0 downstream tasks scheduled from follow-on schedule check
