[2023-05-07T00:24:59.784+0000] {taskinstance.py:1125} INFO - Dependencies all met for dep_context=non-requeueable deps ti=<TaskInstance: Summer_Warped_ETL.GetSongsFromPlaylist manual__2023-05-07T00:19:06.344365+00:00 [queued]>
[2023-05-07T00:24:59.789+0000] {taskinstance.py:1125} INFO - Dependencies all met for dep_context=requeueable deps ti=<TaskInstance: Summer_Warped_ETL.GetSongsFromPlaylist manual__2023-05-07T00:19:06.344365+00:00 [queued]>
[2023-05-07T00:24:59.790+0000] {taskinstance.py:1331} INFO - Starting attempt 2 of 4
[2023-05-07T00:24:59.796+0000] {taskinstance.py:1350} INFO - Executing <Task(PythonOperator): GetSongsFromPlaylist> on 2023-05-07 00:19:06.344365+00:00
[2023-05-07T00:24:59.801+0000] {standard_task_runner.py:57} INFO - Started process 397 to run task
[2023-05-07T00:24:59.805+0000] {standard_task_runner.py:84} INFO - Running: ['***', 'tasks', 'run', 'Summer_Warped_ETL', 'GetSongsFromPlaylist', 'manual__2023-05-07T00:19:06.344365+00:00', '--job-id', '745', '--raw', '--subdir', 'DAGS_FOLDER/warped-dag.py', '--cfg-path', '/tmp/tmp544nwfgb']
[2023-05-07T00:24:59.806+0000] {standard_task_runner.py:85} INFO - Job 745: Subtask GetSongsFromPlaylist
[2023-05-07T00:24:59.843+0000] {task_command.py:410} INFO - Running <TaskInstance: Summer_Warped_ETL.GetSongsFromPlaylist manual__2023-05-07T00:19:06.344365+00:00 [running]> on host 61437508c2dd
[2023-05-07T00:24:59.898+0000] {taskinstance.py:1570} INFO - Exporting env vars: AIRFLOW_CTX_DAG_OWNER='Ananta Moharana' AIRFLOW_CTX_DAG_ID='Summer_Warped_ETL' AIRFLOW_CTX_TASK_ID='GetSongsFromPlaylist' AIRFLOW_CTX_EXECUTION_DATE='2023-05-07T00:19:06.344365+00:00' AIRFLOW_CTX_TRY_NUMBER='2' AIRFLOW_CTX_DAG_RUN_ID='manual__2023-05-07T00:19:06.344365+00:00'
[2023-05-07T00:25:00.282+0000] {logging_mixin.py:149} INFO - 100
[2023-05-07T00:25:00.283+0000] {logging_mixin.py:149} INFO - 0
[2023-05-07T00:25:00.290+0000] {logging_mixin.py:149} INFO - 1
[2023-05-07T00:25:00.293+0000] {logging_mixin.py:149} INFO - 2
[2023-05-07T00:25:00.295+0000] {logging_mixin.py:149} INFO - 3
[2023-05-07T00:25:00.296+0000] {logging_mixin.py:149} INFO - 4
[2023-05-07T00:25:00.299+0000] {logging_mixin.py:149} INFO - 5
[2023-05-07T00:25:00.301+0000] {logging_mixin.py:149} INFO - 6
[2023-05-07T00:25:00.303+0000] {logging_mixin.py:149} INFO - 7
[2023-05-07T00:25:00.305+0000] {logging_mixin.py:149} INFO - 8
[2023-05-07T00:25:00.307+0000] {logging_mixin.py:149} INFO - 9
[2023-05-07T00:25:00.308+0000] {logging_mixin.py:149} INFO - 10
[2023-05-07T00:25:00.311+0000] {logging_mixin.py:149} INFO - 11
[2023-05-07T00:25:00.312+0000] {logging_mixin.py:149} INFO - 12
[2023-05-07T00:25:00.313+0000] {logging_mixin.py:149} INFO - 13
[2023-05-07T00:25:00.315+0000] {logging_mixin.py:149} INFO - 14
[2023-05-07T00:25:00.317+0000] {logging_mixin.py:149} INFO - 15
[2023-05-07T00:25:00.318+0000] {logging_mixin.py:149} INFO - 16
[2023-05-07T00:25:00.319+0000] {logging_mixin.py:149} INFO - 17
[2023-05-07T00:25:00.321+0000] {logging_mixin.py:149} INFO - 18
[2023-05-07T00:25:00.322+0000] {logging_mixin.py:149} INFO - 19
[2023-05-07T00:25:00.324+0000] {logging_mixin.py:149} INFO - 20
[2023-05-07T00:25:00.325+0000] {logging_mixin.py:149} INFO - 21
[2023-05-07T00:25:00.326+0000] {logging_mixin.py:149} INFO - 22
[2023-05-07T00:25:00.327+0000] {logging_mixin.py:149} INFO - 23
[2023-05-07T00:25:00.328+0000] {logging_mixin.py:149} INFO - 24
[2023-05-07T00:25:00.329+0000] {logging_mixin.py:149} INFO - 25
[2023-05-07T00:25:00.331+0000] {logging_mixin.py:149} INFO - 26
[2023-05-07T00:25:00.332+0000] {logging_mixin.py:149} INFO - 27
[2023-05-07T00:25:00.335+0000] {logging_mixin.py:149} INFO - 28
[2023-05-07T00:25:00.336+0000] {logging_mixin.py:149} INFO - 29
[2023-05-07T00:25:00.337+0000] {logging_mixin.py:149} INFO - 30
[2023-05-07T00:25:00.338+0000] {logging_mixin.py:149} INFO - 31
[2023-05-07T00:25:00.340+0000] {logging_mixin.py:149} INFO - 32
[2023-05-07T00:25:00.341+0000] {logging_mixin.py:149} INFO - 33
[2023-05-07T00:25:00.342+0000] {logging_mixin.py:149} INFO - 34
[2023-05-07T00:25:00.343+0000] {logging_mixin.py:149} INFO - 35
[2023-05-07T00:25:00.345+0000] {logging_mixin.py:149} INFO - 36
[2023-05-07T00:25:00.347+0000] {logging_mixin.py:149} INFO - 37
[2023-05-07T00:25:00.348+0000] {logging_mixin.py:149} INFO - 38
[2023-05-07T00:25:00.349+0000] {logging_mixin.py:149} INFO - 39
[2023-05-07T00:25:00.351+0000] {logging_mixin.py:149} INFO - 40
[2023-05-07T00:25:00.353+0000] {logging_mixin.py:149} INFO - 41
[2023-05-07T00:25:00.354+0000] {logging_mixin.py:149} INFO - 42
[2023-05-07T00:25:00.355+0000] {logging_mixin.py:149} INFO - 43
[2023-05-07T00:25:00.356+0000] {logging_mixin.py:149} INFO - 44
[2023-05-07T00:25:00.357+0000] {logging_mixin.py:149} INFO - 45
[2023-05-07T00:25:00.359+0000] {logging_mixin.py:149} INFO - 46
[2023-05-07T00:25:00.361+0000] {logging_mixin.py:149} INFO - 47
[2023-05-07T00:25:00.362+0000] {logging_mixin.py:149} INFO - 48
[2023-05-07T00:25:00.363+0000] {logging_mixin.py:149} INFO - 49
[2023-05-07T00:25:00.365+0000] {logging_mixin.py:149} INFO - 50
[2023-05-07T00:25:00.366+0000] {logging_mixin.py:149} INFO - 51
[2023-05-07T00:25:00.367+0000] {logging_mixin.py:149} INFO - 52
[2023-05-07T00:25:00.368+0000] {logging_mixin.py:149} INFO - 53
[2023-05-07T00:25:00.369+0000] {logging_mixin.py:149} INFO - 54
[2023-05-07T00:25:00.370+0000] {logging_mixin.py:149} INFO - 55
[2023-05-07T00:25:00.371+0000] {logging_mixin.py:149} INFO - 56
[2023-05-07T00:25:00.372+0000] {logging_mixin.py:149} INFO - 57
[2023-05-07T00:25:00.374+0000] {logging_mixin.py:149} INFO - 58
[2023-05-07T00:25:00.375+0000] {logging_mixin.py:149} INFO - 59
[2023-05-07T00:25:00.376+0000] {logging_mixin.py:149} INFO - 60
[2023-05-07T00:25:00.377+0000] {logging_mixin.py:149} INFO - 61
[2023-05-07T00:25:00.379+0000] {logging_mixin.py:149} INFO - 62
[2023-05-07T00:25:00.380+0000] {logging_mixin.py:149} INFO - 63
[2023-05-07T00:25:00.381+0000] {logging_mixin.py:149} INFO - 64
[2023-05-07T00:25:00.382+0000] {logging_mixin.py:149} INFO - 65
[2023-05-07T00:25:00.383+0000] {logging_mixin.py:149} INFO - 66
[2023-05-07T00:25:00.385+0000] {logging_mixin.py:149} INFO - 67
[2023-05-07T00:25:00.386+0000] {logging_mixin.py:149} INFO - 68
[2023-05-07T00:25:00.387+0000] {logging_mixin.py:149} INFO - 69
[2023-05-07T00:25:00.389+0000] {logging_mixin.py:149} INFO - 70
[2023-05-07T00:25:00.390+0000] {logging_mixin.py:149} INFO - 71
[2023-05-07T00:25:00.391+0000] {logging_mixin.py:149} INFO - 72
[2023-05-07T00:25:00.393+0000] {logging_mixin.py:149} INFO - 73
[2023-05-07T00:25:00.394+0000] {logging_mixin.py:149} INFO - 74
[2023-05-07T00:25:00.395+0000] {logging_mixin.py:149} INFO - 75
[2023-05-07T00:25:00.397+0000] {logging_mixin.py:149} INFO - 76
[2023-05-07T00:25:00.398+0000] {logging_mixin.py:149} INFO - 77
[2023-05-07T00:25:00.400+0000] {logging_mixin.py:149} INFO - 78
[2023-05-07T00:25:00.401+0000] {logging_mixin.py:149} INFO - 79
[2023-05-07T00:25:00.402+0000] {logging_mixin.py:149} INFO - 80
[2023-05-07T00:25:00.403+0000] {logging_mixin.py:149} INFO - 81
[2023-05-07T00:25:00.405+0000] {logging_mixin.py:149} INFO - 82
[2023-05-07T00:25:00.406+0000] {logging_mixin.py:149} INFO - 83
[2023-05-07T00:25:00.408+0000] {logging_mixin.py:149} INFO - 84
[2023-05-07T00:25:00.409+0000] {logging_mixin.py:149} INFO - 85
[2023-05-07T00:25:00.411+0000] {logging_mixin.py:149} INFO - 86
[2023-05-07T00:25:00.412+0000] {logging_mixin.py:149} INFO - 87
[2023-05-07T00:25:00.413+0000] {logging_mixin.py:149} INFO - 88
[2023-05-07T00:25:00.414+0000] {logging_mixin.py:149} INFO - 89
[2023-05-07T00:25:00.417+0000] {logging_mixin.py:149} INFO - 90
[2023-05-07T00:25:00.418+0000] {logging_mixin.py:149} INFO - 91
[2023-05-07T00:25:00.419+0000] {logging_mixin.py:149} INFO - 92
[2023-05-07T00:25:00.420+0000] {logging_mixin.py:149} INFO - 93
[2023-05-07T00:25:00.423+0000] {logging_mixin.py:149} INFO - 94
[2023-05-07T00:25:00.425+0000] {logging_mixin.py:149} INFO - 95
[2023-05-07T00:25:00.426+0000] {logging_mixin.py:149} INFO - 96
[2023-05-07T00:25:00.427+0000] {logging_mixin.py:149} INFO - 97
[2023-05-07T00:25:00.428+0000] {logging_mixin.py:149} INFO - 98
[2023-05-07T00:25:00.429+0000] {logging_mixin.py:149} INFO - 99
[2023-05-07T00:25:00.445+0000] {python.py:183} INFO - Done. Returned value was: None
[2023-05-07T00:25:00.454+0000] {taskinstance.py:1373} INFO - Marking task as SUCCESS. dag_id=Summer_Warped_ETL, task_id=GetSongsFromPlaylist, execution_date=20230507T001906, start_date=20230507T002459, end_date=20230507T002500
[2023-05-07T00:25:00.510+0000] {local_task_job_runner.py:232} INFO - Task exited with return code 0
[2023-05-07T00:25:00.532+0000] {taskinstance.py:2674} INFO - 2 downstream tasks scheduled from follow-on schedule check
