[2023-05-07T00:19:09.342+0000] {taskinstance.py:1125} INFO - Dependencies all met for dep_context=non-requeueable deps ti=<TaskInstance: Summer_Warped_ETL.GetSongsFromPlaylist manual__2023-05-07T00:19:06.344365+00:00 [queued]>
[2023-05-07T00:19:09.347+0000] {taskinstance.py:1125} INFO - Dependencies all met for dep_context=requeueable deps ti=<TaskInstance: Summer_Warped_ETL.GetSongsFromPlaylist manual__2023-05-07T00:19:06.344365+00:00 [queued]>
[2023-05-07T00:19:09.347+0000] {taskinstance.py:1331} INFO - Starting attempt 1 of 3
[2023-05-07T00:19:09.355+0000] {taskinstance.py:1350} INFO - Executing <Task(PythonOperator): GetSongsFromPlaylist> on 2023-05-07 00:19:06.344365+00:00
[2023-05-07T00:19:09.360+0000] {standard_task_runner.py:57} INFO - Started process 243 to run task
[2023-05-07T00:19:09.363+0000] {standard_task_runner.py:84} INFO - Running: ['***', 'tasks', 'run', 'Summer_Warped_ETL', 'GetSongsFromPlaylist', 'manual__2023-05-07T00:19:06.344365+00:00', '--job-id', '731', '--raw', '--subdir', 'DAGS_FOLDER/warped-dag.py', '--cfg-path', '/tmp/tmpt_pj7zwp']
[2023-05-07T00:19:09.364+0000] {standard_task_runner.py:85} INFO - Job 731: Subtask GetSongsFromPlaylist
[2023-05-07T00:19:09.399+0000] {task_command.py:410} INFO - Running <TaskInstance: Summer_Warped_ETL.GetSongsFromPlaylist manual__2023-05-07T00:19:06.344365+00:00 [running]> on host 61437508c2dd
[2023-05-07T00:19:09.452+0000] {taskinstance.py:1570} INFO - Exporting env vars: AIRFLOW_CTX_DAG_OWNER='Ananta Moharana' AIRFLOW_CTX_DAG_ID='Summer_Warped_ETL' AIRFLOW_CTX_TASK_ID='GetSongsFromPlaylist' AIRFLOW_CTX_EXECUTION_DATE='2023-05-07T00:19:06.344365+00:00' AIRFLOW_CTX_TRY_NUMBER='1' AIRFLOW_CTX_DAG_RUN_ID='manual__2023-05-07T00:19:06.344365+00:00'
[2023-05-07T00:19:09.859+0000] {logging_mixin.py:149} INFO - 100
[2023-05-07T00:19:09.861+0000] {logging_mixin.py:149} INFO - 0
[2023-05-07T00:19:09.866+0000] {logging_mixin.py:149} INFO - 1
[2023-05-07T00:19:09.870+0000] {logging_mixin.py:149} INFO - 2
[2023-05-07T00:19:09.872+0000] {logging_mixin.py:149} INFO - 3
[2023-05-07T00:19:09.874+0000] {logging_mixin.py:149} INFO - 4
[2023-05-07T00:19:09.877+0000] {logging_mixin.py:149} INFO - 5
[2023-05-07T00:19:09.878+0000] {logging_mixin.py:149} INFO - 6
[2023-05-07T00:19:09.881+0000] {logging_mixin.py:149} INFO - 7
[2023-05-07T00:19:09.884+0000] {logging_mixin.py:149} INFO - 8
[2023-05-07T00:19:09.886+0000] {logging_mixin.py:149} INFO - 9
[2023-05-07T00:19:09.887+0000] {logging_mixin.py:149} INFO - 10
[2023-05-07T00:19:09.889+0000] {logging_mixin.py:149} INFO - 11
[2023-05-07T00:19:09.891+0000] {logging_mixin.py:149} INFO - 12
[2023-05-07T00:19:09.893+0000] {logging_mixin.py:149} INFO - 13
[2023-05-07T00:19:09.895+0000] {logging_mixin.py:149} INFO - 14
[2023-05-07T00:19:09.896+0000] {logging_mixin.py:149} INFO - 15
[2023-05-07T00:19:09.898+0000] {logging_mixin.py:149} INFO - 16
[2023-05-07T00:19:09.899+0000] {logging_mixin.py:149} INFO - 17
[2023-05-07T00:19:09.901+0000] {logging_mixin.py:149} INFO - 18
[2023-05-07T00:19:09.902+0000] {logging_mixin.py:149} INFO - 19
[2023-05-07T00:19:09.903+0000] {logging_mixin.py:149} INFO - 20
[2023-05-07T00:19:09.904+0000] {logging_mixin.py:149} INFO - 21
[2023-05-07T00:19:09.906+0000] {logging_mixin.py:149} INFO - 22
[2023-05-07T00:19:09.907+0000] {logging_mixin.py:149} INFO - 23
[2023-05-07T00:19:09.908+0000] {logging_mixin.py:149} INFO - 24
[2023-05-07T00:19:09.909+0000] {logging_mixin.py:149} INFO - 25
[2023-05-07T00:19:09.911+0000] {logging_mixin.py:149} INFO - 26
[2023-05-07T00:19:09.912+0000] {logging_mixin.py:149} INFO - 27
[2023-05-07T00:19:09.915+0000] {logging_mixin.py:149} INFO - 28
[2023-05-07T00:19:09.916+0000] {logging_mixin.py:149} INFO - 29
[2023-05-07T00:19:09.917+0000] {logging_mixin.py:149} INFO - 30
[2023-05-07T00:19:09.919+0000] {logging_mixin.py:149} INFO - 31
[2023-05-07T00:19:09.920+0000] {logging_mixin.py:149} INFO - 32
[2023-05-07T00:19:09.921+0000] {logging_mixin.py:149} INFO - 33
[2023-05-07T00:19:09.922+0000] {logging_mixin.py:149} INFO - 34
[2023-05-07T00:19:09.924+0000] {logging_mixin.py:149} INFO - 35
[2023-05-07T00:19:09.925+0000] {logging_mixin.py:149} INFO - 36
[2023-05-07T00:19:09.927+0000] {logging_mixin.py:149} INFO - 37
[2023-05-07T00:19:09.929+0000] {logging_mixin.py:149} INFO - 38
[2023-05-07T00:19:09.930+0000] {logging_mixin.py:149} INFO - 39
[2023-05-07T00:19:09.932+0000] {logging_mixin.py:149} INFO - 40
[2023-05-07T00:19:09.934+0000] {logging_mixin.py:149} INFO - 41
[2023-05-07T00:19:09.935+0000] {logging_mixin.py:149} INFO - 42
[2023-05-07T00:19:09.936+0000] {logging_mixin.py:149} INFO - 43
[2023-05-07T00:19:09.938+0000] {logging_mixin.py:149} INFO - 44
[2023-05-07T00:19:09.939+0000] {logging_mixin.py:149} INFO - 45
[2023-05-07T00:19:09.940+0000] {logging_mixin.py:149} INFO - 46
[2023-05-07T00:19:09.942+0000] {logging_mixin.py:149} INFO - 47
[2023-05-07T00:19:09.944+0000] {logging_mixin.py:149} INFO - 48
[2023-05-07T00:19:09.945+0000] {logging_mixin.py:149} INFO - 49
[2023-05-07T00:19:09.946+0000] {logging_mixin.py:149} INFO - 50
[2023-05-07T00:19:09.947+0000] {logging_mixin.py:149} INFO - 51
[2023-05-07T00:19:09.948+0000] {logging_mixin.py:149} INFO - 52
[2023-05-07T00:19:09.950+0000] {logging_mixin.py:149} INFO - 53
[2023-05-07T00:19:09.951+0000] {logging_mixin.py:149} INFO - 54
[2023-05-07T00:19:09.952+0000] {logging_mixin.py:149} INFO - 55
[2023-05-07T00:19:09.954+0000] {logging_mixin.py:149} INFO - 56
[2023-05-07T00:19:09.955+0000] {logging_mixin.py:149} INFO - 57
[2023-05-07T00:19:09.956+0000] {logging_mixin.py:149} INFO - 58
[2023-05-07T00:19:09.958+0000] {logging_mixin.py:149} INFO - 59
[2023-05-07T00:19:09.959+0000] {logging_mixin.py:149} INFO - 60
[2023-05-07T00:19:09.960+0000] {logging_mixin.py:149} INFO - 61
[2023-05-07T00:19:09.961+0000] {logging_mixin.py:149} INFO - 62
[2023-05-07T00:19:09.962+0000] {logging_mixin.py:149} INFO - 63
[2023-05-07T00:19:09.964+0000] {logging_mixin.py:149} INFO - 64
[2023-05-07T00:19:09.965+0000] {logging_mixin.py:149} INFO - 65
[2023-05-07T00:19:09.966+0000] {logging_mixin.py:149} INFO - 66
[2023-05-07T00:19:09.968+0000] {logging_mixin.py:149} INFO - 67
[2023-05-07T00:19:09.969+0000] {logging_mixin.py:149} INFO - 68
[2023-05-07T00:19:09.971+0000] {logging_mixin.py:149} INFO - 69
[2023-05-07T00:19:09.972+0000] {logging_mixin.py:149} INFO - 70
[2023-05-07T00:19:09.974+0000] {logging_mixin.py:149} INFO - 71
[2023-05-07T00:19:09.975+0000] {logging_mixin.py:149} INFO - 72
[2023-05-07T00:19:09.977+0000] {logging_mixin.py:149} INFO - 73
[2023-05-07T00:19:09.978+0000] {logging_mixin.py:149} INFO - 74
[2023-05-07T00:19:09.979+0000] {logging_mixin.py:149} INFO - 75
[2023-05-07T00:19:09.980+0000] {logging_mixin.py:149} INFO - 76
[2023-05-07T00:19:09.981+0000] {logging_mixin.py:149} INFO - 77
[2023-05-07T00:19:09.983+0000] {logging_mixin.py:149} INFO - 78
[2023-05-07T00:19:09.984+0000] {logging_mixin.py:149} INFO - 79
[2023-05-07T00:19:09.985+0000] {logging_mixin.py:149} INFO - 80
[2023-05-07T00:19:09.987+0000] {logging_mixin.py:149} INFO - 81
[2023-05-07T00:19:09.989+0000] {logging_mixin.py:149} INFO - 82
[2023-05-07T00:19:09.990+0000] {logging_mixin.py:149} INFO - 83
[2023-05-07T00:19:09.991+0000] {logging_mixin.py:149} INFO - 84
[2023-05-07T00:19:09.993+0000] {logging_mixin.py:149} INFO - 85
[2023-05-07T00:19:09.995+0000] {logging_mixin.py:149} INFO - 86
[2023-05-07T00:19:09.996+0000] {logging_mixin.py:149} INFO - 87
[2023-05-07T00:19:09.997+0000] {logging_mixin.py:149} INFO - 88
[2023-05-07T00:19:09.998+0000] {logging_mixin.py:149} INFO - 89
[2023-05-07T00:19:10.001+0000] {logging_mixin.py:149} INFO - 90
[2023-05-07T00:19:10.002+0000] {logging_mixin.py:149} INFO - 91
[2023-05-07T00:19:10.003+0000] {logging_mixin.py:149} INFO - 92
[2023-05-07T00:19:10.005+0000] {logging_mixin.py:149} INFO - 93
[2023-05-07T00:19:10.007+0000] {logging_mixin.py:149} INFO - 94
[2023-05-07T00:19:10.009+0000] {logging_mixin.py:149} INFO - 95
[2023-05-07T00:19:10.011+0000] {logging_mixin.py:149} INFO - 96
[2023-05-07T00:19:10.012+0000] {logging_mixin.py:149} INFO - 97
[2023-05-07T00:19:10.013+0000] {logging_mixin.py:149} INFO - 98
[2023-05-07T00:19:10.014+0000] {logging_mixin.py:149} INFO - 99
[2023-05-07T00:19:10.029+0000] {python.py:183} INFO - Done. Returned value was: None
[2023-05-07T00:19:10.038+0000] {taskinstance.py:1373} INFO - Marking task as SUCCESS. dag_id=Summer_Warped_ETL, task_id=GetSongsFromPlaylist, execution_date=20230507T001906, start_date=20230507T001909, end_date=20230507T001910
[2023-05-07T00:19:10.064+0000] {local_task_job_runner.py:232} INFO - Task exited with return code 0
[2023-05-07T00:19:10.085+0000] {taskinstance.py:2674} INFO - 2 downstream tasks scheduled from follow-on schedule check
