[2023-05-07T23:00:20.553+0000] {taskinstance.py:1125} INFO - Dependencies all met for dep_context=non-requeueable deps ti=<TaskInstance: Summer_Warped_ETL.LoadData.Load manual__2023-05-07T22:59:45.727137+00:00 [queued]>
[2023-05-07T23:00:20.560+0000] {taskinstance.py:1125} INFO - Dependencies all met for dep_context=requeueable deps ti=<TaskInstance: Summer_Warped_ETL.LoadData.Load manual__2023-05-07T22:59:45.727137+00:00 [queued]>
[2023-05-07T23:00:20.560+0000] {taskinstance.py:1331} INFO - Starting attempt 1 of 3
[2023-05-07T23:00:20.569+0000] {taskinstance.py:1350} INFO - Executing <Task(PythonOperator): LoadData.Load> on 2023-05-07 22:59:45.727137+00:00
[2023-05-07T23:00:20.574+0000] {standard_task_runner.py:57} INFO - Started process 771 to run task
[2023-05-07T23:00:20.579+0000] {standard_task_runner.py:84} INFO - Running: ['***', 'tasks', 'run', 'Summer_Warped_ETL', 'LoadData.Load', 'manual__2023-05-07T22:59:45.727137+00:00', '--job-id', '1602', '--raw', '--subdir', 'DAGS_FOLDER/warped-dag.py', '--cfg-path', '/tmp/tmpfam3upjc']
[2023-05-07T23:00:20.580+0000] {standard_task_runner.py:85} INFO - Job 1602: Subtask LoadData.Load
[2023-05-07T23:00:20.622+0000] {task_command.py:410} INFO - Running <TaskInstance: Summer_Warped_ETL.LoadData.Load manual__2023-05-07T22:59:45.727137+00:00 [running]> on host fa349db4fc2f
[2023-05-07T23:00:20.697+0000] {taskinstance.py:1570} INFO - Exporting env vars: AIRFLOW_CTX_DAG_OWNER='Ananta Moharana' AIRFLOW_CTX_DAG_ID='Summer_Warped_ETL' AIRFLOW_CTX_TASK_ID='LoadData.Load' AIRFLOW_CTX_EXECUTION_DATE='2023-05-07T22:59:45.727137+00:00' AIRFLOW_CTX_TRY_NUMBER='1' AIRFLOW_CTX_DAG_RUN_ID='manual__2023-05-07T22:59:45.727137+00:00'
[2023-05-07T23:00:20.698+0000] {logging_mixin.py:149} INFO - 2023-05/song_dim.csv
[2023-05-07T23:00:20.708+0000] {base.py:73} INFO - Using connection ID 'aws_connection' for task execution.
[2023-05-07T23:00:20.709+0000] {connection_wrapper.py:337} INFO - AWS Connection (conn_id='aws_connection', conn_type='aws') credentials retrieved from login and password.
[2023-05-07T23:00:20.928+0000] {logging_mixin.py:149} INFO -        song_name                 song_id  explicit  ...    tempo  valence  mode
0          WINGZ  7evQqGTWfKz8hIHzLVzneT     False  ...  170.025    0.120     0
1  lights (4444)  3PDNGdhCtiQemL14eKhCup      True  ...   89.982    0.428     1
2         softie  1bLEa8W1VVMFBIwp9hKYTL      True  ...  119.063    0.498     0
3    do me wrong  7H74AdiJYM7hh4SYGrq9xe     False  ...  174.960    0.396     0
4            HMU  2SWK4LJWLyev4yVYIVhjEV     False  ...   72.993    0.389     1

[5 rows x 15 columns]
[2023-05-07T23:00:20.929+0000] {logging_mixin.py:149} INFO - ['song_name', 'song_id', 'explicit', 'acousticness', 'danceability', 'duration_ms', 'energy', 'instrumentalness', 'key', 'liveness', 'loudness', 'speechiness', 'tempo', 'valence', 'mode']
[2023-05-07T23:00:20.935+0000] {base.py:73} INFO - Using connection ID '***' for task execution.
[2023-05-07T23:00:20.988+0000] {python.py:183} INFO - Done. Returned value was: None
[2023-05-07T23:00:20.998+0000] {taskinstance.py:1373} INFO - Marking task as SUCCESS. dag_id=Summer_Warped_ETL, task_id=LoadData.Load, execution_date=20230507T225945, start_date=20230507T230020, end_date=20230507T230020
[2023-05-07T23:00:21.031+0000] {local_task_job_runner.py:232} INFO - Task exited with return code 0
[2023-05-07T23:00:21.046+0000] {taskinstance.py:2674} INFO - 0 downstream tasks scheduled from follow-on schedule check
